[2021-08-04T23:34:02+08:00][sql] CONNECT:[ UseTime:0.000717s ] mysql:host=127.0.0.1;port=3306;dbname=carver;charset=utf8
[2021-08-04T23:34:02+08:00][sql] SHOW FULL COLUMNS FROM `carver_article` [ RunTime:0.001159s ]
[2021-08-04T23:34:02+08:00][sql] SELECT `article_id`,`article_title`,`article_desc`,`article_content`,`article_img`,`article_guide`,`article_label`,`click_num`,`is_show`,`add_time`,`article_author` FROM `carver_article` WHERE  `article_id` = 25' LIMIT 1 [ RunTime:0.000616s ]
[2021-08-04T23:34:02+08:00][sql] SELECT `article_id`,`article_title`,`article_desc`,`article_content`,`article_img`,`article_guide`,`article_label`,`click_num`,`is_show`,`add_time`,`article_author` FROM `carver_article` WHERE  `article_id` > 25' LIMIT 1 [ RunTime:0.000579s ]
[2021-08-04T23:34:02+08:00][sql] SELECT `article_id`,`article_title`,`article_desc`,`article_content`,`article_img`,`article_guide`,`article_label`,`click_num`,`is_show`,`add_time`,`article_author` FROM `carver_article` WHERE  `article_id` < 25' ORDER BY `article_id` DESC LIMIT 1 [ RunTime:0.000569s ]
[2021-08-04T23:34:02+08:00][sql] SHOW FULL COLUMNS FROM `carver_link` [ RunTime:0.000587s ]
[2021-08-04T23:34:02+08:00][sql] SELECT * FROM `carver_link` WHERE  ( is_confirm=2 ) LIMIT 20 [ RunTime:0.000309s ]
[2021-08-04T23:34:02+08:00][sql] SELECT article_id,article_title,click_num,FROM_UNIXTIME(add_time,'%Y-%m-%d') as add_time FROM `carver_article` ORDER BY `click_num` DESC LIMIT 3 [ RunTime:0.000391s ]
[2021-08-04T23:34:02+08:00][sql] SHOW FULL COLUMNS FROM `carver_comment` [ RunTime:0.001483s ]
[2021-08-04T23:34:02+08:00][sql] SELECT `a`.*,`b`.`user_name` FROM `carver_comment` `a` INNER JOIN `carver_user` `b` ON `a`.`user_id`=`b`.`user_id` WHERE  `article_id` = 25' ORDER BY `create_time` DESC [ RunTime:0.000437s ]
[2021-08-04T23:34:02+08:00][sql] SHOW FULL COLUMNS FROM `carver_comment_to_others` [ RunTime:0.001340s ]
[2021-08-04T23:34:02+08:00][sql] SELECT * FROM `carver_comment_to_others` [ RunTime:0.000293s ]
[2021-08-04T23:34:02+08:00][sql] SHOW FULL COLUMNS FROM `carver_user` [ RunTime:0.000465s ]
[2021-08-04T23:34:02+08:00][sql] SELECT `user_name` FROM `carver_user` WHERE  `user_id` = 4 LIMIT 1 [ RunTime:0.000269s ]
[2021-08-04T23:34:02+08:00][sql] SELECT `user_name` FROM `carver_user` WHERE  `user_id` = 4 LIMIT 1 [ RunTime:0.000267s ]
[2021-08-04T23:34:02+08:00][sql] SELECT `user_name` FROM `carver_user` WHERE  `user_id` = 5 LIMIT 1 [ RunTime:0.000267s ]
[2021-08-04T23:34:02+08:00][sql] SELECT `user_name` FROM `carver_user` WHERE  `user_id` = 5 LIMIT 1 [ RunTime:0.000217s ]
[2021-08-04T23:34:02+08:00][sql] SELECT `user_name` FROM `carver_user` WHERE  `user_id` = 37 LIMIT 1 [ RunTime:0.000228s ]
[2021-08-04T23:34:02+08:00][sql] SELECT `user_name`,`user_id` FROM `carver_user` [ RunTime:0.000417s ]
[2021-08-04T23:34:02+08:00][sql] SHOW FULL COLUMNS FROM `carver_navigation` [ RunTime:0.000637s ]
[2021-08-04T23:34:02+08:00][sql] SELECT * FROM `carver_navigation` [ RunTime:0.000259s ]
[2021-08-04T23:34:02+08:00][sql] SELECT `article_label` FROM `carver_article` [ RunTime:0.000298s ]
