[2021-08-05T02:05:37+08:00][sql] CONNECT:[ UseTime:0.000786s ] mysql:host=127.0.0.1;port=3306;dbname=carver;charset=utf8
[2021-08-05T02:05:37+08:00][sql] SHOW FULL COLUMNS FROM `carver_article` [ RunTime:0.001145s ]
[2021-08-05T02:05:37+08:00][sql] SELECT `article_id`,`article_title`,`article_desc`,`article_content`,`article_img`,`article_guide`,`article_label`,`click_num`,`is_show`,`add_time`,`article_author` FROM `carver_article` WHERE  `article_id` = 25' LIMIT 1 [ RunTime:0.000463s ]
[2021-08-05T02:05:37+08:00][sql] SELECT `article_id`,`article_title`,`article_desc`,`article_content`,`article_img`,`article_guide`,`article_label`,`click_num`,`is_show`,`add_time`,`article_author` FROM `carver_article` WHERE  `article_id` > 25' LIMIT 1 [ RunTime:0.000600s ]
[2021-08-05T02:05:37+08:00][sql] SELECT `article_id`,`article_title`,`article_desc`,`article_content`,`article_img`,`article_guide`,`article_label`,`click_num`,`is_show`,`add_time`,`article_author` FROM `carver_article` WHERE  `article_id` < 25' ORDER BY `article_id` DESC LIMIT 1 [ RunTime:0.000503s ]
[2021-08-05T02:05:37+08:00][sql] SHOW FULL COLUMNS FROM `carver_link` [ RunTime:0.000713s ]
[2021-08-05T02:05:37+08:00][sql] SELECT * FROM `carver_link` WHERE  ( is_confirm=2 ) LIMIT 20 [ RunTime:0.000306s ]
[2021-08-05T02:05:37+08:00][sql] SELECT article_id,article_title,click_num,FROM_UNIXTIME(add_time,'%Y-%m-%d') as add_time FROM `carver_article` ORDER BY `click_num` DESC LIMIT 3 [ RunTime:0.000350s ]
[2021-08-05T02:05:37+08:00][sql] SHOW FULL COLUMNS FROM `carver_comment` [ RunTime:0.000685s ]
[2021-08-05T02:05:37+08:00][sql] SELECT `a`.*,`b`.`user_name` FROM `carver_comment` `a` INNER JOIN `carver_user` `b` ON `a`.`user_id`=`b`.`user_id` WHERE  `article_id` = 25' ORDER BY `create_time` DESC [ RunTime:0.000405s ]
[2021-08-05T02:05:37+08:00][sql] SHOW FULL COLUMNS FROM `carver_comment_to_others` [ RunTime:0.000690s ]
[2021-08-05T02:05:37+08:00][sql] SELECT * FROM `carver_comment_to_others` [ RunTime:0.000270s ]
[2021-08-05T02:05:37+08:00][sql] SHOW FULL COLUMNS FROM `carver_user` [ RunTime:0.000562s ]
[2021-08-05T02:05:37+08:00][sql] SELECT `user_name` FROM `carver_user` WHERE  `user_id` = 4 LIMIT 1 [ RunTime:0.000246s ]
[2021-08-05T02:05:37+08:00][sql] SELECT `user_name` FROM `carver_user` WHERE  `user_id` = 4 LIMIT 1 [ RunTime:0.000228s ]
[2021-08-05T02:05:37+08:00][sql] SELECT `user_name` FROM `carver_user` WHERE  `user_id` = 5 LIMIT 1 [ RunTime:0.000219s ]
[2021-08-05T02:05:37+08:00][sql] SELECT `user_name` FROM `carver_user` WHERE  `user_id` = 5 LIMIT 1 [ RunTime:0.000211s ]
[2021-08-05T02:05:37+08:00][sql] SELECT `user_name` FROM `carver_user` WHERE  `user_id` = 37 LIMIT 1 [ RunTime:0.000229s ]
[2021-08-05T02:05:37+08:00][sql] SELECT `user_name`,`user_id` FROM `carver_user` [ RunTime:0.000239s ]
[2021-08-05T02:05:37+08:00][sql] SHOW FULL COLUMNS FROM `carver_navigation` [ RunTime:0.000632s ]
[2021-08-05T02:05:37+08:00][sql] SELECT * FROM `carver_navigation` [ RunTime:0.000266s ]
[2021-08-05T02:05:37+08:00][sql] SELECT `article_label` FROM `carver_article` [ RunTime:0.000267s ]
[2021-08-05T11:02:28+08:00][sql] CONNECT:[ UseTime:0.000629s ] mysql:host=127.0.0.1;port=3306;dbname=carver;charset=utf8
[2021-08-05T11:02:28+08:00][sql] SHOW FULL COLUMNS FROM `carver_article` [ RunTime:0.001017s ]
[2021-08-05T11:02:28+08:00][sql] SELECT `article_id`,`article_title`,`article_desc`,`article_content`,`article_img`,`article_guide`,`article_label`,`click_num`,`is_show`,`add_time`,`article_author` FROM `carver_article` WHERE  `article_id` = 25' LIMIT 1 [ RunTime:0.000443s ]
[2021-08-05T11:02:28+08:00][sql] SELECT `article_id`,`article_title`,`article_desc`,`article_content`,`article_img`,`article_guide`,`article_label`,`click_num`,`is_show`,`add_time`,`article_author` FROM `carver_article` WHERE  `article_id` > 25' LIMIT 1 [ RunTime:0.000529s ]
[2021-08-05T11:02:28+08:00][sql] SELECT `article_id`,`article_title`,`article_desc`,`article_content`,`article_img`,`article_guide`,`article_label`,`click_num`,`is_show`,`add_time`,`article_author` FROM `carver_article` WHERE  `article_id` < 25' ORDER BY `article_id` DESC LIMIT 1 [ RunTime:0.000455s ]
[2021-08-05T11:02:28+08:00][sql] SHOW FULL COLUMNS FROM `carver_link` [ RunTime:0.001039s ]
[2021-08-05T11:02:28+08:00][sql] SELECT * FROM `carver_link` WHERE  ( is_confirm=2 ) LIMIT 20 [ RunTime:0.000360s ]
[2021-08-05T11:02:28+08:00][sql] SELECT article_id,article_title,click_num,FROM_UNIXTIME(add_time,'%Y-%m-%d') as add_time FROM `carver_article` ORDER BY `click_num` DESC LIMIT 3 [ RunTime:0.000453s ]
[2021-08-05T11:02:28+08:00][sql] SHOW FULL COLUMNS FROM `carver_comment` [ RunTime:0.000782s ]
[2021-08-05T11:02:28+08:00][sql] SELECT `a`.*,`b`.`user_name` FROM `carver_comment` `a` INNER JOIN `carver_user` `b` ON `a`.`user_id`=`b`.`user_id` WHERE  `article_id` = 25' ORDER BY `create_time` DESC [ RunTime:0.000430s ]
[2021-08-05T11:02:28+08:00][sql] SHOW FULL COLUMNS FROM `carver_comment_to_others` [ RunTime:0.000684s ]
[2021-08-05T11:02:28+08:00][sql] SELECT * FROM `carver_comment_to_others` [ RunTime:0.000245s ]
[2021-08-05T11:02:28+08:00][sql] SHOW FULL COLUMNS FROM `carver_user` [ RunTime:0.000567s ]
[2021-08-05T11:02:28+08:00][sql] SELECT `user_name` FROM `carver_user` WHERE  `user_id` = 4 LIMIT 1 [ RunTime:0.000255s ]
[2021-08-05T11:02:28+08:00][sql] SELECT `user_name` FROM `carver_user` WHERE  `user_id` = 4 LIMIT 1 [ RunTime:0.000228s ]
[2021-08-05T11:02:28+08:00][sql] SELECT `user_name` FROM `carver_user` WHERE  `user_id` = 5 LIMIT 1 [ RunTime:0.000208s ]
[2021-08-05T11:02:28+08:00][sql] SELECT `user_name` FROM `carver_user` WHERE  `user_id` = 5 LIMIT 1 [ RunTime:0.000214s ]
[2021-08-05T11:02:28+08:00][sql] SELECT `user_name` FROM `carver_user` WHERE  `user_id` = 37 LIMIT 1 [ RunTime:0.000248s ]
[2021-08-05T11:02:28+08:00][sql] SELECT `user_name`,`user_id` FROM `carver_user` [ RunTime:0.000272s ]
[2021-08-05T11:02:28+08:00][sql] SHOW FULL COLUMNS FROM `carver_navigation` [ RunTime:0.000717s ]
[2021-08-05T11:02:28+08:00][sql] SELECT * FROM `carver_navigation` [ RunTime:0.000276s ]
[2021-08-05T11:02:28+08:00][sql] SELECT `article_label` FROM `carver_article` [ RunTime:0.000248s ]
[2021-08-05T15:30:27+08:00][sql] CONNECT:[ UseTime:0.000595s ] mysql:host=127.0.0.1;port=3306;dbname=carver;charset=utf8
[2021-08-05T15:30:27+08:00][sql] SHOW FULL COLUMNS FROM `carver_article` [ RunTime:0.001128s ]
[2021-08-05T15:30:27+08:00][sql] SELECT `article_id`,`article_title`,`article_desc`,`article_content`,`article_img`,`article_guide`,`article_label`,`click_num`,`is_show`,`add_time`,`article_author` FROM `carver_article` WHERE  `article_id` = 18'[0] LIMIT 1 [ RunTime:0.000567s ]
[2021-08-05T15:30:27+08:00][sql] SELECT `article_id`,`article_title`,`article_desc`,`article_content`,`article_img`,`article_guide`,`article_label`,`click_num`,`is_show`,`add_time`,`article_author` FROM `carver_article` WHERE  `article_id` > 18'[0] LIMIT 1 [ RunTime:0.003154s ]
[2021-08-05T15:30:27+08:00][sql] SELECT `article_id`,`article_title`,`article_desc`,`article_content`,`article_img`,`article_guide`,`article_label`,`click_num`,`is_show`,`add_time`,`article_author` FROM `carver_article` WHERE  `article_id` < 18'[0] ORDER BY `article_id` DESC LIMIT 1 [ RunTime:0.000750s ]
[2021-08-05T15:30:27+08:00][sql] SHOW FULL COLUMNS FROM `carver_link` [ RunTime:0.000882s ]
[2021-08-05T15:30:27+08:00][sql] SELECT * FROM `carver_link` WHERE  ( is_confirm=2 ) LIMIT 20 [ RunTime:0.000383s ]
[2021-08-05T15:30:27+08:00][sql] SELECT article_id,article_title,click_num,FROM_UNIXTIME(add_time,'%Y-%m-%d') as add_time FROM `carver_article` ORDER BY `click_num` DESC LIMIT 3 [ RunTime:0.000491s ]
[2021-08-05T15:30:27+08:00][sql] SHOW FULL COLUMNS FROM `carver_comment` [ RunTime:0.000822s ]
[2021-08-05T15:30:27+08:00][sql] SELECT `a`.*,`b`.`user_name` FROM `carver_comment` `a` INNER JOIN `carver_user` `b` ON `a`.`user_id`=`b`.`user_id` WHERE  `article_id` = 18'[0] ORDER BY `create_time` DESC [ RunTime:0.000471s ]
[2021-08-05T15:30:27+08:00][sql] SHOW FULL COLUMNS FROM `carver_comment_to_others` [ RunTime:0.000692s ]
[2021-08-05T15:30:27+08:00][sql] SELECT * FROM `carver_comment_to_others` [ RunTime:0.000295s ]
[2021-08-05T15:30:27+08:00][sql] SHOW FULL COLUMNS FROM `carver_user` [ RunTime:0.000636s ]
[2021-08-05T15:30:27+08:00][sql] SELECT `user_name` FROM `carver_user` WHERE  `user_id` = 4 LIMIT 1 [ RunTime:0.000285s ]
[2021-08-05T15:30:27+08:00][sql] SELECT `user_name` FROM `carver_user` WHERE  `user_id` = 4 LIMIT 1 [ RunTime:0.000244s ]
[2021-08-05T15:30:27+08:00][sql] SELECT `user_name` FROM `carver_user` WHERE  `user_id` = 5 LIMIT 1 [ RunTime:0.000288s ]
[2021-08-05T15:30:27+08:00][sql] SELECT `user_name` FROM `carver_user` WHERE  `user_id` = 5 LIMIT 1 [ RunTime:0.000235s ]
[2021-08-05T15:30:27+08:00][sql] SELECT `user_name` FROM `carver_user` WHERE  `user_id` = 37 LIMIT 1 [ RunTime:0.000240s ]
[2021-08-05T15:30:27+08:00][sql] SHOW FULL COLUMNS FROM `carver_navigation` [ RunTime:0.000725s ]
[2021-08-05T15:30:27+08:00][sql] SELECT * FROM `carver_navigation` [ RunTime:0.000288s ]
[2021-08-05T15:30:27+08:00][sql] SELECT `article_label` FROM `carver_article` [ RunTime:0.000288s ]
[2021-08-05T19:41:37+08:00][sql] CONNECT:[ UseTime:0.000589s ] mysql:host=127.0.0.1;port=3306;dbname=carver;charset=utf8
[2021-08-05T19:41:37+08:00][sql] SHOW FULL COLUMNS FROM `carver_article` [ RunTime:0.001081s ]
[2021-08-05T19:41:37+08:00][sql] SELECT `article_id`,`article_title`,`article_desc`,`article_content`,`article_img`,`article_guide`,`article_label`,`click_num`,`is_show`,`add_time`,`article_author` FROM `carver_article` WHERE  `article_id` = 28' LIMIT 1 [ RunTime:0.000456s ]
[2021-08-05T19:41:37+08:00][sql] SELECT `article_id`,`article_title`,`article_desc`,`article_content`,`article_img`,`article_guide`,`article_label`,`click_num`,`is_show`,`add_time`,`article_author` FROM `carver_article` WHERE  `article_id` > 28' LIMIT 1 [ RunTime:0.000375s ]
[2021-08-05T19:41:37+08:00][sql] SELECT `article_id`,`article_title`,`article_desc`,`article_content`,`article_img`,`article_guide`,`article_label`,`click_num`,`is_show`,`add_time`,`article_author` FROM `carver_article` WHERE  `article_id` < 28' ORDER BY `article_id` DESC LIMIT 1 [ RunTime:0.000394s ]
[2021-08-05T19:41:37+08:00][sql] SHOW FULL COLUMNS FROM `carver_link` [ RunTime:0.000678s ]
[2021-08-05T19:41:37+08:00][sql] SELECT * FROM `carver_link` WHERE  ( is_confirm=2 ) LIMIT 20 [ RunTime:0.000300s ]
[2021-08-05T19:41:37+08:00][sql] SELECT article_id,article_title,click_num,FROM_UNIXTIME(add_time,'%Y-%m-%d') as add_time FROM `carver_article` ORDER BY `click_num` DESC LIMIT 3 [ RunTime:0.000388s ]
[2021-08-05T19:41:37+08:00][sql] SHOW FULL COLUMNS FROM `carver_comment` [ RunTime:0.000732s ]
[2021-08-05T19:41:37+08:00][sql] SELECT `a`.*,`b`.`user_name` FROM `carver_comment` `a` INNER JOIN `carver_user` `b` ON `a`.`user_id`=`b`.`user_id` WHERE  `article_id` = 28' ORDER BY `create_time` DESC [ RunTime:0.000393s ]
[2021-08-05T19:41:37+08:00][sql] SHOW FULL COLUMNS FROM `carver_comment_to_others` [ RunTime:0.000697s ]
[2021-08-05T19:41:37+08:00][sql] SELECT * FROM `carver_comment_to_others` [ RunTime:0.000246s ]
[2021-08-05T19:41:37+08:00][sql] SHOW FULL COLUMNS FROM `carver_user` [ RunTime:0.000601s ]
[2021-08-05T19:41:37+08:00][sql] SELECT `user_name` FROM `carver_user` WHERE  `user_id` = 4 LIMIT 1 [ RunTime:0.000255s ]
[2021-08-05T19:41:37+08:00][sql] SELECT `user_name` FROM `carver_user` WHERE  `user_id` = 4 LIMIT 1 [ RunTime:0.000258s ]
[2021-08-05T19:41:37+08:00][sql] SELECT `user_name` FROM `carver_user` WHERE  `user_id` = 5 LIMIT 1 [ RunTime:0.000255s ]
[2021-08-05T19:41:37+08:00][sql] SELECT `user_name` FROM `carver_user` WHERE  `user_id` = 5 LIMIT 1 [ RunTime:0.000210s ]
[2021-08-05T19:41:37+08:00][sql] SELECT `user_name` FROM `carver_user` WHERE  `user_id` = 37 LIMIT 1 [ RunTime:0.000258s ]
[2021-08-05T19:41:37+08:00][sql] SELECT `user_name`,`user_id` FROM `carver_user` [ RunTime:0.000265s ]
[2021-08-05T19:41:37+08:00][sql] SHOW FULL COLUMNS FROM `carver_navigation` [ RunTime:0.000682s ]
[2021-08-05T19:41:37+08:00][sql] SELECT * FROM `carver_navigation` [ RunTime:0.000255s ]
[2021-08-05T19:41:37+08:00][sql] SELECT `article_label` FROM `carver_article` [ RunTime:0.000326s ]
[2021-08-05T23:45:42+08:00][sql] CONNECT:[ UseTime:0.000582s ] mysql:host=127.0.0.1;port=3306;dbname=carver;charset=utf8
[2021-08-05T23:45:42+08:00][sql] SHOW FULL COLUMNS FROM `carver_article` [ RunTime:0.000993s ]
[2021-08-05T23:45:42+08:00][sql] SELECT `article_id`,`article_title`,`article_desc`,`article_content`,`article_img`,`article_guide`,`article_label`,`click_num`,`is_show`,`add_time`,`article_author` FROM `carver_article` WHERE  `article_id` = 25' LIMIT 1 [ RunTime:0.000440s ]
[2021-08-05T23:45:42+08:00][sql] SELECT `article_id`,`article_title`,`article_desc`,`article_content`,`article_img`,`article_guide`,`article_label`,`click_num`,`is_show`,`add_time`,`article_author` FROM `carver_article` WHERE  `article_id` > 25' LIMIT 1 [ RunTime:0.000518s ]
[2021-08-05T23:45:42+08:00][sql] SELECT `article_id`,`article_title`,`article_desc`,`article_content`,`article_img`,`article_guide`,`article_label`,`click_num`,`is_show`,`add_time`,`article_author` FROM `carver_article` WHERE  `article_id` < 25' ORDER BY `article_id` DESC LIMIT 1 [ RunTime:0.000407s ]
[2021-08-05T23:45:42+08:00][sql] SHOW FULL COLUMNS FROM `carver_link` [ RunTime:0.000658s ]
[2021-08-05T23:45:42+08:00][sql] SELECT * FROM `carver_link` WHERE  ( is_confirm=2 ) LIMIT 20 [ RunTime:0.000300s ]
[2021-08-05T23:45:42+08:00][sql] SELECT article_id,article_title,click_num,FROM_UNIXTIME(add_time,'%Y-%m-%d') as add_time FROM `carver_article` ORDER BY `click_num` DESC LIMIT 3 [ RunTime:0.000340s ]
[2021-08-05T23:45:42+08:00][sql] SHOW FULL COLUMNS FROM `carver_comment` [ RunTime:0.000654s ]
[2021-08-05T23:45:42+08:00][sql] SELECT `a`.*,`b`.`user_name` FROM `carver_comment` `a` INNER JOIN `carver_user` `b` ON `a`.`user_id`=`b`.`user_id` WHERE  `article_id` = 25' ORDER BY `create_time` DESC [ RunTime:0.000359s ]
[2021-08-05T23:45:42+08:00][sql] SHOW FULL COLUMNS FROM `carver_comment_to_others` [ RunTime:0.000674s ]
[2021-08-05T23:45:42+08:00][sql] SELECT * FROM `carver_comment_to_others` [ RunTime:0.000250s ]
[2021-08-05T23:45:42+08:00][sql] SHOW FULL COLUMNS FROM `carver_user` [ RunTime:0.000559s ]
[2021-08-05T23:45:42+08:00][sql] SELECT `user_name` FROM `carver_user` WHERE  `user_id` = 4 LIMIT 1 [ RunTime:0.000289s ]
[2021-08-05T23:45:42+08:00][sql] SELECT `user_name` FROM `carver_user` WHERE  `user_id` = 4 LIMIT 1 [ RunTime:0.000239s ]
[2021-08-05T23:45:42+08:00][sql] SELECT `user_name` FROM `carver_user` WHERE  `user_id` = 5 LIMIT 1 [ RunTime:0.000209s ]
[2021-08-05T23:45:42+08:00][sql] SELECT `user_name` FROM `carver_user` WHERE  `user_id` = 5 LIMIT 1 [ RunTime:0.000214s ]
[2021-08-05T23:45:42+08:00][sql] SELECT `user_name` FROM `carver_user` WHERE  `user_id` = 37 LIMIT 1 [ RunTime:0.000212s ]
[2021-08-05T23:45:42+08:00][sql] SELECT `user_name`,`user_id` FROM `carver_user` [ RunTime:0.000225s ]
[2021-08-05T23:45:42+08:00][sql] SHOW FULL COLUMNS FROM `carver_navigation` [ RunTime:0.000593s ]
[2021-08-05T23:45:42+08:00][sql] SELECT * FROM `carver_navigation` [ RunTime:0.000241s ]
[2021-08-05T23:45:42+08:00][sql] SELECT `article_label` FROM `carver_article` [ RunTime:0.000240s ]
