[2021-08-06T06:06:02+08:00][sql] CONNECT:[ UseTime:0.000520s ] mysql:host=127.0.0.1;port=3306;dbname=carver;charset=utf8
[2021-08-06T06:06:02+08:00][sql] SHOW FULL COLUMNS FROM `carver_article` [ RunTime:0.000977s ]
[2021-08-06T06:06:02+08:00][sql] SELECT COUNT(*) AS think_count FROM `carver_article` WHERE  `article_label` LIKE '%angerjs%'  AND `delete_time` = 0  AND `is_show` = 1 [ RunTime:0.000423s ]
[2021-08-06T06:06:02+08:00][sql] SELECT * FROM `carver_article` WHERE  `article_label` LIKE '%angerjs%'  AND `delete_time` = 0  AND `is_show` = 1 LIMIT 0,6 [ RunTime:0.001044s ]
[2021-08-06T06:06:02+08:00][sql] SELECT article_id,article_title,click_num,FROM_UNIXTIME(add_time,'%Y-%m-%d') as add_time FROM `carver_article` WHERE  `is_show` = 1  AND `delete_time` = 0 ORDER BY `click_num` DESC LIMIT 3 [ RunTime:0.000536s ]
[2021-08-06T06:06:02+08:00][sql] SHOW FULL COLUMNS FROM `carver_notice` [ RunTime:0.000862s ]
[2021-08-06T06:06:02+08:00][sql] SELECT * FROM `carver_notice` ORDER BY `create_time` DESC LIMIT 3 [ RunTime:0.000358s ]
[2021-08-06T06:06:02+08:00][sql] SHOW FULL COLUMNS FROM `carver_navigation` [ RunTime:0.000703s ]
[2021-08-06T06:06:02+08:00][sql] SELECT * FROM `carver_navigation` [ RunTime:0.000309s ]
[2021-08-06T06:06:02+08:00][sql] SHOW FULL COLUMNS FROM `carver_link` [ RunTime:0.000847s ]
[2021-08-06T06:06:02+08:00][sql] SELECT * FROM `carver_link` WHERE  ( is_confirm=2 ) LIMIT 20 [ RunTime:0.000382s ]
[2021-08-06T06:06:02+08:00][sql] SELECT `article_label` FROM `carver_article` [ RunTime:0.000291s ]
[2021-08-06T06:06:02+08:00][sql] SHOW FULL COLUMNS FROM `carver_carouse` [ RunTime:0.000723s ]
[2021-08-06T06:06:02+08:00][sql] SELECT `carouse_img`,`carouse_desc` FROM `carver_carouse` WHERE  `is_show` = 1 ORDER BY `carouse_sort` DESC LIMIT 3 [ RunTime:0.000409s ]
[2021-08-06T06:06:02+08:00][sql] SHOW FULL COLUMNS FROM `carver_site` [ RunTime:0.000688s ]
[2021-08-06T06:06:02+08:00][sql] SELECT * FROM `carver_site` [ RunTime:0.000317s ]
[2021-08-06T07:51:10+08:00][sql] CONNECT:[ UseTime:0.000536s ] mysql:host=127.0.0.1;port=3306;dbname=carver;charset=utf8
[2021-08-06T07:51:10+08:00][sql] SHOW FULL COLUMNS FROM `carver_article` [ RunTime:0.000922s ]
[2021-08-06T07:51:10+08:00][sql] SELECT COUNT(*) AS think_count FROM `carver_article` WHERE  `article_label` LIKE '%angerjs%'  AND `delete_time` = 0  AND `is_show` = 1 [ RunTime:0.000402s ]
[2021-08-06T07:51:10+08:00][sql] SELECT * FROM `carver_article` WHERE  `article_label` LIKE '%angerjs%'  AND `delete_time` = 0  AND `is_show` = 1 LIMIT 0,6 [ RunTime:0.000983s ]
[2021-08-06T07:51:10+08:00][sql] SELECT article_id,article_title,click_num,FROM_UNIXTIME(add_time,'%Y-%m-%d') as add_time FROM `carver_article` WHERE  `is_show` = 1  AND `delete_time` = 0 ORDER BY `click_num` DESC LIMIT 3 [ RunTime:0.000433s ]
[2021-08-06T07:51:10+08:00][sql] SHOW FULL COLUMNS FROM `carver_notice` [ RunTime:0.000649s ]
[2021-08-06T07:51:10+08:00][sql] SELECT * FROM `carver_notice` ORDER BY `create_time` DESC LIMIT 3 [ RunTime:0.000277s ]
[2021-08-06T07:51:10+08:00][sql] SHOW FULL COLUMNS FROM `carver_navigation` [ RunTime:0.000586s ]
[2021-08-06T07:51:10+08:00][sql] SELECT * FROM `carver_navigation` [ RunTime:0.000278s ]
[2021-08-06T07:51:10+08:00][sql] SHOW FULL COLUMNS FROM `carver_link` [ RunTime:0.000579s ]
[2021-08-06T07:51:10+08:00][sql] SELECT * FROM `carver_link` WHERE  ( is_confirm=2 ) LIMIT 20 [ RunTime:0.000329s ]
[2021-08-06T07:51:10+08:00][sql] SELECT `article_label` FROM `carver_article` [ RunTime:0.000273s ]
[2021-08-06T07:51:10+08:00][sql] SHOW FULL COLUMNS FROM `carver_carouse` [ RunTime:0.000556s ]
[2021-08-06T07:51:10+08:00][sql] SELECT `carouse_img`,`carouse_desc` FROM `carver_carouse` WHERE  `is_show` = 1 ORDER BY `carouse_sort` DESC LIMIT 3 [ RunTime:0.000280s ]
[2021-08-06T07:51:10+08:00][sql] SHOW FULL COLUMNS FROM `carver_site` [ RunTime:0.000550s ]
[2021-08-06T07:51:10+08:00][sql] SELECT * FROM `carver_site` [ RunTime:0.000287s ]
[2021-08-06T08:03:08+08:00][sql] CONNECT:[ UseTime:0.000765s ] mysql:host=127.0.0.1;port=3306;dbname=carver;charset=utf8
[2021-08-06T08:03:08+08:00][sql] SHOW FULL COLUMNS FROM `carver_article` [ RunTime:0.000950s ]
[2021-08-06T08:03:08+08:00][sql] SELECT `article_id`,`article_title`,`article_desc`,`article_content`,`article_img`,`article_guide`,`article_label`,`click_num`,`is_show`,`add_time`,`article_author` FROM `carver_article` WHERE  `article_id` = 25' LIMIT 1 [ RunTime:0.000468s ]
[2021-08-06T08:03:08+08:00][sql] SELECT `article_id`,`article_title`,`article_desc`,`article_content`,`article_img`,`article_guide`,`article_label`,`click_num`,`is_show`,`add_time`,`article_author` FROM `carver_article` WHERE  `article_id` > 25' LIMIT 1 [ RunTime:0.000612s ]
[2021-08-06T08:03:08+08:00][sql] SELECT `article_id`,`article_title`,`article_desc`,`article_content`,`article_img`,`article_guide`,`article_label`,`click_num`,`is_show`,`add_time`,`article_author` FROM `carver_article` WHERE  `article_id` < 25' ORDER BY `article_id` DESC LIMIT 1 [ RunTime:0.000462s ]
[2021-08-06T08:03:08+08:00][sql] SHOW FULL COLUMNS FROM `carver_link` [ RunTime:0.000675s ]
[2021-08-06T08:03:08+08:00][sql] SELECT * FROM `carver_link` WHERE  ( is_confirm=2 ) LIMIT 20 [ RunTime:0.000367s ]
[2021-08-06T08:03:08+08:00][sql] SELECT article_id,article_title,click_num,FROM_UNIXTIME(add_time,'%Y-%m-%d') as add_time FROM `carver_article` ORDER BY `click_num` DESC LIMIT 3 [ RunTime:0.000378s ]
[2021-08-06T08:03:08+08:00][sql] SHOW FULL COLUMNS FROM `carver_comment` [ RunTime:0.000718s ]
[2021-08-06T08:03:08+08:00][sql] SELECT `a`.*,`b`.`user_name` FROM `carver_comment` `a` INNER JOIN `carver_user` `b` ON `a`.`user_id`=`b`.`user_id` WHERE  `article_id` = 25' ORDER BY `create_time` DESC [ RunTime:0.000424s ]
[2021-08-06T08:03:08+08:00][sql] SHOW FULL COLUMNS FROM `carver_comment_to_others` [ RunTime:0.000584s ]
[2021-08-06T08:03:08+08:00][sql] SELECT * FROM `carver_comment_to_others` [ RunTime:0.000250s ]
[2021-08-06T08:03:08+08:00][sql] SHOW FULL COLUMNS FROM `carver_user` [ RunTime:0.000547s ]
[2021-08-06T08:03:08+08:00][sql] SELECT `user_name` FROM `carver_user` WHERE  `user_id` = 4 LIMIT 1 [ RunTime:0.000323s ]
[2021-08-06T08:03:08+08:00][sql] SELECT `user_name` FROM `carver_user` WHERE  `user_id` = 4 LIMIT 1 [ RunTime:0.000255s ]
[2021-08-06T08:03:08+08:00][sql] SELECT `user_name` FROM `carver_user` WHERE  `user_id` = 5 LIMIT 1 [ RunTime:0.000270s ]
[2021-08-06T08:03:08+08:00][sql] SELECT `user_name` FROM `carver_user` WHERE  `user_id` = 5 LIMIT 1 [ RunTime:0.000274s ]
[2021-08-06T08:03:08+08:00][sql] SELECT `user_name` FROM `carver_user` WHERE  `user_id` = 37 LIMIT 1 [ RunTime:0.000329s ]
[2021-08-06T08:03:08+08:00][sql] SELECT `user_name`,`user_id` FROM `carver_user` [ RunTime:0.000418s ]
[2021-08-06T08:03:08+08:00][sql] SHOW FULL COLUMNS FROM `carver_navigation` [ RunTime:0.000894s ]
[2021-08-06T08:03:08+08:00][sql] SELECT * FROM `carver_navigation` [ RunTime:0.000365s ]
[2021-08-06T08:03:08+08:00][sql] SELECT `article_label` FROM `carver_article` [ RunTime:0.000335s ]
[2021-08-06T08:04:46+08:00][sql] CONNECT:[ UseTime:0.000571s ] mysql:host=127.0.0.1;port=3306;dbname=carver;charset=utf8
[2021-08-06T08:04:46+08:00][sql] SHOW FULL COLUMNS FROM `carver_article` [ RunTime:0.000915s ]
[2021-08-06T08:04:46+08:00][sql] SELECT `article_id`,`article_title`,`article_desc`,`article_content`,`article_img`,`article_guide`,`article_label`,`click_num`,`is_show`,`add_time`,`article_author` FROM `carver_article` WHERE  `article_id` = 17' LIMIT 1 [ RunTime:0.000567s ]
[2021-08-06T08:04:46+08:00][sql] SELECT `article_id`,`article_title`,`article_desc`,`article_content`,`article_img`,`article_guide`,`article_label`,`click_num`,`is_show`,`add_time`,`article_author` FROM `carver_article` WHERE  `article_id` > 17' LIMIT 1 [ RunTime:0.000421s ]
[2021-08-06T08:04:46+08:00][sql] SELECT `article_id`,`article_title`,`article_desc`,`article_content`,`article_img`,`article_guide`,`article_label`,`click_num`,`is_show`,`add_time`,`article_author` FROM `carver_article` WHERE  `article_id` < 17' ORDER BY `article_id` DESC LIMIT 1 [ RunTime:0.000380s ]
[2021-08-06T08:04:46+08:00][sql] SHOW FULL COLUMNS FROM `carver_link` [ RunTime:0.000580s ]
[2021-08-06T08:04:46+08:00][sql] SELECT * FROM `carver_link` WHERE  ( is_confirm=2 ) LIMIT 20 [ RunTime:0.000296s ]
[2021-08-06T08:04:46+08:00][sql] SELECT article_id,article_title,click_num,FROM_UNIXTIME(add_time,'%Y-%m-%d') as add_time FROM `carver_article` ORDER BY `click_num` DESC LIMIT 3 [ RunTime:0.000366s ]
[2021-08-06T08:04:46+08:00][sql] SHOW FULL COLUMNS FROM `carver_comment` [ RunTime:0.000620s ]
[2021-08-06T08:04:46+08:00][sql] SELECT `a`.*,`b`.`user_name` FROM `carver_comment` `a` INNER JOIN `carver_user` `b` ON `a`.`user_id`=`b`.`user_id` WHERE  `article_id` = 17' ORDER BY `create_time` DESC [ RunTime:0.000350s ]
[2021-08-06T08:04:46+08:00][sql] SHOW FULL COLUMNS FROM `carver_comment_to_others` [ RunTime:0.000563s ]
[2021-08-06T08:04:46+08:00][sql] SELECT * FROM `carver_comment_to_others` [ RunTime:0.000267s ]
[2021-08-06T08:04:46+08:00][sql] SHOW FULL COLUMNS FROM `carver_user` [ RunTime:0.000472s ]
[2021-08-06T08:04:46+08:00][sql] SELECT `user_name` FROM `carver_user` WHERE  `user_id` = 4 LIMIT 1 [ RunTime:0.000254s ]
[2021-08-06T08:04:46+08:00][sql] SELECT `user_name` FROM `carver_user` WHERE  `user_id` = 4 LIMIT 1 [ RunTime:0.000211s ]
[2021-08-06T08:04:46+08:00][sql] SELECT `user_name` FROM `carver_user` WHERE  `user_id` = 5 LIMIT 1 [ RunTime:0.000212s ]
[2021-08-06T08:04:46+08:00][sql] SELECT `user_name` FROM `carver_user` WHERE  `user_id` = 5 LIMIT 1 [ RunTime:0.000220s ]
[2021-08-06T08:04:46+08:00][sql] SELECT `user_name` FROM `carver_user` WHERE  `user_id` = 37 LIMIT 1 [ RunTime:0.000213s ]
[2021-08-06T08:04:46+08:00][sql] SHOW FULL COLUMNS FROM `carver_navigation` [ RunTime:0.000641s ]
[2021-08-06T08:04:46+08:00][sql] SELECT * FROM `carver_navigation` [ RunTime:0.000244s ]
[2021-08-06T08:04:46+08:00][sql] SELECT `article_label` FROM `carver_article` [ RunTime:0.000315s ]
[2021-08-06T22:56:46+08:00][sql] CONNECT:[ UseTime:0.000631s ] mysql:host=127.0.0.1;port=3306;dbname=carver;charset=utf8
[2021-08-06T22:56:46+08:00][sql] SHOW FULL COLUMNS FROM `carver_article` [ RunTime:0.001027s ]
[2021-08-06T22:56:46+08:00][sql] SELECT `article_id`,`article_title`,`article_desc`,`article_content`,`article_img`,`article_guide`,`article_label`,`click_num`,`is_show`,`add_time`,`article_author` FROM `carver_article` WHERE  `article_id` = 25' LIMIT 1 [ RunTime:0.000486s ]
[2021-08-06T22:56:46+08:00][sql] SELECT `article_id`,`article_title`,`article_desc`,`article_content`,`article_img`,`article_guide`,`article_label`,`click_num`,`is_show`,`add_time`,`article_author` FROM `carver_article` WHERE  `article_id` > 25' LIMIT 1 [ RunTime:0.000624s ]
[2021-08-06T22:56:46+08:00][sql] SELECT `article_id`,`article_title`,`article_desc`,`article_content`,`article_img`,`article_guide`,`article_label`,`click_num`,`is_show`,`add_time`,`article_author` FROM `carver_article` WHERE  `article_id` < 25' ORDER BY `article_id` DESC LIMIT 1 [ RunTime:0.000492s ]
[2021-08-06T22:56:46+08:00][sql] SHOW FULL COLUMNS FROM `carver_link` [ RunTime:0.000656s ]
[2021-08-06T22:56:46+08:00][sql] SELECT * FROM `carver_link` WHERE  ( is_confirm=2 ) LIMIT 20 [ RunTime:0.000361s ]
[2021-08-06T22:56:46+08:00][sql] SELECT article_id,article_title,click_num,FROM_UNIXTIME(add_time,'%Y-%m-%d') as add_time FROM `carver_article` ORDER BY `click_num` DESC LIMIT 3 [ RunTime:0.000381s ]
[2021-08-06T22:56:46+08:00][sql] SHOW FULL COLUMNS FROM `carver_comment` [ RunTime:0.000639s ]
[2021-08-06T22:56:46+08:00][sql] SELECT `a`.*,`b`.`user_name` FROM `carver_comment` `a` INNER JOIN `carver_user` `b` ON `a`.`user_id`=`b`.`user_id` WHERE  `article_id` = 25' ORDER BY `create_time` DESC [ RunTime:0.000360s ]
[2021-08-06T22:56:46+08:00][sql] SHOW FULL COLUMNS FROM `carver_comment_to_others` [ RunTime:0.000629s ]
[2021-08-06T22:56:46+08:00][sql] SELECT * FROM `carver_comment_to_others` [ RunTime:0.000300s ]
[2021-08-06T22:56:46+08:00][sql] SHOW FULL COLUMNS FROM `carver_user` [ RunTime:0.000541s ]
[2021-08-06T22:56:46+08:00][sql] SELECT `user_name` FROM `carver_user` WHERE  `user_id` = 4 LIMIT 1 [ RunTime:0.000268s ]
[2021-08-06T22:56:46+08:00][sql] SELECT `user_name` FROM `carver_user` WHERE  `user_id` = 4 LIMIT 1 [ RunTime:0.000241s ]
[2021-08-06T22:56:46+08:00][sql] SELECT `user_name` FROM `carver_user` WHERE  `user_id` = 5 LIMIT 1 [ RunTime:0.000236s ]
[2021-08-06T22:56:46+08:00][sql] SELECT `user_name` FROM `carver_user` WHERE  `user_id` = 5 LIMIT 1 [ RunTime:0.000230s ]
[2021-08-06T22:56:46+08:00][sql] SELECT `user_name` FROM `carver_user` WHERE  `user_id` = 37 LIMIT 1 [ RunTime:0.000260s ]
[2021-08-06T22:56:46+08:00][sql] SELECT `user_name`,`user_id` FROM `carver_user` [ RunTime:0.000262s ]
[2021-08-06T22:56:46+08:00][sql] SHOW FULL COLUMNS FROM `carver_navigation` [ RunTime:0.000647s ]
[2021-08-06T22:56:46+08:00][sql] SELECT * FROM `carver_navigation` [ RunTime:0.000305s ]
[2021-08-06T22:56:46+08:00][sql] SELECT `article_label` FROM `carver_article` [ RunTime:0.000293s ]
