[2021-08-07T01:31:26+08:00][sql] CONNECT:[ UseTime:0.000592s ] mysql:host=127.0.0.1;port=3306;dbname=carver;charset=utf8
[2021-08-07T01:31:26+08:00][sql] SHOW FULL COLUMNS FROM `carver_article` [ RunTime:0.001011s ]
[2021-08-07T01:31:26+08:00][sql] SELECT `article_id`,`article_title`,`article_desc`,`article_content`,`article_img`,`article_guide`,`article_label`,`click_num`,`is_show`,`add_time`,`article_author` FROM `carver_article` WHERE  `article_id` = 25' LIMIT 1 [ RunTime:0.000462s ]
[2021-08-07T01:31:26+08:00][sql] SELECT `article_id`,`article_title`,`article_desc`,`article_content`,`article_img`,`article_guide`,`article_label`,`click_num`,`is_show`,`add_time`,`article_author` FROM `carver_article` WHERE  `article_id` > 25' LIMIT 1 [ RunTime:0.000549s ]
[2021-08-07T01:31:26+08:00][sql] SELECT `article_id`,`article_title`,`article_desc`,`article_content`,`article_img`,`article_guide`,`article_label`,`click_num`,`is_show`,`add_time`,`article_author` FROM `carver_article` WHERE  `article_id` < 25' ORDER BY `article_id` DESC LIMIT 1 [ RunTime:0.000548s ]
[2021-08-07T01:31:26+08:00][sql] SHOW FULL COLUMNS FROM `carver_link` [ RunTime:0.000633s ]
[2021-08-07T01:31:26+08:00][sql] SELECT * FROM `carver_link` WHERE  ( is_confirm=2 ) LIMIT 20 [ RunTime:0.000322s ]
[2021-08-07T01:31:26+08:00][sql] SELECT article_id,article_title,click_num,FROM_UNIXTIME(add_time,'%Y-%m-%d') as add_time FROM `carver_article` ORDER BY `click_num` DESC LIMIT 3 [ RunTime:0.000368s ]
[2021-08-07T01:31:26+08:00][sql] SHOW FULL COLUMNS FROM `carver_comment` [ RunTime:0.000658s ]
[2021-08-07T01:31:26+08:00][sql] SELECT `a`.*,`b`.`user_name` FROM `carver_comment` `a` INNER JOIN `carver_user` `b` ON `a`.`user_id`=`b`.`user_id` WHERE  `article_id` = 25' ORDER BY `create_time` DESC [ RunTime:0.000417s ]
[2021-08-07T01:31:26+08:00][sql] SHOW FULL COLUMNS FROM `carver_comment_to_others` [ RunTime:0.000651s ]
[2021-08-07T01:31:26+08:00][sql] SELECT * FROM `carver_comment_to_others` [ RunTime:0.000249s ]
[2021-08-07T01:31:26+08:00][sql] SHOW FULL COLUMNS FROM `carver_user` [ RunTime:0.000475s ]
[2021-08-07T01:31:26+08:00][sql] SELECT `user_name` FROM `carver_user` WHERE  `user_id` = 4 LIMIT 1 [ RunTime:0.000239s ]
[2021-08-07T01:31:26+08:00][sql] SELECT `user_name` FROM `carver_user` WHERE  `user_id` = 4 LIMIT 1 [ RunTime:0.000214s ]
[2021-08-07T01:31:26+08:00][sql] SELECT `user_name` FROM `carver_user` WHERE  `user_id` = 5 LIMIT 1 [ RunTime:0.000222s ]
[2021-08-07T01:31:26+08:00][sql] SELECT `user_name` FROM `carver_user` WHERE  `user_id` = 5 LIMIT 1 [ RunTime:0.000274s ]
[2021-08-07T01:31:26+08:00][sql] SELECT `user_name` FROM `carver_user` WHERE  `user_id` = 37 LIMIT 1 [ RunTime:0.000218s ]
[2021-08-07T01:31:26+08:00][sql] SELECT `user_name`,`user_id` FROM `carver_user` [ RunTime:0.000284s ]
[2021-08-07T01:31:26+08:00][sql] SHOW FULL COLUMNS FROM `carver_navigation` [ RunTime:0.000738s ]
[2021-08-07T01:31:26+08:00][sql] SELECT * FROM `carver_navigation` [ RunTime:0.000310s ]
[2021-08-07T01:31:26+08:00][sql] SELECT `article_label` FROM `carver_article` [ RunTime:0.000267s ]
[2021-08-07T02:04:21+08:00][sql] CONNECT:[ UseTime:0.000599s ] mysql:host=127.0.0.1;port=3306;dbname=carver;charset=utf8
[2021-08-07T02:04:21+08:00][sql] SHOW FULL COLUMNS FROM `carver_article` [ RunTime:0.000994s ]
[2021-08-07T02:04:21+08:00][sql] SELECT `article_id`,`article_title`,`article_desc`,`article_content`,`article_img`,`article_guide`,`article_label`,`click_num`,`is_show`,`add_time`,`article_author` FROM `carver_article` WHERE  `article_id` = 25' LIMIT 1 [ RunTime:0.000455s ]
[2021-08-07T02:04:21+08:00][sql] SELECT `article_id`,`article_title`,`article_desc`,`article_content`,`article_img`,`article_guide`,`article_label`,`click_num`,`is_show`,`add_time`,`article_author` FROM `carver_article` WHERE  `article_id` > 25' LIMIT 1 [ RunTime:0.000559s ]
[2021-08-07T02:04:21+08:00][sql] SELECT `article_id`,`article_title`,`article_desc`,`article_content`,`article_img`,`article_guide`,`article_label`,`click_num`,`is_show`,`add_time`,`article_author` FROM `carver_article` WHERE  `article_id` < 25' ORDER BY `article_id` DESC LIMIT 1 [ RunTime:0.000462s ]
[2021-08-07T02:04:21+08:00][sql] SHOW FULL COLUMNS FROM `carver_link` [ RunTime:0.000739s ]
[2021-08-07T02:04:21+08:00][sql] SELECT * FROM `carver_link` WHERE  ( is_confirm=2 ) LIMIT 20 [ RunTime:0.000303s ]
[2021-08-07T02:04:21+08:00][sql] SELECT article_id,article_title,click_num,FROM_UNIXTIME(add_time,'%Y-%m-%d') as add_time FROM `carver_article` ORDER BY `click_num` DESC LIMIT 3 [ RunTime:0.000377s ]
[2021-08-07T02:04:21+08:00][sql] SHOW FULL COLUMNS FROM `carver_comment` [ RunTime:0.000620s ]
[2021-08-07T02:04:21+08:00][sql] SELECT `a`.*,`b`.`user_name` FROM `carver_comment` `a` INNER JOIN `carver_user` `b` ON `a`.`user_id`=`b`.`user_id` WHERE  `article_id` = 25' ORDER BY `create_time` DESC [ RunTime:0.000391s ]
[2021-08-07T02:04:21+08:00][sql] SHOW FULL COLUMNS FROM `carver_comment_to_others` [ RunTime:0.000605s ]
[2021-08-07T02:04:21+08:00][sql] SELECT * FROM `carver_comment_to_others` [ RunTime:0.000253s ]
[2021-08-07T02:04:21+08:00][sql] SHOW FULL COLUMNS FROM `carver_user` [ RunTime:0.000488s ]
[2021-08-07T02:04:21+08:00][sql] SELECT `user_name` FROM `carver_user` WHERE  `user_id` = 4 LIMIT 1 [ RunTime:0.000244s ]
[2021-08-07T02:04:21+08:00][sql] SELECT `user_name` FROM `carver_user` WHERE  `user_id` = 4 LIMIT 1 [ RunTime:0.000241s ]
[2021-08-07T02:04:21+08:00][sql] SELECT `user_name` FROM `carver_user` WHERE  `user_id` = 5 LIMIT 1 [ RunTime:0.000220s ]
[2021-08-07T02:04:21+08:00][sql] SELECT `user_name` FROM `carver_user` WHERE  `user_id` = 5 LIMIT 1 [ RunTime:0.000223s ]
[2021-08-07T02:04:21+08:00][sql] SELECT `user_name` FROM `carver_user` WHERE  `user_id` = 37 LIMIT 1 [ RunTime:0.000226s ]
[2021-08-07T02:04:21+08:00][sql] SHOW FULL COLUMNS FROM `carver_navigation` [ RunTime:0.000785s ]
[2021-08-07T02:04:21+08:00][sql] SELECT * FROM `carver_navigation` [ RunTime:0.000293s ]
[2021-08-07T02:04:21+08:00][sql] SELECT `article_label` FROM `carver_article` [ RunTime:0.000258s ]
[2021-08-07T06:57:04+08:00][sql] CONNECT:[ UseTime:0.000523s ] mysql:host=127.0.0.1;port=3306;dbname=carver;charset=utf8
[2021-08-07T06:57:04+08:00][sql] SHOW FULL COLUMNS FROM `carver_article` [ RunTime:0.000924s ]
[2021-08-07T06:57:04+08:00][sql] SELECT `article_id`,`article_title`,`article_desc`,`article_content`,`article_img`,`article_guide`,`article_label`,`click_num`,`is_show`,`add_time`,`article_author` FROM `carver_article` WHERE  `article_id` = 25' LIMIT 1 [ RunTime:0.000430s ]
[2021-08-07T06:57:04+08:00][sql] SELECT `article_id`,`article_title`,`article_desc`,`article_content`,`article_img`,`article_guide`,`article_label`,`click_num`,`is_show`,`add_time`,`article_author` FROM `carver_article` WHERE  `article_id` > 25' LIMIT 1 [ RunTime:0.000540s ]
[2021-08-07T06:57:04+08:00][sql] SELECT `article_id`,`article_title`,`article_desc`,`article_content`,`article_img`,`article_guide`,`article_label`,`click_num`,`is_show`,`add_time`,`article_author` FROM `carver_article` WHERE  `article_id` < 25' ORDER BY `article_id` DESC LIMIT 1 [ RunTime:0.000427s ]
[2021-08-07T06:57:04+08:00][sql] SHOW FULL COLUMNS FROM `carver_link` [ RunTime:0.000602s ]
[2021-08-07T06:57:04+08:00][sql] SELECT * FROM `carver_link` WHERE  ( is_confirm=2 ) LIMIT 20 [ RunTime:0.000308s ]
[2021-08-07T06:57:04+08:00][sql] SELECT article_id,article_title,click_num,FROM_UNIXTIME(add_time,'%Y-%m-%d') as add_time FROM `carver_article` ORDER BY `click_num` DESC LIMIT 3 [ RunTime:0.000325s ]
[2021-08-07T06:57:04+08:00][sql] SHOW FULL COLUMNS FROM `carver_comment` [ RunTime:0.000681s ]
[2021-08-07T06:57:04+08:00][sql] SELECT `a`.*,`b`.`user_name` FROM `carver_comment` `a` INNER JOIN `carver_user` `b` ON `a`.`user_id`=`b`.`user_id` WHERE  `article_id` = 25' ORDER BY `create_time` DESC [ RunTime:0.000353s ]
[2021-08-07T06:57:04+08:00][sql] SHOW FULL COLUMNS FROM `carver_comment_to_others` [ RunTime:0.000594s ]
[2021-08-07T06:57:04+08:00][sql] SELECT * FROM `carver_comment_to_others` [ RunTime:0.000245s ]
[2021-08-07T06:57:04+08:00][sql] SHOW FULL COLUMNS FROM `carver_user` [ RunTime:0.000462s ]
[2021-08-07T06:57:04+08:00][sql] SELECT `user_name` FROM `carver_user` WHERE  `user_id` = 4 LIMIT 1 [ RunTime:0.000256s ]
[2021-08-07T06:57:04+08:00][sql] SELECT `user_name` FROM `carver_user` WHERE  `user_id` = 4 LIMIT 1 [ RunTime:0.000209s ]
[2021-08-07T06:57:04+08:00][sql] SELECT `user_name` FROM `carver_user` WHERE  `user_id` = 5 LIMIT 1 [ RunTime:0.000212s ]
[2021-08-07T06:57:04+08:00][sql] SELECT `user_name` FROM `carver_user` WHERE  `user_id` = 5 LIMIT 1 [ RunTime:0.000217s ]
[2021-08-07T06:57:04+08:00][sql] SELECT `user_name` FROM `carver_user` WHERE  `user_id` = 37 LIMIT 1 [ RunTime:0.000217s ]
[2021-08-07T06:57:04+08:00][sql] SELECT `user_name`,`user_id` FROM `carver_user` [ RunTime:0.000249s ]
[2021-08-07T06:57:04+08:00][sql] SHOW FULL COLUMNS FROM `carver_navigation` [ RunTime:0.000559s ]
[2021-08-07T06:57:04+08:00][sql] SELECT * FROM `carver_navigation` [ RunTime:0.000239s ]
[2021-08-07T06:57:04+08:00][sql] SELECT `article_label` FROM `carver_article` [ RunTime:0.000274s ]
