[2021-08-12T16:32:37+08:00][sql] CONNECT:[ UseTime:0.003242s ] mysql:host=127.0.0.1;port=3306;dbname=carver;charset=utf8
[2021-08-12T16:32:37+08:00][sql] SHOW FULL COLUMNS FROM `carver_user` [ RunTime:0.003863s ]
[2021-08-12T16:32:37+08:00][sql] SHOW FULL COLUMNS FROM `carver_article` [ RunTime:0.001592s ]
[2021-08-12T16:32:37+08:00][sql] SELECT COUNT(*) AS think_count FROM `carver_article` WHERE  `delete_time` = 0  AND `is_show` = 1 [ RunTime:0.000534s ]
[2021-08-12T16:32:37+08:00][sql] SELECT `article_id`,`article_title`,`article_desc`,`article_content`,`article_img`,`article_guide`,`article_label`,`click_num`,`is_show`,`add_time`,`article_author`,`is_top_show` FROM `carver_article` WHERE  `delete_time` = 0  AND `is_show` = 1 ORDER BY `article_id` DESC LIMIT 0,6 [ RunTime:0.000795s ]
[2021-08-12T16:32:37+08:00][sql] SELECT article_id,article_title,click_num,FROM_UNIXTIME(add_time,'%Y-%m-%d') as add_time FROM `carver_article` WHERE  `is_show` = 1  AND `delete_time` = 0 ORDER BY `click_num` DESC LIMIT 3 [ RunTime:0.000759s ]
[2021-08-12T16:32:37+08:00][sql] SHOW FULL COLUMNS FROM `carver_notice` [ RunTime:0.003169s ]
[2021-08-12T16:32:37+08:00][sql] SELECT * FROM `carver_notice` ORDER BY `create_time` DESC LIMIT 3 [ RunTime:0.000443s ]
[2021-08-12T16:32:37+08:00][sql] SHOW FULL COLUMNS FROM `carver_navigation` [ RunTime:0.001436s ]
[2021-08-12T16:32:37+08:00][sql] SELECT * FROM `carver_navigation` [ RunTime:0.000338s ]
[2021-08-12T16:32:37+08:00][sql] SHOW FULL COLUMNS FROM `carver_link` [ RunTime:0.001448s ]
[2021-08-12T16:32:37+08:00][sql] SELECT * FROM `carver_link` WHERE  ( is_confirm=2 ) LIMIT 20 [ RunTime:0.000467s ]
[2021-08-12T16:32:37+08:00][sql] SELECT `article_label` FROM `carver_article` [ RunTime:0.000350s ]
[2021-08-12T16:32:37+08:00][sql] SHOW FULL COLUMNS FROM `carver_carouse` [ RunTime:0.001448s ]
[2021-08-12T16:32:37+08:00][sql] SELECT `carouse_img`,`carouse_desc` FROM `carver_carouse` WHERE  `is_show` = 1 ORDER BY `carouse_sort` DESC LIMIT 3 [ RunTime:0.000466s ]
[2021-08-12T16:32:37+08:00][sql] SHOW FULL COLUMNS FROM `carver_site` [ RunTime:0.001321s ]
[2021-08-12T16:32:37+08:00][sql] SELECT * FROM `carver_site` [ RunTime:0.000364s ]
[2021-08-12T16:32:43+08:00][sql] CONNECT:[ UseTime:0.000913s ] mysql:host=127.0.0.1;port=3306;dbname=carver;charset=utf8
[2021-08-12T16:32:43+08:00][sql] SHOW FULL COLUMNS FROM `carver_user` [ RunTime:0.000996s ]
[2021-08-12T16:32:43+08:00][sql] SHOW FULL COLUMNS FROM `carver_article` [ RunTime:0.000863s ]
[2021-08-12T16:32:43+08:00][sql] SELECT COUNT(*) AS think_count FROM `carver_article` WHERE  `delete_time` = 0  AND `is_show` = 1 [ RunTime:0.000495s ]
[2021-08-12T16:32:43+08:00][sql] SELECT `article_id`,`article_title`,`article_desc`,`article_content`,`article_img`,`article_guide`,`article_label`,`click_num`,`is_show`,`add_time`,`article_author`,`is_top_show` FROM `carver_article` WHERE  `delete_time` = 0  AND `is_show` = 1 ORDER BY `article_id` DESC LIMIT 6,6 [ RunTime:0.003726s ]
[2021-08-12T16:32:43+08:00][sql] SELECT article_id,article_title,click_num,FROM_UNIXTIME(add_time,'%Y-%m-%d') as add_time FROM `carver_article` WHERE  `is_show` = 1  AND `delete_time` = 0 ORDER BY `click_num` DESC LIMIT 3 [ RunTime:0.026369s ]
[2021-08-12T16:32:43+08:00][sql] SHOW FULL COLUMNS FROM `carver_notice` [ RunTime:0.002043s ]
[2021-08-12T16:32:43+08:00][sql] SELECT * FROM `carver_notice` ORDER BY `create_time` DESC LIMIT 3 [ RunTime:0.000420s ]
[2021-08-12T16:32:43+08:00][sql] SHOW FULL COLUMNS FROM `carver_navigation` [ RunTime:0.000686s ]
[2021-08-12T16:32:43+08:00][sql] SELECT * FROM `carver_navigation` [ RunTime:0.000334s ]
[2021-08-12T16:32:43+08:00][sql] SHOW FULL COLUMNS FROM `carver_link` [ RunTime:0.000662s ]
[2021-08-12T16:32:43+08:00][sql] SELECT * FROM `carver_link` WHERE  ( is_confirm=2 ) LIMIT 20 [ RunTime:0.000447s ]
[2021-08-12T16:32:43+08:00][sql] SELECT `article_label` FROM `carver_article` [ RunTime:0.000340s ]
[2021-08-12T16:32:43+08:00][sql] SHOW FULL COLUMNS FROM `carver_carouse` [ RunTime:0.000768s ]
[2021-08-12T16:32:43+08:00][sql] SELECT `carouse_img`,`carouse_desc` FROM `carver_carouse` WHERE  `is_show` = 1 ORDER BY `carouse_sort` DESC LIMIT 3 [ RunTime:0.000381s ]
[2021-08-12T16:32:43+08:00][sql] SHOW FULL COLUMNS FROM `carver_site` [ RunTime:0.000647s ]
[2021-08-12T16:32:43+08:00][sql] SELECT * FROM `carver_site` [ RunTime:0.000339s ]
[2021-08-12T16:32:49+08:00][sql] CONNECT:[ UseTime:0.000860s ] mysql:host=127.0.0.1;port=3306;dbname=carver;charset=utf8
[2021-08-12T16:32:49+08:00][sql] SHOW FULL COLUMNS FROM `carver_user` [ RunTime:0.000991s ]
[2021-08-12T16:32:49+08:00][sql] SHOW FULL COLUMNS FROM `carver_article` [ RunTime:0.000761s ]
[2021-08-12T16:32:49+08:00][sql] SELECT COUNT(*) AS think_count FROM `carver_article` WHERE  `delete_time` = 0  AND `is_show` = 1 [ RunTime:0.000548s ]
[2021-08-12T16:32:49+08:00][sql] SELECT `article_id`,`article_title`,`article_desc`,`article_content`,`article_img`,`article_guide`,`article_label`,`click_num`,`is_show`,`add_time`,`article_author`,`is_top_show` FROM `carver_article` WHERE  `delete_time` = 0  AND `is_show` = 1 ORDER BY `article_id` DESC LIMIT 12,6 [ RunTime:0.001292s ]
[2021-08-12T16:32:49+08:00][sql] SELECT article_id,article_title,click_num,FROM_UNIXTIME(add_time,'%Y-%m-%d') as add_time FROM `carver_article` WHERE  `is_show` = 1  AND `delete_time` = 0 ORDER BY `click_num` DESC LIMIT 3 [ RunTime:0.000637s ]
[2021-08-12T16:32:49+08:00][sql] SHOW FULL COLUMNS FROM `carver_notice` [ RunTime:0.000761s ]
[2021-08-12T16:32:49+08:00][sql] SELECT * FROM `carver_notice` ORDER BY `create_time` DESC LIMIT 3 [ RunTime:0.000346s ]
[2021-08-12T16:32:49+08:00][sql] SHOW FULL COLUMNS FROM `carver_navigation` [ RunTime:0.000751s ]
[2021-08-12T16:32:49+08:00][sql] SELECT * FROM `carver_navigation` [ RunTime:0.000362s ]
[2021-08-12T16:32:49+08:00][sql] SHOW FULL COLUMNS FROM `carver_link` [ RunTime:0.000894s ]
[2021-08-12T16:32:49+08:00][sql] SELECT * FROM `carver_link` WHERE  ( is_confirm=2 ) LIMIT 20 [ RunTime:0.000366s ]
[2021-08-12T16:32:49+08:00][sql] SELECT `article_label` FROM `carver_article` [ RunTime:0.000353s ]
[2021-08-12T16:32:49+08:00][sql] SHOW FULL COLUMNS FROM `carver_carouse` [ RunTime:0.000636s ]
[2021-08-12T16:32:49+08:00][sql] SELECT `carouse_img`,`carouse_desc` FROM `carver_carouse` WHERE  `is_show` = 1 ORDER BY `carouse_sort` DESC LIMIT 3 [ RunTime:0.000395s ]
[2021-08-12T16:32:49+08:00][sql] SHOW FULL COLUMNS FROM `carver_site` [ RunTime:0.000646s ]
[2021-08-12T16:32:49+08:00][sql] SELECT * FROM `carver_site` [ RunTime:0.000259s ]
[2021-08-12T16:32:55+08:00][sql] CONNECT:[ UseTime:0.001024s ] mysql:host=127.0.0.1;port=3306;dbname=carver;charset=utf8
[2021-08-12T16:32:55+08:00][sql] SHOW FULL COLUMNS FROM `carver_user` [ RunTime:0.001019s ]
[2021-08-12T16:32:55+08:00][sql] SHOW FULL COLUMNS FROM `carver_article` [ RunTime:0.000740s ]
[2021-08-12T16:32:55+08:00][sql] SELECT COUNT(*) AS think_count FROM `carver_article` WHERE  `delete_time` = 0  AND `is_show` = 1 [ RunTime:0.000494s ]
[2021-08-12T16:32:55+08:00][sql] SELECT `article_id`,`article_title`,`article_desc`,`article_content`,`article_img`,`article_guide`,`article_label`,`click_num`,`is_show`,`add_time`,`article_author`,`is_top_show` FROM `carver_article` WHERE  `delete_time` = 0  AND `is_show` = 1 ORDER BY `article_id` DESC LIMIT 6,6 [ RunTime:0.003504s ]
[2021-08-12T16:32:55+08:00][sql] SELECT article_id,article_title,click_num,FROM_UNIXTIME(add_time,'%Y-%m-%d') as add_time FROM `carver_article` WHERE  `is_show` = 1  AND `delete_time` = 0 ORDER BY `click_num` DESC LIMIT 3 [ RunTime:0.000807s ]
[2021-08-12T16:32:55+08:00][sql] SHOW FULL COLUMNS FROM `carver_notice` [ RunTime:0.000801s ]
[2021-08-12T16:32:55+08:00][sql] SELECT * FROM `carver_notice` ORDER BY `create_time` DESC LIMIT 3 [ RunTime:0.000371s ]
[2021-08-12T16:32:55+08:00][sql] SHOW FULL COLUMNS FROM `carver_navigation` [ RunTime:0.000831s ]
[2021-08-12T16:32:55+08:00][sql] SELECT * FROM `carver_navigation` [ RunTime:0.000298s ]
[2021-08-12T16:32:55+08:00][sql] SHOW FULL COLUMNS FROM `carver_link` [ RunTime:0.000655s ]
[2021-08-12T16:32:55+08:00][sql] SELECT * FROM `carver_link` WHERE  ( is_confirm=2 ) LIMIT 20 [ RunTime:0.000349s ]
[2021-08-12T16:32:55+08:00][sql] SELECT `article_label` FROM `carver_article` [ RunTime:0.000311s ]
[2021-08-12T16:32:55+08:00][sql] SHOW FULL COLUMNS FROM `carver_carouse` [ RunTime:0.000624s ]
[2021-08-12T16:32:55+08:00][sql] SELECT `carouse_img`,`carouse_desc` FROM `carver_carouse` WHERE  `is_show` = 1 ORDER BY `carouse_sort` DESC LIMIT 3 [ RunTime:0.000343s ]
[2021-08-12T16:32:55+08:00][sql] SHOW FULL COLUMNS FROM `carver_site` [ RunTime:0.000639s ]
[2021-08-12T16:32:55+08:00][sql] SELECT * FROM `carver_site` [ RunTime:0.000257s ]
[2021-08-12T16:32:59+08:00][sql] CONNECT:[ UseTime:0.000852s ] mysql:host=127.0.0.1;port=3306;dbname=carver;charset=utf8
[2021-08-12T16:32:59+08:00][sql] SHOW FULL COLUMNS FROM `carver_user` [ RunTime:0.001047s ]
[2021-08-12T16:32:59+08:00][sql] SHOW FULL COLUMNS FROM `carver_article` [ RunTime:0.000772s ]
[2021-08-12T16:32:59+08:00][sql] SELECT COUNT(*) AS think_count FROM `carver_article` WHERE  `delete_time` = 0  AND `is_show` = 1 [ RunTime:0.000482s ]
[2021-08-12T16:32:59+08:00][sql] SELECT `article_id`,`article_title`,`article_desc`,`article_content`,`article_img`,`article_guide`,`article_label`,`click_num`,`is_show`,`add_time`,`article_author`,`is_top_show` FROM `carver_article` WHERE  `delete_time` = 0  AND `is_show` = 1 ORDER BY `article_id` DESC LIMIT 12,6 [ RunTime:0.001436s ]
[2021-08-12T16:32:59+08:00][sql] SELECT article_id,article_title,click_num,FROM_UNIXTIME(add_time,'%Y-%m-%d') as add_time FROM `carver_article` WHERE  `is_show` = 1  AND `delete_time` = 0 ORDER BY `click_num` DESC LIMIT 3 [ RunTime:0.000673s ]
[2021-08-12T16:32:59+08:00][sql] SHOW FULL COLUMNS FROM `carver_notice` [ RunTime:0.000753s ]
[2021-08-12T16:32:59+08:00][sql] SELECT * FROM `carver_notice` ORDER BY `create_time` DESC LIMIT 3 [ RunTime:0.000357s ]
[2021-08-12T16:32:59+08:00][sql] SHOW FULL COLUMNS FROM `carver_navigation` [ RunTime:0.000723s ]
[2021-08-12T16:32:59+08:00][sql] SELECT * FROM `carver_navigation` [ RunTime:0.000325s ]
[2021-08-12T16:32:59+08:00][sql] SHOW FULL COLUMNS FROM `carver_link` [ RunTime:0.000639s ]
[2021-08-12T16:32:59+08:00][sql] SELECT * FROM `carver_link` WHERE  ( is_confirm=2 ) LIMIT 20 [ RunTime:0.000343s ]
[2021-08-12T16:32:59+08:00][sql] SELECT `article_label` FROM `carver_article` [ RunTime:0.000325s ]
[2021-08-12T16:32:59+08:00][sql] SHOW FULL COLUMNS FROM `carver_carouse` [ RunTime:0.000852s ]
[2021-08-12T16:32:59+08:00][sql] SELECT `carouse_img`,`carouse_desc` FROM `carver_carouse` WHERE  `is_show` = 1 ORDER BY `carouse_sort` DESC LIMIT 3 [ RunTime:0.000399s ]
[2021-08-12T16:32:59+08:00][sql] SHOW FULL COLUMNS FROM `carver_site` [ RunTime:0.000654s ]
[2021-08-12T16:32:59+08:00][sql] SELECT * FROM `carver_site` [ RunTime:0.000263s ]
[2021-08-12T16:33:03+08:00][sql] CONNECT:[ UseTime:0.000922s ] mysql:host=127.0.0.1;port=3306;dbname=carver;charset=utf8
[2021-08-12T16:33:03+08:00][sql] SHOW FULL COLUMNS FROM `carver_user` [ RunTime:0.000984s ]
[2021-08-12T16:33:03+08:00][sql] SHOW FULL COLUMNS FROM `carver_article` [ RunTime:0.000763s ]
[2021-08-12T16:33:03+08:00][sql] SELECT COUNT(*) AS think_count FROM `carver_article` WHERE  `delete_time` = 0  AND `is_show` = 1 [ RunTime:0.000502s ]
[2021-08-12T16:33:03+08:00][sql] SELECT `article_id`,`article_title`,`article_desc`,`article_content`,`article_img`,`article_guide`,`article_label`,`click_num`,`is_show`,`add_time`,`article_author`,`is_top_show` FROM `carver_article` WHERE  `delete_time` = 0  AND `is_show` = 1 ORDER BY `article_id` DESC LIMIT 18,6 [ RunTime:0.001600s ]
[2021-08-12T16:33:03+08:00][sql] SELECT article_id,article_title,click_num,FROM_UNIXTIME(add_time,'%Y-%m-%d') as add_time FROM `carver_article` WHERE  `is_show` = 1  AND `delete_time` = 0 ORDER BY `click_num` DESC LIMIT 3 [ RunTime:0.000884s ]
[2021-08-12T16:33:03+08:00][sql] SHOW FULL COLUMNS FROM `carver_notice` [ RunTime:0.000777s ]
[2021-08-12T16:33:03+08:00][sql] SELECT * FROM `carver_notice` ORDER BY `create_time` DESC LIMIT 3 [ RunTime:0.000326s ]
[2021-08-12T16:33:03+08:00][sql] SHOW FULL COLUMNS FROM `carver_navigation` [ RunTime:0.000651s ]
[2021-08-12T16:33:03+08:00][sql] SELECT * FROM `carver_navigation` [ RunTime:0.000302s ]
[2021-08-12T16:33:03+08:00][sql] SHOW FULL COLUMNS FROM `carver_link` [ RunTime:0.000628s ]
[2021-08-12T16:33:03+08:00][sql] SELECT * FROM `carver_link` WHERE  ( is_confirm=2 ) LIMIT 20 [ RunTime:0.000356s ]
[2021-08-12T16:33:03+08:00][sql] SELECT `article_label` FROM `carver_article` [ RunTime:0.000324s ]
[2021-08-12T16:33:03+08:00][sql] SHOW FULL COLUMNS FROM `carver_carouse` [ RunTime:0.000635s ]
[2021-08-12T16:33:03+08:00][sql] SELECT `carouse_img`,`carouse_desc` FROM `carver_carouse` WHERE  `is_show` = 1 ORDER BY `carouse_sort` DESC LIMIT 3 [ RunTime:0.000377s ]
[2021-08-12T16:33:03+08:00][sql] SHOW FULL COLUMNS FROM `carver_site` [ RunTime:0.000762s ]
[2021-08-12T16:33:03+08:00][sql] SELECT * FROM `carver_site` [ RunTime:0.000265s ]
[2021-08-12T16:33:10+08:00][sql] CONNECT:[ UseTime:0.000664s ] mysql:host=127.0.0.1;port=3306;dbname=carver;charset=utf8
[2021-08-12T16:33:10+08:00][sql] SHOW FULL COLUMNS FROM `carver_user` [ RunTime:0.000929s ]
[2021-08-12T16:33:10+08:00][sql] SHOW FULL COLUMNS FROM `carver_article` [ RunTime:0.000739s ]
[2021-08-12T16:33:10+08:00][sql] SELECT COUNT(*) AS think_count FROM `carver_article` WHERE  `delete_time` = 0  AND `is_show` = 1 [ RunTime:0.000428s ]
[2021-08-12T16:33:10+08:00][sql] SELECT `article_id`,`article_title`,`article_desc`,`article_content`,`article_img`,`article_guide`,`article_label`,`click_num`,`is_show`,`add_time`,`article_author`,`is_top_show` FROM `carver_article` WHERE  `delete_time` = 0  AND `is_show` = 1 ORDER BY `article_id` DESC LIMIT 12,6 [ RunTime:0.001303s ]
[2021-08-12T16:33:10+08:00][sql] SELECT article_id,article_title,click_num,FROM_UNIXTIME(add_time,'%Y-%m-%d') as add_time FROM `carver_article` WHERE  `is_show` = 1  AND `delete_time` = 0 ORDER BY `click_num` DESC LIMIT 3 [ RunTime:0.000701s ]
[2021-08-12T16:33:10+08:00][sql] SHOW FULL COLUMNS FROM `carver_notice` [ RunTime:0.000741s ]
[2021-08-12T16:33:10+08:00][sql] SELECT * FROM `carver_notice` ORDER BY `create_time` DESC LIMIT 3 [ RunTime:0.000320s ]
[2021-08-12T16:33:10+08:00][sql] SHOW FULL COLUMNS FROM `carver_navigation` [ RunTime:0.000683s ]
[2021-08-12T16:33:10+08:00][sql] SELECT * FROM `carver_navigation` [ RunTime:0.000276s ]
[2021-08-12T16:33:10+08:00][sql] SHOW FULL COLUMNS FROM `carver_link` [ RunTime:0.000646s ]
[2021-08-12T16:33:10+08:00][sql] SELECT * FROM `carver_link` WHERE  ( is_confirm=2 ) LIMIT 20 [ RunTime:0.000383s ]
[2021-08-12T16:33:10+08:00][sql] SELECT `article_label` FROM `carver_article` [ RunTime:0.000290s ]
[2021-08-12T16:33:10+08:00][sql] SHOW FULL COLUMNS FROM `carver_carouse` [ RunTime:0.000629s ]
[2021-08-12T16:33:10+08:00][sql] SELECT `carouse_img`,`carouse_desc` FROM `carver_carouse` WHERE  `is_show` = 1 ORDER BY `carouse_sort` DESC LIMIT 3 [ RunTime:0.000358s ]
[2021-08-12T16:33:10+08:00][sql] SHOW FULL COLUMNS FROM `carver_site` [ RunTime:0.000644s ]
[2021-08-12T16:33:10+08:00][sql] SELECT * FROM `carver_site` [ RunTime:0.000282s ]
[2021-08-12T16:33:13+08:00][sql] CONNECT:[ UseTime:0.000572s ] mysql:host=127.0.0.1;port=3306;dbname=carver;charset=utf8
[2021-08-12T16:33:13+08:00][sql] SHOW FULL COLUMNS FROM `carver_user` [ RunTime:0.000910s ]
[2021-08-12T16:33:13+08:00][sql] SHOW FULL COLUMNS FROM `carver_article` [ RunTime:0.000742s ]
[2021-08-12T16:33:13+08:00][sql] SELECT COUNT(*) AS think_count FROM `carver_article` WHERE  `delete_time` = 0  AND `is_show` = 1 [ RunTime:0.000489s ]
[2021-08-12T16:33:13+08:00][sql] SELECT `article_id`,`article_title`,`article_desc`,`article_content`,`article_img`,`article_guide`,`article_label`,`click_num`,`is_show`,`add_time`,`article_author`,`is_top_show` FROM `carver_article` WHERE  `delete_time` = 0  AND `is_show` = 1 ORDER BY `article_id` DESC LIMIT 0,6 [ RunTime:0.000733s ]
[2021-08-12T16:33:13+08:00][sql] SELECT article_id,article_title,click_num,FROM_UNIXTIME(add_time,'%Y-%m-%d') as add_time FROM `carver_article` WHERE  `is_show` = 1  AND `delete_time` = 0 ORDER BY `click_num` DESC LIMIT 3 [ RunTime:0.000813s ]
[2021-08-12T16:33:13+08:00][sql] SHOW FULL COLUMNS FROM `carver_notice` [ RunTime:0.000804s ]
[2021-08-12T16:33:13+08:00][sql] SELECT * FROM `carver_notice` ORDER BY `create_time` DESC LIMIT 3 [ RunTime:0.000312s ]
[2021-08-12T16:33:13+08:00][sql] SHOW FULL COLUMNS FROM `carver_navigation` [ RunTime:0.000651s ]
[2021-08-12T16:33:13+08:00][sql] SELECT * FROM `carver_navigation` [ RunTime:0.000284s ]
[2021-08-12T16:33:13+08:00][sql] SHOW FULL COLUMNS FROM `carver_link` [ RunTime:0.000628s ]
[2021-08-12T16:33:13+08:00][sql] SELECT * FROM `carver_link` WHERE  ( is_confirm=2 ) LIMIT 20 [ RunTime:0.000359s ]
[2021-08-12T16:33:13+08:00][sql] SELECT `article_label` FROM `carver_article` [ RunTime:0.000351s ]
[2021-08-12T16:33:13+08:00][sql] SHOW FULL COLUMNS FROM `carver_carouse` [ RunTime:0.000659s ]
[2021-08-12T16:33:13+08:00][sql] SELECT `carouse_img`,`carouse_desc` FROM `carver_carouse` WHERE  `is_show` = 1 ORDER BY `carouse_sort` DESC LIMIT 3 [ RunTime:0.000339s ]
[2021-08-12T16:33:13+08:00][sql] SHOW FULL COLUMNS FROM `carver_site` [ RunTime:0.000610s ]
[2021-08-12T16:33:13+08:00][sql] SELECT * FROM `carver_site` [ RunTime:0.000275s ]
[2021-08-12T16:33:21+08:00][sql] CONNECT:[ UseTime:0.000529s ] mysql:host=127.0.0.1;port=3306;dbname=carver;charset=utf8
[2021-08-12T16:33:21+08:00][sql] SHOW FULL COLUMNS FROM `carver_user` [ RunTime:0.000984s ]
[2021-08-12T16:33:21+08:00][sql] SHOW FULL COLUMNS FROM `carver_article` [ RunTime:0.000794s ]
[2021-08-12T16:33:21+08:00][sql] SELECT COUNT(*) AS think_count FROM `carver_article` WHERE  `delete_time` = 0  AND `is_show` = 1 [ RunTime:0.000449s ]
[2021-08-12T16:33:21+08:00][sql] SELECT `article_id`,`article_title`,`article_desc`,`article_content`,`article_img`,`article_guide`,`article_label`,`click_num`,`is_show`,`add_time`,`article_author`,`is_top_show` FROM `carver_article` WHERE  `delete_time` = 0  AND `is_show` = 1 ORDER BY `article_id` DESC LIMIT 6,6 [ RunTime:0.003584s ]
[2021-08-12T16:33:21+08:00][sql] SELECT article_id,article_title,click_num,FROM_UNIXTIME(add_time,'%Y-%m-%d') as add_time FROM `carver_article` WHERE  `is_show` = 1  AND `delete_time` = 0 ORDER BY `click_num` DESC LIMIT 3 [ RunTime:0.000941s ]
[2021-08-12T16:33:21+08:00][sql] SHOW FULL COLUMNS FROM `carver_notice` [ RunTime:0.000786s ]
[2021-08-12T16:33:21+08:00][sql] SELECT * FROM `carver_notice` ORDER BY `create_time` DESC LIMIT 3 [ RunTime:0.000374s ]
[2021-08-12T16:33:21+08:00][sql] SHOW FULL COLUMNS FROM `carver_navigation` [ RunTime:0.000676s ]
[2021-08-12T16:33:21+08:00][sql] SELECT * FROM `carver_navigation` [ RunTime:0.000343s ]
[2021-08-12T16:33:21+08:00][sql] SHOW FULL COLUMNS FROM `carver_link` [ RunTime:0.000656s ]
[2021-08-12T16:33:21+08:00][sql] SELECT * FROM `carver_link` WHERE  ( is_confirm=2 ) LIMIT 20 [ RunTime:0.000401s ]
[2021-08-12T16:33:21+08:00][sql] SELECT `article_label` FROM `carver_article` [ RunTime:0.000330s ]
[2021-08-12T16:33:21+08:00][sql] SHOW FULL COLUMNS FROM `carver_carouse` [ RunTime:0.000653s ]
[2021-08-12T16:33:21+08:00][sql] SELECT `carouse_img`,`carouse_desc` FROM `carver_carouse` WHERE  `is_show` = 1 ORDER BY `carouse_sort` DESC LIMIT 3 [ RunTime:0.000364s ]
[2021-08-12T16:33:21+08:00][sql] SHOW FULL COLUMNS FROM `carver_site` [ RunTime:0.000690s ]
[2021-08-12T16:33:21+08:00][sql] SELECT * FROM `carver_site` [ RunTime:0.000281s ]
[2021-08-12T16:33:30+08:00][sql] CONNECT:[ UseTime:0.000632s ] mysql:host=127.0.0.1;port=3306;dbname=carver;charset=utf8
[2021-08-12T16:33:30+08:00][sql] SHOW FULL COLUMNS FROM `carver_user` [ RunTime:0.000885s ]
[2021-08-12T16:33:30+08:00][sql] SHOW FULL COLUMNS FROM `carver_article` [ RunTime:0.000737s ]
[2021-08-12T16:33:30+08:00][sql] SELECT COUNT(*) AS think_count FROM `carver_article` WHERE  `delete_time` = 0  AND `is_show` = 1 [ RunTime:0.000474s ]
[2021-08-12T16:33:30+08:00][sql] SELECT `article_id`,`article_title`,`article_desc`,`article_content`,`article_img`,`article_guide`,`article_label`,`click_num`,`is_show`,`add_time`,`article_author`,`is_top_show` FROM `carver_article` WHERE  `delete_time` = 0  AND `is_show` = 1 ORDER BY `article_id` DESC LIMIT 0,6 [ RunTime:0.000755s ]
[2021-08-12T16:33:30+08:00][sql] SELECT article_id,article_title,click_num,FROM_UNIXTIME(add_time,'%Y-%m-%d') as add_time FROM `carver_article` WHERE  `is_show` = 1  AND `delete_time` = 0 ORDER BY `click_num` DESC LIMIT 3 [ RunTime:0.000629s ]
[2021-08-12T16:33:30+08:00][sql] SHOW FULL COLUMNS FROM `carver_notice` [ RunTime:0.000775s ]
[2021-08-12T16:33:30+08:00][sql] SELECT * FROM `carver_notice` ORDER BY `create_time` DESC LIMIT 3 [ RunTime:0.000417s ]
[2021-08-12T16:33:30+08:00][sql] SHOW FULL COLUMNS FROM `carver_navigation` [ RunTime:0.000695s ]
[2021-08-12T16:33:30+08:00][sql] SELECT * FROM `carver_navigation` [ RunTime:0.000292s ]
[2021-08-12T16:33:30+08:00][sql] SHOW FULL COLUMNS FROM `carver_link` [ RunTime:0.000677s ]
[2021-08-12T16:33:30+08:00][sql] SELECT * FROM `carver_link` WHERE  ( is_confirm=2 ) LIMIT 20 [ RunTime:0.000361s ]
[2021-08-12T16:33:30+08:00][sql] SELECT `article_label` FROM `carver_article` [ RunTime:0.000317s ]
[2021-08-12T16:33:30+08:00][sql] SHOW FULL COLUMNS FROM `carver_carouse` [ RunTime:0.000672s ]
[2021-08-12T16:33:30+08:00][sql] SELECT `carouse_img`,`carouse_desc` FROM `carver_carouse` WHERE  `is_show` = 1 ORDER BY `carouse_sort` DESC LIMIT 3 [ RunTime:0.000410s ]
[2021-08-12T16:33:30+08:00][sql] SHOW FULL COLUMNS FROM `carver_site` [ RunTime:0.000671s ]
[2021-08-12T16:33:30+08:00][sql] SELECT * FROM `carver_site` [ RunTime:0.000278s ]
[2021-08-12T16:33:34+08:00][sql] CONNECT:[ UseTime:0.000989s ] mysql:host=127.0.0.1;port=3306;dbname=carver;charset=utf8
[2021-08-12T16:33:34+08:00][sql] SHOW FULL COLUMNS FROM `carver_user` [ RunTime:0.000966s ]
[2021-08-12T16:33:34+08:00][sql] SHOW FULL COLUMNS FROM `carver_article` [ RunTime:0.000777s ]
[2021-08-12T16:33:34+08:00][sql] SELECT COUNT(*) AS think_count FROM `carver_article` WHERE  `delete_time` = 0  AND `is_show` = 1 [ RunTime:0.000530s ]
[2021-08-12T16:33:34+08:00][sql] SELECT `article_id`,`article_title`,`article_desc`,`article_content`,`article_img`,`article_guide`,`article_label`,`click_num`,`is_show`,`add_time`,`article_author`,`is_top_show` FROM `carver_article` WHERE  `delete_time` = 0  AND `is_show` = 1 ORDER BY `article_id` DESC LIMIT 24,6 [ RunTime:0.001104s ]
[2021-08-12T16:33:34+08:00][sql] SELECT article_id,article_title,click_num,FROM_UNIXTIME(add_time,'%Y-%m-%d') as add_time FROM `carver_article` WHERE  `is_show` = 1  AND `delete_time` = 0 ORDER BY `click_num` DESC LIMIT 3 [ RunTime:0.000606s ]
[2021-08-12T16:33:34+08:00][sql] SHOW FULL COLUMNS FROM `carver_notice` [ RunTime:0.000787s ]
[2021-08-12T16:33:34+08:00][sql] SELECT * FROM `carver_notice` ORDER BY `create_time` DESC LIMIT 3 [ RunTime:0.000375s ]
[2021-08-12T16:33:34+08:00][sql] SHOW FULL COLUMNS FROM `carver_navigation` [ RunTime:0.000735s ]
[2021-08-12T16:33:34+08:00][sql] SELECT * FROM `carver_navigation` [ RunTime:0.000305s ]
[2021-08-12T16:33:34+08:00][sql] SHOW FULL COLUMNS FROM `carver_link` [ RunTime:0.000753s ]
[2021-08-12T16:33:34+08:00][sql] SELECT * FROM `carver_link` WHERE  ( is_confirm=2 ) LIMIT 20 [ RunTime:0.000484s ]
[2021-08-12T16:33:34+08:00][sql] SELECT `article_label` FROM `carver_article` [ RunTime:0.000423s ]
[2021-08-12T16:33:34+08:00][sql] SHOW FULL COLUMNS FROM `carver_carouse` [ RunTime:0.000807s ]
[2021-08-12T16:33:34+08:00][sql] SELECT `carouse_img`,`carouse_desc` FROM `carver_carouse` WHERE  `is_show` = 1 ORDER BY `carouse_sort` DESC LIMIT 3 [ RunTime:0.000402s ]
[2021-08-12T16:33:34+08:00][sql] SHOW FULL COLUMNS FROM `carver_site` [ RunTime:0.000685s ]
[2021-08-12T16:33:34+08:00][sql] SELECT * FROM `carver_site` [ RunTime:0.000281s ]
[2021-08-12T16:35:30+08:00][sql] CONNECT:[ UseTime:0.000642s ] mysql:host=127.0.0.1;port=3306;dbname=carver;charset=utf8
[2021-08-12T16:35:30+08:00][sql] SHOW FULL COLUMNS FROM `carver_user` [ RunTime:0.000939s ]
[2021-08-12T16:35:30+08:00][sql] SHOW FULL COLUMNS FROM `carver_article` [ RunTime:0.002734s ]
[2021-08-12T16:35:30+08:00][sql] SELECT COUNT(*) AS think_count FROM `carver_article` WHERE  `delete_time` = 0  AND `is_show` = 1 [ RunTime:0.000455s ]
[2021-08-12T16:35:30+08:00][sql] SELECT `article_id`,`article_title`,`article_desc`,`article_content`,`article_img`,`article_guide`,`article_label`,`click_num`,`is_show`,`add_time`,`article_author`,`is_top_show` FROM `carver_article` WHERE  `delete_time` = 0  AND `is_show` = 1 ORDER BY `article_id` DESC LIMIT 24,6 [ RunTime:0.001076s ]
[2021-08-12T16:35:30+08:00][sql] SELECT article_id,article_title,click_num,FROM_UNIXTIME(add_time,'%Y-%m-%d') as add_time FROM `carver_article` WHERE  `is_show` = 1  AND `delete_time` = 0 ORDER BY `click_num` DESC LIMIT 3 [ RunTime:0.000650s ]
[2021-08-12T16:35:30+08:00][sql] SHOW FULL COLUMNS FROM `carver_notice` [ RunTime:0.000837s ]
[2021-08-12T16:35:30+08:00][sql] SELECT * FROM `carver_notice` ORDER BY `create_time` DESC LIMIT 3 [ RunTime:0.000358s ]
[2021-08-12T16:35:30+08:00][sql] SHOW FULL COLUMNS FROM `carver_navigation` [ RunTime:0.000770s ]
[2021-08-12T16:35:30+08:00][sql] SELECT * FROM `carver_navigation` [ RunTime:0.000332s ]
[2021-08-12T16:35:30+08:00][sql] SHOW FULL COLUMNS FROM `carver_link` [ RunTime:0.000686s ]
[2021-08-12T16:35:30+08:00][sql] SELECT * FROM `carver_link` WHERE  ( is_confirm=2 ) LIMIT 20 [ RunTime:0.002272s ]
[2021-08-12T16:35:30+08:00][sql] SELECT `article_label` FROM `carver_article` [ RunTime:0.000516s ]
[2021-08-12T16:35:30+08:00][sql] SHOW FULL COLUMNS FROM `carver_carouse` [ RunTime:0.000794s ]
[2021-08-12T16:35:30+08:00][sql] SELECT `carouse_img`,`carouse_desc` FROM `carver_carouse` WHERE  `is_show` = 1 ORDER BY `carouse_sort` DESC LIMIT 3 [ RunTime:0.000388s ]
[2021-08-12T16:35:30+08:00][sql] SHOW FULL COLUMNS FROM `carver_site` [ RunTime:0.002500s ]
[2021-08-12T16:35:30+08:00][sql] SELECT * FROM `carver_site` [ RunTime:0.000328s ]
[2021-08-12T16:36:18+08:00][sql] CONNECT:[ UseTime:0.000541s ] mysql:host=127.0.0.1;port=3306;dbname=carver;charset=utf8
[2021-08-12T16:36:18+08:00][sql] SHOW FULL COLUMNS FROM `carver_user` [ RunTime:0.000961s ]
[2021-08-12T16:36:18+08:00][sql] SHOW FULL COLUMNS FROM `carver_article` [ RunTime:0.000804s ]
[2021-08-12T16:36:18+08:00][sql] SELECT COUNT(*) AS think_count FROM `carver_article` WHERE  `delete_time` = 0  AND `is_show` = 1 [ RunTime:0.000561s ]
[2021-08-12T16:36:18+08:00][sql] SELECT `article_id`,`article_title`,`article_desc`,`article_content`,`article_img`,`article_guide`,`article_label`,`click_num`,`is_show`,`add_time`,`article_author`,`is_top_show` FROM `carver_article` WHERE  `delete_time` = 0  AND `is_show` = 1 ORDER BY `article_id` DESC LIMIT 24,6 [ RunTime:0.001220s ]
[2021-08-12T16:36:18+08:00][sql] SELECT article_id,article_title,click_num,FROM_UNIXTIME(add_time,'%Y-%m-%d') as add_time FROM `carver_article` WHERE  `is_show` = 1  AND `delete_time` = 0 ORDER BY `click_num` DESC LIMIT 3 [ RunTime:0.000618s ]
[2021-08-12T16:36:18+08:00][sql] SHOW FULL COLUMNS FROM `carver_notice` [ RunTime:0.000788s ]
[2021-08-12T16:36:18+08:00][sql] SELECT * FROM `carver_notice` ORDER BY `create_time` DESC LIMIT 3 [ RunTime:0.000351s ]
[2021-08-12T16:36:18+08:00][sql] SHOW FULL COLUMNS FROM `carver_navigation` [ RunTime:0.000721s ]
[2021-08-12T16:36:18+08:00][sql] SELECT * FROM `carver_navigation` [ RunTime:0.000308s ]
[2021-08-12T16:36:18+08:00][sql] SHOW FULL COLUMNS FROM `carver_link` [ RunTime:0.001202s ]
[2021-08-12T16:36:18+08:00][sql] SELECT * FROM `carver_link` WHERE  ( is_confirm=2 ) LIMIT 20 [ RunTime:0.000366s ]
[2021-08-12T16:36:18+08:00][sql] SELECT `article_label` FROM `carver_article` [ RunTime:0.000306s ]
[2021-08-12T16:36:18+08:00][sql] SHOW FULL COLUMNS FROM `carver_carouse` [ RunTime:0.000649s ]
[2021-08-12T16:36:18+08:00][sql] SELECT `carouse_img`,`carouse_desc` FROM `carver_carouse` WHERE  `is_show` = 1 ORDER BY `carouse_sort` DESC LIMIT 3 [ RunTime:0.000374s ]
[2021-08-12T16:36:18+08:00][sql] SHOW FULL COLUMNS FROM `carver_site` [ RunTime:0.000790s ]
[2021-08-12T16:36:18+08:00][sql] SELECT * FROM `carver_site` [ RunTime:0.000261s ]
[2021-08-12T16:36:31+08:00][sql] CONNECT:[ UseTime:0.000580s ] mysql:host=127.0.0.1;port=3306;dbname=carver;charset=utf8
[2021-08-12T16:36:31+08:00][sql] SHOW FULL COLUMNS FROM `carver_user` [ RunTime:0.000995s ]
[2021-08-12T16:36:31+08:00][sql] SHOW FULL COLUMNS FROM `carver_article` [ RunTime:0.000781s ]
[2021-08-12T16:36:31+08:00][sql] SELECT COUNT(*) AS think_count FROM `carver_article` WHERE  `delete_time` = 0  AND `is_show` = 1 [ RunTime:0.000414s ]
[2021-08-12T16:36:31+08:00][sql] SELECT `article_id`,`article_title`,`article_desc`,`article_content`,`article_img`,`article_guide`,`article_label`,`click_num`,`is_show`,`add_time`,`article_author`,`is_top_show` FROM `carver_article` WHERE  `delete_time` = 0  AND `is_show` = 1 ORDER BY `article_id` DESC LIMIT 24,6 [ RunTime:0.001002s ]
[2021-08-12T16:36:31+08:00][sql] SELECT article_id,article_title,click_num,FROM_UNIXTIME(add_time,'%Y-%m-%d') as add_time FROM `carver_article` WHERE  `is_show` = 1  AND `delete_time` = 0 ORDER BY `click_num` DESC LIMIT 3 [ RunTime:0.000605s ]
[2021-08-12T16:36:31+08:00][sql] SHOW FULL COLUMNS FROM `carver_notice` [ RunTime:0.000755s ]
[2021-08-12T16:36:31+08:00][sql] SELECT * FROM `carver_notice` ORDER BY `create_time` DESC LIMIT 3 [ RunTime:0.000343s ]
[2021-08-12T16:36:31+08:00][sql] SHOW FULL COLUMNS FROM `carver_navigation` [ RunTime:0.000732s ]
[2021-08-12T16:36:31+08:00][sql] SELECT * FROM `carver_navigation` [ RunTime:0.000310s ]
[2021-08-12T16:36:31+08:00][sql] SHOW FULL COLUMNS FROM `carver_link` [ RunTime:0.000619s ]
[2021-08-12T16:36:31+08:00][sql] SELECT * FROM `carver_link` WHERE  ( is_confirm=2 ) LIMIT 20 [ RunTime:0.000335s ]
[2021-08-12T16:36:31+08:00][sql] SELECT `article_label` FROM `carver_article` [ RunTime:0.000296s ]
[2021-08-12T16:36:31+08:00][sql] SHOW FULL COLUMNS FROM `carver_carouse` [ RunTime:0.000672s ]
[2021-08-12T16:36:31+08:00][sql] SELECT `carouse_img`,`carouse_desc` FROM `carver_carouse` WHERE  `is_show` = 1 ORDER BY `carouse_sort` DESC LIMIT 3 [ RunTime:0.000366s ]
[2021-08-12T16:36:31+08:00][sql] SHOW FULL COLUMNS FROM `carver_site` [ RunTime:0.000621s ]
[2021-08-12T16:36:31+08:00][sql] SELECT * FROM `carver_site` [ RunTime:0.000262s ]
[2021-08-12T16:36:43+08:00][sql] CONNECT:[ UseTime:0.000571s ] mysql:host=127.0.0.1;port=3306;dbname=carver;charset=utf8
[2021-08-12T16:36:43+08:00][sql] SHOW FULL COLUMNS FROM `carver_user` [ RunTime:0.001198s ]
[2021-08-12T16:36:43+08:00][sql] SHOW FULL COLUMNS FROM `carver_article` [ RunTime:0.000695s ]
[2021-08-12T16:36:43+08:00][sql] SELECT COUNT(*) AS think_count FROM `carver_article` WHERE  `delete_time` = 0  AND `is_show` = 1 [ RunTime:0.000399s ]
[2021-08-12T16:36:43+08:00][sql] SELECT `article_id`,`article_title`,`article_desc`,`article_content`,`article_img`,`article_guide`,`article_label`,`click_num`,`is_show`,`add_time`,`article_author`,`is_top_show` FROM `carver_article` WHERE  `delete_time` = 0  AND `is_show` = 1 ORDER BY `article_id` DESC LIMIT 0,6 [ RunTime:0.000923s ]
[2021-08-12T16:36:43+08:00][sql] SELECT article_id,article_title,click_num,FROM_UNIXTIME(add_time,'%Y-%m-%d') as add_time FROM `carver_article` WHERE  `is_show` = 1  AND `delete_time` = 0 ORDER BY `click_num` DESC LIMIT 3 [ RunTime:0.000634s ]
[2021-08-12T16:36:43+08:00][sql] SHOW FULL COLUMNS FROM `carver_notice` [ RunTime:0.000734s ]
[2021-08-12T16:36:43+08:00][sql] SELECT * FROM `carver_notice` ORDER BY `create_time` DESC LIMIT 3 [ RunTime:0.000319s ]
[2021-08-12T16:36:43+08:00][sql] SHOW FULL COLUMNS FROM `carver_navigation` [ RunTime:0.000655s ]
[2021-08-12T16:36:43+08:00][sql] SELECT * FROM `carver_navigation` [ RunTime:0.000289s ]
[2021-08-12T16:36:43+08:00][sql] SHOW FULL COLUMNS FROM `carver_link` [ RunTime:0.000677s ]
[2021-08-12T16:36:43+08:00][sql] SELECT * FROM `carver_link` WHERE  ( is_confirm=2 ) LIMIT 20 [ RunTime:0.000599s ]
[2021-08-12T16:36:43+08:00][sql] SELECT `article_label` FROM `carver_article` [ RunTime:0.000373s ]
[2021-08-12T16:36:43+08:00][sql] SHOW FULL COLUMNS FROM `carver_carouse` [ RunTime:0.000628s ]
[2021-08-12T16:36:43+08:00][sql] SELECT `carouse_img`,`carouse_desc` FROM `carver_carouse` WHERE  `is_show` = 1 ORDER BY `carouse_sort` DESC LIMIT 3 [ RunTime:0.000334s ]
[2021-08-12T16:36:43+08:00][sql] SHOW FULL COLUMNS FROM `carver_site` [ RunTime:0.000667s ]
[2021-08-12T16:36:43+08:00][sql] SELECT * FROM `carver_site` [ RunTime:0.000260s ]
[2021-08-12T22:27:08+08:00][sql] CONNECT:[ UseTime:0.000590s ] mysql:host=127.0.0.1;port=3306;dbname=carver;charset=utf8
[2021-08-12T22:27:08+08:00][sql] SHOW FULL COLUMNS FROM `carver_user` [ RunTime:0.000851s ]
[2021-08-12T22:27:08+08:00][sql] SHOW FULL COLUMNS FROM `carver_article` [ RunTime:0.000724s ]
[2021-08-12T22:27:08+08:00][sql] SELECT COUNT(*) AS think_count FROM `carver_article` WHERE  `delete_time` = 0  AND `is_show` = 1 [ RunTime:0.002660s ]
[2021-08-12T22:27:08+08:00][sql] SELECT `article_id`,`article_title`,`article_desc`,`article_content`,`article_img`,`article_guide`,`article_label`,`click_num`,`is_show`,`add_time`,`article_author`,`is_top_show` FROM `carver_article` WHERE  `delete_time` = 0  AND `is_show` = 1 ORDER BY `article_id` DESC LIMIT 0,6 [ RunTime:0.000788s ]
[2021-08-12T22:27:08+08:00][sql] SELECT article_id,article_title,click_num,FROM_UNIXTIME(add_time,'%Y-%m-%d') as add_time FROM `carver_article` WHERE  `is_show` = 1  AND `delete_time` = 0 ORDER BY `click_num` DESC LIMIT 3 [ RunTime:0.000717s ]
[2021-08-12T22:27:08+08:00][sql] SHOW FULL COLUMNS FROM `carver_notice` [ RunTime:0.000757s ]
[2021-08-12T22:27:08+08:00][sql] SELECT * FROM `carver_notice` ORDER BY `create_time` DESC LIMIT 3 [ RunTime:0.000335s ]
[2021-08-12T22:27:08+08:00][sql] SHOW FULL COLUMNS FROM `carver_navigation` [ RunTime:0.000627s ]
[2021-08-12T22:27:08+08:00][sql] SELECT * FROM `carver_navigation` [ RunTime:0.000276s ]
[2021-08-12T22:27:08+08:00][sql] SHOW FULL COLUMNS FROM `carver_link` [ RunTime:0.000657s ]
[2021-08-12T22:27:08+08:00][sql] SELECT * FROM `carver_link` WHERE  ( is_confirm=2 ) LIMIT 20 [ RunTime:0.000344s ]
[2021-08-12T22:27:08+08:00][sql] SELECT `article_label` FROM `carver_article` [ RunTime:0.000287s ]
[2021-08-12T22:27:08+08:00][sql] SHOW FULL COLUMNS FROM `carver_carouse` [ RunTime:0.000665s ]
[2021-08-12T22:27:08+08:00][sql] SELECT `carouse_img`,`carouse_desc` FROM `carver_carouse` WHERE  `is_show` = 1 ORDER BY `carouse_sort` DESC LIMIT 3 [ RunTime:0.000345s ]
[2021-08-12T22:27:08+08:00][sql] SHOW FULL COLUMNS FROM `carver_site` [ RunTime:0.000589s ]
[2021-08-12T22:27:08+08:00][sql] SELECT * FROM `carver_site` [ RunTime:0.000264s ]
