[2021-06-02T00:31:35+08:00][sql] CONNECT:[ UseTime:0.000592s ] mysql:host=127.0.0.1;port=3306;dbname=carver;charset=utf8
[2021-06-02T00:31:35+08:00][sql] SHOW FULL COLUMNS FROM `carver_article` [ RunTime:0.000885s ]
[2021-06-02T00:31:35+08:00][sql] SELECT COUNT(*) AS think_count FROM `carver_article` WHERE  `article_label` LIKE '%angerjs%'  AND `delete_time` = 0  AND `is_show` = 1 [ RunTime:0.000432s ]
[2021-06-02T00:31:35+08:00][sql] SELECT * FROM `carver_article` WHERE  `article_label` LIKE '%angerjs%'  AND `delete_time` = 0  AND `is_show` = 1 LIMIT 0,6 [ RunTime:0.001071s ]
[2021-06-02T00:31:35+08:00][sql] SELECT article_id,article_title,click_num,FROM_UNIXTIME(add_time,'%Y-%m-%d') as add_time FROM `carver_article` WHERE  `is_show` = 1  AND `delete_time` = 0 ORDER BY `click_num` DESC LIMIT 3 [ RunTime:0.000539s ]
[2021-06-02T00:31:35+08:00][sql] SHOW FULL COLUMNS FROM `carver_notice` [ RunTime:0.000693s ]
[2021-06-02T00:31:35+08:00][sql] SELECT * FROM `carver_notice` ORDER BY `create_time` DESC LIMIT 3 [ RunTime:0.000415s ]
[2021-06-02T00:31:35+08:00][sql] SHOW FULL COLUMNS FROM `carver_navigation` [ RunTime:0.000577s ]
[2021-06-02T00:31:35+08:00][sql] SELECT * FROM `carver_navigation` [ RunTime:0.000319s ]
[2021-06-02T00:31:35+08:00][sql] SHOW FULL COLUMNS FROM `carver_link` [ RunTime:0.000566s ]
[2021-06-02T00:31:35+08:00][sql] SELECT * FROM `carver_link` WHERE  ( is_confirm=2 ) LIMIT 20 [ RunTime:0.000357s ]
[2021-06-02T00:31:35+08:00][sql] SELECT `article_label` FROM `carver_article` [ RunTime:0.000279s ]
[2021-06-02T00:31:35+08:00][sql] SHOW FULL COLUMNS FROM `carver_carouse` [ RunTime:0.000537s ]
[2021-06-02T00:31:35+08:00][sql] SELECT `carouse_img`,`carouse_desc` FROM `carver_carouse` WHERE  `is_show` = 1 ORDER BY `carouse_sort` DESC LIMIT 3 [ RunTime:0.000308s ]
[2021-06-02T00:31:35+08:00][sql] SHOW FULL COLUMNS FROM `carver_site` [ RunTime:0.000581s ]
[2021-06-02T00:31:35+08:00][sql] SELECT * FROM `carver_site` [ RunTime:0.000301s ]
[2021-06-02T00:37:16+08:00][sql] CONNECT:[ UseTime:0.000667s ] mysql:host=127.0.0.1;port=3306;dbname=carver;charset=utf8
[2021-06-02T00:37:16+08:00][sql] SHOW FULL COLUMNS FROM `carver_article` [ RunTime:0.000921s ]
[2021-06-02T00:37:16+08:00][sql] SELECT COUNT(*) AS think_count FROM `carver_article` WHERE  `article_guide` = 6  AND `delete_time` = 0  AND `is_show` = 1 [ RunTime:0.000424s ]
[2021-06-02T00:37:16+08:00][sql] SELECT * FROM `carver_article` WHERE  `article_guide` = 6  AND `delete_time` = 0  AND `is_show` = 1 ORDER BY `add_time` DESC LIMIT 12,6 [ RunTime:0.000493s ]
[2021-06-02T00:37:16+08:00][sql] SELECT article_id,article_title,click_num,FROM_UNIXTIME(add_time,'%Y-%m-%d') as add_time FROM `carver_article` WHERE  `is_show` = 1  AND `delete_time` = 0 ORDER BY `click_num` DESC LIMIT 3 [ RunTime:0.000483s ]
[2021-06-02T00:37:16+08:00][sql] SHOW FULL COLUMNS FROM `carver_notice` [ RunTime:0.000679s ]
[2021-06-02T00:37:16+08:00][sql] SELECT * FROM `carver_notice` ORDER BY `create_time` DESC LIMIT 3 [ RunTime:0.000334s ]
[2021-06-02T00:37:16+08:00][sql] SHOW FULL COLUMNS FROM `carver_navigation` [ RunTime:0.000568s ]
[2021-06-02T00:37:16+08:00][sql] SELECT * FROM `carver_navigation` [ RunTime:0.000304s ]
[2021-06-02T00:37:16+08:00][sql] SELECT `article_label` FROM `carver_article` [ RunTime:0.000276s ]
[2021-06-02T00:37:16+08:00][sql] SHOW FULL COLUMNS FROM `carver_carouse` [ RunTime:0.000588s ]
[2021-06-02T00:37:16+08:00][sql] SELECT `carouse_img`,`carouse_desc` FROM `carver_carouse` WHERE  `is_show` = 1 ORDER BY `carouse_sort` DESC LIMIT 3 [ RunTime:0.000317s ]
[2021-06-02T00:37:16+08:00][sql] SHOW FULL COLUMNS FROM `carver_link` [ RunTime:0.000538s ]
[2021-06-02T00:37:16+08:00][sql] SELECT * FROM `carver_link` WHERE  ( is_confirm=2 ) LIMIT 20 [ RunTime:0.000327s ]
[2021-06-02T00:37:16+08:00][sql] SHOW FULL COLUMNS FROM `carver_site` [ RunTime:0.000576s ]
[2021-06-02T00:37:16+08:00][sql] SELECT * FROM `carver_site` [ RunTime:0.000338s ]
[2021-06-02T00:52:13+08:00][sql] CONNECT:[ UseTime:0.000595s ] mysql:host=127.0.0.1;port=3306;dbname=carver;charset=utf8
[2021-06-02T00:52:13+08:00][sql] SHOW FULL COLUMNS FROM `carver_user` [ RunTime:0.000839s ]
[2021-06-02T00:52:13+08:00][sql] SHOW FULL COLUMNS FROM `carver_article` [ RunTime:0.000714s ]
[2021-06-02T00:52:13+08:00][sql] SELECT COUNT(*) AS think_count FROM `carver_article` WHERE  `delete_time` = 0  AND `is_show` = 1 [ RunTime:0.000426s ]
[2021-06-02T00:52:13+08:00][sql] SELECT `article_id`,`article_title`,`article_desc`,`article_content`,`article_img`,`article_guide`,`article_label`,`click_num`,`is_show`,`add_time`,`article_author`,`is_top_show` FROM `carver_article` WHERE  `delete_time` = 0  AND `is_show` = 1 ORDER BY `article_id` DESC LIMIT 0,6 [ RunTime:0.000650s ]
[2021-06-02T00:52:13+08:00][sql] SELECT article_id,article_title,click_num,FROM_UNIXTIME(add_time,'%Y-%m-%d') as add_time FROM `carver_article` WHERE  `is_show` = 1  AND `delete_time` = 0 ORDER BY `click_num` DESC LIMIT 3 [ RunTime:0.000404s ]
[2021-06-02T00:52:13+08:00][sql] SHOW FULL COLUMNS FROM `carver_notice` [ RunTime:0.000542s ]
[2021-06-02T00:52:13+08:00][sql] SELECT * FROM `carver_notice` ORDER BY `create_time` DESC LIMIT 3 [ RunTime:0.000283s ]
[2021-06-02T00:52:13+08:00][sql] SHOW FULL COLUMNS FROM `carver_navigation` [ RunTime:0.000525s ]
[2021-06-02T00:52:13+08:00][sql] SELECT * FROM `carver_navigation` [ RunTime:0.000241s ]
[2021-06-02T00:52:13+08:00][sql] SHOW FULL COLUMNS FROM `carver_link` [ RunTime:0.000546s ]
[2021-06-02T00:52:13+08:00][sql] SELECT * FROM `carver_link` WHERE  ( is_confirm=2 ) LIMIT 20 [ RunTime:0.000307s ]
[2021-06-02T00:52:13+08:00][sql] SELECT `article_label` FROM `carver_article` [ RunTime:0.000250s ]
[2021-06-02T00:52:13+08:00][sql] SHOW FULL COLUMNS FROM `carver_carouse` [ RunTime:0.000511s ]
[2021-06-02T00:52:13+08:00][sql] SELECT `carouse_img`,`carouse_desc` FROM `carver_carouse` WHERE  `is_show` = 1 ORDER BY `carouse_sort` DESC LIMIT 3 [ RunTime:0.000304s ]
[2021-06-02T00:52:13+08:00][sql] SHOW FULL COLUMNS FROM `carver_site` [ RunTime:0.000504s ]
[2021-06-02T00:52:13+08:00][sql] SELECT * FROM `carver_site` [ RunTime:0.000271s ]
[2021-06-02T00:52:14+08:00][sql] CONNECT:[ UseTime:0.000639s ] mysql:host=127.0.0.1;port=3306;dbname=carver;charset=utf8
[2021-06-02T00:52:14+08:00][sql] SHOW FULL COLUMNS FROM `carver_user` [ RunTime:0.001537s ]
[2021-06-02T00:52:14+08:00][sql] SHOW FULL COLUMNS FROM `carver_article` [ RunTime:0.000864s ]
[2021-06-02T00:52:14+08:00][sql] SELECT COUNT(*) AS think_count FROM `carver_article` WHERE  `delete_time` = 0  AND `is_show` = 1 [ RunTime:0.000519s ]
[2021-06-02T00:52:14+08:00][sql] SELECT `article_id`,`article_title`,`article_desc`,`article_content`,`article_img`,`article_guide`,`article_label`,`click_num`,`is_show`,`add_time`,`article_author`,`is_top_show` FROM `carver_article` WHERE  `delete_time` = 0  AND `is_show` = 1 ORDER BY `article_id` DESC LIMIT 0,6 [ RunTime:0.000987s ]
[2021-06-02T00:52:14+08:00][sql] SELECT article_id,article_title,click_num,FROM_UNIXTIME(add_time,'%Y-%m-%d') as add_time FROM `carver_article` WHERE  `is_show` = 1  AND `delete_time` = 0 ORDER BY `click_num` DESC LIMIT 3 [ RunTime:0.000640s ]
[2021-06-02T00:52:14+08:00][sql] SHOW FULL COLUMNS FROM `carver_notice` [ RunTime:0.000754s ]
[2021-06-02T00:52:14+08:00][sql] SELECT * FROM `carver_notice` ORDER BY `create_time` DESC LIMIT 3 [ RunTime:0.000441s ]
[2021-06-02T00:52:14+08:00][sql] SHOW FULL COLUMNS FROM `carver_navigation` [ RunTime:0.000720s ]
[2021-06-02T00:52:14+08:00][sql] SELECT * FROM `carver_navigation` [ RunTime:0.000341s ]
[2021-06-02T00:52:14+08:00][sql] SHOW FULL COLUMNS FROM `carver_link` [ RunTime:0.000651s ]
[2021-06-02T00:52:14+08:00][sql] SELECT * FROM `carver_link` WHERE  ( is_confirm=2 ) LIMIT 20 [ RunTime:0.000377s ]
[2021-06-02T00:52:14+08:00][sql] SELECT `article_label` FROM `carver_article` [ RunTime:0.000398s ]
[2021-06-02T00:52:14+08:00][sql] SHOW FULL COLUMNS FROM `carver_carouse` [ RunTime:0.000661s ]
[2021-06-02T00:52:14+08:00][sql] SELECT `carouse_img`,`carouse_desc` FROM `carver_carouse` WHERE  `is_show` = 1 ORDER BY `carouse_sort` DESC LIMIT 3 [ RunTime:0.000448s ]
[2021-06-02T00:52:14+08:00][sql] SHOW FULL COLUMNS FROM `carver_site` [ RunTime:0.000622s ]
[2021-06-02T00:52:14+08:00][sql] SELECT * FROM `carver_site` [ RunTime:0.000360s ]
[2021-06-02T00:52:15+08:00][sql] CONNECT:[ UseTime:0.000556s ] mysql:host=127.0.0.1;port=3306;dbname=carver;charset=utf8
[2021-06-02T00:52:15+08:00][sql] SHOW FULL COLUMNS FROM `carver_article` [ RunTime:0.000972s ]
[2021-06-02T00:52:15+08:00][sql] SELECT COUNT(*) AS think_count FROM `carver_article` WHERE  `article_guide` = 5  AND `delete_time` = 0  AND `is_show` = 1 [ RunTime:0.000441s ]
[2021-06-02T00:52:15+08:00][sql] SELECT * FROM `carver_article` WHERE  `article_guide` = 5  AND `delete_time` = 0  AND `is_show` = 1 ORDER BY `add_time` DESC LIMIT 0,6 [ RunTime:0.002801s ]
[2021-06-02T00:52:15+08:00][sql] SELECT article_id,article_title,click_num,FROM_UNIXTIME(add_time,'%Y-%m-%d') as add_time FROM `carver_article` WHERE  `is_show` = 1  AND `delete_time` = 0 ORDER BY `click_num` DESC LIMIT 3 [ RunTime:0.001441s ]
[2021-06-02T00:52:15+08:00][sql] SHOW FULL COLUMNS FROM `carver_notice` [ RunTime:0.000674s ]
[2021-06-02T00:52:15+08:00][sql] SELECT * FROM `carver_notice` ORDER BY `create_time` DESC LIMIT 3 [ RunTime:0.000306s ]
[2021-06-02T00:52:15+08:00][sql] SHOW FULL COLUMNS FROM `carver_navigation` [ RunTime:0.000538s ]
[2021-06-02T00:52:15+08:00][sql] SELECT * FROM `carver_navigation` [ RunTime:0.000256s ]
[2021-06-02T00:52:15+08:00][sql] SELECT `article_label` FROM `carver_article` [ RunTime:0.000248s ]
[2021-06-02T00:52:15+08:00][sql] SHOW FULL COLUMNS FROM `carver_carouse` [ RunTime:0.000590s ]
[2021-06-02T00:52:15+08:00][sql] SELECT `carouse_img`,`carouse_desc` FROM `carver_carouse` WHERE  `is_show` = 1 ORDER BY `carouse_sort` DESC LIMIT 3 [ RunTime:0.000322s ]
[2021-06-02T00:52:15+08:00][sql] SHOW FULL COLUMNS FROM `carver_link` [ RunTime:0.000504s ]
[2021-06-02T00:52:15+08:00][sql] SELECT * FROM `carver_link` WHERE  ( is_confirm=2 ) LIMIT 20 [ RunTime:0.000310s ]
[2021-06-02T00:52:15+08:00][sql] SHOW FULL COLUMNS FROM `carver_site` [ RunTime:0.000537s ]
[2021-06-02T00:52:15+08:00][sql] SELECT * FROM `carver_site` [ RunTime:0.000234s ]
[2021-06-02T00:52:16+08:00][sql] CONNECT:[ UseTime:0.006419s ] mysql:host=127.0.0.1;port=3306;dbname=carver;charset=utf8
[2021-06-02T00:52:16+08:00][sql] SHOW FULL COLUMNS FROM `carver_article` [ RunTime:0.000995s ]
[2021-06-02T00:52:16+08:00][sql] SELECT COUNT(*) AS think_count FROM `carver_article` WHERE  `article_guide` = 6  AND `delete_time` = 0  AND `is_show` = 1 [ RunTime:0.000424s ]
[2021-06-02T00:52:16+08:00][sql] SELECT * FROM `carver_article` WHERE  `article_guide` = 6  AND `delete_time` = 0  AND `is_show` = 1 ORDER BY `add_time` DESC LIMIT 0,6 [ RunTime:0.000750s ]
[2021-06-02T00:52:16+08:00][sql] SELECT article_id,article_title,click_num,FROM_UNIXTIME(add_time,'%Y-%m-%d') as add_time FROM `carver_article` WHERE  `is_show` = 1  AND `delete_time` = 0 ORDER BY `click_num` DESC LIMIT 3 [ RunTime:0.000458s ]
[2021-06-02T00:52:16+08:00][sql] SHOW FULL COLUMNS FROM `carver_notice` [ RunTime:0.000606s ]
[2021-06-02T00:52:16+08:00][sql] SELECT * FROM `carver_notice` ORDER BY `create_time` DESC LIMIT 3 [ RunTime:0.011512s ]
[2021-06-02T00:52:16+08:00][sql] SHOW FULL COLUMNS FROM `carver_navigation` [ RunTime:0.000856s ]
[2021-06-02T00:52:16+08:00][sql] SELECT * FROM `carver_navigation` [ RunTime:0.000286s ]
[2021-06-02T00:52:16+08:00][sql] SELECT `article_label` FROM `carver_article` [ RunTime:0.000286s ]
[2021-06-02T00:52:16+08:00][sql] SHOW FULL COLUMNS FROM `carver_carouse` [ RunTime:0.000525s ]
[2021-06-02T00:52:16+08:00][sql] SELECT `carouse_img`,`carouse_desc` FROM `carver_carouse` WHERE  `is_show` = 1 ORDER BY `carouse_sort` DESC LIMIT 3 [ RunTime:0.000324s ]
[2021-06-02T00:52:16+08:00][sql] SHOW FULL COLUMNS FROM `carver_link` [ RunTime:0.000604s ]
[2021-06-02T00:52:16+08:00][sql] SELECT * FROM `carver_link` WHERE  ( is_confirm=2 ) LIMIT 20 [ RunTime:0.000287s ]
[2021-06-02T00:52:16+08:00][sql] SHOW FULL COLUMNS FROM `carver_site` [ RunTime:0.000552s ]
[2021-06-02T00:52:16+08:00][sql] SELECT * FROM `carver_site` [ RunTime:0.000239s ]
[2021-06-02T00:52:19+08:00][sql] CONNECT:[ UseTime:0.001833s ] mysql:host=127.0.0.1;port=3306;dbname=carver;charset=utf8
[2021-06-02T00:52:19+08:00][sql] SHOW FULL COLUMNS FROM `carver_article` [ RunTime:0.000885s ]
[2021-06-02T00:52:19+08:00][sql] SELECT COUNT(*) AS think_count FROM `carver_article` WHERE  `article_guide` = 8  AND `delete_time` = 0  AND `is_show` = 1 [ RunTime:0.000431s ]
[2021-06-02T00:52:19+08:00][sql] SELECT * FROM `carver_article` WHERE  `article_guide` = 8  AND `delete_time` = 0  AND `is_show` = 1 ORDER BY `add_time` DESC LIMIT 0,6 [ RunTime:0.000643s ]
[2021-06-02T00:52:19+08:00][sql] SELECT article_id,article_title,click_num,FROM_UNIXTIME(add_time,'%Y-%m-%d') as add_time FROM `carver_article` WHERE  `is_show` = 1  AND `delete_time` = 0 ORDER BY `click_num` DESC LIMIT 3 [ RunTime:0.000831s ]
[2021-06-02T00:52:19+08:00][sql] SHOW FULL COLUMNS FROM `carver_notice` [ RunTime:0.000588s ]
[2021-06-02T00:52:19+08:00][sql] SELECT * FROM `carver_notice` ORDER BY `create_time` DESC LIMIT 3 [ RunTime:0.000288s ]
[2021-06-02T00:52:19+08:00][sql] SHOW FULL COLUMNS FROM `carver_navigation` [ RunTime:0.000549s ]
[2021-06-02T00:52:19+08:00][sql] SELECT * FROM `carver_navigation` [ RunTime:0.000243s ]
[2021-06-02T00:52:19+08:00][sql] SELECT `article_label` FROM `carver_article` [ RunTime:0.000270s ]
[2021-06-02T00:52:19+08:00][sql] SHOW FULL COLUMNS FROM `carver_carouse` [ RunTime:0.000482s ]
[2021-06-02T00:52:19+08:00][sql] SELECT `carouse_img`,`carouse_desc` FROM `carver_carouse` WHERE  `is_show` = 1 ORDER BY `carouse_sort` DESC LIMIT 3 [ RunTime:0.000319s ]
[2021-06-02T00:52:19+08:00][sql] SHOW FULL COLUMNS FROM `carver_link` [ RunTime:0.000476s ]
[2021-06-02T00:52:19+08:00][sql] SELECT * FROM `carver_link` WHERE  ( is_confirm=2 ) LIMIT 20 [ RunTime:0.000292s ]
[2021-06-02T00:52:19+08:00][sql] SHOW FULL COLUMNS FROM `carver_site` [ RunTime:0.000531s ]
[2021-06-02T00:52:19+08:00][sql] SELECT * FROM `carver_site` [ RunTime:0.000270s ]
[2021-06-02T01:16:39+08:00][sql] CONNECT:[ UseTime:0.000618s ] mysql:host=127.0.0.1;port=3306;dbname=carver;charset=utf8
[2021-06-02T01:16:39+08:00][sql] SHOW FULL COLUMNS FROM `carver_article` [ RunTime:0.000896s ]
[2021-06-02T01:16:39+08:00][sql] SELECT COUNT(*) AS think_count FROM `carver_article` WHERE  `article_label` LIKE '%angerjs%'  AND `delete_time` = 0  AND `is_show` = 1 [ RunTime:0.000480s ]
[2021-06-02T01:16:39+08:00][sql] SELECT * FROM `carver_article` WHERE  `article_label` LIKE '%angerjs%'  AND `delete_time` = 0  AND `is_show` = 1 LIMIT 0,6 [ RunTime:0.001367s ]
[2021-06-02T01:16:39+08:00][sql] SELECT article_id,article_title,click_num,FROM_UNIXTIME(add_time,'%Y-%m-%d') as add_time FROM `carver_article` WHERE  `is_show` = 1  AND `delete_time` = 0 ORDER BY `click_num` DESC LIMIT 3 [ RunTime:0.000501s ]
[2021-06-02T01:16:39+08:00][sql] SHOW FULL COLUMNS FROM `carver_notice` [ RunTime:0.000670s ]
[2021-06-02T01:16:39+08:00][sql] SELECT * FROM `carver_notice` ORDER BY `create_time` DESC LIMIT 3 [ RunTime:0.000401s ]
[2021-06-02T01:16:39+08:00][sql] SHOW FULL COLUMNS FROM `carver_navigation` [ RunTime:0.000616s ]
[2021-06-02T01:16:39+08:00][sql] SELECT * FROM `carver_navigation` [ RunTime:0.000307s ]
[2021-06-02T01:16:39+08:00][sql] SHOW FULL COLUMNS FROM `carver_link` [ RunTime:0.000593s ]
[2021-06-02T01:16:39+08:00][sql] SELECT * FROM `carver_link` WHERE  ( is_confirm=2 ) LIMIT 20 [ RunTime:0.000358s ]
[2021-06-02T01:16:39+08:00][sql] SELECT `article_label` FROM `carver_article` [ RunTime:0.000268s ]
[2021-06-02T01:16:39+08:00][sql] SHOW FULL COLUMNS FROM `carver_carouse` [ RunTime:0.000634s ]
[2021-06-02T01:16:39+08:00][sql] SELECT `carouse_img`,`carouse_desc` FROM `carver_carouse` WHERE  `is_show` = 1 ORDER BY `carouse_sort` DESC LIMIT 3 [ RunTime:0.000318s ]
[2021-06-02T01:16:39+08:00][sql] SHOW FULL COLUMNS FROM `carver_site` [ RunTime:0.000588s ]
[2021-06-02T01:16:39+08:00][sql] SELECT * FROM `carver_site` [ RunTime:0.000287s ]
[2021-06-02T02:16:46+08:00][sql] CONNECT:[ UseTime:0.000494s ] mysql:host=127.0.0.1;port=3306;dbname=carver;charset=utf8
[2021-06-02T02:16:46+08:00][sql] SHOW FULL COLUMNS FROM `carver_article` [ RunTime:0.000967s ]
[2021-06-02T02:16:46+08:00][sql] SELECT COUNT(*) AS think_count FROM `carver_article` WHERE  `article_label` LIKE '%angerjs%'  AND `delete_time` = 0  AND `is_show` = 1 [ RunTime:0.000411s ]
[2021-06-02T02:16:46+08:00][sql] SELECT * FROM `carver_article` WHERE  `article_label` LIKE '%angerjs%'  AND `delete_time` = 0  AND `is_show` = 1 LIMIT 0,6 [ RunTime:0.001050s ]
[2021-06-02T02:16:46+08:00][sql] SELECT article_id,article_title,click_num,FROM_UNIXTIME(add_time,'%Y-%m-%d') as add_time FROM `carver_article` WHERE  `is_show` = 1  AND `delete_time` = 0 ORDER BY `click_num` DESC LIMIT 3 [ RunTime:0.000440s ]
[2021-06-02T02:16:46+08:00][sql] SHOW FULL COLUMNS FROM `carver_notice` [ RunTime:0.000586s ]
[2021-06-02T02:16:46+08:00][sql] SELECT * FROM `carver_notice` ORDER BY `create_time` DESC LIMIT 3 [ RunTime:0.000285s ]
[2021-06-02T02:16:46+08:00][sql] SHOW FULL COLUMNS FROM `carver_navigation` [ RunTime:0.000548s ]
[2021-06-02T02:16:46+08:00][sql] SELECT * FROM `carver_navigation` [ RunTime:0.000288s ]
[2021-06-02T02:16:46+08:00][sql] SHOW FULL COLUMNS FROM `carver_link` [ RunTime:0.000595s ]
[2021-06-02T02:16:46+08:00][sql] SELECT * FROM `carver_link` WHERE  ( is_confirm=2 ) LIMIT 20 [ RunTime:0.000339s ]
[2021-06-02T02:16:46+08:00][sql] SELECT `article_label` FROM `carver_article` [ RunTime:0.000273s ]
[2021-06-02T02:16:46+08:00][sql] SHOW FULL COLUMNS FROM `carver_carouse` [ RunTime:0.000506s ]
[2021-06-02T02:16:46+08:00][sql] SELECT `carouse_img`,`carouse_desc` FROM `carver_carouse` WHERE  `is_show` = 1 ORDER BY `carouse_sort` DESC LIMIT 3 [ RunTime:0.000317s ]
[2021-06-02T02:16:46+08:00][sql] SHOW FULL COLUMNS FROM `carver_site` [ RunTime:0.000515s ]
[2021-06-02T02:16:46+08:00][sql] SELECT * FROM `carver_site` [ RunTime:0.000328s ]
[2021-06-02T03:07:33+08:00][sql] CONNECT:[ UseTime:0.000869s ] mysql:host=127.0.0.1;port=3306;dbname=carver;charset=utf8
[2021-06-02T03:07:33+08:00][sql] SHOW FULL COLUMNS FROM `carver_user` [ RunTime:0.000897s ]
[2021-06-02T03:07:33+08:00][sql] SHOW FULL COLUMNS FROM `carver_article` [ RunTime:0.000853s ]
[2021-06-02T03:07:33+08:00][sql] SELECT COUNT(*) AS think_count FROM `carver_article` WHERE  `delete_time` = 0  AND `is_show` = 1 [ RunTime:0.000441s ]
[2021-06-02T03:07:33+08:00][sql] SELECT `article_id`,`article_title`,`article_desc`,`article_content`,`article_img`,`article_guide`,`article_label`,`click_num`,`is_show`,`add_time`,`article_author`,`is_top_show` FROM `carver_article` WHERE  `delete_time` = 0  AND `is_show` = 1 ORDER BY `article_id` DESC LIMIT 0,6 [ RunTime:0.000717s ]
[2021-06-02T03:07:33+08:00][sql] SELECT article_id,article_title,click_num,FROM_UNIXTIME(add_time,'%Y-%m-%d') as add_time FROM `carver_article` WHERE  `is_show` = 1  AND `delete_time` = 0 ORDER BY `click_num` DESC LIMIT 3 [ RunTime:0.000486s ]
[2021-06-02T03:07:33+08:00][sql] SHOW FULL COLUMNS FROM `carver_notice` [ RunTime:0.000664s ]
[2021-06-02T03:07:33+08:00][sql] SELECT * FROM `carver_notice` ORDER BY `create_time` DESC LIMIT 3 [ RunTime:0.000308s ]
[2021-06-02T03:07:33+08:00][sql] SHOW FULL COLUMNS FROM `carver_navigation` [ RunTime:0.000549s ]
[2021-06-02T03:07:33+08:00][sql] SELECT * FROM `carver_navigation` [ RunTime:0.000254s ]
[2021-06-02T03:07:33+08:00][sql] SHOW FULL COLUMNS FROM `carver_link` [ RunTime:0.000541s ]
[2021-06-02T03:07:33+08:00][sql] SELECT * FROM `carver_link` WHERE  ( is_confirm=2 ) LIMIT 20 [ RunTime:0.000302s ]
[2021-06-02T03:07:33+08:00][sql] SELECT `article_label` FROM `carver_article` [ RunTime:0.000278s ]
[2021-06-02T03:07:33+08:00][sql] SHOW FULL COLUMNS FROM `carver_carouse` [ RunTime:0.000516s ]
[2021-06-02T03:07:33+08:00][sql] SELECT `carouse_img`,`carouse_desc` FROM `carver_carouse` WHERE  `is_show` = 1 ORDER BY `carouse_sort` DESC LIMIT 3 [ RunTime:0.000310s ]
[2021-06-02T03:07:33+08:00][sql] SHOW FULL COLUMNS FROM `carver_site` [ RunTime:0.000534s ]
[2021-06-02T03:07:33+08:00][sql] SELECT * FROM `carver_site` [ RunTime:0.000239s ]
[2021-06-02T03:43:27+08:00][sql] CONNECT:[ UseTime:0.000704s ] mysql:host=127.0.0.1;port=3306;dbname=carver;charset=utf8
[2021-06-02T03:43:27+08:00][sql] SHOW FULL COLUMNS FROM `carver_article` [ RunTime:0.000962s ]
[2021-06-02T03:43:27+08:00][sql] SELECT COUNT(*) AS think_count FROM `carver_article` WHERE  `article_guide` = 7  AND `delete_time` = 0  AND `is_show` = 1 [ RunTime:0.000434s ]
[2021-06-02T03:43:27+08:00][sql] SELECT * FROM `carver_article` WHERE  `article_guide` = 7  AND `delete_time` = 0  AND `is_show` = 1 ORDER BY `add_time` DESC LIMIT 0,6 [ RunTime:0.000439s ]
[2021-06-02T03:43:27+08:00][sql] SELECT article_id,article_title,click_num,FROM_UNIXTIME(add_time,'%Y-%m-%d') as add_time FROM `carver_article` WHERE  `is_show` = 1  AND `delete_time` = 0 ORDER BY `click_num` DESC LIMIT 3 [ RunTime:0.000579s ]
[2021-06-02T03:43:27+08:00][sql] SHOW FULL COLUMNS FROM `carver_notice` [ RunTime:0.000636s ]
[2021-06-02T03:43:27+08:00][sql] SELECT * FROM `carver_notice` ORDER BY `create_time` DESC LIMIT 3 [ RunTime:0.000301s ]
[2021-06-02T03:43:27+08:00][sql] SHOW FULL COLUMNS FROM `carver_navigation` [ RunTime:0.000544s ]
[2021-06-02T03:43:27+08:00][sql] SELECT * FROM `carver_navigation` [ RunTime:0.000293s ]
[2021-06-02T03:43:27+08:00][sql] SELECT `article_label` FROM `carver_article` [ RunTime:0.000258s ]
[2021-06-02T03:43:27+08:00][sql] SHOW FULL COLUMNS FROM `carver_carouse` [ RunTime:0.000632s ]
[2021-06-02T03:43:27+08:00][sql] SELECT `carouse_img`,`carouse_desc` FROM `carver_carouse` WHERE  `is_show` = 1 ORDER BY `carouse_sort` DESC LIMIT 3 [ RunTime:0.000344s ]
[2021-06-02T03:43:27+08:00][sql] SHOW FULL COLUMNS FROM `carver_link` [ RunTime:0.000496s ]
[2021-06-02T03:43:27+08:00][sql] SELECT * FROM `carver_link` WHERE  ( is_confirm=2 ) LIMIT 20 [ RunTime:0.000298s ]
[2021-06-02T03:43:27+08:00][sql] SHOW FULL COLUMNS FROM `carver_site` [ RunTime:0.000560s ]
[2021-06-02T03:43:27+08:00][sql] SELECT * FROM `carver_site` [ RunTime:0.000251s ]
[2021-06-02T04:01:56+08:00][sql] CONNECT:[ UseTime:0.000692s ] mysql:host=127.0.0.1;port=3306;dbname=carver;charset=utf8
[2021-06-02T04:01:56+08:00][sql] SHOW FULL COLUMNS FROM `carver_article` [ RunTime:0.000922s ]
[2021-06-02T04:01:56+08:00][sql] SELECT COUNT(*) AS think_count FROM `carver_article` WHERE  `article_label` LIKE '%angerjs%'  AND `delete_time` = 0  AND `is_show` = 1 [ RunTime:0.000425s ]
[2021-06-02T04:01:56+08:00][sql] SELECT * FROM `carver_article` WHERE  `article_label` LIKE '%angerjs%'  AND `delete_time` = 0  AND `is_show` = 1 LIMIT 0,6 [ RunTime:0.001026s ]
[2021-06-02T04:01:56+08:00][sql] SELECT article_id,article_title,click_num,FROM_UNIXTIME(add_time,'%Y-%m-%d') as add_time FROM `carver_article` WHERE  `is_show` = 1  AND `delete_time` = 0 ORDER BY `click_num` DESC LIMIT 3 [ RunTime:0.000474s ]
[2021-06-02T04:01:56+08:00][sql] SHOW FULL COLUMNS FROM `carver_notice` [ RunTime:0.000588s ]
[2021-06-02T04:01:56+08:00][sql] SELECT * FROM `carver_notice` ORDER BY `create_time` DESC LIMIT 3 [ RunTime:0.000321s ]
[2021-06-02T04:01:56+08:00][sql] SHOW FULL COLUMNS FROM `carver_navigation` [ RunTime:0.000593s ]
[2021-06-02T04:01:56+08:00][sql] SELECT * FROM `carver_navigation` [ RunTime:0.000313s ]
[2021-06-02T04:01:56+08:00][sql] SHOW FULL COLUMNS FROM `carver_link` [ RunTime:0.000976s ]
[2021-06-02T04:01:56+08:00][sql] SELECT * FROM `carver_link` WHERE  ( is_confirm=2 ) LIMIT 20 [ RunTime:0.000364s ]
[2021-06-02T04:01:56+08:00][sql] SELECT `article_label` FROM `carver_article` [ RunTime:0.000298s ]
[2021-06-02T04:01:56+08:00][sql] SHOW FULL COLUMNS FROM `carver_carouse` [ RunTime:0.000542s ]
[2021-06-02T04:01:56+08:00][sql] SELECT `carouse_img`,`carouse_desc` FROM `carver_carouse` WHERE  `is_show` = 1 ORDER BY `carouse_sort` DESC LIMIT 3 [ RunTime:0.000324s ]
[2021-06-02T04:01:56+08:00][sql] SHOW FULL COLUMNS FROM `carver_site` [ RunTime:0.000561s ]
[2021-06-02T04:01:56+08:00][sql] SELECT * FROM `carver_site` [ RunTime:0.000261s ]
[2021-06-02T04:03:15+08:00][sql] CONNECT:[ UseTime:0.000712s ] mysql:host=127.0.0.1;port=3306;dbname=carver;charset=utf8
[2021-06-02T04:03:15+08:00][sql] SHOW FULL COLUMNS FROM `carver_article` [ RunTime:0.001116s ]
[2021-06-02T04:03:15+08:00][sql] SELECT COUNT(*) AS think_count FROM `carver_article` WHERE  `article_label` LIKE '%js%'  AND `delete_time` = 0  AND `is_show` = 1 [ RunTime:0.000503s ]
[2021-06-02T04:03:15+08:00][sql] SELECT * FROM `carver_article` WHERE  `article_label` LIKE '%js%'  AND `delete_time` = 0  AND `is_show` = 1 LIMIT 0,6 [ RunTime:0.001151s ]
[2021-06-02T04:03:15+08:00][sql] SELECT article_id,article_title,click_num,FROM_UNIXTIME(add_time,'%Y-%m-%d') as add_time FROM `carver_article` WHERE  `is_show` = 1  AND `delete_time` = 0 ORDER BY `click_num` DESC LIMIT 3 [ RunTime:0.001078s ]
[2021-06-02T04:03:15+08:00][sql] SHOW FULL COLUMNS FROM `carver_notice` [ RunTime:0.000895s ]
[2021-06-02T04:03:15+08:00][sql] SELECT * FROM `carver_notice` ORDER BY `create_time` DESC LIMIT 3 [ RunTime:0.000385s ]
[2021-06-02T04:03:15+08:00][sql] SHOW FULL COLUMNS FROM `carver_navigation` [ RunTime:0.000717s ]
[2021-06-02T04:03:15+08:00][sql] SELECT * FROM `carver_navigation` [ RunTime:0.000396s ]
[2021-06-02T04:03:15+08:00][sql] SHOW FULL COLUMNS FROM `carver_link` [ RunTime:0.000735s ]
[2021-06-02T04:03:15+08:00][sql] SELECT * FROM `carver_link` WHERE  ( is_confirm=2 ) LIMIT 20 [ RunTime:0.000421s ]
[2021-06-02T04:03:15+08:00][sql] SELECT `article_label` FROM `carver_article` [ RunTime:0.000324s ]
[2021-06-02T04:03:15+08:00][sql] SHOW FULL COLUMNS FROM `carver_carouse` [ RunTime:0.000692s ]
[2021-06-02T04:03:15+08:00][sql] SELECT `carouse_img`,`carouse_desc` FROM `carver_carouse` WHERE  `is_show` = 1 ORDER BY `carouse_sort` DESC LIMIT 3 [ RunTime:0.000410s ]
[2021-06-02T04:03:15+08:00][sql] SHOW FULL COLUMNS FROM `carver_site` [ RunTime:0.000750s ]
[2021-06-02T04:03:15+08:00][sql] SELECT * FROM `carver_site` [ RunTime:0.000347s ]
[2021-06-02T04:09:31+08:00][sql] CONNECT:[ UseTime:0.001119s ] mysql:host=127.0.0.1;port=3306;dbname=carver;charset=utf8
[2021-06-02T04:09:31+08:00][sql] SHOW FULL COLUMNS FROM `carver_article` [ RunTime:0.000886s ]
[2021-06-02T04:09:31+08:00][sql] SELECT `article_id`,`article_title`,`article_desc`,`article_content`,`article_img`,`article_guide`,`article_label`,`click_num`,`is_show`,`add_time`,`article_author` FROM `carver_article` WHERE  `article_id` = 18' LIMIT 1 [ RunTime:0.000515s ]
[2021-06-02T04:09:31+08:00][sql] SELECT `article_id`,`article_title`,`article_desc`,`article_content`,`article_img`,`article_guide`,`article_label`,`click_num`,`is_show`,`add_time`,`article_author` FROM `carver_article` WHERE  `article_id` > 18' LIMIT 1 [ RunTime:0.002090s ]
[2021-06-02T04:09:31+08:00][sql] SELECT `article_id`,`article_title`,`article_desc`,`article_content`,`article_img`,`article_guide`,`article_label`,`click_num`,`is_show`,`add_time`,`article_author` FROM `carver_article` WHERE  `article_id` < 18' ORDER BY `article_id` DESC LIMIT 1 [ RunTime:0.000658s ]
[2021-06-02T04:09:31+08:00][sql] SHOW FULL COLUMNS FROM `carver_link` [ RunTime:0.000607s ]
[2021-06-02T04:09:31+08:00][sql] SELECT * FROM `carver_link` WHERE  ( is_confirm=2 ) LIMIT 20 [ RunTime:0.000306s ]
[2021-06-02T04:09:31+08:00][sql] SELECT article_id,article_title,click_num,FROM_UNIXTIME(add_time,'%Y-%m-%d') as add_time FROM `carver_article` ORDER BY `click_num` DESC LIMIT 3 [ RunTime:0.000375s ]
[2021-06-02T04:09:31+08:00][sql] SHOW FULL COLUMNS FROM `carver_comment` [ RunTime:0.000709s ]
[2021-06-02T04:09:31+08:00][sql] SELECT `a`.*,`b`.`user_name` FROM `carver_comment` `a` INNER JOIN `carver_user` `b` ON `a`.`user_id`=`b`.`user_id` WHERE  `article_id` = 18' ORDER BY `create_time` DESC [ RunTime:0.000406s ]
[2021-06-02T04:09:31+08:00][sql] SHOW FULL COLUMNS FROM `carver_comment_to_others` [ RunTime:0.000571s ]
[2021-06-02T04:09:31+08:00][sql] SELECT * FROM `carver_comment_to_others` [ RunTime:0.000242s ]
[2021-06-02T04:09:31+08:00][sql] SHOW FULL COLUMNS FROM `carver_user` [ RunTime:0.000453s ]
[2021-06-02T04:09:31+08:00][sql] SELECT `user_name` FROM `carver_user` WHERE  `user_id` = 4 LIMIT 1 [ RunTime:0.000245s ]
[2021-06-02T04:09:31+08:00][sql] SELECT `user_name` FROM `carver_user` WHERE  `user_id` = 4 LIMIT 1 [ RunTime:0.000223s ]
[2021-06-02T04:09:31+08:00][sql] SELECT `user_name` FROM `carver_user` WHERE  `user_id` = 5 LIMIT 1 [ RunTime:0.000212s ]
[2021-06-02T04:09:31+08:00][sql] SELECT `user_name` FROM `carver_user` WHERE  `user_id` = 5 LIMIT 1 [ RunTime:0.000226s ]
[2021-06-02T04:09:31+08:00][sql] SELECT `user_name` FROM `carver_user` WHERE  `user_id` = 37 LIMIT 1 [ RunTime:0.000257s ]
[2021-06-02T04:09:31+08:00][sql] SELECT `user_name`,`user_id` FROM `carver_user` [ RunTime:0.000231s ]
[2021-06-02T04:09:31+08:00][sql] SHOW FULL COLUMNS FROM `carver_navigation` [ RunTime:0.000580s ]
[2021-06-02T04:09:31+08:00][sql] SELECT * FROM `carver_navigation` [ RunTime:0.000246s ]
[2021-06-02T04:09:31+08:00][sql] SELECT `article_label` FROM `carver_article` [ RunTime:0.000277s ]
[2021-06-02T05:01:56+08:00][sql] CONNECT:[ UseTime:0.000595s ] mysql:host=127.0.0.1;port=3306;dbname=carver;charset=utf8
[2021-06-02T05:01:56+08:00][sql] SHOW FULL COLUMNS FROM `carver_user` [ RunTime:0.000767s ]
[2021-06-02T05:01:56+08:00][sql] SHOW FULL COLUMNS FROM `carver_article` [ RunTime:0.000730s ]
[2021-06-02T05:01:56+08:00][sql] SELECT COUNT(*) AS think_count FROM `carver_article` WHERE  `delete_time` = 0  AND `is_show` = 1 [ RunTime:0.000411s ]
[2021-06-02T05:01:56+08:00][sql] SELECT `article_id`,`article_title`,`article_desc`,`article_content`,`article_img`,`article_guide`,`article_label`,`click_num`,`is_show`,`add_time`,`article_author`,`is_top_show` FROM `carver_article` WHERE  `delete_time` = 0  AND `is_show` = 1 ORDER BY `article_id` DESC LIMIT 0,6 [ RunTime:0.000606s ]
[2021-06-02T05:01:56+08:00][sql] SELECT article_id,article_title,click_num,FROM_UNIXTIME(add_time,'%Y-%m-%d') as add_time FROM `carver_article` WHERE  `is_show` = 1  AND `delete_time` = 0 ORDER BY `click_num` DESC LIMIT 3 [ RunTime:0.000909s ]
[2021-06-02T05:01:56+08:00][sql] SHOW FULL COLUMNS FROM `carver_notice` [ RunTime:0.000554s ]
[2021-06-02T05:01:56+08:00][sql] SELECT * FROM `carver_notice` ORDER BY `create_time` DESC LIMIT 3 [ RunTime:0.000354s ]
[2021-06-02T05:01:56+08:00][sql] SHOW FULL COLUMNS FROM `carver_navigation` [ RunTime:0.000501s ]
[2021-06-02T05:01:56+08:00][sql] SELECT * FROM `carver_navigation` [ RunTime:0.000240s ]
[2021-06-02T05:01:56+08:00][sql] SHOW FULL COLUMNS FROM `carver_link` [ RunTime:0.000513s ]
[2021-06-02T05:01:56+08:00][sql] SELECT * FROM `carver_link` WHERE  ( is_confirm=2 ) LIMIT 20 [ RunTime:0.000284s ]
[2021-06-02T05:01:56+08:00][sql] SELECT `article_label` FROM `carver_article` [ RunTime:0.000299s ]
[2021-06-02T05:01:56+08:00][sql] SHOW FULL COLUMNS FROM `carver_carouse` [ RunTime:0.000500s ]
[2021-06-02T05:01:56+08:00][sql] SELECT `carouse_img`,`carouse_desc` FROM `carver_carouse` WHERE  `is_show` = 1 ORDER BY `carouse_sort` DESC LIMIT 3 [ RunTime:0.000298s ]
[2021-06-02T05:01:56+08:00][sql] SHOW FULL COLUMNS FROM `carver_site` [ RunTime:0.000489s ]
[2021-06-02T05:01:56+08:00][sql] SELECT * FROM `carver_site` [ RunTime:0.000223s ]
[2021-06-02T05:04:20+08:00][sql] CONNECT:[ UseTime:0.000564s ] mysql:host=127.0.0.1;port=3306;dbname=carver;charset=utf8
[2021-06-02T05:04:20+08:00][sql] SHOW FULL COLUMNS FROM `carver_article` [ RunTime:0.000922s ]
[2021-06-02T05:04:20+08:00][sql] SELECT `article_id`,`article_title`,`article_desc`,`article_content`,`article_img`,`article_guide`,`article_label`,`click_num`,`is_show`,`add_time`,`article_author` FROM `carver_article` WHERE  `article_id` = 18' LIMIT 1 [ RunTime:0.000483s ]
[2021-06-02T05:04:20+08:00][sql] SELECT `article_id`,`article_title`,`article_desc`,`article_content`,`article_img`,`article_guide`,`article_label`,`click_num`,`is_show`,`add_time`,`article_author` FROM `carver_article` WHERE  `article_id` > 18' LIMIT 1 [ RunTime:0.002080s ]
[2021-06-02T05:04:20+08:00][sql] SELECT `article_id`,`article_title`,`article_desc`,`article_content`,`article_img`,`article_guide`,`article_label`,`click_num`,`is_show`,`add_time`,`article_author` FROM `carver_article` WHERE  `article_id` < 18' ORDER BY `article_id` DESC LIMIT 1 [ RunTime:0.000521s ]
[2021-06-02T05:04:20+08:00][sql] SHOW FULL COLUMNS FROM `carver_link` [ RunTime:0.000625s ]
[2021-06-02T05:04:20+08:00][sql] SELECT * FROM `carver_link` WHERE  ( is_confirm=2 ) LIMIT 20 [ RunTime:0.000296s ]
[2021-06-02T05:04:20+08:00][sql] SELECT article_id,article_title,click_num,FROM_UNIXTIME(add_time,'%Y-%m-%d') as add_time FROM `carver_article` ORDER BY `click_num` DESC LIMIT 3 [ RunTime:0.000363s ]
[2021-06-02T05:04:20+08:00][sql] SHOW FULL COLUMNS FROM `carver_comment` [ RunTime:0.000607s ]
[2021-06-02T05:04:20+08:00][sql] SELECT `a`.*,`b`.`user_name` FROM `carver_comment` `a` INNER JOIN `carver_user` `b` ON `a`.`user_id`=`b`.`user_id` WHERE  `article_id` = 18' ORDER BY `create_time` DESC [ RunTime:0.000405s ]
[2021-06-02T05:04:20+08:00][sql] SHOW FULL COLUMNS FROM `carver_comment_to_others` [ RunTime:0.000526s ]
[2021-06-02T05:04:20+08:00][sql] SELECT * FROM `carver_comment_to_others` [ RunTime:0.000247s ]
[2021-06-02T05:04:20+08:00][sql] SHOW FULL COLUMNS FROM `carver_user` [ RunTime:0.000469s ]
[2021-06-02T05:04:20+08:00][sql] SELECT `user_name` FROM `carver_user` WHERE  `user_id` = 4 LIMIT 1 [ RunTime:0.000274s ]
[2021-06-02T05:04:20+08:00][sql] SELECT `user_name` FROM `carver_user` WHERE  `user_id` = 4 LIMIT 1 [ RunTime:0.000238s ]
[2021-06-02T05:04:20+08:00][sql] SELECT `user_name` FROM `carver_user` WHERE  `user_id` = 5 LIMIT 1 [ RunTime:0.000209s ]
[2021-06-02T05:04:20+08:00][sql] SELECT `user_name` FROM `carver_user` WHERE  `user_id` = 5 LIMIT 1 [ RunTime:0.000212s ]
[2021-06-02T05:04:20+08:00][sql] SELECT `user_name` FROM `carver_user` WHERE  `user_id` = 37 LIMIT 1 [ RunTime:0.000226s ]
[2021-06-02T05:04:20+08:00][sql] SELECT `user_name`,`user_id` FROM `carver_user` [ RunTime:0.000286s ]
[2021-06-02T05:04:20+08:00][sql] SHOW FULL COLUMNS FROM `carver_navigation` [ RunTime:0.000586s ]
[2021-06-02T05:04:20+08:00][sql] SELECT * FROM `carver_navigation` [ RunTime:0.000253s ]
[2021-06-02T05:04:20+08:00][sql] SELECT `article_label` FROM `carver_article` [ RunTime:0.000292s ]
[2021-06-02T05:37:56+08:00][sql] CONNECT:[ UseTime:0.000721s ] mysql:host=127.0.0.1;port=3306;dbname=carver;charset=utf8
[2021-06-02T05:37:56+08:00][sql] SHOW FULL COLUMNS FROM `carver_article` [ RunTime:0.000843s ]
[2021-06-02T05:37:56+08:00][sql] SELECT COUNT(*) AS think_count FROM `carver_article` WHERE  `article_label` LIKE '%angerjs%'  AND `delete_time` = 0  AND `is_show` = 1 [ RunTime:0.000412s ]
[2021-06-02T05:37:56+08:00][sql] SELECT * FROM `carver_article` WHERE  `article_label` LIKE '%angerjs%'  AND `delete_time` = 0  AND `is_show` = 1 LIMIT 0,6 [ RunTime:0.001001s ]
[2021-06-02T05:37:56+08:00][sql] SELECT article_id,article_title,click_num,FROM_UNIXTIME(add_time,'%Y-%m-%d') as add_time FROM `carver_article` WHERE  `is_show` = 1  AND `delete_time` = 0 ORDER BY `click_num` DESC LIMIT 3 [ RunTime:0.000410s ]
[2021-06-02T05:37:56+08:00][sql] SHOW FULL COLUMNS FROM `carver_notice` [ RunTime:0.000560s ]
[2021-06-02T05:37:56+08:00][sql] SELECT * FROM `carver_notice` ORDER BY `create_time` DESC LIMIT 3 [ RunTime:0.000300s ]
[2021-06-02T05:37:56+08:00][sql] SHOW FULL COLUMNS FROM `carver_navigation` [ RunTime:0.000535s ]
[2021-06-02T05:37:56+08:00][sql] SELECT * FROM `carver_navigation` [ RunTime:0.000281s ]
[2021-06-02T05:37:56+08:00][sql] SHOW FULL COLUMNS FROM `carver_link` [ RunTime:0.000545s ]
[2021-06-02T05:37:56+08:00][sql] SELECT * FROM `carver_link` WHERE  ( is_confirm=2 ) LIMIT 20 [ RunTime:0.000326s ]
[2021-06-02T05:37:56+08:00][sql] SELECT `article_label` FROM `carver_article` [ RunTime:0.000316s ]
[2021-06-02T05:37:56+08:00][sql] SHOW FULL COLUMNS FROM `carver_carouse` [ RunTime:0.000508s ]
[2021-06-02T05:37:56+08:00][sql] SELECT `carouse_img`,`carouse_desc` FROM `carver_carouse` WHERE  `is_show` = 1 ORDER BY `carouse_sort` DESC LIMIT 3 [ RunTime:0.000312s ]
[2021-06-02T05:37:56+08:00][sql] SHOW FULL COLUMNS FROM `carver_site` [ RunTime:0.000518s ]
[2021-06-02T05:37:56+08:00][sql] SELECT * FROM `carver_site` [ RunTime:0.000267s ]
[2021-06-02T05:55:20+08:00][sql] CONNECT:[ UseTime:0.000581s ] mysql:host=127.0.0.1;port=3306;dbname=carver;charset=utf8
[2021-06-02T05:55:20+08:00][sql] SHOW FULL COLUMNS FROM `carver_user` [ RunTime:0.000850s ]
[2021-06-02T05:55:20+08:00][sql] SHOW FULL COLUMNS FROM `carver_article` [ RunTime:0.000684s ]
[2021-06-02T05:55:20+08:00][sql] SELECT COUNT(*) AS think_count FROM `carver_article` WHERE  `delete_time` = 0  AND `is_show` = 1 [ RunTime:0.000379s ]
[2021-06-02T05:55:20+08:00][sql] SELECT `article_id`,`article_title`,`article_desc`,`article_content`,`article_img`,`article_guide`,`article_label`,`click_num`,`is_show`,`add_time`,`article_author`,`is_top_show` FROM `carver_article` WHERE  `delete_time` = 0  AND `is_show` = 1 ORDER BY `article_id` DESC LIMIT 0,6 [ RunTime:0.000613s ]
[2021-06-02T05:55:20+08:00][sql] SELECT article_id,article_title,click_num,FROM_UNIXTIME(add_time,'%Y-%m-%d') as add_time FROM `carver_article` WHERE  `is_show` = 1  AND `delete_time` = 0 ORDER BY `click_num` DESC LIMIT 3 [ RunTime:0.000393s ]
[2021-06-02T05:55:20+08:00][sql] SHOW FULL COLUMNS FROM `carver_notice` [ RunTime:0.000509s ]
[2021-06-02T05:55:20+08:00][sql] SELECT * FROM `carver_notice` ORDER BY `create_time` DESC LIMIT 3 [ RunTime:0.000327s ]
[2021-06-02T05:55:20+08:00][sql] SHOW FULL COLUMNS FROM `carver_navigation` [ RunTime:0.000508s ]
[2021-06-02T05:55:20+08:00][sql] SELECT * FROM `carver_navigation` [ RunTime:0.000245s ]
[2021-06-02T05:55:20+08:00][sql] SHOW FULL COLUMNS FROM `carver_link` [ RunTime:0.000489s ]
[2021-06-02T05:55:20+08:00][sql] SELECT * FROM `carver_link` WHERE  ( is_confirm=2 ) LIMIT 20 [ RunTime:0.000286s ]
[2021-06-02T05:55:20+08:00][sql] SELECT `article_label` FROM `carver_article` [ RunTime:0.000262s ]
[2021-06-02T05:55:20+08:00][sql] SHOW FULL COLUMNS FROM `carver_carouse` [ RunTime:0.000472s ]
[2021-06-02T05:55:20+08:00][sql] SELECT `carouse_img`,`carouse_desc` FROM `carver_carouse` WHERE  `is_show` = 1 ORDER BY `carouse_sort` DESC LIMIT 3 [ RunTime:0.000273s ]
[2021-06-02T05:55:20+08:00][sql] SHOW FULL COLUMNS FROM `carver_site` [ RunTime:0.000489s ]
[2021-06-02T05:55:20+08:00][sql] SELECT * FROM `carver_site` [ RunTime:0.000224s ]
[2021-06-02T07:23:00+08:00][sql] CONNECT:[ UseTime:0.000601s ] mysql:host=127.0.0.1;port=3306;dbname=carver;charset=utf8
[2021-06-02T07:23:00+08:00][sql] SHOW FULL COLUMNS FROM `carver_article` [ RunTime:0.000918s ]
[2021-06-02T07:23:00+08:00][sql] SELECT COUNT(*) AS think_count FROM `carver_article` WHERE  `article_label` LIKE '%angerjs%'  AND `delete_time` = 0  AND `is_show` = 1 [ RunTime:0.000420s ]
[2021-06-02T07:23:00+08:00][sql] SELECT * FROM `carver_article` WHERE  `article_label` LIKE '%angerjs%'  AND `delete_time` = 0  AND `is_show` = 1 LIMIT 0,6 [ RunTime:0.001078s ]
[2021-06-02T07:23:00+08:00][sql] SELECT article_id,article_title,click_num,FROM_UNIXTIME(add_time,'%Y-%m-%d') as add_time FROM `carver_article` WHERE  `is_show` = 1  AND `delete_time` = 0 ORDER BY `click_num` DESC LIMIT 3 [ RunTime:0.000622s ]
[2021-06-02T07:23:00+08:00][sql] SHOW FULL COLUMNS FROM `carver_notice` [ RunTime:0.000660s ]
[2021-06-02T07:23:00+08:00][sql] SELECT * FROM `carver_notice` ORDER BY `create_time` DESC LIMIT 3 [ RunTime:0.000320s ]
[2021-06-02T07:23:00+08:00][sql] SHOW FULL COLUMNS FROM `carver_navigation` [ RunTime:0.000615s ]
[2021-06-02T07:23:00+08:00][sql] SELECT * FROM `carver_navigation` [ RunTime:0.000285s ]
[2021-06-02T07:23:00+08:00][sql] SHOW FULL COLUMNS FROM `carver_link` [ RunTime:0.000628s ]
[2021-06-02T07:23:00+08:00][sql] SELECT * FROM `carver_link` WHERE  ( is_confirm=2 ) LIMIT 20 [ RunTime:0.000394s ]
[2021-06-02T07:23:00+08:00][sql] SELECT `article_label` FROM `carver_article` [ RunTime:0.000516s ]
[2021-06-02T07:23:00+08:00][sql] SHOW FULL COLUMNS FROM `carver_carouse` [ RunTime:0.000602s ]
[2021-06-02T07:23:00+08:00][sql] SELECT `carouse_img`,`carouse_desc` FROM `carver_carouse` WHERE  `is_show` = 1 ORDER BY `carouse_sort` DESC LIMIT 3 [ RunTime:0.000346s ]
[2021-06-02T07:23:00+08:00][sql] SHOW FULL COLUMNS FROM `carver_site` [ RunTime:0.000548s ]
[2021-06-02T07:23:00+08:00][sql] SELECT * FROM `carver_site` [ RunTime:0.000293s ]
[2021-06-02T08:06:13+08:00][sql] CONNECT:[ UseTime:0.000590s ] mysql:host=127.0.0.1;port=3306;dbname=carver;charset=utf8
[2021-06-02T08:06:13+08:00][sql] SHOW FULL COLUMNS FROM `carver_article` [ RunTime:0.000875s ]
[2021-06-02T08:06:13+08:00][sql] SELECT COUNT(*) AS think_count FROM `carver_article` WHERE  `article_guide` = 8  AND `delete_time` = 0  AND `is_show` = 1 [ RunTime:0.000402s ]
[2021-06-02T08:06:13+08:00][sql] SELECT * FROM `carver_article` WHERE  `article_guide` = 8  AND `delete_time` = 0  AND `is_show` = 1 ORDER BY `add_time` DESC LIMIT 0,6 [ RunTime:0.000577s ]
[2021-06-02T08:06:13+08:00][sql] SELECT article_id,article_title,click_num,FROM_UNIXTIME(add_time,'%Y-%m-%d') as add_time FROM `carver_article` WHERE  `is_show` = 1  AND `delete_time` = 0 ORDER BY `click_num` DESC LIMIT 3 [ RunTime:0.000395s ]
[2021-06-02T08:06:13+08:00][sql] SHOW FULL COLUMNS FROM `carver_notice` [ RunTime:0.000528s ]
[2021-06-02T08:06:13+08:00][sql] SELECT * FROM `carver_notice` ORDER BY `create_time` DESC LIMIT 3 [ RunTime:0.000258s ]
[2021-06-02T08:06:13+08:00][sql] SHOW FULL COLUMNS FROM `carver_navigation` [ RunTime:0.000498s ]
[2021-06-02T08:06:13+08:00][sql] SELECT * FROM `carver_navigation` [ RunTime:0.000235s ]
[2021-06-02T08:06:13+08:00][sql] SELECT `article_label` FROM `carver_article` [ RunTime:0.000235s ]
[2021-06-02T08:06:13+08:00][sql] SHOW FULL COLUMNS FROM `carver_carouse` [ RunTime:0.000464s ]
[2021-06-02T08:06:13+08:00][sql] SELECT `carouse_img`,`carouse_desc` FROM `carver_carouse` WHERE  `is_show` = 1 ORDER BY `carouse_sort` DESC LIMIT 3 [ RunTime:0.000281s ]
[2021-06-02T08:06:13+08:00][sql] SHOW FULL COLUMNS FROM `carver_link` [ RunTime:0.000516s ]
[2021-06-02T08:06:13+08:00][sql] SELECT * FROM `carver_link` WHERE  ( is_confirm=2 ) LIMIT 20 [ RunTime:0.000272s ]
[2021-06-02T08:06:13+08:00][sql] SHOW FULL COLUMNS FROM `carver_site` [ RunTime:0.000484s ]
[2021-06-02T08:06:13+08:00][sql] SELECT * FROM `carver_site` [ RunTime:0.000255s ]
[2021-06-02T08:08:00+08:00][sql] CONNECT:[ UseTime:0.000485s ] mysql:host=127.0.0.1;port=3306;dbname=carver;charset=utf8
[2021-06-02T08:08:00+08:00][sql] SHOW FULL COLUMNS FROM `carver_article` [ RunTime:0.000858s ]
[2021-06-02T08:08:00+08:00][sql] SELECT COUNT(*) AS think_count FROM `carver_article` WHERE  `article_guide` = 7  AND `delete_time` = 0  AND `is_show` = 1 [ RunTime:0.000395s ]
[2021-06-02T08:08:00+08:00][sql] SELECT * FROM `carver_article` WHERE  `article_guide` = 7  AND `delete_time` = 0  AND `is_show` = 1 ORDER BY `add_time` DESC LIMIT 0,6 [ RunTime:0.000412s ]
[2021-06-02T08:08:00+08:00][sql] SELECT article_id,article_title,click_num,FROM_UNIXTIME(add_time,'%Y-%m-%d') as add_time FROM `carver_article` WHERE  `is_show` = 1  AND `delete_time` = 0 ORDER BY `click_num` DESC LIMIT 3 [ RunTime:0.000441s ]
[2021-06-02T08:08:00+08:00][sql] SHOW FULL COLUMNS FROM `carver_notice` [ RunTime:0.000619s ]
[2021-06-02T08:08:00+08:00][sql] SELECT * FROM `carver_notice` ORDER BY `create_time` DESC LIMIT 3 [ RunTime:0.000267s ]
[2021-06-02T08:08:00+08:00][sql] SHOW FULL COLUMNS FROM `carver_navigation` [ RunTime:0.000520s ]
[2021-06-02T08:08:00+08:00][sql] SELECT * FROM `carver_navigation` [ RunTime:0.000250s ]
[2021-06-02T08:08:00+08:00][sql] SELECT `article_label` FROM `carver_article` [ RunTime:0.000244s ]
[2021-06-02T08:08:00+08:00][sql] SHOW FULL COLUMNS FROM `carver_carouse` [ RunTime:0.000494s ]
[2021-06-02T08:08:00+08:00][sql] SELECT `carouse_img`,`carouse_desc` FROM `carver_carouse` WHERE  `is_show` = 1 ORDER BY `carouse_sort` DESC LIMIT 3 [ RunTime:0.000272s ]
[2021-06-02T08:08:00+08:00][sql] SHOW FULL COLUMNS FROM `carver_link` [ RunTime:0.000505s ]
[2021-06-02T08:08:00+08:00][sql] SELECT * FROM `carver_link` WHERE  ( is_confirm=2 ) LIMIT 20 [ RunTime:0.000287s ]
[2021-06-02T08:08:00+08:00][sql] SHOW FULL COLUMNS FROM `carver_site` [ RunTime:0.000488s ]
[2021-06-02T08:08:00+08:00][sql] SELECT * FROM `carver_site` [ RunTime:0.000232s ]
[2021-06-02T09:51:21+08:00][sql] CONNECT:[ UseTime:0.000634s ] mysql:host=127.0.0.1;port=3306;dbname=carver;charset=utf8
[2021-06-02T09:51:21+08:00][sql] SHOW FULL COLUMNS FROM `carver_article` [ RunTime:0.000904s ]
[2021-06-02T09:51:21+08:00][sql] SELECT COUNT(*) AS think_count FROM `carver_article` WHERE  `article_label` LIKE '%php;javascript%'  AND `delete_time` = 0  AND `is_show` = 1 [ RunTime:0.000413s ]
[2021-06-02T09:51:21+08:00][sql] SELECT * FROM `carver_article` WHERE  `article_label` LIKE '%php;javascript%'  AND `delete_time` = 0  AND `is_show` = 1 LIMIT 0,6 [ RunTime:0.001004s ]
[2021-06-02T09:51:21+08:00][sql] SELECT article_id,article_title,click_num,FROM_UNIXTIME(add_time,'%Y-%m-%d') as add_time FROM `carver_article` WHERE  `is_show` = 1  AND `delete_time` = 0 ORDER BY `click_num` DESC LIMIT 3 [ RunTime:0.000396s ]
[2021-06-02T09:51:21+08:00][sql] SHOW FULL COLUMNS FROM `carver_notice` [ RunTime:0.000550s ]
[2021-06-02T09:51:21+08:00][sql] SELECT * FROM `carver_notice` ORDER BY `create_time` DESC LIMIT 3 [ RunTime:0.000281s ]
[2021-06-02T09:51:21+08:00][sql] SHOW FULL COLUMNS FROM `carver_navigation` [ RunTime:0.000578s ]
[2021-06-02T09:51:21+08:00][sql] SELECT * FROM `carver_navigation` [ RunTime:0.000246s ]
[2021-06-02T09:51:21+08:00][sql] SHOW FULL COLUMNS FROM `carver_link` [ RunTime:0.000492s ]
[2021-06-02T09:51:21+08:00][sql] SELECT * FROM `carver_link` WHERE  ( is_confirm=2 ) LIMIT 20 [ RunTime:0.000272s ]
[2021-06-02T09:51:21+08:00][sql] SELECT `article_label` FROM `carver_article` [ RunTime:0.000266s ]
[2021-06-02T09:51:21+08:00][sql] SHOW FULL COLUMNS FROM `carver_carouse` [ RunTime:0.000466s ]
[2021-06-02T09:51:21+08:00][sql] SELECT `carouse_img`,`carouse_desc` FROM `carver_carouse` WHERE  `is_show` = 1 ORDER BY `carouse_sort` DESC LIMIT 3 [ RunTime:0.000277s ]
[2021-06-02T09:51:21+08:00][sql] SHOW FULL COLUMNS FROM `carver_site` [ RunTime:0.000508s ]
[2021-06-02T09:51:21+08:00][sql] SELECT * FROM `carver_site` [ RunTime:0.000236s ]
[2021-06-02T09:53:00+08:00][sql] CONNECT:[ UseTime:0.000651s ] mysql:host=127.0.0.1;port=3306;dbname=carver;charset=utf8
[2021-06-02T09:53:00+08:00][sql] SHOW FULL COLUMNS FROM `carver_article` [ RunTime:0.000882s ]
[2021-06-02T09:53:00+08:00][sql] SELECT COUNT(*) AS think_count FROM `carver_article` WHERE  `article_label` LIKE '%angerjs%'  AND `delete_time` = 0  AND `is_show` = 1 [ RunTime:0.000416s ]
[2021-06-02T09:53:00+08:00][sql] SELECT * FROM `carver_article` WHERE  `article_label` LIKE '%angerjs%'  AND `delete_time` = 0  AND `is_show` = 1 LIMIT 0,6 [ RunTime:0.000953s ]
[2021-06-02T09:53:00+08:00][sql] SELECT article_id,article_title,click_num,FROM_UNIXTIME(add_time,'%Y-%m-%d') as add_time FROM `carver_article` WHERE  `is_show` = 1  AND `delete_time` = 0 ORDER BY `click_num` DESC LIMIT 3 [ RunTime:0.000491s ]
[2021-06-02T09:53:00+08:00][sql] SHOW FULL COLUMNS FROM `carver_notice` [ RunTime:0.000641s ]
[2021-06-02T09:53:00+08:00][sql] SELECT * FROM `carver_notice` ORDER BY `create_time` DESC LIMIT 3 [ RunTime:0.000314s ]
[2021-06-02T09:53:00+08:00][sql] SHOW FULL COLUMNS FROM `carver_navigation` [ RunTime:0.000563s ]
[2021-06-02T09:53:00+08:00][sql] SELECT * FROM `carver_navigation` [ RunTime:0.000278s ]
[2021-06-02T09:53:00+08:00][sql] SHOW FULL COLUMNS FROM `carver_link` [ RunTime:0.000566s ]
[2021-06-02T09:53:00+08:00][sql] SELECT * FROM `carver_link` WHERE  ( is_confirm=2 ) LIMIT 20 [ RunTime:0.000369s ]
[2021-06-02T09:53:00+08:00][sql] SELECT `article_label` FROM `carver_article` [ RunTime:0.000282s ]
[2021-06-02T09:53:00+08:00][sql] SHOW FULL COLUMNS FROM `carver_carouse` [ RunTime:0.000554s ]
[2021-06-02T09:53:00+08:00][sql] SELECT `carouse_img`,`carouse_desc` FROM `carver_carouse` WHERE  `is_show` = 1 ORDER BY `carouse_sort` DESC LIMIT 3 [ RunTime:0.000306s ]
[2021-06-02T09:53:00+08:00][sql] SHOW FULL COLUMNS FROM `carver_site` [ RunTime:0.000527s ]
[2021-06-02T09:53:00+08:00][sql] SELECT * FROM `carver_site` [ RunTime:0.000258s ]
[2021-06-02T10:38:09+08:00][sql] CONNECT:[ UseTime:0.000610s ] mysql:host=127.0.0.1;port=3306;dbname=carver;charset=utf8
[2021-06-02T10:38:09+08:00][sql] SHOW FULL COLUMNS FROM `carver_article` [ RunTime:0.000867s ]
[2021-06-02T10:38:09+08:00][sql] SELECT COUNT(*) AS think_count FROM `carver_article` WHERE  `article_label` LIKE '%angerjs%'  AND `delete_time` = 0  AND `is_show` = 1 [ RunTime:0.000437s ]
[2021-06-02T10:38:09+08:00][sql] SELECT * FROM `carver_article` WHERE  `article_label` LIKE '%angerjs%'  AND `delete_time` = 0  AND `is_show` = 1 LIMIT 0,6 [ RunTime:0.001079s ]
[2021-06-02T10:38:09+08:00][sql] SELECT article_id,article_title,click_num,FROM_UNIXTIME(add_time,'%Y-%m-%d') as add_time FROM `carver_article` WHERE  `is_show` = 1  AND `delete_time` = 0 ORDER BY `click_num` DESC LIMIT 3 [ RunTime:0.022020s ]
[2021-06-02T10:38:09+08:00][sql] SHOW FULL COLUMNS FROM `carver_notice` [ RunTime:0.000778s ]
[2021-06-02T10:38:09+08:00][sql] SELECT * FROM `carver_notice` ORDER BY `create_time` DESC LIMIT 3 [ RunTime:0.000350s ]
[2021-06-02T10:38:09+08:00][sql] SHOW FULL COLUMNS FROM `carver_navigation` [ RunTime:0.000587s ]
[2021-06-02T10:38:09+08:00][sql] SELECT * FROM `carver_navigation` [ RunTime:0.000336s ]
[2021-06-02T10:38:09+08:00][sql] SHOW FULL COLUMNS FROM `carver_link` [ RunTime:0.000650s ]
[2021-06-02T10:38:09+08:00][sql] SELECT * FROM `carver_link` WHERE  ( is_confirm=2 ) LIMIT 20 [ RunTime:0.000346s ]
[2021-06-02T10:38:09+08:00][sql] SELECT `article_label` FROM `carver_article` [ RunTime:0.000273s ]
[2021-06-02T10:38:09+08:00][sql] SHOW FULL COLUMNS FROM `carver_carouse` [ RunTime:0.000558s ]
[2021-06-02T10:38:09+08:00][sql] SELECT `carouse_img`,`carouse_desc` FROM `carver_carouse` WHERE  `is_show` = 1 ORDER BY `carouse_sort` DESC LIMIT 3 [ RunTime:0.000312s ]
[2021-06-02T10:38:09+08:00][sql] SHOW FULL COLUMNS FROM `carver_site` [ RunTime:0.000584s ]
[2021-06-02T10:38:09+08:00][sql] SELECT * FROM `carver_site` [ RunTime:0.000259s ]
[2021-06-02T11:38:23+08:00][sql] CONNECT:[ UseTime:0.000778s ] mysql:host=127.0.0.1;port=3306;dbname=carver;charset=utf8
[2021-06-02T11:38:23+08:00][sql] SHOW FULL COLUMNS FROM `carver_article` [ RunTime:0.000874s ]
[2021-06-02T11:38:23+08:00][sql] SELECT COUNT(*) AS think_count FROM `carver_article` WHERE  `article_label` LIKE '%angerjs%'  AND `delete_time` = 0  AND `is_show` = 1 [ RunTime:0.000431s ]
[2021-06-02T11:38:23+08:00][sql] SELECT * FROM `carver_article` WHERE  `article_label` LIKE '%angerjs%'  AND `delete_time` = 0  AND `is_show` = 1 LIMIT 0,6 [ RunTime:0.001093s ]
[2021-06-02T11:38:23+08:00][sql] SELECT article_id,article_title,click_num,FROM_UNIXTIME(add_time,'%Y-%m-%d') as add_time FROM `carver_article` WHERE  `is_show` = 1  AND `delete_time` = 0 ORDER BY `click_num` DESC LIMIT 3 [ RunTime:0.000423s ]
[2021-06-02T11:38:23+08:00][sql] SHOW FULL COLUMNS FROM `carver_notice` [ RunTime:0.000582s ]
[2021-06-02T11:38:23+08:00][sql] SELECT * FROM `carver_notice` ORDER BY `create_time` DESC LIMIT 3 [ RunTime:0.000285s ]
[2021-06-02T11:38:23+08:00][sql] SHOW FULL COLUMNS FROM `carver_navigation` [ RunTime:0.000544s ]
[2021-06-02T11:38:23+08:00][sql] SELECT * FROM `carver_navigation` [ RunTime:0.000281s ]
[2021-06-02T11:38:23+08:00][sql] SHOW FULL COLUMNS FROM `carver_link` [ RunTime:0.000635s ]
[2021-06-02T11:38:23+08:00][sql] SELECT * FROM `carver_link` WHERE  ( is_confirm=2 ) LIMIT 20 [ RunTime:0.000343s ]
[2021-06-02T11:38:23+08:00][sql] SELECT `article_label` FROM `carver_article` [ RunTime:0.000281s ]
[2021-06-02T11:38:23+08:00][sql] SHOW FULL COLUMNS FROM `carver_carouse` [ RunTime:0.000519s ]
[2021-06-02T11:38:23+08:00][sql] SELECT `carouse_img`,`carouse_desc` FROM `carver_carouse` WHERE  `is_show` = 1 ORDER BY `carouse_sort` DESC LIMIT 3 [ RunTime:0.000314s ]
[2021-06-02T11:38:23+08:00][sql] SHOW FULL COLUMNS FROM `carver_site` [ RunTime:0.000510s ]
[2021-06-02T11:38:23+08:00][sql] SELECT * FROM `carver_site` [ RunTime:0.000282s ]
[2021-06-02T12:54:34+08:00][sql] CONNECT:[ UseTime:0.000538s ] mysql:host=127.0.0.1;port=3306;dbname=carver;charset=utf8
[2021-06-02T12:54:34+08:00][sql] SHOW FULL COLUMNS FROM `carver_article` [ RunTime:0.000910s ]
[2021-06-02T12:54:34+08:00][sql] SELECT COUNT(*) AS think_count FROM `carver_article` WHERE  `article_guide` = 6  AND `delete_time` = 0  AND `is_show` = 1 [ RunTime:0.000398s ]
[2021-06-02T12:54:34+08:00][sql] SELECT * FROM `carver_article` WHERE  `article_guide` = 6  AND `delete_time` = 0  AND `is_show` = 1 ORDER BY `add_time` DESC LIMIT 18,6 [ RunTime:0.000490s ]
[2021-06-02T12:54:34+08:00][sql] SELECT article_id,article_title,click_num,FROM_UNIXTIME(add_time,'%Y-%m-%d') as add_time FROM `carver_article` WHERE  `is_show` = 1  AND `delete_time` = 0 ORDER BY `click_num` DESC LIMIT 3 [ RunTime:0.000550s ]
[2021-06-02T12:54:34+08:00][sql] SHOW FULL COLUMNS FROM `carver_notice` [ RunTime:0.000688s ]
[2021-06-02T12:54:34+08:00][sql] SELECT * FROM `carver_notice` ORDER BY `create_time` DESC LIMIT 3 [ RunTime:0.000351s ]
[2021-06-02T12:54:34+08:00][sql] SHOW FULL COLUMNS FROM `carver_navigation` [ RunTime:0.000617s ]
[2021-06-02T12:54:34+08:00][sql] SELECT * FROM `carver_navigation` [ RunTime:0.000337s ]
[2021-06-02T12:54:34+08:00][sql] SELECT `article_label` FROM `carver_article` [ RunTime:0.000272s ]
[2021-06-02T12:54:34+08:00][sql] SHOW FULL COLUMNS FROM `carver_carouse` [ RunTime:0.000610s ]
[2021-06-02T12:54:34+08:00][sql] SELECT `carouse_img`,`carouse_desc` FROM `carver_carouse` WHERE  `is_show` = 1 ORDER BY `carouse_sort` DESC LIMIT 3 [ RunTime:0.000318s ]
[2021-06-02T12:54:34+08:00][sql] SHOW FULL COLUMNS FROM `carver_link` [ RunTime:0.000548s ]
[2021-06-02T12:54:34+08:00][sql] SELECT * FROM `carver_link` WHERE  ( is_confirm=2 ) LIMIT 20 [ RunTime:0.000359s ]
[2021-06-02T12:54:34+08:00][sql] SHOW FULL COLUMNS FROM `carver_site` [ RunTime:0.000727s ]
[2021-06-02T12:54:34+08:00][sql] SELECT * FROM `carver_site` [ RunTime:0.000290s ]
[2021-06-02T13:53:39+08:00][sql] CONNECT:[ UseTime:0.000638s ] mysql:host=127.0.0.1;port=3306;dbname=carver;charset=utf8
[2021-06-02T13:53:39+08:00][sql] SHOW FULL COLUMNS FROM `carver_article` [ RunTime:0.000934s ]
[2021-06-02T13:53:39+08:00][sql] SELECT COUNT(*) AS think_count FROM `carver_article` WHERE  `article_label` LIKE '%angerjs%'  AND `delete_time` = 0  AND `is_show` = 1 [ RunTime:0.000498s ]
[2021-06-02T13:53:39+08:00][sql] SELECT * FROM `carver_article` WHERE  `article_label` LIKE '%angerjs%'  AND `delete_time` = 0  AND `is_show` = 1 LIMIT 0,6 [ RunTime:0.001082s ]
[2021-06-02T13:53:39+08:00][sql] SELECT article_id,article_title,click_num,FROM_UNIXTIME(add_time,'%Y-%m-%d') as add_time FROM `carver_article` WHERE  `is_show` = 1  AND `delete_time` = 0 ORDER BY `click_num` DESC LIMIT 3 [ RunTime:0.000912s ]
[2021-06-02T13:53:39+08:00][sql] SHOW FULL COLUMNS FROM `carver_notice` [ RunTime:0.000680s ]
[2021-06-02T13:53:39+08:00][sql] SELECT * FROM `carver_notice` ORDER BY `create_time` DESC LIMIT 3 [ RunTime:0.000341s ]
[2021-06-02T13:53:39+08:00][sql] SHOW FULL COLUMNS FROM `carver_navigation` [ RunTime:0.000596s ]
[2021-06-02T13:53:39+08:00][sql] SELECT * FROM `carver_navigation` [ RunTime:0.000326s ]
[2021-06-02T13:53:39+08:00][sql] SHOW FULL COLUMNS FROM `carver_link` [ RunTime:0.000602s ]
[2021-06-02T13:53:39+08:00][sql] SELECT * FROM `carver_link` WHERE  ( is_confirm=2 ) LIMIT 20 [ RunTime:0.000364s ]
[2021-06-02T13:53:39+08:00][sql] SELECT `article_label` FROM `carver_article` [ RunTime:0.000291s ]
[2021-06-02T13:53:39+08:00][sql] SHOW FULL COLUMNS FROM `carver_carouse` [ RunTime:0.000709s ]
[2021-06-02T13:53:39+08:00][sql] SELECT `carouse_img`,`carouse_desc` FROM `carver_carouse` WHERE  `is_show` = 1 ORDER BY `carouse_sort` DESC LIMIT 3 [ RunTime:0.000368s ]
[2021-06-02T13:53:39+08:00][sql] SHOW FULL COLUMNS FROM `carver_site` [ RunTime:0.000536s ]
[2021-06-02T13:53:39+08:00][sql] SELECT * FROM `carver_site` [ RunTime:0.000295s ]
[2021-06-02T14:00:37+08:00][sql] CONNECT:[ UseTime:0.001521s ] mysql:host=127.0.0.1;port=3306;dbname=carver;charset=utf8
[2021-06-02T14:00:37+08:00][sql] SHOW FULL COLUMNS FROM `carver_user` [ RunTime:0.002272s ]
[2021-06-02T14:00:37+08:00][sql] SHOW FULL COLUMNS FROM `carver_article` [ RunTime:0.001724s ]
[2021-06-02T14:00:37+08:00][sql] SELECT COUNT(*) AS think_count FROM `carver_article` WHERE  `delete_time` = 0  AND `is_show` = 1 [ RunTime:0.000405s ]
[2021-06-02T14:00:37+08:00][sql] SELECT `article_id`,`article_title`,`article_desc`,`article_content`,`article_img`,`article_guide`,`article_label`,`click_num`,`is_show`,`add_time`,`article_author`,`is_top_show` FROM `carver_article` WHERE  `delete_time` = 0  AND `is_show` = 1 ORDER BY `article_id` DESC LIMIT 0,6 [ RunTime:0.001402s ]
[2021-06-02T14:00:37+08:00][sql] SELECT article_id,article_title,click_num,FROM_UNIXTIME(add_time,'%Y-%m-%d') as add_time FROM `carver_article` WHERE  `is_show` = 1  AND `delete_time` = 0 ORDER BY `click_num` DESC LIMIT 3 [ RunTime:0.000681s ]
[2021-06-02T14:00:37+08:00][sql] SHOW FULL COLUMNS FROM `carver_notice` [ RunTime:0.000616s ]
[2021-06-02T14:00:37+08:00][sql] SELECT * FROM `carver_notice` ORDER BY `create_time` DESC LIMIT 3 [ RunTime:0.000304s ]
[2021-06-02T14:00:37+08:00][sql] SHOW FULL COLUMNS FROM `carver_navigation` [ RunTime:0.001537s ]
[2021-06-02T14:00:37+08:00][sql] SELECT * FROM `carver_navigation` [ RunTime:0.001021s ]
[2021-06-02T14:00:37+08:00][sql] SHOW FULL COLUMNS FROM `carver_link` [ RunTime:0.003107s ]
[2021-06-02T14:00:37+08:00][sql] SELECT * FROM `carver_link` WHERE  ( is_confirm=2 ) LIMIT 20 [ RunTime:0.001060s ]
[2021-06-02T14:00:37+08:00][sql] SELECT `article_label` FROM `carver_article` [ RunTime:0.001062s ]
[2021-06-02T14:00:37+08:00][sql] SHOW FULL COLUMNS FROM `carver_carouse` [ RunTime:0.002009s ]
[2021-06-02T14:00:37+08:00][sql] SELECT `carouse_img`,`carouse_desc` FROM `carver_carouse` WHERE  `is_show` = 1 ORDER BY `carouse_sort` DESC LIMIT 3 [ RunTime:0.000811s ]
[2021-06-02T14:00:37+08:00][sql] SHOW FULL COLUMNS FROM `carver_site` [ RunTime:0.001723s ]
[2021-06-02T14:00:37+08:00][sql] SELECT * FROM `carver_site` [ RunTime:0.000871s ]
[2021-06-02T14:57:51+08:00][sql] CONNECT:[ UseTime:0.000642s ] mysql:host=127.0.0.1;port=3306;dbname=carver;charset=utf8
[2021-06-02T14:57:51+08:00][sql] SHOW FULL COLUMNS FROM `carver_article` [ RunTime:0.000867s ]
[2021-06-02T14:57:51+08:00][sql] SELECT COUNT(*) AS think_count FROM `carver_article` WHERE  `article_title` LIKE '%%'  AND `delete_time` = 0  AND `is_show` = 1 [ RunTime:0.000443s ]
[2021-06-02T14:57:51+08:00][sql] SELECT * FROM `carver_article` WHERE  `article_title` LIKE '%%'  AND `delete_time` = 0  AND `is_show` = 1 LIMIT 0,6 [ RunTime:0.000737s ]
[2021-06-02T14:57:51+08:00][sql] SELECT article_id,article_title,click_num,FROM_UNIXTIME(add_time,'%Y-%m-%d') as add_time FROM `carver_article` WHERE  `delete_time` = 0  AND `is_show` = 1 ORDER BY `click_num` DESC LIMIT 3 [ RunTime:0.000482s ]
[2021-06-02T14:57:51+08:00][sql] SHOW FULL COLUMNS FROM `carver_notice` [ RunTime:0.000591s ]
[2021-06-02T14:57:51+08:00][sql] SELECT * FROM `carver_notice` ORDER BY `create_time` DESC LIMIT 3 [ RunTime:0.000296s ]
[2021-06-02T14:57:51+08:00][sql] SHOW FULL COLUMNS FROM `carver_navigation` [ RunTime:0.000528s ]
[2021-06-02T14:57:51+08:00][sql] SELECT * FROM `carver_navigation` [ RunTime:0.000282s ]
[2021-06-02T14:57:51+08:00][sql] SHOW FULL COLUMNS FROM `carver_link` [ RunTime:0.000603s ]
[2021-06-02T14:57:51+08:00][sql] SELECT * FROM `carver_link` WHERE  ( is_confirm=2 ) LIMIT 20 [ RunTime:0.000303s ]
[2021-06-02T14:57:51+08:00][sql] SELECT `article_label` FROM `carver_article` [ RunTime:0.000336s ]
[2021-06-02T14:57:51+08:00][sql] SHOW FULL COLUMNS FROM `carver_carouse` [ RunTime:0.000632s ]
[2021-06-02T14:57:51+08:00][sql] SELECT `carouse_img`,`carouse_desc` FROM `carver_carouse` WHERE  `is_show` = 1 ORDER BY `carouse_sort` DESC LIMIT 3 [ RunTime:0.000629s ]
[2021-06-02T14:57:51+08:00][sql] SHOW FULL COLUMNS FROM `carver_site` [ RunTime:0.000501s ]
[2021-06-02T14:57:51+08:00][sql] SELECT * FROM `carver_site` [ RunTime:0.000267s ]
[2021-06-02T15:24:49+08:00][sql] CONNECT:[ UseTime:0.001066s ] mysql:host=127.0.0.1;port=3306;dbname=carver;charset=utf8
[2021-06-02T15:24:49+08:00][sql] SHOW FULL COLUMNS FROM `carver_article` [ RunTime:0.000873s ]
[2021-06-02T15:24:49+08:00][sql] SELECT COUNT(*) AS think_count FROM `carver_article` WHERE  `article_label` LIKE '%swoole;php%'  AND `delete_time` = 0  AND `is_show` = 1 [ RunTime:0.000461s ]
[2021-06-02T15:24:49+08:00][sql] SELECT * FROM `carver_article` WHERE  `article_label` LIKE '%swoole;php%'  AND `delete_time` = 0  AND `is_show` = 1 LIMIT 0,6 [ RunTime:0.001029s ]
[2021-06-02T15:24:49+08:00][sql] SELECT article_id,article_title,click_num,FROM_UNIXTIME(add_time,'%Y-%m-%d') as add_time FROM `carver_article` WHERE  `is_show` = 1  AND `delete_time` = 0 ORDER BY `click_num` DESC LIMIT 3 [ RunTime:0.000498s ]
[2021-06-02T15:24:49+08:00][sql] SHOW FULL COLUMNS FROM `carver_notice` [ RunTime:0.000669s ]
[2021-06-02T15:24:49+08:00][sql] SELECT * FROM `carver_notice` ORDER BY `create_time` DESC LIMIT 3 [ RunTime:0.000296s ]
[2021-06-02T15:24:49+08:00][sql] SHOW FULL COLUMNS FROM `carver_navigation` [ RunTime:0.000565s ]
[2021-06-02T15:24:49+08:00][sql] SELECT * FROM `carver_navigation` [ RunTime:0.000277s ]
[2021-06-02T15:24:49+08:00][sql] SHOW FULL COLUMNS FROM `carver_link` [ RunTime:0.000561s ]
[2021-06-02T15:24:49+08:00][sql] SELECT * FROM `carver_link` WHERE  ( is_confirm=2 ) LIMIT 20 [ RunTime:0.000318s ]
[2021-06-02T15:24:49+08:00][sql] SELECT `article_label` FROM `carver_article` [ RunTime:0.000252s ]
[2021-06-02T15:24:49+08:00][sql] SHOW FULL COLUMNS FROM `carver_carouse` [ RunTime:0.000545s ]
[2021-06-02T15:24:49+08:00][sql] SELECT `carouse_img`,`carouse_desc` FROM `carver_carouse` WHERE  `is_show` = 1 ORDER BY `carouse_sort` DESC LIMIT 3 [ RunTime:0.000308s ]
[2021-06-02T15:24:49+08:00][sql] SHOW FULL COLUMNS FROM `carver_site` [ RunTime:0.000541s ]
[2021-06-02T15:24:49+08:00][sql] SELECT * FROM `carver_site` [ RunTime:0.000243s ]
[2021-06-02T16:00:20+08:00][sql] CONNECT:[ UseTime:0.000522s ] mysql:host=127.0.0.1;port=3306;dbname=carver;charset=utf8
[2021-06-02T16:00:20+08:00][sql] SHOW FULL COLUMNS FROM `carver_article` [ RunTime:0.000901s ]
[2021-06-02T16:00:20+08:00][sql] SELECT COUNT(*) AS think_count FROM `carver_article` WHERE  `article_label` LIKE '%angerjs%'  AND `delete_time` = 0  AND `is_show` = 1 [ RunTime:0.000460s ]
[2021-06-02T16:00:20+08:00][sql] SELECT * FROM `carver_article` WHERE  `article_label` LIKE '%angerjs%'  AND `delete_time` = 0  AND `is_show` = 1 LIMIT 0,6 [ RunTime:0.001041s ]
[2021-06-02T16:00:20+08:00][sql] SELECT article_id,article_title,click_num,FROM_UNIXTIME(add_time,'%Y-%m-%d') as add_time FROM `carver_article` WHERE  `is_show` = 1  AND `delete_time` = 0 ORDER BY `click_num` DESC LIMIT 3 [ RunTime:0.000456s ]
[2021-06-02T16:00:20+08:00][sql] SHOW FULL COLUMNS FROM `carver_notice` [ RunTime:0.000737s ]
[2021-06-02T16:00:20+08:00][sql] SELECT * FROM `carver_notice` ORDER BY `create_time` DESC LIMIT 3 [ RunTime:0.000332s ]
[2021-06-02T16:00:20+08:00][sql] SHOW FULL COLUMNS FROM `carver_navigation` [ RunTime:0.000551s ]
[2021-06-02T16:00:20+08:00][sql] SELECT * FROM `carver_navigation` [ RunTime:0.000314s ]
[2021-06-02T16:00:20+08:00][sql] SHOW FULL COLUMNS FROM `carver_link` [ RunTime:0.000584s ]
[2021-06-02T16:00:20+08:00][sql] SELECT * FROM `carver_link` WHERE  ( is_confirm=2 ) LIMIT 20 [ RunTime:0.000326s ]
[2021-06-02T16:00:20+08:00][sql] SELECT `article_label` FROM `carver_article` [ RunTime:0.000281s ]
[2021-06-02T16:00:20+08:00][sql] SHOW FULL COLUMNS FROM `carver_carouse` [ RunTime:0.000546s ]
[2021-06-02T16:00:20+08:00][sql] SELECT `carouse_img`,`carouse_desc` FROM `carver_carouse` WHERE  `is_show` = 1 ORDER BY `carouse_sort` DESC LIMIT 3 [ RunTime:0.000303s ]
[2021-06-02T16:00:20+08:00][sql] SHOW FULL COLUMNS FROM `carver_site` [ RunTime:0.000576s ]
[2021-06-02T16:00:20+08:00][sql] SELECT * FROM `carver_site` [ RunTime:0.000267s ]
[2021-06-02T16:08:19+08:00][sql] CONNECT:[ UseTime:0.000660s ] mysql:host=127.0.0.1;port=3306;dbname=carver;charset=utf8
[2021-06-02T16:08:19+08:00][sql] SHOW FULL COLUMNS FROM `carver_article` [ RunTime:0.000875s ]
[2021-06-02T16:08:19+08:00][sql] SELECT `article_id`,`article_title`,`article_desc`,`article_content`,`article_img`,`article_guide`,`article_label`,`click_num`,`is_show`,`add_time`,`article_author` FROM `carver_article` WHERE  `article_id` = 18' LIMIT 1 [ RunTime:0.000911s ]
[2021-06-02T16:08:19+08:00][sql] SELECT `article_id`,`article_title`,`article_desc`,`article_content`,`article_img`,`article_guide`,`article_label`,`click_num`,`is_show`,`add_time`,`article_author` FROM `carver_article` WHERE  `article_id` > 18' LIMIT 1 [ RunTime:0.002202s ]
[2021-06-02T16:08:19+08:00][sql] SELECT `article_id`,`article_title`,`article_desc`,`article_content`,`article_img`,`article_guide`,`article_label`,`click_num`,`is_show`,`add_time`,`article_author` FROM `carver_article` WHERE  `article_id` < 18' ORDER BY `article_id` DESC LIMIT 1 [ RunTime:0.000476s ]
[2021-06-02T16:08:19+08:00][sql] SHOW FULL COLUMNS FROM `carver_link` [ RunTime:0.000599s ]
[2021-06-02T16:08:19+08:00][sql] SELECT * FROM `carver_link` WHERE  ( is_confirm=2 ) LIMIT 20 [ RunTime:0.000310s ]
[2021-06-02T16:08:19+08:00][sql] SELECT article_id,article_title,click_num,FROM_UNIXTIME(add_time,'%Y-%m-%d') as add_time FROM `carver_article` ORDER BY `click_num` DESC LIMIT 3 [ RunTime:0.000383s ]
[2021-06-02T16:08:19+08:00][sql] SHOW FULL COLUMNS FROM `carver_comment` [ RunTime:0.000672s ]
[2021-06-02T16:08:19+08:00][sql] SELECT `a`.*,`b`.`user_name` FROM `carver_comment` `a` INNER JOIN `carver_user` `b` ON `a`.`user_id`=`b`.`user_id` WHERE  `article_id` = 18' ORDER BY `create_time` DESC [ RunTime:0.000355s ]
[2021-06-02T16:08:19+08:00][sql] SHOW FULL COLUMNS FROM `carver_comment_to_others` [ RunTime:0.000533s ]
[2021-06-02T16:08:19+08:00][sql] SELECT * FROM `carver_comment_to_others` [ RunTime:0.000234s ]
[2021-06-02T16:08:19+08:00][sql] SHOW FULL COLUMNS FROM `carver_user` [ RunTime:0.000430s ]
[2021-06-02T16:08:19+08:00][sql] SELECT `user_name` FROM `carver_user` WHERE  `user_id` = 4 LIMIT 1 [ RunTime:0.000251s ]
[2021-06-02T16:08:19+08:00][sql] SELECT `user_name` FROM `carver_user` WHERE  `user_id` = 4 LIMIT 1 [ RunTime:0.000228s ]
[2021-06-02T16:08:19+08:00][sql] SELECT `user_name` FROM `carver_user` WHERE  `user_id` = 5 LIMIT 1 [ RunTime:0.000208s ]
[2021-06-02T16:08:19+08:00][sql] SELECT `user_name` FROM `carver_user` WHERE  `user_id` = 5 LIMIT 1 [ RunTime:0.000229s ]
[2021-06-02T16:08:19+08:00][sql] SELECT `user_name` FROM `carver_user` WHERE  `user_id` = 37 LIMIT 1 [ RunTime:0.000228s ]
[2021-06-02T16:08:19+08:00][sql] SELECT `user_name`,`user_id` FROM `carver_user` [ RunTime:0.000354s ]
[2021-06-02T16:08:19+08:00][sql] SHOW FULL COLUMNS FROM `carver_navigation` [ RunTime:0.000557s ]
[2021-06-02T16:08:19+08:00][sql] SELECT * FROM `carver_navigation` [ RunTime:0.000268s ]
[2021-06-02T16:08:19+08:00][sql] SELECT `article_label` FROM `carver_article` [ RunTime:0.000556s ]
[2021-06-02T16:24:26+08:00][sql] CONNECT:[ UseTime:0.000558s ] mysql:host=127.0.0.1;port=3306;dbname=carver;charset=utf8
[2021-06-02T16:24:26+08:00][sql] SHOW FULL COLUMNS FROM `carver_user` [ RunTime:0.000874s ]
[2021-06-02T16:24:26+08:00][sql] SHOW FULL COLUMNS FROM `carver_article` [ RunTime:0.000718s ]
[2021-06-02T16:24:26+08:00][sql] SELECT COUNT(*) AS think_count FROM `carver_article` WHERE  `delete_time` = 0  AND `is_show` = 1 [ RunTime:0.000381s ]
[2021-06-02T16:24:26+08:00][sql] SELECT `article_id`,`article_title`,`article_desc`,`article_content`,`article_img`,`article_guide`,`article_label`,`click_num`,`is_show`,`add_time`,`article_author`,`is_top_show` FROM `carver_article` WHERE  `delete_time` = 0  AND `is_show` = 1 ORDER BY `article_id` DESC LIMIT 0,6 [ RunTime:0.000621s ]
[2021-06-02T16:24:26+08:00][sql] SELECT article_id,article_title,click_num,FROM_UNIXTIME(add_time,'%Y-%m-%d') as add_time FROM `carver_article` WHERE  `is_show` = 1  AND `delete_time` = 0 ORDER BY `click_num` DESC LIMIT 3 [ RunTime:0.000473s ]
[2021-06-02T16:24:26+08:00][sql] SHOW FULL COLUMNS FROM `carver_notice` [ RunTime:0.000608s ]
[2021-06-02T16:24:26+08:00][sql] SELECT * FROM `carver_notice` ORDER BY `create_time` DESC LIMIT 3 [ RunTime:0.000282s ]
[2021-06-02T16:24:26+08:00][sql] SHOW FULL COLUMNS FROM `carver_navigation` [ RunTime:0.000525s ]
[2021-06-02T16:24:26+08:00][sql] SELECT * FROM `carver_navigation` [ RunTime:0.000247s ]
[2021-06-02T16:24:26+08:00][sql] SHOW FULL COLUMNS FROM `carver_link` [ RunTime:0.000515s ]
[2021-06-02T16:24:26+08:00][sql] SELECT * FROM `carver_link` WHERE  ( is_confirm=2 ) LIMIT 20 [ RunTime:0.000329s ]
[2021-06-02T16:24:26+08:00][sql] SELECT `article_label` FROM `carver_article` [ RunTime:0.000327s ]
[2021-06-02T16:24:26+08:00][sql] SHOW FULL COLUMNS FROM `carver_carouse` [ RunTime:0.000501s ]
[2021-06-02T16:24:26+08:00][sql] SELECT `carouse_img`,`carouse_desc` FROM `carver_carouse` WHERE  `is_show` = 1 ORDER BY `carouse_sort` DESC LIMIT 3 [ RunTime:0.000316s ]
[2021-06-02T16:24:26+08:00][sql] SHOW FULL COLUMNS FROM `carver_site` [ RunTime:0.000492s ]
[2021-06-02T16:24:26+08:00][sql] SELECT * FROM `carver_site` [ RunTime:0.000249s ]
[2021-06-02T17:18:21+08:00][sql] CONNECT:[ UseTime:0.000490s ] mysql:host=127.0.0.1;port=3306;dbname=carver;charset=utf8
[2021-06-02T17:18:21+08:00][sql] SHOW FULL COLUMNS FROM `carver_user` [ RunTime:0.000834s ]
[2021-06-02T17:18:21+08:00][sql] SHOW FULL COLUMNS FROM `carver_article` [ RunTime:0.000694s ]
[2021-06-02T17:18:21+08:00][sql] SELECT COUNT(*) AS think_count FROM `carver_article` WHERE  `delete_time` = 0  AND `is_show` = 1 [ RunTime:0.000436s ]
[2021-06-02T17:18:21+08:00][sql] SELECT `article_id`,`article_title`,`article_desc`,`article_content`,`article_img`,`article_guide`,`article_label`,`click_num`,`is_show`,`add_time`,`article_author`,`is_top_show` FROM `carver_article` WHERE  `delete_time` = 0  AND `is_show` = 1 ORDER BY `article_id` DESC LIMIT 0,6 [ RunTime:0.000636s ]
[2021-06-02T17:18:21+08:00][sql] SELECT article_id,article_title,click_num,FROM_UNIXTIME(add_time,'%Y-%m-%d') as add_time FROM `carver_article` WHERE  `is_show` = 1  AND `delete_time` = 0 ORDER BY `click_num` DESC LIMIT 3 [ RunTime:0.000402s ]
[2021-06-02T17:18:21+08:00][sql] SHOW FULL COLUMNS FROM `carver_notice` [ RunTime:0.000575s ]
[2021-06-02T17:18:21+08:00][sql] SELECT * FROM `carver_notice` ORDER BY `create_time` DESC LIMIT 3 [ RunTime:0.000292s ]
[2021-06-02T17:18:21+08:00][sql] SHOW FULL COLUMNS FROM `carver_navigation` [ RunTime:0.000553s ]
[2021-06-02T17:18:21+08:00][sql] SELECT * FROM `carver_navigation` [ RunTime:0.000256s ]
[2021-06-02T17:18:21+08:00][sql] SHOW FULL COLUMNS FROM `carver_link` [ RunTime:0.000481s ]
[2021-06-02T17:18:21+08:00][sql] SELECT * FROM `carver_link` WHERE  ( is_confirm=2 ) LIMIT 20 [ RunTime:0.000307s ]
[2021-06-02T17:18:21+08:00][sql] SELECT `article_label` FROM `carver_article` [ RunTime:0.000275s ]
[2021-06-02T17:18:21+08:00][sql] SHOW FULL COLUMNS FROM `carver_carouse` [ RunTime:0.000467s ]
[2021-06-02T17:18:21+08:00][sql] SELECT `carouse_img`,`carouse_desc` FROM `carver_carouse` WHERE  `is_show` = 1 ORDER BY `carouse_sort` DESC LIMIT 3 [ RunTime:0.000310s ]
[2021-06-02T17:18:21+08:00][sql] SHOW FULL COLUMNS FROM `carver_site` [ RunTime:0.000458s ]
[2021-06-02T17:18:21+08:00][sql] SELECT * FROM `carver_site` [ RunTime:0.000246s ]
[2021-06-02T18:05:15+08:00][sql] CONNECT:[ UseTime:0.000508s ] mysql:host=127.0.0.1;port=3306;dbname=carver;charset=utf8
[2021-06-02T18:05:15+08:00][sql] SHOW FULL COLUMNS FROM `carver_article` [ RunTime:0.000909s ]
[2021-06-02T18:05:15+08:00][sql] SELECT `article_id`,`article_title`,`article_desc`,`article_content`,`article_img`,`article_guide`,`article_label`,`click_num`,`is_show`,`add_time`,`article_author` FROM `carver_article` WHERE  `article_id` = 18'A=0 LIMIT 1 [ RunTime:0.000485s ]
[2021-06-02T18:05:15+08:00][sql] SELECT `article_id`,`article_title`,`article_desc`,`article_content`,`article_img`,`article_guide`,`article_label`,`click_num`,`is_show`,`add_time`,`article_author` FROM `carver_article` WHERE  `article_id` > 18'A=0 LIMIT 1 [ RunTime:0.002178s ]
[2021-06-02T18:05:15+08:00][sql] SELECT `article_id`,`article_title`,`article_desc`,`article_content`,`article_img`,`article_guide`,`article_label`,`click_num`,`is_show`,`add_time`,`article_author` FROM `carver_article` WHERE  `article_id` < 18'A=0 ORDER BY `article_id` DESC LIMIT 1 [ RunTime:0.000621s ]
[2021-06-02T18:05:15+08:00][sql] SHOW FULL COLUMNS FROM `carver_link` [ RunTime:0.000608s ]
[2021-06-02T18:05:15+08:00][sql] SELECT * FROM `carver_link` WHERE  ( is_confirm=2 ) LIMIT 20 [ RunTime:0.000335s ]
[2021-06-02T18:05:15+08:00][sql] SELECT article_id,article_title,click_num,FROM_UNIXTIME(add_time,'%Y-%m-%d') as add_time FROM `carver_article` ORDER BY `click_num` DESC LIMIT 3 [ RunTime:0.000382s ]
[2021-06-02T18:05:15+08:00][sql] SHOW FULL COLUMNS FROM `carver_comment` [ RunTime:0.000620s ]
[2021-06-02T18:05:15+08:00][sql] SELECT `a`.*,`b`.`user_name` FROM `carver_comment` `a` INNER JOIN `carver_user` `b` ON `a`.`user_id`=`b`.`user_id` WHERE  `article_id` = 18'A=0 ORDER BY `create_time` DESC [ RunTime:0.000375s ]
[2021-06-02T18:05:15+08:00][sql] SHOW FULL COLUMNS FROM `carver_comment_to_others` [ RunTime:0.000513s ]
[2021-06-02T18:05:15+08:00][sql] SELECT * FROM `carver_comment_to_others` [ RunTime:0.000266s ]
[2021-06-02T18:05:15+08:00][sql] SHOW FULL COLUMNS FROM `carver_user` [ RunTime:0.000437s ]
[2021-06-02T18:05:15+08:00][sql] SELECT `user_name` FROM `carver_user` WHERE  `user_id` = 4 LIMIT 1 [ RunTime:0.000249s ]
[2021-06-02T18:05:15+08:00][sql] SELECT `user_name` FROM `carver_user` WHERE  `user_id` = 4 LIMIT 1 [ RunTime:0.000210s ]
[2021-06-02T18:05:15+08:00][sql] SELECT `user_name` FROM `carver_user` WHERE  `user_id` = 5 LIMIT 1 [ RunTime:0.000247s ]
[2021-06-02T18:05:15+08:00][sql] SELECT `user_name` FROM `carver_user` WHERE  `user_id` = 5 LIMIT 1 [ RunTime:0.000222s ]
[2021-06-02T18:05:15+08:00][sql] SELECT `user_name` FROM `carver_user` WHERE  `user_id` = 37 LIMIT 1 [ RunTime:0.000246s ]
[2021-06-02T18:05:15+08:00][sql] SELECT `user_name`,`user_id` FROM `carver_user` [ RunTime:0.000270s ]
[2021-06-02T18:05:15+08:00][sql] SHOW FULL COLUMNS FROM `carver_navigation` [ RunTime:0.000552s ]
[2021-06-02T18:05:15+08:00][sql] SELECT * FROM `carver_navigation` [ RunTime:0.000255s ]
[2021-06-02T18:05:15+08:00][sql] SELECT `article_label` FROM `carver_article` [ RunTime:0.000247s ]
[2021-06-02T18:07:06+08:00][sql] CONNECT:[ UseTime:0.000585s ] mysql:host=127.0.0.1;port=3306;dbname=carver;charset=utf8
[2021-06-02T18:07:06+08:00][sql] SHOW FULL COLUMNS FROM `carver_article` [ RunTime:0.000913s ]
[2021-06-02T18:07:06+08:00][sql] SELECT COUNT(*) AS think_count FROM `carver_article` WHERE  `article_label` LIKE '%angerjs%'  AND `delete_time` = 0  AND `is_show` = 1 [ RunTime:0.000424s ]
[2021-06-02T18:07:06+08:00][sql] SELECT * FROM `carver_article` WHERE  `article_label` LIKE '%angerjs%'  AND `delete_time` = 0  AND `is_show` = 1 LIMIT 0,6 [ RunTime:0.000956s ]
[2021-06-02T18:07:06+08:00][sql] SELECT article_id,article_title,click_num,FROM_UNIXTIME(add_time,'%Y-%m-%d') as add_time FROM `carver_article` WHERE  `is_show` = 1  AND `delete_time` = 0 ORDER BY `click_num` DESC LIMIT 3 [ RunTime:0.000511s ]
[2021-06-02T18:07:06+08:00][sql] SHOW FULL COLUMNS FROM `carver_notice` [ RunTime:0.000629s ]
[2021-06-02T18:07:06+08:00][sql] SELECT * FROM `carver_notice` ORDER BY `create_time` DESC LIMIT 3 [ RunTime:0.000316s ]
[2021-06-02T18:07:06+08:00][sql] SHOW FULL COLUMNS FROM `carver_navigation` [ RunTime:0.000554s ]
[2021-06-02T18:07:06+08:00][sql] SELECT * FROM `carver_navigation` [ RunTime:0.000322s ]
[2021-06-02T18:07:06+08:00][sql] SHOW FULL COLUMNS FROM `carver_link` [ RunTime:0.000972s ]
[2021-06-02T18:07:06+08:00][sql] SELECT * FROM `carver_link` WHERE  ( is_confirm=2 ) LIMIT 20 [ RunTime:0.000370s ]
[2021-06-02T18:07:06+08:00][sql] SELECT `article_label` FROM `carver_article` [ RunTime:0.000309s ]
[2021-06-02T18:07:06+08:00][sql] SHOW FULL COLUMNS FROM `carver_carouse` [ RunTime:0.000523s ]
[2021-06-02T18:07:06+08:00][sql] SELECT `carouse_img`,`carouse_desc` FROM `carver_carouse` WHERE  `is_show` = 1 ORDER BY `carouse_sort` DESC LIMIT 3 [ RunTime:0.000314s ]
[2021-06-02T18:07:06+08:00][sql] SHOW FULL COLUMNS FROM `carver_site` [ RunTime:0.000523s ]
[2021-06-02T18:07:06+08:00][sql] SELECT * FROM `carver_site` [ RunTime:0.000269s ]
[2021-06-02T19:41:41+08:00][sql] CONNECT:[ UseTime:0.000508s ] mysql:host=127.0.0.1;port=3306;dbname=carver;charset=utf8
[2021-06-02T19:41:41+08:00][sql] SHOW FULL COLUMNS FROM `carver_user` [ RunTime:0.000843s ]
[2021-06-02T19:41:41+08:00][sql] SHOW FULL COLUMNS FROM `carver_article` [ RunTime:0.000682s ]
[2021-06-02T19:41:41+08:00][sql] SELECT COUNT(*) AS think_count FROM `carver_article` WHERE  `delete_time` = 0  AND `is_show` = 1 [ RunTime:0.000366s ]
[2021-06-02T19:41:41+08:00][sql] SELECT `article_id`,`article_title`,`article_desc`,`article_content`,`article_img`,`article_guide`,`article_label`,`click_num`,`is_show`,`add_time`,`article_author`,`is_top_show` FROM `carver_article` WHERE  `delete_time` = 0  AND `is_show` = 1 ORDER BY `article_id` DESC LIMIT 0,6 [ RunTime:0.000592s ]
[2021-06-02T19:41:41+08:00][sql] SELECT article_id,article_title,click_num,FROM_UNIXTIME(add_time,'%Y-%m-%d') as add_time FROM `carver_article` WHERE  `is_show` = 1  AND `delete_time` = 0 ORDER BY `click_num` DESC LIMIT 3 [ RunTime:0.000404s ]
[2021-06-02T19:41:41+08:00][sql] SHOW FULL COLUMNS FROM `carver_notice` [ RunTime:0.000494s ]
[2021-06-02T19:41:41+08:00][sql] SELECT * FROM `carver_notice` ORDER BY `create_time` DESC LIMIT 3 [ RunTime:0.000310s ]
[2021-06-02T19:41:41+08:00][sql] SHOW FULL COLUMNS FROM `carver_navigation` [ RunTime:0.000536s ]
[2021-06-02T19:41:41+08:00][sql] SELECT * FROM `carver_navigation` [ RunTime:0.000627s ]
[2021-06-02T19:41:41+08:00][sql] SHOW FULL COLUMNS FROM `carver_link` [ RunTime:0.000514s ]
[2021-06-02T19:41:41+08:00][sql] SELECT * FROM `carver_link` WHERE  ( is_confirm=2 ) LIMIT 20 [ RunTime:0.000266s ]
[2021-06-02T19:41:41+08:00][sql] SELECT `article_label` FROM `carver_article` [ RunTime:0.000408s ]
[2021-06-02T19:41:41+08:00][sql] SHOW FULL COLUMNS FROM `carver_carouse` [ RunTime:0.000483s ]
[2021-06-02T19:41:41+08:00][sql] SELECT `carouse_img`,`carouse_desc` FROM `carver_carouse` WHERE  `is_show` = 1 ORDER BY `carouse_sort` DESC LIMIT 3 [ RunTime:0.000277s ]
[2021-06-02T19:41:41+08:00][sql] SHOW FULL COLUMNS FROM `carver_site` [ RunTime:0.000455s ]
[2021-06-02T19:41:41+08:00][sql] SELECT * FROM `carver_site` [ RunTime:0.000217s ]
[2021-06-02T21:43:21+08:00][sql] CONNECT:[ UseTime:0.000540s ] mysql:host=127.0.0.1;port=3306;dbname=carver;charset=utf8
[2021-06-02T21:43:21+08:00][sql] SHOW FULL COLUMNS FROM `carver_user` [ RunTime:0.000820s ]
[2021-06-02T21:43:21+08:00][sql] SHOW FULL COLUMNS FROM `carver_article` [ RunTime:0.000661s ]
[2021-06-02T21:43:21+08:00][sql] SELECT COUNT(*) AS think_count FROM `carver_article` WHERE  `delete_time` = 0  AND `is_show` = 1 [ RunTime:0.000365s ]
[2021-06-02T21:43:21+08:00][sql] SELECT `article_id`,`article_title`,`article_desc`,`article_content`,`article_img`,`article_guide`,`article_label`,`click_num`,`is_show`,`add_time`,`article_author`,`is_top_show` FROM `carver_article` WHERE  `delete_time` = 0  AND `is_show` = 1 ORDER BY `article_id` DESC LIMIT 0,6 [ RunTime:0.000591s ]
[2021-06-02T21:43:21+08:00][sql] SELECT article_id,article_title,click_num,FROM_UNIXTIME(add_time,'%Y-%m-%d') as add_time FROM `carver_article` WHERE  `is_show` = 1  AND `delete_time` = 0 ORDER BY `click_num` DESC LIMIT 3 [ RunTime:0.000408s ]
[2021-06-02T21:43:21+08:00][sql] SHOW FULL COLUMNS FROM `carver_notice` [ RunTime:0.000482s ]
[2021-06-02T21:43:21+08:00][sql] SELECT * FROM `carver_notice` ORDER BY `create_time` DESC LIMIT 3 [ RunTime:0.000271s ]
[2021-06-02T21:43:21+08:00][sql] SHOW FULL COLUMNS FROM `carver_navigation` [ RunTime:0.000486s ]
[2021-06-02T21:43:21+08:00][sql] SELECT * FROM `carver_navigation` [ RunTime:0.000233s ]
[2021-06-02T21:43:21+08:00][sql] SHOW FULL COLUMNS FROM `carver_link` [ RunTime:0.000494s ]
[2021-06-02T21:43:21+08:00][sql] SELECT * FROM `carver_link` WHERE  ( is_confirm=2 ) LIMIT 20 [ RunTime:0.000481s ]
[2021-06-02T21:43:21+08:00][sql] SELECT `article_label` FROM `carver_article` [ RunTime:0.000284s ]
[2021-06-02T21:43:21+08:00][sql] SHOW FULL COLUMNS FROM `carver_carouse` [ RunTime:0.000520s ]
[2021-06-02T21:43:21+08:00][sql] SELECT `carouse_img`,`carouse_desc` FROM `carver_carouse` WHERE  `is_show` = 1 ORDER BY `carouse_sort` DESC LIMIT 3 [ RunTime:0.000268s ]
[2021-06-02T21:43:21+08:00][sql] SHOW FULL COLUMNS FROM `carver_site` [ RunTime:0.000497s ]
[2021-06-02T21:43:21+08:00][sql] SELECT * FROM `carver_site` [ RunTime:0.000234s ]
[2021-06-02T23:38:58+08:00][sql] CONNECT:[ UseTime:0.000476s ] mysql:host=127.0.0.1;port=3306;dbname=carver;charset=utf8
[2021-06-02T23:38:58+08:00][sql] SHOW FULL COLUMNS FROM `carver_user` [ RunTime:0.000779s ]
[2021-06-02T23:38:58+08:00][sql] SHOW FULL COLUMNS FROM `carver_article` [ RunTime:0.000671s ]
[2021-06-02T23:38:58+08:00][sql] SELECT COUNT(*) AS think_count FROM `carver_article` WHERE  `delete_time` = 0  AND `is_show` = 1 [ RunTime:0.000367s ]
[2021-06-02T23:38:58+08:00][sql] SELECT `article_id`,`article_title`,`article_desc`,`article_content`,`article_img`,`article_guide`,`article_label`,`click_num`,`is_show`,`add_time`,`article_author`,`is_top_show` FROM `carver_article` WHERE  `delete_time` = 0  AND `is_show` = 1 ORDER BY `article_id` DESC LIMIT 0,6 [ RunTime:0.000618s ]
[2021-06-02T23:38:58+08:00][sql] SELECT article_id,article_title,click_num,FROM_UNIXTIME(add_time,'%Y-%m-%d') as add_time FROM `carver_article` WHERE  `is_show` = 1  AND `delete_time` = 0 ORDER BY `click_num` DESC LIMIT 3 [ RunTime:0.000400s ]
[2021-06-02T23:38:58+08:00][sql] SHOW FULL COLUMNS FROM `carver_notice` [ RunTime:0.000489s ]
[2021-06-02T23:38:58+08:00][sql] SELECT * FROM `carver_notice` ORDER BY `create_time` DESC LIMIT 3 [ RunTime:0.000257s ]
[2021-06-02T23:38:58+08:00][sql] SHOW FULL COLUMNS FROM `carver_navigation` [ RunTime:0.000587s ]
[2021-06-02T23:38:58+08:00][sql] SELECT * FROM `carver_navigation` [ RunTime:0.000232s ]
[2021-06-02T23:38:58+08:00][sql] SHOW FULL COLUMNS FROM `carver_link` [ RunTime:0.000481s ]
[2021-06-02T23:38:58+08:00][sql] SELECT * FROM `carver_link` WHERE  ( is_confirm=2 ) LIMIT 20 [ RunTime:0.000283s ]
[2021-06-02T23:38:58+08:00][sql] SELECT `article_label` FROM `carver_article` [ RunTime:0.000281s ]
[2021-06-02T23:38:58+08:00][sql] SHOW FULL COLUMNS FROM `carver_carouse` [ RunTime:0.000456s ]
[2021-06-02T23:38:58+08:00][sql] SELECT `carouse_img`,`carouse_desc` FROM `carver_carouse` WHERE  `is_show` = 1 ORDER BY `carouse_sort` DESC LIMIT 3 [ RunTime:0.000287s ]
[2021-06-02T23:38:58+08:00][sql] SHOW FULL COLUMNS FROM `carver_site` [ RunTime:0.000465s ]
[2021-06-02T23:38:58+08:00][sql] SELECT * FROM `carver_site` [ RunTime:0.000219s ]
[2021-06-02T23:55:51+08:00][sql] CONNECT:[ UseTime:0.000651s ] mysql:host=127.0.0.1;port=3306;dbname=carver;charset=utf8
[2021-06-02T23:55:51+08:00][sql] SHOW FULL COLUMNS FROM `carver_article` [ RunTime:0.000862s ]
[2021-06-02T23:55:51+08:00][sql] SELECT `article_id`,`article_title`,`article_desc`,`article_content`,`article_img`,`article_guide`,`article_label`,`click_num`,`is_show`,`add_time`,`article_author` FROM `carver_article` WHERE  `article_id` = 17' LIMIT 1 [ RunTime:0.000597s ]
[2021-06-02T23:55:51+08:00][sql] SELECT `article_id`,`article_title`,`article_desc`,`article_content`,`article_img`,`article_guide`,`article_label`,`click_num`,`is_show`,`add_time`,`article_author` FROM `carver_article` WHERE  `article_id` > 17' LIMIT 1 [ RunTime:0.000428s ]
[2021-06-02T23:55:51+08:00][sql] SELECT `article_id`,`article_title`,`article_desc`,`article_content`,`article_img`,`article_guide`,`article_label`,`click_num`,`is_show`,`add_time`,`article_author` FROM `carver_article` WHERE  `article_id` < 17' ORDER BY `article_id` DESC LIMIT 1 [ RunTime:0.000390s ]
[2021-06-02T23:55:51+08:00][sql] SHOW FULL COLUMNS FROM `carver_link` [ RunTime:0.000578s ]
[2021-06-02T23:55:51+08:00][sql] SELECT * FROM `carver_link` WHERE  ( is_confirm=2 ) LIMIT 20 [ RunTime:0.000307s ]
[2021-06-02T23:55:51+08:00][sql] SELECT article_id,article_title,click_num,FROM_UNIXTIME(add_time,'%Y-%m-%d') as add_time FROM `carver_article` ORDER BY `click_num` DESC LIMIT 3 [ RunTime:0.000350s ]
[2021-06-02T23:55:51+08:00][sql] SHOW FULL COLUMNS FROM `carver_comment` [ RunTime:0.000633s ]
[2021-06-02T23:55:51+08:00][sql] SELECT `a`.*,`b`.`user_name` FROM `carver_comment` `a` INNER JOIN `carver_user` `b` ON `a`.`user_id`=`b`.`user_id` WHERE  `article_id` = 17' ORDER BY `create_time` DESC [ RunTime:0.000382s ]
[2021-06-02T23:55:51+08:00][sql] SHOW FULL COLUMNS FROM `carver_comment_to_others` [ RunTime:0.000521s ]
[2021-06-02T23:55:51+08:00][sql] SELECT * FROM `carver_comment_to_others` [ RunTime:0.000282s ]
[2021-06-02T23:55:51+08:00][sql] SHOW FULL COLUMNS FROM `carver_user` [ RunTime:0.000438s ]
[2021-06-02T23:55:51+08:00][sql] SELECT `user_name` FROM `carver_user` WHERE  `user_id` = 4 LIMIT 1 [ RunTime:0.000257s ]
[2021-06-02T23:55:51+08:00][sql] SELECT `user_name` FROM `carver_user` WHERE  `user_id` = 4 LIMIT 1 [ RunTime:0.000222s ]
[2021-06-02T23:55:51+08:00][sql] SELECT `user_name` FROM `carver_user` WHERE  `user_id` = 5 LIMIT 1 [ RunTime:0.000207s ]
[2021-06-02T23:55:51+08:00][sql] SELECT `user_name` FROM `carver_user` WHERE  `user_id` = 5 LIMIT 1 [ RunTime:0.000236s ]
[2021-06-02T23:55:51+08:00][sql] SELECT `user_name` FROM `carver_user` WHERE  `user_id` = 37 LIMIT 1 [ RunTime:0.000231s ]
[2021-06-02T23:55:51+08:00][sql] SELECT `user_name`,`user_id` FROM `carver_user` [ RunTime:0.000259s ]
[2021-06-02T23:55:51+08:00][sql] SHOW FULL COLUMNS FROM `carver_navigation` [ RunTime:0.000547s ]
[2021-06-02T23:55:51+08:00][sql] SELECT * FROM `carver_navigation` [ RunTime:0.000265s ]
[2021-06-02T23:55:51+08:00][sql] SELECT `article_label` FROM `carver_article` [ RunTime:0.000300s ]
