[2021-06-03T00:18:57+08:00][sql] CONNECT:[ UseTime:0.000516s ] mysql:host=127.0.0.1;port=3306;dbname=carver;charset=utf8
[2021-06-03T00:18:57+08:00][sql] SHOW FULL COLUMNS FROM `carver_article` [ RunTime:0.000847s ]
[2021-06-03T00:18:57+08:00][sql] SELECT COUNT(*) AS think_count FROM `carver_article` WHERE  `article_label` LIKE '%php%'  AND `delete_time` = 0  AND `is_show` = 1 [ RunTime:0.000428s ]
[2021-06-03T00:18:57+08:00][sql] SELECT * FROM `carver_article` WHERE  `article_label` LIKE '%php%'  AND `delete_time` = 0  AND `is_show` = 1 LIMIT 6,6 [ RunTime:0.003926s ]
[2021-06-03T00:18:57+08:00][sql] SELECT article_id,article_title,click_num,FROM_UNIXTIME(add_time,'%Y-%m-%d') as add_time FROM `carver_article` WHERE  `is_show` = 1  AND `delete_time` = 0 ORDER BY `click_num` DESC LIMIT 3 [ RunTime:0.000621s ]
[2021-06-03T00:18:57+08:00][sql] SHOW FULL COLUMNS FROM `carver_notice` [ RunTime:0.000600s ]
[2021-06-03T00:18:57+08:00][sql] SELECT * FROM `carver_notice` ORDER BY `create_time` DESC LIMIT 3 [ RunTime:0.000307s ]
[2021-06-03T00:18:57+08:00][sql] SHOW FULL COLUMNS FROM `carver_navigation` [ RunTime:0.000515s ]
[2021-06-03T00:18:57+08:00][sql] SELECT * FROM `carver_navigation` [ RunTime:0.000252s ]
[2021-06-03T00:18:57+08:00][sql] SHOW FULL COLUMNS FROM `carver_link` [ RunTime:0.000520s ]
[2021-06-03T00:18:57+08:00][sql] SELECT * FROM `carver_link` WHERE  ( is_confirm=2 ) LIMIT 20 [ RunTime:0.000322s ]
[2021-06-03T00:18:57+08:00][sql] SELECT `article_label` FROM `carver_article` [ RunTime:0.000252s ]
[2021-06-03T00:18:57+08:00][sql] SHOW FULL COLUMNS FROM `carver_carouse` [ RunTime:0.000496s ]
[2021-06-03T00:18:57+08:00][sql] SELECT `carouse_img`,`carouse_desc` FROM `carver_carouse` WHERE  `is_show` = 1 ORDER BY `carouse_sort` DESC LIMIT 3 [ RunTime:0.000278s ]
[2021-06-03T00:18:57+08:00][sql] SHOW FULL COLUMNS FROM `carver_site` [ RunTime:0.000474s ]
[2021-06-03T00:18:57+08:00][sql] SELECT * FROM `carver_site` [ RunTime:0.000253s ]
[2021-06-03T01:04:10+08:00][sql] CONNECT:[ UseTime:0.000511s ] mysql:host=127.0.0.1;port=3306;dbname=carver;charset=utf8
[2021-06-03T01:04:10+08:00][sql] SHOW FULL COLUMNS FROM `carver_user` [ RunTime:0.000863s ]
[2021-06-03T01:04:10+08:00][sql] SHOW FULL COLUMNS FROM `carver_article` [ RunTime:0.000707s ]
[2021-06-03T01:04:10+08:00][sql] SELECT COUNT(*) AS think_count FROM `carver_article` WHERE  `delete_time` = 0  AND `is_show` = 1 [ RunTime:0.000411s ]
[2021-06-03T01:04:10+08:00][sql] SELECT `article_id`,`article_title`,`article_desc`,`article_content`,`article_img`,`article_guide`,`article_label`,`click_num`,`is_show`,`add_time`,`article_author`,`is_top_show` FROM `carver_article` WHERE  `delete_time` = 0  AND `is_show` = 1 ORDER BY `article_id` DESC LIMIT 12,6 [ RunTime:0.001143s ]
[2021-06-03T01:04:10+08:00][sql] SELECT article_id,article_title,click_num,FROM_UNIXTIME(add_time,'%Y-%m-%d') as add_time FROM `carver_article` WHERE  `is_show` = 1  AND `delete_time` = 0 ORDER BY `click_num` DESC LIMIT 3 [ RunTime:0.000506s ]
[2021-06-03T01:04:10+08:00][sql] SHOW FULL COLUMNS FROM `carver_notice` [ RunTime:0.000987s ]
[2021-06-03T01:04:10+08:00][sql] SELECT * FROM `carver_notice` ORDER BY `create_time` DESC LIMIT 3 [ RunTime:0.000311s ]
[2021-06-03T01:04:10+08:00][sql] SHOW FULL COLUMNS FROM `carver_navigation` [ RunTime:0.000522s ]
[2021-06-03T01:04:10+08:00][sql] SELECT * FROM `carver_navigation` [ RunTime:0.000255s ]
[2021-06-03T01:04:10+08:00][sql] SHOW FULL COLUMNS FROM `carver_link` [ RunTime:0.000544s ]
[2021-06-03T01:04:10+08:00][sql] SELECT * FROM `carver_link` WHERE  ( is_confirm=2 ) LIMIT 20 [ RunTime:0.000379s ]
[2021-06-03T01:04:10+08:00][sql] SELECT `article_label` FROM `carver_article` [ RunTime:0.000266s ]
[2021-06-03T01:04:10+08:00][sql] SHOW FULL COLUMNS FROM `carver_carouse` [ RunTime:0.000521s ]
[2021-06-03T01:04:10+08:00][sql] SELECT `carouse_img`,`carouse_desc` FROM `carver_carouse` WHERE  `is_show` = 1 ORDER BY `carouse_sort` DESC LIMIT 3 [ RunTime:0.000289s ]
[2021-06-03T01:04:10+08:00][sql] SHOW FULL COLUMNS FROM `carver_site` [ RunTime:0.000528s ]
[2021-06-03T01:04:10+08:00][sql] SELECT * FROM `carver_site` [ RunTime:0.000233s ]
[2021-06-03T01:39:44+08:00][sql] CONNECT:[ UseTime:0.000501s ] mysql:host=127.0.0.1;port=3306;dbname=carver;charset=utf8
[2021-06-03T01:39:44+08:00][sql] SHOW FULL COLUMNS FROM `carver_user` [ RunTime:0.000876s ]
[2021-06-03T01:39:44+08:00][sql] SHOW FULL COLUMNS FROM `carver_article` [ RunTime:0.000787s ]
[2021-06-03T01:39:44+08:00][sql] SELECT COUNT(*) AS think_count FROM `carver_article` WHERE  `delete_time` = 0  AND `is_show` = 1 [ RunTime:0.000457s ]
[2021-06-03T01:39:44+08:00][sql] SELECT `article_id`,`article_title`,`article_desc`,`article_content`,`article_img`,`article_guide`,`article_label`,`click_num`,`is_show`,`add_time`,`article_author`,`is_top_show` FROM `carver_article` WHERE  `delete_time` = 0  AND `is_show` = 1 ORDER BY `article_id` DESC LIMIT 0,6 [ RunTime:0.000874s ]
[2021-06-03T01:39:44+08:00][sql] SELECT article_id,article_title,click_num,FROM_UNIXTIME(add_time,'%Y-%m-%d') as add_time FROM `carver_article` WHERE  `is_show` = 1  AND `delete_time` = 0 ORDER BY `click_num` DESC LIMIT 3 [ RunTime:0.000512s ]
[2021-06-03T01:39:44+08:00][sql] SHOW FULL COLUMNS FROM `carver_notice` [ RunTime:0.000637s ]
[2021-06-03T01:39:44+08:00][sql] SELECT * FROM `carver_notice` ORDER BY `create_time` DESC LIMIT 3 [ RunTime:0.000313s ]
[2021-06-03T01:39:44+08:00][sql] SHOW FULL COLUMNS FROM `carver_navigation` [ RunTime:0.000570s ]
[2021-06-03T01:39:44+08:00][sql] SELECT * FROM `carver_navigation` [ RunTime:0.000258s ]
[2021-06-03T01:39:44+08:00][sql] SHOW FULL COLUMNS FROM `carver_link` [ RunTime:0.000562s ]
[2021-06-03T01:39:44+08:00][sql] SELECT * FROM `carver_link` WHERE  ( is_confirm=2 ) LIMIT 20 [ RunTime:0.000339s ]
[2021-06-03T01:39:44+08:00][sql] SELECT `article_label` FROM `carver_article` [ RunTime:0.000319s ]
[2021-06-03T01:39:44+08:00][sql] SHOW FULL COLUMNS FROM `carver_carouse` [ RunTime:0.000484s ]
[2021-06-03T01:39:44+08:00][sql] SELECT `carouse_img`,`carouse_desc` FROM `carver_carouse` WHERE  `is_show` = 1 ORDER BY `carouse_sort` DESC LIMIT 3 [ RunTime:0.000323s ]
[2021-06-03T01:39:44+08:00][sql] SHOW FULL COLUMNS FROM `carver_site` [ RunTime:0.000480s ]
[2021-06-03T01:39:44+08:00][sql] SELECT * FROM `carver_site` [ RunTime:0.000260s ]
[2021-06-03T01:44:42+08:00][sql] CONNECT:[ UseTime:0.000869s ] mysql:host=127.0.0.1;port=3306;dbname=carver;charset=utf8
[2021-06-03T01:44:42+08:00][sql] SHOW FULL COLUMNS FROM `carver_user` [ RunTime:0.000826s ]
[2021-06-03T01:44:42+08:00][sql] SHOW FULL COLUMNS FROM `carver_article` [ RunTime:0.000722s ]
[2021-06-03T01:44:42+08:00][sql] SELECT COUNT(*) AS think_count FROM `carver_article` WHERE  `delete_time` = 0  AND `is_show` = 1 [ RunTime:0.000388s ]
[2021-06-03T01:44:42+08:00][sql] SELECT `article_id`,`article_title`,`article_desc`,`article_content`,`article_img`,`article_guide`,`article_label`,`click_num`,`is_show`,`add_time`,`article_author`,`is_top_show` FROM `carver_article` WHERE  `delete_time` = 0  AND `is_show` = 1 ORDER BY `article_id` DESC LIMIT 18,6 [ RunTime:0.001365s ]
[2021-06-03T01:44:42+08:00][sql] SELECT article_id,article_title,click_num,FROM_UNIXTIME(add_time,'%Y-%m-%d') as add_time FROM `carver_article` WHERE  `is_show` = 1  AND `delete_time` = 0 ORDER BY `click_num` DESC LIMIT 3 [ RunTime:0.000487s ]
[2021-06-03T01:44:42+08:00][sql] SHOW FULL COLUMNS FROM `carver_notice` [ RunTime:0.000603s ]
[2021-06-03T01:44:42+08:00][sql] SELECT * FROM `carver_notice` ORDER BY `create_time` DESC LIMIT 3 [ RunTime:0.000289s ]
[2021-06-03T01:44:42+08:00][sql] SHOW FULL COLUMNS FROM `carver_navigation` [ RunTime:0.000572s ]
[2021-06-03T01:44:42+08:00][sql] SELECT * FROM `carver_navigation` [ RunTime:0.000251s ]
[2021-06-03T01:44:42+08:00][sql] SHOW FULL COLUMNS FROM `carver_link` [ RunTime:0.000506s ]
[2021-06-03T01:44:42+08:00][sql] SELECT * FROM `carver_link` WHERE  ( is_confirm=2 ) LIMIT 20 [ RunTime:0.000325s ]
[2021-06-03T01:44:42+08:00][sql] SELECT `article_label` FROM `carver_article` [ RunTime:0.000264s ]
[2021-06-03T01:44:42+08:00][sql] SHOW FULL COLUMNS FROM `carver_carouse` [ RunTime:0.000477s ]
[2021-06-03T01:44:42+08:00][sql] SELECT `carouse_img`,`carouse_desc` FROM `carver_carouse` WHERE  `is_show` = 1 ORDER BY `carouse_sort` DESC LIMIT 3 [ RunTime:0.000309s ]
[2021-06-03T01:44:42+08:00][sql] SHOW FULL COLUMNS FROM `carver_site` [ RunTime:0.000516s ]
[2021-06-03T01:44:42+08:00][sql] SELECT * FROM `carver_site` [ RunTime:0.000245s ]
[2021-06-03T02:45:37+08:00][sql] CONNECT:[ UseTime:0.000562s ] mysql:host=127.0.0.1;port=3306;dbname=carver;charset=utf8
[2021-06-03T02:45:37+08:00][sql] SHOW FULL COLUMNS FROM `carver_article` [ RunTime:0.000949s ]
[2021-06-03T02:45:37+08:00][sql] SELECT `article_id`,`article_title`,`article_desc`,`article_content`,`article_img`,`article_guide`,`article_label`,`click_num`,`is_show`,`add_time`,`article_author` FROM `carver_article` WHERE  `article_id` = 12 LIMIT 1 [ RunTime:0.000488s ]
[2021-06-03T02:45:37+08:00][sql] SELECT `article_id`,`article_title`,`article_desc`,`article_content`,`article_img`,`article_guide`,`article_label`,`click_num`,`is_show`,`add_time`,`article_author` FROM `carver_article` WHERE  `article_id` > 12 LIMIT 1 [ RunTime:0.000355s ]
[2021-06-03T02:45:37+08:00][sql] SELECT `article_id`,`article_title`,`article_desc`,`article_content`,`article_img`,`article_guide`,`article_label`,`click_num`,`is_show`,`add_time`,`article_author` FROM `carver_article` WHERE  `article_id` < 12 ORDER BY `article_id` DESC LIMIT 1 [ RunTime:0.000347s ]
[2021-06-03T02:45:37+08:00][sql] SHOW FULL COLUMNS FROM `carver_link` [ RunTime:0.000595s ]
[2021-06-03T02:45:37+08:00][sql] SELECT * FROM `carver_link` WHERE  ( is_confirm=2 ) LIMIT 20 [ RunTime:0.000349s ]
[2021-06-03T02:45:37+08:00][sql] SELECT article_id,article_title,click_num,FROM_UNIXTIME(add_time,'%Y-%m-%d') as add_time FROM `carver_article` ORDER BY `click_num` DESC LIMIT 3 [ RunTime:0.000360s ]
[2021-06-03T02:45:37+08:00][sql] SHOW FULL COLUMNS FROM `carver_comment` [ RunTime:0.000563s ]
[2021-06-03T02:45:37+08:00][sql] SELECT `a`.*,`b`.`user_name` FROM `carver_comment` `a` INNER JOIN `carver_user` `b` ON `a`.`user_id`=`b`.`user_id` WHERE  `article_id` = 12 ORDER BY `create_time` DESC [ RunTime:0.000383s ]
[2021-06-03T02:45:37+08:00][sql] SHOW FULL COLUMNS FROM `carver_comment_to_others` [ RunTime:0.000574s ]
[2021-06-03T02:45:37+08:00][sql] SELECT * FROM `carver_comment_to_others` [ RunTime:0.000256s ]
[2021-06-03T02:45:37+08:00][sql] SHOW FULL COLUMNS FROM `carver_user` [ RunTime:0.000516s ]
[2021-06-03T02:45:37+08:00][sql] SELECT `user_name` FROM `carver_user` WHERE  `user_id` = 4 LIMIT 1 [ RunTime:0.000254s ]
[2021-06-03T02:45:37+08:00][sql] SELECT `user_name` FROM `carver_user` WHERE  `user_id` = 4 LIMIT 1 [ RunTime:0.000215s ]
[2021-06-03T02:45:37+08:00][sql] SELECT `user_name` FROM `carver_user` WHERE  `user_id` = 5 LIMIT 1 [ RunTime:0.000233s ]
[2021-06-03T02:45:37+08:00][sql] SELECT `user_name` FROM `carver_user` WHERE  `user_id` = 5 LIMIT 1 [ RunTime:0.000225s ]
[2021-06-03T02:45:37+08:00][sql] SELECT `user_name` FROM `carver_user` WHERE  `user_id` = 37 LIMIT 1 [ RunTime:0.000242s ]
[2021-06-03T02:45:37+08:00][sql] SELECT `user_name`,`user_id` FROM `carver_user` [ RunTime:0.000226s ]
[2021-06-03T02:45:37+08:00][sql] SHOW FULL COLUMNS FROM `carver_navigation` [ RunTime:0.000627s ]
[2021-06-03T02:45:37+08:00][sql] SELECT * FROM `carver_navigation` [ RunTime:0.000242s ]
[2021-06-03T02:45:37+08:00][sql] SELECT `article_label` FROM `carver_article` [ RunTime:0.000352s ]
[2021-06-03T03:16:26+08:00][sql] CONNECT:[ UseTime:0.000925s ] mysql:host=127.0.0.1;port=3306;dbname=carver;charset=utf8
[2021-06-03T03:16:26+08:00][sql] SHOW FULL COLUMNS FROM `carver_article` [ RunTime:0.000906s ]
[2021-06-03T03:16:26+08:00][sql] SELECT COUNT(*) AS think_count FROM `carver_article` WHERE  `article_label` LIKE '%php;excel%'  AND `delete_time` = 0  AND `is_show` = 1 [ RunTime:0.000418s ]
[2021-06-03T03:16:26+08:00][sql] SELECT * FROM `carver_article` WHERE  `article_label` LIKE '%php;excel%'  AND `delete_time` = 0  AND `is_show` = 1 LIMIT 0,6 [ RunTime:0.001241s ]
[2021-06-03T03:16:26+08:00][sql] SELECT article_id,article_title,click_num,FROM_UNIXTIME(add_time,'%Y-%m-%d') as add_time FROM `carver_article` WHERE  `is_show` = 1  AND `delete_time` = 0 ORDER BY `click_num` DESC LIMIT 3 [ RunTime:0.000465s ]
[2021-06-03T03:16:26+08:00][sql] SHOW FULL COLUMNS FROM `carver_notice` [ RunTime:0.000562s ]
[2021-06-03T03:16:26+08:00][sql] SELECT * FROM `carver_notice` ORDER BY `create_time` DESC LIMIT 3 [ RunTime:0.000286s ]
[2021-06-03T03:16:26+08:00][sql] SHOW FULL COLUMNS FROM `carver_navigation` [ RunTime:0.000518s ]
[2021-06-03T03:16:26+08:00][sql] SELECT * FROM `carver_navigation` [ RunTime:0.000246s ]
[2021-06-03T03:16:26+08:00][sql] SHOW FULL COLUMNS FROM `carver_link` [ RunTime:0.000530s ]
[2021-06-03T03:16:26+08:00][sql] SELECT * FROM `carver_link` WHERE  ( is_confirm=2 ) LIMIT 20 [ RunTime:0.000313s ]
[2021-06-03T03:16:26+08:00][sql] SELECT `article_label` FROM `carver_article` [ RunTime:0.000334s ]
[2021-06-03T03:16:26+08:00][sql] SHOW FULL COLUMNS FROM `carver_carouse` [ RunTime:0.000512s ]
[2021-06-03T03:16:26+08:00][sql] SELECT `carouse_img`,`carouse_desc` FROM `carver_carouse` WHERE  `is_show` = 1 ORDER BY `carouse_sort` DESC LIMIT 3 [ RunTime:0.000312s ]
[2021-06-03T03:16:26+08:00][sql] SHOW FULL COLUMNS FROM `carver_site` [ RunTime:0.000464s ]
[2021-06-03T03:16:26+08:00][sql] SELECT * FROM `carver_site` [ RunTime:0.000232s ]
[2021-06-03T03:31:19+08:00][sql] CONNECT:[ UseTime:0.000614s ] mysql:host=127.0.0.1;port=3306;dbname=carver;charset=utf8
[2021-06-03T03:31:19+08:00][sql] SHOW FULL COLUMNS FROM `carver_article` [ RunTime:0.000889s ]
[2021-06-03T03:31:19+08:00][sql] SELECT `article_id`,`article_title`,`article_desc`,`article_content`,`article_img`,`article_guide`,`article_label`,`click_num`,`is_show`,`add_time`,`article_author` FROM `carver_article` WHERE  `article_id` = 3 LIMIT 1 [ RunTime:0.000684s ]
[2021-06-03T03:31:19+08:00][sql] SELECT `article_id`,`article_title`,`article_desc`,`article_content`,`article_img`,`article_guide`,`article_label`,`click_num`,`is_show`,`add_time`,`article_author` FROM `carver_article` WHERE  `article_id` > 3 LIMIT 1 [ RunTime:0.000447s ]
[2021-06-03T03:31:19+08:00][sql] SELECT `article_id`,`article_title`,`article_desc`,`article_content`,`article_img`,`article_guide`,`article_label`,`click_num`,`is_show`,`add_time`,`article_author` FROM `carver_article` WHERE  `article_id` < 3 ORDER BY `article_id` DESC LIMIT 1 [ RunTime:0.000342s ]
[2021-06-03T03:31:19+08:00][sql] SHOW FULL COLUMNS FROM `carver_link` [ RunTime:0.000582s ]
[2021-06-03T03:31:19+08:00][sql] SELECT * FROM `carver_link` WHERE  ( is_confirm=2 ) LIMIT 20 [ RunTime:0.000302s ]
[2021-06-03T03:31:19+08:00][sql] SELECT article_id,article_title,click_num,FROM_UNIXTIME(add_time,'%Y-%m-%d') as add_time FROM `carver_article` ORDER BY `click_num` DESC LIMIT 3 [ RunTime:0.000355s ]
[2021-06-03T03:31:19+08:00][sql] SHOW FULL COLUMNS FROM `carver_comment` [ RunTime:0.000576s ]
[2021-06-03T03:31:19+08:00][sql] SELECT `a`.*,`b`.`user_name` FROM `carver_comment` `a` INNER JOIN `carver_user` `b` ON `a`.`user_id`=`b`.`user_id` WHERE  `article_id` = 3 ORDER BY `create_time` DESC [ RunTime:0.000350s ]
[2021-06-03T03:31:19+08:00][sql] SHOW FULL COLUMNS FROM `carver_comment_to_others` [ RunTime:0.000551s ]
[2021-06-03T03:31:19+08:00][sql] SELECT * FROM `carver_comment_to_others` [ RunTime:0.000235s ]
[2021-06-03T03:31:19+08:00][sql] SHOW FULL COLUMNS FROM `carver_user` [ RunTime:0.000480s ]
[2021-06-03T03:31:19+08:00][sql] SELECT `user_name` FROM `carver_user` WHERE  `user_id` = 4 LIMIT 1 [ RunTime:0.000230s ]
[2021-06-03T03:31:19+08:00][sql] SELECT `user_name` FROM `carver_user` WHERE  `user_id` = 4 LIMIT 1 [ RunTime:0.000242s ]
[2021-06-03T03:31:19+08:00][sql] SELECT `user_name` FROM `carver_user` WHERE  `user_id` = 5 LIMIT 1 [ RunTime:0.000229s ]
[2021-06-03T03:31:19+08:00][sql] SELECT `user_name` FROM `carver_user` WHERE  `user_id` = 5 LIMIT 1 [ RunTime:0.000207s ]
[2021-06-03T03:31:19+08:00][sql] SELECT `user_name` FROM `carver_user` WHERE  `user_id` = 37 LIMIT 1 [ RunTime:0.000255s ]
[2021-06-03T03:31:19+08:00][sql] SELECT `user_name`,`user_id` FROM `carver_user` [ RunTime:0.000296s ]
[2021-06-03T03:31:19+08:00][sql] SHOW FULL COLUMNS FROM `carver_navigation` [ RunTime:0.000526s ]
[2021-06-03T03:31:19+08:00][sql] SELECT * FROM `carver_navigation` [ RunTime:0.000241s ]
[2021-06-03T03:31:19+08:00][sql] SELECT `article_label` FROM `carver_article` [ RunTime:0.000305s ]
[2021-06-03T05:01:45+08:00][sql] CONNECT:[ UseTime:0.000738s ] mysql:host=127.0.0.1;port=3306;dbname=carver;charset=utf8
[2021-06-03T05:01:45+08:00][sql] SHOW FULL COLUMNS FROM `carver_article` [ RunTime:0.000883s ]
[2021-06-03T05:01:45+08:00][sql] SELECT `article_id`,`article_title`,`article_desc`,`article_content`,`article_img`,`article_guide`,`article_label`,`click_num`,`is_show`,`add_time`,`article_author` FROM `carver_article` WHERE  `article_id` = 17'A=0 LIMIT 1 [ RunTime:0.000621s ]
[2021-06-03T05:01:45+08:00][sql] SELECT `article_id`,`article_title`,`article_desc`,`article_content`,`article_img`,`article_guide`,`article_label`,`click_num`,`is_show`,`add_time`,`article_author` FROM `carver_article` WHERE  `article_id` > 17'A=0 LIMIT 1 [ RunTime:0.000440s ]
[2021-06-03T05:01:45+08:00][sql] SELECT `article_id`,`article_title`,`article_desc`,`article_content`,`article_img`,`article_guide`,`article_label`,`click_num`,`is_show`,`add_time`,`article_author` FROM `carver_article` WHERE  `article_id` < 17'A=0 ORDER BY `article_id` DESC LIMIT 1 [ RunTime:0.000376s ]
[2021-06-03T05:01:45+08:00][sql] SHOW FULL COLUMNS FROM `carver_link` [ RunTime:0.000652s ]
[2021-06-03T05:01:45+08:00][sql] SELECT * FROM `carver_link` WHERE  ( is_confirm=2 ) LIMIT 20 [ RunTime:0.000311s ]
[2021-06-03T05:01:45+08:00][sql] SELECT article_id,article_title,click_num,FROM_UNIXTIME(add_time,'%Y-%m-%d') as add_time FROM `carver_article` ORDER BY `click_num` DESC LIMIT 3 [ RunTime:0.000383s ]
[2021-06-03T05:01:45+08:00][sql] SHOW FULL COLUMNS FROM `carver_comment` [ RunTime:0.000593s ]
[2021-06-03T05:01:45+08:00][sql] SELECT `a`.*,`b`.`user_name` FROM `carver_comment` `a` INNER JOIN `carver_user` `b` ON `a`.`user_id`=`b`.`user_id` WHERE  `article_id` = 17'A=0 ORDER BY `create_time` DESC [ RunTime:0.000364s ]
[2021-06-03T05:01:45+08:00][sql] SHOW FULL COLUMNS FROM `carver_comment_to_others` [ RunTime:0.000618s ]
[2021-06-03T05:01:45+08:00][sql] SELECT * FROM `carver_comment_to_others` [ RunTime:0.000248s ]
[2021-06-03T05:01:45+08:00][sql] SHOW FULL COLUMNS FROM `carver_user` [ RunTime:0.000450s ]
[2021-06-03T05:01:45+08:00][sql] SELECT `user_name` FROM `carver_user` WHERE  `user_id` = 4 LIMIT 1 [ RunTime:0.000242s ]
[2021-06-03T05:01:45+08:00][sql] SELECT `user_name` FROM `carver_user` WHERE  `user_id` = 4 LIMIT 1 [ RunTime:0.000213s ]
[2021-06-03T05:01:45+08:00][sql] SELECT `user_name` FROM `carver_user` WHERE  `user_id` = 5 LIMIT 1 [ RunTime:0.000222s ]
[2021-06-03T05:01:45+08:00][sql] SELECT `user_name` FROM `carver_user` WHERE  `user_id` = 5 LIMIT 1 [ RunTime:0.000206s ]
[2021-06-03T05:01:45+08:00][sql] SELECT `user_name` FROM `carver_user` WHERE  `user_id` = 37 LIMIT 1 [ RunTime:0.000213s ]
[2021-06-03T05:01:45+08:00][sql] SELECT `user_name`,`user_id` FROM `carver_user` [ RunTime:0.000230s ]
[2021-06-03T05:01:45+08:00][sql] SHOW FULL COLUMNS FROM `carver_navigation` [ RunTime:0.000513s ]
[2021-06-03T05:01:45+08:00][sql] SELECT * FROM `carver_navigation` [ RunTime:0.000259s ]
[2021-06-03T05:01:45+08:00][sql] SELECT `article_label` FROM `carver_article` [ RunTime:0.000271s ]
[2021-06-03T05:58:52+08:00][sql] CONNECT:[ UseTime:0.000887s ] mysql:host=127.0.0.1;port=3306;dbname=carver;charset=utf8
[2021-06-03T05:58:52+08:00][sql] SHOW FULL COLUMNS FROM `carver_user` [ RunTime:0.000806s ]
[2021-06-03T05:58:52+08:00][sql] SHOW FULL COLUMNS FROM `carver_article` [ RunTime:0.000727s ]
[2021-06-03T05:58:52+08:00][sql] SELECT COUNT(*) AS think_count FROM `carver_article` WHERE  `delete_time` = 0  AND `is_show` = 1 [ RunTime:0.000403s ]
[2021-06-03T05:58:52+08:00][sql] SELECT `article_id`,`article_title`,`article_desc`,`article_content`,`article_img`,`article_guide`,`article_label`,`click_num`,`is_show`,`add_time`,`article_author`,`is_top_show` FROM `carver_article` WHERE  `delete_time` = 0  AND `is_show` = 1 ORDER BY `article_id` DESC LIMIT 6,6 [ RunTime:0.002563s ]
[2021-06-03T05:58:52+08:00][sql] SELECT article_id,article_title,click_num,FROM_UNIXTIME(add_time,'%Y-%m-%d') as add_time FROM `carver_article` WHERE  `is_show` = 1  AND `delete_time` = 0 ORDER BY `click_num` DESC LIMIT 3 [ RunTime:0.000802s ]
[2021-06-03T05:58:52+08:00][sql] SHOW FULL COLUMNS FROM `carver_notice` [ RunTime:0.000847s ]
[2021-06-03T05:58:52+08:00][sql] SELECT * FROM `carver_notice` ORDER BY `create_time` DESC LIMIT 3 [ RunTime:0.000324s ]
[2021-06-03T05:58:52+08:00][sql] SHOW FULL COLUMNS FROM `carver_navigation` [ RunTime:0.000564s ]
[2021-06-03T05:58:52+08:00][sql] SELECT * FROM `carver_navigation` [ RunTime:0.000283s ]
[2021-06-03T05:58:52+08:00][sql] SHOW FULL COLUMNS FROM `carver_link` [ RunTime:0.000568s ]
[2021-06-03T05:58:52+08:00][sql] SELECT * FROM `carver_link` WHERE  ( is_confirm=2 ) LIMIT 20 [ RunTime:0.000322s ]
[2021-06-03T05:58:52+08:00][sql] SELECT `article_label` FROM `carver_article` [ RunTime:0.000292s ]
[2021-06-03T05:58:52+08:00][sql] SHOW FULL COLUMNS FROM `carver_carouse` [ RunTime:0.000535s ]
[2021-06-03T05:58:52+08:00][sql] SELECT `carouse_img`,`carouse_desc` FROM `carver_carouse` WHERE  `is_show` = 1 ORDER BY `carouse_sort` DESC LIMIT 3 [ RunTime:0.000718s ]
[2021-06-03T05:58:52+08:00][sql] SHOW FULL COLUMNS FROM `carver_site` [ RunTime:0.000992s ]
[2021-06-03T05:58:52+08:00][sql] SELECT * FROM `carver_site` [ RunTime:0.000548s ]
[2021-06-03T07:10:47+08:00][sql] CONNECT:[ UseTime:0.000509s ] mysql:host=127.0.0.1;port=3306;dbname=carver;charset=utf8
[2021-06-03T07:10:47+08:00][sql] SHOW FULL COLUMNS FROM `carver_article` [ RunTime:0.000901s ]
[2021-06-03T07:10:47+08:00][sql] SELECT COUNT(*) AS think_count FROM `carver_article` WHERE  `article_label` LIKE '%c%'  AND `delete_time` = 0  AND `is_show` = 1 [ RunTime:0.000501s ]
[2021-06-03T07:10:47+08:00][sql] SELECT * FROM `carver_article` WHERE  `article_label` LIKE '%c%'  AND `delete_time` = 0  AND `is_show` = 1 LIMIT 0,6 [ RunTime:0.000969s ]
[2021-06-03T07:10:47+08:00][sql] SELECT article_id,article_title,click_num,FROM_UNIXTIME(add_time,'%Y-%m-%d') as add_time FROM `carver_article` WHERE  `is_show` = 1  AND `delete_time` = 0 ORDER BY `click_num` DESC LIMIT 3 [ RunTime:0.000459s ]
[2021-06-03T07:10:47+08:00][sql] SHOW FULL COLUMNS FROM `carver_notice` [ RunTime:0.000632s ]
[2021-06-03T07:10:47+08:00][sql] SELECT * FROM `carver_notice` ORDER BY `create_time` DESC LIMIT 3 [ RunTime:0.000295s ]
[2021-06-03T07:10:47+08:00][sql] SHOW FULL COLUMNS FROM `carver_navigation` [ RunTime:0.000514s ]
[2021-06-03T07:10:47+08:00][sql] SELECT * FROM `carver_navigation` [ RunTime:0.000257s ]
[2021-06-03T07:10:47+08:00][sql] SHOW FULL COLUMNS FROM `carver_link` [ RunTime:0.000519s ]
[2021-06-03T07:10:47+08:00][sql] SELECT * FROM `carver_link` WHERE  ( is_confirm=2 ) LIMIT 20 [ RunTime:0.000286s ]
[2021-06-03T07:10:47+08:00][sql] SELECT `article_label` FROM `carver_article` [ RunTime:0.000258s ]
[2021-06-03T07:10:47+08:00][sql] SHOW FULL COLUMNS FROM `carver_carouse` [ RunTime:0.000500s ]
[2021-06-03T07:10:47+08:00][sql] SELECT `carouse_img`,`carouse_desc` FROM `carver_carouse` WHERE  `is_show` = 1 ORDER BY `carouse_sort` DESC LIMIT 3 [ RunTime:0.000317s ]
[2021-06-03T07:10:47+08:00][sql] SHOW FULL COLUMNS FROM `carver_site` [ RunTime:0.000494s ]
[2021-06-03T07:10:47+08:00][sql] SELECT * FROM `carver_site` [ RunTime:0.000238s ]
[2021-06-03T07:25:31+08:00][sql] CONNECT:[ UseTime:0.004290s ] mysql:host=127.0.0.1;port=3306;dbname=carver;charset=utf8
[2021-06-03T07:25:31+08:00][sql] SHOW FULL COLUMNS FROM `carver_article` [ RunTime:0.000840s ]
[2021-06-03T07:25:31+08:00][sql] SELECT `article_id`,`article_title`,`article_desc`,`article_content`,`article_img`,`article_guide`,`article_label`,`click_num`,`is_show`,`add_time`,`article_author` FROM `carver_article` WHERE  `article_id` = 17 LIMIT 1 [ RunTime:0.000520s ]
[2021-06-03T07:25:31+08:00][sql] SELECT `article_id`,`article_title`,`article_desc`,`article_content`,`article_img`,`article_guide`,`article_label`,`click_num`,`is_show`,`add_time`,`article_author` FROM `carver_article` WHERE  `article_id` > 17 LIMIT 1 [ RunTime:0.000458s ]
[2021-06-03T07:25:31+08:00][sql] SELECT `article_id`,`article_title`,`article_desc`,`article_content`,`article_img`,`article_guide`,`article_label`,`click_num`,`is_show`,`add_time`,`article_author` FROM `carver_article` WHERE  `article_id` < 17 ORDER BY `article_id` DESC LIMIT 1 [ RunTime:0.000373s ]
[2021-06-03T07:25:31+08:00][sql] SHOW FULL COLUMNS FROM `carver_link` [ RunTime:0.000592s ]
[2021-06-03T07:25:31+08:00][sql] SELECT * FROM `carver_link` WHERE  ( is_confirm=2 ) LIMIT 20 [ RunTime:0.000292s ]
[2021-06-03T07:25:31+08:00][sql] SELECT article_id,article_title,click_num,FROM_UNIXTIME(add_time,'%Y-%m-%d') as add_time FROM `carver_article` ORDER BY `click_num` DESC LIMIT 3 [ RunTime:0.000459s ]
[2021-06-03T07:25:31+08:00][sql] SHOW FULL COLUMNS FROM `carver_comment` [ RunTime:0.000570s ]
[2021-06-03T07:25:31+08:00][sql] SELECT `a`.*,`b`.`user_name` FROM `carver_comment` `a` INNER JOIN `carver_user` `b` ON `a`.`user_id`=`b`.`user_id` WHERE  `article_id` = 17 ORDER BY `create_time` DESC [ RunTime:0.000358s ]
[2021-06-03T07:25:31+08:00][sql] SHOW FULL COLUMNS FROM `carver_comment_to_others` [ RunTime:0.000586s ]
[2021-06-03T07:25:31+08:00][sql] SELECT * FROM `carver_comment_to_others` [ RunTime:0.000276s ]
[2021-06-03T07:25:31+08:00][sql] SHOW FULL COLUMNS FROM `carver_user` [ RunTime:0.000453s ]
[2021-06-03T07:25:31+08:00][sql] SELECT `user_name` FROM `carver_user` WHERE  `user_id` = 4 LIMIT 1 [ RunTime:0.000255s ]
[2021-06-03T07:25:31+08:00][sql] SELECT `user_name` FROM `carver_user` WHERE  `user_id` = 4 LIMIT 1 [ RunTime:0.000210s ]
[2021-06-03T07:25:31+08:00][sql] SELECT `user_name` FROM `carver_user` WHERE  `user_id` = 5 LIMIT 1 [ RunTime:0.000214s ]
[2021-06-03T07:25:31+08:00][sql] SELECT `user_name` FROM `carver_user` WHERE  `user_id` = 5 LIMIT 1 [ RunTime:0.000237s ]
[2021-06-03T07:25:31+08:00][sql] SELECT `user_name` FROM `carver_user` WHERE  `user_id` = 37 LIMIT 1 [ RunTime:0.000216s ]
[2021-06-03T07:25:31+08:00][sql] SELECT `user_name`,`user_id` FROM `carver_user` [ RunTime:0.000259s ]
[2021-06-03T07:25:31+08:00][sql] SHOW FULL COLUMNS FROM `carver_navigation` [ RunTime:0.000492s ]
[2021-06-03T07:25:31+08:00][sql] SELECT * FROM `carver_navigation` [ RunTime:0.000244s ]
[2021-06-03T07:25:31+08:00][sql] SELECT `article_label` FROM `carver_article` [ RunTime:0.000289s ]
[2021-06-03T07:59:21+08:00][sql] CONNECT:[ UseTime:0.000514s ] mysql:host=127.0.0.1;port=3306;dbname=carver;charset=utf8
[2021-06-03T07:59:21+08:00][sql] SHOW FULL COLUMNS FROM `carver_user` [ RunTime:0.000771s ]
[2021-06-03T07:59:21+08:00][sql] SHOW FULL COLUMNS FROM `carver_article` [ RunTime:0.000729s ]
[2021-06-03T07:59:21+08:00][sql] SELECT COUNT(*) AS think_count FROM `carver_article` WHERE  `delete_time` = 0  AND `is_show` = 1 [ RunTime:0.000386s ]
[2021-06-03T07:59:21+08:00][sql] SELECT `article_id`,`article_title`,`article_desc`,`article_content`,`article_img`,`article_guide`,`article_label`,`click_num`,`is_show`,`add_time`,`article_author`,`is_top_show` FROM `carver_article` WHERE  `delete_time` = 0  AND `is_show` = 1 ORDER BY `article_id` DESC LIMIT 0,6 [ RunTime:0.000619s ]
[2021-06-03T07:59:21+08:00][sql] SELECT article_id,article_title,click_num,FROM_UNIXTIME(add_time,'%Y-%m-%d') as add_time FROM `carver_article` WHERE  `is_show` = 1  AND `delete_time` = 0 ORDER BY `click_num` DESC LIMIT 3 [ RunTime:0.000523s ]
[2021-06-03T07:59:21+08:00][sql] SHOW FULL COLUMNS FROM `carver_notice` [ RunTime:0.000590s ]
[2021-06-03T07:59:21+08:00][sql] SELECT * FROM `carver_notice` ORDER BY `create_time` DESC LIMIT 3 [ RunTime:0.000281s ]
[2021-06-03T07:59:21+08:00][sql] SHOW FULL COLUMNS FROM `carver_navigation` [ RunTime:0.000499s ]
[2021-06-03T07:59:21+08:00][sql] SELECT * FROM `carver_navigation` [ RunTime:0.000255s ]
[2021-06-03T07:59:21+08:00][sql] SHOW FULL COLUMNS FROM `carver_link` [ RunTime:0.000522s ]
[2021-06-03T07:59:21+08:00][sql] SELECT * FROM `carver_link` WHERE  ( is_confirm=2 ) LIMIT 20 [ RunTime:0.000279s ]
[2021-06-03T07:59:21+08:00][sql] SELECT `article_label` FROM `carver_article` [ RunTime:0.000277s ]
[2021-06-03T07:59:21+08:00][sql] SHOW FULL COLUMNS FROM `carver_carouse` [ RunTime:0.000521s ]
[2021-06-03T07:59:21+08:00][sql] SELECT `carouse_img`,`carouse_desc` FROM `carver_carouse` WHERE  `is_show` = 1 ORDER BY `carouse_sort` DESC LIMIT 3 [ RunTime:0.000317s ]
[2021-06-03T07:59:21+08:00][sql] SHOW FULL COLUMNS FROM `carver_site` [ RunTime:0.000482s ]
[2021-06-03T07:59:21+08:00][sql] SELECT * FROM `carver_site` [ RunTime:0.000266s ]
[2021-06-03T08:52:01+08:00][sql] CONNECT:[ UseTime:0.000592s ] mysql:host=127.0.0.1;port=3306;dbname=carver;charset=utf8
[2021-06-03T08:52:01+08:00][sql] SHOW FULL COLUMNS FROM `carver_user` [ RunTime:0.000857s ]
[2021-06-03T08:52:01+08:00][sql] SHOW FULL COLUMNS FROM `carver_article` [ RunTime:0.000727s ]
[2021-06-03T08:52:01+08:00][sql] SELECT COUNT(*) AS think_count FROM `carver_article` WHERE  `delete_time` = 0  AND `is_show` = 1 [ RunTime:0.000456s ]
[2021-06-03T08:52:01+08:00][sql] SELECT `article_id`,`article_title`,`article_desc`,`article_content`,`article_img`,`article_guide`,`article_label`,`click_num`,`is_show`,`add_time`,`article_author`,`is_top_show` FROM `carver_article` WHERE  `delete_time` = 0  AND `is_show` = 1 ORDER BY `article_id` DESC LIMIT 0,6 [ RunTime:0.000650s ]
[2021-06-03T08:52:01+08:00][sql] SELECT article_id,article_title,click_num,FROM_UNIXTIME(add_time,'%Y-%m-%d') as add_time FROM `carver_article` WHERE  `is_show` = 1  AND `delete_time` = 0 ORDER BY `click_num` DESC LIMIT 3 [ RunTime:0.000573s ]
[2021-06-03T08:52:01+08:00][sql] SHOW FULL COLUMNS FROM `carver_notice` [ RunTime:0.000584s ]
[2021-06-03T08:52:01+08:00][sql] SELECT * FROM `carver_notice` ORDER BY `create_time` DESC LIMIT 3 [ RunTime:0.000282s ]
[2021-06-03T08:52:01+08:00][sql] SHOW FULL COLUMNS FROM `carver_navigation` [ RunTime:0.000544s ]
[2021-06-03T08:52:01+08:00][sql] SELECT * FROM `carver_navigation` [ RunTime:0.000249s ]
[2021-06-03T08:52:01+08:00][sql] SHOW FULL COLUMNS FROM `carver_link` [ RunTime:0.000503s ]
[2021-06-03T08:52:01+08:00][sql] SELECT * FROM `carver_link` WHERE  ( is_confirm=2 ) LIMIT 20 [ RunTime:0.000330s ]
[2021-06-03T08:52:01+08:00][sql] SELECT `article_label` FROM `carver_article` [ RunTime:0.000333s ]
[2021-06-03T08:52:01+08:00][sql] SHOW FULL COLUMNS FROM `carver_carouse` [ RunTime:0.000558s ]
[2021-06-03T08:52:01+08:00][sql] SELECT `carouse_img`,`carouse_desc` FROM `carver_carouse` WHERE  `is_show` = 1 ORDER BY `carouse_sort` DESC LIMIT 3 [ RunTime:0.000345s ]
[2021-06-03T08:52:01+08:00][sql] SHOW FULL COLUMNS FROM `carver_site` [ RunTime:0.000583s ]
[2021-06-03T08:52:01+08:00][sql] SELECT * FROM `carver_site` [ RunTime:0.000251s ]
[2021-06-03T09:10:28+08:00][sql] CONNECT:[ UseTime:0.000591s ] mysql:host=127.0.0.1;port=3306;dbname=carver;charset=utf8
[2021-06-03T09:10:28+08:00][sql] SHOW FULL COLUMNS FROM `carver_article` [ RunTime:0.000906s ]
[2021-06-03T09:10:28+08:00][sql] SELECT `article_id`,`article_title`,`article_desc`,`article_content`,`article_img`,`article_guide`,`article_label`,`click_num`,`is_show`,`add_time`,`article_author` FROM `carver_article` WHERE  `article_id` = 2 LIMIT 1 [ RunTime:0.000423s ]
[2021-06-03T09:10:28+08:00][sql] SELECT `article_id`,`article_title`,`article_desc`,`article_content`,`article_img`,`article_guide`,`article_label`,`click_num`,`is_show`,`add_time`,`article_author` FROM `carver_article` WHERE  `article_id` > 2 LIMIT 1 [ RunTime:0.000555s ]
[2021-06-03T09:10:28+08:00][sql] SELECT `article_id`,`article_title`,`article_desc`,`article_content`,`article_img`,`article_guide`,`article_label`,`click_num`,`is_show`,`add_time`,`article_author` FROM `carver_article` WHERE  `article_id` < 2 ORDER BY `article_id` DESC LIMIT 1 [ RunTime:0.000392s ]
[2021-06-03T09:10:28+08:00][sql] SHOW FULL COLUMNS FROM `carver_link` [ RunTime:0.000592s ]
[2021-06-03T09:10:28+08:00][sql] SELECT * FROM `carver_link` WHERE  ( is_confirm=2 ) LIMIT 20 [ RunTime:0.000330s ]
[2021-06-03T09:10:28+08:00][sql] SELECT article_id,article_title,click_num,FROM_UNIXTIME(add_time,'%Y-%m-%d') as add_time FROM `carver_article` ORDER BY `click_num` DESC LIMIT 3 [ RunTime:0.000359s ]
[2021-06-03T09:10:28+08:00][sql] SHOW FULL COLUMNS FROM `carver_comment` [ RunTime:0.000596s ]
[2021-06-03T09:10:28+08:00][sql] SELECT `a`.*,`b`.`user_name` FROM `carver_comment` `a` INNER JOIN `carver_user` `b` ON `a`.`user_id`=`b`.`user_id` WHERE  `article_id` = 2 ORDER BY `create_time` DESC [ RunTime:0.000338s ]
[2021-06-03T09:10:28+08:00][sql] SHOW FULL COLUMNS FROM `carver_comment_to_others` [ RunTime:0.000542s ]
[2021-06-03T09:10:28+08:00][sql] SELECT * FROM `carver_comment_to_others` [ RunTime:0.000231s ]
[2021-06-03T09:10:28+08:00][sql] SHOW FULL COLUMNS FROM `carver_user` [ RunTime:0.000436s ]
[2021-06-03T09:10:28+08:00][sql] SELECT `user_name` FROM `carver_user` WHERE  `user_id` = 4 LIMIT 1 [ RunTime:0.000244s ]
[2021-06-03T09:10:28+08:00][sql] SELECT `user_name` FROM `carver_user` WHERE  `user_id` = 4 LIMIT 1 [ RunTime:0.000229s ]
[2021-06-03T09:10:28+08:00][sql] SELECT `user_name` FROM `carver_user` WHERE  `user_id` = 5 LIMIT 1 [ RunTime:0.000212s ]
[2021-06-03T09:10:28+08:00][sql] SELECT `user_name` FROM `carver_user` WHERE  `user_id` = 5 LIMIT 1 [ RunTime:0.000217s ]
[2021-06-03T09:10:28+08:00][sql] SELECT `user_name` FROM `carver_user` WHERE  `user_id` = 37 LIMIT 1 [ RunTime:0.000229s ]
[2021-06-03T09:10:28+08:00][sql] SELECT `user_name`,`user_id` FROM `carver_user` [ RunTime:0.000285s ]
[2021-06-03T09:10:28+08:00][sql] SHOW FULL COLUMNS FROM `carver_navigation` [ RunTime:0.000505s ]
[2021-06-03T09:10:28+08:00][sql] SELECT * FROM `carver_navigation` [ RunTime:0.000246s ]
[2021-06-03T09:10:28+08:00][sql] SELECT `article_label` FROM `carver_article` [ RunTime:0.000246s ]
[2021-06-03T09:10:56+08:00][sql] CONNECT:[ UseTime:0.000506s ] mysql:host=127.0.0.1;port=3306;dbname=carver;charset=utf8
[2021-06-03T09:10:56+08:00][sql] SHOW FULL COLUMNS FROM `carver_article` [ RunTime:0.000895s ]
[2021-06-03T09:10:56+08:00][sql] SELECT `article_id`,`article_title`,`article_desc`,`article_content`,`article_img`,`article_guide`,`article_label`,`click_num`,`is_show`,`add_time`,`article_author` FROM `carver_article` WHERE  `article_id` = 18'A=0 LIMIT 1 [ RunTime:0.000486s ]
[2021-06-03T09:10:56+08:00][sql] SELECT `article_id`,`article_title`,`article_desc`,`article_content`,`article_img`,`article_guide`,`article_label`,`click_num`,`is_show`,`add_time`,`article_author` FROM `carver_article` WHERE  `article_id` > 18'A=0 LIMIT 1 [ RunTime:0.002052s ]
[2021-06-03T09:10:56+08:00][sql] SELECT `article_id`,`article_title`,`article_desc`,`article_content`,`article_img`,`article_guide`,`article_label`,`click_num`,`is_show`,`add_time`,`article_author` FROM `carver_article` WHERE  `article_id` < 18'A=0 ORDER BY `article_id` DESC LIMIT 1 [ RunTime:0.000584s ]
[2021-06-03T09:10:56+08:00][sql] SHOW FULL COLUMNS FROM `carver_link` [ RunTime:0.000620s ]
[2021-06-03T09:10:56+08:00][sql] SELECT * FROM `carver_link` WHERE  ( is_confirm=2 ) LIMIT 20 [ RunTime:0.000322s ]
[2021-06-03T09:10:56+08:00][sql] SELECT article_id,article_title,click_num,FROM_UNIXTIME(add_time,'%Y-%m-%d') as add_time FROM `carver_article` ORDER BY `click_num` DESC LIMIT 3 [ RunTime:0.000363s ]
[2021-06-03T09:10:56+08:00][sql] SHOW FULL COLUMNS FROM `carver_comment` [ RunTime:0.000620s ]
[2021-06-03T09:10:56+08:00][sql] SELECT `a`.*,`b`.`user_name` FROM `carver_comment` `a` INNER JOIN `carver_user` `b` ON `a`.`user_id`=`b`.`user_id` WHERE  `article_id` = 18'A=0 ORDER BY `create_time` DESC [ RunTime:0.000403s ]
[2021-06-03T09:10:56+08:00][sql] SHOW FULL COLUMNS FROM `carver_comment_to_others` [ RunTime:0.000600s ]
[2021-06-03T09:10:56+08:00][sql] SELECT * FROM `carver_comment_to_others` [ RunTime:0.000247s ]
[2021-06-03T09:10:56+08:00][sql] SHOW FULL COLUMNS FROM `carver_user` [ RunTime:0.000476s ]
[2021-06-03T09:10:56+08:00][sql] SELECT `user_name` FROM `carver_user` WHERE  `user_id` = 4 LIMIT 1 [ RunTime:0.000243s ]
[2021-06-03T09:10:56+08:00][sql] SELECT `user_name` FROM `carver_user` WHERE  `user_id` = 4 LIMIT 1 [ RunTime:0.000248s ]
[2021-06-03T09:10:56+08:00][sql] SELECT `user_name` FROM `carver_user` WHERE  `user_id` = 5 LIMIT 1 [ RunTime:0.000225s ]
[2021-06-03T09:10:56+08:00][sql] SELECT `user_name` FROM `carver_user` WHERE  `user_id` = 5 LIMIT 1 [ RunTime:0.000241s ]
[2021-06-03T09:10:56+08:00][sql] SELECT `user_name` FROM `carver_user` WHERE  `user_id` = 37 LIMIT 1 [ RunTime:0.000226s ]
[2021-06-03T09:10:56+08:00][sql] SHOW FULL COLUMNS FROM `carver_navigation` [ RunTime:0.000494s ]
[2021-06-03T09:10:56+08:00][sql] SELECT * FROM `carver_navigation` [ RunTime:0.000237s ]
[2021-06-03T09:10:56+08:00][sql] SELECT `article_label` FROM `carver_article` [ RunTime:0.000287s ]
[2021-06-03T10:36:06+08:00][sql] CONNECT:[ UseTime:0.000558s ] mysql:host=127.0.0.1;port=3306;dbname=carver;charset=utf8
[2021-06-03T10:36:06+08:00][sql] SHOW FULL COLUMNS FROM `carver_user` [ RunTime:0.000856s ]
[2021-06-03T10:36:06+08:00][sql] SHOW FULL COLUMNS FROM `carver_article` [ RunTime:0.000742s ]
[2021-06-03T10:36:06+08:00][sql] SELECT COUNT(*) AS think_count FROM `carver_article` WHERE  `delete_time` = 0  AND `is_show` = 1 [ RunTime:0.000484s ]
[2021-06-03T10:36:06+08:00][sql] SELECT `article_id`,`article_title`,`article_desc`,`article_content`,`article_img`,`article_guide`,`article_label`,`click_num`,`is_show`,`add_time`,`article_author`,`is_top_show` FROM `carver_article` WHERE  `delete_time` = 0  AND `is_show` = 1 ORDER BY `article_id` DESC LIMIT 0,6 [ RunTime:0.000781s ]
[2021-06-03T10:36:06+08:00][sql] SELECT article_id,article_title,click_num,FROM_UNIXTIME(add_time,'%Y-%m-%d') as add_time FROM `carver_article` WHERE  `is_show` = 1  AND `delete_time` = 0 ORDER BY `click_num` DESC LIMIT 3 [ RunTime:0.000460s ]
[2021-06-03T10:36:06+08:00][sql] SHOW FULL COLUMNS FROM `carver_notice` [ RunTime:0.000579s ]
[2021-06-03T10:36:06+08:00][sql] SELECT * FROM `carver_notice` ORDER BY `create_time` DESC LIMIT 3 [ RunTime:0.000311s ]
[2021-06-03T10:36:06+08:00][sql] SHOW FULL COLUMNS FROM `carver_navigation` [ RunTime:0.000537s ]
[2021-06-03T10:36:06+08:00][sql] SELECT * FROM `carver_navigation` [ RunTime:0.000236s ]
[2021-06-03T10:36:06+08:00][sql] SHOW FULL COLUMNS FROM `carver_link` [ RunTime:0.000499s ]
[2021-06-03T10:36:06+08:00][sql] SELECT * FROM `carver_link` WHERE  ( is_confirm=2 ) LIMIT 20 [ RunTime:0.000317s ]
[2021-06-03T10:36:06+08:00][sql] SELECT `article_label` FROM `carver_article` [ RunTime:0.000301s ]
[2021-06-03T10:36:06+08:00][sql] SHOW FULL COLUMNS FROM `carver_carouse` [ RunTime:0.000487s ]
[2021-06-03T10:36:06+08:00][sql] SELECT `carouse_img`,`carouse_desc` FROM `carver_carouse` WHERE  `is_show` = 1 ORDER BY `carouse_sort` DESC LIMIT 3 [ RunTime:0.000308s ]
[2021-06-03T10:36:06+08:00][sql] SHOW FULL COLUMNS FROM `carver_site` [ RunTime:0.000502s ]
[2021-06-03T10:36:06+08:00][sql] SELECT * FROM `carver_site` [ RunTime:0.000236s ]
[2021-06-03T11:02:36+08:00][sql] CONNECT:[ UseTime:0.000574s ] mysql:host=127.0.0.1;port=3306;dbname=carver;charset=utf8
[2021-06-03T11:02:36+08:00][sql] SHOW FULL COLUMNS FROM `carver_user` [ RunTime:0.000790s ]
[2021-06-03T11:02:36+08:00][sql] SHOW FULL COLUMNS FROM `carver_article` [ RunTime:0.000675s ]
[2021-06-03T11:02:36+08:00][sql] SELECT COUNT(*) AS think_count FROM `carver_article` WHERE  `delete_time` = 0  AND `is_show` = 1 [ RunTime:0.000387s ]
[2021-06-03T11:02:36+08:00][sql] SELECT `article_id`,`article_title`,`article_desc`,`article_content`,`article_img`,`article_guide`,`article_label`,`click_num`,`is_show`,`add_time`,`article_author`,`is_top_show` FROM `carver_article` WHERE  `delete_time` = 0  AND `is_show` = 1 ORDER BY `article_id` DESC LIMIT 0,6 [ RunTime:0.000600s ]
[2021-06-03T11:02:36+08:00][sql] SELECT article_id,article_title,click_num,FROM_UNIXTIME(add_time,'%Y-%m-%d') as add_time FROM `carver_article` WHERE  `is_show` = 1  AND `delete_time` = 0 ORDER BY `click_num` DESC LIMIT 3 [ RunTime:0.000868s ]
[2021-06-03T11:02:36+08:00][sql] SHOW FULL COLUMNS FROM `carver_notice` [ RunTime:0.000588s ]
[2021-06-03T11:02:36+08:00][sql] SELECT * FROM `carver_notice` ORDER BY `create_time` DESC LIMIT 3 [ RunTime:0.000267s ]
[2021-06-03T11:02:36+08:00][sql] SHOW FULL COLUMNS FROM `carver_navigation` [ RunTime:0.000593s ]
[2021-06-03T11:02:36+08:00][sql] SELECT * FROM `carver_navigation` [ RunTime:0.000241s ]
[2021-06-03T11:02:36+08:00][sql] SHOW FULL COLUMNS FROM `carver_link` [ RunTime:0.000535s ]
[2021-06-03T11:02:36+08:00][sql] SELECT * FROM `carver_link` WHERE  ( is_confirm=2 ) LIMIT 20 [ RunTime:0.000285s ]
[2021-06-03T11:02:36+08:00][sql] SELECT `article_label` FROM `carver_article` [ RunTime:0.000289s ]
[2021-06-03T11:02:36+08:00][sql] SHOW FULL COLUMNS FROM `carver_carouse` [ RunTime:0.002005s ]
[2021-06-03T11:02:36+08:00][sql] SELECT `carouse_img`,`carouse_desc` FROM `carver_carouse` WHERE  `is_show` = 1 ORDER BY `carouse_sort` DESC LIMIT 3 [ RunTime:0.000291s ]
[2021-06-03T11:02:36+08:00][sql] SHOW FULL COLUMNS FROM `carver_site` [ RunTime:0.000536s ]
[2021-06-03T11:02:36+08:00][sql] SELECT * FROM `carver_site` [ RunTime:0.000229s ]
[2021-06-03T12:28:53+08:00][sql] CONNECT:[ UseTime:0.000672s ] mysql:host=127.0.0.1;port=3306;dbname=carver;charset=utf8
[2021-06-03T12:28:53+08:00][sql] SHOW FULL COLUMNS FROM `carver_article` [ RunTime:0.000904s ]
[2021-06-03T12:28:53+08:00][sql] SELECT COUNT(*) AS think_count FROM `carver_article` WHERE  `article_guide` = 5  AND `delete_time` = 0  AND `is_show` = 1 [ RunTime:0.000432s ]
[2021-06-03T12:28:53+08:00][sql] SELECT * FROM `carver_article` WHERE  `article_guide` = 5  AND `delete_time` = 0  AND `is_show` = 1 ORDER BY `add_time` DESC LIMIT 6,6 [ RunTime:0.001362s ]
[2021-06-03T12:28:53+08:00][sql] SELECT article_id,article_title,click_num,FROM_UNIXTIME(add_time,'%Y-%m-%d') as add_time FROM `carver_article` WHERE  `is_show` = 1  AND `delete_time` = 0 ORDER BY `click_num` DESC LIMIT 3 [ RunTime:0.000513s ]
[2021-06-03T12:28:53+08:00][sql] SHOW FULL COLUMNS FROM `carver_notice` [ RunTime:0.000664s ]
[2021-06-03T12:28:53+08:00][sql] SELECT * FROM `carver_notice` ORDER BY `create_time` DESC LIMIT 3 [ RunTime:0.000307s ]
[2021-06-03T12:28:53+08:00][sql] SHOW FULL COLUMNS FROM `carver_navigation` [ RunTime:0.000531s ]
[2021-06-03T12:28:53+08:00][sql] SELECT * FROM `carver_navigation` [ RunTime:0.000268s ]
[2021-06-03T12:28:53+08:00][sql] SELECT `article_label` FROM `carver_article` [ RunTime:0.000253s ]
[2021-06-03T12:28:53+08:00][sql] SHOW FULL COLUMNS FROM `carver_carouse` [ RunTime:0.000585s ]
[2021-06-03T12:28:53+08:00][sql] SELECT `carouse_img`,`carouse_desc` FROM `carver_carouse` WHERE  `is_show` = 1 ORDER BY `carouse_sort` DESC LIMIT 3 [ RunTime:0.000305s ]
[2021-06-03T12:28:53+08:00][sql] SHOW FULL COLUMNS FROM `carver_link` [ RunTime:0.000497s ]
[2021-06-03T12:28:53+08:00][sql] SELECT * FROM `carver_link` WHERE  ( is_confirm=2 ) LIMIT 20 [ RunTime:0.000348s ]
[2021-06-03T12:28:53+08:00][sql] SHOW FULL COLUMNS FROM `carver_site` [ RunTime:0.000540s ]
[2021-06-03T12:28:53+08:00][sql] SELECT * FROM `carver_site` [ RunTime:0.000248s ]
[2021-06-03T12:40:42+08:00][sql] CONNECT:[ UseTime:0.000654s ] mysql:host=127.0.0.1;port=3306;dbname=carver;charset=utf8
[2021-06-03T12:40:42+08:00][sql] SHOW FULL COLUMNS FROM `carver_article` [ RunTime:0.001088s ]
[2021-06-03T12:40:42+08:00][sql] SELECT COUNT(*) AS think_count FROM `carver_article` WHERE  `article_title` LIKE '%%'  AND `delete_time` = 0  AND `is_show` = 1 [ RunTime:0.000587s ]
[2021-06-03T12:40:42+08:00][sql] SELECT * FROM `carver_article` WHERE  `article_title` LIKE '%%'  AND `delete_time` = 0  AND `is_show` = 1 LIMIT 18,6 [ RunTime:0.001481s ]
[2021-06-03T12:40:42+08:00][sql] SELECT article_id,article_title,click_num,FROM_UNIXTIME(add_time,'%Y-%m-%d') as add_time FROM `carver_article` WHERE  `delete_time` = 0  AND `is_show` = 1 ORDER BY `click_num` DESC LIMIT 3 [ RunTime:0.000805s ]
[2021-06-03T12:40:42+08:00][sql] SHOW FULL COLUMNS FROM `carver_notice` [ RunTime:0.000890s ]
[2021-06-03T12:40:42+08:00][sql] SELECT * FROM `carver_notice` ORDER BY `create_time` DESC LIMIT 3 [ RunTime:0.000379s ]
[2021-06-03T12:40:42+08:00][sql] SHOW FULL COLUMNS FROM `carver_navigation` [ RunTime:0.000759s ]
[2021-06-03T12:40:42+08:00][sql] SELECT * FROM `carver_navigation` [ RunTime:0.000316s ]
[2021-06-03T12:40:42+08:00][sql] SHOW FULL COLUMNS FROM `carver_link` [ RunTime:0.000827s ]
[2021-06-03T12:40:42+08:00][sql] SELECT * FROM `carver_link` WHERE  ( is_confirm=2 ) LIMIT 20 [ RunTime:0.000427s ]
[2021-06-03T12:40:42+08:00][sql] SELECT `article_label` FROM `carver_article` [ RunTime:0.000388s ]
[2021-06-03T12:40:42+08:00][sql] SHOW FULL COLUMNS FROM `carver_carouse` [ RunTime:0.000782s ]
[2021-06-03T12:40:42+08:00][sql] SELECT `carouse_img`,`carouse_desc` FROM `carver_carouse` WHERE  `is_show` = 1 ORDER BY `carouse_sort` DESC LIMIT 3 [ RunTime:0.000460s ]
[2021-06-03T12:40:42+08:00][sql] SHOW FULL COLUMNS FROM `carver_site` [ RunTime:0.000755s ]
[2021-06-03T12:40:42+08:00][sql] SELECT * FROM `carver_site` [ RunTime:0.000377s ]
[2021-06-03T12:50:30+08:00][sql] CONNECT:[ UseTime:0.000532s ] mysql:host=127.0.0.1;port=3306;dbname=carver;charset=utf8
[2021-06-03T12:50:30+08:00][sql] SHOW FULL COLUMNS FROM `carver_user` [ RunTime:0.000858s ]
[2021-06-03T12:50:30+08:00][sql] SHOW FULL COLUMNS FROM `carver_article` [ RunTime:0.000725s ]
[2021-06-03T12:50:30+08:00][sql] SELECT COUNT(*) AS think_count FROM `carver_article` WHERE  `delete_time` = 0  AND `is_show` = 1 [ RunTime:0.000435s ]
[2021-06-03T12:50:30+08:00][sql] SELECT `article_id`,`article_title`,`article_desc`,`article_content`,`article_img`,`article_guide`,`article_label`,`click_num`,`is_show`,`add_time`,`article_author`,`is_top_show` FROM `carver_article` WHERE  `delete_time` = 0  AND `is_show` = 1 ORDER BY `article_id` DESC LIMIT 12,6 [ RunTime:0.001179s ]
[2021-06-03T12:50:30+08:00][sql] SELECT article_id,article_title,click_num,FROM_UNIXTIME(add_time,'%Y-%m-%d') as add_time FROM `carver_article` WHERE  `is_show` = 1  AND `delete_time` = 0 ORDER BY `click_num` DESC LIMIT 3 [ RunTime:0.000529s ]
[2021-06-03T12:50:30+08:00][sql] SHOW FULL COLUMNS FROM `carver_notice` [ RunTime:0.000600s ]
[2021-06-03T12:50:30+08:00][sql] SELECT * FROM `carver_notice` ORDER BY `create_time` DESC LIMIT 3 [ RunTime:0.000310s ]
[2021-06-03T12:50:30+08:00][sql] SHOW FULL COLUMNS FROM `carver_navigation` [ RunTime:0.000545s ]
[2021-06-03T12:50:30+08:00][sql] SELECT * FROM `carver_navigation` [ RunTime:0.000264s ]
[2021-06-03T12:50:30+08:00][sql] SHOW FULL COLUMNS FROM `carver_link` [ RunTime:0.000494s ]
[2021-06-03T12:50:30+08:00][sql] SELECT * FROM `carver_link` WHERE  ( is_confirm=2 ) LIMIT 20 [ RunTime:0.000350s ]
[2021-06-03T12:50:30+08:00][sql] SELECT `article_label` FROM `carver_article` [ RunTime:0.000293s ]
[2021-06-03T12:50:30+08:00][sql] SHOW FULL COLUMNS FROM `carver_carouse` [ RunTime:0.000615s ]
[2021-06-03T12:50:30+08:00][sql] SELECT `carouse_img`,`carouse_desc` FROM `carver_carouse` WHERE  `is_show` = 1 ORDER BY `carouse_sort` DESC LIMIT 3 [ RunTime:0.000376s ]
[2021-06-03T12:50:30+08:00][sql] SHOW FULL COLUMNS FROM `carver_site` [ RunTime:0.000535s ]
[2021-06-03T12:50:30+08:00][sql] SELECT * FROM `carver_site` [ RunTime:0.000229s ]
[2021-06-03T13:28:07+08:00][sql] CONNECT:[ UseTime:0.000562s ] mysql:host=127.0.0.1;port=3306;dbname=carver;charset=utf8
[2021-06-03T13:28:07+08:00][sql] SHOW FULL COLUMNS FROM `carver_user` [ RunTime:0.000793s ]
[2021-06-03T13:28:07+08:00][sql] SHOW FULL COLUMNS FROM `carver_article` [ RunTime:0.000679s ]
[2021-06-03T13:28:07+08:00][sql] SELECT COUNT(*) AS think_count FROM `carver_article` WHERE  `delete_time` = 0  AND `is_show` = 1 [ RunTime:0.000371s ]
[2021-06-03T13:28:07+08:00][sql] SELECT `article_id`,`article_title`,`article_desc`,`article_content`,`article_img`,`article_guide`,`article_label`,`click_num`,`is_show`,`add_time`,`article_author`,`is_top_show` FROM `carver_article` WHERE  `delete_time` = 0  AND `is_show` = 1 ORDER BY `article_id` DESC LIMIT 0,6 [ RunTime:0.000665s ]
[2021-06-03T13:28:07+08:00][sql] SELECT article_id,article_title,click_num,FROM_UNIXTIME(add_time,'%Y-%m-%d') as add_time FROM `carver_article` WHERE  `is_show` = 1  AND `delete_time` = 0 ORDER BY `click_num` DESC LIMIT 3 [ RunTime:0.000416s ]
[2021-06-03T13:28:07+08:00][sql] SHOW FULL COLUMNS FROM `carver_notice` [ RunTime:0.000511s ]
[2021-06-03T13:28:07+08:00][sql] SELECT * FROM `carver_notice` ORDER BY `create_time` DESC LIMIT 3 [ RunTime:0.000255s ]
[2021-06-03T13:28:07+08:00][sql] SHOW FULL COLUMNS FROM `carver_navigation` [ RunTime:0.000510s ]
[2021-06-03T13:28:07+08:00][sql] SELECT * FROM `carver_navigation` [ RunTime:0.000242s ]
[2021-06-03T13:28:07+08:00][sql] SHOW FULL COLUMNS FROM `carver_link` [ RunTime:0.000474s ]
[2021-06-03T13:28:07+08:00][sql] SELECT * FROM `carver_link` WHERE  ( is_confirm=2 ) LIMIT 20 [ RunTime:0.000288s ]
[2021-06-03T13:28:07+08:00][sql] SELECT `article_label` FROM `carver_article` [ RunTime:0.000295s ]
[2021-06-03T13:28:07+08:00][sql] SHOW FULL COLUMNS FROM `carver_carouse` [ RunTime:0.000477s ]
[2021-06-03T13:28:07+08:00][sql] SELECT `carouse_img`,`carouse_desc` FROM `carver_carouse` WHERE  `is_show` = 1 ORDER BY `carouse_sort` DESC LIMIT 3 [ RunTime:0.000278s ]
[2021-06-03T13:28:07+08:00][sql] SHOW FULL COLUMNS FROM `carver_site` [ RunTime:0.000458s ]
[2021-06-03T13:28:07+08:00][sql] SELECT * FROM `carver_site` [ RunTime:0.000249s ]
[2021-06-03T13:49:12+08:00][sql] CONNECT:[ UseTime:0.000626s ] mysql:host=127.0.0.1;port=3306;dbname=carver;charset=utf8
[2021-06-03T13:49:12+08:00][sql] SHOW FULL COLUMNS FROM `carver_article` [ RunTime:0.000842s ]
[2021-06-03T13:49:12+08:00][sql] SELECT `article_id`,`article_title`,`article_desc`,`article_content`,`article_img`,`article_guide`,`article_label`,`click_num`,`is_show`,`add_time`,`article_author` FROM `carver_article` WHERE  `article_id` = 24 LIMIT 1 [ RunTime:0.000482s ]
[2021-06-03T13:49:12+08:00][sql] SELECT `article_id`,`article_title`,`article_desc`,`article_content`,`article_img`,`article_guide`,`article_label`,`click_num`,`is_show`,`add_time`,`article_author` FROM `carver_article` WHERE  `article_id` > 24 LIMIT 1 [ RunTime:0.000390s ]
[2021-06-03T13:49:12+08:00][sql] SELECT `article_id`,`article_title`,`article_desc`,`article_content`,`article_img`,`article_guide`,`article_label`,`click_num`,`is_show`,`add_time`,`article_author` FROM `carver_article` WHERE  `article_id` < 24 ORDER BY `article_id` DESC LIMIT 1 [ RunTime:0.000357s ]
[2021-06-03T13:49:12+08:00][sql] SHOW FULL COLUMNS FROM `carver_link` [ RunTime:0.000584s ]
[2021-06-03T13:49:12+08:00][sql] SELECT * FROM `carver_link` WHERE  ( is_confirm=2 ) LIMIT 20 [ RunTime:0.000314s ]
[2021-06-03T13:49:12+08:00][sql] SELECT article_id,article_title,click_num,FROM_UNIXTIME(add_time,'%Y-%m-%d') as add_time FROM `carver_article` ORDER BY `click_num` DESC LIMIT 3 [ RunTime:0.000389s ]
[2021-06-03T13:49:12+08:00][sql] SHOW FULL COLUMNS FROM `carver_comment` [ RunTime:0.000513s ]
[2021-06-03T13:49:12+08:00][sql] SELECT `a`.*,`b`.`user_name` FROM `carver_comment` `a` INNER JOIN `carver_user` `b` ON `a`.`user_id`=`b`.`user_id` WHERE  `article_id` = 24 ORDER BY `create_time` DESC [ RunTime:0.000348s ]
[2021-06-03T13:49:12+08:00][sql] SHOW FULL COLUMNS FROM `carver_comment_to_others` [ RunTime:0.000500s ]
[2021-06-03T13:49:12+08:00][sql] SELECT * FROM `carver_comment_to_others` [ RunTime:0.000246s ]
[2021-06-03T13:49:12+08:00][sql] SHOW FULL COLUMNS FROM `carver_user` [ RunTime:0.000432s ]
[2021-06-03T13:49:12+08:00][sql] SELECT `user_name` FROM `carver_user` WHERE  `user_id` = 4 LIMIT 1 [ RunTime:0.000271s ]
[2021-06-03T13:49:12+08:00][sql] SELECT `user_name` FROM `carver_user` WHERE  `user_id` = 4 LIMIT 1 [ RunTime:0.000211s ]
[2021-06-03T13:49:12+08:00][sql] SELECT `user_name` FROM `carver_user` WHERE  `user_id` = 5 LIMIT 1 [ RunTime:0.000216s ]
[2021-06-03T13:49:12+08:00][sql] SELECT `user_name` FROM `carver_user` WHERE  `user_id` = 5 LIMIT 1 [ RunTime:0.000230s ]
[2021-06-03T13:49:12+08:00][sql] SELECT `user_name` FROM `carver_user` WHERE  `user_id` = 37 LIMIT 1 [ RunTime:0.000213s ]
[2021-06-03T13:49:12+08:00][sql] SELECT `user_name`,`user_id` FROM `carver_user` [ RunTime:0.000256s ]
[2021-06-03T13:49:12+08:00][sql] SHOW FULL COLUMNS FROM `carver_navigation` [ RunTime:0.000484s ]
[2021-06-03T13:49:12+08:00][sql] SELECT * FROM `carver_navigation` [ RunTime:0.000273s ]
[2021-06-03T13:49:12+08:00][sql] SELECT `article_label` FROM `carver_article` [ RunTime:0.000257s ]
[2021-06-03T14:36:59+08:00][sql] CONNECT:[ UseTime:0.000564s ] mysql:host=127.0.0.1;port=3306;dbname=carver;charset=utf8
[2021-06-03T14:36:59+08:00][sql] SHOW FULL COLUMNS FROM `carver_user` [ RunTime:0.000894s ]
[2021-06-03T14:36:59+08:00][sql] SHOW FULL COLUMNS FROM `carver_article` [ RunTime:0.000782s ]
[2021-06-03T14:36:59+08:00][sql] SELECT COUNT(*) AS think_count FROM `carver_article` WHERE  `delete_time` = 0  AND `is_show` = 1 [ RunTime:0.000580s ]
[2021-06-03T14:36:59+08:00][sql] SELECT `article_id`,`article_title`,`article_desc`,`article_content`,`article_img`,`article_guide`,`article_label`,`click_num`,`is_show`,`add_time`,`article_author`,`is_top_show` FROM `carver_article` WHERE  `delete_time` = 0  AND `is_show` = 1 ORDER BY `article_id` DESC LIMIT 0,6 [ RunTime:0.000712s ]
[2021-06-03T14:36:59+08:00][sql] SELECT article_id,article_title,click_num,FROM_UNIXTIME(add_time,'%Y-%m-%d') as add_time FROM `carver_article` WHERE  `is_show` = 1  AND `delete_time` = 0 ORDER BY `click_num` DESC LIMIT 3 [ RunTime:0.000400s ]
[2021-06-03T14:36:59+08:00][sql] SHOW FULL COLUMNS FROM `carver_notice` [ RunTime:0.000520s ]
[2021-06-03T14:36:59+08:00][sql] SELECT * FROM `carver_notice` ORDER BY `create_time` DESC LIMIT 3 [ RunTime:0.000262s ]
[2021-06-03T14:36:59+08:00][sql] SHOW FULL COLUMNS FROM `carver_navigation` [ RunTime:0.000498s ]
[2021-06-03T14:36:59+08:00][sql] SELECT * FROM `carver_navigation` [ RunTime:0.000245s ]
[2021-06-03T14:36:59+08:00][sql] SHOW FULL COLUMNS FROM `carver_link` [ RunTime:0.000495s ]
[2021-06-03T14:36:59+08:00][sql] SELECT * FROM `carver_link` WHERE  ( is_confirm=2 ) LIMIT 20 [ RunTime:0.000279s ]
[2021-06-03T14:36:59+08:00][sql] SELECT `article_label` FROM `carver_article` [ RunTime:0.000428s ]
[2021-06-03T14:36:59+08:00][sql] SHOW FULL COLUMNS FROM `carver_carouse` [ RunTime:0.000502s ]
[2021-06-03T14:36:59+08:00][sql] SELECT `carouse_img`,`carouse_desc` FROM `carver_carouse` WHERE  `is_show` = 1 ORDER BY `carouse_sort` DESC LIMIT 3 [ RunTime:0.000992s ]
[2021-06-03T14:36:59+08:00][sql] SHOW FULL COLUMNS FROM `carver_site` [ RunTime:0.000464s ]
[2021-06-03T14:36:59+08:00][sql] SELECT * FROM `carver_site` [ RunTime:0.000224s ]
[2021-06-03T16:12:17+08:00][sql] CONNECT:[ UseTime:0.000625s ] mysql:host=127.0.0.1;port=3306;dbname=carver;charset=utf8
[2021-06-03T16:12:17+08:00][sql] SHOW FULL COLUMNS FROM `carver_user` [ RunTime:0.001001s ]
[2021-06-03T16:12:17+08:00][sql] SHOW FULL COLUMNS FROM `carver_article` [ RunTime:0.000872s ]
[2021-06-03T16:12:17+08:00][sql] SELECT COUNT(*) AS think_count FROM `carver_article` WHERE  `delete_time` = 0  AND `is_show` = 1 [ RunTime:0.000480s ]
[2021-06-03T16:12:17+08:00][sql] SELECT `article_id`,`article_title`,`article_desc`,`article_content`,`article_img`,`article_guide`,`article_label`,`click_num`,`is_show`,`add_time`,`article_author`,`is_top_show` FROM `carver_article` WHERE  `delete_time` = 0  AND `is_show` = 1 ORDER BY `article_id` DESC LIMIT 0,6 [ RunTime:0.000752s ]
[2021-06-03T16:12:17+08:00][sql] SELECT article_id,article_title,click_num,FROM_UNIXTIME(add_time,'%Y-%m-%d') as add_time FROM `carver_article` WHERE  `is_show` = 1  AND `delete_time` = 0 ORDER BY `click_num` DESC LIMIT 3 [ RunTime:0.000665s ]
[2021-06-03T16:12:17+08:00][sql] SHOW FULL COLUMNS FROM `carver_notice` [ RunTime:0.000669s ]
[2021-06-03T16:12:17+08:00][sql] SELECT * FROM `carver_notice` ORDER BY `create_time` DESC LIMIT 3 [ RunTime:0.000334s ]
[2021-06-03T16:12:17+08:00][sql] SHOW FULL COLUMNS FROM `carver_navigation` [ RunTime:0.000578s ]
[2021-06-03T16:12:17+08:00][sql] SELECT * FROM `carver_navigation` [ RunTime:0.000294s ]
[2021-06-03T16:12:17+08:00][sql] SHOW FULL COLUMNS FROM `carver_link` [ RunTime:0.000588s ]
[2021-06-03T16:12:17+08:00][sql] SELECT * FROM `carver_link` WHERE  ( is_confirm=2 ) LIMIT 20 [ RunTime:0.000371s ]
[2021-06-03T16:12:17+08:00][sql] SELECT `article_label` FROM `carver_article` [ RunTime:0.000302s ]
[2021-06-03T16:12:17+08:00][sql] SHOW FULL COLUMNS FROM `carver_carouse` [ RunTime:0.000611s ]
[2021-06-03T16:12:17+08:00][sql] SELECT `carouse_img`,`carouse_desc` FROM `carver_carouse` WHERE  `is_show` = 1 ORDER BY `carouse_sort` DESC LIMIT 3 [ RunTime:0.000330s ]
[2021-06-03T16:12:17+08:00][sql] SHOW FULL COLUMNS FROM `carver_site` [ RunTime:0.000579s ]
[2021-06-03T16:12:17+08:00][sql] SELECT * FROM `carver_site` [ RunTime:0.000281s ]
[2021-06-03T16:18:13+08:00][sql] CONNECT:[ UseTime:0.000640s ] mysql:host=127.0.0.1;port=3306;dbname=carver;charset=utf8
[2021-06-03T16:18:13+08:00][sql] SHOW FULL COLUMNS FROM `carver_article` [ RunTime:0.000917s ]
[2021-06-03T16:18:13+08:00][sql] SELECT `article_id`,`article_title`,`article_desc`,`article_content`,`article_img`,`article_guide`,`article_label`,`click_num`,`is_show`,`add_time`,`article_author` FROM `carver_article` WHERE  `article_id` = 26 LIMIT 1 [ RunTime:0.000553s ]
[2021-06-03T16:18:13+08:00][sql] SELECT `article_id`,`article_title`,`article_desc`,`article_content`,`article_img`,`article_guide`,`article_label`,`click_num`,`is_show`,`add_time`,`article_author` FROM `carver_article` WHERE  `article_id` > 26 LIMIT 1 [ RunTime:0.000394s ]
[2021-06-03T16:18:13+08:00][sql] SELECT `article_id`,`article_title`,`article_desc`,`article_content`,`article_img`,`article_guide`,`article_label`,`click_num`,`is_show`,`add_time`,`article_author` FROM `carver_article` WHERE  `article_id` < 26 ORDER BY `article_id` DESC LIMIT 1 [ RunTime:0.000420s ]
[2021-06-03T16:18:13+08:00][sql] SHOW FULL COLUMNS FROM `carver_link` [ RunTime:0.000636s ]
[2021-06-03T16:18:13+08:00][sql] SELECT * FROM `carver_link` WHERE  ( is_confirm=2 ) LIMIT 20 [ RunTime:0.000309s ]
[2021-06-03T16:18:13+08:00][sql] SELECT article_id,article_title,click_num,FROM_UNIXTIME(add_time,'%Y-%m-%d') as add_time FROM `carver_article` ORDER BY `click_num` DESC LIMIT 3 [ RunTime:0.000385s ]
[2021-06-03T16:18:13+08:00][sql] SHOW FULL COLUMNS FROM `carver_comment` [ RunTime:0.000514s ]
[2021-06-03T16:18:13+08:00][sql] SELECT `a`.*,`b`.`user_name` FROM `carver_comment` `a` INNER JOIN `carver_user` `b` ON `a`.`user_id`=`b`.`user_id` WHERE  `article_id` = 26 ORDER BY `create_time` DESC [ RunTime:0.000378s ]
[2021-06-03T16:18:13+08:00][sql] SHOW FULL COLUMNS FROM `carver_comment_to_others` [ RunTime:0.000501s ]
[2021-06-03T16:18:13+08:00][sql] SELECT * FROM `carver_comment_to_others` [ RunTime:0.000270s ]
[2021-06-03T16:18:13+08:00][sql] SHOW FULL COLUMNS FROM `carver_user` [ RunTime:0.000471s ]
[2021-06-03T16:18:13+08:00][sql] SELECT `user_name` FROM `carver_user` WHERE  `user_id` = 4 LIMIT 1 [ RunTime:0.000267s ]
[2021-06-03T16:18:13+08:00][sql] SELECT `user_name` FROM `carver_user` WHERE  `user_id` = 4 LIMIT 1 [ RunTime:0.000213s ]
[2021-06-03T16:18:13+08:00][sql] SELECT `user_name` FROM `carver_user` WHERE  `user_id` = 5 LIMIT 1 [ RunTime:0.000225s ]
[2021-06-03T16:18:13+08:00][sql] SELECT `user_name` FROM `carver_user` WHERE  `user_id` = 5 LIMIT 1 [ RunTime:0.000245s ]
[2021-06-03T16:18:13+08:00][sql] SELECT `user_name` FROM `carver_user` WHERE  `user_id` = 37 LIMIT 1 [ RunTime:0.000218s ]
[2021-06-03T16:18:13+08:00][sql] SELECT `user_name`,`user_id` FROM `carver_user` [ RunTime:0.000247s ]
[2021-06-03T16:18:13+08:00][sql] SHOW FULL COLUMNS FROM `carver_navigation` [ RunTime:0.000551s ]
[2021-06-03T16:18:13+08:00][sql] SELECT * FROM `carver_navigation` [ RunTime:0.000254s ]
[2021-06-03T16:18:13+08:00][sql] SELECT `article_label` FROM `carver_article` [ RunTime:0.000275s ]
[2021-06-03T17:18:08+08:00][sql] CONNECT:[ UseTime:0.001381s ] mysql:host=127.0.0.1;port=3306;dbname=carver;charset=utf8
[2021-06-03T17:18:08+08:00][sql] SHOW FULL COLUMNS FROM `carver_article` [ RunTime:0.000880s ]
[2021-06-03T17:18:08+08:00][sql] SELECT `article_id`,`article_title`,`article_desc`,`article_content`,`article_img`,`article_guide`,`article_label`,`click_num`,`is_show`,`add_time`,`article_author` FROM `carver_article` WHERE  `article_id` = 18'A=0 LIMIT 1 [ RunTime:0.000489s ]
[2021-06-03T17:18:08+08:00][sql] SELECT `article_id`,`article_title`,`article_desc`,`article_content`,`article_img`,`article_guide`,`article_label`,`click_num`,`is_show`,`add_time`,`article_author` FROM `carver_article` WHERE  `article_id` > 18'A=0 LIMIT 1 [ RunTime:0.002185s ]
[2021-06-03T17:18:08+08:00][sql] SELECT `article_id`,`article_title`,`article_desc`,`article_content`,`article_img`,`article_guide`,`article_label`,`click_num`,`is_show`,`add_time`,`article_author` FROM `carver_article` WHERE  `article_id` < 18'A=0 ORDER BY `article_id` DESC LIMIT 1 [ RunTime:0.000511s ]
[2021-06-03T17:18:08+08:00][sql] SHOW FULL COLUMNS FROM `carver_link` [ RunTime:0.000581s ]
[2021-06-03T17:18:08+08:00][sql] SELECT * FROM `carver_link` WHERE  ( is_confirm=2 ) LIMIT 20 [ RunTime:0.000324s ]
[2021-06-03T17:18:08+08:00][sql] SELECT article_id,article_title,click_num,FROM_UNIXTIME(add_time,'%Y-%m-%d') as add_time FROM `carver_article` ORDER BY `click_num` DESC LIMIT 3 [ RunTime:0.000397s ]
[2021-06-03T17:18:08+08:00][sql] SHOW FULL COLUMNS FROM `carver_comment` [ RunTime:0.000613s ]
[2021-06-03T17:18:08+08:00][sql] SELECT `a`.*,`b`.`user_name` FROM `carver_comment` `a` INNER JOIN `carver_user` `b` ON `a`.`user_id`=`b`.`user_id` WHERE  `article_id` = 18'A=0 ORDER BY `create_time` DESC [ RunTime:0.000342s ]
[2021-06-03T17:18:08+08:00][sql] SHOW FULL COLUMNS FROM `carver_comment_to_others` [ RunTime:0.000601s ]
[2021-06-03T17:18:08+08:00][sql] SELECT * FROM `carver_comment_to_others` [ RunTime:0.000242s ]
[2021-06-03T17:18:08+08:00][sql] SHOW FULL COLUMNS FROM `carver_user` [ RunTime:0.000472s ]
[2021-06-03T17:18:08+08:00][sql] SELECT `user_name` FROM `carver_user` WHERE  `user_id` = 4 LIMIT 1 [ RunTime:0.000231s ]
[2021-06-03T17:18:08+08:00][sql] SELECT `user_name` FROM `carver_user` WHERE  `user_id` = 4 LIMIT 1 [ RunTime:0.000238s ]
[2021-06-03T17:18:08+08:00][sql] SELECT `user_name` FROM `carver_user` WHERE  `user_id` = 5 LIMIT 1 [ RunTime:0.000221s ]
[2021-06-03T17:18:08+08:00][sql] SELECT `user_name` FROM `carver_user` WHERE  `user_id` = 5 LIMIT 1 [ RunTime:0.000204s ]
[2021-06-03T17:18:08+08:00][sql] SELECT `user_name` FROM `carver_user` WHERE  `user_id` = 37 LIMIT 1 [ RunTime:0.000271s ]
[2021-06-03T17:18:08+08:00][sql] SELECT `user_name`,`user_id` FROM `carver_user` [ RunTime:0.000298s ]
[2021-06-03T17:18:08+08:00][sql] SHOW FULL COLUMNS FROM `carver_navigation` [ RunTime:0.000580s ]
[2021-06-03T17:18:08+08:00][sql] SELECT * FROM `carver_navigation` [ RunTime:0.000234s ]
[2021-06-03T17:18:08+08:00][sql] SELECT `article_label` FROM `carver_article` [ RunTime:0.000279s ]
[2021-06-03T17:31:41+08:00][sql] CONNECT:[ UseTime:0.000549s ] mysql:host=127.0.0.1;port=3306;dbname=carver;charset=utf8
[2021-06-03T17:31:41+08:00][sql] SHOW FULL COLUMNS FROM `carver_article` [ RunTime:0.001135s ]
[2021-06-03T17:31:41+08:00][sql] SELECT COUNT(*) AS think_count FROM `carver_article` WHERE  `article_guide` = 44  AND `delete_time` = 0  AND `is_show` = 1 [ RunTime:0.000419s ]
[2021-06-03T17:31:41+08:00][sql] SELECT * FROM `carver_article` WHERE  `article_guide` = 44  AND `delete_time` = 0  AND `is_show` = 1 ORDER BY `add_time` DESC LIMIT 0,6 [ RunTime:0.000432s ]
[2021-06-03T17:31:41+08:00][sql] SELECT article_id,article_title,click_num,FROM_UNIXTIME(add_time,'%Y-%m-%d') as add_time FROM `carver_article` WHERE  `is_show` = 1  AND `delete_time` = 0 ORDER BY `click_num` DESC LIMIT 3 [ RunTime:0.000442s ]
[2021-06-03T17:31:41+08:00][sql] SHOW FULL COLUMNS FROM `carver_notice` [ RunTime:0.000622s ]
[2021-06-03T17:31:41+08:00][sql] SELECT * FROM `carver_notice` ORDER BY `create_time` DESC LIMIT 3 [ RunTime:0.000337s ]
[2021-06-03T17:31:41+08:00][sql] SHOW FULL COLUMNS FROM `carver_navigation` [ RunTime:0.000603s ]
[2021-06-03T17:31:41+08:00][sql] SELECT * FROM `carver_navigation` [ RunTime:0.000279s ]
[2021-06-03T17:31:41+08:00][sql] SELECT `article_label` FROM `carver_article` [ RunTime:0.000302s ]
[2021-06-03T17:31:41+08:00][sql] SHOW FULL COLUMNS FROM `carver_carouse` [ RunTime:0.000545s ]
[2021-06-03T17:31:41+08:00][sql] SELECT `carouse_img`,`carouse_desc` FROM `carver_carouse` WHERE  `is_show` = 1 ORDER BY `carouse_sort` DESC LIMIT 3 [ RunTime:0.000314s ]
[2021-06-03T17:31:41+08:00][sql] SHOW FULL COLUMNS FROM `carver_link` [ RunTime:0.000555s ]
[2021-06-03T17:31:41+08:00][sql] SELECT * FROM `carver_link` WHERE  ( is_confirm=2 ) LIMIT 20 [ RunTime:0.000378s ]
[2021-06-03T17:31:41+08:00][sql] SHOW FULL COLUMNS FROM `carver_site` [ RunTime:0.000607s ]
[2021-06-03T17:31:41+08:00][sql] SELECT * FROM `carver_site` [ RunTime:0.000282s ]
[2021-06-03T18:14:56+08:00][sql] CONNECT:[ UseTime:0.000657s ] mysql:host=127.0.0.1;port=3306;dbname=carver;charset=utf8
[2021-06-03T18:14:56+08:00][sql] SHOW FULL COLUMNS FROM `carver_user` [ RunTime:0.000812s ]
[2021-06-03T18:14:56+08:00][sql] SHOW FULL COLUMNS FROM `carver_article` [ RunTime:0.000677s ]
[2021-06-03T18:14:56+08:00][sql] SELECT COUNT(*) AS think_count FROM `carver_article` WHERE  `delete_time` = 0  AND `is_show` = 1 [ RunTime:0.000365s ]
[2021-06-03T18:14:56+08:00][sql] SELECT `article_id`,`article_title`,`article_desc`,`article_content`,`article_img`,`article_guide`,`article_label`,`click_num`,`is_show`,`add_time`,`article_author`,`is_top_show` FROM `carver_article` WHERE  `delete_time` = 0  AND `is_show` = 1 ORDER BY `article_id` DESC LIMIT 0,6 [ RunTime:0.000628s ]
[2021-06-03T18:14:56+08:00][sql] SELECT article_id,article_title,click_num,FROM_UNIXTIME(add_time,'%Y-%m-%d') as add_time FROM `carver_article` WHERE  `is_show` = 1  AND `delete_time` = 0 ORDER BY `click_num` DESC LIMIT 3 [ RunTime:0.000744s ]
[2021-06-03T18:14:56+08:00][sql] SHOW FULL COLUMNS FROM `carver_notice` [ RunTime:0.000588s ]
[2021-06-03T18:14:56+08:00][sql] SELECT * FROM `carver_notice` ORDER BY `create_time` DESC LIMIT 3 [ RunTime:0.000264s ]
[2021-06-03T18:14:56+08:00][sql] SHOW FULL COLUMNS FROM `carver_navigation` [ RunTime:0.000558s ]
[2021-06-03T18:14:56+08:00][sql] SELECT * FROM `carver_navigation` [ RunTime:0.000243s ]
[2021-06-03T18:14:56+08:00][sql] SHOW FULL COLUMNS FROM `carver_link` [ RunTime:0.000488s ]
[2021-06-03T18:14:56+08:00][sql] SELECT * FROM `carver_link` WHERE  ( is_confirm=2 ) LIMIT 20 [ RunTime:0.000296s ]
[2021-06-03T18:14:56+08:00][sql] SELECT `article_label` FROM `carver_article` [ RunTime:0.000633s ]
[2021-06-03T18:14:56+08:00][sql] SHOW FULL COLUMNS FROM `carver_carouse` [ RunTime:0.000531s ]
[2021-06-03T18:14:56+08:00][sql] SELECT `carouse_img`,`carouse_desc` FROM `carver_carouse` WHERE  `is_show` = 1 ORDER BY `carouse_sort` DESC LIMIT 3 [ RunTime:0.000287s ]
[2021-06-03T18:14:56+08:00][sql] SHOW FULL COLUMNS FROM `carver_site` [ RunTime:0.000500s ]
[2021-06-03T18:14:56+08:00][sql] SELECT * FROM `carver_site` [ RunTime:0.000226s ]
[2021-06-03T19:50:48+08:00][sql] CONNECT:[ UseTime:0.000605s ] mysql:host=127.0.0.1;port=3306;dbname=carver;charset=utf8
[2021-06-03T19:50:48+08:00][sql] SHOW FULL COLUMNS FROM `carver_article` [ RunTime:0.000952s ]
[2021-06-03T19:50:48+08:00][sql] SELECT `article_id`,`article_title`,`article_desc`,`article_content`,`article_img`,`article_guide`,`article_label`,`click_num`,`is_show`,`add_time`,`article_author` FROM `carver_article` WHERE  `article_id` = 18'A=0 LIMIT 1 [ RunTime:0.000555s ]
[2021-06-03T19:50:48+08:00][sql] SELECT `article_id`,`article_title`,`article_desc`,`article_content`,`article_img`,`article_guide`,`article_label`,`click_num`,`is_show`,`add_time`,`article_author` FROM `carver_article` WHERE  `article_id` > 18'A=0 LIMIT 1 [ RunTime:0.002309s ]
[2021-06-03T19:50:48+08:00][sql] SELECT `article_id`,`article_title`,`article_desc`,`article_content`,`article_img`,`article_guide`,`article_label`,`click_num`,`is_show`,`add_time`,`article_author` FROM `carver_article` WHERE  `article_id` < 18'A=0 ORDER BY `article_id` DESC LIMIT 1 [ RunTime:0.000535s ]
[2021-06-03T19:50:48+08:00][sql] SHOW FULL COLUMNS FROM `carver_link` [ RunTime:0.000638s ]
[2021-06-03T19:50:48+08:00][sql] SELECT * FROM `carver_link` WHERE  ( is_confirm=2 ) LIMIT 20 [ RunTime:0.000428s ]
[2021-06-03T19:50:48+08:00][sql] SELECT article_id,article_title,click_num,FROM_UNIXTIME(add_time,'%Y-%m-%d') as add_time FROM `carver_article` ORDER BY `click_num` DESC LIMIT 3 [ RunTime:0.001392s ]
[2021-06-03T19:50:48+08:00][sql] SHOW FULL COLUMNS FROM `carver_comment` [ RunTime:0.000687s ]
[2021-06-03T19:50:48+08:00][sql] SELECT `a`.*,`b`.`user_name` FROM `carver_comment` `a` INNER JOIN `carver_user` `b` ON `a`.`user_id`=`b`.`user_id` WHERE  `article_id` = 18'A=0 ORDER BY `create_time` DESC [ RunTime:0.000422s ]
[2021-06-03T19:50:48+08:00][sql] SHOW FULL COLUMNS FROM `carver_comment_to_others` [ RunTime:0.000594s ]
[2021-06-03T19:50:48+08:00][sql] SELECT * FROM `carver_comment_to_others` [ RunTime:0.000293s ]
[2021-06-03T19:50:48+08:00][sql] SHOW FULL COLUMNS FROM `carver_user` [ RunTime:0.000462s ]
[2021-06-03T19:50:48+08:00][sql] SELECT `user_name` FROM `carver_user` WHERE  `user_id` = 4 LIMIT 1 [ RunTime:0.000302s ]
[2021-06-03T19:50:48+08:00][sql] SELECT `user_name` FROM `carver_user` WHERE  `user_id` = 4 LIMIT 1 [ RunTime:0.000238s ]
[2021-06-03T19:50:48+08:00][sql] SELECT `user_name` FROM `carver_user` WHERE  `user_id` = 5 LIMIT 1 [ RunTime:0.000233s ]
[2021-06-03T19:50:48+08:00][sql] SELECT `user_name` FROM `carver_user` WHERE  `user_id` = 5 LIMIT 1 [ RunTime:0.000211s ]
[2021-06-03T19:50:48+08:00][sql] SELECT `user_name` FROM `carver_user` WHERE  `user_id` = 37 LIMIT 1 [ RunTime:0.000250s ]
[2021-06-03T19:50:48+08:00][sql] SELECT `user_name`,`user_id` FROM `carver_user` [ RunTime:0.000249s ]
[2021-06-03T19:50:48+08:00][sql] SHOW FULL COLUMNS FROM `carver_navigation` [ RunTime:0.000556s ]
[2021-06-03T19:50:48+08:00][sql] SELECT * FROM `carver_navigation` [ RunTime:0.000264s ]
[2021-06-03T19:50:48+08:00][sql] SELECT `article_label` FROM `carver_article` [ RunTime:0.000273s ]
[2021-06-03T20:11:49+08:00][sql] CONNECT:[ UseTime:0.000605s ] mysql:host=127.0.0.1;port=3306;dbname=carver;charset=utf8
[2021-06-03T20:11:49+08:00][sql] SHOW FULL COLUMNS FROM `carver_article` [ RunTime:0.000979s ]
[2021-06-03T20:11:49+08:00][sql] SELECT COUNT(*) AS think_count FROM `carver_article` WHERE  `article_guide` = 8  AND `delete_time` = 0  AND `is_show` = 1 [ RunTime:0.000427s ]
[2021-06-03T20:11:49+08:00][sql] SELECT * FROM `carver_article` WHERE  `article_guide` = 8  AND `delete_time` = 0  AND `is_show` = 1 ORDER BY `add_time` DESC LIMIT 0,6 [ RunTime:0.000645s ]
[2021-06-03T20:11:49+08:00][sql] SELECT article_id,article_title,click_num,FROM_UNIXTIME(add_time,'%Y-%m-%d') as add_time FROM `carver_article` WHERE  `is_show` = 1  AND `delete_time` = 0 ORDER BY `click_num` DESC LIMIT 3 [ RunTime:0.000493s ]
[2021-06-03T20:11:49+08:00][sql] SHOW FULL COLUMNS FROM `carver_notice` [ RunTime:0.000686s ]
[2021-06-03T20:11:49+08:00][sql] SELECT * FROM `carver_notice` ORDER BY `create_time` DESC LIMIT 3 [ RunTime:0.000307s ]
[2021-06-03T20:11:49+08:00][sql] SHOW FULL COLUMNS FROM `carver_navigation` [ RunTime:0.000576s ]
[2021-06-03T20:11:49+08:00][sql] SELECT * FROM `carver_navigation` [ RunTime:0.000287s ]
[2021-06-03T20:11:49+08:00][sql] SELECT `article_label` FROM `carver_article` [ RunTime:0.000256s ]
[2021-06-03T20:11:49+08:00][sql] SHOW FULL COLUMNS FROM `carver_carouse` [ RunTime:0.000559s ]
[2021-06-03T20:11:49+08:00][sql] SELECT `carouse_img`,`carouse_desc` FROM `carver_carouse` WHERE  `is_show` = 1 ORDER BY `carouse_sort` DESC LIMIT 3 [ RunTime:0.000350s ]
[2021-06-03T20:11:49+08:00][sql] SHOW FULL COLUMNS FROM `carver_link` [ RunTime:0.000549s ]
[2021-06-03T20:11:49+08:00][sql] SELECT * FROM `carver_link` WHERE  ( is_confirm=2 ) LIMIT 20 [ RunTime:0.000308s ]
[2021-06-03T20:11:49+08:00][sql] SHOW FULL COLUMNS FROM `carver_site` [ RunTime:0.000580s ]
[2021-06-03T20:11:49+08:00][sql] SELECT * FROM `carver_site` [ RunTime:0.000230s ]
[2021-06-03T21:04:31+08:00][sql] CONNECT:[ UseTime:0.000632s ] mysql:host=127.0.0.1;port=3306;dbname=carver;charset=utf8
[2021-06-03T21:04:31+08:00][sql] SHOW FULL COLUMNS FROM `carver_user` [ RunTime:0.000905s ]
[2021-06-03T21:04:31+08:00][sql] SHOW FULL COLUMNS FROM `carver_article` [ RunTime:0.000752s ]
[2021-06-03T21:04:31+08:00][sql] SELECT COUNT(*) AS think_count FROM `carver_article` WHERE  `delete_time` = 0  AND `is_show` = 1 [ RunTime:0.000434s ]
[2021-06-03T21:04:31+08:00][sql] SELECT `article_id`,`article_title`,`article_desc`,`article_content`,`article_img`,`article_guide`,`article_label`,`click_num`,`is_show`,`add_time`,`article_author`,`is_top_show` FROM `carver_article` WHERE  `delete_time` = 0  AND `is_show` = 1 ORDER BY `article_id` DESC LIMIT 18,6 [ RunTime:0.001749s ]
[2021-06-03T21:04:31+08:00][sql] SELECT article_id,article_title,click_num,FROM_UNIXTIME(add_time,'%Y-%m-%d') as add_time FROM `carver_article` WHERE  `is_show` = 1  AND `delete_time` = 0 ORDER BY `click_num` DESC LIMIT 3 [ RunTime:0.000517s ]
[2021-06-03T21:04:31+08:00][sql] SHOW FULL COLUMNS FROM `carver_notice` [ RunTime:0.000683s ]
[2021-06-03T21:04:31+08:00][sql] SELECT * FROM `carver_notice` ORDER BY `create_time` DESC LIMIT 3 [ RunTime:0.000315s ]
[2021-06-03T21:04:31+08:00][sql] SHOW FULL COLUMNS FROM `carver_navigation` [ RunTime:0.000676s ]
[2021-06-03T21:04:31+08:00][sql] SELECT * FROM `carver_navigation` [ RunTime:0.000251s ]
[2021-06-03T21:04:31+08:00][sql] SHOW FULL COLUMNS FROM `carver_link` [ RunTime:0.000533s ]
[2021-06-03T21:04:31+08:00][sql] SELECT * FROM `carver_link` WHERE  ( is_confirm=2 ) LIMIT 20 [ RunTime:0.000295s ]
[2021-06-03T21:04:31+08:00][sql] SELECT `article_label` FROM `carver_article` [ RunTime:0.000284s ]
[2021-06-03T21:04:31+08:00][sql] SHOW FULL COLUMNS FROM `carver_carouse` [ RunTime:0.000665s ]
[2021-06-03T21:04:31+08:00][sql] SELECT `carouse_img`,`carouse_desc` FROM `carver_carouse` WHERE  `is_show` = 1 ORDER BY `carouse_sort` DESC LIMIT 3 [ RunTime:0.000296s ]
[2021-06-03T21:04:31+08:00][sql] SHOW FULL COLUMNS FROM `carver_site` [ RunTime:0.000552s ]
[2021-06-03T21:04:31+08:00][sql] SELECT * FROM `carver_site` [ RunTime:0.000236s ]
[2021-06-03T21:19:19+08:00][sql] CONNECT:[ UseTime:0.000618s ] mysql:host=127.0.0.1;port=3306;dbname=carver;charset=utf8
[2021-06-03T21:19:19+08:00][sql] SHOW FULL COLUMNS FROM `carver_article` [ RunTime:0.000855s ]
[2021-06-03T21:19:19+08:00][sql] SELECT `article_id`,`article_title`,`article_desc`,`article_content`,`article_img`,`article_guide`,`article_label`,`click_num`,`is_show`,`add_time`,`article_author` FROM `carver_article` WHERE  `article_id` = 6 LIMIT 1 [ RunTime:0.000444s ]
[2021-06-03T21:19:19+08:00][sql] SELECT `article_id`,`article_title`,`article_desc`,`article_content`,`article_img`,`article_guide`,`article_label`,`click_num`,`is_show`,`add_time`,`article_author` FROM `carver_article` WHERE  `article_id` > 6 LIMIT 1 [ RunTime:0.000868s ]
[2021-06-03T21:19:19+08:00][sql] SELECT `article_id`,`article_title`,`article_desc`,`article_content`,`article_img`,`article_guide`,`article_label`,`click_num`,`is_show`,`add_time`,`article_author` FROM `carver_article` WHERE  `article_id` < 6 ORDER BY `article_id` DESC LIMIT 1 [ RunTime:0.000510s ]
[2021-06-03T21:19:19+08:00][sql] SHOW FULL COLUMNS FROM `carver_link` [ RunTime:0.000610s ]
[2021-06-03T21:19:19+08:00][sql] SELECT * FROM `carver_link` WHERE  ( is_confirm=2 ) LIMIT 20 [ RunTime:0.000325s ]
[2021-06-03T21:19:19+08:00][sql] SELECT article_id,article_title,click_num,FROM_UNIXTIME(add_time,'%Y-%m-%d') as add_time FROM `carver_article` ORDER BY `click_num` DESC LIMIT 3 [ RunTime:0.000346s ]
[2021-06-03T21:19:19+08:00][sql] SHOW FULL COLUMNS FROM `carver_comment` [ RunTime:0.000570s ]
[2021-06-03T21:19:19+08:00][sql] SELECT `a`.*,`b`.`user_name` FROM `carver_comment` `a` INNER JOIN `carver_user` `b` ON `a`.`user_id`=`b`.`user_id` WHERE  `article_id` = 6 ORDER BY `create_time` DESC [ RunTime:0.000341s ]
[2021-06-03T21:19:19+08:00][sql] SHOW FULL COLUMNS FROM `carver_comment_to_others` [ RunTime:0.000560s ]
[2021-06-03T21:19:19+08:00][sql] SELECT * FROM `carver_comment_to_others` [ RunTime:0.000237s ]
[2021-06-03T21:19:19+08:00][sql] SHOW FULL COLUMNS FROM `carver_user` [ RunTime:0.000444s ]
[2021-06-03T21:19:19+08:00][sql] SELECT `user_name` FROM `carver_user` WHERE  `user_id` = 4 LIMIT 1 [ RunTime:0.000242s ]
[2021-06-03T21:19:19+08:00][sql] SELECT `user_name` FROM `carver_user` WHERE  `user_id` = 4 LIMIT 1 [ RunTime:0.000219s ]
[2021-06-03T21:19:19+08:00][sql] SELECT `user_name` FROM `carver_user` WHERE  `user_id` = 5 LIMIT 1 [ RunTime:0.000205s ]
[2021-06-03T21:19:19+08:00][sql] SELECT `user_name` FROM `carver_user` WHERE  `user_id` = 5 LIMIT 1 [ RunTime:0.000237s ]
[2021-06-03T21:19:19+08:00][sql] SELECT `user_name` FROM `carver_user` WHERE  `user_id` = 37 LIMIT 1 [ RunTime:0.000228s ]
[2021-06-03T21:19:19+08:00][sql] SELECT `user_name`,`user_id` FROM `carver_user` [ RunTime:0.000244s ]
[2021-06-03T21:19:19+08:00][sql] SHOW FULL COLUMNS FROM `carver_navigation` [ RunTime:0.000626s ]
[2021-06-03T21:19:19+08:00][sql] SELECT * FROM `carver_navigation` [ RunTime:0.000235s ]
[2021-06-03T21:19:19+08:00][sql] SELECT `article_label` FROM `carver_article` [ RunTime:0.000297s ]
[2021-06-03T22:07:01+08:00][sql] CONNECT:[ UseTime:0.000526s ] mysql:host=127.0.0.1;port=3306;dbname=carver;charset=utf8
[2021-06-03T22:07:01+08:00][sql] SHOW FULL COLUMNS FROM `carver_article` [ RunTime:0.000830s ]
[2021-06-03T22:07:01+08:00][sql] SELECT COUNT(*) AS think_count FROM `carver_article` WHERE  `article_label` LIKE '%%'  AND `delete_time` = 0  AND `is_show` = 1 [ RunTime:0.000417s ]
[2021-06-03T22:07:01+08:00][sql] SELECT * FROM `carver_article` WHERE  `article_label` LIKE '%%'  AND `delete_time` = 0  AND `is_show` = 1 LIMIT 0,6 [ RunTime:0.001083s ]
[2021-06-03T22:07:01+08:00][sql] SELECT article_id,article_title,click_num,FROM_UNIXTIME(add_time,'%Y-%m-%d') as add_time FROM `carver_article` WHERE  `is_show` = 1  AND `delete_time` = 0 ORDER BY `click_num` DESC LIMIT 3 [ RunTime:0.000409s ]
[2021-06-03T22:07:01+08:00][sql] SHOW FULL COLUMNS FROM `carver_notice` [ RunTime:0.000544s ]
[2021-06-03T22:07:01+08:00][sql] SELECT * FROM `carver_notice` ORDER BY `create_time` DESC LIMIT 3 [ RunTime:0.000283s ]
[2021-06-03T22:07:01+08:00][sql] SHOW FULL COLUMNS FROM `carver_navigation` [ RunTime:0.000549s ]
[2021-06-03T22:07:01+08:00][sql] SELECT * FROM `carver_navigation` [ RunTime:0.000268s ]
[2021-06-03T22:07:01+08:00][sql] SHOW FULL COLUMNS FROM `carver_link` [ RunTime:0.000483s ]
[2021-06-03T22:07:01+08:00][sql] SELECT * FROM `carver_link` WHERE  ( is_confirm=2 ) LIMIT 20 [ RunTime:0.000266s ]
[2021-06-03T22:07:01+08:00][sql] SELECT `article_label` FROM `carver_article` [ RunTime:0.000250s ]
[2021-06-03T22:07:01+08:00][sql] SHOW FULL COLUMNS FROM `carver_carouse` [ RunTime:0.000467s ]
[2021-06-03T22:07:01+08:00][sql] SELECT `carouse_img`,`carouse_desc` FROM `carver_carouse` WHERE  `is_show` = 1 ORDER BY `carouse_sort` DESC LIMIT 3 [ RunTime:0.000288s ]
[2021-06-03T22:07:01+08:00][sql] SHOW FULL COLUMNS FROM `carver_site` [ RunTime:0.000460s ]
[2021-06-03T22:07:01+08:00][sql] SELECT * FROM `carver_site` [ RunTime:0.000231s ]
[2021-06-03T23:17:48+08:00][sql] CONNECT:[ UseTime:0.000657s ] mysql:host=127.0.0.1;port=3306;dbname=carver;charset=utf8
[2021-06-03T23:17:48+08:00][sql] SHOW FULL COLUMNS FROM `carver_article` [ RunTime:0.001313s ]
[2021-06-03T23:17:48+08:00][sql] SELECT COUNT(*) AS think_count FROM `carver_article` WHERE  `article_label` LIKE '%excel%'  AND `delete_time` = 0  AND `is_show` = 1 [ RunTime:0.000442s ]
[2021-06-03T23:17:48+08:00][sql] SELECT * FROM `carver_article` WHERE  `article_label` LIKE '%excel%'  AND `delete_time` = 0  AND `is_show` = 1 LIMIT 0,6 [ RunTime:0.001325s ]
[2021-06-03T23:17:48+08:00][sql] SELECT article_id,article_title,click_num,FROM_UNIXTIME(add_time,'%Y-%m-%d') as add_time FROM `carver_article` WHERE  `is_show` = 1  AND `delete_time` = 0 ORDER BY `click_num` DESC LIMIT 3 [ RunTime:0.000512s ]
[2021-06-03T23:17:48+08:00][sql] SHOW FULL COLUMNS FROM `carver_notice` [ RunTime:0.000627s ]
[2021-06-03T23:17:48+08:00][sql] SELECT * FROM `carver_notice` ORDER BY `create_time` DESC LIMIT 3 [ RunTime:0.000320s ]
[2021-06-03T23:17:48+08:00][sql] SHOW FULL COLUMNS FROM `carver_navigation` [ RunTime:0.000553s ]
[2021-06-03T23:17:48+08:00][sql] SELECT * FROM `carver_navigation` [ RunTime:0.000243s ]
[2021-06-03T23:17:48+08:00][sql] SHOW FULL COLUMNS FROM `carver_link` [ RunTime:0.000553s ]
[2021-06-03T23:17:48+08:00][sql] SELECT * FROM `carver_link` WHERE  ( is_confirm=2 ) LIMIT 20 [ RunTime:0.000535s ]
[2021-06-03T23:17:48+08:00][sql] SELECT `article_label` FROM `carver_article` [ RunTime:0.000299s ]
[2021-06-03T23:17:48+08:00][sql] SHOW FULL COLUMNS FROM `carver_carouse` [ RunTime:0.000509s ]
[2021-06-03T23:17:48+08:00][sql] SELECT `carouse_img`,`carouse_desc` FROM `carver_carouse` WHERE  `is_show` = 1 ORDER BY `carouse_sort` DESC LIMIT 3 [ RunTime:0.000321s ]
[2021-06-03T23:17:48+08:00][sql] SHOW FULL COLUMNS FROM `carver_site` [ RunTime:0.000491s ]
[2021-06-03T23:17:48+08:00][sql] SELECT * FROM `carver_site` [ RunTime:0.000239s ]
[2021-06-03T23:36:01+08:00][sql] CONNECT:[ UseTime:0.000643s ] mysql:host=127.0.0.1;port=3306;dbname=carver;charset=utf8
[2021-06-03T23:36:01+08:00][sql] SHOW FULL COLUMNS FROM `carver_article` [ RunTime:0.000960s ]
[2021-06-03T23:36:01+08:00][sql] SELECT COUNT(*) AS think_count FROM `carver_article` WHERE  `article_label` LIKE '%php%'  AND `delete_time` = 0  AND `is_show` = 1 [ RunTime:0.000435s ]
[2021-06-03T23:36:01+08:00][sql] SELECT * FROM `carver_article` WHERE  `article_label` LIKE '%php%'  AND `delete_time` = 0  AND `is_show` = 1 LIMIT 0,6 [ RunTime:0.001126s ]
[2021-06-03T23:36:01+08:00][sql] SELECT article_id,article_title,click_num,FROM_UNIXTIME(add_time,'%Y-%m-%d') as add_time FROM `carver_article` WHERE  `is_show` = 1  AND `delete_time` = 0 ORDER BY `click_num` DESC LIMIT 3 [ RunTime:0.000445s ]
[2021-06-03T23:36:01+08:00][sql] SHOW FULL COLUMNS FROM `carver_notice` [ RunTime:0.000587s ]
[2021-06-03T23:36:01+08:00][sql] SELECT * FROM `carver_notice` ORDER BY `create_time` DESC LIMIT 3 [ RunTime:0.000293s ]
[2021-06-03T23:36:01+08:00][sql] SHOW FULL COLUMNS FROM `carver_navigation` [ RunTime:0.000518s ]
[2021-06-03T23:36:01+08:00][sql] SELECT * FROM `carver_navigation` [ RunTime:0.000232s ]
[2021-06-03T23:36:01+08:00][sql] SHOW FULL COLUMNS FROM `carver_link` [ RunTime:0.000499s ]
[2021-06-03T23:36:01+08:00][sql] SELECT * FROM `carver_link` WHERE  ( is_confirm=2 ) LIMIT 20 [ RunTime:0.000281s ]
[2021-06-03T23:36:01+08:00][sql] SELECT `article_label` FROM `carver_article` [ RunTime:0.000307s ]
[2021-06-03T23:36:01+08:00][sql] SHOW FULL COLUMNS FROM `carver_carouse` [ RunTime:0.000465s ]
[2021-06-03T23:36:01+08:00][sql] SELECT `carouse_img`,`carouse_desc` FROM `carver_carouse` WHERE  `is_show` = 1 ORDER BY `carouse_sort` DESC LIMIT 3 [ RunTime:0.000315s ]
[2021-06-03T23:36:01+08:00][sql] SHOW FULL COLUMNS FROM `carver_site` [ RunTime:0.000468s ]
[2021-06-03T23:36:01+08:00][sql] SELECT * FROM `carver_site` [ RunTime:0.000253s ]
