[2021-06-06T00:04:25+08:00][sql] CONNECT:[ UseTime:0.000736s ] mysql:host=127.0.0.1;port=3306;dbname=carver;charset=utf8
[2021-06-06T00:04:25+08:00][sql] SHOW FULL COLUMNS FROM `carver_article` [ RunTime:0.001068s ]
[2021-06-06T00:04:25+08:00][sql] SELECT COUNT(*) AS think_count FROM `carver_article` WHERE  `article_label` LIKE '%angerjs%'  AND `delete_time` = 0  AND `is_show` = 1 [ RunTime:0.000431s ]
[2021-06-06T00:04:25+08:00][sql] SELECT * FROM `carver_article` WHERE  `article_label` LIKE '%angerjs%'  AND `delete_time` = 0  AND `is_show` = 1 LIMIT 0,6 [ RunTime:0.001038s ]
[2021-06-06T00:04:25+08:00][sql] SELECT article_id,article_title,click_num,FROM_UNIXTIME(add_time,'%Y-%m-%d') as add_time FROM `carver_article` WHERE  `is_show` = 1  AND `delete_time` = 0 ORDER BY `click_num` DESC LIMIT 3 [ RunTime:0.000516s ]
[2021-06-06T00:04:25+08:00][sql] SHOW FULL COLUMNS FROM `carver_notice` [ RunTime:0.000679s ]
[2021-06-06T00:04:25+08:00][sql] SELECT * FROM `carver_notice` ORDER BY `create_time` DESC LIMIT 3 [ RunTime:0.000337s ]
[2021-06-06T00:04:25+08:00][sql] SHOW FULL COLUMNS FROM `carver_navigation` [ RunTime:0.000597s ]
[2021-06-06T00:04:25+08:00][sql] SELECT * FROM `carver_navigation` [ RunTime:0.000297s ]
[2021-06-06T00:04:25+08:00][sql] SHOW FULL COLUMNS FROM `carver_link` [ RunTime:0.000611s ]
[2021-06-06T00:04:25+08:00][sql] SELECT * FROM `carver_link` WHERE  ( is_confirm=2 ) LIMIT 20 [ RunTime:0.000410s ]
[2021-06-06T00:04:25+08:00][sql] SELECT `article_label` FROM `carver_article` [ RunTime:0.000264s ]
[2021-06-06T00:04:25+08:00][sql] SHOW FULL COLUMNS FROM `carver_carouse` [ RunTime:0.000588s ]
[2021-06-06T00:04:25+08:00][sql] SELECT `carouse_img`,`carouse_desc` FROM `carver_carouse` WHERE  `is_show` = 1 ORDER BY `carouse_sort` DESC LIMIT 3 [ RunTime:0.000310s ]
[2021-06-06T00:04:25+08:00][sql] SHOW FULL COLUMNS FROM `carver_site` [ RunTime:0.000581s ]
[2021-06-06T00:04:25+08:00][sql] SELECT * FROM `carver_site` [ RunTime:0.000273s ]
[2021-06-06T02:44:28+08:00][sql] CONNECT:[ UseTime:0.000655s ] mysql:host=127.0.0.1;port=3306;dbname=carver;charset=utf8
[2021-06-06T02:44:28+08:00][sql] SHOW FULL COLUMNS FROM `carver_article` [ RunTime:0.001363s ]
[2021-06-06T02:44:28+08:00][sql] SELECT `article_id`,`article_title`,`article_desc`,`article_content`,`article_img`,`article_guide`,`article_label`,`click_num`,`is_show`,`add_time`,`article_author` FROM `carver_article` WHERE  `article_id` = 17' LIMIT 1 [ RunTime:0.000543s ]
[2021-06-06T02:44:28+08:00][sql] SELECT `article_id`,`article_title`,`article_desc`,`article_content`,`article_img`,`article_guide`,`article_label`,`click_num`,`is_show`,`add_time`,`article_author` FROM `carver_article` WHERE  `article_id` > 17' LIMIT 1 [ RunTime:0.000411s ]
[2021-06-06T02:44:28+08:00][sql] SELECT `article_id`,`article_title`,`article_desc`,`article_content`,`article_img`,`article_guide`,`article_label`,`click_num`,`is_show`,`add_time`,`article_author` FROM `carver_article` WHERE  `article_id` < 17' ORDER BY `article_id` DESC LIMIT 1 [ RunTime:0.000355s ]
[2021-06-06T02:44:28+08:00][sql] SHOW FULL COLUMNS FROM `carver_link` [ RunTime:0.000583s ]
[2021-06-06T02:44:28+08:00][sql] SELECT * FROM `carver_link` WHERE  ( is_confirm=2 ) LIMIT 20 [ RunTime:0.000300s ]
[2021-06-06T02:44:28+08:00][sql] SELECT article_id,article_title,click_num,FROM_UNIXTIME(add_time,'%Y-%m-%d') as add_time FROM `carver_article` ORDER BY `click_num` DESC LIMIT 3 [ RunTime:0.000371s ]
[2021-06-06T02:44:28+08:00][sql] SHOW FULL COLUMNS FROM `carver_comment` [ RunTime:0.000575s ]
[2021-06-06T02:44:28+08:00][sql] SELECT `a`.*,`b`.`user_name` FROM `carver_comment` `a` INNER JOIN `carver_user` `b` ON `a`.`user_id`=`b`.`user_id` WHERE  `article_id` = 17' ORDER BY `create_time` DESC [ RunTime:0.000352s ]
[2021-06-06T02:44:28+08:00][sql] SHOW FULL COLUMNS FROM `carver_comment_to_others` [ RunTime:0.000563s ]
[2021-06-06T02:44:28+08:00][sql] SELECT * FROM `carver_comment_to_others` [ RunTime:0.000234s ]
[2021-06-06T02:44:28+08:00][sql] SHOW FULL COLUMNS FROM `carver_user` [ RunTime:0.000496s ]
[2021-06-06T02:44:28+08:00][sql] SELECT `user_name` FROM `carver_user` WHERE  `user_id` = 4 LIMIT 1 [ RunTime:0.000235s ]
[2021-06-06T02:44:28+08:00][sql] SELECT `user_name` FROM `carver_user` WHERE  `user_id` = 4 LIMIT 1 [ RunTime:0.000226s ]
[2021-06-06T02:44:28+08:00][sql] SELECT `user_name` FROM `carver_user` WHERE  `user_id` = 5 LIMIT 1 [ RunTime:0.000262s ]
[2021-06-06T02:44:28+08:00][sql] SELECT `user_name` FROM `carver_user` WHERE  `user_id` = 5 LIMIT 1 [ RunTime:0.000209s ]
[2021-06-06T02:44:28+08:00][sql] SELECT `user_name` FROM `carver_user` WHERE  `user_id` = 37 LIMIT 1 [ RunTime:0.000230s ]
[2021-06-06T02:44:28+08:00][sql] SELECT `user_name`,`user_id` FROM `carver_user` [ RunTime:0.000259s ]
[2021-06-06T02:44:28+08:00][sql] SHOW FULL COLUMNS FROM `carver_navigation` [ RunTime:0.000603s ]
[2021-06-06T02:44:28+08:00][sql] SELECT * FROM `carver_navigation` [ RunTime:0.000254s ]
[2021-06-06T02:44:28+08:00][sql] SELECT `article_label` FROM `carver_article` [ RunTime:0.000315s ]
[2021-06-06T03:02:33+08:00][sql] CONNECT:[ UseTime:0.000535s ] mysql:host=127.0.0.1;port=3306;dbname=carver;charset=utf8
[2021-06-06T03:02:33+08:00][sql] SHOW FULL COLUMNS FROM `carver_article` [ RunTime:0.000939s ]
[2021-06-06T03:02:33+08:00][sql] SELECT `article_id`,`article_title`,`article_desc`,`article_content`,`article_img`,`article_guide`,`article_label`,`click_num`,`is_show`,`add_time`,`article_author` FROM `carver_article` WHERE  `article_id` = 17' LIMIT 1 [ RunTime:0.000541s ]
[2021-06-06T03:02:33+08:00][sql] SELECT `article_id`,`article_title`,`article_desc`,`article_content`,`article_img`,`article_guide`,`article_label`,`click_num`,`is_show`,`add_time`,`article_author` FROM `carver_article` WHERE  `article_id` > 17' LIMIT 1 [ RunTime:0.000440s ]
[2021-06-06T03:02:33+08:00][sql] SELECT `article_id`,`article_title`,`article_desc`,`article_content`,`article_img`,`article_guide`,`article_label`,`click_num`,`is_show`,`add_time`,`article_author` FROM `carver_article` WHERE  `article_id` < 17' ORDER BY `article_id` DESC LIMIT 1 [ RunTime:0.000342s ]
[2021-06-06T03:02:33+08:00][sql] SHOW FULL COLUMNS FROM `carver_link` [ RunTime:0.000558s ]
[2021-06-06T03:02:33+08:00][sql] SELECT * FROM `carver_link` WHERE  ( is_confirm=2 ) LIMIT 20 [ RunTime:0.000310s ]
[2021-06-06T03:02:33+08:00][sql] SELECT article_id,article_title,click_num,FROM_UNIXTIME(add_time,'%Y-%m-%d') as add_time FROM `carver_article` ORDER BY `click_num` DESC LIMIT 3 [ RunTime:0.000408s ]
[2021-06-06T03:02:33+08:00][sql] SHOW FULL COLUMNS FROM `carver_comment` [ RunTime:0.000545s ]
[2021-06-06T03:02:33+08:00][sql] SELECT `a`.*,`b`.`user_name` FROM `carver_comment` `a` INNER JOIN `carver_user` `b` ON `a`.`user_id`=`b`.`user_id` WHERE  `article_id` = 17' ORDER BY `create_time` DESC [ RunTime:0.000342s ]
[2021-06-06T03:02:33+08:00][sql] SHOW FULL COLUMNS FROM `carver_comment_to_others` [ RunTime:0.000518s ]
[2021-06-06T03:02:33+08:00][sql] SELECT * FROM `carver_comment_to_others` [ RunTime:0.000233s ]
[2021-06-06T03:02:33+08:00][sql] SHOW FULL COLUMNS FROM `carver_user` [ RunTime:0.000470s ]
[2021-06-06T03:02:33+08:00][sql] SELECT `user_name` FROM `carver_user` WHERE  `user_id` = 4 LIMIT 1 [ RunTime:0.000246s ]
[2021-06-06T03:02:33+08:00][sql] SELECT `user_name` FROM `carver_user` WHERE  `user_id` = 4 LIMIT 1 [ RunTime:0.000235s ]
[2021-06-06T03:02:33+08:00][sql] SELECT `user_name` FROM `carver_user` WHERE  `user_id` = 5 LIMIT 1 [ RunTime:0.000239s ]
[2021-06-06T03:02:33+08:00][sql] SELECT `user_name` FROM `carver_user` WHERE  `user_id` = 5 LIMIT 1 [ RunTime:0.000217s ]
[2021-06-06T03:02:33+08:00][sql] SELECT `user_name` FROM `carver_user` WHERE  `user_id` = 37 LIMIT 1 [ RunTime:0.000241s ]
[2021-06-06T03:02:33+08:00][sql] SELECT `user_name`,`user_id` FROM `carver_user` [ RunTime:0.000265s ]
[2021-06-06T03:02:33+08:00][sql] SHOW FULL COLUMNS FROM `carver_navigation` [ RunTime:0.000522s ]
[2021-06-06T03:02:33+08:00][sql] SELECT * FROM `carver_navigation` [ RunTime:0.000249s ]
[2021-06-06T03:02:33+08:00][sql] SELECT `article_label` FROM `carver_article` [ RunTime:0.000260s ]
[2021-06-06T03:10:30+08:00][sql] CONNECT:[ UseTime:0.000512s ] mysql:host=127.0.0.1;port=3306;dbname=carver;charset=utf8
[2021-06-06T03:10:30+08:00][sql] SHOW FULL COLUMNS FROM `carver_article` [ RunTime:0.000899s ]
[2021-06-06T03:10:30+08:00][sql] SELECT `article_id`,`article_title`,`article_desc`,`article_content`,`article_img`,`article_guide`,`article_label`,`click_num`,`is_show`,`add_time`,`article_author` FROM `carver_article` WHERE  `article_id` = 17'A=0 LIMIT 1 [ RunTime:0.000549s ]
[2021-06-06T03:10:30+08:00][sql] SELECT `article_id`,`article_title`,`article_desc`,`article_content`,`article_img`,`article_guide`,`article_label`,`click_num`,`is_show`,`add_time`,`article_author` FROM `carver_article` WHERE  `article_id` > 17'A=0 LIMIT 1 [ RunTime:0.000500s ]
[2021-06-06T03:10:30+08:00][sql] SELECT `article_id`,`article_title`,`article_desc`,`article_content`,`article_img`,`article_guide`,`article_label`,`click_num`,`is_show`,`add_time`,`article_author` FROM `carver_article` WHERE  `article_id` < 17'A=0 ORDER BY `article_id` DESC LIMIT 1 [ RunTime:0.000388s ]
[2021-06-06T03:10:30+08:00][sql] SHOW FULL COLUMNS FROM `carver_link` [ RunTime:0.000626s ]
[2021-06-06T03:10:30+08:00][sql] SELECT * FROM `carver_link` WHERE  ( is_confirm=2 ) LIMIT 20 [ RunTime:0.000295s ]
[2021-06-06T03:10:30+08:00][sql] SELECT article_id,article_title,click_num,FROM_UNIXTIME(add_time,'%Y-%m-%d') as add_time FROM `carver_article` ORDER BY `click_num` DESC LIMIT 3 [ RunTime:0.000388s ]
[2021-06-06T03:10:30+08:00][sql] SHOW FULL COLUMNS FROM `carver_comment` [ RunTime:0.000638s ]
[2021-06-06T03:10:30+08:00][sql] SELECT `a`.*,`b`.`user_name` FROM `carver_comment` `a` INNER JOIN `carver_user` `b` ON `a`.`user_id`=`b`.`user_id` WHERE  `article_id` = 17'A=0 ORDER BY `create_time` DESC [ RunTime:0.000360s ]
[2021-06-06T03:10:30+08:00][sql] SHOW FULL COLUMNS FROM `carver_comment_to_others` [ RunTime:0.000541s ]
[2021-06-06T03:10:30+08:00][sql] SELECT * FROM `carver_comment_to_others` [ RunTime:0.000233s ]
[2021-06-06T03:10:30+08:00][sql] SHOW FULL COLUMNS FROM `carver_user` [ RunTime:0.000509s ]
[2021-06-06T03:10:30+08:00][sql] SELECT `user_name` FROM `carver_user` WHERE  `user_id` = 4 LIMIT 1 [ RunTime:0.000238s ]
[2021-06-06T03:10:30+08:00][sql] SELECT `user_name` FROM `carver_user` WHERE  `user_id` = 4 LIMIT 1 [ RunTime:0.000230s ]
[2021-06-06T03:10:30+08:00][sql] SELECT `user_name` FROM `carver_user` WHERE  `user_id` = 5 LIMIT 1 [ RunTime:0.000221s ]
[2021-06-06T03:10:30+08:00][sql] SELECT `user_name` FROM `carver_user` WHERE  `user_id` = 5 LIMIT 1 [ RunTime:0.000256s ]
[2021-06-06T03:10:30+08:00][sql] SELECT `user_name` FROM `carver_user` WHERE  `user_id` = 37 LIMIT 1 [ RunTime:0.000243s ]
[2021-06-06T03:10:30+08:00][sql] SELECT `user_name`,`user_id` FROM `carver_user` [ RunTime:0.000256s ]
[2021-06-06T03:10:30+08:00][sql] SHOW FULL COLUMNS FROM `carver_navigation` [ RunTime:0.000612s ]
[2021-06-06T03:10:30+08:00][sql] SELECT * FROM `carver_navigation` [ RunTime:0.000248s ]
[2021-06-06T03:10:30+08:00][sql] SELECT `article_label` FROM `carver_article` [ RunTime:0.000277s ]
[2021-06-06T03:49:31+08:00][sql] CONNECT:[ UseTime:0.000608s ] mysql:host=127.0.0.1;port=3306;dbname=carver;charset=utf8
[2021-06-06T03:49:31+08:00][sql] SHOW FULL COLUMNS FROM `carver_article` [ RunTime:0.000934s ]
[2021-06-06T03:49:31+08:00][sql] SELECT COUNT(*) AS think_count FROM `carver_article` WHERE  `article_label` LIKE '%angerjs%'  AND `delete_time` = 0  AND `is_show` = 1 [ RunTime:0.000512s ]
[2021-06-06T03:49:31+08:00][sql] SELECT * FROM `carver_article` WHERE  `article_label` LIKE '%angerjs%'  AND `delete_time` = 0  AND `is_show` = 1 LIMIT 0,6 [ RunTime:0.001114s ]
[2021-06-06T03:49:31+08:00][sql] SELECT article_id,article_title,click_num,FROM_UNIXTIME(add_time,'%Y-%m-%d') as add_time FROM `carver_article` WHERE  `is_show` = 1  AND `delete_time` = 0 ORDER BY `click_num` DESC LIMIT 3 [ RunTime:0.000591s ]
[2021-06-06T03:49:31+08:00][sql] SHOW FULL COLUMNS FROM `carver_notice` [ RunTime:0.000660s ]
[2021-06-06T03:49:31+08:00][sql] SELECT * FROM `carver_notice` ORDER BY `create_time` DESC LIMIT 3 [ RunTime:0.000308s ]
[2021-06-06T03:49:31+08:00][sql] SHOW FULL COLUMNS FROM `carver_navigation` [ RunTime:0.000562s ]
[2021-06-06T03:49:31+08:00][sql] SELECT * FROM `carver_navigation` [ RunTime:0.000301s ]
[2021-06-06T03:49:31+08:00][sql] SHOW FULL COLUMNS FROM `carver_link` [ RunTime:0.000592s ]
[2021-06-06T03:49:31+08:00][sql] SELECT * FROM `carver_link` WHERE  ( is_confirm=2 ) LIMIT 20 [ RunTime:0.000355s ]
[2021-06-06T03:49:31+08:00][sql] SELECT `article_label` FROM `carver_article` [ RunTime:0.000290s ]
[2021-06-06T03:49:31+08:00][sql] SHOW FULL COLUMNS FROM `carver_carouse` [ RunTime:0.000588s ]
[2021-06-06T03:49:31+08:00][sql] SELECT `carouse_img`,`carouse_desc` FROM `carver_carouse` WHERE  `is_show` = 1 ORDER BY `carouse_sort` DESC LIMIT 3 [ RunTime:0.000300s ]
[2021-06-06T03:49:31+08:00][sql] SHOW FULL COLUMNS FROM `carver_site` [ RunTime:0.000558s ]
[2021-06-06T03:49:31+08:00][sql] SELECT * FROM `carver_site` [ RunTime:0.000258s ]
[2021-06-06T05:49:37+08:00][sql] CONNECT:[ UseTime:0.000653s ] mysql:host=127.0.0.1;port=3306;dbname=carver;charset=utf8
[2021-06-06T05:49:37+08:00][sql] SHOW FULL COLUMNS FROM `carver_article` [ RunTime:0.000902s ]
[2021-06-06T05:49:37+08:00][sql] SELECT COUNT(*) AS think_count FROM `carver_article` WHERE  `article_label` LIKE '%angerjs%'  AND `delete_time` = 0  AND `is_show` = 1 [ RunTime:0.000787s ]
[2021-06-06T05:49:37+08:00][sql] SELECT * FROM `carver_article` WHERE  `article_label` LIKE '%angerjs%'  AND `delete_time` = 0  AND `is_show` = 1 LIMIT 0,6 [ RunTime:0.001244s ]
[2021-06-06T05:49:37+08:00][sql] SELECT article_id,article_title,click_num,FROM_UNIXTIME(add_time,'%Y-%m-%d') as add_time FROM `carver_article` WHERE  `is_show` = 1  AND `delete_time` = 0 ORDER BY `click_num` DESC LIMIT 3 [ RunTime:0.000540s ]
[2021-06-06T05:49:37+08:00][sql] SHOW FULL COLUMNS FROM `carver_notice` [ RunTime:0.000689s ]
[2021-06-06T05:49:37+08:00][sql] SELECT * FROM `carver_notice` ORDER BY `create_time` DESC LIMIT 3 [ RunTime:0.000356s ]
[2021-06-06T05:49:37+08:00][sql] SHOW FULL COLUMNS FROM `carver_navigation` [ RunTime:0.000590s ]
[2021-06-06T05:49:37+08:00][sql] SELECT * FROM `carver_navigation` [ RunTime:0.000297s ]
[2021-06-06T05:49:37+08:00][sql] SHOW FULL COLUMNS FROM `carver_link` [ RunTime:0.000614s ]
[2021-06-06T05:49:37+08:00][sql] SELECT * FROM `carver_link` WHERE  ( is_confirm=2 ) LIMIT 20 [ RunTime:0.000379s ]
[2021-06-06T05:49:37+08:00][sql] SELECT `article_label` FROM `carver_article` [ RunTime:0.000300s ]
[2021-06-06T05:49:37+08:00][sql] SHOW FULL COLUMNS FROM `carver_carouse` [ RunTime:0.000553s ]
[2021-06-06T05:49:37+08:00][sql] SELECT `carouse_img`,`carouse_desc` FROM `carver_carouse` WHERE  `is_show` = 1 ORDER BY `carouse_sort` DESC LIMIT 3 [ RunTime:0.000319s ]
[2021-06-06T05:49:37+08:00][sql] SHOW FULL COLUMNS FROM `carver_site` [ RunTime:0.001408s ]
[2021-06-06T05:49:37+08:00][sql] SELECT * FROM `carver_site` [ RunTime:0.000293s ]
[2021-06-06T06:02:49+08:00][sql] CONNECT:[ UseTime:0.000596s ] mysql:host=127.0.0.1;port=3306;dbname=carver;charset=utf8
[2021-06-06T06:02:49+08:00][sql] SHOW FULL COLUMNS FROM `carver_article` [ RunTime:0.000840s ]
[2021-06-06T06:02:49+08:00][sql] SELECT `article_id`,`article_title`,`article_desc`,`article_content`,`article_img`,`article_guide`,`article_label`,`click_num`,`is_show`,`add_time`,`article_author` FROM `carver_article` WHERE  `article_id` = 17'A=0 LIMIT 1 [ RunTime:0.000533s ]
[2021-06-06T06:02:49+08:00][sql] SELECT `article_id`,`article_title`,`article_desc`,`article_content`,`article_img`,`article_guide`,`article_label`,`click_num`,`is_show`,`add_time`,`article_author` FROM `carver_article` WHERE  `article_id` > 17'A=0 LIMIT 1 [ RunTime:0.000454s ]
[2021-06-06T06:02:49+08:00][sql] SELECT `article_id`,`article_title`,`article_desc`,`article_content`,`article_img`,`article_guide`,`article_label`,`click_num`,`is_show`,`add_time`,`article_author` FROM `carver_article` WHERE  `article_id` < 17'A=0 ORDER BY `article_id` DESC LIMIT 1 [ RunTime:0.000371s ]
[2021-06-06T06:02:49+08:00][sql] SHOW FULL COLUMNS FROM `carver_link` [ RunTime:0.000596s ]
[2021-06-06T06:02:49+08:00][sql] SELECT * FROM `carver_link` WHERE  ( is_confirm=2 ) LIMIT 20 [ RunTime:0.000292s ]
[2021-06-06T06:02:49+08:00][sql] SELECT article_id,article_title,click_num,FROM_UNIXTIME(add_time,'%Y-%m-%d') as add_time FROM `carver_article` ORDER BY `click_num` DESC LIMIT 3 [ RunTime:0.000363s ]
[2021-06-06T06:02:49+08:00][sql] SHOW FULL COLUMNS FROM `carver_comment` [ RunTime:0.000602s ]
[2021-06-06T06:02:49+08:00][sql] SELECT `a`.*,`b`.`user_name` FROM `carver_comment` `a` INNER JOIN `carver_user` `b` ON `a`.`user_id`=`b`.`user_id` WHERE  `article_id` = 17'A=0 ORDER BY `create_time` DESC [ RunTime:0.000347s ]
[2021-06-06T06:02:49+08:00][sql] SHOW FULL COLUMNS FROM `carver_comment_to_others` [ RunTime:0.000535s ]
[2021-06-06T06:02:49+08:00][sql] SELECT * FROM `carver_comment_to_others` [ RunTime:0.000232s ]
[2021-06-06T06:02:49+08:00][sql] SHOW FULL COLUMNS FROM `carver_user` [ RunTime:0.000527s ]
[2021-06-06T06:02:49+08:00][sql] SELECT `user_name` FROM `carver_user` WHERE  `user_id` = 4 LIMIT 1 [ RunTime:0.000332s ]
[2021-06-06T06:02:49+08:00][sql] SELECT `user_name` FROM `carver_user` WHERE  `user_id` = 4 LIMIT 1 [ RunTime:0.000235s ]
[2021-06-06T06:02:49+08:00][sql] SELECT `user_name` FROM `carver_user` WHERE  `user_id` = 5 LIMIT 1 [ RunTime:0.000210s ]
[2021-06-06T06:02:49+08:00][sql] SELECT `user_name` FROM `carver_user` WHERE  `user_id` = 5 LIMIT 1 [ RunTime:0.000231s ]
[2021-06-06T06:02:49+08:00][sql] SELECT `user_name` FROM `carver_user` WHERE  `user_id` = 37 LIMIT 1 [ RunTime:0.000237s ]
[2021-06-06T06:02:49+08:00][sql] SELECT `user_name`,`user_id` FROM `carver_user` [ RunTime:0.000251s ]
[2021-06-06T06:02:49+08:00][sql] SHOW FULL COLUMNS FROM `carver_navigation` [ RunTime:0.000531s ]
[2021-06-06T06:02:49+08:00][sql] SELECT * FROM `carver_navigation` [ RunTime:0.000238s ]
[2021-06-06T06:02:49+08:00][sql] SELECT `article_label` FROM `carver_article` [ RunTime:0.000301s ]
[2021-06-06T07:11:10+08:00][sql] CONNECT:[ UseTime:0.000567s ] mysql:host=127.0.0.1;port=3306;dbname=carver;charset=utf8
[2021-06-06T07:11:10+08:00][sql] SHOW FULL COLUMNS FROM `carver_user` [ RunTime:0.000793s ]
[2021-06-06T07:11:10+08:00][sql] SHOW FULL COLUMNS FROM `carver_article` [ RunTime:0.000736s ]
[2021-06-06T07:11:10+08:00][sql] SELECT COUNT(*) AS think_count FROM `carver_article` WHERE  `delete_time` = 0  AND `is_show` = 1 [ RunTime:0.000362s ]
[2021-06-06T07:11:10+08:00][sql] SELECT `article_id`,`article_title`,`article_desc`,`article_content`,`article_img`,`article_guide`,`article_label`,`click_num`,`is_show`,`add_time`,`article_author`,`is_top_show` FROM `carver_article` WHERE  `delete_time` = 0  AND `is_show` = 1 ORDER BY `article_id` DESC LIMIT 0,6 [ RunTime:0.000726s ]
[2021-06-06T07:11:10+08:00][sql] SELECT article_id,article_title,click_num,FROM_UNIXTIME(add_time,'%Y-%m-%d') as add_time FROM `carver_article` WHERE  `is_show` = 1  AND `delete_time` = 0 ORDER BY `click_num` DESC LIMIT 3 [ RunTime:0.000410s ]
[2021-06-06T07:11:10+08:00][sql] SHOW FULL COLUMNS FROM `carver_notice` [ RunTime:0.000507s ]
[2021-06-06T07:11:10+08:00][sql] SELECT * FROM `carver_notice` ORDER BY `create_time` DESC LIMIT 3 [ RunTime:0.000275s ]
[2021-06-06T07:11:10+08:00][sql] SHOW FULL COLUMNS FROM `carver_navigation` [ RunTime:0.000553s ]
[2021-06-06T07:11:10+08:00][sql] SELECT * FROM `carver_navigation` [ RunTime:0.000237s ]
[2021-06-06T07:11:10+08:00][sql] SHOW FULL COLUMNS FROM `carver_link` [ RunTime:0.000824s ]
[2021-06-06T07:11:10+08:00][sql] SELECT * FROM `carver_link` WHERE  ( is_confirm=2 ) LIMIT 20 [ RunTime:0.000294s ]
[2021-06-06T07:11:10+08:00][sql] SELECT `article_label` FROM `carver_article` [ RunTime:0.000278s ]
[2021-06-06T07:11:10+08:00][sql] SHOW FULL COLUMNS FROM `carver_carouse` [ RunTime:0.000467s ]
[2021-06-06T07:11:10+08:00][sql] SELECT `carouse_img`,`carouse_desc` FROM `carver_carouse` WHERE  `is_show` = 1 ORDER BY `carouse_sort` DESC LIMIT 3 [ RunTime:0.000295s ]
[2021-06-06T07:11:10+08:00][sql] SHOW FULL COLUMNS FROM `carver_site` [ RunTime:0.000470s ]
[2021-06-06T07:11:10+08:00][sql] SELECT * FROM `carver_site` [ RunTime:0.000232s ]
[2021-06-06T07:21:49+08:00][sql] CONNECT:[ UseTime:0.000580s ] mysql:host=127.0.0.1;port=3306;dbname=carver;charset=utf8
[2021-06-06T07:21:49+08:00][sql] SHOW FULL COLUMNS FROM `carver_user` [ RunTime:0.000842s ]
[2021-06-06T07:21:49+08:00][sql] SHOW FULL COLUMNS FROM `carver_article` [ RunTime:0.000719s ]
[2021-06-06T07:21:49+08:00][sql] SELECT COUNT(*) AS think_count FROM `carver_article` WHERE  `delete_time` = 0  AND `is_show` = 1 [ RunTime:0.000388s ]
[2021-06-06T07:21:49+08:00][sql] SELECT `article_id`,`article_title`,`article_desc`,`article_content`,`article_img`,`article_guide`,`article_label`,`click_num`,`is_show`,`add_time`,`article_author`,`is_top_show` FROM `carver_article` WHERE  `delete_time` = 0  AND `is_show` = 1 ORDER BY `article_id` DESC LIMIT 0,6 [ RunTime:0.000630s ]
[2021-06-06T07:21:49+08:00][sql] SELECT article_id,article_title,click_num,FROM_UNIXTIME(add_time,'%Y-%m-%d') as add_time FROM `carver_article` WHERE  `is_show` = 1  AND `delete_time` = 0 ORDER BY `click_num` DESC LIMIT 3 [ RunTime:0.000452s ]
[2021-06-06T07:21:49+08:00][sql] SHOW FULL COLUMNS FROM `carver_notice` [ RunTime:0.000582s ]
[2021-06-06T07:21:49+08:00][sql] SELECT * FROM `carver_notice` ORDER BY `create_time` DESC LIMIT 3 [ RunTime:0.000266s ]
[2021-06-06T07:21:49+08:00][sql] SHOW FULL COLUMNS FROM `carver_navigation` [ RunTime:0.000510s ]
[2021-06-06T07:21:49+08:00][sql] SELECT * FROM `carver_navigation` [ RunTime:0.000235s ]
[2021-06-06T07:21:49+08:00][sql] SHOW FULL COLUMNS FROM `carver_link` [ RunTime:0.000620s ]
[2021-06-06T07:21:49+08:00][sql] SELECT * FROM `carver_link` WHERE  ( is_confirm=2 ) LIMIT 20 [ RunTime:0.000296s ]
[2021-06-06T07:21:49+08:00][sql] SELECT `article_label` FROM `carver_article` [ RunTime:0.000331s ]
[2021-06-06T07:21:49+08:00][sql] SHOW FULL COLUMNS FROM `carver_carouse` [ RunTime:0.000492s ]
[2021-06-06T07:21:49+08:00][sql] SELECT `carouse_img`,`carouse_desc` FROM `carver_carouse` WHERE  `is_show` = 1 ORDER BY `carouse_sort` DESC LIMIT 3 [ RunTime:0.000303s ]
[2021-06-06T07:21:49+08:00][sql] SHOW FULL COLUMNS FROM `carver_site` [ RunTime:0.000488s ]
[2021-06-06T07:21:49+08:00][sql] SELECT * FROM `carver_site` [ RunTime:0.000242s ]
[2021-06-06T07:38:42+08:00][sql] CONNECT:[ UseTime:0.000631s ] mysql:host=127.0.0.1;port=3306;dbname=carver;charset=utf8
[2021-06-06T07:38:42+08:00][sql] SHOW FULL COLUMNS FROM `carver_article` [ RunTime:0.001071s ]
[2021-06-06T07:38:42+08:00][sql] SELECT `article_id`,`article_title`,`article_desc`,`article_content`,`article_img`,`article_guide`,`article_label`,`click_num`,`is_show`,`add_time`,`article_author` FROM `carver_article` WHERE  `article_id` = 17' LIMIT 1 [ RunTime:0.000656s ]
[2021-06-06T07:38:42+08:00][sql] SELECT `article_id`,`article_title`,`article_desc`,`article_content`,`article_img`,`article_guide`,`article_label`,`click_num`,`is_show`,`add_time`,`article_author` FROM `carver_article` WHERE  `article_id` > 17' LIMIT 1 [ RunTime:0.000544s ]
[2021-06-06T07:38:42+08:00][sql] SELECT `article_id`,`article_title`,`article_desc`,`article_content`,`article_img`,`article_guide`,`article_label`,`click_num`,`is_show`,`add_time`,`article_author` FROM `carver_article` WHERE  `article_id` < 17' ORDER BY `article_id` DESC LIMIT 1 [ RunTime:0.000531s ]
[2021-06-06T07:38:42+08:00][sql] SHOW FULL COLUMNS FROM `carver_link` [ RunTime:0.000689s ]
[2021-06-06T07:38:42+08:00][sql] SELECT * FROM `carver_link` WHERE  ( is_confirm=2 ) LIMIT 20 [ RunTime:0.000394s ]
[2021-06-06T07:38:42+08:00][sql] SELECT article_id,article_title,click_num,FROM_UNIXTIME(add_time,'%Y-%m-%d') as add_time FROM `carver_article` ORDER BY `click_num` DESC LIMIT 3 [ RunTime:0.000521s ]
[2021-06-06T07:38:42+08:00][sql] SHOW FULL COLUMNS FROM `carver_comment` [ RunTime:0.000784s ]
[2021-06-06T07:38:42+08:00][sql] SELECT `a`.*,`b`.`user_name` FROM `carver_comment` `a` INNER JOIN `carver_user` `b` ON `a`.`user_id`=`b`.`user_id` WHERE  `article_id` = 17' ORDER BY `create_time` DESC [ RunTime:0.000480s ]
[2021-06-06T07:38:42+08:00][sql] SHOW FULL COLUMNS FROM `carver_comment_to_others` [ RunTime:0.000841s ]
[2021-06-06T07:38:42+08:00][sql] SELECT * FROM `carver_comment_to_others` [ RunTime:0.000292s ]
[2021-06-06T07:38:42+08:00][sql] SHOW FULL COLUMNS FROM `carver_user` [ RunTime:0.000564s ]
[2021-06-06T07:38:42+08:00][sql] SELECT `user_name` FROM `carver_user` WHERE  `user_id` = 4 LIMIT 1 [ RunTime:0.000270s ]
[2021-06-06T07:38:42+08:00][sql] SELECT `user_name` FROM `carver_user` WHERE  `user_id` = 4 LIMIT 1 [ RunTime:0.000239s ]
[2021-06-06T07:38:42+08:00][sql] SELECT `user_name` FROM `carver_user` WHERE  `user_id` = 5 LIMIT 1 [ RunTime:0.000207s ]
[2021-06-06T07:38:42+08:00][sql] SELECT `user_name` FROM `carver_user` WHERE  `user_id` = 5 LIMIT 1 [ RunTime:0.000237s ]
[2021-06-06T07:38:42+08:00][sql] SELECT `user_name` FROM `carver_user` WHERE  `user_id` = 37 LIMIT 1 [ RunTime:0.000293s ]
[2021-06-06T07:38:42+08:00][sql] SELECT `user_name`,`user_id` FROM `carver_user` [ RunTime:0.000359s ]
[2021-06-06T07:38:42+08:00][sql] SHOW FULL COLUMNS FROM `carver_navigation` [ RunTime:0.000829s ]
[2021-06-06T07:38:42+08:00][sql] SELECT * FROM `carver_navigation` [ RunTime:0.000267s ]
[2021-06-06T07:38:42+08:00][sql] SELECT `article_label` FROM `carver_article` [ RunTime:0.000277s ]
[2021-06-06T08:30:07+08:00][sql] CONNECT:[ UseTime:0.000499s ] mysql:host=127.0.0.1;port=3306;dbname=carver;charset=utf8
[2021-06-06T08:30:07+08:00][sql] SHOW FULL COLUMNS FROM `carver_article` [ RunTime:0.000903s ]
[2021-06-06T08:30:07+08:00][sql] SELECT COUNT(*) AS think_count FROM `carver_article` WHERE  `article_label` LIKE '%c%'  AND `delete_time` = 0  AND `is_show` = 1 [ RunTime:0.000443s ]
[2021-06-06T08:30:07+08:00][sql] SELECT * FROM `carver_article` WHERE  `article_label` LIKE '%c%'  AND `delete_time` = 0  AND `is_show` = 1 LIMIT 0,6 [ RunTime:0.000934s ]
[2021-06-06T08:30:07+08:00][sql] SELECT article_id,article_title,click_num,FROM_UNIXTIME(add_time,'%Y-%m-%d') as add_time FROM `carver_article` WHERE  `is_show` = 1  AND `delete_time` = 0 ORDER BY `click_num` DESC LIMIT 3 [ RunTime:0.000488s ]
[2021-06-06T08:30:07+08:00][sql] SHOW FULL COLUMNS FROM `carver_notice` [ RunTime:0.000708s ]
[2021-06-06T08:30:07+08:00][sql] SELECT * FROM `carver_notice` ORDER BY `create_time` DESC LIMIT 3 [ RunTime:0.000305s ]
[2021-06-06T08:30:07+08:00][sql] SHOW FULL COLUMNS FROM `carver_navigation` [ RunTime:0.000543s ]
[2021-06-06T08:30:07+08:00][sql] SELECT * FROM `carver_navigation` [ RunTime:0.000382s ]
[2021-06-06T08:30:07+08:00][sql] SHOW FULL COLUMNS FROM `carver_link` [ RunTime:0.000494s ]
[2021-06-06T08:30:07+08:00][sql] SELECT * FROM `carver_link` WHERE  ( is_confirm=2 ) LIMIT 20 [ RunTime:0.000282s ]
[2021-06-06T08:30:07+08:00][sql] SELECT `article_label` FROM `carver_article` [ RunTime:0.000254s ]
[2021-06-06T08:30:07+08:00][sql] SHOW FULL COLUMNS FROM `carver_carouse` [ RunTime:0.000515s ]
[2021-06-06T08:30:07+08:00][sql] SELECT `carouse_img`,`carouse_desc` FROM `carver_carouse` WHERE  `is_show` = 1 ORDER BY `carouse_sort` DESC LIMIT 3 [ RunTime:0.000286s ]
[2021-06-06T08:30:07+08:00][sql] SHOW FULL COLUMNS FROM `carver_site` [ RunTime:0.000487s ]
[2021-06-06T08:30:07+08:00][sql] SELECT * FROM `carver_site` [ RunTime:0.000222s ]
[2021-06-06T09:49:37+08:00][sql] CONNECT:[ UseTime:0.000558s ] mysql:host=127.0.0.1;port=3306;dbname=carver;charset=utf8
[2021-06-06T09:49:37+08:00][sql] SHOW FULL COLUMNS FROM `carver_article` [ RunTime:0.000851s ]
[2021-06-06T09:49:37+08:00][sql] SELECT COUNT(*) AS think_count FROM `carver_article` WHERE  `article_guide` = 8  AND `delete_time` = 0  AND `is_show` = 1 [ RunTime:0.000479s ]
[2021-06-06T09:49:37+08:00][sql] SELECT * FROM `carver_article` WHERE  `article_guide` = 8  AND `delete_time` = 0  AND `is_show` = 1 ORDER BY `add_time` DESC LIMIT 0,6 [ RunTime:0.000653s ]
[2021-06-06T09:49:37+08:00][sql] SELECT article_id,article_title,click_num,FROM_UNIXTIME(add_time,'%Y-%m-%d') as add_time FROM `carver_article` WHERE  `is_show` = 1  AND `delete_time` = 0 ORDER BY `click_num` DESC LIMIT 3 [ RunTime:0.000435s ]
[2021-06-06T09:49:37+08:00][sql] SHOW FULL COLUMNS FROM `carver_notice` [ RunTime:0.000627s ]
[2021-06-06T09:49:37+08:00][sql] SELECT * FROM `carver_notice` ORDER BY `create_time` DESC LIMIT 3 [ RunTime:0.000309s ]
[2021-06-06T09:49:37+08:00][sql] SHOW FULL COLUMNS FROM `carver_navigation` [ RunTime:0.000571s ]
[2021-06-06T09:49:37+08:00][sql] SELECT * FROM `carver_navigation` [ RunTime:0.000254s ]
[2021-06-06T09:49:37+08:00][sql] SELECT `article_label` FROM `carver_article` [ RunTime:0.000283s ]
[2021-06-06T09:49:37+08:00][sql] SHOW FULL COLUMNS FROM `carver_carouse` [ RunTime:0.000530s ]
[2021-06-06T09:49:37+08:00][sql] SELECT `carouse_img`,`carouse_desc` FROM `carver_carouse` WHERE  `is_show` = 1 ORDER BY `carouse_sort` DESC LIMIT 3 [ RunTime:0.000306s ]
[2021-06-06T09:49:37+08:00][sql] SHOW FULL COLUMNS FROM `carver_link` [ RunTime:0.000465s ]
[2021-06-06T09:49:37+08:00][sql] SELECT * FROM `carver_link` WHERE  ( is_confirm=2 ) LIMIT 20 [ RunTime:0.000310s ]
[2021-06-06T09:49:37+08:00][sql] SHOW FULL COLUMNS FROM `carver_site` [ RunTime:0.000585s ]
[2021-06-06T09:49:37+08:00][sql] SELECT * FROM `carver_site` [ RunTime:0.000256s ]
[2021-06-06T09:50:13+08:00][sql] CONNECT:[ UseTime:0.000590s ] mysql:host=127.0.0.1;port=3306;dbname=carver;charset=utf8
[2021-06-06T09:50:13+08:00][sql] SHOW FULL COLUMNS FROM `carver_article` [ RunTime:0.000916s ]
[2021-06-06T09:50:13+08:00][sql] SELECT `article_id`,`article_title`,`article_desc`,`article_content`,`article_img`,`article_guide`,`article_label`,`click_num`,`is_show`,`add_time`,`article_author` FROM `carver_article` WHERE  `article_id` = 17'A=0 LIMIT 1 [ RunTime:0.000570s ]
[2021-06-06T09:50:13+08:00][sql] SELECT `article_id`,`article_title`,`article_desc`,`article_content`,`article_img`,`article_guide`,`article_label`,`click_num`,`is_show`,`add_time`,`article_author` FROM `carver_article` WHERE  `article_id` > 17'A=0 LIMIT 1 [ RunTime:0.000436s ]
[2021-06-06T09:50:13+08:00][sql] SELECT `article_id`,`article_title`,`article_desc`,`article_content`,`article_img`,`article_guide`,`article_label`,`click_num`,`is_show`,`add_time`,`article_author` FROM `carver_article` WHERE  `article_id` < 17'A=0 ORDER BY `article_id` DESC LIMIT 1 [ RunTime:0.000383s ]
[2021-06-06T09:50:13+08:00][sql] SHOW FULL COLUMNS FROM `carver_link` [ RunTime:0.000655s ]
[2021-06-06T09:50:13+08:00][sql] SELECT * FROM `carver_link` WHERE  ( is_confirm=2 ) LIMIT 20 [ RunTime:0.000304s ]
[2021-06-06T09:50:13+08:00][sql] SELECT article_id,article_title,click_num,FROM_UNIXTIME(add_time,'%Y-%m-%d') as add_time FROM `carver_article` ORDER BY `click_num` DESC LIMIT 3 [ RunTime:0.000361s ]
[2021-06-06T09:50:13+08:00][sql] SHOW FULL COLUMNS FROM `carver_comment` [ RunTime:0.000601s ]
[2021-06-06T09:50:13+08:00][sql] SELECT `a`.*,`b`.`user_name` FROM `carver_comment` `a` INNER JOIN `carver_user` `b` ON `a`.`user_id`=`b`.`user_id` WHERE  `article_id` = 17'A=0 ORDER BY `create_time` DESC [ RunTime:0.000383s ]
[2021-06-06T09:50:13+08:00][sql] SHOW FULL COLUMNS FROM `carver_comment_to_others` [ RunTime:0.000552s ]
[2021-06-06T09:50:13+08:00][sql] SELECT * FROM `carver_comment_to_others` [ RunTime:0.000269s ]
[2021-06-06T09:50:13+08:00][sql] SHOW FULL COLUMNS FROM `carver_user` [ RunTime:0.000487s ]
[2021-06-06T09:50:13+08:00][sql] SELECT `user_name` FROM `carver_user` WHERE  `user_id` = 4 LIMIT 1 [ RunTime:0.000251s ]
[2021-06-06T09:50:13+08:00][sql] SELECT `user_name` FROM `carver_user` WHERE  `user_id` = 4 LIMIT 1 [ RunTime:0.000236s ]
[2021-06-06T09:50:13+08:00][sql] SELECT `user_name` FROM `carver_user` WHERE  `user_id` = 5 LIMIT 1 [ RunTime:0.000226s ]
[2021-06-06T09:50:13+08:00][sql] SELECT `user_name` FROM `carver_user` WHERE  `user_id` = 5 LIMIT 1 [ RunTime:0.000238s ]
[2021-06-06T09:50:13+08:00][sql] SELECT `user_name` FROM `carver_user` WHERE  `user_id` = 37 LIMIT 1 [ RunTime:0.000232s ]
[2021-06-06T09:50:13+08:00][sql] SELECT `user_name`,`user_id` FROM `carver_user` [ RunTime:0.000386s ]
[2021-06-06T09:50:13+08:00][sql] SHOW FULL COLUMNS FROM `carver_navigation` [ RunTime:0.000531s ]
[2021-06-06T09:50:13+08:00][sql] SELECT * FROM `carver_navigation` [ RunTime:0.000278s ]
[2021-06-06T09:50:13+08:00][sql] SELECT `article_label` FROM `carver_article` [ RunTime:0.000304s ]
[2021-06-06T11:10:37+08:00][sql] CONNECT:[ UseTime:0.000542s ] mysql:host=127.0.0.1;port=3306;dbname=carver;charset=utf8
[2021-06-06T11:10:37+08:00][sql] SHOW FULL COLUMNS FROM `carver_article` [ RunTime:0.000981s ]
[2021-06-06T11:10:37+08:00][sql] SELECT COUNT(*) AS think_count FROM `carver_article` WHERE  `article_label` LIKE '%angerjs%'  AND `delete_time` = 0  AND `is_show` = 1 [ RunTime:0.000469s ]
[2021-06-06T11:10:37+08:00][sql] SELECT * FROM `carver_article` WHERE  `article_label` LIKE '%angerjs%'  AND `delete_time` = 0  AND `is_show` = 1 LIMIT 0,6 [ RunTime:0.001027s ]
[2021-06-06T11:10:37+08:00][sql] SELECT article_id,article_title,click_num,FROM_UNIXTIME(add_time,'%Y-%m-%d') as add_time FROM `carver_article` WHERE  `is_show` = 1  AND `delete_time` = 0 ORDER BY `click_num` DESC LIMIT 3 [ RunTime:0.000497s ]
[2021-06-06T11:10:37+08:00][sql] SHOW FULL COLUMNS FROM `carver_notice` [ RunTime:0.000737s ]
[2021-06-06T11:10:37+08:00][sql] SELECT * FROM `carver_notice` ORDER BY `create_time` DESC LIMIT 3 [ RunTime:0.000342s ]
[2021-06-06T11:10:37+08:00][sql] SHOW FULL COLUMNS FROM `carver_navigation` [ RunTime:0.000570s ]
[2021-06-06T11:10:37+08:00][sql] SELECT * FROM `carver_navigation` [ RunTime:0.000327s ]
[2021-06-06T11:10:37+08:00][sql] SHOW FULL COLUMNS FROM `carver_link` [ RunTime:0.000683s ]
[2021-06-06T11:10:37+08:00][sql] SELECT * FROM `carver_link` WHERE  ( is_confirm=2 ) LIMIT 20 [ RunTime:0.000342s ]
[2021-06-06T11:10:37+08:00][sql] SELECT `article_label` FROM `carver_article` [ RunTime:0.000327s ]
[2021-06-06T11:10:37+08:00][sql] SHOW FULL COLUMNS FROM `carver_carouse` [ RunTime:0.000553s ]
[2021-06-06T11:10:37+08:00][sql] SELECT `carouse_img`,`carouse_desc` FROM `carver_carouse` WHERE  `is_show` = 1 ORDER BY `carouse_sort` DESC LIMIT 3 [ RunTime:0.000428s ]
[2021-06-06T11:10:37+08:00][sql] SHOW FULL COLUMNS FROM `carver_site` [ RunTime:0.000539s ]
[2021-06-06T11:10:37+08:00][sql] SELECT * FROM `carver_site` [ RunTime:0.000311s ]
[2021-06-06T11:46:37+08:00][sql] CONNECT:[ UseTime:0.000632s ] mysql:host=127.0.0.1;port=3306;dbname=carver;charset=utf8
[2021-06-06T11:46:37+08:00][sql] SHOW FULL COLUMNS FROM `carver_article` [ RunTime:0.000852s ]
[2021-06-06T11:46:37+08:00][sql] SELECT COUNT(*) AS think_count FROM `carver_article` WHERE  `article_guide` = 7  AND `delete_time` = 0  AND `is_show` = 1 [ RunTime:0.000411s ]
[2021-06-06T11:46:37+08:00][sql] SELECT * FROM `carver_article` WHERE  `article_guide` = 7  AND `delete_time` = 0  AND `is_show` = 1 ORDER BY `add_time` DESC LIMIT 0,6 [ RunTime:0.000438s ]
[2021-06-06T11:46:37+08:00][sql] SELECT article_id,article_title,click_num,FROM_UNIXTIME(add_time,'%Y-%m-%d') as add_time FROM `carver_article` WHERE  `is_show` = 1  AND `delete_time` = 0 ORDER BY `click_num` DESC LIMIT 3 [ RunTime:0.000417s ]
[2021-06-06T11:46:37+08:00][sql] SHOW FULL COLUMNS FROM `carver_notice` [ RunTime:0.000573s ]
[2021-06-06T11:46:37+08:00][sql] SELECT * FROM `carver_notice` ORDER BY `create_time` DESC LIMIT 3 [ RunTime:0.000264s ]
[2021-06-06T11:46:37+08:00][sql] SHOW FULL COLUMNS FROM `carver_navigation` [ RunTime:0.000512s ]
[2021-06-06T11:46:37+08:00][sql] SELECT * FROM `carver_navigation` [ RunTime:0.000253s ]
[2021-06-06T11:46:37+08:00][sql] SELECT `article_label` FROM `carver_article` [ RunTime:0.000238s ]
[2021-06-06T11:46:37+08:00][sql] SHOW FULL COLUMNS FROM `carver_carouse` [ RunTime:0.000512s ]
[2021-06-06T11:46:37+08:00][sql] SELECT `carouse_img`,`carouse_desc` FROM `carver_carouse` WHERE  `is_show` = 1 ORDER BY `carouse_sort` DESC LIMIT 3 [ RunTime:0.000269s ]
[2021-06-06T11:46:37+08:00][sql] SHOW FULL COLUMNS FROM `carver_link` [ RunTime:0.000542s ]
[2021-06-06T11:46:37+08:00][sql] SELECT * FROM `carver_link` WHERE  ( is_confirm=2 ) LIMIT 20 [ RunTime:0.000279s ]
[2021-06-06T11:46:37+08:00][sql] SHOW FULL COLUMNS FROM `carver_site` [ RunTime:0.000481s ]
[2021-06-06T11:46:37+08:00][sql] SELECT * FROM `carver_site` [ RunTime:0.000247s ]
[2021-06-06T12:22:37+08:00][sql] CONNECT:[ UseTime:0.000756s ] mysql:host=127.0.0.1;port=3306;dbname=carver;charset=utf8
[2021-06-06T12:22:37+08:00][sql] SHOW FULL COLUMNS FROM `carver_article` [ RunTime:0.000837s ]
[2021-06-06T12:22:37+08:00][sql] SELECT COUNT(*) AS think_count FROM `carver_article` WHERE  `article_label` LIKE '%angerjs%'  AND `delete_time` = 0  AND `is_show` = 1 [ RunTime:0.000439s ]
[2021-06-06T12:22:37+08:00][sql] SELECT * FROM `carver_article` WHERE  `article_label` LIKE '%angerjs%'  AND `delete_time` = 0  AND `is_show` = 1 LIMIT 0,6 [ RunTime:0.001070s ]
[2021-06-06T12:22:37+08:00][sql] SELECT article_id,article_title,click_num,FROM_UNIXTIME(add_time,'%Y-%m-%d') as add_time FROM `carver_article` WHERE  `is_show` = 1  AND `delete_time` = 0 ORDER BY `click_num` DESC LIMIT 3 [ RunTime:0.000483s ]
[2021-06-06T12:22:37+08:00][sql] SHOW FULL COLUMNS FROM `carver_notice` [ RunTime:0.000706s ]
[2021-06-06T12:22:37+08:00][sql] SELECT * FROM `carver_notice` ORDER BY `create_time` DESC LIMIT 3 [ RunTime:0.000325s ]
[2021-06-06T12:22:37+08:00][sql] SHOW FULL COLUMNS FROM `carver_navigation` [ RunTime:0.000592s ]
[2021-06-06T12:22:37+08:00][sql] SELECT * FROM `carver_navigation` [ RunTime:0.000281s ]
[2021-06-06T12:22:37+08:00][sql] SHOW FULL COLUMNS FROM `carver_link` [ RunTime:0.000578s ]
[2021-06-06T12:22:37+08:00][sql] SELECT * FROM `carver_link` WHERE  ( is_confirm=2 ) LIMIT 20 [ RunTime:0.000381s ]
[2021-06-06T12:22:37+08:00][sql] SELECT `article_label` FROM `carver_article` [ RunTime:0.000274s ]
[2021-06-06T12:22:37+08:00][sql] SHOW FULL COLUMNS FROM `carver_carouse` [ RunTime:0.000543s ]
[2021-06-06T12:22:37+08:00][sql] SELECT `carouse_img`,`carouse_desc` FROM `carver_carouse` WHERE  `is_show` = 1 ORDER BY `carouse_sort` DESC LIMIT 3 [ RunTime:0.000325s ]
[2021-06-06T12:22:37+08:00][sql] SHOW FULL COLUMNS FROM `carver_site` [ RunTime:0.000547s ]
[2021-06-06T12:22:37+08:00][sql] SELECT * FROM `carver_site` [ RunTime:0.000288s ]
[2021-06-06T13:14:11+08:00][sql] CONNECT:[ UseTime:0.000922s ] mysql:host=127.0.0.1;port=3306;dbname=carver;charset=utf8
[2021-06-06T13:14:11+08:00][sql] SHOW FULL COLUMNS FROM `carver_user` [ RunTime:0.000994s ]
[2021-06-06T13:14:11+08:00][sql] SHOW FULL COLUMNS FROM `carver_article` [ RunTime:0.000859s ]
[2021-06-06T13:14:11+08:00][sql] SELECT COUNT(*) AS think_count FROM `carver_article` WHERE  `delete_time` = 0  AND `is_show` = 1 [ RunTime:0.000825s ]
[2021-06-06T13:14:11+08:00][sql] SELECT `article_id`,`article_title`,`article_desc`,`article_content`,`article_img`,`article_guide`,`article_label`,`click_num`,`is_show`,`add_time`,`article_author`,`is_top_show` FROM `carver_article` WHERE  `delete_time` = 0  AND `is_show` = 1 ORDER BY `article_id` DESC LIMIT 0,6 [ RunTime:0.000764s ]
[2021-06-06T13:14:11+08:00][sql] SELECT article_id,article_title,click_num,FROM_UNIXTIME(add_time,'%Y-%m-%d') as add_time FROM `carver_article` WHERE  `is_show` = 1  AND `delete_time` = 0 ORDER BY `click_num` DESC LIMIT 3 [ RunTime:0.000587s ]
[2021-06-06T13:14:11+08:00][sql] SHOW FULL COLUMNS FROM `carver_notice` [ RunTime:0.000804s ]
[2021-06-06T13:14:11+08:00][sql] SELECT * FROM `carver_notice` ORDER BY `create_time` DESC LIMIT 3 [ RunTime:0.000353s ]
[2021-06-06T13:14:11+08:00][sql] SHOW FULL COLUMNS FROM `carver_navigation` [ RunTime:0.000689s ]
[2021-06-06T13:14:11+08:00][sql] SELECT * FROM `carver_navigation` [ RunTime:0.000347s ]
[2021-06-06T13:14:11+08:00][sql] SHOW FULL COLUMNS FROM `carver_link` [ RunTime:0.000530s ]
[2021-06-06T13:14:11+08:00][sql] SELECT * FROM `carver_link` WHERE  ( is_confirm=2 ) LIMIT 20 [ RunTime:0.000401s ]
[2021-06-06T13:14:11+08:00][sql] SELECT `article_label` FROM `carver_article` [ RunTime:0.000307s ]
[2021-06-06T13:14:11+08:00][sql] SHOW FULL COLUMNS FROM `carver_carouse` [ RunTime:0.000674s ]
[2021-06-06T13:14:11+08:00][sql] SELECT `carouse_img`,`carouse_desc` FROM `carver_carouse` WHERE  `is_show` = 1 ORDER BY `carouse_sort` DESC LIMIT 3 [ RunTime:0.000407s ]
[2021-06-06T13:14:11+08:00][sql] SHOW FULL COLUMNS FROM `carver_site` [ RunTime:0.000769s ]
[2021-06-06T13:14:11+08:00][sql] SELECT * FROM `carver_site` [ RunTime:0.000320s ]
[2021-06-06T13:27:12+08:00][sql] CONNECT:[ UseTime:0.000564s ] mysql:host=127.0.0.1;port=3306;dbname=carver;charset=utf8
[2021-06-06T13:27:12+08:00][sql] SHOW FULL COLUMNS FROM `carver_article` [ RunTime:0.000917s ]
[2021-06-06T13:27:12+08:00][sql] SELECT `article_id`,`article_title`,`article_desc`,`article_content`,`article_img`,`article_guide`,`article_label`,`click_num`,`is_show`,`add_time`,`article_author` FROM `carver_article` WHERE  `article_id` = 17'A=0 LIMIT 1 [ RunTime:0.000670s ]
[2021-06-06T13:27:12+08:00][sql] SELECT `article_id`,`article_title`,`article_desc`,`article_content`,`article_img`,`article_guide`,`article_label`,`click_num`,`is_show`,`add_time`,`article_author` FROM `carver_article` WHERE  `article_id` > 17'A=0 LIMIT 1 [ RunTime:0.000435s ]
[2021-06-06T13:27:12+08:00][sql] SELECT `article_id`,`article_title`,`article_desc`,`article_content`,`article_img`,`article_guide`,`article_label`,`click_num`,`is_show`,`add_time`,`article_author` FROM `carver_article` WHERE  `article_id` < 17'A=0 ORDER BY `article_id` DESC LIMIT 1 [ RunTime:0.000391s ]
[2021-06-06T13:27:12+08:00][sql] SHOW FULL COLUMNS FROM `carver_link` [ RunTime:0.000631s ]
[2021-06-06T13:27:12+08:00][sql] SELECT * FROM `carver_link` WHERE  ( is_confirm=2 ) LIMIT 20 [ RunTime:0.000303s ]
[2021-06-06T13:27:12+08:00][sql] SELECT article_id,article_title,click_num,FROM_UNIXTIME(add_time,'%Y-%m-%d') as add_time FROM `carver_article` ORDER BY `click_num` DESC LIMIT 3 [ RunTime:0.000368s ]
[2021-06-06T13:27:12+08:00][sql] SHOW FULL COLUMNS FROM `carver_comment` [ RunTime:0.000580s ]
[2021-06-06T13:27:12+08:00][sql] SELECT `a`.*,`b`.`user_name` FROM `carver_comment` `a` INNER JOIN `carver_user` `b` ON `a`.`user_id`=`b`.`user_id` WHERE  `article_id` = 17'A=0 ORDER BY `create_time` DESC [ RunTime:0.000372s ]
[2021-06-06T13:27:12+08:00][sql] SHOW FULL COLUMNS FROM `carver_comment_to_others` [ RunTime:0.000509s ]
[2021-06-06T13:27:12+08:00][sql] SELECT * FROM `carver_comment_to_others` [ RunTime:0.000284s ]
[2021-06-06T13:27:12+08:00][sql] SHOW FULL COLUMNS FROM `carver_user` [ RunTime:0.000502s ]
[2021-06-06T13:27:12+08:00][sql] SELECT `user_name` FROM `carver_user` WHERE  `user_id` = 4 LIMIT 1 [ RunTime:0.000245s ]
[2021-06-06T13:27:12+08:00][sql] SELECT `user_name` FROM `carver_user` WHERE  `user_id` = 4 LIMIT 1 [ RunTime:0.000231s ]
[2021-06-06T13:27:12+08:00][sql] SELECT `user_name` FROM `carver_user` WHERE  `user_id` = 5 LIMIT 1 [ RunTime:0.000215s ]
[2021-06-06T13:27:12+08:00][sql] SELECT `user_name` FROM `carver_user` WHERE  `user_id` = 5 LIMIT 1 [ RunTime:0.000201s ]
[2021-06-06T13:27:12+08:00][sql] SELECT `user_name` FROM `carver_user` WHERE  `user_id` = 37 LIMIT 1 [ RunTime:0.000249s ]
[2021-06-06T13:27:12+08:00][sql] SELECT `user_name`,`user_id` FROM `carver_user` [ RunTime:0.000262s ]
[2021-06-06T13:27:12+08:00][sql] SHOW FULL COLUMNS FROM `carver_navigation` [ RunTime:0.000539s ]
[2021-06-06T13:27:12+08:00][sql] SELECT * FROM `carver_navigation` [ RunTime:0.000249s ]
[2021-06-06T13:27:12+08:00][sql] SELECT `article_label` FROM `carver_article` [ RunTime:0.000306s ]
[2021-06-06T13:28:44+08:00][sql] CONNECT:[ UseTime:0.000578s ] mysql:host=127.0.0.1;port=3306;dbname=carver;charset=utf8
[2021-06-06T13:28:44+08:00][sql] SHOW FULL COLUMNS FROM `carver_user` [ RunTime:0.000908s ]
[2021-06-06T13:28:44+08:00][sql] SHOW FULL COLUMNS FROM `carver_article` [ RunTime:0.000721s ]
[2021-06-06T13:28:44+08:00][sql] SELECT COUNT(*) AS think_count FROM `carver_article` WHERE  `delete_time` = 0  AND `is_show` = 1 [ RunTime:0.000403s ]
[2021-06-06T13:28:44+08:00][sql] SELECT `article_id`,`article_title`,`article_desc`,`article_content`,`article_img`,`article_guide`,`article_label`,`click_num`,`is_show`,`add_time`,`article_author`,`is_top_show` FROM `carver_article` WHERE  `delete_time` = 0  AND `is_show` = 1 ORDER BY `article_id` DESC LIMIT 0,6 [ RunTime:0.000622s ]
[2021-06-06T13:28:44+08:00][sql] SELECT article_id,article_title,click_num,FROM_UNIXTIME(add_time,'%Y-%m-%d') as add_time FROM `carver_article` WHERE  `is_show` = 1  AND `delete_time` = 0 ORDER BY `click_num` DESC LIMIT 3 [ RunTime:0.000527s ]
[2021-06-06T13:28:44+08:00][sql] SHOW FULL COLUMNS FROM `carver_notice` [ RunTime:0.000532s ]
[2021-06-06T13:28:44+08:00][sql] SELECT * FROM `carver_notice` ORDER BY `create_time` DESC LIMIT 3 [ RunTime:0.000341s ]
[2021-06-06T13:28:44+08:00][sql] SHOW FULL COLUMNS FROM `carver_navigation` [ RunTime:0.000605s ]
[2021-06-06T13:28:44+08:00][sql] SELECT * FROM `carver_navigation` [ RunTime:0.000239s ]
[2021-06-06T13:28:44+08:00][sql] SHOW FULL COLUMNS FROM `carver_link` [ RunTime:0.000480s ]
[2021-06-06T13:28:44+08:00][sql] SELECT * FROM `carver_link` WHERE  ( is_confirm=2 ) LIMIT 20 [ RunTime:0.000338s ]
[2021-06-06T13:28:44+08:00][sql] SELECT `article_label` FROM `carver_article` [ RunTime:0.000380s ]
[2021-06-06T13:28:44+08:00][sql] SHOW FULL COLUMNS FROM `carver_carouse` [ RunTime:0.000499s ]
[2021-06-06T13:28:44+08:00][sql] SELECT `carouse_img`,`carouse_desc` FROM `carver_carouse` WHERE  `is_show` = 1 ORDER BY `carouse_sort` DESC LIMIT 3 [ RunTime:0.000301s ]
[2021-06-06T13:28:44+08:00][sql] SHOW FULL COLUMNS FROM `carver_site` [ RunTime:0.000474s ]
[2021-06-06T13:28:44+08:00][sql] SELECT * FROM `carver_site` [ RunTime:0.000253s ]
[2021-06-06T14:13:09+08:00][sql] CONNECT:[ UseTime:0.000631s ] mysql:host=127.0.0.1;port=3306;dbname=carver;charset=utf8
[2021-06-06T14:13:09+08:00][sql] SHOW FULL COLUMNS FROM `carver_user` [ RunTime:0.000905s ]
[2021-06-06T14:13:09+08:00][sql] SHOW FULL COLUMNS FROM `carver_article` [ RunTime:0.000766s ]
[2021-06-06T14:13:09+08:00][sql] SELECT COUNT(*) AS think_count FROM `carver_article` WHERE  `delete_time` = 0  AND `is_show` = 1 [ RunTime:0.000393s ]
[2021-06-06T14:13:09+08:00][sql] SELECT `article_id`,`article_title`,`article_desc`,`article_content`,`article_img`,`article_guide`,`article_label`,`click_num`,`is_show`,`add_time`,`article_author`,`is_top_show` FROM `carver_article` WHERE  `delete_time` = 0  AND `is_show` = 1 ORDER BY `article_id` DESC LIMIT 12,6 [ RunTime:0.001257s ]
[2021-06-06T14:13:09+08:00][sql] SELECT article_id,article_title,click_num,FROM_UNIXTIME(add_time,'%Y-%m-%d') as add_time FROM `carver_article` WHERE  `is_show` = 1  AND `delete_time` = 0 ORDER BY `click_num` DESC LIMIT 3 [ RunTime:0.000526s ]
[2021-06-06T14:13:09+08:00][sql] SHOW FULL COLUMNS FROM `carver_notice` [ RunTime:0.000644s ]
[2021-06-06T14:13:09+08:00][sql] SELECT * FROM `carver_notice` ORDER BY `create_time` DESC LIMIT 3 [ RunTime:0.000285s ]
[2021-06-06T14:13:09+08:00][sql] SHOW FULL COLUMNS FROM `carver_navigation` [ RunTime:0.000593s ]
[2021-06-06T14:13:09+08:00][sql] SELECT * FROM `carver_navigation` [ RunTime:0.000249s ]
[2021-06-06T14:13:09+08:00][sql] SHOW FULL COLUMNS FROM `carver_link` [ RunTime:0.000636s ]
[2021-06-06T14:13:09+08:00][sql] SELECT * FROM `carver_link` WHERE  ( is_confirm=2 ) LIMIT 20 [ RunTime:0.000338s ]
[2021-06-06T14:13:09+08:00][sql] SELECT `article_label` FROM `carver_article` [ RunTime:0.000291s ]
[2021-06-06T14:13:09+08:00][sql] SHOW FULL COLUMNS FROM `carver_carouse` [ RunTime:0.000495s ]
[2021-06-06T14:13:09+08:00][sql] SELECT `carouse_img`,`carouse_desc` FROM `carver_carouse` WHERE  `is_show` = 1 ORDER BY `carouse_sort` DESC LIMIT 3 [ RunTime:0.000310s ]
[2021-06-06T14:13:09+08:00][sql] SHOW FULL COLUMNS FROM `carver_site` [ RunTime:0.000533s ]
[2021-06-06T14:13:09+08:00][sql] SELECT * FROM `carver_site` [ RunTime:0.000254s ]
[2021-06-06T15:43:42+08:00][sql] CONNECT:[ UseTime:0.000578s ] mysql:host=127.0.0.1;port=3306;dbname=carver;charset=utf8
[2021-06-06T15:43:42+08:00][sql] SHOW FULL COLUMNS FROM `carver_user` [ RunTime:0.000805s ]
[2021-06-06T15:43:42+08:00][sql] SHOW FULL COLUMNS FROM `carver_article` [ RunTime:0.000669s ]
[2021-06-06T15:43:42+08:00][sql] SELECT COUNT(*) AS think_count FROM `carver_article` WHERE  `delete_time` = 0  AND `is_show` = 1 [ RunTime:0.000405s ]
[2021-06-06T15:43:42+08:00][sql] SELECT `article_id`,`article_title`,`article_desc`,`article_content`,`article_img`,`article_guide`,`article_label`,`click_num`,`is_show`,`add_time`,`article_author`,`is_top_show` FROM `carver_article` WHERE  `delete_time` = 0  AND `is_show` = 1 ORDER BY `article_id` DESC LIMIT 0,6 [ RunTime:0.000662s ]
[2021-06-06T15:43:42+08:00][sql] SELECT article_id,article_title,click_num,FROM_UNIXTIME(add_time,'%Y-%m-%d') as add_time FROM `carver_article` WHERE  `is_show` = 1  AND `delete_time` = 0 ORDER BY `click_num` DESC LIMIT 3 [ RunTime:0.000495s ]
[2021-06-06T15:43:42+08:00][sql] SHOW FULL COLUMNS FROM `carver_notice` [ RunTime:0.000581s ]
[2021-06-06T15:43:42+08:00][sql] SELECT * FROM `carver_notice` ORDER BY `create_time` DESC LIMIT 3 [ RunTime:0.000331s ]
[2021-06-06T15:43:42+08:00][sql] SHOW FULL COLUMNS FROM `carver_navigation` [ RunTime:0.000513s ]
[2021-06-06T15:43:42+08:00][sql] SELECT * FROM `carver_navigation` [ RunTime:0.000292s ]
[2021-06-06T15:43:42+08:00][sql] SHOW FULL COLUMNS FROM `carver_link` [ RunTime:0.000506s ]
[2021-06-06T15:43:42+08:00][sql] SELECT * FROM `carver_link` WHERE  ( is_confirm=2 ) LIMIT 20 [ RunTime:0.000308s ]
[2021-06-06T15:43:42+08:00][sql] SELECT `article_label` FROM `carver_article` [ RunTime:0.000276s ]
[2021-06-06T15:43:42+08:00][sql] SHOW FULL COLUMNS FROM `carver_carouse` [ RunTime:0.000505s ]
[2021-06-06T15:43:42+08:00][sql] SELECT `carouse_img`,`carouse_desc` FROM `carver_carouse` WHERE  `is_show` = 1 ORDER BY `carouse_sort` DESC LIMIT 3 [ RunTime:0.000329s ]
[2021-06-06T15:43:42+08:00][sql] SHOW FULL COLUMNS FROM `carver_site` [ RunTime:0.000490s ]
[2021-06-06T15:43:42+08:00][sql] SELECT * FROM `carver_site` [ RunTime:0.000244s ]
[2021-06-06T15:43:53+08:00][sql] CONNECT:[ UseTime:0.000566s ] mysql:host=127.0.0.1;port=3306;dbname=carver;charset=utf8
[2021-06-06T15:43:53+08:00][sql] SHOW FULL COLUMNS FROM `carver_user` [ RunTime:0.000786s ]
[2021-06-06T15:43:53+08:00][sql] SHOW FULL COLUMNS FROM `carver_article` [ RunTime:0.000679s ]
[2021-06-06T15:43:53+08:00][sql] SELECT COUNT(*) AS think_count FROM `carver_article` WHERE  `delete_time` = 0  AND `is_show` = 1 [ RunTime:0.000409s ]
[2021-06-06T15:43:53+08:00][sql] SELECT `article_id`,`article_title`,`article_desc`,`article_content`,`article_img`,`article_guide`,`article_label`,`click_num`,`is_show`,`add_time`,`article_author`,`is_top_show` FROM `carver_article` WHERE  `delete_time` = 0  AND `is_show` = 1 ORDER BY `article_id` DESC LIMIT 0,6 [ RunTime:0.000597s ]
[2021-06-06T15:43:53+08:00][sql] SELECT article_id,article_title,click_num,FROM_UNIXTIME(add_time,'%Y-%m-%d') as add_time FROM `carver_article` WHERE  `is_show` = 1  AND `delete_time` = 0 ORDER BY `click_num` DESC LIMIT 3 [ RunTime:0.000415s ]
[2021-06-06T15:43:53+08:00][sql] SHOW FULL COLUMNS FROM `carver_notice` [ RunTime:0.000650s ]
[2021-06-06T15:43:53+08:00][sql] SELECT * FROM `carver_notice` ORDER BY `create_time` DESC LIMIT 3 [ RunTime:0.000283s ]
[2021-06-06T15:43:53+08:00][sql] SHOW FULL COLUMNS FROM `carver_navigation` [ RunTime:0.000523s ]
[2021-06-06T15:43:53+08:00][sql] SELECT * FROM `carver_navigation` [ RunTime:0.000244s ]
[2021-06-06T15:43:53+08:00][sql] SHOW FULL COLUMNS FROM `carver_link` [ RunTime:0.000498s ]
[2021-06-06T15:43:53+08:00][sql] SELECT * FROM `carver_link` WHERE  ( is_confirm=2 ) LIMIT 20 [ RunTime:0.000293s ]
[2021-06-06T15:43:53+08:00][sql] SELECT `article_label` FROM `carver_article` [ RunTime:0.000251s ]
[2021-06-06T15:43:53+08:00][sql] SHOW FULL COLUMNS FROM `carver_carouse` [ RunTime:0.000524s ]
[2021-06-06T15:43:53+08:00][sql] SELECT `carouse_img`,`carouse_desc` FROM `carver_carouse` WHERE  `is_show` = 1 ORDER BY `carouse_sort` DESC LIMIT 3 [ RunTime:0.000312s ]
[2021-06-06T15:43:53+08:00][sql] SHOW FULL COLUMNS FROM `carver_site` [ RunTime:0.000511s ]
[2021-06-06T15:43:53+08:00][sql] SELECT * FROM `carver_site` [ RunTime:0.000249s ]
[2021-06-06T16:43:10+08:00][sql] CONNECT:[ UseTime:0.001786s ] mysql:host=127.0.0.1;port=3306;dbname=carver;charset=utf8
[2021-06-06T16:43:10+08:00][sql] SHOW FULL COLUMNS FROM `carver_article` [ RunTime:0.000933s ]
[2021-06-06T16:43:10+08:00][sql] SELECT `article_id`,`article_title`,`article_desc`,`article_content`,`article_img`,`article_guide`,`article_label`,`click_num`,`is_show`,`add_time`,`article_author` FROM `carver_article` WHERE  `article_id` = 3 LIMIT 1 [ RunTime:0.000660s ]
[2021-06-06T16:43:10+08:00][sql] SELECT `article_id`,`article_title`,`article_desc`,`article_content`,`article_img`,`article_guide`,`article_label`,`click_num`,`is_show`,`add_time`,`article_author` FROM `carver_article` WHERE  `article_id` > 3 LIMIT 1 [ RunTime:0.000519s ]
[2021-06-06T16:43:10+08:00][sql] SELECT `article_id`,`article_title`,`article_desc`,`article_content`,`article_img`,`article_guide`,`article_label`,`click_num`,`is_show`,`add_time`,`article_author` FROM `carver_article` WHERE  `article_id` < 3 ORDER BY `article_id` DESC LIMIT 1 [ RunTime:0.000406s ]
[2021-06-06T16:43:10+08:00][sql] SHOW FULL COLUMNS FROM `carver_link` [ RunTime:0.000595s ]
[2021-06-06T16:43:10+08:00][sql] SELECT * FROM `carver_link` WHERE  ( is_confirm=2 ) LIMIT 20 [ RunTime:0.000320s ]
[2021-06-06T16:43:10+08:00][sql] SELECT article_id,article_title,click_num,FROM_UNIXTIME(add_time,'%Y-%m-%d') as add_time FROM `carver_article` ORDER BY `click_num` DESC LIMIT 3 [ RunTime:0.000396s ]
[2021-06-06T16:43:10+08:00][sql] SHOW FULL COLUMNS FROM `carver_comment` [ RunTime:0.000660s ]
[2021-06-06T16:43:10+08:00][sql] SELECT `a`.*,`b`.`user_name` FROM `carver_comment` `a` INNER JOIN `carver_user` `b` ON `a`.`user_id`=`b`.`user_id` WHERE  `article_id` = 3 ORDER BY `create_time` DESC [ RunTime:0.000407s ]
[2021-06-06T16:43:10+08:00][sql] SHOW FULL COLUMNS FROM `carver_comment_to_others` [ RunTime:0.000638s ]
[2021-06-06T16:43:10+08:00][sql] SELECT * FROM `carver_comment_to_others` [ RunTime:0.000244s ]
[2021-06-06T16:43:10+08:00][sql] SHOW FULL COLUMNS FROM `carver_user` [ RunTime:0.000496s ]
[2021-06-06T16:43:10+08:00][sql] SELECT `user_name` FROM `carver_user` WHERE  `user_id` = 4 LIMIT 1 [ RunTime:0.000260s ]
[2021-06-06T16:43:10+08:00][sql] SELECT `user_name` FROM `carver_user` WHERE  `user_id` = 4 LIMIT 1 [ RunTime:0.000255s ]
[2021-06-06T16:43:10+08:00][sql] SELECT `user_name` FROM `carver_user` WHERE  `user_id` = 5 LIMIT 1 [ RunTime:0.000236s ]
[2021-06-06T16:43:10+08:00][sql] SELECT `user_name` FROM `carver_user` WHERE  `user_id` = 5 LIMIT 1 [ RunTime:0.000218s ]
[2021-06-06T16:43:10+08:00][sql] SELECT `user_name` FROM `carver_user` WHERE  `user_id` = 37 LIMIT 1 [ RunTime:0.000238s ]
[2021-06-06T16:43:10+08:00][sql] SELECT `user_name`,`user_id` FROM `carver_user` [ RunTime:0.000246s ]
[2021-06-06T16:43:10+08:00][sql] SHOW FULL COLUMNS FROM `carver_navigation` [ RunTime:0.000608s ]
[2021-06-06T16:43:10+08:00][sql] SELECT * FROM `carver_navigation` [ RunTime:0.000275s ]
[2021-06-06T16:43:10+08:00][sql] SELECT `article_label` FROM `carver_article` [ RunTime:0.000278s ]
[2021-06-06T19:36:25+08:00][sql] CONNECT:[ UseTime:0.000584s ] mysql:host=127.0.0.1;port=3306;dbname=carver;charset=utf8
[2021-06-06T19:36:25+08:00][sql] SHOW FULL COLUMNS FROM `carver_user` [ RunTime:0.000806s ]
[2021-06-06T19:36:25+08:00][sql] SHOW FULL COLUMNS FROM `carver_article` [ RunTime:0.000679s ]
[2021-06-06T19:36:25+08:00][sql] SELECT COUNT(*) AS think_count FROM `carver_article` WHERE  `delete_time` = 0  AND `is_show` = 1 [ RunTime:0.000388s ]
[2021-06-06T19:36:25+08:00][sql] SELECT `article_id`,`article_title`,`article_desc`,`article_content`,`article_img`,`article_guide`,`article_label`,`click_num`,`is_show`,`add_time`,`article_author`,`is_top_show` FROM `carver_article` WHERE  `delete_time` = 0  AND `is_show` = 1 ORDER BY `article_id` DESC LIMIT 18,6 [ RunTime:0.001441s ]
[2021-06-06T19:36:25+08:00][sql] SELECT article_id,article_title,click_num,FROM_UNIXTIME(add_time,'%Y-%m-%d') as add_time FROM `carver_article` WHERE  `is_show` = 1  AND `delete_time` = 0 ORDER BY `click_num` DESC LIMIT 3 [ RunTime:0.000684s ]
[2021-06-06T19:36:25+08:00][sql] SHOW FULL COLUMNS FROM `carver_notice` [ RunTime:0.000870s ]
[2021-06-06T19:36:25+08:00][sql] SELECT * FROM `carver_notice` ORDER BY `create_time` DESC LIMIT 3 [ RunTime:0.000407s ]
[2021-06-06T19:36:25+08:00][sql] SHOW FULL COLUMNS FROM `carver_navigation` [ RunTime:0.000745s ]
[2021-06-06T19:36:25+08:00][sql] SELECT * FROM `carver_navigation` [ RunTime:0.000355s ]
[2021-06-06T19:36:25+08:00][sql] SHOW FULL COLUMNS FROM `carver_link` [ RunTime:0.000775s ]
[2021-06-06T19:36:25+08:00][sql] SELECT * FROM `carver_link` WHERE  ( is_confirm=2 ) LIMIT 20 [ RunTime:0.000501s ]
[2021-06-06T19:36:25+08:00][sql] SELECT `article_label` FROM `carver_article` [ RunTime:0.000954s ]
[2021-06-06T19:36:25+08:00][sql] SHOW FULL COLUMNS FROM `carver_carouse` [ RunTime:0.000689s ]
[2021-06-06T19:36:25+08:00][sql] SELECT `carouse_img`,`carouse_desc` FROM `carver_carouse` WHERE  `is_show` = 1 ORDER BY `carouse_sort` DESC LIMIT 3 [ RunTime:0.000326s ]
[2021-06-06T19:36:25+08:00][sql] SHOW FULL COLUMNS FROM `carver_site` [ RunTime:0.000583s ]
[2021-06-06T19:36:25+08:00][sql] SELECT * FROM `carver_site` [ RunTime:0.000246s ]
[2021-06-06T20:28:58+08:00][sql] CONNECT:[ UseTime:0.001046s ] mysql:host=127.0.0.1;port=3306;dbname=carver;charset=utf8
[2021-06-06T20:28:58+08:00][sql] SHOW FULL COLUMNS FROM `carver_user` [ RunTime:0.001025s ]
[2021-06-06T20:28:58+08:00][sql] SHOW FULL COLUMNS FROM `carver_article` [ RunTime:0.000792s ]
[2021-06-06T20:28:58+08:00][sql] SELECT COUNT(*) AS think_count FROM `carver_article` WHERE  `delete_time` = 0  AND `is_show` = 1 [ RunTime:0.000429s ]
[2021-06-06T20:28:58+08:00][sql] SELECT `article_id`,`article_title`,`article_desc`,`article_content`,`article_img`,`article_guide`,`article_label`,`click_num`,`is_show`,`add_time`,`article_author`,`is_top_show` FROM `carver_article` WHERE  `delete_time` = 0  AND `is_show` = 1 ORDER BY `article_id` DESC LIMIT 18,6 [ RunTime:0.001539s ]
[2021-06-06T20:28:58+08:00][sql] SELECT article_id,article_title,click_num,FROM_UNIXTIME(add_time,'%Y-%m-%d') as add_time FROM `carver_article` WHERE  `is_show` = 1  AND `delete_time` = 0 ORDER BY `click_num` DESC LIMIT 3 [ RunTime:0.000500s ]
[2021-06-06T20:28:58+08:00][sql] SHOW FULL COLUMNS FROM `carver_notice` [ RunTime:0.000753s ]
[2021-06-06T20:28:58+08:00][sql] SELECT * FROM `carver_notice` ORDER BY `create_time` DESC LIMIT 3 [ RunTime:0.000347s ]
[2021-06-06T20:28:58+08:00][sql] SHOW FULL COLUMNS FROM `carver_navigation` [ RunTime:0.000499s ]
[2021-06-06T20:28:58+08:00][sql] SELECT * FROM `carver_navigation` [ RunTime:0.000291s ]
[2021-06-06T20:28:58+08:00][sql] SHOW FULL COLUMNS FROM `carver_link` [ RunTime:0.000615s ]
[2021-06-06T20:28:58+08:00][sql] SELECT * FROM `carver_link` WHERE  ( is_confirm=2 ) LIMIT 20 [ RunTime:0.000280s ]
[2021-06-06T20:28:58+08:00][sql] SELECT `article_label` FROM `carver_article` [ RunTime:0.000303s ]
[2021-06-06T20:28:58+08:00][sql] SHOW FULL COLUMNS FROM `carver_carouse` [ RunTime:0.000616s ]
[2021-06-06T20:28:58+08:00][sql] SELECT `carouse_img`,`carouse_desc` FROM `carver_carouse` WHERE  `is_show` = 1 ORDER BY `carouse_sort` DESC LIMIT 3 [ RunTime:0.000352s ]
[2021-06-06T20:28:58+08:00][sql] SHOW FULL COLUMNS FROM `carver_site` [ RunTime:0.000556s ]
[2021-06-06T20:28:58+08:00][sql] SELECT * FROM `carver_site` [ RunTime:0.000240s ]
[2021-06-06T22:15:23+08:00][sql] CONNECT:[ UseTime:0.000543s ] mysql:host=127.0.0.1;port=3306;dbname=carver;charset=utf8
[2021-06-06T22:15:23+08:00][sql] SHOW FULL COLUMNS FROM `carver_article` [ RunTime:0.000863s ]
[2021-06-06T22:15:23+08:00][sql] SELECT `article_id`,`article_title`,`article_desc`,`article_content`,`article_img`,`article_guide`,`article_label`,`click_num`,`is_show`,`add_time`,`article_author` FROM `carver_article` WHERE  `article_id` = 17/ LIMIT 1 [ RunTime:0.000585s ]
[2021-06-06T22:15:23+08:00][sql] SELECT `article_id`,`article_title`,`article_desc`,`article_content`,`article_img`,`article_guide`,`article_label`,`click_num`,`is_show`,`add_time`,`article_author` FROM `carver_article` WHERE  `article_id` > 17/ LIMIT 1 [ RunTime:0.000776s ]
[2021-06-06T22:15:23+08:00][sql] SELECT `article_id`,`article_title`,`article_desc`,`article_content`,`article_img`,`article_guide`,`article_label`,`click_num`,`is_show`,`add_time`,`article_author` FROM `carver_article` WHERE  `article_id` < 17/ ORDER BY `article_id` DESC LIMIT 1 [ RunTime:0.000402s ]
[2021-06-06T22:15:23+08:00][sql] SHOW FULL COLUMNS FROM `carver_link` [ RunTime:0.000558s ]
[2021-06-06T22:15:23+08:00][sql] SELECT * FROM `carver_link` WHERE  ( is_confirm=2 ) LIMIT 20 [ RunTime:0.000289s ]
[2021-06-06T22:15:23+08:00][sql] SELECT article_id,article_title,click_num,FROM_UNIXTIME(add_time,'%Y-%m-%d') as add_time FROM `carver_article` ORDER BY `click_num` DESC LIMIT 3 [ RunTime:0.000428s ]
[2021-06-06T22:15:23+08:00][sql] SHOW FULL COLUMNS FROM `carver_comment` [ RunTime:0.000568s ]
[2021-06-06T22:15:23+08:00][sql] SELECT `a`.*,`b`.`user_name` FROM `carver_comment` `a` INNER JOIN `carver_user` `b` ON `a`.`user_id`=`b`.`user_id` WHERE  `article_id` = 17/ ORDER BY `create_time` DESC [ RunTime:0.000396s ]
[2021-06-06T22:15:23+08:00][sql] SHOW FULL COLUMNS FROM `carver_comment_to_others` [ RunTime:0.000535s ]
[2021-06-06T22:15:23+08:00][sql] SELECT * FROM `carver_comment_to_others` [ RunTime:0.000239s ]
[2021-06-06T22:15:23+08:00][sql] SHOW FULL COLUMNS FROM `carver_user` [ RunTime:0.000439s ]
[2021-06-06T22:15:23+08:00][sql] SELECT `user_name` FROM `carver_user` WHERE  `user_id` = 4 LIMIT 1 [ RunTime:0.000240s ]
[2021-06-06T22:15:23+08:00][sql] SELECT `user_name` FROM `carver_user` WHERE  `user_id` = 4 LIMIT 1 [ RunTime:0.000226s ]
[2021-06-06T22:15:23+08:00][sql] SELECT `user_name` FROM `carver_user` WHERE  `user_id` = 5 LIMIT 1 [ RunTime:0.000222s ]
[2021-06-06T22:15:23+08:00][sql] SELECT `user_name` FROM `carver_user` WHERE  `user_id` = 5 LIMIT 1 [ RunTime:0.000211s ]
[2021-06-06T22:15:23+08:00][sql] SELECT `user_name` FROM `carver_user` WHERE  `user_id` = 37 LIMIT 1 [ RunTime:0.000267s ]
[2021-06-06T22:15:23+08:00][sql] SELECT `user_name`,`user_id` FROM `carver_user` [ RunTime:0.000246s ]
[2021-06-06T22:15:23+08:00][sql] SHOW FULL COLUMNS FROM `carver_navigation` [ RunTime:0.000604s ]
[2021-06-06T22:15:23+08:00][sql] SELECT * FROM `carver_navigation` [ RunTime:0.000234s ]
[2021-06-06T22:15:23+08:00][sql] SELECT `article_label` FROM `carver_article` [ RunTime:0.000259s ]
[2021-06-06T22:15:27+08:00][sql] CONNECT:[ UseTime:0.000541s ] mysql:host=127.0.0.1;port=3306;dbname=carver;charset=utf8
[2021-06-06T22:15:27+08:00][sql] SHOW FULL COLUMNS FROM `carver_article` [ RunTime:0.000878s ]
[2021-06-06T22:15:27+08:00][sql] SELECT `article_id`,`article_title`,`article_desc`,`article_content`,`article_img`,`article_guide`,`article_label`,`click_num`,`is_show`,`add_time`,`article_author` FROM `carver_article` WHERE  `article_id` = 18/ LIMIT 1 [ RunTime:0.000564s ]
[2021-06-06T22:15:27+08:00][sql] SELECT `article_id`,`article_title`,`article_desc`,`article_content`,`article_img`,`article_guide`,`article_label`,`click_num`,`is_show`,`add_time`,`article_author` FROM `carver_article` WHERE  `article_id` > 18/ LIMIT 1 [ RunTime:0.002099s ]
[2021-06-06T22:15:27+08:00][sql] SELECT `article_id`,`article_title`,`article_desc`,`article_content`,`article_img`,`article_guide`,`article_label`,`click_num`,`is_show`,`add_time`,`article_author` FROM `carver_article` WHERE  `article_id` < 18/ ORDER BY `article_id` DESC LIMIT 1 [ RunTime:0.000571s ]
[2021-06-06T22:15:27+08:00][sql] SHOW FULL COLUMNS FROM `carver_link` [ RunTime:0.000681s ]
[2021-06-06T22:15:27+08:00][sql] SELECT * FROM `carver_link` WHERE  ( is_confirm=2 ) LIMIT 20 [ RunTime:0.000325s ]
[2021-06-06T22:15:27+08:00][sql] SELECT article_id,article_title,click_num,FROM_UNIXTIME(add_time,'%Y-%m-%d') as add_time FROM `carver_article` ORDER BY `click_num` DESC LIMIT 3 [ RunTime:0.000405s ]
[2021-06-06T22:15:27+08:00][sql] SHOW FULL COLUMNS FROM `carver_comment` [ RunTime:0.000938s ]
[2021-06-06T22:15:27+08:00][sql] SELECT `a`.*,`b`.`user_name` FROM `carver_comment` `a` INNER JOIN `carver_user` `b` ON `a`.`user_id`=`b`.`user_id` WHERE  `article_id` = 18/ ORDER BY `create_time` DESC [ RunTime:0.000410s ]
[2021-06-06T22:15:27+08:00][sql] SHOW FULL COLUMNS FROM `carver_comment_to_others` [ RunTime:0.000523s ]
[2021-06-06T22:15:27+08:00][sql] SELECT * FROM `carver_comment_to_others` [ RunTime:0.000244s ]
[2021-06-06T22:15:27+08:00][sql] SHOW FULL COLUMNS FROM `carver_user` [ RunTime:0.000481s ]
[2021-06-06T22:15:27+08:00][sql] SELECT `user_name` FROM `carver_user` WHERE  `user_id` = 4 LIMIT 1 [ RunTime:0.000243s ]
[2021-06-06T22:15:27+08:00][sql] SELECT `user_name` FROM `carver_user` WHERE  `user_id` = 4 LIMIT 1 [ RunTime:0.000209s ]
[2021-06-06T22:15:27+08:00][sql] SELECT `user_name` FROM `carver_user` WHERE  `user_id` = 5 LIMIT 1 [ RunTime:0.000233s ]
[2021-06-06T22:15:27+08:00][sql] SELECT `user_name` FROM `carver_user` WHERE  `user_id` = 5 LIMIT 1 [ RunTime:0.000213s ]
[2021-06-06T22:15:27+08:00][sql] SELECT `user_name` FROM `carver_user` WHERE  `user_id` = 37 LIMIT 1 [ RunTime:0.000212s ]
[2021-06-06T22:15:27+08:00][sql] SHOW FULL COLUMNS FROM `carver_navigation` [ RunTime:0.000534s ]
[2021-06-06T22:15:27+08:00][sql] SELECT * FROM `carver_navigation` [ RunTime:0.000279s ]
[2021-06-06T22:15:27+08:00][sql] SELECT `article_label` FROM `carver_article` [ RunTime:0.000282s ]
[2021-06-06T22:15:32+08:00][sql] CONNECT:[ UseTime:0.000650s ] mysql:host=127.0.0.1;port=3306;dbname=carver;charset=utf8
[2021-06-06T22:15:32+08:00][sql] SHOW FULL COLUMNS FROM `carver_article` [ RunTime:0.000926s ]
[2021-06-06T22:15:32+08:00][sql] SELECT `article_id`,`article_title`,`article_desc`,`article_content`,`article_img`,`article_guide`,`article_label`,`click_num`,`is_show`,`add_time`,`article_author` FROM `carver_article` WHERE  `article_id` = 24/ LIMIT 1 [ RunTime:0.000526s ]
[2021-06-06T22:15:32+08:00][sql] SELECT `article_id`,`article_title`,`article_desc`,`article_content`,`article_img`,`article_guide`,`article_label`,`click_num`,`is_show`,`add_time`,`article_author` FROM `carver_article` WHERE  `article_id` > 24/ LIMIT 1 [ RunTime:0.000401s ]
[2021-06-06T22:15:32+08:00][sql] SELECT `article_id`,`article_title`,`article_desc`,`article_content`,`article_img`,`article_guide`,`article_label`,`click_num`,`is_show`,`add_time`,`article_author` FROM `carver_article` WHERE  `article_id` < 24/ ORDER BY `article_id` DESC LIMIT 1 [ RunTime:0.000369s ]
[2021-06-06T22:15:32+08:00][sql] SHOW FULL COLUMNS FROM `carver_link` [ RunTime:0.000677s ]
[2021-06-06T22:15:32+08:00][sql] SELECT * FROM `carver_link` WHERE  ( is_confirm=2 ) LIMIT 20 [ RunTime:0.000316s ]
[2021-06-06T22:15:32+08:00][sql] SELECT article_id,article_title,click_num,FROM_UNIXTIME(add_time,'%Y-%m-%d') as add_time FROM `carver_article` ORDER BY `click_num` DESC LIMIT 3 [ RunTime:0.000408s ]
[2021-06-06T22:15:32+08:00][sql] SHOW FULL COLUMNS FROM `carver_comment` [ RunTime:0.000617s ]
[2021-06-06T22:15:32+08:00][sql] SELECT `a`.*,`b`.`user_name` FROM `carver_comment` `a` INNER JOIN `carver_user` `b` ON `a`.`user_id`=`b`.`user_id` WHERE  `article_id` = 24/ ORDER BY `create_time` DESC [ RunTime:0.000374s ]
[2021-06-06T22:15:32+08:00][sql] SHOW FULL COLUMNS FROM `carver_comment_to_others` [ RunTime:0.000625s ]
[2021-06-06T22:15:32+08:00][sql] SELECT * FROM `carver_comment_to_others` [ RunTime:0.000280s ]
[2021-06-06T22:15:32+08:00][sql] SHOW FULL COLUMNS FROM `carver_user` [ RunTime:0.000470s ]
[2021-06-06T22:15:32+08:00][sql] SELECT `user_name` FROM `carver_user` WHERE  `user_id` = 4 LIMIT 1 [ RunTime:0.000258s ]
[2021-06-06T22:15:32+08:00][sql] SELECT `user_name` FROM `carver_user` WHERE  `user_id` = 4 LIMIT 1 [ RunTime:0.000220s ]
[2021-06-06T22:15:32+08:00][sql] SELECT `user_name` FROM `carver_user` WHERE  `user_id` = 5 LIMIT 1 [ RunTime:0.000224s ]
[2021-06-06T22:15:32+08:00][sql] SELECT `user_name` FROM `carver_user` WHERE  `user_id` = 5 LIMIT 1 [ RunTime:0.000234s ]
[2021-06-06T22:15:32+08:00][sql] SELECT `user_name` FROM `carver_user` WHERE  `user_id` = 37 LIMIT 1 [ RunTime:0.000226s ]
[2021-06-06T22:15:32+08:00][sql] SHOW FULL COLUMNS FROM `carver_navigation` [ RunTime:0.000587s ]
[2021-06-06T22:15:32+08:00][sql] SELECT * FROM `carver_navigation` [ RunTime:0.000253s ]
[2021-06-06T22:15:32+08:00][sql] SELECT `article_label` FROM `carver_article` [ RunTime:0.000741s ]
[2021-06-06T22:15:37+08:00][sql] CONNECT:[ UseTime:0.000583s ] mysql:host=127.0.0.1;port=3306;dbname=carver;charset=utf8
[2021-06-06T22:15:37+08:00][sql] SHOW FULL COLUMNS FROM `carver_article` [ RunTime:0.000922s ]
[2021-06-06T22:15:37+08:00][sql] SELECT COUNT(*) AS think_count FROM `carver_article` WHERE  `article_label` LIKE '%git/%'  AND `delete_time` = 0  AND `is_show` = 1 [ RunTime:0.000458s ]
[2021-06-06T22:15:37+08:00][sql] SELECT * FROM `carver_article` WHERE  `article_label` LIKE '%git/%'  AND `delete_time` = 0  AND `is_show` = 1 LIMIT 0,6 [ RunTime:0.001316s ]
[2021-06-06T22:15:37+08:00][sql] SELECT article_id,article_title,click_num,FROM_UNIXTIME(add_time,'%Y-%m-%d') as add_time FROM `carver_article` WHERE  `is_show` = 1  AND `delete_time` = 0 ORDER BY `click_num` DESC LIMIT 3 [ RunTime:0.000520s ]
[2021-06-06T22:15:37+08:00][sql] SHOW FULL COLUMNS FROM `carver_notice` [ RunTime:0.000700s ]
[2021-06-06T22:15:37+08:00][sql] SELECT * FROM `carver_notice` ORDER BY `create_time` DESC LIMIT 3 [ RunTime:0.000346s ]
[2021-06-06T22:15:37+08:00][sql] SHOW FULL COLUMNS FROM `carver_navigation` [ RunTime:0.000576s ]
[2021-06-06T22:15:37+08:00][sql] SELECT * FROM `carver_navigation` [ RunTime:0.000328s ]
[2021-06-06T22:15:37+08:00][sql] SHOW FULL COLUMNS FROM `carver_link` [ RunTime:0.000687s ]
[2021-06-06T22:15:37+08:00][sql] SELECT * FROM `carver_link` WHERE  ( is_confirm=2 ) LIMIT 20 [ RunTime:0.000410s ]
[2021-06-06T22:15:37+08:00][sql] SELECT `article_label` FROM `carver_article` [ RunTime:0.000317s ]
[2021-06-06T22:15:37+08:00][sql] SHOW FULL COLUMNS FROM `carver_carouse` [ RunTime:0.000549s ]
[2021-06-06T22:15:37+08:00][sql] SELECT `carouse_img`,`carouse_desc` FROM `carver_carouse` WHERE  `is_show` = 1 ORDER BY `carouse_sort` DESC LIMIT 3 [ RunTime:0.000356s ]
[2021-06-06T22:15:37+08:00][sql] SHOW FULL COLUMNS FROM `carver_site` [ RunTime:0.000526s ]
[2021-06-06T22:15:37+08:00][sql] SELECT * FROM `carver_site` [ RunTime:0.000356s ]
[2021-06-06T22:15:42+08:00][sql] CONNECT:[ UseTime:0.000548s ] mysql:host=127.0.0.1;port=3306;dbname=carver;charset=utf8
[2021-06-06T22:15:42+08:00][sql] SHOW FULL COLUMNS FROM `carver_article` [ RunTime:0.000955s ]
[2021-06-06T22:15:42+08:00][sql] SELECT COUNT(*) AS think_count FROM `carver_article` WHERE  `article_label` LIKE '%linux/%'  AND `delete_time` = 0  AND `is_show` = 1 [ RunTime:0.000405s ]
[2021-06-06T22:15:42+08:00][sql] SELECT * FROM `carver_article` WHERE  `article_label` LIKE '%linux/%'  AND `delete_time` = 0  AND `is_show` = 1 LIMIT 0,6 [ RunTime:0.000975s ]
[2021-06-06T22:15:42+08:00][sql] SELECT article_id,article_title,click_num,FROM_UNIXTIME(add_time,'%Y-%m-%d') as add_time FROM `carver_article` WHERE  `is_show` = 1  AND `delete_time` = 0 ORDER BY `click_num` DESC LIMIT 3 [ RunTime:0.000501s ]
[2021-06-06T22:15:42+08:00][sql] SHOW FULL COLUMNS FROM `carver_notice` [ RunTime:0.000953s ]
[2021-06-06T22:15:42+08:00][sql] SELECT * FROM `carver_notice` ORDER BY `create_time` DESC LIMIT 3 [ RunTime:0.000314s ]
[2021-06-06T22:15:42+08:00][sql] SHOW FULL COLUMNS FROM `carver_navigation` [ RunTime:0.000584s ]
[2021-06-06T22:15:42+08:00][sql] SELECT * FROM `carver_navigation` [ RunTime:0.000287s ]
[2021-06-06T22:15:42+08:00][sql] SHOW FULL COLUMNS FROM `carver_link` [ RunTime:0.000589s ]
[2021-06-06T22:15:42+08:00][sql] SELECT * FROM `carver_link` WHERE  ( is_confirm=2 ) LIMIT 20 [ RunTime:0.000327s ]
[2021-06-06T22:15:42+08:00][sql] SELECT `article_label` FROM `carver_article` [ RunTime:0.000287s ]
[2021-06-06T22:15:42+08:00][sql] SHOW FULL COLUMNS FROM `carver_carouse` [ RunTime:0.000533s ]
[2021-06-06T22:15:42+08:00][sql] SELECT `carouse_img`,`carouse_desc` FROM `carver_carouse` WHERE  `is_show` = 1 ORDER BY `carouse_sort` DESC LIMIT 3 [ RunTime:0.000312s ]
[2021-06-06T22:15:42+08:00][sql] SHOW FULL COLUMNS FROM `carver_site` [ RunTime:0.000532s ]
[2021-06-06T22:15:42+08:00][sql] SELECT * FROM `carver_site` [ RunTime:0.000266s ]
[2021-06-06T22:15:46+08:00][sql] CONNECT:[ UseTime:0.000621s ] mysql:host=127.0.0.1;port=3306;dbname=carver;charset=utf8
[2021-06-06T22:15:46+08:00][sql] SHOW FULL COLUMNS FROM `carver_article` [ RunTime:0.000902s ]
[2021-06-06T22:15:46+08:00][sql] SELECT COUNT(*) AS think_count FROM `carver_article` WHERE  `article_label` LIKE '%mysql/%'  AND `delete_time` = 0  AND `is_show` = 1 [ RunTime:0.000438s ]
[2021-06-06T22:15:46+08:00][sql] SELECT * FROM `carver_article` WHERE  `article_label` LIKE '%mysql/%'  AND `delete_time` = 0  AND `is_show` = 1 LIMIT 0,6 [ RunTime:0.000920s ]
[2021-06-06T22:15:46+08:00][sql] SELECT article_id,article_title,click_num,FROM_UNIXTIME(add_time,'%Y-%m-%d') as add_time FROM `carver_article` WHERE  `is_show` = 1  AND `delete_time` = 0 ORDER BY `click_num` DESC LIMIT 3 [ RunTime:0.000463s ]
[2021-06-06T22:15:46+08:00][sql] SHOW FULL COLUMNS FROM `carver_notice` [ RunTime:0.000625s ]
[2021-06-06T22:15:46+08:00][sql] SELECT * FROM `carver_notice` ORDER BY `create_time` DESC LIMIT 3 [ RunTime:0.000328s ]
[2021-06-06T22:15:46+08:00][sql] SHOW FULL COLUMNS FROM `carver_navigation` [ RunTime:0.000577s ]
[2021-06-06T22:15:46+08:00][sql] SELECT * FROM `carver_navigation` [ RunTime:0.000286s ]
[2021-06-06T22:15:46+08:00][sql] SHOW FULL COLUMNS FROM `carver_link` [ RunTime:0.000565s ]
[2021-06-06T22:15:46+08:00][sql] SELECT * FROM `carver_link` WHERE  ( is_confirm=2 ) LIMIT 20 [ RunTime:0.000374s ]
[2021-06-06T22:15:46+08:00][sql] SELECT `article_label` FROM `carver_article` [ RunTime:0.000270s ]
[2021-06-06T22:15:46+08:00][sql] SHOW FULL COLUMNS FROM `carver_carouse` [ RunTime:0.000538s ]
[2021-06-06T22:15:46+08:00][sql] SELECT `carouse_img`,`carouse_desc` FROM `carver_carouse` WHERE  `is_show` = 1 ORDER BY `carouse_sort` DESC LIMIT 3 [ RunTime:0.000343s ]
[2021-06-06T22:15:46+08:00][sql] SHOW FULL COLUMNS FROM `carver_site` [ RunTime:0.000571s ]
[2021-06-06T22:15:46+08:00][sql] SELECT * FROM `carver_site` [ RunTime:0.000273s ]
[2021-06-06T22:15:51+08:00][sql] CONNECT:[ UseTime:0.000554s ] mysql:host=127.0.0.1;port=3306;dbname=carver;charset=utf8
[2021-06-06T22:15:51+08:00][sql] SHOW FULL COLUMNS FROM `carver_article` [ RunTime:0.000858s ]
[2021-06-06T22:15:51+08:00][sql] SELECT COUNT(*) AS think_count FROM `carver_article` WHERE  `article_label` LIKE '%nginx/%'  AND `delete_time` = 0  AND `is_show` = 1 [ RunTime:0.000423s ]
[2021-06-06T22:15:51+08:00][sql] SELECT * FROM `carver_article` WHERE  `article_label` LIKE '%nginx/%'  AND `delete_time` = 0  AND `is_show` = 1 LIMIT 0,6 [ RunTime:0.000982s ]
[2021-06-06T22:15:51+08:00][sql] SELECT article_id,article_title,click_num,FROM_UNIXTIME(add_time,'%Y-%m-%d') as add_time FROM `carver_article` WHERE  `is_show` = 1  AND `delete_time` = 0 ORDER BY `click_num` DESC LIMIT 3 [ RunTime:0.000543s ]
[2021-06-06T22:15:51+08:00][sql] SHOW FULL COLUMNS FROM `carver_notice` [ RunTime:0.000673s ]
[2021-06-06T22:15:51+08:00][sql] SELECT * FROM `carver_notice` ORDER BY `create_time` DESC LIMIT 3 [ RunTime:0.000338s ]
[2021-06-06T22:15:51+08:00][sql] SHOW FULL COLUMNS FROM `carver_navigation` [ RunTime:0.000642s ]
[2021-06-06T22:15:51+08:00][sql] SELECT * FROM `carver_navigation` [ RunTime:0.000279s ]
[2021-06-06T22:15:51+08:00][sql] SHOW FULL COLUMNS FROM `carver_link` [ RunTime:0.000589s ]
[2021-06-06T22:15:51+08:00][sql] SELECT * FROM `carver_link` WHERE  ( is_confirm=2 ) LIMIT 20 [ RunTime:0.000370s ]
[2021-06-06T22:15:51+08:00][sql] SELECT `article_label` FROM `carver_article` [ RunTime:0.000275s ]
[2021-06-06T22:15:51+08:00][sql] SHOW FULL COLUMNS FROM `carver_carouse` [ RunTime:0.000590s ]
[2021-06-06T22:15:51+08:00][sql] SELECT `carouse_img`,`carouse_desc` FROM `carver_carouse` WHERE  `is_show` = 1 ORDER BY `carouse_sort` DESC LIMIT 3 [ RunTime:0.000314s ]
[2021-06-06T22:15:51+08:00][sql] SHOW FULL COLUMNS FROM `carver_site` [ RunTime:0.000599s ]
[2021-06-06T22:15:51+08:00][sql] SELECT * FROM `carver_site` [ RunTime:0.000274s ]
[2021-06-06T22:15:57+08:00][sql] CONNECT:[ UseTime:0.000556s ] mysql:host=127.0.0.1;port=3306;dbname=carver;charset=utf8
[2021-06-06T22:15:57+08:00][sql] SHOW FULL COLUMNS FROM `carver_article` [ RunTime:0.000932s ]
[2021-06-06T22:15:57+08:00][sql] SELECT COUNT(*) AS think_count FROM `carver_article` WHERE  `article_label` LIKE '%/%'  AND `delete_time` = 0  AND `is_show` = 1 [ RunTime:0.000421s ]
[2021-06-06T22:15:57+08:00][sql] SELECT * FROM `carver_article` WHERE  `article_label` LIKE '%/%'  AND `delete_time` = 0  AND `is_show` = 1 LIMIT 0,6 [ RunTime:0.000994s ]
[2021-06-06T22:15:57+08:00][sql] SELECT article_id,article_title,click_num,FROM_UNIXTIME(add_time,'%Y-%m-%d') as add_time FROM `carver_article` WHERE  `is_show` = 1  AND `delete_time` = 0 ORDER BY `click_num` DESC LIMIT 3 [ RunTime:0.000492s ]
[2021-06-06T22:15:57+08:00][sql] SHOW FULL COLUMNS FROM `carver_notice` [ RunTime:0.000661s ]
[2021-06-06T22:15:57+08:00][sql] SELECT * FROM `carver_notice` ORDER BY `create_time` DESC LIMIT 3 [ RunTime:0.000301s ]
[2021-06-06T22:15:57+08:00][sql] SHOW FULL COLUMNS FROM `carver_navigation` [ RunTime:0.000646s ]
[2021-06-06T22:15:57+08:00][sql] SELECT * FROM `carver_navigation` [ RunTime:0.000311s ]
[2021-06-06T22:15:57+08:00][sql] SHOW FULL COLUMNS FROM `carver_link` [ RunTime:0.000600s ]
[2021-06-06T22:15:57+08:00][sql] SELECT * FROM `carver_link` WHERE  ( is_confirm=2 ) LIMIT 20 [ RunTime:0.000349s ]
[2021-06-06T22:15:57+08:00][sql] SELECT `article_label` FROM `carver_article` [ RunTime:0.000310s ]
[2021-06-06T22:15:57+08:00][sql] SHOW FULL COLUMNS FROM `carver_carouse` [ RunTime:0.000526s ]
[2021-06-06T22:15:57+08:00][sql] SELECT `carouse_img`,`carouse_desc` FROM `carver_carouse` WHERE  `is_show` = 1 ORDER BY `carouse_sort` DESC LIMIT 3 [ RunTime:0.000328s ]
[2021-06-06T22:15:57+08:00][sql] SHOW FULL COLUMNS FROM `carver_site` [ RunTime:0.000521s ]
[2021-06-06T22:15:57+08:00][sql] SELECT * FROM `carver_site` [ RunTime:0.000291s ]
[2021-06-06T22:16:03+08:00][sql] CONNECT:[ UseTime:0.000587s ] mysql:host=127.0.0.1;port=3306;dbname=carver;charset=utf8
[2021-06-06T22:16:03+08:00][sql] SHOW FULL COLUMNS FROM `carver_article` [ RunTime:0.000942s ]
[2021-06-06T22:16:03+08:00][sql] SELECT COUNT(*) AS think_count FROM `carver_article` WHERE  `article_label` LIKE '%/%'  AND `delete_time` = 0  AND `is_show` = 1 [ RunTime:0.000439s ]
[2021-06-06T22:16:03+08:00][sql] SELECT * FROM `carver_article` WHERE  `article_label` LIKE '%/%'  AND `delete_time` = 0  AND `is_show` = 1 LIMIT 0,6 [ RunTime:0.001061s ]
[2021-06-06T22:16:03+08:00][sql] SELECT article_id,article_title,click_num,FROM_UNIXTIME(add_time,'%Y-%m-%d') as add_time FROM `carver_article` WHERE  `is_show` = 1  AND `delete_time` = 0 ORDER BY `click_num` DESC LIMIT 3 [ RunTime:0.000603s ]
[2021-06-06T22:16:03+08:00][sql] SHOW FULL COLUMNS FROM `carver_notice` [ RunTime:0.000954s ]
[2021-06-06T22:16:03+08:00][sql] SELECT * FROM `carver_notice` ORDER BY `create_time` DESC LIMIT 3 [ RunTime:0.000347s ]
[2021-06-06T22:16:03+08:00][sql] SHOW FULL COLUMNS FROM `carver_navigation` [ RunTime:0.000617s ]
[2021-06-06T22:16:03+08:00][sql] SELECT * FROM `carver_navigation` [ RunTime:0.000312s ]
[2021-06-06T22:16:03+08:00][sql] SHOW FULL COLUMNS FROM `carver_link` [ RunTime:0.000617s ]
[2021-06-06T22:16:03+08:00][sql] SELECT * FROM `carver_link` WHERE  ( is_confirm=2 ) LIMIT 20 [ RunTime:0.000381s ]
[2021-06-06T22:16:03+08:00][sql] SELECT `article_label` FROM `carver_article` [ RunTime:0.000329s ]
[2021-06-06T22:16:03+08:00][sql] SHOW FULL COLUMNS FROM `carver_carouse` [ RunTime:0.000608s ]
[2021-06-06T22:16:03+08:00][sql] SELECT `carouse_img`,`carouse_desc` FROM `carver_carouse` WHERE  `is_show` = 1 ORDER BY `carouse_sort` DESC LIMIT 3 [ RunTime:0.000343s ]
[2021-06-06T22:16:03+08:00][sql] SHOW FULL COLUMNS FROM `carver_site` [ RunTime:0.000562s ]
[2021-06-06T22:16:03+08:00][sql] SELECT * FROM `carver_site` [ RunTime:0.000282s ]
[2021-06-06T22:16:07+08:00][sql] CONNECT:[ UseTime:0.000583s ] mysql:host=127.0.0.1;port=3306;dbname=carver;charset=utf8
[2021-06-06T22:16:07+08:00][sql] SHOW FULL COLUMNS FROM `carver_article` [ RunTime:0.000885s ]
[2021-06-06T22:16:07+08:00][sql] SELECT COUNT(*) AS think_count FROM `carver_article` WHERE  `article_guide` = 8/  AND `delete_time` = 0  AND `is_show` = 1 [ RunTime:0.000457s ]
[2021-06-06T22:16:07+08:00][sql] SELECT * FROM `carver_article` WHERE  `article_guide` = 8/  AND `delete_time` = 0  AND `is_show` = 1 ORDER BY `add_time` DESC LIMIT 0,6 [ RunTime:0.000588s ]
[2021-06-06T22:16:07+08:00][sql] SELECT article_id,article_title,click_num,FROM_UNIXTIME(add_time,'%Y-%m-%d') as add_time FROM `carver_article` WHERE  `is_show` = 1  AND `delete_time` = 0 ORDER BY `click_num` DESC LIMIT 3 [ RunTime:0.000446s ]
[2021-06-06T22:16:07+08:00][sql] SHOW FULL COLUMNS FROM `carver_notice` [ RunTime:0.000603s ]
[2021-06-06T22:16:07+08:00][sql] SELECT * FROM `carver_notice` ORDER BY `create_time` DESC LIMIT 3 [ RunTime:0.000314s ]
[2021-06-06T22:16:07+08:00][sql] SHOW FULL COLUMNS FROM `carver_navigation` [ RunTime:0.000504s ]
[2021-06-06T22:16:07+08:00][sql] SELECT * FROM `carver_navigation` [ RunTime:0.000249s ]
[2021-06-06T22:16:07+08:00][sql] SELECT `article_label` FROM `carver_article` [ RunTime:0.000260s ]
[2021-06-06T22:16:07+08:00][sql] SHOW FULL COLUMNS FROM `carver_carouse` [ RunTime:0.000492s ]
[2021-06-06T22:16:07+08:00][sql] SELECT `carouse_img`,`carouse_desc` FROM `carver_carouse` WHERE  `is_show` = 1 ORDER BY `carouse_sort` DESC LIMIT 3 [ RunTime:0.000328s ]
[2021-06-06T22:16:07+08:00][sql] SHOW FULL COLUMNS FROM `carver_link` [ RunTime:0.000458s ]
[2021-06-06T22:16:07+08:00][sql] SELECT * FROM `carver_link` WHERE  ( is_confirm=2 ) LIMIT 20 [ RunTime:0.000273s ]
[2021-06-06T22:16:07+08:00][sql] SHOW FULL COLUMNS FROM `carver_site` [ RunTime:0.000516s ]
[2021-06-06T22:16:07+08:00][sql] SELECT * FROM `carver_site` [ RunTime:0.000227s ]
[2021-06-06T23:26:42+08:00][sql] CONNECT:[ UseTime:0.000538s ] mysql:host=127.0.0.1;port=3306;dbname=carver;charset=utf8
[2021-06-06T23:26:42+08:00][sql] SHOW FULL COLUMNS FROM `carver_article` [ RunTime:0.000893s ]
[2021-06-06T23:26:42+08:00][sql] SELECT COUNT(*) AS think_count FROM `carver_article` WHERE  `article_label` LIKE '%%'  AND `delete_time` = 0  AND `is_show` = 1 [ RunTime:0.000396s ]
[2021-06-06T23:26:42+08:00][sql] SELECT * FROM `carver_article` WHERE  `article_label` LIKE '%%'  AND `delete_time` = 0  AND `is_show` = 1 LIMIT 12,6 [ RunTime:0.002930s ]
[2021-06-06T23:26:42+08:00][sql] SELECT article_id,article_title,click_num,FROM_UNIXTIME(add_time,'%Y-%m-%d') as add_time FROM `carver_article` WHERE  `is_show` = 1  AND `delete_time` = 0 ORDER BY `click_num` DESC LIMIT 3 [ RunTime:0.000676s ]
[2021-06-06T23:26:42+08:00][sql] SHOW FULL COLUMNS FROM `carver_notice` [ RunTime:0.000683s ]
[2021-06-06T23:26:42+08:00][sql] SELECT * FROM `carver_notice` ORDER BY `create_time` DESC LIMIT 3 [ RunTime:0.000352s ]
[2021-06-06T23:26:42+08:00][sql] SHOW FULL COLUMNS FROM `carver_navigation` [ RunTime:0.000598s ]
[2021-06-06T23:26:42+08:00][sql] SELECT * FROM `carver_navigation` [ RunTime:0.000249s ]
[2021-06-06T23:26:42+08:00][sql] SHOW FULL COLUMNS FROM `carver_link` [ RunTime:0.000568s ]
[2021-06-06T23:26:42+08:00][sql] SELECT * FROM `carver_link` WHERE  ( is_confirm=2 ) LIMIT 20 [ RunTime:0.000327s ]
[2021-06-06T23:26:42+08:00][sql] SELECT `article_label` FROM `carver_article` [ RunTime:0.000301s ]
[2021-06-06T23:26:42+08:00][sql] SHOW FULL COLUMNS FROM `carver_carouse` [ RunTime:0.000527s ]
[2021-06-06T23:26:42+08:00][sql] SELECT `carouse_img`,`carouse_desc` FROM `carver_carouse` WHERE  `is_show` = 1 ORDER BY `carouse_sort` DESC LIMIT 3 [ RunTime:0.000306s ]
[2021-06-06T23:26:42+08:00][sql] SHOW FULL COLUMNS FROM `carver_site` [ RunTime:0.000543s ]
[2021-06-06T23:26:42+08:00][sql] SELECT * FROM `carver_site` [ RunTime:0.000239s ]
[2021-06-06T23:39:50+08:00][sql] CONNECT:[ UseTime:0.000678s ] mysql:host=127.0.0.1;port=3306;dbname=carver;charset=utf8
[2021-06-06T23:39:50+08:00][sql] SHOW FULL COLUMNS FROM `carver_article` [ RunTime:0.000893s ]
[2021-06-06T23:39:50+08:00][sql] SELECT `article_id`,`article_title`,`article_desc`,`article_content`,`article_img`,`article_guide`,`article_label`,`click_num`,`is_show`,`add_time`,`article_author` FROM `carver_article` WHERE  `article_id` = 17'A=0 LIMIT 1 [ RunTime:0.000542s ]
[2021-06-06T23:39:50+08:00][sql] SELECT `article_id`,`article_title`,`article_desc`,`article_content`,`article_img`,`article_guide`,`article_label`,`click_num`,`is_show`,`add_time`,`article_author` FROM `carver_article` WHERE  `article_id` > 17'A=0 LIMIT 1 [ RunTime:0.000437s ]
[2021-06-06T23:39:50+08:00][sql] SELECT `article_id`,`article_title`,`article_desc`,`article_content`,`article_img`,`article_guide`,`article_label`,`click_num`,`is_show`,`add_time`,`article_author` FROM `carver_article` WHERE  `article_id` < 17'A=0 ORDER BY `article_id` DESC LIMIT 1 [ RunTime:0.000369s ]
[2021-06-06T23:39:50+08:00][sql] SHOW FULL COLUMNS FROM `carver_link` [ RunTime:0.000603s ]
[2021-06-06T23:39:50+08:00][sql] SELECT * FROM `carver_link` WHERE  ( is_confirm=2 ) LIMIT 20 [ RunTime:0.000303s ]
[2021-06-06T23:39:50+08:00][sql] SELECT article_id,article_title,click_num,FROM_UNIXTIME(add_time,'%Y-%m-%d') as add_time FROM `carver_article` ORDER BY `click_num` DESC LIMIT 3 [ RunTime:0.000378s ]
[2021-06-06T23:39:50+08:00][sql] SHOW FULL COLUMNS FROM `carver_comment` [ RunTime:0.000556s ]
[2021-06-06T23:39:50+08:00][sql] SELECT `a`.*,`b`.`user_name` FROM `carver_comment` `a` INNER JOIN `carver_user` `b` ON `a`.`user_id`=`b`.`user_id` WHERE  `article_id` = 17'A=0 ORDER BY `create_time` DESC [ RunTime:0.000354s ]
[2021-06-06T23:39:50+08:00][sql] SHOW FULL COLUMNS FROM `carver_comment_to_others` [ RunTime:0.000514s ]
[2021-06-06T23:39:50+08:00][sql] SELECT * FROM `carver_comment_to_others` [ RunTime:0.000234s ]
[2021-06-06T23:39:50+08:00][sql] SHOW FULL COLUMNS FROM `carver_user` [ RunTime:0.000551s ]
[2021-06-06T23:39:50+08:00][sql] SELECT `user_name` FROM `carver_user` WHERE  `user_id` = 4 LIMIT 1 [ RunTime:0.000251s ]
[2021-06-06T23:39:50+08:00][sql] SELECT `user_name` FROM `carver_user` WHERE  `user_id` = 4 LIMIT 1 [ RunTime:0.000215s ]
[2021-06-06T23:39:50+08:00][sql] SELECT `user_name` FROM `carver_user` WHERE  `user_id` = 5 LIMIT 1 [ RunTime:0.000220s ]
[2021-06-06T23:39:50+08:00][sql] SELECT `user_name` FROM `carver_user` WHERE  `user_id` = 5 LIMIT 1 [ RunTime:0.000223s ]
[2021-06-06T23:39:50+08:00][sql] SELECT `user_name` FROM `carver_user` WHERE  `user_id` = 37 LIMIT 1 [ RunTime:0.000215s ]
[2021-06-06T23:39:50+08:00][sql] SELECT `user_name`,`user_id` FROM `carver_user` [ RunTime:0.000289s ]
[2021-06-06T23:39:50+08:00][sql] SHOW FULL COLUMNS FROM `carver_navigation` [ RunTime:0.000659s ]
[2021-06-06T23:39:50+08:00][sql] SELECT * FROM `carver_navigation` [ RunTime:0.000295s ]
[2021-06-06T23:39:50+08:00][sql] SELECT `article_label` FROM `carver_article` [ RunTime:0.000651s ]
[2021-06-06T23:49:35+08:00][sql] CONNECT:[ UseTime:0.000604s ] mysql:host=127.0.0.1;port=3306;dbname=carver;charset=utf8
[2021-06-06T23:49:35+08:00][sql] SHOW FULL COLUMNS FROM `carver_article` [ RunTime:0.000920s ]
[2021-06-06T23:49:35+08:00][sql] SELECT `article_id`,`article_title`,`article_desc`,`article_content`,`article_img`,`article_guide`,`article_label`,`click_num`,`is_show`,`add_time`,`article_author` FROM `carver_article` WHERE  `article_id` = 17'A=0 LIMIT 1 [ RunTime:0.000567s ]
[2021-06-06T23:49:35+08:00][sql] SELECT `article_id`,`article_title`,`article_desc`,`article_content`,`article_img`,`article_guide`,`article_label`,`click_num`,`is_show`,`add_time`,`article_author` FROM `carver_article` WHERE  `article_id` > 17'A=0 LIMIT 1 [ RunTime:0.000424s ]
[2021-06-06T23:49:35+08:00][sql] SELECT `article_id`,`article_title`,`article_desc`,`article_content`,`article_img`,`article_guide`,`article_label`,`click_num`,`is_show`,`add_time`,`article_author` FROM `carver_article` WHERE  `article_id` < 17'A=0 ORDER BY `article_id` DESC LIMIT 1 [ RunTime:0.000364s ]
[2021-06-06T23:49:35+08:00][sql] SHOW FULL COLUMNS FROM `carver_link` [ RunTime:0.000580s ]
[2021-06-06T23:49:35+08:00][sql] SELECT * FROM `carver_link` WHERE  ( is_confirm=2 ) LIMIT 20 [ RunTime:0.000353s ]
[2021-06-06T23:49:35+08:00][sql] SELECT article_id,article_title,click_num,FROM_UNIXTIME(add_time,'%Y-%m-%d') as add_time FROM `carver_article` ORDER BY `click_num` DESC LIMIT 3 [ RunTime:0.000370s ]
[2021-06-06T23:49:35+08:00][sql] SHOW FULL COLUMNS FROM `carver_comment` [ RunTime:0.000634s ]
[2021-06-06T23:49:35+08:00][sql] SELECT `a`.*,`b`.`user_name` FROM `carver_comment` `a` INNER JOIN `carver_user` `b` ON `a`.`user_id`=`b`.`user_id` WHERE  `article_id` = 17'A=0 ORDER BY `create_time` DESC [ RunTime:0.000338s ]
[2021-06-06T23:49:35+08:00][sql] SHOW FULL COLUMNS FROM `carver_comment_to_others` [ RunTime:0.000596s ]
[2021-06-06T23:49:35+08:00][sql] SELECT * FROM `carver_comment_to_others` [ RunTime:0.000232s ]
[2021-06-06T23:49:35+08:00][sql] SHOW FULL COLUMNS FROM `carver_user` [ RunTime:0.000472s ]
[2021-06-06T23:49:35+08:00][sql] SELECT `user_name` FROM `carver_user` WHERE  `user_id` = 4 LIMIT 1 [ RunTime:0.000241s ]
[2021-06-06T23:49:35+08:00][sql] SELECT `user_name` FROM `carver_user` WHERE  `user_id` = 4 LIMIT 1 [ RunTime:0.000209s ]
[2021-06-06T23:49:35+08:00][sql] SELECT `user_name` FROM `carver_user` WHERE  `user_id` = 5 LIMIT 1 [ RunTime:0.000257s ]
[2021-06-06T23:49:35+08:00][sql] SELECT `user_name` FROM `carver_user` WHERE  `user_id` = 5 LIMIT 1 [ RunTime:0.000226s ]
[2021-06-06T23:49:35+08:00][sql] SELECT `user_name` FROM `carver_user` WHERE  `user_id` = 37 LIMIT 1 [ RunTime:0.000214s ]
[2021-06-06T23:49:35+08:00][sql] SELECT `user_name`,`user_id` FROM `carver_user` [ RunTime:0.000304s ]
[2021-06-06T23:49:35+08:00][sql] SHOW FULL COLUMNS FROM `carver_navigation` [ RunTime:0.000528s ]
[2021-06-06T23:49:35+08:00][sql] SELECT * FROM `carver_navigation` [ RunTime:0.000236s ]
[2021-06-06T23:49:35+08:00][sql] SELECT `article_label` FROM `carver_article` [ RunTime:0.000395s ]
