[2021-06-07T00:54:06+08:00][sql] CONNECT:[ UseTime:0.003293s ] mysql:host=127.0.0.1;port=3306;dbname=carver;charset=utf8
[2021-06-07T00:54:06+08:00][sql] SHOW FULL COLUMNS FROM `carver_article` [ RunTime:0.002054s ]
[2021-06-07T00:54:06+08:00][sql] SELECT `article_id`,`article_title`,`article_desc`,`article_content`,`article_img`,`article_guide`,`article_label`,`click_num`,`is_show`,`add_time`,`article_author` FROM `carver_article` WHERE  `article_id` = 12 LIMIT 1 [ RunTime:0.000539s ]
[2021-06-07T00:54:06+08:00][sql] SELECT `article_id`,`article_title`,`article_desc`,`article_content`,`article_img`,`article_guide`,`article_label`,`click_num`,`is_show`,`add_time`,`article_author` FROM `carver_article` WHERE  `article_id` > 12 LIMIT 1 [ RunTime:0.000389s ]
[2021-06-07T00:54:06+08:00][sql] SELECT `article_id`,`article_title`,`article_desc`,`article_content`,`article_img`,`article_guide`,`article_label`,`click_num`,`is_show`,`add_time`,`article_author` FROM `carver_article` WHERE  `article_id` < 12 ORDER BY `article_id` DESC LIMIT 1 [ RunTime:0.000413s ]
[2021-06-07T00:54:06+08:00][sql] SHOW FULL COLUMNS FROM `carver_link` [ RunTime:0.002274s ]
[2021-06-07T00:54:06+08:00][sql] SELECT * FROM `carver_link` WHERE  ( is_confirm=2 ) LIMIT 20 [ RunTime:0.000431s ]
[2021-06-07T00:54:06+08:00][sql] SELECT article_id,article_title,click_num,FROM_UNIXTIME(add_time,'%Y-%m-%d') as add_time FROM `carver_article` ORDER BY `click_num` DESC LIMIT 3 [ RunTime:0.000491s ]
[2021-06-07T00:54:06+08:00][sql] SHOW FULL COLUMNS FROM `carver_comment` [ RunTime:0.001381s ]
[2021-06-07T00:54:06+08:00][sql] SELECT `a`.*,`b`.`user_name` FROM `carver_comment` `a` INNER JOIN `carver_user` `b` ON `a`.`user_id`=`b`.`user_id` WHERE  `article_id` = 12 ORDER BY `create_time` DESC [ RunTime:0.002922s ]
[2021-06-07T00:54:06+08:00][sql] SHOW FULL COLUMNS FROM `carver_comment_to_others` [ RunTime:0.001591s ]
[2021-06-07T00:54:06+08:00][sql] SELECT * FROM `carver_comment_to_others` [ RunTime:0.000289s ]
[2021-06-07T00:54:06+08:00][sql] SHOW FULL COLUMNS FROM `carver_user` [ RunTime:0.000450s ]
[2021-06-07T00:54:06+08:00][sql] SELECT `user_name` FROM `carver_user` WHERE  `user_id` = 4 LIMIT 1 [ RunTime:0.000327s ]
[2021-06-07T00:54:06+08:00][sql] SELECT `user_name` FROM `carver_user` WHERE  `user_id` = 4 LIMIT 1 [ RunTime:0.000263s ]
[2021-06-07T00:54:06+08:00][sql] SELECT `user_name` FROM `carver_user` WHERE  `user_id` = 5 LIMIT 1 [ RunTime:0.000393s ]
[2021-06-07T00:54:06+08:00][sql] SELECT `user_name` FROM `carver_user` WHERE  `user_id` = 5 LIMIT 1 [ RunTime:0.000305s ]
[2021-06-07T00:54:06+08:00][sql] SELECT `user_name` FROM `carver_user` WHERE  `user_id` = 37 LIMIT 1 [ RunTime:0.000330s ]
[2021-06-07T00:54:06+08:00][sql] SELECT `user_name`,`user_id` FROM `carver_user` [ RunTime:0.000551s ]
[2021-06-07T00:54:06+08:00][sql] SHOW FULL COLUMNS FROM `carver_navigation` [ RunTime:0.001457s ]
[2021-06-07T00:54:06+08:00][sql] SELECT * FROM `carver_navigation` [ RunTime:0.000367s ]
[2021-06-07T00:54:06+08:00][sql] SELECT `article_label` FROM `carver_article` [ RunTime:0.000296s ]
[2021-06-07T01:12:05+08:00][sql] CONNECT:[ UseTime:0.000727s ] mysql:host=127.0.0.1;port=3306;dbname=carver;charset=utf8
[2021-06-07T01:12:05+08:00][sql] SHOW FULL COLUMNS FROM `carver_user` [ RunTime:0.000890s ]
[2021-06-07T01:12:05+08:00][sql] SHOW FULL COLUMNS FROM `carver_article` [ RunTime:0.000834s ]
[2021-06-07T01:12:05+08:00][sql] SELECT COUNT(*) AS think_count FROM `carver_article` WHERE  `delete_time` = 0  AND `is_show` = 1 [ RunTime:0.000423s ]
[2021-06-07T01:12:05+08:00][sql] SELECT `article_id`,`article_title`,`article_desc`,`article_content`,`article_img`,`article_guide`,`article_label`,`click_num`,`is_show`,`add_time`,`article_author`,`is_top_show` FROM `carver_article` WHERE  `delete_time` = 0  AND `is_show` = 1 ORDER BY `article_id` DESC LIMIT 0,6 [ RunTime:0.000804s ]
[2021-06-07T01:12:05+08:00][sql] SELECT article_id,article_title,click_num,FROM_UNIXTIME(add_time,'%Y-%m-%d') as add_time FROM `carver_article` WHERE  `is_show` = 1  AND `delete_time` = 0 ORDER BY `click_num` DESC LIMIT 3 [ RunTime:0.000670s ]
[2021-06-07T01:12:05+08:00][sql] SHOW FULL COLUMNS FROM `carver_notice` [ RunTime:0.001421s ]
[2021-06-07T01:12:05+08:00][sql] SELECT * FROM `carver_notice` ORDER BY `create_time` DESC LIMIT 3 [ RunTime:0.000342s ]
[2021-06-07T01:12:05+08:00][sql] SHOW FULL COLUMNS FROM `carver_navigation` [ RunTime:0.000597s ]
[2021-06-07T01:12:05+08:00][sql] SELECT * FROM `carver_navigation` [ RunTime:0.000310s ]
[2021-06-07T01:12:05+08:00][sql] SHOW FULL COLUMNS FROM `carver_link` [ RunTime:0.000636s ]
[2021-06-07T01:12:05+08:00][sql] SELECT * FROM `carver_link` WHERE  ( is_confirm=2 ) LIMIT 20 [ RunTime:0.000350s ]
[2021-06-07T01:12:05+08:00][sql] SELECT `article_label` FROM `carver_article` [ RunTime:0.000342s ]
[2021-06-07T01:12:05+08:00][sql] SHOW FULL COLUMNS FROM `carver_carouse` [ RunTime:0.001291s ]
[2021-06-07T01:12:05+08:00][sql] SELECT `carouse_img`,`carouse_desc` FROM `carver_carouse` WHERE  `is_show` = 1 ORDER BY `carouse_sort` DESC LIMIT 3 [ RunTime:0.000530s ]
[2021-06-07T01:12:05+08:00][sql] SHOW FULL COLUMNS FROM `carver_site` [ RunTime:0.001487s ]
[2021-06-07T01:12:05+08:00][sql] SELECT * FROM `carver_site` [ RunTime:0.001299s ]
[2021-06-07T02:08:18+08:00][sql] CONNECT:[ UseTime:0.000716s ] mysql:host=127.0.0.1;port=3306;dbname=carver;charset=utf8
[2021-06-07T02:08:18+08:00][sql] SHOW FULL COLUMNS FROM `carver_article` [ RunTime:0.000997s ]
[2021-06-07T02:08:18+08:00][sql] SELECT COUNT(*) AS think_count FROM `carver_article` WHERE  `article_label` LIKE '%php;git%'  AND `delete_time` = 0  AND `is_show` = 1 [ RunTime:0.000424s ]
[2021-06-07T02:08:18+08:00][sql] SELECT * FROM `carver_article` WHERE  `article_label` LIKE '%php;git%'  AND `delete_time` = 0  AND `is_show` = 1 LIMIT 0,6 [ RunTime:0.000986s ]
[2021-06-07T02:08:18+08:00][sql] SELECT article_id,article_title,click_num,FROM_UNIXTIME(add_time,'%Y-%m-%d') as add_time FROM `carver_article` WHERE  `is_show` = 1  AND `delete_time` = 0 ORDER BY `click_num` DESC LIMIT 3 [ RunTime:0.000415s ]
[2021-06-07T02:08:18+08:00][sql] SHOW FULL COLUMNS FROM `carver_notice` [ RunTime:0.000586s ]
[2021-06-07T02:08:18+08:00][sql] SELECT * FROM `carver_notice` ORDER BY `create_time` DESC LIMIT 3 [ RunTime:0.000264s ]
[2021-06-07T02:08:18+08:00][sql] SHOW FULL COLUMNS FROM `carver_navigation` [ RunTime:0.000525s ]
[2021-06-07T02:08:18+08:00][sql] SELECT * FROM `carver_navigation` [ RunTime:0.000247s ]
[2021-06-07T02:08:18+08:00][sql] SHOW FULL COLUMNS FROM `carver_link` [ RunTime:0.000526s ]
[2021-06-07T02:08:18+08:00][sql] SELECT * FROM `carver_link` WHERE  ( is_confirm=2 ) LIMIT 20 [ RunTime:0.000302s ]
[2021-06-07T02:08:18+08:00][sql] SELECT `article_label` FROM `carver_article` [ RunTime:0.000384s ]
[2021-06-07T02:08:18+08:00][sql] SHOW FULL COLUMNS FROM `carver_carouse` [ RunTime:0.000532s ]
[2021-06-07T02:08:18+08:00][sql] SELECT `carouse_img`,`carouse_desc` FROM `carver_carouse` WHERE  `is_show` = 1 ORDER BY `carouse_sort` DESC LIMIT 3 [ RunTime:0.000570s ]
[2021-06-07T02:08:18+08:00][sql] SHOW FULL COLUMNS FROM `carver_site` [ RunTime:0.000520s ]
[2021-06-07T02:08:18+08:00][sql] SELECT * FROM `carver_site` [ RunTime:0.000295s ]
[2021-06-07T02:36:01+08:00][sql] CONNECT:[ UseTime:0.000779s ] mysql:host=127.0.0.1;port=3306;dbname=carver;charset=utf8
[2021-06-07T02:36:01+08:00][sql] SHOW FULL COLUMNS FROM `carver_user` [ RunTime:0.000957s ]
[2021-06-07T02:36:01+08:00][sql] SHOW FULL COLUMNS FROM `carver_article` [ RunTime:0.000867s ]
[2021-06-07T02:36:01+08:00][sql] SELECT COUNT(*) AS think_count FROM `carver_article` WHERE  `delete_time` = 0  AND `is_show` = 1 [ RunTime:0.000389s ]
[2021-06-07T02:36:01+08:00][sql] SELECT `article_id`,`article_title`,`article_desc`,`article_content`,`article_img`,`article_guide`,`article_label`,`click_num`,`is_show`,`add_time`,`article_author`,`is_top_show` FROM `carver_article` WHERE  `delete_time` = 0  AND `is_show` = 1 ORDER BY `article_id` DESC LIMIT 0,6 [ RunTime:0.000790s ]
[2021-06-07T02:36:01+08:00][sql] SELECT article_id,article_title,click_num,FROM_UNIXTIME(add_time,'%Y-%m-%d') as add_time FROM `carver_article` WHERE  `is_show` = 1  AND `delete_time` = 0 ORDER BY `click_num` DESC LIMIT 3 [ RunTime:0.000509s ]
[2021-06-07T02:36:01+08:00][sql] SHOW FULL COLUMNS FROM `carver_notice` [ RunTime:0.000631s ]
[2021-06-07T02:36:01+08:00][sql] SELECT * FROM `carver_notice` ORDER BY `create_time` DESC LIMIT 3 [ RunTime:0.000306s ]
[2021-06-07T02:36:01+08:00][sql] SHOW FULL COLUMNS FROM `carver_navigation` [ RunTime:0.000583s ]
[2021-06-07T02:36:01+08:00][sql] SELECT * FROM `carver_navigation` [ RunTime:0.000352s ]
[2021-06-07T02:36:01+08:00][sql] SHOW FULL COLUMNS FROM `carver_link` [ RunTime:0.000808s ]
[2021-06-07T02:36:01+08:00][sql] SELECT * FROM `carver_link` WHERE  ( is_confirm=2 ) LIMIT 20 [ RunTime:0.000382s ]
[2021-06-07T02:36:01+08:00][sql] SELECT `article_label` FROM `carver_article` [ RunTime:0.000385s ]
[2021-06-07T02:36:01+08:00][sql] SHOW FULL COLUMNS FROM `carver_carouse` [ RunTime:0.000630s ]
[2021-06-07T02:36:01+08:00][sql] SELECT `carouse_img`,`carouse_desc` FROM `carver_carouse` WHERE  `is_show` = 1 ORDER BY `carouse_sort` DESC LIMIT 3 [ RunTime:0.000366s ]
[2021-06-07T02:36:01+08:00][sql] SHOW FULL COLUMNS FROM `carver_site` [ RunTime:0.000615s ]
[2021-06-07T02:36:01+08:00][sql] SELECT * FROM `carver_site` [ RunTime:0.000305s ]
[2021-06-07T02:38:57+08:00][sql] CONNECT:[ UseTime:0.001241s ] mysql:host=127.0.0.1;port=3306;dbname=carver;charset=utf8
[2021-06-07T02:38:57+08:00][sql] SHOW FULL COLUMNS FROM `carver_user` [ RunTime:0.000923s ]
[2021-06-07T02:38:57+08:00][sql] SHOW FULL COLUMNS FROM `carver_article` [ RunTime:0.000750s ]
[2021-06-07T02:38:57+08:00][sql] SELECT COUNT(*) AS think_count FROM `carver_article` WHERE  `delete_time` = 0  AND `is_show` = 1 [ RunTime:0.000433s ]
[2021-06-07T02:38:57+08:00][sql] SELECT `article_id`,`article_title`,`article_desc`,`article_content`,`article_img`,`article_guide`,`article_label`,`click_num`,`is_show`,`add_time`,`article_author`,`is_top_show` FROM `carver_article` WHERE  `delete_time` = 0  AND `is_show` = 1 ORDER BY `article_id` DESC LIMIT 0,6 [ RunTime:0.000800s ]
[2021-06-07T02:38:57+08:00][sql] SELECT article_id,article_title,click_num,FROM_UNIXTIME(add_time,'%Y-%m-%d') as add_time FROM `carver_article` WHERE  `is_show` = 1  AND `delete_time` = 0 ORDER BY `click_num` DESC LIMIT 3 [ RunTime:0.000501s ]
[2021-06-07T02:38:57+08:00][sql] SHOW FULL COLUMNS FROM `carver_notice` [ RunTime:0.000775s ]
[2021-06-07T02:38:57+08:00][sql] SELECT * FROM `carver_notice` ORDER BY `create_time` DESC LIMIT 3 [ RunTime:0.000319s ]
[2021-06-07T02:38:57+08:00][sql] SHOW FULL COLUMNS FROM `carver_navigation` [ RunTime:0.000562s ]
[2021-06-07T02:38:57+08:00][sql] SELECT * FROM `carver_navigation` [ RunTime:0.000244s ]
[2021-06-07T02:38:57+08:00][sql] SHOW FULL COLUMNS FROM `carver_link` [ RunTime:0.000542s ]
[2021-06-07T02:38:57+08:00][sql] SELECT * FROM `carver_link` WHERE  ( is_confirm=2 ) LIMIT 20 [ RunTime:0.000298s ]
[2021-06-07T02:38:57+08:00][sql] SELECT `article_label` FROM `carver_article` [ RunTime:0.000279s ]
[2021-06-07T02:38:57+08:00][sql] SHOW FULL COLUMNS FROM `carver_carouse` [ RunTime:0.000594s ]
[2021-06-07T02:38:57+08:00][sql] SELECT `carouse_img`,`carouse_desc` FROM `carver_carouse` WHERE  `is_show` = 1 ORDER BY `carouse_sort` DESC LIMIT 3 [ RunTime:0.000303s ]
[2021-06-07T02:38:57+08:00][sql] SHOW FULL COLUMNS FROM `carver_site` [ RunTime:0.000539s ]
[2021-06-07T02:38:57+08:00][sql] SELECT * FROM `carver_site` [ RunTime:0.000231s ]
[2021-06-07T02:43:35+08:00][sql] CONNECT:[ UseTime:0.000494s ] mysql:host=127.0.0.1;port=3306;dbname=carver;charset=utf8
[2021-06-07T02:43:35+08:00][sql] SHOW FULL COLUMNS FROM `carver_article` [ RunTime:0.000931s ]
[2021-06-07T02:43:35+08:00][sql] SELECT `article_id`,`article_title`,`article_desc`,`article_content`,`article_img`,`article_guide`,`article_label`,`click_num`,`is_show`,`add_time`,`article_author` FROM `carver_article` WHERE  `article_id` = 17 LIMIT 1 [ RunTime:0.000564s ]
[2021-06-07T02:43:35+08:00][sql] SELECT `article_id`,`article_title`,`article_desc`,`article_content`,`article_img`,`article_guide`,`article_label`,`click_num`,`is_show`,`add_time`,`article_author` FROM `carver_article` WHERE  `article_id` > 17 LIMIT 1 [ RunTime:0.000420s ]
[2021-06-07T02:43:35+08:00][sql] SELECT `article_id`,`article_title`,`article_desc`,`article_content`,`article_img`,`article_guide`,`article_label`,`click_num`,`is_show`,`add_time`,`article_author` FROM `carver_article` WHERE  `article_id` < 17 ORDER BY `article_id` DESC LIMIT 1 [ RunTime:0.000374s ]
[2021-06-07T02:43:35+08:00][sql] SHOW FULL COLUMNS FROM `carver_link` [ RunTime:0.000542s ]
[2021-06-07T02:43:35+08:00][sql] SELECT * FROM `carver_link` WHERE  ( is_confirm=2 ) LIMIT 20 [ RunTime:0.000302s ]
[2021-06-07T02:43:35+08:00][sql] SELECT article_id,article_title,click_num,FROM_UNIXTIME(add_time,'%Y-%m-%d') as add_time FROM `carver_article` ORDER BY `click_num` DESC LIMIT 3 [ RunTime:0.000324s ]
[2021-06-07T02:43:35+08:00][sql] SHOW FULL COLUMNS FROM `carver_comment` [ RunTime:0.000542s ]
[2021-06-07T02:43:35+08:00][sql] SELECT `a`.*,`b`.`user_name` FROM `carver_comment` `a` INNER JOIN `carver_user` `b` ON `a`.`user_id`=`b`.`user_id` WHERE  `article_id` = 17 ORDER BY `create_time` DESC [ RunTime:0.000365s ]
[2021-06-07T02:43:35+08:00][sql] SHOW FULL COLUMNS FROM `carver_comment_to_others` [ RunTime:0.000526s ]
[2021-06-07T02:43:35+08:00][sql] SELECT * FROM `carver_comment_to_others` [ RunTime:0.000240s ]
[2021-06-07T02:43:35+08:00][sql] SHOW FULL COLUMNS FROM `carver_user` [ RunTime:0.000434s ]
[2021-06-07T02:43:35+08:00][sql] SELECT `user_name` FROM `carver_user` WHERE  `user_id` = 4 LIMIT 1 [ RunTime:0.000357s ]
[2021-06-07T02:43:35+08:00][sql] SELECT `user_name` FROM `carver_user` WHERE  `user_id` = 4 LIMIT 1 [ RunTime:0.000207s ]
[2021-06-07T02:43:35+08:00][sql] SELECT `user_name` FROM `carver_user` WHERE  `user_id` = 5 LIMIT 1 [ RunTime:0.000205s ]
[2021-06-07T02:43:35+08:00][sql] SELECT `user_name` FROM `carver_user` WHERE  `user_id` = 5 LIMIT 1 [ RunTime:0.000223s ]
[2021-06-07T02:43:35+08:00][sql] SELECT `user_name` FROM `carver_user` WHERE  `user_id` = 37 LIMIT 1 [ RunTime:0.000209s ]
[2021-06-07T02:43:35+08:00][sql] SELECT `user_name`,`user_id` FROM `carver_user` [ RunTime:0.000249s ]
[2021-06-07T02:43:35+08:00][sql] SHOW FULL COLUMNS FROM `carver_navigation` [ RunTime:0.000498s ]
[2021-06-07T02:43:35+08:00][sql] SELECT * FROM `carver_navigation` [ RunTime:0.000246s ]
[2021-06-07T02:43:35+08:00][sql] SELECT `article_label` FROM `carver_article` [ RunTime:0.000267s ]
[2021-06-07T02:43:36+08:00][sql] CONNECT:[ UseTime:0.000521s ] mysql:host=127.0.0.1;port=3306;dbname=carver;charset=utf8
[2021-06-07T02:43:36+08:00][sql] SHOW FULL COLUMNS FROM `carver_article` [ RunTime:0.000878s ]
[2021-06-07T02:43:36+08:00][sql] SELECT `article_id`,`article_title`,`article_desc`,`article_content`,`article_img`,`article_guide`,`article_label`,`click_num`,`is_show`,`add_time`,`article_author` FROM `carver_article` WHERE  `article_id` = 17'A=0 LIMIT 1 [ RunTime:0.000621s ]
[2021-06-07T02:43:36+08:00][sql] SELECT `article_id`,`article_title`,`article_desc`,`article_content`,`article_img`,`article_guide`,`article_label`,`click_num`,`is_show`,`add_time`,`article_author` FROM `carver_article` WHERE  `article_id` > 17'A=0 LIMIT 1 [ RunTime:0.000426s ]
[2021-06-07T02:43:36+08:00][sql] SELECT `article_id`,`article_title`,`article_desc`,`article_content`,`article_img`,`article_guide`,`article_label`,`click_num`,`is_show`,`add_time`,`article_author` FROM `carver_article` WHERE  `article_id` < 17'A=0 ORDER BY `article_id` DESC LIMIT 1 [ RunTime:0.000354s ]
[2021-06-07T02:43:36+08:00][sql] SHOW FULL COLUMNS FROM `carver_link` [ RunTime:0.000562s ]
[2021-06-07T02:43:36+08:00][sql] SELECT * FROM `carver_link` WHERE  ( is_confirm=2 ) LIMIT 20 [ RunTime:0.000295s ]
[2021-06-07T02:43:36+08:00][sql] SELECT article_id,article_title,click_num,FROM_UNIXTIME(add_time,'%Y-%m-%d') as add_time FROM `carver_article` ORDER BY `click_num` DESC LIMIT 3 [ RunTime:0.000343s ]
[2021-06-07T02:43:36+08:00][sql] SHOW FULL COLUMNS FROM `carver_comment` [ RunTime:0.000518s ]
[2021-06-07T02:43:36+08:00][sql] SELECT `a`.*,`b`.`user_name` FROM `carver_comment` `a` INNER JOIN `carver_user` `b` ON `a`.`user_id`=`b`.`user_id` WHERE  `article_id` = 17'A=0 ORDER BY `create_time` DESC [ RunTime:0.000367s ]
[2021-06-07T02:43:36+08:00][sql] SHOW FULL COLUMNS FROM `carver_comment_to_others` [ RunTime:0.000499s ]
[2021-06-07T02:43:36+08:00][sql] SELECT * FROM `carver_comment_to_others` [ RunTime:0.000225s ]
[2021-06-07T02:43:36+08:00][sql] SHOW FULL COLUMNS FROM `carver_user` [ RunTime:0.000435s ]
[2021-06-07T02:43:36+08:00][sql] SELECT `user_name` FROM `carver_user` WHERE  `user_id` = 4 LIMIT 1 [ RunTime:0.000248s ]
[2021-06-07T02:43:36+08:00][sql] SELECT `user_name` FROM `carver_user` WHERE  `user_id` = 4 LIMIT 1 [ RunTime:0.000207s ]
[2021-06-07T02:43:36+08:00][sql] SELECT `user_name` FROM `carver_user` WHERE  `user_id` = 5 LIMIT 1 [ RunTime:0.000205s ]
[2021-06-07T02:43:36+08:00][sql] SELECT `user_name` FROM `carver_user` WHERE  `user_id` = 5 LIMIT 1 [ RunTime:0.000225s ]
[2021-06-07T02:43:36+08:00][sql] SELECT `user_name` FROM `carver_user` WHERE  `user_id` = 37 LIMIT 1 [ RunTime:0.000211s ]
[2021-06-07T02:43:36+08:00][sql] SHOW FULL COLUMNS FROM `carver_navigation` [ RunTime:0.000670s ]
[2021-06-07T02:43:36+08:00][sql] SELECT * FROM `carver_navigation` [ RunTime:0.000230s ]
[2021-06-07T02:43:36+08:00][sql] SELECT `article_label` FROM `carver_article` [ RunTime:0.000263s ]
[2021-06-07T02:48:27+08:00][sql] CONNECT:[ UseTime:0.000618s ] mysql:host=127.0.0.1;port=3306;dbname=carver;charset=utf8
[2021-06-07T02:48:27+08:00][sql] SHOW FULL COLUMNS FROM `carver_article` [ RunTime:0.000958s ]
[2021-06-07T02:48:27+08:00][sql] SELECT COUNT(*) AS think_count FROM `carver_article` WHERE  `article_guide` = 6  AND `delete_time` = 0  AND `is_show` = 1 [ RunTime:0.000413s ]
[2021-06-07T02:48:27+08:00][sql] SELECT * FROM `carver_article` WHERE  `article_guide` = 6  AND `delete_time` = 0  AND `is_show` = 1 ORDER BY `add_time` DESC LIMIT 24,6 [ RunTime:0.000533s ]
[2021-06-07T02:48:27+08:00][sql] SELECT article_id,article_title,click_num,FROM_UNIXTIME(add_time,'%Y-%m-%d') as add_time FROM `carver_article` WHERE  `is_show` = 1  AND `delete_time` = 0 ORDER BY `click_num` DESC LIMIT 3 [ RunTime:0.000553s ]
[2021-06-07T02:48:27+08:00][sql] SHOW FULL COLUMNS FROM `carver_notice` [ RunTime:0.000694s ]
[2021-06-07T02:48:27+08:00][sql] SELECT * FROM `carver_notice` ORDER BY `create_time` DESC LIMIT 3 [ RunTime:0.000329s ]
[2021-06-07T02:48:27+08:00][sql] SHOW FULL COLUMNS FROM `carver_navigation` [ RunTime:0.000617s ]
[2021-06-07T02:48:27+08:00][sql] SELECT * FROM `carver_navigation` [ RunTime:0.000303s ]
[2021-06-07T02:48:27+08:00][sql] SELECT `article_label` FROM `carver_article` [ RunTime:0.000275s ]
[2021-06-07T02:48:27+08:00][sql] SHOW FULL COLUMNS FROM `carver_carouse` [ RunTime:0.000629s ]
[2021-06-07T02:48:27+08:00][sql] SELECT `carouse_img`,`carouse_desc` FROM `carver_carouse` WHERE  `is_show` = 1 ORDER BY `carouse_sort` DESC LIMIT 3 [ RunTime:0.000320s ]
[2021-06-07T02:48:27+08:00][sql] SHOW FULL COLUMNS FROM `carver_link` [ RunTime:0.000562s ]
[2021-06-07T02:48:27+08:00][sql] SELECT * FROM `carver_link` WHERE  ( is_confirm=2 ) LIMIT 20 [ RunTime:0.000335s ]
[2021-06-07T02:48:27+08:00][sql] SHOW FULL COLUMNS FROM `carver_site` [ RunTime:0.000612s ]
[2021-06-07T02:48:27+08:00][sql] SELECT * FROM `carver_site` [ RunTime:0.000301s ]
[2021-06-07T03:10:21+08:00][sql] CONNECT:[ UseTime:0.000510s ] mysql:host=127.0.0.1;port=3306;dbname=carver;charset=utf8
[2021-06-07T03:10:21+08:00][sql] SHOW FULL COLUMNS FROM `carver_article` [ RunTime:0.000970s ]
[2021-06-07T03:10:21+08:00][sql] SELECT `article_id`,`article_title`,`article_desc`,`article_content`,`article_img`,`article_guide`,`article_label`,`click_num`,`is_show`,`add_time`,`article_author` FROM `carver_article` WHERE  `article_id` = 17'A=0 LIMIT 1 [ RunTime:0.000584s ]
[2021-06-07T03:10:21+08:00][sql] SELECT `article_id`,`article_title`,`article_desc`,`article_content`,`article_img`,`article_guide`,`article_label`,`click_num`,`is_show`,`add_time`,`article_author` FROM `carver_article` WHERE  `article_id` > 17'A=0 LIMIT 1 [ RunTime:0.000486s ]
[2021-06-07T03:10:21+08:00][sql] SELECT `article_id`,`article_title`,`article_desc`,`article_content`,`article_img`,`article_guide`,`article_label`,`click_num`,`is_show`,`add_time`,`article_author` FROM `carver_article` WHERE  `article_id` < 17'A=0 ORDER BY `article_id` DESC LIMIT 1 [ RunTime:0.000360s ]
[2021-06-07T03:10:21+08:00][sql] SHOW FULL COLUMNS FROM `carver_link` [ RunTime:0.000556s ]
[2021-06-07T03:10:21+08:00][sql] SELECT * FROM `carver_link` WHERE  ( is_confirm=2 ) LIMIT 20 [ RunTime:0.000334s ]
[2021-06-07T03:10:21+08:00][sql] SELECT article_id,article_title,click_num,FROM_UNIXTIME(add_time,'%Y-%m-%d') as add_time FROM `carver_article` ORDER BY `click_num` DESC LIMIT 3 [ RunTime:0.000389s ]
[2021-06-07T03:10:21+08:00][sql] SHOW FULL COLUMNS FROM `carver_comment` [ RunTime:0.000638s ]
[2021-06-07T03:10:21+08:00][sql] SELECT `a`.*,`b`.`user_name` FROM `carver_comment` `a` INNER JOIN `carver_user` `b` ON `a`.`user_id`=`b`.`user_id` WHERE  `article_id` = 17'A=0 ORDER BY `create_time` DESC [ RunTime:0.000423s ]
[2021-06-07T03:10:21+08:00][sql] SHOW FULL COLUMNS FROM `carver_comment_to_others` [ RunTime:0.000596s ]
[2021-06-07T03:10:21+08:00][sql] SELECT * FROM `carver_comment_to_others` [ RunTime:0.000273s ]
[2021-06-07T03:10:21+08:00][sql] SHOW FULL COLUMNS FROM `carver_user` [ RunTime:0.000462s ]
[2021-06-07T03:10:21+08:00][sql] SELECT `user_name` FROM `carver_user` WHERE  `user_id` = 4 LIMIT 1 [ RunTime:0.000275s ]
[2021-06-07T03:10:21+08:00][sql] SELECT `user_name` FROM `carver_user` WHERE  `user_id` = 4 LIMIT 1 [ RunTime:0.000227s ]
[2021-06-07T03:10:21+08:00][sql] SELECT `user_name` FROM `carver_user` WHERE  `user_id` = 5 LIMIT 1 [ RunTime:0.000225s ]
[2021-06-07T03:10:21+08:00][sql] SELECT `user_name` FROM `carver_user` WHERE  `user_id` = 5 LIMIT 1 [ RunTime:0.000222s ]
[2021-06-07T03:10:21+08:00][sql] SELECT `user_name` FROM `carver_user` WHERE  `user_id` = 37 LIMIT 1 [ RunTime:0.000229s ]
[2021-06-07T03:10:21+08:00][sql] SELECT `user_name`,`user_id` FROM `carver_user` [ RunTime:0.000276s ]
[2021-06-07T03:10:21+08:00][sql] SHOW FULL COLUMNS FROM `carver_navigation` [ RunTime:0.000975s ]
[2021-06-07T03:10:21+08:00][sql] SELECT * FROM `carver_navigation` [ RunTime:0.000260s ]
[2021-06-07T03:10:21+08:00][sql] SELECT `article_label` FROM `carver_article` [ RunTime:0.000293s ]
[2021-06-07T04:24:41+08:00][sql] CONNECT:[ UseTime:0.000980s ] mysql:host=127.0.0.1;port=3306;dbname=carver;charset=utf8
[2021-06-07T04:24:41+08:00][sql] SHOW FULL COLUMNS FROM `carver_article` [ RunTime:0.000976s ]
[2021-06-07T04:24:41+08:00][sql] SELECT `article_id`,`article_title`,`article_desc`,`article_content`,`article_img`,`article_guide`,`article_label`,`click_num`,`is_show`,`add_time`,`article_author` FROM `carver_article` WHERE  `article_id` = 25/ LIMIT 1 [ RunTime:0.000471s ]
[2021-06-07T04:24:41+08:00][sql] SELECT `article_id`,`article_title`,`article_desc`,`article_content`,`article_img`,`article_guide`,`article_label`,`click_num`,`is_show`,`add_time`,`article_author` FROM `carver_article` WHERE  `article_id` > 25/ LIMIT 1 [ RunTime:0.000549s ]
[2021-06-07T04:24:41+08:00][sql] SELECT `article_id`,`article_title`,`article_desc`,`article_content`,`article_img`,`article_guide`,`article_label`,`click_num`,`is_show`,`add_time`,`article_author` FROM `carver_article` WHERE  `article_id` < 25/ ORDER BY `article_id` DESC LIMIT 1 [ RunTime:0.000444s ]
[2021-06-07T04:24:41+08:00][sql] SHOW FULL COLUMNS FROM `carver_link` [ RunTime:0.000838s ]
[2021-06-07T04:24:41+08:00][sql] SELECT * FROM `carver_link` WHERE  ( is_confirm=2 ) LIMIT 20 [ RunTime:0.000306s ]
[2021-06-07T04:24:41+08:00][sql] SELECT article_id,article_title,click_num,FROM_UNIXTIME(add_time,'%Y-%m-%d') as add_time FROM `carver_article` ORDER BY `click_num` DESC LIMIT 3 [ RunTime:0.000378s ]
[2021-06-07T04:24:41+08:00][sql] SHOW FULL COLUMNS FROM `carver_comment` [ RunTime:0.000584s ]
[2021-06-07T04:24:41+08:00][sql] SELECT `a`.*,`b`.`user_name` FROM `carver_comment` `a` INNER JOIN `carver_user` `b` ON `a`.`user_id`=`b`.`user_id` WHERE  `article_id` = 25/ ORDER BY `create_time` DESC [ RunTime:0.000641s ]
[2021-06-07T04:24:41+08:00][sql] SHOW FULL COLUMNS FROM `carver_comment_to_others` [ RunTime:0.000578s ]
[2021-06-07T04:24:41+08:00][sql] SELECT * FROM `carver_comment_to_others` [ RunTime:0.000251s ]
[2021-06-07T04:24:41+08:00][sql] SHOW FULL COLUMNS FROM `carver_user` [ RunTime:0.000493s ]
[2021-06-07T04:24:41+08:00][sql] SELECT `user_name` FROM `carver_user` WHERE  `user_id` = 4 LIMIT 1 [ RunTime:0.000264s ]
[2021-06-07T04:24:41+08:00][sql] SELECT `user_name` FROM `carver_user` WHERE  `user_id` = 4 LIMIT 1 [ RunTime:0.000226s ]
[2021-06-07T04:24:41+08:00][sql] SELECT `user_name` FROM `carver_user` WHERE  `user_id` = 5 LIMIT 1 [ RunTime:0.000223s ]
[2021-06-07T04:24:41+08:00][sql] SELECT `user_name` FROM `carver_user` WHERE  `user_id` = 5 LIMIT 1 [ RunTime:0.000221s ]
[2021-06-07T04:24:41+08:00][sql] SELECT `user_name` FROM `carver_user` WHERE  `user_id` = 37 LIMIT 1 [ RunTime:0.000225s ]
[2021-06-07T04:24:41+08:00][sql] SELECT `user_name`,`user_id` FROM `carver_user` [ RunTime:0.000262s ]
[2021-06-07T04:24:41+08:00][sql] SHOW FULL COLUMNS FROM `carver_navigation` [ RunTime:0.000782s ]
[2021-06-07T04:24:41+08:00][sql] SELECT * FROM `carver_navigation` [ RunTime:0.000256s ]
[2021-06-07T04:24:41+08:00][sql] SELECT `article_label` FROM `carver_article` [ RunTime:0.000250s ]
[2021-06-07T04:24:43+08:00][sql] CONNECT:[ UseTime:0.000542s ] mysql:host=127.0.0.1;port=3306;dbname=carver;charset=utf8
[2021-06-07T04:24:43+08:00][sql] SHOW FULL COLUMNS FROM `carver_article` [ RunTime:0.000881s ]
[2021-06-07T04:24:43+08:00][sql] SELECT `article_id`,`article_title`,`article_desc`,`article_content`,`article_img`,`article_guide`,`article_label`,`click_num`,`is_show`,`add_time`,`article_author` FROM `carver_article` WHERE  `article_id` = 26/ LIMIT 1 [ RunTime:0.000581s ]
[2021-06-07T04:24:43+08:00][sql] SELECT `article_id`,`article_title`,`article_desc`,`article_content`,`article_img`,`article_guide`,`article_label`,`click_num`,`is_show`,`add_time`,`article_author` FROM `carver_article` WHERE  `article_id` > 26/ LIMIT 1 [ RunTime:0.000366s ]
[2021-06-07T04:24:43+08:00][sql] SELECT `article_id`,`article_title`,`article_desc`,`article_content`,`article_img`,`article_guide`,`article_label`,`click_num`,`is_show`,`add_time`,`article_author` FROM `carver_article` WHERE  `article_id` < 26/ ORDER BY `article_id` DESC LIMIT 1 [ RunTime:0.000392s ]
[2021-06-07T04:24:43+08:00][sql] SHOW FULL COLUMNS FROM `carver_link` [ RunTime:0.000596s ]
[2021-06-07T04:24:43+08:00][sql] SELECT * FROM `carver_link` WHERE  ( is_confirm=2 ) LIMIT 20 [ RunTime:0.000305s ]
[2021-06-07T04:24:43+08:00][sql] SELECT article_id,article_title,click_num,FROM_UNIXTIME(add_time,'%Y-%m-%d') as add_time FROM `carver_article` ORDER BY `click_num` DESC LIMIT 3 [ RunTime:0.000374s ]
[2021-06-07T04:24:43+08:00][sql] SHOW FULL COLUMNS FROM `carver_comment` [ RunTime:0.000530s ]
[2021-06-07T04:24:43+08:00][sql] SELECT `a`.*,`b`.`user_name` FROM `carver_comment` `a` INNER JOIN `carver_user` `b` ON `a`.`user_id`=`b`.`user_id` WHERE  `article_id` = 26/ ORDER BY `create_time` DESC [ RunTime:0.000372s ]
[2021-06-07T04:24:43+08:00][sql] SHOW FULL COLUMNS FROM `carver_comment_to_others` [ RunTime:0.000505s ]
[2021-06-07T04:24:43+08:00][sql] SELECT * FROM `carver_comment_to_others` [ RunTime:0.000241s ]
[2021-06-07T04:24:43+08:00][sql] SHOW FULL COLUMNS FROM `carver_user` [ RunTime:0.000447s ]
[2021-06-07T04:24:43+08:00][sql] SELECT `user_name` FROM `carver_user` WHERE  `user_id` = 4 LIMIT 1 [ RunTime:0.000244s ]
[2021-06-07T04:24:43+08:00][sql] SELECT `user_name` FROM `carver_user` WHERE  `user_id` = 4 LIMIT 1 [ RunTime:0.000212s ]
[2021-06-07T04:24:43+08:00][sql] SELECT `user_name` FROM `carver_user` WHERE  `user_id` = 5 LIMIT 1 [ RunTime:0.000222s ]
[2021-06-07T04:24:43+08:00][sql] SELECT `user_name` FROM `carver_user` WHERE  `user_id` = 5 LIMIT 1 [ RunTime:0.000204s ]
[2021-06-07T04:24:43+08:00][sql] SELECT `user_name` FROM `carver_user` WHERE  `user_id` = 37 LIMIT 1 [ RunTime:0.000225s ]
[2021-06-07T04:24:43+08:00][sql] SHOW FULL COLUMNS FROM `carver_navigation` [ RunTime:0.000515s ]
[2021-06-07T04:24:43+08:00][sql] SELECT * FROM `carver_navigation` [ RunTime:0.000239s ]
[2021-06-07T04:24:43+08:00][sql] SELECT `article_label` FROM `carver_article` [ RunTime:0.000253s ]
[2021-06-07T04:24:45+08:00][sql] CONNECT:[ UseTime:0.000555s ] mysql:host=127.0.0.1;port=3306;dbname=carver;charset=utf8
[2021-06-07T04:24:45+08:00][sql] SHOW FULL COLUMNS FROM `carver_article` [ RunTime:0.000847s ]
[2021-06-07T04:24:45+08:00][sql] SELECT COUNT(*) AS think_count FROM `carver_article` WHERE  `article_label` LIKE '%javascript;c%'  AND `delete_time` = 0  AND `is_show` = 1 [ RunTime:0.000395s ]
[2021-06-07T04:24:45+08:00][sql] SELECT * FROM `carver_article` WHERE  `article_label` LIKE '%javascript;c%'  AND `delete_time` = 0  AND `is_show` = 1 LIMIT 0,6 [ RunTime:0.000905s ]
[2021-06-07T04:24:45+08:00][sql] SELECT article_id,article_title,click_num,FROM_UNIXTIME(add_time,'%Y-%m-%d') as add_time FROM `carver_article` WHERE  `is_show` = 1  AND `delete_time` = 0 ORDER BY `click_num` DESC LIMIT 3 [ RunTime:0.000436s ]
[2021-06-07T04:24:45+08:00][sql] SHOW FULL COLUMNS FROM `carver_notice` [ RunTime:0.000629s ]
[2021-06-07T04:24:45+08:00][sql] SELECT * FROM `carver_notice` ORDER BY `create_time` DESC LIMIT 3 [ RunTime:0.000281s ]
[2021-06-07T04:24:45+08:00][sql] SHOW FULL COLUMNS FROM `carver_navigation` [ RunTime:0.000550s ]
[2021-06-07T04:24:45+08:00][sql] SELECT * FROM `carver_navigation` [ RunTime:0.000284s ]
[2021-06-07T04:24:45+08:00][sql] SHOW FULL COLUMNS FROM `carver_link` [ RunTime:0.000567s ]
[2021-06-07T04:24:45+08:00][sql] SELECT * FROM `carver_link` WHERE  ( is_confirm=2 ) LIMIT 20 [ RunTime:0.000327s ]
[2021-06-07T04:24:45+08:00][sql] SELECT `article_label` FROM `carver_article` [ RunTime:0.000320s ]
[2021-06-07T04:24:45+08:00][sql] SHOW FULL COLUMNS FROM `carver_carouse` [ RunTime:0.000530s ]
[2021-06-07T04:24:45+08:00][sql] SELECT `carouse_img`,`carouse_desc` FROM `carver_carouse` WHERE  `is_show` = 1 ORDER BY `carouse_sort` DESC LIMIT 3 [ RunTime:0.000291s ]
[2021-06-07T04:24:45+08:00][sql] SHOW FULL COLUMNS FROM `carver_site` [ RunTime:0.000591s ]
[2021-06-07T04:24:45+08:00][sql] SELECT * FROM `carver_site` [ RunTime:0.000288s ]
[2021-06-07T04:24:47+08:00][sql] CONNECT:[ UseTime:0.000913s ] mysql:host=127.0.0.1;port=3306;dbname=carver;charset=utf8
[2021-06-07T04:24:47+08:00][sql] SHOW FULL COLUMNS FROM `carver_article` [ RunTime:0.000849s ]
[2021-06-07T04:24:47+08:00][sql] SELECT COUNT(*) AS think_count FROM `carver_article` WHERE  `article_label` LIKE '%php;c%'  AND `delete_time` = 0  AND `is_show` = 1 [ RunTime:0.000414s ]
[2021-06-07T04:24:47+08:00][sql] SELECT * FROM `carver_article` WHERE  `article_label` LIKE '%php;c%'  AND `delete_time` = 0  AND `is_show` = 1 LIMIT 0,6 [ RunTime:0.000923s ]
[2021-06-07T04:24:47+08:00][sql] SELECT article_id,article_title,click_num,FROM_UNIXTIME(add_time,'%Y-%m-%d') as add_time FROM `carver_article` WHERE  `is_show` = 1  AND `delete_time` = 0 ORDER BY `click_num` DESC LIMIT 3 [ RunTime:0.002077s ]
[2021-06-07T04:24:47+08:00][sql] SHOW FULL COLUMNS FROM `carver_notice` [ RunTime:0.000681s ]
[2021-06-07T04:24:47+08:00][sql] SELECT * FROM `carver_notice` ORDER BY `create_time` DESC LIMIT 3 [ RunTime:0.000327s ]
[2021-06-07T04:24:47+08:00][sql] SHOW FULL COLUMNS FROM `carver_navigation` [ RunTime:0.000568s ]
[2021-06-07T04:24:47+08:00][sql] SELECT * FROM `carver_navigation` [ RunTime:0.000288s ]
[2021-06-07T04:24:47+08:00][sql] SHOW FULL COLUMNS FROM `carver_link` [ RunTime:0.000551s ]
[2021-06-07T04:24:47+08:00][sql] SELECT * FROM `carver_link` WHERE  ( is_confirm=2 ) LIMIT 20 [ RunTime:0.000343s ]
[2021-06-07T04:24:47+08:00][sql] SELECT `article_label` FROM `carver_article` [ RunTime:0.000275s ]
[2021-06-07T04:24:47+08:00][sql] SHOW FULL COLUMNS FROM `carver_carouse` [ RunTime:0.000559s ]
[2021-06-07T04:24:47+08:00][sql] SELECT `carouse_img`,`carouse_desc` FROM `carver_carouse` WHERE  `is_show` = 1 ORDER BY `carouse_sort` DESC LIMIT 3 [ RunTime:0.000318s ]
[2021-06-07T04:24:47+08:00][sql] SHOW FULL COLUMNS FROM `carver_site` [ RunTime:0.000540s ]
[2021-06-07T04:24:47+08:00][sql] SELECT * FROM `carver_site` [ RunTime:0.000311s ]
[2021-06-07T04:24:49+08:00][sql] CONNECT:[ UseTime:0.000653s ] mysql:host=127.0.0.1;port=3306;dbname=carver;charset=utf8
[2021-06-07T04:24:49+08:00][sql] SHOW FULL COLUMNS FROM `carver_article` [ RunTime:0.000940s ]
[2021-06-07T04:24:49+08:00][sql] SELECT COUNT(*) AS think_count FROM `carver_article` WHERE  `article_label` LIKE '%php;git/%'  AND `delete_time` = 0  AND `is_show` = 1 [ RunTime:0.000457s ]
[2021-06-07T04:24:49+08:00][sql] SELECT * FROM `carver_article` WHERE  `article_label` LIKE '%php;git/%'  AND `delete_time` = 0  AND `is_show` = 1 LIMIT 0,6 [ RunTime:0.000999s ]
[2021-06-07T04:24:49+08:00][sql] SELECT article_id,article_title,click_num,FROM_UNIXTIME(add_time,'%Y-%m-%d') as add_time FROM `carver_article` WHERE  `is_show` = 1  AND `delete_time` = 0 ORDER BY `click_num` DESC LIMIT 3 [ RunTime:0.000463s ]
[2021-06-07T04:24:49+08:00][sql] SHOW FULL COLUMNS FROM `carver_notice` [ RunTime:0.000624s ]
[2021-06-07T04:24:49+08:00][sql] SELECT * FROM `carver_notice` ORDER BY `create_time` DESC LIMIT 3 [ RunTime:0.000306s ]
[2021-06-07T04:24:49+08:00][sql] SHOW FULL COLUMNS FROM `carver_navigation` [ RunTime:0.000625s ]
[2021-06-07T04:24:49+08:00][sql] SELECT * FROM `carver_navigation` [ RunTime:0.000328s ]
[2021-06-07T04:24:49+08:00][sql] SHOW FULL COLUMNS FROM `carver_link` [ RunTime:0.000616s ]
[2021-06-07T04:24:49+08:00][sql] SELECT * FROM `carver_link` WHERE  ( is_confirm=2 ) LIMIT 20 [ RunTime:0.000371s ]
[2021-06-07T04:24:49+08:00][sql] SELECT `article_label` FROM `carver_article` [ RunTime:0.000261s ]
[2021-06-07T04:24:49+08:00][sql] SHOW FULL COLUMNS FROM `carver_carouse` [ RunTime:0.000585s ]
[2021-06-07T04:24:49+08:00][sql] SELECT `carouse_img`,`carouse_desc` FROM `carver_carouse` WHERE  `is_show` = 1 ORDER BY `carouse_sort` DESC LIMIT 3 [ RunTime:0.000315s ]
[2021-06-07T04:24:49+08:00][sql] SHOW FULL COLUMNS FROM `carver_site` [ RunTime:0.000575s ]
[2021-06-07T04:24:49+08:00][sql] SELECT * FROM `carver_site` [ RunTime:0.000322s ]
[2021-06-07T04:24:51+08:00][sql] CONNECT:[ UseTime:0.000489s ] mysql:host=127.0.0.1;port=3306;dbname=carver;charset=utf8
[2021-06-07T04:24:51+08:00][sql] SHOW FULL COLUMNS FROM `carver_article` [ RunTime:0.000894s ]
[2021-06-07T04:24:51+08:00][sql] SELECT COUNT(*) AS think_count FROM `carver_article` WHERE  `article_label` LIKE '%php;javascript;c%'  AND `delete_time` = 0  AND `is_show` = 1 [ RunTime:0.000481s ]
[2021-06-07T04:24:51+08:00][sql] SELECT * FROM `carver_article` WHERE  `article_label` LIKE '%php;javascript;c%'  AND `delete_time` = 0  AND `is_show` = 1 LIMIT 0,6 [ RunTime:0.000940s ]
[2021-06-07T04:24:51+08:00][sql] SELECT article_id,article_title,click_num,FROM_UNIXTIME(add_time,'%Y-%m-%d') as add_time FROM `carver_article` WHERE  `is_show` = 1  AND `delete_time` = 0 ORDER BY `click_num` DESC LIMIT 3 [ RunTime:0.000446s ]
[2021-06-07T04:24:51+08:00][sql] SHOW FULL COLUMNS FROM `carver_notice` [ RunTime:0.001137s ]
[2021-06-07T04:24:51+08:00][sql] SELECT * FROM `carver_notice` ORDER BY `create_time` DESC LIMIT 3 [ RunTime:0.000385s ]
[2021-06-07T04:24:51+08:00][sql] SHOW FULL COLUMNS FROM `carver_navigation` [ RunTime:0.000617s ]
[2021-06-07T04:24:51+08:00][sql] SELECT * FROM `carver_navigation` [ RunTime:0.000300s ]
[2021-06-07T04:24:51+08:00][sql] SHOW FULL COLUMNS FROM `carver_link` [ RunTime:0.000615s ]
[2021-06-07T04:24:51+08:00][sql] SELECT * FROM `carver_link` WHERE  ( is_confirm=2 ) LIMIT 20 [ RunTime:0.000372s ]
[2021-06-07T04:24:51+08:00][sql] SELECT `article_label` FROM `carver_article` [ RunTime:0.000322s ]
[2021-06-07T04:24:51+08:00][sql] SHOW FULL COLUMNS FROM `carver_carouse` [ RunTime:0.000577s ]
[2021-06-07T04:24:51+08:00][sql] SELECT `carouse_img`,`carouse_desc` FROM `carver_carouse` WHERE  `is_show` = 1 ORDER BY `carouse_sort` DESC LIMIT 3 [ RunTime:0.000716s ]
[2021-06-07T04:24:51+08:00][sql] SHOW FULL COLUMNS FROM `carver_site` [ RunTime:0.000582s ]
[2021-06-07T04:24:51+08:00][sql] SELECT * FROM `carver_site` [ RunTime:0.000327s ]
[2021-06-07T04:24:54+08:00][sql] CONNECT:[ UseTime:0.000534s ] mysql:host=127.0.0.1;port=3306;dbname=carver;charset=utf8
[2021-06-07T04:24:54+08:00][sql] SHOW FULL COLUMNS FROM `carver_article` [ RunTime:0.000896s ]
[2021-06-07T04:24:54+08:00][sql] SELECT COUNT(*) AS think_count FROM `carver_article` WHERE  `article_label` LIKE '%php;linux/%'  AND `delete_time` = 0  AND `is_show` = 1 [ RunTime:0.000416s ]
[2021-06-07T04:24:54+08:00][sql] SELECT * FROM `carver_article` WHERE  `article_label` LIKE '%php;linux/%'  AND `delete_time` = 0  AND `is_show` = 1 LIMIT 0,6 [ RunTime:0.000932s ]
[2021-06-07T04:24:54+08:00][sql] SELECT article_id,article_title,click_num,FROM_UNIXTIME(add_time,'%Y-%m-%d') as add_time FROM `carver_article` WHERE  `is_show` = 1  AND `delete_time` = 0 ORDER BY `click_num` DESC LIMIT 3 [ RunTime:0.000438s ]
[2021-06-07T04:24:54+08:00][sql] SHOW FULL COLUMNS FROM `carver_notice` [ RunTime:0.000666s ]
[2021-06-07T04:24:54+08:00][sql] SELECT * FROM `carver_notice` ORDER BY `create_time` DESC LIMIT 3 [ RunTime:0.000297s ]
[2021-06-07T04:24:54+08:00][sql] SHOW FULL COLUMNS FROM `carver_navigation` [ RunTime:0.000556s ]
[2021-06-07T04:24:54+08:00][sql] SELECT * FROM `carver_navigation` [ RunTime:0.000357s ]
[2021-06-07T04:24:54+08:00][sql] SHOW FULL COLUMNS FROM `carver_link` [ RunTime:0.000568s ]
[2021-06-07T04:24:54+08:00][sql] SELECT * FROM `carver_link` WHERE  ( is_confirm=2 ) LIMIT 20 [ RunTime:0.000362s ]
[2021-06-07T04:24:54+08:00][sql] SELECT `article_label` FROM `carver_article` [ RunTime:0.000277s ]
[2021-06-07T04:24:54+08:00][sql] SHOW FULL COLUMNS FROM `carver_carouse` [ RunTime:0.000539s ]
[2021-06-07T04:24:54+08:00][sql] SELECT `carouse_img`,`carouse_desc` FROM `carver_carouse` WHERE  `is_show` = 1 ORDER BY `carouse_sort` DESC LIMIT 3 [ RunTime:0.000305s ]
[2021-06-07T04:24:54+08:00][sql] SHOW FULL COLUMNS FROM `carver_site` [ RunTime:0.000563s ]
[2021-06-07T04:24:54+08:00][sql] SELECT * FROM `carver_site` [ RunTime:0.000307s ]
[2021-06-07T04:24:56+08:00][sql] CONNECT:[ UseTime:0.000556s ] mysql:host=127.0.0.1;port=3306;dbname=carver;charset=utf8
[2021-06-07T04:24:56+08:00][sql] SHOW FULL COLUMNS FROM `carver_article` [ RunTime:0.000845s ]
[2021-06-07T04:24:56+08:00][sql] SELECT COUNT(*) AS think_count FROM `carver_article` WHERE  `article_label` LIKE '%php;mysql/%'  AND `delete_time` = 0  AND `is_show` = 1 [ RunTime:0.000415s ]
[2021-06-07T04:24:56+08:00][sql] SELECT * FROM `carver_article` WHERE  `article_label` LIKE '%php;mysql/%'  AND `delete_time` = 0  AND `is_show` = 1 LIMIT 0,6 [ RunTime:0.000926s ]
[2021-06-07T04:24:56+08:00][sql] SELECT article_id,article_title,click_num,FROM_UNIXTIME(add_time,'%Y-%m-%d') as add_time FROM `carver_article` WHERE  `is_show` = 1  AND `delete_time` = 0 ORDER BY `click_num` DESC LIMIT 3 [ RunTime:0.000412s ]
[2021-06-07T04:24:56+08:00][sql] SHOW FULL COLUMNS FROM `carver_notice` [ RunTime:0.000604s ]
[2021-06-07T04:24:56+08:00][sql] SELECT * FROM `carver_notice` ORDER BY `create_time` DESC LIMIT 3 [ RunTime:0.000316s ]
[2021-06-07T04:24:56+08:00][sql] SHOW FULL COLUMNS FROM `carver_navigation` [ RunTime:0.000569s ]
[2021-06-07T04:24:56+08:00][sql] SELECT * FROM `carver_navigation` [ RunTime:0.000273s ]
[2021-06-07T04:24:56+08:00][sql] SHOW FULL COLUMNS FROM `carver_link` [ RunTime:0.000530s ]
[2021-06-07T04:24:56+08:00][sql] SELECT * FROM `carver_link` WHERE  ( is_confirm=2 ) LIMIT 20 [ RunTime:0.000497s ]
[2021-06-07T04:24:56+08:00][sql] SELECT `article_label` FROM `carver_article` [ RunTime:0.000284s ]
[2021-06-07T04:24:56+08:00][sql] SHOW FULL COLUMNS FROM `carver_carouse` [ RunTime:0.000561s ]
[2021-06-07T04:24:56+08:00][sql] SELECT `carouse_img`,`carouse_desc` FROM `carver_carouse` WHERE  `is_show` = 1 ORDER BY `carouse_sort` DESC LIMIT 3 [ RunTime:0.000319s ]
[2021-06-07T04:24:56+08:00][sql] SHOW FULL COLUMNS FROM `carver_site` [ RunTime:0.000608s ]
[2021-06-07T04:24:56+08:00][sql] SELECT * FROM `carver_site` [ RunTime:0.000321s ]
[2021-06-07T04:24:58+08:00][sql] CONNECT:[ UseTime:0.000950s ] mysql:host=127.0.0.1;port=3306;dbname=carver;charset=utf8
[2021-06-07T04:24:58+08:00][sql] SHOW FULL COLUMNS FROM `carver_article` [ RunTime:0.000822s ]
[2021-06-07T04:24:58+08:00][sql] SELECT COUNT(*) AS think_count FROM `carver_article` WHERE  `article_label` LIKE '%php;nginx/%'  AND `delete_time` = 0  AND `is_show` = 1 [ RunTime:0.000388s ]
[2021-06-07T04:24:58+08:00][sql] SELECT * FROM `carver_article` WHERE  `article_label` LIKE '%php;nginx/%'  AND `delete_time` = 0  AND `is_show` = 1 LIMIT 0,6 [ RunTime:0.000897s ]
[2021-06-07T04:24:58+08:00][sql] SELECT article_id,article_title,click_num,FROM_UNIXTIME(add_time,'%Y-%m-%d') as add_time FROM `carver_article` WHERE  `is_show` = 1  AND `delete_time` = 0 ORDER BY `click_num` DESC LIMIT 3 [ RunTime:0.000466s ]
[2021-06-07T04:24:58+08:00][sql] SHOW FULL COLUMNS FROM `carver_notice` [ RunTime:0.000698s ]
[2021-06-07T04:24:58+08:00][sql] SELECT * FROM `carver_notice` ORDER BY `create_time` DESC LIMIT 3 [ RunTime:0.000313s ]
[2021-06-07T04:24:58+08:00][sql] SHOW FULL COLUMNS FROM `carver_navigation` [ RunTime:0.000529s ]
[2021-06-07T04:24:58+08:00][sql] SELECT * FROM `carver_navigation` [ RunTime:0.000280s ]
[2021-06-07T04:24:58+08:00][sql] SHOW FULL COLUMNS FROM `carver_link` [ RunTime:0.000533s ]
[2021-06-07T04:24:58+08:00][sql] SELECT * FROM `carver_link` WHERE  ( is_confirm=2 ) LIMIT 20 [ RunTime:0.000378s ]
[2021-06-07T04:24:58+08:00][sql] SELECT `article_label` FROM `carver_article` [ RunTime:0.000285s ]
[2021-06-07T04:24:58+08:00][sql] SHOW FULL COLUMNS FROM `carver_carouse` [ RunTime:0.000515s ]
[2021-06-07T04:24:58+08:00][sql] SELECT `carouse_img`,`carouse_desc` FROM `carver_carouse` WHERE  `is_show` = 1 ORDER BY `carouse_sort` DESC LIMIT 3 [ RunTime:0.000300s ]
[2021-06-07T04:24:58+08:00][sql] SHOW FULL COLUMNS FROM `carver_site` [ RunTime:0.000550s ]
[2021-06-07T04:24:58+08:00][sql] SELECT * FROM `carver_site` [ RunTime:0.000298s ]
[2021-06-07T04:25:00+08:00][sql] CONNECT:[ UseTime:0.001801s ] mysql:host=127.0.0.1;port=3306;dbname=carver;charset=utf8
[2021-06-07T04:25:00+08:00][sql] SHOW FULL COLUMNS FROM `carver_article` [ RunTime:0.001166s ]
[2021-06-07T04:25:00+08:00][sql] SELECT COUNT(*) AS think_count FROM `carver_article` WHERE  `article_label` LIKE '%php;swoole/%'  AND `delete_time` = 0  AND `is_show` = 1 [ RunTime:0.000552s ]
[2021-06-07T04:25:00+08:00][sql] SELECT * FROM `carver_article` WHERE  `article_label` LIKE '%php;swoole/%'  AND `delete_time` = 0  AND `is_show` = 1 LIMIT 0,6 [ RunTime:0.001264s ]
[2021-06-07T04:25:00+08:00][sql] SELECT article_id,article_title,click_num,FROM_UNIXTIME(add_time,'%Y-%m-%d') as add_time FROM `carver_article` WHERE  `is_show` = 1  AND `delete_time` = 0 ORDER BY `click_num` DESC LIMIT 3 [ RunTime:0.000818s ]
[2021-06-07T04:25:00+08:00][sql] SHOW FULL COLUMNS FROM `carver_notice` [ RunTime:0.001139s ]
[2021-06-07T04:25:00+08:00][sql] SELECT * FROM `carver_notice` ORDER BY `create_time` DESC LIMIT 3 [ RunTime:0.000427s ]
[2021-06-07T04:25:00+08:00][sql] SHOW FULL COLUMNS FROM `carver_navigation` [ RunTime:0.000787s ]
[2021-06-07T04:25:00+08:00][sql] SELECT * FROM `carver_navigation` [ RunTime:0.000392s ]
[2021-06-07T04:25:00+08:00][sql] SHOW FULL COLUMNS FROM `carver_link` [ RunTime:0.001928s ]
[2021-06-07T04:25:00+08:00][sql] SELECT * FROM `carver_link` WHERE  ( is_confirm=2 ) LIMIT 20 [ RunTime:0.000513s ]
[2021-06-07T04:25:00+08:00][sql] SELECT `article_label` FROM `carver_article` [ RunTime:0.000369s ]
[2021-06-07T04:25:00+08:00][sql] SHOW FULL COLUMNS FROM `carver_carouse` [ RunTime:0.000778s ]
[2021-06-07T04:25:00+08:00][sql] SELECT `carouse_img`,`carouse_desc` FROM `carver_carouse` WHERE  `is_show` = 1 ORDER BY `carouse_sort` DESC LIMIT 3 [ RunTime:0.000439s ]
[2021-06-07T04:25:00+08:00][sql] SHOW FULL COLUMNS FROM `carver_site` [ RunTime:0.000809s ]
[2021-06-07T04:25:00+08:00][sql] SELECT * FROM `carver_site` [ RunTime:0.000450s ]
[2021-06-07T04:25:02+08:00][sql] CONNECT:[ UseTime:0.000516s ] mysql:host=127.0.0.1;port=3306;dbname=carver;charset=utf8
[2021-06-07T04:25:02+08:00][sql] SHOW FULL COLUMNS FROM `carver_article` [ RunTime:0.000860s ]
[2021-06-07T04:25:02+08:00][sql] SELECT COUNT(*) AS think_count FROM `carver_article` WHERE  `article_label` LIKE '%php;网络安全/%'  AND `delete_time` = 0  AND `is_show` = 1 [ RunTime:0.000412s ]
[2021-06-07T04:25:02+08:00][sql] SELECT * FROM `carver_article` WHERE  `article_label` LIKE '%php;网络安全/%'  AND `delete_time` = 0  AND `is_show` = 1 LIMIT 0,6 [ RunTime:0.000957s ]
[2021-06-07T04:25:02+08:00][sql] SELECT article_id,article_title,click_num,FROM_UNIXTIME(add_time,'%Y-%m-%d') as add_time FROM `carver_article` WHERE  `is_show` = 1  AND `delete_time` = 0 ORDER BY `click_num` DESC LIMIT 3 [ RunTime:0.000472s ]
[2021-06-07T04:25:02+08:00][sql] SHOW FULL COLUMNS FROM `carver_notice` [ RunTime:0.000574s ]
[2021-06-07T04:25:02+08:00][sql] SELECT * FROM `carver_notice` ORDER BY `create_time` DESC LIMIT 3 [ RunTime:0.000298s ]
[2021-06-07T04:25:02+08:00][sql] SHOW FULL COLUMNS FROM `carver_navigation` [ RunTime:0.000526s ]
[2021-06-07T04:25:02+08:00][sql] SELECT * FROM `carver_navigation` [ RunTime:0.000284s ]
[2021-06-07T04:25:02+08:00][sql] SHOW FULL COLUMNS FROM `carver_link` [ RunTime:0.000539s ]
[2021-06-07T04:25:02+08:00][sql] SELECT * FROM `carver_link` WHERE  ( is_confirm=2 ) LIMIT 20 [ RunTime:0.000329s ]
[2021-06-07T04:25:02+08:00][sql] SELECT `article_label` FROM `carver_article` [ RunTime:0.000288s ]
[2021-06-07T04:25:02+08:00][sql] SHOW FULL COLUMNS FROM `carver_carouse` [ RunTime:0.000599s ]
[2021-06-07T04:25:02+08:00][sql] SELECT `carouse_img`,`carouse_desc` FROM `carver_carouse` WHERE  `is_show` = 1 ORDER BY `carouse_sort` DESC LIMIT 3 [ RunTime:0.000366s ]
[2021-06-07T04:25:02+08:00][sql] SHOW FULL COLUMNS FROM `carver_site` [ RunTime:0.000533s ]
[2021-06-07T04:25:02+08:00][sql] SELECT * FROM `carver_site` [ RunTime:0.000285s ]
[2021-06-07T04:25:04+08:00][sql] CONNECT:[ UseTime:0.000536s ] mysql:host=127.0.0.1;port=3306;dbname=carver;charset=utf8
[2021-06-07T04:25:04+08:00][sql] SHOW FULL COLUMNS FROM `carver_article` [ RunTime:0.000796s ]
[2021-06-07T04:25:04+08:00][sql] SELECT COUNT(*) AS think_count FROM `carver_article` WHERE  `article_label` LIKE '%php;设计模式/%'  AND `delete_time` = 0  AND `is_show` = 1 [ RunTime:0.000401s ]
[2021-06-07T04:25:04+08:00][sql] SELECT * FROM `carver_article` WHERE  `article_label` LIKE '%php;设计模式/%'  AND `delete_time` = 0  AND `is_show` = 1 LIMIT 0,6 [ RunTime:0.000896s ]
[2021-06-07T04:25:04+08:00][sql] SELECT article_id,article_title,click_num,FROM_UNIXTIME(add_time,'%Y-%m-%d') as add_time FROM `carver_article` WHERE  `is_show` = 1  AND `delete_time` = 0 ORDER BY `click_num` DESC LIMIT 3 [ RunTime:0.000428s ]
[2021-06-07T04:25:04+08:00][sql] SHOW FULL COLUMNS FROM `carver_notice` [ RunTime:0.000668s ]
[2021-06-07T04:25:04+08:00][sql] SELECT * FROM `carver_notice` ORDER BY `create_time` DESC LIMIT 3 [ RunTime:0.000302s ]
[2021-06-07T04:25:04+08:00][sql] SHOW FULL COLUMNS FROM `carver_navigation` [ RunTime:0.000537s ]
[2021-06-07T04:25:04+08:00][sql] SELECT * FROM `carver_navigation` [ RunTime:0.000281s ]
[2021-06-07T04:25:04+08:00][sql] SHOW FULL COLUMNS FROM `carver_link` [ RunTime:0.000540s ]
[2021-06-07T04:25:04+08:00][sql] SELECT * FROM `carver_link` WHERE  ( is_confirm=2 ) LIMIT 20 [ RunTime:0.000341s ]
[2021-06-07T04:25:04+08:00][sql] SELECT `article_label` FROM `carver_article` [ RunTime:0.000289s ]
[2021-06-07T04:25:04+08:00][sql] SHOW FULL COLUMNS FROM `carver_carouse` [ RunTime:0.000512s ]
[2021-06-07T04:25:04+08:00][sql] SELECT `carouse_img`,`carouse_desc` FROM `carver_carouse` WHERE  `is_show` = 1 ORDER BY `carouse_sort` DESC LIMIT 3 [ RunTime:0.000302s ]
[2021-06-07T04:25:04+08:00][sql] SHOW FULL COLUMNS FROM `carver_site` [ RunTime:0.000506s ]
[2021-06-07T04:25:04+08:00][sql] SELECT * FROM `carver_site` [ RunTime:0.000305s ]
[2021-06-07T04:25:07+08:00][sql] CONNECT:[ UseTime:0.000572s ] mysql:host=127.0.0.1;port=3306;dbname=carver;charset=utf8
[2021-06-07T04:25:07+08:00][sql] SHOW FULL COLUMNS FROM `carver_article` [ RunTime:0.000839s ]
[2021-06-07T04:25:07+08:00][sql] SELECT COUNT(*) AS think_count FROM `carver_article` WHERE  `article_label` LIKE '%网络安全//%'  AND `delete_time` = 0  AND `is_show` = 1 [ RunTime:0.000408s ]
[2021-06-07T04:25:07+08:00][sql] SELECT * FROM `carver_article` WHERE  `article_label` LIKE '%网络安全//%'  AND `delete_time` = 0  AND `is_show` = 1 LIMIT 0,6 [ RunTime:0.000911s ]
[2021-06-07T04:25:07+08:00][sql] SELECT article_id,article_title,click_num,FROM_UNIXTIME(add_time,'%Y-%m-%d') as add_time FROM `carver_article` WHERE  `is_show` = 1  AND `delete_time` = 0 ORDER BY `click_num` DESC LIMIT 3 [ RunTime:0.000428s ]
[2021-06-07T04:25:07+08:00][sql] SHOW FULL COLUMNS FROM `carver_notice` [ RunTime:0.000607s ]
[2021-06-07T04:25:07+08:00][sql] SELECT * FROM `carver_notice` ORDER BY `create_time` DESC LIMIT 3 [ RunTime:0.000312s ]
[2021-06-07T04:25:07+08:00][sql] SHOW FULL COLUMNS FROM `carver_navigation` [ RunTime:0.000619s ]
[2021-06-07T04:25:07+08:00][sql] SELECT * FROM `carver_navigation` [ RunTime:0.000276s ]
[2021-06-07T04:25:07+08:00][sql] SHOW FULL COLUMNS FROM `carver_link` [ RunTime:0.000542s ]
[2021-06-07T04:25:07+08:00][sql] SELECT * FROM `carver_link` WHERE  ( is_confirm=2 ) LIMIT 20 [ RunTime:0.000355s ]
[2021-06-07T04:25:07+08:00][sql] SELECT `article_label` FROM `carver_article` [ RunTime:0.000283s ]
[2021-06-07T04:25:07+08:00][sql] SHOW FULL COLUMNS FROM `carver_carouse` [ RunTime:0.000546s ]
[2021-06-07T04:25:07+08:00][sql] SELECT `carouse_img`,`carouse_desc` FROM `carver_carouse` WHERE  `is_show` = 1 ORDER BY `carouse_sort` DESC LIMIT 3 [ RunTime:0.000329s ]
[2021-06-07T04:25:07+08:00][sql] SHOW FULL COLUMNS FROM `carver_site` [ RunTime:0.000599s ]
[2021-06-07T04:25:07+08:00][sql] SELECT * FROM `carver_site` [ RunTime:0.000309s ]
[2021-06-07T04:25:09+08:00][sql] CONNECT:[ UseTime:0.000511s ] mysql:host=127.0.0.1;port=3306;dbname=carver;charset=utf8
[2021-06-07T04:25:09+08:00][sql] SHOW FULL COLUMNS FROM `carver_article` [ RunTime:0.000815s ]
[2021-06-07T04:25:09+08:00][sql] SELECT COUNT(*) AS think_count FROM `carver_article` WHERE  `article_label` LIKE '%设计模式//%'  AND `delete_time` = 0  AND `is_show` = 1 [ RunTime:0.000417s ]
[2021-06-07T04:25:09+08:00][sql] SELECT * FROM `carver_article` WHERE  `article_label` LIKE '%设计模式//%'  AND `delete_time` = 0  AND `is_show` = 1 LIMIT 0,6 [ RunTime:0.000929s ]
[2021-06-07T04:25:09+08:00][sql] SELECT article_id,article_title,click_num,FROM_UNIXTIME(add_time,'%Y-%m-%d') as add_time FROM `carver_article` WHERE  `is_show` = 1  AND `delete_time` = 0 ORDER BY `click_num` DESC LIMIT 3 [ RunTime:0.000413s ]
[2021-06-07T04:25:09+08:00][sql] SHOW FULL COLUMNS FROM `carver_notice` [ RunTime:0.000587s ]
[2021-06-07T04:25:09+08:00][sql] SELECT * FROM `carver_notice` ORDER BY `create_time` DESC LIMIT 3 [ RunTime:0.000298s ]
[2021-06-07T04:25:09+08:00][sql] SHOW FULL COLUMNS FROM `carver_navigation` [ RunTime:0.000552s ]
[2021-06-07T04:25:09+08:00][sql] SELECT * FROM `carver_navigation` [ RunTime:0.000270s ]
[2021-06-07T04:25:09+08:00][sql] SHOW FULL COLUMNS FROM `carver_link` [ RunTime:0.000504s ]
[2021-06-07T04:25:09+08:00][sql] SELECT * FROM `carver_link` WHERE  ( is_confirm=2 ) LIMIT 20 [ RunTime:0.000342s ]
[2021-06-07T04:25:09+08:00][sql] SELECT `article_label` FROM `carver_article` [ RunTime:0.000285s ]
[2021-06-07T04:25:09+08:00][sql] SHOW FULL COLUMNS FROM `carver_carouse` [ RunTime:0.000582s ]
[2021-06-07T04:25:09+08:00][sql] SELECT `carouse_img`,`carouse_desc` FROM `carver_carouse` WHERE  `is_show` = 1 ORDER BY `carouse_sort` DESC LIMIT 3 [ RunTime:0.000323s ]
[2021-06-07T04:25:09+08:00][sql] SHOW FULL COLUMNS FROM `carver_site` [ RunTime:0.000650s ]
[2021-06-07T04:25:09+08:00][sql] SELECT * FROM `carver_site` [ RunTime:0.000311s ]
[2021-06-07T06:20:52+08:00][sql] CONNECT:[ UseTime:0.000525s ] mysql:host=127.0.0.1;port=3306;dbname=carver;charset=utf8
[2021-06-07T06:20:52+08:00][sql] SHOW FULL COLUMNS FROM `carver_article` [ RunTime:0.000893s ]
[2021-06-07T06:20:52+08:00][sql] SELECT COUNT(*) AS think_count FROM `carver_article` WHERE  `article_label` LIKE '%php;设计模式%'  AND `delete_time` = 0  AND `is_show` = 1 [ RunTime:0.000481s ]
[2021-06-07T06:20:52+08:00][sql] SELECT * FROM `carver_article` WHERE  `article_label` LIKE '%php;设计模式%'  AND `delete_time` = 0  AND `is_show` = 1 LIMIT 0,6 [ RunTime:0.003684s ]
[2021-06-07T06:20:52+08:00][sql] SELECT article_id,article_title,click_num,FROM_UNIXTIME(add_time,'%Y-%m-%d') as add_time FROM `carver_article` WHERE  `is_show` = 1  AND `delete_time` = 0 ORDER BY `click_num` DESC LIMIT 3 [ RunTime:0.000656s ]
[2021-06-07T06:20:52+08:00][sql] SHOW FULL COLUMNS FROM `carver_notice` [ RunTime:0.000653s ]
[2021-06-07T06:20:52+08:00][sql] SELECT * FROM `carver_notice` ORDER BY `create_time` DESC LIMIT 3 [ RunTime:0.000332s ]
[2021-06-07T06:20:52+08:00][sql] SHOW FULL COLUMNS FROM `carver_navigation` [ RunTime:0.000534s ]
[2021-06-07T06:20:52+08:00][sql] SELECT * FROM `carver_navigation` [ RunTime:0.000244s ]
[2021-06-07T06:20:52+08:00][sql] SHOW FULL COLUMNS FROM `carver_link` [ RunTime:0.000585s ]
[2021-06-07T06:20:52+08:00][sql] SELECT * FROM `carver_link` WHERE  ( is_confirm=2 ) LIMIT 20 [ RunTime:0.000338s ]
[2021-06-07T06:20:52+08:00][sql] SELECT `article_label` FROM `carver_article` [ RunTime:0.000267s ]
[2021-06-07T06:20:52+08:00][sql] SHOW FULL COLUMNS FROM `carver_carouse` [ RunTime:0.000495s ]
[2021-06-07T06:20:52+08:00][sql] SELECT `carouse_img`,`carouse_desc` FROM `carver_carouse` WHERE  `is_show` = 1 ORDER BY `carouse_sort` DESC LIMIT 3 [ RunTime:0.000308s ]
[2021-06-07T06:20:52+08:00][sql] SHOW FULL COLUMNS FROM `carver_site` [ RunTime:0.000504s ]
[2021-06-07T06:20:52+08:00][sql] SELECT * FROM `carver_site` [ RunTime:0.000256s ]
[2021-06-07T06:26:55+08:00][sql] CONNECT:[ UseTime:0.001046s ] mysql:host=127.0.0.1;port=3306;dbname=carver;charset=utf8
[2021-06-07T06:26:55+08:00][sql] SHOW FULL COLUMNS FROM `carver_article` [ RunTime:0.000822s ]
[2021-06-07T06:26:55+08:00][sql] SELECT `article_id`,`article_title`,`article_desc`,`article_content`,`article_img`,`article_guide`,`article_label`,`click_num`,`is_show`,`add_time`,`article_author` FROM `carver_article` WHERE  `article_id` = 9 LIMIT 1 [ RunTime:0.000666s ]
[2021-06-07T06:26:55+08:00][sql] SELECT `article_id`,`article_title`,`article_desc`,`article_content`,`article_img`,`article_guide`,`article_label`,`click_num`,`is_show`,`add_time`,`article_author` FROM `carver_article` WHERE  `article_id` > 9 LIMIT 1 [ RunTime:0.000445s ]
[2021-06-07T06:26:55+08:00][sql] SELECT `article_id`,`article_title`,`article_desc`,`article_content`,`article_img`,`article_guide`,`article_label`,`click_num`,`is_show`,`add_time`,`article_author` FROM `carver_article` WHERE  `article_id` < 9 ORDER BY `article_id` DESC LIMIT 1 [ RunTime:0.000365s ]
[2021-06-07T06:26:55+08:00][sql] SHOW FULL COLUMNS FROM `carver_link` [ RunTime:0.000531s ]
[2021-06-07T06:26:55+08:00][sql] SELECT * FROM `carver_link` WHERE  ( is_confirm=2 ) LIMIT 20 [ RunTime:0.000276s ]
[2021-06-07T06:26:55+08:00][sql] SELECT article_id,article_title,click_num,FROM_UNIXTIME(add_time,'%Y-%m-%d') as add_time FROM `carver_article` ORDER BY `click_num` DESC LIMIT 3 [ RunTime:0.000350s ]
[2021-06-07T06:26:55+08:00][sql] SHOW FULL COLUMNS FROM `carver_comment` [ RunTime:0.000512s ]
[2021-06-07T06:26:55+08:00][sql] SELECT `a`.*,`b`.`user_name` FROM `carver_comment` `a` INNER JOIN `carver_user` `b` ON `a`.`user_id`=`b`.`user_id` WHERE  `article_id` = 9 ORDER BY `create_time` DESC [ RunTime:0.000349s ]
[2021-06-07T06:26:55+08:00][sql] SHOW FULL COLUMNS FROM `carver_comment_to_others` [ RunTime:0.000516s ]
[2021-06-07T06:26:55+08:00][sql] SELECT * FROM `carver_comment_to_others` [ RunTime:0.000258s ]
[2021-06-07T06:26:55+08:00][sql] SHOW FULL COLUMNS FROM `carver_user` [ RunTime:0.000450s ]
[2021-06-07T06:26:55+08:00][sql] SELECT `user_name` FROM `carver_user` WHERE  `user_id` = 4 LIMIT 1 [ RunTime:0.000238s ]
[2021-06-07T06:26:55+08:00][sql] SELECT `user_name` FROM `carver_user` WHERE  `user_id` = 4 LIMIT 1 [ RunTime:0.000209s ]
[2021-06-07T06:26:55+08:00][sql] SELECT `user_name` FROM `carver_user` WHERE  `user_id` = 5 LIMIT 1 [ RunTime:0.000216s ]
[2021-06-07T06:26:55+08:00][sql] SELECT `user_name` FROM `carver_user` WHERE  `user_id` = 5 LIMIT 1 [ RunTime:0.000215s ]
[2021-06-07T06:26:55+08:00][sql] SELECT `user_name` FROM `carver_user` WHERE  `user_id` = 37 LIMIT 1 [ RunTime:0.000221s ]
[2021-06-07T06:26:55+08:00][sql] SELECT `user_name`,`user_id` FROM `carver_user` [ RunTime:0.000238s ]
[2021-06-07T06:26:55+08:00][sql] SHOW FULL COLUMNS FROM `carver_navigation` [ RunTime:0.000471s ]
[2021-06-07T06:26:55+08:00][sql] SELECT * FROM `carver_navigation` [ RunTime:0.000255s ]
[2021-06-07T06:26:55+08:00][sql] SELECT `article_label` FROM `carver_article` [ RunTime:0.000236s ]
[2021-06-07T06:41:05+08:00][sql] CONNECT:[ UseTime:0.000548s ] mysql:host=127.0.0.1;port=3306;dbname=carver;charset=utf8
[2021-06-07T06:41:05+08:00][sql] SHOW FULL COLUMNS FROM `carver_user` [ RunTime:0.000810s ]
[2021-06-07T06:41:05+08:00][sql] SHOW FULL COLUMNS FROM `carver_article` [ RunTime:0.000758s ]
[2021-06-07T06:41:05+08:00][sql] SELECT COUNT(*) AS think_count FROM `carver_article` WHERE  `delete_time` = 0  AND `is_show` = 1 [ RunTime:0.000410s ]
[2021-06-07T06:41:05+08:00][sql] SELECT `article_id`,`article_title`,`article_desc`,`article_content`,`article_img`,`article_guide`,`article_label`,`click_num`,`is_show`,`add_time`,`article_author`,`is_top_show` FROM `carver_article` WHERE  `delete_time` = 0  AND `is_show` = 1 ORDER BY `article_id` DESC LIMIT 0,6 [ RunTime:0.000736s ]
[2021-06-07T06:41:05+08:00][sql] SELECT article_id,article_title,click_num,FROM_UNIXTIME(add_time,'%Y-%m-%d') as add_time FROM `carver_article` WHERE  `is_show` = 1  AND `delete_time` = 0 ORDER BY `click_num` DESC LIMIT 3 [ RunTime:0.000567s ]
[2021-06-07T06:41:05+08:00][sql] SHOW FULL COLUMNS FROM `carver_notice` [ RunTime:0.000747s ]
[2021-06-07T06:41:05+08:00][sql] SELECT * FROM `carver_notice` ORDER BY `create_time` DESC LIMIT 3 [ RunTime:0.000293s ]
[2021-06-07T06:41:05+08:00][sql] SHOW FULL COLUMNS FROM `carver_navigation` [ RunTime:0.000509s ]
[2021-06-07T06:41:05+08:00][sql] SELECT * FROM `carver_navigation` [ RunTime:0.000236s ]
[2021-06-07T06:41:05+08:00][sql] SHOW FULL COLUMNS FROM `carver_link` [ RunTime:0.000623s ]
[2021-06-07T06:41:05+08:00][sql] SELECT * FROM `carver_link` WHERE  ( is_confirm=2 ) LIMIT 20 [ RunTime:0.000375s ]
[2021-06-07T06:41:05+08:00][sql] SELECT `article_label` FROM `carver_article` [ RunTime:0.000279s ]
[2021-06-07T06:41:05+08:00][sql] SHOW FULL COLUMNS FROM `carver_carouse` [ RunTime:0.000537s ]
[2021-06-07T06:41:05+08:00][sql] SELECT `carouse_img`,`carouse_desc` FROM `carver_carouse` WHERE  `is_show` = 1 ORDER BY `carouse_sort` DESC LIMIT 3 [ RunTime:0.000304s ]
[2021-06-07T06:41:05+08:00][sql] SHOW FULL COLUMNS FROM `carver_site` [ RunTime:0.000504s ]
[2021-06-07T06:41:05+08:00][sql] SELECT * FROM `carver_site` [ RunTime:0.000241s ]
[2021-06-07T06:44:27+08:00][sql] CONNECT:[ UseTime:0.000497s ] mysql:host=127.0.0.1;port=3306;dbname=carver;charset=utf8
[2021-06-07T06:44:27+08:00][sql] SHOW FULL COLUMNS FROM `carver_user` [ RunTime:0.000795s ]
[2021-06-07T06:44:27+08:00][sql] SHOW FULL COLUMNS FROM `carver_article` [ RunTime:0.000718s ]
[2021-06-07T06:44:27+08:00][sql] SELECT COUNT(*) AS think_count FROM `carver_article` WHERE  `delete_time` = 0  AND `is_show` = 1 [ RunTime:0.000419s ]
[2021-06-07T06:44:27+08:00][sql] SELECT `article_id`,`article_title`,`article_desc`,`article_content`,`article_img`,`article_guide`,`article_label`,`click_num`,`is_show`,`add_time`,`article_author`,`is_top_show` FROM `carver_article` WHERE  `delete_time` = 0  AND `is_show` = 1 ORDER BY `article_id` DESC LIMIT 0,6 [ RunTime:0.000739s ]
[2021-06-07T06:44:27+08:00][sql] SELECT article_id,article_title,click_num,FROM_UNIXTIME(add_time,'%Y-%m-%d') as add_time FROM `carver_article` WHERE  `is_show` = 1  AND `delete_time` = 0 ORDER BY `click_num` DESC LIMIT 3 [ RunTime:0.000393s ]
[2021-06-07T06:44:27+08:00][sql] SHOW FULL COLUMNS FROM `carver_notice` [ RunTime:0.000682s ]
[2021-06-07T06:44:27+08:00][sql] SELECT * FROM `carver_notice` ORDER BY `create_time` DESC LIMIT 3 [ RunTime:0.000276s ]
[2021-06-07T06:44:27+08:00][sql] SHOW FULL COLUMNS FROM `carver_navigation` [ RunTime:0.000512s ]
[2021-06-07T06:44:27+08:00][sql] SELECT * FROM `carver_navigation` [ RunTime:0.000246s ]
[2021-06-07T06:44:27+08:00][sql] SHOW FULL COLUMNS FROM `carver_link` [ RunTime:0.000508s ]
[2021-06-07T06:44:27+08:00][sql] SELECT * FROM `carver_link` WHERE  ( is_confirm=2 ) LIMIT 20 [ RunTime:0.000284s ]
[2021-06-07T06:44:27+08:00][sql] SELECT `article_label` FROM `carver_article` [ RunTime:0.000272s ]
[2021-06-07T06:44:27+08:00][sql] SHOW FULL COLUMNS FROM `carver_carouse` [ RunTime:0.000542s ]
[2021-06-07T06:44:27+08:00][sql] SELECT `carouse_img`,`carouse_desc` FROM `carver_carouse` WHERE  `is_show` = 1 ORDER BY `carouse_sort` DESC LIMIT 3 [ RunTime:0.000288s ]
[2021-06-07T06:44:27+08:00][sql] SHOW FULL COLUMNS FROM `carver_site` [ RunTime:0.000506s ]
[2021-06-07T06:44:27+08:00][sql] SELECT * FROM `carver_site` [ RunTime:0.000256s ]
[2021-06-07T07:15:32+08:00][sql] CONNECT:[ UseTime:0.000688s ] mysql:host=127.0.0.1;port=3306;dbname=carver;charset=utf8
[2021-06-07T07:15:32+08:00][sql] SHOW FULL COLUMNS FROM `carver_user` [ RunTime:0.000966s ]
[2021-06-07T07:15:32+08:00][sql] SHOW FULL COLUMNS FROM `carver_article` [ RunTime:0.000757s ]
[2021-06-07T07:15:32+08:00][sql] SELECT COUNT(*) AS think_count FROM `carver_article` WHERE  `delete_time` = 0  AND `is_show` = 1 [ RunTime:0.000453s ]
[2021-06-07T07:15:32+08:00][sql] SELECT `article_id`,`article_title`,`article_desc`,`article_content`,`article_img`,`article_guide`,`article_label`,`click_num`,`is_show`,`add_time`,`article_author`,`is_top_show` FROM `carver_article` WHERE  `delete_time` = 0  AND `is_show` = 1 ORDER BY `article_id` DESC LIMIT 0,6 [ RunTime:0.000759s ]
[2021-06-07T07:15:32+08:00][sql] SELECT article_id,article_title,click_num,FROM_UNIXTIME(add_time,'%Y-%m-%d') as add_time FROM `carver_article` WHERE  `is_show` = 1  AND `delete_time` = 0 ORDER BY `click_num` DESC LIMIT 3 [ RunTime:0.000556s ]
[2021-06-07T07:15:32+08:00][sql] SHOW FULL COLUMNS FROM `carver_notice` [ RunTime:0.000595s ]
[2021-06-07T07:15:32+08:00][sql] SELECT * FROM `carver_notice` ORDER BY `create_time` DESC LIMIT 3 [ RunTime:0.000274s ]
[2021-06-07T07:15:32+08:00][sql] SHOW FULL COLUMNS FROM `carver_navigation` [ RunTime:0.000526s ]
[2021-06-07T07:15:32+08:00][sql] SELECT * FROM `carver_navigation` [ RunTime:0.000242s ]
[2021-06-07T07:15:32+08:00][sql] SHOW FULL COLUMNS FROM `carver_link` [ RunTime:0.000540s ]
[2021-06-07T07:15:32+08:00][sql] SELECT * FROM `carver_link` WHERE  ( is_confirm=2 ) LIMIT 20 [ RunTime:0.000295s ]
[2021-06-07T07:15:32+08:00][sql] SELECT `article_label` FROM `carver_article` [ RunTime:0.000294s ]
[2021-06-07T07:15:32+08:00][sql] SHOW FULL COLUMNS FROM `carver_carouse` [ RunTime:0.000497s ]
[2021-06-07T07:15:32+08:00][sql] SELECT `carouse_img`,`carouse_desc` FROM `carver_carouse` WHERE  `is_show` = 1 ORDER BY `carouse_sort` DESC LIMIT 3 [ RunTime:0.000318s ]
[2021-06-07T07:15:32+08:00][sql] SHOW FULL COLUMNS FROM `carver_site` [ RunTime:0.000487s ]
[2021-06-07T07:15:32+08:00][sql] SELECT * FROM `carver_site` [ RunTime:0.000226s ]
[2021-06-07T07:21:56+08:00][sql] CONNECT:[ UseTime:0.000658s ] mysql:host=127.0.0.1;port=3306;dbname=carver;charset=utf8
[2021-06-07T07:21:56+08:00][sql] SHOW FULL COLUMNS FROM `carver_user` [ RunTime:0.000915s ]
[2021-06-07T07:21:56+08:00][sql] SHOW FULL COLUMNS FROM `carver_article` [ RunTime:0.000842s ]
[2021-06-07T07:21:56+08:00][sql] SELECT COUNT(*) AS think_count FROM `carver_article` WHERE  `delete_time` = 0  AND `is_show` = 1 [ RunTime:0.000414s ]
[2021-06-07T07:21:56+08:00][sql] SELECT `article_id`,`article_title`,`article_desc`,`article_content`,`article_img`,`article_guide`,`article_label`,`click_num`,`is_show`,`add_time`,`article_author`,`is_top_show` FROM `carver_article` WHERE  `delete_time` = 0  AND `is_show` = 1 ORDER BY `article_id` DESC LIMIT 0,6 [ RunTime:0.000873s ]
[2021-06-07T07:21:56+08:00][sql] SELECT article_id,article_title,click_num,FROM_UNIXTIME(add_time,'%Y-%m-%d') as add_time FROM `carver_article` WHERE  `is_show` = 1  AND `delete_time` = 0 ORDER BY `click_num` DESC LIMIT 3 [ RunTime:0.000582s ]
[2021-06-07T07:21:56+08:00][sql] SHOW FULL COLUMNS FROM `carver_notice` [ RunTime:0.000670s ]
[2021-06-07T07:21:56+08:00][sql] SELECT * FROM `carver_notice` ORDER BY `create_time` DESC LIMIT 3 [ RunTime:0.000328s ]
[2021-06-07T07:21:56+08:00][sql] SHOW FULL COLUMNS FROM `carver_navigation` [ RunTime:0.000528s ]
[2021-06-07T07:21:56+08:00][sql] SELECT * FROM `carver_navigation` [ RunTime:0.000265s ]
[2021-06-07T07:21:56+08:00][sql] SHOW FULL COLUMNS FROM `carver_link` [ RunTime:0.000637s ]
[2021-06-07T07:21:56+08:00][sql] SELECT * FROM `carver_link` WHERE  ( is_confirm=2 ) LIMIT 20 [ RunTime:0.000373s ]
[2021-06-07T07:21:56+08:00][sql] SELECT `article_label` FROM `carver_article` [ RunTime:0.000595s ]
[2021-06-07T07:21:56+08:00][sql] SHOW FULL COLUMNS FROM `carver_carouse` [ RunTime:0.000722s ]
[2021-06-07T07:21:56+08:00][sql] SELECT `carouse_img`,`carouse_desc` FROM `carver_carouse` WHERE  `is_show` = 1 ORDER BY `carouse_sort` DESC LIMIT 3 [ RunTime:0.000319s ]
[2021-06-07T07:21:56+08:00][sql] SHOW FULL COLUMNS FROM `carver_site` [ RunTime:0.000508s ]
[2021-06-07T07:21:56+08:00][sql] SELECT * FROM `carver_site` [ RunTime:0.000237s ]
[2021-06-07T08:28:10+08:00][sql] CONNECT:[ UseTime:0.000558s ] mysql:host=127.0.0.1;port=3306;dbname=carver;charset=utf8
[2021-06-07T08:28:10+08:00][sql] SHOW FULL COLUMNS FROM `carver_article` [ RunTime:0.000853s ]
[2021-06-07T08:28:10+08:00][sql] SELECT COUNT(*) AS think_count FROM `carver_article` WHERE  `article_label` LIKE '%php;网络安全//%'  AND `delete_time` = 0  AND `is_show` = 1 [ RunTime:0.000411s ]
[2021-06-07T08:28:10+08:00][sql] SELECT * FROM `carver_article` WHERE  `article_label` LIKE '%php;网络安全//%'  AND `delete_time` = 0  AND `is_show` = 1 LIMIT 0,6 [ RunTime:0.001059s ]
[2021-06-07T08:28:10+08:00][sql] SELECT article_id,article_title,click_num,FROM_UNIXTIME(add_time,'%Y-%m-%d') as add_time FROM `carver_article` WHERE  `is_show` = 1  AND `delete_time` = 0 ORDER BY `click_num` DESC LIMIT 3 [ RunTime:0.000435s ]
[2021-06-07T08:28:10+08:00][sql] SHOW FULL COLUMNS FROM `carver_notice` [ RunTime:0.000579s ]
[2021-06-07T08:28:10+08:00][sql] SELECT * FROM `carver_notice` ORDER BY `create_time` DESC LIMIT 3 [ RunTime:0.000281s ]
[2021-06-07T08:28:10+08:00][sql] SHOW FULL COLUMNS FROM `carver_navigation` [ RunTime:0.000556s ]
[2021-06-07T08:28:10+08:00][sql] SELECT * FROM `carver_navigation` [ RunTime:0.000282s ]
[2021-06-07T08:28:10+08:00][sql] SHOW FULL COLUMNS FROM `carver_link` [ RunTime:0.000521s ]
[2021-06-07T08:28:10+08:00][sql] SELECT * FROM `carver_link` WHERE  ( is_confirm=2 ) LIMIT 20 [ RunTime:0.000325s ]
[2021-06-07T08:28:10+08:00][sql] SELECT `article_label` FROM `carver_article` [ RunTime:0.000281s ]
[2021-06-07T08:28:10+08:00][sql] SHOW FULL COLUMNS FROM `carver_carouse` [ RunTime:0.000573s ]
[2021-06-07T08:28:10+08:00][sql] SELECT `carouse_img`,`carouse_desc` FROM `carver_carouse` WHERE  `is_show` = 1 ORDER BY `carouse_sort` DESC LIMIT 3 [ RunTime:0.000295s ]
[2021-06-07T08:28:10+08:00][sql] SHOW FULL COLUMNS FROM `carver_site` [ RunTime:0.000508s ]
[2021-06-07T08:28:10+08:00][sql] SELECT * FROM `carver_site` [ RunTime:0.000267s ]
[2021-06-07T08:28:13+08:00][sql] CONNECT:[ UseTime:0.000573s ] mysql:host=127.0.0.1;port=3306;dbname=carver;charset=utf8
[2021-06-07T08:28:13+08:00][sql] SHOW FULL COLUMNS FROM `carver_article` [ RunTime:0.000861s ]
[2021-06-07T08:28:13+08:00][sql] SELECT COUNT(*) AS think_count FROM `carver_article` WHERE  `article_label` LIKE '%php;设计模式//%'  AND `delete_time` = 0  AND `is_show` = 1 [ RunTime:0.000406s ]
[2021-06-07T08:28:13+08:00][sql] SELECT * FROM `carver_article` WHERE  `article_label` LIKE '%php;设计模式//%'  AND `delete_time` = 0  AND `is_show` = 1 LIMIT 0,6 [ RunTime:0.000915s ]
[2021-06-07T08:28:13+08:00][sql] SELECT article_id,article_title,click_num,FROM_UNIXTIME(add_time,'%Y-%m-%d') as add_time FROM `carver_article` WHERE  `is_show` = 1  AND `delete_time` = 0 ORDER BY `click_num` DESC LIMIT 3 [ RunTime:0.000589s ]
[2021-06-07T08:28:13+08:00][sql] SHOW FULL COLUMNS FROM `carver_notice` [ RunTime:0.000609s ]
[2021-06-07T08:28:13+08:00][sql] SELECT * FROM `carver_notice` ORDER BY `create_time` DESC LIMIT 3 [ RunTime:0.000283s ]
[2021-06-07T08:28:13+08:00][sql] SHOW FULL COLUMNS FROM `carver_navigation` [ RunTime:0.000896s ]
[2021-06-07T08:28:13+08:00][sql] SELECT * FROM `carver_navigation` [ RunTime:0.000290s ]
[2021-06-07T08:28:13+08:00][sql] SHOW FULL COLUMNS FROM `carver_link` [ RunTime:0.000548s ]
[2021-06-07T08:28:13+08:00][sql] SELECT * FROM `carver_link` WHERE  ( is_confirm=2 ) LIMIT 20 [ RunTime:0.000344s ]
[2021-06-07T08:28:13+08:00][sql] SELECT `article_label` FROM `carver_article` [ RunTime:0.000279s ]
[2021-06-07T08:28:13+08:00][sql] SHOW FULL COLUMNS FROM `carver_carouse` [ RunTime:0.000541s ]
[2021-06-07T08:28:13+08:00][sql] SELECT `carouse_img`,`carouse_desc` FROM `carver_carouse` WHERE  `is_show` = 1 ORDER BY `carouse_sort` DESC LIMIT 3 [ RunTime:0.000285s ]
[2021-06-07T08:28:13+08:00][sql] SHOW FULL COLUMNS FROM `carver_site` [ RunTime:0.000588s ]
[2021-06-07T08:28:13+08:00][sql] SELECT * FROM `carver_site` [ RunTime:0.000403s ]
[2021-06-07T08:52:50+08:00][sql] CONNECT:[ UseTime:0.000584s ] mysql:host=127.0.0.1;port=3306;dbname=carver;charset=utf8
[2021-06-07T08:52:50+08:00][sql] SHOW FULL COLUMNS FROM `carver_article` [ RunTime:0.000797s ]
[2021-06-07T08:52:50+08:00][sql] SELECT COUNT(*) AS think_count FROM `carver_article` WHERE  `article_label` LIKE '%php;linux%'  AND `delete_time` = 0  AND `is_show` = 1 [ RunTime:0.000401s ]
[2021-06-07T08:52:50+08:00][sql] SELECT * FROM `carver_article` WHERE  `article_label` LIKE '%php;linux%'  AND `delete_time` = 0  AND `is_show` = 1 LIMIT 0,6 [ RunTime:0.001026s ]
[2021-06-07T08:52:50+08:00][sql] SELECT article_id,article_title,click_num,FROM_UNIXTIME(add_time,'%Y-%m-%d') as add_time FROM `carver_article` WHERE  `is_show` = 1  AND `delete_time` = 0 ORDER BY `click_num` DESC LIMIT 3 [ RunTime:0.000387s ]
[2021-06-07T08:52:50+08:00][sql] SHOW FULL COLUMNS FROM `carver_notice` [ RunTime:0.000524s ]
[2021-06-07T08:52:50+08:00][sql] SELECT * FROM `carver_notice` ORDER BY `create_time` DESC LIMIT 3 [ RunTime:0.000275s ]
[2021-06-07T08:52:50+08:00][sql] SHOW FULL COLUMNS FROM `carver_navigation` [ RunTime:0.000545s ]
[2021-06-07T08:52:50+08:00][sql] SELECT * FROM `carver_navigation` [ RunTime:0.000251s ]
[2021-06-07T08:52:50+08:00][sql] SHOW FULL COLUMNS FROM `carver_link` [ RunTime:0.000474s ]
[2021-06-07T08:52:50+08:00][sql] SELECT * FROM `carver_link` WHERE  ( is_confirm=2 ) LIMIT 20 [ RunTime:0.000295s ]
[2021-06-07T08:52:50+08:00][sql] SELECT `article_label` FROM `carver_article` [ RunTime:0.000249s ]
[2021-06-07T08:52:50+08:00][sql] SHOW FULL COLUMNS FROM `carver_carouse` [ RunTime:0.000461s ]
[2021-06-07T08:52:50+08:00][sql] SELECT `carouse_img`,`carouse_desc` FROM `carver_carouse` WHERE  `is_show` = 1 ORDER BY `carouse_sort` DESC LIMIT 3 [ RunTime:0.000262s ]
[2021-06-07T08:52:50+08:00][sql] SHOW FULL COLUMNS FROM `carver_site` [ RunTime:0.000478s ]
[2021-06-07T08:52:50+08:00][sql] SELECT * FROM `carver_site` [ RunTime:0.000217s ]
[2021-06-07T10:33:45+08:00][sql] CONNECT:[ UseTime:0.000564s ] mysql:host=127.0.0.1;port=3306;dbname=carver;charset=utf8
[2021-06-07T10:33:45+08:00][sql] SHOW FULL COLUMNS FROM `carver_article` [ RunTime:0.000948s ]
[2021-06-07T10:33:45+08:00][sql] SELECT COUNT(*) AS think_count FROM `carver_article` WHERE  `article_label` LIKE '%php;mysql%'  AND `delete_time` = 0  AND `is_show` = 1 [ RunTime:0.000428s ]
[2021-06-07T10:33:45+08:00][sql] SELECT * FROM `carver_article` WHERE  `article_label` LIKE '%php;mysql%'  AND `delete_time` = 0  AND `is_show` = 1 LIMIT 0,6 [ RunTime:0.001043s ]
[2021-06-07T10:33:45+08:00][sql] SELECT article_id,article_title,click_num,FROM_UNIXTIME(add_time,'%Y-%m-%d') as add_time FROM `carver_article` WHERE  `is_show` = 1  AND `delete_time` = 0 ORDER BY `click_num` DESC LIMIT 3 [ RunTime:0.000542s ]
[2021-06-07T10:33:45+08:00][sql] SHOW FULL COLUMNS FROM `carver_notice` [ RunTime:0.000614s ]
[2021-06-07T10:33:45+08:00][sql] SELECT * FROM `carver_notice` ORDER BY `create_time` DESC LIMIT 3 [ RunTime:0.000315s ]
[2021-06-07T10:33:45+08:00][sql] SHOW FULL COLUMNS FROM `carver_navigation` [ RunTime:0.000527s ]
[2021-06-07T10:33:45+08:00][sql] SELECT * FROM `carver_navigation` [ RunTime:0.000279s ]
[2021-06-07T10:33:45+08:00][sql] SHOW FULL COLUMNS FROM `carver_link` [ RunTime:0.000566s ]
[2021-06-07T10:33:45+08:00][sql] SELECT * FROM `carver_link` WHERE  ( is_confirm=2 ) LIMIT 20 [ RunTime:0.000294s ]
[2021-06-07T10:33:45+08:00][sql] SELECT `article_label` FROM `carver_article` [ RunTime:0.000261s ]
[2021-06-07T10:33:45+08:00][sql] SHOW FULL COLUMNS FROM `carver_carouse` [ RunTime:0.000526s ]
[2021-06-07T10:33:45+08:00][sql] SELECT `carouse_img`,`carouse_desc` FROM `carver_carouse` WHERE  `is_show` = 1 ORDER BY `carouse_sort` DESC LIMIT 3 [ RunTime:0.000295s ]
[2021-06-07T10:33:45+08:00][sql] SHOW FULL COLUMNS FROM `carver_site` [ RunTime:0.000514s ]
[2021-06-07T10:33:45+08:00][sql] SELECT * FROM `carver_site` [ RunTime:0.000232s ]
[2021-06-07T11:29:49+08:00][sql] CONNECT:[ UseTime:0.000566s ] mysql:host=127.0.0.1;port=3306;dbname=carver;charset=utf8
[2021-06-07T11:29:49+08:00][sql] SHOW FULL COLUMNS FROM `carver_article` [ RunTime:0.000911s ]
[2021-06-07T11:29:49+08:00][sql] SELECT COUNT(*) AS think_count FROM `carver_article` WHERE  `article_label` LIKE '%php;swoole%'  AND `delete_time` = 0  AND `is_show` = 1 [ RunTime:0.000439s ]
[2021-06-07T11:29:49+08:00][sql] SELECT * FROM `carver_article` WHERE  `article_label` LIKE '%php;swoole%'  AND `delete_time` = 0  AND `is_show` = 1 LIMIT 0,6 [ RunTime:0.001138s ]
[2021-06-07T11:29:49+08:00][sql] SELECT article_id,article_title,click_num,FROM_UNIXTIME(add_time,'%Y-%m-%d') as add_time FROM `carver_article` WHERE  `is_show` = 1  AND `delete_time` = 0 ORDER BY `click_num` DESC LIMIT 3 [ RunTime:0.000455s ]
[2021-06-07T11:29:49+08:00][sql] SHOW FULL COLUMNS FROM `carver_notice` [ RunTime:0.000617s ]
[2021-06-07T11:29:49+08:00][sql] SELECT * FROM `carver_notice` ORDER BY `create_time` DESC LIMIT 3 [ RunTime:0.000262s ]
[2021-06-07T11:29:49+08:00][sql] SHOW FULL COLUMNS FROM `carver_navigation` [ RunTime:0.000587s ]
[2021-06-07T11:29:49+08:00][sql] SELECT * FROM `carver_navigation` [ RunTime:0.000234s ]
[2021-06-07T11:29:49+08:00][sql] SHOW FULL COLUMNS FROM `carver_link` [ RunTime:0.000496s ]
[2021-06-07T11:29:49+08:00][sql] SELECT * FROM `carver_link` WHERE  ( is_confirm=2 ) LIMIT 20 [ RunTime:0.000318s ]
[2021-06-07T11:29:49+08:00][sql] SELECT `article_label` FROM `carver_article` [ RunTime:0.000673s ]
[2021-06-07T11:29:49+08:00][sql] SHOW FULL COLUMNS FROM `carver_carouse` [ RunTime:0.000533s ]
[2021-06-07T11:29:49+08:00][sql] SELECT `carouse_img`,`carouse_desc` FROM `carver_carouse` WHERE  `is_show` = 1 ORDER BY `carouse_sort` DESC LIMIT 3 [ RunTime:0.000301s ]
[2021-06-07T11:29:49+08:00][sql] SHOW FULL COLUMNS FROM `carver_site` [ RunTime:0.000499s ]
[2021-06-07T11:29:49+08:00][sql] SELECT * FROM `carver_site` [ RunTime:0.000266s ]
[2021-06-07T12:37:36+08:00][sql] CONNECT:[ UseTime:0.000486s ] mysql:host=127.0.0.1;port=3306;dbname=carver;charset=utf8
[2021-06-07T12:37:36+08:00][sql] SHOW FULL COLUMNS FROM `carver_article` [ RunTime:0.000833s ]
[2021-06-07T12:37:36+08:00][sql] SELECT `article_id`,`article_title`,`article_desc`,`article_content`,`article_img`,`article_guide`,`article_label`,`click_num`,`is_show`,`add_time`,`article_author` FROM `carver_article` WHERE  `article_id` = 22 LIMIT 1 [ RunTime:0.000494s ]
[2021-06-07T12:37:36+08:00][sql] SELECT `article_id`,`article_title`,`article_desc`,`article_content`,`article_img`,`article_guide`,`article_label`,`click_num`,`is_show`,`add_time`,`article_author` FROM `carver_article` WHERE  `article_id` > 22 LIMIT 1 [ RunTime:0.000387s ]
[2021-06-07T12:37:36+08:00][sql] SELECT `article_id`,`article_title`,`article_desc`,`article_content`,`article_img`,`article_guide`,`article_label`,`click_num`,`is_show`,`add_time`,`article_author` FROM `carver_article` WHERE  `article_id` < 22 ORDER BY `article_id` DESC LIMIT 1 [ RunTime:0.000395s ]
[2021-06-07T12:37:36+08:00][sql] SHOW FULL COLUMNS FROM `carver_link` [ RunTime:0.000524s ]
[2021-06-07T12:37:36+08:00][sql] SELECT * FROM `carver_link` WHERE  ( is_confirm=2 ) LIMIT 20 [ RunTime:0.000291s ]
[2021-06-07T12:37:36+08:00][sql] SELECT article_id,article_title,click_num,FROM_UNIXTIME(add_time,'%Y-%m-%d') as add_time FROM `carver_article` ORDER BY `click_num` DESC LIMIT 3 [ RunTime:0.000338s ]
[2021-06-07T12:37:36+08:00][sql] SHOW FULL COLUMNS FROM `carver_comment` [ RunTime:0.000512s ]
[2021-06-07T12:37:36+08:00][sql] SELECT `a`.*,`b`.`user_name` FROM `carver_comment` `a` INNER JOIN `carver_user` `b` ON `a`.`user_id`=`b`.`user_id` WHERE  `article_id` = 22 ORDER BY `create_time` DESC [ RunTime:0.000364s ]
[2021-06-07T12:37:36+08:00][sql] SHOW FULL COLUMNS FROM `carver_comment_to_others` [ RunTime:0.000533s ]
[2021-06-07T12:37:36+08:00][sql] SELECT * FROM `carver_comment_to_others` [ RunTime:0.000245s ]
[2021-06-07T12:37:36+08:00][sql] SHOW FULL COLUMNS FROM `carver_user` [ RunTime:0.000474s ]
[2021-06-07T12:37:36+08:00][sql] SELECT `user_name` FROM `carver_user` WHERE  `user_id` = 4 LIMIT 1 [ RunTime:0.000235s ]
[2021-06-07T12:37:36+08:00][sql] SELECT `user_name` FROM `carver_user` WHERE  `user_id` = 4 LIMIT 1 [ RunTime:0.000210s ]
[2021-06-07T12:37:36+08:00][sql] SELECT `user_name` FROM `carver_user` WHERE  `user_id` = 5 LIMIT 1 [ RunTime:0.000222s ]
[2021-06-07T12:37:36+08:00][sql] SELECT `user_name` FROM `carver_user` WHERE  `user_id` = 5 LIMIT 1 [ RunTime:0.000219s ]
[2021-06-07T12:37:36+08:00][sql] SELECT `user_name` FROM `carver_user` WHERE  `user_id` = 37 LIMIT 1 [ RunTime:0.000213s ]
[2021-06-07T12:37:36+08:00][sql] SELECT `user_name`,`user_id` FROM `carver_user` [ RunTime:0.000236s ]
[2021-06-07T12:37:36+08:00][sql] SHOW FULL COLUMNS FROM `carver_navigation` [ RunTime:0.000475s ]
[2021-06-07T12:37:36+08:00][sql] SELECT * FROM `carver_navigation` [ RunTime:0.000248s ]
[2021-06-07T12:37:36+08:00][sql] SELECT `article_label` FROM `carver_article` [ RunTime:0.000262s ]
[2021-06-07T13:26:00+08:00][sql] CONNECT:[ UseTime:0.000839s ] mysql:host=127.0.0.1;port=3306;dbname=carver;charset=utf8
[2021-06-07T13:26:00+08:00][sql] SHOW FULL COLUMNS FROM `carver_user` [ RunTime:0.001814s ]
[2021-06-07T13:26:00+08:00][sql] SHOW FULL COLUMNS FROM `carver_article` [ RunTime:0.000854s ]
[2021-06-07T13:26:00+08:00][sql] SELECT COUNT(*) AS think_count FROM `carver_article` WHERE  `delete_time` = 0  AND `is_show` = 1 [ RunTime:0.000479s ]
[2021-06-07T13:26:00+08:00][sql] SELECT `article_id`,`article_title`,`article_desc`,`article_content`,`article_img`,`article_guide`,`article_label`,`click_num`,`is_show`,`add_time`,`article_author`,`is_top_show` FROM `carver_article` WHERE  `delete_time` = 0  AND `is_show` = 1 ORDER BY `article_id` DESC LIMIT 0,6 [ RunTime:0.000629s ]
[2021-06-07T13:26:00+08:00][sql] SELECT article_id,article_title,click_num,FROM_UNIXTIME(add_time,'%Y-%m-%d') as add_time FROM `carver_article` WHERE  `is_show` = 1  AND `delete_time` = 0 ORDER BY `click_num` DESC LIMIT 3 [ RunTime:0.003743s ]
[2021-06-07T13:26:00+08:00][sql] SHOW FULL COLUMNS FROM `carver_notice` [ RunTime:0.000681s ]
[2021-06-07T13:26:00+08:00][sql] SELECT * FROM `carver_notice` ORDER BY `create_time` DESC LIMIT 3 [ RunTime:0.000603s ]
[2021-06-07T13:26:00+08:00][sql] SHOW FULL COLUMNS FROM `carver_navigation` [ RunTime:0.000556s ]
[2021-06-07T13:26:00+08:00][sql] SELECT * FROM `carver_navigation` [ RunTime:0.000274s ]
[2021-06-07T13:26:00+08:00][sql] SHOW FULL COLUMNS FROM `carver_link` [ RunTime:0.000594s ]
[2021-06-07T13:26:00+08:00][sql] SELECT * FROM `carver_link` WHERE  ( is_confirm=2 ) LIMIT 20 [ RunTime:0.000294s ]
[2021-06-07T13:26:00+08:00][sql] SELECT `article_label` FROM `carver_article` [ RunTime:0.000417s ]
[2021-06-07T13:26:00+08:00][sql] SHOW FULL COLUMNS FROM `carver_carouse` [ RunTime:0.001089s ]
[2021-06-07T13:26:00+08:00][sql] SELECT `carouse_img`,`carouse_desc` FROM `carver_carouse` WHERE  `is_show` = 1 ORDER BY `carouse_sort` DESC LIMIT 3 [ RunTime:0.000409s ]
[2021-06-07T13:26:00+08:00][sql] SHOW FULL COLUMNS FROM `carver_site` [ RunTime:0.000513s ]
[2021-06-07T13:26:00+08:00][sql] SELECT * FROM `carver_site` [ RunTime:0.000281s ]
[2021-06-07T13:38:43+08:00][sql] CONNECT:[ UseTime:0.000528s ] mysql:host=127.0.0.1;port=3306;dbname=carver;charset=utf8
[2021-06-07T13:38:43+08:00][sql] SHOW FULL COLUMNS FROM `carver_article` [ RunTime:0.001164s ]
[2021-06-07T13:38:43+08:00][sql] SELECT COUNT(*) AS think_count FROM `carver_article` WHERE  `article_label` LIKE '%php;网络安全%'  AND `delete_time` = 0  AND `is_show` = 1 [ RunTime:0.000399s ]
[2021-06-07T13:38:43+08:00][sql] SELECT * FROM `carver_article` WHERE  `article_label` LIKE '%php;网络安全%'  AND `delete_time` = 0  AND `is_show` = 1 LIMIT 0,6 [ RunTime:0.001018s ]
[2021-06-07T13:38:43+08:00][sql] SELECT article_id,article_title,click_num,FROM_UNIXTIME(add_time,'%Y-%m-%d') as add_time FROM `carver_article` WHERE  `is_show` = 1  AND `delete_time` = 0 ORDER BY `click_num` DESC LIMIT 3 [ RunTime:0.000479s ]
[2021-06-07T13:38:43+08:00][sql] SHOW FULL COLUMNS FROM `carver_notice` [ RunTime:0.000624s ]
[2021-06-07T13:38:43+08:00][sql] SELECT * FROM `carver_notice` ORDER BY `create_time` DESC LIMIT 3 [ RunTime:0.000283s ]
[2021-06-07T13:38:43+08:00][sql] SHOW FULL COLUMNS FROM `carver_navigation` [ RunTime:0.000502s ]
[2021-06-07T13:38:43+08:00][sql] SELECT * FROM `carver_navigation` [ RunTime:0.000252s ]
[2021-06-07T13:38:43+08:00][sql] SHOW FULL COLUMNS FROM `carver_link` [ RunTime:0.000493s ]
[2021-06-07T13:38:43+08:00][sql] SELECT * FROM `carver_link` WHERE  ( is_confirm=2 ) LIMIT 20 [ RunTime:0.000288s ]
[2021-06-07T13:38:43+08:00][sql] SELECT `article_label` FROM `carver_article` [ RunTime:0.000269s ]
[2021-06-07T13:38:43+08:00][sql] SHOW FULL COLUMNS FROM `carver_carouse` [ RunTime:0.000469s ]
[2021-06-07T13:38:43+08:00][sql] SELECT `carouse_img`,`carouse_desc` FROM `carver_carouse` WHERE  `is_show` = 1 ORDER BY `carouse_sort` DESC LIMIT 3 [ RunTime:0.000280s ]
[2021-06-07T13:38:43+08:00][sql] SHOW FULL COLUMNS FROM `carver_site` [ RunTime:0.000464s ]
[2021-06-07T13:38:43+08:00][sql] SELECT * FROM `carver_site` [ RunTime:0.000221s ]
[2021-06-07T13:41:55+08:00][sql] CONNECT:[ UseTime:0.000580s ] mysql:host=127.0.0.1;port=3306;dbname=carver;charset=utf8
[2021-06-07T13:41:55+08:00][sql] SHOW FULL COLUMNS FROM `carver_user` [ RunTime:0.000805s ]
[2021-06-07T13:41:55+08:00][sql] SHOW FULL COLUMNS FROM `carver_article` [ RunTime:0.000685s ]
[2021-06-07T13:41:55+08:00][sql] SELECT COUNT(*) AS think_count FROM `carver_article` WHERE  `delete_time` = 0  AND `is_show` = 1 [ RunTime:0.000373s ]
[2021-06-07T13:41:55+08:00][sql] SELECT `article_id`,`article_title`,`article_desc`,`article_content`,`article_img`,`article_guide`,`article_label`,`click_num`,`is_show`,`add_time`,`article_author`,`is_top_show` FROM `carver_article` WHERE  `delete_time` = 0  AND `is_show` = 1 ORDER BY `article_id` DESC LIMIT 0,6 [ RunTime:0.000756s ]
[2021-06-07T13:41:55+08:00][sql] SELECT article_id,article_title,click_num,FROM_UNIXTIME(add_time,'%Y-%m-%d') as add_time FROM `carver_article` WHERE  `is_show` = 1  AND `delete_time` = 0 ORDER BY `click_num` DESC LIMIT 3 [ RunTime:0.000410s ]
[2021-06-07T13:41:55+08:00][sql] SHOW FULL COLUMNS FROM `carver_notice` [ RunTime:0.000511s ]
[2021-06-07T13:41:55+08:00][sql] SELECT * FROM `carver_notice` ORDER BY `create_time` DESC LIMIT 3 [ RunTime:0.000259s ]
[2021-06-07T13:41:55+08:00][sql] SHOW FULL COLUMNS FROM `carver_navigation` [ RunTime:0.000499s ]
[2021-06-07T13:41:55+08:00][sql] SELECT * FROM `carver_navigation` [ RunTime:0.000230s ]
[2021-06-07T13:41:55+08:00][sql] SHOW FULL COLUMNS FROM `carver_link` [ RunTime:0.000485s ]
[2021-06-07T13:41:55+08:00][sql] SELECT * FROM `carver_link` WHERE  ( is_confirm=2 ) LIMIT 20 [ RunTime:0.000405s ]
[2021-06-07T13:41:55+08:00][sql] SELECT `article_label` FROM `carver_article` [ RunTime:0.000272s ]
[2021-06-07T13:41:55+08:00][sql] SHOW FULL COLUMNS FROM `carver_carouse` [ RunTime:0.000508s ]
[2021-06-07T13:41:55+08:00][sql] SELECT `carouse_img`,`carouse_desc` FROM `carver_carouse` WHERE  `is_show` = 1 ORDER BY `carouse_sort` DESC LIMIT 3 [ RunTime:0.000291s ]
[2021-06-07T13:41:55+08:00][sql] SHOW FULL COLUMNS FROM `carver_site` [ RunTime:0.000461s ]
[2021-06-07T13:41:55+08:00][sql] SELECT * FROM `carver_site` [ RunTime:0.000220s ]
[2021-06-07T15:38:22+08:00][sql] CONNECT:[ UseTime:0.000555s ] mysql:host=127.0.0.1;port=3306;dbname=carver;charset=utf8
[2021-06-07T15:38:22+08:00][sql] SHOW FULL COLUMNS FROM `carver_article` [ RunTime:0.000851s ]
[2021-06-07T15:38:22+08:00][sql] SELECT COUNT(*) AS think_count FROM `carver_article` WHERE  `article_guide` = 63  AND `delete_time` = 0  AND `is_show` = 1 [ RunTime:0.000431s ]
[2021-06-07T15:38:22+08:00][sql] SELECT * FROM `carver_article` WHERE  `article_guide` = 63  AND `delete_time` = 0  AND `is_show` = 1 ORDER BY `add_time` DESC LIMIT 0,6 [ RunTime:0.000461s ]
[2021-06-07T15:38:22+08:00][sql] SELECT article_id,article_title,click_num,FROM_UNIXTIME(add_time,'%Y-%m-%d') as add_time FROM `carver_article` WHERE  `is_show` = 1  AND `delete_time` = 0 ORDER BY `click_num` DESC LIMIT 3 [ RunTime:0.000476s ]
[2021-06-07T15:38:22+08:00][sql] SHOW FULL COLUMNS FROM `carver_notice` [ RunTime:0.000651s ]
[2021-06-07T15:38:22+08:00][sql] SELECT * FROM `carver_notice` ORDER BY `create_time` DESC LIMIT 3 [ RunTime:0.000332s ]
[2021-06-07T15:38:22+08:00][sql] SHOW FULL COLUMNS FROM `carver_navigation` [ RunTime:0.000612s ]
[2021-06-07T15:38:22+08:00][sql] SELECT * FROM `carver_navigation` [ RunTime:0.000287s ]
[2021-06-07T15:38:22+08:00][sql] SELECT `article_label` FROM `carver_article` [ RunTime:0.000272s ]
[2021-06-07T15:38:22+08:00][sql] SHOW FULL COLUMNS FROM `carver_carouse` [ RunTime:0.000570s ]
[2021-06-07T15:38:22+08:00][sql] SELECT `carouse_img`,`carouse_desc` FROM `carver_carouse` WHERE  `is_show` = 1 ORDER BY `carouse_sort` DESC LIMIT 3 [ RunTime:0.000313s ]
[2021-06-07T15:38:22+08:00][sql] SHOW FULL COLUMNS FROM `carver_link` [ RunTime:0.000548s ]
[2021-06-07T15:38:22+08:00][sql] SELECT * FROM `carver_link` WHERE  ( is_confirm=2 ) LIMIT 20 [ RunTime:0.000341s ]
[2021-06-07T15:38:22+08:00][sql] SHOW FULL COLUMNS FROM `carver_site` [ RunTime:0.000582s ]
[2021-06-07T15:38:22+08:00][sql] SELECT * FROM `carver_site` [ RunTime:0.000304s ]
[2021-06-07T16:01:09+08:00][sql] CONNECT:[ UseTime:0.000541s ] mysql:host=127.0.0.1;port=3306;dbname=carver;charset=utf8
[2021-06-07T16:01:09+08:00][sql] SHOW FULL COLUMNS FROM `carver_article` [ RunTime:0.000866s ]
[2021-06-07T16:01:09+08:00][sql] SELECT COUNT(*) AS think_count FROM `carver_article` WHERE  `article_label` LIKE '%nginx%'  AND `delete_time` = 0  AND `is_show` = 1 [ RunTime:0.000412s ]
[2021-06-07T16:01:09+08:00][sql] SELECT * FROM `carver_article` WHERE  `article_label` LIKE '%nginx%'  AND `delete_time` = 0  AND `is_show` = 1 LIMIT 0,6 [ RunTime:0.001020s ]
[2021-06-07T16:01:09+08:00][sql] SELECT article_id,article_title,click_num,FROM_UNIXTIME(add_time,'%Y-%m-%d') as add_time FROM `carver_article` WHERE  `is_show` = 1  AND `delete_time` = 0 ORDER BY `click_num` DESC LIMIT 3 [ RunTime:0.000505s ]
[2021-06-07T16:01:09+08:00][sql] SHOW FULL COLUMNS FROM `carver_notice` [ RunTime:0.000608s ]
[2021-06-07T16:01:09+08:00][sql] SELECT * FROM `carver_notice` ORDER BY `create_time` DESC LIMIT 3 [ RunTime:0.000262s ]
[2021-06-07T16:01:09+08:00][sql] SHOW FULL COLUMNS FROM `carver_navigation` [ RunTime:0.000590s ]
[2021-06-07T16:01:09+08:00][sql] SELECT * FROM `carver_navigation` [ RunTime:0.000254s ]
[2021-06-07T16:01:09+08:00][sql] SHOW FULL COLUMNS FROM `carver_link` [ RunTime:0.000498s ]
[2021-06-07T16:01:09+08:00][sql] SELECT * FROM `carver_link` WHERE  ( is_confirm=2 ) LIMIT 20 [ RunTime:0.000286s ]
[2021-06-07T16:01:09+08:00][sql] SELECT `article_label` FROM `carver_article` [ RunTime:0.000400s ]
[2021-06-07T16:01:09+08:00][sql] SHOW FULL COLUMNS FROM `carver_carouse` [ RunTime:0.000524s ]
[2021-06-07T16:01:09+08:00][sql] SELECT `carouse_img`,`carouse_desc` FROM `carver_carouse` WHERE  `is_show` = 1 ORDER BY `carouse_sort` DESC LIMIT 3 [ RunTime:0.000303s ]
[2021-06-07T16:01:09+08:00][sql] SHOW FULL COLUMNS FROM `carver_site` [ RunTime:0.000500s ]
[2021-06-07T16:01:09+08:00][sql] SELECT * FROM `carver_site` [ RunTime:0.000256s ]
[2021-06-07T18:28:06+08:00][sql] CONNECT:[ UseTime:0.000523s ] mysql:host=127.0.0.1;port=3306;dbname=carver;charset=utf8
[2021-06-07T18:28:06+08:00][sql] SHOW FULL COLUMNS FROM `carver_article` [ RunTime:0.000882s ]
[2021-06-07T18:28:06+08:00][sql] SELECT COUNT(*) AS think_count FROM `carver_article` WHERE  `article_label` LIKE '%php;nginx%'  AND `delete_time` = 0  AND `is_show` = 1 [ RunTime:0.000444s ]
[2021-06-07T18:28:06+08:00][sql] SELECT * FROM `carver_article` WHERE  `article_label` LIKE '%php;nginx%'  AND `delete_time` = 0  AND `is_show` = 1 LIMIT 0,6 [ RunTime:0.001123s ]
[2021-06-07T18:28:06+08:00][sql] SELECT article_id,article_title,click_num,FROM_UNIXTIME(add_time,'%Y-%m-%d') as add_time FROM `carver_article` WHERE  `is_show` = 1  AND `delete_time` = 0 ORDER BY `click_num` DESC LIMIT 3 [ RunTime:0.000534s ]
[2021-06-07T18:28:06+08:00][sql] SHOW FULL COLUMNS FROM `carver_notice` [ RunTime:0.000928s ]
[2021-06-07T18:28:06+08:00][sql] SELECT * FROM `carver_notice` ORDER BY `create_time` DESC LIMIT 3 [ RunTime:0.000292s ]
[2021-06-07T18:28:06+08:00][sql] SHOW FULL COLUMNS FROM `carver_navigation` [ RunTime:0.000544s ]
[2021-06-07T18:28:06+08:00][sql] SELECT * FROM `carver_navigation` [ RunTime:0.000253s ]
[2021-06-07T18:28:06+08:00][sql] SHOW FULL COLUMNS FROM `carver_link` [ RunTime:0.000524s ]
[2021-06-07T18:28:06+08:00][sql] SELECT * FROM `carver_link` WHERE  ( is_confirm=2 ) LIMIT 20 [ RunTime:0.000309s ]
[2021-06-07T18:28:06+08:00][sql] SELECT `article_label` FROM `carver_article` [ RunTime:0.000253s ]
[2021-06-07T18:28:06+08:00][sql] SHOW FULL COLUMNS FROM `carver_carouse` [ RunTime:0.000505s ]
[2021-06-07T18:28:06+08:00][sql] SELECT `carouse_img`,`carouse_desc` FROM `carver_carouse` WHERE  `is_show` = 1 ORDER BY `carouse_sort` DESC LIMIT 3 [ RunTime:0.000298s ]
[2021-06-07T18:28:06+08:00][sql] SHOW FULL COLUMNS FROM `carver_site` [ RunTime:0.000518s ]
[2021-06-07T18:28:06+08:00][sql] SELECT * FROM `carver_site` [ RunTime:0.000970s ]
[2021-06-07T19:37:55+08:00][sql] CONNECT:[ UseTime:0.000817s ] mysql:host=127.0.0.1;port=3306;dbname=carver;charset=utf8
[2021-06-07T19:37:55+08:00][sql] SHOW FULL COLUMNS FROM `carver_article` [ RunTime:0.000854s ]
[2021-06-07T19:37:55+08:00][sql] SELECT `article_id`,`article_title`,`article_desc`,`article_content`,`article_img`,`article_guide`,`article_label`,`click_num`,`is_show`,`add_time`,`article_author` FROM `carver_article` WHERE  `article_id` = 19 LIMIT 1 [ RunTime:0.003576s ]
[2021-06-07T19:37:55+08:00][sql] SELECT `article_id`,`article_title`,`article_desc`,`article_content`,`article_img`,`article_guide`,`article_label`,`click_num`,`is_show`,`add_time`,`article_author` FROM `carver_article` WHERE  `article_id` > 19 LIMIT 1 [ RunTime:0.001051s ]
[2021-06-07T19:37:55+08:00][sql] SELECT `article_id`,`article_title`,`article_desc`,`article_content`,`article_img`,`article_guide`,`article_label`,`click_num`,`is_show`,`add_time`,`article_author` FROM `carver_article` WHERE  `article_id` < 19 ORDER BY `article_id` DESC LIMIT 1 [ RunTime:0.000438s ]
[2021-06-07T19:37:55+08:00][sql] SHOW FULL COLUMNS FROM `carver_link` [ RunTime:0.000589s ]
[2021-06-07T19:37:55+08:00][sql] SELECT * FROM `carver_link` WHERE  ( is_confirm=2 ) LIMIT 20 [ RunTime:0.000336s ]
[2021-06-07T19:37:55+08:00][sql] SELECT article_id,article_title,click_num,FROM_UNIXTIME(add_time,'%Y-%m-%d') as add_time FROM `carver_article` ORDER BY `click_num` DESC LIMIT 3 [ RunTime:0.000391s ]
[2021-06-07T19:37:55+08:00][sql] SHOW FULL COLUMNS FROM `carver_comment` [ RunTime:0.000591s ]
[2021-06-07T19:37:55+08:00][sql] SELECT `a`.*,`b`.`user_name` FROM `carver_comment` `a` INNER JOIN `carver_user` `b` ON `a`.`user_id`=`b`.`user_id` WHERE  `article_id` = 19 ORDER BY `create_time` DESC [ RunTime:0.000385s ]
[2021-06-07T19:37:55+08:00][sql] SHOW FULL COLUMNS FROM `carver_comment_to_others` [ RunTime:0.000521s ]
[2021-06-07T19:37:55+08:00][sql] SELECT * FROM `carver_comment_to_others` [ RunTime:0.000246s ]
[2021-06-07T19:37:55+08:00][sql] SHOW FULL COLUMNS FROM `carver_user` [ RunTime:0.000442s ]
[2021-06-07T19:37:55+08:00][sql] SELECT `user_name` FROM `carver_user` WHERE  `user_id` = 4 LIMIT 1 [ RunTime:0.000227s ]
[2021-06-07T19:37:55+08:00][sql] SELECT `user_name` FROM `carver_user` WHERE  `user_id` = 4 LIMIT 1 [ RunTime:0.000240s ]
[2021-06-07T19:37:55+08:00][sql] SELECT `user_name` FROM `carver_user` WHERE  `user_id` = 5 LIMIT 1 [ RunTime:0.000253s ]
[2021-06-07T19:37:55+08:00][sql] SELECT `user_name` FROM `carver_user` WHERE  `user_id` = 5 LIMIT 1 [ RunTime:0.000205s ]
[2021-06-07T19:37:55+08:00][sql] SELECT `user_name` FROM `carver_user` WHERE  `user_id` = 37 LIMIT 1 [ RunTime:0.000274s ]
[2021-06-07T19:37:55+08:00][sql] SELECT `user_name`,`user_id` FROM `carver_user` [ RunTime:0.000259s ]
[2021-06-07T19:37:55+08:00][sql] SHOW FULL COLUMNS FROM `carver_navigation` [ RunTime:0.000511s ]
[2021-06-07T19:37:55+08:00][sql] SELECT * FROM `carver_navigation` [ RunTime:0.000303s ]
[2021-06-07T19:37:55+08:00][sql] SELECT `article_label` FROM `carver_article` [ RunTime:0.000301s ]
[2021-06-07T21:08:20+08:00][sql] CONNECT:[ UseTime:0.000751s ] mysql:host=127.0.0.1;port=3306;dbname=carver;charset=utf8
[2021-06-07T21:08:20+08:00][sql] SHOW FULL COLUMNS FROM `carver_article` [ RunTime:0.001222s ]
[2021-06-07T21:08:20+08:00][sql] SELECT COUNT(*) AS think_count FROM `carver_article` WHERE  `article_label` LIKE '%设计模式%'  AND `delete_time` = 0  AND `is_show` = 1 [ RunTime:0.000535s ]
[2021-06-07T21:08:20+08:00][sql] SELECT * FROM `carver_article` WHERE  `article_label` LIKE '%设计模式%'  AND `delete_time` = 0  AND `is_show` = 1 LIMIT 0,6 [ RunTime:0.003250s ]
[2021-06-07T21:08:20+08:00][sql] SELECT article_id,article_title,click_num,FROM_UNIXTIME(add_time,'%Y-%m-%d') as add_time FROM `carver_article` WHERE  `is_show` = 1  AND `delete_time` = 0 ORDER BY `click_num` DESC LIMIT 3 [ RunTime:0.000824s ]
[2021-06-07T21:08:20+08:00][sql] SHOW FULL COLUMNS FROM `carver_notice` [ RunTime:0.000852s ]
[2021-06-07T21:08:20+08:00][sql] SELECT * FROM `carver_notice` ORDER BY `create_time` DESC LIMIT 3 [ RunTime:0.000369s ]
[2021-06-07T21:08:20+08:00][sql] SHOW FULL COLUMNS FROM `carver_navigation` [ RunTime:0.000652s ]
[2021-06-07T21:08:20+08:00][sql] SELECT * FROM `carver_navigation` [ RunTime:0.000321s ]
[2021-06-07T21:08:20+08:00][sql] SHOW FULL COLUMNS FROM `carver_link` [ RunTime:0.001163s ]
[2021-06-07T21:08:20+08:00][sql] SELECT * FROM `carver_link` WHERE  ( is_confirm=2 ) LIMIT 20 [ RunTime:0.000415s ]
[2021-06-07T21:08:20+08:00][sql] SELECT `article_label` FROM `carver_article` [ RunTime:0.000322s ]
[2021-06-07T21:08:20+08:00][sql] SHOW FULL COLUMNS FROM `carver_carouse` [ RunTime:0.000728s ]
[2021-06-07T21:08:20+08:00][sql] SELECT `carouse_img`,`carouse_desc` FROM `carver_carouse` WHERE  `is_show` = 1 ORDER BY `carouse_sort` DESC LIMIT 3 [ RunTime:0.000390s ]
[2021-06-07T21:08:20+08:00][sql] SHOW FULL COLUMNS FROM `carver_site` [ RunTime:0.000764s ]
[2021-06-07T21:08:20+08:00][sql] SELECT * FROM `carver_site` [ RunTime:0.000330s ]
[2021-06-07T22:32:37+08:00][sql] CONNECT:[ UseTime:0.000537s ] mysql:host=127.0.0.1;port=3306;dbname=carver;charset=utf8
[2021-06-07T22:32:37+08:00][sql] SHOW FULL COLUMNS FROM `carver_user` [ RunTime:0.000916s ]
[2021-06-07T22:32:37+08:00][sql] SHOW FULL COLUMNS FROM `carver_article` [ RunTime:0.000736s ]
[2021-06-07T22:32:37+08:00][sql] SELECT COUNT(*) AS think_count FROM `carver_article` WHERE  `delete_time` = 0  AND `is_show` = 1 [ RunTime:0.000389s ]
[2021-06-07T22:32:37+08:00][sql] SELECT `article_id`,`article_title`,`article_desc`,`article_content`,`article_img`,`article_guide`,`article_label`,`click_num`,`is_show`,`add_time`,`article_author`,`is_top_show` FROM `carver_article` WHERE  `delete_time` = 0  AND `is_show` = 1 ORDER BY `article_id` DESC LIMIT 0,6 [ RunTime:0.000781s ]
[2021-06-07T22:32:37+08:00][sql] SELECT article_id,article_title,click_num,FROM_UNIXTIME(add_time,'%Y-%m-%d') as add_time FROM `carver_article` WHERE  `is_show` = 1  AND `delete_time` = 0 ORDER BY `click_num` DESC LIMIT 3 [ RunTime:0.000491s ]
[2021-06-07T22:32:37+08:00][sql] SHOW FULL COLUMNS FROM `carver_notice` [ RunTime:0.000568s ]
[2021-06-07T22:32:37+08:00][sql] SELECT * FROM `carver_notice` ORDER BY `create_time` DESC LIMIT 3 [ RunTime:0.000292s ]
[2021-06-07T22:32:37+08:00][sql] SHOW FULL COLUMNS FROM `carver_navigation` [ RunTime:0.000544s ]
[2021-06-07T22:32:37+08:00][sql] SELECT * FROM `carver_navigation` [ RunTime:0.000266s ]
[2021-06-07T22:32:37+08:00][sql] SHOW FULL COLUMNS FROM `carver_link` [ RunTime:0.000552s ]
[2021-06-07T22:32:37+08:00][sql] SELECT * FROM `carver_link` WHERE  ( is_confirm=2 ) LIMIT 20 [ RunTime:0.000311s ]
[2021-06-07T22:32:37+08:00][sql] SELECT `article_label` FROM `carver_article` [ RunTime:0.000324s ]
[2021-06-07T22:32:37+08:00][sql] SHOW FULL COLUMNS FROM `carver_carouse` [ RunTime:0.000486s ]
[2021-06-07T22:32:37+08:00][sql] SELECT `carouse_img`,`carouse_desc` FROM `carver_carouse` WHERE  `is_show` = 1 ORDER BY `carouse_sort` DESC LIMIT 3 [ RunTime:0.000350s ]
[2021-06-07T22:32:37+08:00][sql] SHOW FULL COLUMNS FROM `carver_site` [ RunTime:0.000474s ]
[2021-06-07T22:32:37+08:00][sql] SELECT * FROM `carver_site` [ RunTime:0.000256s ]
