[2021-06-08T00:09:35+08:00][sql] CONNECT:[ UseTime:0.000486s ] mysql:host=127.0.0.1;port=3306;dbname=carver;charset=utf8
[2021-06-08T00:09:35+08:00][sql] SHOW FULL COLUMNS FROM `carver_article` [ RunTime:0.000900s ]
[2021-06-08T00:09:35+08:00][sql] SELECT COUNT(*) AS think_count FROM `carver_article` WHERE  `article_label` LIKE '%%'  AND `delete_time` = 0  AND `is_show` = 1 [ RunTime:0.000440s ]
[2021-06-08T00:09:35+08:00][sql] SELECT * FROM `carver_article` WHERE  `article_label` LIKE '%%'  AND `delete_time` = 0  AND `is_show` = 1 LIMIT 6,6 [ RunTime:0.000947s ]
[2021-06-08T00:09:35+08:00][sql] SELECT article_id,article_title,click_num,FROM_UNIXTIME(add_time,'%Y-%m-%d') as add_time FROM `carver_article` WHERE  `is_show` = 1  AND `delete_time` = 0 ORDER BY `click_num` DESC LIMIT 3 [ RunTime:0.000443s ]
[2021-06-08T00:09:35+08:00][sql] SHOW FULL COLUMNS FROM `carver_notice` [ RunTime:0.000633s ]
[2021-06-08T00:09:35+08:00][sql] SELECT * FROM `carver_notice` ORDER BY `create_time` DESC LIMIT 3 [ RunTime:0.000280s ]
[2021-06-08T00:09:35+08:00][sql] SHOW FULL COLUMNS FROM `carver_navigation` [ RunTime:0.000518s ]
[2021-06-08T00:09:35+08:00][sql] SELECT * FROM `carver_navigation` [ RunTime:0.000248s ]
[2021-06-08T00:09:35+08:00][sql] SHOW FULL COLUMNS FROM `carver_link` [ RunTime:0.000531s ]
[2021-06-08T00:09:35+08:00][sql] SELECT * FROM `carver_link` WHERE  ( is_confirm=2 ) LIMIT 20 [ RunTime:0.000287s ]
[2021-06-08T00:09:35+08:00][sql] SELECT `article_label` FROM `carver_article` [ RunTime:0.000371s ]
[2021-06-08T00:09:35+08:00][sql] SHOW FULL COLUMNS FROM `carver_carouse` [ RunTime:0.000496s ]
[2021-06-08T00:09:35+08:00][sql] SELECT `carouse_img`,`carouse_desc` FROM `carver_carouse` WHERE  `is_show` = 1 ORDER BY `carouse_sort` DESC LIMIT 3 [ RunTime:0.000289s ]
[2021-06-08T00:09:35+08:00][sql] SHOW FULL COLUMNS FROM `carver_site` [ RunTime:0.000479s ]
[2021-06-08T00:09:35+08:00][sql] SELECT * FROM `carver_site` [ RunTime:0.000254s ]
[2021-06-08T01:57:39+08:00][sql] CONNECT:[ UseTime:0.000553s ] mysql:host=127.0.0.1;port=3306;dbname=carver;charset=utf8
[2021-06-08T01:57:39+08:00][sql] SHOW FULL COLUMNS FROM `carver_article` [ RunTime:0.000884s ]
[2021-06-08T01:57:39+08:00][sql] SELECT COUNT(*) AS think_count FROM `carver_article` WHERE  `article_guide` = 6  AND `delete_time` = 0  AND `is_show` = 1 [ RunTime:0.000404s ]
[2021-06-08T01:57:39+08:00][sql] SELECT * FROM `carver_article` WHERE  `article_guide` = 6  AND `delete_time` = 0  AND `is_show` = 1 ORDER BY `add_time` DESC LIMIT 0,6 [ RunTime:0.000695s ]
[2021-06-08T01:57:39+08:00][sql] SELECT article_id,article_title,click_num,FROM_UNIXTIME(add_time,'%Y-%m-%d') as add_time FROM `carver_article` WHERE  `is_show` = 1  AND `delete_time` = 0 ORDER BY `click_num` DESC LIMIT 3 [ RunTime:0.000400s ]
[2021-06-08T01:57:39+08:00][sql] SHOW FULL COLUMNS FROM `carver_notice` [ RunTime:0.000588s ]
[2021-06-08T01:57:39+08:00][sql] SELECT * FROM `carver_notice` ORDER BY `create_time` DESC LIMIT 3 [ RunTime:0.000273s ]
[2021-06-08T01:57:39+08:00][sql] SHOW FULL COLUMNS FROM `carver_navigation` [ RunTime:0.000523s ]
[2021-06-08T01:57:39+08:00][sql] SELECT * FROM `carver_navigation` [ RunTime:0.000234s ]
[2021-06-08T01:57:39+08:00][sql] SELECT `article_label` FROM `carver_article` [ RunTime:0.000612s ]
[2021-06-08T01:57:39+08:00][sql] SHOW FULL COLUMNS FROM `carver_carouse` [ RunTime:0.000514s ]
[2021-06-08T01:57:39+08:00][sql] SELECT `carouse_img`,`carouse_desc` FROM `carver_carouse` WHERE  `is_show` = 1 ORDER BY `carouse_sort` DESC LIMIT 3 [ RunTime:0.000294s ]
[2021-06-08T01:57:39+08:00][sql] SHOW FULL COLUMNS FROM `carver_link` [ RunTime:0.000522s ]
[2021-06-08T01:57:39+08:00][sql] SELECT * FROM `carver_link` WHERE  ( is_confirm=2 ) LIMIT 20 [ RunTime:0.000277s ]
[2021-06-08T01:57:39+08:00][sql] SHOW FULL COLUMNS FROM `carver_site` [ RunTime:0.000577s ]
[2021-06-08T01:57:39+08:00][sql] SELECT * FROM `carver_site` [ RunTime:0.000239s ]
[2021-06-08T02:52:50+08:00][sql] CONNECT:[ UseTime:0.000515s ] mysql:host=127.0.0.1;port=3306;dbname=carver;charset=utf8
[2021-06-08T02:52:50+08:00][sql] SHOW FULL COLUMNS FROM `carver_article` [ RunTime:0.000834s ]
[2021-06-08T02:52:50+08:00][sql] SELECT `article_id`,`article_title`,`article_desc`,`article_content`,`article_img`,`article_guide`,`article_label`,`click_num`,`is_show`,`add_time`,`article_author` FROM `carver_article` WHERE  `article_id` = 17' LIMIT 1 [ RunTime:0.000572s ]
[2021-06-08T02:52:50+08:00][sql] SELECT `article_id`,`article_title`,`article_desc`,`article_content`,`article_img`,`article_guide`,`article_label`,`click_num`,`is_show`,`add_time`,`article_author` FROM `carver_article` WHERE  `article_id` > 17' LIMIT 1 [ RunTime:0.000400s ]
[2021-06-08T02:52:50+08:00][sql] SELECT `article_id`,`article_title`,`article_desc`,`article_content`,`article_img`,`article_guide`,`article_label`,`click_num`,`is_show`,`add_time`,`article_author` FROM `carver_article` WHERE  `article_id` < 17' ORDER BY `article_id` DESC LIMIT 1 [ RunTime:0.000359s ]
[2021-06-08T02:52:50+08:00][sql] SHOW FULL COLUMNS FROM `carver_link` [ RunTime:0.000509s ]
[2021-06-08T02:52:50+08:00][sql] SELECT * FROM `carver_link` WHERE  ( is_confirm=2 ) LIMIT 20 [ RunTime:0.000314s ]
[2021-06-08T02:52:50+08:00][sql] SELECT article_id,article_title,click_num,FROM_UNIXTIME(add_time,'%Y-%m-%d') as add_time FROM `carver_article` ORDER BY `click_num` DESC LIMIT 3 [ RunTime:0.000380s ]
[2021-06-08T02:52:50+08:00][sql] SHOW FULL COLUMNS FROM `carver_comment` [ RunTime:0.000503s ]
[2021-06-08T02:52:50+08:00][sql] SELECT `a`.*,`b`.`user_name` FROM `carver_comment` `a` INNER JOIN `carver_user` `b` ON `a`.`user_id`=`b`.`user_id` WHERE  `article_id` = 17' ORDER BY `create_time` DESC [ RunTime:0.000327s ]
[2021-06-08T02:52:50+08:00][sql] SHOW FULL COLUMNS FROM `carver_comment_to_others` [ RunTime:0.000501s ]
[2021-06-08T02:52:50+08:00][sql] SELECT * FROM `carver_comment_to_others` [ RunTime:0.000230s ]
[2021-06-08T02:52:50+08:00][sql] SHOW FULL COLUMNS FROM `carver_user` [ RunTime:0.000432s ]
[2021-06-08T02:52:50+08:00][sql] SELECT `user_name` FROM `carver_user` WHERE  `user_id` = 4 LIMIT 1 [ RunTime:0.000293s ]
[2021-06-08T02:52:50+08:00][sql] SELECT `user_name` FROM `carver_user` WHERE  `user_id` = 4 LIMIT 1 [ RunTime:0.000227s ]
[2021-06-08T02:52:50+08:00][sql] SELECT `user_name` FROM `carver_user` WHERE  `user_id` = 5 LIMIT 1 [ RunTime:0.000203s ]
[2021-06-08T02:52:50+08:00][sql] SELECT `user_name` FROM `carver_user` WHERE  `user_id` = 5 LIMIT 1 [ RunTime:0.000230s ]
[2021-06-08T02:52:50+08:00][sql] SELECT `user_name` FROM `carver_user` WHERE  `user_id` = 37 LIMIT 1 [ RunTime:0.000227s ]
[2021-06-08T02:52:50+08:00][sql] SELECT `user_name`,`user_id` FROM `carver_user` [ RunTime:0.000250s ]
[2021-06-08T02:52:50+08:00][sql] SHOW FULL COLUMNS FROM `carver_navigation` [ RunTime:0.000492s ]
[2021-06-08T02:52:50+08:00][sql] SELECT * FROM `carver_navigation` [ RunTime:0.000250s ]
[2021-06-08T02:52:50+08:00][sql] SELECT `article_label` FROM `carver_article` [ RunTime:0.000246s ]
[2021-06-08T04:23:28+08:00][sql] CONNECT:[ UseTime:0.000636s ] mysql:host=127.0.0.1;port=3306;dbname=carver;charset=utf8
[2021-06-08T04:23:28+08:00][sql] SHOW FULL COLUMNS FROM `carver_user` [ RunTime:0.000799s ]
[2021-06-08T06:15:07+08:00][sql] CONNECT:[ UseTime:0.000576s ] mysql:host=127.0.0.1;port=3306;dbname=carver;charset=utf8
[2021-06-08T06:15:07+08:00][sql] SHOW FULL COLUMNS FROM `carver_article` [ RunTime:0.001016s ]
[2021-06-08T06:15:07+08:00][sql] SELECT `article_id`,`article_title`,`article_desc`,`article_content`,`article_img`,`article_guide`,`article_label`,`click_num`,`is_show`,`add_time`,`article_author` FROM `carver_article` WHERE  `article_id` = 24 LIMIT 1 [ RunTime:0.000518s ]
[2021-06-08T06:15:07+08:00][sql] SELECT `article_id`,`article_title`,`article_desc`,`article_content`,`article_img`,`article_guide`,`article_label`,`click_num`,`is_show`,`add_time`,`article_author` FROM `carver_article` WHERE  `article_id` > 24 LIMIT 1 [ RunTime:0.000468s ]
[2021-06-08T06:15:07+08:00][sql] SELECT `article_id`,`article_title`,`article_desc`,`article_content`,`article_img`,`article_guide`,`article_label`,`click_num`,`is_show`,`add_time`,`article_author` FROM `carver_article` WHERE  `article_id` < 24 ORDER BY `article_id` DESC LIMIT 1 [ RunTime:0.000432s ]
[2021-06-08T06:15:07+08:00][sql] SHOW FULL COLUMNS FROM `carver_link` [ RunTime:0.000588s ]
[2021-06-08T06:15:07+08:00][sql] SELECT * FROM `carver_link` WHERE  ( is_confirm=2 ) LIMIT 20 [ RunTime:0.000654s ]
[2021-06-08T06:15:07+08:00][sql] SELECT article_id,article_title,click_num,FROM_UNIXTIME(add_time,'%Y-%m-%d') as add_time FROM `carver_article` ORDER BY `click_num` DESC LIMIT 3 [ RunTime:0.000384s ]
[2021-06-08T06:15:07+08:00][sql] SHOW FULL COLUMNS FROM `carver_comment` [ RunTime:0.000645s ]
[2021-06-08T06:15:07+08:00][sql] SELECT `a`.*,`b`.`user_name` FROM `carver_comment` `a` INNER JOIN `carver_user` `b` ON `a`.`user_id`=`b`.`user_id` WHERE  `article_id` = 24 ORDER BY `create_time` DESC [ RunTime:0.000521s ]
[2021-06-08T06:15:07+08:00][sql] SHOW FULL COLUMNS FROM `carver_comment_to_others` [ RunTime:0.000615s ]
[2021-06-08T06:15:07+08:00][sql] SELECT * FROM `carver_comment_to_others` [ RunTime:0.000269s ]
[2021-06-08T06:15:07+08:00][sql] SHOW FULL COLUMNS FROM `carver_user` [ RunTime:0.000464s ]
[2021-06-08T06:15:07+08:00][sql] SELECT `user_name` FROM `carver_user` WHERE  `user_id` = 4 LIMIT 1 [ RunTime:0.000258s ]
[2021-06-08T06:15:07+08:00][sql] SELECT `user_name` FROM `carver_user` WHERE  `user_id` = 4 LIMIT 1 [ RunTime:0.000277s ]
[2021-06-08T06:15:07+08:00][sql] SELECT `user_name` FROM `carver_user` WHERE  `user_id` = 5 LIMIT 1 [ RunTime:0.000308s ]
[2021-06-08T06:15:07+08:00][sql] SELECT `user_name` FROM `carver_user` WHERE  `user_id` = 5 LIMIT 1 [ RunTime:0.000285s ]
[2021-06-08T06:15:07+08:00][sql] SELECT `user_name` FROM `carver_user` WHERE  `user_id` = 37 LIMIT 1 [ RunTime:0.000240s ]
[2021-06-08T06:15:07+08:00][sql] SELECT `user_name`,`user_id` FROM `carver_user` [ RunTime:0.000249s ]
[2021-06-08T06:15:07+08:00][sql] SHOW FULL COLUMNS FROM `carver_navigation` [ RunTime:0.000717s ]
[2021-06-08T06:15:07+08:00][sql] SELECT * FROM `carver_navigation` [ RunTime:0.000279s ]
[2021-06-08T06:15:07+08:00][sql] SELECT `article_label` FROM `carver_article` [ RunTime:0.000300s ]
[2021-06-08T07:21:02+08:00][sql] CONNECT:[ UseTime:0.000516s ] mysql:host=127.0.0.1;port=3306;dbname=carver;charset=utf8
[2021-06-08T07:21:02+08:00][sql] SHOW FULL COLUMNS FROM `carver_user` [ RunTime:0.000789s ]
[2021-06-08T07:21:02+08:00][sql] SHOW FULL COLUMNS FROM `carver_article` [ RunTime:0.000670s ]
[2021-06-08T07:21:02+08:00][sql] SELECT COUNT(*) AS think_count FROM `carver_article` WHERE  `delete_time` = 0  AND `is_show` = 1 [ RunTime:0.000358s ]
[2021-06-08T07:21:02+08:00][sql] SELECT `article_id`,`article_title`,`article_desc`,`article_content`,`article_img`,`article_guide`,`article_label`,`click_num`,`is_show`,`add_time`,`article_author`,`is_top_show` FROM `carver_article` WHERE  `delete_time` = 0  AND `is_show` = 1 ORDER BY `article_id` DESC LIMIT 18,6 [ RunTime:0.001662s ]
[2021-06-08T07:21:02+08:00][sql] SELECT article_id,article_title,click_num,FROM_UNIXTIME(add_time,'%Y-%m-%d') as add_time FROM `carver_article` WHERE  `is_show` = 1  AND `delete_time` = 0 ORDER BY `click_num` DESC LIMIT 3 [ RunTime:0.000415s ]
[2021-06-08T07:21:02+08:00][sql] SHOW FULL COLUMNS FROM `carver_notice` [ RunTime:0.000537s ]
[2021-06-08T07:21:02+08:00][sql] SELECT * FROM `carver_notice` ORDER BY `create_time` DESC LIMIT 3 [ RunTime:0.000270s ]
[2021-06-08T07:21:02+08:00][sql] SHOW FULL COLUMNS FROM `carver_navigation` [ RunTime:0.000517s ]
[2021-06-08T07:21:02+08:00][sql] SELECT * FROM `carver_navigation` [ RunTime:0.000234s ]
[2021-06-08T07:21:02+08:00][sql] SHOW FULL COLUMNS FROM `carver_link` [ RunTime:0.000478s ]
[2021-06-08T07:21:02+08:00][sql] SELECT * FROM `carver_link` WHERE  ( is_confirm=2 ) LIMIT 20 [ RunTime:0.000262s ]
[2021-06-08T07:21:02+08:00][sql] SELECT `article_label` FROM `carver_article` [ RunTime:0.000276s ]
[2021-06-08T07:21:02+08:00][sql] SHOW FULL COLUMNS FROM `carver_carouse` [ RunTime:0.000512s ]
[2021-06-08T07:21:02+08:00][sql] SELECT `carouse_img`,`carouse_desc` FROM `carver_carouse` WHERE  `is_show` = 1 ORDER BY `carouse_sort` DESC LIMIT 3 [ RunTime:0.000260s ]
[2021-06-08T07:21:02+08:00][sql] SHOW FULL COLUMNS FROM `carver_site` [ RunTime:0.000511s ]
[2021-06-08T07:21:02+08:00][sql] SELECT * FROM `carver_site` [ RunTime:0.000237s ]
[2021-06-08T07:51:52+08:00][sql] CONNECT:[ UseTime:0.000642s ] mysql:host=127.0.0.1;port=3306;dbname=carver;charset=utf8
[2021-06-08T07:51:52+08:00][sql] SHOW FULL COLUMNS FROM `carver_user` [ RunTime:0.000895s ]
[2021-06-08T07:51:52+08:00][sql] SHOW FULL COLUMNS FROM `carver_article` [ RunTime:0.001079s ]
[2021-06-08T07:51:52+08:00][sql] SELECT COUNT(*) AS think_count FROM `carver_article` WHERE  `delete_time` = 0  AND `is_show` = 1 [ RunTime:0.000405s ]
[2021-06-08T07:51:52+08:00][sql] SELECT `article_id`,`article_title`,`article_desc`,`article_content`,`article_img`,`article_guide`,`article_label`,`click_num`,`is_show`,`add_time`,`article_author`,`is_top_show` FROM `carver_article` WHERE  `delete_time` = 0  AND `is_show` = 1 ORDER BY `article_id` DESC LIMIT 0,6 [ RunTime:0.000706s ]
[2021-06-08T07:51:52+08:00][sql] SELECT article_id,article_title,click_num,FROM_UNIXTIME(add_time,'%Y-%m-%d') as add_time FROM `carver_article` WHERE  `is_show` = 1  AND `delete_time` = 0 ORDER BY `click_num` DESC LIMIT 3 [ RunTime:0.000452s ]
[2021-06-08T07:51:52+08:00][sql] SHOW FULL COLUMNS FROM `carver_notice` [ RunTime:0.000568s ]
[2021-06-08T07:51:52+08:00][sql] SELECT * FROM `carver_notice` ORDER BY `create_time` DESC LIMIT 3 [ RunTime:0.000268s ]
[2021-06-08T07:51:52+08:00][sql] SHOW FULL COLUMNS FROM `carver_navigation` [ RunTime:0.000572s ]
[2021-06-08T07:51:52+08:00][sql] SELECT * FROM `carver_navigation` [ RunTime:0.000252s ]
[2021-06-08T07:51:52+08:00][sql] SHOW FULL COLUMNS FROM `carver_link` [ RunTime:0.000544s ]
[2021-06-08T07:51:52+08:00][sql] SELECT * FROM `carver_link` WHERE  ( is_confirm=2 ) LIMIT 20 [ RunTime:0.000288s ]
[2021-06-08T07:51:52+08:00][sql] SELECT `article_label` FROM `carver_article` [ RunTime:0.000271s ]
[2021-06-08T07:51:52+08:00][sql] SHOW FULL COLUMNS FROM `carver_carouse` [ RunTime:0.000476s ]
[2021-06-08T07:51:52+08:00][sql] SELECT `carouse_img`,`carouse_desc` FROM `carver_carouse` WHERE  `is_show` = 1 ORDER BY `carouse_sort` DESC LIMIT 3 [ RunTime:0.000302s ]
[2021-06-08T07:51:52+08:00][sql] SHOW FULL COLUMNS FROM `carver_site` [ RunTime:0.000470s ]
[2021-06-08T07:51:52+08:00][sql] SELECT * FROM `carver_site` [ RunTime:0.000244s ]
[2021-06-08T08:07:01+08:00][sql] CONNECT:[ UseTime:0.000607s ] mysql:host=127.0.0.1;port=3306;dbname=carver;charset=utf8
[2021-06-08T08:07:01+08:00][sql] SHOW FULL COLUMNS FROM `carver_article` [ RunTime:0.000931s ]
[2021-06-08T08:07:01+08:00][sql] SELECT `article_id`,`article_title`,`article_desc`,`article_content`,`article_img`,`article_guide`,`article_label`,`click_num`,`is_show`,`add_time`,`article_author` FROM `carver_article` WHERE  `article_id` = 17'A=0 LIMIT 1 [ RunTime:0.000507s ]
[2021-06-08T08:07:01+08:00][sql] SELECT `article_id`,`article_title`,`article_desc`,`article_content`,`article_img`,`article_guide`,`article_label`,`click_num`,`is_show`,`add_time`,`article_author` FROM `carver_article` WHERE  `article_id` > 17'A=0 LIMIT 1 [ RunTime:0.000385s ]
[2021-06-08T08:07:01+08:00][sql] SELECT `article_id`,`article_title`,`article_desc`,`article_content`,`article_img`,`article_guide`,`article_label`,`click_num`,`is_show`,`add_time`,`article_author` FROM `carver_article` WHERE  `article_id` < 17'A=0 ORDER BY `article_id` DESC LIMIT 1 [ RunTime:0.000365s ]
[2021-06-08T08:07:01+08:00][sql] SHOW FULL COLUMNS FROM `carver_link` [ RunTime:0.000568s ]
[2021-06-08T08:07:01+08:00][sql] SELECT * FROM `carver_link` WHERE  ( is_confirm=2 ) LIMIT 20 [ RunTime:0.000296s ]
[2021-06-08T08:07:01+08:00][sql] SELECT article_id,article_title,click_num,FROM_UNIXTIME(add_time,'%Y-%m-%d') as add_time FROM `carver_article` ORDER BY `click_num` DESC LIMIT 3 [ RunTime:0.000344s ]
[2021-06-08T08:07:01+08:00][sql] SHOW FULL COLUMNS FROM `carver_comment` [ RunTime:0.000535s ]
[2021-06-08T08:07:01+08:00][sql] SELECT `a`.*,`b`.`user_name` FROM `carver_comment` `a` INNER JOIN `carver_user` `b` ON `a`.`user_id`=`b`.`user_id` WHERE  `article_id` = 17'A=0 ORDER BY `create_time` DESC [ RunTime:0.000332s ]
[2021-06-08T08:07:01+08:00][sql] SHOW FULL COLUMNS FROM `carver_comment_to_others` [ RunTime:0.000520s ]
[2021-06-08T08:07:01+08:00][sql] SELECT * FROM `carver_comment_to_others` [ RunTime:0.000228s ]
[2021-06-08T08:07:01+08:00][sql] SHOW FULL COLUMNS FROM `carver_user` [ RunTime:0.000440s ]
[2021-06-08T08:07:01+08:00][sql] SELECT `user_name` FROM `carver_user` WHERE  `user_id` = 4 LIMIT 1 [ RunTime:0.000255s ]
[2021-06-08T08:07:01+08:00][sql] SELECT `user_name` FROM `carver_user` WHERE  `user_id` = 4 LIMIT 1 [ RunTime:0.000251s ]
[2021-06-08T08:07:01+08:00][sql] SELECT `user_name` FROM `carver_user` WHERE  `user_id` = 5 LIMIT 1 [ RunTime:0.000215s ]
[2021-06-08T08:07:01+08:00][sql] SELECT `user_name` FROM `carver_user` WHERE  `user_id` = 5 LIMIT 1 [ RunTime:0.000250s ]
[2021-06-08T08:07:01+08:00][sql] SELECT `user_name` FROM `carver_user` WHERE  `user_id` = 37 LIMIT 1 [ RunTime:0.000227s ]
[2021-06-08T08:07:01+08:00][sql] SELECT `user_name`,`user_id` FROM `carver_user` [ RunTime:0.000219s ]
[2021-06-08T08:07:01+08:00][sql] SHOW FULL COLUMNS FROM `carver_navigation` [ RunTime:0.000469s ]
[2021-06-08T08:07:01+08:00][sql] SELECT * FROM `carver_navigation` [ RunTime:0.000253s ]
[2021-06-08T08:07:01+08:00][sql] SELECT `article_label` FROM `carver_article` [ RunTime:0.000237s ]
[2021-06-08T08:20:39+08:00][sql] CONNECT:[ UseTime:0.000567s ] mysql:host=127.0.0.1;port=3306;dbname=carver;charset=utf8
[2021-06-08T08:20:39+08:00][sql] SHOW FULL COLUMNS FROM `carver_user` [ RunTime:0.000838s ]
[2021-06-08T08:20:39+08:00][sql] SHOW FULL COLUMNS FROM `carver_article` [ RunTime:0.000728s ]
[2021-06-08T08:20:39+08:00][sql] SELECT COUNT(*) AS think_count FROM `carver_article` WHERE  `delete_time` = 0  AND `is_show` = 1 [ RunTime:0.000376s ]
[2021-06-08T08:20:39+08:00][sql] SELECT `article_id`,`article_title`,`article_desc`,`article_content`,`article_img`,`article_guide`,`article_label`,`click_num`,`is_show`,`add_time`,`article_author`,`is_top_show` FROM `carver_article` WHERE  `delete_time` = 0  AND `is_show` = 1 ORDER BY `article_id` DESC LIMIT 12,6 [ RunTime:0.001397s ]
[2021-06-08T08:20:39+08:00][sql] SELECT article_id,article_title,click_num,FROM_UNIXTIME(add_time,'%Y-%m-%d') as add_time FROM `carver_article` WHERE  `is_show` = 1  AND `delete_time` = 0 ORDER BY `click_num` DESC LIMIT 3 [ RunTime:0.000609s ]
[2021-06-08T08:20:39+08:00][sql] SHOW FULL COLUMNS FROM `carver_notice` [ RunTime:0.000665s ]
[2021-06-08T08:20:39+08:00][sql] SELECT * FROM `carver_notice` ORDER BY `create_time` DESC LIMIT 3 [ RunTime:0.000296s ]
[2021-06-08T08:20:39+08:00][sql] SHOW FULL COLUMNS FROM `carver_navigation` [ RunTime:0.000539s ]
[2021-06-08T08:20:39+08:00][sql] SELECT * FROM `carver_navigation` [ RunTime:0.000262s ]
[2021-06-08T08:20:39+08:00][sql] SHOW FULL COLUMNS FROM `carver_link` [ RunTime:0.000500s ]
[2021-06-08T08:20:39+08:00][sql] SELECT * FROM `carver_link` WHERE  ( is_confirm=2 ) LIMIT 20 [ RunTime:0.000309s ]
[2021-06-08T08:20:39+08:00][sql] SELECT `article_label` FROM `carver_article` [ RunTime:0.000392s ]
[2021-06-08T08:20:39+08:00][sql] SHOW FULL COLUMNS FROM `carver_carouse` [ RunTime:0.000596s ]
[2021-06-08T08:20:39+08:00][sql] SELECT `carouse_img`,`carouse_desc` FROM `carver_carouse` WHERE  `is_show` = 1 ORDER BY `carouse_sort` DESC LIMIT 3 [ RunTime:0.000307s ]
[2021-06-08T08:20:39+08:00][sql] SHOW FULL COLUMNS FROM `carver_site` [ RunTime:0.000520s ]
[2021-06-08T08:20:39+08:00][sql] SELECT * FROM `carver_site` [ RunTime:0.000284s ]
[2021-06-08T08:56:41+08:00][sql] CONNECT:[ UseTime:0.000629s ] mysql:host=127.0.0.1;port=3306;dbname=carver;charset=utf8
[2021-06-08T08:56:41+08:00][sql] SHOW FULL COLUMNS FROM `carver_article` [ RunTime:0.000896s ]
[2021-06-08T08:56:41+08:00][sql] SELECT COUNT(*) AS think_count FROM `carver_article` WHERE  `article_guide` = 65  AND `delete_time` = 0  AND `is_show` = 1 [ RunTime:0.000414s ]
[2021-06-08T08:56:41+08:00][sql] SELECT * FROM `carver_article` WHERE  `article_guide` = 65  AND `delete_time` = 0  AND `is_show` = 1 ORDER BY `add_time` DESC LIMIT 0,6 [ RunTime:0.000878s ]
[2021-06-08T08:56:41+08:00][sql] SELECT article_id,article_title,click_num,FROM_UNIXTIME(add_time,'%Y-%m-%d') as add_time FROM `carver_article` WHERE  `is_show` = 1  AND `delete_time` = 0 ORDER BY `click_num` DESC LIMIT 3 [ RunTime:0.000495s ]
[2021-06-08T08:56:41+08:00][sql] SHOW FULL COLUMNS FROM `carver_notice` [ RunTime:0.000671s ]
[2021-06-08T08:56:41+08:00][sql] SELECT * FROM `carver_notice` ORDER BY `create_time` DESC LIMIT 3 [ RunTime:0.000300s ]
[2021-06-08T08:56:41+08:00][sql] SHOW FULL COLUMNS FROM `carver_navigation` [ RunTime:0.000558s ]
[2021-06-08T08:56:41+08:00][sql] SELECT * FROM `carver_navigation` [ RunTime:0.000314s ]
[2021-06-08T08:56:41+08:00][sql] SELECT `article_label` FROM `carver_article` [ RunTime:0.000266s ]
[2021-06-08T08:56:41+08:00][sql] SHOW FULL COLUMNS FROM `carver_carouse` [ RunTime:0.000549s ]
[2021-06-08T08:56:41+08:00][sql] SELECT `carouse_img`,`carouse_desc` FROM `carver_carouse` WHERE  `is_show` = 1 ORDER BY `carouse_sort` DESC LIMIT 3 [ RunTime:0.000375s ]
[2021-06-08T08:56:41+08:00][sql] SHOW FULL COLUMNS FROM `carver_link` [ RunTime:0.000511s ]
[2021-06-08T08:56:41+08:00][sql] SELECT * FROM `carver_link` WHERE  ( is_confirm=2 ) LIMIT 20 [ RunTime:0.000361s ]
[2021-06-08T08:56:41+08:00][sql] SHOW FULL COLUMNS FROM `carver_site` [ RunTime:0.000585s ]
[2021-06-08T08:56:41+08:00][sql] SELECT * FROM `carver_site` [ RunTime:0.000269s ]
[2021-06-08T09:30:53+08:00][sql] CONNECT:[ UseTime:0.000554s ] mysql:host=127.0.0.1;port=3306;dbname=carver;charset=utf8
[2021-06-08T09:30:53+08:00][sql] SHOW FULL COLUMNS FROM `carver_article` [ RunTime:0.000957s ]
[2021-06-08T09:30:53+08:00][sql] SELECT COUNT(*) AS think_count FROM `carver_article` WHERE  `article_label` LIKE '%php%'  AND `delete_time` = 0  AND `is_show` = 1 [ RunTime:0.000445s ]
[2021-06-08T09:30:53+08:00][sql] SELECT * FROM `carver_article` WHERE  `article_label` LIKE '%php%'  AND `delete_time` = 0  AND `is_show` = 1 LIMIT 0,6 [ RunTime:0.000959s ]
[2021-06-08T09:30:53+08:00][sql] SELECT article_id,article_title,click_num,FROM_UNIXTIME(add_time,'%Y-%m-%d') as add_time FROM `carver_article` WHERE  `is_show` = 1  AND `delete_time` = 0 ORDER BY `click_num` DESC LIMIT 3 [ RunTime:0.000557s ]
[2021-06-08T09:30:53+08:00][sql] SHOW FULL COLUMNS FROM `carver_notice` [ RunTime:0.000605s ]
[2021-06-08T09:30:53+08:00][sql] SELECT * FROM `carver_notice` ORDER BY `create_time` DESC LIMIT 3 [ RunTime:0.000318s ]
[2021-06-08T09:30:53+08:00][sql] SHOW FULL COLUMNS FROM `carver_navigation` [ RunTime:0.000604s ]
[2021-06-08T09:30:53+08:00][sql] SELECT * FROM `carver_navigation` [ RunTime:0.000258s ]
[2021-06-08T09:30:53+08:00][sql] SHOW FULL COLUMNS FROM `carver_link` [ RunTime:0.000517s ]
[2021-06-08T09:30:53+08:00][sql] SELECT * FROM `carver_link` WHERE  ( is_confirm=2 ) LIMIT 20 [ RunTime:0.000364s ]
[2021-06-08T09:30:53+08:00][sql] SELECT `article_label` FROM `carver_article` [ RunTime:0.000269s ]
[2021-06-08T09:30:53+08:00][sql] SHOW FULL COLUMNS FROM `carver_carouse` [ RunTime:0.000552s ]
[2021-06-08T09:30:53+08:00][sql] SELECT `carouse_img`,`carouse_desc` FROM `carver_carouse` WHERE  `is_show` = 1 ORDER BY `carouse_sort` DESC LIMIT 3 [ RunTime:0.000331s ]
[2021-06-08T09:30:53+08:00][sql] SHOW FULL COLUMNS FROM `carver_site` [ RunTime:0.000476s ]
[2021-06-08T09:30:53+08:00][sql] SELECT * FROM `carver_site` [ RunTime:0.000266s ]
[2021-06-08T10:37:52+08:00][sql] CONNECT:[ UseTime:0.000562s ] mysql:host=127.0.0.1;port=3306;dbname=carver;charset=utf8
[2021-06-08T10:37:52+08:00][sql] SHOW FULL COLUMNS FROM `carver_user` [ RunTime:0.001097s ]
[2021-06-08T10:37:52+08:00][sql] SHOW FULL COLUMNS FROM `carver_article` [ RunTime:0.000728s ]
[2021-06-08T10:37:52+08:00][sql] SELECT COUNT(*) AS think_count FROM `carver_article` WHERE  `delete_time` = 0  AND `is_show` = 1 [ RunTime:0.000383s ]
[2021-06-08T10:37:52+08:00][sql] SELECT `article_id`,`article_title`,`article_desc`,`article_content`,`article_img`,`article_guide`,`article_label`,`click_num`,`is_show`,`add_time`,`article_author`,`is_top_show` FROM `carver_article` WHERE  `delete_time` = 0  AND `is_show` = 1 ORDER BY `article_id` DESC LIMIT 0,6 [ RunTime:0.000715s ]
[2021-06-08T10:37:52+08:00][sql] SELECT article_id,article_title,click_num,FROM_UNIXTIME(add_time,'%Y-%m-%d') as add_time FROM `carver_article` WHERE  `is_show` = 1  AND `delete_time` = 0 ORDER BY `click_num` DESC LIMIT 3 [ RunTime:0.000442s ]
[2021-06-08T10:37:52+08:00][sql] SHOW FULL COLUMNS FROM `carver_notice` [ RunTime:0.000590s ]
[2021-06-08T10:37:52+08:00][sql] SELECT * FROM `carver_notice` ORDER BY `create_time` DESC LIMIT 3 [ RunTime:0.000264s ]
[2021-06-08T10:37:52+08:00][sql] SHOW FULL COLUMNS FROM `carver_navigation` [ RunTime:0.000529s ]
[2021-06-08T10:37:52+08:00][sql] SELECT * FROM `carver_navigation` [ RunTime:0.000280s ]
[2021-06-08T10:37:52+08:00][sql] SHOW FULL COLUMNS FROM `carver_link` [ RunTime:0.000529s ]
[2021-06-08T10:37:52+08:00][sql] SELECT * FROM `carver_link` WHERE  ( is_confirm=2 ) LIMIT 20 [ RunTime:0.000285s ]
[2021-06-08T10:37:52+08:00][sql] SELECT `article_label` FROM `carver_article` [ RunTime:0.000285s ]
[2021-06-08T10:37:52+08:00][sql] SHOW FULL COLUMNS FROM `carver_carouse` [ RunTime:0.000520s ]
[2021-06-08T10:37:52+08:00][sql] SELECT `carouse_img`,`carouse_desc` FROM `carver_carouse` WHERE  `is_show` = 1 ORDER BY `carouse_sort` DESC LIMIT 3 [ RunTime:0.000296s ]
[2021-06-08T10:37:52+08:00][sql] SHOW FULL COLUMNS FROM `carver_site` [ RunTime:0.000555s ]
[2021-06-08T10:37:52+08:00][sql] SELECT * FROM `carver_site` [ RunTime:0.000244s ]
[2021-06-08T10:45:44+08:00][sql] CONNECT:[ UseTime:0.000511s ] mysql:host=127.0.0.1;port=3306;dbname=carver;charset=utf8
[2021-06-08T10:45:44+08:00][sql] SHOW FULL COLUMNS FROM `carver_article` [ RunTime:0.000829s ]
[2021-06-08T10:45:44+08:00][sql] SELECT `article_id`,`article_title`,`article_desc`,`article_content`,`article_img`,`article_guide`,`article_label`,`click_num`,`is_show`,`add_time`,`article_author` FROM `carver_article` WHERE  `article_id` = 17' LIMIT 1 [ RunTime:0.000567s ]
[2021-06-08T10:45:44+08:00][sql] SELECT `article_id`,`article_title`,`article_desc`,`article_content`,`article_img`,`article_guide`,`article_label`,`click_num`,`is_show`,`add_time`,`article_author` FROM `carver_article` WHERE  `article_id` > 17' LIMIT 1 [ RunTime:0.000405s ]
[2021-06-08T10:45:44+08:00][sql] SELECT `article_id`,`article_title`,`article_desc`,`article_content`,`article_img`,`article_guide`,`article_label`,`click_num`,`is_show`,`add_time`,`article_author` FROM `carver_article` WHERE  `article_id` < 17' ORDER BY `article_id` DESC LIMIT 1 [ RunTime:0.000365s ]
[2021-06-08T10:45:44+08:00][sql] SHOW FULL COLUMNS FROM `carver_link` [ RunTime:0.000520s ]
[2021-06-08T10:45:44+08:00][sql] SELECT * FROM `carver_link` WHERE  ( is_confirm=2 ) LIMIT 20 [ RunTime:0.000334s ]
[2021-06-08T10:45:44+08:00][sql] SELECT article_id,article_title,click_num,FROM_UNIXTIME(add_time,'%Y-%m-%d') as add_time FROM `carver_article` ORDER BY `click_num` DESC LIMIT 3 [ RunTime:0.000336s ]
[2021-06-08T10:45:44+08:00][sql] SHOW FULL COLUMNS FROM `carver_comment` [ RunTime:0.000564s ]
[2021-06-08T10:45:44+08:00][sql] SELECT `a`.*,`b`.`user_name` FROM `carver_comment` `a` INNER JOIN `carver_user` `b` ON `a`.`user_id`=`b`.`user_id` WHERE  `article_id` = 17' ORDER BY `create_time` DESC [ RunTime:0.000349s ]
[2021-06-08T10:45:44+08:00][sql] SHOW FULL COLUMNS FROM `carver_comment_to_others` [ RunTime:0.000550s ]
[2021-06-08T10:45:44+08:00][sql] SELECT * FROM `carver_comment_to_others` [ RunTime:0.000231s ]
[2021-06-08T10:45:44+08:00][sql] SHOW FULL COLUMNS FROM `carver_user` [ RunTime:0.000448s ]
[2021-06-08T10:45:44+08:00][sql] SELECT `user_name` FROM `carver_user` WHERE  `user_id` = 4 LIMIT 1 [ RunTime:0.000233s ]
[2021-06-08T10:45:44+08:00][sql] SELECT `user_name` FROM `carver_user` WHERE  `user_id` = 4 LIMIT 1 [ RunTime:0.000210s ]
[2021-06-08T10:45:44+08:00][sql] SELECT `user_name` FROM `carver_user` WHERE  `user_id` = 5 LIMIT 1 [ RunTime:0.000231s ]
[2021-06-08T10:45:44+08:00][sql] SELECT `user_name` FROM `carver_user` WHERE  `user_id` = 5 LIMIT 1 [ RunTime:0.000212s ]
[2021-06-08T10:45:44+08:00][sql] SELECT `user_name` FROM `carver_user` WHERE  `user_id` = 37 LIMIT 1 [ RunTime:0.000214s ]
[2021-06-08T10:45:44+08:00][sql] SELECT `user_name`,`user_id` FROM `carver_user` [ RunTime:0.000231s ]
[2021-06-08T10:45:44+08:00][sql] SHOW FULL COLUMNS FROM `carver_navigation` [ RunTime:0.000541s ]
[2021-06-08T10:45:44+08:00][sql] SELECT * FROM `carver_navigation` [ RunTime:0.000246s ]
[2021-06-08T10:45:44+08:00][sql] SELECT `article_label` FROM `carver_article` [ RunTime:0.000249s ]
[2021-06-08T11:53:26+08:00][sql] CONNECT:[ UseTime:0.000558s ] mysql:host=127.0.0.1;port=3306;dbname=carver;charset=utf8
[2021-06-08T11:53:26+08:00][sql] SHOW FULL COLUMNS FROM `carver_user` [ RunTime:0.000865s ]
[2021-06-08T11:53:26+08:00][sql] SHOW FULL COLUMNS FROM `carver_article` [ RunTime:0.000798s ]
[2021-06-08T11:53:26+08:00][sql] SELECT COUNT(*) AS think_count FROM `carver_article` WHERE  `delete_time` = 0  AND `is_show` = 1 [ RunTime:0.000426s ]
[2021-06-08T11:53:26+08:00][sql] SELECT `article_id`,`article_title`,`article_desc`,`article_content`,`article_img`,`article_guide`,`article_label`,`click_num`,`is_show`,`add_time`,`article_author`,`is_top_show` FROM `carver_article` WHERE  `delete_time` = 0  AND `is_show` = 1 ORDER BY `article_id` DESC LIMIT 0,6 [ RunTime:0.000645s ]
[2021-06-08T11:53:26+08:00][sql] SELECT article_id,article_title,click_num,FROM_UNIXTIME(add_time,'%Y-%m-%d') as add_time FROM `carver_article` WHERE  `is_show` = 1  AND `delete_time` = 0 ORDER BY `click_num` DESC LIMIT 3 [ RunTime:0.000655s ]
[2021-06-08T11:53:26+08:00][sql] SHOW FULL COLUMNS FROM `carver_notice` [ RunTime:0.000736s ]
[2021-06-08T11:53:26+08:00][sql] SELECT * FROM `carver_notice` ORDER BY `create_time` DESC LIMIT 3 [ RunTime:0.000305s ]
[2021-06-08T11:53:26+08:00][sql] SHOW FULL COLUMNS FROM `carver_navigation` [ RunTime:0.000548s ]
[2021-06-08T11:53:26+08:00][sql] SELECT * FROM `carver_navigation` [ RunTime:0.000268s ]
[2021-06-08T11:53:26+08:00][sql] SHOW FULL COLUMNS FROM `carver_link` [ RunTime:0.000513s ]
[2021-06-08T11:53:26+08:00][sql] SELECT * FROM `carver_link` WHERE  ( is_confirm=2 ) LIMIT 20 [ RunTime:0.000360s ]
[2021-06-08T11:53:26+08:00][sql] SELECT `article_label` FROM `carver_article` [ RunTime:0.000308s ]
[2021-06-08T11:53:26+08:00][sql] SHOW FULL COLUMNS FROM `carver_carouse` [ RunTime:0.000487s ]
[2021-06-08T11:53:26+08:00][sql] SELECT `carouse_img`,`carouse_desc` FROM `carver_carouse` WHERE  `is_show` = 1 ORDER BY `carouse_sort` DESC LIMIT 3 [ RunTime:0.000323s ]
[2021-06-08T11:53:26+08:00][sql] SHOW FULL COLUMNS FROM `carver_site` [ RunTime:0.000482s ]
[2021-06-08T11:53:26+08:00][sql] SELECT * FROM `carver_site` [ RunTime:0.000257s ]
[2021-06-08T11:58:41+08:00][sql] CONNECT:[ UseTime:0.000662s ] mysql:host=127.0.0.1;port=3306;dbname=carver;charset=utf8
[2021-06-08T11:58:41+08:00][sql] SHOW FULL COLUMNS FROM `carver_user` [ RunTime:0.000784s ]
[2021-06-08T11:58:41+08:00][sql] SHOW FULL COLUMNS FROM `carver_article` [ RunTime:0.000688s ]
[2021-06-08T11:58:41+08:00][sql] SELECT COUNT(*) AS think_count FROM `carver_article` WHERE  `delete_time` = 0  AND `is_show` = 1 [ RunTime:0.000376s ]
[2021-06-08T11:58:41+08:00][sql] SELECT `article_id`,`article_title`,`article_desc`,`article_content`,`article_img`,`article_guide`,`article_label`,`click_num`,`is_show`,`add_time`,`article_author`,`is_top_show` FROM `carver_article` WHERE  `delete_time` = 0  AND `is_show` = 1 ORDER BY `article_id` DESC LIMIT 0,6 [ RunTime:0.000614s ]
[2021-06-08T11:58:41+08:00][sql] SELECT article_id,article_title,click_num,FROM_UNIXTIME(add_time,'%Y-%m-%d') as add_time FROM `carver_article` WHERE  `is_show` = 1  AND `delete_time` = 0 ORDER BY `click_num` DESC LIMIT 3 [ RunTime:0.000467s ]
[2021-06-08T11:58:41+08:00][sql] SHOW FULL COLUMNS FROM `carver_notice` [ RunTime:0.000611s ]
[2021-06-08T11:58:41+08:00][sql] SELECT * FROM `carver_notice` ORDER BY `create_time` DESC LIMIT 3 [ RunTime:0.000268s ]
[2021-06-08T11:58:41+08:00][sql] SHOW FULL COLUMNS FROM `carver_navigation` [ RunTime:0.000532s ]
[2021-06-08T11:58:41+08:00][sql] SELECT * FROM `carver_navigation` [ RunTime:0.000248s ]
[2021-06-08T11:58:41+08:00][sql] SHOW FULL COLUMNS FROM `carver_link` [ RunTime:0.000499s ]
[2021-06-08T11:58:41+08:00][sql] SELECT * FROM `carver_link` WHERE  ( is_confirm=2 ) LIMIT 20 [ RunTime:0.000283s ]
[2021-06-08T11:58:41+08:00][sql] SELECT `article_label` FROM `carver_article` [ RunTime:0.000286s ]
[2021-06-08T11:58:41+08:00][sql] SHOW FULL COLUMNS FROM `carver_carouse` [ RunTime:0.000524s ]
[2021-06-08T11:58:41+08:00][sql] SELECT `carouse_img`,`carouse_desc` FROM `carver_carouse` WHERE  `is_show` = 1 ORDER BY `carouse_sort` DESC LIMIT 3 [ RunTime:0.000297s ]
[2021-06-08T11:58:41+08:00][sql] SHOW FULL COLUMNS FROM `carver_site` [ RunTime:0.000559s ]
[2021-06-08T11:58:41+08:00][sql] SELECT * FROM `carver_site` [ RunTime:0.000243s ]
[2021-06-08T11:58:43+08:00][sql] CONNECT:[ UseTime:0.000670s ] mysql:host=127.0.0.1;port=3306;dbname=carver;charset=utf8
[2021-06-08T11:58:43+08:00][sql] SHOW FULL COLUMNS FROM `carver_article` [ RunTime:0.000940s ]
[2021-06-08T11:58:43+08:00][sql] SELECT `article_id`,`article_title`,`article_desc`,`article_content`,`article_img`,`article_guide`,`article_label`,`click_num`,`is_show`,`add_time`,`article_author` FROM `carver_article` WHERE  `article_id` = 28 LIMIT 1 [ RunTime:0.000420s ]
[2021-06-08T11:58:43+08:00][sql] SELECT `article_id`,`article_title`,`article_desc`,`article_content`,`article_img`,`article_guide`,`article_label`,`click_num`,`is_show`,`add_time`,`article_author` FROM `carver_article` WHERE  `article_id` > 28 LIMIT 1 [ RunTime:0.000479s ]
[2021-06-08T11:58:43+08:00][sql] SELECT `article_id`,`article_title`,`article_desc`,`article_content`,`article_img`,`article_guide`,`article_label`,`click_num`,`is_show`,`add_time`,`article_author` FROM `carver_article` WHERE  `article_id` < 28 ORDER BY `article_id` DESC LIMIT 1 [ RunTime:0.000503s ]
[2021-06-08T11:58:43+08:00][sql] SHOW FULL COLUMNS FROM `carver_link` [ RunTime:0.000606s ]
[2021-06-08T11:58:43+08:00][sql] SELECT * FROM `carver_link` WHERE  ( is_confirm=2 ) LIMIT 20 [ RunTime:0.000303s ]
[2021-06-08T11:58:43+08:00][sql] SELECT article_id,article_title,click_num,FROM_UNIXTIME(add_time,'%Y-%m-%d') as add_time FROM `carver_article` ORDER BY `click_num` DESC LIMIT 3 [ RunTime:0.000381s ]
[2021-06-08T11:58:43+08:00][sql] SHOW FULL COLUMNS FROM `carver_comment` [ RunTime:0.000563s ]
[2021-06-08T11:58:43+08:00][sql] SELECT `a`.*,`b`.`user_name` FROM `carver_comment` `a` INNER JOIN `carver_user` `b` ON `a`.`user_id`=`b`.`user_id` WHERE  `article_id` = 28 ORDER BY `create_time` DESC [ RunTime:0.000476s ]
[2021-06-08T11:58:43+08:00][sql] SHOW FULL COLUMNS FROM `carver_comment_to_others` [ RunTime:0.000653s ]
[2021-06-08T11:58:43+08:00][sql] SELECT * FROM `carver_comment_to_others` [ RunTime:0.000232s ]
[2021-06-08T11:58:43+08:00][sql] SHOW FULL COLUMNS FROM `carver_user` [ RunTime:0.000559s ]
[2021-06-08T11:58:43+08:00][sql] SELECT `user_name` FROM `carver_user` WHERE  `user_id` = 4 LIMIT 1 [ RunTime:0.000264s ]
[2021-06-08T11:58:43+08:00][sql] SELECT `user_name` FROM `carver_user` WHERE  `user_id` = 4 LIMIT 1 [ RunTime:0.000318s ]
[2021-06-08T11:58:43+08:00][sql] SELECT `user_name` FROM `carver_user` WHERE  `user_id` = 5 LIMIT 1 [ RunTime:0.000232s ]
[2021-06-08T11:58:43+08:00][sql] SELECT `user_name` FROM `carver_user` WHERE  `user_id` = 5 LIMIT 1 [ RunTime:0.000232s ]
[2021-06-08T11:58:43+08:00][sql] SELECT `user_name` FROM `carver_user` WHERE  `user_id` = 37 LIMIT 1 [ RunTime:0.000294s ]
[2021-06-08T11:58:43+08:00][sql] SELECT `user_name`,`user_id` FROM `carver_user` [ RunTime:0.000239s ]
[2021-06-08T11:58:43+08:00][sql] SHOW FULL COLUMNS FROM `carver_navigation` [ RunTime:0.000626s ]
[2021-06-08T11:58:43+08:00][sql] SELECT * FROM `carver_navigation` [ RunTime:0.000242s ]
[2021-06-08T11:58:43+08:00][sql] SELECT `article_label` FROM `carver_article` [ RunTime:0.000333s ]
[2021-06-08T12:36:42+08:00][sql] CONNECT:[ UseTime:0.000510s ] mysql:host=127.0.0.1;port=3306;dbname=carver;charset=utf8
[2021-06-08T12:36:42+08:00][sql] SHOW FULL COLUMNS FROM `carver_user` [ RunTime:0.000783s ]
[2021-06-08T12:36:42+08:00][sql] SHOW FULL COLUMNS FROM `carver_article` [ RunTime:0.000680s ]
[2021-06-08T12:36:42+08:00][sql] SELECT COUNT(*) AS think_count FROM `carver_article` WHERE  `delete_time` = 0  AND `is_show` = 1 [ RunTime:0.000657s ]
[2021-06-08T12:36:42+08:00][sql] SELECT `article_id`,`article_title`,`article_desc`,`article_content`,`article_img`,`article_guide`,`article_label`,`click_num`,`is_show`,`add_time`,`article_author`,`is_top_show` FROM `carver_article` WHERE  `delete_time` = 0  AND `is_show` = 1 ORDER BY `article_id` DESC LIMIT 0,6 [ RunTime:0.000658s ]
[2021-06-08T12:36:42+08:00][sql] SELECT article_id,article_title,click_num,FROM_UNIXTIME(add_time,'%Y-%m-%d') as add_time FROM `carver_article` WHERE  `is_show` = 1  AND `delete_time` = 0 ORDER BY `click_num` DESC LIMIT 3 [ RunTime:0.000401s ]
[2021-06-08T12:36:42+08:00][sql] SHOW FULL COLUMNS FROM `carver_notice` [ RunTime:0.000497s ]
[2021-06-08T12:36:42+08:00][sql] SELECT * FROM `carver_notice` ORDER BY `create_time` DESC LIMIT 3 [ RunTime:0.000267s ]
[2021-06-08T12:36:42+08:00][sql] SHOW FULL COLUMNS FROM `carver_navigation` [ RunTime:0.000584s ]
[2021-06-08T12:36:42+08:00][sql] SELECT * FROM `carver_navigation` [ RunTime:0.000229s ]
[2021-06-08T12:36:42+08:00][sql] SHOW FULL COLUMNS FROM `carver_link` [ RunTime:0.000467s ]
[2021-06-08T12:36:42+08:00][sql] SELECT * FROM `carver_link` WHERE  ( is_confirm=2 ) LIMIT 20 [ RunTime:0.000292s ]
[2021-06-08T12:36:42+08:00][sql] SELECT `article_label` FROM `carver_article` [ RunTime:0.000256s ]
[2021-06-08T12:36:42+08:00][sql] SHOW FULL COLUMNS FROM `carver_carouse` [ RunTime:0.000455s ]
[2021-06-08T12:36:42+08:00][sql] SELECT `carouse_img`,`carouse_desc` FROM `carver_carouse` WHERE  `is_show` = 1 ORDER BY `carouse_sort` DESC LIMIT 3 [ RunTime:0.000275s ]
[2021-06-08T12:36:42+08:00][sql] SHOW FULL COLUMNS FROM `carver_site` [ RunTime:0.000466s ]
[2021-06-08T12:36:42+08:00][sql] SELECT * FROM `carver_site` [ RunTime:0.000219s ]
[2021-06-08T14:56:02+08:00][sql] CONNECT:[ UseTime:0.000529s ] mysql:host=127.0.0.1;port=3306;dbname=carver;charset=utf8
[2021-06-08T14:56:02+08:00][sql] SHOW FULL COLUMNS FROM `carver_user` [ RunTime:0.000782s ]
[2021-06-08T14:56:02+08:00][sql] SHOW FULL COLUMNS FROM `carver_article` [ RunTime:0.000688s ]
[2021-06-08T14:56:02+08:00][sql] SELECT COUNT(*) AS think_count FROM `carver_article` WHERE  `delete_time` = 0  AND `is_show` = 1 [ RunTime:0.000398s ]
[2021-06-08T14:56:02+08:00][sql] SELECT `article_id`,`article_title`,`article_desc`,`article_content`,`article_img`,`article_guide`,`article_label`,`click_num`,`is_show`,`add_time`,`article_author`,`is_top_show` FROM `carver_article` WHERE  `delete_time` = 0  AND `is_show` = 1 ORDER BY `article_id` DESC LIMIT 0,6 [ RunTime:0.000751s ]
[2021-06-08T14:56:02+08:00][sql] SELECT article_id,article_title,click_num,FROM_UNIXTIME(add_time,'%Y-%m-%d') as add_time FROM `carver_article` WHERE  `is_show` = 1  AND `delete_time` = 0 ORDER BY `click_num` DESC LIMIT 3 [ RunTime:0.000496s ]
[2021-06-08T14:56:02+08:00][sql] SHOW FULL COLUMNS FROM `carver_notice` [ RunTime:0.000647s ]
[2021-06-08T14:56:02+08:00][sql] SELECT * FROM `carver_notice` ORDER BY `create_time` DESC LIMIT 3 [ RunTime:0.000278s ]
[2021-06-08T14:56:02+08:00][sql] SHOW FULL COLUMNS FROM `carver_navigation` [ RunTime:0.000580s ]
[2021-06-08T14:56:02+08:00][sql] SELECT * FROM `carver_navigation` [ RunTime:0.000245s ]
[2021-06-08T14:56:02+08:00][sql] SHOW FULL COLUMNS FROM `carver_link` [ RunTime:0.000527s ]
[2021-06-08T14:56:02+08:00][sql] SELECT * FROM `carver_link` WHERE  ( is_confirm=2 ) LIMIT 20 [ RunTime:0.000290s ]
[2021-06-08T14:56:02+08:00][sql] SELECT `article_label` FROM `carver_article` [ RunTime:0.000270s ]
[2021-06-08T14:56:02+08:00][sql] SHOW FULL COLUMNS FROM `carver_carouse` [ RunTime:0.000488s ]
[2021-06-08T14:56:02+08:00][sql] SELECT `carouse_img`,`carouse_desc` FROM `carver_carouse` WHERE  `is_show` = 1 ORDER BY `carouse_sort` DESC LIMIT 3 [ RunTime:0.000324s ]
[2021-06-08T14:56:02+08:00][sql] SHOW FULL COLUMNS FROM `carver_site` [ RunTime:0.000558s ]
[2021-06-08T14:56:02+08:00][sql] SELECT * FROM `carver_site` [ RunTime:0.000427s ]
[2021-06-08T15:12:59+08:00][sql] CONNECT:[ UseTime:0.000561s ] mysql:host=127.0.0.1;port=3306;dbname=carver;charset=utf8
[2021-06-08T15:12:59+08:00][sql] SHOW FULL COLUMNS FROM `carver_article` [ RunTime:0.000880s ]
[2021-06-08T15:12:59+08:00][sql] SELECT `article_id`,`article_title`,`article_desc`,`article_content`,`article_img`,`article_guide`,`article_label`,`click_num`,`is_show`,`add_time`,`article_author` FROM `carver_article` WHERE  `article_id` = 17'A=0 LIMIT 1 [ RunTime:0.000545s ]
[2021-06-08T15:12:59+08:00][sql] SELECT `article_id`,`article_title`,`article_desc`,`article_content`,`article_img`,`article_guide`,`article_label`,`click_num`,`is_show`,`add_time`,`article_author` FROM `carver_article` WHERE  `article_id` > 17'A=0 LIMIT 1 [ RunTime:0.000411s ]
[2021-06-08T15:12:59+08:00][sql] SELECT `article_id`,`article_title`,`article_desc`,`article_content`,`article_img`,`article_guide`,`article_label`,`click_num`,`is_show`,`add_time`,`article_author` FROM `carver_article` WHERE  `article_id` < 17'A=0 ORDER BY `article_id` DESC LIMIT 1 [ RunTime:0.000365s ]
[2021-06-08T15:12:59+08:00][sql] SHOW FULL COLUMNS FROM `carver_link` [ RunTime:0.000558s ]
[2021-06-08T15:12:59+08:00][sql] SELECT * FROM `carver_link` WHERE  ( is_confirm=2 ) LIMIT 20 [ RunTime:0.000337s ]
[2021-06-08T15:12:59+08:00][sql] SELECT article_id,article_title,click_num,FROM_UNIXTIME(add_time,'%Y-%m-%d') as add_time FROM `carver_article` ORDER BY `click_num` DESC LIMIT 3 [ RunTime:0.000374s ]
[2021-06-08T15:12:59+08:00][sql] SHOW FULL COLUMNS FROM `carver_comment` [ RunTime:0.000535s ]
[2021-06-08T15:12:59+08:00][sql] SELECT `a`.*,`b`.`user_name` FROM `carver_comment` `a` INNER JOIN `carver_user` `b` ON `a`.`user_id`=`b`.`user_id` WHERE  `article_id` = 17'A=0 ORDER BY `create_time` DESC [ RunTime:0.000354s ]
[2021-06-08T15:12:59+08:00][sql] SHOW FULL COLUMNS FROM `carver_comment_to_others` [ RunTime:0.000502s ]
[2021-06-08T15:12:59+08:00][sql] SELECT * FROM `carver_comment_to_others` [ RunTime:0.000230s ]
[2021-06-08T15:12:59+08:00][sql] SHOW FULL COLUMNS FROM `carver_user` [ RunTime:0.000488s ]
[2021-06-08T15:12:59+08:00][sql] SELECT `user_name` FROM `carver_user` WHERE  `user_id` = 4 LIMIT 1 [ RunTime:0.000249s ]
[2021-06-08T15:12:59+08:00][sql] SELECT `user_name` FROM `carver_user` WHERE  `user_id` = 4 LIMIT 1 [ RunTime:0.000222s ]
[2021-06-08T15:12:59+08:00][sql] SELECT `user_name` FROM `carver_user` WHERE  `user_id` = 5 LIMIT 1 [ RunTime:0.000232s ]
[2021-06-08T15:12:59+08:00][sql] SELECT `user_name` FROM `carver_user` WHERE  `user_id` = 5 LIMIT 1 [ RunTime:0.000214s ]
[2021-06-08T15:12:59+08:00][sql] SELECT `user_name` FROM `carver_user` WHERE  `user_id` = 37 LIMIT 1 [ RunTime:0.000224s ]
[2021-06-08T15:12:59+08:00][sql] SELECT `user_name`,`user_id` FROM `carver_user` [ RunTime:0.000262s ]
[2021-06-08T15:12:59+08:00][sql] SHOW FULL COLUMNS FROM `carver_navigation` [ RunTime:0.000536s ]
[2021-06-08T15:12:59+08:00][sql] SELECT * FROM `carver_navigation` [ RunTime:0.000267s ]
[2021-06-08T15:12:59+08:00][sql] SELECT `article_label` FROM `carver_article` [ RunTime:0.000263s ]
[2021-06-08T15:44:47+08:00][sql] CONNECT:[ UseTime:0.000505s ] mysql:host=127.0.0.1;port=3306;dbname=carver;charset=utf8
[2021-06-08T15:44:47+08:00][sql] SHOW FULL COLUMNS FROM `carver_user` [ RunTime:0.000797s ]
[2021-06-08T15:44:47+08:00][sql] SHOW FULL COLUMNS FROM `carver_article` [ RunTime:0.000650s ]
[2021-06-08T15:44:47+08:00][sql] SELECT COUNT(*) AS think_count FROM `carver_article` WHERE  `delete_time` = 0  AND `is_show` = 1 [ RunTime:0.000351s ]
[2021-06-08T15:44:47+08:00][sql] SELECT `article_id`,`article_title`,`article_desc`,`article_content`,`article_img`,`article_guide`,`article_label`,`click_num`,`is_show`,`add_time`,`article_author`,`is_top_show` FROM `carver_article` WHERE  `delete_time` = 0  AND `is_show` = 1 ORDER BY `article_id` DESC LIMIT 0,6 [ RunTime:0.000604s ]
[2021-06-08T15:44:47+08:00][sql] SELECT article_id,article_title,click_num,FROM_UNIXTIME(add_time,'%Y-%m-%d') as add_time FROM `carver_article` WHERE  `is_show` = 1  AND `delete_time` = 0 ORDER BY `click_num` DESC LIMIT 3 [ RunTime:0.000440s ]
[2021-06-08T15:44:47+08:00][sql] SHOW FULL COLUMNS FROM `carver_notice` [ RunTime:0.000534s ]
[2021-06-08T15:44:47+08:00][sql] SELECT * FROM `carver_notice` ORDER BY `create_time` DESC LIMIT 3 [ RunTime:0.000273s ]
[2021-06-08T15:44:47+08:00][sql] SHOW FULL COLUMNS FROM `carver_navigation` [ RunTime:0.000541s ]
[2021-06-08T15:44:47+08:00][sql] SELECT * FROM `carver_navigation` [ RunTime:0.000232s ]
[2021-06-08T15:44:47+08:00][sql] SHOW FULL COLUMNS FROM `carver_link` [ RunTime:0.000473s ]
[2021-06-08T15:44:47+08:00][sql] SELECT * FROM `carver_link` WHERE  ( is_confirm=2 ) LIMIT 20 [ RunTime:0.000283s ]
[2021-06-08T15:44:47+08:00][sql] SELECT `article_label` FROM `carver_article` [ RunTime:0.000266s ]
[2021-06-08T15:44:47+08:00][sql] SHOW FULL COLUMNS FROM `carver_carouse` [ RunTime:0.000460s ]
[2021-06-08T15:44:47+08:00][sql] SELECT `carouse_img`,`carouse_desc` FROM `carver_carouse` WHERE  `is_show` = 1 ORDER BY `carouse_sort` DESC LIMIT 3 [ RunTime:0.000257s ]
[2021-06-08T15:44:47+08:00][sql] SHOW FULL COLUMNS FROM `carver_site` [ RunTime:0.000468s ]
[2021-06-08T15:44:47+08:00][sql] SELECT * FROM `carver_site` [ RunTime:0.000232s ]
[2021-06-08T17:22:31+08:00][sql] CONNECT:[ UseTime:0.000605s ] mysql:host=127.0.0.1;port=3306;dbname=carver;charset=utf8
[2021-06-08T17:22:31+08:00][sql] SHOW FULL COLUMNS FROM `carver_user` [ RunTime:0.000766s ]
[2021-06-08T17:22:31+08:00][sql] SHOW FULL COLUMNS FROM `carver_article` [ RunTime:0.000666s ]
[2021-06-08T17:22:31+08:00][sql] SELECT COUNT(*) AS think_count FROM `carver_article` WHERE  `delete_time` = 0  AND `is_show` = 1 [ RunTime:0.000368s ]
[2021-06-08T17:22:31+08:00][sql] SELECT `article_id`,`article_title`,`article_desc`,`article_content`,`article_img`,`article_guide`,`article_label`,`click_num`,`is_show`,`add_time`,`article_author`,`is_top_show` FROM `carver_article` WHERE  `delete_time` = 0  AND `is_show` = 1 ORDER BY `article_id` DESC LIMIT 0,6 [ RunTime:0.000603s ]
[2021-06-08T17:22:31+08:00][sql] SELECT article_id,article_title,click_num,FROM_UNIXTIME(add_time,'%Y-%m-%d') as add_time FROM `carver_article` WHERE  `is_show` = 1  AND `delete_time` = 0 ORDER BY `click_num` DESC LIMIT 3 [ RunTime:0.000431s ]
[2021-06-08T17:22:31+08:00][sql] SHOW FULL COLUMNS FROM `carver_notice` [ RunTime:0.000527s ]
[2021-06-08T17:22:31+08:00][sql] SELECT * FROM `carver_notice` ORDER BY `create_time` DESC LIMIT 3 [ RunTime:0.000324s ]
[2021-06-08T17:22:31+08:00][sql] SHOW FULL COLUMNS FROM `carver_navigation` [ RunTime:0.000540s ]
[2021-06-08T17:22:31+08:00][sql] SELECT * FROM `carver_navigation` [ RunTime:0.000234s ]
[2021-06-08T17:22:31+08:00][sql] SHOW FULL COLUMNS FROM `carver_link` [ RunTime:0.000474s ]
[2021-06-08T17:22:31+08:00][sql] SELECT * FROM `carver_link` WHERE  ( is_confirm=2 ) LIMIT 20 [ RunTime:0.000305s ]
[2021-06-08T17:22:31+08:00][sql] SELECT `article_label` FROM `carver_article` [ RunTime:0.000643s ]
[2021-06-08T17:22:31+08:00][sql] SHOW FULL COLUMNS FROM `carver_carouse` [ RunTime:0.000498s ]
[2021-06-08T17:22:31+08:00][sql] SELECT `carouse_img`,`carouse_desc` FROM `carver_carouse` WHERE  `is_show` = 1 ORDER BY `carouse_sort` DESC LIMIT 3 [ RunTime:0.000270s ]
[2021-06-08T17:22:31+08:00][sql] SHOW FULL COLUMNS FROM `carver_site` [ RunTime:0.000521s ]
[2021-06-08T17:22:31+08:00][sql] SELECT * FROM `carver_site` [ RunTime:0.000223s ]
[2021-06-08T17:22:36+08:00][sql] CONNECT:[ UseTime:0.000496s ] mysql:host=127.0.0.1;port=3306;dbname=carver;charset=utf8
[2021-06-08T17:22:36+08:00][sql] SHOW FULL COLUMNS FROM `carver_user` [ RunTime:0.001051s ]
[2021-06-08T17:22:36+08:00][sql] SHOW FULL COLUMNS FROM `carver_article` [ RunTime:0.000645s ]
[2021-06-08T17:22:36+08:00][sql] SELECT COUNT(*) AS think_count FROM `carver_article` WHERE  `delete_time` = 0  AND `is_show` = 1 [ RunTime:0.000377s ]
[2021-06-08T17:22:36+08:00][sql] SELECT `article_id`,`article_title`,`article_desc`,`article_content`,`article_img`,`article_guide`,`article_label`,`click_num`,`is_show`,`add_time`,`article_author`,`is_top_show` FROM `carver_article` WHERE  `delete_time` = 0  AND `is_show` = 1 ORDER BY `article_id` DESC LIMIT 24,6 [ RunTime:0.001028s ]
[2021-06-08T17:22:36+08:00][sql] SELECT article_id,article_title,click_num,FROM_UNIXTIME(add_time,'%Y-%m-%d') as add_time FROM `carver_article` WHERE  `is_show` = 1  AND `delete_time` = 0 ORDER BY `click_num` DESC LIMIT 3 [ RunTime:0.000401s ]
[2021-06-08T17:22:36+08:00][sql] SHOW FULL COLUMNS FROM `carver_notice` [ RunTime:0.000533s ]
[2021-06-08T17:22:36+08:00][sql] SELECT * FROM `carver_notice` ORDER BY `create_time` DESC LIMIT 3 [ RunTime:0.000347s ]
[2021-06-08T17:22:36+08:00][sql] SHOW FULL COLUMNS FROM `carver_navigation` [ RunTime:0.000504s ]
[2021-06-08T17:22:36+08:00][sql] SELECT * FROM `carver_navigation` [ RunTime:0.000232s ]
[2021-06-08T17:22:36+08:00][sql] SHOW FULL COLUMNS FROM `carver_link` [ RunTime:0.000506s ]
[2021-06-08T17:22:36+08:00][sql] SELECT * FROM `carver_link` WHERE  ( is_confirm=2 ) LIMIT 20 [ RunTime:0.000284s ]
[2021-06-08T17:22:36+08:00][sql] SELECT `article_label` FROM `carver_article` [ RunTime:0.000299s ]
[2021-06-08T17:22:36+08:00][sql] SHOW FULL COLUMNS FROM `carver_carouse` [ RunTime:0.000493s ]
[2021-06-08T17:22:36+08:00][sql] SELECT `carouse_img`,`carouse_desc` FROM `carver_carouse` WHERE  `is_show` = 1 ORDER BY `carouse_sort` DESC LIMIT 3 [ RunTime:0.000335s ]
[2021-06-08T17:22:36+08:00][sql] SHOW FULL COLUMNS FROM `carver_site` [ RunTime:0.000504s ]
[2021-06-08T17:22:36+08:00][sql] SELECT * FROM `carver_site` [ RunTime:0.000578s ]
[2021-06-08T17:37:00+08:00][sql] CONNECT:[ UseTime:0.000499s ] mysql:host=127.0.0.1;port=3306;dbname=carver;charset=utf8
[2021-06-08T17:37:00+08:00][sql] SHOW FULL COLUMNS FROM `carver_user` [ RunTime:0.000964s ]
[2021-06-08T17:37:00+08:00][sql] SHOW FULL COLUMNS FROM `carver_article` [ RunTime:0.000757s ]
[2021-06-08T17:37:00+08:00][sql] SELECT COUNT(*) AS think_count FROM `carver_article` WHERE  `delete_time` = 0  AND `is_show` = 1 [ RunTime:0.000418s ]
[2021-06-08T17:37:00+08:00][sql] SELECT `article_id`,`article_title`,`article_desc`,`article_content`,`article_img`,`article_guide`,`article_label`,`click_num`,`is_show`,`add_time`,`article_author`,`is_top_show` FROM `carver_article` WHERE  `delete_time` = 0  AND `is_show` = 1 ORDER BY `article_id` DESC LIMIT 0,6 [ RunTime:0.000655s ]
[2021-06-08T17:37:00+08:00][sql] SELECT article_id,article_title,click_num,FROM_UNIXTIME(add_time,'%Y-%m-%d') as add_time FROM `carver_article` WHERE  `is_show` = 1  AND `delete_time` = 0 ORDER BY `click_num` DESC LIMIT 3 [ RunTime:0.000582s ]
[2021-06-08T17:37:00+08:00][sql] SHOW FULL COLUMNS FROM `carver_notice` [ RunTime:0.000686s ]
[2021-06-08T17:37:00+08:00][sql] SELECT * FROM `carver_notice` ORDER BY `create_time` DESC LIMIT 3 [ RunTime:0.000299s ]
[2021-06-08T17:37:00+08:00][sql] SHOW FULL COLUMNS FROM `carver_navigation` [ RunTime:0.000540s ]
[2021-06-08T17:37:00+08:00][sql] SELECT * FROM `carver_navigation` [ RunTime:0.000278s ]
[2021-06-08T17:37:00+08:00][sql] SHOW FULL COLUMNS FROM `carver_link` [ RunTime:0.000544s ]
[2021-06-08T17:37:00+08:00][sql] SELECT * FROM `carver_link` WHERE  ( is_confirm=2 ) LIMIT 20 [ RunTime:0.000306s ]
[2021-06-08T17:37:00+08:00][sql] SELECT `article_label` FROM `carver_article` [ RunTime:0.000318s ]
[2021-06-08T17:37:00+08:00][sql] SHOW FULL COLUMNS FROM `carver_carouse` [ RunTime:0.000481s ]
[2021-06-08T17:37:00+08:00][sql] SELECT `carouse_img`,`carouse_desc` FROM `carver_carouse` WHERE  `is_show` = 1 ORDER BY `carouse_sort` DESC LIMIT 3 [ RunTime:0.000337s ]
[2021-06-08T17:37:00+08:00][sql] SHOW FULL COLUMNS FROM `carver_site` [ RunTime:0.000478s ]
[2021-06-08T17:37:00+08:00][sql] SELECT * FROM `carver_site` [ RunTime:0.000271s ]
[2021-06-08T18:26:44+08:00][sql] CONNECT:[ UseTime:0.000517s ] mysql:host=127.0.0.1;port=3306;dbname=carver;charset=utf8
[2021-06-08T18:26:44+08:00][sql] SHOW FULL COLUMNS FROM `carver_user` [ RunTime:0.000865s ]
[2021-06-08T18:26:44+08:00][sql] SHOW FULL COLUMNS FROM `carver_article` [ RunTime:0.000747s ]
[2021-06-08T18:26:44+08:00][sql] SELECT COUNT(*) AS think_count FROM `carver_article` WHERE  `delete_time` = 0  AND `is_show` = 1 [ RunTime:0.000398s ]
[2021-06-08T18:26:44+08:00][sql] SELECT `article_id`,`article_title`,`article_desc`,`article_content`,`article_img`,`article_guide`,`article_label`,`click_num`,`is_show`,`add_time`,`article_author`,`is_top_show` FROM `carver_article` WHERE  `delete_time` = 0  AND `is_show` = 1 ORDER BY `article_id` DESC LIMIT 12,6 [ RunTime:0.001191s ]
[2021-06-08T18:26:44+08:00][sql] SELECT article_id,article_title,click_num,FROM_UNIXTIME(add_time,'%Y-%m-%d') as add_time FROM `carver_article` WHERE  `is_show` = 1  AND `delete_time` = 0 ORDER BY `click_num` DESC LIMIT 3 [ RunTime:0.000531s ]
[2021-06-08T18:26:44+08:00][sql] SHOW FULL COLUMNS FROM `carver_notice` [ RunTime:0.000639s ]
[2021-06-08T18:26:44+08:00][sql] SELECT * FROM `carver_notice` ORDER BY `create_time` DESC LIMIT 3 [ RunTime:0.000299s ]
[2021-06-08T18:26:44+08:00][sql] SHOW FULL COLUMNS FROM `carver_navigation` [ RunTime:0.000575s ]
[2021-06-08T18:26:44+08:00][sql] SELECT * FROM `carver_navigation` [ RunTime:0.000248s ]
[2021-06-08T18:26:44+08:00][sql] SHOW FULL COLUMNS FROM `carver_link` [ RunTime:0.000530s ]
[2021-06-08T18:26:44+08:00][sql] SELECT * FROM `carver_link` WHERE  ( is_confirm=2 ) LIMIT 20 [ RunTime:0.000304s ]
[2021-06-08T18:26:44+08:00][sql] SELECT `article_label` FROM `carver_article` [ RunTime:0.000303s ]
[2021-06-08T18:26:44+08:00][sql] SHOW FULL COLUMNS FROM `carver_carouse` [ RunTime:0.000526s ]
[2021-06-08T18:26:44+08:00][sql] SELECT `carouse_img`,`carouse_desc` FROM `carver_carouse` WHERE  `is_show` = 1 ORDER BY `carouse_sort` DESC LIMIT 3 [ RunTime:0.000313s ]
[2021-06-08T18:26:44+08:00][sql] SHOW FULL COLUMNS FROM `carver_site` [ RunTime:0.000582s ]
[2021-06-08T18:26:44+08:00][sql] SELECT * FROM `carver_site` [ RunTime:0.000236s ]
[2021-06-08T20:01:23+08:00][sql] CONNECT:[ UseTime:0.000494s ] mysql:host=127.0.0.1;port=3306;dbname=carver;charset=utf8
[2021-06-08T20:01:23+08:00][sql] SHOW FULL COLUMNS FROM `carver_user` [ RunTime:0.000830s ]
[2021-06-08T20:01:23+08:00][sql] SHOW FULL COLUMNS FROM `carver_article` [ RunTime:0.000686s ]
[2021-06-08T20:01:23+08:00][sql] SELECT COUNT(*) AS think_count FROM `carver_article` WHERE  `delete_time` = 0  AND `is_show` = 1 [ RunTime:0.000406s ]
[2021-06-08T20:01:23+08:00][sql] SELECT `article_id`,`article_title`,`article_desc`,`article_content`,`article_img`,`article_guide`,`article_label`,`click_num`,`is_show`,`add_time`,`article_author`,`is_top_show` FROM `carver_article` WHERE  `delete_time` = 0  AND `is_show` = 1 ORDER BY `article_id` DESC LIMIT 6,6 [ RunTime:0.003598s ]
[2021-06-08T20:01:23+08:00][sql] SELECT article_id,article_title,click_num,FROM_UNIXTIME(add_time,'%Y-%m-%d') as add_time FROM `carver_article` WHERE  `is_show` = 1  AND `delete_time` = 0 ORDER BY `click_num` DESC LIMIT 3 [ RunTime:0.000421s ]
[2021-06-08T20:01:23+08:00][sql] SHOW FULL COLUMNS FROM `carver_notice` [ RunTime:0.000508s ]
[2021-06-08T20:01:23+08:00][sql] SELECT * FROM `carver_notice` ORDER BY `create_time` DESC LIMIT 3 [ RunTime:0.000280s ]
[2021-06-08T20:01:23+08:00][sql] SHOW FULL COLUMNS FROM `carver_navigation` [ RunTime:0.000492s ]
[2021-06-08T20:01:23+08:00][sql] SELECT * FROM `carver_navigation` [ RunTime:0.000232s ]
[2021-06-08T20:01:23+08:00][sql] SHOW FULL COLUMNS FROM `carver_link` [ RunTime:0.000471s ]
[2021-06-08T20:01:23+08:00][sql] SELECT * FROM `carver_link` WHERE  ( is_confirm=2 ) LIMIT 20 [ RunTime:0.000292s ]
[2021-06-08T20:01:23+08:00][sql] SELECT `article_label` FROM `carver_article` [ RunTime:0.000285s ]
[2021-06-08T20:01:23+08:00][sql] SHOW FULL COLUMNS FROM `carver_carouse` [ RunTime:0.000467s ]
[2021-06-08T20:01:23+08:00][sql] SELECT `carouse_img`,`carouse_desc` FROM `carver_carouse` WHERE  `is_show` = 1 ORDER BY `carouse_sort` DESC LIMIT 3 [ RunTime:0.000275s ]
[2021-06-08T20:01:23+08:00][sql] SHOW FULL COLUMNS FROM `carver_site` [ RunTime:0.000469s ]
[2021-06-08T20:01:23+08:00][sql] SELECT * FROM `carver_site` [ RunTime:0.000247s ]
[2021-06-08T20:25:29+08:00][sql] CONNECT:[ UseTime:0.000500s ] mysql:host=127.0.0.1;port=3306;dbname=carver;charset=utf8
[2021-06-08T20:25:29+08:00][sql] SHOW FULL COLUMNS FROM `carver_user` [ RunTime:0.000790s ]
[2021-06-08T20:25:29+08:00][sql] SHOW FULL COLUMNS FROM `carver_article` [ RunTime:0.000675s ]
[2021-06-08T20:25:29+08:00][sql] SELECT COUNT(*) AS think_count FROM `carver_article` WHERE  `delete_time` = 0  AND `is_show` = 1 [ RunTime:0.000382s ]
[2021-06-08T20:25:29+08:00][sql] SELECT `article_id`,`article_title`,`article_desc`,`article_content`,`article_img`,`article_guide`,`article_label`,`click_num`,`is_show`,`add_time`,`article_author`,`is_top_show` FROM `carver_article` WHERE  `delete_time` = 0  AND `is_show` = 1 ORDER BY `article_id` DESC LIMIT 0,6 [ RunTime:0.000773s ]
[2021-06-08T20:25:29+08:00][sql] SELECT article_id,article_title,click_num,FROM_UNIXTIME(add_time,'%Y-%m-%d') as add_time FROM `carver_article` WHERE  `is_show` = 1  AND `delete_time` = 0 ORDER BY `click_num` DESC LIMIT 3 [ RunTime:0.000391s ]
[2021-06-08T20:25:29+08:00][sql] SHOW FULL COLUMNS FROM `carver_notice` [ RunTime:0.000560s ]
[2021-06-08T20:25:29+08:00][sql] SELECT * FROM `carver_notice` ORDER BY `create_time` DESC LIMIT 3 [ RunTime:0.000260s ]
[2021-06-08T20:25:29+08:00][sql] SHOW FULL COLUMNS FROM `carver_navigation` [ RunTime:0.000513s ]
[2021-06-08T20:25:29+08:00][sql] SELECT * FROM `carver_navigation` [ RunTime:0.000245s ]
[2021-06-08T20:25:29+08:00][sql] SHOW FULL COLUMNS FROM `carver_link` [ RunTime:0.000501s ]
[2021-06-08T20:25:29+08:00][sql] SELECT * FROM `carver_link` WHERE  ( is_confirm=2 ) LIMIT 20 [ RunTime:0.000272s ]
[2021-06-08T20:25:29+08:00][sql] SELECT `article_label` FROM `carver_article` [ RunTime:0.000271s ]
[2021-06-08T20:25:29+08:00][sql] SHOW FULL COLUMNS FROM `carver_carouse` [ RunTime:0.000456s ]
[2021-06-08T20:25:29+08:00][sql] SELECT `carouse_img`,`carouse_desc` FROM `carver_carouse` WHERE  `is_show` = 1 ORDER BY `carouse_sort` DESC LIMIT 3 [ RunTime:0.000290s ]
[2021-06-08T20:25:29+08:00][sql] SHOW FULL COLUMNS FROM `carver_site` [ RunTime:0.000478s ]
[2021-06-08T20:25:29+08:00][sql] SELECT * FROM `carver_site` [ RunTime:0.000248s ]
[2021-06-08T20:25:32+08:00][sql] CONNECT:[ UseTime:0.000654s ] mysql:host=127.0.0.1;port=3306;dbname=carver;charset=utf8
[2021-06-08T20:25:32+08:00][sql] SHOW FULL COLUMNS FROM `carver_user` [ RunTime:0.000801s ]
[2021-06-08T20:25:32+08:00][sql] SHOW FULL COLUMNS FROM `carver_article` [ RunTime:0.000666s ]
[2021-06-08T20:25:32+08:00][sql] SELECT COUNT(*) AS think_count FROM `carver_article` WHERE  `delete_time` = 0  AND `is_show` = 1 [ RunTime:0.000373s ]
[2021-06-08T20:25:32+08:00][sql] SELECT `article_id`,`article_title`,`article_desc`,`article_content`,`article_img`,`article_guide`,`article_label`,`click_num`,`is_show`,`add_time`,`article_author`,`is_top_show` FROM `carver_article` WHERE  `delete_time` = 0  AND `is_show` = 1 ORDER BY `article_id` DESC LIMIT 0,6 [ RunTime:0.000598s ]
[2021-06-08T20:25:32+08:00][sql] SELECT article_id,article_title,click_num,FROM_UNIXTIME(add_time,'%Y-%m-%d') as add_time FROM `carver_article` WHERE  `is_show` = 1  AND `delete_time` = 0 ORDER BY `click_num` DESC LIMIT 3 [ RunTime:0.000402s ]
[2021-06-08T20:25:32+08:00][sql] SHOW FULL COLUMNS FROM `carver_notice` [ RunTime:0.000541s ]
[2021-06-08T20:25:32+08:00][sql] SELECT * FROM `carver_notice` ORDER BY `create_time` DESC LIMIT 3 [ RunTime:0.000255s ]
[2021-06-08T20:25:32+08:00][sql] SHOW FULL COLUMNS FROM `carver_navigation` [ RunTime:0.000497s ]
[2021-06-08T20:25:32+08:00][sql] SELECT * FROM `carver_navigation` [ RunTime:0.000253s ]
[2021-06-08T20:25:32+08:00][sql] SHOW FULL COLUMNS FROM `carver_link` [ RunTime:0.000529s ]
[2021-06-08T20:25:32+08:00][sql] SELECT * FROM `carver_link` WHERE  ( is_confirm=2 ) LIMIT 20 [ RunTime:0.000277s ]
[2021-06-08T20:25:32+08:00][sql] SELECT `article_label` FROM `carver_article` [ RunTime:0.000274s ]
[2021-06-08T20:25:32+08:00][sql] SHOW FULL COLUMNS FROM `carver_carouse` [ RunTime:0.000535s ]
[2021-06-08T20:25:32+08:00][sql] SELECT `carouse_img`,`carouse_desc` FROM `carver_carouse` WHERE  `is_show` = 1 ORDER BY `carouse_sort` DESC LIMIT 3 [ RunTime:0.000281s ]
[2021-06-08T20:25:32+08:00][sql] SHOW FULL COLUMNS FROM `carver_site` [ RunTime:0.000495s ]
[2021-06-08T20:25:32+08:00][sql] SELECT * FROM `carver_site` [ RunTime:0.000230s ]
