[2021-06-09T01:56:49+08:00][sql] CONNECT:[ UseTime:0.000595s ] mysql:host=127.0.0.1;port=3306;dbname=carver;charset=utf8
[2021-06-09T01:56:49+08:00][sql] SHOW FULL COLUMNS FROM `carver_article` [ RunTime:0.000960s ]
[2021-06-09T01:56:49+08:00][sql] SELECT `article_id`,`article_title`,`article_desc`,`article_content`,`article_img`,`article_guide`,`article_label`,`click_num`,`is_show`,`add_time`,`article_author` FROM `carver_article` WHERE  `article_id` = 3 LIMIT 1 [ RunTime:0.000714s ]
[2021-06-09T01:56:49+08:00][sql] SELECT `article_id`,`article_title`,`article_desc`,`article_content`,`article_img`,`article_guide`,`article_label`,`click_num`,`is_show`,`add_time`,`article_author` FROM `carver_article` WHERE  `article_id` > 3 LIMIT 1 [ RunTime:0.000438s ]
[2021-06-09T01:56:49+08:00][sql] SELECT `article_id`,`article_title`,`article_desc`,`article_content`,`article_img`,`article_guide`,`article_label`,`click_num`,`is_show`,`add_time`,`article_author` FROM `carver_article` WHERE  `article_id` < 3 ORDER BY `article_id` DESC LIMIT 1 [ RunTime:0.000787s ]
[2021-06-09T01:56:49+08:00][sql] SHOW FULL COLUMNS FROM `carver_link` [ RunTime:0.000563s ]
[2021-06-09T01:56:49+08:00][sql] SELECT * FROM `carver_link` WHERE  ( is_confirm=2 ) LIMIT 20 [ RunTime:0.000286s ]
[2021-06-09T01:56:49+08:00][sql] SELECT article_id,article_title,click_num,FROM_UNIXTIME(add_time,'%Y-%m-%d') as add_time FROM `carver_article` ORDER BY `click_num` DESC LIMIT 3 [ RunTime:0.000345s ]
[2021-06-09T01:56:49+08:00][sql] SHOW FULL COLUMNS FROM `carver_comment` [ RunTime:0.000606s ]
[2021-06-09T01:56:49+08:00][sql] SELECT `a`.*,`b`.`user_name` FROM `carver_comment` `a` INNER JOIN `carver_user` `b` ON `a`.`user_id`=`b`.`user_id` WHERE  `article_id` = 3 ORDER BY `create_time` DESC [ RunTime:0.000393s ]
[2021-06-09T01:56:49+08:00][sql] SHOW FULL COLUMNS FROM `carver_comment_to_others` [ RunTime:0.000522s ]
[2021-06-09T01:56:49+08:00][sql] SELECT * FROM `carver_comment_to_others` [ RunTime:0.000231s ]
[2021-06-09T01:56:49+08:00][sql] SHOW FULL COLUMNS FROM `carver_user` [ RunTime:0.000473s ]
[2021-06-09T01:56:49+08:00][sql] SELECT `user_name` FROM `carver_user` WHERE  `user_id` = 4 LIMIT 1 [ RunTime:0.000230s ]
[2021-06-09T01:56:49+08:00][sql] SELECT `user_name` FROM `carver_user` WHERE  `user_id` = 4 LIMIT 1 [ RunTime:0.000265s ]
[2021-06-09T01:56:49+08:00][sql] SELECT `user_name` FROM `carver_user` WHERE  `user_id` = 5 LIMIT 1 [ RunTime:0.000207s ]
[2021-06-09T01:56:49+08:00][sql] SELECT `user_name` FROM `carver_user` WHERE  `user_id` = 5 LIMIT 1 [ RunTime:0.000204s ]
[2021-06-09T01:56:49+08:00][sql] SELECT `user_name` FROM `carver_user` WHERE  `user_id` = 37 LIMIT 1 [ RunTime:0.000263s ]
[2021-06-09T01:56:49+08:00][sql] SELECT `user_name`,`user_id` FROM `carver_user` [ RunTime:0.000223s ]
[2021-06-09T01:56:49+08:00][sql] SHOW FULL COLUMNS FROM `carver_navigation` [ RunTime:0.000510s ]
[2021-06-09T01:56:49+08:00][sql] SELECT * FROM `carver_navigation` [ RunTime:0.000295s ]
[2021-06-09T01:56:49+08:00][sql] SELECT `article_label` FROM `carver_article` [ RunTime:0.000260s ]
[2021-06-09T02:32:53+08:00][sql] CONNECT:[ UseTime:0.000529s ] mysql:host=127.0.0.1;port=3306;dbname=carver;charset=utf8
[2021-06-09T02:32:53+08:00][sql] SHOW FULL COLUMNS FROM `carver_article` [ RunTime:0.000865s ]
[2021-06-09T02:32:53+08:00][sql] SELECT `article_id`,`article_title`,`article_desc`,`article_content`,`article_img`,`article_guide`,`article_label`,`click_num`,`is_show`,`add_time`,`article_author` FROM `carver_article` WHERE  `article_id` = 17'A=0 LIMIT 1 [ RunTime:0.000519s ]
[2021-06-09T02:32:53+08:00][sql] SELECT `article_id`,`article_title`,`article_desc`,`article_content`,`article_img`,`article_guide`,`article_label`,`click_num`,`is_show`,`add_time`,`article_author` FROM `carver_article` WHERE  `article_id` > 17'A=0 LIMIT 1 [ RunTime:0.000416s ]
[2021-06-09T02:32:53+08:00][sql] SELECT `article_id`,`article_title`,`article_desc`,`article_content`,`article_img`,`article_guide`,`article_label`,`click_num`,`is_show`,`add_time`,`article_author` FROM `carver_article` WHERE  `article_id` < 17'A=0 ORDER BY `article_id` DESC LIMIT 1 [ RunTime:0.000357s ]
[2021-06-09T02:32:53+08:00][sql] SHOW FULL COLUMNS FROM `carver_link` [ RunTime:0.000532s ]
[2021-06-09T02:32:53+08:00][sql] SELECT * FROM `carver_link` WHERE  ( is_confirm=2 ) LIMIT 20 [ RunTime:0.000291s ]
[2021-06-09T02:32:53+08:00][sql] SELECT article_id,article_title,click_num,FROM_UNIXTIME(add_time,'%Y-%m-%d') as add_time FROM `carver_article` ORDER BY `click_num` DESC LIMIT 3 [ RunTime:0.000385s ]
[2021-06-09T02:32:53+08:00][sql] SHOW FULL COLUMNS FROM `carver_comment` [ RunTime:0.000582s ]
[2021-06-09T02:32:53+08:00][sql] SELECT `a`.*,`b`.`user_name` FROM `carver_comment` `a` INNER JOIN `carver_user` `b` ON `a`.`user_id`=`b`.`user_id` WHERE  `article_id` = 17'A=0 ORDER BY `create_time` DESC [ RunTime:0.000336s ]
[2021-06-09T02:32:53+08:00][sql] SHOW FULL COLUMNS FROM `carver_comment_to_others` [ RunTime:0.000514s ]
[2021-06-09T02:32:53+08:00][sql] SELECT * FROM `carver_comment_to_others` [ RunTime:0.000234s ]
[2021-06-09T02:32:53+08:00][sql] SHOW FULL COLUMNS FROM `carver_user` [ RunTime:0.000433s ]
[2021-06-09T02:32:53+08:00][sql] SELECT `user_name` FROM `carver_user` WHERE  `user_id` = 4 LIMIT 1 [ RunTime:0.000248s ]
[2021-06-09T02:32:53+08:00][sql] SELECT `user_name` FROM `carver_user` WHERE  `user_id` = 4 LIMIT 1 [ RunTime:0.000207s ]
[2021-06-09T02:32:53+08:00][sql] SELECT `user_name` FROM `carver_user` WHERE  `user_id` = 5 LIMIT 1 [ RunTime:0.000205s ]
[2021-06-09T02:32:53+08:00][sql] SELECT `user_name` FROM `carver_user` WHERE  `user_id` = 5 LIMIT 1 [ RunTime:0.000221s ]
[2021-06-09T02:32:53+08:00][sql] SELECT `user_name` FROM `carver_user` WHERE  `user_id` = 37 LIMIT 1 [ RunTime:0.000210s ]
[2021-06-09T02:32:53+08:00][sql] SELECT `user_name`,`user_id` FROM `carver_user` [ RunTime:0.000326s ]
[2021-06-09T02:32:53+08:00][sql] SHOW FULL COLUMNS FROM `carver_navigation` [ RunTime:0.000487s ]
[2021-06-09T02:32:53+08:00][sql] SELECT * FROM `carver_navigation` [ RunTime:0.000262s ]
[2021-06-09T02:32:53+08:00][sql] SELECT `article_label` FROM `carver_article` [ RunTime:0.000278s ]
[2021-06-09T03:18:29+08:00][sql] CONNECT:[ UseTime:0.000617s ] mysql:host=127.0.0.1;port=3306;dbname=carver;charset=utf8
[2021-06-09T03:18:29+08:00][sql] SHOW FULL COLUMNS FROM `carver_article` [ RunTime:0.000903s ]
[2021-06-09T03:18:29+08:00][sql] SELECT COUNT(*) AS think_count FROM `carver_article` WHERE  `article_label` LIKE '%linux%'  AND `delete_time` = 0  AND `is_show` = 1 [ RunTime:0.000486s ]
[2021-06-09T03:18:29+08:00][sql] SELECT * FROM `carver_article` WHERE  `article_label` LIKE '%linux%'  AND `delete_time` = 0  AND `is_show` = 1 LIMIT 0,6 [ RunTime:0.001174s ]
[2021-06-09T03:18:29+08:00][sql] SELECT article_id,article_title,click_num,FROM_UNIXTIME(add_time,'%Y-%m-%d') as add_time FROM `carver_article` WHERE  `is_show` = 1  AND `delete_time` = 0 ORDER BY `click_num` DESC LIMIT 3 [ RunTime:0.000484s ]
[2021-06-09T03:18:29+08:00][sql] SHOW FULL COLUMNS FROM `carver_notice` [ RunTime:0.000660s ]
[2021-06-09T03:18:29+08:00][sql] SELECT * FROM `carver_notice` ORDER BY `create_time` DESC LIMIT 3 [ RunTime:0.000301s ]
[2021-06-09T03:18:29+08:00][sql] SHOW FULL COLUMNS FROM `carver_navigation` [ RunTime:0.000530s ]
[2021-06-09T03:18:29+08:00][sql] SELECT * FROM `carver_navigation` [ RunTime:0.000289s ]
[2021-06-09T03:18:29+08:00][sql] SHOW FULL COLUMNS FROM `carver_link` [ RunTime:0.000570s ]
[2021-06-09T03:18:29+08:00][sql] SELECT * FROM `carver_link` WHERE  ( is_confirm=2 ) LIMIT 20 [ RunTime:0.000315s ]
[2021-06-09T03:18:29+08:00][sql] SELECT `article_label` FROM `carver_article` [ RunTime:0.000251s ]
[2021-06-09T03:18:29+08:00][sql] SHOW FULL COLUMNS FROM `carver_carouse` [ RunTime:0.000623s ]
[2021-06-09T03:18:29+08:00][sql] SELECT `carouse_img`,`carouse_desc` FROM `carver_carouse` WHERE  `is_show` = 1 ORDER BY `carouse_sort` DESC LIMIT 3 [ RunTime:0.000300s ]
[2021-06-09T03:18:29+08:00][sql] SHOW FULL COLUMNS FROM `carver_site` [ RunTime:0.000552s ]
[2021-06-09T03:18:29+08:00][sql] SELECT * FROM `carver_site` [ RunTime:0.000229s ]
[2021-06-09T04:00:35+08:00][sql] CONNECT:[ UseTime:0.000835s ] mysql:host=127.0.0.1;port=3306;dbname=carver;charset=utf8
[2021-06-09T04:00:35+08:00][sql] SHOW FULL COLUMNS FROM `carver_user` [ RunTime:0.000844s ]
[2021-06-09T04:00:35+08:00][sql] SHOW FULL COLUMNS FROM `carver_article` [ RunTime:0.000892s ]
[2021-06-09T04:00:35+08:00][sql] SELECT COUNT(*) AS think_count FROM `carver_article` WHERE  `delete_time` = 0  AND `is_show` = 1 [ RunTime:0.000388s ]
[2021-06-09T04:00:35+08:00][sql] SELECT `article_id`,`article_title`,`article_desc`,`article_content`,`article_img`,`article_guide`,`article_label`,`click_num`,`is_show`,`add_time`,`article_author`,`is_top_show` FROM `carver_article` WHERE  `delete_time` = 0  AND `is_show` = 1 ORDER BY `article_id` DESC LIMIT 0,6 [ RunTime:0.000884s ]
[2021-06-09T04:00:35+08:00][sql] SELECT article_id,article_title,click_num,FROM_UNIXTIME(add_time,'%Y-%m-%d') as add_time FROM `carver_article` WHERE  `is_show` = 1  AND `delete_time` = 0 ORDER BY `click_num` DESC LIMIT 3 [ RunTime:0.000657s ]
[2021-06-09T04:00:35+08:00][sql] SHOW FULL COLUMNS FROM `carver_notice` [ RunTime:0.000579s ]
[2021-06-09T04:00:35+08:00][sql] SELECT * FROM `carver_notice` ORDER BY `create_time` DESC LIMIT 3 [ RunTime:0.000280s ]
[2021-06-09T04:00:35+08:00][sql] SHOW FULL COLUMNS FROM `carver_navigation` [ RunTime:0.000573s ]
[2021-06-09T04:00:35+08:00][sql] SELECT * FROM `carver_navigation` [ RunTime:0.000324s ]
[2021-06-09T04:00:35+08:00][sql] SHOW FULL COLUMNS FROM `carver_link` [ RunTime:0.000670s ]
[2021-06-09T04:00:35+08:00][sql] SELECT * FROM `carver_link` WHERE  ( is_confirm=2 ) LIMIT 20 [ RunTime:0.000323s ]
[2021-06-09T04:00:35+08:00][sql] SELECT `article_label` FROM `carver_article` [ RunTime:0.000461s ]
[2021-06-09T04:00:35+08:00][sql] SHOW FULL COLUMNS FROM `carver_carouse` [ RunTime:0.000495s ]
[2021-06-09T04:00:35+08:00][sql] SELECT `carouse_img`,`carouse_desc` FROM `carver_carouse` WHERE  `is_show` = 1 ORDER BY `carouse_sort` DESC LIMIT 3 [ RunTime:0.000351s ]
[2021-06-09T04:00:35+08:00][sql] SHOW FULL COLUMNS FROM `carver_site` [ RunTime:0.000501s ]
[2021-06-09T04:00:35+08:00][sql] SELECT * FROM `carver_site` [ RunTime:0.000250s ]
[2021-06-09T06:49:30+08:00][sql] CONNECT:[ UseTime:0.000551s ] mysql:host=127.0.0.1;port=3306;dbname=carver;charset=utf8
[2021-06-09T06:49:30+08:00][sql] SHOW FULL COLUMNS FROM `carver_user` [ RunTime:0.000893s ]
[2021-06-09T06:49:30+08:00][sql] SHOW FULL COLUMNS FROM `carver_article` [ RunTime:0.000780s ]
[2021-06-09T06:49:30+08:00][sql] SELECT COUNT(*) AS think_count FROM `carver_article` WHERE  `delete_time` = 0  AND `is_show` = 1 [ RunTime:0.000481s ]
[2021-06-09T06:49:30+08:00][sql] SELECT `article_id`,`article_title`,`article_desc`,`article_content`,`article_img`,`article_guide`,`article_label`,`click_num`,`is_show`,`add_time`,`article_author`,`is_top_show` FROM `carver_article` WHERE  `delete_time` = 0  AND `is_show` = 1 ORDER BY `article_id` DESC LIMIT 0,6 [ RunTime:0.000809s ]
[2021-06-09T06:49:30+08:00][sql] SELECT article_id,article_title,click_num,FROM_UNIXTIME(add_time,'%Y-%m-%d') as add_time FROM `carver_article` WHERE  `is_show` = 1  AND `delete_time` = 0 ORDER BY `click_num` DESC LIMIT 3 [ RunTime:0.000468s ]
[2021-06-09T06:49:30+08:00][sql] SHOW FULL COLUMNS FROM `carver_notice` [ RunTime:0.000746s ]
[2021-06-09T06:49:30+08:00][sql] SELECT * FROM `carver_notice` ORDER BY `create_time` DESC LIMIT 3 [ RunTime:0.000402s ]
[2021-06-09T06:49:30+08:00][sql] SHOW FULL COLUMNS FROM `carver_navigation` [ RunTime:0.000583s ]
[2021-06-09T06:49:30+08:00][sql] SELECT * FROM `carver_navigation` [ RunTime:0.000276s ]
[2021-06-09T06:49:30+08:00][sql] SHOW FULL COLUMNS FROM `carver_link` [ RunTime:0.000587s ]
[2021-06-09T06:49:30+08:00][sql] SELECT * FROM `carver_link` WHERE  ( is_confirm=2 ) LIMIT 20 [ RunTime:0.000327s ]
[2021-06-09T06:49:30+08:00][sql] SELECT `article_label` FROM `carver_article` [ RunTime:0.000452s ]
[2021-06-09T06:49:30+08:00][sql] SHOW FULL COLUMNS FROM `carver_carouse` [ RunTime:0.000561s ]
[2021-06-09T06:49:30+08:00][sql] SELECT `carouse_img`,`carouse_desc` FROM `carver_carouse` WHERE  `is_show` = 1 ORDER BY `carouse_sort` DESC LIMIT 3 [ RunTime:0.000320s ]
[2021-06-09T06:49:30+08:00][sql] SHOW FULL COLUMNS FROM `carver_site` [ RunTime:0.000546s ]
[2021-06-09T06:49:30+08:00][sql] SELECT * FROM `carver_site` [ RunTime:0.000254s ]
[2021-06-09T07:14:54+08:00][sql] CONNECT:[ UseTime:0.000475s ] mysql:host=127.0.0.1;port=3306;dbname=carver;charset=utf8
[2021-06-09T07:14:54+08:00][sql] SHOW FULL COLUMNS FROM `carver_user` [ RunTime:0.000787s ]
[2021-06-09T07:14:54+08:00][sql] SHOW FULL COLUMNS FROM `carver_article` [ RunTime:0.000671s ]
[2021-06-09T07:14:54+08:00][sql] SELECT COUNT(*) AS think_count FROM `carver_article` WHERE  `delete_time` = 0  AND `is_show` = 1 [ RunTime:0.000488s ]
[2021-06-09T07:14:54+08:00][sql] SELECT `article_id`,`article_title`,`article_desc`,`article_content`,`article_img`,`article_guide`,`article_label`,`click_num`,`is_show`,`add_time`,`article_author`,`is_top_show` FROM `carver_article` WHERE  `delete_time` = 0  AND `is_show` = 1 ORDER BY `article_id` DESC LIMIT 0,6 [ RunTime:0.000611s ]
[2021-06-09T07:14:54+08:00][sql] SELECT article_id,article_title,click_num,FROM_UNIXTIME(add_time,'%Y-%m-%d') as add_time FROM `carver_article` WHERE  `is_show` = 1  AND `delete_time` = 0 ORDER BY `click_num` DESC LIMIT 3 [ RunTime:0.000404s ]
[2021-06-09T07:14:54+08:00][sql] SHOW FULL COLUMNS FROM `carver_notice` [ RunTime:0.000526s ]
[2021-06-09T07:14:54+08:00][sql] SELECT * FROM `carver_notice` ORDER BY `create_time` DESC LIMIT 3 [ RunTime:0.000257s ]
[2021-06-09T07:14:54+08:00][sql] SHOW FULL COLUMNS FROM `carver_navigation` [ RunTime:0.000555s ]
[2021-06-09T07:14:54+08:00][sql] SELECT * FROM `carver_navigation` [ RunTime:0.000252s ]
[2021-06-09T07:14:54+08:00][sql] SHOW FULL COLUMNS FROM `carver_link` [ RunTime:0.000484s ]
[2021-06-09T07:14:54+08:00][sql] SELECT * FROM `carver_link` WHERE  ( is_confirm=2 ) LIMIT 20 [ RunTime:0.000285s ]
[2021-06-09T07:14:54+08:00][sql] SELECT `article_label` FROM `carver_article` [ RunTime:0.000269s ]
[2021-06-09T07:14:54+08:00][sql] SHOW FULL COLUMNS FROM `carver_carouse` [ RunTime:0.000510s ]
[2021-06-09T07:14:54+08:00][sql] SELECT `carouse_img`,`carouse_desc` FROM `carver_carouse` WHERE  `is_show` = 1 ORDER BY `carouse_sort` DESC LIMIT 3 [ RunTime:0.000278s ]
[2021-06-09T07:14:54+08:00][sql] SHOW FULL COLUMNS FROM `carver_site` [ RunTime:0.000520s ]
[2021-06-09T07:14:54+08:00][sql] SELECT * FROM `carver_site` [ RunTime:0.000236s ]
[2021-06-09T08:10:47+08:00][sql] CONNECT:[ UseTime:0.000688s ] mysql:host=127.0.0.1;port=3306;dbname=carver;charset=utf8
[2021-06-09T08:10:47+08:00][sql] SHOW FULL COLUMNS FROM `carver_user` [ RunTime:0.000828s ]
[2021-06-09T08:10:47+08:00][sql] SHOW FULL COLUMNS FROM `carver_article` [ RunTime:0.000684s ]
[2021-06-09T08:10:47+08:00][sql] SELECT COUNT(*) AS think_count FROM `carver_article` WHERE  `delete_time` = 0  AND `is_show` = 1 [ RunTime:0.000375s ]
[2021-06-09T08:10:47+08:00][sql] SELECT `article_id`,`article_title`,`article_desc`,`article_content`,`article_img`,`article_guide`,`article_label`,`click_num`,`is_show`,`add_time`,`article_author`,`is_top_show` FROM `carver_article` WHERE  `delete_time` = 0  AND `is_show` = 1 ORDER BY `article_id` DESC LIMIT 24,6 [ RunTime:0.001021s ]
[2021-06-09T08:10:47+08:00][sql] SELECT article_id,article_title,click_num,FROM_UNIXTIME(add_time,'%Y-%m-%d') as add_time FROM `carver_article` WHERE  `is_show` = 1  AND `delete_time` = 0 ORDER BY `click_num` DESC LIMIT 3 [ RunTime:0.000540s ]
[2021-06-09T08:10:47+08:00][sql] SHOW FULL COLUMNS FROM `carver_notice` [ RunTime:0.000585s ]
[2021-06-09T08:10:47+08:00][sql] SELECT * FROM `carver_notice` ORDER BY `create_time` DESC LIMIT 3 [ RunTime:0.000354s ]
[2021-06-09T08:10:47+08:00][sql] SHOW FULL COLUMNS FROM `carver_navigation` [ RunTime:0.000524s ]
[2021-06-09T08:10:47+08:00][sql] SELECT * FROM `carver_navigation` [ RunTime:0.000274s ]
[2021-06-09T08:10:47+08:00][sql] SHOW FULL COLUMNS FROM `carver_link` [ RunTime:0.000506s ]
[2021-06-09T08:10:47+08:00][sql] SELECT * FROM `carver_link` WHERE  ( is_confirm=2 ) LIMIT 20 [ RunTime:0.000275s ]
[2021-06-09T08:10:47+08:00][sql] SELECT `article_label` FROM `carver_article` [ RunTime:0.000298s ]
[2021-06-09T08:10:47+08:00][sql] SHOW FULL COLUMNS FROM `carver_carouse` [ RunTime:0.000525s ]
[2021-06-09T08:10:47+08:00][sql] SELECT `carouse_img`,`carouse_desc` FROM `carver_carouse` WHERE  `is_show` = 1 ORDER BY `carouse_sort` DESC LIMIT 3 [ RunTime:0.000297s ]
[2021-06-09T08:10:47+08:00][sql] SHOW FULL COLUMNS FROM `carver_site` [ RunTime:0.000475s ]
[2021-06-09T08:10:47+08:00][sql] SELECT * FROM `carver_site` [ RunTime:0.000244s ]
[2021-06-09T08:16:29+08:00][sql] CONNECT:[ UseTime:0.000506s ] mysql:host=127.0.0.1;port=3306;dbname=carver;charset=utf8
[2021-06-09T08:16:29+08:00][sql] SHOW FULL COLUMNS FROM `carver_article` [ RunTime:0.000945s ]
[2021-06-09T08:16:29+08:00][sql] SELECT `article_id`,`article_title`,`article_desc`,`article_content`,`article_img`,`article_guide`,`article_label`,`click_num`,`is_show`,`add_time`,`article_author` FROM `carver_article` WHERE  `article_id` = 17' LIMIT 1 [ RunTime:0.000506s ]
[2021-06-09T08:16:29+08:00][sql] SELECT `article_id`,`article_title`,`article_desc`,`article_content`,`article_img`,`article_guide`,`article_label`,`click_num`,`is_show`,`add_time`,`article_author` FROM `carver_article` WHERE  `article_id` > 17' LIMIT 1 [ RunTime:0.000413s ]
[2021-06-09T08:16:29+08:00][sql] SELECT `article_id`,`article_title`,`article_desc`,`article_content`,`article_img`,`article_guide`,`article_label`,`click_num`,`is_show`,`add_time`,`article_author` FROM `carver_article` WHERE  `article_id` < 17' ORDER BY `article_id` DESC LIMIT 1 [ RunTime:0.000360s ]
[2021-06-09T08:16:29+08:00][sql] SHOW FULL COLUMNS FROM `carver_link` [ RunTime:0.000571s ]
[2021-06-09T08:16:29+08:00][sql] SELECT * FROM `carver_link` WHERE  ( is_confirm=2 ) LIMIT 20 [ RunTime:0.000297s ]
[2021-06-09T08:16:29+08:00][sql] SELECT article_id,article_title,click_num,FROM_UNIXTIME(add_time,'%Y-%m-%d') as add_time FROM `carver_article` ORDER BY `click_num` DESC LIMIT 3 [ RunTime:0.000325s ]
[2021-06-09T08:16:29+08:00][sql] SHOW FULL COLUMNS FROM `carver_comment` [ RunTime:0.000546s ]
[2021-06-09T08:16:29+08:00][sql] SELECT `a`.*,`b`.`user_name` FROM `carver_comment` `a` INNER JOIN `carver_user` `b` ON `a`.`user_id`=`b`.`user_id` WHERE  `article_id` = 17' ORDER BY `create_time` DESC [ RunTime:0.000344s ]
[2021-06-09T08:16:29+08:00][sql] SHOW FULL COLUMNS FROM `carver_comment_to_others` [ RunTime:0.000506s ]
[2021-06-09T08:16:29+08:00][sql] SELECT * FROM `carver_comment_to_others` [ RunTime:0.000257s ]
[2021-06-09T08:16:29+08:00][sql] SHOW FULL COLUMNS FROM `carver_user` [ RunTime:0.000432s ]
[2021-06-09T08:16:29+08:00][sql] SELECT `user_name` FROM `carver_user` WHERE  `user_id` = 4 LIMIT 1 [ RunTime:0.000252s ]
[2021-06-09T08:16:29+08:00][sql] SELECT `user_name` FROM `carver_user` WHERE  `user_id` = 4 LIMIT 1 [ RunTime:0.000208s ]
[2021-06-09T08:16:29+08:00][sql] SELECT `user_name` FROM `carver_user` WHERE  `user_id` = 5 LIMIT 1 [ RunTime:0.000205s ]
[2021-06-09T08:16:29+08:00][sql] SELECT `user_name` FROM `carver_user` WHERE  `user_id` = 5 LIMIT 1 [ RunTime:0.000234s ]
[2021-06-09T08:16:29+08:00][sql] SELECT `user_name` FROM `carver_user` WHERE  `user_id` = 37 LIMIT 1 [ RunTime:0.000211s ]
[2021-06-09T08:16:29+08:00][sql] SELECT `user_name`,`user_id` FROM `carver_user` [ RunTime:0.000249s ]
[2021-06-09T08:16:29+08:00][sql] SHOW FULL COLUMNS FROM `carver_navigation` [ RunTime:0.000471s ]
[2021-06-09T08:16:29+08:00][sql] SELECT * FROM `carver_navigation` [ RunTime:0.000231s ]
[2021-06-09T08:16:29+08:00][sql] SELECT `article_label` FROM `carver_article` [ RunTime:0.000261s ]
[2021-06-09T11:34:51+08:00][sql] CONNECT:[ UseTime:0.000520s ] mysql:host=127.0.0.1;port=3306;dbname=carver;charset=utf8
[2021-06-09T11:34:51+08:00][sql] SHOW FULL COLUMNS FROM `carver_article` [ RunTime:0.000825s ]
[2021-06-09T11:34:51+08:00][sql] SELECT `article_id`,`article_title`,`article_desc`,`article_content`,`article_img`,`article_guide`,`article_label`,`click_num`,`is_show`,`add_time`,`article_author` FROM `carver_article` WHERE  `article_id` = 17' LIMIT 1 [ RunTime:0.000491s ]
[2021-06-09T11:34:51+08:00][sql] SELECT `article_id`,`article_title`,`article_desc`,`article_content`,`article_img`,`article_guide`,`article_label`,`click_num`,`is_show`,`add_time`,`article_author` FROM `carver_article` WHERE  `article_id` > 17' LIMIT 1 [ RunTime:0.000392s ]
[2021-06-09T11:34:51+08:00][sql] SELECT `article_id`,`article_title`,`article_desc`,`article_content`,`article_img`,`article_guide`,`article_label`,`click_num`,`is_show`,`add_time`,`article_author` FROM `carver_article` WHERE  `article_id` < 17' ORDER BY `article_id` DESC LIMIT 1 [ RunTime:0.000388s ]
[2021-06-09T11:34:51+08:00][sql] SHOW FULL COLUMNS FROM `carver_link` [ RunTime:0.000467s ]
[2021-06-09T11:34:51+08:00][sql] SELECT * FROM `carver_link` WHERE  ( is_confirm=2 ) LIMIT 20 [ RunTime:0.000314s ]
[2021-06-09T11:34:51+08:00][sql] SELECT article_id,article_title,click_num,FROM_UNIXTIME(add_time,'%Y-%m-%d') as add_time FROM `carver_article` ORDER BY `click_num` DESC LIMIT 3 [ RunTime:0.000334s ]
[2021-06-09T11:34:51+08:00][sql] SHOW FULL COLUMNS FROM `carver_comment` [ RunTime:0.000519s ]
[2021-06-09T11:34:51+08:00][sql] SELECT `a`.*,`b`.`user_name` FROM `carver_comment` `a` INNER JOIN `carver_user` `b` ON `a`.`user_id`=`b`.`user_id` WHERE  `article_id` = 17' ORDER BY `create_time` DESC [ RunTime:0.000334s ]
[2021-06-09T11:34:51+08:00][sql] SHOW FULL COLUMNS FROM `carver_comment_to_others` [ RunTime:0.000486s ]
[2021-06-09T11:34:51+08:00][sql] SELECT * FROM `carver_comment_to_others` [ RunTime:0.000239s ]
[2021-06-09T11:34:51+08:00][sql] SHOW FULL COLUMNS FROM `carver_user` [ RunTime:0.000410s ]
[2021-06-09T11:34:51+08:00][sql] SELECT `user_name` FROM `carver_user` WHERE  `user_id` = 4 LIMIT 1 [ RunTime:0.000253s ]
[2021-06-09T11:34:51+08:00][sql] SELECT `user_name` FROM `carver_user` WHERE  `user_id` = 4 LIMIT 1 [ RunTime:0.000243s ]
[2021-06-09T11:34:51+08:00][sql] SELECT `user_name` FROM `carver_user` WHERE  `user_id` = 5 LIMIT 1 [ RunTime:0.000205s ]
[2021-06-09T11:34:51+08:00][sql] SELECT `user_name` FROM `carver_user` WHERE  `user_id` = 5 LIMIT 1 [ RunTime:0.000224s ]
[2021-06-09T11:34:51+08:00][sql] SELECT `user_name` FROM `carver_user` WHERE  `user_id` = 37 LIMIT 1 [ RunTime:0.000234s ]
[2021-06-09T11:34:51+08:00][sql] SELECT `user_name`,`user_id` FROM `carver_user` [ RunTime:0.000292s ]
[2021-06-09T11:34:51+08:00][sql] SHOW FULL COLUMNS FROM `carver_navigation` [ RunTime:0.000501s ]
[2021-06-09T11:34:51+08:00][sql] SELECT * FROM `carver_navigation` [ RunTime:0.000229s ]
[2021-06-09T11:34:51+08:00][sql] SELECT `article_label` FROM `carver_article` [ RunTime:0.000266s ]
[2021-06-09T11:58:47+08:00][sql] CONNECT:[ UseTime:0.000559s ] mysql:host=127.0.0.1;port=3306;dbname=carver;charset=utf8
[2021-06-09T11:58:47+08:00][sql] SHOW FULL COLUMNS FROM `carver_article` [ RunTime:0.000967s ]
[2021-06-09T11:58:47+08:00][sql] SELECT COUNT(*) AS think_count FROM `carver_article` WHERE  `article_guide` = 6  AND `delete_time` = 0  AND `is_show` = 1 [ RunTime:0.000450s ]
[2021-06-09T11:58:47+08:00][sql] SELECT * FROM `carver_article` WHERE  `article_guide` = 6  AND `delete_time` = 0  AND `is_show` = 1 ORDER BY `add_time` DESC LIMIT 24,6 [ RunTime:0.000481s ]
[2021-06-09T11:58:47+08:00][sql] SELECT article_id,article_title,click_num,FROM_UNIXTIME(add_time,'%Y-%m-%d') as add_time FROM `carver_article` WHERE  `is_show` = 1  AND `delete_time` = 0 ORDER BY `click_num` DESC LIMIT 3 [ RunTime:0.000518s ]
[2021-06-09T11:58:47+08:00][sql] SHOW FULL COLUMNS FROM `carver_notice` [ RunTime:0.000621s ]
[2021-06-09T11:58:47+08:00][sql] SELECT * FROM `carver_notice` ORDER BY `create_time` DESC LIMIT 3 [ RunTime:0.000355s ]
[2021-06-09T11:58:47+08:00][sql] SHOW FULL COLUMNS FROM `carver_navigation` [ RunTime:0.000593s ]
[2021-06-09T11:58:47+08:00][sql] SELECT * FROM `carver_navigation` [ RunTime:0.000291s ]
[2021-06-09T11:58:47+08:00][sql] SELECT `article_label` FROM `carver_article` [ RunTime:0.000271s ]
[2021-06-09T11:58:47+08:00][sql] SHOW FULL COLUMNS FROM `carver_carouse` [ RunTime:0.000633s ]
[2021-06-09T11:58:47+08:00][sql] SELECT `carouse_img`,`carouse_desc` FROM `carver_carouse` WHERE  `is_show` = 1 ORDER BY `carouse_sort` DESC LIMIT 3 [ RunTime:0.000320s ]
[2021-06-09T11:58:47+08:00][sql] SHOW FULL COLUMNS FROM `carver_link` [ RunTime:0.000552s ]
[2021-06-09T11:58:47+08:00][sql] SELECT * FROM `carver_link` WHERE  ( is_confirm=2 ) LIMIT 20 [ RunTime:0.000387s ]
[2021-06-09T11:58:47+08:00][sql] SHOW FULL COLUMNS FROM `carver_site` [ RunTime:0.000591s ]
[2021-06-09T11:58:47+08:00][sql] SELECT * FROM `carver_site` [ RunTime:0.000268s ]
[2021-06-09T12:01:33+08:00][sql] CONNECT:[ UseTime:0.000520s ] mysql:host=127.0.0.1;port=3306;dbname=carver;charset=utf8
[2021-06-09T12:01:33+08:00][sql] SHOW FULL COLUMNS FROM `carver_user` [ RunTime:0.000837s ]
[2021-06-09T12:01:33+08:00][sql] SHOW FULL COLUMNS FROM `carver_article` [ RunTime:0.000712s ]
[2021-06-09T12:01:33+08:00][sql] SELECT COUNT(*) AS think_count FROM `carver_article` WHERE  `delete_time` = 0  AND `is_show` = 1 [ RunTime:0.000468s ]
[2021-06-09T12:01:33+08:00][sql] SELECT `article_id`,`article_title`,`article_desc`,`article_content`,`article_img`,`article_guide`,`article_label`,`click_num`,`is_show`,`add_time`,`article_author`,`is_top_show` FROM `carver_article` WHERE  `delete_time` = 0  AND `is_show` = 1 ORDER BY `article_id` DESC LIMIT 0,6 [ RunTime:0.001058s ]
[2021-06-09T12:01:33+08:00][sql] SELECT article_id,article_title,click_num,FROM_UNIXTIME(add_time,'%Y-%m-%d') as add_time FROM `carver_article` WHERE  `is_show` = 1  AND `delete_time` = 0 ORDER BY `click_num` DESC LIMIT 3 [ RunTime:0.000395s ]
[2021-06-09T12:01:33+08:00][sql] SHOW FULL COLUMNS FROM `carver_notice` [ RunTime:0.000536s ]
[2021-06-09T12:01:33+08:00][sql] SELECT * FROM `carver_notice` ORDER BY `create_time` DESC LIMIT 3 [ RunTime:0.000277s ]
[2021-06-09T12:01:33+08:00][sql] SHOW FULL COLUMNS FROM `carver_navigation` [ RunTime:0.000606s ]
[2021-06-09T12:01:33+08:00][sql] SELECT * FROM `carver_navigation` [ RunTime:0.000251s ]
[2021-06-09T12:01:33+08:00][sql] SHOW FULL COLUMNS FROM `carver_link` [ RunTime:0.000551s ]
[2021-06-09T12:01:33+08:00][sql] SELECT * FROM `carver_link` WHERE  ( is_confirm=2 ) LIMIT 20 [ RunTime:0.000282s ]
[2021-06-09T12:01:33+08:00][sql] SELECT `article_label` FROM `carver_article` [ RunTime:0.000263s ]
[2021-06-09T12:01:33+08:00][sql] SHOW FULL COLUMNS FROM `carver_carouse` [ RunTime:0.000466s ]
[2021-06-09T12:01:33+08:00][sql] SELECT `carouse_img`,`carouse_desc` FROM `carver_carouse` WHERE  `is_show` = 1 ORDER BY `carouse_sort` DESC LIMIT 3 [ RunTime:0.000306s ]
[2021-06-09T12:01:33+08:00][sql] SHOW FULL COLUMNS FROM `carver_site` [ RunTime:0.000470s ]
[2021-06-09T12:01:33+08:00][sql] SELECT * FROM `carver_site` [ RunTime:0.000223s ]
[2021-06-09T12:18:05+08:00][error] [8]Undefined index: article_id[/www/wwwroot/101.200.121.249/carver_tp_blog/app/web/controller/ArticleUser.php:219]
[2021-06-09T12:19:32+08:00][error] [8]Undefined index: article_id[/www/wwwroot/101.200.121.249/carver_tp_blog/app/web/controller/ArticleUser.php:153]
[2021-06-09T12:22:15+08:00][error] [8]Undefined index: user_id[/www/wwwroot/101.200.121.249/carver_tp_blog/app/web/controller/ArticleUser.php:238]
[2021-06-09T12:51:26+08:00][sql] CONNECT:[ UseTime:0.000720s ] mysql:host=127.0.0.1;port=3306;dbname=carver;charset=utf8
[2021-06-09T12:51:26+08:00][sql] SHOW FULL COLUMNS FROM `carver_article` [ RunTime:0.000975s ]
[2021-06-09T12:51:26+08:00][sql] SELECT COUNT(*) AS think_count FROM `carver_article` WHERE  `article_label` LIKE '%c%'  AND `delete_time` = 0  AND `is_show` = 1 [ RunTime:0.000437s ]
[2021-06-09T12:51:26+08:00][sql] SELECT * FROM `carver_article` WHERE  `article_label` LIKE '%c%'  AND `delete_time` = 0  AND `is_show` = 1 LIMIT 0,6 [ RunTime:0.001303s ]
[2021-06-09T12:51:26+08:00][sql] SELECT article_id,article_title,click_num,FROM_UNIXTIME(add_time,'%Y-%m-%d') as add_time FROM `carver_article` WHERE  `is_show` = 1  AND `delete_time` = 0 ORDER BY `click_num` DESC LIMIT 3 [ RunTime:0.000396s ]
[2021-06-09T12:51:26+08:00][sql] SHOW FULL COLUMNS FROM `carver_notice` [ RunTime:0.000590s ]
[2021-06-09T12:51:26+08:00][sql] SELECT * FROM `carver_notice` ORDER BY `create_time` DESC LIMIT 3 [ RunTime:0.000270s ]
[2021-06-09T12:51:26+08:00][sql] SHOW FULL COLUMNS FROM `carver_navigation` [ RunTime:0.000514s ]
[2021-06-09T12:51:26+08:00][sql] SELECT * FROM `carver_navigation` [ RunTime:0.000289s ]
[2021-06-09T12:51:26+08:00][sql] SHOW FULL COLUMNS FROM `carver_link` [ RunTime:0.000500s ]
[2021-06-09T12:51:26+08:00][sql] SELECT * FROM `carver_link` WHERE  ( is_confirm=2 ) LIMIT 20 [ RunTime:0.000290s ]
[2021-06-09T12:51:26+08:00][sql] SELECT `article_label` FROM `carver_article` [ RunTime:0.000266s ]
[2021-06-09T12:51:26+08:00][sql] SHOW FULL COLUMNS FROM `carver_carouse` [ RunTime:0.000462s ]
[2021-06-09T12:51:26+08:00][sql] SELECT `carouse_img`,`carouse_desc` FROM `carver_carouse` WHERE  `is_show` = 1 ORDER BY `carouse_sort` DESC LIMIT 3 [ RunTime:0.000280s ]
[2021-06-09T12:51:26+08:00][sql] SHOW FULL COLUMNS FROM `carver_site` [ RunTime:0.000464s ]
[2021-06-09T12:51:26+08:00][sql] SELECT * FROM `carver_site` [ RunTime:0.000219s ]
[2021-06-09T13:21:26+08:00][sql] CONNECT:[ UseTime:0.000501s ] mysql:host=127.0.0.1;port=3306;dbname=carver;charset=utf8
[2021-06-09T13:21:26+08:00][sql] SHOW FULL COLUMNS FROM `carver_user` [ RunTime:0.000840s ]
[2021-06-09T13:21:26+08:00][sql] SHOW FULL COLUMNS FROM `carver_article` [ RunTime:0.000736s ]
[2021-06-09T13:21:26+08:00][sql] SELECT COUNT(*) AS think_count FROM `carver_article` WHERE  `delete_time` = 0  AND `is_show` = 1 [ RunTime:0.000390s ]
[2021-06-09T13:21:26+08:00][sql] SELECT `article_id`,`article_title`,`article_desc`,`article_content`,`article_img`,`article_guide`,`article_label`,`click_num`,`is_show`,`add_time`,`article_author`,`is_top_show` FROM `carver_article` WHERE  `delete_time` = 0  AND `is_show` = 1 ORDER BY `article_id` DESC LIMIT 0,6 [ RunTime:0.000747s ]
[2021-06-09T13:21:26+08:00][sql] SELECT article_id,article_title,click_num,FROM_UNIXTIME(add_time,'%Y-%m-%d') as add_time FROM `carver_article` WHERE  `is_show` = 1  AND `delete_time` = 0 ORDER BY `click_num` DESC LIMIT 3 [ RunTime:0.000830s ]
[2021-06-09T13:21:26+08:00][sql] SHOW FULL COLUMNS FROM `carver_notice` [ RunTime:0.000566s ]
[2021-06-09T13:21:26+08:00][sql] SELECT * FROM `carver_notice` ORDER BY `create_time` DESC LIMIT 3 [ RunTime:0.000292s ]
[2021-06-09T13:21:26+08:00][sql] SHOW FULL COLUMNS FROM `carver_navigation` [ RunTime:0.000515s ]
[2021-06-09T13:21:26+08:00][sql] SELECT * FROM `carver_navigation` [ RunTime:0.000301s ]
[2021-06-09T13:21:26+08:00][sql] SHOW FULL COLUMNS FROM `carver_link` [ RunTime:0.000496s ]
[2021-06-09T13:21:26+08:00][sql] SELECT * FROM `carver_link` WHERE  ( is_confirm=2 ) LIMIT 20 [ RunTime:0.000285s ]
[2021-06-09T13:21:26+08:00][sql] SELECT `article_label` FROM `carver_article` [ RunTime:0.000279s ]
[2021-06-09T13:21:26+08:00][sql] SHOW FULL COLUMNS FROM `carver_carouse` [ RunTime:0.000484s ]
[2021-06-09T13:21:26+08:00][sql] SELECT `carouse_img`,`carouse_desc` FROM `carver_carouse` WHERE  `is_show` = 1 ORDER BY `carouse_sort` DESC LIMIT 3 [ RunTime:0.000268s ]
[2021-06-09T13:21:26+08:00][sql] SHOW FULL COLUMNS FROM `carver_site` [ RunTime:0.000470s ]
[2021-06-09T13:21:26+08:00][sql] SELECT * FROM `carver_site` [ RunTime:0.000235s ]
[2021-06-09T13:22:13+08:00][sql] CONNECT:[ UseTime:0.000595s ] mysql:host=127.0.0.1;port=3306;dbname=carver;charset=utf8
[2021-06-09T13:22:13+08:00][sql] SHOW FULL COLUMNS FROM `carver_article` [ RunTime:0.000940s ]
[2021-06-09T13:22:13+08:00][sql] SELECT `article_id`,`article_title`,`article_desc`,`article_content`,`article_img`,`article_guide`,`article_label`,`click_num`,`is_show`,`add_time`,`article_author` FROM `carver_article` WHERE  `article_id` = 13 LIMIT 1 [ RunTime:0.000430s ]
[2021-06-09T13:22:13+08:00][sql] SELECT `article_id`,`article_title`,`article_desc`,`article_content`,`article_img`,`article_guide`,`article_label`,`click_num`,`is_show`,`add_time`,`article_author` FROM `carver_article` WHERE  `article_id` > 13 LIMIT 1 [ RunTime:0.000423s ]
[2021-06-09T13:22:13+08:00][sql] SELECT `article_id`,`article_title`,`article_desc`,`article_content`,`article_img`,`article_guide`,`article_label`,`click_num`,`is_show`,`add_time`,`article_author` FROM `carver_article` WHERE  `article_id` < 13 ORDER BY `article_id` DESC LIMIT 1 [ RunTime:0.000386s ]
[2021-06-09T13:22:13+08:00][sql] SHOW FULL COLUMNS FROM `carver_link` [ RunTime:0.000551s ]
[2021-06-09T13:22:13+08:00][sql] SELECT * FROM `carver_link` WHERE  ( is_confirm=2 ) LIMIT 20 [ RunTime:0.000292s ]
[2021-06-09T13:22:13+08:00][sql] SELECT article_id,article_title,click_num,FROM_UNIXTIME(add_time,'%Y-%m-%d') as add_time FROM `carver_article` ORDER BY `click_num` DESC LIMIT 3 [ RunTime:0.000408s ]
[2021-06-09T13:22:13+08:00][sql] SHOW FULL COLUMNS FROM `carver_comment` [ RunTime:0.000572s ]
[2021-06-09T13:22:13+08:00][sql] SELECT `a`.*,`b`.`user_name` FROM `carver_comment` `a` INNER JOIN `carver_user` `b` ON `a`.`user_id`=`b`.`user_id` WHERE  `article_id` = 13 ORDER BY `create_time` DESC [ RunTime:0.000423s ]
[2021-06-09T13:22:13+08:00][sql] SHOW FULL COLUMNS FROM `carver_comment_to_others` [ RunTime:0.000480s ]
[2021-06-09T13:22:13+08:00][sql] SELECT * FROM `carver_comment_to_others` [ RunTime:0.000256s ]
[2021-06-09T13:22:13+08:00][sql] SHOW FULL COLUMNS FROM `carver_user` [ RunTime:0.000520s ]
[2021-06-09T13:22:13+08:00][sql] SELECT `user_name` FROM `carver_user` WHERE  `user_id` = 4 LIMIT 1 [ RunTime:0.000262s ]
[2021-06-09T13:22:13+08:00][sql] SELECT `user_name` FROM `carver_user` WHERE  `user_id` = 4 LIMIT 1 [ RunTime:0.000211s ]
[2021-06-09T13:22:13+08:00][sql] SELECT `user_name` FROM `carver_user` WHERE  `user_id` = 5 LIMIT 1 [ RunTime:0.000239s ]
[2021-06-09T13:22:13+08:00][sql] SELECT `user_name` FROM `carver_user` WHERE  `user_id` = 5 LIMIT 1 [ RunTime:0.000221s ]
[2021-06-09T13:22:13+08:00][sql] SELECT `user_name` FROM `carver_user` WHERE  `user_id` = 37 LIMIT 1 [ RunTime:0.000226s ]
[2021-06-09T13:22:13+08:00][sql] SELECT `user_name`,`user_id` FROM `carver_user` [ RunTime:0.000238s ]
[2021-06-09T13:22:13+08:00][sql] SHOW FULL COLUMNS FROM `carver_navigation` [ RunTime:0.000541s ]
[2021-06-09T13:22:13+08:00][sql] SELECT * FROM `carver_navigation` [ RunTime:0.000255s ]
[2021-06-09T13:22:13+08:00][sql] SELECT `article_label` FROM `carver_article` [ RunTime:0.000261s ]
[2021-06-09T14:40:31+08:00][sql] CONNECT:[ UseTime:0.002610s ] mysql:host=127.0.0.1;port=3306;dbname=carver;charset=utf8
[2021-06-09T14:40:31+08:00][sql] SHOW FULL COLUMNS FROM `carver_article` [ RunTime:0.003161s ]
[2021-06-09T14:40:31+08:00][sql] SELECT COUNT(*) AS think_count FROM `carver_article` WHERE  `article_label` LIKE '%javascript%'  AND `delete_time` = 0  AND `is_show` = 1 [ RunTime:0.001048s ]
[2021-06-09T14:40:31+08:00][sql] SELECT * FROM `carver_article` WHERE  `article_label` LIKE '%javascript%'  AND `delete_time` = 0  AND `is_show` = 1 LIMIT 0,6 [ RunTime:0.006500s ]
[2021-06-09T14:40:31+08:00][sql] SELECT article_id,article_title,click_num,FROM_UNIXTIME(add_time,'%Y-%m-%d') as add_time FROM `carver_article` WHERE  `is_show` = 1  AND `delete_time` = 0 ORDER BY `click_num` DESC LIMIT 3 [ RunTime:0.000841s ]
[2021-06-09T14:40:31+08:00][sql] SHOW FULL COLUMNS FROM `carver_notice` [ RunTime:0.001830s ]
[2021-06-09T14:40:31+08:00][sql] SELECT * FROM `carver_notice` ORDER BY `create_time` DESC LIMIT 3 [ RunTime:0.000326s ]
[2021-06-09T14:40:31+08:00][sql] SHOW FULL COLUMNS FROM `carver_navigation` [ RunTime:0.002419s ]
[2021-06-09T14:40:31+08:00][sql] SELECT * FROM `carver_navigation` [ RunTime:0.000288s ]
[2021-06-09T14:40:31+08:00][sql] SHOW FULL COLUMNS FROM `carver_link` [ RunTime:0.002391s ]
[2021-06-09T14:40:31+08:00][sql] SELECT * FROM `carver_link` WHERE  ( is_confirm=2 ) LIMIT 20 [ RunTime:0.000381s ]
[2021-06-09T14:40:31+08:00][sql] SELECT `article_label` FROM `carver_article` [ RunTime:0.002300s ]
[2021-06-09T14:40:31+08:00][sql] SHOW FULL COLUMNS FROM `carver_carouse` [ RunTime:0.000554s ]
[2021-06-09T14:40:31+08:00][sql] SELECT `carouse_img`,`carouse_desc` FROM `carver_carouse` WHERE  `is_show` = 1 ORDER BY `carouse_sort` DESC LIMIT 3 [ RunTime:0.000330s ]
[2021-06-09T14:40:31+08:00][sql] SHOW FULL COLUMNS FROM `carver_site` [ RunTime:0.000568s ]
[2021-06-09T14:40:31+08:00][sql] SELECT * FROM `carver_site` [ RunTime:0.000228s ]
[2021-06-09T14:40:31+08:00][sql] CONNECT:[ UseTime:0.013155s ] mysql:host=127.0.0.1;port=3306;dbname=carver;charset=utf8
[2021-06-09T14:40:31+08:00][sql] SHOW FULL COLUMNS FROM `carver_user` [ RunTime:0.002391s ]
[2021-06-09T14:40:31+08:00][sql] SHOW FULL COLUMNS FROM `carver_article` [ RunTime:0.000902s ]
[2021-06-09T14:40:31+08:00][sql] SELECT COUNT(*) AS think_count FROM `carver_article` WHERE  `delete_time` = 0  AND `is_show` = 1 [ RunTime:0.001613s ]
[2021-06-09T14:40:31+08:00][sql] SELECT `article_id`,`article_title`,`article_desc`,`article_content`,`article_img`,`article_guide`,`article_label`,`click_num`,`is_show`,`add_time`,`article_author`,`is_top_show` FROM `carver_article` WHERE  `delete_time` = 0  AND `is_show` = 1 ORDER BY `article_id` DESC LIMIT 18,6 [ RunTime:0.002447s ]
[2021-06-09T14:40:31+08:00][sql] SELECT article_id,article_title,click_num,FROM_UNIXTIME(add_time,'%Y-%m-%d') as add_time FROM `carver_article` WHERE  `is_show` = 1  AND `delete_time` = 0 ORDER BY `click_num` DESC LIMIT 3 [ RunTime:0.006227s ]
[2021-06-09T14:40:31+08:00][sql] SHOW FULL COLUMNS FROM `carver_notice` [ RunTime:0.002340s ]
[2021-06-09T14:40:31+08:00][sql] SELECT * FROM `carver_notice` ORDER BY `create_time` DESC LIMIT 3 [ RunTime:0.000625s ]
[2021-06-09T14:40:31+08:00][sql] SHOW FULL COLUMNS FROM `carver_navigation` [ RunTime:0.002084s ]
[2021-06-09T14:40:31+08:00][sql] SELECT * FROM `carver_navigation` [ RunTime:0.000270s ]
[2021-06-09T14:40:31+08:00][sql] SHOW FULL COLUMNS FROM `carver_link` [ RunTime:0.002314s ]
[2021-06-09T14:40:31+08:00][sql] SELECT * FROM `carver_link` WHERE  ( is_confirm=2 ) LIMIT 20 [ RunTime:0.000331s ]
[2021-06-09T14:40:31+08:00][sql] SELECT `article_label` FROM `carver_article` [ RunTime:0.012592s ]
[2021-06-09T14:40:31+08:00][sql] SHOW FULL COLUMNS FROM `carver_carouse` [ RunTime:0.000744s ]
[2021-06-09T14:40:31+08:00][sql] SELECT `carouse_img`,`carouse_desc` FROM `carver_carouse` WHERE  `is_show` = 1 ORDER BY `carouse_sort` DESC LIMIT 3 [ RunTime:0.000392s ]
[2021-06-09T14:40:31+08:00][sql] SHOW FULL COLUMNS FROM `carver_site` [ RunTime:0.000574s ]
[2021-06-09T14:40:31+08:00][sql] SELECT * FROM `carver_site` [ RunTime:0.000256s ]
[2021-06-09T17:42:33+08:00][sql] CONNECT:[ UseTime:0.000680s ] mysql:host=127.0.0.1;port=3306;dbname=carver;charset=utf8
[2021-06-09T17:42:33+08:00][sql] SHOW FULL COLUMNS FROM `carver_article` [ RunTime:0.001080s ]
[2021-06-09T17:42:33+08:00][sql] SELECT `article_id`,`article_title`,`article_desc`,`article_content`,`article_img`,`article_guide`,`article_label`,`click_num`,`is_show`,`add_time`,`article_author` FROM `carver_article` WHERE  `article_id` = 17'A=0 LIMIT 1 [ RunTime:0.000662s ]
[2021-06-09T17:42:33+08:00][sql] SELECT `article_id`,`article_title`,`article_desc`,`article_content`,`article_img`,`article_guide`,`article_label`,`click_num`,`is_show`,`add_time`,`article_author` FROM `carver_article` WHERE  `article_id` > 17'A=0 LIMIT 1 [ RunTime:0.000486s ]
[2021-06-09T17:42:33+08:00][sql] SELECT `article_id`,`article_title`,`article_desc`,`article_content`,`article_img`,`article_guide`,`article_label`,`click_num`,`is_show`,`add_time`,`article_author` FROM `carver_article` WHERE  `article_id` < 17'A=0 ORDER BY `article_id` DESC LIMIT 1 [ RunTime:0.000406s ]
[2021-06-09T17:42:33+08:00][sql] SHOW FULL COLUMNS FROM `carver_link` [ RunTime:0.000624s ]
[2021-06-09T17:42:33+08:00][sql] SELECT * FROM `carver_link` WHERE  ( is_confirm=2 ) LIMIT 20 [ RunTime:0.000332s ]
[2021-06-09T17:42:33+08:00][sql] SELECT article_id,article_title,click_num,FROM_UNIXTIME(add_time,'%Y-%m-%d') as add_time FROM `carver_article` ORDER BY `click_num` DESC LIMIT 3 [ RunTime:0.000407s ]
[2021-06-09T17:42:33+08:00][sql] SHOW FULL COLUMNS FROM `carver_comment` [ RunTime:0.000646s ]
[2021-06-09T17:42:33+08:00][sql] SELECT `a`.*,`b`.`user_name` FROM `carver_comment` `a` INNER JOIN `carver_user` `b` ON `a`.`user_id`=`b`.`user_id` WHERE  `article_id` = 17'A=0 ORDER BY `create_time` DESC [ RunTime:0.000374s ]
[2021-06-09T17:42:33+08:00][sql] SHOW FULL COLUMNS FROM `carver_comment_to_others` [ RunTime:0.000546s ]
[2021-06-09T17:42:33+08:00][sql] SELECT * FROM `carver_comment_to_others` [ RunTime:0.000251s ]
[2021-06-09T17:42:33+08:00][sql] SHOW FULL COLUMNS FROM `carver_user` [ RunTime:0.000471s ]
[2021-06-09T17:42:33+08:00][sql] SELECT `user_name` FROM `carver_user` WHERE  `user_id` = 4 LIMIT 1 [ RunTime:0.000234s ]
[2021-06-09T17:42:33+08:00][sql] SELECT `user_name` FROM `carver_user` WHERE  `user_id` = 4 LIMIT 1 [ RunTime:0.000261s ]
[2021-06-09T17:42:33+08:00][sql] SELECT `user_name` FROM `carver_user` WHERE  `user_id` = 5 LIMIT 1 [ RunTime:0.000234s ]
[2021-06-09T17:42:33+08:00][sql] SELECT `user_name` FROM `carver_user` WHERE  `user_id` = 5 LIMIT 1 [ RunTime:0.000203s ]
[2021-06-09T17:42:33+08:00][sql] SELECT `user_name` FROM `carver_user` WHERE  `user_id` = 37 LIMIT 1 [ RunTime:0.000245s ]
[2021-06-09T17:42:33+08:00][sql] SELECT `user_name`,`user_id` FROM `carver_user` [ RunTime:0.000280s ]
[2021-06-09T17:42:33+08:00][sql] SHOW FULL COLUMNS FROM `carver_navigation` [ RunTime:0.000615s ]
[2021-06-09T17:42:33+08:00][sql] SELECT * FROM `carver_navigation` [ RunTime:0.000252s ]
[2021-06-09T17:42:33+08:00][sql] SELECT `article_label` FROM `carver_article` [ RunTime:0.000330s ]
[2021-06-09T17:49:38+08:00][sql] CONNECT:[ UseTime:0.000565s ] mysql:host=127.0.0.1;port=3306;dbname=carver;charset=utf8
[2021-06-09T17:49:38+08:00][sql] SHOW FULL COLUMNS FROM `carver_article` [ RunTime:0.000875s ]
[2021-06-09T17:49:38+08:00][sql] SELECT COUNT(*) AS think_count FROM `carver_article` WHERE  `article_label` LIKE '%网络安全%'  AND `delete_time` = 0  AND `is_show` = 1 [ RunTime:0.000432s ]
[2021-06-09T17:49:38+08:00][sql] SELECT * FROM `carver_article` WHERE  `article_label` LIKE '%网络安全%'  AND `delete_time` = 0  AND `is_show` = 1 LIMIT 0,6 [ RunTime:0.001059s ]
[2021-06-09T17:49:38+08:00][sql] SELECT article_id,article_title,click_num,FROM_UNIXTIME(add_time,'%Y-%m-%d') as add_time FROM `carver_article` WHERE  `is_show` = 1  AND `delete_time` = 0 ORDER BY `click_num` DESC LIMIT 3 [ RunTime:0.000431s ]
[2021-06-09T17:49:38+08:00][sql] SHOW FULL COLUMNS FROM `carver_notice` [ RunTime:0.000537s ]
[2021-06-09T17:49:38+08:00][sql] SELECT * FROM `carver_notice` ORDER BY `create_time` DESC LIMIT 3 [ RunTime:0.000268s ]
[2021-06-09T17:49:38+08:00][sql] SHOW FULL COLUMNS FROM `carver_navigation` [ RunTime:0.000505s ]
[2021-06-09T17:49:38+08:00][sql] SELECT * FROM `carver_navigation` [ RunTime:0.000228s ]
[2021-06-09T17:49:38+08:00][sql] SHOW FULL COLUMNS FROM `carver_link` [ RunTime:0.000480s ]
[2021-06-09T17:49:38+08:00][sql] SELECT * FROM `carver_link` WHERE  ( is_confirm=2 ) LIMIT 20 [ RunTime:0.000278s ]
[2021-06-09T17:49:38+08:00][sql] SELECT `article_label` FROM `carver_article` [ RunTime:0.000245s ]
[2021-06-09T17:49:38+08:00][sql] SHOW FULL COLUMNS FROM `carver_carouse` [ RunTime:0.000523s ]
[2021-06-09T17:49:38+08:00][sql] SELECT `carouse_img`,`carouse_desc` FROM `carver_carouse` WHERE  `is_show` = 1 ORDER BY `carouse_sort` DESC LIMIT 3 [ RunTime:0.000287s ]
[2021-06-09T17:49:38+08:00][sql] SHOW FULL COLUMNS FROM `carver_site` [ RunTime:0.000489s ]
[2021-06-09T17:49:38+08:00][sql] SELECT * FROM `carver_site` [ RunTime:0.000266s ]
[2021-06-09T18:41:56+08:00][sql] CONNECT:[ UseTime:0.000509s ] mysql:host=127.0.0.1;port=3306;dbname=carver;charset=utf8
[2021-06-09T18:41:56+08:00][sql] SHOW FULL COLUMNS FROM `carver_user` [ RunTime:0.000785s ]
[2021-06-09T18:41:56+08:00][sql] SHOW FULL COLUMNS FROM `carver_article` [ RunTime:0.000666s ]
[2021-06-09T18:41:56+08:00][sql] SELECT COUNT(*) AS think_count FROM `carver_article` WHERE  `delete_time` = 0  AND `is_show` = 1 [ RunTime:0.000394s ]
[2021-06-09T18:41:56+08:00][sql] SELECT `article_id`,`article_title`,`article_desc`,`article_content`,`article_img`,`article_guide`,`article_label`,`click_num`,`is_show`,`add_time`,`article_author`,`is_top_show` FROM `carver_article` WHERE  `delete_time` = 0  AND `is_show` = 1 ORDER BY `article_id` DESC LIMIT 0,6 [ RunTime:0.000755s ]
[2021-06-09T18:41:56+08:00][sql] SELECT article_id,article_title,click_num,FROM_UNIXTIME(add_time,'%Y-%m-%d') as add_time FROM `carver_article` WHERE  `is_show` = 1  AND `delete_time` = 0 ORDER BY `click_num` DESC LIMIT 3 [ RunTime:0.000388s ]
[2021-06-09T18:41:56+08:00][sql] SHOW FULL COLUMNS FROM `carver_notice` [ RunTime:0.000491s ]
[2021-06-09T18:41:56+08:00][sql] SELECT * FROM `carver_notice` ORDER BY `create_time` DESC LIMIT 3 [ RunTime:0.000282s ]
[2021-06-09T18:41:56+08:00][sql] SHOW FULL COLUMNS FROM `carver_navigation` [ RunTime:0.000578s ]
[2021-06-09T18:41:56+08:00][sql] SELECT * FROM `carver_navigation` [ RunTime:0.000245s ]
[2021-06-09T18:41:56+08:00][sql] SHOW FULL COLUMNS FROM `carver_link` [ RunTime:0.000524s ]
[2021-06-09T18:41:56+08:00][sql] SELECT * FROM `carver_link` WHERE  ( is_confirm=2 ) LIMIT 20 [ RunTime:0.000307s ]
[2021-06-09T18:41:56+08:00][sql] SELECT `article_label` FROM `carver_article` [ RunTime:0.000503s ]
[2021-06-09T18:41:56+08:00][sql] SHOW FULL COLUMNS FROM `carver_carouse` [ RunTime:0.000532s ]
[2021-06-09T18:41:56+08:00][sql] SELECT `carouse_img`,`carouse_desc` FROM `carver_carouse` WHERE  `is_show` = 1 ORDER BY `carouse_sort` DESC LIMIT 3 [ RunTime:0.000286s ]
[2021-06-09T18:41:56+08:00][sql] SHOW FULL COLUMNS FROM `carver_site` [ RunTime:0.000476s ]
[2021-06-09T18:41:56+08:00][sql] SELECT * FROM `carver_site` [ RunTime:0.000222s ]
[2021-06-09T19:26:38+08:00][sql] CONNECT:[ UseTime:0.001185s ] mysql:host=127.0.0.1;port=3306;dbname=carver;charset=utf8
[2021-06-09T19:26:38+08:00][sql] SHOW FULL COLUMNS FROM `carver_article` [ RunTime:0.001379s ]
[2021-06-09T19:26:38+08:00][sql] SELECT `article_id`,`article_title`,`article_desc`,`article_content`,`article_img`,`article_guide`,`article_label`,`click_num`,`is_show`,`add_time`,`article_author` FROM `carver_article` WHERE  `article_id` = 28 LIMIT 1 [ RunTime:0.001093s ]
[2021-06-09T19:26:38+08:00][sql] SELECT `article_id`,`article_title`,`article_desc`,`article_content`,`article_img`,`article_guide`,`article_label`,`click_num`,`is_show`,`add_time`,`article_author` FROM `carver_article` WHERE  `article_id` > 28 LIMIT 1 [ RunTime:0.000495s ]
[2021-06-09T19:26:38+08:00][sql] SELECT `article_id`,`article_title`,`article_desc`,`article_content`,`article_img`,`article_guide`,`article_label`,`click_num`,`is_show`,`add_time`,`article_author` FROM `carver_article` WHERE  `article_id` < 28 ORDER BY `article_id` DESC LIMIT 1 [ RunTime:0.000734s ]
[2021-06-09T19:26:38+08:00][sql] SHOW FULL COLUMNS FROM `carver_link` [ RunTime:0.000596s ]
[2021-06-09T19:26:38+08:00][sql] SELECT * FROM `carver_link` WHERE  ( is_confirm=2 ) LIMIT 20 [ RunTime:0.000437s ]
[2021-06-09T19:26:38+08:00][sql] SELECT article_id,article_title,click_num,FROM_UNIXTIME(add_time,'%Y-%m-%d') as add_time FROM `carver_article` ORDER BY `click_num` DESC LIMIT 3 [ RunTime:0.000491s ]
[2021-06-09T19:26:38+08:00][sql] SHOW FULL COLUMNS FROM `carver_comment` [ RunTime:0.001370s ]
[2021-06-09T19:26:38+08:00][sql] SELECT `a`.*,`b`.`user_name` FROM `carver_comment` `a` INNER JOIN `carver_user` `b` ON `a`.`user_id`=`b`.`user_id` WHERE  `article_id` = 28 ORDER BY `create_time` DESC [ RunTime:0.000721s ]
[2021-06-09T19:26:38+08:00][sql] SHOW FULL COLUMNS FROM `carver_comment_to_others` [ RunTime:0.000910s ]
[2021-06-09T19:26:38+08:00][sql] SELECT * FROM `carver_comment_to_others` [ RunTime:0.000351s ]
[2021-06-09T19:26:38+08:00][sql] SHOW FULL COLUMNS FROM `carver_user` [ RunTime:0.000739s ]
[2021-06-09T19:26:38+08:00][sql] SELECT `user_name` FROM `carver_user` WHERE  `user_id` = 4 LIMIT 1 [ RunTime:0.000437s ]
[2021-06-09T19:26:38+08:00][sql] SELECT `user_name` FROM `carver_user` WHERE  `user_id` = 4 LIMIT 1 [ RunTime:0.000438s ]
[2021-06-09T19:26:38+08:00][sql] SELECT `user_name` FROM `carver_user` WHERE  `user_id` = 5 LIMIT 1 [ RunTime:0.000362s ]
[2021-06-09T19:26:38+08:00][sql] SELECT `user_name` FROM `carver_user` WHERE  `user_id` = 5 LIMIT 1 [ RunTime:0.000351s ]
[2021-06-09T19:26:38+08:00][sql] SELECT `user_name` FROM `carver_user` WHERE  `user_id` = 37 LIMIT 1 [ RunTime:0.000408s ]
[2021-06-09T19:26:38+08:00][sql] SELECT `user_name`,`user_id` FROM `carver_user` [ RunTime:0.000585s ]
[2021-06-09T19:26:38+08:00][sql] SHOW FULL COLUMNS FROM `carver_navigation` [ RunTime:0.000783s ]
[2021-06-09T19:26:38+08:00][sql] SELECT * FROM `carver_navigation` [ RunTime:0.000286s ]
[2021-06-09T19:26:38+08:00][sql] SELECT `article_label` FROM `carver_article` [ RunTime:0.000315s ]
[2021-06-09T19:40:14+08:00][sql] CONNECT:[ UseTime:0.000546s ] mysql:host=127.0.0.1;port=3306;dbname=carver;charset=utf8
[2021-06-09T19:40:14+08:00][sql] SHOW FULL COLUMNS FROM `carver_user` [ RunTime:0.000922s ]
[2021-06-09T19:40:14+08:00][sql] SHOW FULL COLUMNS FROM `carver_article` [ RunTime:0.000799s ]
[2021-06-09T19:40:14+08:00][sql] SELECT COUNT(*) AS think_count FROM `carver_article` WHERE  `delete_time` = 0  AND `is_show` = 1 [ RunTime:0.000412s ]
[2021-06-09T19:40:14+08:00][sql] SELECT `article_id`,`article_title`,`article_desc`,`article_content`,`article_img`,`article_guide`,`article_label`,`click_num`,`is_show`,`add_time`,`article_author`,`is_top_show` FROM `carver_article` WHERE  `delete_time` = 0  AND `is_show` = 1 ORDER BY `article_id` DESC LIMIT 0,6 [ RunTime:0.000796s ]
[2021-06-09T19:40:14+08:00][sql] SELECT article_id,article_title,click_num,FROM_UNIXTIME(add_time,'%Y-%m-%d') as add_time FROM `carver_article` WHERE  `is_show` = 1  AND `delete_time` = 0 ORDER BY `click_num` DESC LIMIT 3 [ RunTime:0.000672s ]
[2021-06-09T19:40:14+08:00][sql] SHOW FULL COLUMNS FROM `carver_notice` [ RunTime:0.000965s ]
[2021-06-09T19:40:14+08:00][sql] SELECT * FROM `carver_notice` ORDER BY `create_time` DESC LIMIT 3 [ RunTime:0.000349s ]
[2021-06-09T19:40:14+08:00][sql] SHOW FULL COLUMNS FROM `carver_navigation` [ RunTime:0.000562s ]
[2021-06-09T19:40:14+08:00][sql] SELECT * FROM `carver_navigation` [ RunTime:0.000273s ]
[2021-06-09T19:40:14+08:00][sql] SHOW FULL COLUMNS FROM `carver_link` [ RunTime:0.000581s ]
[2021-06-09T19:40:14+08:00][sql] SELECT * FROM `carver_link` WHERE  ( is_confirm=2 ) LIMIT 20 [ RunTime:0.000351s ]
[2021-06-09T19:40:14+08:00][sql] SELECT `article_label` FROM `carver_article` [ RunTime:0.000294s ]
[2021-06-09T19:40:14+08:00][sql] SHOW FULL COLUMNS FROM `carver_carouse` [ RunTime:0.000527s ]
[2021-06-09T19:40:14+08:00][sql] SELECT `carouse_img`,`carouse_desc` FROM `carver_carouse` WHERE  `is_show` = 1 ORDER BY `carouse_sort` DESC LIMIT 3 [ RunTime:0.000351s ]
[2021-06-09T19:40:14+08:00][sql] SHOW FULL COLUMNS FROM `carver_site` [ RunTime:0.000501s ]
[2021-06-09T19:40:14+08:00][sql] SELECT * FROM `carver_site` [ RunTime:0.000297s ]
[2021-06-09T21:32:30+08:00][sql] CONNECT:[ UseTime:0.000676s ] mysql:host=127.0.0.1;port=3306;dbname=carver;charset=utf8
[2021-06-09T21:32:30+08:00][sql] SHOW FULL COLUMNS FROM `carver_user` [ RunTime:0.000848s ]
[2021-06-09T21:32:30+08:00][sql] SHOW FULL COLUMNS FROM `carver_article` [ RunTime:0.000838s ]
[2021-06-09T21:32:30+08:00][sql] SELECT COUNT(*) AS think_count FROM `carver_article` WHERE  `delete_time` = 0  AND `is_show` = 1 [ RunTime:0.000454s ]
[2021-06-09T21:32:30+08:00][sql] SELECT `article_id`,`article_title`,`article_desc`,`article_content`,`article_img`,`article_guide`,`article_label`,`click_num`,`is_show`,`add_time`,`article_author`,`is_top_show` FROM `carver_article` WHERE  `delete_time` = 0  AND `is_show` = 1 ORDER BY `article_id` DESC LIMIT 0,6 [ RunTime:0.000825s ]
[2021-06-09T21:32:30+08:00][sql] SELECT article_id,article_title,click_num,FROM_UNIXTIME(add_time,'%Y-%m-%d') as add_time FROM `carver_article` WHERE  `is_show` = 1  AND `delete_time` = 0 ORDER BY `click_num` DESC LIMIT 3 [ RunTime:0.000546s ]
[2021-06-09T21:32:30+08:00][sql] SHOW FULL COLUMNS FROM `carver_notice` [ RunTime:0.000627s ]
[2021-06-09T21:32:30+08:00][sql] SELECT * FROM `carver_notice` ORDER BY `create_time` DESC LIMIT 3 [ RunTime:0.000301s ]
[2021-06-09T21:32:30+08:00][sql] SHOW FULL COLUMNS FROM `carver_navigation` [ RunTime:0.000578s ]
[2021-06-09T21:32:30+08:00][sql] SELECT * FROM `carver_navigation` [ RunTime:0.000262s ]
[2021-06-09T21:32:30+08:00][sql] SHOW FULL COLUMNS FROM `carver_link` [ RunTime:0.000530s ]
[2021-06-09T21:32:30+08:00][sql] SELECT * FROM `carver_link` WHERE  ( is_confirm=2 ) LIMIT 20 [ RunTime:0.000323s ]
[2021-06-09T21:32:30+08:00][sql] SELECT `article_label` FROM `carver_article` [ RunTime:0.000326s ]
[2021-06-09T21:32:30+08:00][sql] SHOW FULL COLUMNS FROM `carver_carouse` [ RunTime:0.000517s ]
[2021-06-09T21:32:30+08:00][sql] SELECT `carouse_img`,`carouse_desc` FROM `carver_carouse` WHERE  `is_show` = 1 ORDER BY `carouse_sort` DESC LIMIT 3 [ RunTime:0.000341s ]
[2021-06-09T21:32:30+08:00][sql] SHOW FULL COLUMNS FROM `carver_site` [ RunTime:0.000533s ]
[2021-06-09T21:32:30+08:00][sql] SELECT * FROM `carver_site` [ RunTime:0.000258s ]
[2021-06-09T21:52:06+08:00][sql] CONNECT:[ UseTime:0.000599s ] mysql:host=127.0.0.1;port=3306;dbname=carver;charset=utf8
[2021-06-09T21:52:06+08:00][sql] SHOW FULL COLUMNS FROM `carver_article` [ RunTime:0.000979s ]
[2021-06-09T21:52:06+08:00][sql] SELECT `article_id`,`article_title`,`article_desc`,`article_content`,`article_img`,`article_guide`,`article_label`,`click_num`,`is_show`,`add_time`,`article_author` FROM `carver_article` WHERE  `article_id` = 17/ LIMIT 1 [ RunTime:0.000643s ]
[2021-06-09T21:52:06+08:00][sql] SELECT `article_id`,`article_title`,`article_desc`,`article_content`,`article_img`,`article_guide`,`article_label`,`click_num`,`is_show`,`add_time`,`article_author` FROM `carver_article` WHERE  `article_id` > 17/ LIMIT 1 [ RunTime:0.000497s ]
[2021-06-09T21:52:06+08:00][sql] SELECT `article_id`,`article_title`,`article_desc`,`article_content`,`article_img`,`article_guide`,`article_label`,`click_num`,`is_show`,`add_time`,`article_author` FROM `carver_article` WHERE  `article_id` < 17/ ORDER BY `article_id` DESC LIMIT 1 [ RunTime:0.000385s ]
[2021-06-09T21:52:06+08:00][sql] SHOW FULL COLUMNS FROM `carver_link` [ RunTime:0.000591s ]
[2021-06-09T21:52:06+08:00][sql] SELECT * FROM `carver_link` WHERE  ( is_confirm=2 ) LIMIT 20 [ RunTime:0.000334s ]
[2021-06-09T21:52:06+08:00][sql] SELECT article_id,article_title,click_num,FROM_UNIXTIME(add_time,'%Y-%m-%d') as add_time FROM `carver_article` ORDER BY `click_num` DESC LIMIT 3 [ RunTime:0.000377s ]
[2021-06-09T21:52:06+08:00][sql] SHOW FULL COLUMNS FROM `carver_comment` [ RunTime:0.000597s ]
[2021-06-09T21:52:06+08:00][sql] SELECT `a`.*,`b`.`user_name` FROM `carver_comment` `a` INNER JOIN `carver_user` `b` ON `a`.`user_id`=`b`.`user_id` WHERE  `article_id` = 17/ ORDER BY `create_time` DESC [ RunTime:0.000423s ]
[2021-06-09T21:52:06+08:00][sql] SHOW FULL COLUMNS FROM `carver_comment_to_others` [ RunTime:0.000557s ]
[2021-06-09T21:52:06+08:00][sql] SELECT * FROM `carver_comment_to_others` [ RunTime:0.000260s ]
[2021-06-09T21:52:06+08:00][sql] SHOW FULL COLUMNS FROM `carver_user` [ RunTime:0.000636s ]
[2021-06-09T21:52:06+08:00][sql] SELECT `user_name` FROM `carver_user` WHERE  `user_id` = 4 LIMIT 1 [ RunTime:0.000252s ]
[2021-06-09T21:52:06+08:00][sql] SELECT `user_name` FROM `carver_user` WHERE  `user_id` = 4 LIMIT 1 [ RunTime:0.000267s ]
[2021-06-09T21:52:06+08:00][sql] SELECT `user_name` FROM `carver_user` WHERE  `user_id` = 5 LIMIT 1 [ RunTime:0.000264s ]
[2021-06-09T21:52:06+08:00][sql] SELECT `user_name` FROM `carver_user` WHERE  `user_id` = 5 LIMIT 1 [ RunTime:0.000265s ]
[2021-06-09T21:52:06+08:00][sql] SELECT `user_name` FROM `carver_user` WHERE  `user_id` = 37 LIMIT 1 [ RunTime:0.000271s ]
[2021-06-09T21:52:06+08:00][sql] SELECT `user_name`,`user_id` FROM `carver_user` [ RunTime:0.000288s ]
[2021-06-09T21:52:06+08:00][sql] SHOW FULL COLUMNS FROM `carver_navigation` [ RunTime:0.000623s ]
[2021-06-09T21:52:06+08:00][sql] SELECT * FROM `carver_navigation` [ RunTime:0.000267s ]
[2021-06-09T21:52:06+08:00][sql] SELECT `article_label` FROM `carver_article` [ RunTime:0.000288s ]
[2021-06-09T21:52:09+08:00][sql] CONNECT:[ UseTime:0.000721s ] mysql:host=127.0.0.1;port=3306;dbname=carver;charset=utf8
[2021-06-09T21:52:09+08:00][sql] SHOW FULL COLUMNS FROM `carver_article` [ RunTime:0.000870s ]
[2021-06-09T21:52:09+08:00][sql] SELECT `article_id`,`article_title`,`article_desc`,`article_content`,`article_img`,`article_guide`,`article_label`,`click_num`,`is_show`,`add_time`,`article_author` FROM `carver_article` WHERE  `article_id` = 18/ LIMIT 1 [ RunTime:0.000581s ]
[2021-06-09T21:52:09+08:00][sql] SELECT `article_id`,`article_title`,`article_desc`,`article_content`,`article_img`,`article_guide`,`article_label`,`click_num`,`is_show`,`add_time`,`article_author` FROM `carver_article` WHERE  `article_id` > 18/ LIMIT 1 [ RunTime:0.003186s ]
[2021-06-09T21:52:09+08:00][sql] SELECT `article_id`,`article_title`,`article_desc`,`article_content`,`article_img`,`article_guide`,`article_label`,`click_num`,`is_show`,`add_time`,`article_author` FROM `carver_article` WHERE  `article_id` < 18/ ORDER BY `article_id` DESC LIMIT 1 [ RunTime:0.000530s ]
[2021-06-09T21:52:09+08:00][sql] SHOW FULL COLUMNS FROM `carver_link` [ RunTime:0.000590s ]
[2021-06-09T21:52:09+08:00][sql] SELECT * FROM `carver_link` WHERE  ( is_confirm=2 ) LIMIT 20 [ RunTime:0.000298s ]
[2021-06-09T21:52:09+08:00][sql] SELECT article_id,article_title,click_num,FROM_UNIXTIME(add_time,'%Y-%m-%d') as add_time FROM `carver_article` ORDER BY `click_num` DESC LIMIT 3 [ RunTime:0.000382s ]
[2021-06-09T21:52:09+08:00][sql] SHOW FULL COLUMNS FROM `carver_comment` [ RunTime:0.000556s ]
[2021-06-09T21:52:09+08:00][sql] SELECT `a`.*,`b`.`user_name` FROM `carver_comment` `a` INNER JOIN `carver_user` `b` ON `a`.`user_id`=`b`.`user_id` WHERE  `article_id` = 18/ ORDER BY `create_time` DESC [ RunTime:0.000349s ]
[2021-06-09T21:52:09+08:00][sql] SHOW FULL COLUMNS FROM `carver_comment_to_others` [ RunTime:0.000506s ]
[2021-06-09T21:52:09+08:00][sql] SELECT * FROM `carver_comment_to_others` [ RunTime:0.000243s ]
[2021-06-09T21:52:09+08:00][sql] SHOW FULL COLUMNS FROM `carver_user` [ RunTime:0.000430s ]
[2021-06-09T21:52:09+08:00][sql] SELECT `user_name` FROM `carver_user` WHERE  `user_id` = 4 LIMIT 1 [ RunTime:0.000255s ]
[2021-06-09T21:52:09+08:00][sql] SELECT `user_name` FROM `carver_user` WHERE  `user_id` = 4 LIMIT 1 [ RunTime:0.000236s ]
[2021-06-09T21:52:09+08:00][sql] SELECT `user_name` FROM `carver_user` WHERE  `user_id` = 5 LIMIT 1 [ RunTime:0.000206s ]
[2021-06-09T21:52:09+08:00][sql] SELECT `user_name` FROM `carver_user` WHERE  `user_id` = 5 LIMIT 1 [ RunTime:0.000231s ]
[2021-06-09T21:52:09+08:00][sql] SELECT `user_name` FROM `carver_user` WHERE  `user_id` = 37 LIMIT 1 [ RunTime:0.000243s ]
[2021-06-09T21:52:09+08:00][sql] SHOW FULL COLUMNS FROM `carver_navigation` [ RunTime:0.000600s ]
[2021-06-09T21:52:09+08:00][sql] SELECT * FROM `carver_navigation` [ RunTime:0.000231s ]
[2021-06-09T21:52:09+08:00][sql] SELECT `article_label` FROM `carver_article` [ RunTime:0.000249s ]
[2021-06-09T21:52:12+08:00][sql] CONNECT:[ UseTime:0.000648s ] mysql:host=127.0.0.1;port=3306;dbname=carver;charset=utf8
[2021-06-09T21:52:12+08:00][sql] SHOW FULL COLUMNS FROM `carver_article` [ RunTime:0.000987s ]
[2021-06-09T21:52:12+08:00][sql] SELECT `article_id`,`article_title`,`article_desc`,`article_content`,`article_img`,`article_guide`,`article_label`,`click_num`,`is_show`,`add_time`,`article_author` FROM `carver_article` WHERE  `article_id` = 24/ LIMIT 1 [ RunTime:0.000577s ]
[2021-06-09T21:52:12+08:00][sql] SELECT `article_id`,`article_title`,`article_desc`,`article_content`,`article_img`,`article_guide`,`article_label`,`click_num`,`is_show`,`add_time`,`article_author` FROM `carver_article` WHERE  `article_id` > 24/ LIMIT 1 [ RunTime:0.000389s ]
[2021-06-09T21:52:12+08:00][sql] SELECT `article_id`,`article_title`,`article_desc`,`article_content`,`article_img`,`article_guide`,`article_label`,`click_num`,`is_show`,`add_time`,`article_author` FROM `carver_article` WHERE  `article_id` < 24/ ORDER BY `article_id` DESC LIMIT 1 [ RunTime:0.000381s ]
[2021-06-09T21:52:12+08:00][sql] SHOW FULL COLUMNS FROM `carver_link` [ RunTime:0.000589s ]
[2021-06-09T21:52:12+08:00][sql] SELECT * FROM `carver_link` WHERE  ( is_confirm=2 ) LIMIT 20 [ RunTime:0.000347s ]
[2021-06-09T21:52:12+08:00][sql] SELECT article_id,article_title,click_num,FROM_UNIXTIME(add_time,'%Y-%m-%d') as add_time FROM `carver_article` ORDER BY `click_num` DESC LIMIT 3 [ RunTime:0.000368s ]
[2021-06-09T21:52:12+08:00][sql] SHOW FULL COLUMNS FROM `carver_comment` [ RunTime:0.000596s ]
[2021-06-09T21:52:12+08:00][sql] SELECT `a`.*,`b`.`user_name` FROM `carver_comment` `a` INNER JOIN `carver_user` `b` ON `a`.`user_id`=`b`.`user_id` WHERE  `article_id` = 24/ ORDER BY `create_time` DESC [ RunTime:0.000356s ]
[2021-06-09T21:52:12+08:00][sql] SHOW FULL COLUMNS FROM `carver_comment_to_others` [ RunTime:0.000561s ]
[2021-06-09T21:52:12+08:00][sql] SELECT * FROM `carver_comment_to_others` [ RunTime:0.000275s ]
[2021-06-09T21:52:12+08:00][sql] SHOW FULL COLUMNS FROM `carver_user` [ RunTime:0.000522s ]
[2021-06-09T21:52:12+08:00][sql] SELECT `user_name` FROM `carver_user` WHERE  `user_id` = 4 LIMIT 1 [ RunTime:0.000238s ]
[2021-06-09T21:52:12+08:00][sql] SELECT `user_name` FROM `carver_user` WHERE  `user_id` = 4 LIMIT 1 [ RunTime:0.000247s ]
[2021-06-09T21:52:12+08:00][sql] SELECT `user_name` FROM `carver_user` WHERE  `user_id` = 5 LIMIT 1 [ RunTime:0.000224s ]
[2021-06-09T21:52:12+08:00][sql] SELECT `user_name` FROM `carver_user` WHERE  `user_id` = 5 LIMIT 1 [ RunTime:0.000224s ]
[2021-06-09T21:52:12+08:00][sql] SELECT `user_name` FROM `carver_user` WHERE  `user_id` = 37 LIMIT 1 [ RunTime:0.000256s ]
[2021-06-09T21:52:12+08:00][sql] SHOW FULL COLUMNS FROM `carver_navigation` [ RunTime:0.000690s ]
[2021-06-09T21:52:12+08:00][sql] SELECT * FROM `carver_navigation` [ RunTime:0.000234s ]
[2021-06-09T21:52:12+08:00][sql] SELECT `article_label` FROM `carver_article` [ RunTime:0.000262s ]
[2021-06-09T21:52:16+08:00][sql] CONNECT:[ UseTime:0.000849s ] mysql:host=127.0.0.1;port=3306;dbname=carver;charset=utf8
[2021-06-09T21:52:16+08:00][sql] SHOW FULL COLUMNS FROM `carver_article` [ RunTime:0.000868s ]
[2021-06-09T21:52:16+08:00][sql] SELECT COUNT(*) AS think_count FROM `carver_article` WHERE  `article_label` LIKE '%git/%'  AND `delete_time` = 0  AND `is_show` = 1 [ RunTime:0.000405s ]
[2021-06-09T21:52:16+08:00][sql] SELECT * FROM `carver_article` WHERE  `article_label` LIKE '%git/%'  AND `delete_time` = 0  AND `is_show` = 1 LIMIT 0,6 [ RunTime:0.000955s ]
[2021-06-09T21:52:16+08:00][sql] SELECT article_id,article_title,click_num,FROM_UNIXTIME(add_time,'%Y-%m-%d') as add_time FROM `carver_article` WHERE  `is_show` = 1  AND `delete_time` = 0 ORDER BY `click_num` DESC LIMIT 3 [ RunTime:0.000502s ]
[2021-06-09T21:52:16+08:00][sql] SHOW FULL COLUMNS FROM `carver_notice` [ RunTime:0.000608s ]
[2021-06-09T21:52:16+08:00][sql] SELECT * FROM `carver_notice` ORDER BY `create_time` DESC LIMIT 3 [ RunTime:0.000354s ]
[2021-06-09T21:52:16+08:00][sql] SHOW FULL COLUMNS FROM `carver_navigation` [ RunTime:0.000653s ]
[2021-06-09T21:52:16+08:00][sql] SELECT * FROM `carver_navigation` [ RunTime:0.000278s ]
[2021-06-09T21:52:16+08:00][sql] SHOW FULL COLUMNS FROM `carver_link` [ RunTime:0.000618s ]
[2021-06-09T21:52:16+08:00][sql] SELECT * FROM `carver_link` WHERE  ( is_confirm=2 ) LIMIT 20 [ RunTime:0.000372s ]
[2021-06-09T21:52:16+08:00][sql] SELECT `article_label` FROM `carver_article` [ RunTime:0.000302s ]
[2021-06-09T21:52:16+08:00][sql] SHOW FULL COLUMNS FROM `carver_carouse` [ RunTime:0.000580s ]
[2021-06-09T21:52:16+08:00][sql] SELECT `carouse_img`,`carouse_desc` FROM `carver_carouse` WHERE  `is_show` = 1 ORDER BY `carouse_sort` DESC LIMIT 3 [ RunTime:0.000323s ]
[2021-06-09T21:52:16+08:00][sql] SHOW FULL COLUMNS FROM `carver_site` [ RunTime:0.000565s ]
[2021-06-09T21:52:16+08:00][sql] SELECT * FROM `carver_site` [ RunTime:0.000319s ]
[2021-06-09T21:52:19+08:00][sql] CONNECT:[ UseTime:0.000550s ] mysql:host=127.0.0.1;port=3306;dbname=carver;charset=utf8
[2021-06-09T21:52:19+08:00][sql] SHOW FULL COLUMNS FROM `carver_article` [ RunTime:0.000947s ]
[2021-06-09T21:52:19+08:00][sql] SELECT COUNT(*) AS think_count FROM `carver_article` WHERE  `article_label` LIKE '%linux/%'  AND `delete_time` = 0  AND `is_show` = 1 [ RunTime:0.000401s ]
[2021-06-09T21:52:19+08:00][sql] SELECT * FROM `carver_article` WHERE  `article_label` LIKE '%linux/%'  AND `delete_time` = 0  AND `is_show` = 1 LIMIT 0,6 [ RunTime:0.001020s ]
[2021-06-09T21:52:19+08:00][sql] SELECT article_id,article_title,click_num,FROM_UNIXTIME(add_time,'%Y-%m-%d') as add_time FROM `carver_article` WHERE  `is_show` = 1  AND `delete_time` = 0 ORDER BY `click_num` DESC LIMIT 3 [ RunTime:0.000476s ]
[2021-06-09T21:52:19+08:00][sql] SHOW FULL COLUMNS FROM `carver_notice` [ RunTime:0.000601s ]
[2021-06-09T21:52:19+08:00][sql] SELECT * FROM `carver_notice` ORDER BY `create_time` DESC LIMIT 3 [ RunTime:0.000312s ]
[2021-06-09T21:52:19+08:00][sql] SHOW FULL COLUMNS FROM `carver_navigation` [ RunTime:0.000605s ]
[2021-06-09T21:52:19+08:00][sql] SELECT * FROM `carver_navigation` [ RunTime:0.000312s ]
[2021-06-09T21:52:19+08:00][sql] SHOW FULL COLUMNS FROM `carver_link` [ RunTime:0.000619s ]
[2021-06-09T21:52:19+08:00][sql] SELECT * FROM `carver_link` WHERE  ( is_confirm=2 ) LIMIT 20 [ RunTime:0.000420s ]
[2021-06-09T21:52:19+08:00][sql] SELECT `article_label` FROM `carver_article` [ RunTime:0.000281s ]
[2021-06-09T21:52:19+08:00][sql] SHOW FULL COLUMNS FROM `carver_carouse` [ RunTime:0.000541s ]
[2021-06-09T21:52:19+08:00][sql] SELECT `carouse_img`,`carouse_desc` FROM `carver_carouse` WHERE  `is_show` = 1 ORDER BY `carouse_sort` DESC LIMIT 3 [ RunTime:0.000355s ]
[2021-06-09T21:52:19+08:00][sql] SHOW FULL COLUMNS FROM `carver_site` [ RunTime:0.000544s ]
[2021-06-09T21:52:19+08:00][sql] SELECT * FROM `carver_site` [ RunTime:0.000342s ]
[2021-06-09T21:52:24+08:00][sql] CONNECT:[ UseTime:0.000710s ] mysql:host=127.0.0.1;port=3306;dbname=carver;charset=utf8
[2021-06-09T21:52:24+08:00][sql] SHOW FULL COLUMNS FROM `carver_article` [ RunTime:0.000918s ]
[2021-06-09T21:52:24+08:00][sql] SELECT COUNT(*) AS think_count FROM `carver_article` WHERE  `article_label` LIKE '%mysql/%'  AND `delete_time` = 0  AND `is_show` = 1 [ RunTime:0.000433s ]
[2021-06-09T21:52:24+08:00][sql] SELECT * FROM `carver_article` WHERE  `article_label` LIKE '%mysql/%'  AND `delete_time` = 0  AND `is_show` = 1 LIMIT 0,6 [ RunTime:0.001045s ]
[2021-06-09T21:52:24+08:00][sql] SELECT article_id,article_title,click_num,FROM_UNIXTIME(add_time,'%Y-%m-%d') as add_time FROM `carver_article` WHERE  `is_show` = 1  AND `delete_time` = 0 ORDER BY `click_num` DESC LIMIT 3 [ RunTime:0.000561s ]
[2021-06-09T21:52:24+08:00][sql] SHOW FULL COLUMNS FROM `carver_notice` [ RunTime:0.000717s ]
[2021-06-09T21:52:24+08:00][sql] SELECT * FROM `carver_notice` ORDER BY `create_time` DESC LIMIT 3 [ RunTime:0.000339s ]
[2021-06-09T21:52:24+08:00][sql] SHOW FULL COLUMNS FROM `carver_navigation` [ RunTime:0.000625s ]
[2021-06-09T21:52:24+08:00][sql] SELECT * FROM `carver_navigation` [ RunTime:0.000301s ]
[2021-06-09T21:52:24+08:00][sql] SHOW FULL COLUMNS FROM `carver_link` [ RunTime:0.000628s ]
[2021-06-09T21:52:24+08:00][sql] SELECT * FROM `carver_link` WHERE  ( is_confirm=2 ) LIMIT 20 [ RunTime:0.000342s ]
[2021-06-09T21:52:24+08:00][sql] SELECT `article_label` FROM `carver_article` [ RunTime:0.000274s ]
[2021-06-09T21:52:24+08:00][sql] SHOW FULL COLUMNS FROM `carver_carouse` [ RunTime:0.000627s ]
[2021-06-09T21:52:24+08:00][sql] SELECT `carouse_img`,`carouse_desc` FROM `carver_carouse` WHERE  `is_show` = 1 ORDER BY `carouse_sort` DESC LIMIT 3 [ RunTime:0.000312s ]
[2021-06-09T21:52:24+08:00][sql] SHOW FULL COLUMNS FROM `carver_site` [ RunTime:0.000606s ]
[2021-06-09T21:52:24+08:00][sql] SELECT * FROM `carver_site` [ RunTime:0.000305s ]
[2021-06-09T21:52:28+08:00][sql] CONNECT:[ UseTime:0.000538s ] mysql:host=127.0.0.1;port=3306;dbname=carver;charset=utf8
[2021-06-09T21:52:28+08:00][sql] SHOW FULL COLUMNS FROM `carver_article` [ RunTime:0.000934s ]
[2021-06-09T21:52:28+08:00][sql] SELECT COUNT(*) AS think_count FROM `carver_article` WHERE  `article_label` LIKE '%nginx/%'  AND `delete_time` = 0  AND `is_show` = 1 [ RunTime:0.000444s ]
[2021-06-09T21:52:28+08:00][sql] SELECT * FROM `carver_article` WHERE  `article_label` LIKE '%nginx/%'  AND `delete_time` = 0  AND `is_show` = 1 LIMIT 0,6 [ RunTime:0.001159s ]
[2021-06-09T21:52:28+08:00][sql] SELECT article_id,article_title,click_num,FROM_UNIXTIME(add_time,'%Y-%m-%d') as add_time FROM `carver_article` WHERE  `is_show` = 1  AND `delete_time` = 0 ORDER BY `click_num` DESC LIMIT 3 [ RunTime:0.000544s ]
[2021-06-09T21:52:28+08:00][sql] SHOW FULL COLUMNS FROM `carver_notice` [ RunTime:0.000687s ]
[2021-06-09T21:52:28+08:00][sql] SELECT * FROM `carver_notice` ORDER BY `create_time` DESC LIMIT 3 [ RunTime:0.000335s ]
[2021-06-09T21:52:28+08:00][sql] SHOW FULL COLUMNS FROM `carver_navigation` [ RunTime:0.000572s ]
[2021-06-09T21:52:28+08:00][sql] SELECT * FROM `carver_navigation` [ RunTime:0.000302s ]
[2021-06-09T21:52:28+08:00][sql] SHOW FULL COLUMNS FROM `carver_link` [ RunTime:0.000590s ]
[2021-06-09T21:52:28+08:00][sql] SELECT * FROM `carver_link` WHERE  ( is_confirm=2 ) LIMIT 20 [ RunTime:0.000367s ]
[2021-06-09T21:52:28+08:00][sql] SELECT `article_label` FROM `carver_article` [ RunTime:0.000272s ]
[2021-06-09T21:52:28+08:00][sql] SHOW FULL COLUMNS FROM `carver_carouse` [ RunTime:0.000549s ]
[2021-06-09T21:52:28+08:00][sql] SELECT `carouse_img`,`carouse_desc` FROM `carver_carouse` WHERE  `is_show` = 1 ORDER BY `carouse_sort` DESC LIMIT 3 [ RunTime:0.000314s ]
[2021-06-09T21:52:28+08:00][sql] SHOW FULL COLUMNS FROM `carver_site` [ RunTime:0.000565s ]
[2021-06-09T21:52:28+08:00][sql] SELECT * FROM `carver_site` [ RunTime:0.000288s ]
[2021-06-09T21:52:32+08:00][sql] CONNECT:[ UseTime:0.000543s ] mysql:host=127.0.0.1;port=3306;dbname=carver;charset=utf8
[2021-06-09T21:52:32+08:00][sql] SHOW FULL COLUMNS FROM `carver_article` [ RunTime:0.000913s ]
[2021-06-09T21:52:32+08:00][sql] SELECT COUNT(*) AS think_count FROM `carver_article` WHERE  `article_label` LIKE '%网络安全/%'  AND `delete_time` = 0  AND `is_show` = 1 [ RunTime:0.000415s ]
[2021-06-09T21:52:32+08:00][sql] SELECT * FROM `carver_article` WHERE  `article_label` LIKE '%网络安全/%'  AND `delete_time` = 0  AND `is_show` = 1 LIMIT 0,6 [ RunTime:0.001011s ]
[2021-06-09T21:52:32+08:00][sql] SELECT article_id,article_title,click_num,FROM_UNIXTIME(add_time,'%Y-%m-%d') as add_time FROM `carver_article` WHERE  `is_show` = 1  AND `delete_time` = 0 ORDER BY `click_num` DESC LIMIT 3 [ RunTime:0.000507s ]
[2021-06-09T21:52:32+08:00][sql] SHOW FULL COLUMNS FROM `carver_notice` [ RunTime:0.000632s ]
[2021-06-09T21:52:32+08:00][sql] SELECT * FROM `carver_notice` ORDER BY `create_time` DESC LIMIT 3 [ RunTime:0.000357s ]
[2021-06-09T21:52:32+08:00][sql] SHOW FULL COLUMNS FROM `carver_navigation` [ RunTime:0.000585s ]
[2021-06-09T21:52:32+08:00][sql] SELECT * FROM `carver_navigation` [ RunTime:0.000294s ]
[2021-06-09T21:52:32+08:00][sql] SHOW FULL COLUMNS FROM `carver_link` [ RunTime:0.000552s ]
[2021-06-09T21:52:32+08:00][sql] SELECT * FROM `carver_link` WHERE  ( is_confirm=2 ) LIMIT 20 [ RunTime:0.000408s ]
[2021-06-09T21:52:32+08:00][sql] SELECT `article_label` FROM `carver_article` [ RunTime:0.000286s ]
[2021-06-09T21:52:32+08:00][sql] SHOW FULL COLUMNS FROM `carver_carouse` [ RunTime:0.000647s ]
[2021-06-09T21:52:32+08:00][sql] SELECT `carouse_img`,`carouse_desc` FROM `carver_carouse` WHERE  `is_show` = 1 ORDER BY `carouse_sort` DESC LIMIT 3 [ RunTime:0.000340s ]
[2021-06-09T21:52:32+08:00][sql] SHOW FULL COLUMNS FROM `carver_site` [ RunTime:0.000546s ]
[2021-06-09T21:52:32+08:00][sql] SELECT * FROM `carver_site` [ RunTime:0.000427s ]
[2021-06-09T21:52:36+08:00][sql] CONNECT:[ UseTime:0.000646s ] mysql:host=127.0.0.1;port=3306;dbname=carver;charset=utf8
[2021-06-09T21:52:36+08:00][sql] SHOW FULL COLUMNS FROM `carver_article` [ RunTime:0.000909s ]
[2021-06-09T21:52:36+08:00][sql] SELECT COUNT(*) AS think_count FROM `carver_article` WHERE  `article_label` LIKE '%设计模式/%'  AND `delete_time` = 0  AND `is_show` = 1 [ RunTime:0.000451s ]
[2021-06-09T21:52:36+08:00][sql] SELECT * FROM `carver_article` WHERE  `article_label` LIKE '%设计模式/%'  AND `delete_time` = 0  AND `is_show` = 1 LIMIT 0,6 [ RunTime:0.000954s ]
[2021-06-09T21:52:36+08:00][sql] SELECT article_id,article_title,click_num,FROM_UNIXTIME(add_time,'%Y-%m-%d') as add_time FROM `carver_article` WHERE  `is_show` = 1  AND `delete_time` = 0 ORDER BY `click_num` DESC LIMIT 3 [ RunTime:0.000467s ]
[2021-06-09T21:52:36+08:00][sql] SHOW FULL COLUMNS FROM `carver_notice` [ RunTime:0.000672s ]
[2021-06-09T21:52:36+08:00][sql] SELECT * FROM `carver_notice` ORDER BY `create_time` DESC LIMIT 3 [ RunTime:0.000322s ]
[2021-06-09T21:52:36+08:00][sql] SHOW FULL COLUMNS FROM `carver_navigation` [ RunTime:0.000605s ]
[2021-06-09T21:52:36+08:00][sql] SELECT * FROM `carver_navigation` [ RunTime:0.000320s ]
[2021-06-09T21:52:36+08:00][sql] SHOW FULL COLUMNS FROM `carver_link` [ RunTime:0.000621s ]
[2021-06-09T21:52:36+08:00][sql] SELECT * FROM `carver_link` WHERE  ( is_confirm=2 ) LIMIT 20 [ RunTime:0.000351s ]
[2021-06-09T21:52:36+08:00][sql] SELECT `article_label` FROM `carver_article` [ RunTime:0.000367s ]
[2021-06-09T21:52:36+08:00][sql] SHOW FULL COLUMNS FROM `carver_carouse` [ RunTime:0.000597s ]
[2021-06-09T21:52:36+08:00][sql] SELECT `carouse_img`,`carouse_desc` FROM `carver_carouse` WHERE  `is_show` = 1 ORDER BY `carouse_sort` DESC LIMIT 3 [ RunTime:0.000321s ]
[2021-06-09T21:52:36+08:00][sql] SHOW FULL COLUMNS FROM `carver_site` [ RunTime:0.000722s ]
[2021-06-09T21:52:36+08:00][sql] SELECT * FROM `carver_site` [ RunTime:0.000327s ]
[2021-06-09T21:52:40+08:00][sql] CONNECT:[ UseTime:0.000745s ] mysql:host=127.0.0.1;port=3306;dbname=carver;charset=utf8
[2021-06-09T21:52:40+08:00][sql] SHOW FULL COLUMNS FROM `carver_article` [ RunTime:0.000957s ]
[2021-06-09T21:52:40+08:00][sql] SELECT COUNT(*) AS think_count FROM `carver_article` WHERE  `article_guide` = 8/  AND `delete_time` = 0  AND `is_show` = 1 [ RunTime:0.000440s ]
[2021-06-09T21:52:40+08:00][sql] SELECT * FROM `carver_article` WHERE  `article_guide` = 8/  AND `delete_time` = 0  AND `is_show` = 1 ORDER BY `add_time` DESC LIMIT 0,6 [ RunTime:0.000618s ]
[2021-06-09T21:52:40+08:00][sql] SELECT article_id,article_title,click_num,FROM_UNIXTIME(add_time,'%Y-%m-%d') as add_time FROM `carver_article` WHERE  `is_show` = 1  AND `delete_time` = 0 ORDER BY `click_num` DESC LIMIT 3 [ RunTime:0.000469s ]
[2021-06-09T21:52:40+08:00][sql] SHOW FULL COLUMNS FROM `carver_notice` [ RunTime:0.000704s ]
[2021-06-09T21:52:40+08:00][sql] SELECT * FROM `carver_notice` ORDER BY `create_time` DESC LIMIT 3 [ RunTime:0.000325s ]
[2021-06-09T21:52:40+08:00][sql] SHOW FULL COLUMNS FROM `carver_navigation` [ RunTime:0.000579s ]
[2021-06-09T21:52:40+08:00][sql] SELECT * FROM `carver_navigation` [ RunTime:0.000249s ]
[2021-06-09T21:52:40+08:00][sql] SELECT `article_label` FROM `carver_article` [ RunTime:0.000260s ]
[2021-06-09T21:52:40+08:00][sql] SHOW FULL COLUMNS FROM `carver_carouse` [ RunTime:0.000485s ]
[2021-06-09T21:52:40+08:00][sql] SELECT `carouse_img`,`carouse_desc` FROM `carver_carouse` WHERE  `is_show` = 1 ORDER BY `carouse_sort` DESC LIMIT 3 [ RunTime:0.000324s ]
[2021-06-09T21:52:40+08:00][sql] SHOW FULL COLUMNS FROM `carver_link` [ RunTime:0.000497s ]
[2021-06-09T21:52:40+08:00][sql] SELECT * FROM `carver_link` WHERE  ( is_confirm=2 ) LIMIT 20 [ RunTime:0.000281s ]
[2021-06-09T21:52:40+08:00][sql] SHOW FULL COLUMNS FROM `carver_site` [ RunTime:0.000500s ]
[2021-06-09T21:52:40+08:00][sql] SELECT * FROM `carver_site` [ RunTime:0.000240s ]
[2021-06-09T22:01:19+08:00][sql] CONNECT:[ UseTime:0.000558s ] mysql:host=127.0.0.1;port=3306;dbname=carver;charset=utf8
[2021-06-09T22:01:19+08:00][sql] SHOW FULL COLUMNS FROM `carver_article` [ RunTime:0.000869s ]
[2021-06-09T22:01:19+08:00][sql] SELECT `article_id`,`article_title`,`article_desc`,`article_content`,`article_img`,`article_guide`,`article_label`,`click_num`,`is_show`,`add_time`,`article_author` FROM `carver_article` WHERE  `article_id` = 10 LIMIT 1 [ RunTime:0.000524s ]
[2021-06-09T22:01:19+08:00][sql] SELECT `article_id`,`article_title`,`article_desc`,`article_content`,`article_img`,`article_guide`,`article_label`,`click_num`,`is_show`,`add_time`,`article_author` FROM `carver_article` WHERE  `article_id` > 10 LIMIT 1 [ RunTime:0.000354s ]
[2021-06-09T22:01:19+08:00][sql] SELECT `article_id`,`article_title`,`article_desc`,`article_content`,`article_img`,`article_guide`,`article_label`,`click_num`,`is_show`,`add_time`,`article_author` FROM `carver_article` WHERE  `article_id` < 10 ORDER BY `article_id` DESC LIMIT 1 [ RunTime:0.000465s ]
[2021-06-09T22:01:19+08:00][sql] SHOW FULL COLUMNS FROM `carver_link` [ RunTime:0.000515s ]
[2021-06-09T22:01:19+08:00][sql] SELECT * FROM `carver_link` WHERE  ( is_confirm=2 ) LIMIT 20 [ RunTime:0.000307s ]
[2021-06-09T22:01:19+08:00][sql] SELECT article_id,article_title,click_num,FROM_UNIXTIME(add_time,'%Y-%m-%d') as add_time FROM `carver_article` ORDER BY `click_num` DESC LIMIT 3 [ RunTime:0.000331s ]
[2021-06-09T22:01:19+08:00][sql] SHOW FULL COLUMNS FROM `carver_comment` [ RunTime:0.000948s ]
[2021-06-09T22:01:19+08:00][sql] SELECT `a`.*,`b`.`user_name` FROM `carver_comment` `a` INNER JOIN `carver_user` `b` ON `a`.`user_id`=`b`.`user_id` WHERE  `article_id` = 10 ORDER BY `create_time` DESC [ RunTime:0.000349s ]
[2021-06-09T22:01:19+08:00][sql] SHOW FULL COLUMNS FROM `carver_comment_to_others` [ RunTime:0.000532s ]
[2021-06-09T22:01:19+08:00][sql] SELECT * FROM `carver_comment_to_others` [ RunTime:0.000227s ]
[2021-06-09T22:01:19+08:00][sql] SHOW FULL COLUMNS FROM `carver_user` [ RunTime:0.000550s ]
[2021-06-09T22:01:19+08:00][sql] SELECT `user_name` FROM `carver_user` WHERE  `user_id` = 4 LIMIT 1 [ RunTime:0.000229s ]
[2021-06-09T22:01:19+08:00][sql] SELECT `user_name` FROM `carver_user` WHERE  `user_id` = 4 LIMIT 1 [ RunTime:0.000212s ]
[2021-06-09T22:01:19+08:00][sql] SELECT `user_name` FROM `carver_user` WHERE  `user_id` = 5 LIMIT 1 [ RunTime:0.000204s ]
[2021-06-09T22:01:19+08:00][sql] SELECT `user_name` FROM `carver_user` WHERE  `user_id` = 5 LIMIT 1 [ RunTime:0.000217s ]
[2021-06-09T22:01:19+08:00][sql] SELECT `user_name` FROM `carver_user` WHERE  `user_id` = 37 LIMIT 1 [ RunTime:0.000217s ]
[2021-06-09T22:01:19+08:00][sql] SELECT `user_name`,`user_id` FROM `carver_user` [ RunTime:0.000220s ]
[2021-06-09T22:01:19+08:00][sql] SHOW FULL COLUMNS FROM `carver_navigation` [ RunTime:0.000474s ]
[2021-06-09T22:01:19+08:00][sql] SELECT * FROM `carver_navigation` [ RunTime:0.000241s ]
[2021-06-09T22:01:19+08:00][sql] SELECT `article_label` FROM `carver_article` [ RunTime:0.000239s ]
[2021-06-09T22:59:37+08:00][sql] CONNECT:[ UseTime:0.000643s ] mysql:host=127.0.0.1;port=3306;dbname=carver;charset=utf8
[2021-06-09T22:59:37+08:00][sql] SHOW FULL COLUMNS FROM `carver_user` [ RunTime:0.000906s ]
[2021-06-09T22:59:37+08:00][sql] SHOW FULL COLUMNS FROM `carver_article` [ RunTime:0.000711s ]
[2021-06-09T22:59:37+08:00][sql] SELECT COUNT(*) AS think_count FROM `carver_article` WHERE  `delete_time` = 0  AND `is_show` = 1 [ RunTime:0.000405s ]
[2021-06-09T22:59:37+08:00][sql] SELECT `article_id`,`article_title`,`article_desc`,`article_content`,`article_img`,`article_guide`,`article_label`,`click_num`,`is_show`,`add_time`,`article_author`,`is_top_show` FROM `carver_article` WHERE  `delete_time` = 0  AND `is_show` = 1 ORDER BY `article_id` DESC LIMIT 12,6 [ RunTime:0.001579s ]
[2021-06-09T22:59:37+08:00][sql] SELECT article_id,article_title,click_num,FROM_UNIXTIME(add_time,'%Y-%m-%d') as add_time FROM `carver_article` WHERE  `is_show` = 1  AND `delete_time` = 0 ORDER BY `click_num` DESC LIMIT 3 [ RunTime:0.000515s ]
[2021-06-09T22:59:37+08:00][sql] SHOW FULL COLUMNS FROM `carver_notice` [ RunTime:0.000645s ]
[2021-06-09T22:59:37+08:00][sql] SELECT * FROM `carver_notice` ORDER BY `create_time` DESC LIMIT 3 [ RunTime:0.000321s ]
[2021-06-09T22:59:37+08:00][sql] SHOW FULL COLUMNS FROM `carver_navigation` [ RunTime:0.000586s ]
[2021-06-09T22:59:37+08:00][sql] SELECT * FROM `carver_navigation` [ RunTime:0.000273s ]
[2021-06-09T22:59:37+08:00][sql] SHOW FULL COLUMNS FROM `carver_link` [ RunTime:0.000515s ]
[2021-06-09T22:59:37+08:00][sql] SELECT * FROM `carver_link` WHERE  ( is_confirm=2 ) LIMIT 20 [ RunTime:0.000313s ]
[2021-06-09T22:59:37+08:00][sql] SELECT `article_label` FROM `carver_article` [ RunTime:0.000296s ]
[2021-06-09T22:59:37+08:00][sql] SHOW FULL COLUMNS FROM `carver_carouse` [ RunTime:0.000563s ]
[2021-06-09T22:59:37+08:00][sql] SELECT `carouse_img`,`carouse_desc` FROM `carver_carouse` WHERE  `is_show` = 1 ORDER BY `carouse_sort` DESC LIMIT 3 [ RunTime:0.000301s ]
[2021-06-09T22:59:37+08:00][sql] SHOW FULL COLUMNS FROM `carver_site` [ RunTime:0.000558s ]
[2021-06-09T22:59:37+08:00][sql] SELECT * FROM `carver_site` [ RunTime:0.000273s ]
[2021-06-09T23:24:37+08:00][sql] CONNECT:[ UseTime:0.000501s ] mysql:host=127.0.0.1;port=3306;dbname=carver;charset=utf8
[2021-06-09T23:24:37+08:00][sql] SHOW FULL COLUMNS FROM `carver_article` [ RunTime:0.000860s ]
[2021-06-09T23:24:37+08:00][sql] SELECT COUNT(*) AS think_count FROM `carver_article` WHERE  `article_label` LIKE '%javascript%'  AND `delete_time` = 0  AND `is_show` = 1 [ RunTime:0.000421s ]
[2021-06-09T23:24:37+08:00][sql] SELECT * FROM `carver_article` WHERE  `article_label` LIKE '%javascript%'  AND `delete_time` = 0  AND `is_show` = 1 LIMIT 0,6 [ RunTime:0.000722s ]
[2021-06-09T23:24:37+08:00][sql] SELECT article_id,article_title,click_num,FROM_UNIXTIME(add_time,'%Y-%m-%d') as add_time FROM `carver_article` WHERE  `is_show` = 1  AND `delete_time` = 0 ORDER BY `click_num` DESC LIMIT 3 [ RunTime:0.000425s ]
[2021-06-09T23:24:37+08:00][sql] SHOW FULL COLUMNS FROM `carver_notice` [ RunTime:0.000530s ]
[2021-06-09T23:24:37+08:00][sql] SELECT * FROM `carver_notice` ORDER BY `create_time` DESC LIMIT 3 [ RunTime:0.000258s ]
[2021-06-09T23:24:37+08:00][sql] SHOW FULL COLUMNS FROM `carver_navigation` [ RunTime:0.001995s ]
[2021-06-09T23:24:37+08:00][sql] SELECT * FROM `carver_navigation` [ RunTime:0.000230s ]
[2021-06-09T23:24:37+08:00][sql] SHOW FULL COLUMNS FROM `carver_link` [ RunTime:0.000528s ]
[2021-06-09T23:24:37+08:00][sql] SELECT * FROM `carver_link` WHERE  ( is_confirm=2 ) LIMIT 20 [ RunTime:0.000284s ]
[2021-06-09T23:24:37+08:00][sql] SELECT `article_label` FROM `carver_article` [ RunTime:0.000232s ]
[2021-06-09T23:24:37+08:00][sql] SHOW FULL COLUMNS FROM `carver_carouse` [ RunTime:0.000455s ]
[2021-06-09T23:24:37+08:00][sql] SELECT `carouse_img`,`carouse_desc` FROM `carver_carouse` WHERE  `is_show` = 1 ORDER BY `carouse_sort` DESC LIMIT 3 [ RunTime:0.000258s ]
[2021-06-09T23:24:37+08:00][sql] SHOW FULL COLUMNS FROM `carver_site` [ RunTime:0.000483s ]
[2021-06-09T23:24:37+08:00][sql] SELECT * FROM `carver_site` [ RunTime:0.000217s ]
