[2021-06-12T00:09:48+08:00][sql] CONNECT:[ UseTime:0.000536s ] mysql:host=127.0.0.1;port=3306;dbname=carver;charset=utf8
[2021-06-12T00:09:48+08:00][sql] SHOW FULL COLUMNS FROM `carver_article` [ RunTime:0.000969s ]
[2021-06-12T00:09:48+08:00][sql] SELECT `article_id`,`article_title`,`article_desc`,`article_content`,`article_img`,`article_guide`,`article_label`,`click_num`,`is_show`,`add_time`,`article_author` FROM `carver_article` WHERE  `article_id` = 25 LIMIT 1 [ RunTime:0.000476s ]
[2021-06-12T00:09:48+08:00][sql] SELECT `article_id`,`article_title`,`article_desc`,`article_content`,`article_img`,`article_guide`,`article_label`,`click_num`,`is_show`,`add_time`,`article_author` FROM `carver_article` WHERE  `article_id` > 25 LIMIT 1 [ RunTime:0.000504s ]
[2021-06-12T00:09:48+08:00][sql] SELECT `article_id`,`article_title`,`article_desc`,`article_content`,`article_img`,`article_guide`,`article_label`,`click_num`,`is_show`,`add_time`,`article_author` FROM `carver_article` WHERE  `article_id` < 25 ORDER BY `article_id` DESC LIMIT 1 [ RunTime:0.000454s ]
[2021-06-12T00:09:48+08:00][sql] SHOW FULL COLUMNS FROM `carver_link` [ RunTime:0.000574s ]
[2021-06-12T00:09:48+08:00][sql] SELECT * FROM `carver_link` WHERE  ( is_confirm=2 ) LIMIT 20 [ RunTime:0.000322s ]
[2021-06-12T00:09:48+08:00][sql] SELECT article_id,article_title,click_num,FROM_UNIXTIME(add_time,'%Y-%m-%d') as add_time FROM `carver_article` ORDER BY `click_num` DESC LIMIT 3 [ RunTime:0.000396s ]
[2021-06-12T00:09:48+08:00][sql] SHOW FULL COLUMNS FROM `carver_comment` [ RunTime:0.000616s ]
[2021-06-12T00:09:48+08:00][sql] SELECT `a`.*,`b`.`user_name` FROM `carver_comment` `a` INNER JOIN `carver_user` `b` ON `a`.`user_id`=`b`.`user_id` WHERE  `article_id` = 25 ORDER BY `create_time` DESC [ RunTime:0.000401s ]
[2021-06-12T00:09:48+08:00][sql] SHOW FULL COLUMNS FROM `carver_comment_to_others` [ RunTime:0.000550s ]
[2021-06-12T00:09:48+08:00][sql] SELECT * FROM `carver_comment_to_others` [ RunTime:0.000249s ]
[2021-06-12T00:09:48+08:00][sql] SHOW FULL COLUMNS FROM `carver_user` [ RunTime:0.000456s ]
[2021-06-12T00:09:48+08:00][sql] SELECT `user_name` FROM `carver_user` WHERE  `user_id` = 4 LIMIT 1 [ RunTime:0.000276s ]
[2021-06-12T00:09:48+08:00][sql] SELECT `user_name` FROM `carver_user` WHERE  `user_id` = 4 LIMIT 1 [ RunTime:0.000213s ]
[2021-06-12T00:09:48+08:00][sql] SELECT `user_name` FROM `carver_user` WHERE  `user_id` = 5 LIMIT 1 [ RunTime:0.000224s ]
[2021-06-12T00:09:48+08:00][sql] SELECT `user_name` FROM `carver_user` WHERE  `user_id` = 5 LIMIT 1 [ RunTime:0.000269s ]
[2021-06-12T00:09:48+08:00][sql] SELECT `user_name` FROM `carver_user` WHERE  `user_id` = 37 LIMIT 1 [ RunTime:0.000217s ]
[2021-06-12T00:09:48+08:00][sql] SELECT `user_name`,`user_id` FROM `carver_user` [ RunTime:0.000240s ]
[2021-06-12T00:09:48+08:00][sql] SHOW FULL COLUMNS FROM `carver_navigation` [ RunTime:0.000589s ]
[2021-06-12T00:09:48+08:00][sql] SELECT * FROM `carver_navigation` [ RunTime:0.000273s ]
[2021-06-12T00:09:48+08:00][sql] SELECT `article_label` FROM `carver_article` [ RunTime:0.000309s ]
[2021-06-12T00:36:33+08:00][sql] CONNECT:[ UseTime:0.000539s ] mysql:host=127.0.0.1;port=3306;dbname=carver;charset=utf8
[2021-06-12T00:36:33+08:00][sql] SHOW FULL COLUMNS FROM `carver_article` [ RunTime:0.001170s ]
[2021-06-12T00:36:33+08:00][sql] SELECT `article_id`,`article_title`,`article_desc`,`article_content`,`article_img`,`article_guide`,`article_label`,`click_num`,`is_show`,`add_time`,`article_author` FROM `carver_article` WHERE  `article_id` = 18' LIMIT 1 [ RunTime:0.000677s ]
[2021-06-12T00:36:33+08:00][sql] SELECT `article_id`,`article_title`,`article_desc`,`article_content`,`article_img`,`article_guide`,`article_label`,`click_num`,`is_show`,`add_time`,`article_author` FROM `carver_article` WHERE  `article_id` > 18' LIMIT 1 [ RunTime:0.002247s ]
[2021-06-12T00:36:33+08:00][sql] SELECT `article_id`,`article_title`,`article_desc`,`article_content`,`article_img`,`article_guide`,`article_label`,`click_num`,`is_show`,`add_time`,`article_author` FROM `carver_article` WHERE  `article_id` < 18' ORDER BY `article_id` DESC LIMIT 1 [ RunTime:0.000618s ]
[2021-06-12T00:36:33+08:00][sql] SHOW FULL COLUMNS FROM `carver_link` [ RunTime:0.000624s ]
[2021-06-12T00:36:33+08:00][sql] SELECT * FROM `carver_link` WHERE  ( is_confirm=2 ) LIMIT 20 [ RunTime:0.000339s ]
[2021-06-12T00:36:33+08:00][sql] SELECT article_id,article_title,click_num,FROM_UNIXTIME(add_time,'%Y-%m-%d') as add_time FROM `carver_article` ORDER BY `click_num` DESC LIMIT 3 [ RunTime:0.000464s ]
[2021-06-12T00:36:33+08:00][sql] SHOW FULL COLUMNS FROM `carver_comment` [ RunTime:0.000640s ]
[2021-06-12T00:36:33+08:00][sql] SELECT `a`.*,`b`.`user_name` FROM `carver_comment` `a` INNER JOIN `carver_user` `b` ON `a`.`user_id`=`b`.`user_id` WHERE  `article_id` = 18' ORDER BY `create_time` DESC [ RunTime:0.000385s ]
[2021-06-12T00:36:33+08:00][sql] SHOW FULL COLUMNS FROM `carver_comment_to_others` [ RunTime:0.000552s ]
[2021-06-12T00:36:33+08:00][sql] SELECT * FROM `carver_comment_to_others` [ RunTime:0.000254s ]
[2021-06-12T00:36:33+08:00][sql] SHOW FULL COLUMNS FROM `carver_user` [ RunTime:0.000557s ]
[2021-06-12T00:36:33+08:00][sql] SELECT `user_name` FROM `carver_user` WHERE  `user_id` = 4 LIMIT 1 [ RunTime:0.000270s ]
[2021-06-12T00:36:33+08:00][sql] SELECT `user_name` FROM `carver_user` WHERE  `user_id` = 4 LIMIT 1 [ RunTime:0.000246s ]
[2021-06-12T00:36:33+08:00][sql] SELECT `user_name` FROM `carver_user` WHERE  `user_id` = 5 LIMIT 1 [ RunTime:0.000263s ]
[2021-06-12T00:36:33+08:00][sql] SELECT `user_name` FROM `carver_user` WHERE  `user_id` = 5 LIMIT 1 [ RunTime:0.000225s ]
[2021-06-12T00:36:33+08:00][sql] SELECT `user_name` FROM `carver_user` WHERE  `user_id` = 37 LIMIT 1 [ RunTime:0.000263s ]
[2021-06-12T00:36:33+08:00][sql] SELECT `user_name`,`user_id` FROM `carver_user` [ RunTime:0.000403s ]
[2021-06-12T00:36:33+08:00][sql] SHOW FULL COLUMNS FROM `carver_navigation` [ RunTime:0.000549s ]
[2021-06-12T00:36:33+08:00][sql] SELECT * FROM `carver_navigation` [ RunTime:0.000264s ]
[2021-06-12T00:36:33+08:00][sql] SELECT `article_label` FROM `carver_article` [ RunTime:0.000298s ]
[2021-06-12T00:41:57+08:00][sql] CONNECT:[ UseTime:0.000519s ] mysql:host=127.0.0.1;port=3306;dbname=carver;charset=utf8
[2021-06-12T00:41:57+08:00][sql] SHOW FULL COLUMNS FROM `carver_article` [ RunTime:0.000906s ]
[2021-06-12T00:41:57+08:00][sql] SELECT `article_id`,`article_title`,`article_desc`,`article_content`,`article_img`,`article_guide`,`article_label`,`click_num`,`is_show`,`add_time`,`article_author` FROM `carver_article` WHERE  `article_id` = 17' LIMIT 1 [ RunTime:0.000603s ]
[2021-06-12T00:41:57+08:00][sql] SELECT `article_id`,`article_title`,`article_desc`,`article_content`,`article_img`,`article_guide`,`article_label`,`click_num`,`is_show`,`add_time`,`article_author` FROM `carver_article` WHERE  `article_id` > 17' LIMIT 1 [ RunTime:0.000412s ]
[2021-06-12T00:41:57+08:00][sql] SELECT `article_id`,`article_title`,`article_desc`,`article_content`,`article_img`,`article_guide`,`article_label`,`click_num`,`is_show`,`add_time`,`article_author` FROM `carver_article` WHERE  `article_id` < 17' ORDER BY `article_id` DESC LIMIT 1 [ RunTime:0.000407s ]
[2021-06-12T00:41:57+08:00][sql] SHOW FULL COLUMNS FROM `carver_link` [ RunTime:0.000554s ]
[2021-06-12T00:41:57+08:00][sql] SELECT * FROM `carver_link` WHERE  ( is_confirm=2 ) LIMIT 20 [ RunTime:0.000309s ]
[2021-06-12T00:41:57+08:00][sql] SELECT article_id,article_title,click_num,FROM_UNIXTIME(add_time,'%Y-%m-%d') as add_time FROM `carver_article` ORDER BY `click_num` DESC LIMIT 3 [ RunTime:0.000403s ]
[2021-06-12T00:41:57+08:00][sql] SHOW FULL COLUMNS FROM `carver_comment` [ RunTime:0.000591s ]
[2021-06-12T00:41:57+08:00][sql] SELECT `a`.*,`b`.`user_name` FROM `carver_comment` `a` INNER JOIN `carver_user` `b` ON `a`.`user_id`=`b`.`user_id` WHERE  `article_id` = 17' ORDER BY `create_time` DESC [ RunTime:0.000348s ]
[2021-06-12T00:41:57+08:00][sql] SHOW FULL COLUMNS FROM `carver_comment_to_others` [ RunTime:0.000565s ]
[2021-06-12T00:41:57+08:00][sql] SELECT * FROM `carver_comment_to_others` [ RunTime:0.000235s ]
[2021-06-12T00:41:57+08:00][sql] SHOW FULL COLUMNS FROM `carver_user` [ RunTime:0.000491s ]
[2021-06-12T00:41:57+08:00][sql] SELECT `user_name` FROM `carver_user` WHERE  `user_id` = 4 LIMIT 1 [ RunTime:0.000232s ]
[2021-06-12T00:41:57+08:00][sql] SELECT `user_name` FROM `carver_user` WHERE  `user_id` = 4 LIMIT 1 [ RunTime:0.000236s ]
[2021-06-12T00:41:57+08:00][sql] SELECT `user_name` FROM `carver_user` WHERE  `user_id` = 5 LIMIT 1 [ RunTime:0.000255s ]
[2021-06-12T00:41:57+08:00][sql] SELECT `user_name` FROM `carver_user` WHERE  `user_id` = 5 LIMIT 1 [ RunTime:0.000242s ]
[2021-06-12T00:41:57+08:00][sql] SELECT `user_name` FROM `carver_user` WHERE  `user_id` = 37 LIMIT 1 [ RunTime:0.000269s ]
[2021-06-12T00:41:57+08:00][sql] SELECT `user_name`,`user_id` FROM `carver_user` [ RunTime:0.000581s ]
[2021-06-12T00:41:57+08:00][sql] SHOW FULL COLUMNS FROM `carver_navigation` [ RunTime:0.000556s ]
[2021-06-12T00:41:57+08:00][sql] SELECT * FROM `carver_navigation` [ RunTime:0.000236s ]
[2021-06-12T00:41:57+08:00][sql] SELECT `article_label` FROM `carver_article` [ RunTime:0.000293s ]
[2021-06-12T00:56:42+08:00][sql] CONNECT:[ UseTime:0.000648s ] mysql:host=127.0.0.1;port=3306;dbname=carver;charset=utf8
[2021-06-12T00:56:42+08:00][sql] SHOW FULL COLUMNS FROM `carver_article` [ RunTime:0.000955s ]
[2021-06-12T00:56:42+08:00][sql] SELECT COUNT(*) AS think_count FROM `carver_article` WHERE  `article_label` LIKE '%%'  AND `delete_time` = 0  AND `is_show` = 1 [ RunTime:0.000444s ]
[2021-06-12T00:56:42+08:00][sql] SELECT * FROM `carver_article` WHERE  `article_label` LIKE '%%'  AND `delete_time` = 0  AND `is_show` = 1 LIMIT 24,6 [ RunTime:0.001060s ]
[2021-06-12T00:56:42+08:00][sql] SELECT article_id,article_title,click_num,FROM_UNIXTIME(add_time,'%Y-%m-%d') as add_time FROM `carver_article` WHERE  `is_show` = 1  AND `delete_time` = 0 ORDER BY `click_num` DESC LIMIT 3 [ RunTime:0.000490s ]
[2021-06-12T00:56:42+08:00][sql] SHOW FULL COLUMNS FROM `carver_notice` [ RunTime:0.000710s ]
[2021-06-12T00:56:42+08:00][sql] SELECT * FROM `carver_notice` ORDER BY `create_time` DESC LIMIT 3 [ RunTime:0.000314s ]
[2021-06-12T00:56:42+08:00][sql] SHOW FULL COLUMNS FROM `carver_navigation` [ RunTime:0.000571s ]
[2021-06-12T00:56:42+08:00][sql] SELECT * FROM `carver_navigation` [ RunTime:0.000311s ]
[2021-06-12T00:56:42+08:00][sql] SHOW FULL COLUMNS FROM `carver_link` [ RunTime:0.000596s ]
[2021-06-12T00:56:42+08:00][sql] SELECT * FROM `carver_link` WHERE  ( is_confirm=2 ) LIMIT 20 [ RunTime:0.000358s ]
[2021-06-12T00:56:42+08:00][sql] SELECT `article_label` FROM `carver_article` [ RunTime:0.000271s ]
[2021-06-12T00:56:42+08:00][sql] SHOW FULL COLUMNS FROM `carver_carouse` [ RunTime:0.000581s ]
[2021-06-12T00:56:42+08:00][sql] SELECT `carouse_img`,`carouse_desc` FROM `carver_carouse` WHERE  `is_show` = 1 ORDER BY `carouse_sort` DESC LIMIT 3 [ RunTime:0.000322s ]
[2021-06-12T00:56:42+08:00][sql] SHOW FULL COLUMNS FROM `carver_site` [ RunTime:0.000528s ]
[2021-06-12T00:56:42+08:00][sql] SELECT * FROM `carver_site` [ RunTime:0.000277s ]
[2021-06-12T01:18:59+08:00][sql] CONNECT:[ UseTime:0.000625s ] mysql:host=127.0.0.1;port=3306;dbname=carver;charset=utf8
[2021-06-12T01:18:59+08:00][sql] SHOW FULL COLUMNS FROM `carver_user` [ RunTime:0.000825s ]
[2021-06-12T01:18:59+08:00][sql] SHOW FULL COLUMNS FROM `carver_article` [ RunTime:0.000678s ]
[2021-06-12T01:18:59+08:00][sql] SELECT COUNT(*) AS think_count FROM `carver_article` WHERE  `delete_time` = 0  AND `is_show` = 1 [ RunTime:0.000388s ]
[2021-06-12T01:18:59+08:00][sql] SELECT `article_id`,`article_title`,`article_desc`,`article_content`,`article_img`,`article_guide`,`article_label`,`click_num`,`is_show`,`add_time`,`article_author`,`is_top_show` FROM `carver_article` WHERE  `delete_time` = 0  AND `is_show` = 1 ORDER BY `article_id` DESC LIMIT 0,6 [ RunTime:0.000635s ]
[2021-06-12T01:18:59+08:00][sql] SELECT article_id,article_title,click_num,FROM_UNIXTIME(add_time,'%Y-%m-%d') as add_time FROM `carver_article` WHERE  `is_show` = 1  AND `delete_time` = 0 ORDER BY `click_num` DESC LIMIT 3 [ RunTime:0.000718s ]
[2021-06-12T01:18:59+08:00][sql] SHOW FULL COLUMNS FROM `carver_notice` [ RunTime:0.000507s ]
[2021-06-12T01:18:59+08:00][sql] SELECT * FROM `carver_notice` ORDER BY `create_time` DESC LIMIT 3 [ RunTime:0.000255s ]
[2021-06-12T01:18:59+08:00][sql] SHOW FULL COLUMNS FROM `carver_navigation` [ RunTime:0.000508s ]
[2021-06-12T01:18:59+08:00][sql] SELECT * FROM `carver_navigation` [ RunTime:0.000320s ]
[2021-06-12T01:18:59+08:00][sql] SHOW FULL COLUMNS FROM `carver_link` [ RunTime:0.000520s ]
[2021-06-12T01:18:59+08:00][sql] SELECT * FROM `carver_link` WHERE  ( is_confirm=2 ) LIMIT 20 [ RunTime:0.000272s ]
[2021-06-12T01:18:59+08:00][sql] SELECT `article_label` FROM `carver_article` [ RunTime:0.000261s ]
[2021-06-12T01:18:59+08:00][sql] SHOW FULL COLUMNS FROM `carver_carouse` [ RunTime:0.000627s ]
[2021-06-12T01:18:59+08:00][sql] SELECT `carouse_img`,`carouse_desc` FROM `carver_carouse` WHERE  `is_show` = 1 ORDER BY `carouse_sort` DESC LIMIT 3 [ RunTime:0.000270s ]
[2021-06-12T01:18:59+08:00][sql] SHOW FULL COLUMNS FROM `carver_site` [ RunTime:0.000557s ]
[2021-06-12T01:18:59+08:00][sql] SELECT * FROM `carver_site` [ RunTime:0.000239s ]
[2021-06-12T01:30:42+08:00][sql] CONNECT:[ UseTime:0.000589s ] mysql:host=127.0.0.1;port=3306;dbname=carver;charset=utf8
[2021-06-12T01:30:42+08:00][sql] SHOW FULL COLUMNS FROM `carver_article` [ RunTime:0.000990s ]
[2021-06-12T01:30:42+08:00][sql] SELECT `article_id`,`article_title`,`article_desc`,`article_content`,`article_img`,`article_guide`,`article_label`,`click_num`,`is_show`,`add_time`,`article_author` FROM `carver_article` WHERE  `article_id` = 17 LIMIT 1 [ RunTime:0.000569s ]
[2021-06-12T01:30:42+08:00][sql] SELECT `article_id`,`article_title`,`article_desc`,`article_content`,`article_img`,`article_guide`,`article_label`,`click_num`,`is_show`,`add_time`,`article_author` FROM `carver_article` WHERE  `article_id` > 17 LIMIT 1 [ RunTime:0.000467s ]
[2021-06-12T01:30:42+08:00][sql] SELECT `article_id`,`article_title`,`article_desc`,`article_content`,`article_img`,`article_guide`,`article_label`,`click_num`,`is_show`,`add_time`,`article_author` FROM `carver_article` WHERE  `article_id` < 17 ORDER BY `article_id` DESC LIMIT 1 [ RunTime:0.000481s ]
[2021-06-12T01:30:42+08:00][sql] SHOW FULL COLUMNS FROM `carver_link` [ RunTime:0.000655s ]
[2021-06-12T01:30:42+08:00][sql] SELECT * FROM `carver_link` WHERE  ( is_confirm=2 ) LIMIT 20 [ RunTime:0.000324s ]
[2021-06-12T01:30:42+08:00][sql] SELECT article_id,article_title,click_num,FROM_UNIXTIME(add_time,'%Y-%m-%d') as add_time FROM `carver_article` ORDER BY `click_num` DESC LIMIT 3 [ RunTime:0.000443s ]
[2021-06-12T01:30:42+08:00][sql] SHOW FULL COLUMNS FROM `carver_comment` [ RunTime:0.000641s ]
[2021-06-12T01:30:42+08:00][sql] SELECT `a`.*,`b`.`user_name` FROM `carver_comment` `a` INNER JOIN `carver_user` `b` ON `a`.`user_id`=`b`.`user_id` WHERE  `article_id` = 17 ORDER BY `create_time` DESC [ RunTime:0.000383s ]
[2021-06-12T01:30:42+08:00][sql] SHOW FULL COLUMNS FROM `carver_comment_to_others` [ RunTime:0.000589s ]
[2021-06-12T01:30:42+08:00][sql] SELECT * FROM `carver_comment_to_others` [ RunTime:0.000397s ]
[2021-06-12T01:30:42+08:00][sql] SHOW FULL COLUMNS FROM `carver_user` [ RunTime:0.000506s ]
[2021-06-12T01:30:42+08:00][sql] SELECT `user_name` FROM `carver_user` WHERE  `user_id` = 4 LIMIT 1 [ RunTime:0.000270s ]
[2021-06-12T01:30:42+08:00][sql] SELECT `user_name` FROM `carver_user` WHERE  `user_id` = 4 LIMIT 1 [ RunTime:0.000279s ]
[2021-06-12T01:30:42+08:00][sql] SELECT `user_name` FROM `carver_user` WHERE  `user_id` = 5 LIMIT 1 [ RunTime:0.000228s ]
[2021-06-12T01:30:42+08:00][sql] SELECT `user_name` FROM `carver_user` WHERE  `user_id` = 5 LIMIT 1 [ RunTime:0.000234s ]
[2021-06-12T01:30:42+08:00][sql] SELECT `user_name` FROM `carver_user` WHERE  `user_id` = 37 LIMIT 1 [ RunTime:0.000256s ]
[2021-06-12T01:30:42+08:00][sql] SELECT `user_name`,`user_id` FROM `carver_user` [ RunTime:0.000283s ]
[2021-06-12T01:30:42+08:00][sql] SHOW FULL COLUMNS FROM `carver_navigation` [ RunTime:0.000542s ]
[2021-06-12T01:30:42+08:00][sql] SELECT * FROM `carver_navigation` [ RunTime:0.000278s ]
[2021-06-12T01:30:42+08:00][sql] SELECT `article_label` FROM `carver_article` [ RunTime:0.000292s ]
[2021-06-12T01:30:43+08:00][sql] CONNECT:[ UseTime:0.000573s ] mysql:host=127.0.0.1;port=3306;dbname=carver;charset=utf8
[2021-06-12T01:30:43+08:00][sql] SHOW FULL COLUMNS FROM `carver_article` [ RunTime:0.000830s ]
[2021-06-12T01:30:43+08:00][sql] SELECT `article_id`,`article_title`,`article_desc`,`article_content`,`article_img`,`article_guide`,`article_label`,`click_num`,`is_show`,`add_time`,`article_author` FROM `carver_article` WHERE  `article_id` = 17'A=0 LIMIT 1 [ RunTime:0.000528s ]
[2021-06-12T01:30:43+08:00][sql] SELECT `article_id`,`article_title`,`article_desc`,`article_content`,`article_img`,`article_guide`,`article_label`,`click_num`,`is_show`,`add_time`,`article_author` FROM `carver_article` WHERE  `article_id` > 17'A=0 LIMIT 1 [ RunTime:0.000411s ]
[2021-06-12T01:30:43+08:00][sql] SELECT `article_id`,`article_title`,`article_desc`,`article_content`,`article_img`,`article_guide`,`article_label`,`click_num`,`is_show`,`add_time`,`article_author` FROM `carver_article` WHERE  `article_id` < 17'A=0 ORDER BY `article_id` DESC LIMIT 1 [ RunTime:0.000403s ]
[2021-06-12T01:30:43+08:00][sql] SHOW FULL COLUMNS FROM `carver_link` [ RunTime:0.000527s ]
[2021-06-12T01:30:43+08:00][sql] SELECT * FROM `carver_link` WHERE  ( is_confirm=2 ) LIMIT 20 [ RunTime:0.000328s ]
[2021-06-12T01:30:43+08:00][sql] SELECT article_id,article_title,click_num,FROM_UNIXTIME(add_time,'%Y-%m-%d') as add_time FROM `carver_article` ORDER BY `click_num` DESC LIMIT 3 [ RunTime:0.000350s ]
[2021-06-12T01:30:43+08:00][sql] SHOW FULL COLUMNS FROM `carver_comment` [ RunTime:0.000573s ]
[2021-06-12T01:30:43+08:00][sql] SELECT `a`.*,`b`.`user_name` FROM `carver_comment` `a` INNER JOIN `carver_user` `b` ON `a`.`user_id`=`b`.`user_id` WHERE  `article_id` = 17'A=0 ORDER BY `create_time` DESC [ RunTime:0.000358s ]
[2021-06-12T01:30:43+08:00][sql] SHOW FULL COLUMNS FROM `carver_comment_to_others` [ RunTime:0.000621s ]
[2021-06-12T01:30:43+08:00][sql] SELECT * FROM `carver_comment_to_others` [ RunTime:0.000233s ]
[2021-06-12T01:30:43+08:00][sql] SHOW FULL COLUMNS FROM `carver_user` [ RunTime:0.000443s ]
[2021-06-12T01:30:43+08:00][sql] SELECT `user_name` FROM `carver_user` WHERE  `user_id` = 4 LIMIT 1 [ RunTime:0.000239s ]
[2021-06-12T01:30:43+08:00][sql] SELECT `user_name` FROM `carver_user` WHERE  `user_id` = 4 LIMIT 1 [ RunTime:0.000228s ]
[2021-06-12T01:30:43+08:00][sql] SELECT `user_name` FROM `carver_user` WHERE  `user_id` = 5 LIMIT 1 [ RunTime:0.000209s ]
[2021-06-12T01:30:43+08:00][sql] SELECT `user_name` FROM `carver_user` WHERE  `user_id` = 5 LIMIT 1 [ RunTime:0.000216s ]
[2021-06-12T01:30:43+08:00][sql] SELECT `user_name` FROM `carver_user` WHERE  `user_id` = 37 LIMIT 1 [ RunTime:0.000232s ]
[2021-06-12T01:30:43+08:00][sql] SHOW FULL COLUMNS FROM `carver_navigation` [ RunTime:0.000559s ]
[2021-06-12T01:30:43+08:00][sql] SELECT * FROM `carver_navigation` [ RunTime:0.000245s ]
[2021-06-12T01:30:43+08:00][sql] SELECT `article_label` FROM `carver_article` [ RunTime:0.000275s ]
[2021-06-12T02:56:45+08:00][sql] CONNECT:[ UseTime:0.000558s ] mysql:host=127.0.0.1;port=3306;dbname=carver;charset=utf8
[2021-06-12T02:56:45+08:00][sql] SHOW FULL COLUMNS FROM `carver_user` [ RunTime:0.000791s ]
[2021-06-12T02:56:45+08:00][sql] SHOW FULL COLUMNS FROM `carver_article` [ RunTime:0.000655s ]
[2021-06-12T02:56:45+08:00][sql] SELECT COUNT(*) AS think_count FROM `carver_article` WHERE  `delete_time` = 0  AND `is_show` = 1 [ RunTime:0.000368s ]
[2021-06-12T02:56:45+08:00][sql] SELECT `article_id`,`article_title`,`article_desc`,`article_content`,`article_img`,`article_guide`,`article_label`,`click_num`,`is_show`,`add_time`,`article_author`,`is_top_show` FROM `carver_article` WHERE  `delete_time` = 0  AND `is_show` = 1 ORDER BY `article_id` DESC LIMIT 0,6 [ RunTime:0.000610s ]
[2021-06-12T02:56:45+08:00][sql] SELECT article_id,article_title,click_num,FROM_UNIXTIME(add_time,'%Y-%m-%d') as add_time FROM `carver_article` WHERE  `is_show` = 1  AND `delete_time` = 0 ORDER BY `click_num` DESC LIMIT 3 [ RunTime:0.000413s ]
[2021-06-12T02:56:45+08:00][sql] SHOW FULL COLUMNS FROM `carver_notice` [ RunTime:0.000524s ]
[2021-06-12T02:56:45+08:00][sql] SELECT * FROM `carver_notice` ORDER BY `create_time` DESC LIMIT 3 [ RunTime:0.000255s ]
[2021-06-12T02:56:45+08:00][sql] SHOW FULL COLUMNS FROM `carver_navigation` [ RunTime:0.000507s ]
[2021-06-12T02:56:45+08:00][sql] SELECT * FROM `carver_navigation` [ RunTime:0.000240s ]
[2021-06-12T02:56:45+08:00][sql] SHOW FULL COLUMNS FROM `carver_link` [ RunTime:0.000483s ]
[2021-06-12T02:56:45+08:00][sql] SELECT * FROM `carver_link` WHERE  ( is_confirm=2 ) LIMIT 20 [ RunTime:0.000262s ]
[2021-06-12T02:56:45+08:00][sql] SELECT `article_label` FROM `carver_article` [ RunTime:0.000294s ]
[2021-06-12T02:56:45+08:00][sql] SHOW FULL COLUMNS FROM `carver_carouse` [ RunTime:0.000484s ]
[2021-06-12T02:56:45+08:00][sql] SELECT `carouse_img`,`carouse_desc` FROM `carver_carouse` WHERE  `is_show` = 1 ORDER BY `carouse_sort` DESC LIMIT 3 [ RunTime:0.000277s ]
[2021-06-12T02:56:45+08:00][sql] SHOW FULL COLUMNS FROM `carver_site` [ RunTime:0.000491s ]
[2021-06-12T02:56:45+08:00][sql] SELECT * FROM `carver_site` [ RunTime:0.000232s ]
[2021-06-12T03:08:35+08:00][sql] CONNECT:[ UseTime:0.000524s ] mysql:host=127.0.0.1;port=3306;dbname=carver;charset=utf8
[2021-06-12T03:08:35+08:00][sql] SHOW FULL COLUMNS FROM `carver_article` [ RunTime:0.000901s ]
[2021-06-12T03:08:35+08:00][sql] SELECT COUNT(*) AS think_count FROM `carver_article` WHERE  `article_label` LIKE '%linux%'  AND `delete_time` = 0  AND `is_show` = 1 [ RunTime:0.000395s ]
[2021-06-12T03:08:35+08:00][sql] SELECT * FROM `carver_article` WHERE  `article_label` LIKE '%linux%'  AND `delete_time` = 0  AND `is_show` = 1 LIMIT 0,6 [ RunTime:0.001116s ]
[2021-06-12T03:08:35+08:00][sql] SELECT article_id,article_title,click_num,FROM_UNIXTIME(add_time,'%Y-%m-%d') as add_time FROM `carver_article` WHERE  `is_show` = 1  AND `delete_time` = 0 ORDER BY `click_num` DESC LIMIT 3 [ RunTime:0.000394s ]
[2021-06-12T03:08:35+08:00][sql] SHOW FULL COLUMNS FROM `carver_notice` [ RunTime:0.000540s ]
[2021-06-12T03:08:35+08:00][sql] SELECT * FROM `carver_notice` ORDER BY `create_time` DESC LIMIT 3 [ RunTime:0.000271s ]
[2021-06-12T03:08:35+08:00][sql] SHOW FULL COLUMNS FROM `carver_navigation` [ RunTime:0.000496s ]
[2021-06-12T03:08:35+08:00][sql] SELECT * FROM `carver_navigation` [ RunTime:0.000236s ]
[2021-06-12T03:08:35+08:00][sql] SHOW FULL COLUMNS FROM `carver_link` [ RunTime:0.000486s ]
[2021-06-12T03:08:35+08:00][sql] SELECT * FROM `carver_link` WHERE  ( is_confirm=2 ) LIMIT 20 [ RunTime:0.000279s ]
[2021-06-12T03:08:35+08:00][sql] SELECT `article_label` FROM `carver_article` [ RunTime:0.000257s ]
[2021-06-12T03:08:35+08:00][sql] SHOW FULL COLUMNS FROM `carver_carouse` [ RunTime:0.000471s ]
[2021-06-12T03:08:35+08:00][sql] SELECT `carouse_img`,`carouse_desc` FROM `carver_carouse` WHERE  `is_show` = 1 ORDER BY `carouse_sort` DESC LIMIT 3 [ RunTime:0.000282s ]
[2021-06-12T03:08:35+08:00][sql] SHOW FULL COLUMNS FROM `carver_site` [ RunTime:0.000475s ]
[2021-06-12T03:08:35+08:00][sql] SELECT * FROM `carver_site` [ RunTime:0.000224s ]
[2021-06-12T06:06:56+08:00][sql] CONNECT:[ UseTime:0.000982s ] mysql:host=127.0.0.1;port=3306;dbname=carver;charset=utf8
[2021-06-12T06:06:56+08:00][sql] SHOW FULL COLUMNS FROM `carver_article` [ RunTime:0.000971s ]
[2021-06-12T06:06:56+08:00][sql] SELECT COUNT(*) AS think_count FROM `carver_article` WHERE  `article_label` LIKE '%mysql%'  AND `delete_time` = 0  AND `is_show` = 1 [ RunTime:0.000576s ]
[2021-06-12T06:06:56+08:00][sql] SELECT * FROM `carver_article` WHERE  `article_label` LIKE '%mysql%'  AND `delete_time` = 0  AND `is_show` = 1 LIMIT 0,6 [ RunTime:0.001128s ]
[2021-06-12T06:06:56+08:00][sql] SELECT article_id,article_title,click_num,FROM_UNIXTIME(add_time,'%Y-%m-%d') as add_time FROM `carver_article` WHERE  `is_show` = 1  AND `delete_time` = 0 ORDER BY `click_num` DESC LIMIT 3 [ RunTime:0.000475s ]
[2021-06-12T06:06:56+08:00][sql] SHOW FULL COLUMNS FROM `carver_notice` [ RunTime:0.000704s ]
[2021-06-12T06:06:56+08:00][sql] SELECT * FROM `carver_notice` ORDER BY `create_time` DESC LIMIT 3 [ RunTime:0.000318s ]
[2021-06-12T06:06:56+08:00][sql] SHOW FULL COLUMNS FROM `carver_navigation` [ RunTime:0.000525s ]
[2021-06-12T06:06:56+08:00][sql] SELECT * FROM `carver_navigation` [ RunTime:0.000291s ]
[2021-06-12T06:06:56+08:00][sql] SHOW FULL COLUMNS FROM `carver_link` [ RunTime:0.000620s ]
[2021-06-12T06:06:56+08:00][sql] SELECT * FROM `carver_link` WHERE  ( is_confirm=2 ) LIMIT 20 [ RunTime:0.000337s ]
[2021-06-12T06:06:56+08:00][sql] SELECT `article_label` FROM `carver_article` [ RunTime:0.000282s ]
[2021-06-12T06:06:56+08:00][sql] SHOW FULL COLUMNS FROM `carver_carouse` [ RunTime:0.000581s ]
[2021-06-12T06:06:56+08:00][sql] SELECT `carouse_img`,`carouse_desc` FROM `carver_carouse` WHERE  `is_show` = 1 ORDER BY `carouse_sort` DESC LIMIT 3 [ RunTime:0.000324s ]
[2021-06-12T06:06:56+08:00][sql] SHOW FULL COLUMNS FROM `carver_site` [ RunTime:0.000586s ]
[2021-06-12T06:06:56+08:00][sql] SELECT * FROM `carver_site` [ RunTime:0.000264s ]
[2021-06-12T06:54:25+08:00][sql] CONNECT:[ UseTime:0.001140s ] mysql:host=127.0.0.1;port=3306;dbname=carver;charset=utf8
[2021-06-12T06:54:25+08:00][sql] SHOW FULL COLUMNS FROM `carver_user` [ RunTime:0.000843s ]
[2021-06-12T06:54:25+08:00][sql] SHOW FULL COLUMNS FROM `carver_article` [ RunTime:0.000703s ]
[2021-06-12T06:54:25+08:00][sql] SELECT COUNT(*) AS think_count FROM `carver_article` WHERE  `delete_time` = 0  AND `is_show` = 1 [ RunTime:0.000392s ]
[2021-06-12T06:54:25+08:00][sql] SELECT `article_id`,`article_title`,`article_desc`,`article_content`,`article_img`,`article_guide`,`article_label`,`click_num`,`is_show`,`add_time`,`article_author`,`is_top_show` FROM `carver_article` WHERE  `delete_time` = 0  AND `is_show` = 1 ORDER BY `article_id` DESC LIMIT 18,6 [ RunTime:0.001381s ]
[2021-06-12T06:54:25+08:00][sql] SELECT article_id,article_title,click_num,FROM_UNIXTIME(add_time,'%Y-%m-%d') as add_time FROM `carver_article` WHERE  `is_show` = 1  AND `delete_time` = 0 ORDER BY `click_num` DESC LIMIT 3 [ RunTime:0.000607s ]
[2021-06-12T06:54:25+08:00][sql] SHOW FULL COLUMNS FROM `carver_notice` [ RunTime:0.000657s ]
[2021-06-12T06:54:25+08:00][sql] SELECT * FROM `carver_notice` ORDER BY `create_time` DESC LIMIT 3 [ RunTime:0.000306s ]
[2021-06-12T06:54:25+08:00][sql] SHOW FULL COLUMNS FROM `carver_navigation` [ RunTime:0.000558s ]
[2021-06-12T06:54:25+08:00][sql] SELECT * FROM `carver_navigation` [ RunTime:0.000261s ]
[2021-06-12T06:54:25+08:00][sql] SHOW FULL COLUMNS FROM `carver_link` [ RunTime:0.000662s ]
[2021-06-12T06:54:25+08:00][sql] SELECT * FROM `carver_link` WHERE  ( is_confirm=2 ) LIMIT 20 [ RunTime:0.000333s ]
[2021-06-12T06:54:25+08:00][sql] SELECT `article_label` FROM `carver_article` [ RunTime:0.000287s ]
[2021-06-12T06:54:25+08:00][sql] SHOW FULL COLUMNS FROM `carver_carouse` [ RunTime:0.000493s ]
[2021-06-12T06:54:25+08:00][sql] SELECT `carouse_img`,`carouse_desc` FROM `carver_carouse` WHERE  `is_show` = 1 ORDER BY `carouse_sort` DESC LIMIT 3 [ RunTime:0.000317s ]
[2021-06-12T06:54:25+08:00][sql] SHOW FULL COLUMNS FROM `carver_site` [ RunTime:0.000526s ]
[2021-06-12T06:54:25+08:00][sql] SELECT * FROM `carver_site` [ RunTime:0.000225s ]
[2021-06-12T07:35:03+08:00][sql] CONNECT:[ UseTime:0.000705s ] mysql:host=127.0.0.1;port=3306;dbname=carver;charset=utf8
[2021-06-12T07:35:03+08:00][sql] SHOW FULL COLUMNS FROM `carver_article` [ RunTime:0.000944s ]
[2021-06-12T07:35:03+08:00][sql] SELECT COUNT(*) AS think_count FROM `carver_article` WHERE  `article_label` LIKE '%php%'  AND `delete_time` = 0  AND `is_show` = 1 [ RunTime:0.000414s ]
[2021-06-12T07:35:03+08:00][sql] SELECT * FROM `carver_article` WHERE  `article_label` LIKE '%php%'  AND `delete_time` = 0  AND `is_show` = 1 LIMIT 18,6 [ RunTime:0.000959s ]
[2021-06-12T07:35:03+08:00][sql] SELECT article_id,article_title,click_num,FROM_UNIXTIME(add_time,'%Y-%m-%d') as add_time FROM `carver_article` WHERE  `is_show` = 1  AND `delete_time` = 0 ORDER BY `click_num` DESC LIMIT 3 [ RunTime:0.000476s ]
[2021-06-12T07:35:03+08:00][sql] SHOW FULL COLUMNS FROM `carver_notice` [ RunTime:0.000660s ]
[2021-06-12T07:35:03+08:00][sql] SELECT * FROM `carver_notice` ORDER BY `create_time` DESC LIMIT 3 [ RunTime:0.000308s ]
[2021-06-12T07:35:03+08:00][sql] SHOW FULL COLUMNS FROM `carver_navigation` [ RunTime:0.000514s ]
[2021-06-12T07:35:03+08:00][sql] SELECT * FROM `carver_navigation` [ RunTime:0.000263s ]
[2021-06-12T07:35:03+08:00][sql] SHOW FULL COLUMNS FROM `carver_link` [ RunTime:0.000547s ]
[2021-06-12T07:35:03+08:00][sql] SELECT * FROM `carver_link` WHERE  ( is_confirm=2 ) LIMIT 20 [ RunTime:0.000311s ]
[2021-06-12T07:35:03+08:00][sql] SELECT `article_label` FROM `carver_article` [ RunTime:0.000287s ]
[2021-06-12T07:35:03+08:00][sql] SHOW FULL COLUMNS FROM `carver_carouse` [ RunTime:0.000562s ]
[2021-06-12T07:35:03+08:00][sql] SELECT `carouse_img`,`carouse_desc` FROM `carver_carouse` WHERE  `is_show` = 1 ORDER BY `carouse_sort` DESC LIMIT 3 [ RunTime:0.000290s ]
[2021-06-12T07:35:03+08:00][sql] SHOW FULL COLUMNS FROM `carver_site` [ RunTime:0.000570s ]
[2021-06-12T07:35:03+08:00][sql] SELECT * FROM `carver_site` [ RunTime:0.000242s ]
[2021-06-12T07:44:33+08:00][sql] CONNECT:[ UseTime:0.000793s ] mysql:host=127.0.0.1;port=3306;dbname=carver;charset=utf8
[2021-06-12T07:44:33+08:00][sql] SHOW FULL COLUMNS FROM `carver_user` [ RunTime:0.000817s ]
[2021-06-12T07:44:33+08:00][sql] SHOW FULL COLUMNS FROM `carver_article` [ RunTime:0.000836s ]
[2021-06-12T07:44:33+08:00][sql] SELECT COUNT(*) AS think_count FROM `carver_article` WHERE  `delete_time` = 0  AND `is_show` = 1 [ RunTime:0.000425s ]
[2021-06-12T07:44:33+08:00][sql] SELECT `article_id`,`article_title`,`article_desc`,`article_content`,`article_img`,`article_guide`,`article_label`,`click_num`,`is_show`,`add_time`,`article_author`,`is_top_show` FROM `carver_article` WHERE  `delete_time` = 0  AND `is_show` = 1 ORDER BY `article_id` DESC LIMIT 0,6 [ RunTime:0.000663s ]
[2021-06-12T07:44:33+08:00][sql] SELECT article_id,article_title,click_num,FROM_UNIXTIME(add_time,'%Y-%m-%d') as add_time FROM `carver_article` WHERE  `is_show` = 1  AND `delete_time` = 0 ORDER BY `click_num` DESC LIMIT 3 [ RunTime:0.000538s ]
[2021-06-12T07:44:33+08:00][sql] SHOW FULL COLUMNS FROM `carver_notice` [ RunTime:0.000610s ]
[2021-06-12T07:44:33+08:00][sql] SELECT * FROM `carver_notice` ORDER BY `create_time` DESC LIMIT 3 [ RunTime:0.000292s ]
[2021-06-12T07:44:33+08:00][sql] SHOW FULL COLUMNS FROM `carver_navigation` [ RunTime:0.000551s ]
[2021-06-12T07:44:33+08:00][sql] SELECT * FROM `carver_navigation` [ RunTime:0.000240s ]
[2021-06-12T07:44:33+08:00][sql] SHOW FULL COLUMNS FROM `carver_link` [ RunTime:0.000505s ]
[2021-06-12T07:44:33+08:00][sql] SELECT * FROM `carver_link` WHERE  ( is_confirm=2 ) LIMIT 20 [ RunTime:0.000292s ]
[2021-06-12T07:44:33+08:00][sql] SELECT `article_label` FROM `carver_article` [ RunTime:0.000281s ]
[2021-06-12T07:44:33+08:00][sql] SHOW FULL COLUMNS FROM `carver_carouse` [ RunTime:0.000561s ]
[2021-06-12T07:44:33+08:00][sql] SELECT `carouse_img`,`carouse_desc` FROM `carver_carouse` WHERE  `is_show` = 1 ORDER BY `carouse_sort` DESC LIMIT 3 [ RunTime:0.000306s ]
[2021-06-12T07:44:33+08:00][sql] SHOW FULL COLUMNS FROM `carver_site` [ RunTime:0.000526s ]
[2021-06-12T07:44:33+08:00][sql] SELECT * FROM `carver_site` [ RunTime:0.000251s ]
[2021-06-12T09:03:53+08:00][sql] CONNECT:[ UseTime:0.000500s ] mysql:host=127.0.0.1;port=3306;dbname=carver;charset=utf8
[2021-06-12T09:03:53+08:00][sql] SHOW FULL COLUMNS FROM `carver_article` [ RunTime:0.000853s ]
[2021-06-12T09:03:53+08:00][sql] SELECT COUNT(*) AS think_count FROM `carver_article` WHERE  `article_guide` = 5  AND `delete_time` = 0  AND `is_show` = 1 [ RunTime:0.000404s ]
[2021-06-12T09:03:53+08:00][sql] SELECT * FROM `carver_article` WHERE  `article_guide` = 5  AND `delete_time` = 0  AND `is_show` = 1 ORDER BY `add_time` DESC LIMIT 0,6 [ RunTime:0.002729s ]
[2021-06-12T09:03:53+08:00][sql] SELECT article_id,article_title,click_num,FROM_UNIXTIME(add_time,'%Y-%m-%d') as add_time FROM `carver_article` WHERE  `is_show` = 1  AND `delete_time` = 0 ORDER BY `click_num` DESC LIMIT 3 [ RunTime:0.000612s ]
[2021-06-12T09:03:53+08:00][sql] SHOW FULL COLUMNS FROM `carver_notice` [ RunTime:0.000669s ]
[2021-06-12T09:03:53+08:00][sql] SELECT * FROM `carver_notice` ORDER BY `create_time` DESC LIMIT 3 [ RunTime:0.000311s ]
[2021-06-12T09:03:53+08:00][sql] SHOW FULL COLUMNS FROM `carver_navigation` [ RunTime:0.000499s ]
[2021-06-12T09:03:53+08:00][sql] SELECT * FROM `carver_navigation` [ RunTime:0.000250s ]
[2021-06-12T09:03:53+08:00][sql] SELECT `article_label` FROM `carver_article` [ RunTime:0.000282s ]
[2021-06-12T09:03:53+08:00][sql] SHOW FULL COLUMNS FROM `carver_carouse` [ RunTime:0.000513s ]
[2021-06-12T09:03:53+08:00][sql] SELECT `carouse_img`,`carouse_desc` FROM `carver_carouse` WHERE  `is_show` = 1 ORDER BY `carouse_sort` DESC LIMIT 3 [ RunTime:0.000295s ]
[2021-06-12T09:03:53+08:00][sql] SHOW FULL COLUMNS FROM `carver_link` [ RunTime:0.000471s ]
[2021-06-12T09:03:53+08:00][sql] SELECT * FROM `carver_link` WHERE  ( is_confirm=2 ) LIMIT 20 [ RunTime:0.000319s ]
[2021-06-12T09:03:53+08:00][sql] SHOW FULL COLUMNS FROM `carver_site` [ RunTime:0.000533s ]
[2021-06-12T09:03:53+08:00][sql] SELECT * FROM `carver_site` [ RunTime:0.000227s ]
[2021-06-12T09:15:46+08:00][sql] CONNECT:[ UseTime:0.000502s ] mysql:host=127.0.0.1;port=3306;dbname=carver;charset=utf8
[2021-06-12T09:15:46+08:00][sql] SHOW FULL COLUMNS FROM `carver_user` [ RunTime:0.000880s ]
[2021-06-12T09:15:46+08:00][sql] SHOW FULL COLUMNS FROM `carver_article` [ RunTime:0.000727s ]
[2021-06-12T09:15:46+08:00][sql] SELECT COUNT(*) AS think_count FROM `carver_article` WHERE  `delete_time` = 0  AND `is_show` = 1 [ RunTime:0.000383s ]
[2021-06-12T09:15:46+08:00][sql] SELECT `article_id`,`article_title`,`article_desc`,`article_content`,`article_img`,`article_guide`,`article_label`,`click_num`,`is_show`,`add_time`,`article_author`,`is_top_show` FROM `carver_article` WHERE  `delete_time` = 0  AND `is_show` = 1 ORDER BY `article_id` DESC LIMIT 0,6 [ RunTime:0.000773s ]
[2021-06-12T09:15:46+08:00][sql] SELECT article_id,article_title,click_num,FROM_UNIXTIME(add_time,'%Y-%m-%d') as add_time FROM `carver_article` WHERE  `is_show` = 1  AND `delete_time` = 0 ORDER BY `click_num` DESC LIMIT 3 [ RunTime:0.000569s ]
[2021-06-12T09:15:46+08:00][sql] SHOW FULL COLUMNS FROM `carver_notice` [ RunTime:0.000693s ]
[2021-06-12T09:15:46+08:00][sql] SELECT * FROM `carver_notice` ORDER BY `create_time` DESC LIMIT 3 [ RunTime:0.000308s ]
[2021-06-12T09:15:46+08:00][sql] SHOW FULL COLUMNS FROM `carver_navigation` [ RunTime:0.000564s ]
[2021-06-12T09:15:46+08:00][sql] SELECT * FROM `carver_navigation` [ RunTime:0.000275s ]
[2021-06-12T09:15:46+08:00][sql] SHOW FULL COLUMNS FROM `carver_link` [ RunTime:0.000557s ]
[2021-06-12T09:15:46+08:00][sql] SELECT * FROM `carver_link` WHERE  ( is_confirm=2 ) LIMIT 20 [ RunTime:0.000339s ]
[2021-06-12T09:15:46+08:00][sql] SELECT `article_label` FROM `carver_article` [ RunTime:0.000369s ]
[2021-06-12T09:15:46+08:00][sql] SHOW FULL COLUMNS FROM `carver_carouse` [ RunTime:0.000580s ]
[2021-06-12T09:15:46+08:00][sql] SELECT `carouse_img`,`carouse_desc` FROM `carver_carouse` WHERE  `is_show` = 1 ORDER BY `carouse_sort` DESC LIMIT 3 [ RunTime:0.000734s ]
[2021-06-12T09:15:46+08:00][sql] SHOW FULL COLUMNS FROM `carver_site` [ RunTime:0.000570s ]
[2021-06-12T09:15:46+08:00][sql] SELECT * FROM `carver_site` [ RunTime:0.000290s ]
[2021-06-12T10:02:09+08:00][sql] CONNECT:[ UseTime:0.000684s ] mysql:host=127.0.0.1;port=3306;dbname=carver;charset=utf8
[2021-06-12T10:02:09+08:00][sql] SHOW FULL COLUMNS FROM `carver_article` [ RunTime:0.000889s ]
[2021-06-12T10:02:09+08:00][sql] SELECT `article_id`,`article_title`,`article_desc`,`article_content`,`article_img`,`article_guide`,`article_label`,`click_num`,`is_show`,`add_time`,`article_author` FROM `carver_article` WHERE  `article_id` = 18' LIMIT 1 [ RunTime:0.000499s ]
[2021-06-12T10:02:09+08:00][sql] SELECT `article_id`,`article_title`,`article_desc`,`article_content`,`article_img`,`article_guide`,`article_label`,`click_num`,`is_show`,`add_time`,`article_author` FROM `carver_article` WHERE  `article_id` > 18' LIMIT 1 [ RunTime:0.002177s ]
[2021-06-12T10:02:09+08:00][sql] SELECT `article_id`,`article_title`,`article_desc`,`article_content`,`article_img`,`article_guide`,`article_label`,`click_num`,`is_show`,`add_time`,`article_author` FROM `carver_article` WHERE  `article_id` < 18' ORDER BY `article_id` DESC LIMIT 1 [ RunTime:0.000520s ]
[2021-06-12T10:02:09+08:00][sql] SHOW FULL COLUMNS FROM `carver_link` [ RunTime:0.000571s ]
[2021-06-12T10:02:09+08:00][sql] SELECT * FROM `carver_link` WHERE  ( is_confirm=2 ) LIMIT 20 [ RunTime:0.000319s ]
[2021-06-12T10:02:09+08:00][sql] SELECT article_id,article_title,click_num,FROM_UNIXTIME(add_time,'%Y-%m-%d') as add_time FROM `carver_article` ORDER BY `click_num` DESC LIMIT 3 [ RunTime:0.000358s ]
[2021-06-12T10:02:09+08:00][sql] SHOW FULL COLUMNS FROM `carver_comment` [ RunTime:0.000553s ]
[2021-06-12T10:02:09+08:00][sql] SELECT `a`.*,`b`.`user_name` FROM `carver_comment` `a` INNER JOIN `carver_user` `b` ON `a`.`user_id`=`b`.`user_id` WHERE  `article_id` = 18' ORDER BY `create_time` DESC [ RunTime:0.000372s ]
[2021-06-12T10:02:09+08:00][sql] SHOW FULL COLUMNS FROM `carver_comment_to_others` [ RunTime:0.000542s ]
[2021-06-12T10:02:09+08:00][sql] SELECT * FROM `carver_comment_to_others` [ RunTime:0.000241s ]
[2021-06-12T10:02:09+08:00][sql] SHOW FULL COLUMNS FROM `carver_user` [ RunTime:0.000466s ]
[2021-06-12T10:02:09+08:00][sql] SELECT `user_name` FROM `carver_user` WHERE  `user_id` = 4 LIMIT 1 [ RunTime:0.000227s ]
[2021-06-12T10:02:09+08:00][sql] SELECT `user_name` FROM `carver_user` WHERE  `user_id` = 4 LIMIT 1 [ RunTime:0.000229s ]
[2021-06-12T10:02:09+08:00][sql] SELECT `user_name` FROM `carver_user` WHERE  `user_id` = 5 LIMIT 1 [ RunTime:0.000257s ]
[2021-06-12T10:02:09+08:00][sql] SELECT `user_name` FROM `carver_user` WHERE  `user_id` = 5 LIMIT 1 [ RunTime:0.000205s ]
[2021-06-12T10:02:09+08:00][sql] SELECT `user_name` FROM `carver_user` WHERE  `user_id` = 37 LIMIT 1 [ RunTime:0.000227s ]
[2021-06-12T10:02:09+08:00][sql] SELECT `user_name`,`user_id` FROM `carver_user` [ RunTime:0.000238s ]
[2021-06-12T10:02:09+08:00][sql] SHOW FULL COLUMNS FROM `carver_navigation` [ RunTime:0.000548s ]
[2021-06-12T10:02:09+08:00][sql] SELECT * FROM `carver_navigation` [ RunTime:0.000273s ]
[2021-06-12T10:02:09+08:00][sql] SELECT `article_label` FROM `carver_article` [ RunTime:0.000256s ]
[2021-06-12T12:30:58+08:00][sql] CONNECT:[ UseTime:0.000686s ] mysql:host=127.0.0.1;port=3306;dbname=carver;charset=utf8
[2021-06-12T12:30:58+08:00][sql] SHOW FULL COLUMNS FROM `carver_user` [ RunTime:0.000937s ]
[2021-06-12T12:30:58+08:00][sql] SHOW FULL COLUMNS FROM `carver_article` [ RunTime:0.000710s ]
[2021-06-12T12:30:58+08:00][sql] SELECT COUNT(*) AS think_count FROM `carver_article` WHERE  `delete_time` = 0  AND `is_show` = 1 [ RunTime:0.000403s ]
[2021-06-12T12:30:58+08:00][sql] SELECT `article_id`,`article_title`,`article_desc`,`article_content`,`article_img`,`article_guide`,`article_label`,`click_num`,`is_show`,`add_time`,`article_author`,`is_top_show` FROM `carver_article` WHERE  `delete_time` = 0  AND `is_show` = 1 ORDER BY `article_id` DESC LIMIT 0,6 [ RunTime:0.000659s ]
[2021-06-12T12:30:58+08:00][sql] SELECT article_id,article_title,click_num,FROM_UNIXTIME(add_time,'%Y-%m-%d') as add_time FROM `carver_article` WHERE  `is_show` = 1  AND `delete_time` = 0 ORDER BY `click_num` DESC LIMIT 3 [ RunTime:0.000525s ]
[2021-06-12T12:30:58+08:00][sql] SHOW FULL COLUMNS FROM `carver_notice` [ RunTime:0.000632s ]
[2021-06-12T12:30:58+08:00][sql] SELECT * FROM `carver_notice` ORDER BY `create_time` DESC LIMIT 3 [ RunTime:0.000295s ]
[2021-06-12T12:30:58+08:00][sql] SHOW FULL COLUMNS FROM `carver_navigation` [ RunTime:0.000554s ]
[2021-06-12T12:30:58+08:00][sql] SELECT * FROM `carver_navigation` [ RunTime:0.000243s ]
[2021-06-12T12:30:58+08:00][sql] SHOW FULL COLUMNS FROM `carver_link` [ RunTime:0.000561s ]
[2021-06-12T12:30:58+08:00][sql] SELECT * FROM `carver_link` WHERE  ( is_confirm=2 ) LIMIT 20 [ RunTime:0.000296s ]
[2021-06-12T12:30:58+08:00][sql] SELECT `article_label` FROM `carver_article` [ RunTime:0.000312s ]
[2021-06-12T12:30:58+08:00][sql] SHOW FULL COLUMNS FROM `carver_carouse` [ RunTime:0.000562s ]
[2021-06-12T12:30:58+08:00][sql] SELECT `carouse_img`,`carouse_desc` FROM `carver_carouse` WHERE  `is_show` = 1 ORDER BY `carouse_sort` DESC LIMIT 3 [ RunTime:0.000322s ]
[2021-06-12T12:30:58+08:00][sql] SHOW FULL COLUMNS FROM `carver_site` [ RunTime:0.000622s ]
[2021-06-12T12:30:58+08:00][sql] SELECT * FROM `carver_site` [ RunTime:0.000287s ]
[2021-06-12T12:56:11+08:00][sql] CONNECT:[ UseTime:0.000738s ] mysql:host=127.0.0.1;port=3306;dbname=carver;charset=utf8
[2021-06-12T12:56:11+08:00][sql] SHOW FULL COLUMNS FROM `carver_user` [ RunTime:0.000771s ]
[2021-06-12T13:08:29+08:00][sql] CONNECT:[ UseTime:0.000856s ] mysql:host=127.0.0.1;port=3306;dbname=carver;charset=utf8
[2021-06-12T13:08:29+08:00][sql] SHOW FULL COLUMNS FROM `carver_article` [ RunTime:0.000906s ]
[2021-06-12T13:08:29+08:00][sql] SELECT COUNT(*) AS think_count FROM `carver_article` WHERE  `article_label` LIKE '%c%'  AND `delete_time` = 0  AND `is_show` = 1 [ RunTime:0.000413s ]
[2021-06-12T13:08:29+08:00][sql] SELECT * FROM `carver_article` WHERE  `article_label` LIKE '%c%'  AND `delete_time` = 0  AND `is_show` = 1 LIMIT 0,6 [ RunTime:0.000928s ]
[2021-06-12T13:08:29+08:00][sql] SELECT article_id,article_title,click_num,FROM_UNIXTIME(add_time,'%Y-%m-%d') as add_time FROM `carver_article` WHERE  `is_show` = 1  AND `delete_time` = 0 ORDER BY `click_num` DESC LIMIT 3 [ RunTime:0.000410s ]
[2021-06-12T13:08:29+08:00][sql] SHOW FULL COLUMNS FROM `carver_notice` [ RunTime:0.000561s ]
[2021-06-12T13:08:29+08:00][sql] SELECT * FROM `carver_notice` ORDER BY `create_time` DESC LIMIT 3 [ RunTime:0.000276s ]
[2021-06-12T13:08:29+08:00][sql] SHOW FULL COLUMNS FROM `carver_navigation` [ RunTime:0.000503s ]
[2021-06-12T13:08:29+08:00][sql] SELECT * FROM `carver_navigation` [ RunTime:0.000244s ]
[2021-06-12T13:08:29+08:00][sql] SHOW FULL COLUMNS FROM `carver_link` [ RunTime:0.000473s ]
[2021-06-12T13:08:29+08:00][sql] SELECT * FROM `carver_link` WHERE  ( is_confirm=2 ) LIMIT 20 [ RunTime:0.000285s ]
[2021-06-12T13:08:29+08:00][sql] SELECT `article_label` FROM `carver_article` [ RunTime:0.000255s ]
[2021-06-12T13:08:29+08:00][sql] SHOW FULL COLUMNS FROM `carver_carouse` [ RunTime:0.000519s ]
[2021-06-12T13:08:29+08:00][sql] SELECT `carouse_img`,`carouse_desc` FROM `carver_carouse` WHERE  `is_show` = 1 ORDER BY `carouse_sort` DESC LIMIT 3 [ RunTime:0.000266s ]
[2021-06-12T13:08:29+08:00][sql] SHOW FULL COLUMNS FROM `carver_site` [ RunTime:0.000508s ]
[2021-06-12T13:08:29+08:00][sql] SELECT * FROM `carver_site` [ RunTime:0.000237s ]
[2021-06-12T13:42:42+08:00][sql] CONNECT:[ UseTime:0.000568s ] mysql:host=127.0.0.1;port=3306;dbname=carver;charset=utf8
[2021-06-12T13:42:42+08:00][sql] SHOW FULL COLUMNS FROM `carver_article` [ RunTime:0.000858s ]
[2021-06-12T13:42:42+08:00][sql] SELECT `article_id`,`article_title`,`article_desc`,`article_content`,`article_img`,`article_guide`,`article_label`,`click_num`,`is_show`,`add_time`,`article_author` FROM `carver_article` WHERE  `article_id` = 1 LIMIT 1 [ RunTime:0.000492s ]
[2021-06-12T13:42:42+08:00][sql] SELECT `article_id`,`article_title`,`article_desc`,`article_content`,`article_img`,`article_guide`,`article_label`,`click_num`,`is_show`,`add_time`,`article_author` FROM `carver_article` WHERE  `article_id` > 1 LIMIT 1 [ RunTime:0.000363s ]
[2021-06-12T13:42:42+08:00][sql] SELECT `article_id`,`article_title`,`article_desc`,`article_content`,`article_img`,`article_guide`,`article_label`,`click_num`,`is_show`,`add_time`,`article_author` FROM `carver_article` WHERE  `article_id` < 1 ORDER BY `article_id` DESC LIMIT 1 [ RunTime:0.000319s ]
[2021-06-12T13:42:42+08:00][sql] SHOW FULL COLUMNS FROM `carver_link` [ RunTime:0.000557s ]
[2021-06-12T13:42:42+08:00][sql] SELECT * FROM `carver_link` WHERE  ( is_confirm=2 ) LIMIT 20 [ RunTime:0.000324s ]
[2021-06-12T13:42:42+08:00][sql] SELECT article_id,article_title,click_num,FROM_UNIXTIME(add_time,'%Y-%m-%d') as add_time FROM `carver_article` ORDER BY `click_num` DESC LIMIT 3 [ RunTime:0.000325s ]
[2021-06-12T13:42:42+08:00][sql] SHOW FULL COLUMNS FROM `carver_comment` [ RunTime:0.000516s ]
[2021-06-12T13:42:42+08:00][sql] SELECT `a`.*,`b`.`user_name` FROM `carver_comment` `a` INNER JOIN `carver_user` `b` ON `a`.`user_id`=`b`.`user_id` WHERE  `article_id` = 1 ORDER BY `create_time` DESC [ RunTime:0.000438s ]
[2021-06-12T13:42:42+08:00][sql] SHOW FULL COLUMNS FROM `carver_comment_to_others` [ RunTime:0.000518s ]
[2021-06-12T13:42:42+08:00][sql] SELECT * FROM `carver_comment_to_others` [ RunTime:0.000246s ]
[2021-06-12T13:42:42+08:00][sql] SHOW FULL COLUMNS FROM `carver_user` [ RunTime:0.000483s ]
[2021-06-12T13:42:42+08:00][sql] SELECT `user_name` FROM `carver_user` WHERE  `user_id` = 4 LIMIT 1 [ RunTime:0.000270s ]
[2021-06-12T13:42:42+08:00][sql] SELECT `user_name` FROM `carver_user` WHERE  `user_id` = 4 LIMIT 1 [ RunTime:0.000221s ]
[2021-06-12T13:42:42+08:00][sql] SELECT `user_name` FROM `carver_user` WHERE  `user_id` = 5 LIMIT 1 [ RunTime:0.000226s ]
[2021-06-12T13:42:42+08:00][sql] SELECT `user_name` FROM `carver_user` WHERE  `user_id` = 5 LIMIT 1 [ RunTime:0.000220s ]
[2021-06-12T13:42:42+08:00][sql] SELECT `user_name` FROM `carver_user` WHERE  `user_id` = 37 LIMIT 1 [ RunTime:0.000215s ]
[2021-06-12T13:42:42+08:00][sql] SELECT `user_name`,`user_id` FROM `carver_user` [ RunTime:0.000244s ]
[2021-06-12T13:42:42+08:00][sql] SHOW FULL COLUMNS FROM `carver_navigation` [ RunTime:0.000694s ]
[2021-06-12T13:42:42+08:00][sql] SELECT * FROM `carver_navigation` [ RunTime:0.000244s ]
[2021-06-12T13:42:42+08:00][sql] SELECT `article_label` FROM `carver_article` [ RunTime:0.000243s ]
[2021-06-12T14:37:15+08:00][sql] CONNECT:[ UseTime:0.000573s ] mysql:host=127.0.0.1;port=3306;dbname=carver;charset=utf8
[2021-06-12T14:37:15+08:00][sql] SHOW FULL COLUMNS FROM `carver_user` [ RunTime:0.000869s ]
[2021-06-12T14:37:15+08:00][sql] SHOW FULL COLUMNS FROM `carver_article` [ RunTime:0.000702s ]
[2021-06-12T14:37:15+08:00][sql] SELECT COUNT(*) AS think_count FROM `carver_article` WHERE  `delete_time` = 0  AND `is_show` = 1 [ RunTime:0.000458s ]
[2021-06-12T14:37:15+08:00][sql] SELECT `article_id`,`article_title`,`article_desc`,`article_content`,`article_img`,`article_guide`,`article_label`,`click_num`,`is_show`,`add_time`,`article_author`,`is_top_show` FROM `carver_article` WHERE  `delete_time` = 0  AND `is_show` = 1 ORDER BY `article_id` DESC LIMIT 0,6 [ RunTime:0.000697s ]
[2021-06-12T14:37:15+08:00][sql] SELECT article_id,article_title,click_num,FROM_UNIXTIME(add_time,'%Y-%m-%d') as add_time FROM `carver_article` WHERE  `is_show` = 1  AND `delete_time` = 0 ORDER BY `click_num` DESC LIMIT 3 [ RunTime:0.000479s ]
[2021-06-12T14:37:15+08:00][sql] SHOW FULL COLUMNS FROM `carver_notice` [ RunTime:0.000646s ]
[2021-06-12T14:37:15+08:00][sql] SELECT * FROM `carver_notice` ORDER BY `create_time` DESC LIMIT 3 [ RunTime:0.000335s ]
[2021-06-12T14:37:15+08:00][sql] SHOW FULL COLUMNS FROM `carver_navigation` [ RunTime:0.000577s ]
[2021-06-12T14:37:15+08:00][sql] SELECT * FROM `carver_navigation` [ RunTime:0.000264s ]
[2021-06-12T14:37:15+08:00][sql] SHOW FULL COLUMNS FROM `carver_link` [ RunTime:0.000519s ]
[2021-06-12T14:37:15+08:00][sql] SELECT * FROM `carver_link` WHERE  ( is_confirm=2 ) LIMIT 20 [ RunTime:0.000334s ]
[2021-06-12T14:37:15+08:00][sql] SELECT `article_label` FROM `carver_article` [ RunTime:0.000306s ]
[2021-06-12T14:37:15+08:00][sql] SHOW FULL COLUMNS FROM `carver_carouse` [ RunTime:0.000573s ]
[2021-06-12T14:37:15+08:00][sql] SELECT `carouse_img`,`carouse_desc` FROM `carver_carouse` WHERE  `is_show` = 1 ORDER BY `carouse_sort` DESC LIMIT 3 [ RunTime:0.000306s ]
[2021-06-12T14:37:15+08:00][sql] SHOW FULL COLUMNS FROM `carver_site` [ RunTime:0.000547s ]
[2021-06-12T14:37:15+08:00][sql] SELECT * FROM `carver_site` [ RunTime:0.000261s ]
[2021-06-12T15:40:25+08:00][sql] CONNECT:[ UseTime:0.000588s ] mysql:host=127.0.0.1;port=3306;dbname=carver;charset=utf8
[2021-06-12T15:40:25+08:00][sql] SHOW FULL COLUMNS FROM `carver_user` [ RunTime:0.000817s ]
[2021-06-12T15:40:25+08:00][sql] SHOW FULL COLUMNS FROM `carver_article` [ RunTime:0.000815s ]
[2021-06-12T15:40:25+08:00][sql] SELECT COUNT(*) AS think_count FROM `carver_article` WHERE  `delete_time` = 0  AND `is_show` = 1 [ RunTime:0.000390s ]
[2021-06-12T15:40:25+08:00][sql] SELECT `article_id`,`article_title`,`article_desc`,`article_content`,`article_img`,`article_guide`,`article_label`,`click_num`,`is_show`,`add_time`,`article_author`,`is_top_show` FROM `carver_article` WHERE  `delete_time` = 0  AND `is_show` = 1 ORDER BY `article_id` DESC LIMIT 0,6 [ RunTime:0.000623s ]
[2021-06-12T15:40:25+08:00][sql] SELECT article_id,article_title,click_num,FROM_UNIXTIME(add_time,'%Y-%m-%d') as add_time FROM `carver_article` WHERE  `is_show` = 1  AND `delete_time` = 0 ORDER BY `click_num` DESC LIMIT 3 [ RunTime:0.000560s ]
[2021-06-12T15:40:25+08:00][sql] SHOW FULL COLUMNS FROM `carver_notice` [ RunTime:0.000649s ]
[2021-06-12T15:40:25+08:00][sql] SELECT * FROM `carver_notice` ORDER BY `create_time` DESC LIMIT 3 [ RunTime:0.000272s ]
[2021-06-12T15:40:25+08:00][sql] SHOW FULL COLUMNS FROM `carver_navigation` [ RunTime:0.000570s ]
[2021-06-12T15:40:25+08:00][sql] SELECT * FROM `carver_navigation` [ RunTime:0.000288s ]
[2021-06-12T15:40:25+08:00][sql] SHOW FULL COLUMNS FROM `carver_link` [ RunTime:0.000588s ]
[2021-06-12T15:40:25+08:00][sql] SELECT * FROM `carver_link` WHERE  ( is_confirm=2 ) LIMIT 20 [ RunTime:0.000293s ]
[2021-06-12T15:40:25+08:00][sql] SELECT `article_label` FROM `carver_article` [ RunTime:0.000290s ]
[2021-06-12T15:40:25+08:00][sql] SHOW FULL COLUMNS FROM `carver_carouse` [ RunTime:0.000495s ]
[2021-06-12T15:40:25+08:00][sql] SELECT `carouse_img`,`carouse_desc` FROM `carver_carouse` WHERE  `is_show` = 1 ORDER BY `carouse_sort` DESC LIMIT 3 [ RunTime:0.000309s ]
[2021-06-12T15:40:25+08:00][sql] SHOW FULL COLUMNS FROM `carver_site` [ RunTime:0.000485s ]
[2021-06-12T15:40:25+08:00][sql] SELECT * FROM `carver_site` [ RunTime:0.000244s ]
[2021-06-12T17:33:07+08:00][sql] CONNECT:[ UseTime:0.000576s ] mysql:host=127.0.0.1;port=3306;dbname=carver;charset=utf8
[2021-06-12T17:33:07+08:00][sql] SHOW FULL COLUMNS FROM `carver_user` [ RunTime:0.000836s ]
[2021-06-12T17:33:07+08:00][sql] SHOW FULL COLUMNS FROM `carver_article` [ RunTime:0.000705s ]
[2021-06-12T17:33:07+08:00][sql] SELECT COUNT(*) AS think_count FROM `carver_article` WHERE  `delete_time` = 0  AND `is_show` = 1 [ RunTime:0.000382s ]
[2021-06-12T17:33:07+08:00][sql] SELECT `article_id`,`article_title`,`article_desc`,`article_content`,`article_img`,`article_guide`,`article_label`,`click_num`,`is_show`,`add_time`,`article_author`,`is_top_show` FROM `carver_article` WHERE  `delete_time` = 0  AND `is_show` = 1 ORDER BY `article_id` DESC LIMIT 12,6 [ RunTime:0.001145s ]
[2021-06-12T17:33:07+08:00][sql] SELECT article_id,article_title,click_num,FROM_UNIXTIME(add_time,'%Y-%m-%d') as add_time FROM `carver_article` WHERE  `is_show` = 1  AND `delete_time` = 0 ORDER BY `click_num` DESC LIMIT 3 [ RunTime:0.000497s ]
[2021-06-12T17:33:07+08:00][sql] SHOW FULL COLUMNS FROM `carver_notice` [ RunTime:0.000581s ]
[2021-06-12T17:33:07+08:00][sql] SELECT * FROM `carver_notice` ORDER BY `create_time` DESC LIMIT 3 [ RunTime:0.000274s ]
[2021-06-12T17:33:07+08:00][sql] SHOW FULL COLUMNS FROM `carver_navigation` [ RunTime:0.000515s ]
[2021-06-12T17:33:07+08:00][sql] SELECT * FROM `carver_navigation` [ RunTime:0.000252s ]
[2021-06-12T17:33:07+08:00][sql] SHOW FULL COLUMNS FROM `carver_link` [ RunTime:0.000511s ]
[2021-06-12T17:33:07+08:00][sql] SELECT * FROM `carver_link` WHERE  ( is_confirm=2 ) LIMIT 20 [ RunTime:0.000282s ]
[2021-06-12T17:33:07+08:00][sql] SELECT `article_label` FROM `carver_article` [ RunTime:0.000352s ]
[2021-06-12T17:33:07+08:00][sql] SHOW FULL COLUMNS FROM `carver_carouse` [ RunTime:0.000521s ]
[2021-06-12T17:33:07+08:00][sql] SELECT `carouse_img`,`carouse_desc` FROM `carver_carouse` WHERE  `is_show` = 1 ORDER BY `carouse_sort` DESC LIMIT 3 [ RunTime:0.000297s ]
[2021-06-12T17:33:07+08:00][sql] SHOW FULL COLUMNS FROM `carver_site` [ RunTime:0.000458s ]
[2021-06-12T17:33:07+08:00][sql] SELECT * FROM `carver_site` [ RunTime:0.000249s ]
[2021-06-12T17:47:55+08:00][sql] CONNECT:[ UseTime:0.000682s ] mysql:host=127.0.0.1;port=3306;dbname=carver;charset=utf8
[2021-06-12T17:47:55+08:00][sql] SHOW FULL COLUMNS FROM `carver_article` [ RunTime:0.001465s ]
[2021-06-12T17:47:55+08:00][sql] SELECT COUNT(*) AS think_count FROM `carver_article` WHERE  `article_label` LIKE '%swoole%'  AND `delete_time` = 0  AND `is_show` = 1 [ RunTime:0.000650s ]
[2021-06-12T17:47:55+08:00][sql] SELECT * FROM `carver_article` WHERE  `article_label` LIKE '%swoole%'  AND `delete_time` = 0  AND `is_show` = 1 LIMIT 0,6 [ RunTime:0.001912s ]
[2021-06-12T17:47:55+08:00][sql] SELECT article_id,article_title,click_num,FROM_UNIXTIME(add_time,'%Y-%m-%d') as add_time FROM `carver_article` WHERE  `is_show` = 1  AND `delete_time` = 0 ORDER BY `click_num` DESC LIMIT 3 [ RunTime:0.000568s ]
[2021-06-12T17:47:55+08:00][sql] SHOW FULL COLUMNS FROM `carver_notice` [ RunTime:0.001366s ]
[2021-06-12T17:47:55+08:00][sql] SELECT * FROM `carver_notice` ORDER BY `create_time` DESC LIMIT 3 [ RunTime:0.000478s ]
[2021-06-12T17:47:55+08:00][sql] SHOW FULL COLUMNS FROM `carver_navigation` [ RunTime:0.000536s ]
[2021-06-12T17:47:55+08:00][sql] SELECT * FROM `carver_navigation` [ RunTime:0.000285s ]
[2021-06-12T17:47:55+08:00][sql] SHOW FULL COLUMNS FROM `carver_link` [ RunTime:0.000490s ]
[2021-06-12T17:47:55+08:00][sql] SELECT * FROM `carver_link` WHERE  ( is_confirm=2 ) LIMIT 20 [ RunTime:0.000321s ]
[2021-06-12T17:47:55+08:00][sql] SELECT `article_label` FROM `carver_article` [ RunTime:0.000305s ]
[2021-06-12T17:47:55+08:00][sql] SHOW FULL COLUMNS FROM `carver_carouse` [ RunTime:0.000515s ]
[2021-06-12T17:47:55+08:00][sql] SELECT `carouse_img`,`carouse_desc` FROM `carver_carouse` WHERE  `is_show` = 1 ORDER BY `carouse_sort` DESC LIMIT 3 [ RunTime:0.000311s ]
[2021-06-12T17:47:55+08:00][sql] SHOW FULL COLUMNS FROM `carver_site` [ RunTime:0.000501s ]
[2021-06-12T17:47:55+08:00][sql] SELECT * FROM `carver_site` [ RunTime:0.000257s ]
[2021-06-12T19:59:39+08:00][sql] CONNECT:[ UseTime:0.000565s ] mysql:host=127.0.0.1;port=3306;dbname=carver;charset=utf8
[2021-06-12T19:59:39+08:00][sql] SHOW FULL COLUMNS FROM `carver_user` [ RunTime:0.000903s ]
[2021-06-12T19:59:39+08:00][sql] SHOW FULL COLUMNS FROM `carver_article` [ RunTime:0.000778s ]
[2021-06-12T19:59:39+08:00][sql] SELECT COUNT(*) AS think_count FROM `carver_article` WHERE  `delete_time` = 0  AND `is_show` = 1 [ RunTime:0.000437s ]
[2021-06-12T19:59:39+08:00][sql] SELECT `article_id`,`article_title`,`article_desc`,`article_content`,`article_img`,`article_guide`,`article_label`,`click_num`,`is_show`,`add_time`,`article_author`,`is_top_show` FROM `carver_article` WHERE  `delete_time` = 0  AND `is_show` = 1 ORDER BY `article_id` DESC LIMIT 30,6 [ RunTime:0.001159s ]
[2021-06-12T19:59:39+08:00][sql] SELECT article_id,article_title,click_num,FROM_UNIXTIME(add_time,'%Y-%m-%d') as add_time FROM `carver_article` WHERE  `is_show` = 1  AND `delete_time` = 0 ORDER BY `click_num` DESC LIMIT 3 [ RunTime:0.000425s ]
[2021-06-12T19:59:39+08:00][sql] SHOW FULL COLUMNS FROM `carver_notice` [ RunTime:0.000733s ]
[2021-06-12T19:59:39+08:00][sql] SELECT * FROM `carver_notice` ORDER BY `create_time` DESC LIMIT 3 [ RunTime:0.000285s ]
[2021-06-12T19:59:39+08:00][sql] SHOW FULL COLUMNS FROM `carver_navigation` [ RunTime:0.000644s ]
[2021-06-12T19:59:39+08:00][sql] SELECT * FROM `carver_navigation` [ RunTime:0.000278s ]
[2021-06-12T19:59:39+08:00][sql] SHOW FULL COLUMNS FROM `carver_link` [ RunTime:0.000720s ]
[2021-06-12T19:59:39+08:00][sql] SELECT * FROM `carver_link` WHERE  ( is_confirm=2 ) LIMIT 20 [ RunTime:0.000358s ]
[2021-06-12T19:59:39+08:00][sql] SELECT `article_label` FROM `carver_article` [ RunTime:0.000285s ]
[2021-06-12T19:59:39+08:00][sql] SHOW FULL COLUMNS FROM `carver_carouse` [ RunTime:0.000559s ]
[2021-06-12T19:59:39+08:00][sql] SELECT `carouse_img`,`carouse_desc` FROM `carver_carouse` WHERE  `is_show` = 1 ORDER BY `carouse_sort` DESC LIMIT 3 [ RunTime:0.000304s ]
[2021-06-12T19:59:39+08:00][sql] SHOW FULL COLUMNS FROM `carver_site` [ RunTime:0.000643s ]
[2021-06-12T19:59:39+08:00][sql] SELECT * FROM `carver_site` [ RunTime:0.000320s ]
[2021-06-12T22:10:14+08:00][sql] CONNECT:[ UseTime:0.000522s ] mysql:host=127.0.0.1;port=3306;dbname=carver;charset=utf8
[2021-06-12T22:10:14+08:00][sql] SHOW FULL COLUMNS FROM `carver_user` [ RunTime:0.000832s ]
[2021-06-12T22:10:14+08:00][sql] SHOW FULL COLUMNS FROM `carver_article` [ RunTime:0.000773s ]
[2021-06-12T22:10:14+08:00][sql] SELECT COUNT(*) AS think_count FROM `carver_article` WHERE  `delete_time` = 0  AND `is_show` = 1 [ RunTime:0.000386s ]
[2021-06-12T22:10:14+08:00][sql] SELECT `article_id`,`article_title`,`article_desc`,`article_content`,`article_img`,`article_guide`,`article_label`,`click_num`,`is_show`,`add_time`,`article_author`,`is_top_show` FROM `carver_article` WHERE  `delete_time` = 0  AND `is_show` = 1 ORDER BY `article_id` DESC LIMIT 48,6 [ RunTime:0.000953s ]
[2021-06-12T22:10:14+08:00][sql] SELECT article_id,article_title,click_num,FROM_UNIXTIME(add_time,'%Y-%m-%d') as add_time FROM `carver_article` WHERE  `is_show` = 1  AND `delete_time` = 0 ORDER BY `click_num` DESC LIMIT 3 [ RunTime:0.000419s ]
[2021-06-12T22:10:14+08:00][sql] SHOW FULL COLUMNS FROM `carver_notice` [ RunTime:0.000704s ]
[2021-06-12T22:10:14+08:00][sql] SELECT * FROM `carver_notice` ORDER BY `create_time` DESC LIMIT 3 [ RunTime:0.000290s ]
[2021-06-12T22:10:14+08:00][sql] SHOW FULL COLUMNS FROM `carver_navigation` [ RunTime:0.000606s ]
[2021-06-12T22:10:14+08:00][sql] SELECT * FROM `carver_navigation` [ RunTime:0.000312s ]
[2021-06-12T22:10:14+08:00][sql] SHOW FULL COLUMNS FROM `carver_link` [ RunTime:0.000610s ]
[2021-06-12T22:10:14+08:00][sql] SELECT * FROM `carver_link` WHERE  ( is_confirm=2 ) LIMIT 20 [ RunTime:0.000336s ]
[2021-06-12T22:10:14+08:00][sql] SELECT `article_label` FROM `carver_article` [ RunTime:0.000295s ]
[2021-06-12T22:10:14+08:00][sql] SHOW FULL COLUMNS FROM `carver_carouse` [ RunTime:0.000616s ]
[2021-06-12T22:10:14+08:00][sql] SELECT `carouse_img`,`carouse_desc` FROM `carver_carouse` WHERE  `is_show` = 1 ORDER BY `carouse_sort` DESC LIMIT 3 [ RunTime:0.000306s ]
[2021-06-12T22:10:14+08:00][sql] SHOW FULL COLUMNS FROM `carver_site` [ RunTime:0.000591s ]
[2021-06-12T22:10:14+08:00][sql] SELECT * FROM `carver_site` [ RunTime:0.000318s ]
