[2021-06-14T01:15:43+08:00][sql] CONNECT:[ UseTime:0.002851s ] mysql:host=127.0.0.1;port=3306;dbname=carver;charset=utf8
[2021-06-14T01:15:43+08:00][sql] SHOW FULL COLUMNS FROM `carver_user` [ RunTime:0.003347s ]
[2021-06-14T01:15:43+08:00][sql] SHOW FULL COLUMNS FROM `carver_article` [ RunTime:0.001341s ]
[2021-06-14T01:15:43+08:00][sql] SELECT COUNT(*) AS think_count FROM `carver_article` WHERE  `delete_time` = 0  AND `is_show` = 1 [ RunTime:0.000402s ]
[2021-06-14T01:15:43+08:00][sql] SELECT `article_id`,`article_title`,`article_desc`,`article_content`,`article_img`,`article_guide`,`article_label`,`click_num`,`is_show`,`add_time`,`article_author`,`is_top_show` FROM `carver_article` WHERE  `delete_time` = 0  AND `is_show` = 1 ORDER BY `article_id` DESC LIMIT 18,6 [ RunTime:0.001626s ]
[2021-06-14T01:15:43+08:00][sql] SELECT article_id,article_title,click_num,FROM_UNIXTIME(add_time,'%Y-%m-%d') as add_time FROM `carver_article` WHERE  `is_show` = 1  AND `delete_time` = 0 ORDER BY `click_num` DESC LIMIT 3 [ RunTime:0.000478s ]
[2021-06-14T01:15:43+08:00][sql] SHOW FULL COLUMNS FROM `carver_notice` [ RunTime:0.002194s ]
[2021-06-14T01:15:43+08:00][sql] SELECT * FROM `carver_notice` ORDER BY `create_time` DESC LIMIT 3 [ RunTime:0.000269s ]
[2021-06-14T01:15:43+08:00][sql] SHOW FULL COLUMNS FROM `carver_navigation` [ RunTime:0.001081s ]
[2021-06-14T01:15:43+08:00][sql] SELECT * FROM `carver_navigation` [ RunTime:0.000301s ]
[2021-06-14T01:15:43+08:00][sql] SHOW FULL COLUMNS FROM `carver_link` [ RunTime:0.001036s ]
[2021-06-14T01:15:43+08:00][sql] SELECT * FROM `carver_link` WHERE  ( is_confirm=2 ) LIMIT 20 [ RunTime:0.000279s ]
[2021-06-14T01:15:43+08:00][sql] SELECT `article_label` FROM `carver_article` [ RunTime:0.000269s ]
[2021-06-14T01:15:43+08:00][sql] SHOW FULL COLUMNS FROM `carver_carouse` [ RunTime:0.001134s ]
[2021-06-14T01:15:43+08:00][sql] SELECT `carouse_img`,`carouse_desc` FROM `carver_carouse` WHERE  `is_show` = 1 ORDER BY `carouse_sort` DESC LIMIT 3 [ RunTime:0.000312s ]
[2021-06-14T01:15:43+08:00][sql] SHOW FULL COLUMNS FROM `carver_site` [ RunTime:0.001069s ]
[2021-06-14T01:15:43+08:00][sql] SELECT * FROM `carver_site` [ RunTime:0.000245s ]
[2021-06-14T01:32:50+08:00][sql] CONNECT:[ UseTime:0.000879s ] mysql:host=127.0.0.1;port=3306;dbname=carver;charset=utf8
[2021-06-14T01:32:50+08:00][sql] SHOW FULL COLUMNS FROM `carver_article` [ RunTime:0.000965s ]
[2021-06-14T01:32:50+08:00][sql] SELECT `article_id`,`article_title`,`article_desc`,`article_content`,`article_img`,`article_guide`,`article_label`,`click_num`,`is_show`,`add_time`,`article_author` FROM `carver_article` WHERE  `article_id` = 8 LIMIT 1 [ RunTime:0.000523s ]
[2021-06-14T01:32:50+08:00][sql] SELECT `article_id`,`article_title`,`article_desc`,`article_content`,`article_img`,`article_guide`,`article_label`,`click_num`,`is_show`,`add_time`,`article_author` FROM `carver_article` WHERE  `article_id` > 8 LIMIT 1 [ RunTime:0.000629s ]
[2021-06-14T01:32:50+08:00][sql] SELECT `article_id`,`article_title`,`article_desc`,`article_content`,`article_img`,`article_guide`,`article_label`,`click_num`,`is_show`,`add_time`,`article_author` FROM `carver_article` WHERE  `article_id` < 8 ORDER BY `article_id` DESC LIMIT 1 [ RunTime:0.000767s ]
[2021-06-14T01:32:50+08:00][sql] SHOW FULL COLUMNS FROM `carver_link` [ RunTime:0.000549s ]
[2021-06-14T01:32:50+08:00][sql] SELECT * FROM `carver_link` WHERE  ( is_confirm=2 ) LIMIT 20 [ RunTime:0.000305s ]
[2021-06-14T01:32:50+08:00][sql] SELECT article_id,article_title,click_num,FROM_UNIXTIME(add_time,'%Y-%m-%d') as add_time FROM `carver_article` ORDER BY `click_num` DESC LIMIT 3 [ RunTime:0.000392s ]
[2021-06-14T01:32:50+08:00][sql] SHOW FULL COLUMNS FROM `carver_comment` [ RunTime:0.001438s ]
[2021-06-14T01:32:50+08:00][sql] SELECT `a`.*,`b`.`user_name` FROM `carver_comment` `a` INNER JOIN `carver_user` `b` ON `a`.`user_id`=`b`.`user_id` WHERE  `article_id` = 8 ORDER BY `create_time` DESC [ RunTime:0.000375s ]
[2021-06-14T01:32:50+08:00][sql] SHOW FULL COLUMNS FROM `carver_comment_to_others` [ RunTime:0.001163s ]
[2021-06-14T01:32:50+08:00][sql] SELECT * FROM `carver_comment_to_others` [ RunTime:0.000267s ]
[2021-06-14T01:32:50+08:00][sql] SHOW FULL COLUMNS FROM `carver_user` [ RunTime:0.000497s ]
[2021-06-14T01:32:50+08:00][sql] SELECT `user_name` FROM `carver_user` WHERE  `user_id` = 4 LIMIT 1 [ RunTime:0.000268s ]
[2021-06-14T01:32:50+08:00][sql] SELECT `user_name` FROM `carver_user` WHERE  `user_id` = 4 LIMIT 1 [ RunTime:0.000230s ]
[2021-06-14T01:32:50+08:00][sql] SELECT `user_name` FROM `carver_user` WHERE  `user_id` = 5 LIMIT 1 [ RunTime:0.000205s ]
[2021-06-14T01:32:50+08:00][sql] SELECT `user_name` FROM `carver_user` WHERE  `user_id` = 5 LIMIT 1 [ RunTime:0.000232s ]
[2021-06-14T01:32:50+08:00][sql] SELECT `user_name` FROM `carver_user` WHERE  `user_id` = 37 LIMIT 1 [ RunTime:0.000278s ]
[2021-06-14T01:32:50+08:00][sql] SELECT `user_name`,`user_id` FROM `carver_user` [ RunTime:0.000375s ]
[2021-06-14T01:32:50+08:00][sql] SHOW FULL COLUMNS FROM `carver_navigation` [ RunTime:0.000612s ]
[2021-06-14T01:32:50+08:00][sql] SELECT * FROM `carver_navigation` [ RunTime:0.000271s ]
[2021-06-14T01:32:50+08:00][sql] SELECT `article_label` FROM `carver_article` [ RunTime:0.000259s ]
[2021-06-14T01:48:43+08:00][sql] CONNECT:[ UseTime:0.000736s ] mysql:host=127.0.0.1;port=3306;dbname=carver;charset=utf8
[2021-06-14T01:48:43+08:00][sql] SHOW FULL COLUMNS FROM `carver_article` [ RunTime:0.000994s ]
[2021-06-14T01:48:43+08:00][sql] SELECT COUNT(*) AS think_count FROM `carver_article` WHERE  `article_label` LIKE '%linux%'  AND `delete_time` = 0  AND `is_show` = 1 [ RunTime:0.000432s ]
[2021-06-14T01:48:43+08:00][sql] SELECT * FROM `carver_article` WHERE  `article_label` LIKE '%linux%'  AND `delete_time` = 0  AND `is_show` = 1 LIMIT 0,6 [ RunTime:0.001184s ]
[2021-06-14T01:48:43+08:00][sql] SELECT article_id,article_title,click_num,FROM_UNIXTIME(add_time,'%Y-%m-%d') as add_time FROM `carver_article` WHERE  `is_show` = 1  AND `delete_time` = 0 ORDER BY `click_num` DESC LIMIT 3 [ RunTime:0.000425s ]
[2021-06-14T01:48:43+08:00][sql] SHOW FULL COLUMNS FROM `carver_notice` [ RunTime:0.000606s ]
[2021-06-14T01:48:43+08:00][sql] SELECT * FROM `carver_notice` ORDER BY `create_time` DESC LIMIT 3 [ RunTime:0.000264s ]
[2021-06-14T01:48:43+08:00][sql] SHOW FULL COLUMNS FROM `carver_navigation` [ RunTime:0.000549s ]
[2021-06-14T01:48:43+08:00][sql] SELECT * FROM `carver_navigation` [ RunTime:0.000249s ]
[2021-06-14T01:48:43+08:00][sql] SHOW FULL COLUMNS FROM `carver_link` [ RunTime:0.000742s ]
[2021-06-14T01:48:43+08:00][sql] SELECT * FROM `carver_link` WHERE  ( is_confirm=2 ) LIMIT 20 [ RunTime:0.000310s ]
[2021-06-14T01:48:43+08:00][sql] SELECT `article_label` FROM `carver_article` [ RunTime:0.000247s ]
[2021-06-14T01:48:43+08:00][sql] SHOW FULL COLUMNS FROM `carver_carouse` [ RunTime:0.000518s ]
[2021-06-14T01:48:43+08:00][sql] SELECT `carouse_img`,`carouse_desc` FROM `carver_carouse` WHERE  `is_show` = 1 ORDER BY `carouse_sort` DESC LIMIT 3 [ RunTime:0.000277s ]
[2021-06-14T01:48:43+08:00][sql] SHOW FULL COLUMNS FROM `carver_site` [ RunTime:0.000531s ]
[2021-06-14T01:48:43+08:00][sql] SELECT * FROM `carver_site` [ RunTime:0.000255s ]
[2021-06-14T01:58:52+08:00][sql] CONNECT:[ UseTime:0.000946s ] mysql:host=127.0.0.1;port=3306;dbname=carver;charset=utf8
[2021-06-14T01:58:52+08:00][sql] SHOW FULL COLUMNS FROM `carver_user` [ RunTime:0.000871s ]
[2021-06-14T01:58:52+08:00][sql] SHOW FULL COLUMNS FROM `carver_article` [ RunTime:0.000816s ]
[2021-06-14T01:58:52+08:00][sql] SELECT COUNT(*) AS think_count FROM `carver_article` WHERE  `delete_time` = 0  AND `is_show` = 1 [ RunTime:0.000398s ]
[2021-06-14T01:58:52+08:00][sql] SELECT `article_id`,`article_title`,`article_desc`,`article_content`,`article_img`,`article_guide`,`article_label`,`click_num`,`is_show`,`add_time`,`article_author`,`is_top_show` FROM `carver_article` WHERE  `delete_time` = 0  AND `is_show` = 1 ORDER BY `article_id` DESC LIMIT 18,6 [ RunTime:0.001689s ]
[2021-06-14T01:58:52+08:00][sql] SELECT article_id,article_title,click_num,FROM_UNIXTIME(add_time,'%Y-%m-%d') as add_time FROM `carver_article` WHERE  `is_show` = 1  AND `delete_time` = 0 ORDER BY `click_num` DESC LIMIT 3 [ RunTime:0.000492s ]
[2021-06-14T01:58:52+08:00][sql] SHOW FULL COLUMNS FROM `carver_notice` [ RunTime:0.000582s ]
[2021-06-14T01:58:52+08:00][sql] SELECT * FROM `carver_notice` ORDER BY `create_time` DESC LIMIT 3 [ RunTime:0.000364s ]
[2021-06-14T01:58:52+08:00][sql] SHOW FULL COLUMNS FROM `carver_navigation` [ RunTime:0.000637s ]
[2021-06-14T01:58:52+08:00][sql] SELECT * FROM `carver_navigation` [ RunTime:0.000253s ]
[2021-06-14T01:58:52+08:00][sql] SHOW FULL COLUMNS FROM `carver_link` [ RunTime:0.000512s ]
[2021-06-14T01:58:52+08:00][sql] SELECT * FROM `carver_link` WHERE  ( is_confirm=2 ) LIMIT 20 [ RunTime:0.000304s ]
[2021-06-14T01:58:52+08:00][sql] SELECT `article_label` FROM `carver_article` [ RunTime:0.000269s ]
[2021-06-14T01:58:52+08:00][sql] SHOW FULL COLUMNS FROM `carver_carouse` [ RunTime:0.000564s ]
[2021-06-14T01:58:52+08:00][sql] SELECT `carouse_img`,`carouse_desc` FROM `carver_carouse` WHERE  `is_show` = 1 ORDER BY `carouse_sort` DESC LIMIT 3 [ RunTime:0.000295s ]
[2021-06-14T01:58:52+08:00][sql] SHOW FULL COLUMNS FROM `carver_site` [ RunTime:0.000539s ]
[2021-06-14T01:58:52+08:00][sql] SELECT * FROM `carver_site` [ RunTime:0.000225s ]
[2021-06-14T02:04:00+08:00][sql] CONNECT:[ UseTime:0.000738s ] mysql:host=127.0.0.1;port=3306;dbname=carver;charset=utf8
[2021-06-14T02:04:00+08:00][sql] SHOW FULL COLUMNS FROM `carver_user` [ RunTime:0.000946s ]
[2021-06-14T02:04:00+08:00][sql] SHOW FULL COLUMNS FROM `carver_article` [ RunTime:0.000794s ]
[2021-06-14T02:04:00+08:00][sql] SELECT COUNT(*) AS think_count FROM `carver_article` WHERE  `delete_time` = 0  AND `is_show` = 1 [ RunTime:0.000399s ]
[2021-06-14T02:04:00+08:00][sql] SELECT `article_id`,`article_title`,`article_desc`,`article_content`,`article_img`,`article_guide`,`article_label`,`click_num`,`is_show`,`add_time`,`article_author`,`is_top_show` FROM `carver_article` WHERE  `delete_time` = 0  AND `is_show` = 1 ORDER BY `article_id` DESC LIMIT 0,6 [ RunTime:0.000745s ]
[2021-06-14T02:04:00+08:00][sql] SELECT article_id,article_title,click_num,FROM_UNIXTIME(add_time,'%Y-%m-%d') as add_time FROM `carver_article` WHERE  `is_show` = 1  AND `delete_time` = 0 ORDER BY `click_num` DESC LIMIT 3 [ RunTime:0.000460s ]
[2021-06-14T02:04:00+08:00][sql] SHOW FULL COLUMNS FROM `carver_notice` [ RunTime:0.000601s ]
[2021-06-14T02:04:00+08:00][sql] SELECT * FROM `carver_notice` ORDER BY `create_time` DESC LIMIT 3 [ RunTime:0.000267s ]
[2021-06-14T02:04:00+08:00][sql] SHOW FULL COLUMNS FROM `carver_navigation` [ RunTime:0.000555s ]
[2021-06-14T02:04:00+08:00][sql] SELECT * FROM `carver_navigation` [ RunTime:0.000254s ]
[2021-06-14T02:04:00+08:00][sql] SHOW FULL COLUMNS FROM `carver_link` [ RunTime:0.000539s ]
[2021-06-14T02:04:00+08:00][sql] SELECT * FROM `carver_link` WHERE  ( is_confirm=2 ) LIMIT 20 [ RunTime:0.000297s ]
[2021-06-14T02:04:00+08:00][sql] SELECT `article_label` FROM `carver_article` [ RunTime:0.000289s ]
[2021-06-14T02:04:00+08:00][sql] SHOW FULL COLUMNS FROM `carver_carouse` [ RunTime:0.000647s ]
[2021-06-14T02:04:00+08:00][sql] SELECT `carouse_img`,`carouse_desc` FROM `carver_carouse` WHERE  `is_show` = 1 ORDER BY `carouse_sort` DESC LIMIT 3 [ RunTime:0.000309s ]
[2021-06-14T02:04:00+08:00][sql] SHOW FULL COLUMNS FROM `carver_site` [ RunTime:0.000506s ]
[2021-06-14T02:04:00+08:00][sql] SELECT * FROM `carver_site` [ RunTime:0.000243s ]
[2021-06-14T02:04:07+08:00][sql] CONNECT:[ UseTime:0.001241s ] mysql:host=127.0.0.1;port=3306;dbname=carver;charset=utf8
[2021-06-14T02:04:07+08:00][sql] SHOW FULL COLUMNS FROM `carver_user` [ RunTime:0.000937s ]
[2021-06-14T02:04:07+08:00][sql] SHOW FULL COLUMNS FROM `carver_article` [ RunTime:0.000701s ]
[2021-06-14T02:04:07+08:00][sql] SELECT COUNT(*) AS think_count FROM `carver_article` WHERE  `delete_time` = 0  AND `is_show` = 1 [ RunTime:0.000374s ]
[2021-06-14T02:04:07+08:00][sql] SELECT `article_id`,`article_title`,`article_desc`,`article_content`,`article_img`,`article_guide`,`article_label`,`click_num`,`is_show`,`add_time`,`article_author`,`is_top_show` FROM `carver_article` WHERE  `delete_time` = 0  AND `is_show` = 1 ORDER BY `article_id` DESC LIMIT 0,6 [ RunTime:0.000752s ]
[2021-06-14T02:04:07+08:00][sql] SELECT article_id,article_title,click_num,FROM_UNIXTIME(add_time,'%Y-%m-%d') as add_time FROM `carver_article` WHERE  `is_show` = 1  AND `delete_time` = 0 ORDER BY `click_num` DESC LIMIT 3 [ RunTime:0.000460s ]
[2021-06-14T02:04:07+08:00][sql] SHOW FULL COLUMNS FROM `carver_notice` [ RunTime:0.000582s ]
[2021-06-14T02:04:07+08:00][sql] SELECT * FROM `carver_notice` ORDER BY `create_time` DESC LIMIT 3 [ RunTime:0.000279s ]
[2021-06-14T02:04:07+08:00][sql] SHOW FULL COLUMNS FROM `carver_navigation` [ RunTime:0.000544s ]
[2021-06-14T02:04:07+08:00][sql] SELECT * FROM `carver_navigation` [ RunTime:0.000243s ]
[2021-06-14T02:04:07+08:00][sql] SHOW FULL COLUMNS FROM `carver_link` [ RunTime:0.000545s ]
[2021-06-14T02:04:07+08:00][sql] SELECT * FROM `carver_link` WHERE  ( is_confirm=2 ) LIMIT 20 [ RunTime:0.000295s ]
[2021-06-14T02:04:07+08:00][sql] SELECT `article_label` FROM `carver_article` [ RunTime:0.000292s ]
[2021-06-14T02:04:07+08:00][sql] SHOW FULL COLUMNS FROM `carver_carouse` [ RunTime:0.000488s ]
[2021-06-14T02:04:07+08:00][sql] SELECT `carouse_img`,`carouse_desc` FROM `carver_carouse` WHERE  `is_show` = 1 ORDER BY `carouse_sort` DESC LIMIT 3 [ RunTime:0.000323s ]
[2021-06-14T02:04:07+08:00][sql] SHOW FULL COLUMNS FROM `carver_site` [ RunTime:0.000525s ]
[2021-06-14T02:04:07+08:00][sql] SELECT * FROM `carver_site` [ RunTime:0.000260s ]
[2021-06-14T03:36:24+08:00][sql] CONNECT:[ UseTime:0.000528s ] mysql:host=127.0.0.1;port=3306;dbname=carver;charset=utf8
[2021-06-14T03:36:24+08:00][sql] SHOW FULL COLUMNS FROM `carver_user` [ RunTime:0.000904s ]
[2021-06-14T03:36:24+08:00][sql] SHOW FULL COLUMNS FROM `carver_article` [ RunTime:0.000744s ]
[2021-06-14T03:36:24+08:00][sql] SELECT COUNT(*) AS think_count FROM `carver_article` WHERE  `delete_time` = 0  AND `is_show` = 1 [ RunTime:0.000401s ]
[2021-06-14T03:36:24+08:00][sql] SELECT `article_id`,`article_title`,`article_desc`,`article_content`,`article_img`,`article_guide`,`article_label`,`click_num`,`is_show`,`add_time`,`article_author`,`is_top_show` FROM `carver_article` WHERE  `delete_time` = 0  AND `is_show` = 1 ORDER BY `article_id` DESC LIMIT 0,6 [ RunTime:0.000786s ]
[2021-06-14T03:36:24+08:00][sql] SELECT article_id,article_title,click_num,FROM_UNIXTIME(add_time,'%Y-%m-%d') as add_time FROM `carver_article` WHERE  `is_show` = 1  AND `delete_time` = 0 ORDER BY `click_num` DESC LIMIT 3 [ RunTime:0.000431s ]
[2021-06-14T03:36:24+08:00][sql] SHOW FULL COLUMNS FROM `carver_notice` [ RunTime:0.000667s ]
[2021-06-14T03:36:24+08:00][sql] SELECT * FROM `carver_notice` ORDER BY `create_time` DESC LIMIT 3 [ RunTime:0.000258s ]
[2021-06-14T03:36:24+08:00][sql] SHOW FULL COLUMNS FROM `carver_navigation` [ RunTime:0.000550s ]
[2021-06-14T03:36:24+08:00][sql] SELECT * FROM `carver_navigation` [ RunTime:0.000273s ]
[2021-06-14T03:36:24+08:00][sql] SHOW FULL COLUMNS FROM `carver_link` [ RunTime:0.000603s ]
[2021-06-14T03:36:24+08:00][sql] SELECT * FROM `carver_link` WHERE  ( is_confirm=2 ) LIMIT 20 [ RunTime:0.000281s ]
[2021-06-14T03:36:24+08:00][sql] SELECT `article_label` FROM `carver_article` [ RunTime:0.000276s ]
[2021-06-14T03:36:24+08:00][sql] SHOW FULL COLUMNS FROM `carver_carouse` [ RunTime:0.000512s ]
[2021-06-14T03:36:24+08:00][sql] SELECT `carouse_img`,`carouse_desc` FROM `carver_carouse` WHERE  `is_show` = 1 ORDER BY `carouse_sort` DESC LIMIT 3 [ RunTime:0.000291s ]
[2021-06-14T03:36:24+08:00][sql] SHOW FULL COLUMNS FROM `carver_site` [ RunTime:0.000526s ]
[2021-06-14T03:36:24+08:00][sql] SELECT * FROM `carver_site` [ RunTime:0.000242s ]
[2021-06-14T04:14:02+08:00][sql] CONNECT:[ UseTime:0.006937s ] mysql:host=127.0.0.1;port=3306;dbname=carver;charset=utf8
[2021-06-14T04:14:02+08:00][sql] SHOW FULL COLUMNS FROM `carver_article` [ RunTime:0.002398s ]
[2021-06-14T04:14:02+08:00][sql] SELECT COUNT(*) AS think_count FROM `carver_article` WHERE  `article_guide` = 5  AND `delete_time` = 0  AND `is_show` = 1 [ RunTime:0.001683s ]
[2021-06-14T04:14:02+08:00][sql] SELECT * FROM `carver_article` WHERE  `article_guide` = 5  AND `delete_time` = 0  AND `is_show` = 1 ORDER BY `add_time` DESC LIMIT 6,6 [ RunTime:0.002147s ]
[2021-06-14T04:14:02+08:00][sql] SELECT article_id,article_title,click_num,FROM_UNIXTIME(add_time,'%Y-%m-%d') as add_time FROM `carver_article` WHERE  `is_show` = 1  AND `delete_time` = 0 ORDER BY `click_num` DESC LIMIT 3 [ RunTime:0.000626s ]
[2021-06-14T04:14:02+08:00][sql] SHOW FULL COLUMNS FROM `carver_notice` [ RunTime:0.000656s ]
[2021-06-14T04:14:02+08:00][sql] SELECT * FROM `carver_notice` ORDER BY `create_time` DESC LIMIT 3 [ RunTime:0.000288s ]
[2021-06-14T04:14:02+08:00][sql] SHOW FULL COLUMNS FROM `carver_navigation` [ RunTime:0.000645s ]
[2021-06-14T04:14:02+08:00][sql] SELECT * FROM `carver_navigation` [ RunTime:0.000264s ]
[2021-06-14T04:14:02+08:00][sql] SELECT `article_label` FROM `carver_article` [ RunTime:0.000260s ]
[2021-06-14T04:14:02+08:00][sql] SHOW FULL COLUMNS FROM `carver_carouse` [ RunTime:0.000633s ]
[2021-06-14T04:14:02+08:00][sql] SELECT `carouse_img`,`carouse_desc` FROM `carver_carouse` WHERE  `is_show` = 1 ORDER BY `carouse_sort` DESC LIMIT 3 [ RunTime:0.000507s ]
[2021-06-14T04:14:02+08:00][sql] SHOW FULL COLUMNS FROM `carver_link` [ RunTime:0.000528s ]
[2021-06-14T04:14:02+08:00][sql] SELECT * FROM `carver_link` WHERE  ( is_confirm=2 ) LIMIT 20 [ RunTime:0.000295s ]
[2021-06-14T04:14:02+08:00][sql] SHOW FULL COLUMNS FROM `carver_site` [ RunTime:0.000555s ]
[2021-06-14T04:14:02+08:00][sql] SELECT * FROM `carver_site` [ RunTime:0.000230s ]
[2021-06-14T05:17:53+08:00][sql] CONNECT:[ UseTime:0.000582s ] mysql:host=127.0.0.1;port=3306;dbname=carver;charset=utf8
[2021-06-14T05:17:53+08:00][sql] SHOW FULL COLUMNS FROM `carver_user` [ RunTime:0.000857s ]
[2021-06-14T05:17:53+08:00][sql] SHOW FULL COLUMNS FROM `carver_article` [ RunTime:0.000721s ]
[2021-06-14T05:17:53+08:00][sql] SELECT COUNT(*) AS think_count FROM `carver_article` WHERE  `delete_time` = 0  AND `is_show` = 1 [ RunTime:0.000399s ]
[2021-06-14T05:17:53+08:00][sql] SELECT `article_id`,`article_title`,`article_desc`,`article_content`,`article_img`,`article_guide`,`article_label`,`click_num`,`is_show`,`add_time`,`article_author`,`is_top_show` FROM `carver_article` WHERE  `delete_time` = 0  AND `is_show` = 1 ORDER BY `article_id` DESC LIMIT 0,6 [ RunTime:0.000757s ]
[2021-06-14T05:17:53+08:00][sql] SELECT article_id,article_title,click_num,FROM_UNIXTIME(add_time,'%Y-%m-%d') as add_time FROM `carver_article` WHERE  `is_show` = 1  AND `delete_time` = 0 ORDER BY `click_num` DESC LIMIT 3 [ RunTime:0.000435s ]
[2021-06-14T05:17:53+08:00][sql] SHOW FULL COLUMNS FROM `carver_notice` [ RunTime:0.000695s ]
[2021-06-14T05:17:53+08:00][sql] SELECT * FROM `carver_notice` ORDER BY `create_time` DESC LIMIT 3 [ RunTime:0.000269s ]
[2021-06-14T05:17:53+08:00][sql] SHOW FULL COLUMNS FROM `carver_navigation` [ RunTime:0.000546s ]
[2021-06-14T05:17:53+08:00][sql] SELECT * FROM `carver_navigation` [ RunTime:0.000237s ]
[2021-06-14T05:17:53+08:00][sql] SHOW FULL COLUMNS FROM `carver_link` [ RunTime:0.000630s ]
[2021-06-14T05:17:53+08:00][sql] SELECT * FROM `carver_link` WHERE  ( is_confirm=2 ) LIMIT 20 [ RunTime:0.000297s ]
[2021-06-14T05:17:53+08:00][sql] SELECT `article_label` FROM `carver_article` [ RunTime:0.000278s ]
[2021-06-14T05:17:53+08:00][sql] SHOW FULL COLUMNS FROM `carver_carouse` [ RunTime:0.000500s ]
[2021-06-14T05:17:53+08:00][sql] SELECT `carouse_img`,`carouse_desc` FROM `carver_carouse` WHERE  `is_show` = 1 ORDER BY `carouse_sort` DESC LIMIT 3 [ RunTime:0.000293s ]
[2021-06-14T05:17:53+08:00][sql] SHOW FULL COLUMNS FROM `carver_site` [ RunTime:0.000496s ]
[2021-06-14T05:17:53+08:00][sql] SELECT * FROM `carver_site` [ RunTime:0.000252s ]
[2021-06-14T06:30:45+08:00][sql] CONNECT:[ UseTime:0.000548s ] mysql:host=127.0.0.1;port=3306;dbname=carver;charset=utf8
[2021-06-14T06:30:45+08:00][sql] SHOW FULL COLUMNS FROM `carver_user` [ RunTime:0.001054s ]
[2021-06-14T06:30:45+08:00][sql] SHOW FULL COLUMNS FROM `carver_article` [ RunTime:0.000918s ]
[2021-06-14T06:30:45+08:00][sql] SELECT COUNT(*) AS think_count FROM `carver_article` WHERE  `delete_time` = 0  AND `is_show` = 1 [ RunTime:0.000395s ]
[2021-06-14T06:30:45+08:00][sql] SELECT `article_id`,`article_title`,`article_desc`,`article_content`,`article_img`,`article_guide`,`article_label`,`click_num`,`is_show`,`add_time`,`article_author`,`is_top_show` FROM `carver_article` WHERE  `delete_time` = 0  AND `is_show` = 1 ORDER BY `article_id` DESC LIMIT 78,6 [ RunTime:0.000950s ]
[2021-06-14T06:30:45+08:00][sql] SELECT article_id,article_title,click_num,FROM_UNIXTIME(add_time,'%Y-%m-%d') as add_time FROM `carver_article` WHERE  `is_show` = 1  AND `delete_time` = 0 ORDER BY `click_num` DESC LIMIT 3 [ RunTime:0.000545s ]
[2021-06-14T06:30:45+08:00][sql] SHOW FULL COLUMNS FROM `carver_notice` [ RunTime:0.000716s ]
[2021-06-14T06:30:45+08:00][sql] SELECT * FROM `carver_notice` ORDER BY `create_time` DESC LIMIT 3 [ RunTime:0.000307s ]
[2021-06-14T06:30:45+08:00][sql] SHOW FULL COLUMNS FROM `carver_navigation` [ RunTime:0.000579s ]
[2021-06-14T06:30:45+08:00][sql] SELECT * FROM `carver_navigation` [ RunTime:0.000297s ]
[2021-06-14T06:30:45+08:00][sql] SHOW FULL COLUMNS FROM `carver_link` [ RunTime:0.000576s ]
[2021-06-14T06:30:45+08:00][sql] SELECT * FROM `carver_link` WHERE  ( is_confirm=2 ) LIMIT 20 [ RunTime:0.000395s ]
[2021-06-14T06:30:45+08:00][sql] SELECT `article_label` FROM `carver_article` [ RunTime:0.000321s ]
[2021-06-14T06:30:45+08:00][sql] SHOW FULL COLUMNS FROM `carver_carouse` [ RunTime:0.000563s ]
[2021-06-14T06:30:45+08:00][sql] SELECT `carouse_img`,`carouse_desc` FROM `carver_carouse` WHERE  `is_show` = 1 ORDER BY `carouse_sort` DESC LIMIT 3 [ RunTime:0.000332s ]
[2021-06-14T06:30:45+08:00][sql] SHOW FULL COLUMNS FROM `carver_site` [ RunTime:0.000618s ]
[2021-06-14T06:30:45+08:00][sql] SELECT * FROM `carver_site` [ RunTime:0.000306s ]
[2021-06-14T09:50:29+08:00][sql] CONNECT:[ UseTime:0.000502s ] mysql:host=127.0.0.1;port=3306;dbname=carver;charset=utf8
[2021-06-14T09:50:29+08:00][sql] SHOW FULL COLUMNS FROM `carver_user` [ RunTime:0.013518s ]
[2021-06-14T09:50:29+08:00][sql] SHOW FULL COLUMNS FROM `carver_article` [ RunTime:0.000720s ]
[2021-06-14T09:50:29+08:00][sql] SELECT COUNT(*) AS think_count FROM `carver_article` WHERE  `delete_time` = 0  AND `is_show` = 1 [ RunTime:0.000387s ]
[2021-06-14T09:50:29+08:00][sql] SELECT `article_id`,`article_title`,`article_desc`,`article_content`,`article_img`,`article_guide`,`article_label`,`click_num`,`is_show`,`add_time`,`article_author`,`is_top_show` FROM `carver_article` WHERE  `delete_time` = 0  AND `is_show` = 1 ORDER BY `article_id` DESC LIMIT 18,6 [ RunTime:0.001755s ]
[2021-06-14T09:50:29+08:00][sql] SELECT article_id,article_title,click_num,FROM_UNIXTIME(add_time,'%Y-%m-%d') as add_time FROM `carver_article` WHERE  `is_show` = 1  AND `delete_time` = 0 ORDER BY `click_num` DESC LIMIT 3 [ RunTime:0.000525s ]
[2021-06-14T09:50:29+08:00][sql] SHOW FULL COLUMNS FROM `carver_notice` [ RunTime:0.000643s ]
[2021-06-14T09:50:29+08:00][sql] SELECT * FROM `carver_notice` ORDER BY `create_time` DESC LIMIT 3 [ RunTime:0.000264s ]
[2021-06-14T09:50:29+08:00][sql] SHOW FULL COLUMNS FROM `carver_navigation` [ RunTime:0.000531s ]
[2021-06-14T09:50:29+08:00][sql] SELECT * FROM `carver_navigation` [ RunTime:0.000238s ]
[2021-06-14T09:50:29+08:00][sql] SHOW FULL COLUMNS FROM `carver_link` [ RunTime:0.000521s ]
[2021-06-14T09:50:29+08:00][sql] SELECT * FROM `carver_link` WHERE  ( is_confirm=2 ) LIMIT 20 [ RunTime:0.000302s ]
[2021-06-14T09:50:29+08:00][sql] SELECT `article_label` FROM `carver_article` [ RunTime:0.001570s ]
[2021-06-14T09:50:29+08:00][sql] SHOW FULL COLUMNS FROM `carver_carouse` [ RunTime:0.000555s ]
[2021-06-14T09:50:29+08:00][sql] SELECT `carouse_img`,`carouse_desc` FROM `carver_carouse` WHERE  `is_show` = 1 ORDER BY `carouse_sort` DESC LIMIT 3 [ RunTime:0.000705s ]
[2021-06-14T09:50:29+08:00][sql] SHOW FULL COLUMNS FROM `carver_site` [ RunTime:0.001175s ]
[2021-06-14T09:50:29+08:00][sql] SELECT * FROM `carver_site` [ RunTime:0.000229s ]
[2021-06-14T09:50:29+08:00][sql] CONNECT:[ UseTime:0.013360s ] mysql:host=127.0.0.1;port=3306;dbname=carver;charset=utf8
[2021-06-14T09:50:29+08:00][sql] SHOW FULL COLUMNS FROM `carver_user` [ RunTime:0.002293s ]
[2021-06-14T09:50:29+08:00][sql] SHOW FULL COLUMNS FROM `carver_article` [ RunTime:0.009583s ]
[2021-06-14T09:50:29+08:00][sql] SELECT COUNT(*) AS think_count FROM `carver_article` WHERE  `delete_time` = 0  AND `is_show` = 1 [ RunTime:0.000358s ]
[2021-06-14T09:50:29+08:00][sql] SELECT `article_id`,`article_title`,`article_desc`,`article_content`,`article_img`,`article_guide`,`article_label`,`click_num`,`is_show`,`add_time`,`article_author`,`is_top_show` FROM `carver_article` WHERE  `delete_time` = 0  AND `is_show` = 1 ORDER BY `article_id` DESC LIMIT 12,6 [ RunTime:0.001275s ]
[2021-06-14T09:50:29+08:00][sql] SELECT article_id,article_title,click_num,FROM_UNIXTIME(add_time,'%Y-%m-%d') as add_time FROM `carver_article` WHERE  `is_show` = 1  AND `delete_time` = 0 ORDER BY `click_num` DESC LIMIT 3 [ RunTime:0.000467s ]
[2021-06-14T09:50:29+08:00][sql] SHOW FULL COLUMNS FROM `carver_notice` [ RunTime:0.000546s ]
[2021-06-14T09:50:29+08:00][sql] SELECT * FROM `carver_notice` ORDER BY `create_time` DESC LIMIT 3 [ RunTime:0.000267s ]
[2021-06-14T09:50:29+08:00][sql] SHOW FULL COLUMNS FROM `carver_navigation` [ RunTime:0.000549s ]
[2021-06-14T09:50:29+08:00][sql] SELECT * FROM `carver_navigation` [ RunTime:0.000253s ]
[2021-06-14T09:50:29+08:00][sql] SHOW FULL COLUMNS FROM `carver_link` [ RunTime:0.000566s ]
[2021-06-14T09:50:29+08:00][sql] SELECT * FROM `carver_link` WHERE  ( is_confirm=2 ) LIMIT 20 [ RunTime:0.000287s ]
[2021-06-14T09:50:29+08:00][sql] SELECT `article_label` FROM `carver_article` [ RunTime:0.000259s ]
[2021-06-14T09:50:29+08:00][sql] SHOW FULL COLUMNS FROM `carver_carouse` [ RunTime:0.001519s ]
[2021-06-14T09:50:29+08:00][sql] SELECT `carouse_img`,`carouse_desc` FROM `carver_carouse` WHERE  `is_show` = 1 ORDER BY `carouse_sort` DESC LIMIT 3 [ RunTime:0.000269s ]
[2021-06-14T09:50:29+08:00][sql] SHOW FULL COLUMNS FROM `carver_site` [ RunTime:0.000506s ]
[2021-06-14T09:50:29+08:00][sql] SELECT * FROM `carver_site` [ RunTime:0.000268s ]
[2021-06-14T10:04:11+08:00][sql] CONNECT:[ UseTime:0.000494s ] mysql:host=127.0.0.1;port=3306;dbname=carver;charset=utf8
[2021-06-14T10:04:11+08:00][sql] SHOW FULL COLUMNS FROM `carver_user` [ RunTime:0.000806s ]
[2021-06-14T10:04:11+08:00][sql] SHOW FULL COLUMNS FROM `carver_article` [ RunTime:0.000730s ]
[2021-06-14T10:04:11+08:00][sql] SELECT COUNT(*) AS think_count FROM `carver_article` WHERE  `delete_time` = 0  AND `is_show` = 1 [ RunTime:0.000379s ]
[2021-06-14T10:04:11+08:00][sql] SELECT `article_id`,`article_title`,`article_desc`,`article_content`,`article_img`,`article_guide`,`article_label`,`click_num`,`is_show`,`add_time`,`article_author`,`is_top_show` FROM `carver_article` WHERE  `delete_time` = 0  AND `is_show` = 1 ORDER BY `article_id` DESC LIMIT 0,6 [ RunTime:0.000742s ]
[2021-06-14T10:04:11+08:00][sql] SELECT article_id,article_title,click_num,FROM_UNIXTIME(add_time,'%Y-%m-%d') as add_time FROM `carver_article` WHERE  `is_show` = 1  AND `delete_time` = 0 ORDER BY `click_num` DESC LIMIT 3 [ RunTime:0.000531s ]
[2021-06-14T10:04:11+08:00][sql] SHOW FULL COLUMNS FROM `carver_notice` [ RunTime:0.000656s ]
[2021-06-14T10:04:11+08:00][sql] SELECT * FROM `carver_notice` ORDER BY `create_time` DESC LIMIT 3 [ RunTime:0.000255s ]
[2021-06-14T10:04:11+08:00][sql] SHOW FULL COLUMNS FROM `carver_navigation` [ RunTime:0.000541s ]
[2021-06-14T10:04:11+08:00][sql] SELECT * FROM `carver_navigation` [ RunTime:0.000245s ]
[2021-06-14T10:04:11+08:00][sql] SHOW FULL COLUMNS FROM `carver_link` [ RunTime:0.000507s ]
[2021-06-14T10:04:11+08:00][sql] SELECT * FROM `carver_link` WHERE  ( is_confirm=2 ) LIMIT 20 [ RunTime:0.000307s ]
[2021-06-14T10:04:11+08:00][sql] SELECT `article_label` FROM `carver_article` [ RunTime:0.000247s ]
[2021-06-14T10:04:11+08:00][sql] SHOW FULL COLUMNS FROM `carver_carouse` [ RunTime:0.000636s ]
[2021-06-14T10:04:11+08:00][sql] SELECT `carouse_img`,`carouse_desc` FROM `carver_carouse` WHERE  `is_show` = 1 ORDER BY `carouse_sort` DESC LIMIT 3 [ RunTime:0.000275s ]
[2021-06-14T10:04:11+08:00][sql] SHOW FULL COLUMNS FROM `carver_site` [ RunTime:0.000506s ]
[2021-06-14T10:04:11+08:00][sql] SELECT * FROM `carver_site` [ RunTime:0.000226s ]
[2021-06-14T11:08:08+08:00][sql] CONNECT:[ UseTime:0.000553s ] mysql:host=127.0.0.1;port=3306;dbname=carver;charset=utf8
[2021-06-14T11:08:08+08:00][sql] SHOW FULL COLUMNS FROM `carver_article` [ RunTime:0.000876s ]
[2021-06-14T11:08:08+08:00][sql] SELECT `article_id`,`article_title`,`article_desc`,`article_content`,`article_img`,`article_guide`,`article_label`,`click_num`,`is_show`,`add_time`,`article_author` FROM `carver_article` WHERE  `article_id` = 2 LIMIT 1 [ RunTime:0.000482s ]
[2021-06-14T11:08:08+08:00][sql] SELECT `article_id`,`article_title`,`article_desc`,`article_content`,`article_img`,`article_guide`,`article_label`,`click_num`,`is_show`,`add_time`,`article_author` FROM `carver_article` WHERE  `article_id` > 2 LIMIT 1 [ RunTime:0.000773s ]
[2021-06-14T11:08:08+08:00][sql] SELECT `article_id`,`article_title`,`article_desc`,`article_content`,`article_img`,`article_guide`,`article_label`,`click_num`,`is_show`,`add_time`,`article_author` FROM `carver_article` WHERE  `article_id` < 2 ORDER BY `article_id` DESC LIMIT 1 [ RunTime:0.000604s ]
[2021-06-14T11:08:08+08:00][sql] SHOW FULL COLUMNS FROM `carver_link` [ RunTime:0.000692s ]
[2021-06-14T11:08:08+08:00][sql] SELECT * FROM `carver_link` WHERE  ( is_confirm=2 ) LIMIT 20 [ RunTime:0.000614s ]
[2021-06-14T11:08:08+08:00][sql] SELECT article_id,article_title,click_num,FROM_UNIXTIME(add_time,'%Y-%m-%d') as add_time FROM `carver_article` ORDER BY `click_num` DESC LIMIT 3 [ RunTime:0.000657s ]
[2021-06-14T11:08:08+08:00][sql] SHOW FULL COLUMNS FROM `carver_comment` [ RunTime:0.000976s ]
[2021-06-14T11:08:08+08:00][sql] SELECT `a`.*,`b`.`user_name` FROM `carver_comment` `a` INNER JOIN `carver_user` `b` ON `a`.`user_id`=`b`.`user_id` WHERE  `article_id` = 2 ORDER BY `create_time` DESC [ RunTime:0.000706s ]
[2021-06-14T11:08:08+08:00][sql] SHOW FULL COLUMNS FROM `carver_comment_to_others` [ RunTime:0.000935s ]
[2021-06-14T11:08:08+08:00][sql] SELECT * FROM `carver_comment_to_others` [ RunTime:0.000657s ]
[2021-06-14T11:08:08+08:00][sql] SHOW FULL COLUMNS FROM `carver_user` [ RunTime:0.000516s ]
[2021-06-14T11:08:08+08:00][sql] SELECT `user_name` FROM `carver_user` WHERE  `user_id` = 4 LIMIT 1 [ RunTime:0.000267s ]
[2021-06-14T11:08:08+08:00][sql] SELECT `user_name` FROM `carver_user` WHERE  `user_id` = 4 LIMIT 1 [ RunTime:0.000240s ]
[2021-06-14T11:08:08+08:00][sql] SELECT `user_name` FROM `carver_user` WHERE  `user_id` = 5 LIMIT 1 [ RunTime:0.000225s ]
[2021-06-14T11:08:08+08:00][sql] SELECT `user_name` FROM `carver_user` WHERE  `user_id` = 5 LIMIT 1 [ RunTime:0.000228s ]
[2021-06-14T11:08:08+08:00][sql] SELECT `user_name` FROM `carver_user` WHERE  `user_id` = 37 LIMIT 1 [ RunTime:0.000236s ]
[2021-06-14T11:08:08+08:00][sql] SELECT `user_name`,`user_id` FROM `carver_user` [ RunTime:0.000299s ]
[2021-06-14T11:08:08+08:00][sql] SHOW FULL COLUMNS FROM `carver_navigation` [ RunTime:0.000564s ]
[2021-06-14T11:08:08+08:00][sql] SELECT * FROM `carver_navigation` [ RunTime:0.000238s ]
[2021-06-14T11:08:08+08:00][sql] SELECT `article_label` FROM `carver_article` [ RunTime:0.000279s ]
[2021-06-14T11:27:50+08:00][sql] CONNECT:[ UseTime:0.000617s ] mysql:host=127.0.0.1;port=3306;dbname=carver;charset=utf8
[2021-06-14T11:27:50+08:00][sql] SHOW FULL COLUMNS FROM `carver_user` [ RunTime:0.000844s ]
[2021-06-14T11:27:50+08:00][sql] SHOW FULL COLUMNS FROM `carver_article` [ RunTime:0.000798s ]
[2021-06-14T11:27:50+08:00][sql] SELECT COUNT(*) AS think_count FROM `carver_article` WHERE  `delete_time` = 0  AND `is_show` = 1 [ RunTime:0.000386s ]
[2021-06-14T11:27:50+08:00][sql] SELECT `article_id`,`article_title`,`article_desc`,`article_content`,`article_img`,`article_guide`,`article_label`,`click_num`,`is_show`,`add_time`,`article_author`,`is_top_show` FROM `carver_article` WHERE  `delete_time` = 0  AND `is_show` = 1 ORDER BY `article_id` DESC LIMIT 0,6 [ RunTime:0.000802s ]
[2021-06-14T11:27:50+08:00][sql] SELECT article_id,article_title,click_num,FROM_UNIXTIME(add_time,'%Y-%m-%d') as add_time FROM `carver_article` WHERE  `is_show` = 1  AND `delete_time` = 0 ORDER BY `click_num` DESC LIMIT 3 [ RunTime:0.000519s ]
[2021-06-14T11:27:50+08:00][sql] SHOW FULL COLUMNS FROM `carver_notice` [ RunTime:0.000734s ]
[2021-06-14T11:27:50+08:00][sql] SELECT * FROM `carver_notice` ORDER BY `create_time` DESC LIMIT 3 [ RunTime:0.000349s ]
[2021-06-14T11:27:50+08:00][sql] SHOW FULL COLUMNS FROM `carver_navigation` [ RunTime:0.000592s ]
[2021-06-14T11:27:50+08:00][sql] SELECT * FROM `carver_navigation` [ RunTime:0.000268s ]
[2021-06-14T11:27:50+08:00][sql] SHOW FULL COLUMNS FROM `carver_link` [ RunTime:0.000569s ]
[2021-06-14T11:27:50+08:00][sql] SELECT * FROM `carver_link` WHERE  ( is_confirm=2 ) LIMIT 20 [ RunTime:0.000396s ]
[2021-06-14T11:27:50+08:00][sql] SELECT `article_label` FROM `carver_article` [ RunTime:0.000365s ]
[2021-06-14T11:27:50+08:00][sql] SHOW FULL COLUMNS FROM `carver_carouse` [ RunTime:0.000608s ]
[2021-06-14T11:27:50+08:00][sql] SELECT `carouse_img`,`carouse_desc` FROM `carver_carouse` WHERE  `is_show` = 1 ORDER BY `carouse_sort` DESC LIMIT 3 [ RunTime:0.000718s ]
[2021-06-14T11:27:50+08:00][sql] SHOW FULL COLUMNS FROM `carver_site` [ RunTime:0.000546s ]
[2021-06-14T11:27:50+08:00][sql] SELECT * FROM `carver_site` [ RunTime:0.000280s ]
[2021-06-14T12:26:06+08:00][sql] CONNECT:[ UseTime:0.000569s ] mysql:host=127.0.0.1;port=3306;dbname=carver;charset=utf8
[2021-06-14T12:26:06+08:00][sql] SHOW FULL COLUMNS FROM `carver_article` [ RunTime:0.000934s ]
[2021-06-14T12:26:06+08:00][sql] SELECT COUNT(*) AS think_count FROM `carver_article` WHERE  `article_guide` = 5  AND `delete_time` = 0  AND `is_show` = 1 [ RunTime:0.000418s ]
[2021-06-14T12:26:06+08:00][sql] SELECT * FROM `carver_article` WHERE  `article_guide` = 5  AND `delete_time` = 0  AND `is_show` = 1 ORDER BY `add_time` DESC LIMIT 12,6 [ RunTime:0.000965s ]
[2021-06-14T12:26:06+08:00][sql] SELECT article_id,article_title,click_num,FROM_UNIXTIME(add_time,'%Y-%m-%d') as add_time FROM `carver_article` WHERE  `is_show` = 1  AND `delete_time` = 0 ORDER BY `click_num` DESC LIMIT 3 [ RunTime:0.000493s ]
[2021-06-14T12:26:06+08:00][sql] SHOW FULL COLUMNS FROM `carver_notice` [ RunTime:0.000666s ]
[2021-06-14T12:26:06+08:00][sql] SELECT * FROM `carver_notice` ORDER BY `create_time` DESC LIMIT 3 [ RunTime:0.000309s ]
[2021-06-14T12:26:06+08:00][sql] SHOW FULL COLUMNS FROM `carver_navigation` [ RunTime:0.000554s ]
[2021-06-14T12:26:06+08:00][sql] SELECT * FROM `carver_navigation` [ RunTime:0.000283s ]
[2021-06-14T12:26:06+08:00][sql] SELECT `article_label` FROM `carver_article` [ RunTime:0.000607s ]
[2021-06-14T12:26:06+08:00][sql] SHOW FULL COLUMNS FROM `carver_carouse` [ RunTime:0.000675s ]
[2021-06-14T12:26:06+08:00][sql] SELECT `carouse_img`,`carouse_desc` FROM `carver_carouse` WHERE  `is_show` = 1 ORDER BY `carouse_sort` DESC LIMIT 3 [ RunTime:0.000307s ]
[2021-06-14T12:26:06+08:00][sql] SHOW FULL COLUMNS FROM `carver_link` [ RunTime:0.000529s ]
[2021-06-14T12:26:06+08:00][sql] SELECT * FROM `carver_link` WHERE  ( is_confirm=2 ) LIMIT 20 [ RunTime:0.000284s ]
[2021-06-14T12:26:06+08:00][sql] SHOW FULL COLUMNS FROM `carver_site` [ RunTime:0.000574s ]
[2021-06-14T12:26:06+08:00][sql] SELECT * FROM `carver_site` [ RunTime:0.000262s ]
[2021-06-14T13:29:44+08:00][sql] CONNECT:[ UseTime:0.000590s ] mysql:host=127.0.0.1;port=3306;dbname=carver;charset=utf8
[2021-06-14T13:29:44+08:00][sql] SHOW FULL COLUMNS FROM `carver_article` [ RunTime:0.000877s ]
[2021-06-14T13:29:44+08:00][sql] SELECT `article_id`,`article_title`,`article_desc`,`article_content`,`article_img`,`article_guide`,`article_label`,`click_num`,`is_show`,`add_time`,`article_author` FROM `carver_article` WHERE  `article_id` = 21 LIMIT 1 [ RunTime:0.000471s ]
[2021-06-14T13:29:44+08:00][sql] SELECT `article_id`,`article_title`,`article_desc`,`article_content`,`article_img`,`article_guide`,`article_label`,`click_num`,`is_show`,`add_time`,`article_author` FROM `carver_article` WHERE  `article_id` > 21 LIMIT 1 [ RunTime:0.000548s ]
[2021-06-14T13:29:44+08:00][sql] SELECT `article_id`,`article_title`,`article_desc`,`article_content`,`article_img`,`article_guide`,`article_label`,`click_num`,`is_show`,`add_time`,`article_author` FROM `carver_article` WHERE  `article_id` < 21 ORDER BY `article_id` DESC LIMIT 1 [ RunTime:0.000531s ]
[2021-06-14T13:29:44+08:00][sql] SHOW FULL COLUMNS FROM `carver_link` [ RunTime:0.000568s ]
[2021-06-14T13:29:44+08:00][sql] SELECT * FROM `carver_link` WHERE  ( is_confirm=2 ) LIMIT 20 [ RunTime:0.000306s ]
[2021-06-14T13:29:44+08:00][sql] SELECT article_id,article_title,click_num,FROM_UNIXTIME(add_time,'%Y-%m-%d') as add_time FROM `carver_article` ORDER BY `click_num` DESC LIMIT 3 [ RunTime:0.000379s ]
[2021-06-14T13:29:44+08:00][sql] SHOW FULL COLUMNS FROM `carver_comment` [ RunTime:0.000563s ]
[2021-06-14T13:29:44+08:00][sql] SELECT `a`.*,`b`.`user_name` FROM `carver_comment` `a` INNER JOIN `carver_user` `b` ON `a`.`user_id`=`b`.`user_id` WHERE  `article_id` = 21 ORDER BY `create_time` DESC [ RunTime:0.000387s ]
[2021-06-14T13:29:44+08:00][sql] SHOW FULL COLUMNS FROM `carver_comment_to_others` [ RunTime:0.000526s ]
[2021-06-14T13:29:44+08:00][sql] SELECT * FROM `carver_comment_to_others` [ RunTime:0.000232s ]
[2021-06-14T13:29:44+08:00][sql] SHOW FULL COLUMNS FROM `carver_user` [ RunTime:0.000514s ]
[2021-06-14T13:29:44+08:00][sql] SELECT `user_name` FROM `carver_user` WHERE  `user_id` = 4 LIMIT 1 [ RunTime:0.000239s ]
[2021-06-14T13:29:44+08:00][sql] SELECT `user_name` FROM `carver_user` WHERE  `user_id` = 4 LIMIT 1 [ RunTime:0.000236s ]
[2021-06-14T13:29:44+08:00][sql] SELECT `user_name` FROM `carver_user` WHERE  `user_id` = 5 LIMIT 1 [ RunTime:0.000209s ]
[2021-06-14T13:29:44+08:00][sql] SELECT `user_name` FROM `carver_user` WHERE  `user_id` = 5 LIMIT 1 [ RunTime:0.000227s ]
[2021-06-14T13:29:44+08:00][sql] SELECT `user_name` FROM `carver_user` WHERE  `user_id` = 37 LIMIT 1 [ RunTime:0.000235s ]
[2021-06-14T13:29:44+08:00][sql] SELECT `user_name`,`user_id` FROM `carver_user` [ RunTime:0.000243s ]
[2021-06-14T13:29:44+08:00][sql] SHOW FULL COLUMNS FROM `carver_navigation` [ RunTime:0.000508s ]
[2021-06-14T13:29:44+08:00][sql] SELECT * FROM `carver_navigation` [ RunTime:0.000256s ]
[2021-06-14T13:29:44+08:00][sql] SELECT `article_label` FROM `carver_article` [ RunTime:0.000239s ]
[2021-06-14T14:34:25+08:00][sql] CONNECT:[ UseTime:0.000631s ] mysql:host=127.0.0.1;port=3306;dbname=carver;charset=utf8
[2021-06-14T14:34:25+08:00][sql] SHOW FULL COLUMNS FROM `carver_article` [ RunTime:0.000978s ]
[2021-06-14T14:34:25+08:00][sql] SELECT `article_id`,`article_title`,`article_desc`,`article_content`,`article_img`,`article_guide`,`article_label`,`click_num`,`is_show`,`add_time`,`article_author` FROM `carver_article` WHERE  `article_id` = 3 LIMIT 1 [ RunTime:0.000762s ]
[2021-06-14T14:34:25+08:00][sql] SELECT `article_id`,`article_title`,`article_desc`,`article_content`,`article_img`,`article_guide`,`article_label`,`click_num`,`is_show`,`add_time`,`article_author` FROM `carver_article` WHERE  `article_id` > 3 LIMIT 1 [ RunTime:0.000501s ]
[2021-06-14T14:34:25+08:00][sql] SELECT `article_id`,`article_title`,`article_desc`,`article_content`,`article_img`,`article_guide`,`article_label`,`click_num`,`is_show`,`add_time`,`article_author` FROM `carver_article` WHERE  `article_id` < 3 ORDER BY `article_id` DESC LIMIT 1 [ RunTime:0.000328s ]
[2021-06-14T14:34:25+08:00][sql] SHOW FULL COLUMNS FROM `carver_link` [ RunTime:0.000601s ]
[2021-06-14T14:34:25+08:00][sql] SELECT * FROM `carver_link` WHERE  ( is_confirm=2 ) LIMIT 20 [ RunTime:0.000326s ]
[2021-06-14T14:34:25+08:00][sql] SELECT article_id,article_title,click_num,FROM_UNIXTIME(add_time,'%Y-%m-%d') as add_time FROM `carver_article` ORDER BY `click_num` DESC LIMIT 3 [ RunTime:0.000398s ]
[2021-06-14T14:34:25+08:00][sql] SHOW FULL COLUMNS FROM `carver_comment` [ RunTime:0.000585s ]
[2021-06-14T14:34:25+08:00][sql] SELECT `a`.*,`b`.`user_name` FROM `carver_comment` `a` INNER JOIN `carver_user` `b` ON `a`.`user_id`=`b`.`user_id` WHERE  `article_id` = 3 ORDER BY `create_time` DESC [ RunTime:0.000387s ]
[2021-06-14T14:34:25+08:00][sql] SHOW FULL COLUMNS FROM `carver_comment_to_others` [ RunTime:0.000574s ]
[2021-06-14T14:34:25+08:00][sql] SELECT * FROM `carver_comment_to_others` [ RunTime:0.000237s ]
[2021-06-14T14:34:25+08:00][sql] SHOW FULL COLUMNS FROM `carver_user` [ RunTime:0.000475s ]
[2021-06-14T14:34:25+08:00][sql] SELECT `user_name` FROM `carver_user` WHERE  `user_id` = 4 LIMIT 1 [ RunTime:0.000257s ]
[2021-06-14T14:34:25+08:00][sql] SELECT `user_name` FROM `carver_user` WHERE  `user_id` = 4 LIMIT 1 [ RunTime:0.000221s ]
[2021-06-14T14:34:25+08:00][sql] SELECT `user_name` FROM `carver_user` WHERE  `user_id` = 5 LIMIT 1 [ RunTime:0.000222s ]
[2021-06-14T14:34:25+08:00][sql] SELECT `user_name` FROM `carver_user` WHERE  `user_id` = 5 LIMIT 1 [ RunTime:0.000225s ]
[2021-06-14T14:34:25+08:00][sql] SELECT `user_name` FROM `carver_user` WHERE  `user_id` = 37 LIMIT 1 [ RunTime:0.000222s ]
[2021-06-14T14:34:25+08:00][sql] SELECT `user_name`,`user_id` FROM `carver_user` [ RunTime:0.000283s ]
[2021-06-14T14:34:25+08:00][sql] SHOW FULL COLUMNS FROM `carver_navigation` [ RunTime:0.000549s ]
[2021-06-14T14:34:25+08:00][sql] SELECT * FROM `carver_navigation` [ RunTime:0.000241s ]
[2021-06-14T14:34:25+08:00][sql] SELECT `article_label` FROM `carver_article` [ RunTime:0.000324s ]
[2021-06-14T14:41:30+08:00][sql] CONNECT:[ UseTime:0.000639s ] mysql:host=127.0.0.1;port=3306;dbname=carver;charset=utf8
[2021-06-14T14:41:30+08:00][sql] SHOW FULL COLUMNS FROM `carver_user` [ RunTime:0.000906s ]
[2021-06-14T14:41:30+08:00][sql] SHOW FULL COLUMNS FROM `carver_article` [ RunTime:0.000747s ]
[2021-06-14T14:41:30+08:00][sql] SELECT COUNT(*) AS think_count FROM `carver_article` WHERE  `delete_time` = 0  AND `is_show` = 1 [ RunTime:0.000379s ]
[2021-06-14T14:41:30+08:00][sql] SELECT `article_id`,`article_title`,`article_desc`,`article_content`,`article_img`,`article_guide`,`article_label`,`click_num`,`is_show`,`add_time`,`article_author`,`is_top_show` FROM `carver_article` WHERE  `delete_time` = 0  AND `is_show` = 1 ORDER BY `article_id` DESC LIMIT 0,6 [ RunTime:0.000762s ]
[2021-06-14T14:41:30+08:00][sql] SELECT article_id,article_title,click_num,FROM_UNIXTIME(add_time,'%Y-%m-%d') as add_time FROM `carver_article` WHERE  `is_show` = 1  AND `delete_time` = 0 ORDER BY `click_num` DESC LIMIT 3 [ RunTime:0.000558s ]
[2021-06-14T14:41:30+08:00][sql] SHOW FULL COLUMNS FROM `carver_notice` [ RunTime:0.000794s ]
[2021-06-14T14:41:30+08:00][sql] SELECT * FROM `carver_notice` ORDER BY `create_time` DESC LIMIT 3 [ RunTime:0.000275s ]
[2021-06-14T14:41:30+08:00][sql] SHOW FULL COLUMNS FROM `carver_navigation` [ RunTime:0.000538s ]
[2021-06-14T14:41:30+08:00][sql] SELECT * FROM `carver_navigation` [ RunTime:0.000310s ]
[2021-06-14T14:41:30+08:00][sql] SHOW FULL COLUMNS FROM `carver_link` [ RunTime:0.000609s ]
[2021-06-14T14:41:30+08:00][sql] SELECT * FROM `carver_link` WHERE  ( is_confirm=2 ) LIMIT 20 [ RunTime:0.000309s ]
[2021-06-14T14:41:30+08:00][sql] SELECT `article_label` FROM `carver_article` [ RunTime:0.000343s ]
[2021-06-14T14:41:30+08:00][sql] SHOW FULL COLUMNS FROM `carver_carouse` [ RunTime:0.000604s ]
[2021-06-14T14:41:30+08:00][sql] SELECT `carouse_img`,`carouse_desc` FROM `carver_carouse` WHERE  `is_show` = 1 ORDER BY `carouse_sort` DESC LIMIT 3 [ RunTime:0.000316s ]
[2021-06-14T14:41:30+08:00][sql] SHOW FULL COLUMNS FROM `carver_site` [ RunTime:0.000495s ]
[2021-06-14T14:41:30+08:00][sql] SELECT * FROM `carver_site` [ RunTime:0.000246s ]
[2021-06-14T15:04:56+08:00][sql] CONNECT:[ UseTime:0.000549s ] mysql:host=127.0.0.1;port=3306;dbname=carver;charset=utf8
[2021-06-14T15:04:56+08:00][sql] SHOW FULL COLUMNS FROM `carver_article` [ RunTime:0.001011s ]
[2021-06-14T15:04:56+08:00][sql] SELECT `article_id`,`article_title`,`article_desc`,`article_content`,`article_img`,`article_guide`,`article_label`,`click_num`,`is_show`,`add_time`,`article_author` FROM `carver_article` WHERE  `article_id` = 17'A=0 LIMIT 1 [ RunTime:0.000624s ]
[2021-06-14T15:04:56+08:00][sql] SELECT `article_id`,`article_title`,`article_desc`,`article_content`,`article_img`,`article_guide`,`article_label`,`click_num`,`is_show`,`add_time`,`article_author` FROM `carver_article` WHERE  `article_id` > 17'A=0 LIMIT 1 [ RunTime:0.000541s ]
[2021-06-14T15:04:56+08:00][sql] SELECT `article_id`,`article_title`,`article_desc`,`article_content`,`article_img`,`article_guide`,`article_label`,`click_num`,`is_show`,`add_time`,`article_author` FROM `carver_article` WHERE  `article_id` < 17'A=0 ORDER BY `article_id` DESC LIMIT 1 [ RunTime:0.000422s ]
[2021-06-14T15:04:56+08:00][sql] SHOW FULL COLUMNS FROM `carver_link` [ RunTime:0.000632s ]
[2021-06-14T15:04:56+08:00][sql] SELECT * FROM `carver_link` WHERE  ( is_confirm=2 ) LIMIT 20 [ RunTime:0.000345s ]
[2021-06-14T15:04:56+08:00][sql] SELECT article_id,article_title,click_num,FROM_UNIXTIME(add_time,'%Y-%m-%d') as add_time FROM `carver_article` ORDER BY `click_num` DESC LIMIT 3 [ RunTime:0.000408s ]
[2021-06-14T15:04:56+08:00][sql] SHOW FULL COLUMNS FROM `carver_comment` [ RunTime:0.000684s ]
[2021-06-14T15:04:56+08:00][sql] SELECT `a`.*,`b`.`user_name` FROM `carver_comment` `a` INNER JOIN `carver_user` `b` ON `a`.`user_id`=`b`.`user_id` WHERE  `article_id` = 17'A=0 ORDER BY `create_time` DESC [ RunTime:0.000472s ]
[2021-06-14T15:04:56+08:00][sql] SHOW FULL COLUMNS FROM `carver_comment_to_others` [ RunTime:0.000585s ]
[2021-06-14T15:04:56+08:00][sql] SELECT * FROM `carver_comment_to_others` [ RunTime:0.000245s ]
[2021-06-14T15:04:56+08:00][sql] SHOW FULL COLUMNS FROM `carver_user` [ RunTime:0.000526s ]
[2021-06-14T15:04:56+08:00][sql] SELECT `user_name` FROM `carver_user` WHERE  `user_id` = 4 LIMIT 1 [ RunTime:0.000253s ]
[2021-06-14T15:04:56+08:00][sql] SELECT `user_name` FROM `carver_user` WHERE  `user_id` = 4 LIMIT 1 [ RunTime:0.000301s ]
[2021-06-14T15:04:56+08:00][sql] SELECT `user_name` FROM `carver_user` WHERE  `user_id` = 5 LIMIT 1 [ RunTime:0.000255s ]
[2021-06-14T15:04:56+08:00][sql] SELECT `user_name` FROM `carver_user` WHERE  `user_id` = 5 LIMIT 1 [ RunTime:0.000226s ]
[2021-06-14T15:04:56+08:00][sql] SELECT `user_name` FROM `carver_user` WHERE  `user_id` = 37 LIMIT 1 [ RunTime:0.000220s ]
[2021-06-14T15:04:56+08:00][sql] SELECT `user_name`,`user_id` FROM `carver_user` [ RunTime:0.000241s ]
[2021-06-14T15:04:56+08:00][sql] SHOW FULL COLUMNS FROM `carver_navigation` [ RunTime:0.000609s ]
[2021-06-14T15:04:56+08:00][sql] SELECT * FROM `carver_navigation` [ RunTime:0.000262s ]
[2021-06-14T15:04:56+08:00][sql] SELECT `article_label` FROM `carver_article` [ RunTime:0.000302s ]
[2021-06-14T15:41:01+08:00][sql] CONNECT:[ UseTime:0.000677s ] mysql:host=127.0.0.1;port=3306;dbname=carver;charset=utf8
[2021-06-14T15:41:01+08:00][sql] SHOW FULL COLUMNS FROM `carver_user` [ RunTime:0.000941s ]
[2021-06-14T15:41:01+08:00][sql] SHOW FULL COLUMNS FROM `carver_article` [ RunTime:0.000783s ]
[2021-06-14T15:41:01+08:00][sql] SELECT COUNT(*) AS think_count FROM `carver_article` WHERE  `delete_time` = 0  AND `is_show` = 1 [ RunTime:0.000415s ]
[2021-06-14T15:41:01+08:00][sql] SELECT `article_id`,`article_title`,`article_desc`,`article_content`,`article_img`,`article_guide`,`article_label`,`click_num`,`is_show`,`add_time`,`article_author`,`is_top_show` FROM `carver_article` WHERE  `delete_time` = 0  AND `is_show` = 1 ORDER BY `article_id` DESC LIMIT 0,6 [ RunTime:0.000783s ]
[2021-06-14T15:41:01+08:00][sql] SELECT article_id,article_title,click_num,FROM_UNIXTIME(add_time,'%Y-%m-%d') as add_time FROM `carver_article` WHERE  `is_show` = 1  AND `delete_time` = 0 ORDER BY `click_num` DESC LIMIT 3 [ RunTime:0.000550s ]
[2021-06-14T15:41:01+08:00][sql] SHOW FULL COLUMNS FROM `carver_notice` [ RunTime:0.000708s ]
[2021-06-14T15:41:01+08:00][sql] SELECT * FROM `carver_notice` ORDER BY `create_time` DESC LIMIT 3 [ RunTime:0.000309s ]
[2021-06-14T15:41:01+08:00][sql] SHOW FULL COLUMNS FROM `carver_navigation` [ RunTime:0.000635s ]
[2021-06-14T15:41:01+08:00][sql] SELECT * FROM `carver_navigation` [ RunTime:0.000251s ]
[2021-06-14T15:41:01+08:00][sql] SHOW FULL COLUMNS FROM `carver_link` [ RunTime:0.000576s ]
[2021-06-14T15:41:01+08:00][sql] SELECT * FROM `carver_link` WHERE  ( is_confirm=2 ) LIMIT 20 [ RunTime:0.000390s ]
[2021-06-14T15:41:01+08:00][sql] SELECT `article_label` FROM `carver_article` [ RunTime:0.000297s ]
[2021-06-14T15:41:01+08:00][sql] SHOW FULL COLUMNS FROM `carver_carouse` [ RunTime:0.000576s ]
[2021-06-14T15:41:01+08:00][sql] SELECT `carouse_img`,`carouse_desc` FROM `carver_carouse` WHERE  `is_show` = 1 ORDER BY `carouse_sort` DESC LIMIT 3 [ RunTime:0.000320s ]
[2021-06-14T15:41:01+08:00][sql] SHOW FULL COLUMNS FROM `carver_site` [ RunTime:0.000538s ]
[2021-06-14T15:41:01+08:00][sql] SELECT * FROM `carver_site` [ RunTime:0.000261s ]
[2021-06-14T15:43:44+08:00][sql] CONNECT:[ UseTime:0.000565s ] mysql:host=127.0.0.1;port=3306;dbname=carver;charset=utf8
[2021-06-14T15:43:44+08:00][sql] SHOW FULL COLUMNS FROM `carver_article` [ RunTime:0.000880s ]
[2021-06-14T15:43:44+08:00][sql] SELECT COUNT(*) AS think_count FROM `carver_article` WHERE  `article_label` LIKE '%nginx%'  AND `delete_time` = 0  AND `is_show` = 1 [ RunTime:0.000422s ]
[2021-06-14T15:43:44+08:00][sql] SELECT * FROM `carver_article` WHERE  `article_label` LIKE '%nginx%'  AND `delete_time` = 0  AND `is_show` = 1 LIMIT 0,6 [ RunTime:0.001125s ]
[2021-06-14T15:43:44+08:00][sql] SELECT article_id,article_title,click_num,FROM_UNIXTIME(add_time,'%Y-%m-%d') as add_time FROM `carver_article` WHERE  `is_show` = 1  AND `delete_time` = 0 ORDER BY `click_num` DESC LIMIT 3 [ RunTime:0.000405s ]
[2021-06-14T15:43:44+08:00][sql] SHOW FULL COLUMNS FROM `carver_notice` [ RunTime:0.000560s ]
[2021-06-14T15:43:44+08:00][sql] SELECT * FROM `carver_notice` ORDER BY `create_time` DESC LIMIT 3 [ RunTime:0.000257s ]
[2021-06-14T15:43:44+08:00][sql] SHOW FULL COLUMNS FROM `carver_navigation` [ RunTime:0.000552s ]
[2021-06-14T15:43:44+08:00][sql] SELECT * FROM `carver_navigation` [ RunTime:0.000239s ]
[2021-06-14T15:43:44+08:00][sql] SHOW FULL COLUMNS FROM `carver_link` [ RunTime:0.000609s ]
[2021-06-14T15:43:44+08:00][sql] SELECT * FROM `carver_link` WHERE  ( is_confirm=2 ) LIMIT 20 [ RunTime:0.000276s ]
[2021-06-14T15:43:44+08:00][sql] SELECT `article_label` FROM `carver_article` [ RunTime:0.000269s ]
[2021-06-14T15:43:44+08:00][sql] SHOW FULL COLUMNS FROM `carver_carouse` [ RunTime:0.000536s ]
[2021-06-14T15:43:44+08:00][sql] SELECT `carouse_img`,`carouse_desc` FROM `carver_carouse` WHERE  `is_show` = 1 ORDER BY `carouse_sort` DESC LIMIT 3 [ RunTime:0.000302s ]
[2021-06-14T15:43:44+08:00][sql] SHOW FULL COLUMNS FROM `carver_site` [ RunTime:0.000531s ]
[2021-06-14T15:43:44+08:00][sql] SELECT * FROM `carver_site` [ RunTime:0.000311s ]
[2021-06-14T17:23:43+08:00][sql] CONNECT:[ UseTime:0.000733s ] mysql:host=127.0.0.1;port=3306;dbname=carver;charset=utf8
[2021-06-14T17:23:43+08:00][sql] SHOW FULL COLUMNS FROM `carver_article` [ RunTime:0.001150s ]
[2021-06-14T17:23:43+08:00][sql] SELECT `article_id`,`article_title`,`article_desc`,`article_content`,`article_img`,`article_guide`,`article_label`,`click_num`,`is_show`,`add_time`,`article_author` FROM `carver_article` WHERE  `article_id` = 18'A=0 LIMIT 1 [ RunTime:0.001101s ]
[2021-06-14T17:23:43+08:00][sql] SELECT `article_id`,`article_title`,`article_desc`,`article_content`,`article_img`,`article_guide`,`article_label`,`click_num`,`is_show`,`add_time`,`article_author` FROM `carver_article` WHERE  `article_id` > 18'A=0 LIMIT 1 [ RunTime:0.003557s ]
[2021-06-14T17:23:43+08:00][sql] SELECT `article_id`,`article_title`,`article_desc`,`article_content`,`article_img`,`article_guide`,`article_label`,`click_num`,`is_show`,`add_time`,`article_author` FROM `carver_article` WHERE  `article_id` < 18'A=0 ORDER BY `article_id` DESC LIMIT 1 [ RunTime:0.000749s ]
[2021-06-14T17:23:43+08:00][sql] SHOW FULL COLUMNS FROM `carver_link` [ RunTime:0.000833s ]
[2021-06-14T17:23:43+08:00][sql] SELECT * FROM `carver_link` WHERE  ( is_confirm=2 ) LIMIT 20 [ RunTime:0.000414s ]
[2021-06-14T17:23:43+08:00][sql] SELECT article_id,article_title,click_num,FROM_UNIXTIME(add_time,'%Y-%m-%d') as add_time FROM `carver_article` ORDER BY `click_num` DESC LIMIT 3 [ RunTime:0.000460s ]
[2021-06-14T17:23:43+08:00][sql] SHOW FULL COLUMNS FROM `carver_comment` [ RunTime:0.000871s ]
[2021-06-14T17:23:43+08:00][sql] SELECT `a`.*,`b`.`user_name` FROM `carver_comment` `a` INNER JOIN `carver_user` `b` ON `a`.`user_id`=`b`.`user_id` WHERE  `article_id` = 18'A=0 ORDER BY `create_time` DESC [ RunTime:0.000678s ]
[2021-06-14T17:23:43+08:00][sql] SHOW FULL COLUMNS FROM `carver_comment_to_others` [ RunTime:0.000719s ]
[2021-06-14T17:23:43+08:00][sql] SELECT * FROM `carver_comment_to_others` [ RunTime:0.000314s ]
[2021-06-14T17:23:43+08:00][sql] SHOW FULL COLUMNS FROM `carver_user` [ RunTime:0.000631s ]
[2021-06-14T17:23:43+08:00][sql] SELECT `user_name` FROM `carver_user` WHERE  `user_id` = 4 LIMIT 1 [ RunTime:0.000306s ]
[2021-06-14T17:23:43+08:00][sql] SELECT `user_name` FROM `carver_user` WHERE  `user_id` = 4 LIMIT 1 [ RunTime:0.000280s ]
[2021-06-14T17:23:43+08:00][sql] SELECT `user_name` FROM `carver_user` WHERE  `user_id` = 5 LIMIT 1 [ RunTime:0.000264s ]
[2021-06-14T17:23:43+08:00][sql] SELECT `user_name` FROM `carver_user` WHERE  `user_id` = 5 LIMIT 1 [ RunTime:0.000257s ]
[2021-06-14T17:23:43+08:00][sql] SELECT `user_name` FROM `carver_user` WHERE  `user_id` = 37 LIMIT 1 [ RunTime:0.000316s ]
[2021-06-14T17:23:43+08:00][sql] SELECT `user_name`,`user_id` FROM `carver_user` [ RunTime:0.000296s ]
[2021-06-14T17:23:43+08:00][sql] SHOW FULL COLUMNS FROM `carver_navigation` [ RunTime:0.000785s ]
[2021-06-14T17:23:43+08:00][sql] SELECT * FROM `carver_navigation` [ RunTime:0.000325s ]
[2021-06-14T17:23:43+08:00][sql] SELECT `article_label` FROM `carver_article` [ RunTime:0.000532s ]
[2021-06-14T19:14:58+08:00][sql] CONNECT:[ UseTime:0.000587s ] mysql:host=127.0.0.1;port=3306;dbname=carver;charset=utf8
[2021-06-14T19:14:58+08:00][sql] SHOW FULL COLUMNS FROM `carver_article` [ RunTime:0.000935s ]
[2021-06-14T19:14:58+08:00][sql] SELECT COUNT(*) AS think_count FROM `carver_article` WHERE  `article_label` LIKE '%mysql%'  AND `delete_time` = 0  AND `is_show` = 1 [ RunTime:0.000772s ]
[2021-06-14T19:14:58+08:00][sql] SELECT * FROM `carver_article` WHERE  `article_label` LIKE '%mysql%'  AND `delete_time` = 0  AND `is_show` = 1 LIMIT 0,6 [ RunTime:0.001082s ]
[2021-06-14T19:14:58+08:00][sql] SELECT article_id,article_title,click_num,FROM_UNIXTIME(add_time,'%Y-%m-%d') as add_time FROM `carver_article` WHERE  `is_show` = 1  AND `delete_time` = 0 ORDER BY `click_num` DESC LIMIT 3 [ RunTime:0.000450s ]
[2021-06-14T19:14:58+08:00][sql] SHOW FULL COLUMNS FROM `carver_notice` [ RunTime:0.000763s ]
[2021-06-14T19:14:58+08:00][sql] SELECT * FROM `carver_notice` ORDER BY `create_time` DESC LIMIT 3 [ RunTime:0.000287s ]
[2021-06-14T19:14:58+08:00][sql] SHOW FULL COLUMNS FROM `carver_navigation` [ RunTime:0.000548s ]
[2021-06-14T19:14:58+08:00][sql] SELECT * FROM `carver_navigation` [ RunTime:0.000237s ]
[2021-06-14T19:14:58+08:00][sql] SHOW FULL COLUMNS FROM `carver_link` [ RunTime:0.000614s ]
[2021-06-14T19:14:58+08:00][sql] SELECT * FROM `carver_link` WHERE  ( is_confirm=2 ) LIMIT 20 [ RunTime:0.000333s ]
[2021-06-14T19:14:58+08:00][sql] SELECT `article_label` FROM `carver_article` [ RunTime:0.000250s ]
[2021-06-14T19:14:58+08:00][sql] SHOW FULL COLUMNS FROM `carver_carouse` [ RunTime:0.000566s ]
[2021-06-14T19:14:58+08:00][sql] SELECT `carouse_img`,`carouse_desc` FROM `carver_carouse` WHERE  `is_show` = 1 ORDER BY `carouse_sort` DESC LIMIT 3 [ RunTime:0.000281s ]
[2021-06-14T19:14:58+08:00][sql] SHOW FULL COLUMNS FROM `carver_site` [ RunTime:0.000600s ]
[2021-06-14T19:14:58+08:00][sql] SELECT * FROM `carver_site` [ RunTime:0.000257s ]
[2021-06-14T20:57:49+08:00][sql] CONNECT:[ UseTime:0.001057s ] mysql:host=127.0.0.1;port=3306;dbname=carver;charset=utf8
[2021-06-14T20:57:49+08:00][sql] SHOW FULL COLUMNS FROM `carver_article` [ RunTime:0.000851s ]
[2021-06-14T20:57:49+08:00][sql] SELECT `article_id`,`article_title`,`article_desc`,`article_content`,`article_img`,`article_guide`,`article_label`,`click_num`,`is_show`,`add_time`,`article_author` FROM `carver_article` WHERE  `article_id` = 17'A=0 LIMIT 1 [ RunTime:0.000563s ]
[2021-06-14T20:57:49+08:00][sql] SELECT `article_id`,`article_title`,`article_desc`,`article_content`,`article_img`,`article_guide`,`article_label`,`click_num`,`is_show`,`add_time`,`article_author` FROM `carver_article` WHERE  `article_id` > 17'A=0 LIMIT 1 [ RunTime:0.000416s ]
[2021-06-14T20:57:49+08:00][sql] SELECT `article_id`,`article_title`,`article_desc`,`article_content`,`article_img`,`article_guide`,`article_label`,`click_num`,`is_show`,`add_time`,`article_author` FROM `carver_article` WHERE  `article_id` < 17'A=0 ORDER BY `article_id` DESC LIMIT 1 [ RunTime:0.000361s ]
[2021-06-14T20:57:49+08:00][sql] SHOW FULL COLUMNS FROM `carver_link` [ RunTime:0.000592s ]
[2021-06-14T20:57:49+08:00][sql] SELECT * FROM `carver_link` WHERE  ( is_confirm=2 ) LIMIT 20 [ RunTime:0.000300s ]
[2021-06-14T20:57:49+08:00][sql] SELECT article_id,article_title,click_num,FROM_UNIXTIME(add_time,'%Y-%m-%d') as add_time FROM `carver_article` ORDER BY `click_num` DESC LIMIT 3 [ RunTime:0.000337s ]
[2021-06-14T20:57:49+08:00][sql] SHOW FULL COLUMNS FROM `carver_comment` [ RunTime:0.000591s ]
[2021-06-14T20:57:49+08:00][sql] SELECT `a`.*,`b`.`user_name` FROM `carver_comment` `a` INNER JOIN `carver_user` `b` ON `a`.`user_id`=`b`.`user_id` WHERE  `article_id` = 17'A=0 ORDER BY `create_time` DESC [ RunTime:0.000392s ]
[2021-06-14T20:57:49+08:00][sql] SHOW FULL COLUMNS FROM `carver_comment_to_others` [ RunTime:0.000514s ]
[2021-06-14T20:57:49+08:00][sql] SELECT * FROM `carver_comment_to_others` [ RunTime:0.000272s ]
[2021-06-14T20:57:49+08:00][sql] SHOW FULL COLUMNS FROM `carver_user` [ RunTime:0.000435s ]
[2021-06-14T20:57:49+08:00][sql] SELECT `user_name` FROM `carver_user` WHERE  `user_id` = 4 LIMIT 1 [ RunTime:0.000245s ]
[2021-06-14T20:57:49+08:00][sql] SELECT `user_name` FROM `carver_user` WHERE  `user_id` = 4 LIMIT 1 [ RunTime:0.000250s ]
[2021-06-14T20:57:49+08:00][sql] SELECT `user_name` FROM `carver_user` WHERE  `user_id` = 5 LIMIT 1 [ RunTime:0.000220s ]
[2021-06-14T20:57:49+08:00][sql] SELECT `user_name` FROM `carver_user` WHERE  `user_id` = 5 LIMIT 1 [ RunTime:0.000231s ]
[2021-06-14T20:57:49+08:00][sql] SELECT `user_name` FROM `carver_user` WHERE  `user_id` = 37 LIMIT 1 [ RunTime:0.000217s ]
[2021-06-14T20:57:49+08:00][sql] SELECT `user_name`,`user_id` FROM `carver_user` [ RunTime:0.000255s ]
[2021-06-14T20:57:49+08:00][sql] SHOW FULL COLUMNS FROM `carver_navigation` [ RunTime:0.000538s ]
[2021-06-14T20:57:49+08:00][sql] SELECT * FROM `carver_navigation` [ RunTime:0.000253s ]
[2021-06-14T20:57:49+08:00][sql] SELECT `article_label` FROM `carver_article` [ RunTime:0.000331s ]
[2021-06-14T22:02:46+08:00][sql] CONNECT:[ UseTime:0.000506s ] mysql:host=127.0.0.1;port=3306;dbname=carver;charset=utf8
[2021-06-14T22:02:46+08:00][sql] SHOW FULL COLUMNS FROM `carver_user` [ RunTime:0.000870s ]
[2021-06-14T22:02:46+08:00][sql] SHOW FULL COLUMNS FROM `carver_article` [ RunTime:0.000724s ]
[2021-06-14T22:02:46+08:00][sql] SELECT COUNT(*) AS think_count FROM `carver_article` WHERE  `delete_time` = 0  AND `is_show` = 1 [ RunTime:0.000379s ]
[2021-06-14T22:02:46+08:00][sql] SELECT `article_id`,`article_title`,`article_desc`,`article_content`,`article_img`,`article_guide`,`article_label`,`click_num`,`is_show`,`add_time`,`article_author`,`is_top_show` FROM `carver_article` WHERE  `delete_time` = 0  AND `is_show` = 1 ORDER BY `article_id` DESC LIMIT 12,6 [ RunTime:0.001351s ]
[2021-06-14T22:02:46+08:00][sql] SELECT article_id,article_title,click_num,FROM_UNIXTIME(add_time,'%Y-%m-%d') as add_time FROM `carver_article` WHERE  `is_show` = 1  AND `delete_time` = 0 ORDER BY `click_num` DESC LIMIT 3 [ RunTime:0.000410s ]
[2021-06-14T22:02:46+08:00][sql] SHOW FULL COLUMNS FROM `carver_notice` [ RunTime:0.000695s ]
[2021-06-14T22:02:46+08:00][sql] SELECT * FROM `carver_notice` ORDER BY `create_time` DESC LIMIT 3 [ RunTime:0.000262s ]
[2021-06-14T22:02:46+08:00][sql] SHOW FULL COLUMNS FROM `carver_navigation` [ RunTime:0.000531s ]
[2021-06-14T22:02:46+08:00][sql] SELECT * FROM `carver_navigation` [ RunTime:0.000262s ]
[2021-06-14T22:02:46+08:00][sql] SHOW FULL COLUMNS FROM `carver_link` [ RunTime:0.000565s ]
[2021-06-14T22:02:46+08:00][sql] SELECT * FROM `carver_link` WHERE  ( is_confirm=2 ) LIMIT 20 [ RunTime:0.000290s ]
[2021-06-14T22:02:46+08:00][sql] SELECT `article_label` FROM `carver_article` [ RunTime:0.000266s ]
[2021-06-14T22:02:46+08:00][sql] SHOW FULL COLUMNS FROM `carver_carouse` [ RunTime:0.000516s ]
[2021-06-14T22:02:46+08:00][sql] SELECT `carouse_img`,`carouse_desc` FROM `carver_carouse` WHERE  `is_show` = 1 ORDER BY `carouse_sort` DESC LIMIT 3 [ RunTime:0.000284s ]
[2021-06-14T22:02:46+08:00][sql] SHOW FULL COLUMNS FROM `carver_site` [ RunTime:0.000516s ]
[2021-06-14T22:02:46+08:00][sql] SELECT * FROM `carver_site` [ RunTime:0.000226s ]
[2021-06-14T23:21:38+08:00][sql] CONNECT:[ UseTime:0.000606s ] mysql:host=127.0.0.1;port=3306;dbname=carver;charset=utf8
[2021-06-14T23:21:38+08:00][sql] SHOW FULL COLUMNS FROM `carver_article` [ RunTime:0.000961s ]
[2021-06-14T23:21:38+08:00][sql] SELECT `article_id`,`article_title`,`article_desc`,`article_content`,`article_img`,`article_guide`,`article_label`,`click_num`,`is_show`,`add_time`,`article_author` FROM `carver_article` WHERE  `article_id` = 17' LIMIT 1 [ RunTime:0.000602s ]
[2021-06-14T23:21:38+08:00][sql] SELECT `article_id`,`article_title`,`article_desc`,`article_content`,`article_img`,`article_guide`,`article_label`,`click_num`,`is_show`,`add_time`,`article_author` FROM `carver_article` WHERE  `article_id` > 17' LIMIT 1 [ RunTime:0.000423s ]
[2021-06-14T23:21:38+08:00][sql] SELECT `article_id`,`article_title`,`article_desc`,`article_content`,`article_img`,`article_guide`,`article_label`,`click_num`,`is_show`,`add_time`,`article_author` FROM `carver_article` WHERE  `article_id` < 17' ORDER BY `article_id` DESC LIMIT 1 [ RunTime:0.000381s ]
[2021-06-14T23:21:38+08:00][sql] SHOW FULL COLUMNS FROM `carver_link` [ RunTime:0.000684s ]
[2021-06-14T23:21:38+08:00][sql] SELECT * FROM `carver_link` WHERE  ( is_confirm=2 ) LIMIT 20 [ RunTime:0.000357s ]
[2021-06-14T23:21:38+08:00][sql] SELECT article_id,article_title,click_num,FROM_UNIXTIME(add_time,'%Y-%m-%d') as add_time FROM `carver_article` ORDER BY `click_num` DESC LIMIT 3 [ RunTime:0.000426s ]
[2021-06-14T23:21:38+08:00][sql] SHOW FULL COLUMNS FROM `carver_comment` [ RunTime:0.000656s ]
[2021-06-14T23:21:38+08:00][sql] SELECT `a`.*,`b`.`user_name` FROM `carver_comment` `a` INNER JOIN `carver_user` `b` ON `a`.`user_id`=`b`.`user_id` WHERE  `article_id` = 17' ORDER BY `create_time` DESC [ RunTime:0.000369s ]
[2021-06-14T23:21:38+08:00][sql] SHOW FULL COLUMNS FROM `carver_comment_to_others` [ RunTime:0.000797s ]
[2021-06-14T23:21:38+08:00][sql] SELECT * FROM `carver_comment_to_others` [ RunTime:0.000279s ]
[2021-06-14T23:21:38+08:00][sql] SHOW FULL COLUMNS FROM `carver_user` [ RunTime:0.000477s ]
[2021-06-14T23:21:38+08:00][sql] SELECT `user_name` FROM `carver_user` WHERE  `user_id` = 4 LIMIT 1 [ RunTime:0.000299s ]
[2021-06-14T23:21:38+08:00][sql] SELECT `user_name` FROM `carver_user` WHERE  `user_id` = 4 LIMIT 1 [ RunTime:0.000214s ]
[2021-06-14T23:21:38+08:00][sql] SELECT `user_name` FROM `carver_user` WHERE  `user_id` = 5 LIMIT 1 [ RunTime:0.000231s ]
[2021-06-14T23:21:38+08:00][sql] SELECT `user_name` FROM `carver_user` WHERE  `user_id` = 5 LIMIT 1 [ RunTime:0.000227s ]
[2021-06-14T23:21:38+08:00][sql] SELECT `user_name` FROM `carver_user` WHERE  `user_id` = 37 LIMIT 1 [ RunTime:0.000215s ]
[2021-06-14T23:21:38+08:00][sql] SELECT `user_name`,`user_id` FROM `carver_user` [ RunTime:0.000247s ]
[2021-06-14T23:21:38+08:00][sql] SHOW FULL COLUMNS FROM `carver_navigation` [ RunTime:0.000614s ]
[2021-06-14T23:21:38+08:00][sql] SELECT * FROM `carver_navigation` [ RunTime:0.000311s ]
[2021-06-14T23:21:38+08:00][sql] SELECT `article_label` FROM `carver_article` [ RunTime:0.000273s ]
[2021-06-14T23:45:42+08:00][sql] CONNECT:[ UseTime:0.000533s ] mysql:host=127.0.0.1;port=3306;dbname=carver;charset=utf8
[2021-06-14T23:45:42+08:00][sql] SHOW FULL COLUMNS FROM `carver_article` [ RunTime:0.000936s ]
[2021-06-14T23:45:42+08:00][sql] SELECT `article_id`,`article_title`,`article_desc`,`article_content`,`article_img`,`article_guide`,`article_label`,`click_num`,`is_show`,`add_time`,`article_author` FROM `carver_article` WHERE  `article_id` = 17'A=0 LIMIT 1 [ RunTime:0.000571s ]
[2021-06-14T23:45:42+08:00][sql] SELECT `article_id`,`article_title`,`article_desc`,`article_content`,`article_img`,`article_guide`,`article_label`,`click_num`,`is_show`,`add_time`,`article_author` FROM `carver_article` WHERE  `article_id` > 17'A=0 LIMIT 1 [ RunTime:0.000420s ]
[2021-06-14T23:45:42+08:00][sql] SELECT `article_id`,`article_title`,`article_desc`,`article_content`,`article_img`,`article_guide`,`article_label`,`click_num`,`is_show`,`add_time`,`article_author` FROM `carver_article` WHERE  `article_id` < 17'A=0 ORDER BY `article_id` DESC LIMIT 1 [ RunTime:0.000352s ]
[2021-06-14T23:45:42+08:00][sql] SHOW FULL COLUMNS FROM `carver_link` [ RunTime:0.000511s ]
[2021-06-14T23:45:42+08:00][sql] SELECT * FROM `carver_link` WHERE  ( is_confirm=2 ) LIMIT 20 [ RunTime:0.000334s ]
[2021-06-14T23:45:42+08:00][sql] SELECT article_id,article_title,click_num,FROM_UNIXTIME(add_time,'%Y-%m-%d') as add_time FROM `carver_article` ORDER BY `click_num` DESC LIMIT 3 [ RunTime:0.000346s ]
[2021-06-14T23:45:42+08:00][sql] SHOW FULL COLUMNS FROM `carver_comment` [ RunTime:0.000564s ]
[2021-06-14T23:45:42+08:00][sql] SELECT `a`.*,`b`.`user_name` FROM `carver_comment` `a` INNER JOIN `carver_user` `b` ON `a`.`user_id`=`b`.`user_id` WHERE  `article_id` = 17'A=0 ORDER BY `create_time` DESC [ RunTime:0.000442s ]
[2021-06-14T23:45:42+08:00][sql] SHOW FULL COLUMNS FROM `carver_comment_to_others` [ RunTime:0.000539s ]
[2021-06-14T23:45:42+08:00][sql] SELECT * FROM `carver_comment_to_others` [ RunTime:0.000232s ]
[2021-06-14T23:45:42+08:00][sql] SHOW FULL COLUMNS FROM `carver_user` [ RunTime:0.000463s ]
[2021-06-14T23:45:42+08:00][sql] SELECT `user_name` FROM `carver_user` WHERE  `user_id` = 4 LIMIT 1 [ RunTime:0.000232s ]
[2021-06-14T23:45:42+08:00][sql] SELECT `user_name` FROM `carver_user` WHERE  `user_id` = 4 LIMIT 1 [ RunTime:0.000211s ]
[2021-06-14T23:45:42+08:00][sql] SELECT `user_name` FROM `carver_user` WHERE  `user_id` = 5 LIMIT 1 [ RunTime:0.000240s ]
[2021-06-14T23:45:42+08:00][sql] SELECT `user_name` FROM `carver_user` WHERE  `user_id` = 5 LIMIT 1 [ RunTime:0.000209s ]
[2021-06-14T23:45:42+08:00][sql] SELECT `user_name` FROM `carver_user` WHERE  `user_id` = 37 LIMIT 1 [ RunTime:0.000249s ]
[2021-06-14T23:45:42+08:00][sql] SELECT `user_name`,`user_id` FROM `carver_user` [ RunTime:0.000229s ]
[2021-06-14T23:45:42+08:00][sql] SHOW FULL COLUMNS FROM `carver_navigation` [ RunTime:0.000541s ]
[2021-06-14T23:45:42+08:00][sql] SELECT * FROM `carver_navigation` [ RunTime:0.000241s ]
[2021-06-14T23:45:42+08:00][sql] SELECT `article_label` FROM `carver_article` [ RunTime:0.000243s ]
