[2021-06-20T00:20:26+08:00][sql] CONNECT:[ UseTime:0.000579s ] mysql:host=127.0.0.1;port=3306;dbname=carver;charset=utf8
[2021-06-20T00:20:26+08:00][sql] SHOW FULL COLUMNS FROM `carver_article` [ RunTime:0.000940s ]
[2021-06-20T00:20:26+08:00][sql] SELECT COUNT(*) AS think_count FROM `carver_article` WHERE  `article_label` LIKE '%c%'  AND `delete_time` = 0  AND `is_show` = 1 [ RunTime:0.000444s ]
[2021-06-20T00:20:26+08:00][sql] SELECT * FROM `carver_article` WHERE  `article_label` LIKE '%c%'  AND `delete_time` = 0  AND `is_show` = 1 LIMIT 66,6 [ RunTime:0.001006s ]
[2021-06-20T00:20:26+08:00][sql] SELECT article_id,article_title,click_num,FROM_UNIXTIME(add_time,'%Y-%m-%d') as add_time FROM `carver_article` WHERE  `is_show` = 1  AND `delete_time` = 0 ORDER BY `click_num` DESC LIMIT 3 [ RunTime:0.000442s ]
[2021-06-20T00:20:26+08:00][sql] SHOW FULL COLUMNS FROM `carver_notice` [ RunTime:0.000613s ]
[2021-06-20T00:20:26+08:00][sql] SELECT * FROM `carver_notice` ORDER BY `create_time` DESC LIMIT 3 [ RunTime:0.000323s ]
[2021-06-20T00:20:26+08:00][sql] SHOW FULL COLUMNS FROM `carver_navigation` [ RunTime:0.000607s ]
[2021-06-20T00:20:26+08:00][sql] SELECT * FROM `carver_navigation` [ RunTime:0.000283s ]
[2021-06-20T00:20:26+08:00][sql] SHOW FULL COLUMNS FROM `carver_link` [ RunTime:0.000562s ]
[2021-06-20T00:20:26+08:00][sql] SELECT * FROM `carver_link` WHERE  ( is_confirm=2 ) LIMIT 20 [ RunTime:0.000374s ]
[2021-06-20T00:20:26+08:00][sql] SELECT `article_label` FROM `carver_article` [ RunTime:0.000290s ]
[2021-06-20T00:20:26+08:00][sql] SHOW FULL COLUMNS FROM `carver_carouse` [ RunTime:0.000540s ]
[2021-06-20T00:20:26+08:00][sql] SELECT `carouse_img`,`carouse_desc` FROM `carver_carouse` WHERE  `is_show` = 1 ORDER BY `carouse_sort` DESC LIMIT 3 [ RunTime:0.000314s ]
[2021-06-20T00:20:26+08:00][sql] SHOW FULL COLUMNS FROM `carver_site` [ RunTime:0.000605s ]
[2021-06-20T00:20:26+08:00][sql] SELECT * FROM `carver_site` [ RunTime:0.000320s ]
[2021-06-20T00:20:30+08:00][sql] CONNECT:[ UseTime:0.000769s ] mysql:host=127.0.0.1;port=3306;dbname=carver;charset=utf8
[2021-06-20T00:20:30+08:00][sql] SHOW FULL COLUMNS FROM `carver_article` [ RunTime:0.001870s ]
[2021-06-20T00:20:30+08:00][sql] SELECT COUNT(*) AS think_count FROM `carver_article` WHERE  `article_guide` = 6  AND `delete_time` = 0  AND `is_show` = 1 [ RunTime:0.000466s ]
[2021-06-20T00:20:30+08:00][sql] SELECT * FROM `carver_article` WHERE  `article_guide` = 6  AND `delete_time` = 0  AND `is_show` = 1 ORDER BY `add_time` DESC LIMIT 60,6 [ RunTime:0.000669s ]
[2021-06-20T00:20:30+08:00][sql] SELECT article_id,article_title,click_num,FROM_UNIXTIME(add_time,'%Y-%m-%d') as add_time FROM `carver_article` WHERE  `is_show` = 1  AND `delete_time` = 0 ORDER BY `click_num` DESC LIMIT 3 [ RunTime:0.000484s ]
[2021-06-20T00:20:30+08:00][sql] SHOW FULL COLUMNS FROM `carver_notice` [ RunTime:0.000722s ]
[2021-06-20T00:20:30+08:00][sql] SELECT * FROM `carver_notice` ORDER BY `create_time` DESC LIMIT 3 [ RunTime:0.000314s ]
[2021-06-20T00:20:30+08:00][sql] SHOW FULL COLUMNS FROM `carver_navigation` [ RunTime:0.000571s ]
[2021-06-20T00:20:30+08:00][sql] SELECT * FROM `carver_navigation` [ RunTime:0.000276s ]
[2021-06-20T00:20:30+08:00][sql] SELECT `article_label` FROM `carver_article` [ RunTime:0.000274s ]
[2021-06-20T00:20:30+08:00][sql] SHOW FULL COLUMNS FROM `carver_carouse` [ RunTime:0.000606s ]
[2021-06-20T00:20:30+08:00][sql] SELECT `carouse_img`,`carouse_desc` FROM `carver_carouse` WHERE  `is_show` = 1 ORDER BY `carouse_sort` DESC LIMIT 3 [ RunTime:0.000291s ]
[2021-06-20T00:20:30+08:00][sql] SHOW FULL COLUMNS FROM `carver_link` [ RunTime:0.000602s ]
[2021-06-20T00:20:30+08:00][sql] SELECT * FROM `carver_link` WHERE  ( is_confirm=2 ) LIMIT 20 [ RunTime:0.000327s ]
[2021-06-20T00:20:30+08:00][sql] SHOW FULL COLUMNS FROM `carver_site` [ RunTime:0.000605s ]
[2021-06-20T00:20:30+08:00][sql] SELECT * FROM `carver_site` [ RunTime:0.000300s ]
[2021-06-20T03:03:42+08:00][sql] CONNECT:[ UseTime:0.000668s ] mysql:host=127.0.0.1;port=3306;dbname=carver;charset=utf8
[2021-06-20T03:03:42+08:00][sql] SHOW FULL COLUMNS FROM `carver_article` [ RunTime:0.000946s ]
[2021-06-20T03:03:42+08:00][sql] SELECT `article_id`,`article_title`,`article_desc`,`article_content`,`article_img`,`article_guide`,`article_label`,`click_num`,`is_show`,`add_time`,`article_author` FROM `carver_article` WHERE  `article_id` = 17' LIMIT 1 [ RunTime:0.000620s ]
[2021-06-20T03:03:42+08:00][sql] SELECT `article_id`,`article_title`,`article_desc`,`article_content`,`article_img`,`article_guide`,`article_label`,`click_num`,`is_show`,`add_time`,`article_author` FROM `carver_article` WHERE  `article_id` > 17' LIMIT 1 [ RunTime:0.000468s ]
[2021-06-20T03:03:42+08:00][sql] SELECT `article_id`,`article_title`,`article_desc`,`article_content`,`article_img`,`article_guide`,`article_label`,`click_num`,`is_show`,`add_time`,`article_author` FROM `carver_article` WHERE  `article_id` < 17' ORDER BY `article_id` DESC LIMIT 1 [ RunTime:0.000469s ]
[2021-06-20T03:03:42+08:00][sql] SHOW FULL COLUMNS FROM `carver_link` [ RunTime:0.000768s ]
[2021-06-20T03:03:42+08:00][sql] SELECT * FROM `carver_link` WHERE  ( is_confirm=2 ) LIMIT 20 [ RunTime:0.000386s ]
[2021-06-20T03:03:42+08:00][sql] SELECT article_id,article_title,click_num,FROM_UNIXTIME(add_time,'%Y-%m-%d') as add_time FROM `carver_article` ORDER BY `click_num` DESC LIMIT 3 [ RunTime:0.000410s ]
[2021-06-20T03:03:42+08:00][sql] SHOW FULL COLUMNS FROM `carver_comment` [ RunTime:0.000654s ]
[2021-06-20T03:03:42+08:00][sql] SELECT `a`.*,`b`.`user_name` FROM `carver_comment` `a` INNER JOIN `carver_user` `b` ON `a`.`user_id`=`b`.`user_id` WHERE  `article_id` = 17' ORDER BY `create_time` DESC [ RunTime:0.000443s ]
[2021-06-20T03:03:42+08:00][sql] SHOW FULL COLUMNS FROM `carver_comment_to_others` [ RunTime:0.000606s ]
[2021-06-20T03:03:42+08:00][sql] SELECT * FROM `carver_comment_to_others` [ RunTime:0.000272s ]
[2021-06-20T03:03:42+08:00][sql] SHOW FULL COLUMNS FROM `carver_user` [ RunTime:0.000470s ]
[2021-06-20T03:03:42+08:00][sql] SELECT `user_name` FROM `carver_user` WHERE  `user_id` = 4 LIMIT 1 [ RunTime:0.000261s ]
[2021-06-20T03:03:42+08:00][sql] SELECT `user_name` FROM `carver_user` WHERE  `user_id` = 4 LIMIT 1 [ RunTime:0.000255s ]
[2021-06-20T03:03:42+08:00][sql] SELECT `user_name` FROM `carver_user` WHERE  `user_id` = 5 LIMIT 1 [ RunTime:0.000253s ]
[2021-06-20T03:03:42+08:00][sql] SELECT `user_name` FROM `carver_user` WHERE  `user_id` = 5 LIMIT 1 [ RunTime:0.000246s ]
[2021-06-20T03:03:42+08:00][sql] SELECT `user_name` FROM `carver_user` WHERE  `user_id` = 37 LIMIT 1 [ RunTime:0.000287s ]
[2021-06-20T03:03:42+08:00][sql] SELECT `user_name`,`user_id` FROM `carver_user` [ RunTime:0.000244s ]
[2021-06-20T03:03:42+08:00][sql] SHOW FULL COLUMNS FROM `carver_navigation` [ RunTime:0.000671s ]
[2021-06-20T03:03:42+08:00][sql] SELECT * FROM `carver_navigation` [ RunTime:0.000293s ]
[2021-06-20T03:03:42+08:00][sql] SELECT `article_label` FROM `carver_article` [ RunTime:0.000349s ]
[2021-06-20T03:17:17+08:00][sql] CONNECT:[ UseTime:0.000561s ] mysql:host=127.0.0.1;port=3306;dbname=carver;charset=utf8
[2021-06-20T03:17:17+08:00][sql] SHOW FULL COLUMNS FROM `carver_article` [ RunTime:0.000899s ]
[2021-06-20T03:17:17+08:00][sql] SELECT COUNT(*) AS think_count FROM `carver_article` WHERE  `article_guide` = 5  AND `delete_time` = 0  AND `is_show` = 1 [ RunTime:0.000402s ]
[2021-06-20T03:17:17+08:00][sql] SELECT * FROM `carver_article` WHERE  `article_guide` = 5  AND `delete_time` = 0  AND `is_show` = 1 ORDER BY `add_time` DESC LIMIT 6,6 [ RunTime:0.001777s ]
[2021-06-20T03:17:17+08:00][sql] SELECT article_id,article_title,click_num,FROM_UNIXTIME(add_time,'%Y-%m-%d') as add_time FROM `carver_article` WHERE  `is_show` = 1  AND `delete_time` = 0 ORDER BY `click_num` DESC LIMIT 3 [ RunTime:0.000571s ]
[2021-06-20T03:17:17+08:00][sql] SHOW FULL COLUMNS FROM `carver_notice` [ RunTime:0.000671s ]
[2021-06-20T03:17:17+08:00][sql] SELECT * FROM `carver_notice` ORDER BY `create_time` DESC LIMIT 3 [ RunTime:0.000304s ]
[2021-06-20T03:17:17+08:00][sql] SHOW FULL COLUMNS FROM `carver_navigation` [ RunTime:0.000568s ]
[2021-06-20T03:17:17+08:00][sql] SELECT * FROM `carver_navigation` [ RunTime:0.000263s ]
[2021-06-20T03:17:17+08:00][sql] SELECT `article_label` FROM `carver_article` [ RunTime:0.000299s ]
[2021-06-20T03:17:17+08:00][sql] SHOW FULL COLUMNS FROM `carver_carouse` [ RunTime:0.000583s ]
[2021-06-20T03:17:17+08:00][sql] SELECT `carouse_img`,`carouse_desc` FROM `carver_carouse` WHERE  `is_show` = 1 ORDER BY `carouse_sort` DESC LIMIT 3 [ RunTime:0.000313s ]
[2021-06-20T03:17:17+08:00][sql] SHOW FULL COLUMNS FROM `carver_link` [ RunTime:0.000542s ]
[2021-06-20T03:17:17+08:00][sql] SELECT * FROM `carver_link` WHERE  ( is_confirm=2 ) LIMIT 20 [ RunTime:0.000287s ]
[2021-06-20T03:17:17+08:00][sql] SHOW FULL COLUMNS FROM `carver_site` [ RunTime:0.000839s ]
[2021-06-20T03:17:17+08:00][sql] SELECT * FROM `carver_site` [ RunTime:0.000260s ]
[2021-06-20T03:42:24+08:00][sql] CONNECT:[ UseTime:0.000567s ] mysql:host=127.0.0.1;port=3306;dbname=carver;charset=utf8
[2021-06-20T03:42:24+08:00][sql] SHOW FULL COLUMNS FROM `carver_user` [ RunTime:0.000793s ]
[2021-06-20T03:42:24+08:00][sql] SHOW FULL COLUMNS FROM `carver_article` [ RunTime:0.000664s ]
[2021-06-20T03:42:24+08:00][sql] SELECT COUNT(*) AS think_count FROM `carver_article` WHERE  `delete_time` = 0  AND `is_show` = 1 [ RunTime:0.000375s ]
[2021-06-20T03:42:24+08:00][sql] SELECT `article_id`,`article_title`,`article_desc`,`article_content`,`article_img`,`article_guide`,`article_label`,`click_num`,`is_show`,`add_time`,`article_author`,`is_top_show` FROM `carver_article` WHERE  `delete_time` = 0  AND `is_show` = 1 ORDER BY `article_id` DESC LIMIT 0,6 [ RunTime:0.000740s ]
[2021-06-20T03:42:24+08:00][sql] SELECT article_id,article_title,click_num,FROM_UNIXTIME(add_time,'%Y-%m-%d') as add_time FROM `carver_article` WHERE  `is_show` = 1  AND `delete_time` = 0 ORDER BY `click_num` DESC LIMIT 3 [ RunTime:0.000402s ]
[2021-06-20T03:42:24+08:00][sql] SHOW FULL COLUMNS FROM `carver_notice` [ RunTime:0.000592s ]
[2021-06-20T03:42:24+08:00][sql] SELECT * FROM `carver_notice` ORDER BY `create_time` DESC LIMIT 3 [ RunTime:0.000271s ]
[2021-06-20T03:42:24+08:00][sql] SHOW FULL COLUMNS FROM `carver_navigation` [ RunTime:0.000506s ]
[2021-06-20T03:42:24+08:00][sql] SELECT * FROM `carver_navigation` [ RunTime:0.000228s ]
[2021-06-20T03:42:24+08:00][sql] SHOW FULL COLUMNS FROM `carver_link` [ RunTime:0.000482s ]
[2021-06-20T03:42:24+08:00][sql] SELECT * FROM `carver_link` WHERE  ( is_confirm=2 ) LIMIT 20 [ RunTime:0.000290s ]
[2021-06-20T03:42:24+08:00][sql] SELECT `article_label` FROM `carver_article` [ RunTime:0.000314s ]
[2021-06-20T03:42:24+08:00][sql] SHOW FULL COLUMNS FROM `carver_carouse` [ RunTime:0.000528s ]
[2021-06-20T03:42:24+08:00][sql] SELECT `carouse_img`,`carouse_desc` FROM `carver_carouse` WHERE  `is_show` = 1 ORDER BY `carouse_sort` DESC LIMIT 3 [ RunTime:0.000331s ]
[2021-06-20T03:42:24+08:00][sql] SHOW FULL COLUMNS FROM `carver_site` [ RunTime:0.000496s ]
[2021-06-20T03:42:24+08:00][sql] SELECT * FROM `carver_site` [ RunTime:0.000237s ]
[2021-06-20T04:27:08+08:00][sql] CONNECT:[ UseTime:0.001927s ] mysql:host=127.0.0.1;port=3306;dbname=carver;charset=utf8
[2021-06-20T04:27:08+08:00][sql] SHOW FULL COLUMNS FROM `carver_article` [ RunTime:0.000857s ]
[2021-06-20T04:27:08+08:00][sql] SELECT `article_id`,`article_title`,`article_desc`,`article_content`,`article_img`,`article_guide`,`article_label`,`click_num`,`is_show`,`add_time`,`article_author` FROM `carver_article` WHERE  `article_id` = 23'A=0 LIMIT 1 [ RunTime:0.000451s ]
[2021-06-20T04:27:08+08:00][sql] SELECT `article_id`,`article_title`,`article_desc`,`article_content`,`article_img`,`article_guide`,`article_label`,`click_num`,`is_show`,`add_time`,`article_author` FROM `carver_article` WHERE  `article_id` > 23'A=0 LIMIT 1 [ RunTime:0.000465s ]
[2021-06-20T04:27:08+08:00][sql] SELECT `article_id`,`article_title`,`article_desc`,`article_content`,`article_img`,`article_guide`,`article_label`,`click_num`,`is_show`,`add_time`,`article_author` FROM `carver_article` WHERE  `article_id` < 23'A=0 ORDER BY `article_id` DESC LIMIT 1 [ RunTime:0.000441s ]
[2021-06-20T04:27:08+08:00][sql] SHOW FULL COLUMNS FROM `carver_link` [ RunTime:0.000557s ]
[2021-06-20T04:27:08+08:00][sql] SELECT * FROM `carver_link` WHERE  ( is_confirm=2 ) LIMIT 20 [ RunTime:0.000590s ]
[2021-06-20T04:27:08+08:00][sql] SELECT article_id,article_title,click_num,FROM_UNIXTIME(add_time,'%Y-%m-%d') as add_time FROM `carver_article` ORDER BY `click_num` DESC LIMIT 3 [ RunTime:0.000342s ]
[2021-06-20T04:27:08+08:00][sql] SHOW FULL COLUMNS FROM `carver_comment` [ RunTime:0.000520s ]
[2021-06-20T04:27:08+08:00][sql] SELECT `a`.*,`b`.`user_name` FROM `carver_comment` `a` INNER JOIN `carver_user` `b` ON `a`.`user_id`=`b`.`user_id` WHERE  `article_id` = 23'A=0 ORDER BY `create_time` DESC [ RunTime:0.000348s ]
[2021-06-20T04:27:08+08:00][sql] SHOW FULL COLUMNS FROM `carver_comment_to_others` [ RunTime:0.000531s ]
[2021-06-20T04:27:08+08:00][sql] SELECT * FROM `carver_comment_to_others` [ RunTime:0.000229s ]
[2021-06-20T04:27:08+08:00][sql] SHOW FULL COLUMNS FROM `carver_user` [ RunTime:0.000454s ]
[2021-06-20T04:27:08+08:00][sql] SELECT `user_name` FROM `carver_user` WHERE  `user_id` = 4 LIMIT 1 [ RunTime:0.000226s ]
[2021-06-20T04:27:08+08:00][sql] SELECT `user_name` FROM `carver_user` WHERE  `user_id` = 4 LIMIT 1 [ RunTime:0.000273s ]
[2021-06-20T04:27:08+08:00][sql] SELECT `user_name` FROM `carver_user` WHERE  `user_id` = 5 LIMIT 1 [ RunTime:0.000205s ]
[2021-06-20T04:27:08+08:00][sql] SELECT `user_name` FROM `carver_user` WHERE  `user_id` = 5 LIMIT 1 [ RunTime:0.000224s ]
[2021-06-20T04:27:08+08:00][sql] SELECT `user_name` FROM `carver_user` WHERE  `user_id` = 37 LIMIT 1 [ RunTime:0.000228s ]
[2021-06-20T04:27:08+08:00][sql] SELECT `user_name`,`user_id` FROM `carver_user` [ RunTime:0.000247s ]
[2021-06-20T04:27:08+08:00][sql] SHOW FULL COLUMNS FROM `carver_navigation` [ RunTime:0.000528s ]
[2021-06-20T04:27:08+08:00][sql] SELECT * FROM `carver_navigation` [ RunTime:0.000232s ]
[2021-06-20T04:27:08+08:00][sql] SELECT `article_label` FROM `carver_article` [ RunTime:0.000236s ]
[2021-06-20T04:35:39+08:00][sql] CONNECT:[ UseTime:0.000570s ] mysql:host=127.0.0.1;port=3306;dbname=carver;charset=utf8
[2021-06-20T04:35:39+08:00][sql] SHOW FULL COLUMNS FROM `carver_user` [ RunTime:0.000973s ]
[2021-06-20T04:35:39+08:00][sql] SHOW FULL COLUMNS FROM `carver_article` [ RunTime:0.000721s ]
[2021-06-20T04:35:39+08:00][sql] SELECT COUNT(*) AS think_count FROM `carver_article` WHERE  `delete_time` = 0  AND `is_show` = 1 [ RunTime:0.000410s ]
[2021-06-20T04:35:39+08:00][sql] SELECT `article_id`,`article_title`,`article_desc`,`article_content`,`article_img`,`article_guide`,`article_label`,`click_num`,`is_show`,`add_time`,`article_author`,`is_top_show` FROM `carver_article` WHERE  `delete_time` = 0  AND `is_show` = 1 ORDER BY `article_id` DESC LIMIT 0,6 [ RunTime:0.000754s ]
[2021-06-20T04:35:39+08:00][sql] SELECT article_id,article_title,click_num,FROM_UNIXTIME(add_time,'%Y-%m-%d') as add_time FROM `carver_article` WHERE  `is_show` = 1  AND `delete_time` = 0 ORDER BY `click_num` DESC LIMIT 3 [ RunTime:0.001000s ]
[2021-06-20T04:35:39+08:00][sql] SHOW FULL COLUMNS FROM `carver_notice` [ RunTime:0.000593s ]
[2021-06-20T04:35:39+08:00][sql] SELECT * FROM `carver_notice` ORDER BY `create_time` DESC LIMIT 3 [ RunTime:0.000285s ]
[2021-06-20T04:35:39+08:00][sql] SHOW FULL COLUMNS FROM `carver_navigation` [ RunTime:0.000538s ]
[2021-06-20T04:35:39+08:00][sql] SELECT * FROM `carver_navigation` [ RunTime:0.000235s ]
[2021-06-20T04:35:39+08:00][sql] SHOW FULL COLUMNS FROM `carver_link` [ RunTime:0.000543s ]
[2021-06-20T04:35:39+08:00][sql] SELECT * FROM `carver_link` WHERE  ( is_confirm=2 ) LIMIT 20 [ RunTime:0.000352s ]
[2021-06-20T04:35:39+08:00][sql] SELECT `article_label` FROM `carver_article` [ RunTime:0.000277s ]
[2021-06-20T04:35:39+08:00][sql] SHOW FULL COLUMNS FROM `carver_carouse` [ RunTime:0.000473s ]
[2021-06-20T04:35:39+08:00][sql] SELECT `carouse_img`,`carouse_desc` FROM `carver_carouse` WHERE  `is_show` = 1 ORDER BY `carouse_sort` DESC LIMIT 3 [ RunTime:0.000277s ]
[2021-06-20T04:35:39+08:00][sql] SHOW FULL COLUMNS FROM `carver_site` [ RunTime:0.000464s ]
[2021-06-20T04:35:39+08:00][sql] SELECT * FROM `carver_site` [ RunTime:0.000239s ]
[2021-06-20T04:36:04+08:00][sql] CONNECT:[ UseTime:0.000566s ] mysql:host=127.0.0.1;port=3306;dbname=carver;charset=utf8
[2021-06-20T04:36:04+08:00][sql] SHOW FULL COLUMNS FROM `carver_article` [ RunTime:0.000899s ]
[2021-06-20T04:36:04+08:00][sql] SELECT `article_id`,`article_title`,`article_desc`,`article_content`,`article_img`,`article_guide`,`article_label`,`click_num`,`is_show`,`add_time`,`article_author` FROM `carver_article` WHERE  `article_id` = 17'A=0 LIMIT 1 [ RunTime:0.000593s ]
[2021-06-20T04:36:04+08:00][sql] SELECT `article_id`,`article_title`,`article_desc`,`article_content`,`article_img`,`article_guide`,`article_label`,`click_num`,`is_show`,`add_time`,`article_author` FROM `carver_article` WHERE  `article_id` > 17'A=0 LIMIT 1 [ RunTime:0.000465s ]
[2021-06-20T04:36:04+08:00][sql] SELECT `article_id`,`article_title`,`article_desc`,`article_content`,`article_img`,`article_guide`,`article_label`,`click_num`,`is_show`,`add_time`,`article_author` FROM `carver_article` WHERE  `article_id` < 17'A=0 ORDER BY `article_id` DESC LIMIT 1 [ RunTime:0.000379s ]
[2021-06-20T04:36:04+08:00][sql] SHOW FULL COLUMNS FROM `carver_link` [ RunTime:0.000658s ]
[2021-06-20T04:36:04+08:00][sql] SELECT * FROM `carver_link` WHERE  ( is_confirm=2 ) LIMIT 20 [ RunTime:0.000313s ]
[2021-06-20T04:36:04+08:00][sql] SELECT article_id,article_title,click_num,FROM_UNIXTIME(add_time,'%Y-%m-%d') as add_time FROM `carver_article` ORDER BY `click_num` DESC LIMIT 3 [ RunTime:0.000353s ]
[2021-06-20T04:36:04+08:00][sql] SHOW FULL COLUMNS FROM `carver_comment` [ RunTime:0.000612s ]
[2021-06-20T04:36:04+08:00][sql] SELECT `a`.*,`b`.`user_name` FROM `carver_comment` `a` INNER JOIN `carver_user` `b` ON `a`.`user_id`=`b`.`user_id` WHERE  `article_id` = 17'A=0 ORDER BY `create_time` DESC [ RunTime:0.000384s ]
[2021-06-20T04:36:04+08:00][sql] SHOW FULL COLUMNS FROM `carver_comment_to_others` [ RunTime:0.000575s ]
[2021-06-20T04:36:04+08:00][sql] SELECT * FROM `carver_comment_to_others` [ RunTime:0.000274s ]
[2021-06-20T04:36:04+08:00][sql] SHOW FULL COLUMNS FROM `carver_user` [ RunTime:0.000679s ]
[2021-06-20T04:36:04+08:00][sql] SELECT `user_name` FROM `carver_user` WHERE  `user_id` = 4 LIMIT 1 [ RunTime:0.000257s ]
[2021-06-20T04:36:04+08:00][sql] SELECT `user_name` FROM `carver_user` WHERE  `user_id` = 4 LIMIT 1 [ RunTime:0.000228s ]
[2021-06-20T04:36:04+08:00][sql] SELECT `user_name` FROM `carver_user` WHERE  `user_id` = 5 LIMIT 1 [ RunTime:0.000231s ]
[2021-06-20T04:36:04+08:00][sql] SELECT `user_name` FROM `carver_user` WHERE  `user_id` = 5 LIMIT 1 [ RunTime:0.000209s ]
[2021-06-20T04:36:04+08:00][sql] SELECT `user_name` FROM `carver_user` WHERE  `user_id` = 37 LIMIT 1 [ RunTime:0.000230s ]
[2021-06-20T04:36:04+08:00][sql] SELECT `user_name`,`user_id` FROM `carver_user` [ RunTime:0.000240s ]
[2021-06-20T04:36:04+08:00][sql] SHOW FULL COLUMNS FROM `carver_navigation` [ RunTime:0.000628s ]
[2021-06-20T04:36:04+08:00][sql] SELECT * FROM `carver_navigation` [ RunTime:0.000283s ]
[2021-06-20T04:36:04+08:00][sql] SELECT `article_label` FROM `carver_article` [ RunTime:0.000304s ]
[2021-06-20T05:01:13+08:00][sql] CONNECT:[ UseTime:0.000594s ] mysql:host=127.0.0.1;port=3306;dbname=carver;charset=utf8
[2021-06-20T05:01:13+08:00][sql] SHOW FULL COLUMNS FROM `carver_user` [ RunTime:0.000878s ]
[2021-06-20T05:01:13+08:00][sql] SHOW FULL COLUMNS FROM `carver_article` [ RunTime:0.000672s ]
[2021-06-20T05:01:13+08:00][sql] SELECT COUNT(*) AS think_count FROM `carver_article` WHERE  `delete_time` = 0  AND `is_show` = 1 [ RunTime:0.000398s ]
[2021-06-20T05:01:13+08:00][sql] SELECT `article_id`,`article_title`,`article_desc`,`article_content`,`article_img`,`article_guide`,`article_label`,`click_num`,`is_show`,`add_time`,`article_author`,`is_top_show` FROM `carver_article` WHERE  `delete_time` = 0  AND `is_show` = 1 ORDER BY `article_id` DESC LIMIT 0,6 [ RunTime:0.000749s ]
[2021-06-20T05:01:13+08:00][sql] SELECT article_id,article_title,click_num,FROM_UNIXTIME(add_time,'%Y-%m-%d') as add_time FROM `carver_article` WHERE  `is_show` = 1  AND `delete_time` = 0 ORDER BY `click_num` DESC LIMIT 3 [ RunTime:0.000553s ]
[2021-06-20T05:01:13+08:00][sql] SHOW FULL COLUMNS FROM `carver_notice` [ RunTime:0.000609s ]
[2021-06-20T05:01:13+08:00][sql] SELECT * FROM `carver_notice` ORDER BY `create_time` DESC LIMIT 3 [ RunTime:0.000270s ]
[2021-06-20T05:01:13+08:00][sql] SHOW FULL COLUMNS FROM `carver_navigation` [ RunTime:0.000505s ]
[2021-06-20T05:01:13+08:00][sql] SELECT * FROM `carver_navigation` [ RunTime:0.000234s ]
[2021-06-20T05:01:13+08:00][sql] SHOW FULL COLUMNS FROM `carver_link` [ RunTime:0.000519s ]
[2021-06-20T05:01:13+08:00][sql] SELECT * FROM `carver_link` WHERE  ( is_confirm=2 ) LIMIT 20 [ RunTime:0.000270s ]
[2021-06-20T05:01:13+08:00][sql] SELECT `article_label` FROM `carver_article` [ RunTime:0.000272s ]
[2021-06-20T05:01:13+08:00][sql] SHOW FULL COLUMNS FROM `carver_carouse` [ RunTime:0.000508s ]
[2021-06-20T05:01:13+08:00][sql] SELECT `carouse_img`,`carouse_desc` FROM `carver_carouse` WHERE  `is_show` = 1 ORDER BY `carouse_sort` DESC LIMIT 3 [ RunTime:0.000264s ]
[2021-06-20T05:01:13+08:00][sql] SHOW FULL COLUMNS FROM `carver_site` [ RunTime:0.000472s ]
[2021-06-20T05:01:13+08:00][sql] SELECT * FROM `carver_site` [ RunTime:0.000223s ]
[2021-06-20T05:06:40+08:00][sql] CONNECT:[ UseTime:0.000503s ] mysql:host=127.0.0.1;port=3306;dbname=carver;charset=utf8
[2021-06-20T05:06:40+08:00][sql] SHOW FULL COLUMNS FROM `carver_user` [ RunTime:0.000815s ]
[2021-06-20T05:06:40+08:00][sql] SHOW FULL COLUMNS FROM `carver_article` [ RunTime:0.000712s ]
[2021-06-20T05:06:40+08:00][sql] SELECT COUNT(*) AS think_count FROM `carver_article` WHERE  `delete_time` = 0  AND `is_show` = 1 [ RunTime:0.000364s ]
[2021-06-20T05:06:40+08:00][sql] SELECT `article_id`,`article_title`,`article_desc`,`article_content`,`article_img`,`article_guide`,`article_label`,`click_num`,`is_show`,`add_time`,`article_author`,`is_top_show` FROM `carver_article` WHERE  `delete_time` = 0  AND `is_show` = 1 ORDER BY `article_id` DESC LIMIT 0,6 [ RunTime:0.000762s ]
[2021-06-20T05:06:40+08:00][sql] SELECT article_id,article_title,click_num,FROM_UNIXTIME(add_time,'%Y-%m-%d') as add_time FROM `carver_article` WHERE  `is_show` = 1  AND `delete_time` = 0 ORDER BY `click_num` DESC LIMIT 3 [ RunTime:0.000449s ]
[2021-06-20T05:06:40+08:00][sql] SHOW FULL COLUMNS FROM `carver_notice` [ RunTime:0.000483s ]
[2021-06-20T05:06:40+08:00][sql] SELECT * FROM `carver_notice` ORDER BY `create_time` DESC LIMIT 3 [ RunTime:0.000272s ]
[2021-06-20T05:06:40+08:00][sql] SHOW FULL COLUMNS FROM `carver_navigation` [ RunTime:0.000550s ]
[2021-06-20T05:06:40+08:00][sql] SELECT * FROM `carver_navigation` [ RunTime:0.000252s ]
[2021-06-20T05:06:40+08:00][sql] SHOW FULL COLUMNS FROM `carver_link` [ RunTime:0.000528s ]
[2021-06-20T05:06:40+08:00][sql] SELECT * FROM `carver_link` WHERE  ( is_confirm=2 ) LIMIT 20 [ RunTime:0.000303s ]
[2021-06-20T05:06:40+08:00][sql] SELECT `article_label` FROM `carver_article` [ RunTime:0.000273s ]
[2021-06-20T05:06:40+08:00][sql] SHOW FULL COLUMNS FROM `carver_carouse` [ RunTime:0.000466s ]
[2021-06-20T05:06:40+08:00][sql] SELECT `carouse_img`,`carouse_desc` FROM `carver_carouse` WHERE  `is_show` = 1 ORDER BY `carouse_sort` DESC LIMIT 3 [ RunTime:0.000285s ]
[2021-06-20T05:06:40+08:00][sql] SHOW FULL COLUMNS FROM `carver_site` [ RunTime:0.000496s ]
[2021-06-20T05:06:40+08:00][sql] SELECT * FROM `carver_site` [ RunTime:0.000235s ]
[2021-06-20T06:12:11+08:00][sql] CONNECT:[ UseTime:0.000626s ] mysql:host=127.0.0.1;port=3306;dbname=carver;charset=utf8
[2021-06-20T06:12:11+08:00][sql] SHOW FULL COLUMNS FROM `carver_article` [ RunTime:0.001192s ]
[2021-06-20T06:12:11+08:00][sql] SELECT COUNT(*) AS think_count FROM `carver_article` WHERE  `article_label` LIKE '%c%'  AND `delete_time` = 0  AND `is_show` = 1 [ RunTime:0.000435s ]
[2021-06-20T06:12:11+08:00][sql] SELECT * FROM `carver_article` WHERE  `article_label` LIKE '%c%'  AND `delete_time` = 0  AND `is_show` = 1 LIMIT 72,6 [ RunTime:0.001117s ]
[2021-06-20T06:12:11+08:00][sql] SELECT article_id,article_title,click_num,FROM_UNIXTIME(add_time,'%Y-%m-%d') as add_time FROM `carver_article` WHERE  `is_show` = 1  AND `delete_time` = 0 ORDER BY `click_num` DESC LIMIT 3 [ RunTime:0.000541s ]
[2021-06-20T06:12:11+08:00][sql] SHOW FULL COLUMNS FROM `carver_notice` [ RunTime:0.000722s ]
[2021-06-20T06:12:11+08:00][sql] SELECT * FROM `carver_notice` ORDER BY `create_time` DESC LIMIT 3 [ RunTime:0.000346s ]
[2021-06-20T06:12:11+08:00][sql] SHOW FULL COLUMNS FROM `carver_navigation` [ RunTime:0.000569s ]
[2021-06-20T06:12:11+08:00][sql] SELECT * FROM `carver_navigation` [ RunTime:0.000298s ]
[2021-06-20T06:12:11+08:00][sql] SHOW FULL COLUMNS FROM `carver_link` [ RunTime:0.000553s ]
[2021-06-20T06:12:11+08:00][sql] SELECT * FROM `carver_link` WHERE  ( is_confirm=2 ) LIMIT 20 [ RunTime:0.000355s ]
[2021-06-20T06:12:11+08:00][sql] SELECT `article_label` FROM `carver_article` [ RunTime:0.000272s ]
[2021-06-20T06:12:11+08:00][sql] SHOW FULL COLUMNS FROM `carver_carouse` [ RunTime:0.000572s ]
[2021-06-20T06:12:11+08:00][sql] SELECT `carouse_img`,`carouse_desc` FROM `carver_carouse` WHERE  `is_show` = 1 ORDER BY `carouse_sort` DESC LIMIT 3 [ RunTime:0.000338s ]
[2021-06-20T06:12:11+08:00][sql] SHOW FULL COLUMNS FROM `carver_site` [ RunTime:0.000562s ]
[2021-06-20T06:12:11+08:00][sql] SELECT * FROM `carver_site` [ RunTime:0.000316s ]
[2021-06-20T06:12:13+08:00][sql] CONNECT:[ UseTime:0.001100s ] mysql:host=127.0.0.1;port=3306;dbname=carver;charset=utf8
[2021-06-20T06:12:13+08:00][sql] SHOW FULL COLUMNS FROM `carver_article` [ RunTime:0.001161s ]
[2021-06-20T06:12:13+08:00][sql] SELECT COUNT(*) AS think_count FROM `carver_article` WHERE  `article_guide` = 6  AND `delete_time` = 0  AND `is_show` = 1 [ RunTime:0.000404s ]
[2021-06-20T06:12:13+08:00][sql] SELECT * FROM `carver_article` WHERE  `article_guide` = 6  AND `delete_time` = 0  AND `is_show` = 1 ORDER BY `add_time` DESC LIMIT 66,6 [ RunTime:0.000588s ]
[2021-06-20T06:12:13+08:00][sql] SELECT article_id,article_title,click_num,FROM_UNIXTIME(add_time,'%Y-%m-%d') as add_time FROM `carver_article` WHERE  `is_show` = 1  AND `delete_time` = 0 ORDER BY `click_num` DESC LIMIT 3 [ RunTime:0.000863s ]
[2021-06-20T06:12:13+08:00][sql] SHOW FULL COLUMNS FROM `carver_notice` [ RunTime:0.000700s ]
[2021-06-20T06:12:13+08:00][sql] SELECT * FROM `carver_notice` ORDER BY `create_time` DESC LIMIT 3 [ RunTime:0.000481s ]
[2021-06-20T06:12:13+08:00][sql] SHOW FULL COLUMNS FROM `carver_navigation` [ RunTime:0.000574s ]
[2021-06-20T06:12:13+08:00][sql] SELECT * FROM `carver_navigation` [ RunTime:0.000296s ]
[2021-06-20T06:12:13+08:00][sql] SELECT `article_label` FROM `carver_article` [ RunTime:0.000320s ]
[2021-06-20T06:12:13+08:00][sql] SHOW FULL COLUMNS FROM `carver_carouse` [ RunTime:0.000546s ]
[2021-06-20T06:12:13+08:00][sql] SELECT `carouse_img`,`carouse_desc` FROM `carver_carouse` WHERE  `is_show` = 1 ORDER BY `carouse_sort` DESC LIMIT 3 [ RunTime:0.000330s ]
[2021-06-20T06:12:13+08:00][sql] SHOW FULL COLUMNS FROM `carver_link` [ RunTime:0.000513s ]
[2021-06-20T06:12:13+08:00][sql] SELECT * FROM `carver_link` WHERE  ( is_confirm=2 ) LIMIT 20 [ RunTime:0.000339s ]
[2021-06-20T06:12:13+08:00][sql] SHOW FULL COLUMNS FROM `carver_site` [ RunTime:0.000645s ]
[2021-06-20T06:12:13+08:00][sql] SELECT * FROM `carver_site` [ RunTime:0.000348s ]
[2021-06-20T07:22:18+08:00][sql] CONNECT:[ UseTime:0.000991s ] mysql:host=127.0.0.1;port=3306;dbname=carver;charset=utf8
[2021-06-20T07:22:18+08:00][sql] SHOW FULL COLUMNS FROM `carver_user` [ RunTime:0.000831s ]
[2021-06-20T07:22:18+08:00][sql] SHOW FULL COLUMNS FROM `carver_article` [ RunTime:0.000726s ]
[2021-06-20T07:22:18+08:00][sql] SELECT COUNT(*) AS think_count FROM `carver_article` WHERE  `delete_time` = 0  AND `is_show` = 1 [ RunTime:0.000463s ]
[2021-06-20T07:22:18+08:00][sql] SELECT `article_id`,`article_title`,`article_desc`,`article_content`,`article_img`,`article_guide`,`article_label`,`click_num`,`is_show`,`add_time`,`article_author`,`is_top_show` FROM `carver_article` WHERE  `delete_time` = 0  AND `is_show` = 1 ORDER BY `article_id` DESC LIMIT 0,6 [ RunTime:0.000805s ]
[2021-06-20T07:22:18+08:00][sql] SELECT article_id,article_title,click_num,FROM_UNIXTIME(add_time,'%Y-%m-%d') as add_time FROM `carver_article` WHERE  `is_show` = 1  AND `delete_time` = 0 ORDER BY `click_num` DESC LIMIT 3 [ RunTime:0.000464s ]
[2021-06-20T07:22:18+08:00][sql] SHOW FULL COLUMNS FROM `carver_notice` [ RunTime:0.000561s ]
[2021-06-20T07:22:18+08:00][sql] SELECT * FROM `carver_notice` ORDER BY `create_time` DESC LIMIT 3 [ RunTime:0.000295s ]
[2021-06-20T07:22:18+08:00][sql] SHOW FULL COLUMNS FROM `carver_navigation` [ RunTime:0.000583s ]
[2021-06-20T07:22:18+08:00][sql] SELECT * FROM `carver_navigation` [ RunTime:0.000247s ]
[2021-06-20T07:22:18+08:00][sql] SHOW FULL COLUMNS FROM `carver_link` [ RunTime:0.000514s ]
[2021-06-20T07:22:18+08:00][sql] SELECT * FROM `carver_link` WHERE  ( is_confirm=2 ) LIMIT 20 [ RunTime:0.000285s ]
[2021-06-20T07:22:18+08:00][sql] SELECT `article_label` FROM `carver_article` [ RunTime:0.000283s ]
[2021-06-20T07:22:18+08:00][sql] SHOW FULL COLUMNS FROM `carver_carouse` [ RunTime:0.000503s ]
[2021-06-20T07:22:18+08:00][sql] SELECT `carouse_img`,`carouse_desc` FROM `carver_carouse` WHERE  `is_show` = 1 ORDER BY `carouse_sort` DESC LIMIT 3 [ RunTime:0.000282s ]
[2021-06-20T07:22:18+08:00][sql] SHOW FULL COLUMNS FROM `carver_site` [ RunTime:0.000560s ]
[2021-06-20T07:22:18+08:00][sql] SELECT * FROM `carver_site` [ RunTime:0.000249s ]
[2021-06-20T08:24:36+08:00][sql] CONNECT:[ UseTime:0.000539s ] mysql:host=127.0.0.1;port=3306;dbname=carver;charset=utf8
[2021-06-20T08:24:36+08:00][sql] SHOW FULL COLUMNS FROM `carver_article` [ RunTime:0.000905s ]
[2021-06-20T08:24:36+08:00][sql] SELECT `article_id`,`article_title`,`article_desc`,`article_content`,`article_img`,`article_guide`,`article_label`,`click_num`,`is_show`,`add_time`,`article_author` FROM `carver_article` WHERE  `article_id` = 17' LIMIT 1 [ RunTime:0.000576s ]
[2021-06-20T08:24:36+08:00][sql] SELECT `article_id`,`article_title`,`article_desc`,`article_content`,`article_img`,`article_guide`,`article_label`,`click_num`,`is_show`,`add_time`,`article_author` FROM `carver_article` WHERE  `article_id` > 17' LIMIT 1 [ RunTime:0.000429s ]
[2021-06-20T08:24:36+08:00][sql] SELECT `article_id`,`article_title`,`article_desc`,`article_content`,`article_img`,`article_guide`,`article_label`,`click_num`,`is_show`,`add_time`,`article_author` FROM `carver_article` WHERE  `article_id` < 17' ORDER BY `article_id` DESC LIMIT 1 [ RunTime:0.000394s ]
[2021-06-20T08:24:36+08:00][sql] SHOW FULL COLUMNS FROM `carver_link` [ RunTime:0.000635s ]
[2021-06-20T08:24:36+08:00][sql] SELECT * FROM `carver_link` WHERE  ( is_confirm=2 ) LIMIT 20 [ RunTime:0.000302s ]
[2021-06-20T08:24:36+08:00][sql] SELECT article_id,article_title,click_num,FROM_UNIXTIME(add_time,'%Y-%m-%d') as add_time FROM `carver_article` ORDER BY `click_num` DESC LIMIT 3 [ RunTime:0.000935s ]
[2021-06-20T08:24:36+08:00][sql] SHOW FULL COLUMNS FROM `carver_comment` [ RunTime:0.000637s ]
[2021-06-20T08:24:36+08:00][sql] SELECT `a`.*,`b`.`user_name` FROM `carver_comment` `a` INNER JOIN `carver_user` `b` ON `a`.`user_id`=`b`.`user_id` WHERE  `article_id` = 17' ORDER BY `create_time` DESC [ RunTime:0.000361s ]
[2021-06-20T08:24:36+08:00][sql] SHOW FULL COLUMNS FROM `carver_comment_to_others` [ RunTime:0.000548s ]
[2021-06-20T08:24:36+08:00][sql] SELECT * FROM `carver_comment_to_others` [ RunTime:0.000244s ]
[2021-06-20T08:24:36+08:00][sql] SHOW FULL COLUMNS FROM `carver_user` [ RunTime:0.000476s ]
[2021-06-20T08:24:36+08:00][sql] SELECT `user_name` FROM `carver_user` WHERE  `user_id` = 4 LIMIT 1 [ RunTime:0.000259s ]
[2021-06-20T08:24:36+08:00][sql] SELECT `user_name` FROM `carver_user` WHERE  `user_id` = 4 LIMIT 1 [ RunTime:0.000225s ]
[2021-06-20T08:24:36+08:00][sql] SELECT `user_name` FROM `carver_user` WHERE  `user_id` = 5 LIMIT 1 [ RunTime:0.000226s ]
[2021-06-20T08:24:36+08:00][sql] SELECT `user_name` FROM `carver_user` WHERE  `user_id` = 5 LIMIT 1 [ RunTime:0.000255s ]
[2021-06-20T08:24:36+08:00][sql] SELECT `user_name` FROM `carver_user` WHERE  `user_id` = 37 LIMIT 1 [ RunTime:0.000260s ]
[2021-06-20T08:24:36+08:00][sql] SELECT `user_name`,`user_id` FROM `carver_user` [ RunTime:0.000261s ]
[2021-06-20T08:24:36+08:00][sql] SHOW FULL COLUMNS FROM `carver_navigation` [ RunTime:0.000520s ]
[2021-06-20T08:24:36+08:00][sql] SELECT * FROM `carver_navigation` [ RunTime:0.000251s ]
[2021-06-20T08:24:36+08:00][sql] SELECT `article_label` FROM `carver_article` [ RunTime:0.000269s ]
[2021-06-20T08:24:36+08:00][sql] CONNECT:[ UseTime:0.000547s ] mysql:host=127.0.0.1;port=3306;dbname=carver;charset=utf8
[2021-06-20T08:24:36+08:00][sql] SHOW FULL COLUMNS FROM `carver_article` [ RunTime:0.000929s ]
[2021-06-20T08:24:36+08:00][sql] SELECT `article_id`,`article_title`,`article_desc`,`article_content`,`article_img`,`article_guide`,`article_label`,`click_num`,`is_show`,`add_time`,`article_author` FROM `carver_article` WHERE  `article_id` = 17' LIMIT 1 [ RunTime:0.000586s ]
[2021-06-20T08:24:36+08:00][sql] SELECT `article_id`,`article_title`,`article_desc`,`article_content`,`article_img`,`article_guide`,`article_label`,`click_num`,`is_show`,`add_time`,`article_author` FROM `carver_article` WHERE  `article_id` > 17' LIMIT 1 [ RunTime:0.000448s ]
[2021-06-20T08:24:36+08:00][sql] SELECT `article_id`,`article_title`,`article_desc`,`article_content`,`article_img`,`article_guide`,`article_label`,`click_num`,`is_show`,`add_time`,`article_author` FROM `carver_article` WHERE  `article_id` < 17' ORDER BY `article_id` DESC LIMIT 1 [ RunTime:0.000392s ]
[2021-06-20T08:24:36+08:00][sql] SHOW FULL COLUMNS FROM `carver_link` [ RunTime:0.000678s ]
[2021-06-20T08:24:36+08:00][sql] SELECT * FROM `carver_link` WHERE  ( is_confirm=2 ) LIMIT 20 [ RunTime:0.000313s ]
[2021-06-20T08:24:36+08:00][sql] SELECT article_id,article_title,click_num,FROM_UNIXTIME(add_time,'%Y-%m-%d') as add_time FROM `carver_article` ORDER BY `click_num` DESC LIMIT 3 [ RunTime:0.000355s ]
[2021-06-20T08:24:36+08:00][sql] SHOW FULL COLUMNS FROM `carver_comment` [ RunTime:0.000606s ]
[2021-06-20T08:24:36+08:00][sql] SELECT `a`.*,`b`.`user_name` FROM `carver_comment` `a` INNER JOIN `carver_user` `b` ON `a`.`user_id`=`b`.`user_id` WHERE  `article_id` = 17' ORDER BY `create_time` DESC [ RunTime:0.000383s ]
[2021-06-20T08:24:36+08:00][sql] SHOW FULL COLUMNS FROM `carver_comment_to_others` [ RunTime:0.000558s ]
[2021-06-20T08:24:36+08:00][sql] SELECT * FROM `carver_comment_to_others` [ RunTime:0.000397s ]
[2021-06-20T08:24:36+08:00][sql] SHOW FULL COLUMNS FROM `carver_user` [ RunTime:0.000517s ]
[2021-06-20T08:24:36+08:00][sql] SELECT `user_name` FROM `carver_user` WHERE  `user_id` = 4 LIMIT 1 [ RunTime:0.000255s ]
[2021-06-20T08:24:36+08:00][sql] SELECT `user_name` FROM `carver_user` WHERE  `user_id` = 4 LIMIT 1 [ RunTime:0.000223s ]
[2021-06-20T08:24:36+08:00][sql] SELECT `user_name` FROM `carver_user` WHERE  `user_id` = 5 LIMIT 1 [ RunTime:0.000238s ]
[2021-06-20T08:24:36+08:00][sql] SELECT `user_name` FROM `carver_user` WHERE  `user_id` = 5 LIMIT 1 [ RunTime:0.000228s ]
[2021-06-20T08:24:36+08:00][sql] SELECT `user_name` FROM `carver_user` WHERE  `user_id` = 37 LIMIT 1 [ RunTime:0.000227s ]
[2021-06-20T08:24:36+08:00][sql] SHOW FULL COLUMNS FROM `carver_navigation` [ RunTime:0.000682s ]
[2021-06-20T08:24:36+08:00][sql] SELECT * FROM `carver_navigation` [ RunTime:0.000250s ]
[2021-06-20T08:24:36+08:00][sql] SELECT `article_label` FROM `carver_article` [ RunTime:0.000312s ]
[2021-06-20T08:24:36+08:00][sql] CONNECT:[ UseTime:0.000534s ] mysql:host=127.0.0.1;port=3306;dbname=carver;charset=utf8
[2021-06-20T08:24:36+08:00][sql] SHOW FULL COLUMNS FROM `carver_article` [ RunTime:0.000910s ]
[2021-06-20T08:24:36+08:00][sql] SELECT `article_id`,`article_title`,`article_desc`,`article_content`,`article_img`,`article_guide`,`article_label`,`click_num`,`is_show`,`add_time`,`article_author` FROM `carver_article` WHERE  `article_id` = 17' LIMIT 1 [ RunTime:0.000648s ]
[2021-06-20T08:24:36+08:00][sql] SELECT `article_id`,`article_title`,`article_desc`,`article_content`,`article_img`,`article_guide`,`article_label`,`click_num`,`is_show`,`add_time`,`article_author` FROM `carver_article` WHERE  `article_id` > 17' LIMIT 1 [ RunTime:0.000484s ]
[2021-06-20T08:24:36+08:00][sql] SELECT `article_id`,`article_title`,`article_desc`,`article_content`,`article_img`,`article_guide`,`article_label`,`click_num`,`is_show`,`add_time`,`article_author` FROM `carver_article` WHERE  `article_id` < 17' ORDER BY `article_id` DESC LIMIT 1 [ RunTime:0.000384s ]
[2021-06-20T08:24:36+08:00][sql] SHOW FULL COLUMNS FROM `carver_link` [ RunTime:0.000581s ]
[2021-06-20T08:24:36+08:00][sql] SELECT * FROM `carver_link` WHERE  ( is_confirm=2 ) LIMIT 20 [ RunTime:0.000305s ]
[2021-06-20T08:24:36+08:00][sql] SELECT article_id,article_title,click_num,FROM_UNIXTIME(add_time,'%Y-%m-%d') as add_time FROM `carver_article` ORDER BY `click_num` DESC LIMIT 3 [ RunTime:0.000614s ]
[2021-06-20T08:24:36+08:00][sql] SHOW FULL COLUMNS FROM `carver_comment` [ RunTime:0.000612s ]
[2021-06-20T08:24:36+08:00][sql] SELECT `a`.*,`b`.`user_name` FROM `carver_comment` `a` INNER JOIN `carver_user` `b` ON `a`.`user_id`=`b`.`user_id` WHERE  `article_id` = 17' ORDER BY `create_time` DESC [ RunTime:0.000363s ]
[2021-06-20T08:24:36+08:00][sql] SHOW FULL COLUMNS FROM `carver_comment_to_others` [ RunTime:0.000610s ]
[2021-06-20T08:24:36+08:00][sql] SELECT * FROM `carver_comment_to_others` [ RunTime:0.000231s ]
[2021-06-20T08:24:36+08:00][sql] SHOW FULL COLUMNS FROM `carver_user` [ RunTime:0.000526s ]
[2021-06-20T08:24:36+08:00][sql] SELECT `user_name` FROM `carver_user` WHERE  `user_id` = 4 LIMIT 1 [ RunTime:0.000270s ]
[2021-06-20T08:24:36+08:00][sql] SELECT `user_name` FROM `carver_user` WHERE  `user_id` = 4 LIMIT 1 [ RunTime:0.000229s ]
[2021-06-20T08:24:36+08:00][sql] SELECT `user_name` FROM `carver_user` WHERE  `user_id` = 5 LIMIT 1 [ RunTime:0.000224s ]
[2021-06-20T08:24:36+08:00][sql] SELECT `user_name` FROM `carver_user` WHERE  `user_id` = 5 LIMIT 1 [ RunTime:0.000225s ]
[2021-06-20T08:24:36+08:00][sql] SELECT `user_name` FROM `carver_user` WHERE  `user_id` = 37 LIMIT 1 [ RunTime:0.000222s ]
[2021-06-20T08:24:36+08:00][sql] SHOW FULL COLUMNS FROM `carver_navigation` [ RunTime:0.000508s ]
[2021-06-20T08:24:36+08:00][sql] SELECT * FROM `carver_navigation` [ RunTime:0.000242s ]
[2021-06-20T08:24:36+08:00][sql] SELECT `article_label` FROM `carver_article` [ RunTime:0.000289s ]
[2021-06-20T09:28:24+08:00][sql] CONNECT:[ UseTime:0.000817s ] mysql:host=127.0.0.1;port=3306;dbname=carver;charset=utf8
[2021-06-20T09:28:24+08:00][sql] SHOW FULL COLUMNS FROM `carver_user` [ RunTime:0.000791s ]
[2021-06-20T09:28:24+08:00][sql] SHOW FULL COLUMNS FROM `carver_article` [ RunTime:0.000712s ]
[2021-06-20T09:28:24+08:00][sql] SELECT COUNT(*) AS think_count FROM `carver_article` WHERE  `delete_time` = 0  AND `is_show` = 1 [ RunTime:0.000370s ]
[2021-06-20T09:28:24+08:00][sql] SELECT `article_id`,`article_title`,`article_desc`,`article_content`,`article_img`,`article_guide`,`article_label`,`click_num`,`is_show`,`add_time`,`article_author`,`is_top_show` FROM `carver_article` WHERE  `delete_time` = 0  AND `is_show` = 1 ORDER BY `article_id` DESC LIMIT 0,6 [ RunTime:0.000753s ]
[2021-06-20T09:28:24+08:00][sql] SELECT article_id,article_title,click_num,FROM_UNIXTIME(add_time,'%Y-%m-%d') as add_time FROM `carver_article` WHERE  `is_show` = 1  AND `delete_time` = 0 ORDER BY `click_num` DESC LIMIT 3 [ RunTime:0.000727s ]
[2021-06-20T09:28:24+08:00][sql] SHOW FULL COLUMNS FROM `carver_notice` [ RunTime:0.000596s ]
[2021-06-20T09:28:24+08:00][sql] SELECT * FROM `carver_notice` ORDER BY `create_time` DESC LIMIT 3 [ RunTime:0.000271s ]
[2021-06-20T09:28:24+08:00][sql] SHOW FULL COLUMNS FROM `carver_navigation` [ RunTime:0.000566s ]
[2021-06-20T09:28:24+08:00][sql] SELECT * FROM `carver_navigation` [ RunTime:0.000234s ]
[2021-06-20T09:28:24+08:00][sql] SHOW FULL COLUMNS FROM `carver_link` [ RunTime:0.000534s ]
[2021-06-20T09:28:24+08:00][sql] SELECT * FROM `carver_link` WHERE  ( is_confirm=2 ) LIMIT 20 [ RunTime:0.000306s ]
[2021-06-20T09:28:24+08:00][sql] SELECT `article_label` FROM `carver_article` [ RunTime:0.000628s ]
[2021-06-20T09:28:24+08:00][sql] SHOW FULL COLUMNS FROM `carver_carouse` [ RunTime:0.000552s ]
[2021-06-20T09:28:24+08:00][sql] SELECT `carouse_img`,`carouse_desc` FROM `carver_carouse` WHERE  `is_show` = 1 ORDER BY `carouse_sort` DESC LIMIT 3 [ RunTime:0.000299s ]
[2021-06-20T09:28:24+08:00][sql] SHOW FULL COLUMNS FROM `carver_site` [ RunTime:0.000528s ]
[2021-06-20T09:28:24+08:00][sql] SELECT * FROM `carver_site` [ RunTime:0.000236s ]
[2021-06-20T10:18:05+08:00][sql] CONNECT:[ UseTime:0.000947s ] mysql:host=127.0.0.1;port=3306;dbname=carver;charset=utf8
[2021-06-20T10:18:05+08:00][sql] SHOW FULL COLUMNS FROM `carver_user` [ RunTime:0.000839s ]
[2021-06-20T10:18:05+08:00][sql] SHOW FULL COLUMNS FROM `carver_article` [ RunTime:0.000706s ]
[2021-06-20T10:18:05+08:00][sql] SELECT COUNT(*) AS think_count FROM `carver_article` WHERE  `delete_time` = 0  AND `is_show` = 1 [ RunTime:0.000369s ]
[2021-06-20T10:18:05+08:00][sql] SELECT `article_id`,`article_title`,`article_desc`,`article_content`,`article_img`,`article_guide`,`article_label`,`click_num`,`is_show`,`add_time`,`article_author`,`is_top_show` FROM `carver_article` WHERE  `delete_time` = 0  AND `is_show` = 1 ORDER BY `article_id` DESC LIMIT 0,6 [ RunTime:0.000777s ]
[2021-06-20T10:18:05+08:00][sql] SELECT article_id,article_title,click_num,FROM_UNIXTIME(add_time,'%Y-%m-%d') as add_time FROM `carver_article` WHERE  `is_show` = 1  AND `delete_time` = 0 ORDER BY `click_num` DESC LIMIT 3 [ RunTime:0.000400s ]
[2021-06-20T10:18:05+08:00][sql] SHOW FULL COLUMNS FROM `carver_notice` [ RunTime:0.000511s ]
[2021-06-20T10:18:05+08:00][sql] SELECT * FROM `carver_notice` ORDER BY `create_time` DESC LIMIT 3 [ RunTime:0.000270s ]
[2021-06-20T10:18:05+08:00][sql] SHOW FULL COLUMNS FROM `carver_navigation` [ RunTime:0.000543s ]
[2021-06-20T10:18:05+08:00][sql] SELECT * FROM `carver_navigation` [ RunTime:0.000264s ]
[2021-06-20T10:18:05+08:00][sql] SHOW FULL COLUMNS FROM `carver_link` [ RunTime:0.000555s ]
[2021-06-20T10:18:05+08:00][sql] SELECT * FROM `carver_link` WHERE  ( is_confirm=2 ) LIMIT 20 [ RunTime:0.000307s ]
[2021-06-20T10:18:05+08:00][sql] SELECT `article_label` FROM `carver_article` [ RunTime:0.000290s ]
[2021-06-20T10:18:05+08:00][sql] SHOW FULL COLUMNS FROM `carver_carouse` [ RunTime:0.000525s ]
[2021-06-20T10:18:05+08:00][sql] SELECT `carouse_img`,`carouse_desc` FROM `carver_carouse` WHERE  `is_show` = 1 ORDER BY `carouse_sort` DESC LIMIT 3 [ RunTime:0.000297s ]
[2021-06-20T10:18:05+08:00][sql] SHOW FULL COLUMNS FROM `carver_site` [ RunTime:0.000505s ]
[2021-06-20T10:18:05+08:00][sql] SELECT * FROM `carver_site` [ RunTime:0.000220s ]
[2021-06-20T10:19:12+08:00][sql] CONNECT:[ UseTime:0.000485s ] mysql:host=127.0.0.1;port=3306;dbname=carver;charset=utf8
[2021-06-20T10:19:12+08:00][sql] SHOW FULL COLUMNS FROM `carver_article` [ RunTime:0.000886s ]
[2021-06-20T10:19:12+08:00][sql] SELECT COUNT(*) AS think_count FROM `carver_article` WHERE  `article_label` LIKE '%php%'  AND `delete_time` = 0  AND `is_show` = 1 [ RunTime:0.000416s ]
[2021-06-20T10:19:12+08:00][sql] SELECT * FROM `carver_article` WHERE  `article_label` LIKE '%php%'  AND `delete_time` = 0  AND `is_show` = 1 LIMIT 0,6 [ RunTime:0.001170s ]
[2021-06-20T10:19:12+08:00][sql] SELECT article_id,article_title,click_num,FROM_UNIXTIME(add_time,'%Y-%m-%d') as add_time FROM `carver_article` WHERE  `is_show` = 1  AND `delete_time` = 0 ORDER BY `click_num` DESC LIMIT 3 [ RunTime:0.000414s ]
[2021-06-20T10:19:12+08:00][sql] SHOW FULL COLUMNS FROM `carver_notice` [ RunTime:0.000580s ]
[2021-06-20T10:19:12+08:00][sql] SELECT * FROM `carver_notice` ORDER BY `create_time` DESC LIMIT 3 [ RunTime:0.000256s ]
[2021-06-20T10:19:12+08:00][sql] SHOW FULL COLUMNS FROM `carver_navigation` [ RunTime:0.000520s ]
[2021-06-20T10:19:12+08:00][sql] SELECT * FROM `carver_navigation` [ RunTime:0.000243s ]
[2021-06-20T10:19:12+08:00][sql] SHOW FULL COLUMNS FROM `carver_link` [ RunTime:0.000576s ]
[2021-06-20T10:19:12+08:00][sql] SELECT * FROM `carver_link` WHERE  ( is_confirm=2 ) LIMIT 20 [ RunTime:0.000266s ]
[2021-06-20T10:19:12+08:00][sql] SELECT `article_label` FROM `carver_article` [ RunTime:0.000292s ]
[2021-06-20T10:19:12+08:00][sql] SHOW FULL COLUMNS FROM `carver_carouse` [ RunTime:0.000446s ]
[2021-06-20T10:19:12+08:00][sql] SELECT `carouse_img`,`carouse_desc` FROM `carver_carouse` WHERE  `is_show` = 1 ORDER BY `carouse_sort` DESC LIMIT 3 [ RunTime:0.000292s ]
[2021-06-20T10:19:12+08:00][sql] SHOW FULL COLUMNS FROM `carver_site` [ RunTime:0.000446s ]
[2021-06-20T10:19:12+08:00][sql] SELECT * FROM `carver_site` [ RunTime:0.000222s ]
[2021-06-20T11:17:17+08:00][sql] CONNECT:[ UseTime:0.000670s ] mysql:host=127.0.0.1;port=3306;dbname=carver;charset=utf8
[2021-06-20T11:17:17+08:00][sql] SHOW FULL COLUMNS FROM `carver_user` [ RunTime:0.000975s ]
[2021-06-20T11:17:17+08:00][sql] SHOW FULL COLUMNS FROM `carver_article` [ RunTime:0.001165s ]
[2021-06-20T11:17:17+08:00][sql] SELECT COUNT(*) AS think_count FROM `carver_article` WHERE  `delete_time` = 0  AND `is_show` = 1 [ RunTime:0.000484s ]
[2021-06-20T11:17:17+08:00][sql] SELECT `article_id`,`article_title`,`article_desc`,`article_content`,`article_img`,`article_guide`,`article_label`,`click_num`,`is_show`,`add_time`,`article_author`,`is_top_show` FROM `carver_article` WHERE  `delete_time` = 0  AND `is_show` = 1 ORDER BY `article_id` DESC LIMIT 12,6 [ RunTime:0.001513s ]
[2021-06-20T11:17:17+08:00][sql] SELECT article_id,article_title,click_num,FROM_UNIXTIME(add_time,'%Y-%m-%d') as add_time FROM `carver_article` WHERE  `is_show` = 1  AND `delete_time` = 0 ORDER BY `click_num` DESC LIMIT 3 [ RunTime:0.000664s ]
[2021-06-20T11:17:17+08:00][sql] SHOW FULL COLUMNS FROM `carver_notice` [ RunTime:0.000763s ]
[2021-06-20T11:17:17+08:00][sql] SELECT * FROM `carver_notice` ORDER BY `create_time` DESC LIMIT 3 [ RunTime:0.000384s ]
[2021-06-20T11:17:17+08:00][sql] SHOW FULL COLUMNS FROM `carver_navigation` [ RunTime:0.000599s ]
[2021-06-20T11:17:17+08:00][sql] SELECT * FROM `carver_navigation` [ RunTime:0.000293s ]
[2021-06-20T11:17:17+08:00][sql] SHOW FULL COLUMNS FROM `carver_link` [ RunTime:0.000640s ]
[2021-06-20T11:17:17+08:00][sql] SELECT * FROM `carver_link` WHERE  ( is_confirm=2 ) LIMIT 20 [ RunTime:0.000350s ]
[2021-06-20T11:17:17+08:00][sql] SELECT `article_label` FROM `carver_article` [ RunTime:0.000301s ]
[2021-06-20T11:17:17+08:00][sql] SHOW FULL COLUMNS FROM `carver_carouse` [ RunTime:0.000675s ]
[2021-06-20T11:17:17+08:00][sql] SELECT `carouse_img`,`carouse_desc` FROM `carver_carouse` WHERE  `is_show` = 1 ORDER BY `carouse_sort` DESC LIMIT 3 [ RunTime:0.000374s ]
[2021-06-20T11:17:17+08:00][sql] SHOW FULL COLUMNS FROM `carver_site` [ RunTime:0.001040s ]
[2021-06-20T11:17:17+08:00][sql] SELECT * FROM `carver_site` [ RunTime:0.000429s ]
[2021-06-20T12:24:53+08:00][sql] CONNECT:[ UseTime:0.000561s ] mysql:host=127.0.0.1;port=3306;dbname=carver;charset=utf8
[2021-06-20T12:24:53+08:00][sql] SHOW FULL COLUMNS FROM `carver_article` [ RunTime:0.001019s ]
[2021-06-20T12:24:53+08:00][sql] SELECT `article_id`,`article_title`,`article_desc`,`article_content`,`article_img`,`article_guide`,`article_label`,`click_num`,`is_show`,`add_time`,`article_author` FROM `carver_article` WHERE  `article_id` = 17' LIMIT 1 [ RunTime:0.000545s ]
[2021-06-20T12:24:53+08:00][sql] SELECT `article_id`,`article_title`,`article_desc`,`article_content`,`article_img`,`article_guide`,`article_label`,`click_num`,`is_show`,`add_time`,`article_author` FROM `carver_article` WHERE  `article_id` > 17' LIMIT 1 [ RunTime:0.000420s ]
[2021-06-20T12:24:53+08:00][sql] SELECT `article_id`,`article_title`,`article_desc`,`article_content`,`article_img`,`article_guide`,`article_label`,`click_num`,`is_show`,`add_time`,`article_author` FROM `carver_article` WHERE  `article_id` < 17' ORDER BY `article_id` DESC LIMIT 1 [ RunTime:0.000414s ]
[2021-06-20T12:24:53+08:00][sql] SHOW FULL COLUMNS FROM `carver_link` [ RunTime:0.000669s ]
[2021-06-20T12:24:53+08:00][sql] SELECT * FROM `carver_link` WHERE  ( is_confirm=2 ) LIMIT 20 [ RunTime:0.000301s ]
[2021-06-20T12:24:53+08:00][sql] SELECT article_id,article_title,click_num,FROM_UNIXTIME(add_time,'%Y-%m-%d') as add_time FROM `carver_article` ORDER BY `click_num` DESC LIMIT 3 [ RunTime:0.000384s ]
[2021-06-20T12:24:53+08:00][sql] SHOW FULL COLUMNS FROM `carver_comment` [ RunTime:0.000584s ]
[2021-06-20T12:24:53+08:00][sql] SELECT `a`.*,`b`.`user_name` FROM `carver_comment` `a` INNER JOIN `carver_user` `b` ON `a`.`user_id`=`b`.`user_id` WHERE  `article_id` = 17' ORDER BY `create_time` DESC [ RunTime:0.000365s ]
[2021-06-20T12:24:53+08:00][sql] SHOW FULL COLUMNS FROM `carver_comment_to_others` [ RunTime:0.000565s ]
[2021-06-20T12:24:53+08:00][sql] SELECT * FROM `carver_comment_to_others` [ RunTime:0.000277s ]
[2021-06-20T12:24:53+08:00][sql] SHOW FULL COLUMNS FROM `carver_user` [ RunTime:0.000491s ]
[2021-06-20T12:24:53+08:00][sql] SELECT `user_name` FROM `carver_user` WHERE  `user_id` = 4 LIMIT 1 [ RunTime:0.000240s ]
[2021-06-20T12:24:53+08:00][sql] SELECT `user_name` FROM `carver_user` WHERE  `user_id` = 4 LIMIT 1 [ RunTime:0.000244s ]
[2021-06-20T12:24:53+08:00][sql] SELECT `user_name` FROM `carver_user` WHERE  `user_id` = 5 LIMIT 1 [ RunTime:0.000239s ]
[2021-06-20T12:24:53+08:00][sql] SELECT `user_name` FROM `carver_user` WHERE  `user_id` = 5 LIMIT 1 [ RunTime:0.000206s ]
[2021-06-20T12:24:53+08:00][sql] SELECT `user_name` FROM `carver_user` WHERE  `user_id` = 37 LIMIT 1 [ RunTime:0.000246s ]
[2021-06-20T12:24:53+08:00][sql] SELECT `user_name`,`user_id` FROM `carver_user` [ RunTime:0.000264s ]
[2021-06-20T12:24:53+08:00][sql] SHOW FULL COLUMNS FROM `carver_navigation` [ RunTime:0.000577s ]
[2021-06-20T12:24:53+08:00][sql] SELECT * FROM `carver_navigation` [ RunTime:0.000272s ]
[2021-06-20T12:24:53+08:00][sql] SELECT `article_label` FROM `carver_article` [ RunTime:0.000326s ]
[2021-06-20T12:27:50+08:00][sql] CONNECT:[ UseTime:0.000710s ] mysql:host=127.0.0.1;port=3306;dbname=carver;charset=utf8
[2021-06-20T12:27:50+08:00][sql] SHOW FULL COLUMNS FROM `carver_user` [ RunTime:0.000859s ]
[2021-06-20T12:27:50+08:00][sql] SHOW FULL COLUMNS FROM `carver_article` [ RunTime:0.000691s ]
[2021-06-20T12:27:50+08:00][sql] SELECT COUNT(*) AS think_count FROM `carver_article` WHERE  `delete_time` = 0  AND `is_show` = 1 [ RunTime:0.000384s ]
[2021-06-20T12:27:50+08:00][sql] SELECT `article_id`,`article_title`,`article_desc`,`article_content`,`article_img`,`article_guide`,`article_label`,`click_num`,`is_show`,`add_time`,`article_author`,`is_top_show` FROM `carver_article` WHERE  `delete_time` = 0  AND `is_show` = 1 ORDER BY `article_id` DESC LIMIT 0,6 [ RunTime:0.000764s ]
[2021-06-20T12:27:50+08:00][sql] SELECT article_id,article_title,click_num,FROM_UNIXTIME(add_time,'%Y-%m-%d') as add_time FROM `carver_article` WHERE  `is_show` = 1  AND `delete_time` = 0 ORDER BY `click_num` DESC LIMIT 3 [ RunTime:0.000463s ]
[2021-06-20T12:27:50+08:00][sql] SHOW FULL COLUMNS FROM `carver_notice` [ RunTime:0.000574s ]
[2021-06-20T12:27:50+08:00][sql] SELECT * FROM `carver_notice` ORDER BY `create_time` DESC LIMIT 3 [ RunTime:0.000317s ]
[2021-06-20T12:27:50+08:00][sql] SHOW FULL COLUMNS FROM `carver_navigation` [ RunTime:0.000524s ]
[2021-06-20T12:27:50+08:00][sql] SELECT * FROM `carver_navigation` [ RunTime:0.000265s ]
[2021-06-20T12:27:50+08:00][sql] SHOW FULL COLUMNS FROM `carver_link` [ RunTime:0.000552s ]
[2021-06-20T12:27:50+08:00][sql] SELECT * FROM `carver_link` WHERE  ( is_confirm=2 ) LIMIT 20 [ RunTime:0.000310s ]
[2021-06-20T12:27:50+08:00][sql] SELECT `article_label` FROM `carver_article` [ RunTime:0.000302s ]
[2021-06-20T12:27:50+08:00][sql] SHOW FULL COLUMNS FROM `carver_carouse` [ RunTime:0.000468s ]
[2021-06-20T12:27:50+08:00][sql] SELECT `carouse_img`,`carouse_desc` FROM `carver_carouse` WHERE  `is_show` = 1 ORDER BY `carouse_sort` DESC LIMIT 3 [ RunTime:0.000315s ]
[2021-06-20T12:27:50+08:00][sql] SHOW FULL COLUMNS FROM `carver_site` [ RunTime:0.000464s ]
[2021-06-20T12:27:50+08:00][sql] SELECT * FROM `carver_site` [ RunTime:0.000254s ]
[2021-06-20T12:46:27+08:00][sql] CONNECT:[ UseTime:0.000575s ] mysql:host=127.0.0.1;port=3306;dbname=carver;charset=utf8
[2021-06-20T12:46:27+08:00][sql] SHOW FULL COLUMNS FROM `carver_user` [ RunTime:0.000802s ]
[2021-06-20T12:46:27+08:00][sql] SHOW FULL COLUMNS FROM `carver_article` [ RunTime:0.000705s ]
[2021-06-20T12:46:27+08:00][sql] SELECT COUNT(*) AS think_count FROM `carver_article` WHERE  `delete_time` = 0  AND `is_show` = 1 [ RunTime:0.000382s ]
[2021-06-20T12:46:27+08:00][sql] SELECT `article_id`,`article_title`,`article_desc`,`article_content`,`article_img`,`article_guide`,`article_label`,`click_num`,`is_show`,`add_time`,`article_author`,`is_top_show` FROM `carver_article` WHERE  `delete_time` = 0  AND `is_show` = 1 ORDER BY `article_id` DESC LIMIT 0,6 [ RunTime:0.000769s ]
[2021-06-20T12:46:27+08:00][sql] SELECT article_id,article_title,click_num,FROM_UNIXTIME(add_time,'%Y-%m-%d') as add_time FROM `carver_article` WHERE  `is_show` = 1  AND `delete_time` = 0 ORDER BY `click_num` DESC LIMIT 3 [ RunTime:0.000401s ]
[2021-06-20T12:46:27+08:00][sql] SHOW FULL COLUMNS FROM `carver_notice` [ RunTime:0.000639s ]
[2021-06-20T12:46:27+08:00][sql] SELECT * FROM `carver_notice` ORDER BY `create_time` DESC LIMIT 3 [ RunTime:0.000273s ]
[2021-06-20T12:46:27+08:00][sql] SHOW FULL COLUMNS FROM `carver_navigation` [ RunTime:0.000503s ]
[2021-06-20T12:46:27+08:00][sql] SELECT * FROM `carver_navigation` [ RunTime:0.000251s ]
[2021-06-20T12:46:27+08:00][sql] SHOW FULL COLUMNS FROM `carver_link` [ RunTime:0.000512s ]
[2021-06-20T12:46:27+08:00][sql] SELECT * FROM `carver_link` WHERE  ( is_confirm=2 ) LIMIT 20 [ RunTime:0.000292s ]
[2021-06-20T12:46:27+08:00][sql] SELECT `article_label` FROM `carver_article` [ RunTime:0.000265s ]
[2021-06-20T12:46:27+08:00][sql] SHOW FULL COLUMNS FROM `carver_carouse` [ RunTime:0.000553s ]
[2021-06-20T12:46:27+08:00][sql] SELECT `carouse_img`,`carouse_desc` FROM `carver_carouse` WHERE  `is_show` = 1 ORDER BY `carouse_sort` DESC LIMIT 3 [ RunTime:0.000282s ]
[2021-06-20T12:46:27+08:00][sql] SHOW FULL COLUMNS FROM `carver_site` [ RunTime:0.000515s ]
[2021-06-20T12:46:27+08:00][sql] SELECT * FROM `carver_site` [ RunTime:0.000242s ]
[2021-06-20T13:22:46+08:00][sql] CONNECT:[ UseTime:0.001010s ] mysql:host=127.0.0.1;port=3306;dbname=carver;charset=utf8
[2021-06-20T13:22:46+08:00][sql] SHOW FULL COLUMNS FROM `carver_article` [ RunTime:0.000852s ]
[2021-06-20T13:22:46+08:00][sql] SELECT COUNT(*) AS think_count FROM `carver_article` WHERE  `article_label` LIKE '%c%'  AND `delete_time` = 0  AND `is_show` = 1 [ RunTime:0.000420s ]
[2021-06-20T13:22:46+08:00][sql] SELECT * FROM `carver_article` WHERE  `article_label` LIKE '%c%'  AND `delete_time` = 0  AND `is_show` = 1 LIMIT 78,6 [ RunTime:0.001021s ]
[2021-06-20T13:22:46+08:00][sql] SELECT article_id,article_title,click_num,FROM_UNIXTIME(add_time,'%Y-%m-%d') as add_time FROM `carver_article` WHERE  `is_show` = 1  AND `delete_time` = 0 ORDER BY `click_num` DESC LIMIT 3 [ RunTime:0.000490s ]
[2021-06-20T13:22:46+08:00][sql] SHOW FULL COLUMNS FROM `carver_notice` [ RunTime:0.000634s ]
[2021-06-20T13:22:46+08:00][sql] SELECT * FROM `carver_notice` ORDER BY `create_time` DESC LIMIT 3 [ RunTime:0.000326s ]
[2021-06-20T13:22:46+08:00][sql] SHOW FULL COLUMNS FROM `carver_navigation` [ RunTime:0.000589s ]
[2021-06-20T13:22:46+08:00][sql] SELECT * FROM `carver_navigation` [ RunTime:0.000275s ]
[2021-06-20T13:22:46+08:00][sql] SHOW FULL COLUMNS FROM `carver_link` [ RunTime:0.000570s ]
[2021-06-20T13:22:46+08:00][sql] SELECT * FROM `carver_link` WHERE  ( is_confirm=2 ) LIMIT 20 [ RunTime:0.000398s ]
[2021-06-20T13:22:46+08:00][sql] SELECT `article_label` FROM `carver_article` [ RunTime:0.000299s ]
[2021-06-20T13:22:46+08:00][sql] SHOW FULL COLUMNS FROM `carver_carouse` [ RunTime:0.000561s ]
[2021-06-20T13:22:46+08:00][sql] SELECT `carouse_img`,`carouse_desc` FROM `carver_carouse` WHERE  `is_show` = 1 ORDER BY `carouse_sort` DESC LIMIT 3 [ RunTime:0.000333s ]
[2021-06-20T13:22:46+08:00][sql] SHOW FULL COLUMNS FROM `carver_site` [ RunTime:0.000736s ]
[2021-06-20T13:22:46+08:00][sql] SELECT * FROM `carver_site` [ RunTime:0.000291s ]
[2021-06-20T13:22:48+08:00][sql] CONNECT:[ UseTime:0.000641s ] mysql:host=127.0.0.1;port=3306;dbname=carver;charset=utf8
[2021-06-20T13:22:48+08:00][sql] SHOW FULL COLUMNS FROM `carver_article` [ RunTime:0.000884s ]
[2021-06-20T13:22:48+08:00][sql] SELECT COUNT(*) AS think_count FROM `carver_article` WHERE  `article_label` LIKE '%php;excel/%'  AND `delete_time` = 0  AND `is_show` = 1 [ RunTime:0.000452s ]
[2021-06-20T13:22:48+08:00][sql] SELECT * FROM `carver_article` WHERE  `article_label` LIKE '%php;excel/%'  AND `delete_time` = 0  AND `is_show` = 1 LIMIT 0,6 [ RunTime:0.000983s ]
[2021-06-20T13:22:48+08:00][sql] SELECT article_id,article_title,click_num,FROM_UNIXTIME(add_time,'%Y-%m-%d') as add_time FROM `carver_article` WHERE  `is_show` = 1  AND `delete_time` = 0 ORDER BY `click_num` DESC LIMIT 3 [ RunTime:0.000512s ]
[2021-06-20T13:22:48+08:00][sql] SHOW FULL COLUMNS FROM `carver_notice` [ RunTime:0.000673s ]
[2021-06-20T13:22:48+08:00][sql] SELECT * FROM `carver_notice` ORDER BY `create_time` DESC LIMIT 3 [ RunTime:0.000309s ]
[2021-06-20T13:22:48+08:00][sql] SHOW FULL COLUMNS FROM `carver_navigation` [ RunTime:0.000557s ]
[2021-06-20T13:22:48+08:00][sql] SELECT * FROM `carver_navigation` [ RunTime:0.000321s ]
[2021-06-20T13:22:48+08:00][sql] SHOW FULL COLUMNS FROM `carver_link` [ RunTime:0.000636s ]
[2021-06-20T13:22:48+08:00][sql] SELECT * FROM `carver_link` WHERE  ( is_confirm=2 ) LIMIT 20 [ RunTime:0.000390s ]
[2021-06-20T13:22:48+08:00][sql] SELECT `article_label` FROM `carver_article` [ RunTime:0.000293s ]
[2021-06-20T13:22:48+08:00][sql] SHOW FULL COLUMNS FROM `carver_carouse` [ RunTime:0.000662s ]
[2021-06-20T13:22:48+08:00][sql] SELECT `carouse_img`,`carouse_desc` FROM `carver_carouse` WHERE  `is_show` = 1 ORDER BY `carouse_sort` DESC LIMIT 3 [ RunTime:0.000373s ]
[2021-06-20T13:22:48+08:00][sql] SHOW FULL COLUMNS FROM `carver_site` [ RunTime:0.000560s ]
[2021-06-20T13:22:48+08:00][sql] SELECT * FROM `carver_site` [ RunTime:0.000312s ]
[2021-06-20T13:22:51+08:00][sql] CONNECT:[ UseTime:0.000519s ] mysql:host=127.0.0.1;port=3306;dbname=carver;charset=utf8
[2021-06-20T13:22:51+08:00][sql] SHOW FULL COLUMNS FROM `carver_article` [ RunTime:0.000898s ]
[2021-06-20T13:22:51+08:00][sql] SELECT COUNT(*) AS think_count FROM `carver_article` WHERE  `article_label` LIKE '%php;javascript/%'  AND `delete_time` = 0  AND `is_show` = 1 [ RunTime:0.000426s ]
[2021-06-20T13:22:51+08:00][sql] SELECT * FROM `carver_article` WHERE  `article_label` LIKE '%php;javascript/%'  AND `delete_time` = 0  AND `is_show` = 1 LIMIT 0,6 [ RunTime:0.000993s ]
[2021-06-20T13:22:51+08:00][sql] SELECT article_id,article_title,click_num,FROM_UNIXTIME(add_time,'%Y-%m-%d') as add_time FROM `carver_article` WHERE  `is_show` = 1  AND `delete_time` = 0 ORDER BY `click_num` DESC LIMIT 3 [ RunTime:0.000501s ]
[2021-06-20T13:22:51+08:00][sql] SHOW FULL COLUMNS FROM `carver_notice` [ RunTime:0.000635s ]
[2021-06-20T13:22:51+08:00][sql] SELECT * FROM `carver_notice` ORDER BY `create_time` DESC LIMIT 3 [ RunTime:0.000328s ]
[2021-06-20T13:22:51+08:00][sql] SHOW FULL COLUMNS FROM `carver_navigation` [ RunTime:0.000616s ]
[2021-06-20T13:22:51+08:00][sql] SELECT * FROM `carver_navigation` [ RunTime:0.000285s ]
[2021-06-20T13:22:51+08:00][sql] SHOW FULL COLUMNS FROM `carver_link` [ RunTime:0.000547s ]
[2021-06-20T13:22:51+08:00][sql] SELECT * FROM `carver_link` WHERE  ( is_confirm=2 ) LIMIT 20 [ RunTime:0.000496s ]
[2021-06-20T13:22:51+08:00][sql] SELECT `article_label` FROM `carver_article` [ RunTime:0.000302s ]
[2021-06-20T13:22:51+08:00][sql] SHOW FULL COLUMNS FROM `carver_carouse` [ RunTime:0.000519s ]
[2021-06-20T13:22:51+08:00][sql] SELECT `carouse_img`,`carouse_desc` FROM `carver_carouse` WHERE  `is_show` = 1 ORDER BY `carouse_sort` DESC LIMIT 3 [ RunTime:0.000327s ]
[2021-06-20T13:22:51+08:00][sql] SHOW FULL COLUMNS FROM `carver_site` [ RunTime:0.000555s ]
[2021-06-20T13:22:51+08:00][sql] SELECT * FROM `carver_site` [ RunTime:0.000305s ]
[2021-06-20T13:22:53+08:00][sql] CONNECT:[ UseTime:0.000532s ] mysql:host=127.0.0.1;port=3306;dbname=carver;charset=utf8
[2021-06-20T13:22:53+08:00][sql] SHOW FULL COLUMNS FROM `carver_article` [ RunTime:0.001104s ]
[2021-06-20T13:22:53+08:00][sql] SELECT COUNT(*) AS think_count FROM `carver_article` WHERE  `article_label` LIKE '%swoole;php/%'  AND `delete_time` = 0  AND `is_show` = 1 [ RunTime:0.000447s ]
[2021-06-20T13:22:53+08:00][sql] SELECT * FROM `carver_article` WHERE  `article_label` LIKE '%swoole;php/%'  AND `delete_time` = 0  AND `is_show` = 1 LIMIT 0,6 [ RunTime:0.001016s ]
[2021-06-20T13:22:53+08:00][sql] SELECT article_id,article_title,click_num,FROM_UNIXTIME(add_time,'%Y-%m-%d') as add_time FROM `carver_article` WHERE  `is_show` = 1  AND `delete_time` = 0 ORDER BY `click_num` DESC LIMIT 3 [ RunTime:0.000507s ]
[2021-06-20T13:22:53+08:00][sql] SHOW FULL COLUMNS FROM `carver_notice` [ RunTime:0.000729s ]
[2021-06-20T13:22:53+08:00][sql] SELECT * FROM `carver_notice` ORDER BY `create_time` DESC LIMIT 3 [ RunTime:0.000338s ]
[2021-06-20T13:22:53+08:00][sql] SHOW FULL COLUMNS FROM `carver_navigation` [ RunTime:0.000575s ]
[2021-06-20T13:22:53+08:00][sql] SELECT * FROM `carver_navigation` [ RunTime:0.000296s ]
[2021-06-20T13:22:53+08:00][sql] SHOW FULL COLUMNS FROM `carver_link` [ RunTime:0.000584s ]
[2021-06-20T13:22:53+08:00][sql] SELECT * FROM `carver_link` WHERE  ( is_confirm=2 ) LIMIT 20 [ RunTime:0.000362s ]
[2021-06-20T13:22:53+08:00][sql] SELECT `article_label` FROM `carver_article` [ RunTime:0.000270s ]
[2021-06-20T13:22:53+08:00][sql] SHOW FULL COLUMNS FROM `carver_carouse` [ RunTime:0.000622s ]
[2021-06-20T13:22:53+08:00][sql] SELECT `carouse_img`,`carouse_desc` FROM `carver_carouse` WHERE  `is_show` = 1 ORDER BY `carouse_sort` DESC LIMIT 3 [ RunTime:0.000319s ]
[2021-06-20T13:22:53+08:00][sql] SHOW FULL COLUMNS FROM `carver_site` [ RunTime:0.000527s ]
[2021-06-20T13:22:53+08:00][sql] SELECT * FROM `carver_site` [ RunTime:0.000292s ]
[2021-06-20T13:22:56+08:00][sql] CONNECT:[ UseTime:0.000561s ] mysql:host=127.0.0.1;port=3306;dbname=carver;charset=utf8
[2021-06-20T13:22:56+08:00][sql] SHOW FULL COLUMNS FROM `carver_article` [ RunTime:0.000922s ]
[2021-06-20T13:22:56+08:00][sql] SELECT COUNT(*) AS think_count FROM `carver_article` WHERE  `article_guide` = 6  AND `delete_time` = 0  AND `is_show` = 1 [ RunTime:0.000409s ]
[2021-06-20T13:22:56+08:00][sql] SELECT * FROM `carver_article` WHERE  `article_guide` = 6  AND `delete_time` = 0  AND `is_show` = 1 ORDER BY `add_time` DESC LIMIT 72,6 [ RunTime:0.000553s ]
[2021-06-20T13:22:56+08:00][sql] SELECT article_id,article_title,click_num,FROM_UNIXTIME(add_time,'%Y-%m-%d') as add_time FROM `carver_article` WHERE  `is_show` = 1  AND `delete_time` = 0 ORDER BY `click_num` DESC LIMIT 3 [ RunTime:0.000467s ]
[2021-06-20T13:22:56+08:00][sql] SHOW FULL COLUMNS FROM `carver_notice` [ RunTime:0.001019s ]
[2021-06-20T13:22:56+08:00][sql] SELECT * FROM `carver_notice` ORDER BY `create_time` DESC LIMIT 3 [ RunTime:0.000351s ]
[2021-06-20T13:22:56+08:00][sql] SHOW FULL COLUMNS FROM `carver_navigation` [ RunTime:0.000583s ]
[2021-06-20T13:22:56+08:00][sql] SELECT * FROM `carver_navigation` [ RunTime:0.000288s ]
[2021-06-20T13:22:56+08:00][sql] SELECT `article_label` FROM `carver_article` [ RunTime:0.000271s ]
[2021-06-20T13:22:56+08:00][sql] SHOW FULL COLUMNS FROM `carver_carouse` [ RunTime:0.000589s ]
[2021-06-20T13:22:56+08:00][sql] SELECT `carouse_img`,`carouse_desc` FROM `carver_carouse` WHERE  `is_show` = 1 ORDER BY `carouse_sort` DESC LIMIT 3 [ RunTime:0.000314s ]
[2021-06-20T13:22:56+08:00][sql] SHOW FULL COLUMNS FROM `carver_link` [ RunTime:0.000553s ]
[2021-06-20T13:22:56+08:00][sql] SELECT * FROM `carver_link` WHERE  ( is_confirm=2 ) LIMIT 20 [ RunTime:0.000331s ]
[2021-06-20T13:22:56+08:00][sql] SHOW FULL COLUMNS FROM `carver_site` [ RunTime:0.000661s ]
[2021-06-20T13:22:56+08:00][sql] SELECT * FROM `carver_site` [ RunTime:0.000318s ]
[2021-06-20T13:33:51+08:00][sql] CONNECT:[ UseTime:0.000496s ] mysql:host=127.0.0.1;port=3306;dbname=carver;charset=utf8
[2021-06-20T13:33:51+08:00][sql] SHOW FULL COLUMNS FROM `carver_article` [ RunTime:0.000921s ]
[2021-06-20T13:33:51+08:00][sql] SELECT `article_id`,`article_title`,`article_desc`,`article_content`,`article_img`,`article_guide`,`article_label`,`click_num`,`is_show`,`add_time`,`article_author` FROM `carver_article` WHERE  `article_id` = 17 LIMIT 1 [ RunTime:0.000601s ]
[2021-06-20T13:33:51+08:00][sql] SELECT `article_id`,`article_title`,`article_desc`,`article_content`,`article_img`,`article_guide`,`article_label`,`click_num`,`is_show`,`add_time`,`article_author` FROM `carver_article` WHERE  `article_id` > 17 LIMIT 1 [ RunTime:0.000440s ]
[2021-06-20T13:33:51+08:00][sql] SELECT `article_id`,`article_title`,`article_desc`,`article_content`,`article_img`,`article_guide`,`article_label`,`click_num`,`is_show`,`add_time`,`article_author` FROM `carver_article` WHERE  `article_id` < 17 ORDER BY `article_id` DESC LIMIT 1 [ RunTime:0.000388s ]
[2021-06-20T13:33:51+08:00][sql] SHOW FULL COLUMNS FROM `carver_link` [ RunTime:0.000590s ]
[2021-06-20T13:33:51+08:00][sql] SELECT * FROM `carver_link` WHERE  ( is_confirm=2 ) LIMIT 20 [ RunTime:0.000342s ]
[2021-06-20T13:33:51+08:00][sql] SELECT article_id,article_title,click_num,FROM_UNIXTIME(add_time,'%Y-%m-%d') as add_time FROM `carver_article` ORDER BY `click_num` DESC LIMIT 3 [ RunTime:0.000396s ]
[2021-06-20T13:33:51+08:00][sql] SHOW FULL COLUMNS FROM `carver_comment` [ RunTime:0.000609s ]
[2021-06-20T13:33:51+08:00][sql] SELECT `a`.*,`b`.`user_name` FROM `carver_comment` `a` INNER JOIN `carver_user` `b` ON `a`.`user_id`=`b`.`user_id` WHERE  `article_id` = 17 ORDER BY `create_time` DESC [ RunTime:0.000356s ]
[2021-06-20T13:33:51+08:00][sql] SHOW FULL COLUMNS FROM `carver_comment_to_others` [ RunTime:0.000552s ]
[2021-06-20T13:33:51+08:00][sql] SELECT * FROM `carver_comment_to_others` [ RunTime:0.000241s ]
[2021-06-20T13:33:51+08:00][sql] SHOW FULL COLUMNS FROM `carver_user` [ RunTime:0.000491s ]
[2021-06-20T13:33:51+08:00][sql] SELECT `user_name` FROM `carver_user` WHERE  `user_id` = 4 LIMIT 1 [ RunTime:0.000260s ]
[2021-06-20T13:33:51+08:00][sql] SELECT `user_name` FROM `carver_user` WHERE  `user_id` = 4 LIMIT 1 [ RunTime:0.000258s ]
[2021-06-20T13:33:51+08:00][sql] SELECT `user_name` FROM `carver_user` WHERE  `user_id` = 5 LIMIT 1 [ RunTime:0.000227s ]
[2021-06-20T13:33:51+08:00][sql] SELECT `user_name` FROM `carver_user` WHERE  `user_id` = 5 LIMIT 1 [ RunTime:0.000232s ]
[2021-06-20T13:33:51+08:00][sql] SELECT `user_name` FROM `carver_user` WHERE  `user_id` = 37 LIMIT 1 [ RunTime:0.000676s ]
[2021-06-20T13:33:51+08:00][sql] SELECT `user_name`,`user_id` FROM `carver_user` [ RunTime:0.000253s ]
[2021-06-20T13:33:51+08:00][sql] SHOW FULL COLUMNS FROM `carver_navigation` [ RunTime:0.000527s ]
[2021-06-20T13:33:51+08:00][sql] SELECT * FROM `carver_navigation` [ RunTime:0.000251s ]
[2021-06-20T13:33:51+08:00][sql] SELECT `article_label` FROM `carver_article` [ RunTime:0.000319s ]
[2021-06-20T13:34:03+08:00][sql] CONNECT:[ UseTime:0.000788s ] mysql:host=127.0.0.1;port=3306;dbname=carver;charset=utf8
[2021-06-20T13:34:03+08:00][sql] SHOW FULL COLUMNS FROM `carver_article` [ RunTime:0.000901s ]
[2021-06-20T13:34:03+08:00][sql] SELECT `article_id`,`article_title`,`article_desc`,`article_content`,`article_img`,`article_guide`,`article_label`,`click_num`,`is_show`,`add_time`,`article_author` FROM `carver_article` WHERE  `article_id` = 17'A=0 LIMIT 1 [ RunTime:0.000576s ]
[2021-06-20T13:34:03+08:00][sql] SELECT `article_id`,`article_title`,`article_desc`,`article_content`,`article_img`,`article_guide`,`article_label`,`click_num`,`is_show`,`add_time`,`article_author` FROM `carver_article` WHERE  `article_id` > 17'A=0 LIMIT 1 [ RunTime:0.000404s ]
[2021-06-20T13:34:03+08:00][sql] SELECT `article_id`,`article_title`,`article_desc`,`article_content`,`article_img`,`article_guide`,`article_label`,`click_num`,`is_show`,`add_time`,`article_author` FROM `carver_article` WHERE  `article_id` < 17'A=0 ORDER BY `article_id` DESC LIMIT 1 [ RunTime:0.000463s ]
[2021-06-20T13:34:03+08:00][sql] SHOW FULL COLUMNS FROM `carver_link` [ RunTime:0.000598s ]
[2021-06-20T13:34:03+08:00][sql] SELECT * FROM `carver_link` WHERE  ( is_confirm=2 ) LIMIT 20 [ RunTime:0.000290s ]
[2021-06-20T13:34:03+08:00][sql] SELECT article_id,article_title,click_num,FROM_UNIXTIME(add_time,'%Y-%m-%d') as add_time FROM `carver_article` ORDER BY `click_num` DESC LIMIT 3 [ RunTime:0.000364s ]
[2021-06-20T13:34:03+08:00][sql] SHOW FULL COLUMNS FROM `carver_comment` [ RunTime:0.000542s ]
[2021-06-20T13:34:03+08:00][sql] SELECT `a`.*,`b`.`user_name` FROM `carver_comment` `a` INNER JOIN `carver_user` `b` ON `a`.`user_id`=`b`.`user_id` WHERE  `article_id` = 17'A=0 ORDER BY `create_time` DESC [ RunTime:0.000368s ]
[2021-06-20T13:34:03+08:00][sql] SHOW FULL COLUMNS FROM `carver_comment_to_others` [ RunTime:0.000521s ]
[2021-06-20T13:34:03+08:00][sql] SELECT * FROM `carver_comment_to_others` [ RunTime:0.000249s ]
[2021-06-20T13:34:03+08:00][sql] SHOW FULL COLUMNS FROM `carver_user` [ RunTime:0.000426s ]
[2021-06-20T13:34:03+08:00][sql] SELECT `user_name` FROM `carver_user` WHERE  `user_id` = 4 LIMIT 1 [ RunTime:0.000265s ]
[2021-06-20T13:34:03+08:00][sql] SELECT `user_name` FROM `carver_user` WHERE  `user_id` = 4 LIMIT 1 [ RunTime:0.000210s ]
[2021-06-20T13:34:03+08:00][sql] SELECT `user_name` FROM `carver_user` WHERE  `user_id` = 5 LIMIT 1 [ RunTime:0.000260s ]
[2021-06-20T13:34:03+08:00][sql] SELECT `user_name` FROM `carver_user` WHERE  `user_id` = 5 LIMIT 1 [ RunTime:0.000230s ]
[2021-06-20T13:34:03+08:00][sql] SELECT `user_name` FROM `carver_user` WHERE  `user_id` = 37 LIMIT 1 [ RunTime:0.000248s ]
[2021-06-20T13:34:03+08:00][sql] SHOW FULL COLUMNS FROM `carver_navigation` [ RunTime:0.000550s ]
[2021-06-20T13:34:03+08:00][sql] SELECT * FROM `carver_navigation` [ RunTime:0.000255s ]
[2021-06-20T13:34:03+08:00][sql] SELECT `article_label` FROM `carver_article` [ RunTime:0.000286s ]
[2021-06-20T17:58:56+08:00][sql] CONNECT:[ UseTime:0.000625s ] mysql:host=127.0.0.1;port=3306;dbname=carver;charset=utf8
[2021-06-20T17:58:56+08:00][sql] SHOW FULL COLUMNS FROM `carver_user` [ RunTime:0.000811s ]
[2021-06-20T17:58:56+08:00][sql] SHOW FULL COLUMNS FROM `carver_article` [ RunTime:0.000756s ]
[2021-06-20T17:58:56+08:00][sql] SELECT COUNT(*) AS think_count FROM `carver_article` WHERE  `delete_time` = 0  AND `is_show` = 1 [ RunTime:0.000369s ]
[2021-06-20T17:58:56+08:00][sql] SELECT `article_id`,`article_title`,`article_desc`,`article_content`,`article_img`,`article_guide`,`article_label`,`click_num`,`is_show`,`add_time`,`article_author`,`is_top_show` FROM `carver_article` WHERE  `delete_time` = 0  AND `is_show` = 1 ORDER BY `article_id` DESC LIMIT 12,6 [ RunTime:0.001307s ]
[2021-06-20T17:58:56+08:00][sql] SELECT article_id,article_title,click_num,FROM_UNIXTIME(add_time,'%Y-%m-%d') as add_time FROM `carver_article` WHERE  `is_show` = 1  AND `delete_time` = 0 ORDER BY `click_num` DESC LIMIT 3 [ RunTime:0.000446s ]
[2021-06-20T17:58:56+08:00][sql] SHOW FULL COLUMNS FROM `carver_notice` [ RunTime:0.000602s ]
[2021-06-20T17:58:56+08:00][sql] SELECT * FROM `carver_notice` ORDER BY `create_time` DESC LIMIT 3 [ RunTime:0.000271s ]
[2021-06-20T17:58:56+08:00][sql] SHOW FULL COLUMNS FROM `carver_navigation` [ RunTime:0.000535s ]
[2021-06-20T17:58:56+08:00][sql] SELECT * FROM `carver_navigation` [ RunTime:0.000256s ]
[2021-06-20T17:58:56+08:00][sql] SHOW FULL COLUMNS FROM `carver_link` [ RunTime:0.000495s ]
[2021-06-20T17:58:56+08:00][sql] SELECT * FROM `carver_link` WHERE  ( is_confirm=2 ) LIMIT 20 [ RunTime:0.000292s ]
[2021-06-20T17:58:56+08:00][sql] SELECT `article_label` FROM `carver_article` [ RunTime:0.000265s ]
[2021-06-20T17:58:56+08:00][sql] SHOW FULL COLUMNS FROM `carver_carouse` [ RunTime:0.000529s ]
[2021-06-20T17:58:56+08:00][sql] SELECT `carouse_img`,`carouse_desc` FROM `carver_carouse` WHERE  `is_show` = 1 ORDER BY `carouse_sort` DESC LIMIT 3 [ RunTime:0.000302s ]
[2021-06-20T17:58:56+08:00][sql] SHOW FULL COLUMNS FROM `carver_site` [ RunTime:0.000576s ]
[2021-06-20T17:58:56+08:00][sql] SELECT * FROM `carver_site` [ RunTime:0.000246s ]
[2021-06-20T21:16:33+08:00][sql] CONNECT:[ UseTime:0.000518s ] mysql:host=127.0.0.1;port=3306;dbname=carver;charset=utf8
[2021-06-20T21:16:33+08:00][sql] SHOW FULL COLUMNS FROM `carver_user` [ RunTime:0.000865s ]
[2021-06-20T21:16:33+08:00][sql] SHOW FULL COLUMNS FROM `carver_article` [ RunTime:0.000689s ]
[2021-06-20T21:16:33+08:00][sql] SELECT COUNT(*) AS think_count FROM `carver_article` WHERE  `delete_time` = 0  AND `is_show` = 1 [ RunTime:0.000382s ]
[2021-06-20T21:16:33+08:00][sql] SELECT `article_id`,`article_title`,`article_desc`,`article_content`,`article_img`,`article_guide`,`article_label`,`click_num`,`is_show`,`add_time`,`article_author`,`is_top_show` FROM `carver_article` WHERE  `delete_time` = 0  AND `is_show` = 1 ORDER BY `article_id` DESC LIMIT 18,6 [ RunTime:0.001335s ]
[2021-06-20T21:16:33+08:00][sql] SELECT article_id,article_title,click_num,FROM_UNIXTIME(add_time,'%Y-%m-%d') as add_time FROM `carver_article` WHERE  `is_show` = 1  AND `delete_time` = 0 ORDER BY `click_num` DESC LIMIT 3 [ RunTime:0.000497s ]
[2021-06-20T21:16:33+08:00][sql] SHOW FULL COLUMNS FROM `carver_notice` [ RunTime:0.000569s ]
[2021-06-20T21:16:33+08:00][sql] SELECT * FROM `carver_notice` ORDER BY `create_time` DESC LIMIT 3 [ RunTime:0.000262s ]
[2021-06-20T21:16:33+08:00][sql] SHOW FULL COLUMNS FROM `carver_navigation` [ RunTime:0.000565s ]
[2021-06-20T21:16:33+08:00][sql] SELECT * FROM `carver_navigation` [ RunTime:0.000249s ]
[2021-06-20T21:16:33+08:00][sql] SHOW FULL COLUMNS FROM `carver_link` [ RunTime:0.000533s ]
[2021-06-20T21:16:33+08:00][sql] SELECT * FROM `carver_link` WHERE  ( is_confirm=2 ) LIMIT 20 [ RunTime:0.000301s ]
[2021-06-20T21:16:33+08:00][sql] SELECT `article_label` FROM `carver_article` [ RunTime:0.000272s ]
[2021-06-20T21:16:33+08:00][sql] SHOW FULL COLUMNS FROM `carver_carouse` [ RunTime:0.000498s ]
[2021-06-20T21:16:33+08:00][sql] SELECT `carouse_img`,`carouse_desc` FROM `carver_carouse` WHERE  `is_show` = 1 ORDER BY `carouse_sort` DESC LIMIT 3 [ RunTime:0.000285s ]
[2021-06-20T21:16:33+08:00][sql] SHOW FULL COLUMNS FROM `carver_site` [ RunTime:0.000484s ]
[2021-06-20T21:16:33+08:00][sql] SELECT * FROM `carver_site` [ RunTime:0.000226s ]
[2021-06-20T21:47:40+08:00][sql] CONNECT:[ UseTime:0.000565s ] mysql:host=127.0.0.1;port=3306;dbname=carver;charset=utf8
[2021-06-20T21:47:40+08:00][sql] SHOW FULL COLUMNS FROM `carver_user` [ RunTime:0.000820s ]
[2021-06-20T21:47:40+08:00][sql] SHOW FULL COLUMNS FROM `carver_article` [ RunTime:0.000656s ]
[2021-06-20T21:47:40+08:00][sql] SELECT COUNT(*) AS think_count FROM `carver_article` WHERE  `delete_time` = 0  AND `is_show` = 1 [ RunTime:0.000355s ]
[2021-06-20T21:47:40+08:00][sql] SELECT `article_id`,`article_title`,`article_desc`,`article_content`,`article_img`,`article_guide`,`article_label`,`click_num`,`is_show`,`add_time`,`article_author`,`is_top_show` FROM `carver_article` WHERE  `delete_time` = 0  AND `is_show` = 1 ORDER BY `article_id` DESC LIMIT 0,6 [ RunTime:0.000730s ]
[2021-06-20T21:47:40+08:00][sql] SELECT article_id,article_title,click_num,FROM_UNIXTIME(add_time,'%Y-%m-%d') as add_time FROM `carver_article` WHERE  `is_show` = 1  AND `delete_time` = 0 ORDER BY `click_num` DESC LIMIT 3 [ RunTime:0.000399s ]
[2021-06-20T21:47:40+08:00][sql] SHOW FULL COLUMNS FROM `carver_notice` [ RunTime:0.000541s ]
[2021-06-20T21:47:40+08:00][sql] SELECT * FROM `carver_notice` ORDER BY `create_time` DESC LIMIT 3 [ RunTime:0.000267s ]
[2021-06-20T21:47:40+08:00][sql] SHOW FULL COLUMNS FROM `carver_navigation` [ RunTime:0.000494s ]
[2021-06-20T21:47:40+08:00][sql] SELECT * FROM `carver_navigation` [ RunTime:0.000231s ]
[2021-06-20T21:47:40+08:00][sql] SHOW FULL COLUMNS FROM `carver_link` [ RunTime:0.000470s ]
[2021-06-20T21:47:40+08:00][sql] SELECT * FROM `carver_link` WHERE  ( is_confirm=2 ) LIMIT 20 [ RunTime:0.000277s ]
[2021-06-20T21:47:40+08:00][sql] SELECT `article_label` FROM `carver_article` [ RunTime:0.000416s ]
[2021-06-20T21:47:40+08:00][sql] SHOW FULL COLUMNS FROM `carver_carouse` [ RunTime:0.000462s ]
[2021-06-20T21:47:40+08:00][sql] SELECT `carouse_img`,`carouse_desc` FROM `carver_carouse` WHERE  `is_show` = 1 ORDER BY `carouse_sort` DESC LIMIT 3 [ RunTime:0.000661s ]
[2021-06-20T21:47:40+08:00][sql] SHOW FULL COLUMNS FROM `carver_site` [ RunTime:0.000479s ]
[2021-06-20T21:47:40+08:00][sql] SELECT * FROM `carver_site` [ RunTime:0.000226s ]
[2021-06-20T21:57:29+08:00][sql] CONNECT:[ UseTime:0.000611s ] mysql:host=127.0.0.1;port=3306;dbname=carver;charset=utf8
[2021-06-20T21:57:29+08:00][sql] SHOW FULL COLUMNS FROM `carver_article` [ RunTime:0.000891s ]
[2021-06-20T21:57:29+08:00][sql] SELECT `article_id`,`article_title`,`article_desc`,`article_content`,`article_img`,`article_guide`,`article_label`,`click_num`,`is_show`,`add_time`,`article_author` FROM `carver_article` WHERE  `article_id` = 23'A=0 LIMIT 1 [ RunTime:0.000575s ]
[2021-06-20T21:57:29+08:00][sql] SELECT `article_id`,`article_title`,`article_desc`,`article_content`,`article_img`,`article_guide`,`article_label`,`click_num`,`is_show`,`add_time`,`article_author` FROM `carver_article` WHERE  `article_id` > 23'A=0 LIMIT 1 [ RunTime:0.000550s ]
[2021-06-20T21:57:29+08:00][sql] SELECT `article_id`,`article_title`,`article_desc`,`article_content`,`article_img`,`article_guide`,`article_label`,`click_num`,`is_show`,`add_time`,`article_author` FROM `carver_article` WHERE  `article_id` < 23'A=0 ORDER BY `article_id` DESC LIMIT 1 [ RunTime:0.000882s ]
[2021-06-20T21:57:29+08:00][sql] SHOW FULL COLUMNS FROM `carver_link` [ RunTime:0.000622s ]
[2021-06-20T21:57:29+08:00][sql] SELECT * FROM `carver_link` WHERE  ( is_confirm=2 ) LIMIT 20 [ RunTime:0.000339s ]
[2021-06-20T21:57:29+08:00][sql] SELECT article_id,article_title,click_num,FROM_UNIXTIME(add_time,'%Y-%m-%d') as add_time FROM `carver_article` ORDER BY `click_num` DESC LIMIT 3 [ RunTime:0.000443s ]
[2021-06-20T21:57:29+08:00][sql] SHOW FULL COLUMNS FROM `carver_comment` [ RunTime:0.000654s ]
[2021-06-20T21:57:29+08:00][sql] SELECT `a`.*,`b`.`user_name` FROM `carver_comment` `a` INNER JOIN `carver_user` `b` ON `a`.`user_id`=`b`.`user_id` WHERE  `article_id` = 23'A=0 ORDER BY `create_time` DESC [ RunTime:0.000352s ]
[2021-06-20T21:57:29+08:00][sql] SHOW FULL COLUMNS FROM `carver_comment_to_others` [ RunTime:0.000571s ]
[2021-06-20T21:57:29+08:00][sql] SELECT * FROM `carver_comment_to_others` [ RunTime:0.000235s ]
[2021-06-20T21:57:29+08:00][sql] SHOW FULL COLUMNS FROM `carver_user` [ RunTime:0.000477s ]
[2021-06-20T21:57:29+08:00][sql] SELECT `user_name` FROM `carver_user` WHERE  `user_id` = 4 LIMIT 1 [ RunTime:0.000238s ]
[2021-06-20T21:57:29+08:00][sql] SELECT `user_name` FROM `carver_user` WHERE  `user_id` = 4 LIMIT 1 [ RunTime:0.000231s ]
[2021-06-20T21:57:29+08:00][sql] SELECT `user_name` FROM `carver_user` WHERE  `user_id` = 5 LIMIT 1 [ RunTime:0.000221s ]
[2021-06-20T21:57:29+08:00][sql] SELECT `user_name` FROM `carver_user` WHERE  `user_id` = 5 LIMIT 1 [ RunTime:0.000220s ]
[2021-06-20T21:57:29+08:00][sql] SELECT `user_name` FROM `carver_user` WHERE  `user_id` = 37 LIMIT 1 [ RunTime:0.000232s ]
[2021-06-20T21:57:29+08:00][sql] SELECT `user_name`,`user_id` FROM `carver_user` [ RunTime:0.000282s ]
[2021-06-20T21:57:29+08:00][sql] SHOW FULL COLUMNS FROM `carver_navigation` [ RunTime:0.000580s ]
[2021-06-20T21:57:29+08:00][sql] SELECT * FROM `carver_navigation` [ RunTime:0.000236s ]
[2021-06-20T21:57:29+08:00][sql] SELECT `article_label` FROM `carver_article` [ RunTime:0.000274s ]
[2021-06-20T22:05:02+08:00][sql] CONNECT:[ UseTime:0.000539s ] mysql:host=127.0.0.1;port=3306;dbname=carver;charset=utf8
[2021-06-20T22:05:02+08:00][sql] SHOW FULL COLUMNS FROM `carver_article` [ RunTime:0.000889s ]
[2021-06-20T22:05:02+08:00][sql] SELECT `article_id`,`article_title`,`article_desc`,`article_content`,`article_img`,`article_guide`,`article_label`,`click_num`,`is_show`,`add_time`,`article_author` FROM `carver_article` WHERE  `article_id` = 23'A=0 LIMIT 1 [ RunTime:0.000442s ]
[2021-06-20T22:05:02+08:00][sql] SELECT `article_id`,`article_title`,`article_desc`,`article_content`,`article_img`,`article_guide`,`article_label`,`click_num`,`is_show`,`add_time`,`article_author` FROM `carver_article` WHERE  `article_id` > 23'A=0 LIMIT 1 [ RunTime:0.000419s ]
[2021-06-20T22:05:02+08:00][sql] SELECT `article_id`,`article_title`,`article_desc`,`article_content`,`article_img`,`article_guide`,`article_label`,`click_num`,`is_show`,`add_time`,`article_author` FROM `carver_article` WHERE  `article_id` < 23'A=0 ORDER BY `article_id` DESC LIMIT 1 [ RunTime:0.000419s ]
[2021-06-20T22:05:02+08:00][sql] SHOW FULL COLUMNS FROM `carver_link` [ RunTime:0.000534s ]
[2021-06-20T22:05:02+08:00][sql] SELECT * FROM `carver_link` WHERE  ( is_confirm=2 ) LIMIT 20 [ RunTime:0.000301s ]
[2021-06-20T22:05:02+08:00][sql] SELECT article_id,article_title,click_num,FROM_UNIXTIME(add_time,'%Y-%m-%d') as add_time FROM `carver_article` ORDER BY `click_num` DESC LIMIT 3 [ RunTime:0.000336s ]
[2021-06-20T22:05:02+08:00][sql] SHOW FULL COLUMNS FROM `carver_comment` [ RunTime:0.000573s ]
[2021-06-20T22:05:02+08:00][sql] SELECT `a`.*,`b`.`user_name` FROM `carver_comment` `a` INNER JOIN `carver_user` `b` ON `a`.`user_id`=`b`.`user_id` WHERE  `article_id` = 23'A=0 ORDER BY `create_time` DESC [ RunTime:0.000331s ]
[2021-06-20T22:05:02+08:00][sql] SHOW FULL COLUMNS FROM `carver_comment_to_others` [ RunTime:0.000577s ]
[2021-06-20T22:05:02+08:00][sql] SELECT * FROM `carver_comment_to_others` [ RunTime:0.000230s ]
[2021-06-20T22:05:02+08:00][sql] SHOW FULL COLUMNS FROM `carver_user` [ RunTime:0.000444s ]
[2021-06-20T22:05:02+08:00][sql] SELECT `user_name` FROM `carver_user` WHERE  `user_id` = 4 LIMIT 1 [ RunTime:0.000255s ]
[2021-06-20T22:05:02+08:00][sql] SELECT `user_name` FROM `carver_user` WHERE  `user_id` = 4 LIMIT 1 [ RunTime:0.000222s ]
[2021-06-20T22:05:02+08:00][sql] SELECT `user_name` FROM `carver_user` WHERE  `user_id` = 5 LIMIT 1 [ RunTime:0.000217s ]
[2021-06-20T22:05:02+08:00][sql] SELECT `user_name` FROM `carver_user` WHERE  `user_id` = 5 LIMIT 1 [ RunTime:0.000216s ]
[2021-06-20T22:05:02+08:00][sql] SELECT `user_name` FROM `carver_user` WHERE  `user_id` = 37 LIMIT 1 [ RunTime:0.000214s ]
[2021-06-20T22:05:02+08:00][sql] SELECT `user_name`,`user_id` FROM `carver_user` [ RunTime:0.000247s ]
[2021-06-20T22:05:02+08:00][sql] SHOW FULL COLUMNS FROM `carver_navigation` [ RunTime:0.000496s ]
[2021-06-20T22:05:02+08:00][sql] SELECT * FROM `carver_navigation` [ RunTime:0.000245s ]
[2021-06-20T22:05:02+08:00][sql] SELECT `article_label` FROM `carver_article` [ RunTime:0.000237s ]
[2021-06-20T22:22:22+08:00][sql] CONNECT:[ UseTime:0.000576s ] mysql:host=127.0.0.1;port=3306;dbname=carver;charset=utf8
[2021-06-20T22:22:22+08:00][sql] SHOW FULL COLUMNS FROM `carver_article` [ RunTime:0.000879s ]
[2021-06-20T22:22:22+08:00][sql] SELECT COUNT(*) AS think_count FROM `carver_article` WHERE  `article_guide` = 53  AND `delete_time` = 0  AND `is_show` = 1 [ RunTime:0.000483s ]
[2021-06-20T22:22:22+08:00][sql] SELECT * FROM `carver_article` WHERE  `article_guide` = 53  AND `delete_time` = 0  AND `is_show` = 1 ORDER BY `add_time` DESC LIMIT 0,6 [ RunTime:0.000403s ]
[2021-06-20T22:22:22+08:00][sql] SELECT article_id,article_title,click_num,FROM_UNIXTIME(add_time,'%Y-%m-%d') as add_time FROM `carver_article` WHERE  `is_show` = 1  AND `delete_time` = 0 ORDER BY `click_num` DESC LIMIT 3 [ RunTime:0.000446s ]
[2021-06-20T22:22:22+08:00][sql] SHOW FULL COLUMNS FROM `carver_notice` [ RunTime:0.000608s ]
[2021-06-20T22:22:22+08:00][sql] SELECT * FROM `carver_notice` ORDER BY `create_time` DESC LIMIT 3 [ RunTime:0.000326s ]
[2021-06-20T22:22:22+08:00][sql] SHOW FULL COLUMNS FROM `carver_navigation` [ RunTime:0.000620s ]
[2021-06-20T22:22:22+08:00][sql] SELECT * FROM `carver_navigation` [ RunTime:0.000269s ]
[2021-06-20T22:22:22+08:00][sql] SELECT `article_label` FROM `carver_article` [ RunTime:0.000269s ]
[2021-06-20T22:22:22+08:00][sql] SHOW FULL COLUMNS FROM `carver_carouse` [ RunTime:0.000548s ]
[2021-06-20T22:22:22+08:00][sql] SELECT `carouse_img`,`carouse_desc` FROM `carver_carouse` WHERE  `is_show` = 1 ORDER BY `carouse_sort` DESC LIMIT 3 [ RunTime:0.000307s ]
[2021-06-20T22:22:22+08:00][sql] SHOW FULL COLUMNS FROM `carver_link` [ RunTime:0.000520s ]
[2021-06-20T22:22:22+08:00][sql] SELECT * FROM `carver_link` WHERE  ( is_confirm=2 ) LIMIT 20 [ RunTime:0.000328s ]
[2021-06-20T22:22:22+08:00][sql] SHOW FULL COLUMNS FROM `carver_site` [ RunTime:0.000576s ]
[2021-06-20T22:22:22+08:00][sql] SELECT * FROM `carver_site` [ RunTime:0.000317s ]
[2021-06-20T23:06:30+08:00][sql] CONNECT:[ UseTime:0.000523s ] mysql:host=127.0.0.1;port=3306;dbname=carver;charset=utf8
[2021-06-20T23:06:30+08:00][sql] SHOW FULL COLUMNS FROM `carver_article` [ RunTime:0.001071s ]
[2021-06-20T23:06:30+08:00][sql] SELECT COUNT(*) AS think_count FROM `carver_article` WHERE  `article_label` LIKE '%c%'  AND `delete_time` = 0  AND `is_show` = 1 [ RunTime:0.000439s ]
[2021-06-20T23:06:30+08:00][sql] SELECT * FROM `carver_article` WHERE  `article_label` LIKE '%c%'  AND `delete_time` = 0  AND `is_show` = 1 LIMIT 84,6 [ RunTime:0.001002s ]
[2021-06-20T23:06:30+08:00][sql] SELECT article_id,article_title,click_num,FROM_UNIXTIME(add_time,'%Y-%m-%d') as add_time FROM `carver_article` WHERE  `is_show` = 1  AND `delete_time` = 0 ORDER BY `click_num` DESC LIMIT 3 [ RunTime:0.000582s ]
[2021-06-20T23:06:30+08:00][sql] SHOW FULL COLUMNS FROM `carver_notice` [ RunTime:0.000732s ]
[2021-06-20T23:06:30+08:00][sql] SELECT * FROM `carver_notice` ORDER BY `create_time` DESC LIMIT 3 [ RunTime:0.000336s ]
[2021-06-20T23:06:30+08:00][sql] SHOW FULL COLUMNS FROM `carver_navigation` [ RunTime:0.000568s ]
[2021-06-20T23:06:30+08:00][sql] SELECT * FROM `carver_navigation` [ RunTime:0.000296s ]
[2021-06-20T23:06:30+08:00][sql] SHOW FULL COLUMNS FROM `carver_link` [ RunTime:0.000569s ]
[2021-06-20T23:06:30+08:00][sql] SELECT * FROM `carver_link` WHERE  ( is_confirm=2 ) LIMIT 20 [ RunTime:0.000360s ]
[2021-06-20T23:06:30+08:00][sql] SELECT `article_label` FROM `carver_article` [ RunTime:0.000297s ]
[2021-06-20T23:06:30+08:00][sql] SHOW FULL COLUMNS FROM `carver_carouse` [ RunTime:0.000626s ]
[2021-06-20T23:06:30+08:00][sql] SELECT `carouse_img`,`carouse_desc` FROM `carver_carouse` WHERE  `is_show` = 1 ORDER BY `carouse_sort` DESC LIMIT 3 [ RunTime:0.000328s ]
[2021-06-20T23:06:30+08:00][sql] SHOW FULL COLUMNS FROM `carver_site` [ RunTime:0.000561s ]
[2021-06-20T23:06:30+08:00][sql] SELECT * FROM `carver_site` [ RunTime:0.000272s ]
[2021-06-20T23:06:33+08:00][sql] CONNECT:[ UseTime:0.000744s ] mysql:host=127.0.0.1;port=3306;dbname=carver;charset=utf8
[2021-06-20T23:06:33+08:00][sql] SHOW FULL COLUMNS FROM `carver_article` [ RunTime:0.000889s ]
[2021-06-20T23:06:33+08:00][sql] SELECT COUNT(*) AS think_count FROM `carver_article` WHERE  `article_guide` = 6  AND `delete_time` = 0  AND `is_show` = 1 [ RunTime:0.000390s ]
[2021-06-20T23:06:33+08:00][sql] SELECT * FROM `carver_article` WHERE  `article_guide` = 6  AND `delete_time` = 0  AND `is_show` = 1 ORDER BY `add_time` DESC LIMIT 78,6 [ RunTime:0.000483s ]
[2021-06-20T23:06:33+08:00][sql] SELECT article_id,article_title,click_num,FROM_UNIXTIME(add_time,'%Y-%m-%d') as add_time FROM `carver_article` WHERE  `is_show` = 1  AND `delete_time` = 0 ORDER BY `click_num` DESC LIMIT 3 [ RunTime:0.000483s ]
[2021-06-20T23:06:33+08:00][sql] SHOW FULL COLUMNS FROM `carver_notice` [ RunTime:0.000616s ]
[2021-06-20T23:06:33+08:00][sql] SELECT * FROM `carver_notice` ORDER BY `create_time` DESC LIMIT 3 [ RunTime:0.000288s ]
[2021-06-20T23:06:33+08:00][sql] SHOW FULL COLUMNS FROM `carver_navigation` [ RunTime:0.000572s ]
[2021-06-20T23:06:33+08:00][sql] SELECT * FROM `carver_navigation` [ RunTime:0.000313s ]
[2021-06-20T23:06:33+08:00][sql] SELECT `article_label` FROM `carver_article` [ RunTime:0.000267s ]
[2021-06-20T23:06:33+08:00][sql] SHOW FULL COLUMNS FROM `carver_carouse` [ RunTime:0.000571s ]
[2021-06-20T23:06:33+08:00][sql] SELECT `carouse_img`,`carouse_desc` FROM `carver_carouse` WHERE  `is_show` = 1 ORDER BY `carouse_sort` DESC LIMIT 3 [ RunTime:0.000320s ]
[2021-06-20T23:06:33+08:00][sql] SHOW FULL COLUMNS FROM `carver_link` [ RunTime:0.000519s ]
[2021-06-20T23:06:33+08:00][sql] SELECT * FROM `carver_link` WHERE  ( is_confirm=2 ) LIMIT 20 [ RunTime:0.000340s ]
[2021-06-20T23:06:33+08:00][sql] SHOW FULL COLUMNS FROM `carver_site` [ RunTime:0.000639s ]
[2021-06-20T23:06:33+08:00][sql] SELECT * FROM `carver_site` [ RunTime:0.000291s ]
