[2021-06-23T00:15:55+08:00][sql] CONNECT:[ UseTime:0.000751s ] mysql:host=127.0.0.1;port=3306;dbname=carver;charset=utf8
[2021-06-23T00:15:55+08:00][sql] SHOW FULL COLUMNS FROM `carver_user` [ RunTime:0.000889s ]
[2021-06-23T00:15:55+08:00][sql] SHOW FULL COLUMNS FROM `carver_article` [ RunTime:0.000810s ]
[2021-06-23T00:15:55+08:00][sql] SELECT COUNT(*) AS think_count FROM `carver_article` WHERE  `delete_time` = 0  AND `is_show` = 1 [ RunTime:0.000669s ]
[2021-06-23T00:15:55+08:00][sql] SELECT `article_id`,`article_title`,`article_desc`,`article_content`,`article_img`,`article_guide`,`article_label`,`click_num`,`is_show`,`add_time`,`article_author`,`is_top_show` FROM `carver_article` WHERE  `delete_time` = 0  AND `is_show` = 1 ORDER BY `article_id` DESC LIMIT 0,6 [ RunTime:0.001225s ]
[2021-06-23T00:15:55+08:00][sql] SELECT article_id,article_title,click_num,FROM_UNIXTIME(add_time,'%Y-%m-%d') as add_time FROM `carver_article` WHERE  `is_show` = 1  AND `delete_time` = 0 ORDER BY `click_num` DESC LIMIT 3 [ RunTime:0.000838s ]
[2021-06-23T00:15:55+08:00][sql] SHOW FULL COLUMNS FROM `carver_notice` [ RunTime:0.000641s ]
[2021-06-23T00:15:55+08:00][sql] SELECT * FROM `carver_notice` ORDER BY `create_time` DESC LIMIT 3 [ RunTime:0.000278s ]
[2021-06-23T00:15:55+08:00][sql] SHOW FULL COLUMNS FROM `carver_navigation` [ RunTime:0.000566s ]
[2021-06-23T00:15:55+08:00][sql] SELECT * FROM `carver_navigation` [ RunTime:0.000248s ]
[2021-06-23T00:15:55+08:00][sql] SHOW FULL COLUMNS FROM `carver_link` [ RunTime:0.000614s ]
[2021-06-23T00:15:55+08:00][sql] SELECT * FROM `carver_link` WHERE  ( is_confirm=2 ) LIMIT 20 [ RunTime:0.000317s ]
[2021-06-23T00:15:55+08:00][sql] SELECT `article_label` FROM `carver_article` [ RunTime:0.000267s ]
[2021-06-23T00:15:55+08:00][sql] SHOW FULL COLUMNS FROM `carver_carouse` [ RunTime:0.000575s ]
[2021-06-23T00:15:55+08:00][sql] SELECT `carouse_img`,`carouse_desc` FROM `carver_carouse` WHERE  `is_show` = 1 ORDER BY `carouse_sort` DESC LIMIT 3 [ RunTime:0.000296s ]
[2021-06-23T00:15:55+08:00][sql] SHOW FULL COLUMNS FROM `carver_site` [ RunTime:0.000490s ]
[2021-06-23T00:15:55+08:00][sql] SELECT * FROM `carver_site` [ RunTime:0.000246s ]
[2021-06-23T02:36:18+08:00][sql] CONNECT:[ UseTime:0.000636s ] mysql:host=127.0.0.1;port=3306;dbname=carver;charset=utf8
[2021-06-23T02:36:18+08:00][sql] SHOW FULL COLUMNS FROM `carver_article` [ RunTime:0.000915s ]
[2021-06-23T02:36:18+08:00][sql] SELECT COUNT(*) AS think_count FROM `carver_article` WHERE  `article_guide` = 7  AND `delete_time` = 0  AND `is_show` = 1 [ RunTime:0.000410s ]
[2021-06-23T02:36:18+08:00][sql] SELECT * FROM `carver_article` WHERE  `article_guide` = 7  AND `delete_time` = 0  AND `is_show` = 1 ORDER BY `add_time` DESC LIMIT 0,6 [ RunTime:0.000519s ]
[2021-06-23T02:36:18+08:00][sql] SELECT article_id,article_title,click_num,FROM_UNIXTIME(add_time,'%Y-%m-%d') as add_time FROM `carver_article` WHERE  `is_show` = 1  AND `delete_time` = 0 ORDER BY `click_num` DESC LIMIT 3 [ RunTime:0.000618s ]
[2021-06-23T02:36:18+08:00][sql] SHOW FULL COLUMNS FROM `carver_notice` [ RunTime:0.000684s ]
[2021-06-23T02:36:18+08:00][sql] SELECT * FROM `carver_notice` ORDER BY `create_time` DESC LIMIT 3 [ RunTime:0.000285s ]
[2021-06-23T02:36:18+08:00][sql] SHOW FULL COLUMNS FROM `carver_navigation` [ RunTime:0.000556s ]
[2021-06-23T02:36:18+08:00][sql] SELECT * FROM `carver_navigation` [ RunTime:0.000292s ]
[2021-06-23T02:36:18+08:00][sql] SELECT `article_label` FROM `carver_article` [ RunTime:0.000260s ]
[2021-06-23T02:36:18+08:00][sql] SHOW FULL COLUMNS FROM `carver_carouse` [ RunTime:0.000663s ]
[2021-06-23T02:36:18+08:00][sql] SELECT `carouse_img`,`carouse_desc` FROM `carver_carouse` WHERE  `is_show` = 1 ORDER BY `carouse_sort` DESC LIMIT 3 [ RunTime:0.000374s ]
[2021-06-23T02:36:18+08:00][sql] SHOW FULL COLUMNS FROM `carver_link` [ RunTime:0.000579s ]
[2021-06-23T02:36:18+08:00][sql] SELECT * FROM `carver_link` WHERE  ( is_confirm=2 ) LIMIT 20 [ RunTime:0.000290s ]
[2021-06-23T02:36:18+08:00][sql] SHOW FULL COLUMNS FROM `carver_site` [ RunTime:0.000527s ]
[2021-06-23T02:36:18+08:00][sql] SELECT * FROM `carver_site` [ RunTime:0.000293s ]
[2021-06-23T03:05:09+08:00][sql] CONNECT:[ UseTime:0.000476s ] mysql:host=127.0.0.1;port=3306;dbname=carver;charset=utf8
[2021-06-23T03:05:09+08:00][sql] SHOW FULL COLUMNS FROM `carver_article` [ RunTime:0.000892s ]
[2021-06-23T03:05:09+08:00][sql] SELECT COUNT(*) AS think_count FROM `carver_article` WHERE  `article_guide` = 6  AND `delete_time` = 0  AND `is_show` = 1 [ RunTime:0.000390s ]
[2021-06-23T03:05:09+08:00][sql] SELECT * FROM `carver_article` WHERE  `article_guide` = 6  AND `delete_time` = 0  AND `is_show` = 1 ORDER BY `add_time` DESC LIMIT 0,6 [ RunTime:0.000848s ]
[2021-06-23T03:05:09+08:00][sql] SELECT article_id,article_title,click_num,FROM_UNIXTIME(add_time,'%Y-%m-%d') as add_time FROM `carver_article` WHERE  `is_show` = 1  AND `delete_time` = 0 ORDER BY `click_num` DESC LIMIT 3 [ RunTime:0.000553s ]
[2021-06-23T03:05:09+08:00][sql] SHOW FULL COLUMNS FROM `carver_notice` [ RunTime:0.000565s ]
[2021-06-23T03:05:09+08:00][sql] SELECT * FROM `carver_notice` ORDER BY `create_time` DESC LIMIT 3 [ RunTime:0.000260s ]
[2021-06-23T03:05:09+08:00][sql] SHOW FULL COLUMNS FROM `carver_navigation` [ RunTime:0.000582s ]
[2021-06-23T03:05:09+08:00][sql] SELECT * FROM `carver_navigation` [ RunTime:0.000239s ]
[2021-06-23T03:05:09+08:00][sql] SELECT `article_label` FROM `carver_article` [ RunTime:0.000235s ]
[2021-06-23T03:05:09+08:00][sql] SHOW FULL COLUMNS FROM `carver_carouse` [ RunTime:0.000467s ]
[2021-06-23T03:05:09+08:00][sql] SELECT `carouse_img`,`carouse_desc` FROM `carver_carouse` WHERE  `is_show` = 1 ORDER BY `carouse_sort` DESC LIMIT 3 [ RunTime:0.000299s ]
[2021-06-23T03:05:09+08:00][sql] SHOW FULL COLUMNS FROM `carver_link` [ RunTime:0.000483s ]
[2021-06-23T03:05:09+08:00][sql] SELECT * FROM `carver_link` WHERE  ( is_confirm=2 ) LIMIT 20 [ RunTime:0.000308s ]
[2021-06-23T03:05:09+08:00][sql] SHOW FULL COLUMNS FROM `carver_site` [ RunTime:0.000492s ]
[2021-06-23T03:05:09+08:00][sql] SELECT * FROM `carver_site` [ RunTime:0.000231s ]
[2021-06-23T03:06:48+08:00][sql] CONNECT:[ UseTime:0.000546s ] mysql:host=127.0.0.1;port=3306;dbname=carver;charset=utf8
[2021-06-23T03:06:48+08:00][sql] SHOW FULL COLUMNS FROM `carver_article` [ RunTime:0.000988s ]
[2021-06-23T03:06:48+08:00][sql] SELECT COUNT(*) AS think_count FROM `carver_article` WHERE  `article_label` LIKE '%js%'  AND `delete_time` = 0  AND `is_show` = 1 [ RunTime:0.000435s ]
[2021-06-23T03:06:48+08:00][sql] SELECT * FROM `carver_article` WHERE  `article_label` LIKE '%js%'  AND `delete_time` = 0  AND `is_show` = 1 LIMIT 0,6 [ RunTime:0.001015s ]
[2021-06-23T03:06:48+08:00][sql] SELECT article_id,article_title,click_num,FROM_UNIXTIME(add_time,'%Y-%m-%d') as add_time FROM `carver_article` WHERE  `is_show` = 1  AND `delete_time` = 0 ORDER BY `click_num` DESC LIMIT 3 [ RunTime:0.000524s ]
[2021-06-23T03:06:48+08:00][sql] SHOW FULL COLUMNS FROM `carver_notice` [ RunTime:0.000649s ]
[2021-06-23T03:06:48+08:00][sql] SELECT * FROM `carver_notice` ORDER BY `create_time` DESC LIMIT 3 [ RunTime:0.000338s ]
[2021-06-23T03:06:48+08:00][sql] SHOW FULL COLUMNS FROM `carver_navigation` [ RunTime:0.000596s ]
[2021-06-23T03:06:48+08:00][sql] SELECT * FROM `carver_navigation` [ RunTime:0.000340s ]
[2021-06-23T03:06:48+08:00][sql] SHOW FULL COLUMNS FROM `carver_link` [ RunTime:0.000552s ]
[2021-06-23T03:06:48+08:00][sql] SELECT * FROM `carver_link` WHERE  ( is_confirm=2 ) LIMIT 20 [ RunTime:0.000388s ]
[2021-06-23T03:06:48+08:00][sql] SELECT `article_label` FROM `carver_article` [ RunTime:0.000284s ]
[2021-06-23T03:06:48+08:00][sql] SHOW FULL COLUMNS FROM `carver_carouse` [ RunTime:0.000562s ]
[2021-06-23T03:06:48+08:00][sql] SELECT `carouse_img`,`carouse_desc` FROM `carver_carouse` WHERE  `is_show` = 1 ORDER BY `carouse_sort` DESC LIMIT 3 [ RunTime:0.000358s ]
[2021-06-23T03:06:48+08:00][sql] SHOW FULL COLUMNS FROM `carver_site` [ RunTime:0.000514s ]
[2021-06-23T03:06:48+08:00][sql] SELECT * FROM `carver_site` [ RunTime:0.000314s ]
[2021-06-23T03:32:49+08:00][sql] CONNECT:[ UseTime:0.000529s ] mysql:host=127.0.0.1;port=3306;dbname=carver;charset=utf8
[2021-06-23T03:32:49+08:00][sql] SHOW FULL COLUMNS FROM `carver_user` [ RunTime:0.000793s ]
[2021-06-23T03:32:49+08:00][sql] SHOW FULL COLUMNS FROM `carver_article` [ RunTime:0.000734s ]
[2021-06-23T03:32:49+08:00][sql] SELECT COUNT(*) AS think_count FROM `carver_article` WHERE  `delete_time` = 0  AND `is_show` = 1 [ RunTime:0.000368s ]
[2021-06-23T03:32:49+08:00][sql] SELECT `article_id`,`article_title`,`article_desc`,`article_content`,`article_img`,`article_guide`,`article_label`,`click_num`,`is_show`,`add_time`,`article_author`,`is_top_show` FROM `carver_article` WHERE  `delete_time` = 0  AND `is_show` = 1 ORDER BY `article_id` DESC LIMIT 0,6 [ RunTime:0.000769s ]
[2021-06-23T03:32:49+08:00][sql] SELECT article_id,article_title,click_num,FROM_UNIXTIME(add_time,'%Y-%m-%d') as add_time FROM `carver_article` WHERE  `is_show` = 1  AND `delete_time` = 0 ORDER BY `click_num` DESC LIMIT 3 [ RunTime:0.000524s ]
[2021-06-23T03:32:49+08:00][sql] SHOW FULL COLUMNS FROM `carver_notice` [ RunTime:0.000615s ]
[2021-06-23T03:32:49+08:00][sql] SELECT * FROM `carver_notice` ORDER BY `create_time` DESC LIMIT 3 [ RunTime:0.000269s ]
[2021-06-23T03:32:49+08:00][sql] SHOW FULL COLUMNS FROM `carver_navigation` [ RunTime:0.000538s ]
[2021-06-23T03:32:49+08:00][sql] SELECT * FROM `carver_navigation` [ RunTime:0.000358s ]
[2021-06-23T03:32:49+08:00][sql] SHOW FULL COLUMNS FROM `carver_link` [ RunTime:0.000480s ]
[2021-06-23T03:32:49+08:00][sql] SELECT * FROM `carver_link` WHERE  ( is_confirm=2 ) LIMIT 20 [ RunTime:0.000281s ]
[2021-06-23T03:32:49+08:00][sql] SELECT `article_label` FROM `carver_article` [ RunTime:0.000586s ]
[2021-06-23T03:32:49+08:00][sql] SHOW FULL COLUMNS FROM `carver_carouse` [ RunTime:0.000537s ]
[2021-06-23T03:32:49+08:00][sql] SELECT `carouse_img`,`carouse_desc` FROM `carver_carouse` WHERE  `is_show` = 1 ORDER BY `carouse_sort` DESC LIMIT 3 [ RunTime:0.000277s ]
[2021-06-23T03:32:49+08:00][sql] SHOW FULL COLUMNS FROM `carver_site` [ RunTime:0.000539s ]
[2021-06-23T03:32:49+08:00][sql] SELECT * FROM `carver_site` [ RunTime:0.000232s ]
[2021-06-23T03:32:49+08:00][sql] CONNECT:[ UseTime:0.000620s ] mysql:host=127.0.0.1;port=3306;dbname=carver;charset=utf8
[2021-06-23T03:32:49+08:00][sql] SHOW FULL COLUMNS FROM `carver_user` [ RunTime:0.000929s ]
[2021-06-23T03:32:49+08:00][sql] SHOW FULL COLUMNS FROM `carver_article` [ RunTime:0.000847s ]
[2021-06-23T03:32:49+08:00][sql] SELECT COUNT(*) AS think_count FROM `carver_article` WHERE  `delete_time` = 0  AND `is_show` = 1 [ RunTime:0.000441s ]
[2021-06-23T03:32:49+08:00][sql] SELECT `article_id`,`article_title`,`article_desc`,`article_content`,`article_img`,`article_guide`,`article_label`,`click_num`,`is_show`,`add_time`,`article_author`,`is_top_show` FROM `carver_article` WHERE  `delete_time` = 0  AND `is_show` = 1 ORDER BY `article_id` DESC LIMIT 0,6 [ RunTime:0.000863s ]
[2021-06-23T03:32:49+08:00][sql] SELECT article_id,article_title,click_num,FROM_UNIXTIME(add_time,'%Y-%m-%d') as add_time FROM `carver_article` WHERE  `is_show` = 1  AND `delete_time` = 0 ORDER BY `click_num` DESC LIMIT 3 [ RunTime:0.000528s ]
[2021-06-23T03:32:49+08:00][sql] SHOW FULL COLUMNS FROM `carver_notice` [ RunTime:0.000640s ]
[2021-06-23T03:32:49+08:00][sql] SELECT * FROM `carver_notice` ORDER BY `create_time` DESC LIMIT 3 [ RunTime:0.000325s ]
[2021-06-23T03:32:49+08:00][sql] SHOW FULL COLUMNS FROM `carver_navigation` [ RunTime:0.000569s ]
[2021-06-23T03:32:49+08:00][sql] SELECT * FROM `carver_navigation` [ RunTime:0.000315s ]
[2021-06-23T03:32:49+08:00][sql] SHOW FULL COLUMNS FROM `carver_link` [ RunTime:0.000546s ]
[2021-06-23T03:32:49+08:00][sql] SELECT * FROM `carver_link` WHERE  ( is_confirm=2 ) LIMIT 20 [ RunTime:0.000297s ]
[2021-06-23T03:32:49+08:00][sql] SELECT `article_label` FROM `carver_article` [ RunTime:0.000426s ]
[2021-06-23T03:32:49+08:00][sql] SHOW FULL COLUMNS FROM `carver_carouse` [ RunTime:0.000550s ]
[2021-06-23T03:32:49+08:00][sql] SELECT `carouse_img`,`carouse_desc` FROM `carver_carouse` WHERE  `is_show` = 1 ORDER BY `carouse_sort` DESC LIMIT 3 [ RunTime:0.000332s ]
[2021-06-23T03:32:49+08:00][sql] SHOW FULL COLUMNS FROM `carver_site` [ RunTime:0.000513s ]
[2021-06-23T03:32:49+08:00][sql] SELECT * FROM `carver_site` [ RunTime:0.000375s ]
[2021-06-23T03:32:49+08:00][sql] CONNECT:[ UseTime:0.001038s ] mysql:host=127.0.0.1;port=3306;dbname=carver;charset=utf8
[2021-06-23T03:32:49+08:00][sql] SHOW FULL COLUMNS FROM `carver_user` [ RunTime:0.000824s ]
[2021-06-23T03:32:49+08:00][sql] SHOW FULL COLUMNS FROM `carver_article` [ RunTime:0.000720s ]
[2021-06-23T03:32:49+08:00][sql] SELECT COUNT(*) AS think_count FROM `carver_article` WHERE  `delete_time` = 0  AND `is_show` = 1 [ RunTime:0.000358s ]
[2021-06-23T03:32:49+08:00][sql] SELECT `article_id`,`article_title`,`article_desc`,`article_content`,`article_img`,`article_guide`,`article_label`,`click_num`,`is_show`,`add_time`,`article_author`,`is_top_show` FROM `carver_article` WHERE  `delete_time` = 0  AND `is_show` = 1 ORDER BY `article_id` DESC LIMIT 0,6 [ RunTime:0.000759s ]
[2021-06-23T03:32:49+08:00][sql] SELECT article_id,article_title,click_num,FROM_UNIXTIME(add_time,'%Y-%m-%d') as add_time FROM `carver_article` WHERE  `is_show` = 1  AND `delete_time` = 0 ORDER BY `click_num` DESC LIMIT 3 [ RunTime:0.000525s ]
[2021-06-23T03:32:49+08:00][sql] SHOW FULL COLUMNS FROM `carver_notice` [ RunTime:0.000566s ]
[2021-06-23T03:32:49+08:00][sql] SELECT * FROM `carver_notice` ORDER BY `create_time` DESC LIMIT 3 [ RunTime:0.000298s ]
[2021-06-23T03:32:49+08:00][sql] SHOW FULL COLUMNS FROM `carver_navigation` [ RunTime:0.000621s ]
[2021-06-23T03:32:49+08:00][sql] SELECT * FROM `carver_navigation` [ RunTime:0.000272s ]
[2021-06-23T03:32:49+08:00][sql] SHOW FULL COLUMNS FROM `carver_link` [ RunTime:0.000531s ]
[2021-06-23T03:32:49+08:00][sql] SELECT * FROM `carver_link` WHERE  ( is_confirm=2 ) LIMIT 20 [ RunTime:0.000310s ]
[2021-06-23T03:32:49+08:00][sql] SELECT `article_label` FROM `carver_article` [ RunTime:0.000287s ]
[2021-06-23T03:32:49+08:00][sql] SHOW FULL COLUMNS FROM `carver_carouse` [ RunTime:0.000511s ]
[2021-06-23T03:32:49+08:00][sql] SELECT `carouse_img`,`carouse_desc` FROM `carver_carouse` WHERE  `is_show` = 1 ORDER BY `carouse_sort` DESC LIMIT 3 [ RunTime:0.000278s ]
[2021-06-23T03:32:49+08:00][sql] SHOW FULL COLUMNS FROM `carver_site` [ RunTime:0.000482s ]
[2021-06-23T03:32:49+08:00][sql] SELECT * FROM `carver_site` [ RunTime:0.000223s ]
[2021-06-23T03:52:03+08:00][sql] CONNECT:[ UseTime:0.000737s ] mysql:host=127.0.0.1;port=3306;dbname=carver;charset=utf8
[2021-06-23T03:52:03+08:00][sql] SHOW FULL COLUMNS FROM `carver_article` [ RunTime:0.000985s ]
[2021-06-23T03:52:03+08:00][sql] SELECT COUNT(*) AS think_count FROM `carver_article` WHERE  `article_label` LIKE '%js%'  AND `delete_time` = 0  AND `is_show` = 1 [ RunTime:0.000456s ]
[2021-06-23T03:52:03+08:00][sql] SELECT * FROM `carver_article` WHERE  `article_label` LIKE '%js%'  AND `delete_time` = 0  AND `is_show` = 1 LIMIT 0,6 [ RunTime:0.001034s ]
[2021-06-23T03:52:03+08:00][sql] SELECT article_id,article_title,click_num,FROM_UNIXTIME(add_time,'%Y-%m-%d') as add_time FROM `carver_article` WHERE  `is_show` = 1  AND `delete_time` = 0 ORDER BY `click_num` DESC LIMIT 3 [ RunTime:0.000563s ]
[2021-06-23T03:52:03+08:00][sql] SHOW FULL COLUMNS FROM `carver_notice` [ RunTime:0.000795s ]
[2021-06-23T03:52:03+08:00][sql] SELECT * FROM `carver_notice` ORDER BY `create_time` DESC LIMIT 3 [ RunTime:0.000797s ]
[2021-06-23T03:52:03+08:00][sql] SHOW FULL COLUMNS FROM `carver_navigation` [ RunTime:0.000605s ]
[2021-06-23T03:52:03+08:00][sql] SELECT * FROM `carver_navigation` [ RunTime:0.000360s ]
[2021-06-23T03:52:03+08:00][sql] SHOW FULL COLUMNS FROM `carver_link` [ RunTime:0.000610s ]
[2021-06-23T03:52:03+08:00][sql] SELECT * FROM `carver_link` WHERE  ( is_confirm=2 ) LIMIT 20 [ RunTime:0.000375s ]
[2021-06-23T03:52:03+08:00][sql] SELECT `article_label` FROM `carver_article` [ RunTime:0.000353s ]
[2021-06-23T03:52:03+08:00][sql] SHOW FULL COLUMNS FROM `carver_carouse` [ RunTime:0.000585s ]
[2021-06-23T03:52:03+08:00][sql] SELECT `carouse_img`,`carouse_desc` FROM `carver_carouse` WHERE  `is_show` = 1 ORDER BY `carouse_sort` DESC LIMIT 3 [ RunTime:0.000359s ]
[2021-06-23T03:52:03+08:00][sql] SHOW FULL COLUMNS FROM `carver_site` [ RunTime:0.000668s ]
[2021-06-23T03:52:03+08:00][sql] SELECT * FROM `carver_site` [ RunTime:0.000330s ]
[2021-06-23T03:54:40+08:00][sql] CONNECT:[ UseTime:0.000616s ] mysql:host=127.0.0.1;port=3306;dbname=carver;charset=utf8
[2021-06-23T03:54:40+08:00][sql] SHOW FULL COLUMNS FROM `carver_article` [ RunTime:0.000888s ]
[2021-06-23T03:54:40+08:00][sql] SELECT COUNT(*) AS think_count FROM `carver_article` WHERE  `article_label` LIKE '%nginx%'  AND `delete_time` = 0  AND `is_show` = 1 [ RunTime:0.000507s ]
[2021-06-23T03:54:40+08:00][sql] SELECT * FROM `carver_article` WHERE  `article_label` LIKE '%nginx%'  AND `delete_time` = 0  AND `is_show` = 1 LIMIT 0,6 [ RunTime:0.001103s ]
[2021-06-23T03:54:40+08:00][sql] SELECT article_id,article_title,click_num,FROM_UNIXTIME(add_time,'%Y-%m-%d') as add_time FROM `carver_article` WHERE  `is_show` = 1  AND `delete_time` = 0 ORDER BY `click_num` DESC LIMIT 3 [ RunTime:0.000888s ]
[2021-06-23T03:54:40+08:00][sql] SHOW FULL COLUMNS FROM `carver_notice` [ RunTime:0.002403s ]
[2021-06-23T03:54:40+08:00][sql] SELECT * FROM `carver_notice` ORDER BY `create_time` DESC LIMIT 3 [ RunTime:0.000302s ]
[2021-06-23T03:54:40+08:00][sql] SHOW FULL COLUMNS FROM `carver_navigation` [ RunTime:0.000608s ]
[2021-06-23T03:54:40+08:00][sql] SELECT * FROM `carver_navigation` [ RunTime:0.000265s ]
[2021-06-23T03:54:40+08:00][sql] SHOW FULL COLUMNS FROM `carver_link` [ RunTime:0.000571s ]
[2021-06-23T03:54:40+08:00][sql] SELECT * FROM `carver_link` WHERE  ( is_confirm=2 ) LIMIT 20 [ RunTime:0.000298s ]
[2021-06-23T03:54:40+08:00][sql] SELECT `article_label` FROM `carver_article` [ RunTime:0.000290s ]
[2021-06-23T03:54:40+08:00][sql] SHOW FULL COLUMNS FROM `carver_carouse` [ RunTime:0.000641s ]
[2021-06-23T03:54:40+08:00][sql] SELECT `carouse_img`,`carouse_desc` FROM `carver_carouse` WHERE  `is_show` = 1 ORDER BY `carouse_sort` DESC LIMIT 3 [ RunTime:0.000309s ]
[2021-06-23T03:54:40+08:00][sql] SHOW FULL COLUMNS FROM `carver_site` [ RunTime:0.000551s ]
[2021-06-23T03:54:40+08:00][sql] SELECT * FROM `carver_site` [ RunTime:0.000271s ]
[2021-06-23T04:05:11+08:00][sql] CONNECT:[ UseTime:0.000851s ] mysql:host=127.0.0.1;port=3306;dbname=carver;charset=utf8
[2021-06-23T04:05:11+08:00][sql] SHOW FULL COLUMNS FROM `carver_article` [ RunTime:0.000886s ]
[2021-06-23T04:05:11+08:00][sql] SELECT `article_id`,`article_title`,`article_desc`,`article_content`,`article_img`,`article_guide`,`article_label`,`click_num`,`is_show`,`add_time`,`article_author` FROM `carver_article` WHERE  `article_id` = 23'A=0 LIMIT 1 [ RunTime:0.000444s ]
[2021-06-23T04:05:11+08:00][sql] SELECT `article_id`,`article_title`,`article_desc`,`article_content`,`article_img`,`article_guide`,`article_label`,`click_num`,`is_show`,`add_time`,`article_author` FROM `carver_article` WHERE  `article_id` > 23'A=0 LIMIT 1 [ RunTime:0.000459s ]
[2021-06-23T04:05:11+08:00][sql] SELECT `article_id`,`article_title`,`article_desc`,`article_content`,`article_img`,`article_guide`,`article_label`,`click_num`,`is_show`,`add_time`,`article_author` FROM `carver_article` WHERE  `article_id` < 23'A=0 ORDER BY `article_id` DESC LIMIT 1 [ RunTime:0.000450s ]
[2021-06-23T04:05:11+08:00][sql] SHOW FULL COLUMNS FROM `carver_link` [ RunTime:0.000583s ]
[2021-06-23T04:05:11+08:00][sql] SELECT * FROM `carver_link` WHERE  ( is_confirm=2 ) LIMIT 20 [ RunTime:0.000309s ]
[2021-06-23T04:05:11+08:00][sql] SELECT article_id,article_title,click_num,FROM_UNIXTIME(add_time,'%Y-%m-%d') as add_time FROM `carver_article` ORDER BY `click_num` DESC LIMIT 3 [ RunTime:0.000334s ]
[2021-06-23T04:05:11+08:00][sql] SHOW FULL COLUMNS FROM `carver_comment` [ RunTime:0.000634s ]
[2021-06-23T04:05:11+08:00][sql] SELECT `a`.*,`b`.`user_name` FROM `carver_comment` `a` INNER JOIN `carver_user` `b` ON `a`.`user_id`=`b`.`user_id` WHERE  `article_id` = 23'A=0 ORDER BY `create_time` DESC [ RunTime:0.000374s ]
[2021-06-23T04:05:11+08:00][sql] SHOW FULL COLUMNS FROM `carver_comment_to_others` [ RunTime:0.000518s ]
[2021-06-23T04:05:11+08:00][sql] SELECT * FROM `carver_comment_to_others` [ RunTime:0.000265s ]
[2021-06-23T04:05:11+08:00][sql] SHOW FULL COLUMNS FROM `carver_user` [ RunTime:0.000460s ]
[2021-06-23T04:05:11+08:00][sql] SELECT `user_name` FROM `carver_user` WHERE  `user_id` = 4 LIMIT 1 [ RunTime:0.000258s ]
[2021-06-23T04:05:11+08:00][sql] SELECT `user_name` FROM `carver_user` WHERE  `user_id` = 4 LIMIT 1 [ RunTime:0.000216s ]
[2021-06-23T04:05:11+08:00][sql] SELECT `user_name` FROM `carver_user` WHERE  `user_id` = 5 LIMIT 1 [ RunTime:0.000226s ]
[2021-06-23T04:05:11+08:00][sql] SELECT `user_name` FROM `carver_user` WHERE  `user_id` = 5 LIMIT 1 [ RunTime:0.000215s ]
[2021-06-23T04:05:11+08:00][sql] SELECT `user_name` FROM `carver_user` WHERE  `user_id` = 37 LIMIT 1 [ RunTime:0.000220s ]
[2021-06-23T04:05:11+08:00][sql] SELECT `user_name`,`user_id` FROM `carver_user` [ RunTime:0.000356s ]
[2021-06-23T04:05:11+08:00][sql] SHOW FULL COLUMNS FROM `carver_navigation` [ RunTime:0.000548s ]
[2021-06-23T04:05:11+08:00][sql] SELECT * FROM `carver_navigation` [ RunTime:0.000234s ]
[2021-06-23T04:05:11+08:00][sql] SELECT `article_label` FROM `carver_article` [ RunTime:0.000245s ]
[2021-06-23T04:40:59+08:00][sql] CONNECT:[ UseTime:0.000638s ] mysql:host=127.0.0.1;port=3306;dbname=carver;charset=utf8
[2021-06-23T04:40:59+08:00][sql] SHOW FULL COLUMNS FROM `carver_user` [ RunTime:0.000822s ]
[2021-06-23T04:40:59+08:00][sql] SHOW FULL COLUMNS FROM `carver_article` [ RunTime:0.000742s ]
[2021-06-23T04:40:59+08:00][sql] SELECT COUNT(*) AS think_count FROM `carver_article` WHERE  `delete_time` = 0  AND `is_show` = 1 [ RunTime:0.000388s ]
[2021-06-23T04:40:59+08:00][sql] SELECT `article_id`,`article_title`,`article_desc`,`article_content`,`article_img`,`article_guide`,`article_label`,`click_num`,`is_show`,`add_time`,`article_author`,`is_top_show` FROM `carver_article` WHERE  `delete_time` = 0  AND `is_show` = 1 ORDER BY `article_id` DESC LIMIT 0,6 [ RunTime:0.000752s ]
[2021-06-23T04:40:59+08:00][sql] SELECT article_id,article_title,click_num,FROM_UNIXTIME(add_time,'%Y-%m-%d') as add_time FROM `carver_article` WHERE  `is_show` = 1  AND `delete_time` = 0 ORDER BY `click_num` DESC LIMIT 3 [ RunTime:0.000430s ]
[2021-06-23T04:40:59+08:00][sql] SHOW FULL COLUMNS FROM `carver_notice` [ RunTime:0.000573s ]
[2021-06-23T04:40:59+08:00][sql] SELECT * FROM `carver_notice` ORDER BY `create_time` DESC LIMIT 3 [ RunTime:0.000274s ]
[2021-06-23T04:40:59+08:00][sql] SHOW FULL COLUMNS FROM `carver_navigation` [ RunTime:0.000571s ]
[2021-06-23T04:40:59+08:00][sql] SELECT * FROM `carver_navigation` [ RunTime:0.000254s ]
[2021-06-23T04:40:59+08:00][sql] SHOW FULL COLUMNS FROM `carver_link` [ RunTime:0.000505s ]
[2021-06-23T04:40:59+08:00][sql] SELECT * FROM `carver_link` WHERE  ( is_confirm=2 ) LIMIT 20 [ RunTime:0.000294s ]
[2021-06-23T04:40:59+08:00][sql] SELECT `article_label` FROM `carver_article` [ RunTime:0.000296s ]
[2021-06-23T04:40:59+08:00][sql] SHOW FULL COLUMNS FROM `carver_carouse` [ RunTime:0.000477s ]
[2021-06-23T04:40:59+08:00][sql] SELECT `carouse_img`,`carouse_desc` FROM `carver_carouse` WHERE  `is_show` = 1 ORDER BY `carouse_sort` DESC LIMIT 3 [ RunTime:0.000299s ]
[2021-06-23T04:40:59+08:00][sql] SHOW FULL COLUMNS FROM `carver_site` [ RunTime:0.000484s ]
[2021-06-23T04:40:59+08:00][sql] SELECT * FROM `carver_site` [ RunTime:0.000255s ]
[2021-06-23T05:35:46+08:00][sql] CONNECT:[ UseTime:0.000541s ] mysql:host=127.0.0.1;port=3306;dbname=carver;charset=utf8
[2021-06-23T05:35:46+08:00][sql] SHOW FULL COLUMNS FROM `carver_user` [ RunTime:0.000788s ]
[2021-06-23T05:35:46+08:00][sql] SHOW FULL COLUMNS FROM `carver_article` [ RunTime:0.000679s ]
[2021-06-23T05:35:46+08:00][sql] SELECT COUNT(*) AS think_count FROM `carver_article` WHERE  `delete_time` = 0  AND `is_show` = 1 [ RunTime:0.000376s ]
[2021-06-23T05:35:46+08:00][sql] SELECT `article_id`,`article_title`,`article_desc`,`article_content`,`article_img`,`article_guide`,`article_label`,`click_num`,`is_show`,`add_time`,`article_author`,`is_top_show` FROM `carver_article` WHERE  `delete_time` = 0  AND `is_show` = 1 ORDER BY `article_id` DESC LIMIT 0,6 [ RunTime:0.000736s ]
[2021-06-23T05:35:46+08:00][sql] SELECT article_id,article_title,click_num,FROM_UNIXTIME(add_time,'%Y-%m-%d') as add_time FROM `carver_article` WHERE  `is_show` = 1  AND `delete_time` = 0 ORDER BY `click_num` DESC LIMIT 3 [ RunTime:0.000493s ]
[2021-06-23T05:35:46+08:00][sql] SHOW FULL COLUMNS FROM `carver_notice` [ RunTime:0.000536s ]
[2021-06-23T05:35:46+08:00][sql] SELECT * FROM `carver_notice` ORDER BY `create_time` DESC LIMIT 3 [ RunTime:0.000257s ]
[2021-06-23T05:35:46+08:00][sql] SHOW FULL COLUMNS FROM `carver_navigation` [ RunTime:0.000557s ]
[2021-06-23T05:35:46+08:00][sql] SELECT * FROM `carver_navigation` [ RunTime:0.000247s ]
[2021-06-23T05:35:46+08:00][sql] SHOW FULL COLUMNS FROM `carver_link` [ RunTime:0.000707s ]
[2021-06-23T05:35:46+08:00][sql] SELECT * FROM `carver_link` WHERE  ( is_confirm=2 ) LIMIT 20 [ RunTime:0.000270s ]
[2021-06-23T05:35:46+08:00][sql] SELECT `article_label` FROM `carver_article` [ RunTime:0.000382s ]
[2021-06-23T05:35:46+08:00][sql] SHOW FULL COLUMNS FROM `carver_carouse` [ RunTime:0.000461s ]
[2021-06-23T05:35:46+08:00][sql] SELECT `carouse_img`,`carouse_desc` FROM `carver_carouse` WHERE  `is_show` = 1 ORDER BY `carouse_sort` DESC LIMIT 3 [ RunTime:0.000297s ]
[2021-06-23T05:35:46+08:00][sql] SHOW FULL COLUMNS FROM `carver_site` [ RunTime:0.000473s ]
[2021-06-23T05:35:46+08:00][sql] SELECT * FROM `carver_site` [ RunTime:0.000240s ]
[2021-06-23T05:59:01+08:00][sql] CONNECT:[ UseTime:0.000516s ] mysql:host=127.0.0.1;port=3306;dbname=carver;charset=utf8
[2021-06-23T05:59:01+08:00][sql] SHOW FULL COLUMNS FROM `carver_article` [ RunTime:0.001056s ]
[2021-06-23T05:59:01+08:00][sql] SELECT COUNT(*) AS think_count FROM `carver_article` WHERE  `article_label` LIKE '%linux%'  AND `delete_time` = 0  AND `is_show` = 1 [ RunTime:0.000432s ]
[2021-06-23T05:59:01+08:00][sql] SELECT * FROM `carver_article` WHERE  `article_label` LIKE '%linux%'  AND `delete_time` = 0  AND `is_show` = 1 LIMIT 0,6 [ RunTime:0.001247s ]
[2021-06-23T05:59:01+08:00][sql] SELECT article_id,article_title,click_num,FROM_UNIXTIME(add_time,'%Y-%m-%d') as add_time FROM `carver_article` WHERE  `is_show` = 1  AND `delete_time` = 0 ORDER BY `click_num` DESC LIMIT 3 [ RunTime:0.000439s ]
[2021-06-23T05:59:01+08:00][sql] SHOW FULL COLUMNS FROM `carver_notice` [ RunTime:0.000611s ]
[2021-06-23T05:59:01+08:00][sql] SELECT * FROM `carver_notice` ORDER BY `create_time` DESC LIMIT 3 [ RunTime:0.000295s ]
[2021-06-23T05:59:01+08:00][sql] SHOW FULL COLUMNS FROM `carver_navigation` [ RunTime:0.000496s ]
[2021-06-23T05:59:01+08:00][sql] SELECT * FROM `carver_navigation` [ RunTime:0.000257s ]
[2021-06-23T05:59:01+08:00][sql] SHOW FULL COLUMNS FROM `carver_link` [ RunTime:0.000546s ]
[2021-06-23T05:59:01+08:00][sql] SELECT * FROM `carver_link` WHERE  ( is_confirm=2 ) LIMIT 20 [ RunTime:0.000284s ]
[2021-06-23T05:59:01+08:00][sql] SELECT `article_label` FROM `carver_article` [ RunTime:0.000247s ]
[2021-06-23T05:59:01+08:00][sql] SHOW FULL COLUMNS FROM `carver_carouse` [ RunTime:0.000556s ]
[2021-06-23T05:59:01+08:00][sql] SELECT `carouse_img`,`carouse_desc` FROM `carver_carouse` WHERE  `is_show` = 1 ORDER BY `carouse_sort` DESC LIMIT 3 [ RunTime:0.000291s ]
[2021-06-23T05:59:01+08:00][sql] SHOW FULL COLUMNS FROM `carver_site` [ RunTime:0.000489s ]
[2021-06-23T05:59:01+08:00][sql] SELECT * FROM `carver_site` [ RunTime:0.000255s ]
[2021-06-23T07:08:49+08:00][sql] CONNECT:[ UseTime:0.000612s ] mysql:host=127.0.0.1;port=3306;dbname=carver;charset=utf8
[2021-06-23T07:08:49+08:00][sql] SHOW FULL COLUMNS FROM `carver_article` [ RunTime:0.000906s ]
[2021-06-23T07:08:49+08:00][sql] SELECT `article_id`,`article_title`,`article_desc`,`article_content`,`article_img`,`article_guide`,`article_label`,`click_num`,`is_show`,`add_time`,`article_author` FROM `carver_article` WHERE  `article_id` = 2 LIMIT 1 [ RunTime:0.000463s ]
[2021-06-23T07:08:49+08:00][sql] SELECT `article_id`,`article_title`,`article_desc`,`article_content`,`article_img`,`article_guide`,`article_label`,`click_num`,`is_show`,`add_time`,`article_author` FROM `carver_article` WHERE  `article_id` > 2 LIMIT 1 [ RunTime:0.000700s ]
[2021-06-23T07:08:49+08:00][sql] SELECT `article_id`,`article_title`,`article_desc`,`article_content`,`article_img`,`article_guide`,`article_label`,`click_num`,`is_show`,`add_time`,`article_author` FROM `carver_article` WHERE  `article_id` < 2 ORDER BY `article_id` DESC LIMIT 1 [ RunTime:0.000416s ]
[2021-06-23T07:08:49+08:00][sql] SHOW FULL COLUMNS FROM `carver_link` [ RunTime:0.000620s ]
[2021-06-23T07:08:49+08:00][sql] SELECT * FROM `carver_link` WHERE  ( is_confirm=2 ) LIMIT 20 [ RunTime:0.000329s ]
[2021-06-23T07:08:49+08:00][sql] SELECT article_id,article_title,click_num,FROM_UNIXTIME(add_time,'%Y-%m-%d') as add_time FROM `carver_article` ORDER BY `click_num` DESC LIMIT 3 [ RunTime:0.000390s ]
[2021-06-23T07:08:49+08:00][sql] SHOW FULL COLUMNS FROM `carver_comment` [ RunTime:0.000675s ]
[2021-06-23T07:08:49+08:00][sql] SELECT `a`.*,`b`.`user_name` FROM `carver_comment` `a` INNER JOIN `carver_user` `b` ON `a`.`user_id`=`b`.`user_id` WHERE  `article_id` = 2 ORDER BY `create_time` DESC [ RunTime:0.000474s ]
[2021-06-23T07:08:49+08:00][sql] SHOW FULL COLUMNS FROM `carver_comment_to_others` [ RunTime:0.000579s ]
[2021-06-23T07:08:49+08:00][sql] SELECT * FROM `carver_comment_to_others` [ RunTime:0.000238s ]
[2021-06-23T07:08:49+08:00][sql] SHOW FULL COLUMNS FROM `carver_user` [ RunTime:0.000643s ]
[2021-06-23T07:08:49+08:00][sql] SELECT `user_name` FROM `carver_user` WHERE  `user_id` = 4 LIMIT 1 [ RunTime:0.000290s ]
[2021-06-23T07:08:49+08:00][sql] SELECT `user_name` FROM `carver_user` WHERE  `user_id` = 4 LIMIT 1 [ RunTime:0.000217s ]
[2021-06-23T07:08:49+08:00][sql] SELECT `user_name` FROM `carver_user` WHERE  `user_id` = 5 LIMIT 1 [ RunTime:0.000226s ]
[2021-06-23T07:08:49+08:00][sql] SELECT `user_name` FROM `carver_user` WHERE  `user_id` = 5 LIMIT 1 [ RunTime:0.000256s ]
[2021-06-23T07:08:49+08:00][sql] SELECT `user_name` FROM `carver_user` WHERE  `user_id` = 37 LIMIT 1 [ RunTime:0.000252s ]
[2021-06-23T07:08:49+08:00][sql] SELECT `user_name`,`user_id` FROM `carver_user` [ RunTime:0.000240s ]
[2021-06-23T07:08:49+08:00][sql] SHOW FULL COLUMNS FROM `carver_navigation` [ RunTime:0.000620s ]
[2021-06-23T07:08:49+08:00][sql] SELECT * FROM `carver_navigation` [ RunTime:0.000238s ]
[2021-06-23T07:08:49+08:00][sql] SELECT `article_label` FROM `carver_article` [ RunTime:0.000297s ]
[2021-06-23T07:55:15+08:00][sql] CONNECT:[ UseTime:0.000737s ] mysql:host=127.0.0.1;port=3306;dbname=carver;charset=utf8
[2021-06-23T07:55:15+08:00][sql] SHOW FULL COLUMNS FROM `carver_article` [ RunTime:0.001370s ]
[2021-06-23T07:55:15+08:00][sql] SELECT `article_id`,`article_title`,`article_desc`,`article_content`,`article_img`,`article_guide`,`article_label`,`click_num`,`is_show`,`add_time`,`article_author` FROM `carver_article` WHERE  `article_id` = 17' LIMIT 1 [ RunTime:0.000595s ]
[2021-06-23T07:55:15+08:00][sql] SELECT `article_id`,`article_title`,`article_desc`,`article_content`,`article_img`,`article_guide`,`article_label`,`click_num`,`is_show`,`add_time`,`article_author` FROM `carver_article` WHERE  `article_id` > 17' LIMIT 1 [ RunTime:0.000419s ]
[2021-06-23T07:55:15+08:00][sql] SELECT `article_id`,`article_title`,`article_desc`,`article_content`,`article_img`,`article_guide`,`article_label`,`click_num`,`is_show`,`add_time`,`article_author` FROM `carver_article` WHERE  `article_id` < 17' ORDER BY `article_id` DESC LIMIT 1 [ RunTime:0.000415s ]
[2021-06-23T07:55:15+08:00][sql] SHOW FULL COLUMNS FROM `carver_link` [ RunTime:0.000625s ]
[2021-06-23T07:55:15+08:00][sql] SELECT * FROM `carver_link` WHERE  ( is_confirm=2 ) LIMIT 20 [ RunTime:0.000348s ]
[2021-06-23T07:55:15+08:00][sql] SELECT article_id,article_title,click_num,FROM_UNIXTIME(add_time,'%Y-%m-%d') as add_time FROM `carver_article` ORDER BY `click_num` DESC LIMIT 3 [ RunTime:0.001429s ]
[2021-06-23T07:55:15+08:00][sql] SHOW FULL COLUMNS FROM `carver_comment` [ RunTime:0.000662s ]
[2021-06-23T07:55:15+08:00][sql] SELECT `a`.*,`b`.`user_name` FROM `carver_comment` `a` INNER JOIN `carver_user` `b` ON `a`.`user_id`=`b`.`user_id` WHERE  `article_id` = 17' ORDER BY `create_time` DESC [ RunTime:0.000364s ]
[2021-06-23T07:55:15+08:00][sql] SHOW FULL COLUMNS FROM `carver_comment_to_others` [ RunTime:0.000615s ]
[2021-06-23T07:55:15+08:00][sql] SELECT * FROM `carver_comment_to_others` [ RunTime:0.000233s ]
[2021-06-23T07:55:15+08:00][sql] SHOW FULL COLUMNS FROM `carver_user` [ RunTime:0.000552s ]
[2021-06-23T07:55:15+08:00][sql] SELECT `user_name` FROM `carver_user` WHERE  `user_id` = 4 LIMIT 1 [ RunTime:0.000251s ]
[2021-06-23T07:55:15+08:00][sql] SELECT `user_name` FROM `carver_user` WHERE  `user_id` = 4 LIMIT 1 [ RunTime:0.000247s ]
[2021-06-23T07:55:15+08:00][sql] SELECT `user_name` FROM `carver_user` WHERE  `user_id` = 5 LIMIT 1 [ RunTime:0.000218s ]
[2021-06-23T07:55:15+08:00][sql] SELECT `user_name` FROM `carver_user` WHERE  `user_id` = 5 LIMIT 1 [ RunTime:0.000215s ]
[2021-06-23T07:55:15+08:00][sql] SELECT `user_name` FROM `carver_user` WHERE  `user_id` = 37 LIMIT 1 [ RunTime:0.000220s ]
[2021-06-23T07:55:15+08:00][sql] SELECT `user_name`,`user_id` FROM `carver_user` [ RunTime:0.000316s ]
[2021-06-23T07:55:15+08:00][sql] SHOW FULL COLUMNS FROM `carver_navigation` [ RunTime:0.000628s ]
[2021-06-23T07:55:15+08:00][sql] SELECT * FROM `carver_navigation` [ RunTime:0.000320s ]
[2021-06-23T07:55:15+08:00][sql] SELECT `article_label` FROM `carver_article` [ RunTime:0.000290s ]
[2021-06-23T08:04:03+08:00][sql] CONNECT:[ UseTime:0.001480s ] mysql:host=127.0.0.1;port=3306;dbname=carver;charset=utf8
[2021-06-23T08:04:03+08:00][sql] SHOW FULL COLUMNS FROM `carver_user` [ RunTime:0.000885s ]
[2021-06-23T08:04:03+08:00][sql] SHOW FULL COLUMNS FROM `carver_article` [ RunTime:0.011093s ]
[2021-06-23T08:04:03+08:00][sql] SELECT COUNT(*) AS think_count FROM `carver_article` WHERE  `delete_time` = 0  AND `is_show` = 1 [ RunTime:0.000455s ]
[2021-06-23T08:04:03+08:00][sql] SELECT `article_id`,`article_title`,`article_desc`,`article_content`,`article_img`,`article_guide`,`article_label`,`click_num`,`is_show`,`add_time`,`article_author`,`is_top_show` FROM `carver_article` WHERE  `delete_time` = 0  AND `is_show` = 1 ORDER BY `article_id` DESC LIMIT 18,6 [ RunTime:0.001796s ]
[2021-06-23T08:04:03+08:00][sql] SELECT article_id,article_title,click_num,FROM_UNIXTIME(add_time,'%Y-%m-%d') as add_time FROM `carver_article` WHERE  `is_show` = 1  AND `delete_time` = 0 ORDER BY `click_num` DESC LIMIT 3 [ RunTime:0.000804s ]
[2021-06-23T08:04:03+08:00][sql] SHOW FULL COLUMNS FROM `carver_notice` [ RunTime:0.000646s ]
[2021-06-23T08:04:03+08:00][sql] SELECT * FROM `carver_notice` ORDER BY `create_time` DESC LIMIT 3 [ RunTime:0.000288s ]
[2021-06-23T08:04:03+08:00][sql] SHOW FULL COLUMNS FROM `carver_navigation` [ RunTime:0.000616s ]
[2021-06-23T08:04:03+08:00][sql] SELECT * FROM `carver_navigation` [ RunTime:0.000264s ]
[2021-06-23T08:04:03+08:00][sql] SHOW FULL COLUMNS FROM `carver_link` [ RunTime:0.000510s ]
[2021-06-23T08:04:03+08:00][sql] SELECT * FROM `carver_link` WHERE  ( is_confirm=2 ) LIMIT 20 [ RunTime:0.000288s ]
[2021-06-23T08:04:03+08:00][sql] SELECT `article_label` FROM `carver_article` [ RunTime:0.000310s ]
[2021-06-23T08:04:03+08:00][sql] SHOW FULL COLUMNS FROM `carver_carouse` [ RunTime:0.000489s ]
[2021-06-23T08:04:03+08:00][sql] SELECT `carouse_img`,`carouse_desc` FROM `carver_carouse` WHERE  `is_show` = 1 ORDER BY `carouse_sort` DESC LIMIT 3 [ RunTime:0.000291s ]
[2021-06-23T08:04:03+08:00][sql] SHOW FULL COLUMNS FROM `carver_site` [ RunTime:0.000562s ]
[2021-06-23T08:04:03+08:00][sql] SELECT * FROM `carver_site` [ RunTime:0.000244s ]
[2021-06-23T08:38:52+08:00][sql] CONNECT:[ UseTime:0.000527s ] mysql:host=127.0.0.1;port=3306;dbname=carver;charset=utf8
[2021-06-23T08:38:52+08:00][sql] SHOW FULL COLUMNS FROM `carver_user` [ RunTime:0.000904s ]
[2021-06-23T08:38:52+08:00][sql] SHOW FULL COLUMNS FROM `carver_article` [ RunTime:0.000731s ]
[2021-06-23T08:38:52+08:00][sql] SELECT COUNT(*) AS think_count FROM `carver_article` WHERE  `delete_time` = 0  AND `is_show` = 1 [ RunTime:0.000406s ]
[2021-06-23T08:38:52+08:00][sql] SELECT `article_id`,`article_title`,`article_desc`,`article_content`,`article_img`,`article_guide`,`article_label`,`click_num`,`is_show`,`add_time`,`article_author`,`is_top_show` FROM `carver_article` WHERE  `delete_time` = 0  AND `is_show` = 1 ORDER BY `article_id` DESC LIMIT 0,6 [ RunTime:0.000808s ]
[2021-06-23T08:38:52+08:00][sql] SELECT article_id,article_title,click_num,FROM_UNIXTIME(add_time,'%Y-%m-%d') as add_time FROM `carver_article` WHERE  `is_show` = 1  AND `delete_time` = 0 ORDER BY `click_num` DESC LIMIT 3 [ RunTime:0.000573s ]
[2021-06-23T08:38:52+08:00][sql] SHOW FULL COLUMNS FROM `carver_notice` [ RunTime:0.000623s ]
[2021-06-23T08:38:52+08:00][sql] SELECT * FROM `carver_notice` ORDER BY `create_time` DESC LIMIT 3 [ RunTime:0.000305s ]
[2021-06-23T08:38:52+08:00][sql] SHOW FULL COLUMNS FROM `carver_navigation` [ RunTime:0.000620s ]
[2021-06-23T08:38:52+08:00][sql] SELECT * FROM `carver_navigation` [ RunTime:0.000266s ]
[2021-06-23T08:38:52+08:00][sql] SHOW FULL COLUMNS FROM `carver_link` [ RunTime:0.000557s ]
[2021-06-23T08:38:52+08:00][sql] SELECT * FROM `carver_link` WHERE  ( is_confirm=2 ) LIMIT 20 [ RunTime:0.000308s ]
[2021-06-23T08:38:52+08:00][sql] SELECT `article_label` FROM `carver_article` [ RunTime:0.000347s ]
[2021-06-23T08:38:52+08:00][sql] SHOW FULL COLUMNS FROM `carver_carouse` [ RunTime:0.000520s ]
[2021-06-23T08:38:52+08:00][sql] SELECT `carouse_img`,`carouse_desc` FROM `carver_carouse` WHERE  `is_show` = 1 ORDER BY `carouse_sort` DESC LIMIT 3 [ RunTime:0.000312s ]
[2021-06-23T08:38:52+08:00][sql] SHOW FULL COLUMNS FROM `carver_site` [ RunTime:0.000530s ]
[2021-06-23T08:38:52+08:00][sql] SELECT * FROM `carver_site` [ RunTime:0.000273s ]
[2021-06-23T08:41:20+08:00][sql] CONNECT:[ UseTime:0.000545s ] mysql:host=127.0.0.1;port=3306;dbname=carver;charset=utf8
[2021-06-23T08:41:20+08:00][sql] SHOW FULL COLUMNS FROM `carver_user` [ RunTime:0.000883s ]
[2021-06-23T08:41:20+08:00][sql] SHOW FULL COLUMNS FROM `carver_article` [ RunTime:0.000703s ]
[2021-06-23T08:41:20+08:00][sql] SELECT COUNT(*) AS think_count FROM `carver_article` WHERE  `delete_time` = 0  AND `is_show` = 1 [ RunTime:0.000523s ]
[2021-06-23T08:41:20+08:00][sql] SELECT `article_id`,`article_title`,`article_desc`,`article_content`,`article_img`,`article_guide`,`article_label`,`click_num`,`is_show`,`add_time`,`article_author`,`is_top_show` FROM `carver_article` WHERE  `delete_time` = 0  AND `is_show` = 1 ORDER BY `article_id` DESC LIMIT 0,6 [ RunTime:0.000812s ]
[2021-06-23T08:41:20+08:00][sql] SELECT article_id,article_title,click_num,FROM_UNIXTIME(add_time,'%Y-%m-%d') as add_time FROM `carver_article` WHERE  `is_show` = 1  AND `delete_time` = 0 ORDER BY `click_num` DESC LIMIT 3 [ RunTime:0.000550s ]
[2021-06-23T08:41:20+08:00][sql] SHOW FULL COLUMNS FROM `carver_notice` [ RunTime:0.000517s ]
[2021-06-23T08:41:20+08:00][sql] SELECT * FROM `carver_notice` ORDER BY `create_time` DESC LIMIT 3 [ RunTime:0.000307s ]
[2021-06-23T08:41:20+08:00][sql] SHOW FULL COLUMNS FROM `carver_navigation` [ RunTime:0.000545s ]
[2021-06-23T08:41:20+08:00][sql] SELECT * FROM `carver_navigation` [ RunTime:0.000233s ]
[2021-06-23T08:41:20+08:00][sql] SHOW FULL COLUMNS FROM `carver_link` [ RunTime:0.000527s ]
[2021-06-23T08:41:20+08:00][sql] SELECT * FROM `carver_link` WHERE  ( is_confirm=2 ) LIMIT 20 [ RunTime:0.000319s ]
[2021-06-23T08:41:20+08:00][sql] SELECT `article_label` FROM `carver_article` [ RunTime:0.000287s ]
[2021-06-23T08:41:20+08:00][sql] SHOW FULL COLUMNS FROM `carver_carouse` [ RunTime:0.000492s ]
[2021-06-23T08:41:20+08:00][sql] SELECT `carouse_img`,`carouse_desc` FROM `carver_carouse` WHERE  `is_show` = 1 ORDER BY `carouse_sort` DESC LIMIT 3 [ RunTime:0.000292s ]
[2021-06-23T08:41:20+08:00][sql] SHOW FULL COLUMNS FROM `carver_site` [ RunTime:0.000509s ]
[2021-06-23T08:41:20+08:00][sql] SELECT * FROM `carver_site` [ RunTime:0.000246s ]
[2021-06-23T09:32:56+08:00][sql] CONNECT:[ UseTime:0.000819s ] mysql:host=127.0.0.1;port=3306;dbname=carver;charset=utf8
[2021-06-23T09:32:56+08:00][sql] SHOW FULL COLUMNS FROM `carver_article` [ RunTime:0.001135s ]
[2021-06-23T09:32:56+08:00][sql] SELECT COUNT(*) AS think_count FROM `carver_article` WHERE  `article_label` LIKE '%php%'  AND `delete_time` = 0  AND `is_show` = 1 [ RunTime:0.000505s ]
[2021-06-23T09:32:56+08:00][sql] SELECT * FROM `carver_article` WHERE  `article_label` LIKE '%php%'  AND `delete_time` = 0  AND `is_show` = 1 LIMIT 0,6 [ RunTime:0.001390s ]
[2021-06-23T09:32:56+08:00][sql] SELECT article_id,article_title,click_num,FROM_UNIXTIME(add_time,'%Y-%m-%d') as add_time FROM `carver_article` WHERE  `is_show` = 1  AND `delete_time` = 0 ORDER BY `click_num` DESC LIMIT 3 [ RunTime:0.000503s ]
[2021-06-23T09:32:56+08:00][sql] SHOW FULL COLUMNS FROM `carver_notice` [ RunTime:0.000634s ]
[2021-06-23T09:32:56+08:00][sql] SELECT * FROM `carver_notice` ORDER BY `create_time` DESC LIMIT 3 [ RunTime:0.000385s ]
[2021-06-23T09:32:56+08:00][sql] SHOW FULL COLUMNS FROM `carver_navigation` [ RunTime:0.000582s ]
[2021-06-23T09:32:56+08:00][sql] SELECT * FROM `carver_navigation` [ RunTime:0.000298s ]
[2021-06-23T09:32:56+08:00][sql] SHOW FULL COLUMNS FROM `carver_link` [ RunTime:0.000655s ]
[2021-06-23T09:32:56+08:00][sql] SELECT * FROM `carver_link` WHERE  ( is_confirm=2 ) LIMIT 20 [ RunTime:0.000333s ]
[2021-06-23T09:32:56+08:00][sql] SELECT `article_label` FROM `carver_article` [ RunTime:0.000347s ]
[2021-06-23T09:32:56+08:00][sql] SHOW FULL COLUMNS FROM `carver_carouse` [ RunTime:0.000928s ]
[2021-06-23T09:32:56+08:00][sql] SELECT `carouse_img`,`carouse_desc` FROM `carver_carouse` WHERE  `is_show` = 1 ORDER BY `carouse_sort` DESC LIMIT 3 [ RunTime:0.000367s ]
[2021-06-23T09:32:56+08:00][sql] SHOW FULL COLUMNS FROM `carver_site` [ RunTime:0.000646s ]
[2021-06-23T09:32:56+08:00][sql] SELECT * FROM `carver_site` [ RunTime:0.000295s ]
[2021-06-23T09:40:58+08:00][sql] CONNECT:[ UseTime:0.000761s ] mysql:host=127.0.0.1;port=3306;dbname=carver;charset=utf8
[2021-06-23T09:40:58+08:00][sql] SHOW FULL COLUMNS FROM `carver_user` [ RunTime:0.000878s ]
[2021-06-23T09:40:58+08:00][sql] SHOW FULL COLUMNS FROM `carver_article` [ RunTime:0.000808s ]
[2021-06-23T09:40:58+08:00][sql] SELECT COUNT(*) AS think_count FROM `carver_article` WHERE  `delete_time` = 0  AND `is_show` = 1 [ RunTime:0.000429s ]
[2021-06-23T09:40:58+08:00][sql] SELECT `article_id`,`article_title`,`article_desc`,`article_content`,`article_img`,`article_guide`,`article_label`,`click_num`,`is_show`,`add_time`,`article_author`,`is_top_show` FROM `carver_article` WHERE  `delete_time` = 0  AND `is_show` = 1 ORDER BY `article_id` DESC LIMIT 0,6 [ RunTime:0.000825s ]
[2021-06-23T09:40:58+08:00][sql] SELECT article_id,article_title,click_num,FROM_UNIXTIME(add_time,'%Y-%m-%d') as add_time FROM `carver_article` WHERE  `is_show` = 1  AND `delete_time` = 0 ORDER BY `click_num` DESC LIMIT 3 [ RunTime:0.000518s ]
[2021-06-23T09:40:58+08:00][sql] SHOW FULL COLUMNS FROM `carver_notice` [ RunTime:0.000667s ]
[2021-06-23T09:40:58+08:00][sql] SELECT * FROM `carver_notice` ORDER BY `create_time` DESC LIMIT 3 [ RunTime:0.000363s ]
[2021-06-23T09:40:58+08:00][sql] SHOW FULL COLUMNS FROM `carver_navigation` [ RunTime:0.000610s ]
[2021-06-23T09:40:58+08:00][sql] SELECT * FROM `carver_navigation` [ RunTime:0.000241s ]
[2021-06-23T09:40:58+08:00][sql] SHOW FULL COLUMNS FROM `carver_link` [ RunTime:0.000515s ]
[2021-06-23T09:40:58+08:00][sql] SELECT * FROM `carver_link` WHERE  ( is_confirm=2 ) LIMIT 20 [ RunTime:0.000319s ]
[2021-06-23T09:40:58+08:00][sql] SELECT `article_label` FROM `carver_article` [ RunTime:0.000344s ]
[2021-06-23T09:40:58+08:00][sql] SHOW FULL COLUMNS FROM `carver_carouse` [ RunTime:0.000521s ]
[2021-06-23T09:40:58+08:00][sql] SELECT `carouse_img`,`carouse_desc` FROM `carver_carouse` WHERE  `is_show` = 1 ORDER BY `carouse_sort` DESC LIMIT 3 [ RunTime:0.000372s ]
[2021-06-23T09:40:58+08:00][sql] SHOW FULL COLUMNS FROM `carver_site` [ RunTime:0.000535s ]
[2021-06-23T09:40:58+08:00][sql] SELECT * FROM `carver_site` [ RunTime:0.000262s ]
[2021-06-23T10:18:16+08:00][sql] CONNECT:[ UseTime:0.000499s ] mysql:host=127.0.0.1;port=3306;dbname=carver;charset=utf8
[2021-06-23T10:18:16+08:00][sql] SHOW FULL COLUMNS FROM `carver_article` [ RunTime:0.000948s ]
[2021-06-23T10:18:16+08:00][sql] SELECT `article_id`,`article_title`,`article_desc`,`article_content`,`article_img`,`article_guide`,`article_label`,`click_num`,`is_show`,`add_time`,`article_author` FROM `carver_article` WHERE  `article_id` = 17' LIMIT 1 [ RunTime:0.000651s ]
[2021-06-23T10:18:16+08:00][sql] SELECT `article_id`,`article_title`,`article_desc`,`article_content`,`article_img`,`article_guide`,`article_label`,`click_num`,`is_show`,`add_time`,`article_author` FROM `carver_article` WHERE  `article_id` > 17' LIMIT 1 [ RunTime:0.000542s ]
[2021-06-23T10:18:16+08:00][sql] SELECT `article_id`,`article_title`,`article_desc`,`article_content`,`article_img`,`article_guide`,`article_label`,`click_num`,`is_show`,`add_time`,`article_author` FROM `carver_article` WHERE  `article_id` < 17' ORDER BY `article_id` DESC LIMIT 1 [ RunTime:0.000376s ]
[2021-06-23T10:18:16+08:00][sql] SHOW FULL COLUMNS FROM `carver_link` [ RunTime:0.000561s ]
[2021-06-23T10:18:16+08:00][sql] SELECT * FROM `carver_link` WHERE  ( is_confirm=2 ) LIMIT 20 [ RunTime:0.000342s ]
[2021-06-23T10:18:16+08:00][sql] SELECT article_id,article_title,click_num,FROM_UNIXTIME(add_time,'%Y-%m-%d') as add_time FROM `carver_article` ORDER BY `click_num` DESC LIMIT 3 [ RunTime:0.000446s ]
[2021-06-23T10:18:16+08:00][sql] SHOW FULL COLUMNS FROM `carver_comment` [ RunTime:0.001051s ]
[2021-06-23T10:18:16+08:00][sql] SELECT `a`.*,`b`.`user_name` FROM `carver_comment` `a` INNER JOIN `carver_user` `b` ON `a`.`user_id`=`b`.`user_id` WHERE  `article_id` = 17' ORDER BY `create_time` DESC [ RunTime:0.000392s ]
[2021-06-23T10:18:16+08:00][sql] SHOW FULL COLUMNS FROM `carver_comment_to_others` [ RunTime:0.000602s ]
[2021-06-23T10:18:16+08:00][sql] SELECT * FROM `carver_comment_to_others` [ RunTime:0.000254s ]
[2021-06-23T10:18:16+08:00][sql] SHOW FULL COLUMNS FROM `carver_user` [ RunTime:0.000478s ]
[2021-06-23T10:18:16+08:00][sql] SELECT `user_name` FROM `carver_user` WHERE  `user_id` = 4 LIMIT 1 [ RunTime:0.000263s ]
[2021-06-23T10:18:16+08:00][sql] SELECT `user_name` FROM `carver_user` WHERE  `user_id` = 4 LIMIT 1 [ RunTime:0.000212s ]
[2021-06-23T10:18:16+08:00][sql] SELECT `user_name` FROM `carver_user` WHERE  `user_id` = 5 LIMIT 1 [ RunTime:0.000282s ]
[2021-06-23T10:18:16+08:00][sql] SELECT `user_name` FROM `carver_user` WHERE  `user_id` = 5 LIMIT 1 [ RunTime:0.000232s ]
[2021-06-23T10:18:16+08:00][sql] SELECT `user_name` FROM `carver_user` WHERE  `user_id` = 37 LIMIT 1 [ RunTime:0.000217s ]
[2021-06-23T10:18:16+08:00][sql] SELECT `user_name`,`user_id` FROM `carver_user` [ RunTime:0.000237s ]
[2021-06-23T10:18:16+08:00][sql] SHOW FULL COLUMNS FROM `carver_navigation` [ RunTime:0.000574s ]
[2021-06-23T10:18:16+08:00][sql] SELECT * FROM `carver_navigation` [ RunTime:0.000236s ]
[2021-06-23T10:18:16+08:00][sql] SELECT `article_label` FROM `carver_article` [ RunTime:0.000270s ]
[2021-06-23T10:59:21+08:00][sql] CONNECT:[ UseTime:0.000514s ] mysql:host=127.0.0.1;port=3306;dbname=carver;charset=utf8
[2021-06-23T10:59:21+08:00][sql] SHOW FULL COLUMNS FROM `carver_article` [ RunTime:0.000952s ]
[2021-06-23T10:59:21+08:00][sql] SELECT `article_id`,`article_title`,`article_desc`,`article_content`,`article_img`,`article_guide`,`article_label`,`click_num`,`is_show`,`add_time`,`article_author` FROM `carver_article` WHERE  `article_id` = 23' LIMIT 1 [ RunTime:0.000483s ]
[2021-06-23T10:59:21+08:00][sql] SELECT `article_id`,`article_title`,`article_desc`,`article_content`,`article_img`,`article_guide`,`article_label`,`click_num`,`is_show`,`add_time`,`article_author` FROM `carver_article` WHERE  `article_id` > 23' LIMIT 1 [ RunTime:0.000497s ]
[2021-06-23T10:59:21+08:00][sql] SELECT `article_id`,`article_title`,`article_desc`,`article_content`,`article_img`,`article_guide`,`article_label`,`click_num`,`is_show`,`add_time`,`article_author` FROM `carver_article` WHERE  `article_id` < 23' ORDER BY `article_id` DESC LIMIT 1 [ RunTime:0.000457s ]
[2021-06-23T10:59:21+08:00][sql] SHOW FULL COLUMNS FROM `carver_link` [ RunTime:0.000629s ]
[2021-06-23T10:59:21+08:00][sql] SELECT * FROM `carver_link` WHERE  ( is_confirm=2 ) LIMIT 20 [ RunTime:0.000323s ]
[2021-06-23T10:59:21+08:00][sql] SELECT article_id,article_title,click_num,FROM_UNIXTIME(add_time,'%Y-%m-%d') as add_time FROM `carver_article` ORDER BY `click_num` DESC LIMIT 3 [ RunTime:0.000461s ]
[2021-06-23T10:59:21+08:00][sql] SHOW FULL COLUMNS FROM `carver_comment` [ RunTime:0.000578s ]
[2021-06-23T10:59:21+08:00][sql] SELECT `a`.*,`b`.`user_name` FROM `carver_comment` `a` INNER JOIN `carver_user` `b` ON `a`.`user_id`=`b`.`user_id` WHERE  `article_id` = 23' ORDER BY `create_time` DESC [ RunTime:0.000400s ]
[2021-06-23T10:59:21+08:00][sql] SHOW FULL COLUMNS FROM `carver_comment_to_others` [ RunTime:0.000556s ]
[2021-06-23T10:59:21+08:00][sql] SELECT * FROM `carver_comment_to_others` [ RunTime:0.000248s ]
[2021-06-23T10:59:21+08:00][sql] SHOW FULL COLUMNS FROM `carver_user` [ RunTime:0.000501s ]
[2021-06-23T10:59:21+08:00][sql] SELECT `user_name` FROM `carver_user` WHERE  `user_id` = 4 LIMIT 1 [ RunTime:0.000232s ]
[2021-06-23T10:59:21+08:00][sql] SELECT `user_name` FROM `carver_user` WHERE  `user_id` = 4 LIMIT 1 [ RunTime:0.000239s ]
[2021-06-23T10:59:21+08:00][sql] SELECT `user_name` FROM `carver_user` WHERE  `user_id` = 5 LIMIT 1 [ RunTime:0.000228s ]
[2021-06-23T10:59:21+08:00][sql] SELECT `user_name` FROM `carver_user` WHERE  `user_id` = 5 LIMIT 1 [ RunTime:0.000219s ]
[2021-06-23T10:59:21+08:00][sql] SELECT `user_name` FROM `carver_user` WHERE  `user_id` = 37 LIMIT 1 [ RunTime:0.000276s ]
[2021-06-23T10:59:21+08:00][sql] SELECT `user_name`,`user_id` FROM `carver_user` [ RunTime:0.000250s ]
[2021-06-23T10:59:21+08:00][sql] SHOW FULL COLUMNS FROM `carver_navigation` [ RunTime:0.000531s ]
[2021-06-23T10:59:21+08:00][sql] SELECT * FROM `carver_navigation` [ RunTime:0.000271s ]
[2021-06-23T10:59:21+08:00][sql] SELECT `article_label` FROM `carver_article` [ RunTime:0.000258s ]
[2021-06-23T11:19:25+08:00][sql] CONNECT:[ UseTime:0.000579s ] mysql:host=127.0.0.1;port=3306;dbname=carver;charset=utf8
[2021-06-23T11:19:25+08:00][sql] SHOW FULL COLUMNS FROM `carver_user` [ RunTime:0.000781s ]
[2021-06-23T11:19:25+08:00][sql] SHOW FULL COLUMNS FROM `carver_article` [ RunTime:0.000667s ]
[2021-06-23T11:19:25+08:00][sql] SELECT COUNT(*) AS think_count FROM `carver_article` WHERE  `delete_time` = 0  AND `is_show` = 1 [ RunTime:0.000379s ]
[2021-06-23T11:19:25+08:00][sql] SELECT `article_id`,`article_title`,`article_desc`,`article_content`,`article_img`,`article_guide`,`article_label`,`click_num`,`is_show`,`add_time`,`article_author`,`is_top_show` FROM `carver_article` WHERE  `delete_time` = 0  AND `is_show` = 1 ORDER BY `article_id` DESC LIMIT 0,6 [ RunTime:0.000742s ]
[2021-06-23T11:19:25+08:00][sql] SELECT article_id,article_title,click_num,FROM_UNIXTIME(add_time,'%Y-%m-%d') as add_time FROM `carver_article` WHERE  `is_show` = 1  AND `delete_time` = 0 ORDER BY `click_num` DESC LIMIT 3 [ RunTime:0.000402s ]
[2021-06-23T11:19:25+08:00][sql] SHOW FULL COLUMNS FROM `carver_notice` [ RunTime:0.000546s ]
[2021-06-23T11:19:25+08:00][sql] SELECT * FROM `carver_notice` ORDER BY `create_time` DESC LIMIT 3 [ RunTime:0.000261s ]
[2021-06-23T11:19:25+08:00][sql] SHOW FULL COLUMNS FROM `carver_navigation` [ RunTime:0.000537s ]
[2021-06-23T11:19:25+08:00][sql] SELECT * FROM `carver_navigation` [ RunTime:0.000247s ]
[2021-06-23T11:19:25+08:00][sql] SHOW FULL COLUMNS FROM `carver_link` [ RunTime:0.000513s ]
[2021-06-23T11:19:25+08:00][sql] SELECT * FROM `carver_link` WHERE  ( is_confirm=2 ) LIMIT 20 [ RunTime:0.000272s ]
[2021-06-23T11:19:25+08:00][sql] SELECT `article_label` FROM `carver_article` [ RunTime:0.000273s ]
[2021-06-23T11:19:25+08:00][sql] SHOW FULL COLUMNS FROM `carver_carouse` [ RunTime:0.000480s ]
[2021-06-23T11:19:25+08:00][sql] SELECT `carouse_img`,`carouse_desc` FROM `carver_carouse` WHERE  `is_show` = 1 ORDER BY `carouse_sort` DESC LIMIT 3 [ RunTime:0.000281s ]
[2021-06-23T11:19:25+08:00][sql] SHOW FULL COLUMNS FROM `carver_site` [ RunTime:0.000547s ]
[2021-06-23T11:19:25+08:00][sql] SELECT * FROM `carver_site` [ RunTime:0.000233s ]
[2021-06-23T12:08:04+08:00][sql] CONNECT:[ UseTime:0.000751s ] mysql:host=127.0.0.1;port=3306;dbname=carver;charset=utf8
[2021-06-23T12:08:04+08:00][sql] SHOW FULL COLUMNS FROM `carver_user` [ RunTime:0.000887s ]
[2021-06-23T12:08:04+08:00][sql] SHOW FULL COLUMNS FROM `carver_article` [ RunTime:0.000710s ]
[2021-06-23T12:08:04+08:00][sql] SELECT COUNT(*) AS think_count FROM `carver_article` WHERE  `delete_time` = 0  AND `is_show` = 1 [ RunTime:0.000380s ]
[2021-06-23T12:08:04+08:00][sql] SELECT `article_id`,`article_title`,`article_desc`,`article_content`,`article_img`,`article_guide`,`article_label`,`click_num`,`is_show`,`add_time`,`article_author`,`is_top_show` FROM `carver_article` WHERE  `delete_time` = 0  AND `is_show` = 1 ORDER BY `article_id` DESC LIMIT 0,6 [ RunTime:0.000766s ]
[2021-06-23T12:08:04+08:00][sql] SELECT article_id,article_title,click_num,FROM_UNIXTIME(add_time,'%Y-%m-%d') as add_time FROM `carver_article` WHERE  `is_show` = 1  AND `delete_time` = 0 ORDER BY `click_num` DESC LIMIT 3 [ RunTime:0.000459s ]
[2021-06-23T12:08:04+08:00][sql] SHOW FULL COLUMNS FROM `carver_notice` [ RunTime:0.000571s ]
[2021-06-23T12:08:04+08:00][sql] SELECT * FROM `carver_notice` ORDER BY `create_time` DESC LIMIT 3 [ RunTime:0.000291s ]
[2021-06-23T12:08:04+08:00][sql] SHOW FULL COLUMNS FROM `carver_navigation` [ RunTime:0.000561s ]
[2021-06-23T12:08:04+08:00][sql] SELECT * FROM `carver_navigation` [ RunTime:0.000302s ]
[2021-06-23T12:08:04+08:00][sql] SHOW FULL COLUMNS FROM `carver_link` [ RunTime:0.000544s ]
[2021-06-23T12:08:04+08:00][sql] SELECT * FROM `carver_link` WHERE  ( is_confirm=2 ) LIMIT 20 [ RunTime:0.000363s ]
[2021-06-23T12:08:04+08:00][sql] SELECT `article_label` FROM `carver_article` [ RunTime:0.000287s ]
[2021-06-23T12:08:04+08:00][sql] SHOW FULL COLUMNS FROM `carver_carouse` [ RunTime:0.000605s ]
[2021-06-23T12:08:04+08:00][sql] SELECT `carouse_img`,`carouse_desc` FROM `carver_carouse` WHERE  `is_show` = 1 ORDER BY `carouse_sort` DESC LIMIT 3 [ RunTime:0.000287s ]
[2021-06-23T12:08:04+08:00][sql] SHOW FULL COLUMNS FROM `carver_site` [ RunTime:0.000606s ]
[2021-06-23T12:08:04+08:00][sql] SELECT * FROM `carver_site` [ RunTime:0.000262s ]
[2021-06-23T12:34:54+08:00][sql] CONNECT:[ UseTime:0.000535s ] mysql:host=127.0.0.1;port=3306;dbname=carver;charset=utf8
[2021-06-23T12:34:54+08:00][sql] SHOW FULL COLUMNS FROM `carver_user` [ RunTime:0.000912s ]
[2021-06-23T12:34:54+08:00][sql] SHOW FULL COLUMNS FROM `carver_article` [ RunTime:0.000733s ]
[2021-06-23T12:34:54+08:00][sql] SELECT COUNT(*) AS think_count FROM `carver_article` WHERE  `delete_time` = 0  AND `is_show` = 1 [ RunTime:0.000395s ]
[2021-06-23T12:34:54+08:00][sql] SELECT `article_id`,`article_title`,`article_desc`,`article_content`,`article_img`,`article_guide`,`article_label`,`click_num`,`is_show`,`add_time`,`article_author`,`is_top_show` FROM `carver_article` WHERE  `delete_time` = 0  AND `is_show` = 1 ORDER BY `article_id` DESC LIMIT 0,6 [ RunTime:0.000817s ]
[2021-06-23T12:34:54+08:00][sql] SELECT article_id,article_title,click_num,FROM_UNIXTIME(add_time,'%Y-%m-%d') as add_time FROM `carver_article` WHERE  `is_show` = 1  AND `delete_time` = 0 ORDER BY `click_num` DESC LIMIT 3 [ RunTime:0.000587s ]
[2021-06-23T12:34:54+08:00][sql] SHOW FULL COLUMNS FROM `carver_notice` [ RunTime:0.000567s ]
[2021-06-23T12:34:54+08:00][sql] SELECT * FROM `carver_notice` ORDER BY `create_time` DESC LIMIT 3 [ RunTime:0.000282s ]
[2021-06-23T12:34:54+08:00][sql] SHOW FULL COLUMNS FROM `carver_navigation` [ RunTime:0.000549s ]
[2021-06-23T12:34:54+08:00][sql] SELECT * FROM `carver_navigation` [ RunTime:0.000250s ]
[2021-06-23T12:34:54+08:00][sql] SHOW FULL COLUMNS FROM `carver_link` [ RunTime:0.000529s ]
[2021-06-23T12:34:54+08:00][sql] SELECT * FROM `carver_link` WHERE  ( is_confirm=2 ) LIMIT 20 [ RunTime:0.000298s ]
[2021-06-23T12:34:54+08:00][sql] SELECT `article_label` FROM `carver_article` [ RunTime:0.000298s ]
[2021-06-23T12:34:54+08:00][sql] SHOW FULL COLUMNS FROM `carver_carouse` [ RunTime:0.000542s ]
[2021-06-23T12:34:54+08:00][sql] SELECT `carouse_img`,`carouse_desc` FROM `carver_carouse` WHERE  `is_show` = 1 ORDER BY `carouse_sort` DESC LIMIT 3 [ RunTime:0.000307s ]
[2021-06-23T12:34:54+08:00][sql] SHOW FULL COLUMNS FROM `carver_site` [ RunTime:0.000495s ]
[2021-06-23T12:34:54+08:00][sql] SELECT * FROM `carver_site` [ RunTime:0.000228s ]
[2021-06-23T14:51:11+08:00][sql] CONNECT:[ UseTime:0.000580s ] mysql:host=127.0.0.1;port=3306;dbname=carver;charset=utf8
[2021-06-23T14:51:11+08:00][sql] SHOW FULL COLUMNS FROM `carver_article` [ RunTime:0.000877s ]
[2021-06-23T14:51:11+08:00][sql] SELECT `article_id`,`article_title`,`article_desc`,`article_content`,`article_img`,`article_guide`,`article_label`,`click_num`,`is_show`,`add_time`,`article_author` FROM `carver_article` WHERE  `article_id` = 13 LIMIT 1 [ RunTime:0.000443s ]
[2021-06-23T14:51:11+08:00][sql] SELECT `article_id`,`article_title`,`article_desc`,`article_content`,`article_img`,`article_guide`,`article_label`,`click_num`,`is_show`,`add_time`,`article_author` FROM `carver_article` WHERE  `article_id` > 13 LIMIT 1 [ RunTime:0.000424s ]
[2021-06-23T14:51:11+08:00][sql] SELECT `article_id`,`article_title`,`article_desc`,`article_content`,`article_img`,`article_guide`,`article_label`,`click_num`,`is_show`,`add_time`,`article_author` FROM `carver_article` WHERE  `article_id` < 13 ORDER BY `article_id` DESC LIMIT 1 [ RunTime:0.000359s ]
[2021-06-23T14:51:11+08:00][sql] SHOW FULL COLUMNS FROM `carver_link` [ RunTime:0.000599s ]
[2021-06-23T14:51:11+08:00][sql] SELECT * FROM `carver_link` WHERE  ( is_confirm=2 ) LIMIT 20 [ RunTime:0.000318s ]
[2021-06-23T14:51:11+08:00][sql] SELECT article_id,article_title,click_num,FROM_UNIXTIME(add_time,'%Y-%m-%d') as add_time FROM `carver_article` ORDER BY `click_num` DESC LIMIT 3 [ RunTime:0.000498s ]
[2021-06-23T14:51:11+08:00][sql] SHOW FULL COLUMNS FROM `carver_comment` [ RunTime:0.000809s ]
[2021-06-23T14:51:11+08:00][sql] SELECT `a`.*,`b`.`user_name` FROM `carver_comment` `a` INNER JOIN `carver_user` `b` ON `a`.`user_id`=`b`.`user_id` WHERE  `article_id` = 13 ORDER BY `create_time` DESC [ RunTime:0.000398s ]
[2021-06-23T14:51:11+08:00][sql] SHOW FULL COLUMNS FROM `carver_comment_to_others` [ RunTime:0.000579s ]
[2021-06-23T14:51:11+08:00][sql] SELECT * FROM `carver_comment_to_others` [ RunTime:0.000282s ]
[2021-06-23T14:51:11+08:00][sql] SHOW FULL COLUMNS FROM `carver_user` [ RunTime:0.000492s ]
[2021-06-23T14:51:11+08:00][sql] SELECT `user_name` FROM `carver_user` WHERE  `user_id` = 4 LIMIT 1 [ RunTime:0.000246s ]
[2021-06-23T14:51:11+08:00][sql] SELECT `user_name` FROM `carver_user` WHERE  `user_id` = 4 LIMIT 1 [ RunTime:0.000238s ]
[2021-06-23T14:51:11+08:00][sql] SELECT `user_name` FROM `carver_user` WHERE  `user_id` = 5 LIMIT 1 [ RunTime:0.000269s ]
[2021-06-23T14:51:11+08:00][sql] SELECT `user_name` FROM `carver_user` WHERE  `user_id` = 5 LIMIT 1 [ RunTime:0.000211s ]
[2021-06-23T14:51:11+08:00][sql] SELECT `user_name` FROM `carver_user` WHERE  `user_id` = 37 LIMIT 1 [ RunTime:0.000250s ]
[2021-06-23T14:51:11+08:00][sql] SELECT `user_name`,`user_id` FROM `carver_user` [ RunTime:0.000642s ]
[2021-06-23T14:51:11+08:00][sql] SHOW FULL COLUMNS FROM `carver_navigation` [ RunTime:0.000566s ]
[2021-06-23T14:51:11+08:00][sql] SELECT * FROM `carver_navigation` [ RunTime:0.000246s ]
[2021-06-23T14:51:11+08:00][sql] SELECT `article_label` FROM `carver_article` [ RunTime:0.000306s ]
[2021-06-23T14:51:14+08:00][sql] CONNECT:[ UseTime:0.000545s ] mysql:host=127.0.0.1;port=3306;dbname=carver;charset=utf8
[2021-06-23T14:51:14+08:00][sql] SHOW FULL COLUMNS FROM `carver_article` [ RunTime:0.001074s ]
[2021-06-23T14:51:14+08:00][sql] SELECT `article_id`,`article_title`,`article_desc`,`article_content`,`article_img`,`article_guide`,`article_label`,`click_num`,`is_show`,`add_time`,`article_author` FROM `carver_article` WHERE  `article_id` = 14 LIMIT 1 [ RunTime:0.000519s ]
[2021-06-23T14:51:14+08:00][sql] SELECT `article_id`,`article_title`,`article_desc`,`article_content`,`article_img`,`article_guide`,`article_label`,`click_num`,`is_show`,`add_time`,`article_author` FROM `carver_article` WHERE  `article_id` > 14 LIMIT 1 [ RunTime:0.001542s ]
[2021-06-23T14:51:14+08:00][sql] SELECT `article_id`,`article_title`,`article_desc`,`article_content`,`article_img`,`article_guide`,`article_label`,`click_num`,`is_show`,`add_time`,`article_author` FROM `carver_article` WHERE  `article_id` < 14 ORDER BY `article_id` DESC LIMIT 1 [ RunTime:0.000415s ]
[2021-06-23T14:51:14+08:00][sql] SHOW FULL COLUMNS FROM `carver_link` [ RunTime:0.000663s ]
[2021-06-23T14:51:14+08:00][sql] SELECT * FROM `carver_link` WHERE  ( is_confirm=2 ) LIMIT 20 [ RunTime:0.000325s ]
[2021-06-23T14:51:14+08:00][sql] SELECT article_id,article_title,click_num,FROM_UNIXTIME(add_time,'%Y-%m-%d') as add_time FROM `carver_article` ORDER BY `click_num` DESC LIMIT 3 [ RunTime:0.000379s ]
[2021-06-23T14:51:14+08:00][sql] SHOW FULL COLUMNS FROM `carver_comment` [ RunTime:0.000658s ]
[2021-06-23T14:51:14+08:00][sql] SELECT `a`.*,`b`.`user_name` FROM `carver_comment` `a` INNER JOIN `carver_user` `b` ON `a`.`user_id`=`b`.`user_id` WHERE  `article_id` = 14 ORDER BY `create_time` DESC [ RunTime:0.000456s ]
[2021-06-23T14:51:14+08:00][sql] SHOW FULL COLUMNS FROM `carver_comment_to_others` [ RunTime:0.000817s ]
[2021-06-23T14:51:14+08:00][sql] SELECT * FROM `carver_comment_to_others` [ RunTime:0.000267s ]
[2021-06-23T14:51:14+08:00][sql] SHOW FULL COLUMNS FROM `carver_user` [ RunTime:0.000593s ]
[2021-06-23T14:51:14+08:00][sql] SELECT `user_name` FROM `carver_user` WHERE  `user_id` = 4 LIMIT 1 [ RunTime:0.000252s ]
[2021-06-23T14:51:14+08:00][sql] SELECT `user_name` FROM `carver_user` WHERE  `user_id` = 4 LIMIT 1 [ RunTime:0.000253s ]
[2021-06-23T14:51:14+08:00][sql] SELECT `user_name` FROM `carver_user` WHERE  `user_id` = 5 LIMIT 1 [ RunTime:0.000291s ]
[2021-06-23T14:51:14+08:00][sql] SELECT `user_name` FROM `carver_user` WHERE  `user_id` = 5 LIMIT 1 [ RunTime:0.000222s ]
[2021-06-23T14:51:14+08:00][sql] SELECT `user_name` FROM `carver_user` WHERE  `user_id` = 37 LIMIT 1 [ RunTime:0.000255s ]
[2021-06-23T14:51:14+08:00][sql] SHOW FULL COLUMNS FROM `carver_navigation` [ RunTime:0.000691s ]
[2021-06-23T14:51:14+08:00][sql] SELECT * FROM `carver_navigation` [ RunTime:0.000312s ]
[2021-06-23T14:51:14+08:00][sql] SELECT `article_label` FROM `carver_article` [ RunTime:0.000289s ]
[2021-06-23T15:16:46+08:00][sql] CONNECT:[ UseTime:0.000555s ] mysql:host=127.0.0.1;port=3306;dbname=carver;charset=utf8
[2021-06-23T15:16:46+08:00][sql] SHOW FULL COLUMNS FROM `carver_article` [ RunTime:0.000928s ]
[2021-06-23T15:16:46+08:00][sql] SELECT `article_id`,`article_title`,`article_desc`,`article_content`,`article_img`,`article_guide`,`article_label`,`click_num`,`is_show`,`add_time`,`article_author` FROM `carver_article` WHERE  `article_id` = 23'A=0 LIMIT 1 [ RunTime:0.000486s ]
[2021-06-23T15:16:46+08:00][sql] SELECT `article_id`,`article_title`,`article_desc`,`article_content`,`article_img`,`article_guide`,`article_label`,`click_num`,`is_show`,`add_time`,`article_author` FROM `carver_article` WHERE  `article_id` > 23'A=0 LIMIT 1 [ RunTime:0.000473s ]
[2021-06-23T15:16:46+08:00][sql] SELECT `article_id`,`article_title`,`article_desc`,`article_content`,`article_img`,`article_guide`,`article_label`,`click_num`,`is_show`,`add_time`,`article_author` FROM `carver_article` WHERE  `article_id` < 23'A=0 ORDER BY `article_id` DESC LIMIT 1 [ RunTime:0.000449s ]
[2021-06-23T15:16:46+08:00][sql] SHOW FULL COLUMNS FROM `carver_link` [ RunTime:0.000606s ]
[2021-06-23T15:16:46+08:00][sql] SELECT * FROM `carver_link` WHERE  ( is_confirm=2 ) LIMIT 20 [ RunTime:0.000295s ]
[2021-06-23T15:16:46+08:00][sql] SELECT article_id,article_title,click_num,FROM_UNIXTIME(add_time,'%Y-%m-%d') as add_time FROM `carver_article` ORDER BY `click_num` DESC LIMIT 3 [ RunTime:0.000454s ]
[2021-06-23T15:16:46+08:00][sql] SHOW FULL COLUMNS FROM `carver_comment` [ RunTime:0.000651s ]
[2021-06-23T15:16:46+08:00][sql] SELECT `a`.*,`b`.`user_name` FROM `carver_comment` `a` INNER JOIN `carver_user` `b` ON `a`.`user_id`=`b`.`user_id` WHERE  `article_id` = 23'A=0 ORDER BY `create_time` DESC [ RunTime:0.000347s ]
[2021-06-23T15:16:46+08:00][sql] SHOW FULL COLUMNS FROM `carver_comment_to_others` [ RunTime:0.000543s ]
[2021-06-23T15:16:46+08:00][sql] SELECT * FROM `carver_comment_to_others` [ RunTime:0.000268s ]
[2021-06-23T15:16:46+08:00][sql] SHOW FULL COLUMNS FROM `carver_user` [ RunTime:0.000456s ]
[2021-06-23T15:16:46+08:00][sql] SELECT `user_name` FROM `carver_user` WHERE  `user_id` = 4 LIMIT 1 [ RunTime:0.000257s ]
[2021-06-23T15:16:46+08:00][sql] SELECT `user_name` FROM `carver_user` WHERE  `user_id` = 4 LIMIT 1 [ RunTime:0.000225s ]
[2021-06-23T15:16:46+08:00][sql] SELECT `user_name` FROM `carver_user` WHERE  `user_id` = 5 LIMIT 1 [ RunTime:0.000258s ]
[2021-06-23T15:16:46+08:00][sql] SELECT `user_name` FROM `carver_user` WHERE  `user_id` = 5 LIMIT 1 [ RunTime:0.000209s ]
[2021-06-23T15:16:46+08:00][sql] SELECT `user_name` FROM `carver_user` WHERE  `user_id` = 37 LIMIT 1 [ RunTime:0.000228s ]
[2021-06-23T15:16:46+08:00][sql] SELECT `user_name`,`user_id` FROM `carver_user` [ RunTime:0.000302s ]
[2021-06-23T15:16:46+08:00][sql] SHOW FULL COLUMNS FROM `carver_navigation` [ RunTime:0.000597s ]
[2021-06-23T15:16:46+08:00][sql] SELECT * FROM `carver_navigation` [ RunTime:0.000317s ]
[2021-06-23T15:16:46+08:00][sql] SELECT `article_label` FROM `carver_article` [ RunTime:0.000298s ]
[2021-06-23T15:27:47+08:00][sql] CONNECT:[ UseTime:0.000675s ] mysql:host=127.0.0.1;port=3306;dbname=carver;charset=utf8
[2021-06-23T15:27:47+08:00][sql] SHOW FULL COLUMNS FROM `carver_article` [ RunTime:0.000909s ]
[2021-06-23T15:27:47+08:00][sql] SELECT COUNT(*) AS think_count FROM `carver_article` WHERE  `article_label` LIKE '%php;excel/%'  AND `delete_time` = 0  AND `is_show` = 1 [ RunTime:0.000468s ]
[2021-06-23T15:27:47+08:00][sql] SELECT * FROM `carver_article` WHERE  `article_label` LIKE '%php;excel/%'  AND `delete_time` = 0  AND `is_show` = 1 LIMIT 0,6 [ RunTime:0.000990s ]
[2021-06-23T15:27:47+08:00][sql] SELECT article_id,article_title,click_num,FROM_UNIXTIME(add_time,'%Y-%m-%d') as add_time FROM `carver_article` WHERE  `is_show` = 1  AND `delete_time` = 0 ORDER BY `click_num` DESC LIMIT 3 [ RunTime:0.000496s ]
[2021-06-23T15:27:47+08:00][sql] SHOW FULL COLUMNS FROM `carver_notice` [ RunTime:0.000710s ]
[2021-06-23T15:27:47+08:00][sql] SELECT * FROM `carver_notice` ORDER BY `create_time` DESC LIMIT 3 [ RunTime:0.000329s ]
[2021-06-23T15:27:47+08:00][sql] SHOW FULL COLUMNS FROM `carver_navigation` [ RunTime:0.000586s ]
[2021-06-23T15:27:47+08:00][sql] SELECT * FROM `carver_navigation` [ RunTime:0.000307s ]
[2021-06-23T15:27:47+08:00][sql] SHOW FULL COLUMNS FROM `carver_link` [ RunTime:0.000664s ]
[2021-06-23T15:27:47+08:00][sql] SELECT * FROM `carver_link` WHERE  ( is_confirm=2 ) LIMIT 20 [ RunTime:0.000383s ]
[2021-06-23T15:27:47+08:00][sql] SELECT `article_label` FROM `carver_article` [ RunTime:0.000290s ]
[2021-06-23T15:27:47+08:00][sql] SHOW FULL COLUMNS FROM `carver_carouse` [ RunTime:0.000588s ]
[2021-06-23T15:27:47+08:00][sql] SELECT `carouse_img`,`carouse_desc` FROM `carver_carouse` WHERE  `is_show` = 1 ORDER BY `carouse_sort` DESC LIMIT 3 [ RunTime:0.000328s ]
[2021-06-23T15:27:47+08:00][sql] SHOW FULL COLUMNS FROM `carver_site` [ RunTime:0.000533s ]
[2021-06-23T15:27:47+08:00][sql] SELECT * FROM `carver_site` [ RunTime:0.000344s ]
[2021-06-23T15:27:52+08:00][sql] CONNECT:[ UseTime:0.000934s ] mysql:host=127.0.0.1;port=3306;dbname=carver;charset=utf8
[2021-06-23T15:27:52+08:00][sql] SHOW FULL COLUMNS FROM `carver_article` [ RunTime:0.000889s ]
[2021-06-23T15:27:52+08:00][sql] SELECT COUNT(*) AS think_count FROM `carver_article` WHERE  `article_label` LIKE '%php;javascript/%'  AND `delete_time` = 0  AND `is_show` = 1 [ RunTime:0.000412s ]
[2021-06-23T15:27:52+08:00][sql] SELECT * FROM `carver_article` WHERE  `article_label` LIKE '%php;javascript/%'  AND `delete_time` = 0  AND `is_show` = 1 LIMIT 0,6 [ RunTime:0.000989s ]
[2021-06-23T15:27:52+08:00][sql] SELECT article_id,article_title,click_num,FROM_UNIXTIME(add_time,'%Y-%m-%d') as add_time FROM `carver_article` WHERE  `is_show` = 1  AND `delete_time` = 0 ORDER BY `click_num` DESC LIMIT 3 [ RunTime:0.000447s ]
[2021-06-23T15:27:52+08:00][sql] SHOW FULL COLUMNS FROM `carver_notice` [ RunTime:0.000691s ]
[2021-06-23T15:27:52+08:00][sql] SELECT * FROM `carver_notice` ORDER BY `create_time` DESC LIMIT 3 [ RunTime:0.000314s ]
[2021-06-23T15:27:52+08:00][sql] SHOW FULL COLUMNS FROM `carver_navigation` [ RunTime:0.000528s ]
[2021-06-23T15:27:52+08:00][sql] SELECT * FROM `carver_navigation` [ RunTime:0.000286s ]
[2021-06-23T15:27:52+08:00][sql] SHOW FULL COLUMNS FROM `carver_link` [ RunTime:0.000560s ]
[2021-06-23T15:27:52+08:00][sql] SELECT * FROM `carver_link` WHERE  ( is_confirm=2 ) LIMIT 20 [ RunTime:0.000334s ]
[2021-06-23T15:27:52+08:00][sql] SELECT `article_label` FROM `carver_article` [ RunTime:0.000275s ]
[2021-06-23T15:27:52+08:00][sql] SHOW FULL COLUMNS FROM `carver_carouse` [ RunTime:0.000588s ]
[2021-06-23T15:27:52+08:00][sql] SELECT `carouse_img`,`carouse_desc` FROM `carver_carouse` WHERE  `is_show` = 1 ORDER BY `carouse_sort` DESC LIMIT 3 [ RunTime:0.000332s ]
[2021-06-23T15:27:52+08:00][sql] SHOW FULL COLUMNS FROM `carver_site` [ RunTime:0.000591s ]
[2021-06-23T15:27:52+08:00][sql] SELECT * FROM `carver_site` [ RunTime:0.000303s ]
[2021-06-23T15:27:57+08:00][sql] CONNECT:[ UseTime:0.000483s ] mysql:host=127.0.0.1;port=3306;dbname=carver;charset=utf8
[2021-06-23T15:27:57+08:00][sql] SHOW FULL COLUMNS FROM `carver_article` [ RunTime:0.000829s ]
[2021-06-23T15:27:57+08:00][sql] SELECT COUNT(*) AS think_count FROM `carver_article` WHERE  `article_label` LIKE '%swoole;php/%'  AND `delete_time` = 0  AND `is_show` = 1 [ RunTime:0.000398s ]
[2021-06-23T15:27:57+08:00][sql] SELECT * FROM `carver_article` WHERE  `article_label` LIKE '%swoole;php/%'  AND `delete_time` = 0  AND `is_show` = 1 LIMIT 0,6 [ RunTime:0.000928s ]
[2021-06-23T15:27:57+08:00][sql] SELECT article_id,article_title,click_num,FROM_UNIXTIME(add_time,'%Y-%m-%d') as add_time FROM `carver_article` WHERE  `is_show` = 1  AND `delete_time` = 0 ORDER BY `click_num` DESC LIMIT 3 [ RunTime:0.000418s ]
[2021-06-23T15:27:57+08:00][sql] SHOW FULL COLUMNS FROM `carver_notice` [ RunTime:0.000597s ]
[2021-06-23T15:27:57+08:00][sql] SELECT * FROM `carver_notice` ORDER BY `create_time` DESC LIMIT 3 [ RunTime:0.000498s ]
[2021-06-23T15:27:57+08:00][sql] SHOW FULL COLUMNS FROM `carver_navigation` [ RunTime:0.000589s ]
[2021-06-23T15:27:57+08:00][sql] SELECT * FROM `carver_navigation` [ RunTime:0.000271s ]
[2021-06-23T15:27:57+08:00][sql] SHOW FULL COLUMNS FROM `carver_link` [ RunTime:0.000575s ]
[2021-06-23T15:27:57+08:00][sql] SELECT * FROM `carver_link` WHERE  ( is_confirm=2 ) LIMIT 20 [ RunTime:0.000321s ]
[2021-06-23T15:27:57+08:00][sql] SELECT `article_label` FROM `carver_article` [ RunTime:0.000267s ]
[2021-06-23T15:27:57+08:00][sql] SHOW FULL COLUMNS FROM `carver_carouse` [ RunTime:0.000546s ]
[2021-06-23T15:27:57+08:00][sql] SELECT `carouse_img`,`carouse_desc` FROM `carver_carouse` WHERE  `is_show` = 1 ORDER BY `carouse_sort` DESC LIMIT 3 [ RunTime:0.000292s ]
[2021-06-23T15:27:57+08:00][sql] SHOW FULL COLUMNS FROM `carver_site` [ RunTime:0.000543s ]
[2021-06-23T15:27:57+08:00][sql] SELECT * FROM `carver_site` [ RunTime:0.000292s ]
[2021-06-23T17:07:38+08:00][sql] CONNECT:[ UseTime:0.001036s ] mysql:host=127.0.0.1;port=3306;dbname=carver;charset=utf8
[2021-06-23T17:07:38+08:00][sql] SHOW FULL COLUMNS FROM `carver_article` [ RunTime:0.000914s ]
[2021-06-23T17:07:38+08:00][sql] SELECT COUNT(*) AS think_count FROM `carver_article` WHERE  `article_label` LIKE '%git%'  AND `delete_time` = 0  AND `is_show` = 1 [ RunTime:0.000426s ]
[2021-06-23T17:07:38+08:00][sql] SELECT * FROM `carver_article` WHERE  `article_label` LIKE '%git%'  AND `delete_time` = 0  AND `is_show` = 1 LIMIT 0,6 [ RunTime:0.001141s ]
[2021-06-23T17:07:38+08:00][sql] SELECT article_id,article_title,click_num,FROM_UNIXTIME(add_time,'%Y-%m-%d') as add_time FROM `carver_article` WHERE  `is_show` = 1  AND `delete_time` = 0 ORDER BY `click_num` DESC LIMIT 3 [ RunTime:0.000475s ]
[2021-06-23T17:07:38+08:00][sql] SHOW FULL COLUMNS FROM `carver_notice` [ RunTime:0.000708s ]
[2021-06-23T17:07:38+08:00][sql] SELECT * FROM `carver_notice` ORDER BY `create_time` DESC LIMIT 3 [ RunTime:0.000304s ]
[2021-06-23T17:07:38+08:00][sql] SHOW FULL COLUMNS FROM `carver_navigation` [ RunTime:0.000668s ]
[2021-06-23T17:07:38+08:00][sql] SELECT * FROM `carver_navigation` [ RunTime:0.000274s ]
[2021-06-23T17:07:38+08:00][sql] SHOW FULL COLUMNS FROM `carver_link` [ RunTime:0.000561s ]
[2021-06-23T17:07:38+08:00][sql] SELECT * FROM `carver_link` WHERE  ( is_confirm=2 ) LIMIT 20 [ RunTime:0.000323s ]
[2021-06-23T17:07:38+08:00][sql] SELECT `article_label` FROM `carver_article` [ RunTime:0.000274s ]
[2021-06-23T17:07:38+08:00][sql] SHOW FULL COLUMNS FROM `carver_carouse` [ RunTime:0.000541s ]
[2021-06-23T17:07:38+08:00][sql] SELECT `carouse_img`,`carouse_desc` FROM `carver_carouse` WHERE  `is_show` = 1 ORDER BY `carouse_sort` DESC LIMIT 3 [ RunTime:0.000470s ]
[2021-06-23T17:07:38+08:00][sql] SHOW FULL COLUMNS FROM `carver_site` [ RunTime:0.000548s ]
[2021-06-23T17:07:38+08:00][sql] SELECT * FROM `carver_site` [ RunTime:0.000294s ]
[2021-06-23T17:16:20+08:00][sql] CONNECT:[ UseTime:0.000549s ] mysql:host=127.0.0.1;port=3306;dbname=carver;charset=utf8
[2021-06-23T17:16:20+08:00][sql] SHOW FULL COLUMNS FROM `carver_article` [ RunTime:0.000842s ]
[2021-06-23T17:16:20+08:00][sql] SELECT COUNT(*) AS think_count FROM `carver_article` WHERE  `article_label` LIKE '%angerjs%'  AND `delete_time` = 0  AND `is_show` = 1 [ RunTime:0.000417s ]
[2021-06-23T17:16:20+08:00][sql] SELECT * FROM `carver_article` WHERE  `article_label` LIKE '%angerjs%'  AND `delete_time` = 0  AND `is_show` = 1 LIMIT 0,6 [ RunTime:0.000995s ]
[2021-06-23T17:16:20+08:00][sql] SELECT article_id,article_title,click_num,FROM_UNIXTIME(add_time,'%Y-%m-%d') as add_time FROM `carver_article` WHERE  `is_show` = 1  AND `delete_time` = 0 ORDER BY `click_num` DESC LIMIT 3 [ RunTime:0.000547s ]
[2021-06-23T17:16:20+08:00][sql] SHOW FULL COLUMNS FROM `carver_notice` [ RunTime:0.000759s ]
[2021-06-23T17:16:20+08:00][sql] SELECT * FROM `carver_notice` ORDER BY `create_time` DESC LIMIT 3 [ RunTime:0.000323s ]
[2021-06-23T17:16:20+08:00][sql] SHOW FULL COLUMNS FROM `carver_navigation` [ RunTime:0.000609s ]
[2021-06-23T17:16:20+08:00][sql] SELECT * FROM `carver_navigation` [ RunTime:0.000291s ]
[2021-06-23T17:16:20+08:00][sql] SHOW FULL COLUMNS FROM `carver_link` [ RunTime:0.000644s ]
[2021-06-23T17:16:20+08:00][sql] SELECT * FROM `carver_link` WHERE  ( is_confirm=2 ) LIMIT 20 [ RunTime:0.000348s ]
[2021-06-23T17:16:20+08:00][sql] SELECT `article_label` FROM `carver_article` [ RunTime:0.000274s ]
[2021-06-23T17:16:20+08:00][sql] SHOW FULL COLUMNS FROM `carver_carouse` [ RunTime:0.000525s ]
[2021-06-23T17:16:20+08:00][sql] SELECT `carouse_img`,`carouse_desc` FROM `carver_carouse` WHERE  `is_show` = 1 ORDER BY `carouse_sort` DESC LIMIT 3 [ RunTime:0.000310s ]
[2021-06-23T17:16:20+08:00][sql] SHOW FULL COLUMNS FROM `carver_site` [ RunTime:0.000529s ]
[2021-06-23T17:16:20+08:00][sql] SELECT * FROM `carver_site` [ RunTime:0.000308s ]
[2021-06-23T17:30:45+08:00][sql] CONNECT:[ UseTime:0.000503s ] mysql:host=127.0.0.1;port=3306;dbname=carver;charset=utf8
[2021-06-23T17:30:45+08:00][sql] SHOW FULL COLUMNS FROM `carver_user` [ RunTime:0.000830s ]
[2021-06-23T17:30:45+08:00][sql] SHOW FULL COLUMNS FROM `carver_article` [ RunTime:0.000782s ]
[2021-06-23T17:30:45+08:00][sql] SELECT COUNT(*) AS think_count FROM `carver_article` WHERE  `delete_time` = 0  AND `is_show` = 1 [ RunTime:0.000379s ]
[2021-06-23T17:30:45+08:00][sql] SELECT `article_id`,`article_title`,`article_desc`,`article_content`,`article_img`,`article_guide`,`article_label`,`click_num`,`is_show`,`add_time`,`article_author`,`is_top_show` FROM `carver_article` WHERE  `delete_time` = 0  AND `is_show` = 1 ORDER BY `article_id` DESC LIMIT 24,6 [ RunTime:0.001099s ]
[2021-06-23T17:30:45+08:00][sql] SELECT article_id,article_title,click_num,FROM_UNIXTIME(add_time,'%Y-%m-%d') as add_time FROM `carver_article` WHERE  `is_show` = 1  AND `delete_time` = 0 ORDER BY `click_num` DESC LIMIT 3 [ RunTime:0.000429s ]
[2021-06-23T17:30:45+08:00][sql] SHOW FULL COLUMNS FROM `carver_notice` [ RunTime:0.000533s ]
[2021-06-23T17:30:45+08:00][sql] SELECT * FROM `carver_notice` ORDER BY `create_time` DESC LIMIT 3 [ RunTime:0.000265s ]
[2021-06-23T17:30:45+08:00][sql] SHOW FULL COLUMNS FROM `carver_navigation` [ RunTime:0.000509s ]
[2021-06-23T17:30:45+08:00][sql] SELECT * FROM `carver_navigation` [ RunTime:0.000233s ]
[2021-06-23T17:30:45+08:00][sql] SHOW FULL COLUMNS FROM `carver_link` [ RunTime:0.000489s ]
[2021-06-23T17:30:45+08:00][sql] SELECT * FROM `carver_link` WHERE  ( is_confirm=2 ) LIMIT 20 [ RunTime:0.000294s ]
[2021-06-23T17:30:45+08:00][sql] SELECT `article_label` FROM `carver_article` [ RunTime:0.000300s ]
[2021-06-23T17:30:45+08:00][sql] SHOW FULL COLUMNS FROM `carver_carouse` [ RunTime:0.000536s ]
[2021-06-23T17:30:45+08:00][sql] SELECT `carouse_img`,`carouse_desc` FROM `carver_carouse` WHERE  `is_show` = 1 ORDER BY `carouse_sort` DESC LIMIT 3 [ RunTime:0.000581s ]
[2021-06-23T17:30:45+08:00][sql] SHOW FULL COLUMNS FROM `carver_site` [ RunTime:0.000472s ]
[2021-06-23T17:30:45+08:00][sql] SELECT * FROM `carver_site` [ RunTime:0.000253s ]
[2021-06-23T17:30:47+08:00][sql] CONNECT:[ UseTime:0.000533s ] mysql:host=127.0.0.1;port=3306;dbname=carver;charset=utf8
[2021-06-23T17:30:47+08:00][sql] SHOW FULL COLUMNS FROM `carver_user` [ RunTime:0.000786s ]
[2021-06-23T17:30:47+08:00][sql] SHOW FULL COLUMNS FROM `carver_article` [ RunTime:0.000745s ]
[2021-06-23T17:30:47+08:00][sql] SELECT COUNT(*) AS think_count FROM `carver_article` WHERE  `delete_time` = 0  AND `is_show` = 1 [ RunTime:0.000365s ]
[2021-06-23T17:30:47+08:00][sql] SELECT `article_id`,`article_title`,`article_desc`,`article_content`,`article_img`,`article_guide`,`article_label`,`click_num`,`is_show`,`add_time`,`article_author`,`is_top_show` FROM `carver_article` WHERE  `delete_time` = 0  AND `is_show` = 1 ORDER BY `article_id` DESC LIMIT 0,6 [ RunTime:0.000727s ]
[2021-06-23T17:30:47+08:00][sql] SELECT article_id,article_title,click_num,FROM_UNIXTIME(add_time,'%Y-%m-%d') as add_time FROM `carver_article` WHERE  `is_show` = 1  AND `delete_time` = 0 ORDER BY `click_num` DESC LIMIT 3 [ RunTime:0.000511s ]
[2021-06-23T17:30:47+08:00][sql] SHOW FULL COLUMNS FROM `carver_notice` [ RunTime:0.000547s ]
[2021-06-23T17:30:47+08:00][sql] SELECT * FROM `carver_notice` ORDER BY `create_time` DESC LIMIT 3 [ RunTime:0.000258s ]
[2021-06-23T17:30:47+08:00][sql] SHOW FULL COLUMNS FROM `carver_navigation` [ RunTime:0.000490s ]
[2021-06-23T17:30:47+08:00][sql] SELECT * FROM `carver_navigation` [ RunTime:0.000248s ]
[2021-06-23T17:30:47+08:00][sql] SHOW FULL COLUMNS FROM `carver_link` [ RunTime:0.000485s ]
[2021-06-23T17:30:47+08:00][sql] SELECT * FROM `carver_link` WHERE  ( is_confirm=2 ) LIMIT 20 [ RunTime:0.000284s ]
[2021-06-23T17:30:47+08:00][sql] SELECT `article_label` FROM `carver_article` [ RunTime:0.000245s ]
[2021-06-23T17:30:47+08:00][sql] SHOW FULL COLUMNS FROM `carver_carouse` [ RunTime:0.000505s ]
[2021-06-23T17:30:47+08:00][sql] SELECT `carouse_img`,`carouse_desc` FROM `carver_carouse` WHERE  `is_show` = 1 ORDER BY `carouse_sort` DESC LIMIT 3 [ RunTime:0.000293s ]
[2021-06-23T17:30:47+08:00][sql] SHOW FULL COLUMNS FROM `carver_site` [ RunTime:0.000511s ]
[2021-06-23T17:30:47+08:00][sql] SELECT * FROM `carver_site` [ RunTime:0.000228s ]
[2021-06-23T17:42:40+08:00][sql] CONNECT:[ UseTime:0.000623s ] mysql:host=127.0.0.1;port=3306;dbname=carver;charset=utf8
[2021-06-23T17:42:40+08:00][sql] SHOW FULL COLUMNS FROM `carver_article` [ RunTime:0.000863s ]
[2021-06-23T17:42:40+08:00][sql] SELECT COUNT(*) AS think_count FROM `carver_article` WHERE  `article_guide` = 6  AND `delete_time` = 0  AND `is_show` = 1 [ RunTime:0.000417s ]
[2021-06-23T17:42:40+08:00][sql] SELECT * FROM `carver_article` WHERE  `article_guide` = 6  AND `delete_time` = 0  AND `is_show` = 1 ORDER BY `add_time` DESC LIMIT 24,6 [ RunTime:0.000512s ]
[2021-06-23T17:42:40+08:00][sql] SELECT article_id,article_title,click_num,FROM_UNIXTIME(add_time,'%Y-%m-%d') as add_time FROM `carver_article` WHERE  `is_show` = 1  AND `delete_time` = 0 ORDER BY `click_num` DESC LIMIT 3 [ RunTime:0.000541s ]
[2021-06-23T17:42:40+08:00][sql] SHOW FULL COLUMNS FROM `carver_notice` [ RunTime:0.000660s ]
[2021-06-23T17:42:40+08:00][sql] SELECT * FROM `carver_notice` ORDER BY `create_time` DESC LIMIT 3 [ RunTime:0.000337s ]
[2021-06-23T17:42:40+08:00][sql] SHOW FULL COLUMNS FROM `carver_navigation` [ RunTime:0.000630s ]
[2021-06-23T17:42:40+08:00][sql] SELECT * FROM `carver_navigation` [ RunTime:0.000294s ]
[2021-06-23T17:42:40+08:00][sql] SELECT `article_label` FROM `carver_article` [ RunTime:0.000261s ]
[2021-06-23T17:42:40+08:00][sql] SHOW FULL COLUMNS FROM `carver_carouse` [ RunTime:0.000629s ]
[2021-06-23T17:42:40+08:00][sql] SELECT `carouse_img`,`carouse_desc` FROM `carver_carouse` WHERE  `is_show` = 1 ORDER BY `carouse_sort` DESC LIMIT 3 [ RunTime:0.000370s ]
[2021-06-23T17:42:40+08:00][sql] SHOW FULL COLUMNS FROM `carver_link` [ RunTime:0.000513s ]
[2021-06-23T17:42:40+08:00][sql] SELECT * FROM `carver_link` WHERE  ( is_confirm=2 ) LIMIT 20 [ RunTime:0.000344s ]
[2021-06-23T17:42:40+08:00][sql] SHOW FULL COLUMNS FROM `carver_site` [ RunTime:0.000611s ]
[2021-06-23T17:42:40+08:00][sql] SELECT * FROM `carver_site` [ RunTime:0.000287s ]
[2021-06-23T18:16:26+08:00][sql] CONNECT:[ UseTime:0.000570s ] mysql:host=127.0.0.1;port=3306;dbname=carver;charset=utf8
[2021-06-23T18:16:26+08:00][sql] SHOW FULL COLUMNS FROM `carver_article` [ RunTime:0.001015s ]
[2021-06-23T18:16:26+08:00][sql] SELECT COUNT(*) AS think_count FROM `carver_article` WHERE  `article_label` LIKE '%angerjs%'  AND `delete_time` = 0  AND `is_show` = 1 [ RunTime:0.000449s ]
[2021-06-23T18:16:26+08:00][sql] SELECT * FROM `carver_article` WHERE  `article_label` LIKE '%angerjs%'  AND `delete_time` = 0  AND `is_show` = 1 LIMIT 0,6 [ RunTime:0.000982s ]
[2021-06-23T18:16:26+08:00][sql] SELECT article_id,article_title,click_num,FROM_UNIXTIME(add_time,'%Y-%m-%d') as add_time FROM `carver_article` WHERE  `is_show` = 1  AND `delete_time` = 0 ORDER BY `click_num` DESC LIMIT 3 [ RunTime:0.000449s ]
[2021-06-23T18:16:26+08:00][sql] SHOW FULL COLUMNS FROM `carver_notice` [ RunTime:0.000684s ]
[2021-06-23T18:16:26+08:00][sql] SELECT * FROM `carver_notice` ORDER BY `create_time` DESC LIMIT 3 [ RunTime:0.000379s ]
[2021-06-23T18:16:26+08:00][sql] SHOW FULL COLUMNS FROM `carver_navigation` [ RunTime:0.000686s ]
[2021-06-23T18:16:26+08:00][sql] SELECT * FROM `carver_navigation` [ RunTime:0.000278s ]
[2021-06-23T18:16:26+08:00][sql] SHOW FULL COLUMNS FROM `carver_link` [ RunTime:0.001004s ]
[2021-06-23T18:16:26+08:00][sql] SELECT * FROM `carver_link` WHERE  ( is_confirm=2 ) LIMIT 20 [ RunTime:0.000356s ]
[2021-06-23T18:16:26+08:00][sql] SELECT `article_label` FROM `carver_article` [ RunTime:0.000275s ]
[2021-06-23T18:16:26+08:00][sql] SHOW FULL COLUMNS FROM `carver_carouse` [ RunTime:0.000612s ]
[2021-06-23T18:16:26+08:00][sql] SELECT `carouse_img`,`carouse_desc` FROM `carver_carouse` WHERE  `is_show` = 1 ORDER BY `carouse_sort` DESC LIMIT 3 [ RunTime:0.000321s ]
[2021-06-23T18:16:26+08:00][sql] SHOW FULL COLUMNS FROM `carver_site` [ RunTime:0.000657s ]
[2021-06-23T18:16:26+08:00][sql] SELECT * FROM `carver_site` [ RunTime:0.000298s ]
[2021-06-23T18:29:36+08:00][sql] CONNECT:[ UseTime:0.000654s ] mysql:host=127.0.0.1;port=3306;dbname=carver;charset=utf8
[2021-06-23T18:29:36+08:00][sql] SHOW FULL COLUMNS FROM `carver_user` [ RunTime:0.000814s ]
[2021-06-23T18:29:36+08:00][sql] SHOW FULL COLUMNS FROM `carver_article` [ RunTime:0.000697s ]
[2021-06-23T18:29:36+08:00][sql] SELECT COUNT(*) AS think_count FROM `carver_article` WHERE  `delete_time` = 0  AND `is_show` = 1 [ RunTime:0.000478s ]
[2021-06-23T18:29:36+08:00][sql] SELECT `article_id`,`article_title`,`article_desc`,`article_content`,`article_img`,`article_guide`,`article_label`,`click_num`,`is_show`,`add_time`,`article_author`,`is_top_show` FROM `carver_article` WHERE  `delete_time` = 0  AND `is_show` = 1 ORDER BY `article_id` DESC LIMIT 0,6 [ RunTime:0.000879s ]
[2021-06-23T18:29:36+08:00][sql] SELECT article_id,article_title,click_num,FROM_UNIXTIME(add_time,'%Y-%m-%d') as add_time FROM `carver_article` WHERE  `is_show` = 1  AND `delete_time` = 0 ORDER BY `click_num` DESC LIMIT 3 [ RunTime:0.000395s ]
[2021-06-23T18:29:36+08:00][sql] SHOW FULL COLUMNS FROM `carver_notice` [ RunTime:0.000549s ]
[2021-06-23T18:29:36+08:00][sql] SELECT * FROM `carver_notice` ORDER BY `create_time` DESC LIMIT 3 [ RunTime:0.000262s ]
[2021-06-23T18:29:36+08:00][sql] SHOW FULL COLUMNS FROM `carver_navigation` [ RunTime:0.000567s ]
[2021-06-23T18:29:36+08:00][sql] SELECT * FROM `carver_navigation` [ RunTime:0.000255s ]
[2021-06-23T18:29:36+08:00][sql] SHOW FULL COLUMNS FROM `carver_link` [ RunTime:0.000502s ]
[2021-06-23T18:29:36+08:00][sql] SELECT * FROM `carver_link` WHERE  ( is_confirm=2 ) LIMIT 20 [ RunTime:0.000284s ]
[2021-06-23T18:29:36+08:00][sql] SELECT `article_label` FROM `carver_article` [ RunTime:0.000266s ]
[2021-06-23T18:29:36+08:00][sql] SHOW FULL COLUMNS FROM `carver_carouse` [ RunTime:0.000513s ]
[2021-06-23T18:29:36+08:00][sql] SELECT `carouse_img`,`carouse_desc` FROM `carver_carouse` WHERE  `is_show` = 1 ORDER BY `carouse_sort` DESC LIMIT 3 [ RunTime:0.000282s ]
[2021-06-23T18:29:36+08:00][sql] SHOW FULL COLUMNS FROM `carver_site` [ RunTime:0.000536s ]
[2021-06-23T18:29:36+08:00][sql] SELECT * FROM `carver_site` [ RunTime:0.000264s ]
[2021-06-23T19:05:12+08:00][sql] CONNECT:[ UseTime:0.000561s ] mysql:host=127.0.0.1;port=3306;dbname=carver;charset=utf8
[2021-06-23T19:05:12+08:00][sql] SHOW FULL COLUMNS FROM `carver_article` [ RunTime:0.000889s ]
[2021-06-23T19:05:12+08:00][sql] SELECT COUNT(*) AS think_count FROM `carver_article` WHERE  `article_guide` = 5  AND `delete_time` = 0  AND `is_show` = 1 [ RunTime:0.000437s ]
[2021-06-23T19:05:12+08:00][sql] SELECT * FROM `carver_article` WHERE  `article_guide` = 5  AND `delete_time` = 0  AND `is_show` = 1 ORDER BY `add_time` DESC LIMIT 0,6 [ RunTime:0.003589s ]
[2021-06-23T19:05:12+08:00][sql] SELECT article_id,article_title,click_num,FROM_UNIXTIME(add_time,'%Y-%m-%d') as add_time FROM `carver_article` WHERE  `is_show` = 1  AND `delete_time` = 0 ORDER BY `click_num` DESC LIMIT 3 [ RunTime:0.000477s ]
[2021-06-23T19:05:12+08:00][sql] SHOW FULL COLUMNS FROM `carver_notice` [ RunTime:0.000566s ]
[2021-06-23T19:05:12+08:00][sql] SELECT * FROM `carver_notice` ORDER BY `create_time` DESC LIMIT 3 [ RunTime:0.000277s ]
[2021-06-23T19:05:12+08:00][sql] SHOW FULL COLUMNS FROM `carver_navigation` [ RunTime:0.000497s ]
[2021-06-23T19:05:12+08:00][sql] SELECT * FROM `carver_navigation` [ RunTime:0.000245s ]
[2021-06-23T19:05:12+08:00][sql] SELECT `article_label` FROM `carver_article` [ RunTime:0.000243s ]
[2021-06-23T19:05:12+08:00][sql] SHOW FULL COLUMNS FROM `carver_carouse` [ RunTime:0.000502s ]
[2021-06-23T19:05:12+08:00][sql] SELECT `carouse_img`,`carouse_desc` FROM `carver_carouse` WHERE  `is_show` = 1 ORDER BY `carouse_sort` DESC LIMIT 3 [ RunTime:0.000380s ]
[2021-06-23T19:05:12+08:00][sql] SHOW FULL COLUMNS FROM `carver_link` [ RunTime:0.000580s ]
[2021-06-23T19:05:12+08:00][sql] SELECT * FROM `carver_link` WHERE  ( is_confirm=2 ) LIMIT 20 [ RunTime:0.000285s ]
[2021-06-23T19:05:12+08:00][sql] SHOW FULL COLUMNS FROM `carver_site` [ RunTime:0.000515s ]
[2021-06-23T19:05:12+08:00][sql] SELECT * FROM `carver_site` [ RunTime:0.000284s ]
[2021-06-23T22:01:41+08:00][sql] CONNECT:[ UseTime:0.000582s ] mysql:host=127.0.0.1;port=3306;dbname=carver;charset=utf8
[2021-06-23T22:01:41+08:00][sql] SHOW FULL COLUMNS FROM `carver_article` [ RunTime:0.000866s ]
[2021-06-23T22:01:41+08:00][sql] SELECT `article_id`,`article_title`,`article_desc`,`article_content`,`article_img`,`article_guide`,`article_label`,`click_num`,`is_show`,`add_time`,`article_author` FROM `carver_article` WHERE  `article_id` = 23' LIMIT 1 [ RunTime:0.000444s ]
[2021-06-23T22:01:41+08:00][sql] SELECT `article_id`,`article_title`,`article_desc`,`article_content`,`article_img`,`article_guide`,`article_label`,`click_num`,`is_show`,`add_time`,`article_author` FROM `carver_article` WHERE  `article_id` > 23' LIMIT 1 [ RunTime:0.000455s ]
[2021-06-23T22:01:41+08:00][sql] SELECT `article_id`,`article_title`,`article_desc`,`article_content`,`article_img`,`article_guide`,`article_label`,`click_num`,`is_show`,`add_time`,`article_author` FROM `carver_article` WHERE  `article_id` < 23' ORDER BY `article_id` DESC LIMIT 1 [ RunTime:0.000441s ]
[2021-06-23T22:01:41+08:00][sql] SHOW FULL COLUMNS FROM `carver_link` [ RunTime:0.000613s ]
[2021-06-23T22:01:41+08:00][sql] SELECT * FROM `carver_link` WHERE  ( is_confirm=2 ) LIMIT 20 [ RunTime:0.000291s ]
[2021-06-23T22:01:41+08:00][sql] SELECT article_id,article_title,click_num,FROM_UNIXTIME(add_time,'%Y-%m-%d') as add_time FROM `carver_article` ORDER BY `click_num` DESC LIMIT 3 [ RunTime:0.000320s ]
[2021-06-23T22:01:41+08:00][sql] SHOW FULL COLUMNS FROM `carver_comment` [ RunTime:0.000537s ]
[2021-06-23T22:01:41+08:00][sql] SELECT `a`.*,`b`.`user_name` FROM `carver_comment` `a` INNER JOIN `carver_user` `b` ON `a`.`user_id`=`b`.`user_id` WHERE  `article_id` = 23' ORDER BY `create_time` DESC [ RunTime:0.000338s ]
[2021-06-23T22:01:41+08:00][sql] SHOW FULL COLUMNS FROM `carver_comment_to_others` [ RunTime:0.000513s ]
[2021-06-23T22:01:41+08:00][sql] SELECT * FROM `carver_comment_to_others` [ RunTime:0.000235s ]
[2021-06-23T22:01:41+08:00][sql] SHOW FULL COLUMNS FROM `carver_user` [ RunTime:0.000455s ]
[2021-06-23T22:01:41+08:00][sql] SELECT `user_name` FROM `carver_user` WHERE  `user_id` = 4 LIMIT 1 [ RunTime:0.000252s ]
[2021-06-23T22:01:41+08:00][sql] SELECT `user_name` FROM `carver_user` WHERE  `user_id` = 4 LIMIT 1 [ RunTime:0.000220s ]
[2021-06-23T22:01:41+08:00][sql] SELECT `user_name` FROM `carver_user` WHERE  `user_id` = 5 LIMIT 1 [ RunTime:0.000205s ]
[2021-06-23T22:01:41+08:00][sql] SELECT `user_name` FROM `carver_user` WHERE  `user_id` = 5 LIMIT 1 [ RunTime:0.000207s ]
[2021-06-23T22:01:41+08:00][sql] SELECT `user_name` FROM `carver_user` WHERE  `user_id` = 37 LIMIT 1 [ RunTime:0.000246s ]
[2021-06-23T22:01:41+08:00][sql] SELECT `user_name`,`user_id` FROM `carver_user` [ RunTime:0.000304s ]
[2021-06-23T22:01:41+08:00][sql] SHOW FULL COLUMNS FROM `carver_navigation` [ RunTime:0.000535s ]
[2021-06-23T22:01:41+08:00][sql] SELECT * FROM `carver_navigation` [ RunTime:0.000227s ]
[2021-06-23T22:01:41+08:00][sql] SELECT `article_label` FROM `carver_article` [ RunTime:0.000277s ]
[2021-06-23T23:28:32+08:00][sql] CONNECT:[ UseTime:0.000589s ] mysql:host=127.0.0.1;port=3306;dbname=carver;charset=utf8
[2021-06-23T23:28:32+08:00][sql] SHOW FULL COLUMNS FROM `carver_article` [ RunTime:0.000944s ]
[2021-06-23T23:28:32+08:00][sql] SELECT `article_id`,`article_title`,`article_desc`,`article_content`,`article_img`,`article_guide`,`article_label`,`click_num`,`is_show`,`add_time`,`article_author` FROM `carver_article` WHERE  `article_id` = 17'A=0 LIMIT 1 [ RunTime:0.000588s ]
[2021-06-23T23:28:32+08:00][sql] SELECT `article_id`,`article_title`,`article_desc`,`article_content`,`article_img`,`article_guide`,`article_label`,`click_num`,`is_show`,`add_time`,`article_author` FROM `carver_article` WHERE  `article_id` > 17'A=0 LIMIT 1 [ RunTime:0.000426s ]
[2021-06-23T23:28:32+08:00][sql] SELECT `article_id`,`article_title`,`article_desc`,`article_content`,`article_img`,`article_guide`,`article_label`,`click_num`,`is_show`,`add_time`,`article_author` FROM `carver_article` WHERE  `article_id` < 17'A=0 ORDER BY `article_id` DESC LIMIT 1 [ RunTime:0.000408s ]
[2021-06-23T23:28:32+08:00][sql] SHOW FULL COLUMNS FROM `carver_link` [ RunTime:0.000588s ]
[2021-06-23T23:28:32+08:00][sql] SELECT * FROM `carver_link` WHERE  ( is_confirm=2 ) LIMIT 20 [ RunTime:0.000301s ]
[2021-06-23T23:28:32+08:00][sql] SELECT article_id,article_title,click_num,FROM_UNIXTIME(add_time,'%Y-%m-%d') as add_time FROM `carver_article` ORDER BY `click_num` DESC LIMIT 3 [ RunTime:0.000373s ]
[2021-06-23T23:28:32+08:00][sql] SHOW FULL COLUMNS FROM `carver_comment` [ RunTime:0.000568s ]
[2021-06-23T23:28:32+08:00][sql] SELECT `a`.*,`b`.`user_name` FROM `carver_comment` `a` INNER JOIN `carver_user` `b` ON `a`.`user_id`=`b`.`user_id` WHERE  `article_id` = 17'A=0 ORDER BY `create_time` DESC [ RunTime:0.000409s ]
[2021-06-23T23:28:32+08:00][sql] SHOW FULL COLUMNS FROM `carver_comment_to_others` [ RunTime:0.000568s ]
[2021-06-23T23:28:32+08:00][sql] SELECT * FROM `carver_comment_to_others` [ RunTime:0.000306s ]
[2021-06-23T23:28:32+08:00][sql] SHOW FULL COLUMNS FROM `carver_user` [ RunTime:0.000436s ]
[2021-06-23T23:28:32+08:00][sql] SELECT `user_name` FROM `carver_user` WHERE  `user_id` = 4 LIMIT 1 [ RunTime:0.000262s ]
[2021-06-23T23:28:32+08:00][sql] SELECT `user_name` FROM `carver_user` WHERE  `user_id` = 4 LIMIT 1 [ RunTime:0.000225s ]
[2021-06-23T23:28:32+08:00][sql] SELECT `user_name` FROM `carver_user` WHERE  `user_id` = 5 LIMIT 1 [ RunTime:0.000248s ]
[2021-06-23T23:28:32+08:00][sql] SELECT `user_name` FROM `carver_user` WHERE  `user_id` = 5 LIMIT 1 [ RunTime:0.000227s ]
[2021-06-23T23:28:32+08:00][sql] SELECT `user_name` FROM `carver_user` WHERE  `user_id` = 37 LIMIT 1 [ RunTime:0.000254s ]
[2021-06-23T23:28:32+08:00][sql] SELECT `user_name`,`user_id` FROM `carver_user` [ RunTime:0.000230s ]
[2021-06-23T23:28:32+08:00][sql] SHOW FULL COLUMNS FROM `carver_navigation` [ RunTime:0.000558s ]
[2021-06-23T23:28:32+08:00][sql] SELECT * FROM `carver_navigation` [ RunTime:0.000287s ]
[2021-06-23T23:28:32+08:00][sql] SELECT `article_label` FROM `carver_article` [ RunTime:0.000258s ]
