[2021-06-24T01:59:39+08:00][sql] CONNECT:[ UseTime:0.000778s ] mysql:host=127.0.0.1;port=3306;dbname=carver;charset=utf8
[2021-06-24T01:59:39+08:00][sql] SHOW FULL COLUMNS FROM `carver_user` [ RunTime:0.000936s ]
[2021-06-24T01:59:39+08:00][sql] SHOW FULL COLUMNS FROM `carver_article` [ RunTime:0.000670s ]
[2021-06-24T01:59:39+08:00][sql] SELECT COUNT(*) AS think_count FROM `carver_article` WHERE  `delete_time` = 0  AND `is_show` = 1 [ RunTime:0.000372s ]
[2021-06-24T01:59:39+08:00][sql] SELECT `article_id`,`article_title`,`article_desc`,`article_content`,`article_img`,`article_guide`,`article_label`,`click_num`,`is_show`,`add_time`,`article_author`,`is_top_show` FROM `carver_article` WHERE  `delete_time` = 0  AND `is_show` = 1 ORDER BY `article_id` DESC LIMIT 0,6 [ RunTime:0.000793s ]
[2021-06-24T01:59:39+08:00][sql] SELECT article_id,article_title,click_num,FROM_UNIXTIME(add_time,'%Y-%m-%d') as add_time FROM `carver_article` WHERE  `is_show` = 1  AND `delete_time` = 0 ORDER BY `click_num` DESC LIMIT 3 [ RunTime:0.000469s ]
[2021-06-24T01:59:39+08:00][sql] SHOW FULL COLUMNS FROM `carver_notice` [ RunTime:0.000549s ]
[2021-06-24T01:59:39+08:00][sql] SELECT * FROM `carver_notice` ORDER BY `create_time` DESC LIMIT 3 [ RunTime:0.000305s ]
[2021-06-24T01:59:39+08:00][sql] SHOW FULL COLUMNS FROM `carver_navigation` [ RunTime:0.000624s ]
[2021-06-24T01:59:39+08:00][sql] SELECT * FROM `carver_navigation` [ RunTime:0.000242s ]
[2021-06-24T01:59:39+08:00][sql] SHOW FULL COLUMNS FROM `carver_link` [ RunTime:0.000522s ]
[2021-06-24T01:59:39+08:00][sql] SELECT * FROM `carver_link` WHERE  ( is_confirm=2 ) LIMIT 20 [ RunTime:0.000331s ]
[2021-06-24T01:59:39+08:00][sql] SELECT `article_label` FROM `carver_article` [ RunTime:0.000290s ]
[2021-06-24T01:59:39+08:00][sql] SHOW FULL COLUMNS FROM `carver_carouse` [ RunTime:0.000489s ]
[2021-06-24T01:59:39+08:00][sql] SELECT `carouse_img`,`carouse_desc` FROM `carver_carouse` WHERE  `is_show` = 1 ORDER BY `carouse_sort` DESC LIMIT 3 [ RunTime:0.000297s ]
[2021-06-24T01:59:39+08:00][sql] SHOW FULL COLUMNS FROM `carver_site` [ RunTime:0.000481s ]
[2021-06-24T01:59:39+08:00][sql] SELECT * FROM `carver_site` [ RunTime:0.000260s ]
[2021-06-24T04:28:36+08:00][sql] CONNECT:[ UseTime:0.000646s ] mysql:host=127.0.0.1;port=3306;dbname=carver;charset=utf8
[2021-06-24T04:28:36+08:00][sql] SHOW FULL COLUMNS FROM `carver_article` [ RunTime:0.001085s ]
[2021-06-24T04:28:36+08:00][sql] SELECT `article_id`,`article_title`,`article_desc`,`article_content`,`article_img`,`article_guide`,`article_label`,`click_num`,`is_show`,`add_time`,`article_author` FROM `carver_article` WHERE  `article_id` = 18 LIMIT 1 [ RunTime:0.000599s ]
[2021-06-24T04:28:36+08:00][sql] SELECT `article_id`,`article_title`,`article_desc`,`article_content`,`article_img`,`article_guide`,`article_label`,`click_num`,`is_show`,`add_time`,`article_author` FROM `carver_article` WHERE  `article_id` > 18 LIMIT 1 [ RunTime:0.003099s ]
[2021-06-24T04:28:36+08:00][sql] SELECT `article_id`,`article_title`,`article_desc`,`article_content`,`article_img`,`article_guide`,`article_label`,`click_num`,`is_show`,`add_time`,`article_author` FROM `carver_article` WHERE  `article_id` < 18 ORDER BY `article_id` DESC LIMIT 1 [ RunTime:0.000541s ]
[2021-06-24T04:28:36+08:00][sql] SHOW FULL COLUMNS FROM `carver_link` [ RunTime:0.000764s ]
[2021-06-24T04:28:36+08:00][sql] SELECT * FROM `carver_link` WHERE  ( is_confirm=2 ) LIMIT 20 [ RunTime:0.000376s ]
[2021-06-24T04:28:36+08:00][sql] SELECT article_id,article_title,click_num,FROM_UNIXTIME(add_time,'%Y-%m-%d') as add_time FROM `carver_article` ORDER BY `click_num` DESC LIMIT 3 [ RunTime:0.000400s ]
[2021-06-24T04:28:36+08:00][sql] SHOW FULL COLUMNS FROM `carver_comment` [ RunTime:0.000630s ]
[2021-06-24T04:28:36+08:00][sql] SELECT `a`.*,`b`.`user_name` FROM `carver_comment` `a` INNER JOIN `carver_user` `b` ON `a`.`user_id`=`b`.`user_id` WHERE  `article_id` = 18 ORDER BY `create_time` DESC [ RunTime:0.000360s ]
[2021-06-24T04:28:36+08:00][sql] SHOW FULL COLUMNS FROM `carver_comment_to_others` [ RunTime:0.000585s ]
[2021-06-24T04:28:36+08:00][sql] SELECT * FROM `carver_comment_to_others` [ RunTime:0.000240s ]
[2021-06-24T04:28:36+08:00][sql] SHOW FULL COLUMNS FROM `carver_user` [ RunTime:0.000513s ]
[2021-06-24T04:28:36+08:00][sql] SELECT `user_name` FROM `carver_user` WHERE  `user_id` = 4 LIMIT 1 [ RunTime:0.000242s ]
[2021-06-24T04:28:36+08:00][sql] SELECT `user_name` FROM `carver_user` WHERE  `user_id` = 4 LIMIT 1 [ RunTime:0.000222s ]
[2021-06-24T04:28:36+08:00][sql] SELECT `user_name` FROM `carver_user` WHERE  `user_id` = 5 LIMIT 1 [ RunTime:0.000222s ]
[2021-06-24T04:28:36+08:00][sql] SELECT `user_name` FROM `carver_user` WHERE  `user_id` = 5 LIMIT 1 [ RunTime:0.000221s ]
[2021-06-24T04:28:36+08:00][sql] SELECT `user_name` FROM `carver_user` WHERE  `user_id` = 37 LIMIT 1 [ RunTime:0.000224s ]
[2021-06-24T04:28:36+08:00][sql] SELECT `user_name`,`user_id` FROM `carver_user` [ RunTime:0.000243s ]
[2021-06-24T04:28:36+08:00][sql] SHOW FULL COLUMNS FROM `carver_navigation` [ RunTime:0.000567s ]
[2021-06-24T04:28:36+08:00][sql] SELECT * FROM `carver_navigation` [ RunTime:0.000235s ]
[2021-06-24T04:28:36+08:00][sql] SELECT `article_label` FROM `carver_article` [ RunTime:0.000285s ]
[2021-06-24T04:28:40+08:00][sql] CONNECT:[ UseTime:0.000619s ] mysql:host=127.0.0.1;port=3306;dbname=carver;charset=utf8
[2021-06-24T04:28:40+08:00][sql] SHOW FULL COLUMNS FROM `carver_article` [ RunTime:0.000963s ]
[2021-06-24T04:28:40+08:00][sql] SELECT `article_id`,`article_title`,`article_desc`,`article_content`,`article_img`,`article_guide`,`article_label`,`click_num`,`is_show`,`add_time`,`article_author` FROM `carver_article` WHERE  `article_id` = 18'[0] LIMIT 1 [ RunTime:0.000567s ]
[2021-06-24T04:28:40+08:00][sql] SELECT `article_id`,`article_title`,`article_desc`,`article_content`,`article_img`,`article_guide`,`article_label`,`click_num`,`is_show`,`add_time`,`article_author` FROM `carver_article` WHERE  `article_id` > 18'[0] LIMIT 1 [ RunTime:0.003191s ]
[2021-06-24T04:28:40+08:00][sql] SELECT `article_id`,`article_title`,`article_desc`,`article_content`,`article_img`,`article_guide`,`article_label`,`click_num`,`is_show`,`add_time`,`article_author` FROM `carver_article` WHERE  `article_id` < 18'[0] ORDER BY `article_id` DESC LIMIT 1 [ RunTime:0.000689s ]
[2021-06-24T04:28:40+08:00][sql] SHOW FULL COLUMNS FROM `carver_link` [ RunTime:0.000688s ]
[2021-06-24T04:28:40+08:00][sql] SELECT * FROM `carver_link` WHERE  ( is_confirm=2 ) LIMIT 20 [ RunTime:0.000387s ]
[2021-06-24T04:28:40+08:00][sql] SELECT article_id,article_title,click_num,FROM_UNIXTIME(add_time,'%Y-%m-%d') as add_time FROM `carver_article` ORDER BY `click_num` DESC LIMIT 3 [ RunTime:0.000383s ]
[2021-06-24T04:28:40+08:00][sql] SHOW FULL COLUMNS FROM `carver_comment` [ RunTime:0.000687s ]
[2021-06-24T04:28:40+08:00][sql] SELECT `a`.*,`b`.`user_name` FROM `carver_comment` `a` INNER JOIN `carver_user` `b` ON `a`.`user_id`=`b`.`user_id` WHERE  `article_id` = 18'[0] ORDER BY `create_time` DESC [ RunTime:0.000416s ]
[2021-06-24T04:28:40+08:00][sql] SHOW FULL COLUMNS FROM `carver_comment_to_others` [ RunTime:0.000595s ]
[2021-06-24T04:28:40+08:00][sql] SELECT * FROM `carver_comment_to_others` [ RunTime:0.000280s ]
[2021-06-24T04:28:40+08:00][sql] SHOW FULL COLUMNS FROM `carver_user` [ RunTime:0.000471s ]
[2021-06-24T04:28:40+08:00][sql] SELECT `user_name` FROM `carver_user` WHERE  `user_id` = 4 LIMIT 1 [ RunTime:0.000245s ]
[2021-06-24T04:28:40+08:00][sql] SELECT `user_name` FROM `carver_user` WHERE  `user_id` = 4 LIMIT 1 [ RunTime:0.000246s ]
[2021-06-24T04:28:40+08:00][sql] SELECT `user_name` FROM `carver_user` WHERE  `user_id` = 5 LIMIT 1 [ RunTime:0.000222s ]
[2021-06-24T04:28:40+08:00][sql] SELECT `user_name` FROM `carver_user` WHERE  `user_id` = 5 LIMIT 1 [ RunTime:0.000206s ]
[2021-06-24T04:28:40+08:00][sql] SELECT `user_name` FROM `carver_user` WHERE  `user_id` = 37 LIMIT 1 [ RunTime:0.000249s ]
[2021-06-24T04:28:40+08:00][sql] SHOW FULL COLUMNS FROM `carver_navigation` [ RunTime:0.000542s ]
[2021-06-24T04:28:40+08:00][sql] SELECT * FROM `carver_navigation` [ RunTime:0.000241s ]
[2021-06-24T04:28:40+08:00][sql] SELECT `article_label` FROM `carver_article` [ RunTime:0.000289s ]
[2021-06-24T06:01:58+08:00][sql] CONNECT:[ UseTime:0.000501s ] mysql:host=127.0.0.1;port=3306;dbname=carver;charset=utf8
[2021-06-24T06:01:58+08:00][sql] SHOW FULL COLUMNS FROM `carver_article` [ RunTime:0.000867s ]
[2021-06-24T06:01:58+08:00][sql] SELECT `article_id`,`article_title`,`article_desc`,`article_content`,`article_img`,`article_guide`,`article_label`,`click_num`,`is_show`,`add_time`,`article_author` FROM `carver_article` WHERE  `article_id` = 20 LIMIT 1 [ RunTime:0.000590s ]
[2021-06-24T06:01:58+08:00][sql] SELECT `article_id`,`article_title`,`article_desc`,`article_content`,`article_img`,`article_guide`,`article_label`,`click_num`,`is_show`,`add_time`,`article_author` FROM `carver_article` WHERE  `article_id` > 20 LIMIT 1 [ RunTime:0.000399s ]
[2021-06-24T06:01:58+08:00][sql] SELECT `article_id`,`article_title`,`article_desc`,`article_content`,`article_img`,`article_guide`,`article_label`,`click_num`,`is_show`,`add_time`,`article_author` FROM `carver_article` WHERE  `article_id` < 20 ORDER BY `article_id` DESC LIMIT 1 [ RunTime:0.002090s ]
[2021-06-24T06:01:58+08:00][sql] SHOW FULL COLUMNS FROM `carver_link` [ RunTime:0.000691s ]
[2021-06-24T06:01:58+08:00][sql] SELECT * FROM `carver_link` WHERE  ( is_confirm=2 ) LIMIT 20 [ RunTime:0.000319s ]
[2021-06-24T06:01:58+08:00][sql] SELECT article_id,article_title,click_num,FROM_UNIXTIME(add_time,'%Y-%m-%d') as add_time FROM `carver_article` ORDER BY `click_num` DESC LIMIT 3 [ RunTime:0.000346s ]
[2021-06-24T06:01:58+08:00][sql] SHOW FULL COLUMNS FROM `carver_comment` [ RunTime:0.000565s ]
[2021-06-24T06:01:58+08:00][sql] SELECT `a`.*,`b`.`user_name` FROM `carver_comment` `a` INNER JOIN `carver_user` `b` ON `a`.`user_id`=`b`.`user_id` WHERE  `article_id` = 20 ORDER BY `create_time` DESC [ RunTime:0.000347s ]
[2021-06-24T06:01:58+08:00][sql] SHOW FULL COLUMNS FROM `carver_comment_to_others` [ RunTime:0.000604s ]
[2021-06-24T06:01:58+08:00][sql] SELECT * FROM `carver_comment_to_others` [ RunTime:0.000308s ]
[2021-06-24T06:01:58+08:00][sql] SHOW FULL COLUMNS FROM `carver_user` [ RunTime:0.000580s ]
[2021-06-24T06:01:58+08:00][sql] SELECT `user_name` FROM `carver_user` WHERE  `user_id` = 4 LIMIT 1 [ RunTime:0.000238s ]
[2021-06-24T06:01:58+08:00][sql] SELECT `user_name` FROM `carver_user` WHERE  `user_id` = 4 LIMIT 1 [ RunTime:0.000209s ]
[2021-06-24T06:01:58+08:00][sql] SELECT `user_name` FROM `carver_user` WHERE  `user_id` = 5 LIMIT 1 [ RunTime:0.000220s ]
[2021-06-24T06:01:58+08:00][sql] SELECT `user_name` FROM `carver_user` WHERE  `user_id` = 5 LIMIT 1 [ RunTime:0.000228s ]
[2021-06-24T06:01:58+08:00][sql] SELECT `user_name` FROM `carver_user` WHERE  `user_id` = 37 LIMIT 1 [ RunTime:0.000210s ]
[2021-06-24T06:01:58+08:00][sql] SELECT `user_name`,`user_id` FROM `carver_user` [ RunTime:0.000239s ]
[2021-06-24T06:01:58+08:00][sql] SHOW FULL COLUMNS FROM `carver_navigation` [ RunTime:0.000531s ]
[2021-06-24T06:01:58+08:00][sql] SELECT * FROM `carver_navigation` [ RunTime:0.000240s ]
[2021-06-24T06:01:58+08:00][sql] SELECT `article_label` FROM `carver_article` [ RunTime:0.000250s ]
[2021-06-24T07:14:49+08:00][sql] CONNECT:[ UseTime:0.000545s ] mysql:host=127.0.0.1;port=3306;dbname=carver;charset=utf8
[2021-06-24T07:14:49+08:00][sql] SHOW FULL COLUMNS FROM `carver_user` [ RunTime:0.000764s ]
[2021-06-24T07:14:49+08:00][sql] SHOW FULL COLUMNS FROM `carver_article` [ RunTime:0.000659s ]
[2021-06-24T07:14:49+08:00][sql] SELECT COUNT(*) AS think_count FROM `carver_article` WHERE  `delete_time` = 0  AND `is_show` = 1 [ RunTime:0.000387s ]
[2021-06-24T07:14:49+08:00][sql] SELECT `article_id`,`article_title`,`article_desc`,`article_content`,`article_img`,`article_guide`,`article_label`,`click_num`,`is_show`,`add_time`,`article_author`,`is_top_show` FROM `carver_article` WHERE  `delete_time` = 0  AND `is_show` = 1 ORDER BY `article_id` DESC LIMIT 0,6 [ RunTime:0.000743s ]
[2021-06-24T07:14:49+08:00][sql] SELECT article_id,article_title,click_num,FROM_UNIXTIME(add_time,'%Y-%m-%d') as add_time FROM `carver_article` WHERE  `is_show` = 1  AND `delete_time` = 0 ORDER BY `click_num` DESC LIMIT 3 [ RunTime:0.000414s ]
[2021-06-24T07:14:49+08:00][sql] SHOW FULL COLUMNS FROM `carver_notice` [ RunTime:0.000563s ]
[2021-06-24T07:14:49+08:00][sql] SELECT * FROM `carver_notice` ORDER BY `create_time` DESC LIMIT 3 [ RunTime:0.000257s ]
[2021-06-24T07:14:49+08:00][sql] SHOW FULL COLUMNS FROM `carver_navigation` [ RunTime:0.000556s ]
[2021-06-24T07:14:49+08:00][sql] SELECT * FROM `carver_navigation` [ RunTime:0.000230s ]
[2021-06-24T07:14:49+08:00][sql] SHOW FULL COLUMNS FROM `carver_link` [ RunTime:0.000490s ]
[2021-06-24T07:14:49+08:00][sql] SELECT * FROM `carver_link` WHERE  ( is_confirm=2 ) LIMIT 20 [ RunTime:0.000266s ]
[2021-06-24T07:14:49+08:00][sql] SELECT `article_label` FROM `carver_article` [ RunTime:0.000283s ]
[2021-06-24T07:14:49+08:00][sql] SHOW FULL COLUMNS FROM `carver_carouse` [ RunTime:0.000446s ]
[2021-06-24T07:14:49+08:00][sql] SELECT `carouse_img`,`carouse_desc` FROM `carver_carouse` WHERE  `is_show` = 1 ORDER BY `carouse_sort` DESC LIMIT 3 [ RunTime:0.000314s ]
[2021-06-24T07:14:49+08:00][sql] SHOW FULL COLUMNS FROM `carver_site` [ RunTime:0.000456s ]
[2021-06-24T07:14:49+08:00][sql] SELECT * FROM `carver_site` [ RunTime:0.000221s ]
[2021-06-24T08:33:34+08:00][sql] CONNECT:[ UseTime:0.000581s ] mysql:host=127.0.0.1;port=3306;dbname=carver;charset=utf8
[2021-06-24T08:33:34+08:00][sql] SHOW FULL COLUMNS FROM `carver_user` [ RunTime:0.000780s ]
[2021-06-24T08:33:34+08:00][sql] SHOW FULL COLUMNS FROM `carver_article` [ RunTime:0.000678s ]
[2021-06-24T08:33:34+08:00][sql] SELECT COUNT(*) AS think_count FROM `carver_article` WHERE  `delete_time` = 0  AND `is_show` = 1 [ RunTime:0.000373s ]
[2021-06-24T08:33:34+08:00][sql] SELECT `article_id`,`article_title`,`article_desc`,`article_content`,`article_img`,`article_guide`,`article_label`,`click_num`,`is_show`,`add_time`,`article_author`,`is_top_show` FROM `carver_article` WHERE  `delete_time` = 0  AND `is_show` = 1 ORDER BY `article_id` DESC LIMIT 0,6 [ RunTime:0.000752s ]
[2021-06-24T08:33:34+08:00][sql] SELECT article_id,article_title,click_num,FROM_UNIXTIME(add_time,'%Y-%m-%d') as add_time FROM `carver_article` WHERE  `is_show` = 1  AND `delete_time` = 0 ORDER BY `click_num` DESC LIMIT 3 [ RunTime:0.000394s ]
[2021-06-24T08:33:34+08:00][sql] SHOW FULL COLUMNS FROM `carver_notice` [ RunTime:0.000512s ]
[2021-06-24T08:33:34+08:00][sql] SELECT * FROM `carver_notice` ORDER BY `create_time` DESC LIMIT 3 [ RunTime:0.000274s ]
[2021-06-24T08:33:34+08:00][sql] SHOW FULL COLUMNS FROM `carver_navigation` [ RunTime:0.000536s ]
[2021-06-24T08:33:34+08:00][sql] SELECT * FROM `carver_navigation` [ RunTime:0.000236s ]
[2021-06-24T08:33:34+08:00][sql] SHOW FULL COLUMNS FROM `carver_link` [ RunTime:0.000541s ]
[2021-06-24T08:33:34+08:00][sql] SELECT * FROM `carver_link` WHERE  ( is_confirm=2 ) LIMIT 20 [ RunTime:0.000296s ]
[2021-06-24T08:33:34+08:00][sql] SELECT `article_label` FROM `carver_article` [ RunTime:0.000301s ]
[2021-06-24T08:33:34+08:00][sql] SHOW FULL COLUMNS FROM `carver_carouse` [ RunTime:0.000475s ]
[2021-06-24T08:33:34+08:00][sql] SELECT `carouse_img`,`carouse_desc` FROM `carver_carouse` WHERE  `is_show` = 1 ORDER BY `carouse_sort` DESC LIMIT 3 [ RunTime:0.000286s ]
[2021-06-24T08:33:34+08:00][sql] SHOW FULL COLUMNS FROM `carver_site` [ RunTime:0.000475s ]
[2021-06-24T08:33:34+08:00][sql] SELECT * FROM `carver_site` [ RunTime:0.000225s ]
[2021-06-24T10:42:09+08:00][sql] CONNECT:[ UseTime:0.000839s ] mysql:host=127.0.0.1;port=3306;dbname=carver;charset=utf8
[2021-06-24T10:42:09+08:00][sql] SHOW FULL COLUMNS FROM `carver_user` [ RunTime:0.000953s ]
[2021-06-24T10:42:09+08:00][sql] SHOW FULL COLUMNS FROM `carver_article` [ RunTime:0.000666s ]
[2021-06-24T10:42:09+08:00][sql] SELECT COUNT(*) AS think_count FROM `carver_article` WHERE  `delete_time` = 0  AND `is_show` = 1 [ RunTime:0.000372s ]
[2021-06-24T10:42:09+08:00][sql] SELECT `article_id`,`article_title`,`article_desc`,`article_content`,`article_img`,`article_guide`,`article_label`,`click_num`,`is_show`,`add_time`,`article_author`,`is_top_show` FROM `carver_article` WHERE  `delete_time` = 0  AND `is_show` = 1 ORDER BY `article_id` DESC LIMIT 6,6 [ RunTime:0.003542s ]
[2021-06-24T10:42:09+08:00][sql] SELECT article_id,article_title,click_num,FROM_UNIXTIME(add_time,'%Y-%m-%d') as add_time FROM `carver_article` WHERE  `is_show` = 1  AND `delete_time` = 0 ORDER BY `click_num` DESC LIMIT 3 [ RunTime:0.000680s ]
[2021-06-24T10:42:09+08:00][sql] SHOW FULL COLUMNS FROM `carver_notice` [ RunTime:0.000661s ]
[2021-06-24T10:42:09+08:00][sql] SELECT * FROM `carver_notice` ORDER BY `create_time` DESC LIMIT 3 [ RunTime:0.000285s ]
[2021-06-24T10:42:09+08:00][sql] SHOW FULL COLUMNS FROM `carver_navigation` [ RunTime:0.000536s ]
[2021-06-24T10:42:09+08:00][sql] SELECT * FROM `carver_navigation` [ RunTime:0.000238s ]
[2021-06-24T10:42:09+08:00][sql] SHOW FULL COLUMNS FROM `carver_link` [ RunTime:0.000555s ]
[2021-06-24T10:42:09+08:00][sql] SELECT * FROM `carver_link` WHERE  ( is_confirm=2 ) LIMIT 20 [ RunTime:0.000336s ]
[2021-06-24T10:42:09+08:00][sql] SELECT `article_label` FROM `carver_article` [ RunTime:0.000298s ]
[2021-06-24T10:42:09+08:00][sql] SHOW FULL COLUMNS FROM `carver_carouse` [ RunTime:0.000476s ]
[2021-06-24T10:42:09+08:00][sql] SELECT `carouse_img`,`carouse_desc` FROM `carver_carouse` WHERE  `is_show` = 1 ORDER BY `carouse_sort` DESC LIMIT 3 [ RunTime:0.000300s ]
[2021-06-24T10:42:09+08:00][sql] SHOW FULL COLUMNS FROM `carver_site` [ RunTime:0.000471s ]
[2021-06-24T10:42:09+08:00][sql] SELECT * FROM `carver_site` [ RunTime:0.000223s ]
[2021-06-24T12:02:16+08:00][sql] CONNECT:[ UseTime:0.000542s ] mysql:host=127.0.0.1;port=3306;dbname=carver;charset=utf8
[2021-06-24T12:02:16+08:00][sql] SHOW FULL COLUMNS FROM `carver_user` [ RunTime:0.000874s ]
[2021-06-24T12:02:16+08:00][sql] SHOW FULL COLUMNS FROM `carver_article` [ RunTime:0.000842s ]
[2021-06-24T12:02:16+08:00][sql] SELECT COUNT(*) AS think_count FROM `carver_article` WHERE  `delete_time` = 0  AND `is_show` = 1 [ RunTime:0.000389s ]
[2021-06-24T12:02:16+08:00][sql] SELECT `article_id`,`article_title`,`article_desc`,`article_content`,`article_img`,`article_guide`,`article_label`,`click_num`,`is_show`,`add_time`,`article_author`,`is_top_show` FROM `carver_article` WHERE  `delete_time` = 0  AND `is_show` = 1 ORDER BY `article_id` DESC LIMIT 0,6 [ RunTime:0.000762s ]
[2021-06-24T12:02:16+08:00][sql] SELECT article_id,article_title,click_num,FROM_UNIXTIME(add_time,'%Y-%m-%d') as add_time FROM `carver_article` WHERE  `is_show` = 1  AND `delete_time` = 0 ORDER BY `click_num` DESC LIMIT 3 [ RunTime:0.000801s ]
[2021-06-24T12:02:16+08:00][sql] SHOW FULL COLUMNS FROM `carver_notice` [ RunTime:0.000647s ]
[2021-06-24T12:02:16+08:00][sql] SELECT * FROM `carver_notice` ORDER BY `create_time` DESC LIMIT 3 [ RunTime:0.000293s ]
[2021-06-24T12:02:16+08:00][sql] SHOW FULL COLUMNS FROM `carver_navigation` [ RunTime:0.000570s ]
[2021-06-24T12:02:16+08:00][sql] SELECT * FROM `carver_navigation` [ RunTime:0.000301s ]
[2021-06-24T12:02:16+08:00][sql] SHOW FULL COLUMNS FROM `carver_link` [ RunTime:0.000536s ]
[2021-06-24T12:02:16+08:00][sql] SELECT * FROM `carver_link` WHERE  ( is_confirm=2 ) LIMIT 20 [ RunTime:0.000305s ]
[2021-06-24T12:02:16+08:00][sql] SELECT `article_label` FROM `carver_article` [ RunTime:0.000325s ]
[2021-06-24T12:02:16+08:00][sql] SHOW FULL COLUMNS FROM `carver_carouse` [ RunTime:0.000653s ]
[2021-06-24T12:02:16+08:00][sql] SELECT `carouse_img`,`carouse_desc` FROM `carver_carouse` WHERE  `is_show` = 1 ORDER BY `carouse_sort` DESC LIMIT 3 [ RunTime:0.000424s ]
[2021-06-24T12:02:16+08:00][sql] SHOW FULL COLUMNS FROM `carver_site` [ RunTime:0.000666s ]
[2021-06-24T12:02:16+08:00][sql] SELECT * FROM `carver_site` [ RunTime:0.000270s ]
[2021-06-24T12:29:01+08:00][sql] CONNECT:[ UseTime:0.000552s ] mysql:host=127.0.0.1;port=3306;dbname=carver;charset=utf8
[2021-06-24T12:29:01+08:00][sql] SHOW FULL COLUMNS FROM `carver_user` [ RunTime:0.000829s ]
[2021-06-24T12:29:01+08:00][sql] SHOW FULL COLUMNS FROM `carver_article` [ RunTime:0.000699s ]
[2021-06-24T12:29:01+08:00][sql] SELECT COUNT(*) AS think_count FROM `carver_article` WHERE  `delete_time` = 0  AND `is_show` = 1 [ RunTime:0.000375s ]
[2021-06-24T12:29:01+08:00][sql] SELECT `article_id`,`article_title`,`article_desc`,`article_content`,`article_img`,`article_guide`,`article_label`,`click_num`,`is_show`,`add_time`,`article_author`,`is_top_show` FROM `carver_article` WHERE  `delete_time` = 0  AND `is_show` = 1 ORDER BY `article_id` DESC LIMIT 0,6 [ RunTime:0.000744s ]
[2021-06-24T12:29:01+08:00][sql] SELECT article_id,article_title,click_num,FROM_UNIXTIME(add_time,'%Y-%m-%d') as add_time FROM `carver_article` WHERE  `is_show` = 1  AND `delete_time` = 0 ORDER BY `click_num` DESC LIMIT 3 [ RunTime:0.000481s ]
[2021-06-24T12:29:01+08:00][sql] SHOW FULL COLUMNS FROM `carver_notice` [ RunTime:0.000616s ]
[2021-06-24T12:29:01+08:00][sql] SELECT * FROM `carver_notice` ORDER BY `create_time` DESC LIMIT 3 [ RunTime:0.000265s ]
[2021-06-24T12:29:01+08:00][sql] SHOW FULL COLUMNS FROM `carver_navigation` [ RunTime:0.000537s ]
[2021-06-24T12:29:01+08:00][sql] SELECT * FROM `carver_navigation` [ RunTime:0.000233s ]
[2021-06-24T12:29:01+08:00][sql] SHOW FULL COLUMNS FROM `carver_link` [ RunTime:0.000468s ]
[2021-06-24T12:29:01+08:00][sql] SELECT * FROM `carver_link` WHERE  ( is_confirm=2 ) LIMIT 20 [ RunTime:0.000304s ]
[2021-06-24T12:29:01+08:00][sql] SELECT `article_label` FROM `carver_article` [ RunTime:0.000280s ]
[2021-06-24T12:29:01+08:00][sql] SHOW FULL COLUMNS FROM `carver_carouse` [ RunTime:0.000537s ]
[2021-06-24T12:29:01+08:00][sql] SELECT `carouse_img`,`carouse_desc` FROM `carver_carouse` WHERE  `is_show` = 1 ORDER BY `carouse_sort` DESC LIMIT 3 [ RunTime:0.000495s ]
[2021-06-24T12:29:01+08:00][sql] SHOW FULL COLUMNS FROM `carver_site` [ RunTime:0.000816s ]
[2021-06-24T12:29:01+08:00][sql] SELECT * FROM `carver_site` [ RunTime:0.000261s ]
[2021-06-24T13:22:57+08:00][sql] CONNECT:[ UseTime:0.000549s ] mysql:host=127.0.0.1;port=3306;dbname=carver;charset=utf8
[2021-06-24T13:22:57+08:00][sql] SHOW FULL COLUMNS FROM `carver_article` [ RunTime:0.000881s ]
[2021-06-24T13:22:57+08:00][sql] SELECT `article_id`,`article_title`,`article_desc`,`article_content`,`article_img`,`article_guide`,`article_label`,`click_num`,`is_show`,`add_time`,`article_author` FROM `carver_article` WHERE  `article_id` = 23'A=0 LIMIT 1 [ RunTime:0.000480s ]
[2021-06-24T13:22:57+08:00][sql] SELECT `article_id`,`article_title`,`article_desc`,`article_content`,`article_img`,`article_guide`,`article_label`,`click_num`,`is_show`,`add_time`,`article_author` FROM `carver_article` WHERE  `article_id` > 23'A=0 LIMIT 1 [ RunTime:0.000499s ]
[2021-06-24T13:22:57+08:00][sql] SELECT `article_id`,`article_title`,`article_desc`,`article_content`,`article_img`,`article_guide`,`article_label`,`click_num`,`is_show`,`add_time`,`article_author` FROM `carver_article` WHERE  `article_id` < 23'A=0 ORDER BY `article_id` DESC LIMIT 1 [ RunTime:0.000497s ]
[2021-06-24T13:22:57+08:00][sql] SHOW FULL COLUMNS FROM `carver_link` [ RunTime:0.000622s ]
[2021-06-24T13:22:57+08:00][sql] SELECT * FROM `carver_link` WHERE  ( is_confirm=2 ) LIMIT 20 [ RunTime:0.000313s ]
[2021-06-24T13:22:57+08:00][sql] SELECT article_id,article_title,click_num,FROM_UNIXTIME(add_time,'%Y-%m-%d') as add_time FROM `carver_article` ORDER BY `click_num` DESC LIMIT 3 [ RunTime:0.000377s ]
[2021-06-24T13:22:57+08:00][sql] SHOW FULL COLUMNS FROM `carver_comment` [ RunTime:0.000585s ]
[2021-06-24T13:22:57+08:00][sql] SELECT `a`.*,`b`.`user_name` FROM `carver_comment` `a` INNER JOIN `carver_user` `b` ON `a`.`user_id`=`b`.`user_id` WHERE  `article_id` = 23'A=0 ORDER BY `create_time` DESC [ RunTime:0.000360s ]
[2021-06-24T13:22:57+08:00][sql] SHOW FULL COLUMNS FROM `carver_comment_to_others` [ RunTime:0.000564s ]
[2021-06-24T13:22:57+08:00][sql] SELECT * FROM `carver_comment_to_others` [ RunTime:0.000256s ]
[2021-06-24T13:22:57+08:00][sql] SHOW FULL COLUMNS FROM `carver_user` [ RunTime:0.000444s ]
[2021-06-24T13:22:57+08:00][sql] SELECT `user_name` FROM `carver_user` WHERE  `user_id` = 4 LIMIT 1 [ RunTime:0.000246s ]
[2021-06-24T13:22:57+08:00][sql] SELECT `user_name` FROM `carver_user` WHERE  `user_id` = 4 LIMIT 1 [ RunTime:0.000216s ]
[2021-06-24T13:22:57+08:00][sql] SELECT `user_name` FROM `carver_user` WHERE  `user_id` = 5 LIMIT 1 [ RunTime:0.000247s ]
[2021-06-24T13:22:57+08:00][sql] SELECT `user_name` FROM `carver_user` WHERE  `user_id` = 5 LIMIT 1 [ RunTime:0.000242s ]
[2021-06-24T13:22:57+08:00][sql] SELECT `user_name` FROM `carver_user` WHERE  `user_id` = 37 LIMIT 1 [ RunTime:0.000222s ]
[2021-06-24T13:22:57+08:00][sql] SELECT `user_name`,`user_id` FROM `carver_user` [ RunTime:0.000325s ]
[2021-06-24T13:22:57+08:00][sql] SHOW FULL COLUMNS FROM `carver_navigation` [ RunTime:0.000512s ]
[2021-06-24T13:22:57+08:00][sql] SELECT * FROM `carver_navigation` [ RunTime:0.000248s ]
[2021-06-24T13:22:57+08:00][sql] SELECT `article_label` FROM `carver_article` [ RunTime:0.000284s ]
[2021-06-24T16:00:56+08:00][sql] CONNECT:[ UseTime:0.000554s ] mysql:host=127.0.0.1;port=3306;dbname=carver;charset=utf8
[2021-06-24T16:00:56+08:00][sql] SHOW FULL COLUMNS FROM `carver_user` [ RunTime:0.000869s ]
[2021-06-24T16:00:56+08:00][sql] SHOW FULL COLUMNS FROM `carver_article` [ RunTime:0.000757s ]
[2021-06-24T16:00:56+08:00][sql] SELECT COUNT(*) AS think_count FROM `carver_article` WHERE  `delete_time` = 0  AND `is_show` = 1 [ RunTime:0.000385s ]
[2021-06-24T16:00:56+08:00][sql] SELECT `article_id`,`article_title`,`article_desc`,`article_content`,`article_img`,`article_guide`,`article_label`,`click_num`,`is_show`,`add_time`,`article_author`,`is_top_show` FROM `carver_article` WHERE  `delete_time` = 0  AND `is_show` = 1 ORDER BY `article_id` DESC LIMIT 0,6 [ RunTime:0.000826s ]
[2021-06-24T16:00:56+08:00][sql] SELECT article_id,article_title,click_num,FROM_UNIXTIME(add_time,'%Y-%m-%d') as add_time FROM `carver_article` WHERE  `is_show` = 1  AND `delete_time` = 0 ORDER BY `click_num` DESC LIMIT 3 [ RunTime:0.000493s ]
[2021-06-24T16:00:56+08:00][sql] SHOW FULL COLUMNS FROM `carver_notice` [ RunTime:0.000643s ]
[2021-06-24T16:00:56+08:00][sql] SELECT * FROM `carver_notice` ORDER BY `create_time` DESC LIMIT 3 [ RunTime:0.000277s ]
[2021-06-24T16:00:56+08:00][sql] SHOW FULL COLUMNS FROM `carver_navigation` [ RunTime:0.000572s ]
[2021-06-24T16:00:56+08:00][sql] SELECT * FROM `carver_navigation` [ RunTime:0.000261s ]
[2021-06-24T16:00:56+08:00][sql] SHOW FULL COLUMNS FROM `carver_link` [ RunTime:0.000608s ]
[2021-06-24T16:00:56+08:00][sql] SELECT * FROM `carver_link` WHERE  ( is_confirm=2 ) LIMIT 20 [ RunTime:0.000295s ]
[2021-06-24T16:00:56+08:00][sql] SELECT `article_label` FROM `carver_article` [ RunTime:0.000321s ]
[2021-06-24T16:00:56+08:00][sql] SHOW FULL COLUMNS FROM `carver_carouse` [ RunTime:0.000522s ]
[2021-06-24T16:00:56+08:00][sql] SELECT `carouse_img`,`carouse_desc` FROM `carver_carouse` WHERE  `is_show` = 1 ORDER BY `carouse_sort` DESC LIMIT 3 [ RunTime:0.000320s ]
[2021-06-24T16:00:56+08:00][sql] SHOW FULL COLUMNS FROM `carver_site` [ RunTime:0.000498s ]
[2021-06-24T16:00:56+08:00][sql] SELECT * FROM `carver_site` [ RunTime:0.000258s ]
[2021-06-24T17:12:04+08:00][sql] CONNECT:[ UseTime:0.000602s ] mysql:host=127.0.0.1;port=3306;dbname=carver;charset=utf8
[2021-06-24T17:12:04+08:00][sql] SHOW FULL COLUMNS FROM `carver_article` [ RunTime:0.000942s ]
[2021-06-24T17:12:04+08:00][sql] SELECT `article_id`,`article_title`,`article_desc`,`article_content`,`article_img`,`article_guide`,`article_label`,`click_num`,`is_show`,`add_time`,`article_author` FROM `carver_article` WHERE  `article_id` = 1/ LIMIT 1 [ RunTime:0.000538s ]
[2021-06-24T17:12:04+08:00][sql] SELECT `article_id`,`article_title`,`article_desc`,`article_content`,`article_img`,`article_guide`,`article_label`,`click_num`,`is_show`,`add_time`,`article_author` FROM `carver_article` WHERE  `article_id` > 1/ LIMIT 1 [ RunTime:0.000377s ]
[2021-06-24T17:12:04+08:00][sql] SELECT `article_id`,`article_title`,`article_desc`,`article_content`,`article_img`,`article_guide`,`article_label`,`click_num`,`is_show`,`add_time`,`article_author` FROM `carver_article` WHERE  `article_id` < 1/ ORDER BY `article_id` DESC LIMIT 1 [ RunTime:0.000323s ]
[2021-06-24T17:12:04+08:00][sql] SHOW FULL COLUMNS FROM `carver_link` [ RunTime:0.000633s ]
[2021-06-24T17:12:04+08:00][sql] SELECT * FROM `carver_link` WHERE  ( is_confirm=2 ) LIMIT 20 [ RunTime:0.000313s ]
[2021-06-24T17:12:04+08:00][sql] SELECT article_id,article_title,click_num,FROM_UNIXTIME(add_time,'%Y-%m-%d') as add_time FROM `carver_article` ORDER BY `click_num` DESC LIMIT 3 [ RunTime:0.000379s ]
[2021-06-24T17:12:04+08:00][sql] SHOW FULL COLUMNS FROM `carver_comment` [ RunTime:0.000633s ]
[2021-06-24T17:12:04+08:00][sql] SELECT `a`.*,`b`.`user_name` FROM `carver_comment` `a` INNER JOIN `carver_user` `b` ON `a`.`user_id`=`b`.`user_id` WHERE  `article_id` = 1/ ORDER BY `create_time` DESC [ RunTime:0.000346s ]
[2021-06-24T17:12:04+08:00][sql] SHOW FULL COLUMNS FROM `carver_comment_to_others` [ RunTime:0.000606s ]
[2021-06-24T17:12:04+08:00][sql] SELECT * FROM `carver_comment_to_others` [ RunTime:0.000254s ]
[2021-06-24T17:12:04+08:00][sql] SHOW FULL COLUMNS FROM `carver_user` [ RunTime:0.000521s ]
[2021-06-24T17:12:04+08:00][sql] SELECT `user_name` FROM `carver_user` WHERE  `user_id` = 4 LIMIT 1 [ RunTime:0.000242s ]
[2021-06-24T17:12:04+08:00][sql] SELECT `user_name` FROM `carver_user` WHERE  `user_id` = 4 LIMIT 1 [ RunTime:0.000236s ]
[2021-06-24T17:12:04+08:00][sql] SELECT `user_name` FROM `carver_user` WHERE  `user_id` = 5 LIMIT 1 [ RunTime:0.000209s ]
[2021-06-24T17:12:04+08:00][sql] SELECT `user_name` FROM `carver_user` WHERE  `user_id` = 5 LIMIT 1 [ RunTime:0.000223s ]
[2021-06-24T17:12:04+08:00][sql] SELECT `user_name` FROM `carver_user` WHERE  `user_id` = 37 LIMIT 1 [ RunTime:0.000241s ]
[2021-06-24T17:12:04+08:00][sql] SELECT `user_name`,`user_id` FROM `carver_user` [ RunTime:0.000258s ]
[2021-06-24T17:12:04+08:00][sql] SHOW FULL COLUMNS FROM `carver_navigation` [ RunTime:0.000619s ]
[2021-06-24T17:12:04+08:00][sql] SELECT * FROM `carver_navigation` [ RunTime:0.000241s ]
[2021-06-24T17:12:04+08:00][sql] SELECT `article_label` FROM `carver_article` [ RunTime:0.000295s ]
[2021-06-24T17:12:06+08:00][sql] CONNECT:[ UseTime:0.000586s ] mysql:host=127.0.0.1;port=3306;dbname=carver;charset=utf8
[2021-06-24T17:12:06+08:00][sql] SHOW FULL COLUMNS FROM `carver_article` [ RunTime:0.000883s ]
[2021-06-24T17:12:06+08:00][sql] SELECT `article_id`,`article_title`,`article_desc`,`article_content`,`article_img`,`article_guide`,`article_label`,`click_num`,`is_show`,`add_time`,`article_author` FROM `carver_article` WHERE  `article_id` = 10/ LIMIT 1 [ RunTime:0.000584s ]
[2021-06-24T17:12:06+08:00][sql] SELECT `article_id`,`article_title`,`article_desc`,`article_content`,`article_img`,`article_guide`,`article_label`,`click_num`,`is_show`,`add_time`,`article_author` FROM `carver_article` WHERE  `article_id` > 10/ LIMIT 1 [ RunTime:0.000361s ]
[2021-06-24T17:12:06+08:00][sql] SELECT `article_id`,`article_title`,`article_desc`,`article_content`,`article_img`,`article_guide`,`article_label`,`click_num`,`is_show`,`add_time`,`article_author` FROM `carver_article` WHERE  `article_id` < 10/ ORDER BY `article_id` DESC LIMIT 1 [ RunTime:0.000562s ]
[2021-06-24T17:12:06+08:00][sql] SHOW FULL COLUMNS FROM `carver_link` [ RunTime:0.000577s ]
[2021-06-24T17:12:06+08:00][sql] SELECT * FROM `carver_link` WHERE  ( is_confirm=2 ) LIMIT 20 [ RunTime:0.000347s ]
[2021-06-24T17:12:06+08:00][sql] SELECT article_id,article_title,click_num,FROM_UNIXTIME(add_time,'%Y-%m-%d') as add_time FROM `carver_article` ORDER BY `click_num` DESC LIMIT 3 [ RunTime:0.000447s ]
[2021-06-24T17:12:06+08:00][sql] SHOW FULL COLUMNS FROM `carver_comment` [ RunTime:0.000583s ]
[2021-06-24T17:12:06+08:00][sql] SELECT `a`.*,`b`.`user_name` FROM `carver_comment` `a` INNER JOIN `carver_user` `b` ON `a`.`user_id`=`b`.`user_id` WHERE  `article_id` = 10/ ORDER BY `create_time` DESC [ RunTime:0.000356s ]
[2021-06-24T17:12:06+08:00][sql] SHOW FULL COLUMNS FROM `carver_comment_to_others` [ RunTime:0.000758s ]
[2021-06-24T17:12:06+08:00][sql] SELECT * FROM `carver_comment_to_others` [ RunTime:0.000236s ]
[2021-06-24T17:12:06+08:00][sql] SHOW FULL COLUMNS FROM `carver_user` [ RunTime:0.000482s ]
[2021-06-24T17:12:06+08:00][sql] SELECT `user_name` FROM `carver_user` WHERE  `user_id` = 4 LIMIT 1 [ RunTime:0.000291s ]
[2021-06-24T17:12:06+08:00][sql] SELECT `user_name` FROM `carver_user` WHERE  `user_id` = 4 LIMIT 1 [ RunTime:0.000464s ]
[2021-06-24T17:12:06+08:00][sql] SELECT `user_name` FROM `carver_user` WHERE  `user_id` = 5 LIMIT 1 [ RunTime:0.000241s ]
[2021-06-24T17:12:06+08:00][sql] SELECT `user_name` FROM `carver_user` WHERE  `user_id` = 5 LIMIT 1 [ RunTime:0.000217s ]
[2021-06-24T17:12:06+08:00][sql] SELECT `user_name` FROM `carver_user` WHERE  `user_id` = 37 LIMIT 1 [ RunTime:0.000213s ]
[2021-06-24T17:12:06+08:00][sql] SHOW FULL COLUMNS FROM `carver_navigation` [ RunTime:0.000507s ]
[2021-06-24T17:12:06+08:00][sql] SELECT * FROM `carver_navigation` [ RunTime:0.000257s ]
[2021-06-24T17:12:06+08:00][sql] SELECT `article_label` FROM `carver_article` [ RunTime:0.000299s ]
[2021-06-24T17:12:08+08:00][sql] CONNECT:[ UseTime:0.000568s ] mysql:host=127.0.0.1;port=3306;dbname=carver;charset=utf8
[2021-06-24T17:12:08+08:00][sql] SHOW FULL COLUMNS FROM `carver_article` [ RunTime:0.000910s ]
[2021-06-24T17:12:08+08:00][sql] SELECT `article_id`,`article_title`,`article_desc`,`article_content`,`article_img`,`article_guide`,`article_label`,`click_num`,`is_show`,`add_time`,`article_author` FROM `carver_article` WHERE  `article_id` = 11/ LIMIT 1 [ RunTime:0.000451s ]
[2021-06-24T17:12:08+08:00][sql] SELECT `article_id`,`article_title`,`article_desc`,`article_content`,`article_img`,`article_guide`,`article_label`,`click_num`,`is_show`,`add_time`,`article_author` FROM `carver_article` WHERE  `article_id` > 11/ LIMIT 1 [ RunTime:0.000378s ]
[2021-06-24T17:12:08+08:00][sql] SELECT `article_id`,`article_title`,`article_desc`,`article_content`,`article_img`,`article_guide`,`article_label`,`click_num`,`is_show`,`add_time`,`article_author` FROM `carver_article` WHERE  `article_id` < 11/ ORDER BY `article_id` DESC LIMIT 1 [ RunTime:0.000550s ]
[2021-06-24T17:12:08+08:00][sql] SHOW FULL COLUMNS FROM `carver_link` [ RunTime:0.000651s ]
[2021-06-24T17:12:08+08:00][sql] SELECT * FROM `carver_link` WHERE  ( is_confirm=2 ) LIMIT 20 [ RunTime:0.000307s ]
[2021-06-24T17:12:08+08:00][sql] SELECT article_id,article_title,click_num,FROM_UNIXTIME(add_time,'%Y-%m-%d') as add_time FROM `carver_article` ORDER BY `click_num` DESC LIMIT 3 [ RunTime:0.000334s ]
[2021-06-24T17:12:08+08:00][sql] SHOW FULL COLUMNS FROM `carver_comment` [ RunTime:0.000520s ]
[2021-06-24T17:12:08+08:00][sql] SELECT `a`.*,`b`.`user_name` FROM `carver_comment` `a` INNER JOIN `carver_user` `b` ON `a`.`user_id`=`b`.`user_id` WHERE  `article_id` = 11/ ORDER BY `create_time` DESC [ RunTime:0.000365s ]
[2021-06-24T17:12:08+08:00][sql] SHOW FULL COLUMNS FROM `carver_comment_to_others` [ RunTime:0.000486s ]
[2021-06-24T17:12:08+08:00][sql] SELECT * FROM `carver_comment_to_others` [ RunTime:0.000265s ]
[2021-06-24T17:12:08+08:00][sql] SHOW FULL COLUMNS FROM `carver_user` [ RunTime:0.000483s ]
[2021-06-24T17:12:08+08:00][sql] SELECT `user_name` FROM `carver_user` WHERE  `user_id` = 4 LIMIT 1 [ RunTime:0.000251s ]
[2021-06-24T17:12:08+08:00][sql] SELECT `user_name` FROM `carver_user` WHERE  `user_id` = 4 LIMIT 1 [ RunTime:0.000227s ]
[2021-06-24T17:12:08+08:00][sql] SELECT `user_name` FROM `carver_user` WHERE  `user_id` = 5 LIMIT 1 [ RunTime:0.000206s ]
[2021-06-24T17:12:08+08:00][sql] SELECT `user_name` FROM `carver_user` WHERE  `user_id` = 5 LIMIT 1 [ RunTime:0.000234s ]
[2021-06-24T17:12:08+08:00][sql] SELECT `user_name` FROM `carver_user` WHERE  `user_id` = 37 LIMIT 1 [ RunTime:0.000232s ]
[2021-06-24T17:12:08+08:00][sql] SHOW FULL COLUMNS FROM `carver_navigation` [ RunTime:0.000569s ]
[2021-06-24T17:12:08+08:00][sql] SELECT * FROM `carver_navigation` [ RunTime:0.000245s ]
[2021-06-24T17:12:08+08:00][sql] SELECT `article_label` FROM `carver_article` [ RunTime:0.000251s ]
[2021-06-24T17:12:10+08:00][sql] CONNECT:[ UseTime:0.000679s ] mysql:host=127.0.0.1;port=3306;dbname=carver;charset=utf8
[2021-06-24T17:12:10+08:00][sql] SHOW FULL COLUMNS FROM `carver_article` [ RunTime:0.000866s ]
[2021-06-24T17:12:10+08:00][sql] SELECT `article_id`,`article_title`,`article_desc`,`article_content`,`article_img`,`article_guide`,`article_label`,`click_num`,`is_show`,`add_time`,`article_author` FROM `carver_article` WHERE  `article_id` = 3/ LIMIT 1 [ RunTime:0.000751s ]
[2021-06-24T17:12:10+08:00][sql] SELECT `article_id`,`article_title`,`article_desc`,`article_content`,`article_img`,`article_guide`,`article_label`,`click_num`,`is_show`,`add_time`,`article_author` FROM `carver_article` WHERE  `article_id` > 3/ LIMIT 1 [ RunTime:0.000432s ]
[2021-06-24T17:12:10+08:00][sql] SELECT `article_id`,`article_title`,`article_desc`,`article_content`,`article_img`,`article_guide`,`article_label`,`click_num`,`is_show`,`add_time`,`article_author` FROM `carver_article` WHERE  `article_id` < 3/ ORDER BY `article_id` DESC LIMIT 1 [ RunTime:0.000323s ]
[2021-06-24T17:12:10+08:00][sql] SHOW FULL COLUMNS FROM `carver_link` [ RunTime:0.000578s ]
[2021-06-24T17:12:10+08:00][sql] SELECT * FROM `carver_link` WHERE  ( is_confirm=2 ) LIMIT 20 [ RunTime:0.000313s ]
[2021-06-24T17:12:10+08:00][sql] SELECT article_id,article_title,click_num,FROM_UNIXTIME(add_time,'%Y-%m-%d') as add_time FROM `carver_article` ORDER BY `click_num` DESC LIMIT 3 [ RunTime:0.000360s ]
[2021-06-24T17:12:10+08:00][sql] SHOW FULL COLUMNS FROM `carver_comment` [ RunTime:0.000568s ]
[2021-06-24T17:12:10+08:00][sql] SELECT `a`.*,`b`.`user_name` FROM `carver_comment` `a` INNER JOIN `carver_user` `b` ON `a`.`user_id`=`b`.`user_id` WHERE  `article_id` = 3/ ORDER BY `create_time` DESC [ RunTime:0.000359s ]
[2021-06-24T17:12:10+08:00][sql] SHOW FULL COLUMNS FROM `carver_comment_to_others` [ RunTime:0.000549s ]
[2021-06-24T17:12:10+08:00][sql] SELECT * FROM `carver_comment_to_others` [ RunTime:0.000275s ]
[2021-06-24T17:12:10+08:00][sql] SHOW FULL COLUMNS FROM `carver_user` [ RunTime:0.000448s ]
[2021-06-24T17:12:10+08:00][sql] SELECT `user_name` FROM `carver_user` WHERE  `user_id` = 4 LIMIT 1 [ RunTime:0.000263s ]
[2021-06-24T17:12:10+08:00][sql] SELECT `user_name` FROM `carver_user` WHERE  `user_id` = 4 LIMIT 1 [ RunTime:0.000222s ]
[2021-06-24T17:12:10+08:00][sql] SELECT `user_name` FROM `carver_user` WHERE  `user_id` = 5 LIMIT 1 [ RunTime:0.000210s ]
[2021-06-24T17:12:10+08:00][sql] SELECT `user_name` FROM `carver_user` WHERE  `user_id` = 5 LIMIT 1 [ RunTime:0.000235s ]
[2021-06-24T17:12:10+08:00][sql] SELECT `user_name` FROM `carver_user` WHERE  `user_id` = 37 LIMIT 1 [ RunTime:0.000220s ]
[2021-06-24T17:12:10+08:00][sql] SHOW FULL COLUMNS FROM `carver_navigation` [ RunTime:0.000522s ]
[2021-06-24T17:12:10+08:00][sql] SELECT * FROM `carver_navigation` [ RunTime:0.000237s ]
[2021-06-24T17:12:10+08:00][sql] SELECT `article_label` FROM `carver_article` [ RunTime:0.000524s ]
[2021-06-24T17:12:12+08:00][sql] CONNECT:[ UseTime:0.000558s ] mysql:host=127.0.0.1;port=3306;dbname=carver;charset=utf8
[2021-06-24T17:12:12+08:00][sql] SHOW FULL COLUMNS FROM `carver_article` [ RunTime:0.000913s ]
[2021-06-24T17:12:12+08:00][sql] SELECT `article_id`,`article_title`,`article_desc`,`article_content`,`article_img`,`article_guide`,`article_label`,`click_num`,`is_show`,`add_time`,`article_author` FROM `carver_article` WHERE  `article_id` = 7/ LIMIT 1 [ RunTime:0.000938s ]
[2021-06-24T17:12:12+08:00][sql] SELECT `article_id`,`article_title`,`article_desc`,`article_content`,`article_img`,`article_guide`,`article_label`,`click_num`,`is_show`,`add_time`,`article_author` FROM `carver_article` WHERE  `article_id` > 7/ LIMIT 1 [ RunTime:0.000448s ]
[2021-06-24T17:12:12+08:00][sql] SELECT `article_id`,`article_title`,`article_desc`,`article_content`,`article_img`,`article_guide`,`article_label`,`click_num`,`is_show`,`add_time`,`article_author` FROM `carver_article` WHERE  `article_id` < 7/ ORDER BY `article_id` DESC LIMIT 1 [ RunTime:0.000362s ]
[2021-06-24T17:12:12+08:00][sql] SHOW FULL COLUMNS FROM `carver_link` [ RunTime:0.000624s ]
[2021-06-24T17:12:12+08:00][sql] SELECT * FROM `carver_link` WHERE  ( is_confirm=2 ) LIMIT 20 [ RunTime:0.000308s ]
[2021-06-24T17:12:12+08:00][sql] SELECT article_id,article_title,click_num,FROM_UNIXTIME(add_time,'%Y-%m-%d') as add_time FROM `carver_article` ORDER BY `click_num` DESC LIMIT 3 [ RunTime:0.000410s ]
[2021-06-24T17:12:12+08:00][sql] SHOW FULL COLUMNS FROM `carver_comment` [ RunTime:0.000635s ]
[2021-06-24T17:12:12+08:00][sql] SELECT `a`.*,`b`.`user_name` FROM `carver_comment` `a` INNER JOIN `carver_user` `b` ON `a`.`user_id`=`b`.`user_id` WHERE  `article_id` = 7/ ORDER BY `create_time` DESC [ RunTime:0.000800s ]
[2021-06-24T17:12:12+08:00][sql] SHOW FULL COLUMNS FROM `carver_comment_to_others` [ RunTime:0.000578s ]
[2021-06-24T17:12:12+08:00][sql] SELECT * FROM `carver_comment_to_others` [ RunTime:0.000236s ]
[2021-06-24T17:12:12+08:00][sql] SHOW FULL COLUMNS FROM `carver_user` [ RunTime:0.000509s ]
[2021-06-24T17:12:12+08:00][sql] SELECT `user_name` FROM `carver_user` WHERE  `user_id` = 4 LIMIT 1 [ RunTime:0.000243s ]
[2021-06-24T17:12:12+08:00][sql] SELECT `user_name` FROM `carver_user` WHERE  `user_id` = 4 LIMIT 1 [ RunTime:0.000236s ]
[2021-06-24T17:12:12+08:00][sql] SELECT `user_name` FROM `carver_user` WHERE  `user_id` = 5 LIMIT 1 [ RunTime:0.000382s ]
[2021-06-24T17:12:12+08:00][sql] SELECT `user_name` FROM `carver_user` WHERE  `user_id` = 5 LIMIT 1 [ RunTime:0.000263s ]
[2021-06-24T17:12:12+08:00][sql] SELECT `user_name` FROM `carver_user` WHERE  `user_id` = 37 LIMIT 1 [ RunTime:0.000223s ]
[2021-06-24T17:12:12+08:00][sql] SHOW FULL COLUMNS FROM `carver_navigation` [ RunTime:0.000630s ]
[2021-06-24T17:12:12+08:00][sql] SELECT * FROM `carver_navigation` [ RunTime:0.000282s ]
[2021-06-24T17:12:12+08:00][sql] SELECT `article_label` FROM `carver_article` [ RunTime:0.000288s ]
[2021-06-24T17:12:14+08:00][sql] CONNECT:[ UseTime:0.000632s ] mysql:host=127.0.0.1;port=3306;dbname=carver;charset=utf8
[2021-06-24T17:12:14+08:00][sql] SHOW FULL COLUMNS FROM `carver_article` [ RunTime:0.000954s ]
[2021-06-24T17:12:14+08:00][sql] SELECT `article_id`,`article_title`,`article_desc`,`article_content`,`article_img`,`article_guide`,`article_label`,`click_num`,`is_show`,`add_time`,`article_author` FROM `carver_article` WHERE  `article_id` = 9/ LIMIT 1 [ RunTime:0.000775s ]
[2021-06-24T17:12:14+08:00][sql] SELECT `article_id`,`article_title`,`article_desc`,`article_content`,`article_img`,`article_guide`,`article_label`,`click_num`,`is_show`,`add_time`,`article_author` FROM `carver_article` WHERE  `article_id` > 9/ LIMIT 1 [ RunTime:0.000492s ]
[2021-06-24T17:12:14+08:00][sql] SELECT `article_id`,`article_title`,`article_desc`,`article_content`,`article_img`,`article_guide`,`article_label`,`click_num`,`is_show`,`add_time`,`article_author` FROM `carver_article` WHERE  `article_id` < 9/ ORDER BY `article_id` DESC LIMIT 1 [ RunTime:0.000407s ]
[2021-06-24T17:12:14+08:00][sql] SHOW FULL COLUMNS FROM `carver_link` [ RunTime:0.000574s ]
[2021-06-24T17:12:14+08:00][sql] SELECT * FROM `carver_link` WHERE  ( is_confirm=2 ) LIMIT 20 [ RunTime:0.000330s ]
[2021-06-24T17:12:14+08:00][sql] SELECT article_id,article_title,click_num,FROM_UNIXTIME(add_time,'%Y-%m-%d') as add_time FROM `carver_article` ORDER BY `click_num` DESC LIMIT 3 [ RunTime:0.000412s ]
[2021-06-24T17:12:14+08:00][sql] SHOW FULL COLUMNS FROM `carver_comment` [ RunTime:0.000612s ]
[2021-06-24T17:12:14+08:00][sql] SELECT `a`.*,`b`.`user_name` FROM `carver_comment` `a` INNER JOIN `carver_user` `b` ON `a`.`user_id`=`b`.`user_id` WHERE  `article_id` = 9/ ORDER BY `create_time` DESC [ RunTime:0.000384s ]
[2021-06-24T17:12:14+08:00][sql] SHOW FULL COLUMNS FROM `carver_comment_to_others` [ RunTime:0.000574s ]
[2021-06-24T17:12:14+08:00][sql] SELECT * FROM `carver_comment_to_others` [ RunTime:0.000251s ]
[2021-06-24T17:12:14+08:00][sql] SHOW FULL COLUMNS FROM `carver_user` [ RunTime:0.000466s ]
[2021-06-24T17:12:14+08:00][sql] SELECT `user_name` FROM `carver_user` WHERE  `user_id` = 4 LIMIT 1 [ RunTime:0.000257s ]
[2021-06-24T17:12:14+08:00][sql] SELECT `user_name` FROM `carver_user` WHERE  `user_id` = 4 LIMIT 1 [ RunTime:0.000235s ]
[2021-06-24T17:12:14+08:00][sql] SELECT `user_name` FROM `carver_user` WHERE  `user_id` = 5 LIMIT 1 [ RunTime:0.000220s ]
[2021-06-24T17:12:14+08:00][sql] SELECT `user_name` FROM `carver_user` WHERE  `user_id` = 5 LIMIT 1 [ RunTime:0.000238s ]
[2021-06-24T17:12:14+08:00][sql] SELECT `user_name` FROM `carver_user` WHERE  `user_id` = 37 LIMIT 1 [ RunTime:0.000277s ]
[2021-06-24T17:12:14+08:00][sql] SHOW FULL COLUMNS FROM `carver_navigation` [ RunTime:0.000541s ]
[2021-06-24T17:12:14+08:00][sql] SELECT * FROM `carver_navigation` [ RunTime:0.000278s ]
[2021-06-24T17:12:14+08:00][sql] SELECT `article_label` FROM `carver_article` [ RunTime:0.000284s ]
[2021-06-24T17:12:16+08:00][sql] CONNECT:[ UseTime:0.000725s ] mysql:host=127.0.0.1;port=3306;dbname=carver;charset=utf8
[2021-06-24T17:12:16+08:00][sql] SHOW FULL COLUMNS FROM `carver_article` [ RunTime:0.000939s ]
[2021-06-24T17:12:16+08:00][sql] SELECT COUNT(*) AS think_count FROM `carver_article` WHERE  `article_label` LIKE '%c%'  AND `delete_time` = 0  AND `is_show` = 1 [ RunTime:0.000448s ]
[2021-06-24T17:12:16+08:00][sql] SELECT * FROM `carver_article` WHERE  `article_label` LIKE '%c%'  AND `delete_time` = 0  AND `is_show` = 1 LIMIT 0,6 [ RunTime:0.001333s ]
[2021-06-24T17:12:16+08:00][sql] SELECT article_id,article_title,click_num,FROM_UNIXTIME(add_time,'%Y-%m-%d') as add_time FROM `carver_article` WHERE  `is_show` = 1  AND `delete_time` = 0 ORDER BY `click_num` DESC LIMIT 3 [ RunTime:0.000588s ]
[2021-06-24T17:12:16+08:00][sql] SHOW FULL COLUMNS FROM `carver_notice` [ RunTime:0.000696s ]
[2021-06-24T17:12:16+08:00][sql] SELECT * FROM `carver_notice` ORDER BY `create_time` DESC LIMIT 3 [ RunTime:0.000337s ]
[2021-06-24T17:12:16+08:00][sql] SHOW FULL COLUMNS FROM `carver_navigation` [ RunTime:0.000540s ]
[2021-06-24T17:12:16+08:00][sql] SELECT * FROM `carver_navigation` [ RunTime:0.000296s ]
[2021-06-24T17:12:16+08:00][sql] SHOW FULL COLUMNS FROM `carver_link` [ RunTime:0.000537s ]
[2021-06-24T17:12:16+08:00][sql] SELECT * FROM `carver_link` WHERE  ( is_confirm=2 ) LIMIT 20 [ RunTime:0.000329s ]
[2021-06-24T17:12:16+08:00][sql] SELECT `article_label` FROM `carver_article` [ RunTime:0.000293s ]
[2021-06-24T17:12:16+08:00][sql] SHOW FULL COLUMNS FROM `carver_carouse` [ RunTime:0.000525s ]
[2021-06-24T17:12:16+08:00][sql] SELECT `carouse_img`,`carouse_desc` FROM `carver_carouse` WHERE  `is_show` = 1 ORDER BY `carouse_sort` DESC LIMIT 3 [ RunTime:0.000323s ]
[2021-06-24T17:12:16+08:00][sql] SHOW FULL COLUMNS FROM `carver_site` [ RunTime:0.000532s ]
[2021-06-24T17:12:16+08:00][sql] SELECT * FROM `carver_site` [ RunTime:0.000260s ]
[2021-06-24T17:12:18+08:00][sql] CONNECT:[ UseTime:0.001076s ] mysql:host=127.0.0.1;port=3306;dbname=carver;charset=utf8
[2021-06-24T17:12:18+08:00][sql] SHOW FULL COLUMNS FROM `carver_article` [ RunTime:0.000858s ]
[2021-06-24T17:12:18+08:00][sql] SELECT COUNT(*) AS think_count FROM `carver_article` WHERE  `article_label` LIKE '%excel/%'  AND `delete_time` = 0  AND `is_show` = 1 [ RunTime:0.000431s ]
[2021-06-24T17:12:18+08:00][sql] SELECT * FROM `carver_article` WHERE  `article_label` LIKE '%excel/%'  AND `delete_time` = 0  AND `is_show` = 1 LIMIT 0,6 [ RunTime:0.001035s ]
[2021-06-24T17:12:18+08:00][sql] SELECT article_id,article_title,click_num,FROM_UNIXTIME(add_time,'%Y-%m-%d') as add_time FROM `carver_article` WHERE  `is_show` = 1  AND `delete_time` = 0 ORDER BY `click_num` DESC LIMIT 3 [ RunTime:0.000565s ]
[2021-06-24T17:12:18+08:00][sql] SHOW FULL COLUMNS FROM `carver_notice` [ RunTime:0.000612s ]
[2021-06-24T17:12:18+08:00][sql] SELECT * FROM `carver_notice` ORDER BY `create_time` DESC LIMIT 3 [ RunTime:0.000290s ]
[2021-06-24T17:12:18+08:00][sql] SHOW FULL COLUMNS FROM `carver_navigation` [ RunTime:0.000579s ]
[2021-06-24T17:12:18+08:00][sql] SELECT * FROM `carver_navigation` [ RunTime:0.000282s ]
[2021-06-24T17:12:18+08:00][sql] SHOW FULL COLUMNS FROM `carver_link` [ RunTime:0.000600s ]
[2021-06-24T17:12:18+08:00][sql] SELECT * FROM `carver_link` WHERE  ( is_confirm=2 ) LIMIT 20 [ RunTime:0.000371s ]
[2021-06-24T17:12:18+08:00][sql] SELECT `article_label` FROM `carver_article` [ RunTime:0.000272s ]
[2021-06-24T17:12:18+08:00][sql] SHOW FULL COLUMNS FROM `carver_carouse` [ RunTime:0.000525s ]
[2021-06-24T17:12:18+08:00][sql] SELECT `carouse_img`,`carouse_desc` FROM `carver_carouse` WHERE  `is_show` = 1 ORDER BY `carouse_sort` DESC LIMIT 3 [ RunTime:0.000308s ]
[2021-06-24T17:12:18+08:00][sql] SHOW FULL COLUMNS FROM `carver_site` [ RunTime:0.000608s ]
[2021-06-24T17:12:18+08:00][sql] SELECT * FROM `carver_site` [ RunTime:0.000309s ]
[2021-06-24T17:12:20+08:00][sql] CONNECT:[ UseTime:0.000550s ] mysql:host=127.0.0.1;port=3306;dbname=carver;charset=utf8
[2021-06-24T17:12:20+08:00][sql] SHOW FULL COLUMNS FROM `carver_article` [ RunTime:0.000958s ]
[2021-06-24T17:12:20+08:00][sql] SELECT COUNT(*) AS think_count FROM `carver_article` WHERE  `article_label` LIKE '%javascript/%'  AND `delete_time` = 0  AND `is_show` = 1 [ RunTime:0.000453s ]
[2021-06-24T17:12:20+08:00][sql] SELECT * FROM `carver_article` WHERE  `article_label` LIKE '%javascript/%'  AND `delete_time` = 0  AND `is_show` = 1 LIMIT 0,6 [ RunTime:0.000933s ]
[2021-06-24T17:12:20+08:00][sql] SELECT article_id,article_title,click_num,FROM_UNIXTIME(add_time,'%Y-%m-%d') as add_time FROM `carver_article` WHERE  `is_show` = 1  AND `delete_time` = 0 ORDER BY `click_num` DESC LIMIT 3 [ RunTime:0.000455s ]
[2021-06-24T17:12:20+08:00][sql] SHOW FULL COLUMNS FROM `carver_notice` [ RunTime:0.000627s ]
[2021-06-24T17:12:20+08:00][sql] SELECT * FROM `carver_notice` ORDER BY `create_time` DESC LIMIT 3 [ RunTime:0.000282s ]
[2021-06-24T17:12:20+08:00][sql] SHOW FULL COLUMNS FROM `carver_navigation` [ RunTime:0.000548s ]
[2021-06-24T17:12:20+08:00][sql] SELECT * FROM `carver_navigation` [ RunTime:0.000272s ]
[2021-06-24T17:12:20+08:00][sql] SHOW FULL COLUMNS FROM `carver_link` [ RunTime:0.000545s ]
[2021-06-24T17:12:20+08:00][sql] SELECT * FROM `carver_link` WHERE  ( is_confirm=2 ) LIMIT 20 [ RunTime:0.000334s ]
[2021-06-24T17:12:20+08:00][sql] SELECT `article_label` FROM `carver_article` [ RunTime:0.000286s ]
[2021-06-24T17:12:20+08:00][sql] SHOW FULL COLUMNS FROM `carver_carouse` [ RunTime:0.000585s ]
[2021-06-24T17:12:20+08:00][sql] SELECT `carouse_img`,`carouse_desc` FROM `carver_carouse` WHERE  `is_show` = 1 ORDER BY `carouse_sort` DESC LIMIT 3 [ RunTime:0.000303s ]
[2021-06-24T17:12:20+08:00][sql] SHOW FULL COLUMNS FROM `carver_site` [ RunTime:0.000527s ]
[2021-06-24T17:12:20+08:00][sql] SELECT * FROM `carver_site` [ RunTime:0.000303s ]
[2021-06-24T17:12:22+08:00][sql] CONNECT:[ UseTime:0.000599s ] mysql:host=127.0.0.1;port=3306;dbname=carver;charset=utf8
[2021-06-24T17:12:22+08:00][sql] SHOW FULL COLUMNS FROM `carver_article` [ RunTime:0.000910s ]
[2021-06-24T17:12:22+08:00][sql] SELECT COUNT(*) AS think_count FROM `carver_article` WHERE  `article_label` LIKE '%php/%'  AND `delete_time` = 0  AND `is_show` = 1 [ RunTime:0.000451s ]
[2021-06-24T17:12:22+08:00][sql] SELECT * FROM `carver_article` WHERE  `article_label` LIKE '%php/%'  AND `delete_time` = 0  AND `is_show` = 1 LIMIT 0,6 [ RunTime:0.001049s ]
[2021-06-24T17:12:22+08:00][sql] SELECT article_id,article_title,click_num,FROM_UNIXTIME(add_time,'%Y-%m-%d') as add_time FROM `carver_article` WHERE  `is_show` = 1  AND `delete_time` = 0 ORDER BY `click_num` DESC LIMIT 3 [ RunTime:0.000497s ]
[2021-06-24T17:12:22+08:00][sql] SHOW FULL COLUMNS FROM `carver_notice` [ RunTime:0.000677s ]
[2021-06-24T17:12:22+08:00][sql] SELECT * FROM `carver_notice` ORDER BY `create_time` DESC LIMIT 3 [ RunTime:0.000332s ]
[2021-06-24T17:12:22+08:00][sql] SHOW FULL COLUMNS FROM `carver_navigation` [ RunTime:0.000627s ]
[2021-06-24T17:12:22+08:00][sql] SELECT * FROM `carver_navigation` [ RunTime:0.000338s ]
[2021-06-24T17:12:22+08:00][sql] SHOW FULL COLUMNS FROM `carver_link` [ RunTime:0.000584s ]
[2021-06-24T17:12:22+08:00][sql] SELECT * FROM `carver_link` WHERE  ( is_confirm=2 ) LIMIT 20 [ RunTime:0.000375s ]
[2021-06-24T17:12:22+08:00][sql] SELECT `article_label` FROM `carver_article` [ RunTime:0.000287s ]
[2021-06-24T17:12:22+08:00][sql] SHOW FULL COLUMNS FROM `carver_carouse` [ RunTime:0.000574s ]
[2021-06-24T17:12:22+08:00][sql] SELECT `carouse_img`,`carouse_desc` FROM `carver_carouse` WHERE  `is_show` = 1 ORDER BY `carouse_sort` DESC LIMIT 3 [ RunTime:0.000328s ]
[2021-06-24T17:12:22+08:00][sql] SHOW FULL COLUMNS FROM `carver_site` [ RunTime:0.000620s ]
[2021-06-24T17:12:22+08:00][sql] SELECT * FROM `carver_site` [ RunTime:0.000303s ]
[2021-06-24T17:12:24+08:00][sql] CONNECT:[ UseTime:0.001002s ] mysql:host=127.0.0.1;port=3306;dbname=carver;charset=utf8
[2021-06-24T17:12:24+08:00][sql] SHOW FULL COLUMNS FROM `carver_article` [ RunTime:0.000940s ]
[2021-06-24T17:12:24+08:00][sql] SELECT COUNT(*) AS think_count FROM `carver_article` WHERE  `article_label` LIKE '%swoole/%'  AND `delete_time` = 0  AND `is_show` = 1 [ RunTime:0.000414s ]
[2021-06-24T17:12:24+08:00][sql] SELECT * FROM `carver_article` WHERE  `article_label` LIKE '%swoole/%'  AND `delete_time` = 0  AND `is_show` = 1 LIMIT 0,6 [ RunTime:0.000969s ]
[2021-06-24T17:12:24+08:00][sql] SELECT article_id,article_title,click_num,FROM_UNIXTIME(add_time,'%Y-%m-%d') as add_time FROM `carver_article` WHERE  `is_show` = 1  AND `delete_time` = 0 ORDER BY `click_num` DESC LIMIT 3 [ RunTime:0.000491s ]
[2021-06-24T17:12:24+08:00][sql] SHOW FULL COLUMNS FROM `carver_notice` [ RunTime:0.000646s ]
[2021-06-24T17:12:24+08:00][sql] SELECT * FROM `carver_notice` ORDER BY `create_time` DESC LIMIT 3 [ RunTime:0.000303s ]
[2021-06-24T17:12:24+08:00][sql] SHOW FULL COLUMNS FROM `carver_navigation` [ RunTime:0.000568s ]
[2021-06-24T17:12:24+08:00][sql] SELECT * FROM `carver_navigation` [ RunTime:0.000326s ]
[2021-06-24T17:12:24+08:00][sql] SHOW FULL COLUMNS FROM `carver_link` [ RunTime:0.000682s ]
[2021-06-24T17:12:24+08:00][sql] SELECT * FROM `carver_link` WHERE  ( is_confirm=2 ) LIMIT 20 [ RunTime:0.000433s ]
[2021-06-24T17:12:24+08:00][sql] SELECT `article_label` FROM `carver_article` [ RunTime:0.000280s ]
[2021-06-24T17:12:24+08:00][sql] SHOW FULL COLUMNS FROM `carver_carouse` [ RunTime:0.000589s ]
[2021-06-24T17:12:24+08:00][sql] SELECT `carouse_img`,`carouse_desc` FROM `carver_carouse` WHERE  `is_show` = 1 ORDER BY `carouse_sort` DESC LIMIT 3 [ RunTime:0.000351s ]
[2021-06-24T17:12:24+08:00][sql] SHOW FULL COLUMNS FROM `carver_site` [ RunTime:0.000535s ]
[2021-06-24T17:12:24+08:00][sql] SELECT * FROM `carver_site` [ RunTime:0.000315s ]
[2021-06-24T17:12:27+08:00][sql] CONNECT:[ UseTime:0.000663s ] mysql:host=127.0.0.1;port=3306;dbname=carver;charset=utf8
[2021-06-24T17:12:27+08:00][sql] SHOW FULL COLUMNS FROM `carver_article` [ RunTime:0.000882s ]
[2021-06-24T17:12:27+08:00][sql] SELECT COUNT(*) AS think_count FROM `carver_article` WHERE  `article_guide` = 5/  AND `delete_time` = 0  AND `is_show` = 1 [ RunTime:0.000424s ]
[2021-06-24T17:12:27+08:00][sql] SELECT * FROM `carver_article` WHERE  `article_guide` = 5/  AND `delete_time` = 0  AND `is_show` = 1 ORDER BY `add_time` DESC LIMIT 0,6 [ RunTime:0.002712s ]
[2021-06-24T17:12:27+08:00][sql] SELECT article_id,article_title,click_num,FROM_UNIXTIME(add_time,'%Y-%m-%d') as add_time FROM `carver_article` WHERE  `is_show` = 1  AND `delete_time` = 0 ORDER BY `click_num` DESC LIMIT 3 [ RunTime:0.000597s ]
[2021-06-24T17:12:27+08:00][sql] SHOW FULL COLUMNS FROM `carver_notice` [ RunTime:0.000714s ]
[2021-06-24T17:12:27+08:00][sql] SELECT * FROM `carver_notice` ORDER BY `create_time` DESC LIMIT 3 [ RunTime:0.000308s ]
[2021-06-24T17:12:27+08:00][sql] SHOW FULL COLUMNS FROM `carver_navigation` [ RunTime:0.000572s ]
[2021-06-24T17:12:27+08:00][sql] SELECT * FROM `carver_navigation` [ RunTime:0.000293s ]
[2021-06-24T17:12:27+08:00][sql] SELECT `article_label` FROM `carver_article` [ RunTime:0.000271s ]
[2021-06-24T17:12:27+08:00][sql] SHOW FULL COLUMNS FROM `carver_carouse` [ RunTime:0.000940s ]
[2021-06-24T17:12:27+08:00][sql] SELECT `carouse_img`,`carouse_desc` FROM `carver_carouse` WHERE  `is_show` = 1 ORDER BY `carouse_sort` DESC LIMIT 3 [ RunTime:0.000332s ]
[2021-06-24T17:12:27+08:00][sql] SHOW FULL COLUMNS FROM `carver_link` [ RunTime:0.000555s ]
[2021-06-24T17:12:27+08:00][sql] SELECT * FROM `carver_link` WHERE  ( is_confirm=2 ) LIMIT 20 [ RunTime:0.000285s ]
[2021-06-24T17:12:27+08:00][sql] SHOW FULL COLUMNS FROM `carver_site` [ RunTime:0.000548s ]
[2021-06-24T17:12:27+08:00][sql] SELECT * FROM `carver_site` [ RunTime:0.000241s ]
[2021-06-24T17:12:29+08:00][sql] CONNECT:[ UseTime:0.000528s ] mysql:host=127.0.0.1;port=3306;dbname=carver;charset=utf8
[2021-06-24T17:12:29+08:00][sql] SHOW FULL COLUMNS FROM `carver_article` [ RunTime:0.000949s ]
[2021-06-24T17:12:29+08:00][sql] SELECT COUNT(*) AS think_count FROM `carver_article` WHERE  `article_guide` = 6/  AND `delete_time` = 0  AND `is_show` = 1 [ RunTime:0.000391s ]
[2021-06-24T17:12:29+08:00][sql] SELECT * FROM `carver_article` WHERE  `article_guide` = 6/  AND `delete_time` = 0  AND `is_show` = 1 ORDER BY `add_time` DESC LIMIT 0,6 [ RunTime:0.000914s ]
[2021-06-24T17:12:29+08:00][sql] SELECT article_id,article_title,click_num,FROM_UNIXTIME(add_time,'%Y-%m-%d') as add_time FROM `carver_article` WHERE  `is_show` = 1  AND `delete_time` = 0 ORDER BY `click_num` DESC LIMIT 3 [ RunTime:0.000441s ]
[2021-06-24T17:12:29+08:00][sql] SHOW FULL COLUMNS FROM `carver_notice` [ RunTime:0.000664s ]
[2021-06-24T17:12:29+08:00][sql] SELECT * FROM `carver_notice` ORDER BY `create_time` DESC LIMIT 3 [ RunTime:0.000305s ]
[2021-06-24T17:12:29+08:00][sql] SHOW FULL COLUMNS FROM `carver_navigation` [ RunTime:0.000664s ]
[2021-06-24T17:12:29+08:00][sql] SELECT * FROM `carver_navigation` [ RunTime:0.000276s ]
[2021-06-24T17:12:29+08:00][sql] SELECT `article_label` FROM `carver_article` [ RunTime:0.000247s ]
[2021-06-24T17:12:29+08:00][sql] SHOW FULL COLUMNS FROM `carver_carouse` [ RunTime:0.000590s ]
[2021-06-24T17:12:29+08:00][sql] SELECT `carouse_img`,`carouse_desc` FROM `carver_carouse` WHERE  `is_show` = 1 ORDER BY `carouse_sort` DESC LIMIT 3 [ RunTime:0.000299s ]
[2021-06-24T17:12:29+08:00][sql] SHOW FULL COLUMNS FROM `carver_link` [ RunTime:0.000546s ]
[2021-06-24T17:12:29+08:00][sql] SELECT * FROM `carver_link` WHERE  ( is_confirm=2 ) LIMIT 20 [ RunTime:0.000302s ]
[2021-06-24T17:12:29+08:00][sql] SHOW FULL COLUMNS FROM `carver_site` [ RunTime:0.000596s ]
[2021-06-24T17:12:29+08:00][sql] SELECT * FROM `carver_site` [ RunTime:0.000274s ]
[2021-06-24T17:12:31+08:00][sql] CONNECT:[ UseTime:0.000624s ] mysql:host=127.0.0.1;port=3306;dbname=carver;charset=utf8
[2021-06-24T17:12:31+08:00][sql] SHOW FULL COLUMNS FROM `carver_article` [ RunTime:0.000878s ]
[2021-06-24T17:12:31+08:00][sql] SELECT COUNT(*) AS think_count FROM `carver_article` WHERE  `article_guide` = 6  AND `delete_time` = 0  AND `is_show` = 1 [ RunTime:0.000412s ]
[2021-06-24T17:12:31+08:00][sql] SELECT * FROM `carver_article` WHERE  `article_guide` = 6  AND `delete_time` = 0  AND `is_show` = 1 ORDER BY `add_time` DESC LIMIT 0,6 [ RunTime:0.000882s ]
[2021-06-24T17:12:31+08:00][sql] SELECT article_id,article_title,click_num,FROM_UNIXTIME(add_time,'%Y-%m-%d') as add_time FROM `carver_article` WHERE  `is_show` = 1  AND `delete_time` = 0 ORDER BY `click_num` DESC LIMIT 3 [ RunTime:0.000488s ]
[2021-06-24T17:12:31+08:00][sql] SHOW FULL COLUMNS FROM `carver_notice` [ RunTime:0.000656s ]
[2021-06-24T17:12:31+08:00][sql] SELECT * FROM `carver_notice` ORDER BY `create_time` DESC LIMIT 3 [ RunTime:0.000317s ]
[2021-06-24T17:12:31+08:00][sql] SHOW FULL COLUMNS FROM `carver_navigation` [ RunTime:0.000708s ]
[2021-06-24T17:12:31+08:00][sql] SELECT * FROM `carver_navigation` [ RunTime:0.000247s ]
[2021-06-24T17:12:31+08:00][sql] SELECT `article_label` FROM `carver_article` [ RunTime:0.000262s ]
[2021-06-24T17:12:31+08:00][sql] SHOW FULL COLUMNS FROM `carver_carouse` [ RunTime:0.000576s ]
[2021-06-24T17:12:31+08:00][sql] SELECT `carouse_img`,`carouse_desc` FROM `carver_carouse` WHERE  `is_show` = 1 ORDER BY `carouse_sort` DESC LIMIT 3 [ RunTime:0.000288s ]
[2021-06-24T17:12:31+08:00][sql] SHOW FULL COLUMNS FROM `carver_link` [ RunTime:0.000512s ]
[2021-06-24T17:12:31+08:00][sql] SELECT * FROM `carver_link` WHERE  ( is_confirm=2 ) LIMIT 20 [ RunTime:0.000278s ]
[2021-06-24T17:12:31+08:00][sql] SHOW FULL COLUMNS FROM `carver_site` [ RunTime:0.000579s ]
[2021-06-24T17:12:31+08:00][sql] SELECT * FROM `carver_site` [ RunTime:0.000234s ]
[2021-06-24T17:31:36+08:00][sql] CONNECT:[ UseTime:0.000530s ] mysql:host=127.0.0.1;port=3306;dbname=carver;charset=utf8
[2021-06-24T17:31:36+08:00][sql] SHOW FULL COLUMNS FROM `carver_user` [ RunTime:0.000937s ]
[2021-06-24T17:31:36+08:00][sql] SHOW FULL COLUMNS FROM `carver_article` [ RunTime:0.000726s ]
[2021-06-24T17:31:36+08:00][sql] SELECT COUNT(*) AS think_count FROM `carver_article` WHERE  `delete_time` = 0  AND `is_show` = 1 [ RunTime:0.000405s ]
[2021-06-24T17:31:36+08:00][sql] SELECT `article_id`,`article_title`,`article_desc`,`article_content`,`article_img`,`article_guide`,`article_label`,`click_num`,`is_show`,`add_time`,`article_author`,`is_top_show` FROM `carver_article` WHERE  `delete_time` = 0  AND `is_show` = 1 ORDER BY `article_id` DESC LIMIT 18,6 [ RunTime:0.001626s ]
[2021-06-24T17:31:36+08:00][sql] SELECT article_id,article_title,click_num,FROM_UNIXTIME(add_time,'%Y-%m-%d') as add_time FROM `carver_article` WHERE  `is_show` = 1  AND `delete_time` = 0 ORDER BY `click_num` DESC LIMIT 3 [ RunTime:0.000553s ]
[2021-06-24T17:31:36+08:00][sql] SHOW FULL COLUMNS FROM `carver_notice` [ RunTime:0.000608s ]
[2021-06-24T17:31:36+08:00][sql] SELECT * FROM `carver_notice` ORDER BY `create_time` DESC LIMIT 3 [ RunTime:0.000293s ]
[2021-06-24T17:31:36+08:00][sql] SHOW FULL COLUMNS FROM `carver_navigation` [ RunTime:0.000534s ]
[2021-06-24T17:31:36+08:00][sql] SELECT * FROM `carver_navigation` [ RunTime:0.000280s ]
[2021-06-24T17:31:36+08:00][sql] SHOW FULL COLUMNS FROM `carver_link` [ RunTime:0.000575s ]
[2021-06-24T17:31:36+08:00][sql] SELECT * FROM `carver_link` WHERE  ( is_confirm=2 ) LIMIT 20 [ RunTime:0.000317s ]
[2021-06-24T17:31:36+08:00][sql] SELECT `article_label` FROM `carver_article` [ RunTime:0.000288s ]
[2021-06-24T17:31:36+08:00][sql] SHOW FULL COLUMNS FROM `carver_carouse` [ RunTime:0.000502s ]
[2021-06-24T17:31:36+08:00][sql] SELECT `carouse_img`,`carouse_desc` FROM `carver_carouse` WHERE  `is_show` = 1 ORDER BY `carouse_sort` DESC LIMIT 3 [ RunTime:0.000278s ]
[2021-06-24T17:31:36+08:00][sql] SHOW FULL COLUMNS FROM `carver_site` [ RunTime:0.000460s ]
[2021-06-24T17:31:36+08:00][sql] SELECT * FROM `carver_site` [ RunTime:0.000223s ]
[2021-06-24T17:43:34+08:00][sql] CONNECT:[ UseTime:0.000663s ] mysql:host=127.0.0.1;port=3306;dbname=carver;charset=utf8
[2021-06-24T17:43:34+08:00][sql] SHOW FULL COLUMNS FROM `carver_user` [ RunTime:0.000880s ]
[2021-06-24T17:43:34+08:00][sql] SHOW FULL COLUMNS FROM `carver_article` [ RunTime:0.000749s ]
[2021-06-24T17:43:34+08:00][sql] SELECT COUNT(*) AS think_count FROM `carver_article` WHERE  `delete_time` = 0  AND `is_show` = 1 [ RunTime:0.000379s ]
[2021-06-24T17:43:34+08:00][sql] SELECT `article_id`,`article_title`,`article_desc`,`article_content`,`article_img`,`article_guide`,`article_label`,`click_num`,`is_show`,`add_time`,`article_author`,`is_top_show` FROM `carver_article` WHERE  `delete_time` = 0  AND `is_show` = 1 ORDER BY `article_id` DESC LIMIT 0,6 [ RunTime:0.000763s ]
[2021-06-24T17:43:34+08:00][sql] SELECT article_id,article_title,click_num,FROM_UNIXTIME(add_time,'%Y-%m-%d') as add_time FROM `carver_article` WHERE  `is_show` = 1  AND `delete_time` = 0 ORDER BY `click_num` DESC LIMIT 3 [ RunTime:0.000497s ]
[2021-06-24T17:43:34+08:00][sql] SHOW FULL COLUMNS FROM `carver_notice` [ RunTime:0.000611s ]
[2021-06-24T17:43:34+08:00][sql] SELECT * FROM `carver_notice` ORDER BY `create_time` DESC LIMIT 3 [ RunTime:0.000285s ]
[2021-06-24T17:43:34+08:00][sql] SHOW FULL COLUMNS FROM `carver_navigation` [ RunTime:0.000514s ]
[2021-06-24T17:43:34+08:00][sql] SELECT * FROM `carver_navigation` [ RunTime:0.000238s ]
[2021-06-24T17:43:34+08:00][sql] SHOW FULL COLUMNS FROM `carver_link` [ RunTime:0.000534s ]
[2021-06-24T17:43:34+08:00][sql] SELECT * FROM `carver_link` WHERE  ( is_confirm=2 ) LIMIT 20 [ RunTime:0.000296s ]
[2021-06-24T17:43:34+08:00][sql] SELECT `article_label` FROM `carver_article` [ RunTime:0.000287s ]
[2021-06-24T17:43:34+08:00][sql] SHOW FULL COLUMNS FROM `carver_carouse` [ RunTime:0.000518s ]
[2021-06-24T17:43:34+08:00][sql] SELECT `carouse_img`,`carouse_desc` FROM `carver_carouse` WHERE  `is_show` = 1 ORDER BY `carouse_sort` DESC LIMIT 3 [ RunTime:0.000307s ]
[2021-06-24T17:43:34+08:00][sql] SHOW FULL COLUMNS FROM `carver_site` [ RunTime:0.000469s ]
[2021-06-24T17:43:34+08:00][sql] SELECT * FROM `carver_site` [ RunTime:0.000233s ]
[2021-06-24T18:50:36+08:00][sql] CONNECT:[ UseTime:0.000636s ] mysql:host=127.0.0.1;port=3306;dbname=carver;charset=utf8
[2021-06-24T18:50:36+08:00][sql] SHOW FULL COLUMNS FROM `carver_user` [ RunTime:0.000929s ]
[2021-06-24T18:50:36+08:00][sql] SHOW FULL COLUMNS FROM `carver_article` [ RunTime:0.000889s ]
[2021-06-24T18:50:36+08:00][sql] SELECT COUNT(*) AS think_count FROM `carver_article` WHERE  `delete_time` = 0  AND `is_show` = 1 [ RunTime:0.000479s ]
[2021-06-24T18:50:36+08:00][sql] SELECT `article_id`,`article_title`,`article_desc`,`article_content`,`article_img`,`article_guide`,`article_label`,`click_num`,`is_show`,`add_time`,`article_author`,`is_top_show` FROM `carver_article` WHERE  `delete_time` = 0  AND `is_show` = 1 ORDER BY `article_id` DESC LIMIT 12,6 [ RunTime:0.001653s ]
[2021-06-24T18:50:36+08:00][sql] SELECT article_id,article_title,click_num,FROM_UNIXTIME(add_time,'%Y-%m-%d') as add_time FROM `carver_article` WHERE  `is_show` = 1  AND `delete_time` = 0 ORDER BY `click_num` DESC LIMIT 3 [ RunTime:0.000899s ]
[2021-06-24T18:50:36+08:00][sql] SHOW FULL COLUMNS FROM `carver_notice` [ RunTime:0.000727s ]
[2021-06-24T18:50:36+08:00][sql] SELECT * FROM `carver_notice` ORDER BY `create_time` DESC LIMIT 3 [ RunTime:0.000321s ]
[2021-06-24T18:50:36+08:00][sql] SHOW FULL COLUMNS FROM `carver_navigation` [ RunTime:0.000566s ]
[2021-06-24T18:50:36+08:00][sql] SELECT * FROM `carver_navigation` [ RunTime:0.000263s ]
[2021-06-24T18:50:36+08:00][sql] SHOW FULL COLUMNS FROM `carver_link` [ RunTime:0.000635s ]
[2021-06-24T18:50:36+08:00][sql] SELECT * FROM `carver_link` WHERE  ( is_confirm=2 ) LIMIT 20 [ RunTime:0.000362s ]
[2021-06-24T18:50:36+08:00][sql] SELECT `article_label` FROM `carver_article` [ RunTime:0.000293s ]
[2021-06-24T18:50:36+08:00][sql] SHOW FULL COLUMNS FROM `carver_carouse` [ RunTime:0.000575s ]
[2021-06-24T18:50:36+08:00][sql] SELECT `carouse_img`,`carouse_desc` FROM `carver_carouse` WHERE  `is_show` = 1 ORDER BY `carouse_sort` DESC LIMIT 3 [ RunTime:0.000345s ]
[2021-06-24T18:50:36+08:00][sql] SHOW FULL COLUMNS FROM `carver_site` [ RunTime:0.000578s ]
[2021-06-24T18:50:36+08:00][sql] SELECT * FROM `carver_site` [ RunTime:0.000268s ]
[2021-06-24T19:40:45+08:00][sql] CONNECT:[ UseTime:0.000518s ] mysql:host=127.0.0.1;port=3306;dbname=carver;charset=utf8
[2021-06-24T19:40:45+08:00][sql] SHOW FULL COLUMNS FROM `carver_article` [ RunTime:0.000854s ]
[2021-06-24T19:40:45+08:00][sql] SELECT `article_id`,`article_title`,`article_desc`,`article_content`,`article_img`,`article_guide`,`article_label`,`click_num`,`is_show`,`add_time`,`article_author` FROM `carver_article` WHERE  `article_id` = 24 LIMIT 1 [ RunTime:0.000533s ]
[2021-06-24T19:40:45+08:00][sql] SELECT `article_id`,`article_title`,`article_desc`,`article_content`,`article_img`,`article_guide`,`article_label`,`click_num`,`is_show`,`add_time`,`article_author` FROM `carver_article` WHERE  `article_id` > 24 LIMIT 1 [ RunTime:0.000387s ]
[2021-06-24T19:40:45+08:00][sql] SELECT `article_id`,`article_title`,`article_desc`,`article_content`,`article_img`,`article_guide`,`article_label`,`click_num`,`is_show`,`add_time`,`article_author` FROM `carver_article` WHERE  `article_id` < 24 ORDER BY `article_id` DESC LIMIT 1 [ RunTime:0.000370s ]
[2021-06-24T19:40:45+08:00][sql] SHOW FULL COLUMNS FROM `carver_link` [ RunTime:0.000569s ]
[2021-06-24T19:40:45+08:00][sql] SELECT * FROM `carver_link` WHERE  ( is_confirm=2 ) LIMIT 20 [ RunTime:0.000303s ]
[2021-06-24T19:40:45+08:00][sql] SELECT article_id,article_title,click_num,FROM_UNIXTIME(add_time,'%Y-%m-%d') as add_time FROM `carver_article` ORDER BY `click_num` DESC LIMIT 3 [ RunTime:0.000395s ]
[2021-06-24T19:40:45+08:00][sql] SHOW FULL COLUMNS FROM `carver_comment` [ RunTime:0.000568s ]
[2021-06-24T19:40:45+08:00][sql] SELECT `a`.*,`b`.`user_name` FROM `carver_comment` `a` INNER JOIN `carver_user` `b` ON `a`.`user_id`=`b`.`user_id` WHERE  `article_id` = 24 ORDER BY `create_time` DESC [ RunTime:0.000361s ]
[2021-06-24T19:40:45+08:00][sql] SHOW FULL COLUMNS FROM `carver_comment_to_others` [ RunTime:0.000528s ]
[2021-06-24T19:40:45+08:00][sql] SELECT * FROM `carver_comment_to_others` [ RunTime:0.000242s ]
[2021-06-24T19:40:45+08:00][sql] SHOW FULL COLUMNS FROM `carver_user` [ RunTime:0.000427s ]
[2021-06-24T19:40:45+08:00][sql] SELECT `user_name` FROM `carver_user` WHERE  `user_id` = 4 LIMIT 1 [ RunTime:0.000256s ]
[2021-06-24T19:40:45+08:00][sql] SELECT `user_name` FROM `carver_user` WHERE  `user_id` = 4 LIMIT 1 [ RunTime:0.000221s ]
[2021-06-24T19:40:45+08:00][sql] SELECT `user_name` FROM `carver_user` WHERE  `user_id` = 5 LIMIT 1 [ RunTime:0.000205s ]
[2021-06-24T19:40:45+08:00][sql] SELECT `user_name` FROM `carver_user` WHERE  `user_id` = 5 LIMIT 1 [ RunTime:0.000216s ]
[2021-06-24T19:40:45+08:00][sql] SELECT `user_name` FROM `carver_user` WHERE  `user_id` = 37 LIMIT 1 [ RunTime:0.000227s ]
[2021-06-24T19:40:45+08:00][sql] SELECT `user_name`,`user_id` FROM `carver_user` [ RunTime:0.000270s ]
[2021-06-24T19:40:45+08:00][sql] SHOW FULL COLUMNS FROM `carver_navigation` [ RunTime:0.000491s ]
[2021-06-24T19:40:45+08:00][sql] SELECT * FROM `carver_navigation` [ RunTime:0.000250s ]
[2021-06-24T19:40:45+08:00][sql] SELECT `article_label` FROM `carver_article` [ RunTime:0.000259s ]
[2021-06-24T20:41:32+08:00][sql] CONNECT:[ UseTime:0.010904s ] mysql:host=127.0.0.1;port=3306;dbname=carver;charset=utf8
[2021-06-24T20:41:32+08:00][sql] SHOW FULL COLUMNS FROM `carver_article` [ RunTime:0.000938s ]
[2021-06-24T20:41:32+08:00][sql] SELECT COUNT(*) AS think_count FROM `carver_article` WHERE  `article_label` LIKE '%php%'  AND `delete_time` = 0  AND `is_show` = 1 [ RunTime:0.000425s ]
[2021-06-24T20:41:32+08:00][sql] SELECT * FROM `carver_article` WHERE  `article_label` LIKE '%php%'  AND `delete_time` = 0  AND `is_show` = 1 LIMIT 18,6 [ RunTime:0.000940s ]
[2021-06-24T20:41:32+08:00][sql] SELECT article_id,article_title,click_num,FROM_UNIXTIME(add_time,'%Y-%m-%d') as add_time FROM `carver_article` WHERE  `is_show` = 1  AND `delete_time` = 0 ORDER BY `click_num` DESC LIMIT 3 [ RunTime:0.000486s ]
[2021-06-24T20:41:32+08:00][sql] SHOW FULL COLUMNS FROM `carver_notice` [ RunTime:0.000649s ]
[2021-06-24T20:41:32+08:00][sql] SELECT * FROM `carver_notice` ORDER BY `create_time` DESC LIMIT 3 [ RunTime:0.000287s ]
[2021-06-24T20:41:32+08:00][sql] SHOW FULL COLUMNS FROM `carver_navigation` [ RunTime:0.000562s ]
[2021-06-24T20:41:32+08:00][sql] SELECT * FROM `carver_navigation` [ RunTime:0.000236s ]
[2021-06-24T20:41:32+08:00][sql] SHOW FULL COLUMNS FROM `carver_link` [ RunTime:0.000517s ]
[2021-06-24T20:41:32+08:00][sql] SELECT * FROM `carver_link` WHERE  ( is_confirm=2 ) LIMIT 20 [ RunTime:0.000336s ]
[2021-06-24T20:41:32+08:00][sql] SELECT `article_label` FROM `carver_article` [ RunTime:0.016043s ]
[2021-06-24T20:41:32+08:00][sql] SHOW FULL COLUMNS FROM `carver_carouse` [ RunTime:0.001950s ]
[2021-06-24T20:41:32+08:00][sql] SELECT `carouse_img`,`carouse_desc` FROM `carver_carouse` WHERE  `is_show` = 1 ORDER BY `carouse_sort` DESC LIMIT 3 [ RunTime:0.000372s ]
[2021-06-24T20:41:32+08:00][sql] SHOW FULL COLUMNS FROM `carver_site` [ RunTime:0.000597s ]
[2021-06-24T20:41:32+08:00][sql] SELECT * FROM `carver_site` [ RunTime:0.001288s ]
[2021-06-24T20:47:46+08:00][sql] CONNECT:[ UseTime:0.000620s ] mysql:host=127.0.0.1;port=3306;dbname=carver;charset=utf8
[2021-06-24T20:47:46+08:00][sql] SHOW FULL COLUMNS FROM `carver_article` [ RunTime:0.000883s ]
[2021-06-24T20:47:46+08:00][sql] SELECT COUNT(*) AS think_count FROM `carver_article` WHERE  `article_guide` = 6  AND `delete_time` = 0  AND `is_show` = 1 [ RunTime:0.000437s ]
[2021-06-24T20:47:46+08:00][sql] SELECT * FROM `carver_article` WHERE  `article_guide` = 6  AND `delete_time` = 0  AND `is_show` = 1 ORDER BY `add_time` DESC LIMIT 0,6 [ RunTime:0.000863s ]
[2021-06-24T20:47:46+08:00][sql] SELECT article_id,article_title,click_num,FROM_UNIXTIME(add_time,'%Y-%m-%d') as add_time FROM `carver_article` WHERE  `is_show` = 1  AND `delete_time` = 0 ORDER BY `click_num` DESC LIMIT 3 [ RunTime:0.000387s ]
[2021-06-24T20:47:46+08:00][sql] SHOW FULL COLUMNS FROM `carver_notice` [ RunTime:0.000574s ]
[2021-06-24T20:47:46+08:00][sql] SELECT * FROM `carver_notice` ORDER BY `create_time` DESC LIMIT 3 [ RunTime:0.000268s ]
[2021-06-24T20:47:46+08:00][sql] SHOW FULL COLUMNS FROM `carver_navigation` [ RunTime:0.000544s ]
[2021-06-24T20:47:46+08:00][sql] SELECT * FROM `carver_navigation` [ RunTime:0.000231s ]
[2021-06-24T20:47:46+08:00][sql] SELECT `article_label` FROM `carver_article` [ RunTime:0.000286s ]
[2021-06-24T20:47:46+08:00][sql] SHOW FULL COLUMNS FROM `carver_carouse` [ RunTime:0.000504s ]
[2021-06-24T20:47:46+08:00][sql] SELECT `carouse_img`,`carouse_desc` FROM `carver_carouse` WHERE  `is_show` = 1 ORDER BY `carouse_sort` DESC LIMIT 3 [ RunTime:0.000278s ]
[2021-06-24T20:47:46+08:00][sql] SHOW FULL COLUMNS FROM `carver_link` [ RunTime:0.000485s ]
[2021-06-24T20:47:46+08:00][sql] SELECT * FROM `carver_link` WHERE  ( is_confirm=2 ) LIMIT 20 [ RunTime:0.000276s ]
[2021-06-24T20:47:46+08:00][sql] SHOW FULL COLUMNS FROM `carver_site` [ RunTime:0.000645s ]
[2021-06-24T20:47:46+08:00][sql] SELECT * FROM `carver_site` [ RunTime:0.000244s ]
[2021-06-24T21:47:45+08:00][sql] CONNECT:[ UseTime:0.000580s ] mysql:host=127.0.0.1;port=3306;dbname=carver;charset=utf8
[2021-06-24T21:47:45+08:00][sql] SHOW FULL COLUMNS FROM `carver_article` [ RunTime:0.000974s ]
[2021-06-24T21:47:45+08:00][sql] SELECT `article_id`,`article_title`,`article_desc`,`article_content`,`article_img`,`article_guide`,`article_label`,`click_num`,`is_show`,`add_time`,`article_author` FROM `carver_article` WHERE  `article_id` = 28 LIMIT 1 [ RunTime:0.000467s ]
[2021-06-24T21:47:45+08:00][sql] SELECT `article_id`,`article_title`,`article_desc`,`article_content`,`article_img`,`article_guide`,`article_label`,`click_num`,`is_show`,`add_time`,`article_author` FROM `carver_article` WHERE  `article_id` > 28 LIMIT 1 [ RunTime:0.000349s ]
[2021-06-24T21:47:45+08:00][sql] SELECT `article_id`,`article_title`,`article_desc`,`article_content`,`article_img`,`article_guide`,`article_label`,`click_num`,`is_show`,`add_time`,`article_author` FROM `carver_article` WHERE  `article_id` < 28 ORDER BY `article_id` DESC LIMIT 1 [ RunTime:0.000455s ]
[2021-06-24T21:47:45+08:00][sql] SHOW FULL COLUMNS FROM `carver_link` [ RunTime:0.000742s ]
[2021-06-24T21:47:45+08:00][sql] SELECT * FROM `carver_link` WHERE  ( is_confirm=2 ) LIMIT 20 [ RunTime:0.000359s ]
[2021-06-24T21:47:45+08:00][sql] SELECT article_id,article_title,click_num,FROM_UNIXTIME(add_time,'%Y-%m-%d') as add_time FROM `carver_article` ORDER BY `click_num` DESC LIMIT 3 [ RunTime:0.000433s ]
[2021-06-24T21:47:45+08:00][sql] SHOW FULL COLUMNS FROM `carver_comment` [ RunTime:0.000589s ]
[2021-06-24T21:47:45+08:00][sql] SELECT `a`.*,`b`.`user_name` FROM `carver_comment` `a` INNER JOIN `carver_user` `b` ON `a`.`user_id`=`b`.`user_id` WHERE  `article_id` = 28 ORDER BY `create_time` DESC [ RunTime:0.000408s ]
[2021-06-24T21:47:45+08:00][sql] SHOW FULL COLUMNS FROM `carver_comment_to_others` [ RunTime:0.000539s ]
[2021-06-24T21:47:45+08:00][sql] SELECT * FROM `carver_comment_to_others` [ RunTime:0.000321s ]
[2021-06-24T21:47:45+08:00][sql] SHOW FULL COLUMNS FROM `carver_user` [ RunTime:0.000527s ]
[2021-06-24T21:47:45+08:00][sql] SELECT `user_name` FROM `carver_user` WHERE  `user_id` = 4 LIMIT 1 [ RunTime:0.000284s ]
[2021-06-24T21:47:45+08:00][sql] SELECT `user_name` FROM `carver_user` WHERE  `user_id` = 4 LIMIT 1 [ RunTime:0.000228s ]
[2021-06-24T21:47:45+08:00][sql] SELECT `user_name` FROM `carver_user` WHERE  `user_id` = 5 LIMIT 1 [ RunTime:0.000210s ]
[2021-06-24T21:47:45+08:00][sql] SELECT `user_name` FROM `carver_user` WHERE  `user_id` = 5 LIMIT 1 [ RunTime:0.000411s ]
[2021-06-24T21:47:45+08:00][sql] SELECT `user_name` FROM `carver_user` WHERE  `user_id` = 37 LIMIT 1 [ RunTime:0.000222s ]
[2021-06-24T21:47:45+08:00][sql] SELECT `user_name`,`user_id` FROM `carver_user` [ RunTime:0.000256s ]
[2021-06-24T21:47:45+08:00][sql] SHOW FULL COLUMNS FROM `carver_navigation` [ RunTime:0.000910s ]
[2021-06-24T21:47:45+08:00][sql] SELECT * FROM `carver_navigation` [ RunTime:0.000306s ]
[2021-06-24T21:47:45+08:00][sql] SELECT `article_label` FROM `carver_article` [ RunTime:0.000483s ]
[2021-06-24T22:04:23+08:00][sql] CONNECT:[ UseTime:0.000525s ] mysql:host=127.0.0.1;port=3306;dbname=carver;charset=utf8
[2021-06-24T22:04:23+08:00][sql] SHOW FULL COLUMNS FROM `carver_article` [ RunTime:0.000912s ]
[2021-06-24T22:04:23+08:00][sql] SELECT COUNT(*) AS think_count FROM `carver_article` WHERE  `article_label` LIKE '%c%'  AND `delete_time` = 0  AND `is_show` = 1 [ RunTime:0.000750s ]
[2021-06-24T22:04:23+08:00][sql] SELECT * FROM `carver_article` WHERE  `article_label` LIKE '%c%'  AND `delete_time` = 0  AND `is_show` = 1 LIMIT 0,6 [ RunTime:0.001336s ]
[2021-06-24T22:04:23+08:00][sql] SELECT article_id,article_title,click_num,FROM_UNIXTIME(add_time,'%Y-%m-%d') as add_time FROM `carver_article` WHERE  `is_show` = 1  AND `delete_time` = 0 ORDER BY `click_num` DESC LIMIT 3 [ RunTime:0.000440s ]
[2021-06-24T22:04:23+08:00][sql] SHOW FULL COLUMNS FROM `carver_notice` [ RunTime:0.000629s ]
[2021-06-24T22:04:23+08:00][sql] SELECT * FROM `carver_notice` ORDER BY `create_time` DESC LIMIT 3 [ RunTime:0.000275s ]
[2021-06-24T22:04:23+08:00][sql] SHOW FULL COLUMNS FROM `carver_navigation` [ RunTime:0.000540s ]
[2021-06-24T22:04:23+08:00][sql] SELECT * FROM `carver_navigation` [ RunTime:0.000261s ]
[2021-06-24T22:04:23+08:00][sql] SHOW FULL COLUMNS FROM `carver_link` [ RunTime:0.000532s ]
[2021-06-24T22:04:23+08:00][sql] SELECT * FROM `carver_link` WHERE  ( is_confirm=2 ) LIMIT 20 [ RunTime:0.000266s ]
[2021-06-24T22:04:23+08:00][sql] SELECT `article_label` FROM `carver_article` [ RunTime:0.000261s ]
[2021-06-24T22:04:23+08:00][sql] SHOW FULL COLUMNS FROM `carver_carouse` [ RunTime:0.000595s ]
[2021-06-24T22:04:23+08:00][sql] SELECT `carouse_img`,`carouse_desc` FROM `carver_carouse` WHERE  `is_show` = 1 ORDER BY `carouse_sort` DESC LIMIT 3 [ RunTime:0.000303s ]
[2021-06-24T22:04:23+08:00][sql] SHOW FULL COLUMNS FROM `carver_site` [ RunTime:0.000505s ]
[2021-06-24T22:04:23+08:00][sql] SELECT * FROM `carver_site` [ RunTime:0.000247s ]
[2021-06-24T22:24:05+08:00][sql] CONNECT:[ UseTime:0.000543s ] mysql:host=127.0.0.1;port=3306;dbname=carver;charset=utf8
[2021-06-24T22:24:05+08:00][sql] SHOW FULL COLUMNS FROM `carver_article` [ RunTime:0.000934s ]
[2021-06-24T22:24:05+08:00][sql] SELECT `article_id`,`article_title`,`article_desc`,`article_content`,`article_img`,`article_guide`,`article_label`,`click_num`,`is_show`,`add_time`,`article_author` FROM `carver_article` WHERE  `article_id` = 23' LIMIT 1 [ RunTime:0.000438s ]
[2021-06-24T22:24:05+08:00][sql] SELECT `article_id`,`article_title`,`article_desc`,`article_content`,`article_img`,`article_guide`,`article_label`,`click_num`,`is_show`,`add_time`,`article_author` FROM `carver_article` WHERE  `article_id` > 23' LIMIT 1 [ RunTime:0.000622s ]
[2021-06-24T22:24:05+08:00][sql] SELECT `article_id`,`article_title`,`article_desc`,`article_content`,`article_img`,`article_guide`,`article_label`,`click_num`,`is_show`,`add_time`,`article_author` FROM `carver_article` WHERE  `article_id` < 23' ORDER BY `article_id` DESC LIMIT 1 [ RunTime:0.000442s ]
[2021-06-24T22:24:05+08:00][sql] SHOW FULL COLUMNS FROM `carver_link` [ RunTime:0.000545s ]
[2021-06-24T22:24:05+08:00][sql] SELECT * FROM `carver_link` WHERE  ( is_confirm=2 ) LIMIT 20 [ RunTime:0.000279s ]
[2021-06-24T22:24:05+08:00][sql] SELECT article_id,article_title,click_num,FROM_UNIXTIME(add_time,'%Y-%m-%d') as add_time FROM `carver_article` ORDER BY `click_num` DESC LIMIT 3 [ RunTime:0.000331s ]
[2021-06-24T22:24:05+08:00][sql] SHOW FULL COLUMNS FROM `carver_comment` [ RunTime:0.000528s ]
[2021-06-24T22:24:05+08:00][sql] SELECT `a`.*,`b`.`user_name` FROM `carver_comment` `a` INNER JOIN `carver_user` `b` ON `a`.`user_id`=`b`.`user_id` WHERE  `article_id` = 23' ORDER BY `create_time` DESC [ RunTime:0.000325s ]
[2021-06-24T22:24:05+08:00][sql] SHOW FULL COLUMNS FROM `carver_comment_to_others` [ RunTime:0.000526s ]
[2021-06-24T22:24:05+08:00][sql] SELECT * FROM `carver_comment_to_others` [ RunTime:0.000229s ]
[2021-06-24T22:24:05+08:00][sql] SHOW FULL COLUMNS FROM `carver_user` [ RunTime:0.000515s ]
[2021-06-24T22:24:05+08:00][sql] SELECT `user_name` FROM `carver_user` WHERE  `user_id` = 4 LIMIT 1 [ RunTime:0.000224s ]
[2021-06-24T22:24:05+08:00][sql] SELECT `user_name` FROM `carver_user` WHERE  `user_id` = 4 LIMIT 1 [ RunTime:0.000229s ]
[2021-06-24T22:24:05+08:00][sql] SELECT `user_name` FROM `carver_user` WHERE  `user_id` = 5 LIMIT 1 [ RunTime:0.000220s ]
[2021-06-24T22:24:05+08:00][sql] SELECT `user_name` FROM `carver_user` WHERE  `user_id` = 5 LIMIT 1 [ RunTime:0.000222s ]
[2021-06-24T22:24:05+08:00][sql] SELECT `user_name` FROM `carver_user` WHERE  `user_id` = 37 LIMIT 1 [ RunTime:0.000230s ]
[2021-06-24T22:24:05+08:00][sql] SELECT `user_name`,`user_id` FROM `carver_user` [ RunTime:0.000229s ]
[2021-06-24T22:24:05+08:00][sql] SHOW FULL COLUMNS FROM `carver_navigation` [ RunTime:0.000492s ]
[2021-06-24T22:24:05+08:00][sql] SELECT * FROM `carver_navigation` [ RunTime:0.000265s ]
[2021-06-24T22:24:05+08:00][sql] SELECT `article_label` FROM `carver_article` [ RunTime:0.000239s ]
[2021-06-24T22:41:31+08:00][sql] CONNECT:[ UseTime:0.000556s ] mysql:host=127.0.0.1;port=3306;dbname=carver;charset=utf8
[2021-06-24T22:41:31+08:00][sql] SHOW FULL COLUMNS FROM `carver_user` [ RunTime:0.000877s ]
[2021-06-24T22:41:31+08:00][sql] SHOW FULL COLUMNS FROM `carver_article` [ RunTime:0.000739s ]
[2021-06-24T22:41:31+08:00][sql] SELECT COUNT(*) AS think_count FROM `carver_article` WHERE  `delete_time` = 0  AND `is_show` = 1 [ RunTime:0.000386s ]
[2021-06-24T22:41:31+08:00][sql] SELECT `article_id`,`article_title`,`article_desc`,`article_content`,`article_img`,`article_guide`,`article_label`,`click_num`,`is_show`,`add_time`,`article_author`,`is_top_show` FROM `carver_article` WHERE  `delete_time` = 0  AND `is_show` = 1 ORDER BY `article_id` DESC LIMIT 0,6 [ RunTime:0.000817s ]
[2021-06-24T22:41:31+08:00][sql] SELECT article_id,article_title,click_num,FROM_UNIXTIME(add_time,'%Y-%m-%d') as add_time FROM `carver_article` WHERE  `is_show` = 1  AND `delete_time` = 0 ORDER BY `click_num` DESC LIMIT 3 [ RunTime:0.000521s ]
[2021-06-24T22:41:31+08:00][sql] SHOW FULL COLUMNS FROM `carver_notice` [ RunTime:0.000690s ]
[2021-06-24T22:41:31+08:00][sql] SELECT * FROM `carver_notice` ORDER BY `create_time` DESC LIMIT 3 [ RunTime:0.000297s ]
[2021-06-24T22:41:31+08:00][sql] SHOW FULL COLUMNS FROM `carver_navigation` [ RunTime:0.000595s ]
[2021-06-24T22:41:31+08:00][sql] SELECT * FROM `carver_navigation` [ RunTime:0.000240s ]
[2021-06-24T22:41:31+08:00][sql] SHOW FULL COLUMNS FROM `carver_link` [ RunTime:0.000499s ]
[2021-06-24T22:41:31+08:00][sql] SELECT * FROM `carver_link` WHERE  ( is_confirm=2 ) LIMIT 20 [ RunTime:0.000374s ]
[2021-06-24T22:41:31+08:00][sql] SELECT `article_label` FROM `carver_article` [ RunTime:0.000276s ]
[2021-06-24T22:41:31+08:00][sql] SHOW FULL COLUMNS FROM `carver_carouse` [ RunTime:0.000567s ]
[2021-06-24T22:41:31+08:00][sql] SELECT `carouse_img`,`carouse_desc` FROM `carver_carouse` WHERE  `is_show` = 1 ORDER BY `carouse_sort` DESC LIMIT 3 [ RunTime:0.000299s ]
[2021-06-24T22:41:31+08:00][sql] SHOW FULL COLUMNS FROM `carver_site` [ RunTime:0.000598s ]
[2021-06-24T22:41:31+08:00][sql] SELECT * FROM `carver_site` [ RunTime:0.000235s ]
[2021-06-24T22:47:45+08:00][sql] CONNECT:[ UseTime:0.000504s ] mysql:host=127.0.0.1;port=3306;dbname=carver;charset=utf8
[2021-06-24T22:47:45+08:00][sql] SHOW FULL COLUMNS FROM `carver_article` [ RunTime:0.000918s ]
[2021-06-24T22:47:45+08:00][sql] SELECT COUNT(*) AS think_count FROM `carver_article` WHERE  `article_guide` = 6  AND `delete_time` = 0  AND `is_show` = 1 [ RunTime:0.000411s ]
[2021-06-24T22:47:45+08:00][sql] SELECT * FROM `carver_article` WHERE  `article_guide` = 6  AND `delete_time` = 0  AND `is_show` = 1 ORDER BY `add_time` DESC LIMIT 0,6 [ RunTime:0.000683s ]
[2021-06-24T22:47:45+08:00][sql] SELECT article_id,article_title,click_num,FROM_UNIXTIME(add_time,'%Y-%m-%d') as add_time FROM `carver_article` WHERE  `is_show` = 1  AND `delete_time` = 0 ORDER BY `click_num` DESC LIMIT 3 [ RunTime:0.000411s ]
[2021-06-24T22:47:45+08:00][sql] SHOW FULL COLUMNS FROM `carver_notice` [ RunTime:0.000587s ]
[2021-06-24T22:47:45+08:00][sql] SELECT * FROM `carver_notice` ORDER BY `create_time` DESC LIMIT 3 [ RunTime:0.000430s ]
[2021-06-24T22:47:45+08:00][sql] SHOW FULL COLUMNS FROM `carver_navigation` [ RunTime:0.000522s ]
[2021-06-24T22:47:45+08:00][sql] SELECT * FROM `carver_navigation` [ RunTime:0.000256s ]
[2021-06-24T22:47:45+08:00][sql] SELECT `article_label` FROM `carver_article` [ RunTime:0.000252s ]
[2021-06-24T22:47:45+08:00][sql] SHOW FULL COLUMNS FROM `carver_carouse` [ RunTime:0.000539s ]
[2021-06-24T22:47:45+08:00][sql] SELECT `carouse_img`,`carouse_desc` FROM `carver_carouse` WHERE  `is_show` = 1 ORDER BY `carouse_sort` DESC LIMIT 3 [ RunTime:0.000264s ]
[2021-06-24T22:47:45+08:00][sql] SHOW FULL COLUMNS FROM `carver_link` [ RunTime:0.000477s ]
[2021-06-24T22:47:45+08:00][sql] SELECT * FROM `carver_link` WHERE  ( is_confirm=2 ) LIMIT 20 [ RunTime:0.000296s ]
[2021-06-24T22:47:45+08:00][sql] SHOW FULL COLUMNS FROM `carver_site` [ RunTime:0.000524s ]
[2021-06-24T22:47:45+08:00][sql] SELECT * FROM `carver_site` [ RunTime:0.000225s ]
[2021-06-24T23:11:06+08:00][sql] CONNECT:[ UseTime:0.000559s ] mysql:host=127.0.0.1;port=3306;dbname=carver;charset=utf8
[2021-06-24T23:11:06+08:00][sql] SHOW FULL COLUMNS FROM `carver_user` [ RunTime:0.000827s ]
[2021-06-24T23:16:08+08:00][sql] CONNECT:[ UseTime:0.000529s ] mysql:host=127.0.0.1;port=3306;dbname=carver;charset=utf8
[2021-06-24T23:16:08+08:00][sql] SHOW FULL COLUMNS FROM `carver_article` [ RunTime:0.000929s ]
[2021-06-24T23:16:08+08:00][sql] SELECT COUNT(*) AS think_count FROM `carver_article` WHERE  `article_guide` = 5  AND `delete_time` = 0  AND `is_show` = 1 [ RunTime:0.000408s ]
[2021-06-24T23:16:08+08:00][sql] SELECT * FROM `carver_article` WHERE  `article_guide` = 5  AND `delete_time` = 0  AND `is_show` = 1 ORDER BY `add_time` DESC LIMIT 0,6 [ RunTime:0.003818s ]
[2021-06-24T23:16:08+08:00][sql] SELECT article_id,article_title,click_num,FROM_UNIXTIME(add_time,'%Y-%m-%d') as add_time FROM `carver_article` WHERE  `is_show` = 1  AND `delete_time` = 0 ORDER BY `click_num` DESC LIMIT 3 [ RunTime:0.000636s ]
[2021-06-24T23:16:08+08:00][sql] SHOW FULL COLUMNS FROM `carver_notice` [ RunTime:0.000670s ]
[2021-06-24T23:16:08+08:00][sql] SELECT * FROM `carver_notice` ORDER BY `create_time` DESC LIMIT 3 [ RunTime:0.000314s ]
[2021-06-24T23:16:08+08:00][sql] SHOW FULL COLUMNS FROM `carver_navigation` [ RunTime:0.000540s ]
[2021-06-24T23:16:08+08:00][sql] SELECT * FROM `carver_navigation` [ RunTime:0.000277s ]
[2021-06-24T23:16:08+08:00][sql] SELECT `article_label` FROM `carver_article` [ RunTime:0.000262s ]
[2021-06-24T23:16:08+08:00][sql] SHOW FULL COLUMNS FROM `carver_carouse` [ RunTime:0.000591s ]
[2021-06-24T23:16:08+08:00][sql] SELECT `carouse_img`,`carouse_desc` FROM `carver_carouse` WHERE  `is_show` = 1 ORDER BY `carouse_sort` DESC LIMIT 3 [ RunTime:0.000301s ]
[2021-06-24T23:16:08+08:00][sql] SHOW FULL COLUMNS FROM `carver_link` [ RunTime:0.000503s ]
[2021-06-24T23:16:08+08:00][sql] SELECT * FROM `carver_link` WHERE  ( is_confirm=2 ) LIMIT 20 [ RunTime:0.000316s ]
[2021-06-24T23:16:08+08:00][sql] SHOW FULL COLUMNS FROM `carver_site` [ RunTime:0.000541s ]
[2021-06-24T23:16:08+08:00][sql] SELECT * FROM `carver_site` [ RunTime:0.000275s ]
[2021-06-24T23:48:48+08:00][sql] CONNECT:[ UseTime:0.000510s ] mysql:host=127.0.0.1;port=3306;dbname=carver;charset=utf8
[2021-06-24T23:48:48+08:00][sql] SHOW FULL COLUMNS FROM `carver_user` [ RunTime:0.000839s ]
[2021-06-24T23:48:48+08:00][sql] SHOW FULL COLUMNS FROM `carver_article` [ RunTime:0.000797s ]
[2021-06-24T23:48:48+08:00][sql] SELECT COUNT(*) AS think_count FROM `carver_article` WHERE  `delete_time` = 0  AND `is_show` = 1 [ RunTime:0.000423s ]
[2021-06-24T23:48:48+08:00][sql] SELECT `article_id`,`article_title`,`article_desc`,`article_content`,`article_img`,`article_guide`,`article_label`,`click_num`,`is_show`,`add_time`,`article_author`,`is_top_show` FROM `carver_article` WHERE  `delete_time` = 0  AND `is_show` = 1 ORDER BY `article_id` DESC LIMIT 0,6 [ RunTime:0.000815s ]
[2021-06-24T23:48:48+08:00][sql] SELECT article_id,article_title,click_num,FROM_UNIXTIME(add_time,'%Y-%m-%d') as add_time FROM `carver_article` WHERE  `is_show` = 1  AND `delete_time` = 0 ORDER BY `click_num` DESC LIMIT 3 [ RunTime:0.000557s ]
[2021-06-24T23:48:48+08:00][sql] SHOW FULL COLUMNS FROM `carver_notice` [ RunTime:0.000584s ]
[2021-06-24T23:48:48+08:00][sql] SELECT * FROM `carver_notice` ORDER BY `create_time` DESC LIMIT 3 [ RunTime:0.000278s ]
[2021-06-24T23:48:48+08:00][sql] SHOW FULL COLUMNS FROM `carver_navigation` [ RunTime:0.000590s ]
[2021-06-24T23:48:48+08:00][sql] SELECT * FROM `carver_navigation` [ RunTime:0.000242s ]
[2021-06-24T23:48:48+08:00][sql] SHOW FULL COLUMNS FROM `carver_link` [ RunTime:0.000582s ]
[2021-06-24T23:48:48+08:00][sql] SELECT * FROM `carver_link` WHERE  ( is_confirm=2 ) LIMIT 20 [ RunTime:0.000309s ]
[2021-06-24T23:48:48+08:00][sql] SELECT `article_label` FROM `carver_article` [ RunTime:0.000308s ]
[2021-06-24T23:48:48+08:00][sql] SHOW FULL COLUMNS FROM `carver_carouse` [ RunTime:0.000558s ]
[2021-06-24T23:48:48+08:00][sql] SELECT `carouse_img`,`carouse_desc` FROM `carver_carouse` WHERE  `is_show` = 1 ORDER BY `carouse_sort` DESC LIMIT 3 [ RunTime:0.000322s ]
[2021-06-24T23:48:48+08:00][sql] SHOW FULL COLUMNS FROM `carver_site` [ RunTime:0.000502s ]
[2021-06-24T23:48:48+08:00][sql] SELECT * FROM `carver_site` [ RunTime:0.000240s ]
