[2021-06-27T01:05:14+08:00][error] [8]Undefined index: nav_id[/www/wwwroot/101.200.121.249/carver_tp_blog/app/web/controller/ArticleUser.php:355]
[2021-06-27T06:23:59+08:00][sql] CONNECT:[ UseTime:0.000571s ] mysql:host=127.0.0.1;port=3306;dbname=carver;charset=utf8
[2021-06-27T06:23:59+08:00][sql] SHOW FULL COLUMNS FROM `carver_user` [ RunTime:0.000858s ]
[2021-06-27T06:23:59+08:00][sql] SHOW FULL COLUMNS FROM `carver_article` [ RunTime:0.000818s ]
[2021-06-27T06:23:59+08:00][sql] SELECT COUNT(*) AS think_count FROM `carver_article` WHERE  `delete_time` = 0  AND `is_show` = 1 [ RunTime:0.000428s ]
[2021-06-27T06:23:59+08:00][sql] SELECT `article_id`,`article_title`,`article_desc`,`article_content`,`article_img`,`article_guide`,`article_label`,`click_num`,`is_show`,`add_time`,`article_author`,`is_top_show` FROM `carver_article` WHERE  `delete_time` = 0  AND `is_show` = 1 ORDER BY `article_id` DESC LIMIT 0,6 [ RunTime:0.000802s ]
[2021-06-27T06:23:59+08:00][sql] SELECT article_id,article_title,click_num,FROM_UNIXTIME(add_time,'%Y-%m-%d') as add_time FROM `carver_article` WHERE  `is_show` = 1  AND `delete_time` = 0 ORDER BY `click_num` DESC LIMIT 3 [ RunTime:0.000598s ]
[2021-06-27T06:23:59+08:00][sql] SHOW FULL COLUMNS FROM `carver_notice` [ RunTime:0.000809s ]
[2021-06-27T06:23:59+08:00][sql] SELECT * FROM `carver_notice` ORDER BY `create_time` DESC LIMIT 3 [ RunTime:0.000328s ]
[2021-06-27T06:23:59+08:00][sql] SHOW FULL COLUMNS FROM `carver_navigation` [ RunTime:0.000628s ]
[2021-06-27T06:23:59+08:00][sql] SELECT * FROM `carver_navigation` [ RunTime:0.000256s ]
[2021-06-27T06:23:59+08:00][sql] SHOW FULL COLUMNS FROM `carver_link` [ RunTime:0.000547s ]
[2021-06-27T06:23:59+08:00][sql] SELECT * FROM `carver_link` WHERE  ( is_confirm=2 ) LIMIT 20 [ RunTime:0.000351s ]
[2021-06-27T06:23:59+08:00][sql] SELECT `article_label` FROM `carver_article` [ RunTime:0.000317s ]
[2021-06-27T06:23:59+08:00][sql] SHOW FULL COLUMNS FROM `carver_carouse` [ RunTime:0.000535s ]
[2021-06-27T06:23:59+08:00][sql] SELECT `carouse_img`,`carouse_desc` FROM `carver_carouse` WHERE  `is_show` = 1 ORDER BY `carouse_sort` DESC LIMIT 3 [ RunTime:0.000320s ]
[2021-06-27T06:23:59+08:00][sql] SHOW FULL COLUMNS FROM `carver_site` [ RunTime:0.000519s ]
[2021-06-27T06:23:59+08:00][sql] SELECT * FROM `carver_site` [ RunTime:0.000260s ]
[2021-06-27T06:51:19+08:00][sql] CONNECT:[ UseTime:0.000649s ] mysql:host=127.0.0.1;port=3306;dbname=carver;charset=utf8
[2021-06-27T06:51:19+08:00][sql] SHOW FULL COLUMNS FROM `carver_user` [ RunTime:0.000866s ]
[2021-06-27T06:51:19+08:00][sql] SHOW FULL COLUMNS FROM `carver_article` [ RunTime:0.000690s ]
[2021-06-27T06:51:19+08:00][sql] SELECT COUNT(*) AS think_count FROM `carver_article` WHERE  `delete_time` = 0  AND `is_show` = 1 [ RunTime:0.000390s ]
[2021-06-27T06:51:19+08:00][sql] SELECT `article_id`,`article_title`,`article_desc`,`article_content`,`article_img`,`article_guide`,`article_label`,`click_num`,`is_show`,`add_time`,`article_author`,`is_top_show` FROM `carver_article` WHERE  `delete_time` = 0  AND `is_show` = 1 ORDER BY `article_id` DESC LIMIT 18,6 [ RunTime:0.001701s ]
[2021-06-27T06:51:19+08:00][sql] SELECT article_id,article_title,click_num,FROM_UNIXTIME(add_time,'%Y-%m-%d') as add_time FROM `carver_article` WHERE  `is_show` = 1  AND `delete_time` = 0 ORDER BY `click_num` DESC LIMIT 3 [ RunTime:0.000494s ]
[2021-06-27T06:51:19+08:00][sql] SHOW FULL COLUMNS FROM `carver_notice` [ RunTime:0.000563s ]
[2021-06-27T06:51:19+08:00][sql] SELECT * FROM `carver_notice` ORDER BY `create_time` DESC LIMIT 3 [ RunTime:0.000321s ]
[2021-06-27T06:51:19+08:00][sql] SHOW FULL COLUMNS FROM `carver_navigation` [ RunTime:0.000518s ]
[2021-06-27T06:51:19+08:00][sql] SELECT * FROM `carver_navigation` [ RunTime:0.000236s ]
[2021-06-27T06:51:19+08:00][sql] SHOW FULL COLUMNS FROM `carver_link` [ RunTime:0.000492s ]
[2021-06-27T06:51:19+08:00][sql] SELECT * FROM `carver_link` WHERE  ( is_confirm=2 ) LIMIT 20 [ RunTime:0.000270s ]
[2021-06-27T06:51:19+08:00][sql] SELECT `article_label` FROM `carver_article` [ RunTime:0.000279s ]
[2021-06-27T06:51:19+08:00][sql] SHOW FULL COLUMNS FROM `carver_carouse` [ RunTime:0.000518s ]
[2021-06-27T06:51:19+08:00][sql] SELECT `carouse_img`,`carouse_desc` FROM `carver_carouse` WHERE  `is_show` = 1 ORDER BY `carouse_sort` DESC LIMIT 3 [ RunTime:0.000304s ]
[2021-06-27T06:51:19+08:00][sql] SHOW FULL COLUMNS FROM `carver_site` [ RunTime:0.000487s ]
[2021-06-27T06:51:19+08:00][sql] SELECT * FROM `carver_site` [ RunTime:0.000240s ]
[2021-06-27T08:43:08+08:00][sql] CONNECT:[ UseTime:0.000723s ] mysql:host=127.0.0.1;port=3306;dbname=carver;charset=utf8
[2021-06-27T08:43:08+08:00][sql] SHOW FULL COLUMNS FROM `carver_article` [ RunTime:0.001378s ]
[2021-06-27T08:43:08+08:00][sql] SELECT COUNT(*) AS think_count FROM `carver_article` WHERE  `article_label` LIKE '%c  %'  AND `delete_time` = 0  AND `is_show` = 1 [ RunTime:0.000559s ]
[2021-06-27T08:43:08+08:00][sql] SELECT * FROM `carver_article` WHERE  `article_label` LIKE '%c  %'  AND `delete_time` = 0  AND `is_show` = 1 LIMIT 0,6 [ RunTime:0.001199s ]
[2021-06-27T08:43:08+08:00][sql] SELECT article_id,article_title,click_num,FROM_UNIXTIME(add_time,'%Y-%m-%d') as add_time FROM `carver_article` WHERE  `is_show` = 1  AND `delete_time` = 0 ORDER BY `click_num` DESC LIMIT 3 [ RunTime:0.000626s ]
[2021-06-27T08:43:08+08:00][sql] SHOW FULL COLUMNS FROM `carver_notice` [ RunTime:0.000803s ]
[2021-06-27T08:43:08+08:00][sql] SELECT * FROM `carver_notice` ORDER BY `create_time` DESC LIMIT 3 [ RunTime:0.000381s ]
[2021-06-27T08:43:08+08:00][sql] SHOW FULL COLUMNS FROM `carver_navigation` [ RunTime:0.000695s ]
[2021-06-27T08:43:08+08:00][sql] SELECT * FROM `carver_navigation` [ RunTime:0.000323s ]
[2021-06-27T08:43:08+08:00][sql] SHOW FULL COLUMNS FROM `carver_link` [ RunTime:0.000638s ]
[2021-06-27T08:43:08+08:00][sql] SELECT * FROM `carver_link` WHERE  ( is_confirm=2 ) LIMIT 20 [ RunTime:0.000357s ]
[2021-06-27T08:43:08+08:00][sql] SELECT `article_label` FROM `carver_article` [ RunTime:0.000279s ]
[2021-06-27T08:43:08+08:00][sql] SHOW FULL COLUMNS FROM `carver_carouse` [ RunTime:0.000539s ]
[2021-06-27T08:43:08+08:00][sql] SELECT `carouse_img`,`carouse_desc` FROM `carver_carouse` WHERE  `is_show` = 1 ORDER BY `carouse_sort` DESC LIMIT 3 [ RunTime:0.000393s ]
[2021-06-27T08:43:08+08:00][sql] SHOW FULL COLUMNS FROM `carver_site` [ RunTime:0.000757s ]
[2021-06-27T08:43:08+08:00][sql] SELECT * FROM `carver_site` [ RunTime:0.000357s ]
[2021-06-27T08:43:14+08:00][sql] CONNECT:[ UseTime:0.000579s ] mysql:host=127.0.0.1;port=3306;dbname=carver;charset=utf8
[2021-06-27T08:43:14+08:00][sql] SHOW FULL COLUMNS FROM `carver_article` [ RunTime:0.000916s ]
[2021-06-27T08:43:14+08:00][sql] SELECT `article_id`,`article_title`,`article_desc`,`article_content`,`article_img`,`article_guide`,`article_label`,`click_num`,`is_show`,`add_time`,`article_author` FROM `carver_article` WHERE  `article_id` = 12 LIMIT 1 [ RunTime:0.000448s ]
[2021-06-27T08:43:14+08:00][sql] SELECT `article_id`,`article_title`,`article_desc`,`article_content`,`article_img`,`article_guide`,`article_label`,`click_num`,`is_show`,`add_time`,`article_author` FROM `carver_article` WHERE  `article_id` > 12 LIMIT 1 [ RunTime:0.000366s ]
[2021-06-27T08:43:14+08:00][sql] SELECT `article_id`,`article_title`,`article_desc`,`article_content`,`article_img`,`article_guide`,`article_label`,`click_num`,`is_show`,`add_time`,`article_author` FROM `carver_article` WHERE  `article_id` < 12 ORDER BY `article_id` DESC LIMIT 1 [ RunTime:0.000339s ]
[2021-06-27T08:43:14+08:00][sql] SHOW FULL COLUMNS FROM `carver_link` [ RunTime:0.000601s ]
[2021-06-27T08:43:14+08:00][sql] SELECT * FROM `carver_link` WHERE  ( is_confirm=2 ) LIMIT 20 [ RunTime:0.000341s ]
[2021-06-27T08:43:14+08:00][sql] SELECT article_id,article_title,click_num,FROM_UNIXTIME(add_time,'%Y-%m-%d') as add_time FROM `carver_article` ORDER BY `click_num` DESC LIMIT 3 [ RunTime:0.000356s ]
[2021-06-27T08:43:14+08:00][sql] SHOW FULL COLUMNS FROM `carver_comment` [ RunTime:0.000678s ]
[2021-06-27T08:43:14+08:00][sql] SELECT `a`.*,`b`.`user_name` FROM `carver_comment` `a` INNER JOIN `carver_user` `b` ON `a`.`user_id`=`b`.`user_id` WHERE  `article_id` = 12 ORDER BY `create_time` DESC [ RunTime:0.000368s ]
[2021-06-27T08:43:14+08:00][sql] SHOW FULL COLUMNS FROM `carver_comment_to_others` [ RunTime:0.000546s ]
[2021-06-27T08:43:14+08:00][sql] SELECT * FROM `carver_comment_to_others` [ RunTime:0.000249s ]
[2021-06-27T08:43:14+08:00][sql] SHOW FULL COLUMNS FROM `carver_user` [ RunTime:0.000490s ]
[2021-06-27T08:43:14+08:00][sql] SELECT `user_name` FROM `carver_user` WHERE  `user_id` = 4 LIMIT 1 [ RunTime:0.000230s ]
[2021-06-27T08:43:14+08:00][sql] SELECT `user_name` FROM `carver_user` WHERE  `user_id` = 4 LIMIT 1 [ RunTime:0.000213s ]
[2021-06-27T08:43:14+08:00][sql] SELECT `user_name` FROM `carver_user` WHERE  `user_id` = 5 LIMIT 1 [ RunTime:0.000241s ]
[2021-06-27T08:43:14+08:00][sql] SELECT `user_name` FROM `carver_user` WHERE  `user_id` = 5 LIMIT 1 [ RunTime:0.000204s ]
[2021-06-27T08:43:14+08:00][sql] SELECT `user_name` FROM `carver_user` WHERE  `user_id` = 37 LIMIT 1 [ RunTime:0.000216s ]
[2021-06-27T08:43:14+08:00][sql] SELECT `user_name`,`user_id` FROM `carver_user` [ RunTime:0.000243s ]
[2021-06-27T08:43:14+08:00][sql] SHOW FULL COLUMNS FROM `carver_navigation` [ RunTime:0.000522s ]
[2021-06-27T08:43:14+08:00][sql] SELECT * FROM `carver_navigation` [ RunTime:0.000233s ]
[2021-06-27T08:43:14+08:00][sql] SELECT `article_label` FROM `carver_article` [ RunTime:0.000263s ]
[2021-06-27T09:44:13+08:00][sql] CONNECT:[ UseTime:0.000609s ] mysql:host=127.0.0.1;port=3306;dbname=carver;charset=utf8
[2021-06-27T09:44:13+08:00][sql] SHOW FULL COLUMNS FROM `carver_article` [ RunTime:0.000935s ]
[2021-06-27T09:44:13+08:00][sql] SELECT `article_id`,`article_title`,`article_desc`,`article_content`,`article_img`,`article_guide`,`article_label`,`click_num`,`is_show`,`add_time`,`article_author` FROM `carver_article` WHERE  `article_id` = 1 LIMIT 1 [ RunTime:0.000530s ]
[2021-06-27T09:44:13+08:00][sql] SELECT `article_id`,`article_title`,`article_desc`,`article_content`,`article_img`,`article_guide`,`article_label`,`click_num`,`is_show`,`add_time`,`article_author` FROM `carver_article` WHERE  `article_id` > 1 LIMIT 1 [ RunTime:0.000416s ]
[2021-06-27T09:44:13+08:00][sql] SELECT `article_id`,`article_title`,`article_desc`,`article_content`,`article_img`,`article_guide`,`article_label`,`click_num`,`is_show`,`add_time`,`article_author` FROM `carver_article` WHERE  `article_id` < 1 ORDER BY `article_id` DESC LIMIT 1 [ RunTime:0.000320s ]
[2021-06-27T09:44:13+08:00][sql] SHOW FULL COLUMNS FROM `carver_link` [ RunTime:0.000745s ]
[2021-06-27T09:44:13+08:00][sql] SELECT * FROM `carver_link` WHERE  ( is_confirm=2 ) LIMIT 20 [ RunTime:0.000338s ]
[2021-06-27T09:44:13+08:00][sql] SELECT article_id,article_title,click_num,FROM_UNIXTIME(add_time,'%Y-%m-%d') as add_time FROM `carver_article` ORDER BY `click_num` DESC LIMIT 3 [ RunTime:0.000390s ]
[2021-06-27T09:44:13+08:00][sql] SHOW FULL COLUMNS FROM `carver_comment` [ RunTime:0.000594s ]
[2021-06-27T09:44:13+08:00][sql] SELECT `a`.*,`b`.`user_name` FROM `carver_comment` `a` INNER JOIN `carver_user` `b` ON `a`.`user_id`=`b`.`user_id` WHERE  `article_id` = 1 ORDER BY `create_time` DESC [ RunTime:0.000372s ]
[2021-06-27T09:44:13+08:00][sql] SHOW FULL COLUMNS FROM `carver_comment_to_others` [ RunTime:0.000587s ]
[2021-06-27T09:44:13+08:00][sql] SELECT * FROM `carver_comment_to_others` [ RunTime:0.000275s ]
[2021-06-27T09:44:13+08:00][sql] SHOW FULL COLUMNS FROM `carver_user` [ RunTime:0.000502s ]
[2021-06-27T09:44:13+08:00][sql] SELECT `user_name` FROM `carver_user` WHERE  `user_id` = 4 LIMIT 1 [ RunTime:0.000252s ]
[2021-06-27T09:44:13+08:00][sql] SELECT `user_name` FROM `carver_user` WHERE  `user_id` = 4 LIMIT 1 [ RunTime:0.000277s ]
[2021-06-27T09:44:13+08:00][sql] SELECT `user_name` FROM `carver_user` WHERE  `user_id` = 5 LIMIT 1 [ RunTime:0.000237s ]
[2021-06-27T09:44:13+08:00][sql] SELECT `user_name` FROM `carver_user` WHERE  `user_id` = 5 LIMIT 1 [ RunTime:0.000215s ]
[2021-06-27T09:44:13+08:00][sql] SELECT `user_name` FROM `carver_user` WHERE  `user_id` = 37 LIMIT 1 [ RunTime:0.000224s ]
[2021-06-27T09:44:13+08:00][sql] SELECT `user_name`,`user_id` FROM `carver_user` [ RunTime:0.000248s ]
[2021-06-27T09:44:13+08:00][sql] SHOW FULL COLUMNS FROM `carver_navigation` [ RunTime:0.000584s ]
[2021-06-27T09:44:13+08:00][sql] SELECT * FROM `carver_navigation` [ RunTime:0.000286s ]
[2021-06-27T09:44:13+08:00][sql] SELECT `article_label` FROM `carver_article` [ RunTime:0.000289s ]
[2021-06-27T09:44:15+08:00][sql] CONNECT:[ UseTime:0.000502s ] mysql:host=127.0.0.1;port=3306;dbname=carver;charset=utf8
[2021-06-27T09:44:15+08:00][sql] SHOW FULL COLUMNS FROM `carver_user` [ RunTime:0.000981s ]
[2021-06-27T09:44:15+08:00][sql] SHOW FULL COLUMNS FROM `carver_article` [ RunTime:0.000677s ]
[2021-06-27T09:44:15+08:00][sql] SELECT COUNT(*) AS think_count FROM `carver_article` WHERE  `delete_time` = 0  AND `is_show` = 1 [ RunTime:0.000407s ]
[2021-06-27T09:44:15+08:00][sql] SELECT `article_id`,`article_title`,`article_desc`,`article_content`,`article_img`,`article_guide`,`article_label`,`click_num`,`is_show`,`add_time`,`article_author`,`is_top_show` FROM `carver_article` WHERE  `delete_time` = 0  AND `is_show` = 1 ORDER BY `article_id` DESC LIMIT 12,6 [ RunTime:0.001254s ]
[2021-06-27T09:44:15+08:00][sql] SELECT article_id,article_title,click_num,FROM_UNIXTIME(add_time,'%Y-%m-%d') as add_time FROM `carver_article` WHERE  `is_show` = 1  AND `delete_time` = 0 ORDER BY `click_num` DESC LIMIT 3 [ RunTime:0.000451s ]
[2021-06-27T09:44:15+08:00][sql] SHOW FULL COLUMNS FROM `carver_notice` [ RunTime:0.000668s ]
[2021-06-27T09:44:15+08:00][sql] SELECT * FROM `carver_notice` ORDER BY `create_time` DESC LIMIT 3 [ RunTime:0.000277s ]
[2021-06-27T09:44:15+08:00][sql] SHOW FULL COLUMNS FROM `carver_navigation` [ RunTime:0.000568s ]
[2021-06-27T09:44:15+08:00][sql] SELECT * FROM `carver_navigation` [ RunTime:0.000252s ]
[2021-06-27T09:44:15+08:00][sql] SHOW FULL COLUMNS FROM `carver_link` [ RunTime:0.000678s ]
[2021-06-27T09:44:15+08:00][sql] SELECT * FROM `carver_link` WHERE  ( is_confirm=2 ) LIMIT 20 [ RunTime:0.000298s ]
[2021-06-27T09:44:15+08:00][sql] SELECT `article_label` FROM `carver_article` [ RunTime:0.000303s ]
[2021-06-27T09:44:15+08:00][sql] SHOW FULL COLUMNS FROM `carver_carouse` [ RunTime:0.000542s ]
[2021-06-27T09:44:15+08:00][sql] SELECT `carouse_img`,`carouse_desc` FROM `carver_carouse` WHERE  `is_show` = 1 ORDER BY `carouse_sort` DESC LIMIT 3 [ RunTime:0.000297s ]
[2021-06-27T09:44:15+08:00][sql] SHOW FULL COLUMNS FROM `carver_site` [ RunTime:0.000522s ]
[2021-06-27T09:44:15+08:00][sql] SELECT * FROM `carver_site` [ RunTime:0.000244s ]
[2021-06-27T10:48:46+08:00][sql] CONNECT:[ UseTime:0.000582s ] mysql:host=127.0.0.1;port=3306;dbname=carver;charset=utf8
[2021-06-27T10:48:46+08:00][sql] SHOW FULL COLUMNS FROM `carver_article` [ RunTime:0.000886s ]
[2021-06-27T10:48:46+08:00][sql] SELECT COUNT(*) AS think_count FROM `carver_article` WHERE  `article_guide` = 43  AND `delete_time` = 0  AND `is_show` = 1 [ RunTime:0.000405s ]
[2021-06-27T10:48:46+08:00][sql] SELECT * FROM `carver_article` WHERE  `article_guide` = 43  AND `delete_time` = 0  AND `is_show` = 1 ORDER BY `add_time` DESC LIMIT 0,6 [ RunTime:0.000407s ]
[2021-06-27T10:48:46+08:00][sql] SELECT article_id,article_title,click_num,FROM_UNIXTIME(add_time,'%Y-%m-%d') as add_time FROM `carver_article` WHERE  `is_show` = 1  AND `delete_time` = 0 ORDER BY `click_num` DESC LIMIT 3 [ RunTime:0.000446s ]
[2021-06-27T10:48:46+08:00][sql] SHOW FULL COLUMNS FROM `carver_notice` [ RunTime:0.000586s ]
[2021-06-27T10:48:46+08:00][sql] SELECT * FROM `carver_notice` ORDER BY `create_time` DESC LIMIT 3 [ RunTime:0.000314s ]
[2021-06-27T10:48:46+08:00][sql] SHOW FULL COLUMNS FROM `carver_navigation` [ RunTime:0.000617s ]
[2021-06-27T10:48:46+08:00][sql] SELECT * FROM `carver_navigation` [ RunTime:0.000275s ]
[2021-06-27T10:48:46+08:00][sql] SELECT `article_label` FROM `carver_article` [ RunTime:0.000272s ]
[2021-06-27T10:48:46+08:00][sql] SHOW FULL COLUMNS FROM `carver_carouse` [ RunTime:0.000537s ]
[2021-06-27T10:48:46+08:00][sql] SELECT `carouse_img`,`carouse_desc` FROM `carver_carouse` WHERE  `is_show` = 1 ORDER BY `carouse_sort` DESC LIMIT 3 [ RunTime:0.000316s ]
[2021-06-27T10:48:46+08:00][sql] SHOW FULL COLUMNS FROM `carver_link` [ RunTime:0.000525s ]
[2021-06-27T10:48:46+08:00][sql] SELECT * FROM `carver_link` WHERE  ( is_confirm=2 ) LIMIT 20 [ RunTime:0.000319s ]
[2021-06-27T10:48:46+08:00][sql] SHOW FULL COLUMNS FROM `carver_site` [ RunTime:0.000620s ]
[2021-06-27T10:48:46+08:00][sql] SELECT * FROM `carver_site` [ RunTime:0.000306s ]
[2021-06-27T10:55:46+08:00][sql] CONNECT:[ UseTime:0.000515s ] mysql:host=127.0.0.1;port=3306;dbname=carver;charset=utf8
[2021-06-27T10:55:46+08:00][sql] SHOW FULL COLUMNS FROM `carver_article` [ RunTime:0.000840s ]
[2021-06-27T10:55:46+08:00][sql] SELECT `article_id`,`article_title`,`article_desc`,`article_content`,`article_img`,`article_guide`,`article_label`,`click_num`,`is_show`,`add_time`,`article_author` FROM `carver_article` WHERE  `article_id` = 23' LIMIT 1 [ RunTime:0.000452s ]
[2021-06-27T10:55:46+08:00][sql] SELECT `article_id`,`article_title`,`article_desc`,`article_content`,`article_img`,`article_guide`,`article_label`,`click_num`,`is_show`,`add_time`,`article_author` FROM `carver_article` WHERE  `article_id` > 23' LIMIT 1 [ RunTime:0.000482s ]
[2021-06-27T10:55:46+08:00][sql] SELECT `article_id`,`article_title`,`article_desc`,`article_content`,`article_img`,`article_guide`,`article_label`,`click_num`,`is_show`,`add_time`,`article_author` FROM `carver_article` WHERE  `article_id` < 23' ORDER BY `article_id` DESC LIMIT 1 [ RunTime:0.000443s ]
[2021-06-27T10:55:46+08:00][sql] SHOW FULL COLUMNS FROM `carver_link` [ RunTime:0.000548s ]
[2021-06-27T10:55:46+08:00][sql] SELECT * FROM `carver_link` WHERE  ( is_confirm=2 ) LIMIT 20 [ RunTime:0.000310s ]
[2021-06-27T10:55:46+08:00][sql] SELECT article_id,article_title,click_num,FROM_UNIXTIME(add_time,'%Y-%m-%d') as add_time FROM `carver_article` ORDER BY `click_num` DESC LIMIT 3 [ RunTime:0.000329s ]
[2021-06-27T10:55:46+08:00][sql] SHOW FULL COLUMNS FROM `carver_comment` [ RunTime:0.000533s ]
[2021-06-27T10:55:46+08:00][sql] SELECT `a`.*,`b`.`user_name` FROM `carver_comment` `a` INNER JOIN `carver_user` `b` ON `a`.`user_id`=`b`.`user_id` WHERE  `article_id` = 23' ORDER BY `create_time` DESC [ RunTime:0.000342s ]
[2021-06-27T10:55:46+08:00][sql] SHOW FULL COLUMNS FROM `carver_comment_to_others` [ RunTime:0.000504s ]
[2021-06-27T10:55:46+08:00][sql] SELECT * FROM `carver_comment_to_others` [ RunTime:0.000240s ]
[2021-06-27T10:55:46+08:00][sql] SHOW FULL COLUMNS FROM `carver_user` [ RunTime:0.000450s ]
[2021-06-27T10:55:46+08:00][sql] SELECT `user_name` FROM `carver_user` WHERE  `user_id` = 4 LIMIT 1 [ RunTime:0.000276s ]
[2021-06-27T10:55:46+08:00][sql] SELECT `user_name` FROM `carver_user` WHERE  `user_id` = 4 LIMIT 1 [ RunTime:0.000209s ]
[2021-06-27T10:55:46+08:00][sql] SELECT `user_name` FROM `carver_user` WHERE  `user_id` = 5 LIMIT 1 [ RunTime:0.000211s ]
[2021-06-27T10:55:46+08:00][sql] SELECT `user_name` FROM `carver_user` WHERE  `user_id` = 5 LIMIT 1 [ RunTime:0.000220s ]
[2021-06-27T10:55:46+08:00][sql] SELECT `user_name` FROM `carver_user` WHERE  `user_id` = 37 LIMIT 1 [ RunTime:0.000215s ]
[2021-06-27T10:55:46+08:00][sql] SELECT `user_name`,`user_id` FROM `carver_user` [ RunTime:0.000251s ]
[2021-06-27T10:55:46+08:00][sql] SHOW FULL COLUMNS FROM `carver_navigation` [ RunTime:0.000505s ]
[2021-06-27T10:55:46+08:00][sql] SELECT * FROM `carver_navigation` [ RunTime:0.000248s ]
[2021-06-27T10:55:46+08:00][sql] SELECT `article_label` FROM `carver_article` [ RunTime:0.000233s ]
[2021-06-27T13:57:14+08:00][sql] CONNECT:[ UseTime:0.000619s ] mysql:host=127.0.0.1;port=3306;dbname=carver;charset=utf8
[2021-06-27T13:57:14+08:00][sql] SHOW FULL COLUMNS FROM `carver_article` [ RunTime:0.000847s ]
[2021-06-27T13:57:14+08:00][sql] SELECT `article_id`,`article_title`,`article_desc`,`article_content`,`article_img`,`article_guide`,`article_label`,`click_num`,`is_show`,`add_time`,`article_author` FROM `carver_article` WHERE  `article_id` = 23'A=0 LIMIT 1 [ RunTime:0.000443s ]
[2021-06-27T13:57:14+08:00][sql] SELECT `article_id`,`article_title`,`article_desc`,`article_content`,`article_img`,`article_guide`,`article_label`,`click_num`,`is_show`,`add_time`,`article_author` FROM `carver_article` WHERE  `article_id` > 23'A=0 LIMIT 1 [ RunTime:0.000479s ]
[2021-06-27T13:57:14+08:00][sql] SELECT `article_id`,`article_title`,`article_desc`,`article_content`,`article_img`,`article_guide`,`article_label`,`click_num`,`is_show`,`add_time`,`article_author` FROM `carver_article` WHERE  `article_id` < 23'A=0 ORDER BY `article_id` DESC LIMIT 1 [ RunTime:0.000483s ]
[2021-06-27T13:57:14+08:00][sql] SHOW FULL COLUMNS FROM `carver_link` [ RunTime:0.000509s ]
[2021-06-27T13:57:14+08:00][sql] SELECT * FROM `carver_link` WHERE  ( is_confirm=2 ) LIMIT 20 [ RunTime:0.000321s ]
[2021-06-27T13:57:14+08:00][sql] SELECT article_id,article_title,click_num,FROM_UNIXTIME(add_time,'%Y-%m-%d') as add_time FROM `carver_article` ORDER BY `click_num` DESC LIMIT 3 [ RunTime:0.000353s ]
[2021-06-27T13:57:14+08:00][sql] SHOW FULL COLUMNS FROM `carver_comment` [ RunTime:0.000520s ]
[2021-06-27T13:57:14+08:00][sql] SELECT `a`.*,`b`.`user_name` FROM `carver_comment` `a` INNER JOIN `carver_user` `b` ON `a`.`user_id`=`b`.`user_id` WHERE  `article_id` = 23'A=0 ORDER BY `create_time` DESC [ RunTime:0.000340s ]
[2021-06-27T13:57:14+08:00][sql] SHOW FULL COLUMNS FROM `carver_comment_to_others` [ RunTime:0.000528s ]
[2021-06-27T13:57:14+08:00][sql] SELECT * FROM `carver_comment_to_others` [ RunTime:0.000241s ]
[2021-06-27T13:57:14+08:00][sql] SHOW FULL COLUMNS FROM `carver_user` [ RunTime:0.000428s ]
[2021-06-27T13:57:14+08:00][sql] SELECT `user_name` FROM `carver_user` WHERE  `user_id` = 4 LIMIT 1 [ RunTime:0.000261s ]
[2021-06-27T13:57:14+08:00][sql] SELECT `user_name` FROM `carver_user` WHERE  `user_id` = 4 LIMIT 1 [ RunTime:0.000212s ]
[2021-06-27T13:57:14+08:00][sql] SELECT `user_name` FROM `carver_user` WHERE  `user_id` = 5 LIMIT 1 [ RunTime:0.000212s ]
[2021-06-27T13:57:14+08:00][sql] SELECT `user_name` FROM `carver_user` WHERE  `user_id` = 5 LIMIT 1 [ RunTime:0.000217s ]
[2021-06-27T13:57:14+08:00][sql] SELECT `user_name` FROM `carver_user` WHERE  `user_id` = 37 LIMIT 1 [ RunTime:0.000216s ]
[2021-06-27T13:57:14+08:00][sql] SELECT `user_name`,`user_id` FROM `carver_user` [ RunTime:0.000241s ]
[2021-06-27T13:57:14+08:00][sql] SHOW FULL COLUMNS FROM `carver_navigation` [ RunTime:0.000512s ]
[2021-06-27T13:57:14+08:00][sql] SELECT * FROM `carver_navigation` [ RunTime:0.000240s ]
[2021-06-27T13:57:14+08:00][sql] SELECT `article_label` FROM `carver_article` [ RunTime:0.000234s ]
[2021-06-27T15:15:20+08:00][sql] CONNECT:[ UseTime:0.000659s ] mysql:host=127.0.0.1;port=3306;dbname=carver;charset=utf8
[2021-06-27T15:15:20+08:00][sql] SHOW FULL COLUMNS FROM `carver_user` [ RunTime:0.000830s ]
[2021-06-27T15:15:20+08:00][sql] SHOW FULL COLUMNS FROM `carver_article` [ RunTime:0.000781s ]
[2021-06-27T15:15:20+08:00][sql] SELECT COUNT(*) AS think_count FROM `carver_article` WHERE  `delete_time` = 0  AND `is_show` = 1 [ RunTime:0.000403s ]
[2021-06-27T15:15:20+08:00][sql] SELECT `article_id`,`article_title`,`article_desc`,`article_content`,`article_img`,`article_guide`,`article_label`,`click_num`,`is_show`,`add_time`,`article_author`,`is_top_show` FROM `carver_article` WHERE  `delete_time` = 0  AND `is_show` = 1 ORDER BY `article_id` DESC LIMIT 12,6 [ RunTime:0.001351s ]
[2021-06-27T15:15:20+08:00][sql] SELECT article_id,article_title,click_num,FROM_UNIXTIME(add_time,'%Y-%m-%d') as add_time FROM `carver_article` WHERE  `is_show` = 1  AND `delete_time` = 0 ORDER BY `click_num` DESC LIMIT 3 [ RunTime:0.000479s ]
[2021-06-27T15:15:20+08:00][sql] SHOW FULL COLUMNS FROM `carver_notice` [ RunTime:0.000629s ]
[2021-06-27T15:15:20+08:00][sql] SELECT * FROM `carver_notice` ORDER BY `create_time` DESC LIMIT 3 [ RunTime:0.000447s ]
[2021-06-27T15:15:20+08:00][sql] SHOW FULL COLUMNS FROM `carver_navigation` [ RunTime:0.000610s ]
[2021-06-27T15:15:20+08:00][sql] SELECT * FROM `carver_navigation` [ RunTime:0.000244s ]
[2021-06-27T15:15:20+08:00][sql] SHOW FULL COLUMNS FROM `carver_link` [ RunTime:0.000512s ]
[2021-06-27T15:15:20+08:00][sql] SELECT * FROM `carver_link` WHERE  ( is_confirm=2 ) LIMIT 20 [ RunTime:0.000307s ]
[2021-06-27T15:15:20+08:00][sql] SELECT `article_label` FROM `carver_article` [ RunTime:0.000311s ]
[2021-06-27T15:15:20+08:00][sql] SHOW FULL COLUMNS FROM `carver_carouse` [ RunTime:0.000492s ]
[2021-06-27T15:15:20+08:00][sql] SELECT `carouse_img`,`carouse_desc` FROM `carver_carouse` WHERE  `is_show` = 1 ORDER BY `carouse_sort` DESC LIMIT 3 [ RunTime:0.000370s ]
[2021-06-27T15:15:20+08:00][sql] SHOW FULL COLUMNS FROM `carver_site` [ RunTime:0.000494s ]
[2021-06-27T15:15:20+08:00][sql] SELECT * FROM `carver_site` [ RunTime:0.000275s ]
[2021-06-27T15:47:47+08:00][sql] CONNECT:[ UseTime:0.000559s ] mysql:host=127.0.0.1;port=3306;dbname=carver;charset=utf8
[2021-06-27T15:47:47+08:00][sql] SHOW FULL COLUMNS FROM `carver_article` [ RunTime:0.001074s ]
[2021-06-27T15:47:47+08:00][sql] SELECT `article_id`,`article_title`,`article_desc`,`article_content`,`article_img`,`article_guide`,`article_label`,`click_num`,`is_show`,`add_time`,`article_author` FROM `carver_article` WHERE  `article_id` = 17 LIMIT 1 [ RunTime:0.000657s ]
[2021-06-27T15:47:47+08:00][sql] SELECT `article_id`,`article_title`,`article_desc`,`article_content`,`article_img`,`article_guide`,`article_label`,`click_num`,`is_show`,`add_time`,`article_author` FROM `carver_article` WHERE  `article_id` > 17 LIMIT 1 [ RunTime:0.000538s ]
[2021-06-27T15:47:47+08:00][sql] SELECT `article_id`,`article_title`,`article_desc`,`article_content`,`article_img`,`article_guide`,`article_label`,`click_num`,`is_show`,`add_time`,`article_author` FROM `carver_article` WHERE  `article_id` < 17 ORDER BY `article_id` DESC LIMIT 1 [ RunTime:0.000504s ]
[2021-06-27T15:47:47+08:00][sql] SHOW FULL COLUMNS FROM `carver_link` [ RunTime:0.000884s ]
[2021-06-27T15:47:47+08:00][sql] SELECT * FROM `carver_link` WHERE  ( is_confirm=2 ) LIMIT 20 [ RunTime:0.000401s ]
[2021-06-27T15:47:47+08:00][sql] SELECT article_id,article_title,click_num,FROM_UNIXTIME(add_time,'%Y-%m-%d') as add_time FROM `carver_article` ORDER BY `click_num` DESC LIMIT 3 [ RunTime:0.000439s ]
[2021-06-27T15:47:47+08:00][sql] SHOW FULL COLUMNS FROM `carver_comment` [ RunTime:0.000704s ]
[2021-06-27T15:47:47+08:00][sql] SELECT `a`.*,`b`.`user_name` FROM `carver_comment` `a` INNER JOIN `carver_user` `b` ON `a`.`user_id`=`b`.`user_id` WHERE  `article_id` = 17 ORDER BY `create_time` DESC [ RunTime:0.000447s ]
[2021-06-27T15:47:47+08:00][sql] SHOW FULL COLUMNS FROM `carver_comment_to_others` [ RunTime:0.000676s ]
[2021-06-27T15:47:47+08:00][sql] SELECT * FROM `carver_comment_to_others` [ RunTime:0.000296s ]
[2021-06-27T15:47:47+08:00][sql] SHOW FULL COLUMNS FROM `carver_user` [ RunTime:0.000567s ]
[2021-06-27T15:47:47+08:00][sql] SELECT `user_name` FROM `carver_user` WHERE  `user_id` = 4 LIMIT 1 [ RunTime:0.000347s ]
[2021-06-27T15:47:47+08:00][sql] SELECT `user_name` FROM `carver_user` WHERE  `user_id` = 4 LIMIT 1 [ RunTime:0.000335s ]
[2021-06-27T15:47:47+08:00][sql] SELECT `user_name` FROM `carver_user` WHERE  `user_id` = 5 LIMIT 1 [ RunTime:0.000282s ]
[2021-06-27T15:47:47+08:00][sql] SELECT `user_name` FROM `carver_user` WHERE  `user_id` = 5 LIMIT 1 [ RunTime:0.000297s ]
[2021-06-27T15:47:47+08:00][sql] SELECT `user_name` FROM `carver_user` WHERE  `user_id` = 37 LIMIT 1 [ RunTime:0.000274s ]
[2021-06-27T15:47:47+08:00][sql] SELECT `user_name`,`user_id` FROM `carver_user` [ RunTime:0.000274s ]
[2021-06-27T15:47:47+08:00][sql] SHOW FULL COLUMNS FROM `carver_navigation` [ RunTime:0.000563s ]
[2021-06-27T15:47:47+08:00][sql] SELECT * FROM `carver_navigation` [ RunTime:0.000272s ]
[2021-06-27T15:47:47+08:00][sql] SELECT `article_label` FROM `carver_article` [ RunTime:0.000310s ]
[2021-06-27T16:57:09+08:00][sql] CONNECT:[ UseTime:0.000549s ] mysql:host=127.0.0.1;port=3306;dbname=carver;charset=utf8
[2021-06-27T16:57:09+08:00][sql] SHOW FULL COLUMNS FROM `carver_user` [ RunTime:0.000850s ]
[2021-06-27T16:57:09+08:00][sql] SHOW FULL COLUMNS FROM `carver_article` [ RunTime:0.000762s ]
[2021-06-27T16:57:09+08:00][sql] SELECT COUNT(*) AS think_count FROM `carver_article` WHERE  `delete_time` = 0  AND `is_show` = 1 [ RunTime:0.000425s ]
[2021-06-27T16:57:09+08:00][sql] SELECT `article_id`,`article_title`,`article_desc`,`article_content`,`article_img`,`article_guide`,`article_label`,`click_num`,`is_show`,`add_time`,`article_author`,`is_top_show` FROM `carver_article` WHERE  `delete_time` = 0  AND `is_show` = 1 ORDER BY `article_id` DESC LIMIT 0,6 [ RunTime:0.000743s ]
[2021-06-27T16:57:09+08:00][sql] SELECT article_id,article_title,click_num,FROM_UNIXTIME(add_time,'%Y-%m-%d') as add_time FROM `carver_article` WHERE  `is_show` = 1  AND `delete_time` = 0 ORDER BY `click_num` DESC LIMIT 3 [ RunTime:0.000471s ]
[2021-06-27T16:57:09+08:00][sql] SHOW FULL COLUMNS FROM `carver_notice` [ RunTime:0.000571s ]
[2021-06-27T16:57:09+08:00][sql] SELECT * FROM `carver_notice` ORDER BY `create_time` DESC LIMIT 3 [ RunTime:0.000282s ]
[2021-06-27T16:57:09+08:00][sql] SHOW FULL COLUMNS FROM `carver_navigation` [ RunTime:0.000549s ]
[2021-06-27T16:57:09+08:00][sql] SELECT * FROM `carver_navigation` [ RunTime:0.000244s ]
[2021-06-27T16:57:09+08:00][sql] SHOW FULL COLUMNS FROM `carver_link` [ RunTime:0.000502s ]
[2021-06-27T16:57:09+08:00][sql] SELECT * FROM `carver_link` WHERE  ( is_confirm=2 ) LIMIT 20 [ RunTime:0.000279s ]
[2021-06-27T16:57:09+08:00][sql] SELECT `article_label` FROM `carver_article` [ RunTime:0.000309s ]
[2021-06-27T16:57:09+08:00][sql] SHOW FULL COLUMNS FROM `carver_carouse` [ RunTime:0.000522s ]
[2021-06-27T16:57:09+08:00][sql] SELECT `carouse_img`,`carouse_desc` FROM `carver_carouse` WHERE  `is_show` = 1 ORDER BY `carouse_sort` DESC LIMIT 3 [ RunTime:0.000302s ]
[2021-06-27T16:57:09+08:00][sql] SHOW FULL COLUMNS FROM `carver_site` [ RunTime:0.000470s ]
[2021-06-27T16:57:09+08:00][sql] SELECT * FROM `carver_site` [ RunTime:0.000222s ]
[2021-06-27T17:37:20+08:00][sql] CONNECT:[ UseTime:0.000552s ] mysql:host=127.0.0.1;port=3306;dbname=carver;charset=utf8
[2021-06-27T17:37:20+08:00][sql] SHOW FULL COLUMNS FROM `carver_user` [ RunTime:0.000874s ]
[2021-06-27T17:37:20+08:00][sql] SHOW FULL COLUMNS FROM `carver_article` [ RunTime:0.000724s ]
[2021-06-27T17:37:20+08:00][sql] SELECT COUNT(*) AS think_count FROM `carver_article` WHERE  `delete_time` = 0  AND `is_show` = 1 [ RunTime:0.000380s ]
[2021-06-27T17:37:20+08:00][sql] SELECT `article_id`,`article_title`,`article_desc`,`article_content`,`article_img`,`article_guide`,`article_label`,`click_num`,`is_show`,`add_time`,`article_author`,`is_top_show` FROM `carver_article` WHERE  `delete_time` = 0  AND `is_show` = 1 ORDER BY `article_id` DESC LIMIT 0,6 [ RunTime:0.000729s ]
[2021-06-27T17:37:20+08:00][sql] SELECT article_id,article_title,click_num,FROM_UNIXTIME(add_time,'%Y-%m-%d') as add_time FROM `carver_article` WHERE  `is_show` = 1  AND `delete_time` = 0 ORDER BY `click_num` DESC LIMIT 3 [ RunTime:0.000455s ]
[2021-06-27T17:37:20+08:00][sql] SHOW FULL COLUMNS FROM `carver_notice` [ RunTime:0.000545s ]
[2021-06-27T17:37:20+08:00][sql] SELECT * FROM `carver_notice` ORDER BY `create_time` DESC LIMIT 3 [ RunTime:0.000262s ]
[2021-06-27T17:37:20+08:00][sql] SHOW FULL COLUMNS FROM `carver_navigation` [ RunTime:0.000507s ]
[2021-06-27T17:37:20+08:00][sql] SELECT * FROM `carver_navigation` [ RunTime:0.000246s ]
[2021-06-27T17:37:20+08:00][sql] SHOW FULL COLUMNS FROM `carver_link` [ RunTime:0.000511s ]
[2021-06-27T17:37:20+08:00][sql] SELECT * FROM `carver_link` WHERE  ( is_confirm=2 ) LIMIT 20 [ RunTime:0.000294s ]
[2021-06-27T17:37:20+08:00][sql] SELECT `article_label` FROM `carver_article` [ RunTime:0.000373s ]
[2021-06-27T17:37:20+08:00][sql] SHOW FULL COLUMNS FROM `carver_carouse` [ RunTime:0.000513s ]
[2021-06-27T17:37:20+08:00][sql] SELECT `carouse_img`,`carouse_desc` FROM `carver_carouse` WHERE  `is_show` = 1 ORDER BY `carouse_sort` DESC LIMIT 3 [ RunTime:0.000297s ]
[2021-06-27T17:37:20+08:00][sql] SHOW FULL COLUMNS FROM `carver_site` [ RunTime:0.000463s ]
[2021-06-27T17:37:20+08:00][sql] SELECT * FROM `carver_site` [ RunTime:0.000234s ]
[2021-06-27T17:48:45+08:00][sql] CONNECT:[ UseTime:0.000561s ] mysql:host=127.0.0.1;port=3306;dbname=carver;charset=utf8
[2021-06-27T17:48:45+08:00][sql] SHOW FULL COLUMNS FROM `carver_user` [ RunTime:0.000839s ]
[2021-06-27T17:48:45+08:00][sql] SHOW FULL COLUMNS FROM `carver_article` [ RunTime:0.000737s ]
[2021-06-27T17:48:45+08:00][sql] SELECT COUNT(*) AS think_count FROM `carver_article` WHERE  `delete_time` = 0  AND `is_show` = 1 [ RunTime:0.000457s ]
[2021-06-27T17:48:45+08:00][sql] SELECT `article_id`,`article_title`,`article_desc`,`article_content`,`article_img`,`article_guide`,`article_label`,`click_num`,`is_show`,`add_time`,`article_author`,`is_top_show` FROM `carver_article` WHERE  `delete_time` = 0  AND `is_show` = 1 ORDER BY `article_id` DESC LIMIT 0,6 [ RunTime:0.000783s ]
[2021-06-27T17:48:45+08:00][sql] SELECT article_id,article_title,click_num,FROM_UNIXTIME(add_time,'%Y-%m-%d') as add_time FROM `carver_article` WHERE  `is_show` = 1  AND `delete_time` = 0 ORDER BY `click_num` DESC LIMIT 3 [ RunTime:0.000445s ]
[2021-06-27T17:48:45+08:00][sql] SHOW FULL COLUMNS FROM `carver_notice` [ RunTime:0.000596s ]
[2021-06-27T17:48:45+08:00][sql] SELECT * FROM `carver_notice` ORDER BY `create_time` DESC LIMIT 3 [ RunTime:0.000280s ]
[2021-06-27T17:48:45+08:00][sql] SHOW FULL COLUMNS FROM `carver_navigation` [ RunTime:0.000530s ]
[2021-06-27T17:48:45+08:00][sql] SELECT * FROM `carver_navigation` [ RunTime:0.000237s ]
[2021-06-27T17:48:45+08:00][sql] SHOW FULL COLUMNS FROM `carver_link` [ RunTime:0.000500s ]
[2021-06-27T17:48:45+08:00][sql] SELECT * FROM `carver_link` WHERE  ( is_confirm=2 ) LIMIT 20 [ RunTime:0.000336s ]
[2021-06-27T17:48:45+08:00][sql] SELECT `article_label` FROM `carver_article` [ RunTime:0.000292s ]
[2021-06-27T17:48:45+08:00][sql] SHOW FULL COLUMNS FROM `carver_carouse` [ RunTime:0.000506s ]
[2021-06-27T17:48:45+08:00][sql] SELECT `carouse_img`,`carouse_desc` FROM `carver_carouse` WHERE  `is_show` = 1 ORDER BY `carouse_sort` DESC LIMIT 3 [ RunTime:0.000312s ]
[2021-06-27T17:48:45+08:00][sql] SHOW FULL COLUMNS FROM `carver_site` [ RunTime:0.000524s ]
[2021-06-27T17:48:45+08:00][sql] SELECT * FROM `carver_site` [ RunTime:0.000253s ]
[2021-06-27T18:03:53+08:00][sql] CONNECT:[ UseTime:0.001204s ] mysql:host=127.0.0.1;port=3306;dbname=carver;charset=utf8
[2021-06-27T18:03:53+08:00][sql] SHOW FULL COLUMNS FROM `carver_user` [ RunTime:0.001324s ]
[2021-06-27T18:03:53+08:00][sql] SHOW FULL COLUMNS FROM `carver_article` [ RunTime:0.001074s ]
[2021-06-27T18:03:53+08:00][sql] SELECT COUNT(*) AS think_count FROM `carver_article` WHERE  `delete_time` = 0  AND `is_show` = 1 [ RunTime:0.000517s ]
[2021-06-27T18:03:53+08:00][sql] SELECT `article_id`,`article_title`,`article_desc`,`article_content`,`article_img`,`article_guide`,`article_label`,`click_num`,`is_show`,`add_time`,`article_author`,`is_top_show` FROM `carver_article` WHERE  `delete_time` = 0  AND `is_show` = 1 ORDER BY `article_id` DESC LIMIT 0,6 [ RunTime:0.001033s ]
[2021-06-27T18:03:53+08:00][sql] SELECT article_id,article_title,click_num,FROM_UNIXTIME(add_time,'%Y-%m-%d') as add_time FROM `carver_article` WHERE  `is_show` = 1  AND `delete_time` = 0 ORDER BY `click_num` DESC LIMIT 3 [ RunTime:0.000641s ]
[2021-06-27T18:03:53+08:00][sql] SHOW FULL COLUMNS FROM `carver_notice` [ RunTime:0.000817s ]
[2021-06-27T18:03:53+08:00][sql] SELECT * FROM `carver_notice` ORDER BY `create_time` DESC LIMIT 3 [ RunTime:0.000350s ]
[2021-06-27T18:03:53+08:00][sql] SHOW FULL COLUMNS FROM `carver_navigation` [ RunTime:0.000730s ]
[2021-06-27T18:03:53+08:00][sql] SELECT * FROM `carver_navigation` [ RunTime:0.000358s ]
[2021-06-27T18:03:53+08:00][sql] SHOW FULL COLUMNS FROM `carver_link` [ RunTime:0.000721s ]
[2021-06-27T18:03:53+08:00][sql] SELECT * FROM `carver_link` WHERE  ( is_confirm=2 ) LIMIT 20 [ RunTime:0.000369s ]
[2021-06-27T18:03:53+08:00][sql] SELECT `article_label` FROM `carver_article` [ RunTime:0.000360s ]
[2021-06-27T18:03:53+08:00][sql] SHOW FULL COLUMNS FROM `carver_carouse` [ RunTime:0.000706s ]
[2021-06-27T18:03:53+08:00][sql] SELECT `carouse_img`,`carouse_desc` FROM `carver_carouse` WHERE  `is_show` = 1 ORDER BY `carouse_sort` DESC LIMIT 3 [ RunTime:0.000405s ]
[2021-06-27T18:03:53+08:00][sql] SHOW FULL COLUMNS FROM `carver_site` [ RunTime:0.000750s ]
[2021-06-27T18:03:53+08:00][sql] SELECT * FROM `carver_site` [ RunTime:0.000352s ]
[2021-06-27T18:21:59+08:00][sql] CONNECT:[ UseTime:0.000624s ] mysql:host=127.0.0.1;port=3306;dbname=carver;charset=utf8
[2021-06-27T18:21:59+08:00][sql] SHOW FULL COLUMNS FROM `carver_article` [ RunTime:0.000902s ]
[2021-06-27T18:21:59+08:00][sql] SELECT `article_id`,`article_title`,`article_desc`,`article_content`,`article_img`,`article_guide`,`article_label`,`click_num`,`is_show`,`add_time`,`article_author` FROM `carver_article` WHERE  `article_id` = 1/ LIMIT 1 [ RunTime:0.000532s ]
[2021-06-27T18:21:59+08:00][sql] SELECT `article_id`,`article_title`,`article_desc`,`article_content`,`article_img`,`article_guide`,`article_label`,`click_num`,`is_show`,`add_time`,`article_author` FROM `carver_article` WHERE  `article_id` > 1/ LIMIT 1 [ RunTime:0.000351s ]
[2021-06-27T18:21:59+08:00][sql] SELECT `article_id`,`article_title`,`article_desc`,`article_content`,`article_img`,`article_guide`,`article_label`,`click_num`,`is_show`,`add_time`,`article_author` FROM `carver_article` WHERE  `article_id` < 1/ ORDER BY `article_id` DESC LIMIT 1 [ RunTime:0.000341s ]
[2021-06-27T18:21:59+08:00][sql] SHOW FULL COLUMNS FROM `carver_link` [ RunTime:0.000523s ]
[2021-06-27T18:21:59+08:00][sql] SELECT * FROM `carver_link` WHERE  ( is_confirm=2 ) LIMIT 20 [ RunTime:0.000316s ]
[2021-06-27T18:21:59+08:00][sql] SELECT article_id,article_title,click_num,FROM_UNIXTIME(add_time,'%Y-%m-%d') as add_time FROM `carver_article` ORDER BY `click_num` DESC LIMIT 3 [ RunTime:0.000361s ]
[2021-06-27T18:21:59+08:00][sql] SHOW FULL COLUMNS FROM `carver_comment` [ RunTime:0.000500s ]
[2021-06-27T18:21:59+08:00][sql] SELECT `a`.*,`b`.`user_name` FROM `carver_comment` `a` INNER JOIN `carver_user` `b` ON `a`.`user_id`=`b`.`user_id` WHERE  `article_id` = 1/ ORDER BY `create_time` DESC [ RunTime:0.000447s ]
[2021-06-27T18:21:59+08:00][sql] SHOW FULL COLUMNS FROM `carver_comment_to_others` [ RunTime:0.000548s ]
[2021-06-27T18:21:59+08:00][sql] SELECT * FROM `carver_comment_to_others` [ RunTime:0.000403s ]
[2021-06-27T18:21:59+08:00][sql] SHOW FULL COLUMNS FROM `carver_user` [ RunTime:0.000547s ]
[2021-06-27T18:21:59+08:00][sql] SELECT `user_name` FROM `carver_user` WHERE  `user_id` = 4 LIMIT 1 [ RunTime:0.000229s ]
[2021-06-27T18:21:59+08:00][sql] SELECT `user_name` FROM `carver_user` WHERE  `user_id` = 4 LIMIT 1 [ RunTime:0.000247s ]
[2021-06-27T18:21:59+08:00][sql] SELECT `user_name` FROM `carver_user` WHERE  `user_id` = 5 LIMIT 1 [ RunTime:0.000218s ]
[2021-06-27T18:21:59+08:00][sql] SELECT `user_name` FROM `carver_user` WHERE  `user_id` = 5 LIMIT 1 [ RunTime:0.000207s ]
[2021-06-27T18:21:59+08:00][sql] SELECT `user_name` FROM `carver_user` WHERE  `user_id` = 37 LIMIT 1 [ RunTime:0.000237s ]
[2021-06-27T18:21:59+08:00][sql] SELECT `user_name`,`user_id` FROM `carver_user` [ RunTime:0.000226s ]
[2021-06-27T18:21:59+08:00][sql] SHOW FULL COLUMNS FROM `carver_navigation` [ RunTime:0.000503s ]
[2021-06-27T18:21:59+08:00][sql] SELECT * FROM `carver_navigation` [ RunTime:0.000264s ]
[2021-06-27T18:21:59+08:00][sql] SELECT `article_label` FROM `carver_article` [ RunTime:0.000245s ]
[2021-06-27T18:22:01+08:00][sql] CONNECT:[ UseTime:0.000542s ] mysql:host=127.0.0.1;port=3306;dbname=carver;charset=utf8
[2021-06-27T18:22:01+08:00][sql] SHOW FULL COLUMNS FROM `carver_article` [ RunTime:0.001044s ]
[2021-06-27T18:22:01+08:00][sql] SELECT `article_id`,`article_title`,`article_desc`,`article_content`,`article_img`,`article_guide`,`article_label`,`click_num`,`is_show`,`add_time`,`article_author` FROM `carver_article` WHERE  `article_id` = 10/ LIMIT 1 [ RunTime:0.000615s ]
[2021-06-27T18:22:01+08:00][sql] SELECT `article_id`,`article_title`,`article_desc`,`article_content`,`article_img`,`article_guide`,`article_label`,`click_num`,`is_show`,`add_time`,`article_author` FROM `carver_article` WHERE  `article_id` > 10/ LIMIT 1 [ RunTime:0.000403s ]
[2021-06-27T18:22:01+08:00][sql] SELECT `article_id`,`article_title`,`article_desc`,`article_content`,`article_img`,`article_guide`,`article_label`,`click_num`,`is_show`,`add_time`,`article_author` FROM `carver_article` WHERE  `article_id` < 10/ ORDER BY `article_id` DESC LIMIT 1 [ RunTime:0.000591s ]
[2021-06-27T18:22:01+08:00][sql] SHOW FULL COLUMNS FROM `carver_link` [ RunTime:0.000624s ]
[2021-06-27T18:22:01+08:00][sql] SELECT * FROM `carver_link` WHERE  ( is_confirm=2 ) LIMIT 20 [ RunTime:0.000327s ]
[2021-06-27T18:22:01+08:00][sql] SELECT article_id,article_title,click_num,FROM_UNIXTIME(add_time,'%Y-%m-%d') as add_time FROM `carver_article` ORDER BY `click_num` DESC LIMIT 3 [ RunTime:0.000377s ]
[2021-06-27T18:22:01+08:00][sql] SHOW FULL COLUMNS FROM `carver_comment` [ RunTime:0.000707s ]
[2021-06-27T18:22:01+08:00][sql] SELECT `a`.*,`b`.`user_name` FROM `carver_comment` `a` INNER JOIN `carver_user` `b` ON `a`.`user_id`=`b`.`user_id` WHERE  `article_id` = 10/ ORDER BY `create_time` DESC [ RunTime:0.000436s ]
[2021-06-27T18:22:01+08:00][sql] SHOW FULL COLUMNS FROM `carver_comment_to_others` [ RunTime:0.000591s ]
[2021-06-27T18:22:01+08:00][sql] SELECT * FROM `carver_comment_to_others` [ RunTime:0.000240s ]
[2021-06-27T18:22:01+08:00][sql] SHOW FULL COLUMNS FROM `carver_user` [ RunTime:0.000466s ]
[2021-06-27T18:22:01+08:00][sql] SELECT `user_name` FROM `carver_user` WHERE  `user_id` = 4 LIMIT 1 [ RunTime:0.000245s ]
[2021-06-27T18:22:01+08:00][sql] SELECT `user_name` FROM `carver_user` WHERE  `user_id` = 4 LIMIT 1 [ RunTime:0.000252s ]
[2021-06-27T18:22:01+08:00][sql] SELECT `user_name` FROM `carver_user` WHERE  `user_id` = 5 LIMIT 1 [ RunTime:0.000235s ]
[2021-06-27T18:22:01+08:00][sql] SELECT `user_name` FROM `carver_user` WHERE  `user_id` = 5 LIMIT 1 [ RunTime:0.000207s ]
[2021-06-27T18:22:01+08:00][sql] SELECT `user_name` FROM `carver_user` WHERE  `user_id` = 37 LIMIT 1 [ RunTime:0.000233s ]
[2021-06-27T18:22:01+08:00][sql] SHOW FULL COLUMNS FROM `carver_navigation` [ RunTime:0.000601s ]
[2021-06-27T18:22:01+08:00][sql] SELECT * FROM `carver_navigation` [ RunTime:0.000239s ]
[2021-06-27T18:22:01+08:00][sql] SELECT `article_label` FROM `carver_article` [ RunTime:0.000274s ]
[2021-06-27T18:22:03+08:00][sql] CONNECT:[ UseTime:0.000910s ] mysql:host=127.0.0.1;port=3306;dbname=carver;charset=utf8
[2021-06-27T18:22:03+08:00][sql] SHOW FULL COLUMNS FROM `carver_article` [ RunTime:0.001245s ]
[2021-06-27T18:22:03+08:00][sql] SELECT `article_id`,`article_title`,`article_desc`,`article_content`,`article_img`,`article_guide`,`article_label`,`click_num`,`is_show`,`add_time`,`article_author` FROM `carver_article` WHERE  `article_id` = 11/ LIMIT 1 [ RunTime:0.000440s ]
[2021-06-27T18:22:03+08:00][sql] SELECT `article_id`,`article_title`,`article_desc`,`article_content`,`article_img`,`article_guide`,`article_label`,`click_num`,`is_show`,`add_time`,`article_author` FROM `carver_article` WHERE  `article_id` > 11/ LIMIT 1 [ RunTime:0.000444s ]
[2021-06-27T18:22:03+08:00][sql] SELECT `article_id`,`article_title`,`article_desc`,`article_content`,`article_img`,`article_guide`,`article_label`,`click_num`,`is_show`,`add_time`,`article_author` FROM `carver_article` WHERE  `article_id` < 11/ ORDER BY `article_id` DESC LIMIT 1 [ RunTime:0.000514s ]
[2021-06-27T18:22:03+08:00][sql] SHOW FULL COLUMNS FROM `carver_link` [ RunTime:0.000566s ]
[2021-06-27T18:22:03+08:00][sql] SELECT * FROM `carver_link` WHERE  ( is_confirm=2 ) LIMIT 20 [ RunTime:0.000334s ]
[2021-06-27T18:22:03+08:00][sql] SELECT article_id,article_title,click_num,FROM_UNIXTIME(add_time,'%Y-%m-%d') as add_time FROM `carver_article` ORDER BY `click_num` DESC LIMIT 3 [ RunTime:0.000363s ]
[2021-06-27T18:22:03+08:00][sql] SHOW FULL COLUMNS FROM `carver_comment` [ RunTime:0.000640s ]
[2021-06-27T18:22:03+08:00][sql] SELECT `a`.*,`b`.`user_name` FROM `carver_comment` `a` INNER JOIN `carver_user` `b` ON `a`.`user_id`=`b`.`user_id` WHERE  `article_id` = 11/ ORDER BY `create_time` DESC [ RunTime:0.000370s ]
[2021-06-27T18:22:03+08:00][sql] SHOW FULL COLUMNS FROM `carver_comment_to_others` [ RunTime:0.000540s ]
[2021-06-27T18:22:03+08:00][sql] SELECT * FROM `carver_comment_to_others` [ RunTime:0.000234s ]
[2021-06-27T18:22:03+08:00][sql] SHOW FULL COLUMNS FROM `carver_user` [ RunTime:0.000502s ]
[2021-06-27T18:22:03+08:00][sql] SELECT `user_name` FROM `carver_user` WHERE  `user_id` = 4 LIMIT 1 [ RunTime:0.000234s ]
[2021-06-27T18:22:03+08:00][sql] SELECT `user_name` FROM `carver_user` WHERE  `user_id` = 4 LIMIT 1 [ RunTime:0.000214s ]
[2021-06-27T18:22:03+08:00][sql] SELECT `user_name` FROM `carver_user` WHERE  `user_id` = 5 LIMIT 1 [ RunTime:0.000223s ]
[2021-06-27T18:22:03+08:00][sql] SELECT `user_name` FROM `carver_user` WHERE  `user_id` = 5 LIMIT 1 [ RunTime:0.000203s ]
[2021-06-27T18:22:03+08:00][sql] SELECT `user_name` FROM `carver_user` WHERE  `user_id` = 37 LIMIT 1 [ RunTime:0.000224s ]
[2021-06-27T18:22:03+08:00][sql] SHOW FULL COLUMNS FROM `carver_navigation` [ RunTime:0.000576s ]
[2021-06-27T18:22:03+08:00][sql] SELECT * FROM `carver_navigation` [ RunTime:0.000250s ]
[2021-06-27T18:22:03+08:00][sql] SELECT `article_label` FROM `carver_article` [ RunTime:0.000251s ]
[2021-06-27T18:22:06+08:00][sql] CONNECT:[ UseTime:0.000634s ] mysql:host=127.0.0.1;port=3306;dbname=carver;charset=utf8
[2021-06-27T18:22:06+08:00][sql] SHOW FULL COLUMNS FROM `carver_article` [ RunTime:0.000897s ]
[2021-06-27T18:22:06+08:00][sql] SELECT `article_id`,`article_title`,`article_desc`,`article_content`,`article_img`,`article_guide`,`article_label`,`click_num`,`is_show`,`add_time`,`article_author` FROM `carver_article` WHERE  `article_id` = 3/ LIMIT 1 [ RunTime:0.000789s ]
[2021-06-27T18:22:06+08:00][sql] SELECT `article_id`,`article_title`,`article_desc`,`article_content`,`article_img`,`article_guide`,`article_label`,`click_num`,`is_show`,`add_time`,`article_author` FROM `carver_article` WHERE  `article_id` > 3/ LIMIT 1 [ RunTime:0.000483s ]
[2021-06-27T18:22:06+08:00][sql] SELECT `article_id`,`article_title`,`article_desc`,`article_content`,`article_img`,`article_guide`,`article_label`,`click_num`,`is_show`,`add_time`,`article_author` FROM `carver_article` WHERE  `article_id` < 3/ ORDER BY `article_id` DESC LIMIT 1 [ RunTime:0.000338s ]
[2021-06-27T18:22:06+08:00][sql] SHOW FULL COLUMNS FROM `carver_link` [ RunTime:0.000641s ]
[2021-06-27T18:22:06+08:00][sql] SELECT * FROM `carver_link` WHERE  ( is_confirm=2 ) LIMIT 20 [ RunTime:0.000333s ]
[2021-06-27T18:22:06+08:00][sql] SELECT article_id,article_title,click_num,FROM_UNIXTIME(add_time,'%Y-%m-%d') as add_time FROM `carver_article` ORDER BY `click_num` DESC LIMIT 3 [ RunTime:0.000491s ]
[2021-06-27T18:22:06+08:00][sql] SHOW FULL COLUMNS FROM `carver_comment` [ RunTime:0.000617s ]
[2021-06-27T18:22:06+08:00][sql] SELECT `a`.*,`b`.`user_name` FROM `carver_comment` `a` INNER JOIN `carver_user` `b` ON `a`.`user_id`=`b`.`user_id` WHERE  `article_id` = 3/ ORDER BY `create_time` DESC [ RunTime:0.000392s ]
[2021-06-27T18:22:06+08:00][sql] SHOW FULL COLUMNS FROM `carver_comment_to_others` [ RunTime:0.000554s ]
[2021-06-27T18:22:06+08:00][sql] SELECT * FROM `carver_comment_to_others` [ RunTime:0.000271s ]
[2021-06-27T18:22:06+08:00][sql] SHOW FULL COLUMNS FROM `carver_user` [ RunTime:0.000508s ]
[2021-06-27T18:22:06+08:00][sql] SELECT `user_name` FROM `carver_user` WHERE  `user_id` = 4 LIMIT 1 [ RunTime:0.000274s ]
[2021-06-27T18:22:06+08:00][sql] SELECT `user_name` FROM `carver_user` WHERE  `user_id` = 4 LIMIT 1 [ RunTime:0.000230s ]
[2021-06-27T18:22:06+08:00][sql] SELECT `user_name` FROM `carver_user` WHERE  `user_id` = 5 LIMIT 1 [ RunTime:0.000219s ]
[2021-06-27T18:22:06+08:00][sql] SELECT `user_name` FROM `carver_user` WHERE  `user_id` = 5 LIMIT 1 [ RunTime:0.000237s ]
[2021-06-27T18:22:06+08:00][sql] SELECT `user_name` FROM `carver_user` WHERE  `user_id` = 37 LIMIT 1 [ RunTime:0.000217s ]
[2021-06-27T18:22:06+08:00][sql] SHOW FULL COLUMNS FROM `carver_navigation` [ RunTime:0.000576s ]
[2021-06-27T18:22:06+08:00][sql] SELECT * FROM `carver_navigation` [ RunTime:0.000275s ]
[2021-06-27T18:22:06+08:00][sql] SELECT `article_label` FROM `carver_article` [ RunTime:0.000313s ]
[2021-06-27T18:22:09+08:00][sql] CONNECT:[ UseTime:0.000622s ] mysql:host=127.0.0.1;port=3306;dbname=carver;charset=utf8
[2021-06-27T18:22:09+08:00][sql] SHOW FULL COLUMNS FROM `carver_article` [ RunTime:0.000924s ]
[2021-06-27T18:22:09+08:00][sql] SELECT `article_id`,`article_title`,`article_desc`,`article_content`,`article_img`,`article_guide`,`article_label`,`click_num`,`is_show`,`add_time`,`article_author` FROM `carver_article` WHERE  `article_id` = 7/ LIMIT 1 [ RunTime:0.000905s ]
[2021-06-27T18:22:09+08:00][sql] SELECT `article_id`,`article_title`,`article_desc`,`article_content`,`article_img`,`article_guide`,`article_label`,`click_num`,`is_show`,`add_time`,`article_author` FROM `carver_article` WHERE  `article_id` > 7/ LIMIT 1 [ RunTime:0.000505s ]
[2021-06-27T18:22:09+08:00][sql] SELECT `article_id`,`article_title`,`article_desc`,`article_content`,`article_img`,`article_guide`,`article_label`,`click_num`,`is_show`,`add_time`,`article_author` FROM `carver_article` WHERE  `article_id` < 7/ ORDER BY `article_id` DESC LIMIT 1 [ RunTime:0.000377s ]
[2021-06-27T18:22:09+08:00][sql] SHOW FULL COLUMNS FROM `carver_link` [ RunTime:0.000563s ]
[2021-06-27T18:22:09+08:00][sql] SELECT * FROM `carver_link` WHERE  ( is_confirm=2 ) LIMIT 20 [ RunTime:0.000288s ]
[2021-06-27T18:22:09+08:00][sql] SELECT article_id,article_title,click_num,FROM_UNIXTIME(add_time,'%Y-%m-%d') as add_time FROM `carver_article` ORDER BY `click_num` DESC LIMIT 3 [ RunTime:0.000366s ]
[2021-06-27T18:22:09+08:00][sql] SHOW FULL COLUMNS FROM `carver_comment` [ RunTime:0.000623s ]
[2021-06-27T18:22:09+08:00][sql] SELECT `a`.*,`b`.`user_name` FROM `carver_comment` `a` INNER JOIN `carver_user` `b` ON `a`.`user_id`=`b`.`user_id` WHERE  `article_id` = 7/ ORDER BY `create_time` DESC [ RunTime:0.000372s ]
[2021-06-27T18:22:09+08:00][sql] SHOW FULL COLUMNS FROM `carver_comment_to_others` [ RunTime:0.000573s ]
[2021-06-27T18:22:09+08:00][sql] SELECT * FROM `carver_comment_to_others` [ RunTime:0.000244s ]
[2021-06-27T18:22:09+08:00][sql] SHOW FULL COLUMNS FROM `carver_user` [ RunTime:0.000464s ]
[2021-06-27T18:22:09+08:00][sql] SELECT `user_name` FROM `carver_user` WHERE  `user_id` = 4 LIMIT 1 [ RunTime:0.000246s ]
[2021-06-27T18:22:09+08:00][sql] SELECT `user_name` FROM `carver_user` WHERE  `user_id` = 4 LIMIT 1 [ RunTime:0.000225s ]
[2021-06-27T18:22:09+08:00][sql] SELECT `user_name` FROM `carver_user` WHERE  `user_id` = 5 LIMIT 1 [ RunTime:0.000210s ]
[2021-06-27T18:22:09+08:00][sql] SELECT `user_name` FROM `carver_user` WHERE  `user_id` = 5 LIMIT 1 [ RunTime:0.000218s ]
[2021-06-27T18:22:09+08:00][sql] SELECT `user_name` FROM `carver_user` WHERE  `user_id` = 37 LIMIT 1 [ RunTime:0.000212s ]
[2021-06-27T18:22:09+08:00][sql] SHOW FULL COLUMNS FROM `carver_navigation` [ RunTime:0.000581s ]
[2021-06-27T18:22:09+08:00][sql] SELECT * FROM `carver_navigation` [ RunTime:0.000263s ]
[2021-06-27T18:22:09+08:00][sql] SELECT `article_label` FROM `carver_article` [ RunTime:0.000250s ]
[2021-06-27T18:22:11+08:00][sql] CONNECT:[ UseTime:0.000587s ] mysql:host=127.0.0.1;port=3306;dbname=carver;charset=utf8
[2021-06-27T18:22:11+08:00][sql] SHOW FULL COLUMNS FROM `carver_article` [ RunTime:0.000964s ]
[2021-06-27T18:22:11+08:00][sql] SELECT `article_id`,`article_title`,`article_desc`,`article_content`,`article_img`,`article_guide`,`article_label`,`click_num`,`is_show`,`add_time`,`article_author` FROM `carver_article` WHERE  `article_id` = 9/ LIMIT 1 [ RunTime:0.000727s ]
[2021-06-27T18:22:11+08:00][sql] SELECT `article_id`,`article_title`,`article_desc`,`article_content`,`article_img`,`article_guide`,`article_label`,`click_num`,`is_show`,`add_time`,`article_author` FROM `carver_article` WHERE  `article_id` > 9/ LIMIT 1 [ RunTime:0.000459s ]
[2021-06-27T18:22:11+08:00][sql] SELECT `article_id`,`article_title`,`article_desc`,`article_content`,`article_img`,`article_guide`,`article_label`,`click_num`,`is_show`,`add_time`,`article_author` FROM `carver_article` WHERE  `article_id` < 9/ ORDER BY `article_id` DESC LIMIT 1 [ RunTime:0.000381s ]
[2021-06-27T18:22:11+08:00][sql] SHOW FULL COLUMNS FROM `carver_link` [ RunTime:0.000585s ]
[2021-06-27T18:22:11+08:00][sql] SELECT * FROM `carver_link` WHERE  ( is_confirm=2 ) LIMIT 20 [ RunTime:0.000354s ]
[2021-06-27T18:22:11+08:00][sql] SELECT article_id,article_title,click_num,FROM_UNIXTIME(add_time,'%Y-%m-%d') as add_time FROM `carver_article` ORDER BY `click_num` DESC LIMIT 3 [ RunTime:0.000401s ]
[2021-06-27T18:22:11+08:00][sql] SHOW FULL COLUMNS FROM `carver_comment` [ RunTime:0.000609s ]
[2021-06-27T18:22:11+08:00][sql] SELECT `a`.*,`b`.`user_name` FROM `carver_comment` `a` INNER JOIN `carver_user` `b` ON `a`.`user_id`=`b`.`user_id` WHERE  `article_id` = 9/ ORDER BY `create_time` DESC [ RunTime:0.000409s ]
[2021-06-27T18:22:11+08:00][sql] SHOW FULL COLUMNS FROM `carver_comment_to_others` [ RunTime:0.000558s ]
[2021-06-27T18:22:11+08:00][sql] SELECT * FROM `carver_comment_to_others` [ RunTime:0.000244s ]
[2021-06-27T18:22:11+08:00][sql] SHOW FULL COLUMNS FROM `carver_user` [ RunTime:0.000529s ]
[2021-06-27T18:22:11+08:00][sql] SELECT `user_name` FROM `carver_user` WHERE  `user_id` = 4 LIMIT 1 [ RunTime:0.000252s ]
[2021-06-27T18:22:11+08:00][sql] SELECT `user_name` FROM `carver_user` WHERE  `user_id` = 4 LIMIT 1 [ RunTime:0.000246s ]
[2021-06-27T18:22:11+08:00][sql] SELECT `user_name` FROM `carver_user` WHERE  `user_id` = 5 LIMIT 1 [ RunTime:0.000206s ]
[2021-06-27T18:22:11+08:00][sql] SELECT `user_name` FROM `carver_user` WHERE  `user_id` = 5 LIMIT 1 [ RunTime:0.000226s ]
[2021-06-27T18:22:11+08:00][sql] SELECT `user_name` FROM `carver_user` WHERE  `user_id` = 37 LIMIT 1 [ RunTime:0.000260s ]
[2021-06-27T18:22:11+08:00][sql] SHOW FULL COLUMNS FROM `carver_navigation` [ RunTime:0.000582s ]
[2021-06-27T18:22:11+08:00][sql] SELECT * FROM `carver_navigation` [ RunTime:0.000251s ]
[2021-06-27T18:22:11+08:00][sql] SELECT `article_label` FROM `carver_article` [ RunTime:0.000248s ]
[2021-06-27T18:22:14+08:00][sql] CONNECT:[ UseTime:0.000753s ] mysql:host=127.0.0.1;port=3306;dbname=carver;charset=utf8
[2021-06-27T18:22:14+08:00][sql] SHOW FULL COLUMNS FROM `carver_article` [ RunTime:0.000898s ]
[2021-06-27T18:22:14+08:00][sql] SELECT COUNT(*) AS think_count FROM `carver_article` WHERE  `article_label` LIKE '%c%'  AND `delete_time` = 0  AND `is_show` = 1 [ RunTime:0.000419s ]
[2021-06-27T18:22:14+08:00][sql] SELECT * FROM `carver_article` WHERE  `article_label` LIKE '%c%'  AND `delete_time` = 0  AND `is_show` = 1 LIMIT 0,6 [ RunTime:0.001246s ]
[2021-06-27T18:22:14+08:00][sql] SELECT article_id,article_title,click_num,FROM_UNIXTIME(add_time,'%Y-%m-%d') as add_time FROM `carver_article` WHERE  `is_show` = 1  AND `delete_time` = 0 ORDER BY `click_num` DESC LIMIT 3 [ RunTime:0.000549s ]
[2021-06-27T18:22:14+08:00][sql] SHOW FULL COLUMNS FROM `carver_notice` [ RunTime:0.000605s ]
[2021-06-27T18:22:14+08:00][sql] SELECT * FROM `carver_notice` ORDER BY `create_time` DESC LIMIT 3 [ RunTime:0.000315s ]
[2021-06-27T18:22:14+08:00][sql] SHOW FULL COLUMNS FROM `carver_navigation` [ RunTime:0.000548s ]
[2021-06-27T18:22:14+08:00][sql] SELECT * FROM `carver_navigation` [ RunTime:0.000242s ]
[2021-06-27T18:22:14+08:00][sql] SHOW FULL COLUMNS FROM `carver_link` [ RunTime:0.000544s ]
[2021-06-27T18:22:14+08:00][sql] SELECT * FROM `carver_link` WHERE  ( is_confirm=2 ) LIMIT 20 [ RunTime:0.000365s ]
[2021-06-27T18:22:14+08:00][sql] SELECT `article_label` FROM `carver_article` [ RunTime:0.000247s ]
[2021-06-27T18:22:14+08:00][sql] SHOW FULL COLUMNS FROM `carver_carouse` [ RunTime:0.000500s ]
[2021-06-27T18:22:14+08:00][sql] SELECT `carouse_img`,`carouse_desc` FROM `carver_carouse` WHERE  `is_show` = 1 ORDER BY `carouse_sort` DESC LIMIT 3 [ RunTime:0.000283s ]
[2021-06-27T18:22:14+08:00][sql] SHOW FULL COLUMNS FROM `carver_site` [ RunTime:0.000459s ]
[2021-06-27T18:22:14+08:00][sql] SELECT * FROM `carver_site` [ RunTime:0.000254s ]
[2021-06-27T18:22:16+08:00][sql] CONNECT:[ UseTime:0.000652s ] mysql:host=127.0.0.1;port=3306;dbname=carver;charset=utf8
[2021-06-27T18:22:16+08:00][sql] SHOW FULL COLUMNS FROM `carver_article` [ RunTime:0.000907s ]
[2021-06-27T18:22:16+08:00][sql] SELECT COUNT(*) AS think_count FROM `carver_article` WHERE  `article_label` LIKE '%excel/%'  AND `delete_time` = 0  AND `is_show` = 1 [ RunTime:0.000428s ]
[2021-06-27T18:22:16+08:00][sql] SELECT * FROM `carver_article` WHERE  `article_label` LIKE '%excel/%'  AND `delete_time` = 0  AND `is_show` = 1 LIMIT 0,6 [ RunTime:0.000937s ]
[2021-06-27T18:22:16+08:00][sql] SELECT article_id,article_title,click_num,FROM_UNIXTIME(add_time,'%Y-%m-%d') as add_time FROM `carver_article` WHERE  `is_show` = 1  AND `delete_time` = 0 ORDER BY `click_num` DESC LIMIT 3 [ RunTime:0.000521s ]
[2021-06-27T18:22:16+08:00][sql] SHOW FULL COLUMNS FROM `carver_notice` [ RunTime:0.000748s ]
[2021-06-27T18:22:16+08:00][sql] SELECT * FROM `carver_notice` ORDER BY `create_time` DESC LIMIT 3 [ RunTime:0.000359s ]
[2021-06-27T18:22:16+08:00][sql] SHOW FULL COLUMNS FROM `carver_navigation` [ RunTime:0.000580s ]
[2021-06-27T18:22:16+08:00][sql] SELECT * FROM `carver_navigation` [ RunTime:0.000295s ]
[2021-06-27T18:22:16+08:00][sql] SHOW FULL COLUMNS FROM `carver_link` [ RunTime:0.000554s ]
[2021-06-27T18:22:16+08:00][sql] SELECT * FROM `carver_link` WHERE  ( is_confirm=2 ) LIMIT 20 [ RunTime:0.000402s ]
[2021-06-27T18:22:16+08:00][sql] SELECT `article_label` FROM `carver_article` [ RunTime:0.000293s ]
[2021-06-27T18:22:16+08:00][sql] SHOW FULL COLUMNS FROM `carver_carouse` [ RunTime:0.000595s ]
[2021-06-27T18:22:16+08:00][sql] SELECT `carouse_img`,`carouse_desc` FROM `carver_carouse` WHERE  `is_show` = 1 ORDER BY `carouse_sort` DESC LIMIT 3 [ RunTime:0.000341s ]
[2021-06-27T18:22:16+08:00][sql] SHOW FULL COLUMNS FROM `carver_site` [ RunTime:0.000616s ]
[2021-06-27T18:22:16+08:00][sql] SELECT * FROM `carver_site` [ RunTime:0.000343s ]
[2021-06-27T18:22:19+08:00][sql] CONNECT:[ UseTime:0.000552s ] mysql:host=127.0.0.1;port=3306;dbname=carver;charset=utf8
[2021-06-27T18:22:19+08:00][sql] SHOW FULL COLUMNS FROM `carver_article` [ RunTime:0.000912s ]
[2021-06-27T18:22:19+08:00][sql] SELECT COUNT(*) AS think_count FROM `carver_article` WHERE  `article_label` LIKE '%javascript/%'  AND `delete_time` = 0  AND `is_show` = 1 [ RunTime:0.000521s ]
[2021-06-27T18:22:19+08:00][sql] SELECT * FROM `carver_article` WHERE  `article_label` LIKE '%javascript/%'  AND `delete_time` = 0  AND `is_show` = 1 LIMIT 0,6 [ RunTime:0.001003s ]
[2021-06-27T18:22:19+08:00][sql] SELECT article_id,article_title,click_num,FROM_UNIXTIME(add_time,'%Y-%m-%d') as add_time FROM `carver_article` WHERE  `is_show` = 1  AND `delete_time` = 0 ORDER BY `click_num` DESC LIMIT 3 [ RunTime:0.000531s ]
[2021-06-27T18:22:19+08:00][sql] SHOW FULL COLUMNS FROM `carver_notice` [ RunTime:0.000688s ]
[2021-06-27T18:22:19+08:00][sql] SELECT * FROM `carver_notice` ORDER BY `create_time` DESC LIMIT 3 [ RunTime:0.000516s ]
[2021-06-27T18:22:19+08:00][sql] SHOW FULL COLUMNS FROM `carver_navigation` [ RunTime:0.000610s ]
[2021-06-27T18:22:19+08:00][sql] SELECT * FROM `carver_navigation` [ RunTime:0.000302s ]
[2021-06-27T18:22:19+08:00][sql] SHOW FULL COLUMNS FROM `carver_link` [ RunTime:0.000657s ]
[2021-06-27T18:22:19+08:00][sql] SELECT * FROM `carver_link` WHERE  ( is_confirm=2 ) LIMIT 20 [ RunTime:0.000389s ]
[2021-06-27T18:22:19+08:00][sql] SELECT `article_label` FROM `carver_article` [ RunTime:0.000305s ]
[2021-06-27T18:22:19+08:00][sql] SHOW FULL COLUMNS FROM `carver_carouse` [ RunTime:0.000551s ]
[2021-06-27T18:22:19+08:00][sql] SELECT `carouse_img`,`carouse_desc` FROM `carver_carouse` WHERE  `is_show` = 1 ORDER BY `carouse_sort` DESC LIMIT 3 [ RunTime:0.000396s ]
[2021-06-27T18:22:19+08:00][sql] SHOW FULL COLUMNS FROM `carver_site` [ RunTime:0.000539s ]
[2021-06-27T18:22:19+08:00][sql] SELECT * FROM `carver_site` [ RunTime:0.000354s ]
[2021-06-27T18:22:22+08:00][sql] CONNECT:[ UseTime:0.000589s ] mysql:host=127.0.0.1;port=3306;dbname=carver;charset=utf8
[2021-06-27T18:22:22+08:00][sql] SHOW FULL COLUMNS FROM `carver_article` [ RunTime:0.000898s ]
[2021-06-27T18:22:22+08:00][sql] SELECT COUNT(*) AS think_count FROM `carver_article` WHERE  `article_label` LIKE '%php/%'  AND `delete_time` = 0  AND `is_show` = 1 [ RunTime:0.000429s ]
[2021-06-27T18:22:22+08:00][sql] SELECT * FROM `carver_article` WHERE  `article_label` LIKE '%php/%'  AND `delete_time` = 0  AND `is_show` = 1 LIMIT 0,6 [ RunTime:0.001000s ]
[2021-06-27T18:22:22+08:00][sql] SELECT article_id,article_title,click_num,FROM_UNIXTIME(add_time,'%Y-%m-%d') as add_time FROM `carver_article` WHERE  `is_show` = 1  AND `delete_time` = 0 ORDER BY `click_num` DESC LIMIT 3 [ RunTime:0.000486s ]
[2021-06-27T18:22:22+08:00][sql] SHOW FULL COLUMNS FROM `carver_notice` [ RunTime:0.000635s ]
[2021-06-27T18:22:22+08:00][sql] SELECT * FROM `carver_notice` ORDER BY `create_time` DESC LIMIT 3 [ RunTime:0.000313s ]
[2021-06-27T18:22:22+08:00][sql] SHOW FULL COLUMNS FROM `carver_navigation` [ RunTime:0.000567s ]
[2021-06-27T18:22:22+08:00][sql] SELECT * FROM `carver_navigation` [ RunTime:0.000282s ]
[2021-06-27T18:22:22+08:00][sql] SHOW FULL COLUMNS FROM `carver_link` [ RunTime:0.000561s ]
[2021-06-27T18:22:22+08:00][sql] SELECT * FROM `carver_link` WHERE  ( is_confirm=2 ) LIMIT 20 [ RunTime:0.000427s ]
[2021-06-27T18:22:22+08:00][sql] SELECT `article_label` FROM `carver_article` [ RunTime:0.000265s ]
[2021-06-27T18:22:22+08:00][sql] SHOW FULL COLUMNS FROM `carver_carouse` [ RunTime:0.000570s ]
[2021-06-27T18:22:22+08:00][sql] SELECT `carouse_img`,`carouse_desc` FROM `carver_carouse` WHERE  `is_show` = 1 ORDER BY `carouse_sort` DESC LIMIT 3 [ RunTime:0.000315s ]
[2021-06-27T18:22:22+08:00][sql] SHOW FULL COLUMNS FROM `carver_site` [ RunTime:0.000591s ]
[2021-06-27T18:22:22+08:00][sql] SELECT * FROM `carver_site` [ RunTime:0.000304s ]
[2021-06-27T18:22:25+08:00][sql] CONNECT:[ UseTime:0.000622s ] mysql:host=127.0.0.1;port=3306;dbname=carver;charset=utf8
[2021-06-27T18:22:25+08:00][sql] SHOW FULL COLUMNS FROM `carver_article` [ RunTime:0.000917s ]
[2021-06-27T18:22:25+08:00][sql] SELECT COUNT(*) AS think_count FROM `carver_article` WHERE  `article_label` LIKE '%swoole/%'  AND `delete_time` = 0  AND `is_show` = 1 [ RunTime:0.000446s ]
[2021-06-27T18:22:25+08:00][sql] SELECT * FROM `carver_article` WHERE  `article_label` LIKE '%swoole/%'  AND `delete_time` = 0  AND `is_show` = 1 LIMIT 0,6 [ RunTime:0.001030s ]
[2021-06-27T18:22:25+08:00][sql] SELECT article_id,article_title,click_num,FROM_UNIXTIME(add_time,'%Y-%m-%d') as add_time FROM `carver_article` WHERE  `is_show` = 1  AND `delete_time` = 0 ORDER BY `click_num` DESC LIMIT 3 [ RunTime:0.000640s ]
[2021-06-27T18:22:25+08:00][sql] SHOW FULL COLUMNS FROM `carver_notice` [ RunTime:0.000643s ]
[2021-06-27T18:22:25+08:00][sql] SELECT * FROM `carver_notice` ORDER BY `create_time` DESC LIMIT 3 [ RunTime:0.000333s ]
[2021-06-27T18:22:25+08:00][sql] SHOW FULL COLUMNS FROM `carver_navigation` [ RunTime:0.000585s ]
[2021-06-27T18:22:25+08:00][sql] SELECT * FROM `carver_navigation` [ RunTime:0.000301s ]
[2021-06-27T18:22:25+08:00][sql] SHOW FULL COLUMNS FROM `carver_link` [ RunTime:0.000677s ]
[2021-06-27T18:22:25+08:00][sql] SELECT * FROM `carver_link` WHERE  ( is_confirm=2 ) LIMIT 20 [ RunTime:0.000353s ]
[2021-06-27T18:22:25+08:00][sql] SELECT `article_label` FROM `carver_article` [ RunTime:0.000296s ]
[2021-06-27T18:22:25+08:00][sql] SHOW FULL COLUMNS FROM `carver_carouse` [ RunTime:0.000524s ]
[2021-06-27T18:22:25+08:00][sql] SELECT `carouse_img`,`carouse_desc` FROM `carver_carouse` WHERE  `is_show` = 1 ORDER BY `carouse_sort` DESC LIMIT 3 [ RunTime:0.000322s ]
[2021-06-27T18:22:25+08:00][sql] SHOW FULL COLUMNS FROM `carver_site` [ RunTime:0.000534s ]
[2021-06-27T18:22:25+08:00][sql] SELECT * FROM `carver_site` [ RunTime:0.000309s ]
[2021-06-27T18:22:27+08:00][sql] CONNECT:[ UseTime:0.000621s ] mysql:host=127.0.0.1;port=3306;dbname=carver;charset=utf8
[2021-06-27T18:22:27+08:00][sql] SHOW FULL COLUMNS FROM `carver_article` [ RunTime:0.000946s ]
[2021-06-27T18:22:27+08:00][sql] SELECT COUNT(*) AS think_count FROM `carver_article` WHERE  `article_guide` = 5/  AND `delete_time` = 0  AND `is_show` = 1 [ RunTime:0.000415s ]
[2021-06-27T18:22:27+08:00][sql] SELECT * FROM `carver_article` WHERE  `article_guide` = 5/  AND `delete_time` = 0  AND `is_show` = 1 ORDER BY `add_time` DESC LIMIT 0,6 [ RunTime:0.002818s ]
[2021-06-27T18:22:27+08:00][sql] SELECT article_id,article_title,click_num,FROM_UNIXTIME(add_time,'%Y-%m-%d') as add_time FROM `carver_article` WHERE  `is_show` = 1  AND `delete_time` = 0 ORDER BY `click_num` DESC LIMIT 3 [ RunTime:0.000675s ]
[2021-06-27T18:22:27+08:00][sql] SHOW FULL COLUMNS FROM `carver_notice` [ RunTime:0.000782s ]
[2021-06-27T18:22:27+08:00][sql] SELECT * FROM `carver_notice` ORDER BY `create_time` DESC LIMIT 3 [ RunTime:0.000299s ]
[2021-06-27T18:22:27+08:00][sql] SHOW FULL COLUMNS FROM `carver_navigation` [ RunTime:0.000509s ]
[2021-06-27T18:22:27+08:00][sql] SELECT * FROM `carver_navigation` [ RunTime:0.000262s ]
[2021-06-27T18:22:27+08:00][sql] SELECT `article_label` FROM `carver_article` [ RunTime:0.000278s ]
[2021-06-27T18:22:27+08:00][sql] SHOW FULL COLUMNS FROM `carver_carouse` [ RunTime:0.000567s ]
[2021-06-27T18:22:27+08:00][sql] SELECT `carouse_img`,`carouse_desc` FROM `carver_carouse` WHERE  `is_show` = 1 ORDER BY `carouse_sort` DESC LIMIT 3 [ RunTime:0.000304s ]
[2021-06-27T18:22:27+08:00][sql] SHOW FULL COLUMNS FROM `carver_link` [ RunTime:0.000560s ]
[2021-06-27T18:22:27+08:00][sql] SELECT * FROM `carver_link` WHERE  ( is_confirm=2 ) LIMIT 20 [ RunTime:0.000309s ]
[2021-06-27T18:22:27+08:00][sql] SHOW FULL COLUMNS FROM `carver_site` [ RunTime:0.000547s ]
[2021-06-27T18:22:27+08:00][sql] SELECT * FROM `carver_site` [ RunTime:0.000258s ]
[2021-06-27T18:22:30+08:00][sql] CONNECT:[ UseTime:0.000591s ] mysql:host=127.0.0.1;port=3306;dbname=carver;charset=utf8
[2021-06-27T18:22:30+08:00][sql] SHOW FULL COLUMNS FROM `carver_article` [ RunTime:0.000852s ]
[2021-06-27T18:22:30+08:00][sql] SELECT COUNT(*) AS think_count FROM `carver_article` WHERE  `article_guide` = 6/  AND `delete_time` = 0  AND `is_show` = 1 [ RunTime:0.000415s ]
[2021-06-27T18:22:30+08:00][sql] SELECT * FROM `carver_article` WHERE  `article_guide` = 6/  AND `delete_time` = 0  AND `is_show` = 1 ORDER BY `add_time` DESC LIMIT 0,6 [ RunTime:0.000883s ]
[2021-06-27T18:22:30+08:00][sql] SELECT article_id,article_title,click_num,FROM_UNIXTIME(add_time,'%Y-%m-%d') as add_time FROM `carver_article` WHERE  `is_show` = 1  AND `delete_time` = 0 ORDER BY `click_num` DESC LIMIT 3 [ RunTime:0.000483s ]
[2021-06-27T18:22:30+08:00][sql] SHOW FULL COLUMNS FROM `carver_notice` [ RunTime:0.000612s ]
[2021-06-27T18:22:30+08:00][sql] SELECT * FROM `carver_notice` ORDER BY `create_time` DESC LIMIT 3 [ RunTime:0.000290s ]
[2021-06-27T18:22:30+08:00][sql] SHOW FULL COLUMNS FROM `carver_navigation` [ RunTime:0.000597s ]
[2021-06-27T18:22:30+08:00][sql] SELECT * FROM `carver_navigation` [ RunTime:0.000238s ]
[2021-06-27T18:22:30+08:00][sql] SELECT `article_label` FROM `carver_article` [ RunTime:0.000278s ]
[2021-06-27T18:22:30+08:00][sql] SHOW FULL COLUMNS FROM `carver_carouse` [ RunTime:0.000478s ]
[2021-06-27T18:22:30+08:00][sql] SELECT `carouse_img`,`carouse_desc` FROM `carver_carouse` WHERE  `is_show` = 1 ORDER BY `carouse_sort` DESC LIMIT 3 [ RunTime:0.000326s ]
[2021-06-27T18:22:30+08:00][sql] SHOW FULL COLUMNS FROM `carver_link` [ RunTime:0.000544s ]
[2021-06-27T18:22:30+08:00][sql] SELECT * FROM `carver_link` WHERE  ( is_confirm=2 ) LIMIT 20 [ RunTime:0.000299s ]
[2021-06-27T18:22:30+08:00][sql] SHOW FULL COLUMNS FROM `carver_site` [ RunTime:0.000533s ]
[2021-06-27T18:22:30+08:00][sql] SELECT * FROM `carver_site` [ RunTime:0.000227s ]
[2021-06-27T18:22:33+08:00][sql] CONNECT:[ UseTime:0.000582s ] mysql:host=127.0.0.1;port=3306;dbname=carver;charset=utf8
[2021-06-27T18:22:33+08:00][sql] SHOW FULL COLUMNS FROM `carver_article` [ RunTime:0.000896s ]
[2021-06-27T18:22:33+08:00][sql] SELECT COUNT(*) AS think_count FROM `carver_article` WHERE  `article_guide` = 6  AND `delete_time` = 0  AND `is_show` = 1 [ RunTime:0.000416s ]
[2021-06-27T18:22:33+08:00][sql] SELECT * FROM `carver_article` WHERE  `article_guide` = 6  AND `delete_time` = 0  AND `is_show` = 1 ORDER BY `add_time` DESC LIMIT 0,6 [ RunTime:0.000867s ]
[2021-06-27T18:22:33+08:00][sql] SELECT article_id,article_title,click_num,FROM_UNIXTIME(add_time,'%Y-%m-%d') as add_time FROM `carver_article` WHERE  `is_show` = 1  AND `delete_time` = 0 ORDER BY `click_num` DESC LIMIT 3 [ RunTime:0.000587s ]
[2021-06-27T18:22:33+08:00][sql] SHOW FULL COLUMNS FROM `carver_notice` [ RunTime:0.000633s ]
[2021-06-27T18:22:33+08:00][sql] SELECT * FROM `carver_notice` ORDER BY `create_time` DESC LIMIT 3 [ RunTime:0.000300s ]
[2021-06-27T18:22:33+08:00][sql] SHOW FULL COLUMNS FROM `carver_navigation` [ RunTime:0.000519s ]
[2021-06-27T18:22:33+08:00][sql] SELECT * FROM `carver_navigation` [ RunTime:0.000256s ]
[2021-06-27T18:22:33+08:00][sql] SELECT `article_label` FROM `carver_article` [ RunTime:0.000259s ]
[2021-06-27T18:22:33+08:00][sql] SHOW FULL COLUMNS FROM `carver_carouse` [ RunTime:0.000504s ]
[2021-06-27T18:22:33+08:00][sql] SELECT `carouse_img`,`carouse_desc` FROM `carver_carouse` WHERE  `is_show` = 1 ORDER BY `carouse_sort` DESC LIMIT 3 [ RunTime:0.000330s ]
[2021-06-27T18:22:33+08:00][sql] SHOW FULL COLUMNS FROM `carver_link` [ RunTime:0.000510s ]
[2021-06-27T18:22:33+08:00][sql] SELECT * FROM `carver_link` WHERE  ( is_confirm=2 ) LIMIT 20 [ RunTime:0.000300s ]
[2021-06-27T18:22:33+08:00][sql] SHOW FULL COLUMNS FROM `carver_site` [ RunTime:0.000650s ]
[2021-06-27T18:22:33+08:00][sql] SELECT * FROM `carver_site` [ RunTime:0.000239s ]
[2021-06-27T21:20:50+08:00][sql] CONNECT:[ UseTime:0.000648s ] mysql:host=127.0.0.1;port=3306;dbname=carver;charset=utf8
[2021-06-27T21:20:50+08:00][sql] SHOW FULL COLUMNS FROM `carver_article` [ RunTime:0.001150s ]
[2021-06-27T21:20:50+08:00][sql] SELECT `article_id`,`article_title`,`article_desc`,`article_content`,`article_img`,`article_guide`,`article_label`,`click_num`,`is_show`,`add_time`,`article_author` FROM `carver_article` WHERE  `article_id` = 17'A=0 LIMIT 1 [ RunTime:0.000603s ]
[2021-06-27T21:20:50+08:00][sql] SELECT `article_id`,`article_title`,`article_desc`,`article_content`,`article_img`,`article_guide`,`article_label`,`click_num`,`is_show`,`add_time`,`article_author` FROM `carver_article` WHERE  `article_id` > 17'A=0 LIMIT 1 [ RunTime:0.000489s ]
[2021-06-27T21:20:50+08:00][sql] SELECT `article_id`,`article_title`,`article_desc`,`article_content`,`article_img`,`article_guide`,`article_label`,`click_num`,`is_show`,`add_time`,`article_author` FROM `carver_article` WHERE  `article_id` < 17'A=0 ORDER BY `article_id` DESC LIMIT 1 [ RunTime:0.000353s ]
[2021-06-27T21:20:50+08:00][sql] SHOW FULL COLUMNS FROM `carver_link` [ RunTime:0.000533s ]
[2021-06-27T21:20:50+08:00][sql] SELECT * FROM `carver_link` WHERE  ( is_confirm=2 ) LIMIT 20 [ RunTime:0.000306s ]
[2021-06-27T21:20:50+08:00][sql] SELECT article_id,article_title,click_num,FROM_UNIXTIME(add_time,'%Y-%m-%d') as add_time FROM `carver_article` ORDER BY `click_num` DESC LIMIT 3 [ RunTime:0.000377s ]
[2021-06-27T21:20:50+08:00][sql] SHOW FULL COLUMNS FROM `carver_comment` [ RunTime:0.000592s ]
[2021-06-27T21:20:50+08:00][sql] SELECT `a`.*,`b`.`user_name` FROM `carver_comment` `a` INNER JOIN `carver_user` `b` ON `a`.`user_id`=`b`.`user_id` WHERE  `article_id` = 17'A=0 ORDER BY `create_time` DESC [ RunTime:0.000367s ]
[2021-06-27T21:20:50+08:00][sql] SHOW FULL COLUMNS FROM `carver_comment_to_others` [ RunTime:0.000526s ]
[2021-06-27T21:20:50+08:00][sql] SELECT * FROM `carver_comment_to_others` [ RunTime:0.000231s ]
[2021-06-27T21:20:50+08:00][sql] SHOW FULL COLUMNS FROM `carver_user` [ RunTime:0.000446s ]
[2021-06-27T21:20:50+08:00][sql] SELECT `user_name` FROM `carver_user` WHERE  `user_id` = 4 LIMIT 1 [ RunTime:0.000239s ]
[2021-06-27T21:20:50+08:00][sql] SELECT `user_name` FROM `carver_user` WHERE  `user_id` = 4 LIMIT 1 [ RunTime:0.000207s ]
[2021-06-27T21:20:50+08:00][sql] SELECT `user_name` FROM `carver_user` WHERE  `user_id` = 5 LIMIT 1 [ RunTime:0.000230s ]
[2021-06-27T21:20:50+08:00][sql] SELECT `user_name` FROM `carver_user` WHERE  `user_id` = 5 LIMIT 1 [ RunTime:0.000218s ]
[2021-06-27T21:20:50+08:00][sql] SELECT `user_name` FROM `carver_user` WHERE  `user_id` = 37 LIMIT 1 [ RunTime:0.000212s ]
[2021-06-27T21:20:50+08:00][sql] SELECT `user_name`,`user_id` FROM `carver_user` [ RunTime:0.000260s ]
[2021-06-27T21:20:50+08:00][sql] SHOW FULL COLUMNS FROM `carver_navigation` [ RunTime:0.000507s ]
[2021-06-27T21:20:50+08:00][sql] SELECT * FROM `carver_navigation` [ RunTime:0.000237s ]
[2021-06-27T21:20:50+08:00][sql] SELECT `article_label` FROM `carver_article` [ RunTime:0.000243s ]
[2021-06-27T21:50:43+08:00][sql] CONNECT:[ UseTime:0.000501s ] mysql:host=127.0.0.1;port=3306;dbname=carver;charset=utf8
[2021-06-27T21:50:43+08:00][sql] SHOW FULL COLUMNS FROM `carver_article` [ RunTime:0.000890s ]
[2021-06-27T21:50:43+08:00][sql] SELECT COUNT(*) AS think_count FROM `carver_article` WHERE  `article_guide` = 54  AND `delete_time` = 0  AND `is_show` = 1 [ RunTime:0.000411s ]
[2021-06-27T21:50:43+08:00][sql] SELECT * FROM `carver_article` WHERE  `article_guide` = 54  AND `delete_time` = 0  AND `is_show` = 1 ORDER BY `add_time` DESC LIMIT 0,6 [ RunTime:0.000379s ]
[2021-06-27T21:50:43+08:00][sql] SELECT article_id,article_title,click_num,FROM_UNIXTIME(add_time,'%Y-%m-%d') as add_time FROM `carver_article` WHERE  `is_show` = 1  AND `delete_time` = 0 ORDER BY `click_num` DESC LIMIT 3 [ RunTime:0.000453s ]
[2021-06-27T21:50:43+08:00][sql] SHOW FULL COLUMNS FROM `carver_notice` [ RunTime:0.000590s ]
[2021-06-27T21:50:43+08:00][sql] SELECT * FROM `carver_notice` ORDER BY `create_time` DESC LIMIT 3 [ RunTime:0.000279s ]
[2021-06-27T21:50:43+08:00][sql] SHOW FULL COLUMNS FROM `carver_navigation` [ RunTime:0.000538s ]
[2021-06-27T21:50:43+08:00][sql] SELECT * FROM `carver_navigation` [ RunTime:0.000269s ]
[2021-06-27T21:50:43+08:00][sql] SELECT `article_label` FROM `carver_article` [ RunTime:0.000260s ]
[2021-06-27T21:50:43+08:00][sql] SHOW FULL COLUMNS FROM `carver_carouse` [ RunTime:0.000551s ]
[2021-06-27T21:50:43+08:00][sql] SELECT `carouse_img`,`carouse_desc` FROM `carver_carouse` WHERE  `is_show` = 1 ORDER BY `carouse_sort` DESC LIMIT 3 [ RunTime:0.000330s ]
[2021-06-27T21:50:43+08:00][sql] SHOW FULL COLUMNS FROM `carver_link` [ RunTime:0.000544s ]
[2021-06-27T21:50:43+08:00][sql] SELECT * FROM `carver_link` WHERE  ( is_confirm=2 ) LIMIT 20 [ RunTime:0.000330s ]
[2021-06-27T21:50:43+08:00][sql] SHOW FULL COLUMNS FROM `carver_site` [ RunTime:0.000555s ]
[2021-06-27T21:50:43+08:00][sql] SELECT * FROM `carver_site` [ RunTime:0.000298s ]
[2021-06-27T21:56:58+08:00][sql] CONNECT:[ UseTime:0.000648s ] mysql:host=127.0.0.1;port=3306;dbname=carver;charset=utf8
[2021-06-27T21:56:58+08:00][sql] SHOW FULL COLUMNS FROM `carver_article` [ RunTime:0.000910s ]
[2021-06-27T21:56:58+08:00][sql] SELECT COUNT(*) AS think_count FROM `carver_article` WHERE  `article_label` LIKE '%c%'  AND `delete_time` = 0  AND `is_show` = 1 [ RunTime:0.000531s ]
[2021-06-27T21:56:58+08:00][sql] SELECT * FROM `carver_article` WHERE  `article_label` LIKE '%c%'  AND `delete_time` = 0  AND `is_show` = 1 LIMIT 0,6 [ RunTime:0.001321s ]
[2021-06-27T21:56:58+08:00][sql] SELECT article_id,article_title,click_num,FROM_UNIXTIME(add_time,'%Y-%m-%d') as add_time FROM `carver_article` WHERE  `is_show` = 1  AND `delete_time` = 0 ORDER BY `click_num` DESC LIMIT 3 [ RunTime:0.000565s ]
[2021-06-27T21:56:58+08:00][sql] SHOW FULL COLUMNS FROM `carver_notice` [ RunTime:0.000696s ]
[2021-06-27T21:56:58+08:00][sql] SELECT * FROM `carver_notice` ORDER BY `create_time` DESC LIMIT 3 [ RunTime:0.000312s ]
[2021-06-27T21:56:58+08:00][sql] SHOW FULL COLUMNS FROM `carver_navigation` [ RunTime:0.000578s ]
[2021-06-27T21:56:58+08:00][sql] SELECT * FROM `carver_navigation` [ RunTime:0.000247s ]
[2021-06-27T21:56:58+08:00][sql] SHOW FULL COLUMNS FROM `carver_link` [ RunTime:0.000561s ]
[2021-06-27T21:56:58+08:00][sql] SELECT * FROM `carver_link` WHERE  ( is_confirm=2 ) LIMIT 20 [ RunTime:0.000335s ]
[2021-06-27T21:56:58+08:00][sql] SELECT `article_label` FROM `carver_article` [ RunTime:0.000274s ]
[2021-06-27T21:56:58+08:00][sql] SHOW FULL COLUMNS FROM `carver_carouse` [ RunTime:0.000540s ]
[2021-06-27T21:56:58+08:00][sql] SELECT `carouse_img`,`carouse_desc` FROM `carver_carouse` WHERE  `is_show` = 1 ORDER BY `carouse_sort` DESC LIMIT 3 [ RunTime:0.000302s ]
[2021-06-27T21:56:58+08:00][sql] SHOW FULL COLUMNS FROM `carver_site` [ RunTime:0.000559s ]
[2021-06-27T21:56:58+08:00][sql] SELECT * FROM `carver_site` [ RunTime:0.000247s ]
