[2021-06-29T00:19:43+08:00][sql] CONNECT:[ UseTime:0.000629s ] mysql:host=127.0.0.1;port=3306;dbname=carver;charset=utf8
[2021-06-29T00:19:43+08:00][sql] SHOW FULL COLUMNS FROM `carver_user` [ RunTime:0.000944s ]
[2021-06-29T00:19:43+08:00][sql] SHOW FULL COLUMNS FROM `carver_article` [ RunTime:0.000740s ]
[2021-06-29T00:19:43+08:00][sql] SELECT COUNT(*) AS think_count FROM `carver_article` WHERE  `delete_time` = 0  AND `is_show` = 1 [ RunTime:0.000418s ]
[2021-06-29T00:19:43+08:00][sql] SELECT `article_id`,`article_title`,`article_desc`,`article_content`,`article_img`,`article_guide`,`article_label`,`click_num`,`is_show`,`add_time`,`article_author`,`is_top_show` FROM `carver_article` WHERE  `delete_time` = 0  AND `is_show` = 1 ORDER BY `article_id` DESC LIMIT 0,6 [ RunTime:0.000791s ]
[2021-06-29T00:19:43+08:00][sql] SELECT article_id,article_title,click_num,FROM_UNIXTIME(add_time,'%Y-%m-%d') as add_time FROM `carver_article` WHERE  `is_show` = 1  AND `delete_time` = 0 ORDER BY `click_num` DESC LIMIT 3 [ RunTime:0.000493s ]
[2021-06-29T00:19:43+08:00][sql] SHOW FULL COLUMNS FROM `carver_notice` [ RunTime:0.000744s ]
[2021-06-29T00:19:43+08:00][sql] SELECT * FROM `carver_notice` ORDER BY `create_time` DESC LIMIT 3 [ RunTime:0.000348s ]
[2021-06-29T00:19:43+08:00][sql] SHOW FULL COLUMNS FROM `carver_navigation` [ RunTime:0.000605s ]
[2021-06-29T00:19:43+08:00][sql] SELECT * FROM `carver_navigation` [ RunTime:0.000245s ]
[2021-06-29T00:19:43+08:00][sql] SHOW FULL COLUMNS FROM `carver_link` [ RunTime:0.000599s ]
[2021-06-29T00:19:43+08:00][sql] SELECT * FROM `carver_link` WHERE  ( is_confirm=2 ) LIMIT 20 [ RunTime:0.000316s ]
[2021-06-29T00:19:43+08:00][sql] SELECT `article_label` FROM `carver_article` [ RunTime:0.000287s ]
[2021-06-29T00:19:43+08:00][sql] SHOW FULL COLUMNS FROM `carver_carouse` [ RunTime:0.000533s ]
[2021-06-29T00:19:43+08:00][sql] SELECT `carouse_img`,`carouse_desc` FROM `carver_carouse` WHERE  `is_show` = 1 ORDER BY `carouse_sort` DESC LIMIT 3 [ RunTime:0.000327s ]
[2021-06-29T00:19:43+08:00][sql] SHOW FULL COLUMNS FROM `carver_site` [ RunTime:0.000493s ]
[2021-06-29T00:19:43+08:00][sql] SELECT * FROM `carver_site` [ RunTime:0.000256s ]
[2021-06-29T01:14:35+08:00][sql] CONNECT:[ UseTime:0.000640s ] mysql:host=127.0.0.1;port=3306;dbname=carver;charset=utf8
[2021-06-29T01:14:35+08:00][sql] SHOW FULL COLUMNS FROM `carver_article` [ RunTime:0.000901s ]
[2021-06-29T01:14:35+08:00][sql] SELECT COUNT(*) AS think_count FROM `carver_article` WHERE  `article_label` LIKE '%php%'  AND `delete_time` = 0  AND `is_show` = 1 [ RunTime:0.000409s ]
[2021-06-29T01:14:35+08:00][sql] SELECT * FROM `carver_article` WHERE  `article_label` LIKE '%php%'  AND `delete_time` = 0  AND `is_show` = 1 LIMIT 12,6 [ RunTime:0.001437s ]
[2021-06-29T01:14:35+08:00][sql] SELECT article_id,article_title,click_num,FROM_UNIXTIME(add_time,'%Y-%m-%d') as add_time FROM `carver_article` WHERE  `is_show` = 1  AND `delete_time` = 0 ORDER BY `click_num` DESC LIMIT 3 [ RunTime:0.000534s ]
[2021-06-29T01:14:35+08:00][sql] SHOW FULL COLUMNS FROM `carver_notice` [ RunTime:0.000668s ]
[2021-06-29T01:14:35+08:00][sql] SELECT * FROM `carver_notice` ORDER BY `create_time` DESC LIMIT 3 [ RunTime:0.000299s ]
[2021-06-29T01:14:35+08:00][sql] SHOW FULL COLUMNS FROM `carver_navigation` [ RunTime:0.000593s ]
[2021-06-29T01:14:35+08:00][sql] SELECT * FROM `carver_navigation` [ RunTime:0.000298s ]
[2021-06-29T01:14:35+08:00][sql] SHOW FULL COLUMNS FROM `carver_link` [ RunTime:0.000608s ]
[2021-06-29T01:14:35+08:00][sql] SELECT * FROM `carver_link` WHERE  ( is_confirm=2 ) LIMIT 20 [ RunTime:0.000321s ]
[2021-06-29T01:14:35+08:00][sql] SELECT `article_label` FROM `carver_article` [ RunTime:0.000264s ]
[2021-06-29T01:14:35+08:00][sql] SHOW FULL COLUMNS FROM `carver_carouse` [ RunTime:0.000493s ]
[2021-06-29T01:14:35+08:00][sql] SELECT `carouse_img`,`carouse_desc` FROM `carver_carouse` WHERE  `is_show` = 1 ORDER BY `carouse_sort` DESC LIMIT 3 [ RunTime:0.000322s ]
[2021-06-29T01:14:35+08:00][sql] SHOW FULL COLUMNS FROM `carver_site` [ RunTime:0.000546s ]
[2021-06-29T01:14:35+08:00][sql] SELECT * FROM `carver_site` [ RunTime:0.000319s ]
[2021-06-29T01:32:42+08:00][sql] CONNECT:[ UseTime:0.000556s ] mysql:host=127.0.0.1;port=3306;dbname=carver;charset=utf8
[2021-06-29T01:32:42+08:00][sql] SHOW FULL COLUMNS FROM `carver_article` [ RunTime:0.000884s ]
[2021-06-29T01:32:42+08:00][sql] SELECT `article_id`,`article_title`,`article_desc`,`article_content`,`article_img`,`article_guide`,`article_label`,`click_num`,`is_show`,`add_time`,`article_author` FROM `carver_article` WHERE  `article_id` = 28' LIMIT 1 [ RunTime:0.000496s ]
[2021-06-29T01:32:42+08:00][sql] SELECT `article_id`,`article_title`,`article_desc`,`article_content`,`article_img`,`article_guide`,`article_label`,`click_num`,`is_show`,`add_time`,`article_author` FROM `carver_article` WHERE  `article_id` > 28' LIMIT 1 [ RunTime:0.000369s ]
[2021-06-29T01:32:42+08:00][sql] SELECT `article_id`,`article_title`,`article_desc`,`article_content`,`article_img`,`article_guide`,`article_label`,`click_num`,`is_show`,`add_time`,`article_author` FROM `carver_article` WHERE  `article_id` < 28' ORDER BY `article_id` DESC LIMIT 1 [ RunTime:0.000384s ]
[2021-06-29T01:32:42+08:00][sql] SHOW FULL COLUMNS FROM `carver_link` [ RunTime:0.000586s ]
[2021-06-29T01:32:42+08:00][sql] SELECT * FROM `carver_link` WHERE  ( is_confirm=2 ) LIMIT 20 [ RunTime:0.000287s ]
[2021-06-29T01:32:42+08:00][sql] SELECT article_id,article_title,click_num,FROM_UNIXTIME(add_time,'%Y-%m-%d') as add_time FROM `carver_article` ORDER BY `click_num` DESC LIMIT 3 [ RunTime:0.000419s ]
[2021-06-29T01:32:42+08:00][sql] SHOW FULL COLUMNS FROM `carver_comment` [ RunTime:0.000653s ]
[2021-06-29T01:32:42+08:00][sql] SELECT `a`.*,`b`.`user_name` FROM `carver_comment` `a` INNER JOIN `carver_user` `b` ON `a`.`user_id`=`b`.`user_id` WHERE  `article_id` = 28' ORDER BY `create_time` DESC [ RunTime:0.000435s ]
[2021-06-29T01:32:42+08:00][sql] SHOW FULL COLUMNS FROM `carver_comment_to_others` [ RunTime:0.000599s ]
[2021-06-29T01:32:42+08:00][sql] SELECT * FROM `carver_comment_to_others` [ RunTime:0.000243s ]
[2021-06-29T01:32:42+08:00][sql] SHOW FULL COLUMNS FROM `carver_user` [ RunTime:0.000457s ]
[2021-06-29T01:32:42+08:00][sql] SELECT `user_name` FROM `carver_user` WHERE  `user_id` = 4 LIMIT 1 [ RunTime:0.000256s ]
[2021-06-29T01:32:42+08:00][sql] SELECT `user_name` FROM `carver_user` WHERE  `user_id` = 4 LIMIT 1 [ RunTime:0.000225s ]
[2021-06-29T01:32:42+08:00][sql] SELECT `user_name` FROM `carver_user` WHERE  `user_id` = 5 LIMIT 1 [ RunTime:0.000211s ]
[2021-06-29T01:32:42+08:00][sql] SELECT `user_name` FROM `carver_user` WHERE  `user_id` = 5 LIMIT 1 [ RunTime:0.000221s ]
[2021-06-29T01:32:42+08:00][sql] SELECT `user_name` FROM `carver_user` WHERE  `user_id` = 37 LIMIT 1 [ RunTime:0.000246s ]
[2021-06-29T01:32:42+08:00][sql] SELECT `user_name`,`user_id` FROM `carver_user` [ RunTime:0.000372s ]
[2021-06-29T01:32:42+08:00][sql] SHOW FULL COLUMNS FROM `carver_navigation` [ RunTime:0.000561s ]
[2021-06-29T01:32:42+08:00][sql] SELECT * FROM `carver_navigation` [ RunTime:0.000251s ]
[2021-06-29T01:32:42+08:00][sql] SELECT `article_label` FROM `carver_article` [ RunTime:0.000270s ]
[2021-06-29T02:34:15+08:00][sql] CONNECT:[ UseTime:0.000568s ] mysql:host=127.0.0.1;port=3306;dbname=carver;charset=utf8
[2021-06-29T02:34:15+08:00][sql] SHOW FULL COLUMNS FROM `carver_article` [ RunTime:0.000938s ]
[2021-06-29T02:34:15+08:00][sql] SELECT `article_id`,`article_title`,`article_desc`,`article_content`,`article_img`,`article_guide`,`article_label`,`click_num`,`is_show`,`add_time`,`article_author` FROM `carver_article` WHERE  `article_id` = 18'A=0 LIMIT 1 [ RunTime:0.000583s ]
[2021-06-29T02:34:15+08:00][sql] SELECT `article_id`,`article_title`,`article_desc`,`article_content`,`article_img`,`article_guide`,`article_label`,`click_num`,`is_show`,`add_time`,`article_author` FROM `carver_article` WHERE  `article_id` > 18'A=0 LIMIT 1 [ RunTime:0.003236s ]
[2021-06-29T02:34:15+08:00][sql] SELECT `article_id`,`article_title`,`article_desc`,`article_content`,`article_img`,`article_guide`,`article_label`,`click_num`,`is_show`,`add_time`,`article_author` FROM `carver_article` WHERE  `article_id` < 18'A=0 ORDER BY `article_id` DESC LIMIT 1 [ RunTime:0.000669s ]
[2021-06-29T02:34:15+08:00][sql] SHOW FULL COLUMNS FROM `carver_link` [ RunTime:0.000635s ]
[2021-06-29T02:34:15+08:00][sql] SELECT * FROM `carver_link` WHERE  ( is_confirm=2 ) LIMIT 20 [ RunTime:0.000379s ]
[2021-06-29T02:34:15+08:00][sql] SELECT article_id,article_title,click_num,FROM_UNIXTIME(add_time,'%Y-%m-%d') as add_time FROM `carver_article` ORDER BY `click_num` DESC LIMIT 3 [ RunTime:0.000401s ]
[2021-06-29T02:34:15+08:00][sql] SHOW FULL COLUMNS FROM `carver_comment` [ RunTime:0.000663s ]
[2021-06-29T02:34:15+08:00][sql] SELECT `a`.*,`b`.`user_name` FROM `carver_comment` `a` INNER JOIN `carver_user` `b` ON `a`.`user_id`=`b`.`user_id` WHERE  `article_id` = 18'A=0 ORDER BY `create_time` DESC [ RunTime:0.000455s ]
[2021-06-29T02:34:15+08:00][sql] SHOW FULL COLUMNS FROM `carver_comment_to_others` [ RunTime:0.000587s ]
[2021-06-29T02:34:15+08:00][sql] SELECT * FROM `carver_comment_to_others` [ RunTime:0.000292s ]
[2021-06-29T02:34:15+08:00][sql] SHOW FULL COLUMNS FROM `carver_user` [ RunTime:0.000463s ]
[2021-06-29T02:34:15+08:00][sql] SELECT `user_name` FROM `carver_user` WHERE  `user_id` = 4 LIMIT 1 [ RunTime:0.000305s ]
[2021-06-29T02:34:15+08:00][sql] SELECT `user_name` FROM `carver_user` WHERE  `user_id` = 4 LIMIT 1 [ RunTime:0.000235s ]
[2021-06-29T02:34:15+08:00][sql] SELECT `user_name` FROM `carver_user` WHERE  `user_id` = 5 LIMIT 1 [ RunTime:0.000250s ]
[2021-06-29T02:34:15+08:00][sql] SELECT `user_name` FROM `carver_user` WHERE  `user_id` = 5 LIMIT 1 [ RunTime:0.000231s ]
[2021-06-29T02:34:15+08:00][sql] SELECT `user_name` FROM `carver_user` WHERE  `user_id` = 37 LIMIT 1 [ RunTime:0.000218s ]
[2021-06-29T02:34:15+08:00][sql] SELECT `user_name`,`user_id` FROM `carver_user` [ RunTime:0.000259s ]
[2021-06-29T02:34:15+08:00][sql] SHOW FULL COLUMNS FROM `carver_navigation` [ RunTime:0.001163s ]
[2021-06-29T02:34:15+08:00][sql] SELECT * FROM `carver_navigation` [ RunTime:0.000279s ]
[2021-06-29T02:34:15+08:00][sql] SELECT `article_label` FROM `carver_article` [ RunTime:0.000266s ]
[2021-06-29T04:00:34+08:00][sql] CONNECT:[ UseTime:0.000763s ] mysql:host=127.0.0.1;port=3306;dbname=carver;charset=utf8
[2021-06-29T04:00:34+08:00][sql] SHOW FULL COLUMNS FROM `carver_user` [ RunTime:0.000892s ]
[2021-06-29T04:00:34+08:00][sql] SHOW FULL COLUMNS FROM `carver_article` [ RunTime:0.000784s ]
[2021-06-29T04:00:34+08:00][sql] SELECT COUNT(*) AS think_count FROM `carver_article` WHERE  `delete_time` = 0  AND `is_show` = 1 [ RunTime:0.000388s ]
[2021-06-29T04:00:34+08:00][sql] SELECT `article_id`,`article_title`,`article_desc`,`article_content`,`article_img`,`article_guide`,`article_label`,`click_num`,`is_show`,`add_time`,`article_author`,`is_top_show` FROM `carver_article` WHERE  `delete_time` = 0  AND `is_show` = 1 ORDER BY `article_id` DESC LIMIT 0,6 [ RunTime:0.000749s ]
[2021-06-29T04:00:34+08:00][sql] SELECT article_id,article_title,click_num,FROM_UNIXTIME(add_time,'%Y-%m-%d') as add_time FROM `carver_article` WHERE  `is_show` = 1  AND `delete_time` = 0 ORDER BY `click_num` DESC LIMIT 3 [ RunTime:0.000570s ]
[2021-06-29T04:00:34+08:00][sql] SHOW FULL COLUMNS FROM `carver_notice` [ RunTime:0.000601s ]
[2021-06-29T04:00:34+08:00][sql] SELECT * FROM `carver_notice` ORDER BY `create_time` DESC LIMIT 3 [ RunTime:0.000306s ]
[2021-06-29T04:00:34+08:00][sql] SHOW FULL COLUMNS FROM `carver_navigation` [ RunTime:0.000514s ]
[2021-06-29T04:00:34+08:00][sql] SELECT * FROM `carver_navigation` [ RunTime:0.000274s ]
[2021-06-29T04:00:34+08:00][sql] SHOW FULL COLUMNS FROM `carver_link` [ RunTime:0.000537s ]
[2021-06-29T04:00:34+08:00][sql] SELECT * FROM `carver_link` WHERE  ( is_confirm=2 ) LIMIT 20 [ RunTime:0.000292s ]
[2021-06-29T04:00:34+08:00][sql] SELECT `article_label` FROM `carver_article` [ RunTime:0.000303s ]
[2021-06-29T04:00:34+08:00][sql] SHOW FULL COLUMNS FROM `carver_carouse` [ RunTime:0.000532s ]
[2021-06-29T04:00:34+08:00][sql] SELECT `carouse_img`,`carouse_desc` FROM `carver_carouse` WHERE  `is_show` = 1 ORDER BY `carouse_sort` DESC LIMIT 3 [ RunTime:0.000321s ]
[2021-06-29T04:00:34+08:00][sql] SHOW FULL COLUMNS FROM `carver_site` [ RunTime:0.000565s ]
[2021-06-29T04:00:34+08:00][sql] SELECT * FROM `carver_site` [ RunTime:0.000235s ]
[2021-06-29T04:54:48+08:00][sql] CONNECT:[ UseTime:0.000528s ] mysql:host=127.0.0.1;port=3306;dbname=carver;charset=utf8
[2021-06-29T04:54:48+08:00][sql] SHOW FULL COLUMNS FROM `carver_user` [ RunTime:0.000793s ]
[2021-06-29T04:54:48+08:00][sql] SHOW FULL COLUMNS FROM `carver_article` [ RunTime:0.000677s ]
[2021-06-29T04:54:48+08:00][sql] SELECT COUNT(*) AS think_count FROM `carver_article` WHERE  `delete_time` = 0  AND `is_show` = 1 [ RunTime:0.000389s ]
[2021-06-29T04:54:48+08:00][sql] SELECT `article_id`,`article_title`,`article_desc`,`article_content`,`article_img`,`article_guide`,`article_label`,`click_num`,`is_show`,`add_time`,`article_author`,`is_top_show` FROM `carver_article` WHERE  `delete_time` = 0  AND `is_show` = 1 ORDER BY `article_id` DESC LIMIT 0,6 [ RunTime:0.000743s ]
[2021-06-29T04:54:48+08:00][sql] SELECT article_id,article_title,click_num,FROM_UNIXTIME(add_time,'%Y-%m-%d') as add_time FROM `carver_article` WHERE  `is_show` = 1  AND `delete_time` = 0 ORDER BY `click_num` DESC LIMIT 3 [ RunTime:0.000615s ]
[2021-06-29T04:54:48+08:00][sql] SHOW FULL COLUMNS FROM `carver_notice` [ RunTime:0.000559s ]
[2021-06-29T04:54:48+08:00][sql] SELECT * FROM `carver_notice` ORDER BY `create_time` DESC LIMIT 3 [ RunTime:0.000271s ]
[2021-06-29T04:54:48+08:00][sql] SHOW FULL COLUMNS FROM `carver_navigation` [ RunTime:0.000587s ]
[2021-06-29T04:54:48+08:00][sql] SELECT * FROM `carver_navigation` [ RunTime:0.000260s ]
[2021-06-29T04:54:48+08:00][sql] SHOW FULL COLUMNS FROM `carver_link` [ RunTime:0.000539s ]
[2021-06-29T04:54:48+08:00][sql] SELECT * FROM `carver_link` WHERE  ( is_confirm=2 ) LIMIT 20 [ RunTime:0.000273s ]
[2021-06-29T04:54:48+08:00][sql] SELECT `article_label` FROM `carver_article` [ RunTime:0.000315s ]
[2021-06-29T04:54:48+08:00][sql] SHOW FULL COLUMNS FROM `carver_carouse` [ RunTime:0.000466s ]
[2021-06-29T04:54:48+08:00][sql] SELECT `carouse_img`,`carouse_desc` FROM `carver_carouse` WHERE  `is_show` = 1 ORDER BY `carouse_sort` DESC LIMIT 3 [ RunTime:0.000299s ]
[2021-06-29T04:54:48+08:00][sql] SHOW FULL COLUMNS FROM `carver_site` [ RunTime:0.000462s ]
[2021-06-29T04:54:48+08:00][sql] SELECT * FROM `carver_site` [ RunTime:0.000222s ]
[2021-06-29T05:53:46+08:00][sql] CONNECT:[ UseTime:0.000555s ] mysql:host=127.0.0.1;port=3306;dbname=carver;charset=utf8
[2021-06-29T05:53:46+08:00][sql] SHOW FULL COLUMNS FROM `carver_user` [ RunTime:0.000906s ]
[2021-06-29T05:53:46+08:00][sql] SHOW FULL COLUMNS FROM `carver_article` [ RunTime:0.000747s ]
[2021-06-29T05:53:46+08:00][sql] SELECT COUNT(*) AS think_count FROM `carver_article` WHERE  `delete_time` = 0  AND `is_show` = 1 [ RunTime:0.000395s ]
[2021-06-29T05:53:46+08:00][sql] SELECT `article_id`,`article_title`,`article_desc`,`article_content`,`article_img`,`article_guide`,`article_label`,`click_num`,`is_show`,`add_time`,`article_author`,`is_top_show` FROM `carver_article` WHERE  `delete_time` = 0  AND `is_show` = 1 ORDER BY `article_id` DESC LIMIT 0,6 [ RunTime:0.000764s ]
[2021-06-29T05:53:46+08:00][sql] SELECT article_id,article_title,click_num,FROM_UNIXTIME(add_time,'%Y-%m-%d') as add_time FROM `carver_article` WHERE  `is_show` = 1  AND `delete_time` = 0 ORDER BY `click_num` DESC LIMIT 3 [ RunTime:0.000410s ]
[2021-06-29T05:53:46+08:00][sql] SHOW FULL COLUMNS FROM `carver_notice` [ RunTime:0.000538s ]
[2021-06-29T05:53:46+08:00][sql] SELECT * FROM `carver_notice` ORDER BY `create_time` DESC LIMIT 3 [ RunTime:0.000291s ]
[2021-06-29T05:53:46+08:00][sql] SHOW FULL COLUMNS FROM `carver_navigation` [ RunTime:0.000515s ]
[2021-06-29T05:53:46+08:00][sql] SELECT * FROM `carver_navigation` [ RunTime:0.000254s ]
[2021-06-29T05:53:46+08:00][sql] SHOW FULL COLUMNS FROM `carver_link` [ RunTime:0.000547s ]
[2021-06-29T05:53:46+08:00][sql] SELECT * FROM `carver_link` WHERE  ( is_confirm=2 ) LIMIT 20 [ RunTime:0.000292s ]
[2021-06-29T05:53:46+08:00][sql] SELECT `article_label` FROM `carver_article` [ RunTime:0.000312s ]
[2021-06-29T05:53:46+08:00][sql] SHOW FULL COLUMNS FROM `carver_carouse` [ RunTime:0.000526s ]
[2021-06-29T05:53:46+08:00][sql] SELECT `carouse_img`,`carouse_desc` FROM `carver_carouse` WHERE  `is_show` = 1 ORDER BY `carouse_sort` DESC LIMIT 3 [ RunTime:0.000300s ]
[2021-06-29T05:53:46+08:00][sql] SHOW FULL COLUMNS FROM `carver_site` [ RunTime:0.000542s ]
[2021-06-29T05:53:46+08:00][sql] SELECT * FROM `carver_site` [ RunTime:0.000256s ]
[2021-06-29T07:28:45+08:00][sql] CONNECT:[ UseTime:0.000589s ] mysql:host=127.0.0.1;port=3306;dbname=carver;charset=utf8
[2021-06-29T07:28:45+08:00][sql] SHOW FULL COLUMNS FROM `carver_article` [ RunTime:0.000929s ]
[2021-06-29T07:28:45+08:00][sql] SELECT COUNT(*) AS think_count FROM `carver_article` WHERE  `article_guide` = 37  AND `delete_time` = 0  AND `is_show` = 1 [ RunTime:0.000441s ]
[2021-06-29T07:28:45+08:00][sql] SELECT * FROM `carver_article` WHERE  `article_guide` = 37  AND `delete_time` = 0  AND `is_show` = 1 ORDER BY `add_time` DESC LIMIT 0,6 [ RunTime:0.000413s ]
[2021-06-29T07:28:45+08:00][sql] SELECT article_id,article_title,click_num,FROM_UNIXTIME(add_time,'%Y-%m-%d') as add_time FROM `carver_article` WHERE  `is_show` = 1  AND `delete_time` = 0 ORDER BY `click_num` DESC LIMIT 3 [ RunTime:0.000522s ]
[2021-06-29T07:28:45+08:00][sql] SHOW FULL COLUMNS FROM `carver_notice` [ RunTime:0.000656s ]
[2021-06-29T07:28:45+08:00][sql] SELECT * FROM `carver_notice` ORDER BY `create_time` DESC LIMIT 3 [ RunTime:0.000336s ]
[2021-06-29T07:28:45+08:00][sql] SHOW FULL COLUMNS FROM `carver_navigation` [ RunTime:0.000631s ]
[2021-06-29T07:28:45+08:00][sql] SELECT * FROM `carver_navigation` [ RunTime:0.000310s ]
[2021-06-29T07:28:45+08:00][sql] SELECT `article_label` FROM `carver_article` [ RunTime:0.000280s ]
[2021-06-29T07:28:45+08:00][sql] SHOW FULL COLUMNS FROM `carver_carouse` [ RunTime:0.000619s ]
[2021-06-29T07:28:45+08:00][sql] SELECT `carouse_img`,`carouse_desc` FROM `carver_carouse` WHERE  `is_show` = 1 ORDER BY `carouse_sort` DESC LIMIT 3 [ RunTime:0.000349s ]
[2021-06-29T07:28:45+08:00][sql] SHOW FULL COLUMNS FROM `carver_link` [ RunTime:0.000730s ]
[2021-06-29T07:28:45+08:00][sql] SELECT * FROM `carver_link` WHERE  ( is_confirm=2 ) LIMIT 20 [ RunTime:0.000365s ]
[2021-06-29T07:28:45+08:00][sql] SHOW FULL COLUMNS FROM `carver_site` [ RunTime:0.000581s ]
[2021-06-29T07:28:45+08:00][sql] SELECT * FROM `carver_site` [ RunTime:0.000329s ]
[2021-06-29T07:32:29+08:00][sql] CONNECT:[ UseTime:0.000583s ] mysql:host=127.0.0.1;port=3306;dbname=carver;charset=utf8
[2021-06-29T07:32:29+08:00][sql] SHOW FULL COLUMNS FROM `carver_user` [ RunTime:0.000886s ]
[2021-06-29T07:32:29+08:00][sql] SHOW FULL COLUMNS FROM `carver_article` [ RunTime:0.000715s ]
[2021-06-29T07:32:29+08:00][sql] SELECT COUNT(*) AS think_count FROM `carver_article` WHERE  `delete_time` = 0  AND `is_show` = 1 [ RunTime:0.000403s ]
[2021-06-29T07:32:29+08:00][sql] SELECT `article_id`,`article_title`,`article_desc`,`article_content`,`article_img`,`article_guide`,`article_label`,`click_num`,`is_show`,`add_time`,`article_author`,`is_top_show` FROM `carver_article` WHERE  `delete_time` = 0  AND `is_show` = 1 ORDER BY `article_id` DESC LIMIT 18,6 [ RunTime:0.001657s ]
[2021-06-29T07:32:29+08:00][sql] SELECT article_id,article_title,click_num,FROM_UNIXTIME(add_time,'%Y-%m-%d') as add_time FROM `carver_article` WHERE  `is_show` = 1  AND `delete_time` = 0 ORDER BY `click_num` DESC LIMIT 3 [ RunTime:0.000497s ]
[2021-06-29T07:32:29+08:00][sql] SHOW FULL COLUMNS FROM `carver_notice` [ RunTime:0.000576s ]
[2021-06-29T07:32:29+08:00][sql] SELECT * FROM `carver_notice` ORDER BY `create_time` DESC LIMIT 3 [ RunTime:0.000283s ]
[2021-06-29T07:32:29+08:00][sql] SHOW FULL COLUMNS FROM `carver_navigation` [ RunTime:0.000578s ]
[2021-06-29T07:32:29+08:00][sql] SELECT * FROM `carver_navigation` [ RunTime:0.000250s ]
[2021-06-29T07:32:29+08:00][sql] SHOW FULL COLUMNS FROM `carver_link` [ RunTime:0.000498s ]
[2021-06-29T07:32:29+08:00][sql] SELECT * FROM `carver_link` WHERE  ( is_confirm=2 ) LIMIT 20 [ RunTime:0.000307s ]
[2021-06-29T07:32:29+08:00][sql] SELECT `article_label` FROM `carver_article` [ RunTime:0.000304s ]
[2021-06-29T07:32:29+08:00][sql] SHOW FULL COLUMNS FROM `carver_carouse` [ RunTime:0.000466s ]
[2021-06-29T07:32:29+08:00][sql] SELECT `carouse_img`,`carouse_desc` FROM `carver_carouse` WHERE  `is_show` = 1 ORDER BY `carouse_sort` DESC LIMIT 3 [ RunTime:0.000311s ]
[2021-06-29T07:32:29+08:00][sql] SHOW FULL COLUMNS FROM `carver_site` [ RunTime:0.000486s ]
[2021-06-29T07:32:29+08:00][sql] SELECT * FROM `carver_site` [ RunTime:0.000254s ]
[2021-06-29T08:54:01+08:00][sql] CONNECT:[ UseTime:0.000536s ] mysql:host=127.0.0.1;port=3306;dbname=carver;charset=utf8
[2021-06-29T08:54:01+08:00][sql] SHOW FULL COLUMNS FROM `carver_article` [ RunTime:0.000857s ]
[2021-06-29T08:54:01+08:00][sql] SELECT `article_id`,`article_title`,`article_desc`,`article_content`,`article_img`,`article_guide`,`article_label`,`click_num`,`is_show`,`add_time`,`article_author` FROM `carver_article` WHERE  `article_id` = 17'A=0 LIMIT 1 [ RunTime:0.000588s ]
[2021-06-29T08:54:01+08:00][sql] SELECT `article_id`,`article_title`,`article_desc`,`article_content`,`article_img`,`article_guide`,`article_label`,`click_num`,`is_show`,`add_time`,`article_author` FROM `carver_article` WHERE  `article_id` > 17'A=0 LIMIT 1 [ RunTime:0.000467s ]
[2021-06-29T08:54:01+08:00][sql] SELECT `article_id`,`article_title`,`article_desc`,`article_content`,`article_img`,`article_guide`,`article_label`,`click_num`,`is_show`,`add_time`,`article_author` FROM `carver_article` WHERE  `article_id` < 17'A=0 ORDER BY `article_id` DESC LIMIT 1 [ RunTime:0.000351s ]
[2021-06-29T08:54:01+08:00][sql] SHOW FULL COLUMNS FROM `carver_link` [ RunTime:0.000579s ]
[2021-06-29T08:54:01+08:00][sql] SELECT * FROM `carver_link` WHERE  ( is_confirm=2 ) LIMIT 20 [ RunTime:0.000322s ]
[2021-06-29T08:54:01+08:00][sql] SELECT article_id,article_title,click_num,FROM_UNIXTIME(add_time,'%Y-%m-%d') as add_time FROM `carver_article` ORDER BY `click_num` DESC LIMIT 3 [ RunTime:0.000345s ]
[2021-06-29T08:54:01+08:00][sql] SHOW FULL COLUMNS FROM `carver_comment` [ RunTime:0.000544s ]
[2021-06-29T08:54:01+08:00][sql] SELECT `a`.*,`b`.`user_name` FROM `carver_comment` `a` INNER JOIN `carver_user` `b` ON `a`.`user_id`=`b`.`user_id` WHERE  `article_id` = 17'A=0 ORDER BY `create_time` DESC [ RunTime:0.000379s ]
[2021-06-29T08:54:01+08:00][sql] SHOW FULL COLUMNS FROM `carver_comment_to_others` [ RunTime:0.000539s ]
[2021-06-29T08:54:01+08:00][sql] SELECT * FROM `carver_comment_to_others` [ RunTime:0.000238s ]
[2021-06-29T08:54:01+08:00][sql] SHOW FULL COLUMNS FROM `carver_user` [ RunTime:0.000468s ]
[2021-06-29T08:54:01+08:00][sql] SELECT `user_name` FROM `carver_user` WHERE  `user_id` = 4 LIMIT 1 [ RunTime:0.000273s ]
[2021-06-29T08:54:01+08:00][sql] SELECT `user_name` FROM `carver_user` WHERE  `user_id` = 4 LIMIT 1 [ RunTime:0.000209s ]
[2021-06-29T08:54:01+08:00][sql] SELECT `user_name` FROM `carver_user` WHERE  `user_id` = 5 LIMIT 1 [ RunTime:0.000207s ]
[2021-06-29T08:54:01+08:00][sql] SELECT `user_name` FROM `carver_user` WHERE  `user_id` = 5 LIMIT 1 [ RunTime:0.000231s ]
[2021-06-29T08:54:01+08:00][sql] SELECT `user_name` FROM `carver_user` WHERE  `user_id` = 37 LIMIT 1 [ RunTime:0.000213s ]
[2021-06-29T08:54:01+08:00][sql] SELECT `user_name`,`user_id` FROM `carver_user` [ RunTime:0.000241s ]
[2021-06-29T08:54:01+08:00][sql] SHOW FULL COLUMNS FROM `carver_navigation` [ RunTime:0.000480s ]
[2021-06-29T08:54:01+08:00][sql] SELECT * FROM `carver_navigation` [ RunTime:0.000239s ]
[2021-06-29T08:54:01+08:00][sql] SELECT `article_label` FROM `carver_article` [ RunTime:0.000255s ]
[2021-06-29T11:40:30+08:00][sql] CONNECT:[ UseTime:0.000648s ] mysql:host=127.0.0.1;port=3306;dbname=carver;charset=utf8
[2021-06-29T11:40:30+08:00][sql] SHOW FULL COLUMNS FROM `carver_article` [ RunTime:0.000866s ]
[2021-06-29T11:40:30+08:00][sql] SELECT `article_id`,`article_title`,`article_desc`,`article_content`,`article_img`,`article_guide`,`article_label`,`click_num`,`is_show`,`add_time`,`article_author` FROM `carver_article` WHERE  `article_id` = 23'A=0 LIMIT 1 [ RunTime:0.000456s ]
[2021-06-29T11:40:30+08:00][sql] SELECT `article_id`,`article_title`,`article_desc`,`article_content`,`article_img`,`article_guide`,`article_label`,`click_num`,`is_show`,`add_time`,`article_author` FROM `carver_article` WHERE  `article_id` > 23'A=0 LIMIT 1 [ RunTime:0.000493s ]
[2021-06-29T11:40:30+08:00][sql] SELECT `article_id`,`article_title`,`article_desc`,`article_content`,`article_img`,`article_guide`,`article_label`,`click_num`,`is_show`,`add_time`,`article_author` FROM `carver_article` WHERE  `article_id` < 23'A=0 ORDER BY `article_id` DESC LIMIT 1 [ RunTime:0.000433s ]
[2021-06-29T11:40:30+08:00][sql] SHOW FULL COLUMNS FROM `carver_link` [ RunTime:0.000662s ]
[2021-06-29T11:40:30+08:00][sql] SELECT * FROM `carver_link` WHERE  ( is_confirm=2 ) LIMIT 20 [ RunTime:0.000419s ]
[2021-06-29T11:40:30+08:00][sql] SELECT article_id,article_title,click_num,FROM_UNIXTIME(add_time,'%Y-%m-%d') as add_time FROM `carver_article` ORDER BY `click_num` DESC LIMIT 3 [ RunTime:0.000386s ]
[2021-06-29T11:40:30+08:00][sql] SHOW FULL COLUMNS FROM `carver_comment` [ RunTime:0.000582s ]
[2021-06-29T11:40:30+08:00][sql] SELECT `a`.*,`b`.`user_name` FROM `carver_comment` `a` INNER JOIN `carver_user` `b` ON `a`.`user_id`=`b`.`user_id` WHERE  `article_id` = 23'A=0 ORDER BY `create_time` DESC [ RunTime:0.000351s ]
[2021-06-29T11:40:30+08:00][sql] SHOW FULL COLUMNS FROM `carver_comment_to_others` [ RunTime:0.000575s ]
[2021-06-29T11:40:30+08:00][sql] SELECT * FROM `carver_comment_to_others` [ RunTime:0.000240s ]
[2021-06-29T11:40:30+08:00][sql] SHOW FULL COLUMNS FROM `carver_user` [ RunTime:0.000496s ]
[2021-06-29T11:40:30+08:00][sql] SELECT `user_name` FROM `carver_user` WHERE  `user_id` = 4 LIMIT 1 [ RunTime:0.000247s ]
[2021-06-29T11:40:30+08:00][sql] SELECT `user_name` FROM `carver_user` WHERE  `user_id` = 4 LIMIT 1 [ RunTime:0.000209s ]
[2021-06-29T11:40:30+08:00][sql] SELECT `user_name` FROM `carver_user` WHERE  `user_id` = 5 LIMIT 1 [ RunTime:0.000218s ]
[2021-06-29T11:40:30+08:00][sql] SELECT `user_name` FROM `carver_user` WHERE  `user_id` = 5 LIMIT 1 [ RunTime:0.000220s ]
[2021-06-29T11:40:30+08:00][sql] SELECT `user_name` FROM `carver_user` WHERE  `user_id` = 37 LIMIT 1 [ RunTime:0.000212s ]
[2021-06-29T11:40:30+08:00][sql] SELECT `user_name`,`user_id` FROM `carver_user` [ RunTime:0.000256s ]
[2021-06-29T11:40:30+08:00][sql] SHOW FULL COLUMNS FROM `carver_navigation` [ RunTime:0.000574s ]
[2021-06-29T11:40:30+08:00][sql] SELECT * FROM `carver_navigation` [ RunTime:0.000236s ]
[2021-06-29T11:40:30+08:00][sql] SELECT `article_label` FROM `carver_article` [ RunTime:0.000277s ]
[2021-06-29T11:55:42+08:00][sql] CONNECT:[ UseTime:0.000588s ] mysql:host=127.0.0.1;port=3306;dbname=carver;charset=utf8
[2021-06-29T11:55:42+08:00][sql] SHOW FULL COLUMNS FROM `carver_article` [ RunTime:0.000806s ]
[2021-06-29T11:55:42+08:00][sql] SELECT COUNT(*) AS think_count FROM `carver_article` WHERE  `article_guide` = 6  AND `delete_time` = 0  AND `is_show` = 1 [ RunTime:0.000386s ]
[2021-06-29T11:55:42+08:00][sql] SELECT * FROM `carver_article` WHERE  `article_guide` = 6  AND `delete_time` = 0  AND `is_show` = 1 ORDER BY `add_time` DESC LIMIT 0,6 [ RunTime:0.000856s ]
[2021-06-29T11:55:42+08:00][sql] SELECT article_id,article_title,click_num,FROM_UNIXTIME(add_time,'%Y-%m-%d') as add_time FROM `carver_article` WHERE  `is_show` = 1  AND `delete_time` = 0 ORDER BY `click_num` DESC LIMIT 3 [ RunTime:0.000420s ]
[2021-06-29T11:55:42+08:00][sql] SHOW FULL COLUMNS FROM `carver_notice` [ RunTime:0.000567s ]
[2021-06-29T11:55:42+08:00][sql] SELECT * FROM `carver_notice` ORDER BY `create_time` DESC LIMIT 3 [ RunTime:0.000275s ]
[2021-06-29T11:55:42+08:00][sql] SHOW FULL COLUMNS FROM `carver_navigation` [ RunTime:0.000517s ]
[2021-06-29T11:55:42+08:00][sql] SELECT * FROM `carver_navigation` [ RunTime:0.000230s ]
[2021-06-29T11:55:42+08:00][sql] SELECT `article_label` FROM `carver_article` [ RunTime:0.000247s ]
[2021-06-29T11:55:42+08:00][sql] SHOW FULL COLUMNS FROM `carver_carouse` [ RunTime:0.000561s ]
[2021-06-29T11:55:42+08:00][sql] SELECT `carouse_img`,`carouse_desc` FROM `carver_carouse` WHERE  `is_show` = 1 ORDER BY `carouse_sort` DESC LIMIT 3 [ RunTime:0.000346s ]
[2021-06-29T11:55:42+08:00][sql] SHOW FULL COLUMNS FROM `carver_link` [ RunTime:0.000464s ]
[2021-06-29T11:55:42+08:00][sql] SELECT * FROM `carver_link` WHERE  ( is_confirm=2 ) LIMIT 20 [ RunTime:0.000285s ]
[2021-06-29T11:55:42+08:00][sql] SHOW FULL COLUMNS FROM `carver_site` [ RunTime:0.000488s ]
[2021-06-29T11:55:42+08:00][sql] SELECT * FROM `carver_site` [ RunTime:0.000235s ]
[2021-06-29T12:47:46+08:00][sql] CONNECT:[ UseTime:0.000483s ] mysql:host=127.0.0.1;port=3306;dbname=carver;charset=utf8
[2021-06-29T12:47:46+08:00][sql] SHOW FULL COLUMNS FROM `carver_article` [ RunTime:0.000821s ]
[2021-06-29T12:47:46+08:00][sql] SELECT `article_id`,`article_title`,`article_desc`,`article_content`,`article_img`,`article_guide`,`article_label`,`click_num`,`is_show`,`add_time`,`article_author` FROM `carver_article` WHERE  `article_id` = 28 LIMIT 1 [ RunTime:0.000491s ]
[2021-06-29T12:47:46+08:00][sql] SELECT `article_id`,`article_title`,`article_desc`,`article_content`,`article_img`,`article_guide`,`article_label`,`click_num`,`is_show`,`add_time`,`article_author` FROM `carver_article` WHERE  `article_id` > 28 LIMIT 1 [ RunTime:0.000340s ]
[2021-06-29T12:47:46+08:00][sql] SELECT `article_id`,`article_title`,`article_desc`,`article_content`,`article_img`,`article_guide`,`article_label`,`click_num`,`is_show`,`add_time`,`article_author` FROM `carver_article` WHERE  `article_id` < 28 ORDER BY `article_id` DESC LIMIT 1 [ RunTime:0.000374s ]
[2021-06-29T12:47:46+08:00][sql] SHOW FULL COLUMNS FROM `carver_link` [ RunTime:0.000551s ]
[2021-06-29T12:47:46+08:00][sql] SELECT * FROM `carver_link` WHERE  ( is_confirm=2 ) LIMIT 20 [ RunTime:0.000316s ]
[2021-06-29T12:47:46+08:00][sql] SELECT article_id,article_title,click_num,FROM_UNIXTIME(add_time,'%Y-%m-%d') as add_time FROM `carver_article` ORDER BY `click_num` DESC LIMIT 3 [ RunTime:0.000335s ]
[2021-06-29T12:47:46+08:00][sql] SHOW FULL COLUMNS FROM `carver_comment` [ RunTime:0.000595s ]
[2021-06-29T12:47:46+08:00][sql] SELECT `a`.*,`b`.`user_name` FROM `carver_comment` `a` INNER JOIN `carver_user` `b` ON `a`.`user_id`=`b`.`user_id` WHERE  `article_id` = 28 ORDER BY `create_time` DESC [ RunTime:0.000371s ]
[2021-06-29T12:47:46+08:00][sql] SHOW FULL COLUMNS FROM `carver_comment_to_others` [ RunTime:0.000567s ]
[2021-06-29T12:47:46+08:00][sql] SELECT * FROM `carver_comment_to_others` [ RunTime:0.000228s ]
[2021-06-29T12:47:46+08:00][sql] SHOW FULL COLUMNS FROM `carver_user` [ RunTime:0.000444s ]
[2021-06-29T12:47:46+08:00][sql] SELECT `user_name` FROM `carver_user` WHERE  `user_id` = 4 LIMIT 1 [ RunTime:0.000218s ]
[2021-06-29T12:47:46+08:00][sql] SELECT `user_name` FROM `carver_user` WHERE  `user_id` = 4 LIMIT 1 [ RunTime:0.000216s ]
[2021-06-29T12:47:46+08:00][sql] SELECT `user_name` FROM `carver_user` WHERE  `user_id` = 5 LIMIT 1 [ RunTime:0.000231s ]
[2021-06-29T12:47:46+08:00][sql] SELECT `user_name` FROM `carver_user` WHERE  `user_id` = 5 LIMIT 1 [ RunTime:0.000202s ]
[2021-06-29T12:47:46+08:00][sql] SELECT `user_name` FROM `carver_user` WHERE  `user_id` = 37 LIMIT 1 [ RunTime:0.000207s ]
[2021-06-29T12:47:46+08:00][sql] SELECT `user_name`,`user_id` FROM `carver_user` [ RunTime:0.000218s ]
[2021-06-29T12:47:46+08:00][sql] SHOW FULL COLUMNS FROM `carver_navigation` [ RunTime:0.000542s ]
[2021-06-29T12:47:46+08:00][sql] SELECT * FROM `carver_navigation` [ RunTime:0.000263s ]
[2021-06-29T12:47:46+08:00][sql] SELECT `article_label` FROM `carver_article` [ RunTime:0.000335s ]
[2021-06-29T13:37:51+08:00][sql] CONNECT:[ UseTime:0.000510s ] mysql:host=127.0.0.1;port=3306;dbname=carver;charset=utf8
[2021-06-29T13:37:51+08:00][sql] SHOW FULL COLUMNS FROM `carver_article` [ RunTime:0.000843s ]
[2021-06-29T13:37:51+08:00][sql] SELECT `article_id`,`article_title`,`article_desc`,`article_content`,`article_img`,`article_guide`,`article_label`,`click_num`,`is_show`,`add_time`,`article_author` FROM `carver_article` WHERE  `article_id` = 28 LIMIT 1 [ RunTime:0.000414s ]
[2021-06-29T13:37:51+08:00][sql] SELECT `article_id`,`article_title`,`article_desc`,`article_content`,`article_img`,`article_guide`,`article_label`,`click_num`,`is_show`,`add_time`,`article_author` FROM `carver_article` WHERE  `article_id` > 28 LIMIT 1 [ RunTime:0.000339s ]
[2021-06-29T13:37:51+08:00][sql] SELECT `article_id`,`article_title`,`article_desc`,`article_content`,`article_img`,`article_guide`,`article_label`,`click_num`,`is_show`,`add_time`,`article_author` FROM `carver_article` WHERE  `article_id` < 28 ORDER BY `article_id` DESC LIMIT 1 [ RunTime:0.000408s ]
[2021-06-29T13:37:51+08:00][sql] SHOW FULL COLUMNS FROM `carver_link` [ RunTime:0.000648s ]
[2021-06-29T13:37:51+08:00][sql] SELECT * FROM `carver_link` WHERE  ( is_confirm=2 ) LIMIT 20 [ RunTime:0.000304s ]
[2021-06-29T13:37:51+08:00][sql] SELECT article_id,article_title,click_num,FROM_UNIXTIME(add_time,'%Y-%m-%d') as add_time FROM `carver_article` ORDER BY `click_num` DESC LIMIT 3 [ RunTime:0.000331s ]
[2021-06-29T13:37:51+08:00][sql] SHOW FULL COLUMNS FROM `carver_comment` [ RunTime:0.000552s ]
[2021-06-29T13:37:51+08:00][sql] SELECT `a`.*,`b`.`user_name` FROM `carver_comment` `a` INNER JOIN `carver_user` `b` ON `a`.`user_id`=`b`.`user_id` WHERE  `article_id` = 28 ORDER BY `create_time` DESC [ RunTime:0.000393s ]
[2021-06-29T13:37:51+08:00][sql] SHOW FULL COLUMNS FROM `carver_comment_to_others` [ RunTime:0.000551s ]
[2021-06-29T13:37:51+08:00][sql] SELECT * FROM `carver_comment_to_others` [ RunTime:0.000242s ]
[2021-06-29T13:37:51+08:00][sql] SHOW FULL COLUMNS FROM `carver_user` [ RunTime:0.000494s ]
[2021-06-29T13:37:51+08:00][sql] SELECT `user_name` FROM `carver_user` WHERE  `user_id` = 4 LIMIT 1 [ RunTime:0.000253s ]
[2021-06-29T13:37:51+08:00][sql] SELECT `user_name` FROM `carver_user` WHERE  `user_id` = 4 LIMIT 1 [ RunTime:0.000229s ]
[2021-06-29T13:37:51+08:00][sql] SELECT `user_name` FROM `carver_user` WHERE  `user_id` = 5 LIMIT 1 [ RunTime:0.000206s ]
[2021-06-29T13:37:51+08:00][sql] SELECT `user_name` FROM `carver_user` WHERE  `user_id` = 5 LIMIT 1 [ RunTime:0.000234s ]
[2021-06-29T13:37:51+08:00][sql] SELECT `user_name` FROM `carver_user` WHERE  `user_id` = 37 LIMIT 1 [ RunTime:0.000228s ]
[2021-06-29T13:37:51+08:00][sql] SELECT `user_name`,`user_id` FROM `carver_user` [ RunTime:0.000244s ]
[2021-06-29T13:37:51+08:00][sql] SHOW FULL COLUMNS FROM `carver_navigation` [ RunTime:0.000493s ]
[2021-06-29T13:37:51+08:00][sql] SELECT * FROM `carver_navigation` [ RunTime:0.000297s ]
[2021-06-29T13:37:51+08:00][sql] SELECT `article_label` FROM `carver_article` [ RunTime:0.000363s ]
[2021-06-29T14:33:50+08:00][sql] CONNECT:[ UseTime:0.000571s ] mysql:host=127.0.0.1;port=3306;dbname=carver;charset=utf8
[2021-06-29T14:33:50+08:00][sql] SHOW FULL COLUMNS FROM `carver_article` [ RunTime:0.000939s ]
[2021-06-29T14:33:50+08:00][sql] SELECT `article_id`,`article_title`,`article_desc`,`article_content`,`article_img`,`article_guide`,`article_label`,`click_num`,`is_show`,`add_time`,`article_author` FROM `carver_article` WHERE  `article_id` = 17' LIMIT 1 [ RunTime:0.000608s ]
[2021-06-29T14:33:50+08:00][sql] SELECT `article_id`,`article_title`,`article_desc`,`article_content`,`article_img`,`article_guide`,`article_label`,`click_num`,`is_show`,`add_time`,`article_author` FROM `carver_article` WHERE  `article_id` > 17' LIMIT 1 [ RunTime:0.000424s ]
[2021-06-29T14:33:50+08:00][sql] SELECT `article_id`,`article_title`,`article_desc`,`article_content`,`article_img`,`article_guide`,`article_label`,`click_num`,`is_show`,`add_time`,`article_author` FROM `carver_article` WHERE  `article_id` < 17' ORDER BY `article_id` DESC LIMIT 1 [ RunTime:0.000432s ]
[2021-06-29T14:33:50+08:00][sql] SHOW FULL COLUMNS FROM `carver_link` [ RunTime:0.000623s ]
[2021-06-29T14:33:50+08:00][sql] SELECT * FROM `carver_link` WHERE  ( is_confirm=2 ) LIMIT 20 [ RunTime:0.000301s ]
[2021-06-29T14:33:50+08:00][sql] SELECT article_id,article_title,click_num,FROM_UNIXTIME(add_time,'%Y-%m-%d') as add_time FROM `carver_article` ORDER BY `click_num` DESC LIMIT 3 [ RunTime:0.000350s ]
[2021-06-29T14:33:50+08:00][sql] SHOW FULL COLUMNS FROM `carver_comment` [ RunTime:0.000560s ]
[2021-06-29T14:33:50+08:00][sql] SELECT `a`.*,`b`.`user_name` FROM `carver_comment` `a` INNER JOIN `carver_user` `b` ON `a`.`user_id`=`b`.`user_id` WHERE  `article_id` = 17' ORDER BY `create_time` DESC [ RunTime:0.000369s ]
[2021-06-29T14:33:50+08:00][sql] SHOW FULL COLUMNS FROM `carver_comment_to_others` [ RunTime:0.000654s ]
[2021-06-29T14:33:50+08:00][sql] SELECT * FROM `carver_comment_to_others` [ RunTime:0.000237s ]
[2021-06-29T14:33:50+08:00][sql] SHOW FULL COLUMNS FROM `carver_user` [ RunTime:0.000485s ]
[2021-06-29T14:33:50+08:00][sql] SELECT `user_name` FROM `carver_user` WHERE  `user_id` = 4 LIMIT 1 [ RunTime:0.000244s ]
[2021-06-29T14:33:50+08:00][sql] SELECT `user_name` FROM `carver_user` WHERE  `user_id` = 4 LIMIT 1 [ RunTime:0.000236s ]
[2021-06-29T14:33:50+08:00][sql] SELECT `user_name` FROM `carver_user` WHERE  `user_id` = 5 LIMIT 1 [ RunTime:0.000264s ]
[2021-06-29T14:33:50+08:00][sql] SELECT `user_name` FROM `carver_user` WHERE  `user_id` = 5 LIMIT 1 [ RunTime:0.000208s ]
[2021-06-29T14:33:50+08:00][sql] SELECT `user_name` FROM `carver_user` WHERE  `user_id` = 37 LIMIT 1 [ RunTime:0.000236s ]
[2021-06-29T14:33:50+08:00][sql] SELECT `user_name`,`user_id` FROM `carver_user` [ RunTime:0.000248s ]
[2021-06-29T14:33:50+08:00][sql] SHOW FULL COLUMNS FROM `carver_navigation` [ RunTime:0.000622s ]
[2021-06-29T14:33:50+08:00][sql] SELECT * FROM `carver_navigation` [ RunTime:0.000259s ]
[2021-06-29T14:33:50+08:00][sql] SELECT `article_label` FROM `carver_article` [ RunTime:0.000296s ]
[2021-06-29T15:23:01+08:00][sql] CONNECT:[ UseTime:0.000856s ] mysql:host=127.0.0.1;port=3306;dbname=carver;charset=utf8
[2021-06-29T15:23:01+08:00][sql] SHOW FULL COLUMNS FROM `carver_article` [ RunTime:0.001136s ]
[2021-06-29T15:23:01+08:00][sql] SELECT `article_id`,`article_title`,`article_desc`,`article_content`,`article_img`,`article_guide`,`article_label`,`click_num`,`is_show`,`add_time`,`article_author` FROM `carver_article` WHERE  `article_id` = 17'A=0 LIMIT 1 [ RunTime:0.000785s ]
[2021-06-29T15:23:01+08:00][sql] SELECT `article_id`,`article_title`,`article_desc`,`article_content`,`article_img`,`article_guide`,`article_label`,`click_num`,`is_show`,`add_time`,`article_author` FROM `carver_article` WHERE  `article_id` > 17'A=0 LIMIT 1 [ RunTime:0.000683s ]
[2021-06-29T15:23:01+08:00][sql] SELECT `article_id`,`article_title`,`article_desc`,`article_content`,`article_img`,`article_guide`,`article_label`,`click_num`,`is_show`,`add_time`,`article_author` FROM `carver_article` WHERE  `article_id` < 17'A=0 ORDER BY `article_id` DESC LIMIT 1 [ RunTime:0.000505s ]
[2021-06-29T15:23:01+08:00][sql] SHOW FULL COLUMNS FROM `carver_link` [ RunTime:0.000728s ]
[2021-06-29T15:23:01+08:00][sql] SELECT * FROM `carver_link` WHERE  ( is_confirm=2 ) LIMIT 20 [ RunTime:0.000359s ]
[2021-06-29T15:23:01+08:00][sql] SELECT article_id,article_title,click_num,FROM_UNIXTIME(add_time,'%Y-%m-%d') as add_time FROM `carver_article` ORDER BY `click_num` DESC LIMIT 3 [ RunTime:0.000511s ]
[2021-06-29T15:23:01+08:00][sql] SHOW FULL COLUMNS FROM `carver_comment` [ RunTime:0.000857s ]
[2021-06-29T15:23:01+08:00][sql] SELECT `a`.*,`b`.`user_name` FROM `carver_comment` `a` INNER JOIN `carver_user` `b` ON `a`.`user_id`=`b`.`user_id` WHERE  `article_id` = 17'A=0 ORDER BY `create_time` DESC [ RunTime:0.000485s ]
[2021-06-29T15:23:01+08:00][sql] SHOW FULL COLUMNS FROM `carver_comment_to_others` [ RunTime:0.000729s ]
[2021-06-29T15:23:01+08:00][sql] SELECT * FROM `carver_comment_to_others` [ RunTime:0.000339s ]
[2021-06-29T15:23:01+08:00][sql] SHOW FULL COLUMNS FROM `carver_user` [ RunTime:0.000705s ]
[2021-06-29T15:23:01+08:00][sql] SELECT `user_name` FROM `carver_user` WHERE  `user_id` = 4 LIMIT 1 [ RunTime:0.000349s ]
[2021-06-29T15:23:01+08:00][sql] SELECT `user_name` FROM `carver_user` WHERE  `user_id` = 4 LIMIT 1 [ RunTime:0.000309s ]
[2021-06-29T15:23:01+08:00][sql] SELECT `user_name` FROM `carver_user` WHERE  `user_id` = 5 LIMIT 1 [ RunTime:0.000346s ]
[2021-06-29T15:23:01+08:00][sql] SELECT `user_name` FROM `carver_user` WHERE  `user_id` = 5 LIMIT 1 [ RunTime:0.000321s ]
[2021-06-29T15:23:01+08:00][sql] SELECT `user_name` FROM `carver_user` WHERE  `user_id` = 37 LIMIT 1 [ RunTime:0.000300s ]
[2021-06-29T15:23:01+08:00][sql] SELECT `user_name`,`user_id` FROM `carver_user` [ RunTime:0.000301s ]
[2021-06-29T15:23:01+08:00][sql] SHOW FULL COLUMNS FROM `carver_navigation` [ RunTime:0.000764s ]
[2021-06-29T15:23:01+08:00][sql] SELECT * FROM `carver_navigation` [ RunTime:0.000299s ]
[2021-06-29T15:23:01+08:00][sql] SELECT `article_label` FROM `carver_article` [ RunTime:0.000328s ]
[2021-06-29T15:37:42+08:00][sql] CONNECT:[ UseTime:0.000519s ] mysql:host=127.0.0.1;port=3306;dbname=carver;charset=utf8
[2021-06-29T15:37:42+08:00][sql] SHOW FULL COLUMNS FROM `carver_article` [ RunTime:0.000988s ]
[2021-06-29T15:37:42+08:00][sql] SELECT `article_id`,`article_title`,`article_desc`,`article_content`,`article_img`,`article_guide`,`article_label`,`click_num`,`is_show`,`add_time`,`article_author` FROM `carver_article` WHERE  `article_id` = 17'A=0 LIMIT 1 [ RunTime:0.000685s ]
[2021-06-29T15:37:42+08:00][sql] SELECT `article_id`,`article_title`,`article_desc`,`article_content`,`article_img`,`article_guide`,`article_label`,`click_num`,`is_show`,`add_time`,`article_author` FROM `carver_article` WHERE  `article_id` > 17'A=0 LIMIT 1 [ RunTime:0.000473s ]
[2021-06-29T15:37:42+08:00][sql] SELECT `article_id`,`article_title`,`article_desc`,`article_content`,`article_img`,`article_guide`,`article_label`,`click_num`,`is_show`,`add_time`,`article_author` FROM `carver_article` WHERE  `article_id` < 17'A=0 ORDER BY `article_id` DESC LIMIT 1 [ RunTime:0.000380s ]
[2021-06-29T15:37:42+08:00][sql] SHOW FULL COLUMNS FROM `carver_link` [ RunTime:0.000575s ]
[2021-06-29T15:37:42+08:00][sql] SELECT * FROM `carver_link` WHERE  ( is_confirm=2 ) LIMIT 20 [ RunTime:0.000324s ]
[2021-06-29T15:37:42+08:00][sql] SELECT article_id,article_title,click_num,FROM_UNIXTIME(add_time,'%Y-%m-%d') as add_time FROM `carver_article` ORDER BY `click_num` DESC LIMIT 3 [ RunTime:0.000400s ]
[2021-06-29T15:37:42+08:00][sql] SHOW FULL COLUMNS FROM `carver_comment` [ RunTime:0.000604s ]
[2021-06-29T15:37:42+08:00][sql] SELECT `a`.*,`b`.`user_name` FROM `carver_comment` `a` INNER JOIN `carver_user` `b` ON `a`.`user_id`=`b`.`user_id` WHERE  `article_id` = 17'A=0 ORDER BY `create_time` DESC [ RunTime:0.000367s ]
[2021-06-29T15:37:42+08:00][sql] SHOW FULL COLUMNS FROM `carver_comment_to_others` [ RunTime:0.000521s ]
[2021-06-29T15:37:42+08:00][sql] SELECT * FROM `carver_comment_to_others` [ RunTime:0.000246s ]
[2021-06-29T15:37:42+08:00][sql] SHOW FULL COLUMNS FROM `carver_user` [ RunTime:0.000459s ]
[2021-06-29T15:37:42+08:00][sql] SELECT `user_name` FROM `carver_user` WHERE  `user_id` = 4 LIMIT 1 [ RunTime:0.000264s ]
[2021-06-29T15:37:42+08:00][sql] SELECT `user_name` FROM `carver_user` WHERE  `user_id` = 4 LIMIT 1 [ RunTime:0.000219s ]
[2021-06-29T15:37:42+08:00][sql] SELECT `user_name` FROM `carver_user` WHERE  `user_id` = 5 LIMIT 1 [ RunTime:0.000217s ]
[2021-06-29T15:37:42+08:00][sql] SELECT `user_name` FROM `carver_user` WHERE  `user_id` = 5 LIMIT 1 [ RunTime:0.000232s ]
[2021-06-29T15:37:42+08:00][sql] SELECT `user_name` FROM `carver_user` WHERE  `user_id` = 37 LIMIT 1 [ RunTime:0.000254s ]
[2021-06-29T15:37:42+08:00][sql] SELECT `user_name`,`user_id` FROM `carver_user` [ RunTime:0.000243s ]
[2021-06-29T15:37:42+08:00][sql] SHOW FULL COLUMNS FROM `carver_navigation` [ RunTime:0.000576s ]
[2021-06-29T15:37:42+08:00][sql] SELECT * FROM `carver_navigation` [ RunTime:0.000257s ]
[2021-06-29T15:37:42+08:00][sql] SELECT `article_label` FROM `carver_article` [ RunTime:0.000280s ]
[2021-06-29T16:29:23+08:00][sql] CONNECT:[ UseTime:0.000954s ] mysql:host=127.0.0.1;port=3306;dbname=carver;charset=utf8
[2021-06-29T16:29:23+08:00][sql] SHOW FULL COLUMNS FROM `carver_article` [ RunTime:0.000838s ]
[2021-06-29T16:29:23+08:00][sql] SELECT COUNT(*) AS think_count FROM `carver_article` WHERE  `article_guide` = 43  AND `delete_time` = 0  AND `is_show` = 1 [ RunTime:0.000421s ]
[2021-06-29T16:29:23+08:00][sql] SELECT * FROM `carver_article` WHERE  `article_guide` = 43  AND `delete_time` = 0  AND `is_show` = 1 ORDER BY `add_time` DESC LIMIT 0,6 [ RunTime:0.000452s ]
[2021-06-29T16:29:23+08:00][sql] SELECT article_id,article_title,click_num,FROM_UNIXTIME(add_time,'%Y-%m-%d') as add_time FROM `carver_article` WHERE  `is_show` = 1  AND `delete_time` = 0 ORDER BY `click_num` DESC LIMIT 3 [ RunTime:0.000550s ]
[2021-06-29T16:29:23+08:00][sql] SHOW FULL COLUMNS FROM `carver_notice` [ RunTime:0.000788s ]
[2021-06-29T16:29:23+08:00][sql] SELECT * FROM `carver_notice` ORDER BY `create_time` DESC LIMIT 3 [ RunTime:0.000308s ]
[2021-06-29T16:29:23+08:00][sql] SHOW FULL COLUMNS FROM `carver_navigation` [ RunTime:0.000568s ]
[2021-06-29T16:29:23+08:00][sql] SELECT * FROM `carver_navigation` [ RunTime:0.000305s ]
[2021-06-29T16:29:23+08:00][sql] SELECT `article_label` FROM `carver_article` [ RunTime:0.000302s ]
[2021-06-29T16:29:23+08:00][sql] SHOW FULL COLUMNS FROM `carver_carouse` [ RunTime:0.000713s ]
[2021-06-29T16:29:23+08:00][sql] SELECT `carouse_img`,`carouse_desc` FROM `carver_carouse` WHERE  `is_show` = 1 ORDER BY `carouse_sort` DESC LIMIT 3 [ RunTime:0.000343s ]
[2021-06-29T16:29:23+08:00][sql] SHOW FULL COLUMNS FROM `carver_link` [ RunTime:0.000560s ]
[2021-06-29T16:29:23+08:00][sql] SELECT * FROM `carver_link` WHERE  ( is_confirm=2 ) LIMIT 20 [ RunTime:0.000340s ]
[2021-06-29T16:29:23+08:00][sql] SHOW FULL COLUMNS FROM `carver_site` [ RunTime:0.000667s ]
[2021-06-29T16:29:23+08:00][sql] SELECT * FROM `carver_site` [ RunTime:0.000308s ]
[2021-06-29T17:40:26+08:00][sql] CONNECT:[ UseTime:0.000586s ] mysql:host=127.0.0.1;port=3306;dbname=carver;charset=utf8
[2021-06-29T17:40:26+08:00][sql] SHOW FULL COLUMNS FROM `carver_user` [ RunTime:0.000846s ]
[2021-06-29T17:40:26+08:00][sql] SHOW FULL COLUMNS FROM `carver_article` [ RunTime:0.000725s ]
[2021-06-29T17:40:26+08:00][sql] SELECT COUNT(*) AS think_count FROM `carver_article` WHERE  `delete_time` = 0  AND `is_show` = 1 [ RunTime:0.000377s ]
[2021-06-29T17:40:26+08:00][sql] SELECT `article_id`,`article_title`,`article_desc`,`article_content`,`article_img`,`article_guide`,`article_label`,`click_num`,`is_show`,`add_time`,`article_author`,`is_top_show` FROM `carver_article` WHERE  `delete_time` = 0  AND `is_show` = 1 ORDER BY `article_id` DESC LIMIT 12,6 [ RunTime:0.001260s ]
[2021-06-29T17:40:26+08:00][sql] SELECT article_id,article_title,click_num,FROM_UNIXTIME(add_time,'%Y-%m-%d') as add_time FROM `carver_article` WHERE  `is_show` = 1  AND `delete_time` = 0 ORDER BY `click_num` DESC LIMIT 3 [ RunTime:0.000473s ]
[2021-06-29T17:40:26+08:00][sql] SHOW FULL COLUMNS FROM `carver_notice` [ RunTime:0.000584s ]
[2021-06-29T17:40:26+08:00][sql] SELECT * FROM `carver_notice` ORDER BY `create_time` DESC LIMIT 3 [ RunTime:0.000288s ]
[2021-06-29T17:40:26+08:00][sql] SHOW FULL COLUMNS FROM `carver_navigation` [ RunTime:0.000546s ]
[2021-06-29T17:40:26+08:00][sql] SELECT * FROM `carver_navigation` [ RunTime:0.000287s ]
[2021-06-29T17:40:26+08:00][sql] SHOW FULL COLUMNS FROM `carver_link` [ RunTime:0.000494s ]
[2021-06-29T17:40:26+08:00][sql] SELECT * FROM `carver_link` WHERE  ( is_confirm=2 ) LIMIT 20 [ RunTime:0.000291s ]
[2021-06-29T17:40:26+08:00][sql] SELECT `article_label` FROM `carver_article` [ RunTime:0.000274s ]
[2021-06-29T17:40:26+08:00][sql] SHOW FULL COLUMNS FROM `carver_carouse` [ RunTime:0.000536s ]
[2021-06-29T17:40:26+08:00][sql] SELECT `carouse_img`,`carouse_desc` FROM `carver_carouse` WHERE  `is_show` = 1 ORDER BY `carouse_sort` DESC LIMIT 3 [ RunTime:0.000301s ]
[2021-06-29T17:40:26+08:00][sql] SHOW FULL COLUMNS FROM `carver_site` [ RunTime:0.000504s ]
[2021-06-29T17:40:26+08:00][sql] SELECT * FROM `carver_site` [ RunTime:0.000246s ]
[2021-06-29T18:11:15+08:00][sql] CONNECT:[ UseTime:0.000572s ] mysql:host=127.0.0.1;port=3306;dbname=carver;charset=utf8
[2021-06-29T18:11:15+08:00][sql] SHOW FULL COLUMNS FROM `carver_article` [ RunTime:0.000913s ]
[2021-06-29T18:11:15+08:00][sql] SELECT COUNT(*) AS think_count FROM `carver_article` WHERE  `article_label` LIKE '%php;excel/%'  AND `delete_time` = 0  AND `is_show` = 1 [ RunTime:0.000462s ]
[2021-06-29T18:11:15+08:00][sql] SELECT * FROM `carver_article` WHERE  `article_label` LIKE '%php;excel/%'  AND `delete_time` = 0  AND `is_show` = 1 LIMIT 0,6 [ RunTime:0.000982s ]
[2021-06-29T18:11:15+08:00][sql] SELECT article_id,article_title,click_num,FROM_UNIXTIME(add_time,'%Y-%m-%d') as add_time FROM `carver_article` WHERE  `is_show` = 1  AND `delete_time` = 0 ORDER BY `click_num` DESC LIMIT 3 [ RunTime:0.000788s ]
[2021-06-29T18:11:15+08:00][sql] SHOW FULL COLUMNS FROM `carver_notice` [ RunTime:0.000696s ]
[2021-06-29T18:11:15+08:00][sql] SELECT * FROM `carver_notice` ORDER BY `create_time` DESC LIMIT 3 [ RunTime:0.000361s ]
[2021-06-29T18:11:15+08:00][sql] SHOW FULL COLUMNS FROM `carver_navigation` [ RunTime:0.000601s ]
[2021-06-29T18:11:15+08:00][sql] SELECT * FROM `carver_navigation` [ RunTime:0.000334s ]
[2021-06-29T18:11:15+08:00][sql] SHOW FULL COLUMNS FROM `carver_link` [ RunTime:0.000672s ]
[2021-06-29T18:11:15+08:00][sql] SELECT * FROM `carver_link` WHERE  ( is_confirm=2 ) LIMIT 20 [ RunTime:0.000426s ]
[2021-06-29T18:11:15+08:00][sql] SELECT `article_label` FROM `carver_article` [ RunTime:0.000312s ]
[2021-06-29T18:11:15+08:00][sql] SHOW FULL COLUMNS FROM `carver_carouse` [ RunTime:0.000562s ]
[2021-06-29T18:11:15+08:00][sql] SELECT `carouse_img`,`carouse_desc` FROM `carver_carouse` WHERE  `is_show` = 1 ORDER BY `carouse_sort` DESC LIMIT 3 [ RunTime:0.000372s ]
[2021-06-29T18:11:15+08:00][sql] SHOW FULL COLUMNS FROM `carver_site` [ RunTime:0.000626s ]
[2021-06-29T18:11:15+08:00][sql] SELECT * FROM `carver_site` [ RunTime:0.000399s ]
[2021-06-29T18:11:55+08:00][sql] CONNECT:[ UseTime:0.000590s ] mysql:host=127.0.0.1;port=3306;dbname=carver;charset=utf8
[2021-06-29T18:11:55+08:00][sql] SHOW FULL COLUMNS FROM `carver_article` [ RunTime:0.000887s ]
[2021-06-29T18:11:55+08:00][sql] SELECT COUNT(*) AS think_count FROM `carver_article` WHERE  `article_label` LIKE '%php;javascript/%'  AND `delete_time` = 0  AND `is_show` = 1 [ RunTime:0.000415s ]
[2021-06-29T18:11:55+08:00][sql] SELECT * FROM `carver_article` WHERE  `article_label` LIKE '%php;javascript/%'  AND `delete_time` = 0  AND `is_show` = 1 LIMIT 0,6 [ RunTime:0.001176s ]
[2021-06-29T18:11:55+08:00][sql] SELECT article_id,article_title,click_num,FROM_UNIXTIME(add_time,'%Y-%m-%d') as add_time FROM `carver_article` WHERE  `is_show` = 1  AND `delete_time` = 0 ORDER BY `click_num` DESC LIMIT 3 [ RunTime:0.000788s ]
[2021-06-29T18:11:55+08:00][sql] SHOW FULL COLUMNS FROM `carver_notice` [ RunTime:0.001053s ]
[2021-06-29T18:11:55+08:00][sql] SELECT * FROM `carver_notice` ORDER BY `create_time` DESC LIMIT 3 [ RunTime:0.000387s ]
[2021-06-29T18:11:55+08:00][sql] SHOW FULL COLUMNS FROM `carver_navigation` [ RunTime:0.000652s ]
[2021-06-29T18:11:55+08:00][sql] SELECT * FROM `carver_navigation` [ RunTime:0.000317s ]
[2021-06-29T18:11:55+08:00][sql] SHOW FULL COLUMNS FROM `carver_link` [ RunTime:0.000557s ]
[2021-06-29T18:11:55+08:00][sql] SELECT * FROM `carver_link` WHERE  ( is_confirm=2 ) LIMIT 20 [ RunTime:0.000336s ]
[2021-06-29T18:11:55+08:00][sql] SELECT `article_label` FROM `carver_article` [ RunTime:0.000267s ]
[2021-06-29T18:11:55+08:00][sql] SHOW FULL COLUMNS FROM `carver_carouse` [ RunTime:0.000517s ]
[2021-06-29T18:11:55+08:00][sql] SELECT `carouse_img`,`carouse_desc` FROM `carver_carouse` WHERE  `is_show` = 1 ORDER BY `carouse_sort` DESC LIMIT 3 [ RunTime:0.000311s ]
[2021-06-29T18:11:55+08:00][sql] SHOW FULL COLUMNS FROM `carver_site` [ RunTime:0.000546s ]
[2021-06-29T18:11:55+08:00][sql] SELECT * FROM `carver_site` [ RunTime:0.000346s ]
[2021-06-29T18:12:27+08:00][sql] CONNECT:[ UseTime:0.000559s ] mysql:host=127.0.0.1;port=3306;dbname=carver;charset=utf8
[2021-06-29T18:12:27+08:00][sql] SHOW FULL COLUMNS FROM `carver_article` [ RunTime:0.000933s ]
[2021-06-29T18:12:27+08:00][sql] SELECT COUNT(*) AS think_count FROM `carver_article` WHERE  `article_label` LIKE '%swoole;php/%'  AND `delete_time` = 0  AND `is_show` = 1 [ RunTime:0.000419s ]
[2021-06-29T18:12:27+08:00][sql] SELECT * FROM `carver_article` WHERE  `article_label` LIKE '%swoole;php/%'  AND `delete_time` = 0  AND `is_show` = 1 LIMIT 0,6 [ RunTime:0.001201s ]
[2021-06-29T18:12:27+08:00][sql] SELECT article_id,article_title,click_num,FROM_UNIXTIME(add_time,'%Y-%m-%d') as add_time FROM `carver_article` WHERE  `is_show` = 1  AND `delete_time` = 0 ORDER BY `click_num` DESC LIMIT 3 [ RunTime:0.000511s ]
[2021-06-29T18:12:27+08:00][sql] SHOW FULL COLUMNS FROM `carver_notice` [ RunTime:0.000633s ]
[2021-06-29T18:12:27+08:00][sql] SELECT * FROM `carver_notice` ORDER BY `create_time` DESC LIMIT 3 [ RunTime:0.000303s ]
[2021-06-29T18:12:27+08:00][sql] SHOW FULL COLUMNS FROM `carver_navigation` [ RunTime:0.000582s ]
[2021-06-29T18:12:27+08:00][sql] SELECT * FROM `carver_navigation` [ RunTime:0.000291s ]
[2021-06-29T18:12:27+08:00][sql] SHOW FULL COLUMNS FROM `carver_link` [ RunTime:0.000549s ]
[2021-06-29T18:12:27+08:00][sql] SELECT * FROM `carver_link` WHERE  ( is_confirm=2 ) LIMIT 20 [ RunTime:0.000402s ]
[2021-06-29T18:12:27+08:00][sql] SELECT `article_label` FROM `carver_article` [ RunTime:0.000269s ]
[2021-06-29T18:12:27+08:00][sql] SHOW FULL COLUMNS FROM `carver_carouse` [ RunTime:0.000569s ]
[2021-06-29T18:12:27+08:00][sql] SELECT `carouse_img`,`carouse_desc` FROM `carver_carouse` WHERE  `is_show` = 1 ORDER BY `carouse_sort` DESC LIMIT 3 [ RunTime:0.000324s ]
[2021-06-29T18:12:27+08:00][sql] SHOW FULL COLUMNS FROM `carver_site` [ RunTime:0.000569s ]
[2021-06-29T18:12:27+08:00][sql] SELECT * FROM `carver_site` [ RunTime:0.000300s ]
[2021-06-29T19:37:55+08:00][sql] CONNECT:[ UseTime:0.000632s ] mysql:host=127.0.0.1;port=3306;dbname=carver;charset=utf8
[2021-06-29T19:37:55+08:00][sql] SHOW FULL COLUMNS FROM `carver_article` [ RunTime:0.000898s ]
[2021-06-29T19:37:55+08:00][sql] SELECT COUNT(*) AS think_count FROM `carver_article` WHERE  `article_label` LIKE '%js%'  AND `delete_time` = 0  AND `is_show` = 1 [ RunTime:0.000425s ]
[2021-06-29T19:37:55+08:00][sql] SELECT * FROM `carver_article` WHERE  `article_label` LIKE '%js%'  AND `delete_time` = 0  AND `is_show` = 1 LIMIT 0,6 [ RunTime:0.000952s ]
[2021-06-29T19:37:55+08:00][sql] SELECT article_id,article_title,click_num,FROM_UNIXTIME(add_time,'%Y-%m-%d') as add_time FROM `carver_article` WHERE  `is_show` = 1  AND `delete_time` = 0 ORDER BY `click_num` DESC LIMIT 3 [ RunTime:0.000492s ]
[2021-06-29T19:37:55+08:00][sql] SHOW FULL COLUMNS FROM `carver_notice` [ RunTime:0.000662s ]
[2021-06-29T19:37:55+08:00][sql] SELECT * FROM `carver_notice` ORDER BY `create_time` DESC LIMIT 3 [ RunTime:0.000399s ]
[2021-06-29T19:37:55+08:00][sql] SHOW FULL COLUMNS FROM `carver_navigation` [ RunTime:0.000594s ]
[2021-06-29T19:37:55+08:00][sql] SELECT * FROM `carver_navigation` [ RunTime:0.000282s ]
[2021-06-29T19:37:55+08:00][sql] SHOW FULL COLUMNS FROM `carver_link` [ RunTime:0.000565s ]
[2021-06-29T19:37:55+08:00][sql] SELECT * FROM `carver_link` WHERE  ( is_confirm=2 ) LIMIT 20 [ RunTime:0.000343s ]
[2021-06-29T19:37:55+08:00][sql] SELECT `article_label` FROM `carver_article` [ RunTime:0.000318s ]
[2021-06-29T19:37:55+08:00][sql] SHOW FULL COLUMNS FROM `carver_carouse` [ RunTime:0.000632s ]
[2021-06-29T19:37:55+08:00][sql] SELECT `carouse_img`,`carouse_desc` FROM `carver_carouse` WHERE  `is_show` = 1 ORDER BY `carouse_sort` DESC LIMIT 3 [ RunTime:0.000336s ]
[2021-06-29T19:37:55+08:00][sql] SHOW FULL COLUMNS FROM `carver_site` [ RunTime:0.000602s ]
[2021-06-29T19:37:55+08:00][sql] SELECT * FROM `carver_site` [ RunTime:0.000399s ]
[2021-06-29T19:43:05+08:00][sql] CONNECT:[ UseTime:0.000514s ] mysql:host=127.0.0.1;port=3306;dbname=carver;charset=utf8
[2021-06-29T19:43:05+08:00][sql] SHOW FULL COLUMNS FROM `carver_user` [ RunTime:0.000776s ]
[2021-06-29T19:43:05+08:00][sql] SHOW FULL COLUMNS FROM `carver_article` [ RunTime:0.000725s ]
[2021-06-29T19:43:05+08:00][sql] SELECT COUNT(*) AS think_count FROM `carver_article` WHERE  `delete_time` = 0  AND `is_show` = 1 [ RunTime:0.000372s ]
[2021-06-29T19:43:05+08:00][sql] SELECT `article_id`,`article_title`,`article_desc`,`article_content`,`article_img`,`article_guide`,`article_label`,`click_num`,`is_show`,`add_time`,`article_author`,`is_top_show` FROM `carver_article` WHERE  `delete_time` = 0  AND `is_show` = 1 ORDER BY `article_id` DESC LIMIT 0,6 [ RunTime:0.000731s ]
[2021-06-29T19:43:05+08:00][sql] SELECT article_id,article_title,click_num,FROM_UNIXTIME(add_time,'%Y-%m-%d') as add_time FROM `carver_article` WHERE  `is_show` = 1  AND `delete_time` = 0 ORDER BY `click_num` DESC LIMIT 3 [ RunTime:0.000472s ]
[2021-06-29T19:43:05+08:00][sql] SHOW FULL COLUMNS FROM `carver_notice` [ RunTime:0.000526s ]
[2021-06-29T19:43:05+08:00][sql] SELECT * FROM `carver_notice` ORDER BY `create_time` DESC LIMIT 3 [ RunTime:0.000277s ]
[2021-06-29T19:43:05+08:00][sql] SHOW FULL COLUMNS FROM `carver_navigation` [ RunTime:0.000564s ]
[2021-06-29T19:43:05+08:00][sql] SELECT * FROM `carver_navigation` [ RunTime:0.000235s ]
[2021-06-29T19:43:05+08:00][sql] SHOW FULL COLUMNS FROM `carver_link` [ RunTime:0.000478s ]
[2021-06-29T19:43:05+08:00][sql] SELECT * FROM `carver_link` WHERE  ( is_confirm=2 ) LIMIT 20 [ RunTime:0.000291s ]
[2021-06-29T19:43:05+08:00][sql] SELECT `article_label` FROM `carver_article` [ RunTime:0.000268s ]
[2021-06-29T19:43:05+08:00][sql] SHOW FULL COLUMNS FROM `carver_carouse` [ RunTime:0.000468s ]
[2021-06-29T19:43:05+08:00][sql] SELECT `carouse_img`,`carouse_desc` FROM `carver_carouse` WHERE  `is_show` = 1 ORDER BY `carouse_sort` DESC LIMIT 3 [ RunTime:0.000286s ]
[2021-06-29T19:43:05+08:00][sql] SHOW FULL COLUMNS FROM `carver_site` [ RunTime:0.000481s ]
[2021-06-29T19:43:05+08:00][sql] SELECT * FROM `carver_site` [ RunTime:0.000220s ]
[2021-06-29T20:47:25+08:00][sql] CONNECT:[ UseTime:0.000539s ] mysql:host=127.0.0.1;port=3306;dbname=carver;charset=utf8
[2021-06-29T20:47:25+08:00][sql] SHOW FULL COLUMNS FROM `carver_article` [ RunTime:0.000888s ]
[2021-06-29T20:47:25+08:00][sql] SELECT COUNT(*) AS think_count FROM `carver_article` WHERE  `article_guide` = 6  AND `delete_time` = 0  AND `is_show` = 1 [ RunTime:0.000433s ]
[2021-06-29T20:47:25+08:00][sql] SELECT * FROM `carver_article` WHERE  `article_guide` = 6  AND `delete_time` = 0  AND `is_show` = 1 ORDER BY `add_time` DESC LIMIT 30,6 [ RunTime:0.000491s ]
[2021-06-29T20:47:25+08:00][sql] SELECT article_id,article_title,click_num,FROM_UNIXTIME(add_time,'%Y-%m-%d') as add_time FROM `carver_article` WHERE  `is_show` = 1  AND `delete_time` = 0 ORDER BY `click_num` DESC LIMIT 3 [ RunTime:0.000465s ]
[2021-06-29T20:47:25+08:00][sql] SHOW FULL COLUMNS FROM `carver_notice` [ RunTime:0.000700s ]
[2021-06-29T20:47:25+08:00][sql] SELECT * FROM `carver_notice` ORDER BY `create_time` DESC LIMIT 3 [ RunTime:0.000305s ]
[2021-06-29T20:47:25+08:00][sql] SHOW FULL COLUMNS FROM `carver_navigation` [ RunTime:0.000570s ]
[2021-06-29T20:47:25+08:00][sql] SELECT * FROM `carver_navigation` [ RunTime:0.000291s ]
[2021-06-29T20:47:25+08:00][sql] SELECT `article_label` FROM `carver_article` [ RunTime:0.000280s ]
[2021-06-29T20:47:25+08:00][sql] SHOW FULL COLUMNS FROM `carver_carouse` [ RunTime:0.000649s ]
[2021-06-29T20:47:25+08:00][sql] SELECT `carouse_img`,`carouse_desc` FROM `carver_carouse` WHERE  `is_show` = 1 ORDER BY `carouse_sort` DESC LIMIT 3 [ RunTime:0.000319s ]
[2021-06-29T20:47:25+08:00][sql] SHOW FULL COLUMNS FROM `carver_link` [ RunTime:0.000585s ]
[2021-06-29T20:47:25+08:00][sql] SELECT * FROM `carver_link` WHERE  ( is_confirm=2 ) LIMIT 20 [ RunTime:0.000352s ]
[2021-06-29T20:47:25+08:00][sql] SHOW FULL COLUMNS FROM `carver_site` [ RunTime:0.000630s ]
[2021-06-29T20:47:25+08:00][sql] SELECT * FROM `carver_site` [ RunTime:0.000312s ]
[2021-06-29T21:07:18+08:00][sql] CONNECT:[ UseTime:0.000724s ] mysql:host=127.0.0.1;port=3306;dbname=carver;charset=utf8
[2021-06-29T21:07:18+08:00][sql] SHOW FULL COLUMNS FROM `carver_user` [ RunTime:0.000966s ]
[2021-06-29T21:07:18+08:00][sql] SHOW FULL COLUMNS FROM `carver_article` [ RunTime:0.000714s ]
[2021-06-29T21:07:18+08:00][sql] SELECT COUNT(*) AS think_count FROM `carver_article` WHERE  `delete_time` = 0  AND `is_show` = 1 [ RunTime:0.000416s ]
[2021-06-29T21:07:18+08:00][sql] SELECT `article_id`,`article_title`,`article_desc`,`article_content`,`article_img`,`article_guide`,`article_label`,`click_num`,`is_show`,`add_time`,`article_author`,`is_top_show` FROM `carver_article` WHERE  `delete_time` = 0  AND `is_show` = 1 ORDER BY `article_id` DESC LIMIT 0,6 [ RunTime:0.000788s ]
[2021-06-29T21:07:18+08:00][sql] SELECT article_id,article_title,click_num,FROM_UNIXTIME(add_time,'%Y-%m-%d') as add_time FROM `carver_article` WHERE  `is_show` = 1  AND `delete_time` = 0 ORDER BY `click_num` DESC LIMIT 3 [ RunTime:0.000496s ]
[2021-06-29T21:07:18+08:00][sql] SHOW FULL COLUMNS FROM `carver_notice` [ RunTime:0.000622s ]
[2021-06-29T21:07:18+08:00][sql] SELECT * FROM `carver_notice` ORDER BY `create_time` DESC LIMIT 3 [ RunTime:0.000274s ]
[2021-06-29T21:07:18+08:00][sql] SHOW FULL COLUMNS FROM `carver_navigation` [ RunTime:0.000572s ]
[2021-06-29T21:07:18+08:00][sql] SELECT * FROM `carver_navigation` [ RunTime:0.000246s ]
[2021-06-29T21:07:18+08:00][sql] SHOW FULL COLUMNS FROM `carver_link` [ RunTime:0.000496s ]
[2021-06-29T21:07:18+08:00][sql] SELECT * FROM `carver_link` WHERE  ( is_confirm=2 ) LIMIT 20 [ RunTime:0.000333s ]
[2021-06-29T21:07:18+08:00][sql] SELECT `article_label` FROM `carver_article` [ RunTime:0.000282s ]
[2021-06-29T21:07:18+08:00][sql] SHOW FULL COLUMNS FROM `carver_carouse` [ RunTime:0.000580s ]
[2021-06-29T21:07:18+08:00][sql] SELECT `carouse_img`,`carouse_desc` FROM `carver_carouse` WHERE  `is_show` = 1 ORDER BY `carouse_sort` DESC LIMIT 3 [ RunTime:0.000288s ]
[2021-06-29T21:07:18+08:00][sql] SHOW FULL COLUMNS FROM `carver_site` [ RunTime:0.000539s ]
[2021-06-29T21:07:18+08:00][sql] SELECT * FROM `carver_site` [ RunTime:0.000228s ]
[2021-06-29T22:19:47+08:00][sql] CONNECT:[ UseTime:0.000615s ] mysql:host=127.0.0.1;port=3306;dbname=carver;charset=utf8
[2021-06-29T22:19:47+08:00][sql] SHOW FULL COLUMNS FROM `carver_user` [ RunTime:0.000850s ]
[2021-06-29T22:19:47+08:00][sql] SHOW FULL COLUMNS FROM `carver_article` [ RunTime:0.000690s ]
[2021-06-29T22:19:47+08:00][sql] SELECT COUNT(*) AS think_count FROM `carver_article` WHERE  `delete_time` = 0  AND `is_show` = 1 [ RunTime:0.000487s ]
[2021-06-29T22:19:47+08:00][sql] SELECT `article_id`,`article_title`,`article_desc`,`article_content`,`article_img`,`article_guide`,`article_label`,`click_num`,`is_show`,`add_time`,`article_author`,`is_top_show` FROM `carver_article` WHERE  `delete_time` = 0  AND `is_show` = 1 ORDER BY `article_id` DESC LIMIT 0,6 [ RunTime:0.000789s ]
[2021-06-29T22:19:47+08:00][sql] SELECT article_id,article_title,click_num,FROM_UNIXTIME(add_time,'%Y-%m-%d') as add_time FROM `carver_article` WHERE  `is_show` = 1  AND `delete_time` = 0 ORDER BY `click_num` DESC LIMIT 3 [ RunTime:0.000442s ]
[2021-06-29T22:19:47+08:00][sql] SHOW FULL COLUMNS FROM `carver_notice` [ RunTime:0.000555s ]
[2021-06-29T22:19:47+08:00][sql] SELECT * FROM `carver_notice` ORDER BY `create_time` DESC LIMIT 3 [ RunTime:0.000261s ]
[2021-06-29T22:19:47+08:00][sql] SHOW FULL COLUMNS FROM `carver_navigation` [ RunTime:0.000540s ]
[2021-06-29T22:19:47+08:00][sql] SELECT * FROM `carver_navigation` [ RunTime:0.000234s ]
[2021-06-29T22:19:47+08:00][sql] SHOW FULL COLUMNS FROM `carver_link` [ RunTime:0.000492s ]
[2021-06-29T22:19:47+08:00][sql] SELECT * FROM `carver_link` WHERE  ( is_confirm=2 ) LIMIT 20 [ RunTime:0.000307s ]
[2021-06-29T22:19:47+08:00][sql] SELECT `article_label` FROM `carver_article` [ RunTime:0.000280s ]
[2021-06-29T22:19:47+08:00][sql] SHOW FULL COLUMNS FROM `carver_carouse` [ RunTime:0.000470s ]
[2021-06-29T22:19:47+08:00][sql] SELECT `carouse_img`,`carouse_desc` FROM `carver_carouse` WHERE  `is_show` = 1 ORDER BY `carouse_sort` DESC LIMIT 3 [ RunTime:0.000284s ]
[2021-06-29T22:19:47+08:00][sql] SHOW FULL COLUMNS FROM `carver_site` [ RunTime:0.000479s ]
[2021-06-29T22:19:47+08:00][sql] SELECT * FROM `carver_site` [ RunTime:0.000225s ]
[2021-06-29T23:06:45+08:00][sql] CONNECT:[ UseTime:0.000547s ] mysql:host=127.0.0.1;port=3306;dbname=carver;charset=utf8
[2021-06-29T23:06:45+08:00][sql] SHOW FULL COLUMNS FROM `carver_article` [ RunTime:0.000990s ]
[2021-06-29T23:06:45+08:00][sql] SELECT `article_id`,`article_title`,`article_desc`,`article_content`,`article_img`,`article_guide`,`article_label`,`click_num`,`is_show`,`add_time`,`article_author` FROM `carver_article` WHERE  `article_id` = 23 LIMIT 1 [ RunTime:0.000449s ]
[2021-06-29T23:06:45+08:00][sql] SELECT `article_id`,`article_title`,`article_desc`,`article_content`,`article_img`,`article_guide`,`article_label`,`click_num`,`is_show`,`add_time`,`article_author` FROM `carver_article` WHERE  `article_id` > 23 LIMIT 1 [ RunTime:0.000461s ]
[2021-06-29T23:06:45+08:00][sql] SELECT `article_id`,`article_title`,`article_desc`,`article_content`,`article_img`,`article_guide`,`article_label`,`click_num`,`is_show`,`add_time`,`article_author` FROM `carver_article` WHERE  `article_id` < 23 ORDER BY `article_id` DESC LIMIT 1 [ RunTime:0.000436s ]
[2021-06-29T23:06:45+08:00][sql] SHOW FULL COLUMNS FROM `carver_link` [ RunTime:0.000526s ]
[2021-06-29T23:06:45+08:00][sql] SELECT * FROM `carver_link` WHERE  ( is_confirm=2 ) LIMIT 20 [ RunTime:0.000289s ]
[2021-06-29T23:06:45+08:00][sql] SELECT article_id,article_title,click_num,FROM_UNIXTIME(add_time,'%Y-%m-%d') as add_time FROM `carver_article` ORDER BY `click_num` DESC LIMIT 3 [ RunTime:0.000354s ]
[2021-06-29T23:06:45+08:00][sql] SHOW FULL COLUMNS FROM `carver_comment` [ RunTime:0.000513s ]
[2021-06-29T23:06:45+08:00][sql] SELECT `a`.*,`b`.`user_name` FROM `carver_comment` `a` INNER JOIN `carver_user` `b` ON `a`.`user_id`=`b`.`user_id` WHERE  `article_id` = 23 ORDER BY `create_time` DESC [ RunTime:0.000349s ]
[2021-06-29T23:06:45+08:00][sql] SHOW FULL COLUMNS FROM `carver_comment_to_others` [ RunTime:0.000494s ]
[2021-06-29T23:06:45+08:00][sql] SELECT * FROM `carver_comment_to_others` [ RunTime:0.000291s ]
[2021-06-29T23:06:45+08:00][sql] SHOW FULL COLUMNS FROM `carver_user` [ RunTime:0.000448s ]
[2021-06-29T23:06:45+08:00][sql] SELECT `user_name` FROM `carver_user` WHERE  `user_id` = 4 LIMIT 1 [ RunTime:0.000224s ]
[2021-06-29T23:06:45+08:00][sql] SELECT `user_name` FROM `carver_user` WHERE  `user_id` = 4 LIMIT 1 [ RunTime:0.000210s ]
[2021-06-29T23:06:45+08:00][sql] SELECT `user_name` FROM `carver_user` WHERE  `user_id` = 5 LIMIT 1 [ RunTime:0.000244s ]
[2021-06-29T23:06:45+08:00][sql] SELECT `user_name` FROM `carver_user` WHERE  `user_id` = 5 LIMIT 1 [ RunTime:0.000223s ]
[2021-06-29T23:06:45+08:00][sql] SELECT `user_name` FROM `carver_user` WHERE  `user_id` = 37 LIMIT 1 [ RunTime:0.000221s ]
[2021-06-29T23:06:45+08:00][sql] SELECT `user_name`,`user_id` FROM `carver_user` [ RunTime:0.000255s ]
[2021-06-29T23:06:45+08:00][sql] SHOW FULL COLUMNS FROM `carver_navigation` [ RunTime:0.000523s ]
[2021-06-29T23:06:45+08:00][sql] SELECT * FROM `carver_navigation` [ RunTime:0.000233s ]
[2021-06-29T23:06:45+08:00][sql] SELECT `article_label` FROM `carver_article` [ RunTime:0.000235s ]
[2021-06-29T23:06:46+08:00][sql] CONNECT:[ UseTime:0.000562s ] mysql:host=127.0.0.1;port=3306;dbname=carver;charset=utf8
[2021-06-29T23:06:46+08:00][sql] SHOW FULL COLUMNS FROM `carver_article` [ RunTime:0.000862s ]
[2021-06-29T23:06:46+08:00][sql] SELECT `article_id`,`article_title`,`article_desc`,`article_content`,`article_img`,`article_guide`,`article_label`,`click_num`,`is_show`,`add_time`,`article_author` FROM `carver_article` WHERE  `article_id` = 23'[0] LIMIT 1 [ RunTime:0.000461s ]
[2021-06-29T23:06:46+08:00][sql] SELECT `article_id`,`article_title`,`article_desc`,`article_content`,`article_img`,`article_guide`,`article_label`,`click_num`,`is_show`,`add_time`,`article_author` FROM `carver_article` WHERE  `article_id` > 23'[0] LIMIT 1 [ RunTime:0.000517s ]
[2021-06-29T23:06:46+08:00][sql] SELECT `article_id`,`article_title`,`article_desc`,`article_content`,`article_img`,`article_guide`,`article_label`,`click_num`,`is_show`,`add_time`,`article_author` FROM `carver_article` WHERE  `article_id` < 23'[0] ORDER BY `article_id` DESC LIMIT 1 [ RunTime:0.000443s ]
[2021-06-29T23:06:46+08:00][sql] SHOW FULL COLUMNS FROM `carver_link` [ RunTime:0.000519s ]
[2021-06-29T23:06:46+08:00][sql] SELECT * FROM `carver_link` WHERE  ( is_confirm=2 ) LIMIT 20 [ RunTime:0.000316s ]
[2021-06-29T23:06:46+08:00][sql] SELECT article_id,article_title,click_num,FROM_UNIXTIME(add_time,'%Y-%m-%d') as add_time FROM `carver_article` ORDER BY `click_num` DESC LIMIT 3 [ RunTime:0.000446s ]
[2021-06-29T23:06:46+08:00][sql] SHOW FULL COLUMNS FROM `carver_comment` [ RunTime:0.000516s ]
[2021-06-29T23:06:46+08:00][sql] SELECT `a`.*,`b`.`user_name` FROM `carver_comment` `a` INNER JOIN `carver_user` `b` ON `a`.`user_id`=`b`.`user_id` WHERE  `article_id` = 23'[0] ORDER BY `create_time` DESC [ RunTime:0.000346s ]
[2021-06-29T23:06:46+08:00][sql] SHOW FULL COLUMNS FROM `carver_comment_to_others` [ RunTime:0.000495s ]
[2021-06-29T23:06:46+08:00][sql] SELECT * FROM `carver_comment_to_others` [ RunTime:0.000239s ]
[2021-06-29T23:06:46+08:00][sql] SHOW FULL COLUMNS FROM `carver_user` [ RunTime:0.000480s ]
[2021-06-29T23:06:46+08:00][sql] SELECT `user_name` FROM `carver_user` WHERE  `user_id` = 4 LIMIT 1 [ RunTime:0.000252s ]
[2021-06-29T23:06:46+08:00][sql] SELECT `user_name` FROM `carver_user` WHERE  `user_id` = 4 LIMIT 1 [ RunTime:0.000212s ]
[2021-06-29T23:06:46+08:00][sql] SELECT `user_name` FROM `carver_user` WHERE  `user_id` = 5 LIMIT 1 [ RunTime:0.000214s ]
[2021-06-29T23:06:46+08:00][sql] SELECT `user_name` FROM `carver_user` WHERE  `user_id` = 5 LIMIT 1 [ RunTime:0.000223s ]
[2021-06-29T23:06:46+08:00][sql] SELECT `user_name` FROM `carver_user` WHERE  `user_id` = 37 LIMIT 1 [ RunTime:0.000216s ]
[2021-06-29T23:06:46+08:00][sql] SHOW FULL COLUMNS FROM `carver_navigation` [ RunTime:0.000988s ]
[2021-06-29T23:06:46+08:00][sql] SELECT * FROM `carver_navigation` [ RunTime:0.001146s ]
[2021-06-29T23:06:46+08:00][sql] SELECT `article_label` FROM `carver_article` [ RunTime:0.000277s ]
[2021-06-29T23:30:42+08:00][sql] CONNECT:[ UseTime:0.000672s ] mysql:host=127.0.0.1;port=3306;dbname=carver;charset=utf8
[2021-06-29T23:30:42+08:00][sql] SHOW FULL COLUMNS FROM `carver_article` [ RunTime:0.011739s ]
[2021-06-29T23:30:42+08:00][sql] SELECT COUNT(*) AS think_count FROM `carver_article` WHERE  `article_label` LIKE '%php;%'  AND `delete_time` = 0  AND `is_show` = 1 [ RunTime:0.000536s ]
[2021-06-29T23:30:42+08:00][sql] SELECT * FROM `carver_article` WHERE  `article_label` LIKE '%php;%'  AND `delete_time` = 0  AND `is_show` = 1 LIMIT 0,6 [ RunTime:0.001318s ]
[2021-06-29T23:30:42+08:00][sql] SELECT article_id,article_title,click_num,FROM_UNIXTIME(add_time,'%Y-%m-%d') as add_time FROM `carver_article` WHERE  `is_show` = 1  AND `delete_time` = 0 ORDER BY `click_num` DESC LIMIT 3 [ RunTime:0.000552s ]
[2021-06-29T23:30:42+08:00][sql] SHOW FULL COLUMNS FROM `carver_notice` [ RunTime:0.000729s ]
[2021-06-29T23:30:42+08:00][sql] SELECT * FROM `carver_notice` ORDER BY `create_time` DESC LIMIT 3 [ RunTime:0.000375s ]
[2021-06-29T23:30:42+08:00][sql] SHOW FULL COLUMNS FROM `carver_navigation` [ RunTime:0.000577s ]
[2021-06-29T23:30:42+08:00][sql] SELECT * FROM `carver_navigation` [ RunTime:0.000259s ]
[2021-06-29T23:30:42+08:00][sql] SHOW FULL COLUMNS FROM `carver_link` [ RunTime:0.000648s ]
[2021-06-29T23:30:42+08:00][sql] SELECT * FROM `carver_link` WHERE  ( is_confirm=2 ) LIMIT 20 [ RunTime:0.000311s ]
[2021-06-29T23:30:42+08:00][sql] SELECT `article_label` FROM `carver_article` [ RunTime:0.000280s ]
[2021-06-29T23:30:42+08:00][sql] SHOW FULL COLUMNS FROM `carver_carouse` [ RunTime:0.000556s ]
[2021-06-29T23:30:42+08:00][sql] SELECT `carouse_img`,`carouse_desc` FROM `carver_carouse` WHERE  `is_show` = 1 ORDER BY `carouse_sort` DESC LIMIT 3 [ RunTime:0.000330s ]
[2021-06-29T23:30:42+08:00][sql] SHOW FULL COLUMNS FROM `carver_site` [ RunTime:0.000557s ]
[2021-06-29T23:30:42+08:00][sql] SELECT * FROM `carver_site` [ RunTime:0.000300s ]
