[2021-08-14T22:55:08+08:00][sql] CONNECT:[ UseTime:0.000498s ] mysql:host=127.0.0.1;port=3306;dbname=carver;charset=utf8
[2021-08-14T22:55:08+08:00][sql] SHOW FULL COLUMNS FROM `carver_admin` [ RunTime:0.001152s ]
[2021-08-14T22:55:08+08:00][sql] SELECT * FROM `carver_admin` WHERE  `admin_name` = 'lijialong'  AND `delete_time` = 0 LIMIT 1 [ RunTime:0.000431s ]
[2021-08-14T22:55:08+08:00][sql] SELECT * FROM `carver_admin` WHERE  `admin_pwd` = '3ff53325296eb9751432ec7a142869e9'  AND `delete_time` = 0 LIMIT 1 [ RunTime:0.000356s ]
[2021-08-14T22:55:08+08:00][sql] SELECT * FROM `carver_admin` WHERE  `admin_name` = 'lijialong'  AND `admin_pwd` = '3ff53325296eb9751432ec7a142869e9'  AND `delete_time` = 0 LIMIT 1 [ RunTime:0.000350s ]
[2021-08-14T22:55:08+08:00][sql] UPDATE `carver_admin`  SET `last_login` = 1628952908  WHERE  `admin_name` = 'lijialong'  AND `admin_pwd` = '3ff53325296eb9751432ec7a142869e9' [ RunTime:0.009055s ]
[2021-08-14T22:55:08+08:00][sql] SHOW FULL COLUMNS FROM `carver_system_log` [ RunTime:0.000782s ]
[2021-08-14T22:55:08+08:00][sql] INSERT INTO `carver_system_log` SET `action_name` = '用户登录' , `action_ip` = '112.97.60.92' , `action_user_id` = 100 , `action_user` = 'lijialong' , `create_time` = 1628952908 [ RunTime:0.008906s ]
[2021-08-14T22:55:10+08:00][sql] CONNECT:[ UseTime:0.000561s ] mysql:host=127.0.0.1;port=3306;dbname=carver;charset=utf8
[2021-08-14T22:55:10+08:00][sql] SHOW FULL COLUMNS FROM `carver_admin_role` [ RunTime:0.000974s ]
[2021-08-14T22:55:10+08:00][sql] SELECT `carver_admin_role`.`admin_id`,`b`.`role_name`,`a`.`auth_id`,`c`.`auth_name`,`c`.`p_id` FROM `carver_admin_role` LEFT JOIN `carver_role_auth` `a` ON `carver_admin_role`.`role_id`=`a`.`role_id` LEFT JOIN `carver_role` `b` ON `carver_admin_role`.`role_id`=`b`.`role_id` LEFT JOIN `carver_auth_new` `c` ON `a`.`auth_id`=`c`.`auth_id` WHERE  `admin_id` = 100 GROUP BY `a`.`auth_id`,`carver_admin_role`.`role_id` [ RunTime:0.000943s ]
[2021-08-14T22:55:23+08:00][sql] CONNECT:[ UseTime:0.000564s ] mysql:host=127.0.0.1;port=3306;dbname=carver;charset=utf8
[2021-08-14T22:55:23+08:00][sql] SHOW FULL COLUMNS FROM `carver_admin_role` [ RunTime:0.000847s ]
[2021-08-14T22:55:23+08:00][sql] SELECT `carver_admin_role`.`admin_id`,`b`.`role_name`,`a`.`auth_id`,`c`.`auth_name`,`c`.`p_id` FROM `carver_admin_role` LEFT JOIN `carver_role_auth` `a` ON `carver_admin_role`.`role_id`=`a`.`role_id` LEFT JOIN `carver_role` `b` ON `carver_admin_role`.`role_id`=`b`.`role_id` LEFT JOIN `carver_auth_new` `c` ON `a`.`auth_id`=`c`.`auth_id` WHERE  `admin_id` = 100 GROUP BY `a`.`auth_id`,`carver_admin_role`.`role_id` [ RunTime:0.000811s ]
[2021-08-14T22:55:23+08:00][sql] SHOW FULL COLUMNS FROM `carver_navigation` [ RunTime:0.000719s ]
[2021-08-14T22:55:23+08:00][sql] SELECT `nav_name`,`nav_id` FROM `carver_navigation` [ RunTime:0.000283s ]
[2021-08-14T22:55:23+08:00][sql] SHOW FULL COLUMNS FROM `carver_article` [ RunTime:0.000563s ]
[2021-08-14T22:55:23+08:00][sql] SELECT COUNT(*) AS think_count FROM `carver_article` WHERE  `delete_time` = 0 [ RunTime:0.000317s ]
[2021-08-14T22:55:23+08:00][sql] SELECT article_id,article_title,article_guide,article_label,article_desc,article_content,article_img,is_show,is_top_show,click_num,FROM_UNIXTIME(update_time,'%Y-%m-%d %H:%i:%s') as update_time,add_time,delete_time FROM `carver_article` WHERE  `delete_time` = 0 ORDER BY `add_time` DESC LIMIT 0,10 [ RunTime:0.001075s ]
[2021-08-14T22:57:01+08:00][sql] CONNECT:[ UseTime:0.000937s ] mysql:host=127.0.0.1;port=3306;dbname=carver;charset=utf8
[2021-08-14T22:57:01+08:00][sql] SHOW FULL COLUMNS FROM `carver_admin_role` [ RunTime:0.001141s ]
[2021-08-14T22:57:01+08:00][sql] SELECT `carver_admin_role`.`admin_id`,`b`.`role_name`,`a`.`auth_id`,`c`.`auth_name`,`c`.`p_id` FROM `carver_admin_role` LEFT JOIN `carver_role_auth` `a` ON `carver_admin_role`.`role_id`=`a`.`role_id` LEFT JOIN `carver_role` `b` ON `carver_admin_role`.`role_id`=`b`.`role_id` LEFT JOIN `carver_auth_new` `c` ON `a`.`auth_id`=`c`.`auth_id` WHERE  `admin_id` = 100 GROUP BY `a`.`auth_id`,`carver_admin_role`.`role_id` [ RunTime:0.000833s ]
[2021-08-14T22:57:01+08:00][sql] SHOW FULL COLUMNS FROM `carver_navigation` [ RunTime:0.000865s ]
[2021-08-14T22:57:01+08:00][sql] SELECT `nav_name`,`nav_id` FROM `carver_navigation` [ RunTime:0.000300s ]
[2021-08-14T22:57:01+08:00][sql] SHOW FULL COLUMNS FROM `carver_article` [ RunTime:0.000673s ]
[2021-08-14T22:57:01+08:00][sql] SELECT COUNT(*) AS think_count FROM `carver_article` WHERE  `delete_time` = 0 [ RunTime:0.000366s ]
[2021-08-14T22:57:01+08:00][sql] SELECT article_id,article_title,article_guide,article_label,article_desc,article_content,article_img,is_show,is_top_show,click_num,FROM_UNIXTIME(update_time,'%Y-%m-%d %H:%i:%s') as update_time,add_time,delete_time FROM `carver_article` WHERE  `delete_time` = 0 ORDER BY `add_time` DESC LIMIT 0,10 [ RunTime:0.001135s ]
[2021-08-14T23:05:08+08:00][sql] CONNECT:[ UseTime:0.000541s ] mysql:host=127.0.0.1;port=3306;dbname=carver;charset=utf8
[2021-08-14T23:05:08+08:00][sql] SHOW FULL COLUMNS FROM `carver_admin_role` [ RunTime:0.007298s ]
[2021-08-14T23:05:08+08:00][sql] SELECT `carver_admin_role`.`admin_id`,`b`.`role_name`,`a`.`auth_id`,`c`.`auth_name`,`c`.`p_id` FROM `carver_admin_role` LEFT JOIN `carver_role_auth` `a` ON `carver_admin_role`.`role_id`=`a`.`role_id` LEFT JOIN `carver_role` `b` ON `carver_admin_role`.`role_id`=`b`.`role_id` LEFT JOIN `carver_auth_new` `c` ON `a`.`auth_id`=`c`.`auth_id` WHERE  `admin_id` = 100 GROUP BY `a`.`auth_id`,`carver_admin_role`.`role_id` [ RunTime:0.000923s ]
[2021-08-14T23:05:08+08:00][sql] SHOW FULL COLUMNS FROM `carver_navigation` [ RunTime:0.000867s ]
[2021-08-14T23:05:08+08:00][sql] SELECT `nav_name`,`nav_id` FROM `carver_navigation` [ RunTime:0.000276s ]
[2021-08-14T23:05:08+08:00][sql] SHOW FULL COLUMNS FROM `carver_article` [ RunTime:0.000675s ]
[2021-08-14T23:05:08+08:00][sql] SELECT COUNT(*) AS think_count FROM `carver_article` WHERE  `delete_time` = 0 [ RunTime:0.000353s ]
[2021-08-14T23:05:08+08:00][sql] SELECT article_id,article_title,article_guide,article_label,article_desc,article_content,article_img,is_show,is_top_show,click_num,FROM_UNIXTIME(update_time,'%Y-%m-%d %H:%i:%s') as update_time,add_time,delete_time FROM `carver_article` WHERE  `delete_time` = 0 ORDER BY `add_time` DESC LIMIT 0,10 [ RunTime:0.001110s ]
[2021-08-14T23:07:09+08:00][sql] CONNECT:[ UseTime:0.000761s ] mysql:host=127.0.0.1;port=3306;dbname=carver;charset=utf8
[2021-08-14T23:07:09+08:00][sql] SHOW FULL COLUMNS FROM `carver_admin_role` [ RunTime:0.029047s ]
[2021-08-14T23:07:09+08:00][sql] SELECT `carver_admin_role`.`admin_id`,`b`.`role_name`,`a`.`auth_id`,`c`.`auth_name`,`c`.`p_id` FROM `carver_admin_role` LEFT JOIN `carver_role_auth` `a` ON `carver_admin_role`.`role_id`=`a`.`role_id` LEFT JOIN `carver_role` `b` ON `carver_admin_role`.`role_id`=`b`.`role_id` LEFT JOIN `carver_auth_new` `c` ON `a`.`auth_id`=`c`.`auth_id` WHERE  `admin_id` = 100 GROUP BY `a`.`auth_id`,`carver_admin_role`.`role_id` [ RunTime:0.000916s ]
[2021-08-14T23:07:09+08:00][sql] SHOW FULL COLUMNS FROM `carver_navigation` [ RunTime:0.000940s ]
[2021-08-14T23:07:09+08:00][sql] SELECT `nav_name`,`nav_id` FROM `carver_navigation` [ RunTime:0.000306s ]
[2021-08-14T23:07:09+08:00][sql] SHOW FULL COLUMNS FROM `carver_article` [ RunTime:0.000651s ]
[2021-08-14T23:07:09+08:00][sql] SELECT COUNT(*) AS think_count FROM `carver_article` WHERE  `delete_time` = 0 [ RunTime:0.000350s ]
[2021-08-14T23:07:09+08:00][sql] SELECT article_id,article_title,article_guide,article_label,article_desc,article_content,article_img,is_show,is_top_show,click_num,FROM_UNIXTIME(update_time,'%Y-%m-%d %H:%i:%s') as update_time,add_time,delete_time FROM `carver_article` WHERE  `delete_time` = 0 ORDER BY `add_time` DESC LIMIT 0,10 [ RunTime:0.001129s ]
[2021-08-14T23:07:13+08:00][sql] CONNECT:[ UseTime:0.023839s ] mysql:host=127.0.0.1;port=3306;dbname=carver;charset=utf8
[2021-08-14T23:07:13+08:00][sql] SHOW FULL COLUMNS FROM `carver_admin_role` [ RunTime:0.001087s ]
[2021-08-14T23:07:13+08:00][sql] SELECT `carver_admin_role`.`admin_id`,`b`.`role_name`,`a`.`auth_id`,`c`.`auth_name`,`c`.`p_id` FROM `carver_admin_role` LEFT JOIN `carver_role_auth` `a` ON `carver_admin_role`.`role_id`=`a`.`role_id` LEFT JOIN `carver_role` `b` ON `carver_admin_role`.`role_id`=`b`.`role_id` LEFT JOIN `carver_auth_new` `c` ON `a`.`auth_id`=`c`.`auth_id` WHERE  `admin_id` = 100 GROUP BY `a`.`auth_id`,`carver_admin_role`.`role_id` [ RunTime:0.000800s ]
[2021-08-14T23:07:13+08:00][sql] SHOW FULL COLUMNS FROM `carver_admin` [ RunTime:0.000986s ]
[2021-08-14T23:07:13+08:00][sql] SELECT COUNT(*) AS think_count FROM `carver_admin` `b` LEFT JOIN `carver_admin_role` `a` ON `b`.`admin_id`=`a`.`admin_id` WHERE  `b`.`delete_time` = '0' [ RunTime:0.000481s ]
[2021-08-14T23:07:13+08:00][sql] SELECT `b`.`admin_id`,`b`.`admin_name`,`b`.`admin_email`,`b`.`admin_image`,`b`.`last_login`,`b`.`create_time`,`b`.`delete_time`,`a`.`role_id` FROM `carver_admin` `b` LEFT JOIN `carver_admin_role` `a` ON `b`.`admin_id`=`a`.`admin_id` WHERE  `b`.`delete_time` = '0' ORDER BY `b`.`admin_id` ASC LIMIT 0,10 [ RunTime:0.000511s ]
[2021-08-14T23:07:13+08:00][sql] SHOW FULL COLUMNS FROM `carver_role` [ RunTime:0.000727s ]
[2021-08-14T23:07:13+08:00][sql] SELECT `role_name`,`role_id` FROM `carver_role` WHERE  `current_status` = 1 [ RunTime:0.000331s ]
[2021-08-14T23:07:16+08:00][sql] CONNECT:[ UseTime:0.000642s ] mysql:host=127.0.0.1;port=3306;dbname=carver;charset=utf8
[2021-08-14T23:07:16+08:00][sql] SHOW FULL COLUMNS FROM `carver_admin_role` [ RunTime:0.000905s ]
[2021-08-14T23:07:16+08:00][sql] SELECT `carver_admin_role`.`admin_id`,`b`.`role_name`,`a`.`auth_id`,`c`.`auth_name`,`c`.`p_id` FROM `carver_admin_role` LEFT JOIN `carver_role_auth` `a` ON `carver_admin_role`.`role_id`=`a`.`role_id` LEFT JOIN `carver_role` `b` ON `carver_admin_role`.`role_id`=`b`.`role_id` LEFT JOIN `carver_auth_new` `c` ON `a`.`auth_id`=`c`.`auth_id` WHERE  `admin_id` = 100 GROUP BY `a`.`auth_id`,`carver_admin_role`.`role_id` [ RunTime:0.000785s ]
[2021-08-14T23:12:30+08:00][sql] CONNECT:[ UseTime:0.011909s ] mysql:host=127.0.0.1;port=3306;dbname=carver;charset=utf8
[2021-08-14T23:12:30+08:00][sql] SHOW FULL COLUMNS FROM `carver_admin_role` [ RunTime:0.001036s ]
[2021-08-14T23:12:30+08:00][sql] SELECT `carver_admin_role`.`admin_id`,`b`.`role_name`,`a`.`auth_id`,`c`.`auth_name`,`c`.`p_id` FROM `carver_admin_role` LEFT JOIN `carver_role_auth` `a` ON `carver_admin_role`.`role_id`=`a`.`role_id` LEFT JOIN `carver_role` `b` ON `carver_admin_role`.`role_id`=`b`.`role_id` LEFT JOIN `carver_auth_new` `c` ON `a`.`auth_id`=`c`.`auth_id` WHERE  `admin_id` = 100 GROUP BY `a`.`auth_id`,`carver_admin_role`.`role_id` [ RunTime:0.000811s ]
[2021-08-14T23:12:33+08:00][sql] CONNECT:[ UseTime:0.000670s ] mysql:host=127.0.0.1;port=3306;dbname=carver;charset=utf8
[2021-08-14T23:12:33+08:00][sql] SHOW FULL COLUMNS FROM `carver_admin_role` [ RunTime:0.000879s ]
[2021-08-14T23:12:33+08:00][sql] SELECT `carver_admin_role`.`admin_id`,`b`.`role_name`,`a`.`auth_id`,`c`.`auth_name`,`c`.`p_id` FROM `carver_admin_role` LEFT JOIN `carver_role_auth` `a` ON `carver_admin_role`.`role_id`=`a`.`role_id` LEFT JOIN `carver_role` `b` ON `carver_admin_role`.`role_id`=`b`.`role_id` LEFT JOIN `carver_auth_new` `c` ON `a`.`auth_id`=`c`.`auth_id` WHERE  `admin_id` = 100 GROUP BY `a`.`auth_id`,`carver_admin_role`.`role_id` [ RunTime:0.000812s ]
[2021-08-14T23:12:33+08:00][sql] SHOW FULL COLUMNS FROM `carver_navigation` [ RunTime:0.001313s ]
[2021-08-14T23:12:33+08:00][sql] SELECT `nav_name`,`nav_id` FROM `carver_navigation` [ RunTime:0.000386s ]
[2021-08-14T23:12:33+08:00][sql] SHOW FULL COLUMNS FROM `carver_article` [ RunTime:0.000645s ]
[2021-08-14T23:12:33+08:00][sql] SELECT COUNT(*) AS think_count FROM `carver_article` WHERE  `delete_time` = 0 [ RunTime:0.000352s ]
[2021-08-14T23:12:33+08:00][sql] SELECT article_id,article_title,article_guide,article_label,article_desc,article_content,article_img,is_show,is_top_show,click_num,FROM_UNIXTIME(update_time,'%Y-%m-%d %H:%i:%s') as update_time,add_time,delete_time FROM `carver_article` WHERE  `delete_time` = 0 ORDER BY `add_time` DESC LIMIT 0,10 [ RunTime:0.000897s ]
[2021-08-14T23:13:28+08:00][sql] CONNECT:[ UseTime:0.000687s ] mysql:host=127.0.0.1;port=3306;dbname=carver;charset=utf8
[2021-08-14T23:13:28+08:00][sql] SHOW FULL COLUMNS FROM `carver_admin_role` [ RunTime:0.001107s ]
[2021-08-14T23:13:28+08:00][sql] SELECT `carver_admin_role`.`admin_id`,`b`.`role_name`,`a`.`auth_id`,`c`.`auth_name`,`c`.`p_id` FROM `carver_admin_role` LEFT JOIN `carver_role_auth` `a` ON `carver_admin_role`.`role_id`=`a`.`role_id` LEFT JOIN `carver_role` `b` ON `carver_admin_role`.`role_id`=`b`.`role_id` LEFT JOIN `carver_auth_new` `c` ON `a`.`auth_id`=`c`.`auth_id` WHERE  `admin_id` = 100 GROUP BY `a`.`auth_id`,`carver_admin_role`.`role_id` [ RunTime:0.000851s ]
[2021-08-14T23:13:28+08:00][sql] SHOW FULL COLUMNS FROM `carver_navigation` [ RunTime:0.000962s ]
[2021-08-14T23:13:28+08:00][sql] SELECT `nav_name`,`nav_id` FROM `carver_navigation` [ RunTime:0.000351s ]
[2021-08-14T23:13:28+08:00][sql] SHOW FULL COLUMNS FROM `carver_article` [ RunTime:0.000693s ]
[2021-08-14T23:13:28+08:00][sql] SELECT COUNT(*) AS think_count FROM `carver_article` WHERE  `delete_time` = 0 [ RunTime:0.000356s ]
[2021-08-14T23:13:28+08:00][sql] SELECT article_id,article_title,article_guide,article_label,article_desc,article_content,article_img,is_show,is_top_show,click_num,FROM_UNIXTIME(update_time,'%Y-%m-%d %H:%i:%s') as update_time,add_time,delete_time FROM `carver_article` WHERE  `delete_time` = 0 ORDER BY `add_time` DESC LIMIT 0,10 [ RunTime:0.001147s ]
[2021-08-14T23:58:50+08:00][sql] CONNECT:[ UseTime:0.000558s ] mysql:host=127.0.0.1;port=3306;dbname=carver;charset=utf8
[2021-08-14T23:58:50+08:00][sql] SHOW FULL COLUMNS FROM `carver_admin` [ RunTime:0.000997s ]
[2021-08-14T23:58:50+08:00][sql] SELECT * FROM `carver_admin` WHERE  `admin_name` = 'lijialong'  AND `delete_time` = 0 LIMIT 1 [ RunTime:0.000463s ]
[2021-08-14T23:58:50+08:00][sql] SELECT * FROM `carver_admin` WHERE  `admin_pwd` = '3ff53325296eb9751432ec7a142869e9'  AND `delete_time` = 0 LIMIT 1 [ RunTime:0.000355s ]
[2021-08-14T23:58:50+08:00][sql] SELECT * FROM `carver_admin` WHERE  `admin_name` = 'lijialong'  AND `admin_pwd` = '3ff53325296eb9751432ec7a142869e9'  AND `delete_time` = 0 LIMIT 1 [ RunTime:0.000350s ]
[2021-08-14T23:58:50+08:00][sql] UPDATE `carver_admin`  SET `last_login` = 1628956730  WHERE  `admin_name` = 'lijialong'  AND `admin_pwd` = '3ff53325296eb9751432ec7a142869e9' [ RunTime:0.006977s ]
[2021-08-14T23:58:50+08:00][sql] SHOW FULL COLUMNS FROM `carver_system_log` [ RunTime:0.000815s ]
[2021-08-14T23:58:50+08:00][sql] INSERT INTO `carver_system_log` SET `action_name` = '用户登录' , `action_ip` = '112.97.60.92' , `action_user_id` = 100 , `action_user` = 'lijialong' , `create_time` = 1628956730 [ RunTime:0.008714s ]
[2021-08-14T23:58:52+08:00][sql] CONNECT:[ UseTime:0.000536s ] mysql:host=127.0.0.1;port=3306;dbname=carver;charset=utf8
[2021-08-14T23:58:52+08:00][sql] SHOW FULL COLUMNS FROM `carver_admin_role` [ RunTime:0.000835s ]
[2021-08-14T23:58:52+08:00][sql] SELECT `carver_admin_role`.`admin_id`,`b`.`role_name`,`a`.`auth_id`,`c`.`auth_name`,`c`.`p_id` FROM `carver_admin_role` LEFT JOIN `carver_role_auth` `a` ON `carver_admin_role`.`role_id`=`a`.`role_id` LEFT JOIN `carver_role` `b` ON `carver_admin_role`.`role_id`=`b`.`role_id` LEFT JOIN `carver_auth_new` `c` ON `a`.`auth_id`=`c`.`auth_id` WHERE  `admin_id` = 100 GROUP BY `a`.`auth_id`,`carver_admin_role`.`role_id` [ RunTime:0.000954s ]
