[2021-04-13T00:55:24+08:00][sql] CONNECT:[ UseTime:0.000508s ] mysql:host=127.0.0.1;port=3306;dbname=carver;charset=utf8
[2021-04-13T00:55:24+08:00][sql] SHOW FULL COLUMNS FROM `carver_article` [ RunTime:0.000914s ]
[2021-04-13T00:55:24+08:00][sql] SELECT COUNT(*) AS think_count FROM `carver_article` WHERE  `article_label` LIKE '%nginx%'  AND `delete_time` = 0  AND `is_show` = 1 [ RunTime:0.000468s ]
[2021-04-13T00:55:24+08:00][sql] SELECT * FROM `carver_article` WHERE  `article_label` LIKE '%nginx%'  AND `delete_time` = 0  AND `is_show` = 1 LIMIT 0,6 [ RunTime:0.001168s ]
[2021-04-13T00:55:24+08:00][sql] SELECT article_id,article_title,click_num,FROM_UNIXTIME(add_time,'%Y-%m-%d') as add_time FROM `carver_article` WHERE  `is_show` = 1  AND `delete_time` = 0 ORDER BY `click_num` DESC LIMIT 3 [ RunTime:0.000540s ]
[2021-04-13T00:55:24+08:00][sql] SHOW FULL COLUMNS FROM `carver_notice` [ RunTime:0.000640s ]
[2021-04-13T00:55:24+08:00][sql] SELECT * FROM `carver_notice` ORDER BY `create_time` DESC LIMIT 3 [ RunTime:0.000323s ]
[2021-04-13T00:55:24+08:00][sql] SHOW FULL COLUMNS FROM `carver_navigation` [ RunTime:0.000527s ]
[2021-04-13T00:55:24+08:00][sql] SELECT * FROM `carver_navigation` [ RunTime:0.000267s ]
[2021-04-13T00:55:24+08:00][sql] SHOW FULL COLUMNS FROM `carver_link` [ RunTime:0.000537s ]
[2021-04-13T00:55:24+08:00][sql] SELECT * FROM `carver_link` WHERE  ( is_confirm=2 ) LIMIT 20 [ RunTime:0.000297s ]
[2021-04-13T00:55:24+08:00][sql] SELECT `article_label` FROM `carver_article` [ RunTime:0.000268s ]
[2021-04-13T00:55:24+08:00][sql] SHOW FULL COLUMNS FROM `carver_carouse` [ RunTime:0.000500s ]
[2021-04-13T00:55:24+08:00][sql] SELECT `carouse_img`,`carouse_desc` FROM `carver_carouse` WHERE  `is_show` = 1 ORDER BY `carouse_sort` DESC LIMIT 3 [ RunTime:0.000318s ]
[2021-04-13T00:55:24+08:00][sql] SHOW FULL COLUMNS FROM `carver_site` [ RunTime:0.000484s ]
[2021-04-13T00:55:24+08:00][sql] SELECT * FROM `carver_site` [ RunTime:0.000286s ]
[2021-04-13T00:55:26+08:00][sql] CONNECT:[ UseTime:0.000601s ] mysql:host=127.0.0.1;port=3306;dbname=carver;charset=utf8
[2021-04-13T00:55:26+08:00][sql] SHOW FULL COLUMNS FROM `carver_article` [ RunTime:0.000906s ]
[2021-04-13T00:55:26+08:00][sql] SELECT `article_id`,`article_title`,`article_desc`,`article_content`,`article_img`,`article_guide`,`article_label`,`click_num`,`is_show`,`add_time`,`article_author` FROM `carver_article` WHERE  `article_id` = 25/ LIMIT 1 [ RunTime:0.000449s ]
[2021-04-13T00:55:26+08:00][sql] SELECT `article_id`,`article_title`,`article_desc`,`article_content`,`article_img`,`article_guide`,`article_label`,`click_num`,`is_show`,`add_time`,`article_author` FROM `carver_article` WHERE  `article_id` > 25/ LIMIT 1 [ RunTime:0.000471s ]
[2021-04-13T00:55:26+08:00][sql] SELECT `article_id`,`article_title`,`article_desc`,`article_content`,`article_img`,`article_guide`,`article_label`,`click_num`,`is_show`,`add_time`,`article_author` FROM `carver_article` WHERE  `article_id` < 25/ ORDER BY `article_id` DESC LIMIT 1 [ RunTime:0.000441s ]
[2021-04-13T00:55:26+08:00][sql] SHOW FULL COLUMNS FROM `carver_link` [ RunTime:0.000582s ]
[2021-04-13T00:55:26+08:00][sql] SELECT * FROM `carver_link` WHERE  ( is_confirm=2 ) LIMIT 20 [ RunTime:0.000300s ]
[2021-04-13T00:55:26+08:00][sql] SELECT article_id,article_title,click_num,FROM_UNIXTIME(add_time,'%Y-%m-%d') as add_time FROM `carver_article` ORDER BY `click_num` DESC LIMIT 3 [ RunTime:0.000402s ]
[2021-04-13T00:55:26+08:00][sql] SHOW FULL COLUMNS FROM `carver_comment` [ RunTime:0.000600s ]
[2021-04-13T00:55:26+08:00][sql] SELECT `a`.*,`b`.`user_name` FROM `carver_comment` `a` INNER JOIN `carver_user` `b` ON `a`.`user_id`=`b`.`user_id` WHERE  `article_id` = 25/ ORDER BY `create_time` DESC [ RunTime:0.000394s ]
[2021-04-13T00:55:26+08:00][sql] SHOW FULL COLUMNS FROM `carver_comment_to_others` [ RunTime:0.000548s ]
[2021-04-13T00:55:26+08:00][sql] SELECT * FROM `carver_comment_to_others` [ RunTime:0.000255s ]
[2021-04-13T00:55:26+08:00][sql] SHOW FULL COLUMNS FROM `carver_user` [ RunTime:0.000456s ]
[2021-04-13T00:55:26+08:00][sql] SELECT `user_name` FROM `carver_user` WHERE  `user_id` = 4 LIMIT 1 [ RunTime:0.000454s ]
[2021-04-13T00:55:26+08:00][sql] SELECT `user_name` FROM `carver_user` WHERE  `user_id` = 4 LIMIT 1 [ RunTime:0.000237s ]
[2021-04-13T00:55:26+08:00][sql] SELECT `user_name` FROM `carver_user` WHERE  `user_id` = 5 LIMIT 1 [ RunTime:0.000246s ]
[2021-04-13T00:55:26+08:00][sql] SELECT `user_name` FROM `carver_user` WHERE  `user_id` = 5 LIMIT 1 [ RunTime:0.000210s ]
[2021-04-13T00:55:26+08:00][sql] SELECT `user_name`,`user_id` FROM `carver_user` [ RunTime:0.000348s ]
[2021-04-13T00:55:26+08:00][sql] SHOW FULL COLUMNS FROM `carver_navigation` [ RunTime:0.000552s ]
[2021-04-13T00:55:26+08:00][sql] SELECT * FROM `carver_navigation` [ RunTime:0.000254s ]
[2021-04-13T00:55:26+08:00][sql] SELECT `article_label` FROM `carver_article` [ RunTime:0.000267s ]
[2021-04-13T00:55:30+08:00][sql] CONNECT:[ UseTime:0.000555s ] mysql:host=127.0.0.1;port=3306;dbname=carver;charset=utf8
[2021-04-13T00:55:30+08:00][sql] SHOW FULL COLUMNS FROM `carver_article` [ RunTime:0.000924s ]
[2021-04-13T00:55:30+08:00][sql] SELECT `article_id`,`article_title`,`article_desc`,`article_content`,`article_img`,`article_guide`,`article_label`,`click_num`,`is_show`,`add_time`,`article_author` FROM `carver_article` WHERE  `article_id` = 26/ LIMIT 1 [ RunTime:0.000670s ]
[2021-04-13T00:55:30+08:00][sql] SELECT `article_id`,`article_title`,`article_desc`,`article_content`,`article_img`,`article_guide`,`article_label`,`click_num`,`is_show`,`add_time`,`article_author` FROM `carver_article` WHERE  `article_id` > 26/ LIMIT 1 [ RunTime:0.000427s ]
[2021-04-13T00:55:30+08:00][sql] SELECT `article_id`,`article_title`,`article_desc`,`article_content`,`article_img`,`article_guide`,`article_label`,`click_num`,`is_show`,`add_time`,`article_author` FROM `carver_article` WHERE  `article_id` < 26/ ORDER BY `article_id` DESC LIMIT 1 [ RunTime:0.000427s ]
[2021-04-13T00:55:30+08:00][sql] SHOW FULL COLUMNS FROM `carver_link` [ RunTime:0.000581s ]
[2021-04-13T00:55:30+08:00][sql] SELECT * FROM `carver_link` WHERE  ( is_confirm=2 ) LIMIT 20 [ RunTime:0.000317s ]
[2021-04-13T00:55:30+08:00][sql] SELECT article_id,article_title,click_num,FROM_UNIXTIME(add_time,'%Y-%m-%d') as add_time FROM `carver_article` ORDER BY `click_num` DESC LIMIT 3 [ RunTime:0.000500s ]
[2021-04-13T00:55:30+08:00][sql] SHOW FULL COLUMNS FROM `carver_comment` [ RunTime:0.000752s ]
[2021-04-13T00:55:30+08:00][sql] SELECT `a`.*,`b`.`user_name` FROM `carver_comment` `a` INNER JOIN `carver_user` `b` ON `a`.`user_id`=`b`.`user_id` WHERE  `article_id` = 26/ ORDER BY `create_time` DESC [ RunTime:0.000517s ]
[2021-04-13T00:55:30+08:00][sql] SHOW FULL COLUMNS FROM `carver_comment_to_others` [ RunTime:0.000719s ]
[2021-04-13T00:55:30+08:00][sql] SELECT * FROM `carver_comment_to_others` [ RunTime:0.000325s ]
[2021-04-13T00:55:30+08:00][sql] SHOW FULL COLUMNS FROM `carver_user` [ RunTime:0.000541s ]
[2021-04-13T00:55:30+08:00][sql] SELECT `user_name` FROM `carver_user` WHERE  `user_id` = 4 LIMIT 1 [ RunTime:0.000299s ]
[2021-04-13T00:55:30+08:00][sql] SELECT `user_name` FROM `carver_user` WHERE  `user_id` = 4 LIMIT 1 [ RunTime:0.000270s ]
[2021-04-13T00:55:30+08:00][sql] SELECT `user_name` FROM `carver_user` WHERE  `user_id` = 5 LIMIT 1 [ RunTime:0.000251s ]
[2021-04-13T00:55:30+08:00][sql] SELECT `user_name` FROM `carver_user` WHERE  `user_id` = 5 LIMIT 1 [ RunTime:0.000257s ]
[2021-04-13T00:55:30+08:00][sql] SHOW FULL COLUMNS FROM `carver_navigation` [ RunTime:0.000665s ]
[2021-04-13T00:55:30+08:00][sql] SELECT * FROM `carver_navigation` [ RunTime:0.000329s ]
[2021-04-13T00:55:30+08:00][sql] SELECT `article_label` FROM `carver_article` [ RunTime:0.000272s ]
[2021-04-13T00:55:34+08:00][sql] CONNECT:[ UseTime:0.000512s ] mysql:host=127.0.0.1;port=3306;dbname=carver;charset=utf8
[2021-04-13T00:55:34+08:00][sql] SHOW FULL COLUMNS FROM `carver_article` [ RunTime:0.000941s ]
[2021-04-13T00:55:34+08:00][sql] SELECT COUNT(*) AS think_count FROM `carver_article` WHERE  `article_label` LIKE '%javascript;c%'  AND `delete_time` = 0  AND `is_show` = 1 [ RunTime:0.000525s ]
[2021-04-13T00:55:34+08:00][sql] SELECT * FROM `carver_article` WHERE  `article_label` LIKE '%javascript;c%'  AND `delete_time` = 0  AND `is_show` = 1 LIMIT 0,6 [ RunTime:0.000963s ]
[2021-04-13T00:55:34+08:00][sql] SELECT article_id,article_title,click_num,FROM_UNIXTIME(add_time,'%Y-%m-%d') as add_time FROM `carver_article` WHERE  `is_show` = 1  AND `delete_time` = 0 ORDER BY `click_num` DESC LIMIT 3 [ RunTime:0.000506s ]
[2021-04-13T00:55:34+08:00][sql] SHOW FULL COLUMNS FROM `carver_notice` [ RunTime:0.000697s ]
[2021-04-13T00:55:34+08:00][sql] SELECT * FROM `carver_notice` ORDER BY `create_time` DESC LIMIT 3 [ RunTime:0.000355s ]
[2021-04-13T00:55:34+08:00][sql] SHOW FULL COLUMNS FROM `carver_navigation` [ RunTime:0.000592s ]
[2021-04-13T00:55:34+08:00][sql] SELECT * FROM `carver_navigation` [ RunTime:0.000467s ]
[2021-04-13T00:55:34+08:00][sql] SHOW FULL COLUMNS FROM `carver_link` [ RunTime:0.000608s ]
[2021-04-13T00:55:34+08:00][sql] SELECT * FROM `carver_link` WHERE  ( is_confirm=2 ) LIMIT 20 [ RunTime:0.000356s ]
[2021-04-13T00:55:34+08:00][sql] SELECT `article_label` FROM `carver_article` [ RunTime:0.000270s ]
[2021-04-13T00:55:34+08:00][sql] SHOW FULL COLUMNS FROM `carver_carouse` [ RunTime:0.000579s ]
[2021-04-13T00:55:34+08:00][sql] SELECT `carouse_img`,`carouse_desc` FROM `carver_carouse` WHERE  `is_show` = 1 ORDER BY `carouse_sort` DESC LIMIT 3 [ RunTime:0.000338s ]
[2021-04-13T00:55:34+08:00][sql] SHOW FULL COLUMNS FROM `carver_site` [ RunTime:0.000574s ]
[2021-04-13T00:55:34+08:00][sql] SELECT * FROM `carver_site` [ RunTime:0.000308s ]
[2021-04-13T00:55:36+08:00][sql] CONNECT:[ UseTime:0.000536s ] mysql:host=127.0.0.1;port=3306;dbname=carver;charset=utf8
[2021-04-13T00:55:36+08:00][sql] SHOW FULL COLUMNS FROM `carver_article` [ RunTime:0.000946s ]
[2021-04-13T00:55:36+08:00][sql] SELECT COUNT(*) AS think_count FROM `carver_article` WHERE  `article_label` LIKE '%php;c%'  AND `delete_time` = 0  AND `is_show` = 1 [ RunTime:0.000425s ]
[2021-04-13T00:55:36+08:00][sql] SELECT * FROM `carver_article` WHERE  `article_label` LIKE '%php;c%'  AND `delete_time` = 0  AND `is_show` = 1 LIMIT 0,6 [ RunTime:0.000897s ]
[2021-04-13T00:55:36+08:00][sql] SELECT article_id,article_title,click_num,FROM_UNIXTIME(add_time,'%Y-%m-%d') as add_time FROM `carver_article` WHERE  `is_show` = 1  AND `delete_time` = 0 ORDER BY `click_num` DESC LIMIT 3 [ RunTime:0.000490s ]
[2021-04-13T00:55:36+08:00][sql] SHOW FULL COLUMNS FROM `carver_notice` [ RunTime:0.000615s ]
[2021-04-13T00:55:36+08:00][sql] SELECT * FROM `carver_notice` ORDER BY `create_time` DESC LIMIT 3 [ RunTime:0.000345s ]
[2021-04-13T00:55:36+08:00][sql] SHOW FULL COLUMNS FROM `carver_navigation` [ RunTime:0.000567s ]
[2021-04-13T00:55:36+08:00][sql] SELECT * FROM `carver_navigation` [ RunTime:0.000285s ]
[2021-04-13T00:55:36+08:00][sql] SHOW FULL COLUMNS FROM `carver_link` [ RunTime:0.000566s ]
[2021-04-13T00:55:36+08:00][sql] SELECT * FROM `carver_link` WHERE  ( is_confirm=2 ) LIMIT 20 [ RunTime:0.000356s ]
[2021-04-13T00:55:36+08:00][sql] SELECT `article_label` FROM `carver_article` [ RunTime:0.000294s ]
[2021-04-13T00:55:36+08:00][sql] SHOW FULL COLUMNS FROM `carver_carouse` [ RunTime:0.000545s ]
[2021-04-13T00:55:36+08:00][sql] SELECT `carouse_img`,`carouse_desc` FROM `carver_carouse` WHERE  `is_show` = 1 ORDER BY `carouse_sort` DESC LIMIT 3 [ RunTime:0.000316s ]
[2021-04-13T00:55:36+08:00][sql] SHOW FULL COLUMNS FROM `carver_site` [ RunTime:0.000518s ]
[2021-04-13T00:55:36+08:00][sql] SELECT * FROM `carver_site` [ RunTime:0.000290s ]
[2021-04-13T00:55:41+08:00][sql] CONNECT:[ UseTime:0.000537s ] mysql:host=127.0.0.1;port=3306;dbname=carver;charset=utf8
[2021-04-13T00:55:41+08:00][sql] SHOW FULL COLUMNS FROM `carver_article` [ RunTime:0.000854s ]
[2021-04-13T00:55:41+08:00][sql] SELECT COUNT(*) AS think_count FROM `carver_article` WHERE  `article_label` LIKE '%php;git/%'  AND `delete_time` = 0  AND `is_show` = 1 [ RunTime:0.000442s ]
[2021-04-13T00:55:41+08:00][sql] SELECT * FROM `carver_article` WHERE  `article_label` LIKE '%php;git/%'  AND `delete_time` = 0  AND `is_show` = 1 LIMIT 0,6 [ RunTime:0.000962s ]
[2021-04-13T00:55:41+08:00][sql] SELECT article_id,article_title,click_num,FROM_UNIXTIME(add_time,'%Y-%m-%d') as add_time FROM `carver_article` WHERE  `is_show` = 1  AND `delete_time` = 0 ORDER BY `click_num` DESC LIMIT 3 [ RunTime:0.000421s ]
[2021-04-13T00:55:41+08:00][sql] SHOW FULL COLUMNS FROM `carver_notice` [ RunTime:0.000656s ]
[2021-04-13T00:55:41+08:00][sql] SELECT * FROM `carver_notice` ORDER BY `create_time` DESC LIMIT 3 [ RunTime:0.000319s ]
[2021-04-13T00:55:41+08:00][sql] SHOW FULL COLUMNS FROM `carver_navigation` [ RunTime:0.000562s ]
[2021-04-13T00:55:41+08:00][sql] SELECT * FROM `carver_navigation` [ RunTime:0.000269s ]
[2021-04-13T00:55:41+08:00][sql] SHOW FULL COLUMNS FROM `carver_link` [ RunTime:0.000556s ]
[2021-04-13T00:55:41+08:00][sql] SELECT * FROM `carver_link` WHERE  ( is_confirm=2 ) LIMIT 20 [ RunTime:0.000346s ]
[2021-04-13T00:55:41+08:00][sql] SELECT `article_label` FROM `carver_article` [ RunTime:0.000271s ]
[2021-04-13T00:55:41+08:00][sql] SHOW FULL COLUMNS FROM `carver_carouse` [ RunTime:0.000560s ]
[2021-04-13T00:55:41+08:00][sql] SELECT `carouse_img`,`carouse_desc` FROM `carver_carouse` WHERE  `is_show` = 1 ORDER BY `carouse_sort` DESC LIMIT 3 [ RunTime:0.000299s ]
[2021-04-13T00:55:41+08:00][sql] SHOW FULL COLUMNS FROM `carver_site` [ RunTime:0.000532s ]
[2021-04-13T00:55:41+08:00][sql] SELECT * FROM `carver_site` [ RunTime:0.000299s ]
[2021-04-13T00:55:44+08:00][sql] CONNECT:[ UseTime:0.000485s ] mysql:host=127.0.0.1;port=3306;dbname=carver;charset=utf8
[2021-04-13T00:55:44+08:00][sql] SHOW FULL COLUMNS FROM `carver_article` [ RunTime:0.000863s ]
[2021-04-13T00:55:44+08:00][sql] SELECT COUNT(*) AS think_count FROM `carver_article` WHERE  `article_label` LIKE '%php;javascript;c%'  AND `delete_time` = 0  AND `is_show` = 1 [ RunTime:0.000421s ]
[2021-04-13T00:55:44+08:00][sql] SELECT * FROM `carver_article` WHERE  `article_label` LIKE '%php;javascript;c%'  AND `delete_time` = 0  AND `is_show` = 1 LIMIT 0,6 [ RunTime:0.000890s ]
[2021-04-13T00:55:44+08:00][sql] SELECT article_id,article_title,click_num,FROM_UNIXTIME(add_time,'%Y-%m-%d') as add_time FROM `carver_article` WHERE  `is_show` = 1  AND `delete_time` = 0 ORDER BY `click_num` DESC LIMIT 3 [ RunTime:0.011602s ]
[2021-04-13T00:55:44+08:00][sql] SHOW FULL COLUMNS FROM `carver_notice` [ RunTime:0.000675s ]
[2021-04-13T00:55:44+08:00][sql] SELECT * FROM `carver_notice` ORDER BY `create_time` DESC LIMIT 3 [ RunTime:0.000317s ]
[2021-04-13T00:55:44+08:00][sql] SHOW FULL COLUMNS FROM `carver_navigation` [ RunTime:0.000554s ]
[2021-04-13T00:55:44+08:00][sql] SELECT * FROM `carver_navigation` [ RunTime:0.000284s ]
[2021-04-13T00:55:44+08:00][sql] SHOW FULL COLUMNS FROM `carver_link` [ RunTime:0.000528s ]
[2021-04-13T00:55:44+08:00][sql] SELECT * FROM `carver_link` WHERE  ( is_confirm=2 ) LIMIT 20 [ RunTime:0.000331s ]
[2021-04-13T00:55:44+08:00][sql] SELECT `article_label` FROM `carver_article` [ RunTime:0.000327s ]
[2021-04-13T00:55:44+08:00][sql] SHOW FULL COLUMNS FROM `carver_carouse` [ RunTime:0.000522s ]
[2021-04-13T00:55:44+08:00][sql] SELECT `carouse_img`,`carouse_desc` FROM `carver_carouse` WHERE  `is_show` = 1 ORDER BY `carouse_sort` DESC LIMIT 3 [ RunTime:0.000300s ]
[2021-04-13T00:55:44+08:00][sql] SHOW FULL COLUMNS FROM `carver_site` [ RunTime:0.000509s ]
[2021-04-13T00:55:44+08:00][sql] SELECT * FROM `carver_site` [ RunTime:0.000258s ]
[2021-04-13T00:55:47+08:00][sql] CONNECT:[ UseTime:0.000489s ] mysql:host=127.0.0.1;port=3306;dbname=carver;charset=utf8
[2021-04-13T00:55:47+08:00][sql] SHOW FULL COLUMNS FROM `carver_article` [ RunTime:0.000823s ]
[2021-04-13T00:55:47+08:00][sql] SELECT COUNT(*) AS think_count FROM `carver_article` WHERE  `article_label` LIKE '%php;linux/%'  AND `delete_time` = 0  AND `is_show` = 1 [ RunTime:0.000471s ]
[2021-04-13T00:55:47+08:00][sql] SELECT * FROM `carver_article` WHERE  `article_label` LIKE '%php;linux/%'  AND `delete_time` = 0  AND `is_show` = 1 LIMIT 0,6 [ RunTime:0.000899s ]
[2021-04-13T00:55:47+08:00][sql] SELECT article_id,article_title,click_num,FROM_UNIXTIME(add_time,'%Y-%m-%d') as add_time FROM `carver_article` WHERE  `is_show` = 1  AND `delete_time` = 0 ORDER BY `click_num` DESC LIMIT 3 [ RunTime:0.000422s ]
[2021-04-13T00:55:47+08:00][sql] SHOW FULL COLUMNS FROM `carver_notice` [ RunTime:0.000565s ]
[2021-04-13T00:55:47+08:00][sql] SELECT * FROM `carver_notice` ORDER BY `create_time` DESC LIMIT 3 [ RunTime:0.000279s ]
[2021-04-13T00:55:47+08:00][sql] SHOW FULL COLUMNS FROM `carver_navigation` [ RunTime:0.000532s ]
[2021-04-13T00:55:47+08:00][sql] SELECT * FROM `carver_navigation` [ RunTime:0.000280s ]
[2021-04-13T00:55:47+08:00][sql] SHOW FULL COLUMNS FROM `carver_link` [ RunTime:0.000513s ]
[2021-04-13T00:55:47+08:00][sql] SELECT * FROM `carver_link` WHERE  ( is_confirm=2 ) LIMIT 20 [ RunTime:0.000331s ]
[2021-04-13T00:55:47+08:00][sql] SELECT `article_label` FROM `carver_article` [ RunTime:0.000255s ]
[2021-04-13T00:55:47+08:00][sql] SHOW FULL COLUMNS FROM `carver_carouse` [ RunTime:0.000505s ]
[2021-04-13T00:55:47+08:00][sql] SELECT `carouse_img`,`carouse_desc` FROM `carver_carouse` WHERE  `is_show` = 1 ORDER BY `carouse_sort` DESC LIMIT 3 [ RunTime:0.000287s ]
[2021-04-13T00:55:47+08:00][sql] SHOW FULL COLUMNS FROM `carver_site` [ RunTime:0.000522s ]
[2021-04-13T00:55:47+08:00][sql] SELECT * FROM `carver_site` [ RunTime:0.000263s ]
[2021-04-13T00:55:51+08:00][sql] CONNECT:[ UseTime:0.000766s ] mysql:host=127.0.0.1;port=3306;dbname=carver;charset=utf8
[2021-04-13T00:55:51+08:00][sql] SHOW FULL COLUMNS FROM `carver_article` [ RunTime:0.002063s ]
[2021-04-13T00:55:51+08:00][sql] SELECT COUNT(*) AS think_count FROM `carver_article` WHERE  `article_label` LIKE '%php;mysql/%'  AND `delete_time` = 0  AND `is_show` = 1 [ RunTime:0.000431s ]
[2021-04-13T00:55:51+08:00][sql] SELECT * FROM `carver_article` WHERE  `article_label` LIKE '%php;mysql/%'  AND `delete_time` = 0  AND `is_show` = 1 LIMIT 0,6 [ RunTime:0.000858s ]
[2021-04-13T00:55:51+08:00][sql] SELECT article_id,article_title,click_num,FROM_UNIXTIME(add_time,'%Y-%m-%d') as add_time FROM `carver_article` WHERE  `is_show` = 1  AND `delete_time` = 0 ORDER BY `click_num` DESC LIMIT 3 [ RunTime:0.000424s ]
[2021-04-13T00:55:51+08:00][sql] SHOW FULL COLUMNS FROM `carver_notice` [ RunTime:0.000628s ]
[2021-04-13T00:55:51+08:00][sql] SELECT * FROM `carver_notice` ORDER BY `create_time` DESC LIMIT 3 [ RunTime:0.000293s ]
[2021-04-13T00:55:51+08:00][sql] SHOW FULL COLUMNS FROM `carver_navigation` [ RunTime:0.000519s ]
[2021-04-13T00:55:51+08:00][sql] SELECT * FROM `carver_navigation` [ RunTime:0.000307s ]
[2021-04-13T00:55:51+08:00][sql] SHOW FULL COLUMNS FROM `carver_link` [ RunTime:0.000548s ]
[2021-04-13T00:55:51+08:00][sql] SELECT * FROM `carver_link` WHERE  ( is_confirm=2 ) LIMIT 20 [ RunTime:0.000313s ]
[2021-04-13T00:55:51+08:00][sql] SELECT `article_label` FROM `carver_article` [ RunTime:0.000251s ]
[2021-04-13T00:55:51+08:00][sql] SHOW FULL COLUMNS FROM `carver_carouse` [ RunTime:0.000513s ]
[2021-04-13T00:55:51+08:00][sql] SELECT `carouse_img`,`carouse_desc` FROM `carver_carouse` WHERE  `is_show` = 1 ORDER BY `carouse_sort` DESC LIMIT 3 [ RunTime:0.000285s ]
[2021-04-13T00:55:51+08:00][sql] SHOW FULL COLUMNS FROM `carver_site` [ RunTime:0.000506s ]
[2021-04-13T00:55:51+08:00][sql] SELECT * FROM `carver_site` [ RunTime:0.000259s ]
[2021-04-13T00:55:54+08:00][sql] CONNECT:[ UseTime:0.000597s ] mysql:host=127.0.0.1;port=3306;dbname=carver;charset=utf8
[2021-04-13T00:55:54+08:00][sql] SHOW FULL COLUMNS FROM `carver_article` [ RunTime:0.000859s ]
[2021-04-13T00:55:54+08:00][sql] SELECT COUNT(*) AS think_count FROM `carver_article` WHERE  `article_label` LIKE '%php;nginx/%'  AND `delete_time` = 0  AND `is_show` = 1 [ RunTime:0.000408s ]
[2021-04-13T00:55:54+08:00][sql] SELECT * FROM `carver_article` WHERE  `article_label` LIKE '%php;nginx/%'  AND `delete_time` = 0  AND `is_show` = 1 LIMIT 0,6 [ RunTime:0.000984s ]
[2021-04-13T00:55:54+08:00][sql] SELECT article_id,article_title,click_num,FROM_UNIXTIME(add_time,'%Y-%m-%d') as add_time FROM `carver_article` WHERE  `is_show` = 1  AND `delete_time` = 0 ORDER BY `click_num` DESC LIMIT 3 [ RunTime:0.000441s ]
[2021-04-13T00:55:54+08:00][sql] SHOW FULL COLUMNS FROM `carver_notice` [ RunTime:0.000597s ]
[2021-04-13T00:55:54+08:00][sql] SELECT * FROM `carver_notice` ORDER BY `create_time` DESC LIMIT 3 [ RunTime:0.000300s ]
[2021-04-13T00:55:54+08:00][sql] SHOW FULL COLUMNS FROM `carver_navigation` [ RunTime:0.000544s ]
[2021-04-13T00:55:54+08:00][sql] SELECT * FROM `carver_navigation` [ RunTime:0.000274s ]
[2021-04-13T00:55:54+08:00][sql] SHOW FULL COLUMNS FROM `carver_link` [ RunTime:0.000583s ]
[2021-04-13T00:55:54+08:00][sql] SELECT * FROM `carver_link` WHERE  ( is_confirm=2 ) LIMIT 20 [ RunTime:0.000337s ]
[2021-04-13T00:55:54+08:00][sql] SELECT `article_label` FROM `carver_article` [ RunTime:0.000260s ]
[2021-04-13T00:55:54+08:00][sql] SHOW FULL COLUMNS FROM `carver_carouse` [ RunTime:0.000508s ]
[2021-04-13T00:55:54+08:00][sql] SELECT `carouse_img`,`carouse_desc` FROM `carver_carouse` WHERE  `is_show` = 1 ORDER BY `carouse_sort` DESC LIMIT 3 [ RunTime:0.000294s ]
[2021-04-13T00:55:54+08:00][sql] SHOW FULL COLUMNS FROM `carver_site` [ RunTime:0.000510s ]
[2021-04-13T00:55:54+08:00][sql] SELECT * FROM `carver_site` [ RunTime:0.000268s ]
[2021-04-13T00:55:57+08:00][sql] CONNECT:[ UseTime:0.000527s ] mysql:host=127.0.0.1;port=3306;dbname=carver;charset=utf8
[2021-04-13T00:55:57+08:00][sql] SHOW FULL COLUMNS FROM `carver_article` [ RunTime:0.000847s ]
[2021-04-13T00:55:57+08:00][sql] SELECT COUNT(*) AS think_count FROM `carver_article` WHERE  `article_label` LIKE '%php;swoole/%'  AND `delete_time` = 0  AND `is_show` = 1 [ RunTime:0.000407s ]
[2021-04-13T00:55:57+08:00][sql] SELECT * FROM `carver_article` WHERE  `article_label` LIKE '%php;swoole/%'  AND `delete_time` = 0  AND `is_show` = 1 LIMIT 0,6 [ RunTime:0.000895s ]
[2021-04-13T00:55:57+08:00][sql] SELECT article_id,article_title,click_num,FROM_UNIXTIME(add_time,'%Y-%m-%d') as add_time FROM `carver_article` WHERE  `is_show` = 1  AND `delete_time` = 0 ORDER BY `click_num` DESC LIMIT 3 [ RunTime:0.000405s ]
[2021-04-13T00:55:57+08:00][sql] SHOW FULL COLUMNS FROM `carver_notice` [ RunTime:0.000619s ]
[2021-04-13T00:55:57+08:00][sql] SELECT * FROM `carver_notice` ORDER BY `create_time` DESC LIMIT 3 [ RunTime:0.000301s ]
[2021-04-13T00:55:57+08:00][sql] SHOW FULL COLUMNS FROM `carver_navigation` [ RunTime:0.000535s ]
[2021-04-13T00:55:57+08:00][sql] SELECT * FROM `carver_navigation` [ RunTime:0.000286s ]
[2021-04-13T00:55:57+08:00][sql] SHOW FULL COLUMNS FROM `carver_link` [ RunTime:0.000564s ]
[2021-04-13T00:55:57+08:00][sql] SELECT * FROM `carver_link` WHERE  ( is_confirm=2 ) LIMIT 20 [ RunTime:0.000379s ]
[2021-04-13T00:55:57+08:00][sql] SELECT `article_label` FROM `carver_article` [ RunTime:0.000249s ]
[2021-04-13T00:55:57+08:00][sql] SHOW FULL COLUMNS FROM `carver_carouse` [ RunTime:0.000518s ]
[2021-04-13T00:55:57+08:00][sql] SELECT `carouse_img`,`carouse_desc` FROM `carver_carouse` WHERE  `is_show` = 1 ORDER BY `carouse_sort` DESC LIMIT 3 [ RunTime:0.000282s ]
[2021-04-13T00:55:57+08:00][sql] SHOW FULL COLUMNS FROM `carver_site` [ RunTime:0.000529s ]
[2021-04-13T00:55:57+08:00][sql] SELECT * FROM `carver_site` [ RunTime:0.000254s ]
[2021-04-13T00:56:01+08:00][sql] CONNECT:[ UseTime:0.000558s ] mysql:host=127.0.0.1;port=3306;dbname=carver;charset=utf8
[2021-04-13T00:56:01+08:00][sql] SHOW FULL COLUMNS FROM `carver_article` [ RunTime:0.000934s ]
[2021-04-13T00:56:01+08:00][sql] SELECT COUNT(*) AS think_count FROM `carver_article` WHERE  `article_label` LIKE '%php;网络安全/%'  AND `delete_time` = 0  AND `is_show` = 1 [ RunTime:0.000464s ]
[2021-04-13T00:56:01+08:00][sql] SELECT * FROM `carver_article` WHERE  `article_label` LIKE '%php;网络安全/%'  AND `delete_time` = 0  AND `is_show` = 1 LIMIT 0,6 [ RunTime:0.000992s ]
[2021-04-13T00:56:01+08:00][sql] SELECT article_id,article_title,click_num,FROM_UNIXTIME(add_time,'%Y-%m-%d') as add_time FROM `carver_article` WHERE  `is_show` = 1  AND `delete_time` = 0 ORDER BY `click_num` DESC LIMIT 3 [ RunTime:0.000559s ]
[2021-04-13T00:56:01+08:00][sql] SHOW FULL COLUMNS FROM `carver_notice` [ RunTime:0.000712s ]
[2021-04-13T00:56:01+08:00][sql] SELECT * FROM `carver_notice` ORDER BY `create_time` DESC LIMIT 3 [ RunTime:0.000331s ]
[2021-04-13T00:56:01+08:00][sql] SHOW FULL COLUMNS FROM `carver_navigation` [ RunTime:0.001398s ]
[2021-04-13T00:56:01+08:00][sql] SELECT * FROM `carver_navigation` [ RunTime:0.000317s ]
[2021-04-13T00:56:01+08:00][sql] SHOW FULL COLUMNS FROM `carver_link` [ RunTime:0.000586s ]
[2021-04-13T00:56:01+08:00][sql] SELECT * FROM `carver_link` WHERE  ( is_confirm=2 ) LIMIT 20 [ RunTime:0.000485s ]
[2021-04-13T00:56:01+08:00][sql] SELECT `article_label` FROM `carver_article` [ RunTime:0.000294s ]
[2021-04-13T00:56:01+08:00][sql] SHOW FULL COLUMNS FROM `carver_carouse` [ RunTime:0.000728s ]
[2021-04-13T00:56:01+08:00][sql] SELECT `carouse_img`,`carouse_desc` FROM `carver_carouse` WHERE  `is_show` = 1 ORDER BY `carouse_sort` DESC LIMIT 3 [ RunTime:0.000383s ]
[2021-04-13T00:56:01+08:00][sql] SHOW FULL COLUMNS FROM `carver_site` [ RunTime:0.000653s ]
[2021-04-13T00:56:01+08:00][sql] SELECT * FROM `carver_site` [ RunTime:0.000335s ]
[2021-04-13T00:56:06+08:00][sql] CONNECT:[ UseTime:0.000537s ] mysql:host=127.0.0.1;port=3306;dbname=carver;charset=utf8
[2021-04-13T00:56:06+08:00][sql] SHOW FULL COLUMNS FROM `carver_article` [ RunTime:0.001008s ]
[2021-04-13T00:56:06+08:00][sql] SELECT COUNT(*) AS think_count FROM `carver_article` WHERE  `article_label` LIKE '%php;设计模式/%'  AND `delete_time` = 0  AND `is_show` = 1 [ RunTime:0.000443s ]
[2021-04-13T00:56:06+08:00][sql] SELECT * FROM `carver_article` WHERE  `article_label` LIKE '%php;设计模式/%'  AND `delete_time` = 0  AND `is_show` = 1 LIMIT 0,6 [ RunTime:0.000913s ]
[2021-04-13T00:56:06+08:00][sql] SELECT article_id,article_title,click_num,FROM_UNIXTIME(add_time,'%Y-%m-%d') as add_time FROM `carver_article` WHERE  `is_show` = 1  AND `delete_time` = 0 ORDER BY `click_num` DESC LIMIT 3 [ RunTime:0.000471s ]
[2021-04-13T00:56:06+08:00][sql] SHOW FULL COLUMNS FROM `carver_notice` [ RunTime:0.000697s ]
[2021-04-13T00:56:06+08:00][sql] SELECT * FROM `carver_notice` ORDER BY `create_time` DESC LIMIT 3 [ RunTime:0.000344s ]
[2021-04-13T00:56:06+08:00][sql] SHOW FULL COLUMNS FROM `carver_navigation` [ RunTime:0.000592s ]
[2021-04-13T00:56:06+08:00][sql] SELECT * FROM `carver_navigation` [ RunTime:0.000295s ]
[2021-04-13T00:56:06+08:00][sql] SHOW FULL COLUMNS FROM `carver_link` [ RunTime:0.000557s ]
[2021-04-13T00:56:06+08:00][sql] SELECT * FROM `carver_link` WHERE  ( is_confirm=2 ) LIMIT 20 [ RunTime:0.000369s ]
[2021-04-13T00:56:06+08:00][sql] SELECT `article_label` FROM `carver_article` [ RunTime:0.000295s ]
[2021-04-13T00:56:06+08:00][sql] SHOW FULL COLUMNS FROM `carver_carouse` [ RunTime:0.000561s ]
[2021-04-13T00:56:06+08:00][sql] SELECT `carouse_img`,`carouse_desc` FROM `carver_carouse` WHERE  `is_show` = 1 ORDER BY `carouse_sort` DESC LIMIT 3 [ RunTime:0.000336s ]
[2021-04-13T00:56:06+08:00][sql] SHOW FULL COLUMNS FROM `carver_site` [ RunTime:0.000534s ]
[2021-04-13T00:56:06+08:00][sql] SELECT * FROM `carver_site` [ RunTime:0.000288s ]
[2021-04-13T00:56:09+08:00][sql] CONNECT:[ UseTime:0.000507s ] mysql:host=127.0.0.1;port=3306;dbname=carver;charset=utf8
[2021-04-13T00:56:09+08:00][sql] SHOW FULL COLUMNS FROM `carver_article` [ RunTime:0.000907s ]
[2021-04-13T00:56:09+08:00][sql] SELECT COUNT(*) AS think_count FROM `carver_article` WHERE  `article_label` LIKE '%网络安全//%'  AND `delete_time` = 0  AND `is_show` = 1 [ RunTime:0.000435s ]
[2021-04-13T00:56:09+08:00][sql] SELECT * FROM `carver_article` WHERE  `article_label` LIKE '%网络安全//%'  AND `delete_time` = 0  AND `is_show` = 1 LIMIT 0,6 [ RunTime:0.000965s ]
[2021-04-13T00:56:09+08:00][sql] SELECT article_id,article_title,click_num,FROM_UNIXTIME(add_time,'%Y-%m-%d') as add_time FROM `carver_article` WHERE  `is_show` = 1  AND `delete_time` = 0 ORDER BY `click_num` DESC LIMIT 3 [ RunTime:0.000551s ]
[2021-04-13T00:56:09+08:00][sql] SHOW FULL COLUMNS FROM `carver_notice` [ RunTime:0.000678s ]
[2021-04-13T00:56:09+08:00][sql] SELECT * FROM `carver_notice` ORDER BY `create_time` DESC LIMIT 3 [ RunTime:0.000400s ]
[2021-04-13T00:56:09+08:00][sql] SHOW FULL COLUMNS FROM `carver_navigation` [ RunTime:0.000616s ]
[2021-04-13T00:56:09+08:00][sql] SELECT * FROM `carver_navigation` [ RunTime:0.000291s ]
[2021-04-13T00:56:09+08:00][sql] SHOW FULL COLUMNS FROM `carver_link` [ RunTime:0.000642s ]
[2021-04-13T00:56:09+08:00][sql] SELECT * FROM `carver_link` WHERE  ( is_confirm=2 ) LIMIT 20 [ RunTime:0.000354s ]
[2021-04-13T00:56:09+08:00][sql] SELECT `article_label` FROM `carver_article` [ RunTime:0.000275s ]
[2021-04-13T00:56:09+08:00][sql] SHOW FULL COLUMNS FROM `carver_carouse` [ RunTime:0.000593s ]
[2021-04-13T00:56:09+08:00][sql] SELECT `carouse_img`,`carouse_desc` FROM `carver_carouse` WHERE  `is_show` = 1 ORDER BY `carouse_sort` DESC LIMIT 3 [ RunTime:0.000323s ]
[2021-04-13T00:56:09+08:00][sql] SHOW FULL COLUMNS FROM `carver_site` [ RunTime:0.000584s ]
[2021-04-13T00:56:09+08:00][sql] SELECT * FROM `carver_site` [ RunTime:0.000279s ]
[2021-04-13T00:56:12+08:00][sql] CONNECT:[ UseTime:0.000545s ] mysql:host=127.0.0.1;port=3306;dbname=carver;charset=utf8
[2021-04-13T00:56:12+08:00][sql] SHOW FULL COLUMNS FROM `carver_article` [ RunTime:0.000876s ]
[2021-04-13T00:56:12+08:00][sql] SELECT COUNT(*) AS think_count FROM `carver_article` WHERE  `article_label` LIKE '%设计模式//%'  AND `delete_time` = 0  AND `is_show` = 1 [ RunTime:0.000428s ]
[2021-04-13T00:56:12+08:00][sql] SELECT * FROM `carver_article` WHERE  `article_label` LIKE '%设计模式//%'  AND `delete_time` = 0  AND `is_show` = 1 LIMIT 0,6 [ RunTime:0.000909s ]
[2021-04-13T00:56:12+08:00][sql] SELECT article_id,article_title,click_num,FROM_UNIXTIME(add_time,'%Y-%m-%d') as add_time FROM `carver_article` WHERE  `is_show` = 1  AND `delete_time` = 0 ORDER BY `click_num` DESC LIMIT 3 [ RunTime:0.000480s ]
[2021-04-13T00:56:12+08:00][sql] SHOW FULL COLUMNS FROM `carver_notice` [ RunTime:0.000716s ]
[2021-04-13T00:56:12+08:00][sql] SELECT * FROM `carver_notice` ORDER BY `create_time` DESC LIMIT 3 [ RunTime:0.000325s ]
[2021-04-13T00:56:12+08:00][sql] SHOW FULL COLUMNS FROM `carver_navigation` [ RunTime:0.000596s ]
[2021-04-13T00:56:12+08:00][sql] SELECT * FROM `carver_navigation` [ RunTime:0.000307s ]
[2021-04-13T00:56:12+08:00][sql] SHOW FULL COLUMNS FROM `carver_link` [ RunTime:0.000559s ]
[2021-04-13T00:56:12+08:00][sql] SELECT * FROM `carver_link` WHERE  ( is_confirm=2 ) LIMIT 20 [ RunTime:0.000349s ]
[2021-04-13T00:56:12+08:00][sql] SELECT `article_label` FROM `carver_article` [ RunTime:0.000279s ]
[2021-04-13T00:56:12+08:00][sql] SHOW FULL COLUMNS FROM `carver_carouse` [ RunTime:0.000533s ]
[2021-04-13T00:56:12+08:00][sql] SELECT `carouse_img`,`carouse_desc` FROM `carver_carouse` WHERE  `is_show` = 1 ORDER BY `carouse_sort` DESC LIMIT 3 [ RunTime:0.000329s ]
[2021-04-13T00:56:12+08:00][sql] SHOW FULL COLUMNS FROM `carver_site` [ RunTime:0.000534s ]
[2021-04-13T00:56:12+08:00][sql] SELECT * FROM `carver_site` [ RunTime:0.000295s ]
[2021-04-13T02:28:55+08:00][sql] CONNECT:[ UseTime:0.000587s ] mysql:host=127.0.0.1;port=3306;dbname=carver;charset=utf8
[2021-04-13T02:28:55+08:00][sql] SHOW FULL COLUMNS FROM `carver_article` [ RunTime:0.000891s ]
[2021-04-13T02:28:55+08:00][sql] SELECT COUNT(*) AS think_count FROM `carver_article` WHERE  `article_label` LIKE '%222%'  AND `delete_time` = 0  AND `is_show` = 1 [ RunTime:0.000477s ]
[2021-04-13T02:28:55+08:00][sql] SELECT * FROM `carver_article` WHERE  `article_label` LIKE '%222%'  AND `delete_time` = 0  AND `is_show` = 1 LIMIT 0,6 [ RunTime:0.000935s ]
[2021-04-13T02:28:55+08:00][sql] SELECT article_id,article_title,click_num,FROM_UNIXTIME(add_time,'%Y-%m-%d') as add_time FROM `carver_article` WHERE  `is_show` = 1  AND `delete_time` = 0 ORDER BY `click_num` DESC LIMIT 3 [ RunTime:0.000459s ]
[2021-04-13T02:28:55+08:00][sql] SHOW FULL COLUMNS FROM `carver_notice` [ RunTime:0.000788s ]
[2021-04-13T02:28:55+08:00][sql] SELECT * FROM `carver_notice` ORDER BY `create_time` DESC LIMIT 3 [ RunTime:0.000394s ]
[2021-04-13T02:28:55+08:00][sql] SHOW FULL COLUMNS FROM `carver_navigation` [ RunTime:0.000709s ]
[2021-04-13T02:28:55+08:00][sql] SELECT * FROM `carver_navigation` [ RunTime:0.000361s ]
[2021-04-13T02:28:55+08:00][sql] SHOW FULL COLUMNS FROM `carver_link` [ RunTime:0.000826s ]
[2021-04-13T02:28:55+08:00][sql] SELECT * FROM `carver_link` WHERE  ( is_confirm=2 ) LIMIT 20 [ RunTime:0.000420s ]
[2021-04-13T02:28:55+08:00][sql] SELECT `article_label` FROM `carver_article` [ RunTime:0.000351s ]
[2021-04-13T02:28:55+08:00][sql] SHOW FULL COLUMNS FROM `carver_carouse` [ RunTime:0.000659s ]
[2021-04-13T02:28:55+08:00][sql] SELECT `carouse_img`,`carouse_desc` FROM `carver_carouse` WHERE  `is_show` = 1 ORDER BY `carouse_sort` DESC LIMIT 3 [ RunTime:0.000374s ]
[2021-04-13T02:28:55+08:00][sql] SHOW FULL COLUMNS FROM `carver_site` [ RunTime:0.000688s ]
[2021-04-13T02:28:55+08:00][sql] SELECT * FROM `carver_site` [ RunTime:0.000327s ]
[2021-04-13T02:43:14+08:00][sql] CONNECT:[ UseTime:0.000528s ] mysql:host=127.0.0.1;port=3306;dbname=carver;charset=utf8
[2021-04-13T02:43:14+08:00][sql] SHOW FULL COLUMNS FROM `carver_user` [ RunTime:0.000776s ]
[2021-04-13T03:41:50+08:00][sql] CONNECT:[ UseTime:0.000494s ] mysql:host=127.0.0.1;port=3306;dbname=carver;charset=utf8
[2021-04-13T03:41:50+08:00][sql] SHOW FULL COLUMNS FROM `carver_user` [ RunTime:0.000806s ]
[2021-04-13T03:41:50+08:00][sql] SHOW FULL COLUMNS FROM `carver_article` [ RunTime:0.000705s ]
[2021-04-13T03:41:50+08:00][sql] SELECT COUNT(*) AS think_count FROM `carver_article` WHERE  `delete_time` = 0  AND `is_show` = 1 [ RunTime:0.000378s ]
[2021-04-13T03:41:50+08:00][sql] SELECT `article_id`,`article_title`,`article_desc`,`article_content`,`article_img`,`article_guide`,`article_label`,`click_num`,`is_show`,`add_time`,`article_author`,`is_top_show` FROM `carver_article` WHERE  `delete_time` = 0  AND `is_show` = 1 ORDER BY `article_id` DESC LIMIT 0,6 [ RunTime:0.000607s ]
[2021-04-13T03:41:50+08:00][sql] SELECT article_id,article_title,click_num,FROM_UNIXTIME(add_time,'%Y-%m-%d') as add_time FROM `carver_article` WHERE  `is_show` = 1  AND `delete_time` = 0 ORDER BY `click_num` DESC LIMIT 3 [ RunTime:0.000447s ]
[2021-04-13T03:41:50+08:00][sql] SHOW FULL COLUMNS FROM `carver_notice` [ RunTime:0.000590s ]
[2021-04-13T03:41:50+08:00][sql] SELECT * FROM `carver_notice` ORDER BY `create_time` DESC LIMIT 3 [ RunTime:0.000287s ]
[2021-04-13T03:41:50+08:00][sql] SHOW FULL COLUMNS FROM `carver_navigation` [ RunTime:0.000501s ]
[2021-04-13T03:41:50+08:00][sql] SELECT * FROM `carver_navigation` [ RunTime:0.000246s ]
[2021-04-13T03:41:50+08:00][sql] SHOW FULL COLUMNS FROM `carver_link` [ RunTime:0.000517s ]
[2021-04-13T03:41:50+08:00][sql] SELECT * FROM `carver_link` WHERE  ( is_confirm=2 ) LIMIT 20 [ RunTime:0.000291s ]
[2021-04-13T03:41:50+08:00][sql] SELECT `article_label` FROM `carver_article` [ RunTime:0.000251s ]
[2021-04-13T03:41:50+08:00][sql] SHOW FULL COLUMNS FROM `carver_carouse` [ RunTime:0.000523s ]
[2021-04-13T03:41:50+08:00][sql] SELECT `carouse_img`,`carouse_desc` FROM `carver_carouse` WHERE  `is_show` = 1 ORDER BY `carouse_sort` DESC LIMIT 3 [ RunTime:0.000289s ]
[2021-04-13T03:41:50+08:00][sql] SHOW FULL COLUMNS FROM `carver_site` [ RunTime:0.000510s ]
[2021-04-13T03:41:50+08:00][sql] SELECT * FROM `carver_site` [ RunTime:0.000236s ]
[2021-04-13T03:50:07+08:00][sql] CONNECT:[ UseTime:0.000528s ] mysql:host=127.0.0.1;port=3306;dbname=carver;charset=utf8
[2021-04-13T03:50:07+08:00][sql] SHOW FULL COLUMNS FROM `carver_article` [ RunTime:0.000885s ]
[2021-04-13T03:50:07+08:00][sql] SELECT COUNT(*) AS think_count FROM `carver_article` WHERE  `article_guide` = 6  AND `delete_time` = 0  AND `is_show` = 1 [ RunTime:0.000445s ]
[2021-04-13T03:50:07+08:00][sql] SELECT * FROM `carver_article` WHERE  `article_guide` = 6  AND `delete_time` = 0  AND `is_show` = 1 ORDER BY `add_time` DESC LIMIT 0,6 [ RunTime:0.000763s ]
[2021-04-13T03:50:07+08:00][sql] SELECT article_id,article_title,click_num,FROM_UNIXTIME(add_time,'%Y-%m-%d') as add_time FROM `carver_article` WHERE  `is_show` = 1  AND `delete_time` = 0 ORDER BY `click_num` DESC LIMIT 3 [ RunTime:0.000468s ]
[2021-04-13T03:50:07+08:00][sql] SHOW FULL COLUMNS FROM `carver_notice` [ RunTime:0.000654s ]
[2021-04-13T03:50:07+08:00][sql] SELECT * FROM `carver_notice` ORDER BY `create_time` DESC LIMIT 3 [ RunTime:0.000296s ]
[2021-04-13T03:50:07+08:00][sql] SHOW FULL COLUMNS FROM `carver_navigation` [ RunTime:0.000635s ]
[2021-04-13T03:50:07+08:00][sql] SELECT * FROM `carver_navigation` [ RunTime:0.000298s ]
[2021-04-13T03:50:07+08:00][sql] SELECT `article_label` FROM `carver_article` [ RunTime:0.000245s ]
[2021-04-13T03:50:07+08:00][sql] SHOW FULL COLUMNS FROM `carver_carouse` [ RunTime:0.000577s ]
[2021-04-13T03:50:07+08:00][sql] SELECT `carouse_img`,`carouse_desc` FROM `carver_carouse` WHERE  `is_show` = 1 ORDER BY `carouse_sort` DESC LIMIT 3 [ RunTime:0.000298s ]
[2021-04-13T03:50:07+08:00][sql] SHOW FULL COLUMNS FROM `carver_link` [ RunTime:0.000484s ]
[2021-04-13T03:50:07+08:00][sql] SELECT * FROM `carver_link` WHERE  ( is_confirm=2 ) LIMIT 20 [ RunTime:0.000316s ]
[2021-04-13T03:50:07+08:00][sql] SHOW FULL COLUMNS FROM `carver_site` [ RunTime:0.000593s ]
[2021-04-13T03:50:07+08:00][sql] SELECT * FROM `carver_site` [ RunTime:0.000231s ]
[2021-04-13T06:40:11+08:00][sql] CONNECT:[ UseTime:0.000518s ] mysql:host=127.0.0.1;port=3306;dbname=carver;charset=utf8
[2021-04-13T06:40:11+08:00][sql] SHOW FULL COLUMNS FROM `carver_user` [ RunTime:0.000987s ]
[2021-04-13T06:40:11+08:00][sql] SHOW FULL COLUMNS FROM `carver_article` [ RunTime:0.000690s ]
[2021-04-13T06:40:11+08:00][sql] SELECT COUNT(*) AS think_count FROM `carver_article` WHERE  `delete_time` = 0  AND `is_show` = 1 [ RunTime:0.000370s ]
[2021-04-13T06:40:11+08:00][sql] SELECT `article_id`,`article_title`,`article_desc`,`article_content`,`article_img`,`article_guide`,`article_label`,`click_num`,`is_show`,`add_time`,`article_author`,`is_top_show` FROM `carver_article` WHERE  `delete_time` = 0  AND `is_show` = 1 ORDER BY `article_id` DESC LIMIT 0,6 [ RunTime:0.000659s ]
[2021-04-13T06:40:11+08:00][sql] SELECT article_id,article_title,click_num,FROM_UNIXTIME(add_time,'%Y-%m-%d') as add_time FROM `carver_article` WHERE  `is_show` = 1  AND `delete_time` = 0 ORDER BY `click_num` DESC LIMIT 3 [ RunTime:0.000475s ]
[2021-04-13T06:40:11+08:00][sql] SHOW FULL COLUMNS FROM `carver_notice` [ RunTime:0.000599s ]
[2021-04-13T06:40:11+08:00][sql] SELECT * FROM `carver_notice` ORDER BY `create_time` DESC LIMIT 3 [ RunTime:0.000271s ]
[2021-04-13T06:40:11+08:00][sql] SHOW FULL COLUMNS FROM `carver_navigation` [ RunTime:0.000567s ]
[2021-04-13T06:40:11+08:00][sql] SELECT * FROM `carver_navigation` [ RunTime:0.000271s ]
[2021-04-13T06:40:11+08:00][sql] SHOW FULL COLUMNS FROM `carver_link` [ RunTime:0.000716s ]
[2021-04-13T06:40:11+08:00][sql] SELECT * FROM `carver_link` WHERE  ( is_confirm=2 ) LIMIT 20 [ RunTime:0.000376s ]
[2021-04-13T06:40:11+08:00][sql] SELECT `article_label` FROM `carver_article` [ RunTime:0.000302s ]
[2021-04-13T06:40:11+08:00][sql] SHOW FULL COLUMNS FROM `carver_carouse` [ RunTime:0.000504s ]
[2021-04-13T06:40:11+08:00][sql] SELECT `carouse_img`,`carouse_desc` FROM `carver_carouse` WHERE  `is_show` = 1 ORDER BY `carouse_sort` DESC LIMIT 3 [ RunTime:0.000321s ]
[2021-04-13T06:40:11+08:00][sql] SHOW FULL COLUMNS FROM `carver_site` [ RunTime:0.000496s ]
[2021-04-13T06:40:11+08:00][sql] SELECT * FROM `carver_site` [ RunTime:0.000282s ]
[2021-04-13T07:12:45+08:00][sql] CONNECT:[ UseTime:0.000793s ] mysql:host=127.0.0.1;port=3306;dbname=carver;charset=utf8
[2021-04-13T07:12:45+08:00][sql] SHOW FULL COLUMNS FROM `carver_user` [ RunTime:0.000967s ]
[2021-04-13T07:12:45+08:00][sql] SHOW FULL COLUMNS FROM `carver_article` [ RunTime:0.000819s ]
[2021-04-13T07:12:45+08:00][sql] SELECT COUNT(*) AS think_count FROM `carver_article` WHERE  `delete_time` = 0  AND `is_show` = 1 [ RunTime:0.000435s ]
[2021-04-13T07:12:45+08:00][sql] SELECT `article_id`,`article_title`,`article_desc`,`article_content`,`article_img`,`article_guide`,`article_label`,`click_num`,`is_show`,`add_time`,`article_author`,`is_top_show` FROM `carver_article` WHERE  `delete_time` = 0  AND `is_show` = 1 ORDER BY `article_id` DESC LIMIT 0,6 [ RunTime:0.000750s ]
[2021-04-13T07:12:45+08:00][sql] SELECT article_id,article_title,click_num,FROM_UNIXTIME(add_time,'%Y-%m-%d') as add_time FROM `carver_article` WHERE  `is_show` = 1  AND `delete_time` = 0 ORDER BY `click_num` DESC LIMIT 3 [ RunTime:0.000477s ]
[2021-04-13T07:12:45+08:00][sql] SHOW FULL COLUMNS FROM `carver_notice` [ RunTime:0.000636s ]
[2021-04-13T07:12:45+08:00][sql] SELECT * FROM `carver_notice` ORDER BY `create_time` DESC LIMIT 3 [ RunTime:0.000324s ]
[2021-04-13T07:12:45+08:00][sql] SHOW FULL COLUMNS FROM `carver_navigation` [ RunTime:0.000522s ]
[2021-04-13T07:12:45+08:00][sql] SELECT * FROM `carver_navigation` [ RunTime:0.000233s ]
[2021-04-13T07:12:45+08:00][sql] SHOW FULL COLUMNS FROM `carver_link` [ RunTime:0.000483s ]
[2021-04-13T07:12:45+08:00][sql] SELECT * FROM `carver_link` WHERE  ( is_confirm=2 ) LIMIT 20 [ RunTime:0.000294s ]
[2021-04-13T07:12:45+08:00][sql] SELECT `article_label` FROM `carver_article` [ RunTime:0.000266s ]
[2021-04-13T07:12:45+08:00][sql] SHOW FULL COLUMNS FROM `carver_carouse` [ RunTime:0.000502s ]
[2021-04-13T07:12:45+08:00][sql] SELECT `carouse_img`,`carouse_desc` FROM `carver_carouse` WHERE  `is_show` = 1 ORDER BY `carouse_sort` DESC LIMIT 3 [ RunTime:0.000315s ]
[2021-04-13T07:12:45+08:00][sql] SHOW FULL COLUMNS FROM `carver_site` [ RunTime:0.000498s ]
[2021-04-13T07:12:45+08:00][sql] SELECT * FROM `carver_site` [ RunTime:0.000257s ]
[2021-04-13T08:10:30+08:00][sql] CONNECT:[ UseTime:0.000571s ] mysql:host=127.0.0.1;port=3306;dbname=carver;charset=utf8
[2021-04-13T08:10:30+08:00][sql] SHOW FULL COLUMNS FROM `carver_article` [ RunTime:0.000874s ]
[2021-04-13T08:10:30+08:00][sql] SELECT COUNT(*) AS think_count FROM `carver_article` WHERE  `article_label` LIKE '%php;网络安全//%'  AND `delete_time` = 0  AND `is_show` = 1 [ RunTime:0.000455s ]
[2021-04-13T08:10:30+08:00][sql] SELECT * FROM `carver_article` WHERE  `article_label` LIKE '%php;网络安全//%'  AND `delete_time` = 0  AND `is_show` = 1 LIMIT 0,6 [ RunTime:0.000911s ]
[2021-04-13T08:10:30+08:00][sql] SELECT article_id,article_title,click_num,FROM_UNIXTIME(add_time,'%Y-%m-%d') as add_time FROM `carver_article` WHERE  `is_show` = 1  AND `delete_time` = 0 ORDER BY `click_num` DESC LIMIT 3 [ RunTime:0.000464s ]
[2021-04-13T08:10:30+08:00][sql] SHOW FULL COLUMNS FROM `carver_notice` [ RunTime:0.000707s ]
[2021-04-13T08:10:30+08:00][sql] SELECT * FROM `carver_notice` ORDER BY `create_time` DESC LIMIT 3 [ RunTime:0.000325s ]
[2021-04-13T08:10:30+08:00][sql] SHOW FULL COLUMNS FROM `carver_navigation` [ RunTime:0.000536s ]
[2021-04-13T08:10:30+08:00][sql] SELECT * FROM `carver_navigation` [ RunTime:0.000323s ]
[2021-04-13T08:10:30+08:00][sql] SHOW FULL COLUMNS FROM `carver_link` [ RunTime:0.000612s ]
[2021-04-13T08:10:30+08:00][sql] SELECT * FROM `carver_link` WHERE  ( is_confirm=2 ) LIMIT 20 [ RunTime:0.000343s ]
[2021-04-13T08:10:30+08:00][sql] SELECT `article_label` FROM `carver_article` [ RunTime:0.000271s ]
[2021-04-13T08:10:30+08:00][sql] SHOW FULL COLUMNS FROM `carver_carouse` [ RunTime:0.000584s ]
[2021-04-13T08:10:30+08:00][sql] SELECT `carouse_img`,`carouse_desc` FROM `carver_carouse` WHERE  `is_show` = 1 ORDER BY `carouse_sort` DESC LIMIT 3 [ RunTime:0.000326s ]
[2021-04-13T08:10:30+08:00][sql] SHOW FULL COLUMNS FROM `carver_site` [ RunTime:0.000544s ]
[2021-04-13T08:10:30+08:00][sql] SELECT * FROM `carver_site` [ RunTime:0.000296s ]
[2021-04-13T08:10:46+08:00][sql] CONNECT:[ UseTime:0.000513s ] mysql:host=127.0.0.1;port=3306;dbname=carver;charset=utf8
[2021-04-13T08:10:46+08:00][sql] SHOW FULL COLUMNS FROM `carver_article` [ RunTime:0.000870s ]
[2021-04-13T08:10:46+08:00][sql] SELECT COUNT(*) AS think_count FROM `carver_article` WHERE  `article_label` LIKE '%php;设计模式//%'  AND `delete_time` = 0  AND `is_show` = 1 [ RunTime:0.000449s ]
[2021-04-13T08:10:46+08:00][sql] SELECT * FROM `carver_article` WHERE  `article_label` LIKE '%php;设计模式//%'  AND `delete_time` = 0  AND `is_show` = 1 LIMIT 0,6 [ RunTime:0.000976s ]
[2021-04-13T08:10:46+08:00][sql] SELECT article_id,article_title,click_num,FROM_UNIXTIME(add_time,'%Y-%m-%d') as add_time FROM `carver_article` WHERE  `is_show` = 1  AND `delete_time` = 0 ORDER BY `click_num` DESC LIMIT 3 [ RunTime:0.000418s ]
[2021-04-13T08:10:46+08:00][sql] SHOW FULL COLUMNS FROM `carver_notice` [ RunTime:0.000598s ]
[2021-04-13T08:10:46+08:00][sql] SELECT * FROM `carver_notice` ORDER BY `create_time` DESC LIMIT 3 [ RunTime:0.000309s ]
[2021-04-13T08:10:46+08:00][sql] SHOW FULL COLUMNS FROM `carver_navigation` [ RunTime:0.000563s ]
[2021-04-13T08:10:46+08:00][sql] SELECT * FROM `carver_navigation` [ RunTime:0.000283s ]
[2021-04-13T08:10:46+08:00][sql] SHOW FULL COLUMNS FROM `carver_link` [ RunTime:0.000559s ]
[2021-04-13T08:10:46+08:00][sql] SELECT * FROM `carver_link` WHERE  ( is_confirm=2 ) LIMIT 20 [ RunTime:0.000343s ]
[2021-04-13T08:10:46+08:00][sql] SELECT `article_label` FROM `carver_article` [ RunTime:0.000271s ]
[2021-04-13T08:10:46+08:00][sql] SHOW FULL COLUMNS FROM `carver_carouse` [ RunTime:0.000527s ]
[2021-04-13T08:10:46+08:00][sql] SELECT `carouse_img`,`carouse_desc` FROM `carver_carouse` WHERE  `is_show` = 1 ORDER BY `carouse_sort` DESC LIMIT 3 [ RunTime:0.000311s ]
[2021-04-13T08:10:46+08:00][sql] SHOW FULL COLUMNS FROM `carver_site` [ RunTime:0.000526s ]
[2021-04-13T08:10:46+08:00][sql] SELECT * FROM `carver_site` [ RunTime:0.000297s ]
[2021-04-13T08:34:42+08:00][sql] CONNECT:[ UseTime:0.000506s ] mysql:host=127.0.0.1;port=3306;dbname=carver;charset=utf8
[2021-04-13T08:34:42+08:00][sql] SHOW FULL COLUMNS FROM `carver_user` [ RunTime:0.000810s ]
[2021-04-13T08:34:42+08:00][sql] SHOW FULL COLUMNS FROM `carver_article` [ RunTime:0.000670s ]
[2021-04-13T08:34:42+08:00][sql] SELECT COUNT(*) AS think_count FROM `carver_article` WHERE  `delete_time` = 0  AND `is_show` = 1 [ RunTime:0.000389s ]
[2021-04-13T08:34:42+08:00][sql] SELECT `article_id`,`article_title`,`article_desc`,`article_content`,`article_img`,`article_guide`,`article_label`,`click_num`,`is_show`,`add_time`,`article_author`,`is_top_show` FROM `carver_article` WHERE  `delete_time` = 0  AND `is_show` = 1 ORDER BY `article_id` DESC LIMIT 0,6 [ RunTime:0.000751s ]
[2021-04-13T08:34:42+08:00][sql] SELECT article_id,article_title,click_num,FROM_UNIXTIME(add_time,'%Y-%m-%d') as add_time FROM `carver_article` WHERE  `is_show` = 1  AND `delete_time` = 0 ORDER BY `click_num` DESC LIMIT 3 [ RunTime:0.000395s ]
[2021-04-13T08:34:42+08:00][sql] SHOW FULL COLUMNS FROM `carver_notice` [ RunTime:0.000500s ]
[2021-04-13T08:34:42+08:00][sql] SELECT * FROM `carver_notice` ORDER BY `create_time` DESC LIMIT 3 [ RunTime:0.000282s ]
[2021-04-13T08:34:42+08:00][sql] SHOW FULL COLUMNS FROM `carver_navigation` [ RunTime:0.000516s ]
[2021-04-13T08:34:42+08:00][sql] SELECT * FROM `carver_navigation` [ RunTime:0.000230s ]
[2021-04-13T08:34:42+08:00][sql] SHOW FULL COLUMNS FROM `carver_link` [ RunTime:0.000496s ]
[2021-04-13T08:34:42+08:00][sql] SELECT * FROM `carver_link` WHERE  ( is_confirm=2 ) LIMIT 20 [ RunTime:0.000283s ]
[2021-04-13T08:34:42+08:00][sql] SELECT `article_label` FROM `carver_article` [ RunTime:0.000263s ]
[2021-04-13T08:34:42+08:00][sql] SHOW FULL COLUMNS FROM `carver_carouse` [ RunTime:0.000467s ]
[2021-04-13T08:34:42+08:00][sql] SELECT `carouse_img`,`carouse_desc` FROM `carver_carouse` WHERE  `is_show` = 1 ORDER BY `carouse_sort` DESC LIMIT 3 [ RunTime:0.000286s ]
[2021-04-13T08:34:42+08:00][sql] SHOW FULL COLUMNS FROM `carver_site` [ RunTime:0.000469s ]
[2021-04-13T08:34:42+08:00][sql] SELECT * FROM `carver_site` [ RunTime:0.000217s ]
[2021-04-13T09:23:51+08:00][sql] CONNECT:[ UseTime:0.000547s ] mysql:host=127.0.0.1;port=3306;dbname=carver;charset=utf8
[2021-04-13T09:23:51+08:00][sql] SHOW FULL COLUMNS FROM `carver_article` [ RunTime:0.000923s ]
[2021-04-13T09:23:51+08:00][sql] SELECT `article_id`,`article_title`,`article_desc`,`article_content`,`article_img`,`article_guide`,`article_label`,`click_num`,`is_show`,`add_time`,`article_author` FROM `carver_article` WHERE  `article_id` = 1 LIMIT 1 [ RunTime:0.000563s ]
[2021-04-13T09:23:51+08:00][sql] SELECT `article_id`,`article_title`,`article_desc`,`article_content`,`article_img`,`article_guide`,`article_label`,`click_num`,`is_show`,`add_time`,`article_author` FROM `carver_article` WHERE  `article_id` > 1 LIMIT 1 [ RunTime:0.000368s ]
[2021-04-13T09:23:51+08:00][sql] SELECT `article_id`,`article_title`,`article_desc`,`article_content`,`article_img`,`article_guide`,`article_label`,`click_num`,`is_show`,`add_time`,`article_author` FROM `carver_article` WHERE  `article_id` < 1 ORDER BY `article_id` DESC LIMIT 1 [ RunTime:0.000393s ]
[2021-04-13T09:23:51+08:00][sql] SHOW FULL COLUMNS FROM `carver_link` [ RunTime:0.000605s ]
[2021-04-13T09:23:51+08:00][sql] SELECT * FROM `carver_link` WHERE  ( is_confirm=2 ) LIMIT 20 [ RunTime:0.000300s ]
[2021-04-13T09:23:51+08:00][sql] SELECT article_id,article_title,click_num,FROM_UNIXTIME(add_time,'%Y-%m-%d') as add_time FROM `carver_article` ORDER BY `click_num` DESC LIMIT 3 [ RunTime:0.000370s ]
[2021-04-13T09:23:51+08:00][sql] SHOW FULL COLUMNS FROM `carver_comment` [ RunTime:0.000662s ]
[2021-04-13T09:23:51+08:00][sql] SELECT `a`.*,`b`.`user_name` FROM `carver_comment` `a` INNER JOIN `carver_user` `b` ON `a`.`user_id`=`b`.`user_id` WHERE  `article_id` = 1 ORDER BY `create_time` DESC [ RunTime:0.000364s ]
[2021-04-13T09:23:51+08:00][sql] SHOW FULL COLUMNS FROM `carver_comment_to_others` [ RunTime:0.000539s ]
[2021-04-13T09:23:51+08:00][sql] SELECT * FROM `carver_comment_to_others` [ RunTime:0.000279s ]
[2021-04-13T09:23:51+08:00][sql] SHOW FULL COLUMNS FROM `carver_user` [ RunTime:0.000519s ]
[2021-04-13T09:23:51+08:00][sql] SELECT `user_name` FROM `carver_user` WHERE  `user_id` = 4 LIMIT 1 [ RunTime:0.000264s ]
[2021-04-13T09:23:51+08:00][sql] SELECT `user_name` FROM `carver_user` WHERE  `user_id` = 4 LIMIT 1 [ RunTime:0.000283s ]
[2021-04-13T09:23:51+08:00][sql] SELECT `user_name` FROM `carver_user` WHERE  `user_id` = 5 LIMIT 1 [ RunTime:0.000250s ]
[2021-04-13T09:23:51+08:00][sql] SELECT `user_name` FROM `carver_user` WHERE  `user_id` = 5 LIMIT 1 [ RunTime:0.000232s ]
[2021-04-13T09:23:51+08:00][sql] SELECT `user_name`,`user_id` FROM `carver_user` [ RunTime:0.000227s ]
[2021-04-13T09:23:51+08:00][sql] SHOW FULL COLUMNS FROM `carver_navigation` [ RunTime:0.000555s ]
[2021-04-13T09:23:51+08:00][sql] SELECT * FROM `carver_navigation` [ RunTime:0.000240s ]
[2021-04-13T09:23:51+08:00][sql] SELECT `article_label` FROM `carver_article` [ RunTime:0.000248s ]
[2021-04-13T09:28:23+08:00][sql] CONNECT:[ UseTime:0.000495s ] mysql:host=127.0.0.1;port=3306;dbname=carver;charset=utf8
[2021-04-13T09:28:23+08:00][sql] SHOW FULL COLUMNS FROM `carver_user` [ RunTime:0.000817s ]
[2021-04-13T11:40:13+08:00][sql] CONNECT:[ UseTime:0.000651s ] mysql:host=127.0.0.1;port=3306;dbname=carver;charset=utf8
[2021-04-13T11:40:13+08:00][sql] SHOW FULL COLUMNS FROM `carver_article` [ RunTime:0.000960s ]
[2021-04-13T11:40:13+08:00][sql] SELECT COUNT(*) AS think_count FROM `carver_article` WHERE  `article_guide` = 41  AND `delete_time` = 0  AND `is_show` = 1 [ RunTime:0.000429s ]
[2021-04-13T11:40:13+08:00][sql] SELECT * FROM `carver_article` WHERE  `article_guide` = 41  AND `delete_time` = 0  AND `is_show` = 1 ORDER BY `add_time` DESC LIMIT 0,6 [ RunTime:0.000425s ]
[2021-04-13T11:40:13+08:00][sql] SELECT article_id,article_title,click_num,FROM_UNIXTIME(add_time,'%Y-%m-%d') as add_time FROM `carver_article` WHERE  `is_show` = 1  AND `delete_time` = 0 ORDER BY `click_num` DESC LIMIT 3 [ RunTime:0.000450s ]
[2021-04-13T11:40:13+08:00][sql] SHOW FULL COLUMNS FROM `carver_notice` [ RunTime:0.000665s ]
[2021-04-13T11:40:13+08:00][sql] SELECT * FROM `carver_notice` ORDER BY `create_time` DESC LIMIT 3 [ RunTime:0.000313s ]
[2021-04-13T11:40:13+08:00][sql] SHOW FULL COLUMNS FROM `carver_navigation` [ RunTime:0.000563s ]
[2021-04-13T11:40:13+08:00][sql] SELECT * FROM `carver_navigation` [ RunTime:0.000308s ]
[2021-04-13T11:40:13+08:00][sql] SELECT `article_label` FROM `carver_article` [ RunTime:0.000274s ]
[2021-04-13T11:40:13+08:00][sql] SHOW FULL COLUMNS FROM `carver_carouse` [ RunTime:0.000588s ]
[2021-04-13T11:40:13+08:00][sql] SELECT `carouse_img`,`carouse_desc` FROM `carver_carouse` WHERE  `is_show` = 1 ORDER BY `carouse_sort` DESC LIMIT 3 [ RunTime:0.000297s ]
[2021-04-13T11:40:13+08:00][sql] SHOW FULL COLUMNS FROM `carver_link` [ RunTime:0.000526s ]
[2021-04-13T11:40:13+08:00][sql] SELECT * FROM `carver_link` WHERE  ( is_confirm=2 ) LIMIT 20 [ RunTime:0.000364s ]
[2021-04-13T11:40:13+08:00][sql] SHOW FULL COLUMNS FROM `carver_site` [ RunTime:0.000611s ]
[2021-04-13T11:40:13+08:00][sql] SELECT * FROM `carver_site` [ RunTime:0.000334s ]
[2021-04-13T12:01:16+08:00][sql] CONNECT:[ UseTime:0.000501s ] mysql:host=127.0.0.1;port=3306;dbname=carver;charset=utf8
[2021-04-13T12:01:16+08:00][sql] SHOW FULL COLUMNS FROM `carver_user` [ RunTime:0.000845s ]
[2021-04-13T12:01:16+08:00][sql] SHOW FULL COLUMNS FROM `carver_article` [ RunTime:0.000748s ]
[2021-04-13T12:01:16+08:00][sql] SELECT COUNT(*) AS think_count FROM `carver_article` WHERE  `delete_time` = 0  AND `is_show` = 1 [ RunTime:0.000467s ]
[2021-04-13T12:01:16+08:00][sql] SELECT `article_id`,`article_title`,`article_desc`,`article_content`,`article_img`,`article_guide`,`article_label`,`click_num`,`is_show`,`add_time`,`article_author`,`is_top_show` FROM `carver_article` WHERE  `delete_time` = 0  AND `is_show` = 1 ORDER BY `article_id` DESC LIMIT 0,6 [ RunTime:0.000801s ]
[2021-04-13T12:01:16+08:00][sql] SELECT article_id,article_title,click_num,FROM_UNIXTIME(add_time,'%Y-%m-%d') as add_time FROM `carver_article` WHERE  `is_show` = 1  AND `delete_time` = 0 ORDER BY `click_num` DESC LIMIT 3 [ RunTime:0.000637s ]
[2021-04-13T12:01:16+08:00][sql] SHOW FULL COLUMNS FROM `carver_notice` [ RunTime:0.000565s ]
[2021-04-13T12:01:16+08:00][sql] SELECT * FROM `carver_notice` ORDER BY `create_time` DESC LIMIT 3 [ RunTime:0.000288s ]
[2021-04-13T12:01:16+08:00][sql] SHOW FULL COLUMNS FROM `carver_navigation` [ RunTime:0.000530s ]
[2021-04-13T12:01:16+08:00][sql] SELECT * FROM `carver_navigation` [ RunTime:0.000232s ]
[2021-04-13T12:01:16+08:00][sql] SHOW FULL COLUMNS FROM `carver_link` [ RunTime:0.000490s ]
[2021-04-13T12:01:16+08:00][sql] SELECT * FROM `carver_link` WHERE  ( is_confirm=2 ) LIMIT 20 [ RunTime:0.000348s ]
[2021-04-13T12:01:16+08:00][sql] SELECT `article_label` FROM `carver_article` [ RunTime:0.000375s ]
[2021-04-13T12:01:16+08:00][sql] SHOW FULL COLUMNS FROM `carver_carouse` [ RunTime:0.000509s ]
[2021-04-13T12:01:16+08:00][sql] SELECT `carouse_img`,`carouse_desc` FROM `carver_carouse` WHERE  `is_show` = 1 ORDER BY `carouse_sort` DESC LIMIT 3 [ RunTime:0.000281s ]
[2021-04-13T12:01:16+08:00][sql] SHOW FULL COLUMNS FROM `carver_site` [ RunTime:0.000482s ]
[2021-04-13T12:01:16+08:00][sql] SELECT * FROM `carver_site` [ RunTime:0.000237s ]
[2021-04-13T12:11:58+08:00][sql] CONNECT:[ UseTime:0.000534s ] mysql:host=127.0.0.1;port=3306;dbname=carver;charset=utf8
[2021-04-13T12:11:58+08:00][sql] SHOW FULL COLUMNS FROM `carver_user` [ RunTime:0.000886s ]
[2021-04-13T12:11:58+08:00][sql] SHOW FULL COLUMNS FROM `carver_article` [ RunTime:0.000746s ]
[2021-04-13T12:11:58+08:00][sql] SELECT COUNT(*) AS think_count FROM `carver_article` WHERE  `delete_time` = 0  AND `is_show` = 1 [ RunTime:0.000417s ]
[2021-04-13T12:11:58+08:00][sql] SELECT `article_id`,`article_title`,`article_desc`,`article_content`,`article_img`,`article_guide`,`article_label`,`click_num`,`is_show`,`add_time`,`article_author`,`is_top_show` FROM `carver_article` WHERE  `delete_time` = 0  AND `is_show` = 1 ORDER BY `article_id` DESC LIMIT 0,6 [ RunTime:0.000792s ]
[2021-04-13T12:11:58+08:00][sql] SELECT article_id,article_title,click_num,FROM_UNIXTIME(add_time,'%Y-%m-%d') as add_time FROM `carver_article` WHERE  `is_show` = 1  AND `delete_time` = 0 ORDER BY `click_num` DESC LIMIT 3 [ RunTime:0.000434s ]
[2021-04-13T12:11:58+08:00][sql] SHOW FULL COLUMNS FROM `carver_notice` [ RunTime:0.000591s ]
[2021-04-13T12:11:58+08:00][sql] SELECT * FROM `carver_notice` ORDER BY `create_time` DESC LIMIT 3 [ RunTime:0.000307s ]
[2021-04-13T12:11:58+08:00][sql] SHOW FULL COLUMNS FROM `carver_navigation` [ RunTime:0.000544s ]
[2021-04-13T12:11:58+08:00][sql] SELECT * FROM `carver_navigation` [ RunTime:0.000277s ]
[2021-04-13T12:11:58+08:00][sql] SHOW FULL COLUMNS FROM `carver_link` [ RunTime:0.000539s ]
[2021-04-13T12:11:58+08:00][sql] SELECT * FROM `carver_link` WHERE  ( is_confirm=2 ) LIMIT 20 [ RunTime:0.000314s ]
[2021-04-13T12:11:58+08:00][sql] SELECT `article_label` FROM `carver_article` [ RunTime:0.000277s ]
[2021-04-13T12:11:58+08:00][sql] SHOW FULL COLUMNS FROM `carver_carouse` [ RunTime:0.000512s ]
[2021-04-13T12:11:58+08:00][sql] SELECT `carouse_img`,`carouse_desc` FROM `carver_carouse` WHERE  `is_show` = 1 ORDER BY `carouse_sort` DESC LIMIT 3 [ RunTime:0.000298s ]
[2021-04-13T12:11:58+08:00][sql] SHOW FULL COLUMNS FROM `carver_site` [ RunTime:0.000492s ]
[2021-04-13T12:11:58+08:00][sql] SELECT * FROM `carver_site` [ RunTime:0.000253s ]
[2021-04-13T12:39:12+08:00][sql] CONNECT:[ UseTime:0.000682s ] mysql:host=127.0.0.1;port=3306;dbname=carver;charset=utf8
[2021-04-13T12:39:12+08:00][sql] SHOW FULL COLUMNS FROM `carver_user` [ RunTime:0.000786s ]
[2021-04-13T12:39:12+08:00][sql] SHOW FULL COLUMNS FROM `carver_article` [ RunTime:0.000692s ]
[2021-04-13T12:39:12+08:00][sql] SELECT COUNT(*) AS think_count FROM `carver_article` WHERE  `delete_time` = 0  AND `is_show` = 1 [ RunTime:0.000397s ]
[2021-04-13T12:39:12+08:00][sql] SELECT `article_id`,`article_title`,`article_desc`,`article_content`,`article_img`,`article_guide`,`article_label`,`click_num`,`is_show`,`add_time`,`article_author`,`is_top_show` FROM `carver_article` WHERE  `delete_time` = 0  AND `is_show` = 1 ORDER BY `article_id` DESC LIMIT 0,6 [ RunTime:0.000619s ]
[2021-04-13T12:39:12+08:00][sql] SELECT article_id,article_title,click_num,FROM_UNIXTIME(add_time,'%Y-%m-%d') as add_time FROM `carver_article` WHERE  `is_show` = 1  AND `delete_time` = 0 ORDER BY `click_num` DESC LIMIT 3 [ RunTime:0.000484s ]
[2021-04-13T12:39:12+08:00][sql] SHOW FULL COLUMNS FROM `carver_notice` [ RunTime:0.000590s ]
[2021-04-13T12:39:12+08:00][sql] SELECT * FROM `carver_notice` ORDER BY `create_time` DESC LIMIT 3 [ RunTime:0.000274s ]
[2021-04-13T12:39:12+08:00][sql] SHOW FULL COLUMNS FROM `carver_navigation` [ RunTime:0.000517s ]
[2021-04-13T12:39:12+08:00][sql] SELECT * FROM `carver_navigation` [ RunTime:0.000258s ]
[2021-04-13T12:39:12+08:00][sql] SHOW FULL COLUMNS FROM `carver_link` [ RunTime:0.000570s ]
[2021-04-13T12:39:12+08:00][sql] SELECT * FROM `carver_link` WHERE  ( is_confirm=2 ) LIMIT 20 [ RunTime:0.000278s ]
[2021-04-13T12:39:12+08:00][sql] SELECT `article_label` FROM `carver_article` [ RunTime:0.000271s ]
[2021-04-13T12:39:12+08:00][sql] SHOW FULL COLUMNS FROM `carver_carouse` [ RunTime:0.000490s ]
[2021-04-13T12:39:12+08:00][sql] SELECT `carouse_img`,`carouse_desc` FROM `carver_carouse` WHERE  `is_show` = 1 ORDER BY `carouse_sort` DESC LIMIT 3 [ RunTime:0.000303s ]
[2021-04-13T12:39:12+08:00][sql] SHOW FULL COLUMNS FROM `carver_site` [ RunTime:0.000480s ]
[2021-04-13T12:39:12+08:00][sql] SELECT * FROM `carver_site` [ RunTime:0.000233s ]
[2021-04-13T13:55:33+08:00][sql] CONNECT:[ UseTime:0.000528s ] mysql:host=127.0.0.1;port=3306;dbname=carver;charset=utf8
[2021-04-13T13:55:33+08:00][sql] SHOW FULL COLUMNS FROM `carver_article` [ RunTime:0.001021s ]
[2021-04-13T13:55:33+08:00][sql] SELECT COUNT(*) AS think_count FROM `carver_article` WHERE  `article_guide` = 59  AND `delete_time` = 0  AND `is_show` = 1 [ RunTime:0.000493s ]
[2021-04-13T13:55:33+08:00][sql] SELECT * FROM `carver_article` WHERE  `article_guide` = 59  AND `delete_time` = 0  AND `is_show` = 1 ORDER BY `add_time` DESC LIMIT 0,6 [ RunTime:0.000488s ]
[2021-04-13T13:55:33+08:00][sql] SELECT article_id,article_title,click_num,FROM_UNIXTIME(add_time,'%Y-%m-%d') as add_time FROM `carver_article` WHERE  `is_show` = 1  AND `delete_time` = 0 ORDER BY `click_num` DESC LIMIT 3 [ RunTime:0.000579s ]
[2021-04-13T13:55:33+08:00][sql] SHOW FULL COLUMNS FROM `carver_notice` [ RunTime:0.000669s ]
[2021-04-13T13:55:33+08:00][sql] SELECT * FROM `carver_notice` ORDER BY `create_time` DESC LIMIT 3 [ RunTime:0.000351s ]
[2021-04-13T13:55:33+08:00][sql] SHOW FULL COLUMNS FROM `carver_navigation` [ RunTime:0.000605s ]
[2021-04-13T13:55:33+08:00][sql] SELECT * FROM `carver_navigation` [ RunTime:0.000306s ]
[2021-04-13T13:55:33+08:00][sql] SELECT `article_label` FROM `carver_article` [ RunTime:0.000293s ]
[2021-04-13T13:55:33+08:00][sql] SHOW FULL COLUMNS FROM `carver_carouse` [ RunTime:0.000573s ]
[2021-04-13T13:55:33+08:00][sql] SELECT `carouse_img`,`carouse_desc` FROM `carver_carouse` WHERE  `is_show` = 1 ORDER BY `carouse_sort` DESC LIMIT 3 [ RunTime:0.000357s ]
[2021-04-13T13:55:33+08:00][sql] SHOW FULL COLUMNS FROM `carver_link` [ RunTime:0.000543s ]
[2021-04-13T13:55:33+08:00][sql] SELECT * FROM `carver_link` WHERE  ( is_confirm=2 ) LIMIT 20 [ RunTime:0.000345s ]
[2021-04-13T13:55:33+08:00][sql] SHOW FULL COLUMNS FROM `carver_site` [ RunTime:0.000582s ]
[2021-04-13T13:55:33+08:00][sql] SELECT * FROM `carver_site` [ RunTime:0.000335s ]
[2021-04-13T14:10:04+08:00][sql] CONNECT:[ UseTime:0.000536s ] mysql:host=127.0.0.1;port=3306;dbname=carver;charset=utf8
[2021-04-13T14:10:04+08:00][sql] SHOW FULL COLUMNS FROM `carver_user` [ RunTime:0.000869s ]
[2021-04-13T14:10:04+08:00][sql] SHOW FULL COLUMNS FROM `carver_article` [ RunTime:0.000759s ]
[2021-04-13T14:10:04+08:00][sql] SELECT COUNT(*) AS think_count FROM `carver_article` WHERE  `delete_time` = 0  AND `is_show` = 1 [ RunTime:0.000366s ]
[2021-04-13T14:10:04+08:00][sql] SELECT `article_id`,`article_title`,`article_desc`,`article_content`,`article_img`,`article_guide`,`article_label`,`click_num`,`is_show`,`add_time`,`article_author`,`is_top_show` FROM `carver_article` WHERE  `delete_time` = 0  AND `is_show` = 1 ORDER BY `article_id` DESC LIMIT 0,6 [ RunTime:0.000800s ]
[2021-04-13T14:10:04+08:00][sql] SELECT article_id,article_title,click_num,FROM_UNIXTIME(add_time,'%Y-%m-%d') as add_time FROM `carver_article` WHERE  `is_show` = 1  AND `delete_time` = 0 ORDER BY `click_num` DESC LIMIT 3 [ RunTime:0.000509s ]
[2021-04-13T14:10:04+08:00][sql] SHOW FULL COLUMNS FROM `carver_notice` [ RunTime:0.000589s ]
[2021-04-13T14:10:04+08:00][sql] SELECT * FROM `carver_notice` ORDER BY `create_time` DESC LIMIT 3 [ RunTime:0.000308s ]
[2021-04-13T14:10:04+08:00][sql] SHOW FULL COLUMNS FROM `carver_navigation` [ RunTime:0.000551s ]
[2021-04-13T14:10:04+08:00][sql] SELECT * FROM `carver_navigation` [ RunTime:0.000273s ]
[2021-04-13T14:10:04+08:00][sql] SHOW FULL COLUMNS FROM `carver_link` [ RunTime:0.000519s ]
[2021-04-13T14:10:04+08:00][sql] SELECT * FROM `carver_link` WHERE  ( is_confirm=2 ) LIMIT 20 [ RunTime:0.000329s ]
[2021-04-13T14:10:04+08:00][sql] SELECT `article_label` FROM `carver_article` [ RunTime:0.000263s ]
[2021-04-13T14:10:04+08:00][sql] SHOW FULL COLUMNS FROM `carver_carouse` [ RunTime:0.000547s ]
[2021-04-13T14:10:04+08:00][sql] SELECT `carouse_img`,`carouse_desc` FROM `carver_carouse` WHERE  `is_show` = 1 ORDER BY `carouse_sort` DESC LIMIT 3 [ RunTime:0.000291s ]
[2021-04-13T14:10:04+08:00][sql] SHOW FULL COLUMNS FROM `carver_site` [ RunTime:0.000519s ]
[2021-04-13T14:10:04+08:00][sql] SELECT * FROM `carver_site` [ RunTime:0.000226s ]
[2021-04-13T16:31:48+08:00][sql] CONNECT:[ UseTime:0.000456s ] mysql:host=127.0.0.1;port=3306;dbname=carver;charset=utf8
[2021-04-13T16:31:48+08:00][sql] SHOW FULL COLUMNS FROM `carver_user` [ RunTime:0.000806s ]
[2021-04-13T16:31:48+08:00][sql] SHOW FULL COLUMNS FROM `carver_article` [ RunTime:0.000677s ]
[2021-04-13T16:31:48+08:00][sql] SELECT COUNT(*) AS think_count FROM `carver_article` WHERE  `delete_time` = 0  AND `is_show` = 1 [ RunTime:0.000391s ]
[2021-04-13T16:31:48+08:00][sql] SELECT `article_id`,`article_title`,`article_desc`,`article_content`,`article_img`,`article_guide`,`article_label`,`click_num`,`is_show`,`add_time`,`article_author`,`is_top_show` FROM `carver_article` WHERE  `delete_time` = 0  AND `is_show` = 1 ORDER BY `article_id` DESC LIMIT 0,6 [ RunTime:0.000761s ]
[2021-04-13T16:31:48+08:00][sql] SELECT article_id,article_title,click_num,FROM_UNIXTIME(add_time,'%Y-%m-%d') as add_time FROM `carver_article` WHERE  `is_show` = 1  AND `delete_time` = 0 ORDER BY `click_num` DESC LIMIT 3 [ RunTime:0.000365s ]
[2021-04-13T16:31:48+08:00][sql] SHOW FULL COLUMNS FROM `carver_notice` [ RunTime:0.000483s ]
[2021-04-13T16:31:48+08:00][sql] SELECT * FROM `carver_notice` ORDER BY `create_time` DESC LIMIT 3 [ RunTime:0.000264s ]
[2021-04-13T16:31:48+08:00][sql] SHOW FULL COLUMNS FROM `carver_navigation` [ RunTime:0.000474s ]
[2021-04-13T16:31:48+08:00][sql] SELECT * FROM `carver_navigation` [ RunTime:0.000257s ]
[2021-04-13T16:31:48+08:00][sql] SHOW FULL COLUMNS FROM `carver_link` [ RunTime:0.000476s ]
[2021-04-13T16:31:48+08:00][sql] SELECT * FROM `carver_link` WHERE  ( is_confirm=2 ) LIMIT 20 [ RunTime:0.000264s ]
[2021-04-13T16:31:48+08:00][sql] SELECT `article_label` FROM `carver_article` [ RunTime:0.000251s ]
[2021-04-13T16:31:48+08:00][sql] SHOW FULL COLUMNS FROM `carver_carouse` [ RunTime:0.000457s ]
[2021-04-13T16:31:48+08:00][sql] SELECT `carouse_img`,`carouse_desc` FROM `carver_carouse` WHERE  `is_show` = 1 ORDER BY `carouse_sort` DESC LIMIT 3 [ RunTime:0.000257s ]
[2021-04-13T16:31:48+08:00][sql] SHOW FULL COLUMNS FROM `carver_site` [ RunTime:0.000457s ]
[2021-04-13T16:31:48+08:00][sql] SELECT * FROM `carver_site` [ RunTime:0.000233s ]
[2021-04-13T16:39:57+08:00][sql] CONNECT:[ UseTime:0.000588s ] mysql:host=127.0.0.1;port=3306;dbname=carver;charset=utf8
[2021-04-13T16:39:57+08:00][sql] SHOW FULL COLUMNS FROM `carver_user` [ RunTime:0.000834s ]
[2021-04-13T16:39:57+08:00][sql] SHOW FULL COLUMNS FROM `carver_article` [ RunTime:0.000697s ]
[2021-04-13T16:39:57+08:00][sql] SELECT COUNT(*) AS think_count FROM `carver_article` WHERE  `delete_time` = 0  AND `is_show` = 1 [ RunTime:0.000400s ]
[2021-04-13T16:39:57+08:00][sql] SELECT `article_id`,`article_title`,`article_desc`,`article_content`,`article_img`,`article_guide`,`article_label`,`click_num`,`is_show`,`add_time`,`article_author`,`is_top_show` FROM `carver_article` WHERE  `delete_time` = 0  AND `is_show` = 1 ORDER BY `article_id` DESC LIMIT 0,6 [ RunTime:0.000762s ]
[2021-04-13T16:39:57+08:00][sql] SELECT article_id,article_title,click_num,FROM_UNIXTIME(add_time,'%Y-%m-%d') as add_time FROM `carver_article` WHERE  `is_show` = 1  AND `delete_time` = 0 ORDER BY `click_num` DESC LIMIT 3 [ RunTime:0.000568s ]
[2021-04-13T16:39:57+08:00][sql] SHOW FULL COLUMNS FROM `carver_notice` [ RunTime:0.000618s ]
[2021-04-13T16:39:57+08:00][sql] SELECT * FROM `carver_notice` ORDER BY `create_time` DESC LIMIT 3 [ RunTime:0.000305s ]
[2021-04-13T16:39:57+08:00][sql] SHOW FULL COLUMNS FROM `carver_navigation` [ RunTime:0.000535s ]
[2021-04-13T16:39:57+08:00][sql] SELECT * FROM `carver_navigation` [ RunTime:0.000248s ]
[2021-04-13T16:39:57+08:00][sql] SHOW FULL COLUMNS FROM `carver_link` [ RunTime:0.000497s ]
[2021-04-13T16:39:57+08:00][sql] SELECT * FROM `carver_link` WHERE  ( is_confirm=2 ) LIMIT 20 [ RunTime:0.000309s ]
[2021-04-13T16:39:57+08:00][sql] SELECT `article_label` FROM `carver_article` [ RunTime:0.000275s ]
[2021-04-13T16:39:57+08:00][sql] SHOW FULL COLUMNS FROM `carver_carouse` [ RunTime:0.000540s ]
[2021-04-13T16:39:57+08:00][sql] SELECT `carouse_img`,`carouse_desc` FROM `carver_carouse` WHERE  `is_show` = 1 ORDER BY `carouse_sort` DESC LIMIT 3 [ RunTime:0.000307s ]
[2021-04-13T16:39:57+08:00][sql] SHOW FULL COLUMNS FROM `carver_site` [ RunTime:0.000545s ]
[2021-04-13T16:39:57+08:00][sql] SELECT * FROM `carver_site` [ RunTime:0.000271s ]
[2021-04-13T16:40:07+08:00][sql] CONNECT:[ UseTime:0.000500s ] mysql:host=127.0.0.1;port=3306;dbname=carver;charset=utf8
[2021-04-13T16:40:07+08:00][sql] SHOW FULL COLUMNS FROM `carver_user` [ RunTime:0.000805s ]
[2021-04-13T16:40:07+08:00][sql] SHOW FULL COLUMNS FROM `carver_article` [ RunTime:0.000673s ]
[2021-04-13T16:40:07+08:00][sql] SELECT COUNT(*) AS think_count FROM `carver_article` WHERE  `delete_time` = 0  AND `is_show` = 1 [ RunTime:0.000366s ]
[2021-04-13T16:40:07+08:00][sql] SELECT `article_id`,`article_title`,`article_desc`,`article_content`,`article_img`,`article_guide`,`article_label`,`click_num`,`is_show`,`add_time`,`article_author`,`is_top_show` FROM `carver_article` WHERE  `delete_time` = 0  AND `is_show` = 1 ORDER BY `article_id` DESC LIMIT 0,6 [ RunTime:0.000606s ]
[2021-04-13T16:40:07+08:00][sql] SELECT article_id,article_title,click_num,FROM_UNIXTIME(add_time,'%Y-%m-%d') as add_time FROM `carver_article` WHERE  `is_show` = 1  AND `delete_time` = 0 ORDER BY `click_num` DESC LIMIT 3 [ RunTime:0.000462s ]
[2021-04-13T16:40:07+08:00][sql] SHOW FULL COLUMNS FROM `carver_notice` [ RunTime:0.000561s ]
[2021-04-13T16:40:07+08:00][sql] SELECT * FROM `carver_notice` ORDER BY `create_time` DESC LIMIT 3 [ RunTime:0.000274s ]
[2021-04-13T16:40:07+08:00][sql] SHOW FULL COLUMNS FROM `carver_navigation` [ RunTime:0.000517s ]
[2021-04-13T16:40:07+08:00][sql] SELECT * FROM `carver_navigation` [ RunTime:0.000286s ]
[2021-04-13T16:40:07+08:00][sql] SHOW FULL COLUMNS FROM `carver_link` [ RunTime:0.000557s ]
[2021-04-13T16:40:07+08:00][sql] SELECT * FROM `carver_link` WHERE  ( is_confirm=2 ) LIMIT 20 [ RunTime:0.000309s ]
[2021-04-13T16:40:07+08:00][sql] SELECT `article_label` FROM `carver_article` [ RunTime:0.000258s ]
[2021-04-13T16:40:07+08:00][sql] SHOW FULL COLUMNS FROM `carver_carouse` [ RunTime:0.000489s ]
[2021-04-13T16:40:07+08:00][sql] SELECT `carouse_img`,`carouse_desc` FROM `carver_carouse` WHERE  `is_show` = 1 ORDER BY `carouse_sort` DESC LIMIT 3 [ RunTime:0.000293s ]
[2021-04-13T16:40:07+08:00][sql] SHOW FULL COLUMNS FROM `carver_site` [ RunTime:0.000476s ]
[2021-04-13T16:40:07+08:00][sql] SELECT * FROM `carver_site` [ RunTime:0.000226s ]
[2021-04-13T16:42:32+08:00][sql] CONNECT:[ UseTime:0.000510s ] mysql:host=127.0.0.1;port=3306;dbname=carver;charset=utf8
[2021-04-13T16:42:32+08:00][sql] SHOW FULL COLUMNS FROM `carver_user` [ RunTime:0.000862s ]
[2021-04-13T16:42:32+08:00][sql] SHOW FULL COLUMNS FROM `carver_article` [ RunTime:0.000745s ]
[2021-04-13T16:42:32+08:00][sql] SELECT COUNT(*) AS think_count FROM `carver_article` WHERE  `delete_time` = 0  AND `is_show` = 1 [ RunTime:0.000415s ]
[2021-04-13T16:42:32+08:00][sql] SELECT `article_id`,`article_title`,`article_desc`,`article_content`,`article_img`,`article_guide`,`article_label`,`click_num`,`is_show`,`add_time`,`article_author`,`is_top_show` FROM `carver_article` WHERE  `delete_time` = 0  AND `is_show` = 1 ORDER BY `article_id` DESC LIMIT 0,6 [ RunTime:0.000763s ]
[2021-04-13T16:42:32+08:00][sql] SELECT article_id,article_title,click_num,FROM_UNIXTIME(add_time,'%Y-%m-%d') as add_time FROM `carver_article` WHERE  `is_show` = 1  AND `delete_time` = 0 ORDER BY `click_num` DESC LIMIT 3 [ RunTime:0.000527s ]
[2021-04-13T16:42:32+08:00][sql] SHOW FULL COLUMNS FROM `carver_notice` [ RunTime:0.000604s ]
[2021-04-13T16:42:32+08:00][sql] SELECT * FROM `carver_notice` ORDER BY `create_time` DESC LIMIT 3 [ RunTime:0.000282s ]
[2021-04-13T16:42:32+08:00][sql] SHOW FULL COLUMNS FROM `carver_navigation` [ RunTime:0.000517s ]
[2021-04-13T16:42:32+08:00][sql] SELECT * FROM `carver_navigation` [ RunTime:0.000249s ]
[2021-04-13T16:42:32+08:00][sql] SHOW FULL COLUMNS FROM `carver_link` [ RunTime:0.000530s ]
[2021-04-13T16:42:32+08:00][sql] SELECT * FROM `carver_link` WHERE  ( is_confirm=2 ) LIMIT 20 [ RunTime:0.000289s ]
[2021-04-13T16:42:32+08:00][sql] SELECT `article_label` FROM `carver_article` [ RunTime:0.000284s ]
[2021-04-13T16:42:32+08:00][sql] SHOW FULL COLUMNS FROM `carver_carouse` [ RunTime:0.000510s ]
[2021-04-13T16:42:32+08:00][sql] SELECT `carouse_img`,`carouse_desc` FROM `carver_carouse` WHERE  `is_show` = 1 ORDER BY `carouse_sort` DESC LIMIT 3 [ RunTime:0.000315s ]
[2021-04-13T16:42:32+08:00][sql] SHOW FULL COLUMNS FROM `carver_site` [ RunTime:0.000492s ]
[2021-04-13T16:42:32+08:00][sql] SELECT * FROM `carver_site` [ RunTime:0.000260s ]
[2021-04-13T21:03:32+08:00][sql] CONNECT:[ UseTime:0.000484s ] mysql:host=127.0.0.1;port=3306;dbname=carver;charset=utf8
[2021-04-13T21:03:32+08:00][sql] SHOW FULL COLUMNS FROM `carver_user` [ RunTime:0.000835s ]
[2021-04-13T21:03:32+08:00][sql] SHOW FULL COLUMNS FROM `carver_article` [ RunTime:0.000710s ]
[2021-04-13T21:03:32+08:00][sql] SELECT COUNT(*) AS think_count FROM `carver_article` WHERE  `delete_time` = 0  AND `is_show` = 1 [ RunTime:0.000409s ]
[2021-04-13T21:03:32+08:00][sql] SELECT `article_id`,`article_title`,`article_desc`,`article_content`,`article_img`,`article_guide`,`article_label`,`click_num`,`is_show`,`add_time`,`article_author`,`is_top_show` FROM `carver_article` WHERE  `delete_time` = 0  AND `is_show` = 1 ORDER BY `article_id` DESC LIMIT 0,6 [ RunTime:0.000769s ]
[2021-04-13T21:03:32+08:00][sql] SELECT article_id,article_title,click_num,FROM_UNIXTIME(add_time,'%Y-%m-%d') as add_time FROM `carver_article` WHERE  `is_show` = 1  AND `delete_time` = 0 ORDER BY `click_num` DESC LIMIT 3 [ RunTime:0.000398s ]
[2021-04-13T21:03:32+08:00][sql] SHOW FULL COLUMNS FROM `carver_notice` [ RunTime:0.000518s ]
[2021-04-13T21:03:32+08:00][sql] SELECT * FROM `carver_notice` ORDER BY `create_time` DESC LIMIT 3 [ RunTime:0.000394s ]
[2021-04-13T21:03:32+08:00][sql] SHOW FULL COLUMNS FROM `carver_navigation` [ RunTime:0.000521s ]
[2021-04-13T21:03:32+08:00][sql] SELECT * FROM `carver_navigation` [ RunTime:0.000237s ]
[2021-04-13T21:03:32+08:00][sql] SHOW FULL COLUMNS FROM `carver_link` [ RunTime:0.000495s ]
[2021-04-13T21:03:32+08:00][sql] SELECT * FROM `carver_link` WHERE  ( is_confirm=2 ) LIMIT 20 [ RunTime:0.000290s ]
[2021-04-13T21:03:32+08:00][sql] SELECT `article_label` FROM `carver_article` [ RunTime:0.000330s ]
[2021-04-13T21:03:32+08:00][sql] SHOW FULL COLUMNS FROM `carver_carouse` [ RunTime:0.000477s ]
[2021-04-13T21:03:32+08:00][sql] SELECT `carouse_img`,`carouse_desc` FROM `carver_carouse` WHERE  `is_show` = 1 ORDER BY `carouse_sort` DESC LIMIT 3 [ RunTime:0.000309s ]
[2021-04-13T21:03:32+08:00][sql] SHOW FULL COLUMNS FROM `carver_site` [ RunTime:0.000503s ]
[2021-04-13T21:03:32+08:00][sql] SELECT * FROM `carver_site` [ RunTime:0.000254s ]
[2021-04-13T21:21:05+08:00][sql] CONNECT:[ UseTime:0.000617s ] mysql:host=127.0.0.1;port=3306;dbname=carver;charset=utf8
[2021-04-13T21:21:05+08:00][sql] SHOW FULL COLUMNS FROM `carver_article` [ RunTime:0.001082s ]
[2021-04-13T21:21:05+08:00][sql] SELECT `article_id`,`article_title`,`article_desc`,`article_content`,`article_img`,`article_guide`,`article_label`,`click_num`,`is_show`,`add_time`,`article_author` FROM `carver_article` WHERE  `article_id` = 18 LIMIT 1 [ RunTime:0.000531s ]
[2021-04-13T21:21:05+08:00][sql] SELECT `article_id`,`article_title`,`article_desc`,`article_content`,`article_img`,`article_guide`,`article_label`,`click_num`,`is_show`,`add_time`,`article_author` FROM `carver_article` WHERE  `article_id` > 18 LIMIT 1 [ RunTime:0.002300s ]
[2021-04-13T21:21:05+08:00][sql] SELECT `article_id`,`article_title`,`article_desc`,`article_content`,`article_img`,`article_guide`,`article_label`,`click_num`,`is_show`,`add_time`,`article_author` FROM `carver_article` WHERE  `article_id` < 18 ORDER BY `article_id` DESC LIMIT 1 [ RunTime:0.000618s ]
[2021-04-13T21:21:05+08:00][sql] SHOW FULL COLUMNS FROM `carver_link` [ RunTime:0.000668s ]
[2021-04-13T21:21:05+08:00][sql] SELECT * FROM `carver_link` WHERE  ( is_confirm=2 ) LIMIT 20 [ RunTime:0.000379s ]
[2021-04-13T21:21:05+08:00][sql] SELECT article_id,article_title,click_num,FROM_UNIXTIME(add_time,'%Y-%m-%d') as add_time FROM `carver_article` ORDER BY `click_num` DESC LIMIT 3 [ RunTime:0.000443s ]
[2021-04-13T21:21:05+08:00][sql] SHOW FULL COLUMNS FROM `carver_comment` [ RunTime:0.000619s ]
[2021-04-13T21:21:05+08:00][sql] SELECT `a`.*,`b`.`user_name` FROM `carver_comment` `a` INNER JOIN `carver_user` `b` ON `a`.`user_id`=`b`.`user_id` WHERE  `article_id` = 18 ORDER BY `create_time` DESC [ RunTime:0.000391s ]
[2021-04-13T21:21:05+08:00][sql] SHOW FULL COLUMNS FROM `carver_comment_to_others` [ RunTime:0.000579s ]
[2021-04-13T21:21:05+08:00][sql] SELECT * FROM `carver_comment_to_others` [ RunTime:0.000281s ]
[2021-04-13T21:21:05+08:00][sql] SHOW FULL COLUMNS FROM `carver_user` [ RunTime:0.000466s ]
[2021-04-13T21:21:05+08:00][sql] SELECT `user_name` FROM `carver_user` WHERE  `user_id` = 4 LIMIT 1 [ RunTime:0.000267s ]
[2021-04-13T21:21:05+08:00][sql] SELECT `user_name` FROM `carver_user` WHERE  `user_id` = 4 LIMIT 1 [ RunTime:0.000216s ]
[2021-04-13T21:21:05+08:00][sql] SELECT `user_name` FROM `carver_user` WHERE  `user_id` = 5 LIMIT 1 [ RunTime:0.000221s ]
[2021-04-13T21:21:05+08:00][sql] SELECT `user_name` FROM `carver_user` WHERE  `user_id` = 5 LIMIT 1 [ RunTime:0.000235s ]
[2021-04-13T21:21:05+08:00][sql] SELECT `user_name`,`user_id` FROM `carver_user` [ RunTime:0.000264s ]
[2021-04-13T21:21:05+08:00][sql] SHOW FULL COLUMNS FROM `carver_navigation` [ RunTime:0.000533s ]
[2021-04-13T21:21:05+08:00][sql] SELECT * FROM `carver_navigation` [ RunTime:0.000261s ]
[2021-04-13T21:21:05+08:00][sql] SELECT `article_label` FROM `carver_article` [ RunTime:0.000277s ]
[2021-04-13T21:47:23+08:00][sql] CONNECT:[ UseTime:0.000603s ] mysql:host=127.0.0.1;port=3306;dbname=carver;charset=utf8
[2021-04-13T21:47:23+08:00][sql] SHOW FULL COLUMNS FROM `carver_user` [ RunTime:0.000806s ]
[2021-04-13T21:47:23+08:00][sql] SHOW FULL COLUMNS FROM `carver_article` [ RunTime:0.000676s ]
[2021-04-13T21:47:23+08:00][sql] SELECT COUNT(*) AS think_count FROM `carver_article` WHERE  `delete_time` = 0  AND `is_show` = 1 [ RunTime:0.000391s ]
[2021-04-13T21:47:23+08:00][sql] SELECT `article_id`,`article_title`,`article_desc`,`article_content`,`article_img`,`article_guide`,`article_label`,`click_num`,`is_show`,`add_time`,`article_author`,`is_top_show` FROM `carver_article` WHERE  `delete_time` = 0  AND `is_show` = 1 ORDER BY `article_id` DESC LIMIT 0,6 [ RunTime:0.000605s ]
[2021-04-13T21:47:23+08:00][sql] SELECT article_id,article_title,click_num,FROM_UNIXTIME(add_time,'%Y-%m-%d') as add_time FROM `carver_article` WHERE  `is_show` = 1  AND `delete_time` = 0 ORDER BY `click_num` DESC LIMIT 3 [ RunTime:0.000373s ]
[2021-04-13T21:47:23+08:00][sql] SHOW FULL COLUMNS FROM `carver_notice` [ RunTime:0.000569s ]
[2021-04-13T21:47:23+08:00][sql] SELECT * FROM `carver_notice` ORDER BY `create_time` DESC LIMIT 3 [ RunTime:0.000280s ]
[2021-04-13T21:47:23+08:00][sql] SHOW FULL COLUMNS FROM `carver_navigation` [ RunTime:0.000587s ]
[2021-04-13T21:47:23+08:00][sql] SELECT * FROM `carver_navigation` [ RunTime:0.000251s ]
[2021-04-13T21:47:23+08:00][sql] SHOW FULL COLUMNS FROM `carver_link` [ RunTime:0.000530s ]
[2021-04-13T21:47:23+08:00][sql] SELECT * FROM `carver_link` WHERE  ( is_confirm=2 ) LIMIT 20 [ RunTime:0.000267s ]
[2021-04-13T21:47:23+08:00][sql] SELECT `article_label` FROM `carver_article` [ RunTime:0.000253s ]
[2021-04-13T21:47:23+08:00][sql] SHOW FULL COLUMNS FROM `carver_carouse` [ RunTime:0.000475s ]
[2021-04-13T21:47:23+08:00][sql] SELECT `carouse_img`,`carouse_desc` FROM `carver_carouse` WHERE  `is_show` = 1 ORDER BY `carouse_sort` DESC LIMIT 3 [ RunTime:0.000279s ]
[2021-04-13T21:47:23+08:00][sql] SHOW FULL COLUMNS FROM `carver_site` [ RunTime:0.000479s ]
[2021-04-13T21:47:23+08:00][sql] SELECT * FROM `carver_site` [ RunTime:0.000221s ]
[2021-04-13T22:46:54+08:00][sql] CONNECT:[ UseTime:0.000471s ] mysql:host=127.0.0.1;port=3306;dbname=carver;charset=utf8
[2021-04-13T22:46:54+08:00][sql] SHOW FULL COLUMNS FROM `carver_article` [ RunTime:0.000868s ]
[2021-04-13T22:46:54+08:00][sql] SELECT COUNT(*) AS think_count FROM `carver_article` WHERE  `article_label` LIKE '%网络安全%'  AND `delete_time` = 0  AND `is_show` = 1 [ RunTime:0.000430s ]
[2021-04-13T22:46:54+08:00][sql] SELECT * FROM `carver_article` WHERE  `article_label` LIKE '%网络安全%'  AND `delete_time` = 0  AND `is_show` = 1 LIMIT 0,6 [ RunTime:0.001106s ]
[2021-04-13T22:46:54+08:00][sql] SELECT article_id,article_title,click_num,FROM_UNIXTIME(add_time,'%Y-%m-%d') as add_time FROM `carver_article` WHERE  `is_show` = 1  AND `delete_time` = 0 ORDER BY `click_num` DESC LIMIT 3 [ RunTime:0.000379s ]
[2021-04-13T22:46:54+08:00][sql] SHOW FULL COLUMNS FROM `carver_notice` [ RunTime:0.000592s ]
[2021-04-13T22:46:54+08:00][sql] SELECT * FROM `carver_notice` ORDER BY `create_time` DESC LIMIT 3 [ RunTime:0.000283s ]
[2021-04-13T22:46:54+08:00][sql] SHOW FULL COLUMNS FROM `carver_navigation` [ RunTime:0.000510s ]
[2021-04-13T22:46:54+08:00][sql] SELECT * FROM `carver_navigation` [ RunTime:0.000228s ]
[2021-04-13T22:46:54+08:00][sql] SHOW FULL COLUMNS FROM `carver_link` [ RunTime:0.000486s ]
[2021-04-13T22:46:54+08:00][sql] SELECT * FROM `carver_link` WHERE  ( is_confirm=2 ) LIMIT 20 [ RunTime:0.000268s ]
[2021-04-13T22:46:54+08:00][sql] SELECT `article_label` FROM `carver_article` [ RunTime:0.000243s ]
[2021-04-13T22:46:54+08:00][sql] SHOW FULL COLUMNS FROM `carver_carouse` [ RunTime:0.000476s ]
[2021-04-13T22:46:54+08:00][sql] SELECT `carouse_img`,`carouse_desc` FROM `carver_carouse` WHERE  `is_show` = 1 ORDER BY `carouse_sort` DESC LIMIT 3 [ RunTime:0.000285s ]
[2021-04-13T22:46:54+08:00][sql] SHOW FULL COLUMNS FROM `carver_site` [ RunTime:0.000478s ]
[2021-04-13T22:46:54+08:00][sql] SELECT * FROM `carver_site` [ RunTime:0.000245s ]
