[2021-04-18T00:24:24+08:00][sql] CONNECT:[ UseTime:0.000542s ] mysql:host=127.0.0.1;port=3306;dbname=carver;charset=utf8
[2021-04-18T00:24:24+08:00][sql] SHOW FULL COLUMNS FROM `carver_article` [ RunTime:0.000881s ]
[2021-04-18T00:24:24+08:00][sql] SELECT COUNT(*) AS think_count FROM `carver_article` WHERE  `article_label` LIKE '%swoole%'  AND `delete_time` = 0  AND `is_show` = 1 [ RunTime:0.000443s ]
[2021-04-18T00:24:24+08:00][sql] SELECT * FROM `carver_article` WHERE  `article_label` LIKE '%swoole%'  AND `delete_time` = 0  AND `is_show` = 1 LIMIT 0,6 [ RunTime:0.001323s ]
[2021-04-18T00:24:24+08:00][sql] SELECT article_id,article_title,click_num,FROM_UNIXTIME(add_time,'%Y-%m-%d') as add_time FROM `carver_article` WHERE  `is_show` = 1  AND `delete_time` = 0 ORDER BY `click_num` DESC LIMIT 3 [ RunTime:0.000548s ]
[2021-04-18T00:24:24+08:00][sql] SHOW FULL COLUMNS FROM `carver_notice` [ RunTime:0.000596s ]
[2021-04-18T00:24:24+08:00][sql] SELECT * FROM `carver_notice` ORDER BY `create_time` DESC LIMIT 3 [ RunTime:0.000335s ]
[2021-04-18T00:24:24+08:00][sql] SHOW FULL COLUMNS FROM `carver_navigation` [ RunTime:0.000597s ]
[2021-04-18T00:24:24+08:00][sql] SELECT * FROM `carver_navigation` [ RunTime:0.000245s ]
[2021-04-18T00:24:24+08:00][sql] SHOW FULL COLUMNS FROM `carver_link` [ RunTime:0.000640s ]
[2021-04-18T00:24:24+08:00][sql] SELECT * FROM `carver_link` WHERE  ( is_confirm=2 ) LIMIT 20 [ RunTime:0.000344s ]
[2021-04-18T00:24:24+08:00][sql] SELECT `article_label` FROM `carver_article` [ RunTime:0.000247s ]
[2021-04-18T00:24:24+08:00][sql] SHOW FULL COLUMNS FROM `carver_carouse` [ RunTime:0.000491s ]
[2021-04-18T00:24:24+08:00][sql] SELECT `carouse_img`,`carouse_desc` FROM `carver_carouse` WHERE  `is_show` = 1 ORDER BY `carouse_sort` DESC LIMIT 3 [ RunTime:0.000313s ]
[2021-04-18T00:24:24+08:00][sql] SHOW FULL COLUMNS FROM `carver_site` [ RunTime:0.000484s ]
[2021-04-18T00:24:24+08:00][sql] SELECT * FROM `carver_site` [ RunTime:0.000239s ]
[2021-04-18T00:54:37+08:00][sql] CONNECT:[ UseTime:0.000530s ] mysql:host=127.0.0.1;port=3306;dbname=carver;charset=utf8
[2021-04-18T00:54:37+08:00][sql] SHOW FULL COLUMNS FROM `carver_user` [ RunTime:0.000966s ]
[2021-04-18T00:54:37+08:00][sql] SHOW FULL COLUMNS FROM `carver_article` [ RunTime:0.000669s ]
[2021-04-18T00:54:37+08:00][sql] SELECT COUNT(*) AS think_count FROM `carver_article` WHERE  `delete_time` = 0  AND `is_show` = 1 [ RunTime:0.000434s ]
[2021-04-18T00:54:37+08:00][sql] SELECT `article_id`,`article_title`,`article_desc`,`article_content`,`article_img`,`article_guide`,`article_label`,`click_num`,`is_show`,`add_time`,`article_author`,`is_top_show` FROM `carver_article` WHERE  `delete_time` = 0  AND `is_show` = 1 ORDER BY `article_id` DESC LIMIT 0,6 [ RunTime:0.000638s ]
[2021-04-18T00:54:37+08:00][sql] SELECT article_id,article_title,click_num,FROM_UNIXTIME(add_time,'%Y-%m-%d') as add_time FROM `carver_article` WHERE  `is_show` = 1  AND `delete_time` = 0 ORDER BY `click_num` DESC LIMIT 3 [ RunTime:0.000412s ]
[2021-04-18T00:54:37+08:00][sql] SHOW FULL COLUMNS FROM `carver_notice` [ RunTime:0.000627s ]
[2021-04-18T00:54:37+08:00][sql] SELECT * FROM `carver_notice` ORDER BY `create_time` DESC LIMIT 3 [ RunTime:0.000283s ]
[2021-04-18T00:54:37+08:00][sql] SHOW FULL COLUMNS FROM `carver_navigation` [ RunTime:0.000530s ]
[2021-04-18T00:54:37+08:00][sql] SELECT * FROM `carver_navigation` [ RunTime:0.000272s ]
[2021-04-18T00:54:37+08:00][sql] SHOW FULL COLUMNS FROM `carver_link` [ RunTime:0.000490s ]
[2021-04-18T00:54:37+08:00][sql] SELECT * FROM `carver_link` WHERE  ( is_confirm=2 ) LIMIT 20 [ RunTime:0.000297s ]
[2021-04-18T00:54:37+08:00][sql] SELECT `article_label` FROM `carver_article` [ RunTime:0.000247s ]
[2021-04-18T00:54:37+08:00][sql] SHOW FULL COLUMNS FROM `carver_carouse` [ RunTime:0.000467s ]
[2021-04-18T00:54:37+08:00][sql] SELECT `carouse_img`,`carouse_desc` FROM `carver_carouse` WHERE  `is_show` = 1 ORDER BY `carouse_sort` DESC LIMIT 3 [ RunTime:0.000289s ]
[2021-04-18T00:54:37+08:00][sql] SHOW FULL COLUMNS FROM `carver_site` [ RunTime:0.000502s ]
[2021-04-18T00:54:37+08:00][sql] SELECT * FROM `carver_site` [ RunTime:0.000247s ]
[2021-04-18T00:57:42+08:00][sql] CONNECT:[ UseTime:0.000592s ] mysql:host=127.0.0.1;port=3306;dbname=carver;charset=utf8
[2021-04-18T00:57:42+08:00][sql] SHOW FULL COLUMNS FROM `carver_user` [ RunTime:0.000893s ]
[2021-04-18T00:57:42+08:00][sql] SHOW FULL COLUMNS FROM `carver_article` [ RunTime:0.000745s ]
[2021-04-18T00:57:42+08:00][sql] SELECT COUNT(*) AS think_count FROM `carver_article` WHERE  `delete_time` = 0  AND `is_show` = 1 [ RunTime:0.000428s ]
[2021-04-18T00:57:42+08:00][sql] SELECT `article_id`,`article_title`,`article_desc`,`article_content`,`article_img`,`article_guide`,`article_label`,`click_num`,`is_show`,`add_time`,`article_author`,`is_top_show` FROM `carver_article` WHERE  `delete_time` = 0  AND `is_show` = 1 ORDER BY `article_id` DESC LIMIT 6,6 [ RunTime:0.002597s ]
[2021-04-18T00:57:42+08:00][sql] SELECT article_id,article_title,click_num,FROM_UNIXTIME(add_time,'%Y-%m-%d') as add_time FROM `carver_article` WHERE  `is_show` = 1  AND `delete_time` = 0 ORDER BY `click_num` DESC LIMIT 3 [ RunTime:0.000584s ]
[2021-04-18T00:57:42+08:00][sql] SHOW FULL COLUMNS FROM `carver_notice` [ RunTime:0.000636s ]
[2021-04-18T00:57:42+08:00][sql] SELECT * FROM `carver_notice` ORDER BY `create_time` DESC LIMIT 3 [ RunTime:0.000294s ]
[2021-04-18T00:57:42+08:00][sql] SHOW FULL COLUMNS FROM `carver_navigation` [ RunTime:0.000545s ]
[2021-04-18T00:57:42+08:00][sql] SELECT * FROM `carver_navigation` [ RunTime:0.000265s ]
[2021-04-18T00:57:42+08:00][sql] SHOW FULL COLUMNS FROM `carver_link` [ RunTime:0.000522s ]
[2021-04-18T00:57:42+08:00][sql] SELECT * FROM `carver_link` WHERE  ( is_confirm=2 ) LIMIT 20 [ RunTime:0.000309s ]
[2021-04-18T00:57:42+08:00][sql] SELECT `article_label` FROM `carver_article` [ RunTime:0.000297s ]
[2021-04-18T00:57:42+08:00][sql] SHOW FULL COLUMNS FROM `carver_carouse` [ RunTime:0.000534s ]
[2021-04-18T00:57:42+08:00][sql] SELECT `carouse_img`,`carouse_desc` FROM `carver_carouse` WHERE  `is_show` = 1 ORDER BY `carouse_sort` DESC LIMIT 3 [ RunTime:0.000335s ]
[2021-04-18T00:57:42+08:00][sql] SHOW FULL COLUMNS FROM `carver_site` [ RunTime:0.000471s ]
[2021-04-18T00:57:42+08:00][sql] SELECT * FROM `carver_site` [ RunTime:0.000281s ]
[2021-04-18T01:01:17+08:00][sql] CONNECT:[ UseTime:0.000532s ] mysql:host=127.0.0.1;port=3306;dbname=carver;charset=utf8
[2021-04-18T01:01:17+08:00][sql] SHOW FULL COLUMNS FROM `carver_user` [ RunTime:0.000794s ]
[2021-04-18T01:01:17+08:00][sql] SHOW FULL COLUMNS FROM `carver_article` [ RunTime:0.000660s ]
[2021-04-18T01:01:17+08:00][sql] SELECT COUNT(*) AS think_count FROM `carver_article` WHERE  `delete_time` = 0  AND `is_show` = 1 [ RunTime:0.000379s ]
[2021-04-18T01:01:17+08:00][sql] SELECT `article_id`,`article_title`,`article_desc`,`article_content`,`article_img`,`article_guide`,`article_label`,`click_num`,`is_show`,`add_time`,`article_author`,`is_top_show` FROM `carver_article` WHERE  `delete_time` = 0  AND `is_show` = 1 ORDER BY `article_id` DESC LIMIT 24,6 [ RunTime:0.001071s ]
[2021-04-18T01:01:17+08:00][sql] SELECT article_id,article_title,click_num,FROM_UNIXTIME(add_time,'%Y-%m-%d') as add_time FROM `carver_article` WHERE  `is_show` = 1  AND `delete_time` = 0 ORDER BY `click_num` DESC LIMIT 3 [ RunTime:0.000443s ]
[2021-04-18T01:01:17+08:00][sql] SHOW FULL COLUMNS FROM `carver_notice` [ RunTime:0.000571s ]
[2021-04-18T01:01:17+08:00][sql] SELECT * FROM `carver_notice` ORDER BY `create_time` DESC LIMIT 3 [ RunTime:0.000261s ]
[2021-04-18T01:01:17+08:00][sql] SHOW FULL COLUMNS FROM `carver_navigation` [ RunTime:0.000555s ]
[2021-04-18T01:01:17+08:00][sql] SELECT * FROM `carver_navigation` [ RunTime:0.000242s ]
[2021-04-18T01:01:17+08:00][sql] SHOW FULL COLUMNS FROM `carver_link` [ RunTime:0.000506s ]
[2021-04-18T01:01:17+08:00][sql] SELECT * FROM `carver_link` WHERE  ( is_confirm=2 ) LIMIT 20 [ RunTime:0.000295s ]
[2021-04-18T01:01:17+08:00][sql] SELECT `article_label` FROM `carver_article` [ RunTime:0.000279s ]
[2021-04-18T01:01:17+08:00][sql] SHOW FULL COLUMNS FROM `carver_carouse` [ RunTime:0.000575s ]
[2021-04-18T01:01:17+08:00][sql] SELECT `carouse_img`,`carouse_desc` FROM `carver_carouse` WHERE  `is_show` = 1 ORDER BY `carouse_sort` DESC LIMIT 3 [ RunTime:0.000295s ]
[2021-04-18T01:01:17+08:00][sql] SHOW FULL COLUMNS FROM `carver_site` [ RunTime:0.000612s ]
[2021-04-18T01:01:17+08:00][sql] SELECT * FROM `carver_site` [ RunTime:0.000243s ]
[2021-04-18T01:02:24+08:00][sql] CONNECT:[ UseTime:0.000518s ] mysql:host=127.0.0.1;port=3306;dbname=carver;charset=utf8
[2021-04-18T01:02:24+08:00][sql] SHOW FULL COLUMNS FROM `carver_user` [ RunTime:0.000814s ]
[2021-04-18T01:02:24+08:00][sql] SHOW FULL COLUMNS FROM `carver_article` [ RunTime:0.000720s ]
[2021-04-18T01:02:24+08:00][sql] SELECT COUNT(*) AS think_count FROM `carver_article` WHERE  `delete_time` = 0  AND `is_show` = 1 [ RunTime:0.000397s ]
[2021-04-18T01:02:24+08:00][sql] SELECT `article_id`,`article_title`,`article_desc`,`article_content`,`article_img`,`article_guide`,`article_label`,`click_num`,`is_show`,`add_time`,`article_author`,`is_top_show` FROM `carver_article` WHERE  `delete_time` = 0  AND `is_show` = 1 ORDER BY `article_id` DESC LIMIT 0,6 [ RunTime:0.000739s ]
[2021-04-18T01:02:24+08:00][sql] SELECT article_id,article_title,click_num,FROM_UNIXTIME(add_time,'%Y-%m-%d') as add_time FROM `carver_article` WHERE  `is_show` = 1  AND `delete_time` = 0 ORDER BY `click_num` DESC LIMIT 3 [ RunTime:0.000400s ]
[2021-04-18T01:02:24+08:00][sql] SHOW FULL COLUMNS FROM `carver_notice` [ RunTime:0.000534s ]
[2021-04-18T01:02:24+08:00][sql] SELECT * FROM `carver_notice` ORDER BY `create_time` DESC LIMIT 3 [ RunTime:0.000310s ]
[2021-04-18T01:02:24+08:00][sql] SHOW FULL COLUMNS FROM `carver_navigation` [ RunTime:0.000532s ]
[2021-04-18T01:02:24+08:00][sql] SELECT * FROM `carver_navigation` [ RunTime:0.000242s ]
[2021-04-18T01:02:24+08:00][sql] SHOW FULL COLUMNS FROM `carver_link` [ RunTime:0.000483s ]
[2021-04-18T01:02:24+08:00][sql] SELECT * FROM `carver_link` WHERE  ( is_confirm=2 ) LIMIT 20 [ RunTime:0.000291s ]
[2021-04-18T01:02:24+08:00][sql] SELECT `article_label` FROM `carver_article` [ RunTime:0.000270s ]
[2021-04-18T01:02:24+08:00][sql] SHOW FULL COLUMNS FROM `carver_carouse` [ RunTime:0.000464s ]
[2021-04-18T01:02:24+08:00][sql] SELECT `carouse_img`,`carouse_desc` FROM `carver_carouse` WHERE  `is_show` = 1 ORDER BY `carouse_sort` DESC LIMIT 3 [ RunTime:0.000299s ]
[2021-04-18T01:02:24+08:00][sql] SHOW FULL COLUMNS FROM `carver_site` [ RunTime:0.000504s ]
[2021-04-18T01:02:24+08:00][sql] SELECT * FROM `carver_site` [ RunTime:0.000243s ]
[2021-04-18T01:04:25+08:00][sql] CONNECT:[ UseTime:0.000542s ] mysql:host=127.0.0.1;port=3306;dbname=carver;charset=utf8
[2021-04-18T01:04:25+08:00][sql] SHOW FULL COLUMNS FROM `carver_article` [ RunTime:0.000961s ]
[2021-04-18T01:04:25+08:00][sql] SELECT `article_id`,`article_title`,`article_desc`,`article_content`,`article_img`,`article_guide`,`article_label`,`click_num`,`is_show`,`add_time`,`article_author` FROM `carver_article` WHERE  `article_id` = 20 LIMIT 1 [ RunTime:0.000633s ]
[2021-04-18T01:04:25+08:00][sql] SELECT `article_id`,`article_title`,`article_desc`,`article_content`,`article_img`,`article_guide`,`article_label`,`click_num`,`is_show`,`add_time`,`article_author` FROM `carver_article` WHERE  `article_id` > 20 LIMIT 1 [ RunTime:0.000456s ]
[2021-04-18T01:04:25+08:00][sql] SELECT `article_id`,`article_title`,`article_desc`,`article_content`,`article_img`,`article_guide`,`article_label`,`click_num`,`is_show`,`add_time`,`article_author` FROM `carver_article` WHERE  `article_id` < 20 ORDER BY `article_id` DESC LIMIT 1 [ RunTime:0.002282s ]
[2021-04-18T01:04:25+08:00][sql] SHOW FULL COLUMNS FROM `carver_link` [ RunTime:0.000762s ]
[2021-04-18T01:04:25+08:00][sql] SELECT * FROM `carver_link` WHERE  ( is_confirm=2 ) LIMIT 20 [ RunTime:0.000479s ]
[2021-04-18T01:04:25+08:00][sql] SELECT article_id,article_title,click_num,FROM_UNIXTIME(add_time,'%Y-%m-%d') as add_time FROM `carver_article` ORDER BY `click_num` DESC LIMIT 3 [ RunTime:0.000387s ]
[2021-04-18T01:04:25+08:00][sql] SHOW FULL COLUMNS FROM `carver_comment` [ RunTime:0.000643s ]
[2021-04-18T01:04:25+08:00][sql] SELECT `a`.*,`b`.`user_name` FROM `carver_comment` `a` INNER JOIN `carver_user` `b` ON `a`.`user_id`=`b`.`user_id` WHERE  `article_id` = 20 ORDER BY `create_time` DESC [ RunTime:0.000391s ]
[2021-04-18T01:04:25+08:00][sql] SHOW FULL COLUMNS FROM `carver_comment_to_others` [ RunTime:0.000553s ]
[2021-04-18T01:04:25+08:00][sql] SELECT * FROM `carver_comment_to_others` [ RunTime:0.000257s ]
[2021-04-18T01:04:25+08:00][sql] SHOW FULL COLUMNS FROM `carver_user` [ RunTime:0.000460s ]
[2021-04-18T01:04:25+08:00][sql] SELECT `user_name` FROM `carver_user` WHERE  `user_id` = 4 LIMIT 1 [ RunTime:0.000271s ]
[2021-04-18T01:04:25+08:00][sql] SELECT `user_name` FROM `carver_user` WHERE  `user_id` = 4 LIMIT 1 [ RunTime:0.000224s ]
[2021-04-18T01:04:25+08:00][sql] SELECT `user_name` FROM `carver_user` WHERE  `user_id` = 5 LIMIT 1 [ RunTime:0.000210s ]
[2021-04-18T01:04:25+08:00][sql] SELECT `user_name` FROM `carver_user` WHERE  `user_id` = 5 LIMIT 1 [ RunTime:0.000242s ]
[2021-04-18T01:04:25+08:00][sql] SELECT `user_name`,`user_id` FROM `carver_user` [ RunTime:0.000245s ]
[2021-04-18T01:04:25+08:00][sql] SHOW FULL COLUMNS FROM `carver_navigation` [ RunTime:0.000557s ]
[2021-04-18T01:04:25+08:00][sql] SELECT * FROM `carver_navigation` [ RunTime:0.000253s ]
[2021-04-18T01:04:25+08:00][sql] SELECT `article_label` FROM `carver_article` [ RunTime:0.000272s ]
[2021-04-18T01:04:26+08:00][sql] CONNECT:[ UseTime:0.000545s ] mysql:host=127.0.0.1;port=3306;dbname=carver;charset=utf8
[2021-04-18T01:04:26+08:00][sql] SHOW FULL COLUMNS FROM `carver_article` [ RunTime:0.000920s ]
[2021-04-18T01:04:26+08:00][sql] SELECT `article_id`,`article_title`,`article_desc`,`article_content`,`article_img`,`article_guide`,`article_label`,`click_num`,`is_show`,`add_time`,`article_author` FROM `carver_article` WHERE  `article_id` = 21 LIMIT 1 [ RunTime:0.000481s ]
[2021-04-18T01:04:26+08:00][sql] SELECT `article_id`,`article_title`,`article_desc`,`article_content`,`article_img`,`article_guide`,`article_label`,`click_num`,`is_show`,`add_time`,`article_author` FROM `carver_article` WHERE  `article_id` > 21 LIMIT 1 [ RunTime:0.000495s ]
[2021-04-18T01:04:26+08:00][sql] SELECT `article_id`,`article_title`,`article_desc`,`article_content`,`article_img`,`article_guide`,`article_label`,`click_num`,`is_show`,`add_time`,`article_author` FROM `carver_article` WHERE  `article_id` < 21 ORDER BY `article_id` DESC LIMIT 1 [ RunTime:0.000539s ]
[2021-04-18T01:04:26+08:00][sql] SHOW FULL COLUMNS FROM `carver_link` [ RunTime:0.000600s ]
[2021-04-18T01:04:26+08:00][sql] SELECT * FROM `carver_link` WHERE  ( is_confirm=2 ) LIMIT 20 [ RunTime:0.000365s ]
[2021-04-18T01:04:26+08:00][sql] SELECT article_id,article_title,click_num,FROM_UNIXTIME(add_time,'%Y-%m-%d') as add_time FROM `carver_article` ORDER BY `click_num` DESC LIMIT 3 [ RunTime:0.000370s ]
[2021-04-18T01:04:26+08:00][sql] SHOW FULL COLUMNS FROM `carver_comment` [ RunTime:0.000619s ]
[2021-04-18T01:04:26+08:00][sql] SELECT `a`.*,`b`.`user_name` FROM `carver_comment` `a` INNER JOIN `carver_user` `b` ON `a`.`user_id`=`b`.`user_id` WHERE  `article_id` = 21 ORDER BY `create_time` DESC [ RunTime:0.000419s ]
[2021-04-18T01:04:26+08:00][sql] SHOW FULL COLUMNS FROM `carver_comment_to_others` [ RunTime:0.000629s ]
[2021-04-18T01:04:26+08:00][sql] SELECT * FROM `carver_comment_to_others` [ RunTime:0.000248s ]
[2021-04-18T01:04:26+08:00][sql] SHOW FULL COLUMNS FROM `carver_user` [ RunTime:0.000480s ]
[2021-04-18T01:04:26+08:00][sql] SELECT `user_name` FROM `carver_user` WHERE  `user_id` = 4 LIMIT 1 [ RunTime:0.000262s ]
[2021-04-18T01:04:26+08:00][sql] SELECT `user_name` FROM `carver_user` WHERE  `user_id` = 4 LIMIT 1 [ RunTime:0.000237s ]
[2021-04-18T01:04:26+08:00][sql] SELECT `user_name` FROM `carver_user` WHERE  `user_id` = 5 LIMIT 1 [ RunTime:0.000226s ]
[2021-04-18T01:04:26+08:00][sql] SELECT `user_name` FROM `carver_user` WHERE  `user_id` = 5 LIMIT 1 [ RunTime:0.000234s ]
[2021-04-18T01:04:26+08:00][sql] SHOW FULL COLUMNS FROM `carver_navigation` [ RunTime:0.000617s ]
[2021-04-18T01:04:26+08:00][sql] SELECT * FROM `carver_navigation` [ RunTime:0.000272s ]
[2021-04-18T01:04:26+08:00][sql] SELECT `article_label` FROM `carver_article` [ RunTime:0.000290s ]
[2021-04-18T01:14:59+08:00][sql] CONNECT:[ UseTime:0.000503s ] mysql:host=127.0.0.1;port=3306;dbname=carver;charset=utf8
[2021-04-18T01:14:59+08:00][sql] SHOW FULL COLUMNS FROM `carver_user` [ RunTime:0.000821s ]
[2021-04-18T01:14:59+08:00][sql] SHOW FULL COLUMNS FROM `carver_article` [ RunTime:0.000741s ]
[2021-04-18T01:14:59+08:00][sql] SELECT COUNT(*) AS think_count FROM `carver_article` WHERE  `delete_time` = 0  AND `is_show` = 1 [ RunTime:0.000393s ]
[2021-04-18T01:14:59+08:00][sql] SELECT `article_id`,`article_title`,`article_desc`,`article_content`,`article_img`,`article_guide`,`article_label`,`click_num`,`is_show`,`add_time`,`article_author`,`is_top_show` FROM `carver_article` WHERE  `delete_time` = 0  AND `is_show` = 1 ORDER BY `article_id` DESC LIMIT 18,6 [ RunTime:0.001459s ]
[2021-04-18T01:14:59+08:00][sql] SELECT article_id,article_title,click_num,FROM_UNIXTIME(add_time,'%Y-%m-%d') as add_time FROM `carver_article` WHERE  `is_show` = 1  AND `delete_time` = 0 ORDER BY `click_num` DESC LIMIT 3 [ RunTime:0.000511s ]
[2021-04-18T01:14:59+08:00][sql] SHOW FULL COLUMNS FROM `carver_notice` [ RunTime:0.000606s ]
[2021-04-18T01:14:59+08:00][sql] SELECT * FROM `carver_notice` ORDER BY `create_time` DESC LIMIT 3 [ RunTime:0.000279s ]
[2021-04-18T01:14:59+08:00][sql] SHOW FULL COLUMNS FROM `carver_navigation` [ RunTime:0.000548s ]
[2021-04-18T01:14:59+08:00][sql] SELECT * FROM `carver_navigation` [ RunTime:0.000251s ]
[2021-04-18T01:14:59+08:00][sql] SHOW FULL COLUMNS FROM `carver_link` [ RunTime:0.000511s ]
[2021-04-18T01:14:59+08:00][sql] SELECT * FROM `carver_link` WHERE  ( is_confirm=2 ) LIMIT 20 [ RunTime:0.000299s ]
[2021-04-18T01:14:59+08:00][sql] SELECT `article_label` FROM `carver_article` [ RunTime:0.000261s ]
[2021-04-18T01:14:59+08:00][sql] SHOW FULL COLUMNS FROM `carver_carouse` [ RunTime:0.000524s ]
[2021-04-18T01:14:59+08:00][sql] SELECT `carouse_img`,`carouse_desc` FROM `carver_carouse` WHERE  `is_show` = 1 ORDER BY `carouse_sort` DESC LIMIT 3 [ RunTime:0.000298s ]
[2021-04-18T01:14:59+08:00][sql] SHOW FULL COLUMNS FROM `carver_site` [ RunTime:0.000506s ]
[2021-04-18T01:14:59+08:00][sql] SELECT * FROM `carver_site` [ RunTime:0.000226s ]
[2021-04-18T02:55:20+08:00][sql] CONNECT:[ UseTime:0.000554s ] mysql:host=127.0.0.1;port=3306;dbname=carver;charset=utf8
[2021-04-18T02:55:20+08:00][sql] SHOW FULL COLUMNS FROM `carver_article` [ RunTime:0.000984s ]
[2021-04-18T02:55:20+08:00][sql] SELECT COUNT(*) AS think_count FROM `carver_article` WHERE  `article_guide` = 7  AND `delete_time` = 0  AND `is_show` = 1 [ RunTime:0.000441s ]
[2021-04-18T02:55:20+08:00][sql] SELECT * FROM `carver_article` WHERE  `article_guide` = 7  AND `delete_time` = 0  AND `is_show` = 1 ORDER BY `add_time` DESC LIMIT 0,6 [ RunTime:0.000481s ]
[2021-04-18T02:55:20+08:00][sql] SELECT article_id,article_title,click_num,FROM_UNIXTIME(add_time,'%Y-%m-%d') as add_time FROM `carver_article` WHERE  `is_show` = 1  AND `delete_time` = 0 ORDER BY `click_num` DESC LIMIT 3 [ RunTime:0.000470s ]
[2021-04-18T02:55:20+08:00][sql] SHOW FULL COLUMNS FROM `carver_notice` [ RunTime:0.000803s ]
[2021-04-18T02:55:20+08:00][sql] SELECT * FROM `carver_notice` ORDER BY `create_time` DESC LIMIT 3 [ RunTime:0.000327s ]
[2021-04-18T02:55:20+08:00][sql] SHOW FULL COLUMNS FROM `carver_navigation` [ RunTime:0.000585s ]
[2021-04-18T02:55:20+08:00][sql] SELECT * FROM `carver_navigation` [ RunTime:0.000277s ]
[2021-04-18T02:55:20+08:00][sql] SELECT `article_label` FROM `carver_article` [ RunTime:0.000301s ]
[2021-04-18T02:55:20+08:00][sql] SHOW FULL COLUMNS FROM `carver_carouse` [ RunTime:0.000540s ]
[2021-04-18T02:55:20+08:00][sql] SELECT `carouse_img`,`carouse_desc` FROM `carver_carouse` WHERE  `is_show` = 1 ORDER BY `carouse_sort` DESC LIMIT 3 [ RunTime:0.000325s ]
[2021-04-18T02:55:20+08:00][sql] SHOW FULL COLUMNS FROM `carver_link` [ RunTime:0.000548s ]
[2021-04-18T02:55:20+08:00][sql] SELECT * FROM `carver_link` WHERE  ( is_confirm=2 ) LIMIT 20 [ RunTime:0.000309s ]
[2021-04-18T02:55:20+08:00][sql] SHOW FULL COLUMNS FROM `carver_site` [ RunTime:0.000598s ]
[2021-04-18T02:55:20+08:00][sql] SELECT * FROM `carver_site` [ RunTime:0.000272s ]
[2021-04-18T02:58:22+08:00][sql] CONNECT:[ UseTime:0.000517s ] mysql:host=127.0.0.1;port=3306;dbname=carver;charset=utf8
[2021-04-18T02:58:22+08:00][sql] SHOW FULL COLUMNS FROM `carver_user` [ RunTime:0.000796s ]
[2021-04-18T02:58:22+08:00][sql] SHOW FULL COLUMNS FROM `carver_article` [ RunTime:0.000689s ]
[2021-04-18T02:58:22+08:00][sql] SELECT COUNT(*) AS think_count FROM `carver_article` WHERE  `delete_time` = 0  AND `is_show` = 1 [ RunTime:0.000374s ]
[2021-04-18T02:58:22+08:00][sql] SELECT `article_id`,`article_title`,`article_desc`,`article_content`,`article_img`,`article_guide`,`article_label`,`click_num`,`is_show`,`add_time`,`article_author`,`is_top_show` FROM `carver_article` WHERE  `delete_time` = 0  AND `is_show` = 1 ORDER BY `article_id` DESC LIMIT 0,6 [ RunTime:0.000611s ]
[2021-04-18T02:58:22+08:00][sql] SELECT article_id,article_title,click_num,FROM_UNIXTIME(add_time,'%Y-%m-%d') as add_time FROM `carver_article` WHERE  `is_show` = 1  AND `delete_time` = 0 ORDER BY `click_num` DESC LIMIT 3 [ RunTime:0.000940s ]
[2021-04-18T02:58:22+08:00][sql] SHOW FULL COLUMNS FROM `carver_notice` [ RunTime:0.000565s ]
[2021-04-18T02:58:22+08:00][sql] SELECT * FROM `carver_notice` ORDER BY `create_time` DESC LIMIT 3 [ RunTime:0.000280s ]
[2021-04-18T02:58:22+08:00][sql] SHOW FULL COLUMNS FROM `carver_navigation` [ RunTime:0.000518s ]
[2021-04-18T02:58:22+08:00][sql] SELECT * FROM `carver_navigation` [ RunTime:0.000276s ]
[2021-04-18T02:58:22+08:00][sql] SHOW FULL COLUMNS FROM `carver_link` [ RunTime:0.000746s ]
[2021-04-18T02:58:22+08:00][sql] SELECT * FROM `carver_link` WHERE  ( is_confirm=2 ) LIMIT 20 [ RunTime:0.000283s ]
[2021-04-18T02:58:22+08:00][sql] SELECT `article_label` FROM `carver_article` [ RunTime:0.000266s ]
[2021-04-18T02:58:22+08:00][sql] SHOW FULL COLUMNS FROM `carver_carouse` [ RunTime:0.000494s ]
[2021-04-18T02:58:22+08:00][sql] SELECT `carouse_img`,`carouse_desc` FROM `carver_carouse` WHERE  `is_show` = 1 ORDER BY `carouse_sort` DESC LIMIT 3 [ RunTime:0.000302s ]
[2021-04-18T02:58:22+08:00][sql] SHOW FULL COLUMNS FROM `carver_site` [ RunTime:0.000471s ]
[2021-04-18T02:58:22+08:00][sql] SELECT * FROM `carver_site` [ RunTime:0.000239s ]
[2021-04-18T04:06:46+08:00][sql] CONNECT:[ UseTime:0.000571s ] mysql:host=127.0.0.1;port=3306;dbname=carver;charset=utf8
[2021-04-18T04:06:46+08:00][sql] SHOW FULL COLUMNS FROM `carver_article` [ RunTime:0.000893s ]
[2021-04-18T04:06:46+08:00][sql] SELECT COUNT(*) AS think_count FROM `carver_article` WHERE  `article_label` LIKE '%angerjs%'  AND `delete_time` = 0  AND `is_show` = 1 [ RunTime:0.000437s ]
[2021-04-18T04:06:46+08:00][sql] SELECT * FROM `carver_article` WHERE  `article_label` LIKE '%angerjs%'  AND `delete_time` = 0  AND `is_show` = 1 LIMIT 0,6 [ RunTime:0.001088s ]
[2021-04-18T04:06:46+08:00][sql] SELECT article_id,article_title,click_num,FROM_UNIXTIME(add_time,'%Y-%m-%d') as add_time FROM `carver_article` WHERE  `is_show` = 1  AND `delete_time` = 0 ORDER BY `click_num` DESC LIMIT 3 [ RunTime:0.000517s ]
[2021-04-18T04:06:46+08:00][sql] SHOW FULL COLUMNS FROM `carver_notice` [ RunTime:0.000639s ]
[2021-04-18T04:06:46+08:00][sql] SELECT * FROM `carver_notice` ORDER BY `create_time` DESC LIMIT 3 [ RunTime:0.000332s ]
[2021-04-18T04:06:46+08:00][sql] SHOW FULL COLUMNS FROM `carver_navigation` [ RunTime:0.000594s ]
[2021-04-18T04:06:46+08:00][sql] SELECT * FROM `carver_navigation` [ RunTime:0.000297s ]
[2021-04-18T04:06:46+08:00][sql] SHOW FULL COLUMNS FROM `carver_link` [ RunTime:0.000560s ]
[2021-04-18T04:06:46+08:00][sql] SELECT * FROM `carver_link` WHERE  ( is_confirm=2 ) LIMIT 20 [ RunTime:0.000351s ]
[2021-04-18T04:06:46+08:00][sql] SELECT `article_label` FROM `carver_article` [ RunTime:0.000297s ]
[2021-04-18T04:06:46+08:00][sql] SHOW FULL COLUMNS FROM `carver_carouse` [ RunTime:0.000534s ]
[2021-04-18T04:06:46+08:00][sql] SELECT `carouse_img`,`carouse_desc` FROM `carver_carouse` WHERE  `is_show` = 1 ORDER BY `carouse_sort` DESC LIMIT 3 [ RunTime:0.000324s ]
[2021-04-18T04:06:46+08:00][sql] SHOW FULL COLUMNS FROM `carver_site` [ RunTime:0.000569s ]
[2021-04-18T04:06:46+08:00][sql] SELECT * FROM `carver_site` [ RunTime:0.000289s ]
[2021-04-18T04:47:03+08:00][sql] CONNECT:[ UseTime:0.000632s ] mysql:host=127.0.0.1;port=3306;dbname=carver;charset=utf8
[2021-04-18T04:47:03+08:00][sql] SHOW FULL COLUMNS FROM `carver_article` [ RunTime:0.000891s ]
[2021-04-18T04:47:03+08:00][sql] SELECT COUNT(*) AS think_count FROM `carver_article` WHERE  `article_label` LIKE '%swoole%'  AND `delete_time` = 0  AND `is_show` = 1 [ RunTime:0.000461s ]
[2021-04-18T04:47:03+08:00][sql] SELECT * FROM `carver_article` WHERE  `article_label` LIKE '%swoole%'  AND `delete_time` = 0  AND `is_show` = 1 LIMIT 0,6 [ RunTime:0.001234s ]
[2021-04-18T04:47:03+08:00][sql] SELECT article_id,article_title,click_num,FROM_UNIXTIME(add_time,'%Y-%m-%d') as add_time FROM `carver_article` WHERE  `is_show` = 1  AND `delete_time` = 0 ORDER BY `click_num` DESC LIMIT 3 [ RunTime:0.000456s ]
[2021-04-18T04:47:03+08:00][sql] SHOW FULL COLUMNS FROM `carver_notice` [ RunTime:0.000632s ]
[2021-04-18T04:47:03+08:00][sql] SELECT * FROM `carver_notice` ORDER BY `create_time` DESC LIMIT 3 [ RunTime:0.000273s ]
[2021-04-18T04:47:03+08:00][sql] SHOW FULL COLUMNS FROM `carver_navigation` [ RunTime:0.000508s ]
[2021-04-18T04:47:03+08:00][sql] SELECT * FROM `carver_navigation` [ RunTime:0.000301s ]
[2021-04-18T04:47:03+08:00][sql] SHOW FULL COLUMNS FROM `carver_link` [ RunTime:0.000568s ]
[2021-04-18T04:47:03+08:00][sql] SELECT * FROM `carver_link` WHERE  ( is_confirm=2 ) LIMIT 20 [ RunTime:0.000280s ]
[2021-04-18T04:47:03+08:00][sql] SELECT `article_label` FROM `carver_article` [ RunTime:0.000262s ]
[2021-04-18T04:47:03+08:00][sql] SHOW FULL COLUMNS FROM `carver_carouse` [ RunTime:0.000514s ]
[2021-04-18T04:47:03+08:00][sql] SELECT `carouse_img`,`carouse_desc` FROM `carver_carouse` WHERE  `is_show` = 1 ORDER BY `carouse_sort` DESC LIMIT 3 [ RunTime:0.000319s ]
[2021-04-18T04:47:03+08:00][sql] SHOW FULL COLUMNS FROM `carver_site` [ RunTime:0.000534s ]
[2021-04-18T04:47:03+08:00][sql] SELECT * FROM `carver_site` [ RunTime:0.000250s ]
[2021-04-18T04:51:51+08:00][sql] CONNECT:[ UseTime:0.000542s ] mysql:host=127.0.0.1;port=3306;dbname=carver;charset=utf8
[2021-04-18T04:51:51+08:00][sql] SHOW FULL COLUMNS FROM `carver_article` [ RunTime:0.001072s ]
[2021-04-18T04:51:51+08:00][sql] SELECT COUNT(*) AS think_count FROM `carver_article` WHERE  `article_label` LIKE '%angerjs%'  AND `delete_time` = 0  AND `is_show` = 1 [ RunTime:0.000448s ]
[2021-04-18T04:51:51+08:00][sql] SELECT * FROM `carver_article` WHERE  `article_label` LIKE '%angerjs%'  AND `delete_time` = 0  AND `is_show` = 1 LIMIT 0,6 [ RunTime:0.001062s ]
[2021-04-18T04:51:51+08:00][sql] SELECT article_id,article_title,click_num,FROM_UNIXTIME(add_time,'%Y-%m-%d') as add_time FROM `carver_article` WHERE  `is_show` = 1  AND `delete_time` = 0 ORDER BY `click_num` DESC LIMIT 3 [ RunTime:0.000520s ]
[2021-04-18T04:51:51+08:00][sql] SHOW FULL COLUMNS FROM `carver_notice` [ RunTime:0.000710s ]
[2021-04-18T04:51:51+08:00][sql] SELECT * FROM `carver_notice` ORDER BY `create_time` DESC LIMIT 3 [ RunTime:0.000323s ]
[2021-04-18T04:51:51+08:00][sql] SHOW FULL COLUMNS FROM `carver_navigation` [ RunTime:0.000602s ]
[2021-04-18T04:51:51+08:00][sql] SELECT * FROM `carver_navigation` [ RunTime:0.000300s ]
[2021-04-18T04:51:51+08:00][sql] SHOW FULL COLUMNS FROM `carver_link` [ RunTime:0.000545s ]
[2021-04-18T04:51:51+08:00][sql] SELECT * FROM `carver_link` WHERE  ( is_confirm=2 ) LIMIT 20 [ RunTime:0.000367s ]
[2021-04-18T04:51:51+08:00][sql] SELECT `article_label` FROM `carver_article` [ RunTime:0.000294s ]
[2021-04-18T04:51:51+08:00][sql] SHOW FULL COLUMNS FROM `carver_carouse` [ RunTime:0.000581s ]
[2021-04-18T04:51:51+08:00][sql] SELECT `carouse_img`,`carouse_desc` FROM `carver_carouse` WHERE  `is_show` = 1 ORDER BY `carouse_sort` DESC LIMIT 3 [ RunTime:0.000326s ]
[2021-04-18T04:51:51+08:00][sql] SHOW FULL COLUMNS FROM `carver_site` [ RunTime:0.000589s ]
[2021-04-18T04:51:51+08:00][sql] SELECT * FROM `carver_site` [ RunTime:0.000306s ]
[2021-04-18T06:19:35+08:00][sql] CONNECT:[ UseTime:0.000615s ] mysql:host=127.0.0.1;port=3306;dbname=carver;charset=utf8
[2021-04-18T06:19:35+08:00][sql] SHOW FULL COLUMNS FROM `carver_user` [ RunTime:0.001003s ]
[2021-04-18T06:19:35+08:00][sql] SHOW FULL COLUMNS FROM `carver_article` [ RunTime:0.000722s ]
[2021-04-18T06:19:35+08:00][sql] SELECT COUNT(*) AS think_count FROM `carver_article` WHERE  `delete_time` = 0  AND `is_show` = 1 [ RunTime:0.000401s ]
[2021-04-18T06:19:35+08:00][sql] SELECT `article_id`,`article_title`,`article_desc`,`article_content`,`article_img`,`article_guide`,`article_label`,`click_num`,`is_show`,`add_time`,`article_author`,`is_top_show` FROM `carver_article` WHERE  `delete_time` = 0  AND `is_show` = 1 ORDER BY `article_id` DESC LIMIT 0,6 [ RunTime:0.000649s ]
[2021-04-18T06:19:35+08:00][sql] SELECT article_id,article_title,click_num,FROM_UNIXTIME(add_time,'%Y-%m-%d') as add_time FROM `carver_article` WHERE  `is_show` = 1  AND `delete_time` = 0 ORDER BY `click_num` DESC LIMIT 3 [ RunTime:0.000538s ]
[2021-04-18T06:19:35+08:00][sql] SHOW FULL COLUMNS FROM `carver_notice` [ RunTime:0.000577s ]
[2021-04-18T06:19:35+08:00][sql] SELECT * FROM `carver_notice` ORDER BY `create_time` DESC LIMIT 3 [ RunTime:0.000280s ]
[2021-04-18T06:19:35+08:00][sql] SHOW FULL COLUMNS FROM `carver_navigation` [ RunTime:0.000546s ]
[2021-04-18T06:19:35+08:00][sql] SELECT * FROM `carver_navigation` [ RunTime:0.000251s ]
[2021-04-18T06:19:35+08:00][sql] SHOW FULL COLUMNS FROM `carver_link` [ RunTime:0.000520s ]
[2021-04-18T06:19:35+08:00][sql] SELECT * FROM `carver_link` WHERE  ( is_confirm=2 ) LIMIT 20 [ RunTime:0.000324s ]
[2021-04-18T06:19:35+08:00][sql] SELECT `article_label` FROM `carver_article` [ RunTime:0.000259s ]
[2021-04-18T06:19:35+08:00][sql] SHOW FULL COLUMNS FROM `carver_carouse` [ RunTime:0.000513s ]
[2021-04-18T06:19:35+08:00][sql] SELECT `carouse_img`,`carouse_desc` FROM `carver_carouse` WHERE  `is_show` = 1 ORDER BY `carouse_sort` DESC LIMIT 3 [ RunTime:0.000316s ]
[2021-04-18T06:19:35+08:00][sql] SHOW FULL COLUMNS FROM `carver_site` [ RunTime:0.000521s ]
[2021-04-18T06:19:35+08:00][sql] SELECT * FROM `carver_site` [ RunTime:0.000229s ]
[2021-04-18T06:40:27+08:00][sql] CONNECT:[ UseTime:0.000543s ] mysql:host=127.0.0.1;port=3306;dbname=carver;charset=utf8
[2021-04-18T06:40:27+08:00][sql] SHOW FULL COLUMNS FROM `carver_article` [ RunTime:0.001026s ]
[2021-04-18T06:40:27+08:00][sql] SELECT COUNT(*) AS think_count FROM `carver_article` WHERE  `article_label` LIKE '%linux%'  AND `delete_time` = 0  AND `is_show` = 1 [ RunTime:0.000424s ]
[2021-04-18T06:40:27+08:00][sql] SELECT * FROM `carver_article` WHERE  `article_label` LIKE '%linux%'  AND `delete_time` = 0  AND `is_show` = 1 LIMIT 0,6 [ RunTime:0.001228s ]
[2021-04-18T06:40:27+08:00][sql] SELECT article_id,article_title,click_num,FROM_UNIXTIME(add_time,'%Y-%m-%d') as add_time FROM `carver_article` WHERE  `is_show` = 1  AND `delete_time` = 0 ORDER BY `click_num` DESC LIMIT 3 [ RunTime:0.000448s ]
[2021-04-18T06:40:27+08:00][sql] SHOW FULL COLUMNS FROM `carver_notice` [ RunTime:0.000717s ]
[2021-04-18T06:40:27+08:00][sql] SELECT * FROM `carver_notice` ORDER BY `create_time` DESC LIMIT 3 [ RunTime:0.000315s ]
[2021-04-18T06:40:27+08:00][sql] SHOW FULL COLUMNS FROM `carver_navigation` [ RunTime:0.000586s ]
[2021-04-18T06:40:27+08:00][sql] SELECT * FROM `carver_navigation` [ RunTime:0.000259s ]
[2021-04-18T06:40:27+08:00][sql] SHOW FULL COLUMNS FROM `carver_link` [ RunTime:0.000509s ]
[2021-04-18T06:40:27+08:00][sql] SELECT * FROM `carver_link` WHERE  ( is_confirm=2 ) LIMIT 20 [ RunTime:0.000278s ]
[2021-04-18T06:40:27+08:00][sql] SELECT `article_label` FROM `carver_article` [ RunTime:0.000263s ]
[2021-04-18T06:40:27+08:00][sql] SHOW FULL COLUMNS FROM `carver_carouse` [ RunTime:0.000556s ]
[2021-04-18T06:40:27+08:00][sql] SELECT `carouse_img`,`carouse_desc` FROM `carver_carouse` WHERE  `is_show` = 1 ORDER BY `carouse_sort` DESC LIMIT 3 [ RunTime:0.000321s ]
[2021-04-18T06:40:27+08:00][sql] SHOW FULL COLUMNS FROM `carver_site` [ RunTime:0.000538s ]
[2021-04-18T06:40:27+08:00][sql] SELECT * FROM `carver_site` [ RunTime:0.000247s ]
[2021-04-18T06:44:16+08:00][sql] CONNECT:[ UseTime:0.001188s ] mysql:host=127.0.0.1;port=3306;dbname=carver;charset=utf8
[2021-04-18T06:44:16+08:00][sql] SHOW FULL COLUMNS FROM `carver_article` [ RunTime:0.000897s ]
[2021-04-18T06:44:16+08:00][sql] SELECT COUNT(*) AS think_count FROM `carver_article` WHERE  `article_label` LIKE '%网络安全%'  AND `delete_time` = 0  AND `is_show` = 1 [ RunTime:0.000429s ]
[2021-04-18T06:44:16+08:00][sql] SELECT * FROM `carver_article` WHERE  `article_label` LIKE '%网络安全%'  AND `delete_time` = 0  AND `is_show` = 1 LIMIT 0,6 [ RunTime:0.001151s ]
[2021-04-18T06:44:16+08:00][sql] SELECT article_id,article_title,click_num,FROM_UNIXTIME(add_time,'%Y-%m-%d') as add_time FROM `carver_article` WHERE  `is_show` = 1  AND `delete_time` = 0 ORDER BY `click_num` DESC LIMIT 3 [ RunTime:0.000542s ]
[2021-04-18T06:44:16+08:00][sql] SHOW FULL COLUMNS FROM `carver_notice` [ RunTime:0.000606s ]
[2021-04-18T06:44:16+08:00][sql] SELECT * FROM `carver_notice` ORDER BY `create_time` DESC LIMIT 3 [ RunTime:0.000307s ]
[2021-04-18T06:44:16+08:00][sql] SHOW FULL COLUMNS FROM `carver_navigation` [ RunTime:0.000540s ]
[2021-04-18T06:44:16+08:00][sql] SELECT * FROM `carver_navigation` [ RunTime:0.000250s ]
[2021-04-18T06:44:16+08:00][sql] SHOW FULL COLUMNS FROM `carver_link` [ RunTime:0.000546s ]
[2021-04-18T06:44:16+08:00][sql] SELECT * FROM `carver_link` WHERE  ( is_confirm=2 ) LIMIT 20 [ RunTime:0.000296s ]
[2021-04-18T06:44:16+08:00][sql] SELECT `article_label` FROM `carver_article` [ RunTime:0.000272s ]
[2021-04-18T06:44:16+08:00][sql] SHOW FULL COLUMNS FROM `carver_carouse` [ RunTime:0.000515s ]
[2021-04-18T06:44:16+08:00][sql] SELECT `carouse_img`,`carouse_desc` FROM `carver_carouse` WHERE  `is_show` = 1 ORDER BY `carouse_sort` DESC LIMIT 3 [ RunTime:0.000291s ]
[2021-04-18T06:44:16+08:00][sql] SHOW FULL COLUMNS FROM `carver_site` [ RunTime:0.000467s ]
[2021-04-18T06:44:16+08:00][sql] SELECT * FROM `carver_site` [ RunTime:0.000264s ]
[2021-04-18T06:50:14+08:00][sql] CONNECT:[ UseTime:0.000576s ] mysql:host=127.0.0.1;port=3306;dbname=carver;charset=utf8
[2021-04-18T06:50:14+08:00][sql] SHOW FULL COLUMNS FROM `carver_article` [ RunTime:0.000966s ]
[2021-04-18T06:50:14+08:00][sql] SELECT COUNT(*) AS think_count FROM `carver_article` WHERE  `article_label` LIKE '%mysql%'  AND `delete_time` = 0  AND `is_show` = 1 [ RunTime:0.000441s ]
[2021-04-18T06:50:14+08:00][sql] SELECT * FROM `carver_article` WHERE  `article_label` LIKE '%mysql%'  AND `delete_time` = 0  AND `is_show` = 1 LIMIT 0,6 [ RunTime:0.001127s ]
[2021-04-18T06:50:14+08:00][sql] SELECT article_id,article_title,click_num,FROM_UNIXTIME(add_time,'%Y-%m-%d') as add_time FROM `carver_article` WHERE  `is_show` = 1  AND `delete_time` = 0 ORDER BY `click_num` DESC LIMIT 3 [ RunTime:0.000467s ]
[2021-04-18T06:50:14+08:00][sql] SHOW FULL COLUMNS FROM `carver_notice` [ RunTime:0.000701s ]
[2021-04-18T06:50:14+08:00][sql] SELECT * FROM `carver_notice` ORDER BY `create_time` DESC LIMIT 3 [ RunTime:0.000321s ]
[2021-04-18T06:50:14+08:00][sql] SHOW FULL COLUMNS FROM `carver_navigation` [ RunTime:0.000534s ]
[2021-04-18T06:50:14+08:00][sql] SELECT * FROM `carver_navigation` [ RunTime:0.000282s ]
[2021-04-18T06:50:14+08:00][sql] SHOW FULL COLUMNS FROM `carver_link` [ RunTime:0.000571s ]
[2021-04-18T06:50:14+08:00][sql] SELECT * FROM `carver_link` WHERE  ( is_confirm=2 ) LIMIT 20 [ RunTime:0.000290s ]
[2021-04-18T06:50:14+08:00][sql] SELECT `article_label` FROM `carver_article` [ RunTime:0.000266s ]
[2021-04-18T06:50:14+08:00][sql] SHOW FULL COLUMNS FROM `carver_carouse` [ RunTime:0.000514s ]
[2021-04-18T06:50:14+08:00][sql] SELECT `carouse_img`,`carouse_desc` FROM `carver_carouse` WHERE  `is_show` = 1 ORDER BY `carouse_sort` DESC LIMIT 3 [ RunTime:0.000303s ]
[2021-04-18T06:50:14+08:00][sql] SHOW FULL COLUMNS FROM `carver_site` [ RunTime:0.000569s ]
[2021-04-18T06:50:14+08:00][sql] SELECT * FROM `carver_site` [ RunTime:0.000251s ]
[2021-04-18T06:50:45+08:00][sql] CONNECT:[ UseTime:0.000564s ] mysql:host=127.0.0.1;port=3306;dbname=carver;charset=utf8
[2021-04-18T06:50:45+08:00][sql] SHOW FULL COLUMNS FROM `carver_article` [ RunTime:0.000900s ]
[2021-04-18T06:50:45+08:00][sql] SELECT COUNT(*) AS think_count FROM `carver_article` WHERE  `article_label` LIKE '%设计模式%'  AND `delete_time` = 0  AND `is_show` = 1 [ RunTime:0.000456s ]
[2021-04-18T06:50:45+08:00][sql] SELECT * FROM `carver_article` WHERE  `article_label` LIKE '%设计模式%'  AND `delete_time` = 0  AND `is_show` = 1 LIMIT 0,6 [ RunTime:0.002797s ]
[2021-04-18T06:50:45+08:00][sql] SELECT article_id,article_title,click_num,FROM_UNIXTIME(add_time,'%Y-%m-%d') as add_time FROM `carver_article` WHERE  `is_show` = 1  AND `delete_time` = 0 ORDER BY `click_num` DESC LIMIT 3 [ RunTime:0.000591s ]
[2021-04-18T06:50:45+08:00][sql] SHOW FULL COLUMNS FROM `carver_notice` [ RunTime:0.000703s ]
[2021-04-18T06:50:45+08:00][sql] SELECT * FROM `carver_notice` ORDER BY `create_time` DESC LIMIT 3 [ RunTime:0.000334s ]
[2021-04-18T06:50:45+08:00][sql] SHOW FULL COLUMNS FROM `carver_navigation` [ RunTime:0.000565s ]
[2021-04-18T06:50:45+08:00][sql] SELECT * FROM `carver_navigation` [ RunTime:0.000280s ]
[2021-04-18T06:50:45+08:00][sql] SHOW FULL COLUMNS FROM `carver_link` [ RunTime:0.000598s ]
[2021-04-18T06:50:45+08:00][sql] SELECT * FROM `carver_link` WHERE  ( is_confirm=2 ) LIMIT 20 [ RunTime:0.000320s ]
[2021-04-18T06:50:45+08:00][sql] SELECT `article_label` FROM `carver_article` [ RunTime:0.000284s ]
[2021-04-18T06:50:45+08:00][sql] SHOW FULL COLUMNS FROM `carver_carouse` [ RunTime:0.000546s ]
[2021-04-18T06:50:45+08:00][sql] SELECT `carouse_img`,`carouse_desc` FROM `carver_carouse` WHERE  `is_show` = 1 ORDER BY `carouse_sort` DESC LIMIT 3 [ RunTime:0.000323s ]
[2021-04-18T06:50:45+08:00][sql] SHOW FULL COLUMNS FROM `carver_site` [ RunTime:0.000548s ]
[2021-04-18T06:50:45+08:00][sql] SELECT * FROM `carver_site` [ RunTime:0.000257s ]
[2021-04-18T07:28:31+08:00][sql] CONNECT:[ UseTime:0.000642s ] mysql:host=127.0.0.1;port=3306;dbname=carver;charset=utf8
[2021-04-18T07:28:31+08:00][sql] SHOW FULL COLUMNS FROM `carver_user` [ RunTime:0.000833s ]
[2021-04-18T07:28:31+08:00][sql] SHOW FULL COLUMNS FROM `carver_article` [ RunTime:0.000715s ]
[2021-04-18T07:28:31+08:00][sql] SELECT COUNT(*) AS think_count FROM `carver_article` WHERE  `delete_time` = 0  AND `is_show` = 1 [ RunTime:0.000386s ]
[2021-04-18T07:28:31+08:00][sql] SELECT `article_id`,`article_title`,`article_desc`,`article_content`,`article_img`,`article_guide`,`article_label`,`click_num`,`is_show`,`add_time`,`article_author`,`is_top_show` FROM `carver_article` WHERE  `delete_time` = 0  AND `is_show` = 1 ORDER BY `article_id` DESC LIMIT 0,6 [ RunTime:0.000791s ]
[2021-04-18T07:28:31+08:00][sql] SELECT article_id,article_title,click_num,FROM_UNIXTIME(add_time,'%Y-%m-%d') as add_time FROM `carver_article` WHERE  `is_show` = 1  AND `delete_time` = 0 ORDER BY `click_num` DESC LIMIT 3 [ RunTime:0.000492s ]
[2021-04-18T07:28:31+08:00][sql] SHOW FULL COLUMNS FROM `carver_notice` [ RunTime:0.000628s ]
[2021-04-18T07:28:31+08:00][sql] SELECT * FROM `carver_notice` ORDER BY `create_time` DESC LIMIT 3 [ RunTime:0.000288s ]
[2021-04-18T07:28:31+08:00][sql] SHOW FULL COLUMNS FROM `carver_navigation` [ RunTime:0.000567s ]
[2021-04-18T07:28:31+08:00][sql] SELECT * FROM `carver_navigation` [ RunTime:0.000300s ]
[2021-04-18T07:28:31+08:00][sql] SHOW FULL COLUMNS FROM `carver_link` [ RunTime:0.000533s ]
[2021-04-18T07:28:31+08:00][sql] SELECT * FROM `carver_link` WHERE  ( is_confirm=2 ) LIMIT 20 [ RunTime:0.000320s ]
[2021-04-18T07:28:31+08:00][sql] SELECT `article_label` FROM `carver_article` [ RunTime:0.000302s ]
[2021-04-18T07:28:31+08:00][sql] SHOW FULL COLUMNS FROM `carver_carouse` [ RunTime:0.000503s ]
[2021-04-18T07:28:31+08:00][sql] SELECT `carouse_img`,`carouse_desc` FROM `carver_carouse` WHERE  `is_show` = 1 ORDER BY `carouse_sort` DESC LIMIT 3 [ RunTime:0.000398s ]
[2021-04-18T07:28:31+08:00][sql] SHOW FULL COLUMNS FROM `carver_site` [ RunTime:0.000487s ]
[2021-04-18T07:28:31+08:00][sql] SELECT * FROM `carver_site` [ RunTime:0.000325s ]
[2021-04-18T07:46:26+08:00][sql] CONNECT:[ UseTime:0.000567s ] mysql:host=127.0.0.1;port=3306;dbname=carver;charset=utf8
[2021-04-18T07:46:26+08:00][sql] SHOW FULL COLUMNS FROM `carver_article` [ RunTime:0.000849s ]
[2021-04-18T07:46:26+08:00][sql] SELECT COUNT(*) AS think_count FROM `carver_article` WHERE  `article_label` LIKE '%javascript%'  AND `delete_time` = 0  AND `is_show` = 1 [ RunTime:0.000423s ]
[2021-04-18T07:46:26+08:00][sql] SELECT * FROM `carver_article` WHERE  `article_label` LIKE '%javascript%'  AND `delete_time` = 0  AND `is_show` = 1 LIMIT 0,6 [ RunTime:0.000842s ]
[2021-04-18T07:46:26+08:00][sql] SELECT article_id,article_title,click_num,FROM_UNIXTIME(add_time,'%Y-%m-%d') as add_time FROM `carver_article` WHERE  `is_show` = 1  AND `delete_time` = 0 ORDER BY `click_num` DESC LIMIT 3 [ RunTime:0.000532s ]
[2021-04-18T07:46:26+08:00][sql] SHOW FULL COLUMNS FROM `carver_notice` [ RunTime:0.000682s ]
[2021-04-18T07:46:26+08:00][sql] SELECT * FROM `carver_notice` ORDER BY `create_time` DESC LIMIT 3 [ RunTime:0.000339s ]
[2021-04-18T07:46:26+08:00][sql] SHOW FULL COLUMNS FROM `carver_navigation` [ RunTime:0.000613s ]
[2021-04-18T07:46:26+08:00][sql] SELECT * FROM `carver_navigation` [ RunTime:0.000256s ]
[2021-04-18T07:46:26+08:00][sql] SHOW FULL COLUMNS FROM `carver_link` [ RunTime:0.000535s ]
[2021-04-18T07:46:26+08:00][sql] SELECT * FROM `carver_link` WHERE  ( is_confirm=2 ) LIMIT 20 [ RunTime:0.000309s ]
[2021-04-18T07:46:26+08:00][sql] SELECT `article_label` FROM `carver_article` [ RunTime:0.000272s ]
[2021-04-18T07:46:26+08:00][sql] SHOW FULL COLUMNS FROM `carver_carouse` [ RunTime:0.000488s ]
[2021-04-18T07:46:26+08:00][sql] SELECT `carouse_img`,`carouse_desc` FROM `carver_carouse` WHERE  `is_show` = 1 ORDER BY `carouse_sort` DESC LIMIT 3 [ RunTime:0.000327s ]
[2021-04-18T07:46:26+08:00][sql] SHOW FULL COLUMNS FROM `carver_site` [ RunTime:0.000495s ]
[2021-04-18T07:46:26+08:00][sql] SELECT * FROM `carver_site` [ RunTime:0.000270s ]
[2021-04-18T10:50:18+08:00][sql] CONNECT:[ UseTime:0.000563s ] mysql:host=127.0.0.1;port=3306;dbname=carver;charset=utf8
[2021-04-18T10:50:18+08:00][sql] SHOW FULL COLUMNS FROM `carver_user` [ RunTime:0.000838s ]
[2021-04-18T10:50:18+08:00][sql] SHOW FULL COLUMNS FROM `carver_article` [ RunTime:0.000690s ]
[2021-04-18T10:50:18+08:00][sql] SELECT COUNT(*) AS think_count FROM `carver_article` WHERE  `delete_time` = 0  AND `is_show` = 1 [ RunTime:0.000364s ]
[2021-04-18T10:50:18+08:00][sql] SELECT `article_id`,`article_title`,`article_desc`,`article_content`,`article_img`,`article_guide`,`article_label`,`click_num`,`is_show`,`add_time`,`article_author`,`is_top_show` FROM `carver_article` WHERE  `delete_time` = 0  AND `is_show` = 1 ORDER BY `article_id` DESC LIMIT 0,6 [ RunTime:0.000644s ]
[2021-04-18T10:50:18+08:00][sql] SELECT article_id,article_title,click_num,FROM_UNIXTIME(add_time,'%Y-%m-%d') as add_time FROM `carver_article` WHERE  `is_show` = 1  AND `delete_time` = 0 ORDER BY `click_num` DESC LIMIT 3 [ RunTime:0.000516s ]
[2021-04-18T10:50:18+08:00][sql] SHOW FULL COLUMNS FROM `carver_notice` [ RunTime:0.000626s ]
[2021-04-18T10:50:18+08:00][sql] SELECT * FROM `carver_notice` ORDER BY `create_time` DESC LIMIT 3 [ RunTime:0.000284s ]
[2021-04-18T10:50:18+08:00][sql] SHOW FULL COLUMNS FROM `carver_navigation` [ RunTime:0.000505s ]
[2021-04-18T10:50:18+08:00][sql] SELECT * FROM `carver_navigation` [ RunTime:0.000271s ]
[2021-04-18T10:50:18+08:00][sql] SHOW FULL COLUMNS FROM `carver_link` [ RunTime:0.000522s ]
[2021-04-18T10:50:18+08:00][sql] SELECT * FROM `carver_link` WHERE  ( is_confirm=2 ) LIMIT 20 [ RunTime:0.000329s ]
[2021-04-18T10:50:18+08:00][sql] SELECT `article_label` FROM `carver_article` [ RunTime:0.000318s ]
[2021-04-18T10:50:18+08:00][sql] SHOW FULL COLUMNS FROM `carver_carouse` [ RunTime:0.000565s ]
[2021-04-18T10:50:18+08:00][sql] SELECT `carouse_img`,`carouse_desc` FROM `carver_carouse` WHERE  `is_show` = 1 ORDER BY `carouse_sort` DESC LIMIT 3 [ RunTime:0.000317s ]
[2021-04-18T10:50:18+08:00][sql] SHOW FULL COLUMNS FROM `carver_site` [ RunTime:0.000562s ]
[2021-04-18T10:50:18+08:00][sql] SELECT * FROM `carver_site` [ RunTime:0.000259s ]
[2021-04-18T11:27:37+08:00][sql] CONNECT:[ UseTime:0.000495s ] mysql:host=127.0.0.1;port=3306;dbname=carver;charset=utf8
[2021-04-18T11:27:37+08:00][sql] SHOW FULL COLUMNS FROM `carver_article` [ RunTime:0.000862s ]
[2021-04-18T11:27:37+08:00][sql] SELECT COUNT(*) AS think_count FROM `carver_article` WHERE  `article_label` LIKE '%swoole%'  AND `delete_time` = 0  AND `is_show` = 1 [ RunTime:0.000431s ]
[2021-04-18T11:27:37+08:00][sql] SELECT * FROM `carver_article` WHERE  `article_label` LIKE '%swoole%'  AND `delete_time` = 0  AND `is_show` = 1 LIMIT 0,6 [ RunTime:0.001155s ]
[2021-04-18T11:27:37+08:00][sql] SELECT article_id,article_title,click_num,FROM_UNIXTIME(add_time,'%Y-%m-%d') as add_time FROM `carver_article` WHERE  `is_show` = 1  AND `delete_time` = 0 ORDER BY `click_num` DESC LIMIT 3 [ RunTime:0.000370s ]
[2021-04-18T11:27:37+08:00][sql] SHOW FULL COLUMNS FROM `carver_notice` [ RunTime:0.000510s ]
[2021-04-18T11:27:37+08:00][sql] SELECT * FROM `carver_notice` ORDER BY `create_time` DESC LIMIT 3 [ RunTime:0.000283s ]
[2021-04-18T11:27:37+08:00][sql] SHOW FULL COLUMNS FROM `carver_navigation` [ RunTime:0.000525s ]
[2021-04-18T11:27:37+08:00][sql] SELECT * FROM `carver_navigation` [ RunTime:0.000288s ]
[2021-04-18T11:27:37+08:00][sql] SHOW FULL COLUMNS FROM `carver_link` [ RunTime:0.000486s ]
[2021-04-18T11:27:37+08:00][sql] SELECT * FROM `carver_link` WHERE  ( is_confirm=2 ) LIMIT 20 [ RunTime:0.000269s ]
[2021-04-18T11:27:37+08:00][sql] SELECT `article_label` FROM `carver_article` [ RunTime:0.000234s ]
[2021-04-18T11:27:37+08:00][sql] SHOW FULL COLUMNS FROM `carver_carouse` [ RunTime:0.000470s ]
[2021-04-18T11:27:37+08:00][sql] SELECT `carouse_img`,`carouse_desc` FROM `carver_carouse` WHERE  `is_show` = 1 ORDER BY `carouse_sort` DESC LIMIT 3 [ RunTime:0.000280s ]
[2021-04-18T11:27:37+08:00][sql] SHOW FULL COLUMNS FROM `carver_site` [ RunTime:0.000482s ]
[2021-04-18T11:27:37+08:00][sql] SELECT * FROM `carver_site` [ RunTime:0.000220s ]
[2021-04-18T12:19:25+08:00][sql] CONNECT:[ UseTime:0.000534s ] mysql:host=127.0.0.1;port=3306;dbname=carver;charset=utf8
[2021-04-18T12:19:25+08:00][sql] SHOW FULL COLUMNS FROM `carver_user` [ RunTime:0.000841s ]
[2021-04-18T12:19:25+08:00][sql] SHOW FULL COLUMNS FROM `carver_article` [ RunTime:0.000733s ]
[2021-04-18T12:19:25+08:00][sql] SELECT COUNT(*) AS think_count FROM `carver_article` WHERE  `delete_time` = 0  AND `is_show` = 1 [ RunTime:0.000490s ]
[2021-04-18T12:19:25+08:00][sql] SELECT `article_id`,`article_title`,`article_desc`,`article_content`,`article_img`,`article_guide`,`article_label`,`click_num`,`is_show`,`add_time`,`article_author`,`is_top_show` FROM `carver_article` WHERE  `delete_time` = 0  AND `is_show` = 1 ORDER BY `article_id` DESC LIMIT 6,6 [ RunTime:0.002647s ]
[2021-04-18T12:19:25+08:00][sql] SELECT article_id,article_title,click_num,FROM_UNIXTIME(add_time,'%Y-%m-%d') as add_time FROM `carver_article` WHERE  `is_show` = 1  AND `delete_time` = 0 ORDER BY `click_num` DESC LIMIT 3 [ RunTime:0.000539s ]
[2021-04-18T12:19:25+08:00][sql] SHOW FULL COLUMNS FROM `carver_notice` [ RunTime:0.000594s ]
[2021-04-18T12:19:25+08:00][sql] SELECT * FROM `carver_notice` ORDER BY `create_time` DESC LIMIT 3 [ RunTime:0.000307s ]
[2021-04-18T12:19:25+08:00][sql] SHOW FULL COLUMNS FROM `carver_navigation` [ RunTime:0.000582s ]
[2021-04-18T12:19:25+08:00][sql] SELECT * FROM `carver_navigation` [ RunTime:0.000273s ]
[2021-04-18T12:19:25+08:00][sql] SHOW FULL COLUMNS FROM `carver_link` [ RunTime:0.000507s ]
[2021-04-18T12:19:25+08:00][sql] SELECT * FROM `carver_link` WHERE  ( is_confirm=2 ) LIMIT 20 [ RunTime:0.000364s ]
[2021-04-18T12:19:25+08:00][sql] SELECT `article_label` FROM `carver_article` [ RunTime:0.000331s ]
[2021-04-18T12:19:25+08:00][sql] SHOW FULL COLUMNS FROM `carver_carouse` [ RunTime:0.000558s ]
[2021-04-18T12:19:25+08:00][sql] SELECT `carouse_img`,`carouse_desc` FROM `carver_carouse` WHERE  `is_show` = 1 ORDER BY `carouse_sort` DESC LIMIT 3 [ RunTime:0.000294s ]
[2021-04-18T12:19:25+08:00][sql] SHOW FULL COLUMNS FROM `carver_site` [ RunTime:0.000478s ]
[2021-04-18T12:19:25+08:00][sql] SELECT * FROM `carver_site` [ RunTime:0.000227s ]
[2021-04-18T12:31:24+08:00][sql] CONNECT:[ UseTime:0.000644s ] mysql:host=127.0.0.1;port=3306;dbname=carver;charset=utf8
[2021-04-18T12:31:24+08:00][sql] SHOW FULL COLUMNS FROM `carver_article` [ RunTime:0.000883s ]
[2021-04-18T12:31:24+08:00][sql] SELECT COUNT(*) AS think_count FROM `carver_article` WHERE  `article_label` LIKE '%c%'  AND `delete_time` = 0  AND `is_show` = 1 [ RunTime:0.000436s ]
[2021-04-18T12:31:24+08:00][sql] SELECT * FROM `carver_article` WHERE  `article_label` LIKE '%c%'  AND `delete_time` = 0  AND `is_show` = 1 LIMIT 0,6 [ RunTime:0.001423s ]
[2021-04-18T12:31:24+08:00][sql] SELECT article_id,article_title,click_num,FROM_UNIXTIME(add_time,'%Y-%m-%d') as add_time FROM `carver_article` WHERE  `is_show` = 1  AND `delete_time` = 0 ORDER BY `click_num` DESC LIMIT 3 [ RunTime:0.000490s ]
[2021-04-18T12:31:24+08:00][sql] SHOW FULL COLUMNS FROM `carver_notice` [ RunTime:0.000643s ]
[2021-04-18T12:31:24+08:00][sql] SELECT * FROM `carver_notice` ORDER BY `create_time` DESC LIMIT 3 [ RunTime:0.000291s ]
[2021-04-18T12:31:24+08:00][sql] SHOW FULL COLUMNS FROM `carver_navigation` [ RunTime:0.000539s ]
[2021-04-18T12:31:24+08:00][sql] SELECT * FROM `carver_navigation` [ RunTime:0.000289s ]
[2021-04-18T12:31:24+08:00][sql] SHOW FULL COLUMNS FROM `carver_link` [ RunTime:0.000558s ]
[2021-04-18T12:31:24+08:00][sql] SELECT * FROM `carver_link` WHERE  ( is_confirm=2 ) LIMIT 20 [ RunTime:0.000281s ]
[2021-04-18T12:31:24+08:00][sql] SELECT `article_label` FROM `carver_article` [ RunTime:0.000269s ]
[2021-04-18T12:31:24+08:00][sql] SHOW FULL COLUMNS FROM `carver_carouse` [ RunTime:0.000556s ]
[2021-04-18T12:31:24+08:00][sql] SELECT `carouse_img`,`carouse_desc` FROM `carver_carouse` WHERE  `is_show` = 1 ORDER BY `carouse_sort` DESC LIMIT 3 [ RunTime:0.000293s ]
[2021-04-18T12:31:24+08:00][sql] SHOW FULL COLUMNS FROM `carver_site` [ RunTime:0.000514s ]
[2021-04-18T12:31:24+08:00][sql] SELECT * FROM `carver_site` [ RunTime:0.000235s ]
[2021-04-18T13:47:26+08:00][sql] CONNECT:[ UseTime:0.000504s ] mysql:host=127.0.0.1;port=3306;dbname=carver;charset=utf8
[2021-04-18T13:47:26+08:00][sql] SHOW FULL COLUMNS FROM `carver_article` [ RunTime:0.000898s ]
[2021-04-18T13:47:26+08:00][sql] SELECT COUNT(*) AS think_count FROM `carver_article` WHERE  `article_guide` = 7  AND `delete_time` = 0  AND `is_show` = 1 [ RunTime:0.000417s ]
[2021-04-18T13:47:26+08:00][sql] SELECT * FROM `carver_article` WHERE  `article_guide` = 7  AND `delete_time` = 0  AND `is_show` = 1 ORDER BY `add_time` DESC LIMIT 0,6 [ RunTime:0.000406s ]
[2021-04-18T13:47:26+08:00][sql] SELECT article_id,article_title,click_num,FROM_UNIXTIME(add_time,'%Y-%m-%d') as add_time FROM `carver_article` WHERE  `is_show` = 1  AND `delete_time` = 0 ORDER BY `click_num` DESC LIMIT 3 [ RunTime:0.000389s ]
[2021-04-18T13:47:26+08:00][sql] SHOW FULL COLUMNS FROM `carver_notice` [ RunTime:0.000570s ]
[2021-04-18T13:47:26+08:00][sql] SELECT * FROM `carver_notice` ORDER BY `create_time` DESC LIMIT 3 [ RunTime:0.000256s ]
[2021-04-18T13:47:26+08:00][sql] SHOW FULL COLUMNS FROM `carver_navigation` [ RunTime:0.000647s ]
[2021-04-18T13:47:26+08:00][sql] SELECT * FROM `carver_navigation` [ RunTime:0.000259s ]
[2021-04-18T13:47:26+08:00][sql] SELECT `article_label` FROM `carver_article` [ RunTime:0.000245s ]
[2021-04-18T13:47:26+08:00][sql] SHOW FULL COLUMNS FROM `carver_carouse` [ RunTime:0.000482s ]
[2021-04-18T13:47:26+08:00][sql] SELECT `carouse_img`,`carouse_desc` FROM `carver_carouse` WHERE  `is_show` = 1 ORDER BY `carouse_sort` DESC LIMIT 3 [ RunTime:0.000280s ]
[2021-04-18T13:47:26+08:00][sql] SHOW FULL COLUMNS FROM `carver_link` [ RunTime:0.000475s ]
[2021-04-18T13:47:26+08:00][sql] SELECT * FROM `carver_link` WHERE  ( is_confirm=2 ) LIMIT 20 [ RunTime:0.000314s ]
[2021-04-18T13:47:26+08:00][sql] SHOW FULL COLUMNS FROM `carver_site` [ RunTime:0.000523s ]
[2021-04-18T13:47:26+08:00][sql] SELECT * FROM `carver_site` [ RunTime:0.000275s ]
[2021-04-18T14:27:36+08:00][sql] CONNECT:[ UseTime:0.000513s ] mysql:host=127.0.0.1;port=3306;dbname=carver;charset=utf8
[2021-04-18T14:27:36+08:00][sql] SHOW FULL COLUMNS FROM `carver_article` [ RunTime:0.000952s ]
[2021-04-18T14:27:36+08:00][sql] SELECT `article_id`,`article_title`,`article_desc`,`article_content`,`article_img`,`article_guide`,`article_label`,`click_num`,`is_show`,`add_time`,`article_author` FROM `carver_article` WHERE  `article_id` = 8 LIMIT 1 [ RunTime:0.000473s ]
[2021-04-18T14:27:36+08:00][sql] SELECT `article_id`,`article_title`,`article_desc`,`article_content`,`article_img`,`article_guide`,`article_label`,`click_num`,`is_show`,`add_time`,`article_author` FROM `carver_article` WHERE  `article_id` > 8 LIMIT 1 [ RunTime:0.000627s ]
[2021-04-18T14:27:36+08:00][sql] SELECT `article_id`,`article_title`,`article_desc`,`article_content`,`article_img`,`article_guide`,`article_label`,`click_num`,`is_show`,`add_time`,`article_author` FROM `carver_article` WHERE  `article_id` < 8 ORDER BY `article_id` DESC LIMIT 1 [ RunTime:0.000797s ]
[2021-04-18T14:27:36+08:00][sql] SHOW FULL COLUMNS FROM `carver_link` [ RunTime:0.000541s ]
[2021-04-18T14:27:36+08:00][sql] SELECT * FROM `carver_link` WHERE  ( is_confirm=2 ) LIMIT 20 [ RunTime:0.000303s ]
[2021-04-18T14:27:36+08:00][sql] SELECT article_id,article_title,click_num,FROM_UNIXTIME(add_time,'%Y-%m-%d') as add_time FROM `carver_article` ORDER BY `click_num` DESC LIMIT 3 [ RunTime:0.000335s ]
[2021-04-18T14:27:36+08:00][sql] SHOW FULL COLUMNS FROM `carver_comment` [ RunTime:0.000535s ]
[2021-04-18T14:27:36+08:00][sql] SELECT `a`.*,`b`.`user_name` FROM `carver_comment` `a` INNER JOIN `carver_user` `b` ON `a`.`user_id`=`b`.`user_id` WHERE  `article_id` = 8 ORDER BY `create_time` DESC [ RunTime:0.000357s ]
[2021-04-18T14:27:36+08:00][sql] SHOW FULL COLUMNS FROM `carver_comment_to_others` [ RunTime:0.000540s ]
[2021-04-18T14:27:36+08:00][sql] SELECT * FROM `carver_comment_to_others` [ RunTime:0.000260s ]
[2021-04-18T14:27:36+08:00][sql] SHOW FULL COLUMNS FROM `carver_user` [ RunTime:0.000458s ]
[2021-04-18T14:27:36+08:00][sql] SELECT `user_name` FROM `carver_user` WHERE  `user_id` = 4 LIMIT 1 [ RunTime:0.000250s ]
[2021-04-18T14:27:36+08:00][sql] SELECT `user_name` FROM `carver_user` WHERE  `user_id` = 4 LIMIT 1 [ RunTime:0.000224s ]
[2021-04-18T14:27:36+08:00][sql] SELECT `user_name` FROM `carver_user` WHERE  `user_id` = 5 LIMIT 1 [ RunTime:0.000214s ]
[2021-04-18T14:27:36+08:00][sql] SELECT `user_name` FROM `carver_user` WHERE  `user_id` = 5 LIMIT 1 [ RunTime:0.000223s ]
[2021-04-18T14:27:36+08:00][sql] SELECT `user_name`,`user_id` FROM `carver_user` [ RunTime:0.000232s ]
[2021-04-18T14:27:36+08:00][sql] SHOW FULL COLUMNS FROM `carver_navigation` [ RunTime:0.000498s ]
[2021-04-18T14:27:36+08:00][sql] SELECT * FROM `carver_navigation` [ RunTime:0.000249s ]
[2021-04-18T14:27:36+08:00][sql] SELECT `article_label` FROM `carver_article` [ RunTime:0.000248s ]
[2021-04-18T14:27:38+08:00][sql] CONNECT:[ UseTime:0.000467s ] mysql:host=127.0.0.1;port=3306;dbname=carver;charset=utf8
[2021-04-18T14:27:38+08:00][sql] SHOW FULL COLUMNS FROM `carver_user` [ RunTime:0.000810s ]
[2021-04-18T15:38:39+08:00][sql] CONNECT:[ UseTime:0.000597s ] mysql:host=127.0.0.1;port=3306;dbname=carver;charset=utf8
[2021-04-18T15:38:39+08:00][sql] SHOW FULL COLUMNS FROM `carver_article` [ RunTime:0.001053s ]
[2021-04-18T15:38:39+08:00][sql] SELECT `article_id`,`article_title`,`article_desc`,`article_content`,`article_img`,`article_guide`,`article_label`,`click_num`,`is_show`,`add_time`,`article_author` FROM `carver_article` WHERE  `article_id` = 13 LIMIT 1 [ RunTime:0.000576s ]
[2021-04-18T15:38:39+08:00][sql] SELECT `article_id`,`article_title`,`article_desc`,`article_content`,`article_img`,`article_guide`,`article_label`,`click_num`,`is_show`,`add_time`,`article_author` FROM `carver_article` WHERE  `article_id` > 13 LIMIT 1 [ RunTime:0.000442s ]
[2021-04-18T15:38:39+08:00][sql] SELECT `article_id`,`article_title`,`article_desc`,`article_content`,`article_img`,`article_guide`,`article_label`,`click_num`,`is_show`,`add_time`,`article_author` FROM `carver_article` WHERE  `article_id` < 13 ORDER BY `article_id` DESC LIMIT 1 [ RunTime:0.000404s ]
[2021-04-18T15:38:39+08:00][sql] SHOW FULL COLUMNS FROM `carver_link` [ RunTime:0.000563s ]
[2021-04-18T15:38:39+08:00][sql] SELECT * FROM `carver_link` WHERE  ( is_confirm=2 ) LIMIT 20 [ RunTime:0.000316s ]
[2021-04-18T15:38:39+08:00][sql] SELECT article_id,article_title,click_num,FROM_UNIXTIME(add_time,'%Y-%m-%d') as add_time FROM `carver_article` ORDER BY `click_num` DESC LIMIT 3 [ RunTime:0.000398s ]
[2021-04-18T15:38:39+08:00][sql] SHOW FULL COLUMNS FROM `carver_comment` [ RunTime:0.000624s ]
[2021-04-18T15:38:39+08:00][sql] SELECT `a`.*,`b`.`user_name` FROM `carver_comment` `a` INNER JOIN `carver_user` `b` ON `a`.`user_id`=`b`.`user_id` WHERE  `article_id` = 13 ORDER BY `create_time` DESC [ RunTime:0.000437s ]
[2021-04-18T15:38:39+08:00][sql] SHOW FULL COLUMNS FROM `carver_comment_to_others` [ RunTime:0.000580s ]
[2021-04-18T15:38:39+08:00][sql] SELECT * FROM `carver_comment_to_others` [ RunTime:0.000269s ]
[2021-04-18T15:38:39+08:00][sql] SHOW FULL COLUMNS FROM `carver_user` [ RunTime:0.000482s ]
[2021-04-18T15:38:39+08:00][sql] SELECT `user_name` FROM `carver_user` WHERE  `user_id` = 4 LIMIT 1 [ RunTime:0.000255s ]
[2021-04-18T15:38:39+08:00][sql] SELECT `user_name` FROM `carver_user` WHERE  `user_id` = 4 LIMIT 1 [ RunTime:0.000267s ]
[2021-04-18T15:38:39+08:00][sql] SELECT `user_name` FROM `carver_user` WHERE  `user_id` = 5 LIMIT 1 [ RunTime:0.000214s ]
[2021-04-18T15:38:39+08:00][sql] SELECT `user_name` FROM `carver_user` WHERE  `user_id` = 5 LIMIT 1 [ RunTime:0.000361s ]
[2021-04-18T15:38:39+08:00][sql] SELECT `user_name`,`user_id` FROM `carver_user` [ RunTime:0.000248s ]
[2021-04-18T15:38:39+08:00][sql] SHOW FULL COLUMNS FROM `carver_navigation` [ RunTime:0.000533s ]
[2021-04-18T15:38:39+08:00][sql] SELECT * FROM `carver_navigation` [ RunTime:0.000277s ]
[2021-04-18T15:38:39+08:00][sql] SELECT `article_label` FROM `carver_article` [ RunTime:0.000263s ]
[2021-04-18T15:38:41+08:00][sql] CONNECT:[ UseTime:0.000532s ] mysql:host=127.0.0.1;port=3306;dbname=carver;charset=utf8
[2021-04-18T15:38:41+08:00][sql] SHOW FULL COLUMNS FROM `carver_user` [ RunTime:0.000926s ]
[2021-04-18T15:38:41+08:00][sql] SHOW FULL COLUMNS FROM `carver_article` [ RunTime:0.000772s ]
[2021-04-18T15:38:41+08:00][sql] SELECT COUNT(*) AS think_count FROM `carver_article` WHERE  `delete_time` = 0  AND `is_show` = 1 [ RunTime:0.000579s ]
[2021-04-18T15:38:41+08:00][sql] SELECT `article_id`,`article_title`,`article_desc`,`article_content`,`article_img`,`article_guide`,`article_label`,`click_num`,`is_show`,`add_time`,`article_author`,`is_top_show` FROM `carver_article` WHERE  `delete_time` = 0  AND `is_show` = 1 ORDER BY `article_id` DESC LIMIT 0,6 [ RunTime:0.000760s ]
[2021-04-18T15:38:41+08:00][sql] SELECT article_id,article_title,click_num,FROM_UNIXTIME(add_time,'%Y-%m-%d') as add_time FROM `carver_article` WHERE  `is_show` = 1  AND `delete_time` = 0 ORDER BY `click_num` DESC LIMIT 3 [ RunTime:0.000544s ]
[2021-04-18T15:38:41+08:00][sql] SHOW FULL COLUMNS FROM `carver_notice` [ RunTime:0.000641s ]
[2021-04-18T15:38:41+08:00][sql] SELECT * FROM `carver_notice` ORDER BY `create_time` DESC LIMIT 3 [ RunTime:0.000312s ]
[2021-04-18T15:38:41+08:00][sql] SHOW FULL COLUMNS FROM `carver_navigation` [ RunTime:0.000588s ]
[2021-04-18T15:38:41+08:00][sql] SELECT * FROM `carver_navigation` [ RunTime:0.000260s ]
[2021-04-18T15:38:41+08:00][sql] SHOW FULL COLUMNS FROM `carver_link` [ RunTime:0.000515s ]
[2021-04-18T15:38:41+08:00][sql] SELECT * FROM `carver_link` WHERE  ( is_confirm=2 ) LIMIT 20 [ RunTime:0.000323s ]
[2021-04-18T15:38:41+08:00][sql] SELECT `article_label` FROM `carver_article` [ RunTime:0.000305s ]
[2021-04-18T15:38:41+08:00][sql] SHOW FULL COLUMNS FROM `carver_carouse` [ RunTime:0.000557s ]
[2021-04-18T15:38:41+08:00][sql] SELECT `carouse_img`,`carouse_desc` FROM `carver_carouse` WHERE  `is_show` = 1 ORDER BY `carouse_sort` DESC LIMIT 3 [ RunTime:0.000331s ]
[2021-04-18T15:38:41+08:00][sql] SHOW FULL COLUMNS FROM `carver_site` [ RunTime:0.000498s ]
[2021-04-18T15:38:41+08:00][sql] SELECT * FROM `carver_site` [ RunTime:0.000257s ]
[2021-04-18T16:32:52+08:00][sql] CONNECT:[ UseTime:0.000531s ] mysql:host=127.0.0.1;port=3306;dbname=carver;charset=utf8
[2021-04-18T16:32:52+08:00][sql] SHOW FULL COLUMNS FROM `carver_article` [ RunTime:0.000980s ]
[2021-04-18T16:32:52+08:00][sql] SELECT COUNT(*) AS think_count FROM `carver_article` WHERE  `article_guide` = 6  AND `delete_time` = 0  AND `is_show` = 1 [ RunTime:0.000510s ]
[2021-04-18T16:32:52+08:00][sql] SELECT * FROM `carver_article` WHERE  `article_guide` = 6  AND `delete_time` = 0  AND `is_show` = 1 ORDER BY `add_time` DESC LIMIT 0,6 [ RunTime:0.000901s ]
[2021-04-18T16:32:52+08:00][sql] SELECT article_id,article_title,click_num,FROM_UNIXTIME(add_time,'%Y-%m-%d') as add_time FROM `carver_article` WHERE  `is_show` = 1  AND `delete_time` = 0 ORDER BY `click_num` DESC LIMIT 3 [ RunTime:0.000520s ]
[2021-04-18T16:32:52+08:00][sql] SHOW FULL COLUMNS FROM `carver_notice` [ RunTime:0.000643s ]
[2021-04-18T16:32:52+08:00][sql] SELECT * FROM `carver_notice` ORDER BY `create_time` DESC LIMIT 3 [ RunTime:0.000327s ]
[2021-04-18T16:32:52+08:00][sql] SHOW FULL COLUMNS FROM `carver_navigation` [ RunTime:0.000553s ]
[2021-04-18T16:32:52+08:00][sql] SELECT * FROM `carver_navigation` [ RunTime:0.000275s ]
[2021-04-18T16:32:52+08:00][sql] SELECT `article_label` FROM `carver_article` [ RunTime:0.000265s ]
[2021-04-18T16:32:52+08:00][sql] SHOW FULL COLUMNS FROM `carver_carouse` [ RunTime:0.000554s ]
[2021-04-18T16:32:52+08:00][sql] SELECT `carouse_img`,`carouse_desc` FROM `carver_carouse` WHERE  `is_show` = 1 ORDER BY `carouse_sort` DESC LIMIT 3 [ RunTime:0.000315s ]
[2021-04-18T16:32:52+08:00][sql] SHOW FULL COLUMNS FROM `carver_link` [ RunTime:0.000529s ]
[2021-04-18T16:32:52+08:00][sql] SELECT * FROM `carver_link` WHERE  ( is_confirm=2 ) LIMIT 20 [ RunTime:0.000299s ]
[2021-04-18T16:32:52+08:00][sql] SHOW FULL COLUMNS FROM `carver_site` [ RunTime:0.000549s ]
[2021-04-18T16:32:52+08:00][sql] SELECT * FROM `carver_site` [ RunTime:0.000269s ]
[2021-04-18T17:09:27+08:00][sql] CONNECT:[ UseTime:0.000569s ] mysql:host=127.0.0.1;port=3306;dbname=carver;charset=utf8
[2021-04-18T17:09:27+08:00][sql] SHOW FULL COLUMNS FROM `carver_article` [ RunTime:0.000905s ]
[2021-04-18T17:09:27+08:00][sql] SELECT COUNT(*) AS think_count FROM `carver_article` WHERE  `article_guide` = 64  AND `delete_time` = 0  AND `is_show` = 1 [ RunTime:0.000416s ]
[2021-04-18T17:09:27+08:00][sql] SELECT * FROM `carver_article` WHERE  `article_guide` = 64  AND `delete_time` = 0  AND `is_show` = 1 ORDER BY `add_time` DESC LIMIT 0,6 [ RunTime:0.000434s ]
[2021-04-18T17:09:27+08:00][sql] SELECT article_id,article_title,click_num,FROM_UNIXTIME(add_time,'%Y-%m-%d') as add_time FROM `carver_article` WHERE  `is_show` = 1  AND `delete_time` = 0 ORDER BY `click_num` DESC LIMIT 3 [ RunTime:0.000433s ]
[2021-04-18T17:09:27+08:00][sql] SHOW FULL COLUMNS FROM `carver_notice` [ RunTime:0.000631s ]
[2021-04-18T17:09:27+08:00][sql] SELECT * FROM `carver_notice` ORDER BY `create_time` DESC LIMIT 3 [ RunTime:0.000322s ]
[2021-04-18T17:09:27+08:00][sql] SHOW FULL COLUMNS FROM `carver_navigation` [ RunTime:0.000590s ]
[2021-04-18T17:09:27+08:00][sql] SELECT * FROM `carver_navigation` [ RunTime:0.000288s ]
[2021-04-18T17:09:27+08:00][sql] SELECT `article_label` FROM `carver_article` [ RunTime:0.000280s ]
[2021-04-18T17:09:27+08:00][sql] SHOW FULL COLUMNS FROM `carver_carouse` [ RunTime:0.000584s ]
[2021-04-18T17:09:27+08:00][sql] SELECT `carouse_img`,`carouse_desc` FROM `carver_carouse` WHERE  `is_show` = 1 ORDER BY `carouse_sort` DESC LIMIT 3 [ RunTime:0.000326s ]
[2021-04-18T17:09:27+08:00][sql] SHOW FULL COLUMNS FROM `carver_link` [ RunTime:0.000553s ]
[2021-04-18T17:09:27+08:00][sql] SELECT * FROM `carver_link` WHERE  ( is_confirm=2 ) LIMIT 20 [ RunTime:0.000362s ]
[2021-04-18T17:09:27+08:00][sql] SHOW FULL COLUMNS FROM `carver_site` [ RunTime:0.000597s ]
[2021-04-18T17:09:27+08:00][sql] SELECT * FROM `carver_site` [ RunTime:0.000263s ]
[2021-04-18T17:29:36+08:00][sql] CONNECT:[ UseTime:0.000574s ] mysql:host=127.0.0.1;port=3306;dbname=carver;charset=utf8
[2021-04-18T17:29:36+08:00][sql] SHOW FULL COLUMNS FROM `carver_article` [ RunTime:0.000907s ]
[2021-04-18T17:29:36+08:00][sql] SELECT COUNT(*) AS think_count FROM `carver_article` WHERE  `article_label` LIKE '%javascript%'  AND `delete_time` = 0  AND `is_show` = 1 [ RunTime:0.000448s ]
[2021-04-18T17:29:36+08:00][sql] SELECT * FROM `carver_article` WHERE  `article_label` LIKE '%javascript%'  AND `delete_time` = 0  AND `is_show` = 1 LIMIT 0,6 [ RunTime:0.001031s ]
[2021-04-18T17:29:36+08:00][sql] SELECT article_id,article_title,click_num,FROM_UNIXTIME(add_time,'%Y-%m-%d') as add_time FROM `carver_article` WHERE  `is_show` = 1  AND `delete_time` = 0 ORDER BY `click_num` DESC LIMIT 3 [ RunTime:0.000522s ]
[2021-04-18T17:29:36+08:00][sql] SHOW FULL COLUMNS FROM `carver_notice` [ RunTime:0.000726s ]
[2021-04-18T17:29:36+08:00][sql] SELECT * FROM `carver_notice` ORDER BY `create_time` DESC LIMIT 3 [ RunTime:0.000385s ]
[2021-04-18T17:29:36+08:00][sql] SHOW FULL COLUMNS FROM `carver_navigation` [ RunTime:0.000580s ]
[2021-04-18T17:29:36+08:00][sql] SELECT * FROM `carver_navigation` [ RunTime:0.000253s ]
[2021-04-18T17:29:36+08:00][sql] SHOW FULL COLUMNS FROM `carver_link` [ RunTime:0.000543s ]
[2021-04-18T17:29:36+08:00][sql] SELECT * FROM `carver_link` WHERE  ( is_confirm=2 ) LIMIT 20 [ RunTime:0.000314s ]
[2021-04-18T17:29:36+08:00][sql] SELECT `article_label` FROM `carver_article` [ RunTime:0.000297s ]
[2021-04-18T17:29:36+08:00][sql] SHOW FULL COLUMNS FROM `carver_carouse` [ RunTime:0.000547s ]
[2021-04-18T17:29:36+08:00][sql] SELECT `carouse_img`,`carouse_desc` FROM `carver_carouse` WHERE  `is_show` = 1 ORDER BY `carouse_sort` DESC LIMIT 3 [ RunTime:0.000314s ]
[2021-04-18T17:29:36+08:00][sql] SHOW FULL COLUMNS FROM `carver_site` [ RunTime:0.000553s ]
[2021-04-18T17:29:36+08:00][sql] SELECT * FROM `carver_site` [ RunTime:0.000286s ]
[2021-04-18T17:49:57+08:00][sql] CONNECT:[ UseTime:0.000675s ] mysql:host=127.0.0.1;port=3306;dbname=carver;charset=utf8
[2021-04-18T17:49:57+08:00][sql] SHOW FULL COLUMNS FROM `carver_article` [ RunTime:0.000859s ]
[2021-04-18T17:49:57+08:00][sql] SELECT COUNT(*) AS think_count FROM `carver_article` WHERE  `article_guide` = 61  AND `delete_time` = 0  AND `is_show` = 1 [ RunTime:0.000412s ]
[2021-04-18T17:49:57+08:00][sql] SELECT * FROM `carver_article` WHERE  `article_guide` = 61  AND `delete_time` = 0  AND `is_show` = 1 ORDER BY `add_time` DESC LIMIT 0,6 [ RunTime:0.000422s ]
[2021-04-18T17:49:57+08:00][sql] SELECT article_id,article_title,click_num,FROM_UNIXTIME(add_time,'%Y-%m-%d') as add_time FROM `carver_article` WHERE  `is_show` = 1  AND `delete_time` = 0 ORDER BY `click_num` DESC LIMIT 3 [ RunTime:0.000410s ]
[2021-04-18T17:49:57+08:00][sql] SHOW FULL COLUMNS FROM `carver_notice` [ RunTime:0.000583s ]
[2021-04-18T17:49:57+08:00][sql] SELECT * FROM `carver_notice` ORDER BY `create_time` DESC LIMIT 3 [ RunTime:0.000287s ]
[2021-04-18T17:49:57+08:00][sql] SHOW FULL COLUMNS FROM `carver_navigation` [ RunTime:0.000547s ]
[2021-04-18T17:49:57+08:00][sql] SELECT * FROM `carver_navigation` [ RunTime:0.000287s ]
[2021-04-18T17:49:57+08:00][sql] SELECT `article_label` FROM `carver_article` [ RunTime:0.000267s ]
[2021-04-18T17:49:57+08:00][sql] SHOW FULL COLUMNS FROM `carver_carouse` [ RunTime:0.000497s ]
[2021-04-18T17:49:57+08:00][sql] SELECT `carouse_img`,`carouse_desc` FROM `carver_carouse` WHERE  `is_show` = 1 ORDER BY `carouse_sort` DESC LIMIT 3 [ RunTime:0.000316s ]
[2021-04-18T17:49:57+08:00][sql] SHOW FULL COLUMNS FROM `carver_link` [ RunTime:0.000503s ]
[2021-04-18T17:49:57+08:00][sql] SELECT * FROM `carver_link` WHERE  ( is_confirm=2 ) LIMIT 20 [ RunTime:0.000358s ]
[2021-04-18T17:49:57+08:00][sql] SHOW FULL COLUMNS FROM `carver_site` [ RunTime:0.000612s ]
[2021-04-18T17:49:57+08:00][sql] SELECT * FROM `carver_site` [ RunTime:0.000258s ]
[2021-04-18T18:50:17+08:00][sql] CONNECT:[ UseTime:0.000586s ] mysql:host=127.0.0.1;port=3306;dbname=carver;charset=utf8
[2021-04-18T18:50:17+08:00][sql] SHOW FULL COLUMNS FROM `carver_user` [ RunTime:0.000895s ]
[2021-04-18T19:02:28+08:00][sql] CONNECT:[ UseTime:0.000534s ] mysql:host=127.0.0.1;port=3306;dbname=carver;charset=utf8
[2021-04-18T19:02:28+08:00][sql] SHOW FULL COLUMNS FROM `carver_user` [ RunTime:0.000791s ]
[2021-04-18T19:02:28+08:00][error] [8]Undefined index: user_email[/www/wwwroot/101.200.121.249/carver_tp_blog/app/web/controller/LoginUser.php:83]
[2021-04-18T19:31:17+08:00][sql] CONNECT:[ UseTime:0.000755s ] mysql:host=127.0.0.1;port=3306;dbname=carver;charset=utf8
[2021-04-18T19:31:17+08:00][sql] SHOW FULL COLUMNS FROM `carver_article` [ RunTime:0.001256s ]
[2021-04-18T19:31:17+08:00][sql] SELECT COUNT(*) AS think_count FROM `carver_article` WHERE  `article_guide` = 8  AND `delete_time` = 0  AND `is_show` = 1 [ RunTime:0.000436s ]
[2021-04-18T19:31:17+08:00][sql] SELECT * FROM `carver_article` WHERE  `article_guide` = 8  AND `delete_time` = 0  AND `is_show` = 1 ORDER BY `add_time` DESC LIMIT 0,6 [ RunTime:0.000631s ]
[2021-04-18T19:31:17+08:00][sql] SELECT article_id,article_title,click_num,FROM_UNIXTIME(add_time,'%Y-%m-%d') as add_time FROM `carver_article` WHERE  `is_show` = 1  AND `delete_time` = 0 ORDER BY `click_num` DESC LIMIT 3 [ RunTime:0.000440s ]
[2021-04-18T19:31:17+08:00][sql] SHOW FULL COLUMNS FROM `carver_notice` [ RunTime:0.000558s ]
[2021-04-18T19:31:17+08:00][sql] SELECT * FROM `carver_notice` ORDER BY `create_time` DESC LIMIT 3 [ RunTime:0.000297s ]
[2021-04-18T19:31:17+08:00][sql] SHOW FULL COLUMNS FROM `carver_navigation` [ RunTime:0.000531s ]
[2021-04-18T19:31:17+08:00][sql] SELECT * FROM `carver_navigation` [ RunTime:0.000235s ]
[2021-04-18T19:31:17+08:00][sql] SELECT `article_label` FROM `carver_article` [ RunTime:0.000295s ]
[2021-04-18T19:31:17+08:00][sql] SHOW FULL COLUMNS FROM `carver_carouse` [ RunTime:0.000523s ]
[2021-04-18T19:31:17+08:00][sql] SELECT `carouse_img`,`carouse_desc` FROM `carver_carouse` WHERE  `is_show` = 1 ORDER BY `carouse_sort` DESC LIMIT 3 [ RunTime:0.000293s ]
[2021-04-18T19:31:17+08:00][sql] SHOW FULL COLUMNS FROM `carver_link` [ RunTime:0.000475s ]
[2021-04-18T19:31:17+08:00][sql] SELECT * FROM `carver_link` WHERE  ( is_confirm=2 ) LIMIT 20 [ RunTime:0.000274s ]
[2021-04-18T19:31:17+08:00][sql] SHOW FULL COLUMNS FROM `carver_site` [ RunTime:0.000511s ]
[2021-04-18T19:31:17+08:00][sql] SELECT * FROM `carver_site` [ RunTime:0.000231s ]
[2021-04-18T20:15:25+08:00][sql] CONNECT:[ UseTime:0.000557s ] mysql:host=127.0.0.1;port=3306;dbname=carver;charset=utf8
[2021-04-18T20:15:25+08:00][sql] SHOW FULL COLUMNS FROM `carver_article` [ RunTime:0.000877s ]
[2021-04-18T20:15:25+08:00][sql] SELECT `article_id`,`article_title`,`article_desc`,`article_content`,`article_img`,`article_guide`,`article_label`,`click_num`,`is_show`,`add_time`,`article_author` FROM `carver_article` WHERE  `article_id` = 12 LIMIT 1 [ RunTime:0.000431s ]
[2021-04-18T20:15:25+08:00][sql] SELECT `article_id`,`article_title`,`article_desc`,`article_content`,`article_img`,`article_guide`,`article_label`,`click_num`,`is_show`,`add_time`,`article_author` FROM `carver_article` WHERE  `article_id` > 12 LIMIT 1 [ RunTime:0.000353s ]
[2021-04-18T20:15:25+08:00][sql] SELECT `article_id`,`article_title`,`article_desc`,`article_content`,`article_img`,`article_guide`,`article_label`,`click_num`,`is_show`,`add_time`,`article_author` FROM `carver_article` WHERE  `article_id` < 12 ORDER BY `article_id` DESC LIMIT 1 [ RunTime:0.000374s ]
[2021-04-18T20:15:25+08:00][sql] SHOW FULL COLUMNS FROM `carver_link` [ RunTime:0.000657s ]
[2021-04-18T20:15:25+08:00][sql] SELECT * FROM `carver_link` WHERE  ( is_confirm=2 ) LIMIT 20 [ RunTime:0.000301s ]
[2021-04-18T20:15:25+08:00][sql] SELECT article_id,article_title,click_num,FROM_UNIXTIME(add_time,'%Y-%m-%d') as add_time FROM `carver_article` ORDER BY `click_num` DESC LIMIT 3 [ RunTime:0.000399s ]
[2021-04-18T20:15:25+08:00][sql] SHOW FULL COLUMNS FROM `carver_comment` [ RunTime:0.000593s ]
[2021-04-18T20:15:25+08:00][sql] SELECT `a`.*,`b`.`user_name` FROM `carver_comment` `a` INNER JOIN `carver_user` `b` ON `a`.`user_id`=`b`.`user_id` WHERE  `article_id` = 12 ORDER BY `create_time` DESC [ RunTime:0.000391s ]
[2021-04-18T20:15:25+08:00][sql] SHOW FULL COLUMNS FROM `carver_comment_to_others` [ RunTime:0.000571s ]
[2021-04-18T20:15:25+08:00][sql] SELECT * FROM `carver_comment_to_others` [ RunTime:0.000255s ]
[2021-04-18T20:15:25+08:00][sql] SHOW FULL COLUMNS FROM `carver_user` [ RunTime:0.000464s ]
[2021-04-18T20:15:25+08:00][sql] SELECT `user_name` FROM `carver_user` WHERE  `user_id` = 4 LIMIT 1 [ RunTime:0.000249s ]
[2021-04-18T20:15:25+08:00][sql] SELECT `user_name` FROM `carver_user` WHERE  `user_id` = 4 LIMIT 1 [ RunTime:0.000221s ]
[2021-04-18T20:15:25+08:00][sql] SELECT `user_name` FROM `carver_user` WHERE  `user_id` = 5 LIMIT 1 [ RunTime:0.000223s ]
[2021-04-18T20:15:25+08:00][sql] SELECT `user_name` FROM `carver_user` WHERE  `user_id` = 5 LIMIT 1 [ RunTime:0.000299s ]
[2021-04-18T20:15:25+08:00][sql] SELECT `user_name`,`user_id` FROM `carver_user` [ RunTime:0.000258s ]
[2021-04-18T20:15:25+08:00][sql] SHOW FULL COLUMNS FROM `carver_navigation` [ RunTime:0.000519s ]
[2021-04-18T20:15:25+08:00][sql] SELECT * FROM `carver_navigation` [ RunTime:0.000246s ]
[2021-04-18T20:15:25+08:00][sql] SELECT `article_label` FROM `carver_article` [ RunTime:0.000285s ]
[2021-04-18T20:58:51+08:00][sql] CONNECT:[ UseTime:0.000552s ] mysql:host=127.0.0.1;port=3306;dbname=carver;charset=utf8
[2021-04-18T20:58:51+08:00][sql] SHOW FULL COLUMNS FROM `carver_article` [ RunTime:0.000896s ]
[2021-04-18T20:58:51+08:00][sql] SELECT `article_id`,`article_title`,`article_desc`,`article_content`,`article_img`,`article_guide`,`article_label`,`click_num`,`is_show`,`add_time`,`article_author` FROM `carver_article` WHERE  `article_id` = 14 LIMIT 1 [ RunTime:0.000461s ]
[2021-04-18T20:58:51+08:00][sql] SELECT `article_id`,`article_title`,`article_desc`,`article_content`,`article_img`,`article_guide`,`article_label`,`click_num`,`is_show`,`add_time`,`article_author` FROM `carver_article` WHERE  `article_id` > 14 LIMIT 1 [ RunTime:0.001529s ]
[2021-04-18T20:58:51+08:00][sql] SELECT `article_id`,`article_title`,`article_desc`,`article_content`,`article_img`,`article_guide`,`article_label`,`click_num`,`is_show`,`add_time`,`article_author` FROM `carver_article` WHERE  `article_id` < 14 ORDER BY `article_id` DESC LIMIT 1 [ RunTime:0.000448s ]
[2021-04-18T20:58:51+08:00][sql] SHOW FULL COLUMNS FROM `carver_link` [ RunTime:0.000593s ]
[2021-04-18T20:58:51+08:00][sql] SELECT * FROM `carver_link` WHERE  ( is_confirm=2 ) LIMIT 20 [ RunTime:0.000315s ]
[2021-04-18T20:58:51+08:00][sql] SELECT article_id,article_title,click_num,FROM_UNIXTIME(add_time,'%Y-%m-%d') as add_time FROM `carver_article` ORDER BY `click_num` DESC LIMIT 3 [ RunTime:0.000344s ]
[2021-04-18T20:58:51+08:00][sql] SHOW FULL COLUMNS FROM `carver_comment` [ RunTime:0.000578s ]
[2021-04-18T20:58:51+08:00][sql] SELECT `a`.*,`b`.`user_name` FROM `carver_comment` `a` INNER JOIN `carver_user` `b` ON `a`.`user_id`=`b`.`user_id` WHERE  `article_id` = 14 ORDER BY `create_time` DESC [ RunTime:0.000411s ]
[2021-04-18T20:58:51+08:00][sql] SHOW FULL COLUMNS FROM `carver_comment_to_others` [ RunTime:0.000550s ]
[2021-04-18T20:58:51+08:00][sql] SELECT * FROM `carver_comment_to_others` [ RunTime:0.000261s ]
[2021-04-18T20:58:51+08:00][sql] SHOW FULL COLUMNS FROM `carver_user` [ RunTime:0.000430s ]
[2021-04-18T20:58:51+08:00][sql] SELECT `user_name` FROM `carver_user` WHERE  `user_id` = 4 LIMIT 1 [ RunTime:0.000380s ]
[2021-04-18T20:58:51+08:00][sql] SELECT `user_name` FROM `carver_user` WHERE  `user_id` = 4 LIMIT 1 [ RunTime:0.000235s ]
[2021-04-18T20:58:51+08:00][sql] SELECT `user_name` FROM `carver_user` WHERE  `user_id` = 5 LIMIT 1 [ RunTime:0.000234s ]
[2021-04-18T20:58:51+08:00][sql] SELECT `user_name` FROM `carver_user` WHERE  `user_id` = 5 LIMIT 1 [ RunTime:0.000226s ]
[2021-04-18T20:58:51+08:00][sql] SELECT `user_name`,`user_id` FROM `carver_user` [ RunTime:0.000257s ]
[2021-04-18T20:58:51+08:00][sql] SHOW FULL COLUMNS FROM `carver_navigation` [ RunTime:0.000620s ]
[2021-04-18T20:58:51+08:00][sql] SELECT * FROM `carver_navigation` [ RunTime:0.000253s ]
[2021-04-18T20:58:51+08:00][sql] SELECT `article_label` FROM `carver_article` [ RunTime:0.000256s ]
[2021-04-18T21:01:22+08:00][sql] CONNECT:[ UseTime:0.000547s ] mysql:host=127.0.0.1;port=3306;dbname=carver;charset=utf8
[2021-04-18T21:01:22+08:00][sql] SHOW FULL COLUMNS FROM `carver_article` [ RunTime:0.000875s ]
[2021-04-18T21:01:22+08:00][sql] SELECT COUNT(*) AS think_count FROM `carver_article` WHERE  `article_label` LIKE '%swoole%'  AND `delete_time` = 0  AND `is_show` = 1 [ RunTime:0.000436s ]
[2021-04-18T21:01:22+08:00][sql] SELECT * FROM `carver_article` WHERE  `article_label` LIKE '%swoole%'  AND `delete_time` = 0  AND `is_show` = 1 LIMIT 0,6 [ RunTime:0.001202s ]
[2021-04-18T21:01:22+08:00][sql] SELECT article_id,article_title,click_num,FROM_UNIXTIME(add_time,'%Y-%m-%d') as add_time FROM `carver_article` WHERE  `is_show` = 1  AND `delete_time` = 0 ORDER BY `click_num` DESC LIMIT 3 [ RunTime:0.000396s ]
[2021-04-18T21:01:22+08:00][sql] SHOW FULL COLUMNS FROM `carver_notice` [ RunTime:0.000550s ]
[2021-04-18T21:01:22+08:00][sql] SELECT * FROM `carver_notice` ORDER BY `create_time` DESC LIMIT 3 [ RunTime:0.000272s ]
[2021-04-18T21:01:22+08:00][sql] SHOW FULL COLUMNS FROM `carver_navigation` [ RunTime:0.000513s ]
[2021-04-18T21:01:22+08:00][sql] SELECT * FROM `carver_navigation` [ RunTime:0.000247s ]
[2021-04-18T21:01:22+08:00][sql] SHOW FULL COLUMNS FROM `carver_link` [ RunTime:0.000496s ]
[2021-04-18T21:01:22+08:00][sql] SELECT * FROM `carver_link` WHERE  ( is_confirm=2 ) LIMIT 20 [ RunTime:0.000300s ]
[2021-04-18T21:01:22+08:00][sql] SELECT `article_label` FROM `carver_article` [ RunTime:0.000241s ]
[2021-04-18T21:01:22+08:00][sql] SHOW FULL COLUMNS FROM `carver_carouse` [ RunTime:0.000479s ]
[2021-04-18T21:01:22+08:00][sql] SELECT `carouse_img`,`carouse_desc` FROM `carver_carouse` WHERE  `is_show` = 1 ORDER BY `carouse_sort` DESC LIMIT 3 [ RunTime:0.000274s ]
[2021-04-18T21:01:22+08:00][sql] SHOW FULL COLUMNS FROM `carver_site` [ RunTime:0.000485s ]
[2021-04-18T21:01:22+08:00][sql] SELECT * FROM `carver_site` [ RunTime:0.000232s ]
[2021-04-18T22:52:16+08:00][sql] CONNECT:[ UseTime:0.000549s ] mysql:host=127.0.0.1;port=3306;dbname=carver;charset=utf8
[2021-04-18T22:52:16+08:00][sql] SHOW FULL COLUMNS FROM `carver_article` [ RunTime:0.000882s ]
[2021-04-18T22:52:16+08:00][sql] SELECT COUNT(*) AS think_count FROM `carver_article` WHERE  `article_guide` = 7  AND `delete_time` = 0  AND `is_show` = 1 [ RunTime:0.000422s ]
[2021-04-18T22:52:16+08:00][sql] SELECT * FROM `carver_article` WHERE  `article_guide` = 7  AND `delete_time` = 0  AND `is_show` = 1 ORDER BY `add_time` DESC LIMIT 0,6 [ RunTime:0.000496s ]
[2021-04-18T22:52:16+08:00][sql] SELECT article_id,article_title,click_num,FROM_UNIXTIME(add_time,'%Y-%m-%d') as add_time FROM `carver_article` WHERE  `is_show` = 1  AND `delete_time` = 0 ORDER BY `click_num` DESC LIMIT 3 [ RunTime:0.000533s ]
[2021-04-18T22:52:16+08:00][sql] SHOW FULL COLUMNS FROM `carver_notice` [ RunTime:0.000712s ]
[2021-04-18T22:52:16+08:00][sql] SELECT * FROM `carver_notice` ORDER BY `create_time` DESC LIMIT 3 [ RunTime:0.000305s ]
[2021-04-18T22:52:16+08:00][sql] SHOW FULL COLUMNS FROM `carver_navigation` [ RunTime:0.000601s ]
[2021-04-18T22:52:16+08:00][sql] SELECT * FROM `carver_navigation` [ RunTime:0.000268s ]
[2021-04-18T22:52:16+08:00][sql] SELECT `article_label` FROM `carver_article` [ RunTime:0.000287s ]
[2021-04-18T22:52:16+08:00][sql] SHOW FULL COLUMNS FROM `carver_carouse` [ RunTime:0.000663s ]
[2021-04-18T22:52:16+08:00][sql] SELECT `carouse_img`,`carouse_desc` FROM `carver_carouse` WHERE  `is_show` = 1 ORDER BY `carouse_sort` DESC LIMIT 3 [ RunTime:0.000322s ]
[2021-04-18T22:52:16+08:00][sql] SHOW FULL COLUMNS FROM `carver_link` [ RunTime:0.000514s ]
[2021-04-18T22:52:16+08:00][sql] SELECT * FROM `carver_link` WHERE  ( is_confirm=2 ) LIMIT 20 [ RunTime:0.000287s ]
[2021-04-18T22:52:16+08:00][sql] SHOW FULL COLUMNS FROM `carver_site` [ RunTime:0.000575s ]
[2021-04-18T22:52:16+08:00][sql] SELECT * FROM `carver_site` [ RunTime:0.000249s ]
[2021-04-18T23:02:19+08:00][sql] CONNECT:[ UseTime:0.000518s ] mysql:host=127.0.0.1;port=3306;dbname=carver;charset=utf8
[2021-04-18T23:02:19+08:00][sql] SHOW FULL COLUMNS FROM `carver_article` [ RunTime:0.000867s ]
[2021-04-18T23:02:19+08:00][sql] SELECT COUNT(*) AS think_count FROM `carver_article` WHERE  `article_label` LIKE '%git%'  AND `delete_time` = 0  AND `is_show` = 1 [ RunTime:0.000426s ]
[2021-04-18T23:02:19+08:00][sql] SELECT * FROM `carver_article` WHERE  `article_label` LIKE '%git%'  AND `delete_time` = 0  AND `is_show` = 1 LIMIT 0,6 [ RunTime:0.000982s ]
[2021-04-18T23:02:19+08:00][sql] SELECT article_id,article_title,click_num,FROM_UNIXTIME(add_time,'%Y-%m-%d') as add_time FROM `carver_article` WHERE  `is_show` = 1  AND `delete_time` = 0 ORDER BY `click_num` DESC LIMIT 3 [ RunTime:0.000406s ]
[2021-04-18T23:02:19+08:00][sql] SHOW FULL COLUMNS FROM `carver_notice` [ RunTime:0.000583s ]
[2021-04-18T23:02:19+08:00][sql] SELECT * FROM `carver_notice` ORDER BY `create_time` DESC LIMIT 3 [ RunTime:0.000274s ]
[2021-04-18T23:02:19+08:00][sql] SHOW FULL COLUMNS FROM `carver_navigation` [ RunTime:0.000519s ]
[2021-04-18T23:02:19+08:00][sql] SELECT * FROM `carver_navigation` [ RunTime:0.000263s ]
[2021-04-18T23:02:19+08:00][sql] SHOW FULL COLUMNS FROM `carver_link` [ RunTime:0.000531s ]
[2021-04-18T23:02:19+08:00][sql] SELECT * FROM `carver_link` WHERE  ( is_confirm=2 ) LIMIT 20 [ RunTime:0.000279s ]
[2021-04-18T23:02:19+08:00][sql] SELECT `article_label` FROM `carver_article` [ RunTime:0.000271s ]
[2021-04-18T23:02:19+08:00][sql] SHOW FULL COLUMNS FROM `carver_carouse` [ RunTime:0.000486s ]
[2021-04-18T23:02:19+08:00][sql] SELECT `carouse_img`,`carouse_desc` FROM `carver_carouse` WHERE  `is_show` = 1 ORDER BY `carouse_sort` DESC LIMIT 3 [ RunTime:0.000290s ]
[2021-04-18T23:02:19+08:00][sql] SHOW FULL COLUMNS FROM `carver_site` [ RunTime:0.000525s ]
[2021-04-18T23:02:19+08:00][sql] SELECT * FROM `carver_site` [ RunTime:0.000453s ]
[2021-04-18T23:42:26+08:00][sql] CONNECT:[ UseTime:0.000607s ] mysql:host=127.0.0.1;port=3306;dbname=carver;charset=utf8
[2021-04-18T23:42:26+08:00][sql] SHOW FULL COLUMNS FROM `carver_article` [ RunTime:0.000935s ]
[2021-04-18T23:42:26+08:00][sql] SELECT COUNT(*) AS think_count FROM `carver_article` WHERE  `article_label` LIKE '%php;git%'  AND `delete_time` = 0  AND `is_show` = 1 [ RunTime:0.000459s ]
[2021-04-18T23:42:26+08:00][sql] SELECT * FROM `carver_article` WHERE  `article_label` LIKE '%php;git%'  AND `delete_time` = 0  AND `is_show` = 1 LIMIT 0,6 [ RunTime:0.001064s ]
[2021-04-18T23:42:26+08:00][sql] SELECT article_id,article_title,click_num,FROM_UNIXTIME(add_time,'%Y-%m-%d') as add_time FROM `carver_article` WHERE  `is_show` = 1  AND `delete_time` = 0 ORDER BY `click_num` DESC LIMIT 3 [ RunTime:0.000518s ]
[2021-04-18T23:42:26+08:00][sql] SHOW FULL COLUMNS FROM `carver_notice` [ RunTime:0.000746s ]
[2021-04-18T23:42:26+08:00][sql] SELECT * FROM `carver_notice` ORDER BY `create_time` DESC LIMIT 3 [ RunTime:0.000316s ]
[2021-04-18T23:42:26+08:00][sql] SHOW FULL COLUMNS FROM `carver_navigation` [ RunTime:0.000528s ]
[2021-04-18T23:42:26+08:00][sql] SELECT * FROM `carver_navigation` [ RunTime:0.000291s ]
[2021-04-18T23:42:26+08:00][sql] SHOW FULL COLUMNS FROM `carver_link` [ RunTime:0.000562s ]
[2021-04-18T23:42:26+08:00][sql] SELECT * FROM `carver_link` WHERE  ( is_confirm=2 ) LIMIT 20 [ RunTime:0.000308s ]
[2021-04-18T23:42:26+08:00][sql] SELECT `article_label` FROM `carver_article` [ RunTime:0.000283s ]
[2021-04-18T23:42:26+08:00][sql] SHOW FULL COLUMNS FROM `carver_carouse` [ RunTime:0.000609s ]
[2021-04-18T23:42:26+08:00][sql] SELECT `carouse_img`,`carouse_desc` FROM `carver_carouse` WHERE  `is_show` = 1 ORDER BY `carouse_sort` DESC LIMIT 3 [ RunTime:0.000322s ]
[2021-04-18T23:42:26+08:00][sql] SHOW FULL COLUMNS FROM `carver_site` [ RunTime:0.000573s ]
[2021-04-18T23:42:26+08:00][sql] SELECT * FROM `carver_site` [ RunTime:0.000292s ]
