[2021-04-19T02:11:47+08:00][sql] CONNECT:[ UseTime:0.005227s ] mysql:host=127.0.0.1;port=3306;dbname=carver;charset=utf8
[2021-04-19T02:11:47+08:00][sql] SHOW FULL COLUMNS FROM `carver_article` [ RunTime:0.004047s ]
[2021-04-19T02:11:47+08:00][sql] SELECT `article_id`,`article_title`,`article_desc`,`article_content`,`article_img`,`article_guide`,`article_label`,`click_num`,`is_show`,`add_time`,`article_author` FROM `carver_article` WHERE  `article_id` = 25/ LIMIT 1 [ RunTime:0.000477s ]
[2021-04-19T02:11:47+08:00][sql] SELECT `article_id`,`article_title`,`article_desc`,`article_content`,`article_img`,`article_guide`,`article_label`,`click_num`,`is_show`,`add_time`,`article_author` FROM `carver_article` WHERE  `article_id` > 25/ LIMIT 1 [ RunTime:0.000566s ]
[2021-04-19T02:11:47+08:00][sql] SELECT `article_id`,`article_title`,`article_desc`,`article_content`,`article_img`,`article_guide`,`article_label`,`click_num`,`is_show`,`add_time`,`article_author` FROM `carver_article` WHERE  `article_id` < 25/ ORDER BY `article_id` DESC LIMIT 1 [ RunTime:0.000406s ]
[2021-04-19T02:11:47+08:00][sql] SHOW FULL COLUMNS FROM `carver_link` [ RunTime:0.010708s ]
[2021-04-19T02:11:47+08:00][sql] SELECT * FROM `carver_link` WHERE  ( is_confirm=2 ) LIMIT 20 [ RunTime:0.000394s ]
[2021-04-19T02:11:47+08:00][sql] SELECT article_id,article_title,click_num,FROM_UNIXTIME(add_time,'%Y-%m-%d') as add_time FROM `carver_article` ORDER BY `click_num` DESC LIMIT 3 [ RunTime:0.000420s ]
[2021-04-19T02:11:47+08:00][sql] SHOW FULL COLUMNS FROM `carver_comment` [ RunTime:0.002148s ]
[2021-04-19T02:11:47+08:00][sql] SELECT `a`.*,`b`.`user_name` FROM `carver_comment` `a` INNER JOIN `carver_user` `b` ON `a`.`user_id`=`b`.`user_id` WHERE  `article_id` = 25/ ORDER BY `create_time` DESC [ RunTime:0.003557s ]
[2021-04-19T02:11:47+08:00][sql] SHOW FULL COLUMNS FROM `carver_comment_to_others` [ RunTime:0.002231s ]
[2021-04-19T02:11:47+08:00][sql] SELECT * FROM `carver_comment_to_others` [ RunTime:0.000247s ]
[2021-04-19T02:11:47+08:00][sql] SHOW FULL COLUMNS FROM `carver_user` [ RunTime:0.000464s ]
[2021-04-19T02:11:47+08:00][sql] SELECT `user_name` FROM `carver_user` WHERE  `user_id` = 4 LIMIT 1 [ RunTime:0.000262s ]
[2021-04-19T02:11:47+08:00][sql] SELECT `user_name` FROM `carver_user` WHERE  `user_id` = 4 LIMIT 1 [ RunTime:0.000314s ]
[2021-04-19T02:11:47+08:00][sql] SELECT `user_name` FROM `carver_user` WHERE  `user_id` = 5 LIMIT 1 [ RunTime:0.000227s ]
[2021-04-19T02:11:47+08:00][sql] SELECT `user_name` FROM `carver_user` WHERE  `user_id` = 5 LIMIT 1 [ RunTime:0.000205s ]
[2021-04-19T02:11:47+08:00][sql] SELECT `user_name`,`user_id` FROM `carver_user` [ RunTime:0.000468s ]
[2021-04-19T02:11:47+08:00][sql] SHOW FULL COLUMNS FROM `carver_navigation` [ RunTime:0.002407s ]
[2021-04-19T02:11:47+08:00][sql] SELECT * FROM `carver_navigation` [ RunTime:0.000375s ]
[2021-04-19T02:11:47+08:00][sql] SELECT `article_label` FROM `carver_article` [ RunTime:0.000296s ]
[2021-04-19T02:14:56+08:00][sql] CONNECT:[ UseTime:0.000721s ] mysql:host=127.0.0.1;port=3306;dbname=carver;charset=utf8
[2021-04-19T02:14:56+08:00][sql] SHOW FULL COLUMNS FROM `carver_article` [ RunTime:0.000929s ]
[2021-04-19T02:14:56+08:00][sql] SELECT `article_id`,`article_title`,`article_desc`,`article_content`,`article_img`,`article_guide`,`article_label`,`click_num`,`is_show`,`add_time`,`article_author` FROM `carver_article` WHERE  `article_id` = 26/ LIMIT 1 [ RunTime:0.000605s ]
[2021-04-19T02:14:56+08:00][sql] SELECT `article_id`,`article_title`,`article_desc`,`article_content`,`article_img`,`article_guide`,`article_label`,`click_num`,`is_show`,`add_time`,`article_author` FROM `carver_article` WHERE  `article_id` > 26/ LIMIT 1 [ RunTime:0.000367s ]
[2021-04-19T02:14:56+08:00][sql] SELECT `article_id`,`article_title`,`article_desc`,`article_content`,`article_img`,`article_guide`,`article_label`,`click_num`,`is_show`,`add_time`,`article_author` FROM `carver_article` WHERE  `article_id` < 26/ ORDER BY `article_id` DESC LIMIT 1 [ RunTime:0.000371s ]
[2021-04-19T02:14:56+08:00][sql] SHOW FULL COLUMNS FROM `carver_link` [ RunTime:0.000545s ]
[2021-04-19T02:14:56+08:00][sql] SELECT * FROM `carver_link` WHERE  ( is_confirm=2 ) LIMIT 20 [ RunTime:0.000294s ]
[2021-04-19T02:14:56+08:00][sql] SELECT article_id,article_title,click_num,FROM_UNIXTIME(add_time,'%Y-%m-%d') as add_time FROM `carver_article` ORDER BY `click_num` DESC LIMIT 3 [ RunTime:0.000346s ]
[2021-04-19T02:14:56+08:00][sql] SHOW FULL COLUMNS FROM `carver_comment` [ RunTime:0.000527s ]
[2021-04-19T02:14:56+08:00][sql] SELECT `a`.*,`b`.`user_name` FROM `carver_comment` `a` INNER JOIN `carver_user` `b` ON `a`.`user_id`=`b`.`user_id` WHERE  `article_id` = 26/ ORDER BY `create_time` DESC [ RunTime:0.000365s ]
[2021-04-19T02:14:56+08:00][sql] SHOW FULL COLUMNS FROM `carver_comment_to_others` [ RunTime:0.000521s ]
[2021-04-19T02:14:56+08:00][sql] SELECT * FROM `carver_comment_to_others` [ RunTime:0.000236s ]
[2021-04-19T02:14:56+08:00][sql] SHOW FULL COLUMNS FROM `carver_user` [ RunTime:0.000517s ]
[2021-04-19T02:14:56+08:00][sql] SELECT `user_name` FROM `carver_user` WHERE  `user_id` = 4 LIMIT 1 [ RunTime:0.000234s ]
[2021-04-19T02:14:56+08:00][sql] SELECT `user_name` FROM `carver_user` WHERE  `user_id` = 4 LIMIT 1 [ RunTime:0.000221s ]
[2021-04-19T02:14:56+08:00][sql] SELECT `user_name` FROM `carver_user` WHERE  `user_id` = 5 LIMIT 1 [ RunTime:0.000237s ]
[2021-04-19T02:14:56+08:00][sql] SELECT `user_name` FROM `carver_user` WHERE  `user_id` = 5 LIMIT 1 [ RunTime:0.000213s ]
[2021-04-19T02:14:56+08:00][sql] SELECT `user_name`,`user_id` FROM `carver_user` [ RunTime:0.000236s ]
[2021-04-19T02:14:56+08:00][sql] SHOW FULL COLUMNS FROM `carver_navigation` [ RunTime:0.000517s ]
[2021-04-19T02:14:56+08:00][sql] SELECT * FROM `carver_navigation` [ RunTime:0.000251s ]
[2021-04-19T02:14:56+08:00][sql] SELECT `article_label` FROM `carver_article` [ RunTime:0.000285s ]
[2021-04-19T02:16:57+08:00][sql] CONNECT:[ UseTime:0.000678s ] mysql:host=127.0.0.1;port=3306;dbname=carver;charset=utf8
[2021-04-19T02:16:57+08:00][sql] SHOW FULL COLUMNS FROM `carver_article` [ RunTime:0.000906s ]
[2021-04-19T02:16:57+08:00][sql] SELECT COUNT(*) AS think_count FROM `carver_article` WHERE  `article_label` LIKE '%javascript;c%'  AND `delete_time` = 0  AND `is_show` = 1 [ RunTime:0.000424s ]
[2021-04-19T02:16:57+08:00][sql] SELECT * FROM `carver_article` WHERE  `article_label` LIKE '%javascript;c%'  AND `delete_time` = 0  AND `is_show` = 1 LIMIT 0,6 [ RunTime:0.000989s ]
[2021-04-19T02:16:57+08:00][sql] SELECT article_id,article_title,click_num,FROM_UNIXTIME(add_time,'%Y-%m-%d') as add_time FROM `carver_article` WHERE  `is_show` = 1  AND `delete_time` = 0 ORDER BY `click_num` DESC LIMIT 3 [ RunTime:0.000450s ]
[2021-04-19T02:16:57+08:00][sql] SHOW FULL COLUMNS FROM `carver_notice` [ RunTime:0.002341s ]
[2021-04-19T02:16:57+08:00][sql] SELECT * FROM `carver_notice` ORDER BY `create_time` DESC LIMIT 3 [ RunTime:0.000365s ]
[2021-04-19T02:16:57+08:00][sql] SHOW FULL COLUMNS FROM `carver_navigation` [ RunTime:0.000594s ]
[2021-04-19T02:16:57+08:00][sql] SELECT * FROM `carver_navigation` [ RunTime:0.000288s ]
[2021-04-19T02:16:57+08:00][sql] SHOW FULL COLUMNS FROM `carver_link` [ RunTime:0.000564s ]
[2021-04-19T02:16:57+08:00][sql] SELECT * FROM `carver_link` WHERE  ( is_confirm=2 ) LIMIT 20 [ RunTime:0.000339s ]
[2021-04-19T02:16:57+08:00][sql] SELECT `article_label` FROM `carver_article` [ RunTime:0.000266s ]
[2021-04-19T02:16:57+08:00][sql] SHOW FULL COLUMNS FROM `carver_carouse` [ RunTime:0.002067s ]
[2021-04-19T02:16:57+08:00][sql] SELECT `carouse_img`,`carouse_desc` FROM `carver_carouse` WHERE  `is_show` = 1 ORDER BY `carouse_sort` DESC LIMIT 3 [ RunTime:0.000306s ]
[2021-04-19T02:16:57+08:00][sql] SHOW FULL COLUMNS FROM `carver_site` [ RunTime:0.002083s ]
[2021-04-19T02:16:57+08:00][sql] SELECT * FROM `carver_site` [ RunTime:0.000318s ]
[2021-04-19T02:17:33+08:00][sql] CONNECT:[ UseTime:0.000821s ] mysql:host=127.0.0.1;port=3306;dbname=carver;charset=utf8
[2021-04-19T02:17:33+08:00][sql] SHOW FULL COLUMNS FROM `carver_article` [ RunTime:0.000944s ]
[2021-04-19T02:17:33+08:00][sql] SELECT COUNT(*) AS think_count FROM `carver_article` WHERE  `article_label` LIKE '%php;c%'  AND `delete_time` = 0  AND `is_show` = 1 [ RunTime:0.000442s ]
[2021-04-19T02:17:33+08:00][sql] SELECT * FROM `carver_article` WHERE  `article_label` LIKE '%php;c%'  AND `delete_time` = 0  AND `is_show` = 1 LIMIT 0,6 [ RunTime:0.000947s ]
[2021-04-19T02:17:33+08:00][sql] SELECT article_id,article_title,click_num,FROM_UNIXTIME(add_time,'%Y-%m-%d') as add_time FROM `carver_article` WHERE  `is_show` = 1  AND `delete_time` = 0 ORDER BY `click_num` DESC LIMIT 3 [ RunTime:0.000405s ]
[2021-04-19T02:17:33+08:00][sql] SHOW FULL COLUMNS FROM `carver_notice` [ RunTime:0.000617s ]
[2021-04-19T02:17:33+08:00][sql] SELECT * FROM `carver_notice` ORDER BY `create_time` DESC LIMIT 3 [ RunTime:0.000344s ]
[2021-04-19T02:17:33+08:00][sql] SHOW FULL COLUMNS FROM `carver_navigation` [ RunTime:0.000623s ]
[2021-04-19T02:17:33+08:00][sql] SELECT * FROM `carver_navigation` [ RunTime:0.000297s ]
[2021-04-19T02:17:33+08:00][sql] SHOW FULL COLUMNS FROM `carver_link` [ RunTime:0.000566s ]
[2021-04-19T02:17:33+08:00][sql] SELECT * FROM `carver_link` WHERE  ( is_confirm=2 ) LIMIT 20 [ RunTime:0.000348s ]
[2021-04-19T02:17:33+08:00][sql] SELECT `article_label` FROM `carver_article` [ RunTime:0.000281s ]
[2021-04-19T02:17:33+08:00][sql] SHOW FULL COLUMNS FROM `carver_carouse` [ RunTime:0.000546s ]
[2021-04-19T02:17:33+08:00][sql] SELECT `carouse_img`,`carouse_desc` FROM `carver_carouse` WHERE  `is_show` = 1 ORDER BY `carouse_sort` DESC LIMIT 3 [ RunTime:0.000319s ]
[2021-04-19T02:17:33+08:00][sql] SHOW FULL COLUMNS FROM `carver_site` [ RunTime:0.000555s ]
[2021-04-19T02:17:33+08:00][sql] SELECT * FROM `carver_site` [ RunTime:0.000344s ]
[2021-04-19T02:18:41+08:00][sql] CONNECT:[ UseTime:0.000962s ] mysql:host=127.0.0.1;port=3306;dbname=carver;charset=utf8
[2021-04-19T02:18:41+08:00][sql] SHOW FULL COLUMNS FROM `carver_article` [ RunTime:0.001232s ]
[2021-04-19T02:18:41+08:00][sql] SELECT COUNT(*) AS think_count FROM `carver_article` WHERE  `article_label` LIKE '%php;git/%'  AND `delete_time` = 0  AND `is_show` = 1 [ RunTime:0.000590s ]
[2021-04-19T02:18:41+08:00][sql] SELECT * FROM `carver_article` WHERE  `article_label` LIKE '%php;git/%'  AND `delete_time` = 0  AND `is_show` = 1 LIMIT 0,6 [ RunTime:0.001069s ]
[2021-04-19T02:18:41+08:00][sql] SELECT article_id,article_title,click_num,FROM_UNIXTIME(add_time,'%Y-%m-%d') as add_time FROM `carver_article` WHERE  `is_show` = 1  AND `delete_time` = 0 ORDER BY `click_num` DESC LIMIT 3 [ RunTime:0.000423s ]
[2021-04-19T02:18:41+08:00][sql] SHOW FULL COLUMNS FROM `carver_notice` [ RunTime:0.000787s ]
[2021-04-19T02:18:41+08:00][sql] SELECT * FROM `carver_notice` ORDER BY `create_time` DESC LIMIT 3 [ RunTime:0.000324s ]
[2021-04-19T02:18:41+08:00][sql] SHOW FULL COLUMNS FROM `carver_navigation` [ RunTime:0.000607s ]
[2021-04-19T02:18:41+08:00][sql] SELECT * FROM `carver_navigation` [ RunTime:0.000589s ]
[2021-04-19T02:18:41+08:00][sql] SHOW FULL COLUMNS FROM `carver_link` [ RunTime:0.000605s ]
[2021-04-19T02:18:41+08:00][sql] SELECT * FROM `carver_link` WHERE  ( is_confirm=2 ) LIMIT 20 [ RunTime:0.000371s ]
[2021-04-19T02:18:41+08:00][sql] SELECT `article_label` FROM `carver_article` [ RunTime:0.000477s ]
[2021-04-19T02:18:41+08:00][sql] SHOW FULL COLUMNS FROM `carver_carouse` [ RunTime:0.000622s ]
[2021-04-19T02:18:41+08:00][sql] SELECT `carouse_img`,`carouse_desc` FROM `carver_carouse` WHERE  `is_show` = 1 ORDER BY `carouse_sort` DESC LIMIT 3 [ RunTime:0.000344s ]
[2021-04-19T02:18:41+08:00][sql] SHOW FULL COLUMNS FROM `carver_site` [ RunTime:0.000588s ]
[2021-04-19T02:18:41+08:00][sql] SELECT * FROM `carver_site` [ RunTime:0.000306s ]
[2021-04-19T02:19:33+08:00][sql] CONNECT:[ UseTime:0.000476s ] mysql:host=127.0.0.1;port=3306;dbname=carver;charset=utf8
[2021-04-19T02:19:33+08:00][sql] SHOW FULL COLUMNS FROM `carver_article` [ RunTime:0.000917s ]
[2021-04-19T02:19:33+08:00][sql] SELECT COUNT(*) AS think_count FROM `carver_article` WHERE  `article_label` LIKE '%php;javascript;c%'  AND `delete_time` = 0  AND `is_show` = 1 [ RunTime:0.000401s ]
[2021-04-19T02:19:33+08:00][sql] SELECT * FROM `carver_article` WHERE  `article_label` LIKE '%php;javascript;c%'  AND `delete_time` = 0  AND `is_show` = 1 LIMIT 0,6 [ RunTime:0.000965s ]
[2021-04-19T02:19:33+08:00][sql] SELECT article_id,article_title,click_num,FROM_UNIXTIME(add_time,'%Y-%m-%d') as add_time FROM `carver_article` WHERE  `is_show` = 1  AND `delete_time` = 0 ORDER BY `click_num` DESC LIMIT 3 [ RunTime:0.000421s ]
[2021-04-19T02:19:33+08:00][sql] SHOW FULL COLUMNS FROM `carver_notice` [ RunTime:0.000578s ]
[2021-04-19T02:19:33+08:00][sql] SELECT * FROM `carver_notice` ORDER BY `create_time` DESC LIMIT 3 [ RunTime:0.000295s ]
[2021-04-19T02:19:33+08:00][sql] SHOW FULL COLUMNS FROM `carver_navigation` [ RunTime:0.000576s ]
[2021-04-19T02:19:33+08:00][sql] SELECT * FROM `carver_navigation` [ RunTime:0.000297s ]
[2021-04-19T02:19:33+08:00][sql] SHOW FULL COLUMNS FROM `carver_link` [ RunTime:0.000544s ]
[2021-04-19T02:19:33+08:00][sql] SELECT * FROM `carver_link` WHERE  ( is_confirm=2 ) LIMIT 20 [ RunTime:0.000341s ]
[2021-04-19T02:19:33+08:00][sql] SELECT `article_label` FROM `carver_article` [ RunTime:0.000267s ]
[2021-04-19T02:19:33+08:00][sql] SHOW FULL COLUMNS FROM `carver_carouse` [ RunTime:0.000521s ]
[2021-04-19T02:19:33+08:00][sql] SELECT `carouse_img`,`carouse_desc` FROM `carver_carouse` WHERE  `is_show` = 1 ORDER BY `carouse_sort` DESC LIMIT 3 [ RunTime:0.000314s ]
[2021-04-19T02:19:33+08:00][sql] SHOW FULL COLUMNS FROM `carver_site` [ RunTime:0.000523s ]
[2021-04-19T02:19:33+08:00][sql] SELECT * FROM `carver_site` [ RunTime:0.000297s ]
[2021-04-19T02:20:17+08:00][sql] CONNECT:[ UseTime:0.000586s ] mysql:host=127.0.0.1;port=3306;dbname=carver;charset=utf8
[2021-04-19T02:20:17+08:00][sql] SHOW FULL COLUMNS FROM `carver_article` [ RunTime:0.000921s ]
[2021-04-19T02:20:17+08:00][sql] SELECT COUNT(*) AS think_count FROM `carver_article` WHERE  `article_label` LIKE '%php;linux/%'  AND `delete_time` = 0  AND `is_show` = 1 [ RunTime:0.000469s ]
[2021-04-19T02:20:17+08:00][sql] SELECT * FROM `carver_article` WHERE  `article_label` LIKE '%php;linux/%'  AND `delete_time` = 0  AND `is_show` = 1 LIMIT 0,6 [ RunTime:0.001143s ]
[2021-04-19T02:20:17+08:00][sql] SELECT article_id,article_title,click_num,FROM_UNIXTIME(add_time,'%Y-%m-%d') as add_time FROM `carver_article` WHERE  `is_show` = 1  AND `delete_time` = 0 ORDER BY `click_num` DESC LIMIT 3 [ RunTime:0.000483s ]
[2021-04-19T02:20:17+08:00][sql] SHOW FULL COLUMNS FROM `carver_notice` [ RunTime:0.000714s ]
[2021-04-19T02:20:17+08:00][sql] SELECT * FROM `carver_notice` ORDER BY `create_time` DESC LIMIT 3 [ RunTime:0.000374s ]
[2021-04-19T02:20:17+08:00][sql] SHOW FULL COLUMNS FROM `carver_navigation` [ RunTime:0.000677s ]
[2021-04-19T02:20:17+08:00][sql] SELECT * FROM `carver_navigation` [ RunTime:0.000313s ]
[2021-04-19T02:20:17+08:00][sql] SHOW FULL COLUMNS FROM `carver_link` [ RunTime:0.000611s ]
[2021-04-19T02:20:17+08:00][sql] SELECT * FROM `carver_link` WHERE  ( is_confirm=2 ) LIMIT 20 [ RunTime:0.000376s ]
[2021-04-19T02:20:17+08:00][sql] SELECT `article_label` FROM `carver_article` [ RunTime:0.000301s ]
[2021-04-19T02:20:17+08:00][sql] SHOW FULL COLUMNS FROM `carver_carouse` [ RunTime:0.000643s ]
[2021-04-19T02:20:17+08:00][sql] SELECT `carouse_img`,`carouse_desc` FROM `carver_carouse` WHERE  `is_show` = 1 ORDER BY `carouse_sort` DESC LIMIT 3 [ RunTime:0.000370s ]
[2021-04-19T02:20:17+08:00][sql] SHOW FULL COLUMNS FROM `carver_site` [ RunTime:0.000659s ]
[2021-04-19T02:20:17+08:00][sql] SELECT * FROM `carver_site` [ RunTime:0.000340s ]
[2021-04-19T02:20:45+08:00][sql] CONNECT:[ UseTime:0.000578s ] mysql:host=127.0.0.1;port=3306;dbname=carver;charset=utf8
[2021-04-19T02:20:45+08:00][sql] SHOW FULL COLUMNS FROM `carver_article` [ RunTime:0.000943s ]
[2021-04-19T02:20:45+08:00][sql] SELECT COUNT(*) AS think_count FROM `carver_article` WHERE  `article_label` LIKE '%php;mysql/%'  AND `delete_time` = 0  AND `is_show` = 1 [ RunTime:0.000459s ]
[2021-04-19T02:20:45+08:00][sql] SELECT * FROM `carver_article` WHERE  `article_label` LIKE '%php;mysql/%'  AND `delete_time` = 0  AND `is_show` = 1 LIMIT 0,6 [ RunTime:0.000963s ]
[2021-04-19T02:20:45+08:00][sql] SELECT article_id,article_title,click_num,FROM_UNIXTIME(add_time,'%Y-%m-%d') as add_time FROM `carver_article` WHERE  `is_show` = 1  AND `delete_time` = 0 ORDER BY `click_num` DESC LIMIT 3 [ RunTime:0.000541s ]
[2021-04-19T02:20:45+08:00][sql] SHOW FULL COLUMNS FROM `carver_notice` [ RunTime:0.000711s ]
[2021-04-19T02:20:45+08:00][sql] SELECT * FROM `carver_notice` ORDER BY `create_time` DESC LIMIT 3 [ RunTime:0.000349s ]
[2021-04-19T02:20:45+08:00][sql] SHOW FULL COLUMNS FROM `carver_navigation` [ RunTime:0.000615s ]
[2021-04-19T02:20:45+08:00][sql] SELECT * FROM `carver_navigation` [ RunTime:0.000313s ]
[2021-04-19T02:20:45+08:00][sql] SHOW FULL COLUMNS FROM `carver_link` [ RunTime:0.000651s ]
[2021-04-19T02:20:45+08:00][sql] SELECT * FROM `carver_link` WHERE  ( is_confirm=2 ) LIMIT 20 [ RunTime:0.000373s ]
[2021-04-19T02:20:45+08:00][sql] SELECT `article_label` FROM `carver_article` [ RunTime:0.000287s ]
[2021-04-19T02:20:45+08:00][sql] SHOW FULL COLUMNS FROM `carver_carouse` [ RunTime:0.000595s ]
[2021-04-19T02:20:45+08:00][sql] SELECT `carouse_img`,`carouse_desc` FROM `carver_carouse` WHERE  `is_show` = 1 ORDER BY `carouse_sort` DESC LIMIT 3 [ RunTime:0.000345s ]
[2021-04-19T02:20:45+08:00][sql] SHOW FULL COLUMNS FROM `carver_site` [ RunTime:0.000604s ]
[2021-04-19T02:20:45+08:00][sql] SELECT * FROM `carver_site` [ RunTime:0.000334s ]
[2021-04-19T02:21:10+08:00][sql] CONNECT:[ UseTime:0.000526s ] mysql:host=127.0.0.1;port=3306;dbname=carver;charset=utf8
[2021-04-19T02:21:10+08:00][sql] SHOW FULL COLUMNS FROM `carver_article` [ RunTime:0.000963s ]
[2021-04-19T02:21:10+08:00][sql] SELECT COUNT(*) AS think_count FROM `carver_article` WHERE  `article_label` LIKE '%php;nginx/%'  AND `delete_time` = 0  AND `is_show` = 1 [ RunTime:0.000429s ]
[2021-04-19T02:21:10+08:00][sql] SELECT * FROM `carver_article` WHERE  `article_label` LIKE '%php;nginx/%'  AND `delete_time` = 0  AND `is_show` = 1 LIMIT 0,6 [ RunTime:0.000967s ]
[2021-04-19T02:21:10+08:00][sql] SELECT article_id,article_title,click_num,FROM_UNIXTIME(add_time,'%Y-%m-%d') as add_time FROM `carver_article` WHERE  `is_show` = 1  AND `delete_time` = 0 ORDER BY `click_num` DESC LIMIT 3 [ RunTime:0.000416s ]
[2021-04-19T02:21:10+08:00][sql] SHOW FULL COLUMNS FROM `carver_notice` [ RunTime:0.000636s ]
[2021-04-19T02:21:10+08:00][sql] SELECT * FROM `carver_notice` ORDER BY `create_time` DESC LIMIT 3 [ RunTime:0.000321s ]
[2021-04-19T02:21:10+08:00][sql] SHOW FULL COLUMNS FROM `carver_navigation` [ RunTime:0.000548s ]
[2021-04-19T02:21:10+08:00][sql] SELECT * FROM `carver_navigation` [ RunTime:0.000274s ]
[2021-04-19T02:21:10+08:00][sql] SHOW FULL COLUMNS FROM `carver_link` [ RunTime:0.000634s ]
[2021-04-19T02:21:10+08:00][sql] SELECT * FROM `carver_link` WHERE  ( is_confirm=2 ) LIMIT 20 [ RunTime:0.000344s ]
[2021-04-19T02:21:10+08:00][sql] SELECT `article_label` FROM `carver_article` [ RunTime:0.000256s ]
[2021-04-19T02:21:10+08:00][sql] SHOW FULL COLUMNS FROM `carver_carouse` [ RunTime:0.000563s ]
[2021-04-19T02:21:10+08:00][sql] SELECT `carouse_img`,`carouse_desc` FROM `carver_carouse` WHERE  `is_show` = 1 ORDER BY `carouse_sort` DESC LIMIT 3 [ RunTime:0.000367s ]
[2021-04-19T02:21:10+08:00][sql] SHOW FULL COLUMNS FROM `carver_site` [ RunTime:0.000547s ]
[2021-04-19T02:21:10+08:00][sql] SELECT * FROM `carver_site` [ RunTime:0.000304s ]
[2021-04-19T02:21:36+08:00][sql] CONNECT:[ UseTime:0.000522s ] mysql:host=127.0.0.1;port=3306;dbname=carver;charset=utf8
[2021-04-19T02:21:36+08:00][sql] SHOW FULL COLUMNS FROM `carver_article` [ RunTime:0.000869s ]
[2021-04-19T02:21:36+08:00][sql] SELECT COUNT(*) AS think_count FROM `carver_article` WHERE  `article_label` LIKE '%php;swoole/%'  AND `delete_time` = 0  AND `is_show` = 1 [ RunTime:0.000402s ]
[2021-04-19T02:21:36+08:00][sql] SELECT * FROM `carver_article` WHERE  `article_label` LIKE '%php;swoole/%'  AND `delete_time` = 0  AND `is_show` = 1 LIMIT 0,6 [ RunTime:0.000941s ]
[2021-04-19T02:21:36+08:00][sql] SELECT article_id,article_title,click_num,FROM_UNIXTIME(add_time,'%Y-%m-%d') as add_time FROM `carver_article` WHERE  `is_show` = 1  AND `delete_time` = 0 ORDER BY `click_num` DESC LIMIT 3 [ RunTime:0.000481s ]
[2021-04-19T02:21:36+08:00][sql] SHOW FULL COLUMNS FROM `carver_notice` [ RunTime:0.000627s ]
[2021-04-19T02:21:36+08:00][sql] SELECT * FROM `carver_notice` ORDER BY `create_time` DESC LIMIT 3 [ RunTime:0.000361s ]
[2021-04-19T02:21:36+08:00][sql] SHOW FULL COLUMNS FROM `carver_navigation` [ RunTime:0.000599s ]
[2021-04-19T02:21:36+08:00][sql] SELECT * FROM `carver_navigation` [ RunTime:0.000294s ]
[2021-04-19T02:21:36+08:00][sql] SHOW FULL COLUMNS FROM `carver_link` [ RunTime:0.000589s ]
[2021-04-19T02:21:36+08:00][sql] SELECT * FROM `carver_link` WHERE  ( is_confirm=2 ) LIMIT 20 [ RunTime:0.000363s ]
[2021-04-19T02:21:36+08:00][sql] SELECT `article_label` FROM `carver_article` [ RunTime:0.000287s ]
[2021-04-19T02:21:36+08:00][sql] SHOW FULL COLUMNS FROM `carver_carouse` [ RunTime:0.000549s ]
[2021-04-19T02:21:36+08:00][sql] SELECT `carouse_img`,`carouse_desc` FROM `carver_carouse` WHERE  `is_show` = 1 ORDER BY `carouse_sort` DESC LIMIT 3 [ RunTime:0.000333s ]
[2021-04-19T02:21:36+08:00][sql] SHOW FULL COLUMNS FROM `carver_site` [ RunTime:0.000547s ]
[2021-04-19T02:21:36+08:00][sql] SELECT * FROM `carver_site` [ RunTime:0.000325s ]
[2021-04-19T02:22:06+08:00][sql] CONNECT:[ UseTime:0.000758s ] mysql:host=127.0.0.1;port=3306;dbname=carver;charset=utf8
[2021-04-19T02:22:06+08:00][sql] SHOW FULL COLUMNS FROM `carver_article` [ RunTime:0.000929s ]
[2021-04-19T02:22:06+08:00][sql] SELECT COUNT(*) AS think_count FROM `carver_article` WHERE  `article_label` LIKE '%php;网络安全/%'  AND `delete_time` = 0  AND `is_show` = 1 [ RunTime:0.000429s ]
[2021-04-19T02:22:06+08:00][sql] SELECT * FROM `carver_article` WHERE  `article_label` LIKE '%php;网络安全/%'  AND `delete_time` = 0  AND `is_show` = 1 LIMIT 0,6 [ RunTime:0.000979s ]
[2021-04-19T02:22:06+08:00][sql] SELECT article_id,article_title,click_num,FROM_UNIXTIME(add_time,'%Y-%m-%d') as add_time FROM `carver_article` WHERE  `is_show` = 1  AND `delete_time` = 0 ORDER BY `click_num` DESC LIMIT 3 [ RunTime:0.000423s ]
[2021-04-19T02:22:06+08:00][sql] SHOW FULL COLUMNS FROM `carver_notice` [ RunTime:0.000678s ]
[2021-04-19T02:22:06+08:00][sql] SELECT * FROM `carver_notice` ORDER BY `create_time` DESC LIMIT 3 [ RunTime:0.000319s ]
[2021-04-19T02:22:06+08:00][sql] SHOW FULL COLUMNS FROM `carver_navigation` [ RunTime:0.000568s ]
[2021-04-19T02:22:06+08:00][sql] SELECT * FROM `carver_navigation` [ RunTime:0.000303s ]
[2021-04-19T02:22:06+08:00][sql] SHOW FULL COLUMNS FROM `carver_link` [ RunTime:0.000583s ]
[2021-04-19T02:22:06+08:00][sql] SELECT * FROM `carver_link` WHERE  ( is_confirm=2 ) LIMIT 20 [ RunTime:0.000333s ]
[2021-04-19T02:22:06+08:00][sql] SELECT `article_label` FROM `carver_article` [ RunTime:0.000293s ]
[2021-04-19T02:22:06+08:00][sql] SHOW FULL COLUMNS FROM `carver_carouse` [ RunTime:0.000557s ]
[2021-04-19T02:22:06+08:00][sql] SELECT `carouse_img`,`carouse_desc` FROM `carver_carouse` WHERE  `is_show` = 1 ORDER BY `carouse_sort` DESC LIMIT 3 [ RunTime:0.000302s ]
[2021-04-19T02:22:06+08:00][sql] SHOW FULL COLUMNS FROM `carver_site` [ RunTime:0.000540s ]
[2021-04-19T02:22:06+08:00][sql] SELECT * FROM `carver_site` [ RunTime:0.000313s ]
[2021-04-19T02:22:30+08:00][sql] CONNECT:[ UseTime:0.000559s ] mysql:host=127.0.0.1;port=3306;dbname=carver;charset=utf8
[2021-04-19T02:22:30+08:00][sql] SHOW FULL COLUMNS FROM `carver_article` [ RunTime:0.000935s ]
[2021-04-19T02:22:30+08:00][sql] SELECT COUNT(*) AS think_count FROM `carver_article` WHERE  `article_label` LIKE '%php;设计模式/%'  AND `delete_time` = 0  AND `is_show` = 1 [ RunTime:0.000474s ]
[2021-04-19T02:22:30+08:00][sql] SELECT * FROM `carver_article` WHERE  `article_label` LIKE '%php;设计模式/%'  AND `delete_time` = 0  AND `is_show` = 1 LIMIT 0,6 [ RunTime:0.001026s ]
[2021-04-19T02:22:30+08:00][sql] SELECT article_id,article_title,click_num,FROM_UNIXTIME(add_time,'%Y-%m-%d') as add_time FROM `carver_article` WHERE  `is_show` = 1  AND `delete_time` = 0 ORDER BY `click_num` DESC LIMIT 3 [ RunTime:0.000476s ]
[2021-04-19T02:22:30+08:00][sql] SHOW FULL COLUMNS FROM `carver_notice` [ RunTime:0.000731s ]
[2021-04-19T02:22:30+08:00][sql] SELECT * FROM `carver_notice` ORDER BY `create_time` DESC LIMIT 3 [ RunTime:0.000342s ]
[2021-04-19T02:22:30+08:00][sql] SHOW FULL COLUMNS FROM `carver_navigation` [ RunTime:0.000594s ]
[2021-04-19T02:22:30+08:00][sql] SELECT * FROM `carver_navigation` [ RunTime:0.000321s ]
[2021-04-19T02:22:30+08:00][sql] SHOW FULL COLUMNS FROM `carver_link` [ RunTime:0.000617s ]
[2021-04-19T02:22:30+08:00][sql] SELECT * FROM `carver_link` WHERE  ( is_confirm=2 ) LIMIT 20 [ RunTime:0.000349s ]
[2021-04-19T02:22:30+08:00][sql] SELECT `article_label` FROM `carver_article` [ RunTime:0.000292s ]
[2021-04-19T02:22:30+08:00][sql] SHOW FULL COLUMNS FROM `carver_carouse` [ RunTime:0.000574s ]
[2021-04-19T02:22:30+08:00][sql] SELECT `carouse_img`,`carouse_desc` FROM `carver_carouse` WHERE  `is_show` = 1 ORDER BY `carouse_sort` DESC LIMIT 3 [ RunTime:0.000330s ]
[2021-04-19T02:22:30+08:00][sql] SHOW FULL COLUMNS FROM `carver_site` [ RunTime:0.000650s ]
[2021-04-19T02:22:30+08:00][sql] SELECT * FROM `carver_site` [ RunTime:0.001096s ]
[2021-04-19T02:23:21+08:00][sql] CONNECT:[ UseTime:0.000568s ] mysql:host=127.0.0.1;port=3306;dbname=carver;charset=utf8
[2021-04-19T02:23:21+08:00][sql] SHOW FULL COLUMNS FROM `carver_article` [ RunTime:0.000932s ]
[2021-04-19T02:23:21+08:00][sql] SELECT COUNT(*) AS think_count FROM `carver_article` WHERE  `article_label` LIKE '%网络安全//%'  AND `delete_time` = 0  AND `is_show` = 1 [ RunTime:0.000463s ]
[2021-04-19T02:23:21+08:00][sql] SELECT * FROM `carver_article` WHERE  `article_label` LIKE '%网络安全//%'  AND `delete_time` = 0  AND `is_show` = 1 LIMIT 0,6 [ RunTime:0.000996s ]
[2021-04-19T02:23:21+08:00][sql] SELECT article_id,article_title,click_num,FROM_UNIXTIME(add_time,'%Y-%m-%d') as add_time FROM `carver_article` WHERE  `is_show` = 1  AND `delete_time` = 0 ORDER BY `click_num` DESC LIMIT 3 [ RunTime:0.000497s ]
[2021-04-19T02:23:21+08:00][sql] SHOW FULL COLUMNS FROM `carver_notice` [ RunTime:0.000698s ]
[2021-04-19T02:23:21+08:00][sql] SELECT * FROM `carver_notice` ORDER BY `create_time` DESC LIMIT 3 [ RunTime:0.000342s ]
[2021-04-19T02:23:21+08:00][sql] SHOW FULL COLUMNS FROM `carver_navigation` [ RunTime:0.000710s ]
[2021-04-19T02:23:21+08:00][sql] SELECT * FROM `carver_navigation` [ RunTime:0.000282s ]
[2021-04-19T02:23:21+08:00][sql] SHOW FULL COLUMNS FROM `carver_link` [ RunTime:0.000562s ]
[2021-04-19T02:23:21+08:00][sql] SELECT * FROM `carver_link` WHERE  ( is_confirm=2 ) LIMIT 20 [ RunTime:0.000394s ]
[2021-04-19T02:23:21+08:00][sql] SELECT `article_label` FROM `carver_article` [ RunTime:0.000332s ]
[2021-04-19T02:23:21+08:00][sql] SHOW FULL COLUMNS FROM `carver_carouse` [ RunTime:0.000541s ]
[2021-04-19T02:23:21+08:00][sql] SELECT `carouse_img`,`carouse_desc` FROM `carver_carouse` WHERE  `is_show` = 1 ORDER BY `carouse_sort` DESC LIMIT 3 [ RunTime:0.000333s ]
[2021-04-19T02:23:21+08:00][sql] SHOW FULL COLUMNS FROM `carver_site` [ RunTime:0.000558s ]
[2021-04-19T02:23:21+08:00][sql] SELECT * FROM `carver_site` [ RunTime:0.000339s ]
[2021-04-19T02:23:48+08:00][sql] CONNECT:[ UseTime:0.000693s ] mysql:host=127.0.0.1;port=3306;dbname=carver;charset=utf8
[2021-04-19T02:23:48+08:00][sql] SHOW FULL COLUMNS FROM `carver_article` [ RunTime:0.000945s ]
[2021-04-19T02:23:48+08:00][sql] SELECT COUNT(*) AS think_count FROM `carver_article` WHERE  `article_label` LIKE '%设计模式//%'  AND `delete_time` = 0  AND `is_show` = 1 [ RunTime:0.000437s ]
[2021-04-19T02:23:48+08:00][sql] SELECT * FROM `carver_article` WHERE  `article_label` LIKE '%设计模式//%'  AND `delete_time` = 0  AND `is_show` = 1 LIMIT 0,6 [ RunTime:0.000990s ]
[2021-04-19T02:23:48+08:00][sql] SELECT article_id,article_title,click_num,FROM_UNIXTIME(add_time,'%Y-%m-%d') as add_time FROM `carver_article` WHERE  `is_show` = 1  AND `delete_time` = 0 ORDER BY `click_num` DESC LIMIT 3 [ RunTime:0.000628s ]
[2021-04-19T02:23:48+08:00][sql] SHOW FULL COLUMNS FROM `carver_notice` [ RunTime:0.000690s ]
[2021-04-19T02:23:48+08:00][sql] SELECT * FROM `carver_notice` ORDER BY `create_time` DESC LIMIT 3 [ RunTime:0.000327s ]
[2021-04-19T02:23:48+08:00][sql] SHOW FULL COLUMNS FROM `carver_navigation` [ RunTime:0.000610s ]
[2021-04-19T02:23:48+08:00][sql] SELECT * FROM `carver_navigation` [ RunTime:0.000349s ]
[2021-04-19T02:23:48+08:00][sql] SHOW FULL COLUMNS FROM `carver_link` [ RunTime:0.000674s ]
[2021-04-19T02:23:48+08:00][sql] SELECT * FROM `carver_link` WHERE  ( is_confirm=2 ) LIMIT 20 [ RunTime:0.000380s ]
[2021-04-19T02:23:48+08:00][sql] SELECT `article_label` FROM `carver_article` [ RunTime:0.000306s ]
[2021-04-19T02:23:48+08:00][sql] SHOW FULL COLUMNS FROM `carver_carouse` [ RunTime:0.000609s ]
[2021-04-19T02:23:48+08:00][sql] SELECT `carouse_img`,`carouse_desc` FROM `carver_carouse` WHERE  `is_show` = 1 ORDER BY `carouse_sort` DESC LIMIT 3 [ RunTime:0.000343s ]
[2021-04-19T02:23:48+08:00][sql] SHOW FULL COLUMNS FROM `carver_site` [ RunTime:0.000676s ]
[2021-04-19T02:23:48+08:00][sql] SELECT * FROM `carver_site` [ RunTime:0.000430s ]
[2021-04-19T02:53:07+08:00][sql] CONNECT:[ UseTime:0.000535s ] mysql:host=127.0.0.1;port=3306;dbname=carver;charset=utf8
[2021-04-19T02:53:07+08:00][sql] SHOW FULL COLUMNS FROM `carver_article` [ RunTime:0.000872s ]
[2021-04-19T02:53:07+08:00][sql] SELECT COUNT(*) AS think_count FROM `carver_article` WHERE  `article_label` LIKE '%javascript%'  AND `delete_time` = 0  AND `is_show` = 1 [ RunTime:0.000426s ]
[2021-04-19T02:53:07+08:00][sql] SELECT * FROM `carver_article` WHERE  `article_label` LIKE '%javascript%'  AND `delete_time` = 0  AND `is_show` = 1 LIMIT 0,6 [ RunTime:0.000982s ]
[2021-04-19T02:53:07+08:00][sql] SELECT article_id,article_title,click_num,FROM_UNIXTIME(add_time,'%Y-%m-%d') as add_time FROM `carver_article` WHERE  `is_show` = 1  AND `delete_time` = 0 ORDER BY `click_num` DESC LIMIT 3 [ RunTime:0.000508s ]
[2021-04-19T02:53:07+08:00][sql] SHOW FULL COLUMNS FROM `carver_notice` [ RunTime:0.000605s ]
[2021-04-19T02:53:07+08:00][sql] SELECT * FROM `carver_notice` ORDER BY `create_time` DESC LIMIT 3 [ RunTime:0.000294s ]
[2021-04-19T02:53:07+08:00][sql] SHOW FULL COLUMNS FROM `carver_navigation` [ RunTime:0.000529s ]
[2021-04-19T02:53:07+08:00][sql] SELECT * FROM `carver_navigation` [ RunTime:0.000252s ]
[2021-04-19T02:53:07+08:00][sql] SHOW FULL COLUMNS FROM `carver_link` [ RunTime:0.000541s ]
[2021-04-19T02:53:07+08:00][sql] SELECT * FROM `carver_link` WHERE  ( is_confirm=2 ) LIMIT 20 [ RunTime:0.000286s ]
[2021-04-19T02:53:07+08:00][sql] SELECT `article_label` FROM `carver_article` [ RunTime:0.000246s ]
[2021-04-19T02:53:07+08:00][sql] SHOW FULL COLUMNS FROM `carver_carouse` [ RunTime:0.000543s ]
[2021-04-19T02:53:07+08:00][sql] SELECT `carouse_img`,`carouse_desc` FROM `carver_carouse` WHERE  `is_show` = 1 ORDER BY `carouse_sort` DESC LIMIT 3 [ RunTime:0.000292s ]
[2021-04-19T02:53:07+08:00][sql] SHOW FULL COLUMNS FROM `carver_site` [ RunTime:0.000512s ]
[2021-04-19T02:53:07+08:00][sql] SELECT * FROM `carver_site` [ RunTime:0.000226s ]
[2021-04-19T03:20:13+08:00][sql] CONNECT:[ UseTime:0.004236s ] mysql:host=127.0.0.1;port=3306;dbname=carver;charset=utf8
[2021-04-19T03:20:13+08:00][sql] SHOW FULL COLUMNS FROM `carver_article` [ RunTime:0.000911s ]
[2021-04-19T03:20:13+08:00][sql] SELECT `article_id`,`article_title`,`article_desc`,`article_content`,`article_img`,`article_guide`,`article_label`,`click_num`,`is_show`,`add_time`,`article_author` FROM `carver_article` WHERE  `article_id` = 2 LIMIT 1 [ RunTime:0.000446s ]
[2021-04-19T03:20:13+08:00][sql] SELECT `article_id`,`article_title`,`article_desc`,`article_content`,`article_img`,`article_guide`,`article_label`,`click_num`,`is_show`,`add_time`,`article_author` FROM `carver_article` WHERE  `article_id` > 2 LIMIT 1 [ RunTime:0.000734s ]
[2021-04-19T03:20:13+08:00][sql] SELECT `article_id`,`article_title`,`article_desc`,`article_content`,`article_img`,`article_guide`,`article_label`,`click_num`,`is_show`,`add_time`,`article_author` FROM `carver_article` WHERE  `article_id` < 2 ORDER BY `article_id` DESC LIMIT 1 [ RunTime:0.000407s ]
[2021-04-19T03:20:13+08:00][sql] SHOW FULL COLUMNS FROM `carver_link` [ RunTime:0.000624s ]
[2021-04-19T03:20:13+08:00][sql] SELECT * FROM `carver_link` WHERE  ( is_confirm=2 ) LIMIT 20 [ RunTime:0.000511s ]
[2021-04-19T03:20:13+08:00][sql] SELECT article_id,article_title,click_num,FROM_UNIXTIME(add_time,'%Y-%m-%d') as add_time FROM `carver_article` ORDER BY `click_num` DESC LIMIT 3 [ RunTime:0.000390s ]
[2021-04-19T03:20:13+08:00][sql] SHOW FULL COLUMNS FROM `carver_comment` [ RunTime:0.000591s ]
[2021-04-19T03:20:13+08:00][sql] SELECT `a`.*,`b`.`user_name` FROM `carver_comment` `a` INNER JOIN `carver_user` `b` ON `a`.`user_id`=`b`.`user_id` WHERE  `article_id` = 2 ORDER BY `create_time` DESC [ RunTime:0.000452s ]
[2021-04-19T03:20:13+08:00][sql] SHOW FULL COLUMNS FROM `carver_comment_to_others` [ RunTime:0.000528s ]
[2021-04-19T03:20:13+08:00][sql] SELECT * FROM `carver_comment_to_others` [ RunTime:0.000246s ]
[2021-04-19T03:20:13+08:00][sql] SHOW FULL COLUMNS FROM `carver_user` [ RunTime:0.011623s ]
[2021-04-19T03:20:13+08:00][sql] SELECT `user_name` FROM `carver_user` WHERE  `user_id` = 4 LIMIT 1 [ RunTime:0.000338s ]
[2021-04-19T03:20:13+08:00][sql] SELECT `user_name` FROM `carver_user` WHERE  `user_id` = 4 LIMIT 1 [ RunTime:0.000236s ]
[2021-04-19T03:20:13+08:00][sql] SELECT `user_name` FROM `carver_user` WHERE  `user_id` = 5 LIMIT 1 [ RunTime:0.000223s ]
[2021-04-19T03:20:13+08:00][sql] SELECT `user_name` FROM `carver_user` WHERE  `user_id` = 5 LIMIT 1 [ RunTime:0.000236s ]
[2021-04-19T03:20:13+08:00][sql] SELECT `user_name`,`user_id` FROM `carver_user` [ RunTime:0.000267s ]
[2021-04-19T03:20:13+08:00][sql] SHOW FULL COLUMNS FROM `carver_navigation` [ RunTime:0.000621s ]
[2021-04-19T03:20:13+08:00][sql] SELECT * FROM `carver_navigation` [ RunTime:0.000255s ]
[2021-04-19T03:20:13+08:00][sql] SELECT `article_label` FROM `carver_article` [ RunTime:0.000363s ]
[2021-04-19T03:43:39+08:00][sql] CONNECT:[ UseTime:0.000511s ] mysql:host=127.0.0.1;port=3306;dbname=carver;charset=utf8
[2021-04-19T03:43:39+08:00][sql] SHOW FULL COLUMNS FROM `carver_user` [ RunTime:0.000946s ]
[2021-04-19T06:04:56+08:00][sql] CONNECT:[ UseTime:0.000495s ] mysql:host=127.0.0.1;port=3306;dbname=carver;charset=utf8
[2021-04-19T06:04:56+08:00][sql] SHOW FULL COLUMNS FROM `carver_article` [ RunTime:0.000924s ]
[2021-04-19T06:04:56+08:00][sql] SELECT COUNT(*) AS think_count FROM `carver_article` WHERE  `article_label` LIKE '%php;网络安全%'  AND `delete_time` = 0  AND `is_show` = 1 [ RunTime:0.000439s ]
[2021-04-19T06:04:56+08:00][sql] SELECT * FROM `carver_article` WHERE  `article_label` LIKE '%php;网络安全%'  AND `delete_time` = 0  AND `is_show` = 1 LIMIT 0,6 [ RunTime:0.001190s ]
[2021-04-19T06:04:56+08:00][sql] SELECT article_id,article_title,click_num,FROM_UNIXTIME(add_time,'%Y-%m-%d') as add_time FROM `carver_article` WHERE  `is_show` = 1  AND `delete_time` = 0 ORDER BY `click_num` DESC LIMIT 3 [ RunTime:0.000428s ]
[2021-04-19T06:04:56+08:00][sql] SHOW FULL COLUMNS FROM `carver_notice` [ RunTime:0.000615s ]
[2021-04-19T06:04:56+08:00][sql] SELECT * FROM `carver_notice` ORDER BY `create_time` DESC LIMIT 3 [ RunTime:0.000258s ]
[2021-04-19T06:04:56+08:00][sql] SHOW FULL COLUMNS FROM `carver_navigation` [ RunTime:0.000531s ]
[2021-04-19T06:04:56+08:00][sql] SELECT * FROM `carver_navigation` [ RunTime:0.000268s ]
[2021-04-19T06:04:56+08:00][sql] SHOW FULL COLUMNS FROM `carver_link` [ RunTime:0.000546s ]
[2021-04-19T06:04:56+08:00][sql] SELECT * FROM `carver_link` WHERE  ( is_confirm=2 ) LIMIT 20 [ RunTime:0.000300s ]
[2021-04-19T06:04:56+08:00][sql] SELECT `article_label` FROM `carver_article` [ RunTime:0.000269s ]
[2021-04-19T06:04:56+08:00][sql] SHOW FULL COLUMNS FROM `carver_carouse` [ RunTime:0.000583s ]
[2021-04-19T06:04:56+08:00][sql] SELECT `carouse_img`,`carouse_desc` FROM `carver_carouse` WHERE  `is_show` = 1 ORDER BY `carouse_sort` DESC LIMIT 3 [ RunTime:0.000268s ]
[2021-04-19T06:04:56+08:00][sql] SHOW FULL COLUMNS FROM `carver_site` [ RunTime:0.000506s ]
[2021-04-19T06:04:56+08:00][sql] SELECT * FROM `carver_site` [ RunTime:0.000262s ]
[2021-04-19T06:43:22+08:00][sql] CONNECT:[ UseTime:0.000520s ] mysql:host=127.0.0.1;port=3306;dbname=carver;charset=utf8
[2021-04-19T06:43:22+08:00][sql] SHOW FULL COLUMNS FROM `carver_article` [ RunTime:0.000835s ]
[2021-04-19T06:43:22+08:00][sql] SELECT `article_id`,`article_title`,`article_desc`,`article_content`,`article_img`,`article_guide`,`article_label`,`click_num`,`is_show`,`add_time`,`article_author` FROM `carver_article` WHERE  `article_id` = 28 LIMIT 1 [ RunTime:0.000429s ]
[2021-04-19T06:43:22+08:00][sql] SELECT `article_id`,`article_title`,`article_desc`,`article_content`,`article_img`,`article_guide`,`article_label`,`click_num`,`is_show`,`add_time`,`article_author` FROM `carver_article` WHERE  `article_id` > 28 LIMIT 1 [ RunTime:0.000379s ]
[2021-04-19T06:43:22+08:00][sql] SELECT `article_id`,`article_title`,`article_desc`,`article_content`,`article_img`,`article_guide`,`article_label`,`click_num`,`is_show`,`add_time`,`article_author` FROM `carver_article` WHERE  `article_id` < 28 ORDER BY `article_id` DESC LIMIT 1 [ RunTime:0.000383s ]
[2021-04-19T06:43:22+08:00][sql] SHOW FULL COLUMNS FROM `carver_link` [ RunTime:0.000653s ]
[2021-04-19T06:43:22+08:00][sql] SELECT * FROM `carver_link` WHERE  ( is_confirm=2 ) LIMIT 20 [ RunTime:0.000287s ]
[2021-04-19T06:43:22+08:00][sql] SELECT article_id,article_title,click_num,FROM_UNIXTIME(add_time,'%Y-%m-%d') as add_time FROM `carver_article` ORDER BY `click_num` DESC LIMIT 3 [ RunTime:0.000360s ]
[2021-04-19T06:43:22+08:00][sql] SHOW FULL COLUMNS FROM `carver_comment` [ RunTime:0.000590s ]
[2021-04-19T06:43:22+08:00][sql] SELECT `a`.*,`b`.`user_name` FROM `carver_comment` `a` INNER JOIN `carver_user` `b` ON `a`.`user_id`=`b`.`user_id` WHERE  `article_id` = 28 ORDER BY `create_time` DESC [ RunTime:0.000415s ]
[2021-04-19T06:43:22+08:00][sql] SHOW FULL COLUMNS FROM `carver_comment_to_others` [ RunTime:0.000553s ]
[2021-04-19T06:43:22+08:00][sql] SELECT * FROM `carver_comment_to_others` [ RunTime:0.000246s ]
[2021-04-19T06:43:22+08:00][sql] SHOW FULL COLUMNS FROM `carver_user` [ RunTime:0.000435s ]
[2021-04-19T06:43:22+08:00][sql] SELECT `user_name` FROM `carver_user` WHERE  `user_id` = 4 LIMIT 1 [ RunTime:0.000248s ]
[2021-04-19T06:43:22+08:00][sql] SELECT `user_name` FROM `carver_user` WHERE  `user_id` = 4 LIMIT 1 [ RunTime:0.000226s ]
[2021-04-19T06:43:22+08:00][sql] SELECT `user_name` FROM `carver_user` WHERE  `user_id` = 5 LIMIT 1 [ RunTime:0.000204s ]
[2021-04-19T06:43:22+08:00][sql] SELECT `user_name` FROM `carver_user` WHERE  `user_id` = 5 LIMIT 1 [ RunTime:0.000221s ]
[2021-04-19T06:43:22+08:00][sql] SELECT `user_name`,`user_id` FROM `carver_user` [ RunTime:0.000238s ]
[2021-04-19T06:43:22+08:00][sql] SHOW FULL COLUMNS FROM `carver_navigation` [ RunTime:0.000531s ]
[2021-04-19T06:43:22+08:00][sql] SELECT * FROM `carver_navigation` [ RunTime:0.000249s ]
[2021-04-19T06:43:22+08:00][sql] SELECT `article_label` FROM `carver_article` [ RunTime:0.000265s ]
[2021-04-19T07:54:50+08:00][sql] CONNECT:[ UseTime:0.000521s ] mysql:host=127.0.0.1;port=3306;dbname=carver;charset=utf8
[2021-04-19T07:54:50+08:00][sql] SHOW FULL COLUMNS FROM `carver_article` [ RunTime:0.000903s ]
[2021-04-19T07:54:50+08:00][sql] SELECT COUNT(*) AS think_count FROM `carver_article` WHERE  `article_label` LIKE '%swoole%'  AND `delete_time` = 0  AND `is_show` = 1 [ RunTime:0.000411s ]
[2021-04-19T07:54:50+08:00][sql] SELECT * FROM `carver_article` WHERE  `article_label` LIKE '%swoole%'  AND `delete_time` = 0  AND `is_show` = 1 LIMIT 0,6 [ RunTime:0.001203s ]
[2021-04-19T07:54:50+08:00][sql] SELECT article_id,article_title,click_num,FROM_UNIXTIME(add_time,'%Y-%m-%d') as add_time FROM `carver_article` WHERE  `is_show` = 1  AND `delete_time` = 0 ORDER BY `click_num` DESC LIMIT 3 [ RunTime:0.000420s ]
[2021-04-19T07:54:50+08:00][sql] SHOW FULL COLUMNS FROM `carver_notice` [ RunTime:0.000559s ]
[2021-04-19T07:54:50+08:00][sql] SELECT * FROM `carver_notice` ORDER BY `create_time` DESC LIMIT 3 [ RunTime:0.000266s ]
[2021-04-19T07:54:50+08:00][sql] SHOW FULL COLUMNS FROM `carver_navigation` [ RunTime:0.000542s ]
[2021-04-19T07:54:50+08:00][sql] SELECT * FROM `carver_navigation` [ RunTime:0.000251s ]
[2021-04-19T07:54:50+08:00][sql] SHOW FULL COLUMNS FROM `carver_link` [ RunTime:0.000517s ]
[2021-04-19T07:54:50+08:00][sql] SELECT * FROM `carver_link` WHERE  ( is_confirm=2 ) LIMIT 20 [ RunTime:0.000276s ]
[2021-04-19T07:54:50+08:00][sql] SELECT `article_label` FROM `carver_article` [ RunTime:0.000249s ]
[2021-04-19T07:54:50+08:00][sql] SHOW FULL COLUMNS FROM `carver_carouse` [ RunTime:0.000467s ]
[2021-04-19T07:54:50+08:00][sql] SELECT `carouse_img`,`carouse_desc` FROM `carver_carouse` WHERE  `is_show` = 1 ORDER BY `carouse_sort` DESC LIMIT 3 [ RunTime:0.000279s ]
[2021-04-19T07:54:50+08:00][sql] SHOW FULL COLUMNS FROM `carver_site` [ RunTime:0.000460s ]
[2021-04-19T07:54:50+08:00][sql] SELECT * FROM `carver_site` [ RunTime:0.000284s ]
[2021-04-19T08:55:17+08:00][sql] CONNECT:[ UseTime:0.000519s ] mysql:host=127.0.0.1;port=3306;dbname=carver;charset=utf8
[2021-04-19T08:55:17+08:00][sql] SHOW FULL COLUMNS FROM `carver_article` [ RunTime:0.001212s ]
[2021-04-19T08:55:17+08:00][sql] SELECT COUNT(*) AS think_count FROM `carver_article` WHERE  `article_guide` = 7  AND `delete_time` = 0  AND `is_show` = 1 [ RunTime:0.000460s ]
[2021-04-19T08:55:17+08:00][sql] SELECT * FROM `carver_article` WHERE  `article_guide` = 7  AND `delete_time` = 0  AND `is_show` = 1 ORDER BY `add_time` DESC LIMIT 0,6 [ RunTime:0.000436s ]
[2021-04-19T08:55:17+08:00][sql] SELECT article_id,article_title,click_num,FROM_UNIXTIME(add_time,'%Y-%m-%d') as add_time FROM `carver_article` WHERE  `is_show` = 1  AND `delete_time` = 0 ORDER BY `click_num` DESC LIMIT 3 [ RunTime:0.000538s ]
[2021-04-19T08:55:17+08:00][sql] SHOW FULL COLUMNS FROM `carver_notice` [ RunTime:0.000652s ]
[2021-04-19T08:55:17+08:00][sql] SELECT * FROM `carver_notice` ORDER BY `create_time` DESC LIMIT 3 [ RunTime:0.000322s ]
[2021-04-19T08:55:17+08:00][sql] SHOW FULL COLUMNS FROM `carver_navigation` [ RunTime:0.000559s ]
[2021-04-19T08:55:17+08:00][sql] SELECT * FROM `carver_navigation` [ RunTime:0.000282s ]
[2021-04-19T08:55:17+08:00][sql] SELECT `article_label` FROM `carver_article` [ RunTime:0.000271s ]
[2021-04-19T08:55:17+08:00][sql] SHOW FULL COLUMNS FROM `carver_carouse` [ RunTime:0.000517s ]
[2021-04-19T08:55:17+08:00][sql] SELECT `carouse_img`,`carouse_desc` FROM `carver_carouse` WHERE  `is_show` = 1 ORDER BY `carouse_sort` DESC LIMIT 3 [ RunTime:0.000320s ]
[2021-04-19T08:55:17+08:00][sql] SHOW FULL COLUMNS FROM `carver_link` [ RunTime:0.000509s ]
[2021-04-19T08:55:17+08:00][sql] SELECT * FROM `carver_link` WHERE  ( is_confirm=2 ) LIMIT 20 [ RunTime:0.000308s ]
[2021-04-19T08:55:17+08:00][sql] SHOW FULL COLUMNS FROM `carver_site` [ RunTime:0.000523s ]
[2021-04-19T08:55:17+08:00][sql] SELECT * FROM `carver_site` [ RunTime:0.000330s ]
[2021-04-19T09:26:25+08:00][sql] CONNECT:[ UseTime:0.000563s ] mysql:host=127.0.0.1;port=3306;dbname=carver;charset=utf8
[2021-04-19T09:26:25+08:00][sql] SHOW FULL COLUMNS FROM `carver_article` [ RunTime:0.001015s ]
[2021-04-19T09:26:25+08:00][sql] SELECT `article_id`,`article_title`,`article_desc`,`article_content`,`article_img`,`article_guide`,`article_label`,`click_num`,`is_show`,`add_time`,`article_author` FROM `carver_article` WHERE  `article_id` = 22 LIMIT 1 [ RunTime:0.000607s ]
[2021-04-19T09:26:25+08:00][sql] SELECT `article_id`,`article_title`,`article_desc`,`article_content`,`article_img`,`article_guide`,`article_label`,`click_num`,`is_show`,`add_time`,`article_author` FROM `carver_article` WHERE  `article_id` > 22 LIMIT 1 [ RunTime:0.000408s ]
[2021-04-19T09:26:25+08:00][sql] SELECT `article_id`,`article_title`,`article_desc`,`article_content`,`article_img`,`article_guide`,`article_label`,`click_num`,`is_show`,`add_time`,`article_author` FROM `carver_article` WHERE  `article_id` < 22 ORDER BY `article_id` DESC LIMIT 1 [ RunTime:0.000426s ]
[2021-04-19T09:26:25+08:00][sql] SHOW FULL COLUMNS FROM `carver_link` [ RunTime:0.000591s ]
[2021-04-19T09:26:25+08:00][sql] SELECT * FROM `carver_link` WHERE  ( is_confirm=2 ) LIMIT 20 [ RunTime:0.000313s ]
[2021-04-19T09:26:25+08:00][sql] SELECT article_id,article_title,click_num,FROM_UNIXTIME(add_time,'%Y-%m-%d') as add_time FROM `carver_article` ORDER BY `click_num` DESC LIMIT 3 [ RunTime:0.000418s ]
[2021-04-19T09:26:25+08:00][sql] SHOW FULL COLUMNS FROM `carver_comment` [ RunTime:0.000621s ]
[2021-04-19T09:26:25+08:00][sql] SELECT `a`.*,`b`.`user_name` FROM `carver_comment` `a` INNER JOIN `carver_user` `b` ON `a`.`user_id`=`b`.`user_id` WHERE  `article_id` = 22 ORDER BY `create_time` DESC [ RunTime:0.000427s ]
[2021-04-19T09:26:25+08:00][sql] SHOW FULL COLUMNS FROM `carver_comment_to_others` [ RunTime:0.000583s ]
[2021-04-19T09:26:25+08:00][sql] SELECT * FROM `carver_comment_to_others` [ RunTime:0.000260s ]
[2021-04-19T09:26:25+08:00][sql] SHOW FULL COLUMNS FROM `carver_user` [ RunTime:0.000470s ]
[2021-04-19T09:26:25+08:00][sql] SELECT `user_name` FROM `carver_user` WHERE  `user_id` = 4 LIMIT 1 [ RunTime:0.000266s ]
[2021-04-19T09:26:25+08:00][sql] SELECT `user_name` FROM `carver_user` WHERE  `user_id` = 4 LIMIT 1 [ RunTime:0.000259s ]
[2021-04-19T09:26:25+08:00][sql] SELECT `user_name` FROM `carver_user` WHERE  `user_id` = 5 LIMIT 1 [ RunTime:0.000236s ]
[2021-04-19T09:26:25+08:00][sql] SELECT `user_name` FROM `carver_user` WHERE  `user_id` = 5 LIMIT 1 [ RunTime:0.000248s ]
[2021-04-19T09:26:25+08:00][sql] SELECT `user_name`,`user_id` FROM `carver_user` [ RunTime:0.000255s ]
[2021-04-19T09:26:25+08:00][sql] SHOW FULL COLUMNS FROM `carver_navigation` [ RunTime:0.000642s ]
[2021-04-19T09:26:25+08:00][sql] SELECT * FROM `carver_navigation` [ RunTime:0.000260s ]
[2021-04-19T09:26:25+08:00][sql] SELECT `article_label` FROM `carver_article` [ RunTime:0.000254s ]
[2021-04-19T09:45:57+08:00][sql] CONNECT:[ UseTime:0.000551s ] mysql:host=127.0.0.1;port=3306;dbname=carver;charset=utf8
[2021-04-19T09:45:57+08:00][sql] SHOW FULL COLUMNS FROM `carver_user` [ RunTime:0.000918s ]
[2021-04-19T09:45:57+08:00][sql] SHOW FULL COLUMNS FROM `carver_article` [ RunTime:0.000883s ]
[2021-04-19T09:45:57+08:00][sql] SELECT COUNT(*) AS think_count FROM `carver_article` WHERE  `delete_time` = 0  AND `is_show` = 1 [ RunTime:0.000408s ]
[2021-04-19T09:45:57+08:00][sql] SELECT `article_id`,`article_title`,`article_desc`,`article_content`,`article_img`,`article_guide`,`article_label`,`click_num`,`is_show`,`add_time`,`article_author`,`is_top_show` FROM `carver_article` WHERE  `delete_time` = 0  AND `is_show` = 1 ORDER BY `article_id` DESC LIMIT 0,6 [ RunTime:0.000805s ]
[2021-04-19T09:45:57+08:00][sql] SELECT article_id,article_title,click_num,FROM_UNIXTIME(add_time,'%Y-%m-%d') as add_time FROM `carver_article` WHERE  `is_show` = 1  AND `delete_time` = 0 ORDER BY `click_num` DESC LIMIT 3 [ RunTime:0.001705s ]
[2021-04-19T09:45:57+08:00][sql] SHOW FULL COLUMNS FROM `carver_notice` [ RunTime:0.000619s ]
[2021-04-19T09:45:57+08:00][sql] SELECT * FROM `carver_notice` ORDER BY `create_time` DESC LIMIT 3 [ RunTime:0.000296s ]
[2021-04-19T09:45:57+08:00][sql] SHOW FULL COLUMNS FROM `carver_navigation` [ RunTime:0.000534s ]
[2021-04-19T09:45:57+08:00][sql] SELECT * FROM `carver_navigation` [ RunTime:0.000256s ]
[2021-04-19T09:45:57+08:00][sql] SHOW FULL COLUMNS FROM `carver_link` [ RunTime:0.000580s ]
[2021-04-19T09:45:57+08:00][sql] SELECT * FROM `carver_link` WHERE  ( is_confirm=2 ) LIMIT 20 [ RunTime:0.000292s ]
[2021-04-19T09:45:57+08:00][sql] SELECT `article_label` FROM `carver_article` [ RunTime:0.000371s ]
[2021-04-19T09:45:57+08:00][sql] SHOW FULL COLUMNS FROM `carver_carouse` [ RunTime:0.000465s ]
[2021-04-19T09:45:57+08:00][sql] SELECT `carouse_img`,`carouse_desc` FROM `carver_carouse` WHERE  `is_show` = 1 ORDER BY `carouse_sort` DESC LIMIT 3 [ RunTime:0.000361s ]
[2021-04-19T09:45:57+08:00][sql] SHOW FULL COLUMNS FROM `carver_site` [ RunTime:0.000454s ]
[2021-04-19T09:45:57+08:00][sql] SELECT * FROM `carver_site` [ RunTime:0.000308s ]
[2021-04-19T10:48:54+08:00][sql] CONNECT:[ UseTime:0.000499s ] mysql:host=127.0.0.1;port=3306;dbname=carver;charset=utf8
[2021-04-19T10:48:54+08:00][sql] SHOW FULL COLUMNS FROM `carver_user` [ RunTime:0.000870s ]
[2021-04-19T10:48:54+08:00][sql] SHOW FULL COLUMNS FROM `carver_article` [ RunTime:0.000696s ]
[2021-04-19T10:48:54+08:00][sql] SELECT COUNT(*) AS think_count FROM `carver_article` WHERE  `delete_time` = 0  AND `is_show` = 1 [ RunTime:0.000377s ]
[2021-04-19T10:48:54+08:00][sql] SELECT `article_id`,`article_title`,`article_desc`,`article_content`,`article_img`,`article_guide`,`article_label`,`click_num`,`is_show`,`add_time`,`article_author`,`is_top_show` FROM `carver_article` WHERE  `delete_time` = 0  AND `is_show` = 1 ORDER BY `article_id` DESC LIMIT 0,6 [ RunTime:0.000762s ]
[2021-04-19T10:48:54+08:00][sql] SELECT article_id,article_title,click_num,FROM_UNIXTIME(add_time,'%Y-%m-%d') as add_time FROM `carver_article` WHERE  `is_show` = 1  AND `delete_time` = 0 ORDER BY `click_num` DESC LIMIT 3 [ RunTime:0.000557s ]
[2021-04-19T10:48:54+08:00][sql] SHOW FULL COLUMNS FROM `carver_notice` [ RunTime:0.000580s ]
[2021-04-19T10:48:54+08:00][sql] SELECT * FROM `carver_notice` ORDER BY `create_time` DESC LIMIT 3 [ RunTime:0.000313s ]
[2021-04-19T10:48:54+08:00][sql] SHOW FULL COLUMNS FROM `carver_navigation` [ RunTime:0.000684s ]
[2021-04-19T10:48:54+08:00][sql] SELECT * FROM `carver_navigation` [ RunTime:0.000242s ]
[2021-04-19T10:48:54+08:00][sql] SHOW FULL COLUMNS FROM `carver_link` [ RunTime:0.000504s ]
[2021-04-19T10:48:54+08:00][sql] SELECT * FROM `carver_link` WHERE  ( is_confirm=2 ) LIMIT 20 [ RunTime:0.000314s ]
[2021-04-19T10:48:54+08:00][sql] SELECT `article_label` FROM `carver_article` [ RunTime:0.000290s ]
[2021-04-19T10:48:54+08:00][sql] SHOW FULL COLUMNS FROM `carver_carouse` [ RunTime:0.000464s ]
[2021-04-19T10:48:54+08:00][sql] SELECT `carouse_img`,`carouse_desc` FROM `carver_carouse` WHERE  `is_show` = 1 ORDER BY `carouse_sort` DESC LIMIT 3 [ RunTime:0.000323s ]
[2021-04-19T10:48:54+08:00][sql] SHOW FULL COLUMNS FROM `carver_site` [ RunTime:0.000457s ]
[2021-04-19T10:48:54+08:00][sql] SELECT * FROM `carver_site` [ RunTime:0.000258s ]
[2021-04-19T10:48:56+08:00][sql] CONNECT:[ UseTime:0.000574s ] mysql:host=127.0.0.1;port=3306;dbname=carver;charset=utf8
[2021-04-19T10:48:56+08:00][sql] SHOW FULL COLUMNS FROM `carver_article` [ RunTime:0.000919s ]
[2021-04-19T10:48:56+08:00][sql] SELECT `article_id`,`article_title`,`article_desc`,`article_content`,`article_img`,`article_guide`,`article_label`,`click_num`,`is_show`,`add_time`,`article_author` FROM `carver_article` WHERE  `article_id` = 28 LIMIT 1 [ RunTime:0.000459s ]
[2021-04-19T10:48:56+08:00][sql] SELECT `article_id`,`article_title`,`article_desc`,`article_content`,`article_img`,`article_guide`,`article_label`,`click_num`,`is_show`,`add_time`,`article_author` FROM `carver_article` WHERE  `article_id` > 28 LIMIT 1 [ RunTime:0.000384s ]
[2021-04-19T10:48:56+08:00][sql] SELECT `article_id`,`article_title`,`article_desc`,`article_content`,`article_img`,`article_guide`,`article_label`,`click_num`,`is_show`,`add_time`,`article_author` FROM `carver_article` WHERE  `article_id` < 28 ORDER BY `article_id` DESC LIMIT 1 [ RunTime:0.000444s ]
[2021-04-19T10:48:56+08:00][sql] SHOW FULL COLUMNS FROM `carver_link` [ RunTime:0.000602s ]
[2021-04-19T10:48:56+08:00][sql] SELECT * FROM `carver_link` WHERE  ( is_confirm=2 ) LIMIT 20 [ RunTime:0.000286s ]
[2021-04-19T10:48:56+08:00][sql] SELECT article_id,article_title,click_num,FROM_UNIXTIME(add_time,'%Y-%m-%d') as add_time FROM `carver_article` ORDER BY `click_num` DESC LIMIT 3 [ RunTime:0.000346s ]
[2021-04-19T10:48:56+08:00][sql] SHOW FULL COLUMNS FROM `carver_comment` [ RunTime:0.000584s ]
[2021-04-19T10:48:56+08:00][sql] SELECT `a`.*,`b`.`user_name` FROM `carver_comment` `a` INNER JOIN `carver_user` `b` ON `a`.`user_id`=`b`.`user_id` WHERE  `article_id` = 28 ORDER BY `create_time` DESC [ RunTime:0.000404s ]
[2021-04-19T10:48:56+08:00][sql] SHOW FULL COLUMNS FROM `carver_comment_to_others` [ RunTime:0.000553s ]
[2021-04-19T10:48:56+08:00][sql] SELECT * FROM `carver_comment_to_others` [ RunTime:0.000235s ]
[2021-04-19T10:48:56+08:00][sql] SHOW FULL COLUMNS FROM `carver_user` [ RunTime:0.000461s ]
[2021-04-19T10:48:56+08:00][sql] SELECT `user_name` FROM `carver_user` WHERE  `user_id` = 4 LIMIT 1 [ RunTime:0.000246s ]
[2021-04-19T10:48:56+08:00][sql] SELECT `user_name` FROM `carver_user` WHERE  `user_id` = 4 LIMIT 1 [ RunTime:0.000221s ]
[2021-04-19T10:48:56+08:00][sql] SELECT `user_name` FROM `carver_user` WHERE  `user_id` = 5 LIMIT 1 [ RunTime:0.000248s ]
[2021-04-19T10:48:56+08:00][sql] SELECT `user_name` FROM `carver_user` WHERE  `user_id` = 5 LIMIT 1 [ RunTime:0.000239s ]
[2021-04-19T10:48:56+08:00][sql] SELECT `user_name`,`user_id` FROM `carver_user` [ RunTime:0.000283s ]
[2021-04-19T10:48:56+08:00][sql] SHOW FULL COLUMNS FROM `carver_navigation` [ RunTime:0.000543s ]
[2021-04-19T10:48:56+08:00][sql] SELECT * FROM `carver_navigation` [ RunTime:0.000270s ]
[2021-04-19T10:48:56+08:00][sql] SELECT `article_label` FROM `carver_article` [ RunTime:0.000259s ]
[2021-04-19T10:49:12+08:00][sql] CONNECT:[ UseTime:0.000550s ] mysql:host=127.0.0.1;port=3306;dbname=carver;charset=utf8
[2021-04-19T10:49:12+08:00][sql] SHOW FULL COLUMNS FROM `carver_user` [ RunTime:0.000823s ]
[2021-04-19T10:49:12+08:00][sql] SHOW FULL COLUMNS FROM `carver_article` [ RunTime:0.000709s ]
[2021-04-19T10:49:12+08:00][sql] SELECT COUNT(*) AS think_count FROM `carver_article` WHERE  `delete_time` = 0  AND `is_show` = 1 [ RunTime:0.000374s ]
[2021-04-19T10:49:12+08:00][sql] SELECT `article_id`,`article_title`,`article_desc`,`article_content`,`article_img`,`article_guide`,`article_label`,`click_num`,`is_show`,`add_time`,`article_author`,`is_top_show` FROM `carver_article` WHERE  `delete_time` = 0  AND `is_show` = 1 ORDER BY `article_id` DESC LIMIT 0,6 [ RunTime:0.000752s ]
[2021-04-19T10:49:12+08:00][sql] SELECT article_id,article_title,click_num,FROM_UNIXTIME(add_time,'%Y-%m-%d') as add_time FROM `carver_article` WHERE  `is_show` = 1  AND `delete_time` = 0 ORDER BY `click_num` DESC LIMIT 3 [ RunTime:0.000480s ]
[2021-04-19T10:49:12+08:00][sql] SHOW FULL COLUMNS FROM `carver_notice` [ RunTime:0.000583s ]
[2021-04-19T10:49:12+08:00][sql] SELECT * FROM `carver_notice` ORDER BY `create_time` DESC LIMIT 3 [ RunTime:0.000279s ]
[2021-04-19T10:49:12+08:00][sql] SHOW FULL COLUMNS FROM `carver_navigation` [ RunTime:0.000532s ]
[2021-04-19T10:49:12+08:00][sql] SELECT * FROM `carver_navigation` [ RunTime:0.000243s ]
[2021-04-19T10:49:12+08:00][sql] SHOW FULL COLUMNS FROM `carver_link` [ RunTime:0.000536s ]
[2021-04-19T10:49:12+08:00][sql] SELECT * FROM `carver_link` WHERE  ( is_confirm=2 ) LIMIT 20 [ RunTime:0.000298s ]
[2021-04-19T10:49:12+08:00][sql] SELECT `article_label` FROM `carver_article` [ RunTime:0.000271s ]
[2021-04-19T10:49:12+08:00][sql] SHOW FULL COLUMNS FROM `carver_carouse` [ RunTime:0.000488s ]
[2021-04-19T10:49:12+08:00][sql] SELECT `carouse_img`,`carouse_desc` FROM `carver_carouse` WHERE  `is_show` = 1 ORDER BY `carouse_sort` DESC LIMIT 3 [ RunTime:0.000295s ]
[2021-04-19T10:49:12+08:00][sql] SHOW FULL COLUMNS FROM `carver_site` [ RunTime:0.000479s ]
[2021-04-19T10:49:12+08:00][sql] SELECT * FROM `carver_site` [ RunTime:0.000232s ]
[2021-04-19T10:52:43+08:00][sql] CONNECT:[ UseTime:0.002211s ] mysql:host=127.0.0.1;port=3306;dbname=carver;charset=utf8
[2021-04-19T10:52:43+08:00][sql] SHOW FULL COLUMNS FROM `carver_user` [ RunTime:0.000916s ]
[2021-04-19T10:52:43+08:00][sql] SHOW FULL COLUMNS FROM `carver_article` [ RunTime:0.000730s ]
[2021-04-19T10:52:43+08:00][sql] SELECT COUNT(*) AS think_count FROM `carver_article` WHERE  `delete_time` = 0  AND `is_show` = 1 [ RunTime:0.000413s ]
[2021-04-19T10:52:43+08:00][sql] SELECT `article_id`,`article_title`,`article_desc`,`article_content`,`article_img`,`article_guide`,`article_label`,`click_num`,`is_show`,`add_time`,`article_author`,`is_top_show` FROM `carver_article` WHERE  `delete_time` = 0  AND `is_show` = 1 ORDER BY `article_id` DESC LIMIT 0,6 [ RunTime:0.000788s ]
[2021-04-19T10:52:43+08:00][sql] SELECT article_id,article_title,click_num,FROM_UNIXTIME(add_time,'%Y-%m-%d') as add_time FROM `carver_article` WHERE  `is_show` = 1  AND `delete_time` = 0 ORDER BY `click_num` DESC LIMIT 3 [ RunTime:0.000454s ]
[2021-04-19T10:52:43+08:00][sql] SHOW FULL COLUMNS FROM `carver_notice` [ RunTime:0.000567s ]
[2021-04-19T10:52:43+08:00][sql] SELECT * FROM `carver_notice` ORDER BY `create_time` DESC LIMIT 3 [ RunTime:0.000302s ]
[2021-04-19T10:52:43+08:00][sql] SHOW FULL COLUMNS FROM `carver_navigation` [ RunTime:0.000517s ]
[2021-04-19T10:52:43+08:00][sql] SELECT * FROM `carver_navigation` [ RunTime:0.000262s ]
[2021-04-19T10:52:43+08:00][sql] SHOW FULL COLUMNS FROM `carver_link` [ RunTime:0.000653s ]
[2021-04-19T10:52:43+08:00][sql] SELECT * FROM `carver_link` WHERE  ( is_confirm=2 ) LIMIT 20 [ RunTime:0.000329s ]
[2021-04-19T10:52:43+08:00][sql] SELECT `article_label` FROM `carver_article` [ RunTime:0.000307s ]
[2021-04-19T10:52:43+08:00][sql] SHOW FULL COLUMNS FROM `carver_carouse` [ RunTime:0.000483s ]
[2021-04-19T10:52:43+08:00][sql] SELECT `carouse_img`,`carouse_desc` FROM `carver_carouse` WHERE  `is_show` = 1 ORDER BY `carouse_sort` DESC LIMIT 3 [ RunTime:0.000329s ]
[2021-04-19T10:52:43+08:00][sql] SHOW FULL COLUMNS FROM `carver_site` [ RunTime:0.000497s ]
[2021-04-19T10:52:43+08:00][sql] SELECT * FROM `carver_site` [ RunTime:0.000270s ]
[2021-04-19T11:33:30+08:00][sql] CONNECT:[ UseTime:0.000504s ] mysql:host=127.0.0.1;port=3306;dbname=carver;charset=utf8
[2021-04-19T11:33:30+08:00][sql] SHOW FULL COLUMNS FROM `carver_article` [ RunTime:0.000911s ]
[2021-04-19T11:33:30+08:00][sql] SELECT COUNT(*) AS think_count FROM `carver_article` WHERE  `article_label` LIKE '%javascript%'  AND `delete_time` = 0  AND `is_show` = 1 [ RunTime:0.000397s ]
[2021-04-19T11:33:30+08:00][sql] SELECT * FROM `carver_article` WHERE  `article_label` LIKE '%javascript%'  AND `delete_time` = 0  AND `is_show` = 1 LIMIT 0,6 [ RunTime:0.000927s ]
[2021-04-19T11:33:30+08:00][sql] SELECT article_id,article_title,click_num,FROM_UNIXTIME(add_time,'%Y-%m-%d') as add_time FROM `carver_article` WHERE  `is_show` = 1  AND `delete_time` = 0 ORDER BY `click_num` DESC LIMIT 3 [ RunTime:0.000499s ]
[2021-04-19T11:33:30+08:00][sql] SHOW FULL COLUMNS FROM `carver_notice` [ RunTime:0.000545s ]
[2021-04-19T11:33:30+08:00][sql] SELECT * FROM `carver_notice` ORDER BY `create_time` DESC LIMIT 3 [ RunTime:0.000322s ]
[2021-04-19T11:33:30+08:00][sql] SHOW FULL COLUMNS FROM `carver_navigation` [ RunTime:0.000516s ]
[2021-04-19T11:33:30+08:00][sql] SELECT * FROM `carver_navigation` [ RunTime:0.000256s ]
[2021-04-19T11:33:30+08:00][sql] SHOW FULL COLUMNS FROM `carver_link` [ RunTime:0.000496s ]
[2021-04-19T11:33:30+08:00][sql] SELECT * FROM `carver_link` WHERE  ( is_confirm=2 ) LIMIT 20 [ RunTime:0.000260s ]
[2021-04-19T11:33:30+08:00][sql] SELECT `article_label` FROM `carver_article` [ RunTime:0.000252s ]
[2021-04-19T11:33:30+08:00][sql] SHOW FULL COLUMNS FROM `carver_carouse` [ RunTime:0.000452s ]
[2021-04-19T11:33:30+08:00][sql] SELECT `carouse_img`,`carouse_desc` FROM `carver_carouse` WHERE  `is_show` = 1 ORDER BY `carouse_sort` DESC LIMIT 3 [ RunTime:0.000292s ]
[2021-04-19T11:33:30+08:00][sql] SHOW FULL COLUMNS FROM `carver_site` [ RunTime:0.000455s ]
[2021-04-19T11:33:30+08:00][sql] SELECT * FROM `carver_site` [ RunTime:0.000266s ]
[2021-04-19T11:42:21+08:00][sql] CONNECT:[ UseTime:0.000506s ] mysql:host=127.0.0.1;port=3306;dbname=carver;charset=utf8
[2021-04-19T11:42:21+08:00][sql] SHOW FULL COLUMNS FROM `carver_article` [ RunTime:0.000912s ]
[2021-04-19T11:42:21+08:00][sql] SELECT COUNT(*) AS think_count FROM `carver_article` WHERE  `article_label` LIKE '%php;网络安全//%'  AND `delete_time` = 0  AND `is_show` = 1 [ RunTime:0.000482s ]
[2021-04-19T11:42:21+08:00][sql] SELECT * FROM `carver_article` WHERE  `article_label` LIKE '%php;网络安全//%'  AND `delete_time` = 0  AND `is_show` = 1 LIMIT 0,6 [ RunTime:0.000985s ]
[2021-04-19T11:42:21+08:00][sql] SELECT article_id,article_title,click_num,FROM_UNIXTIME(add_time,'%Y-%m-%d') as add_time FROM `carver_article` WHERE  `is_show` = 1  AND `delete_time` = 0 ORDER BY `click_num` DESC LIMIT 3 [ RunTime:0.000529s ]
[2021-04-19T11:42:21+08:00][sql] SHOW FULL COLUMNS FROM `carver_notice` [ RunTime:0.000699s ]
[2021-04-19T11:42:21+08:00][sql] SELECT * FROM `carver_notice` ORDER BY `create_time` DESC LIMIT 3 [ RunTime:0.000327s ]
[2021-04-19T11:42:21+08:00][sql] SHOW FULL COLUMNS FROM `carver_navigation` [ RunTime:0.000557s ]
[2021-04-19T11:42:21+08:00][sql] SELECT * FROM `carver_navigation` [ RunTime:0.000314s ]
[2021-04-19T11:42:21+08:00][sql] SHOW FULL COLUMNS FROM `carver_link` [ RunTime:0.000598s ]
[2021-04-19T11:42:21+08:00][sql] SELECT * FROM `carver_link` WHERE  ( is_confirm=2 ) LIMIT 20 [ RunTime:0.000362s ]
[2021-04-19T11:42:21+08:00][sql] SELECT `article_label` FROM `carver_article` [ RunTime:0.000311s ]
[2021-04-19T11:42:21+08:00][sql] SHOW FULL COLUMNS FROM `carver_carouse` [ RunTime:0.000611s ]
[2021-04-19T11:42:21+08:00][sql] SELECT `carouse_img`,`carouse_desc` FROM `carver_carouse` WHERE  `is_show` = 1 ORDER BY `carouse_sort` DESC LIMIT 3 [ RunTime:0.000336s ]
[2021-04-19T11:42:21+08:00][sql] SHOW FULL COLUMNS FROM `carver_site` [ RunTime:0.000560s ]
[2021-04-19T11:42:21+08:00][sql] SELECT * FROM `carver_site` [ RunTime:0.000333s ]
[2021-04-19T11:42:23+08:00][sql] CONNECT:[ UseTime:0.000520s ] mysql:host=127.0.0.1;port=3306;dbname=carver;charset=utf8
[2021-04-19T11:42:23+08:00][sql] SHOW FULL COLUMNS FROM `carver_article` [ RunTime:0.001009s ]
[2021-04-19T11:42:23+08:00][sql] SELECT COUNT(*) AS think_count FROM `carver_article` WHERE  `article_label` LIKE '%php;设计模式//%'  AND `delete_time` = 0  AND `is_show` = 1 [ RunTime:0.000501s ]
[2021-04-19T11:42:23+08:00][sql] SELECT * FROM `carver_article` WHERE  `article_label` LIKE '%php;设计模式//%'  AND `delete_time` = 0  AND `is_show` = 1 LIMIT 0,6 [ RunTime:0.000970s ]
[2021-04-19T11:42:23+08:00][sql] SELECT article_id,article_title,click_num,FROM_UNIXTIME(add_time,'%Y-%m-%d') as add_time FROM `carver_article` WHERE  `is_show` = 1  AND `delete_time` = 0 ORDER BY `click_num` DESC LIMIT 3 [ RunTime:0.000519s ]
[2021-04-19T11:42:23+08:00][sql] SHOW FULL COLUMNS FROM `carver_notice` [ RunTime:0.000741s ]
[2021-04-19T11:42:23+08:00][sql] SELECT * FROM `carver_notice` ORDER BY `create_time` DESC LIMIT 3 [ RunTime:0.000355s ]
[2021-04-19T11:42:23+08:00][sql] SHOW FULL COLUMNS FROM `carver_navigation` [ RunTime:0.000602s ]
[2021-04-19T11:42:23+08:00][sql] SELECT * FROM `carver_navigation` [ RunTime:0.000305s ]
[2021-04-19T11:42:23+08:00][sql] SHOW FULL COLUMNS FROM `carver_link` [ RunTime:0.000602s ]
[2021-04-19T11:42:23+08:00][sql] SELECT * FROM `carver_link` WHERE  ( is_confirm=2 ) LIMIT 20 [ RunTime:0.000386s ]
[2021-04-19T11:42:23+08:00][sql] SELECT `article_label` FROM `carver_article` [ RunTime:0.000309s ]
[2021-04-19T11:42:23+08:00][sql] SHOW FULL COLUMNS FROM `carver_carouse` [ RunTime:0.000609s ]
[2021-04-19T11:42:23+08:00][sql] SELECT `carouse_img`,`carouse_desc` FROM `carver_carouse` WHERE  `is_show` = 1 ORDER BY `carouse_sort` DESC LIMIT 3 [ RunTime:0.000334s ]
[2021-04-19T11:42:23+08:00][sql] SHOW FULL COLUMNS FROM `carver_site` [ RunTime:0.000649s ]
[2021-04-19T11:42:23+08:00][sql] SELECT * FROM `carver_site` [ RunTime:0.000292s ]
[2021-04-19T12:59:49+08:00][sql] CONNECT:[ UseTime:0.000807s ] mysql:host=127.0.0.1;port=3306;dbname=carver;charset=utf8
[2021-04-19T12:59:49+08:00][sql] SHOW FULL COLUMNS FROM `carver_article` [ RunTime:0.001144s ]
[2021-04-19T12:59:49+08:00][sql] SELECT `article_id`,`article_title`,`article_desc`,`article_content`,`article_img`,`article_guide`,`article_label`,`click_num`,`is_show`,`add_time`,`article_author` FROM `carver_article` WHERE  `article_id` = 26 LIMIT 1 [ RunTime:0.000549s ]
[2021-04-19T12:59:49+08:00][sql] SELECT `article_id`,`article_title`,`article_desc`,`article_content`,`article_img`,`article_guide`,`article_label`,`click_num`,`is_show`,`add_time`,`article_author` FROM `carver_article` WHERE  `article_id` > 26 LIMIT 1 [ RunTime:0.000392s ]
[2021-04-19T12:59:49+08:00][sql] SELECT `article_id`,`article_title`,`article_desc`,`article_content`,`article_img`,`article_guide`,`article_label`,`click_num`,`is_show`,`add_time`,`article_author` FROM `carver_article` WHERE  `article_id` < 26 ORDER BY `article_id` DESC LIMIT 1 [ RunTime:0.000409s ]
[2021-04-19T12:59:49+08:00][sql] SHOW FULL COLUMNS FROM `carver_link` [ RunTime:0.000632s ]
[2021-04-19T12:59:49+08:00][sql] SELECT * FROM `carver_link` WHERE  ( is_confirm=2 ) LIMIT 20 [ RunTime:0.000306s ]
[2021-04-19T12:59:49+08:00][sql] SELECT article_id,article_title,click_num,FROM_UNIXTIME(add_time,'%Y-%m-%d') as add_time FROM `carver_article` ORDER BY `click_num` DESC LIMIT 3 [ RunTime:0.000468s ]
[2021-04-19T12:59:49+08:00][sql] SHOW FULL COLUMNS FROM `carver_comment` [ RunTime:0.000814s ]
[2021-04-19T12:59:49+08:00][sql] SELECT `a`.*,`b`.`user_name` FROM `carver_comment` `a` INNER JOIN `carver_user` `b` ON `a`.`user_id`=`b`.`user_id` WHERE  `article_id` = 26 ORDER BY `create_time` DESC [ RunTime:0.000483s ]
[2021-04-19T12:59:49+08:00][sql] SHOW FULL COLUMNS FROM `carver_comment_to_others` [ RunTime:0.000553s ]
[2021-04-19T12:59:49+08:00][sql] SELECT * FROM `carver_comment_to_others` [ RunTime:0.000255s ]
[2021-04-19T12:59:49+08:00][sql] SHOW FULL COLUMNS FROM `carver_user` [ RunTime:0.000451s ]
[2021-04-19T12:59:49+08:00][sql] SELECT `user_name` FROM `carver_user` WHERE  `user_id` = 4 LIMIT 1 [ RunTime:0.000313s ]
[2021-04-19T12:59:49+08:00][sql] SELECT `user_name` FROM `carver_user` WHERE  `user_id` = 4 LIMIT 1 [ RunTime:0.000223s ]
[2021-04-19T12:59:49+08:00][sql] SELECT `user_name` FROM `carver_user` WHERE  `user_id` = 5 LIMIT 1 [ RunTime:0.000215s ]
[2021-04-19T12:59:49+08:00][sql] SELECT `user_name` FROM `carver_user` WHERE  `user_id` = 5 LIMIT 1 [ RunTime:0.000220s ]
[2021-04-19T12:59:49+08:00][sql] SELECT `user_name`,`user_id` FROM `carver_user` [ RunTime:0.000240s ]
[2021-04-19T12:59:49+08:00][sql] SHOW FULL COLUMNS FROM `carver_navigation` [ RunTime:0.000565s ]
[2021-04-19T12:59:49+08:00][sql] SELECT * FROM `carver_navigation` [ RunTime:0.000274s ]
[2021-04-19T12:59:49+08:00][sql] SELECT `article_label` FROM `carver_article` [ RunTime:0.000253s ]
[2021-04-19T13:47:18+08:00][sql] CONNECT:[ UseTime:0.011215s ] mysql:host=127.0.0.1;port=3306;dbname=carver;charset=utf8
[2021-04-19T13:47:18+08:00][sql] SHOW FULL COLUMNS FROM `carver_article` [ RunTime:0.000928s ]
[2021-04-19T13:47:18+08:00][sql] SELECT COUNT(*) AS think_count FROM `carver_article` WHERE  `article_label` LIKE '%javascript%'  AND `delete_time` = 0  AND `is_show` = 1 [ RunTime:0.000455s ]
[2021-04-19T13:47:18+08:00][sql] SELECT * FROM `carver_article` WHERE  `article_label` LIKE '%javascript%'  AND `delete_time` = 0  AND `is_show` = 1 LIMIT 0,6 [ RunTime:0.000795s ]
[2021-04-19T13:47:18+08:00][sql] SELECT article_id,article_title,click_num,FROM_UNIXTIME(add_time,'%Y-%m-%d') as add_time FROM `carver_article` WHERE  `is_show` = 1  AND `delete_time` = 0 ORDER BY `click_num` DESC LIMIT 3 [ RunTime:0.000448s ]
[2021-04-19T13:47:18+08:00][sql] SHOW FULL COLUMNS FROM `carver_notice` [ RunTime:0.000732s ]
[2021-04-19T13:47:18+08:00][sql] SELECT * FROM `carver_notice` ORDER BY `create_time` DESC LIMIT 3 [ RunTime:0.000313s ]
[2021-04-19T13:47:18+08:00][sql] SHOW FULL COLUMNS FROM `carver_navigation` [ RunTime:0.000527s ]
[2021-04-19T13:47:18+08:00][sql] SELECT * FROM `carver_navigation` [ RunTime:0.000245s ]
[2021-04-19T13:47:18+08:00][sql] SHOW FULL COLUMNS FROM `carver_link` [ RunTime:0.000662s ]
[2021-04-19T13:47:18+08:00][sql] SELECT * FROM `carver_link` WHERE  ( is_confirm=2 ) LIMIT 20 [ RunTime:0.000302s ]
[2021-04-19T13:47:18+08:00][sql] SELECT `article_label` FROM `carver_article` [ RunTime:0.000267s ]
[2021-04-19T13:47:18+08:00][sql] SHOW FULL COLUMNS FROM `carver_carouse` [ RunTime:0.000533s ]
[2021-04-19T13:47:18+08:00][sql] SELECT `carouse_img`,`carouse_desc` FROM `carver_carouse` WHERE  `is_show` = 1 ORDER BY `carouse_sort` DESC LIMIT 3 [ RunTime:0.000348s ]
[2021-04-19T13:47:18+08:00][sql] SHOW FULL COLUMNS FROM `carver_site` [ RunTime:0.000517s ]
[2021-04-19T13:47:18+08:00][sql] SELECT * FROM `carver_site` [ RunTime:0.000262s ]
[2021-04-19T14:45:55+08:00][sql] CONNECT:[ UseTime:0.000660s ] mysql:host=127.0.0.1;port=3306;dbname=carver;charset=utf8
[2021-04-19T14:45:55+08:00][sql] SHOW FULL COLUMNS FROM `carver_user` [ RunTime:0.001070s ]
[2021-04-19T14:45:55+08:00][sql] SHOW FULL COLUMNS FROM `carver_article` [ RunTime:0.000810s ]
[2021-04-19T14:45:55+08:00][sql] SELECT COUNT(*) AS think_count FROM `carver_article` WHERE  `delete_time` = 0  AND `is_show` = 1 [ RunTime:0.000457s ]
[2021-04-19T14:45:55+08:00][sql] SELECT `article_id`,`article_title`,`article_desc`,`article_content`,`article_img`,`article_guide`,`article_label`,`click_num`,`is_show`,`add_time`,`article_author`,`is_top_show` FROM `carver_article` WHERE  `delete_time` = 0  AND `is_show` = 1 ORDER BY `article_id` DESC LIMIT 0,6 [ RunTime:0.000732s ]
[2021-04-19T14:45:55+08:00][sql] SELECT article_id,article_title,click_num,FROM_UNIXTIME(add_time,'%Y-%m-%d') as add_time FROM `carver_article` WHERE  `is_show` = 1  AND `delete_time` = 0 ORDER BY `click_num` DESC LIMIT 3 [ RunTime:0.000541s ]
[2021-04-19T14:45:55+08:00][sql] SHOW FULL COLUMNS FROM `carver_notice` [ RunTime:0.000659s ]
[2021-04-19T14:45:55+08:00][sql] SELECT * FROM `carver_notice` ORDER BY `create_time` DESC LIMIT 3 [ RunTime:0.000345s ]
[2021-04-19T14:45:55+08:00][sql] SHOW FULL COLUMNS FROM `carver_navigation` [ RunTime:0.000712s ]
[2021-04-19T14:45:55+08:00][sql] SELECT * FROM `carver_navigation` [ RunTime:0.000300s ]
[2021-04-19T14:45:55+08:00][sql] SHOW FULL COLUMNS FROM `carver_link` [ RunTime:0.000621s ]
[2021-04-19T14:45:55+08:00][sql] SELECT * FROM `carver_link` WHERE  ( is_confirm=2 ) LIMIT 20 [ RunTime:0.000347s ]
[2021-04-19T14:45:55+08:00][sql] SELECT `article_label` FROM `carver_article` [ RunTime:0.000316s ]
[2021-04-19T14:45:55+08:00][sql] SHOW FULL COLUMNS FROM `carver_carouse` [ RunTime:0.000604s ]
[2021-04-19T14:45:55+08:00][sql] SELECT `carouse_img`,`carouse_desc` FROM `carver_carouse` WHERE  `is_show` = 1 ORDER BY `carouse_sort` DESC LIMIT 3 [ RunTime:0.000352s ]
[2021-04-19T14:45:55+08:00][sql] SHOW FULL COLUMNS FROM `carver_site` [ RunTime:0.000617s ]
[2021-04-19T14:45:55+08:00][sql] SELECT * FROM `carver_site` [ RunTime:0.000294s ]
[2021-04-19T14:57:47+08:00][sql] CONNECT:[ UseTime:0.000511s ] mysql:host=127.0.0.1;port=3306;dbname=carver;charset=utf8
[2021-04-19T14:57:47+08:00][sql] SHOW FULL COLUMNS FROM `carver_user` [ RunTime:0.000788s ]
[2021-04-19T14:57:47+08:00][sql] SHOW FULL COLUMNS FROM `carver_article` [ RunTime:0.000671s ]
[2021-04-19T14:57:47+08:00][sql] SELECT COUNT(*) AS think_count FROM `carver_article` WHERE  `delete_time` = 0  AND `is_show` = 1 [ RunTime:0.000387s ]
[2021-04-19T14:57:47+08:00][sql] SELECT `article_id`,`article_title`,`article_desc`,`article_content`,`article_img`,`article_guide`,`article_label`,`click_num`,`is_show`,`add_time`,`article_author`,`is_top_show` FROM `carver_article` WHERE  `delete_time` = 0  AND `is_show` = 1 ORDER BY `article_id` DESC LIMIT 0,6 [ RunTime:0.000604s ]
[2021-04-19T14:57:47+08:00][sql] SELECT article_id,article_title,click_num,FROM_UNIXTIME(add_time,'%Y-%m-%d') as add_time FROM `carver_article` WHERE  `is_show` = 1  AND `delete_time` = 0 ORDER BY `click_num` DESC LIMIT 3 [ RunTime:0.000387s ]
[2021-04-19T14:57:47+08:00][sql] SHOW FULL COLUMNS FROM `carver_notice` [ RunTime:0.000529s ]
[2021-04-19T14:57:47+08:00][sql] SELECT * FROM `carver_notice` ORDER BY `create_time` DESC LIMIT 3 [ RunTime:0.000296s ]
[2021-04-19T14:57:47+08:00][sql] SHOW FULL COLUMNS FROM `carver_navigation` [ RunTime:0.000558s ]
[2021-04-19T14:57:47+08:00][sql] SELECT * FROM `carver_navigation` [ RunTime:0.000243s ]
[2021-04-19T14:57:47+08:00][sql] SHOW FULL COLUMNS FROM `carver_link` [ RunTime:0.000478s ]
[2021-04-19T14:57:47+08:00][sql] SELECT * FROM `carver_link` WHERE  ( is_confirm=2 ) LIMIT 20 [ RunTime:0.000288s ]
[2021-04-19T14:57:47+08:00][sql] SELECT `article_label` FROM `carver_article` [ RunTime:0.000262s ]
[2021-04-19T14:57:47+08:00][sql] SHOW FULL COLUMNS FROM `carver_carouse` [ RunTime:0.000495s ]
[2021-04-19T14:57:47+08:00][sql] SELECT `carouse_img`,`carouse_desc` FROM `carver_carouse` WHERE  `is_show` = 1 ORDER BY `carouse_sort` DESC LIMIT 3 [ RunTime:0.000276s ]
[2021-04-19T14:57:47+08:00][sql] SHOW FULL COLUMNS FROM `carver_site` [ RunTime:0.000494s ]
[2021-04-19T14:57:47+08:00][sql] SELECT * FROM `carver_site` [ RunTime:0.000243s ]
[2021-04-19T15:20:07+08:00][sql] CONNECT:[ UseTime:0.000489s ] mysql:host=127.0.0.1;port=3306;dbname=carver;charset=utf8
[2021-04-19T15:20:07+08:00][sql] SHOW FULL COLUMNS FROM `carver_user` [ RunTime:0.000776s ]
[2021-04-19T15:20:07+08:00][sql] SHOW FULL COLUMNS FROM `carver_article` [ RunTime:0.000664s ]
[2021-04-19T15:20:07+08:00][sql] SELECT COUNT(*) AS think_count FROM `carver_article` WHERE  `delete_time` = 0  AND `is_show` = 1 [ RunTime:0.000439s ]
[2021-04-19T15:20:07+08:00][sql] SELECT `article_id`,`article_title`,`article_desc`,`article_content`,`article_img`,`article_guide`,`article_label`,`click_num`,`is_show`,`add_time`,`article_author`,`is_top_show` FROM `carver_article` WHERE  `delete_time` = 0  AND `is_show` = 1 ORDER BY `article_id` DESC LIMIT 0,6 [ RunTime:0.000745s ]
[2021-04-19T15:20:07+08:00][sql] SELECT article_id,article_title,click_num,FROM_UNIXTIME(add_time,'%Y-%m-%d') as add_time FROM `carver_article` WHERE  `is_show` = 1  AND `delete_time` = 0 ORDER BY `click_num` DESC LIMIT 3 [ RunTime:0.000404s ]
[2021-04-19T15:20:07+08:00][sql] SHOW FULL COLUMNS FROM `carver_notice` [ RunTime:0.000503s ]
[2021-04-19T15:20:07+08:00][sql] SELECT * FROM `carver_notice` ORDER BY `create_time` DESC LIMIT 3 [ RunTime:0.000270s ]
[2021-04-19T15:20:07+08:00][sql] SHOW FULL COLUMNS FROM `carver_navigation` [ RunTime:0.000519s ]
[2021-04-19T15:20:07+08:00][sql] SELECT * FROM `carver_navigation` [ RunTime:0.000246s ]
[2021-04-19T15:20:07+08:00][sql] SHOW FULL COLUMNS FROM `carver_link` [ RunTime:0.000494s ]
[2021-04-19T15:20:07+08:00][sql] SELECT * FROM `carver_link` WHERE  ( is_confirm=2 ) LIMIT 20 [ RunTime:0.000280s ]
[2021-04-19T15:20:07+08:00][sql] SELECT `article_label` FROM `carver_article` [ RunTime:0.000265s ]
[2021-04-19T15:20:07+08:00][sql] SHOW FULL COLUMNS FROM `carver_carouse` [ RunTime:0.000461s ]
[2021-04-19T15:20:07+08:00][sql] SELECT `carouse_img`,`carouse_desc` FROM `carver_carouse` WHERE  `is_show` = 1 ORDER BY `carouse_sort` DESC LIMIT 3 [ RunTime:0.000289s ]
[2021-04-19T15:20:07+08:00][sql] SHOW FULL COLUMNS FROM `carver_site` [ RunTime:0.000529s ]
[2021-04-19T15:20:07+08:00][sql] SELECT * FROM `carver_site` [ RunTime:0.000238s ]
[2021-04-19T15:35:45+08:00][sql] CONNECT:[ UseTime:0.000478s ] mysql:host=127.0.0.1;port=3306;dbname=carver;charset=utf8
[2021-04-19T15:35:45+08:00][sql] SHOW FULL COLUMNS FROM `carver_user` [ RunTime:0.000795s ]
[2021-04-19T15:35:45+08:00][sql] SHOW FULL COLUMNS FROM `carver_article` [ RunTime:0.000660s ]
[2021-04-19T15:35:45+08:00][sql] SELECT COUNT(*) AS think_count FROM `carver_article` WHERE  `delete_time` = 0  AND `is_show` = 1 [ RunTime:0.000383s ]
[2021-04-19T15:35:45+08:00][sql] SELECT `article_id`,`article_title`,`article_desc`,`article_content`,`article_img`,`article_guide`,`article_label`,`click_num`,`is_show`,`add_time`,`article_author`,`is_top_show` FROM `carver_article` WHERE  `delete_time` = 0  AND `is_show` = 1 ORDER BY `article_id` DESC LIMIT 0,6 [ RunTime:0.000587s ]
[2021-04-19T15:35:45+08:00][sql] SELECT article_id,article_title,click_num,FROM_UNIXTIME(add_time,'%Y-%m-%d') as add_time FROM `carver_article` WHERE  `is_show` = 1  AND `delete_time` = 0 ORDER BY `click_num` DESC LIMIT 3 [ RunTime:0.000405s ]
[2021-04-19T15:35:45+08:00][sql] SHOW FULL COLUMNS FROM `carver_notice` [ RunTime:0.000537s ]
[2021-04-19T15:35:45+08:00][sql] SELECT * FROM `carver_notice` ORDER BY `create_time` DESC LIMIT 3 [ RunTime:0.000253s ]
[2021-04-19T15:35:45+08:00][sql] SHOW FULL COLUMNS FROM `carver_navigation` [ RunTime:0.000491s ]
[2021-04-19T15:35:45+08:00][sql] SELECT * FROM `carver_navigation` [ RunTime:0.000225s ]
[2021-04-19T15:35:45+08:00][sql] SHOW FULL COLUMNS FROM `carver_link` [ RunTime:0.000487s ]
[2021-04-19T15:35:45+08:00][sql] SELECT * FROM `carver_link` WHERE  ( is_confirm=2 ) LIMIT 20 [ RunTime:0.000272s ]
[2021-04-19T15:35:45+08:00][sql] SELECT `article_label` FROM `carver_article` [ RunTime:0.000244s ]
[2021-04-19T15:35:45+08:00][sql] SHOW FULL COLUMNS FROM `carver_carouse` [ RunTime:0.000453s ]
[2021-04-19T15:35:45+08:00][sql] SELECT `carouse_img`,`carouse_desc` FROM `carver_carouse` WHERE  `is_show` = 1 ORDER BY `carouse_sort` DESC LIMIT 3 [ RunTime:0.000289s ]
[2021-04-19T15:35:45+08:00][sql] SHOW FULL COLUMNS FROM `carver_site` [ RunTime:0.000471s ]
[2021-04-19T15:35:45+08:00][sql] SELECT * FROM `carver_site` [ RunTime:0.000229s ]
[2021-04-19T16:48:47+08:00][sql] CONNECT:[ UseTime:0.000525s ] mysql:host=127.0.0.1;port=3306;dbname=carver;charset=utf8
[2021-04-19T16:48:47+08:00][sql] SHOW FULL COLUMNS FROM `carver_article` [ RunTime:0.000859s ]
[2021-04-19T16:48:47+08:00][sql] SELECT COUNT(*) AS think_count FROM `carver_article` WHERE  `article_label` LIKE '%swoole%'  AND `delete_time` = 0  AND `is_show` = 1 [ RunTime:0.000390s ]
[2021-04-19T16:48:47+08:00][sql] SELECT * FROM `carver_article` WHERE  `article_label` LIKE '%swoole%'  AND `delete_time` = 0  AND `is_show` = 1 LIMIT 0,6 [ RunTime:0.001195s ]
[2021-04-19T16:48:47+08:00][sql] SELECT article_id,article_title,click_num,FROM_UNIXTIME(add_time,'%Y-%m-%d') as add_time FROM `carver_article` WHERE  `is_show` = 1  AND `delete_time` = 0 ORDER BY `click_num` DESC LIMIT 3 [ RunTime:0.000413s ]
[2021-04-19T16:48:47+08:00][sql] SHOW FULL COLUMNS FROM `carver_notice` [ RunTime:0.000568s ]
[2021-04-19T16:48:47+08:00][sql] SELECT * FROM `carver_notice` ORDER BY `create_time` DESC LIMIT 3 [ RunTime:0.000271s ]
[2021-04-19T16:48:47+08:00][sql] SHOW FULL COLUMNS FROM `carver_navigation` [ RunTime:0.000583s ]
[2021-04-19T16:48:47+08:00][sql] SELECT * FROM `carver_navigation` [ RunTime:0.000248s ]
[2021-04-19T16:48:47+08:00][sql] SHOW FULL COLUMNS FROM `carver_link` [ RunTime:0.000507s ]
[2021-04-19T16:48:47+08:00][sql] SELECT * FROM `carver_link` WHERE  ( is_confirm=2 ) LIMIT 20 [ RunTime:0.000264s ]
[2021-04-19T16:48:47+08:00][sql] SELECT `article_label` FROM `carver_article` [ RunTime:0.000274s ]
[2021-04-19T16:48:47+08:00][sql] SHOW FULL COLUMNS FROM `carver_carouse` [ RunTime:0.000477s ]
[2021-04-19T16:48:47+08:00][sql] SELECT `carouse_img`,`carouse_desc` FROM `carver_carouse` WHERE  `is_show` = 1 ORDER BY `carouse_sort` DESC LIMIT 3 [ RunTime:0.000311s ]
[2021-04-19T16:48:47+08:00][sql] SHOW FULL COLUMNS FROM `carver_site` [ RunTime:0.000521s ]
[2021-04-19T16:48:47+08:00][sql] SELECT * FROM `carver_site` [ RunTime:0.000239s ]
[2021-04-19T17:02:44+08:00][sql] CONNECT:[ UseTime:0.000589s ] mysql:host=127.0.0.1;port=3306;dbname=carver;charset=utf8
[2021-04-19T17:02:44+08:00][sql] SHOW FULL COLUMNS FROM `carver_user` [ RunTime:0.000823s ]
[2021-04-19T17:02:44+08:00][sql] SHOW FULL COLUMNS FROM `carver_article` [ RunTime:0.000738s ]
[2021-04-19T17:02:44+08:00][sql] SELECT COUNT(*) AS think_count FROM `carver_article` WHERE  `delete_time` = 0  AND `is_show` = 1 [ RunTime:0.000390s ]
[2021-04-19T17:02:44+08:00][sql] SELECT `article_id`,`article_title`,`article_desc`,`article_content`,`article_img`,`article_guide`,`article_label`,`click_num`,`is_show`,`add_time`,`article_author`,`is_top_show` FROM `carver_article` WHERE  `delete_time` = 0  AND `is_show` = 1 ORDER BY `article_id` DESC LIMIT 0,6 [ RunTime:0.000696s ]
[2021-04-19T17:02:44+08:00][sql] SELECT article_id,article_title,click_num,FROM_UNIXTIME(add_time,'%Y-%m-%d') as add_time FROM `carver_article` WHERE  `is_show` = 1  AND `delete_time` = 0 ORDER BY `click_num` DESC LIMIT 3 [ RunTime:0.000485s ]
[2021-04-19T17:02:44+08:00][sql] SHOW FULL COLUMNS FROM `carver_notice` [ RunTime:0.000647s ]
[2021-04-19T17:02:44+08:00][sql] SELECT * FROM `carver_notice` ORDER BY `create_time` DESC LIMIT 3 [ RunTime:0.000329s ]
[2021-04-19T17:02:44+08:00][sql] SHOW FULL COLUMNS FROM `carver_navigation` [ RunTime:0.000649s ]
[2021-04-19T17:02:44+08:00][sql] SELECT * FROM `carver_navigation` [ RunTime:0.000264s ]
[2021-04-19T17:02:44+08:00][sql] SHOW FULL COLUMNS FROM `carver_link` [ RunTime:0.000537s ]
[2021-04-19T17:02:44+08:00][sql] SELECT * FROM `carver_link` WHERE  ( is_confirm=2 ) LIMIT 20 [ RunTime:0.000334s ]
[2021-04-19T17:02:44+08:00][sql] SELECT `article_label` FROM `carver_article` [ RunTime:0.000262s ]
[2021-04-19T17:02:44+08:00][sql] SHOW FULL COLUMNS FROM `carver_carouse` [ RunTime:0.000614s ]
[2021-04-19T17:02:44+08:00][sql] SELECT `carouse_img`,`carouse_desc` FROM `carver_carouse` WHERE  `is_show` = 1 ORDER BY `carouse_sort` DESC LIMIT 3 [ RunTime:0.000295s ]
[2021-04-19T17:02:44+08:00][sql] SHOW FULL COLUMNS FROM `carver_site` [ RunTime:0.000621s ]
[2021-04-19T17:02:44+08:00][sql] SELECT * FROM `carver_site` [ RunTime:0.000231s ]
[2021-04-19T17:29:16+08:00][sql] CONNECT:[ UseTime:0.000456s ] mysql:host=127.0.0.1;port=3306;dbname=carver;charset=utf8
[2021-04-19T17:29:16+08:00][sql] SHOW FULL COLUMNS FROM `carver_user` [ RunTime:0.000787s ]
[2021-04-19T17:29:16+08:00][sql] SHOW FULL COLUMNS FROM `carver_article` [ RunTime:0.000672s ]
[2021-04-19T17:29:16+08:00][sql] SELECT COUNT(*) AS think_count FROM `carver_article` WHERE  `delete_time` = 0  AND `is_show` = 1 [ RunTime:0.000357s ]
[2021-04-19T17:29:16+08:00][sql] SELECT `article_id`,`article_title`,`article_desc`,`article_content`,`article_img`,`article_guide`,`article_label`,`click_num`,`is_show`,`add_time`,`article_author`,`is_top_show` FROM `carver_article` WHERE  `delete_time` = 0  AND `is_show` = 1 ORDER BY `article_id` DESC LIMIT 0,6 [ RunTime:0.000610s ]
[2021-04-19T17:29:16+08:00][sql] SELECT article_id,article_title,click_num,FROM_UNIXTIME(add_time,'%Y-%m-%d') as add_time FROM `carver_article` WHERE  `is_show` = 1  AND `delete_time` = 0 ORDER BY `click_num` DESC LIMIT 3 [ RunTime:0.000543s ]
[2021-04-19T17:29:16+08:00][sql] SHOW FULL COLUMNS FROM `carver_notice` [ RunTime:0.000502s ]
[2021-04-19T17:29:16+08:00][sql] SELECT * FROM `carver_notice` ORDER BY `create_time` DESC LIMIT 3 [ RunTime:0.000256s ]
[2021-04-19T17:29:16+08:00][sql] SHOW FULL COLUMNS FROM `carver_navigation` [ RunTime:0.000543s ]
[2021-04-19T17:29:16+08:00][sql] SELECT * FROM `carver_navigation` [ RunTime:0.000230s ]
[2021-04-19T17:29:16+08:00][sql] SHOW FULL COLUMNS FROM `carver_link` [ RunTime:0.000479s ]
[2021-04-19T17:29:16+08:00][sql] SELECT * FROM `carver_link` WHERE  ( is_confirm=2 ) LIMIT 20 [ RunTime:0.000285s ]
[2021-04-19T17:29:16+08:00][sql] SELECT `article_label` FROM `carver_article` [ RunTime:0.000264s ]
[2021-04-19T17:29:16+08:00][sql] SHOW FULL COLUMNS FROM `carver_carouse` [ RunTime:0.000442s ]
[2021-04-19T17:29:16+08:00][sql] SELECT `carouse_img`,`carouse_desc` FROM `carver_carouse` WHERE  `is_show` = 1 ORDER BY `carouse_sort` DESC LIMIT 3 [ RunTime:0.000294s ]
[2021-04-19T17:29:16+08:00][sql] SHOW FULL COLUMNS FROM `carver_site` [ RunTime:0.000460s ]
[2021-04-19T17:29:16+08:00][sql] SELECT * FROM `carver_site` [ RunTime:0.000244s ]
[2021-04-19T17:58:57+08:00][sql] CONNECT:[ UseTime:0.000516s ] mysql:host=127.0.0.1;port=3306;dbname=carver;charset=utf8
[2021-04-19T17:58:57+08:00][sql] SHOW FULL COLUMNS FROM `carver_article` [ RunTime:0.000879s ]
[2021-04-19T17:58:57+08:00][sql] SELECT COUNT(*) AS think_count FROM `carver_article` WHERE  `article_guide` = 7  AND `delete_time` = 0  AND `is_show` = 1 [ RunTime:0.000437s ]
[2021-04-19T17:58:57+08:00][sql] SELECT * FROM `carver_article` WHERE  `article_guide` = 7  AND `delete_time` = 0  AND `is_show` = 1 ORDER BY `add_time` DESC LIMIT 0,6 [ RunTime:0.000412s ]
[2021-04-19T17:58:57+08:00][sql] SELECT article_id,article_title,click_num,FROM_UNIXTIME(add_time,'%Y-%m-%d') as add_time FROM `carver_article` WHERE  `is_show` = 1  AND `delete_time` = 0 ORDER BY `click_num` DESC LIMIT 3 [ RunTime:0.000406s ]
[2021-04-19T17:58:57+08:00][sql] SHOW FULL COLUMNS FROM `carver_notice` [ RunTime:0.000580s ]
[2021-04-19T17:58:57+08:00][sql] SELECT * FROM `carver_notice` ORDER BY `create_time` DESC LIMIT 3 [ RunTime:0.000276s ]
[2021-04-19T17:58:57+08:00][sql] SHOW FULL COLUMNS FROM `carver_navigation` [ RunTime:0.000622s ]
[2021-04-19T17:58:57+08:00][sql] SELECT * FROM `carver_navigation` [ RunTime:0.000301s ]
[2021-04-19T17:58:57+08:00][sql] SELECT `article_label` FROM `carver_article` [ RunTime:0.000247s ]
[2021-04-19T17:58:57+08:00][sql] SHOW FULL COLUMNS FROM `carver_carouse` [ RunTime:0.000540s ]
[2021-04-19T17:58:57+08:00][sql] SELECT `carouse_img`,`carouse_desc` FROM `carver_carouse` WHERE  `is_show` = 1 ORDER BY `carouse_sort` DESC LIMIT 3 [ RunTime:0.000303s ]
[2021-04-19T17:58:57+08:00][sql] SHOW FULL COLUMNS FROM `carver_link` [ RunTime:0.000587s ]
[2021-04-19T17:58:57+08:00][sql] SELECT * FROM `carver_link` WHERE  ( is_confirm=2 ) LIMIT 20 [ RunTime:0.000302s ]
[2021-04-19T17:58:57+08:00][sql] SHOW FULL COLUMNS FROM `carver_site` [ RunTime:0.000507s ]
[2021-04-19T17:58:57+08:00][sql] SELECT * FROM `carver_site` [ RunTime:0.000242s ]
[2021-04-19T18:49:26+08:00][sql] CONNECT:[ UseTime:0.000639s ] mysql:host=127.0.0.1;port=3306;dbname=carver;charset=utf8
[2021-04-19T18:49:26+08:00][sql] SHOW FULL COLUMNS FROM `carver_article` [ RunTime:0.000859s ]
[2021-04-19T18:49:26+08:00][sql] SELECT COUNT(*) AS think_count FROM `carver_article` WHERE  `article_label` LIKE '%git%'  AND `delete_time` = 0  AND `is_show` = 1 [ RunTime:0.000439s ]
[2021-04-19T18:49:26+08:00][sql] SELECT * FROM `carver_article` WHERE  `article_label` LIKE '%git%'  AND `delete_time` = 0  AND `is_show` = 1 LIMIT 0,6 [ RunTime:0.001050s ]
[2021-04-19T18:49:26+08:00][sql] SELECT article_id,article_title,click_num,FROM_UNIXTIME(add_time,'%Y-%m-%d') as add_time FROM `carver_article` WHERE  `is_show` = 1  AND `delete_time` = 0 ORDER BY `click_num` DESC LIMIT 3 [ RunTime:0.000520s ]
[2021-04-19T18:49:26+08:00][sql] SHOW FULL COLUMNS FROM `carver_notice` [ RunTime:0.000627s ]
[2021-04-19T18:49:26+08:00][sql] SELECT * FROM `carver_notice` ORDER BY `create_time` DESC LIMIT 3 [ RunTime:0.000342s ]
[2021-04-19T18:49:26+08:00][sql] SHOW FULL COLUMNS FROM `carver_navigation` [ RunTime:0.000557s ]
[2021-04-19T18:49:26+08:00][sql] SELECT * FROM `carver_navigation` [ RunTime:0.000263s ]
[2021-04-19T18:49:26+08:00][sql] SHOW FULL COLUMNS FROM `carver_link` [ RunTime:0.000825s ]
[2021-04-19T18:49:26+08:00][sql] SELECT * FROM `carver_link` WHERE  ( is_confirm=2 ) LIMIT 20 [ RunTime:0.000310s ]
[2021-04-19T18:49:26+08:00][sql] SELECT `article_label` FROM `carver_article` [ RunTime:0.000258s ]
[2021-04-19T18:49:26+08:00][sql] SHOW FULL COLUMNS FROM `carver_carouse` [ RunTime:0.000500s ]
[2021-04-19T18:49:26+08:00][sql] SELECT `carouse_img`,`carouse_desc` FROM `carver_carouse` WHERE  `is_show` = 1 ORDER BY `carouse_sort` DESC LIMIT 3 [ RunTime:0.000353s ]
[2021-04-19T18:49:26+08:00][sql] SHOW FULL COLUMNS FROM `carver_site` [ RunTime:0.000493s ]
[2021-04-19T18:49:26+08:00][sql] SELECT * FROM `carver_site` [ RunTime:0.000248s ]
[2021-04-19T18:59:27+08:00][sql] CONNECT:[ UseTime:0.000519s ] mysql:host=127.0.0.1;port=3306;dbname=carver;charset=utf8
[2021-04-19T18:59:27+08:00][sql] SHOW FULL COLUMNS FROM `carver_article` [ RunTime:0.000910s ]
[2021-04-19T18:59:27+08:00][sql] SELECT COUNT(*) AS think_count FROM `carver_article` WHERE  `article_label` LIKE '%php;git%'  AND `delete_time` = 0  AND `is_show` = 1 [ RunTime:0.000401s ]
[2021-04-19T18:59:27+08:00][sql] SELECT * FROM `carver_article` WHERE  `article_label` LIKE '%php;git%'  AND `delete_time` = 0  AND `is_show` = 1 LIMIT 0,6 [ RunTime:0.000982s ]
[2021-04-19T18:59:27+08:00][sql] SELECT article_id,article_title,click_num,FROM_UNIXTIME(add_time,'%Y-%m-%d') as add_time FROM `carver_article` WHERE  `is_show` = 1  AND `delete_time` = 0 ORDER BY `click_num` DESC LIMIT 3 [ RunTime:0.000405s ]
[2021-04-19T18:59:27+08:00][sql] SHOW FULL COLUMNS FROM `carver_notice` [ RunTime:0.000581s ]
[2021-04-19T18:59:27+08:00][sql] SELECT * FROM `carver_notice` ORDER BY `create_time` DESC LIMIT 3 [ RunTime:0.000260s ]
[2021-04-19T18:59:27+08:00][sql] SHOW FULL COLUMNS FROM `carver_navigation` [ RunTime:0.000660s ]
[2021-04-19T18:59:27+08:00][sql] SELECT * FROM `carver_navigation` [ RunTime:0.000260s ]
[2021-04-19T18:59:27+08:00][sql] SHOW FULL COLUMNS FROM `carver_link` [ RunTime:0.000511s ]
[2021-04-19T18:59:27+08:00][sql] SELECT * FROM `carver_link` WHERE  ( is_confirm=2 ) LIMIT 20 [ RunTime:0.000279s ]
[2021-04-19T18:59:27+08:00][sql] SELECT `article_label` FROM `carver_article` [ RunTime:0.000261s ]
[2021-04-19T18:59:27+08:00][sql] SHOW FULL COLUMNS FROM `carver_carouse` [ RunTime:0.000467s ]
[2021-04-19T18:59:27+08:00][sql] SELECT `carouse_img`,`carouse_desc` FROM `carver_carouse` WHERE  `is_show` = 1 ORDER BY `carouse_sort` DESC LIMIT 3 [ RunTime:0.000296s ]
[2021-04-19T18:59:27+08:00][sql] SHOW FULL COLUMNS FROM `carver_site` [ RunTime:0.000468s ]
[2021-04-19T18:59:27+08:00][sql] SELECT * FROM `carver_site` [ RunTime:0.000241s ]
[2021-04-19T19:49:17+08:00][sql] CONNECT:[ UseTime:0.000647s ] mysql:host=127.0.0.1;port=3306;dbname=carver;charset=utf8
[2021-04-19T19:49:17+08:00][sql] SHOW FULL COLUMNS FROM `carver_user` [ RunTime:0.000840s ]
[2021-04-19T19:49:17+08:00][sql] SHOW FULL COLUMNS FROM `carver_article` [ RunTime:0.000807s ]
[2021-04-19T19:49:17+08:00][sql] SELECT COUNT(*) AS think_count FROM `carver_article` WHERE  `delete_time` = 0  AND `is_show` = 1 [ RunTime:0.000431s ]
[2021-04-19T19:49:17+08:00][sql] SELECT `article_id`,`article_title`,`article_desc`,`article_content`,`article_img`,`article_guide`,`article_label`,`click_num`,`is_show`,`add_time`,`article_author`,`is_top_show` FROM `carver_article` WHERE  `delete_time` = 0  AND `is_show` = 1 ORDER BY `article_id` DESC LIMIT 0,6 [ RunTime:0.000682s ]
[2021-04-19T19:49:17+08:00][sql] SELECT article_id,article_title,click_num,FROM_UNIXTIME(add_time,'%Y-%m-%d') as add_time FROM `carver_article` WHERE  `is_show` = 1  AND `delete_time` = 0 ORDER BY `click_num` DESC LIMIT 3 [ RunTime:0.000608s ]
[2021-04-19T19:49:17+08:00][sql] SHOW FULL COLUMNS FROM `carver_notice` [ RunTime:0.000793s ]
[2021-04-19T19:49:17+08:00][sql] SELECT * FROM `carver_notice` ORDER BY `create_time` DESC LIMIT 3 [ RunTime:0.000421s ]
[2021-04-19T19:49:17+08:00][sql] SHOW FULL COLUMNS FROM `carver_navigation` [ RunTime:0.000710s ]
[2021-04-19T19:49:17+08:00][sql] SELECT * FROM `carver_navigation` [ RunTime:0.000354s ]
[2021-04-19T19:49:17+08:00][sql] SHOW FULL COLUMNS FROM `carver_link` [ RunTime:0.000728s ]
[2021-04-19T19:49:17+08:00][sql] SELECT * FROM `carver_link` WHERE  ( is_confirm=2 ) LIMIT 20 [ RunTime:0.000310s ]
[2021-04-19T19:49:17+08:00][sql] SELECT `article_label` FROM `carver_article` [ RunTime:0.000262s ]
[2021-04-19T19:49:17+08:00][sql] SHOW FULL COLUMNS FROM `carver_carouse` [ RunTime:0.000529s ]
[2021-04-19T19:49:17+08:00][sql] SELECT `carouse_img`,`carouse_desc` FROM `carver_carouse` WHERE  `is_show` = 1 ORDER BY `carouse_sort` DESC LIMIT 3 [ RunTime:0.000305s ]
[2021-04-19T19:49:17+08:00][sql] SHOW FULL COLUMNS FROM `carver_site` [ RunTime:0.000594s ]
[2021-04-19T19:49:17+08:00][sql] SELECT * FROM `carver_site` [ RunTime:0.000250s ]
[2021-04-19T20:02:05+08:00][sql] CONNECT:[ UseTime:0.000544s ] mysql:host=127.0.0.1;port=3306;dbname=carver;charset=utf8
[2021-04-19T20:02:05+08:00][sql] SHOW FULL COLUMNS FROM `carver_article` [ RunTime:0.000821s ]
[2021-04-19T20:02:05+08:00][sql] SELECT COUNT(*) AS think_count FROM `carver_article` WHERE  `article_label` LIKE '%php%'  AND `delete_time` = 0  AND `is_show` = 1 [ RunTime:0.000406s ]
[2021-04-19T20:02:05+08:00][sql] SELECT * FROM `carver_article` WHERE  `article_label` LIKE '%php%'  AND `delete_time` = 0  AND `is_show` = 1 LIMIT 0,6 [ RunTime:0.001272s ]
[2021-04-19T20:02:05+08:00][sql] SELECT article_id,article_title,click_num,FROM_UNIXTIME(add_time,'%Y-%m-%d') as add_time FROM `carver_article` WHERE  `is_show` = 1  AND `delete_time` = 0 ORDER BY `click_num` DESC LIMIT 3 [ RunTime:0.000601s ]
[2021-04-19T20:02:05+08:00][sql] SHOW FULL COLUMNS FROM `carver_notice` [ RunTime:0.000623s ]
[2021-04-19T20:02:05+08:00][sql] SELECT * FROM `carver_notice` ORDER BY `create_time` DESC LIMIT 3 [ RunTime:0.000592s ]
[2021-04-19T20:02:05+08:00][sql] SHOW FULL COLUMNS FROM `carver_navigation` [ RunTime:0.000524s ]
[2021-04-19T20:02:05+08:00][sql] SELECT * FROM `carver_navigation` [ RunTime:0.000262s ]
[2021-04-19T20:02:05+08:00][sql] SHOW FULL COLUMNS FROM `carver_link` [ RunTime:0.000518s ]
[2021-04-19T20:02:05+08:00][sql] SELECT * FROM `carver_link` WHERE  ( is_confirm=2 ) LIMIT 20 [ RunTime:0.000275s ]
[2021-04-19T20:02:05+08:00][sql] SELECT `article_label` FROM `carver_article` [ RunTime:0.000248s ]
[2021-04-19T20:02:05+08:00][sql] SHOW FULL COLUMNS FROM `carver_carouse` [ RunTime:0.000560s ]
[2021-04-19T20:02:05+08:00][sql] SELECT `carouse_img`,`carouse_desc` FROM `carver_carouse` WHERE  `is_show` = 1 ORDER BY `carouse_sort` DESC LIMIT 3 [ RunTime:0.000285s ]
[2021-04-19T20:02:05+08:00][sql] SHOW FULL COLUMNS FROM `carver_site` [ RunTime:0.000558s ]
[2021-04-19T20:02:05+08:00][sql] SELECT * FROM `carver_site` [ RunTime:0.000226s ]
[2021-04-19T23:54:48+08:00][sql] CONNECT:[ UseTime:0.000761s ] mysql:host=127.0.0.1;port=3306;dbname=carver;charset=utf8
[2021-04-19T23:54:48+08:00][sql] SHOW FULL COLUMNS FROM `carver_article` [ RunTime:0.001366s ]
[2021-04-19T23:54:48+08:00][sql] SELECT `article_id`,`article_title`,`article_desc`,`article_content`,`article_img`,`article_guide`,`article_label`,`click_num`,`is_show`,`add_time`,`article_author` FROM `carver_article` WHERE  `article_id` = 23 LIMIT 1 [ RunTime:0.000677s ]
[2021-04-19T23:54:48+08:00][sql] SELECT `article_id`,`article_title`,`article_desc`,`article_content`,`article_img`,`article_guide`,`article_label`,`click_num`,`is_show`,`add_time`,`article_author` FROM `carver_article` WHERE  `article_id` > 23 LIMIT 1 [ RunTime:0.000570s ]
[2021-04-19T23:54:48+08:00][sql] SELECT `article_id`,`article_title`,`article_desc`,`article_content`,`article_img`,`article_guide`,`article_label`,`click_num`,`is_show`,`add_time`,`article_author` FROM `carver_article` WHERE  `article_id` < 23 ORDER BY `article_id` DESC LIMIT 1 [ RunTime:0.000530s ]
[2021-04-19T23:54:48+08:00][sql] SHOW FULL COLUMNS FROM `carver_link` [ RunTime:0.000632s ]
[2021-04-19T23:54:48+08:00][sql] SELECT * FROM `carver_link` WHERE  ( is_confirm=2 ) LIMIT 20 [ RunTime:0.000312s ]
[2021-04-19T23:54:48+08:00][sql] SELECT article_id,article_title,click_num,FROM_UNIXTIME(add_time,'%Y-%m-%d') as add_time FROM `carver_article` ORDER BY `click_num` DESC LIMIT 3 [ RunTime:0.000416s ]
[2021-04-19T23:54:48+08:00][sql] SHOW FULL COLUMNS FROM `carver_comment` [ RunTime:0.000820s ]
[2021-04-19T23:54:48+08:00][sql] SELECT `a`.*,`b`.`user_name` FROM `carver_comment` `a` INNER JOIN `carver_user` `b` ON `a`.`user_id`=`b`.`user_id` WHERE  `article_id` = 23 ORDER BY `create_time` DESC [ RunTime:0.000382s ]
[2021-04-19T23:54:48+08:00][sql] SHOW FULL COLUMNS FROM `carver_comment_to_others` [ RunTime:0.000662s ]
[2021-04-19T23:54:48+08:00][sql] SELECT * FROM `carver_comment_to_others` [ RunTime:0.000259s ]
[2021-04-19T23:54:48+08:00][sql] SHOW FULL COLUMNS FROM `carver_user` [ RunTime:0.000457s ]
[2021-04-19T23:54:48+08:00][sql] SELECT `user_name` FROM `carver_user` WHERE  `user_id` = 4 LIMIT 1 [ RunTime:0.000303s ]
[2021-04-19T23:54:48+08:00][sql] SELECT `user_name` FROM `carver_user` WHERE  `user_id` = 4 LIMIT 1 [ RunTime:0.000316s ]
[2021-04-19T23:54:48+08:00][sql] SELECT `user_name` FROM `carver_user` WHERE  `user_id` = 5 LIMIT 1 [ RunTime:0.000211s ]
[2021-04-19T23:54:48+08:00][sql] SELECT `user_name` FROM `carver_user` WHERE  `user_id` = 5 LIMIT 1 [ RunTime:0.000213s ]
[2021-04-19T23:54:48+08:00][sql] SELECT `user_name`,`user_id` FROM `carver_user` [ RunTime:0.000295s ]
[2021-04-19T23:54:48+08:00][sql] SHOW FULL COLUMNS FROM `carver_navigation` [ RunTime:0.000644s ]
[2021-04-19T23:54:48+08:00][sql] SELECT * FROM `carver_navigation` [ RunTime:0.000253s ]
[2021-04-19T23:54:48+08:00][sql] SELECT `article_label` FROM `carver_article` [ RunTime:0.000294s ]
