[2021-04-20T01:55:20+08:00][sql] CONNECT:[ UseTime:0.000775s ] mysql:host=127.0.0.1;port=3306;dbname=carver;charset=utf8
[2021-04-20T01:55:20+08:00][sql] SHOW FULL COLUMNS FROM `carver_user` [ RunTime:0.000941s ]
[2021-04-20T01:55:20+08:00][sql] SHOW FULL COLUMNS FROM `carver_article` [ RunTime:0.000751s ]
[2021-04-20T01:55:20+08:00][sql] SELECT COUNT(*) AS think_count FROM `carver_article` WHERE  `delete_time` = 0  AND `is_show` = 1 [ RunTime:0.000415s ]
[2021-04-20T01:55:20+08:00][sql] SELECT `article_id`,`article_title`,`article_desc`,`article_content`,`article_img`,`article_guide`,`article_label`,`click_num`,`is_show`,`add_time`,`article_author`,`is_top_show` FROM `carver_article` WHERE  `delete_time` = 0  AND `is_show` = 1 ORDER BY `article_id` DESC LIMIT 0,6 [ RunTime:0.000697s ]
[2021-04-20T01:55:20+08:00][sql] SELECT article_id,article_title,click_num,FROM_UNIXTIME(add_time,'%Y-%m-%d') as add_time FROM `carver_article` WHERE  `is_show` = 1  AND `delete_time` = 0 ORDER BY `click_num` DESC LIMIT 3 [ RunTime:0.000525s ]
[2021-04-20T01:55:20+08:00][sql] SHOW FULL COLUMNS FROM `carver_notice` [ RunTime:0.000621s ]
[2021-04-20T01:55:20+08:00][sql] SELECT * FROM `carver_notice` ORDER BY `create_time` DESC LIMIT 3 [ RunTime:0.000302s ]
[2021-04-20T01:55:20+08:00][sql] SHOW FULL COLUMNS FROM `carver_navigation` [ RunTime:0.000620s ]
[2021-04-20T01:55:20+08:00][sql] SELECT * FROM `carver_navigation` [ RunTime:0.000342s ]
[2021-04-20T01:55:20+08:00][sql] SHOW FULL COLUMNS FROM `carver_link` [ RunTime:0.000711s ]
[2021-04-20T01:55:20+08:00][sql] SELECT * FROM `carver_link` WHERE  ( is_confirm=2 ) LIMIT 20 [ RunTime:0.000378s ]
[2021-04-20T01:55:20+08:00][sql] SELECT `article_label` FROM `carver_article` [ RunTime:0.000279s ]
[2021-04-20T01:55:20+08:00][sql] SHOW FULL COLUMNS FROM `carver_carouse` [ RunTime:0.000734s ]
[2021-04-20T01:55:20+08:00][sql] SELECT `carouse_img`,`carouse_desc` FROM `carver_carouse` WHERE  `is_show` = 1 ORDER BY `carouse_sort` DESC LIMIT 3 [ RunTime:0.000390s ]
[2021-04-20T01:55:20+08:00][sql] SHOW FULL COLUMNS FROM `carver_site` [ RunTime:0.000638s ]
[2021-04-20T01:55:20+08:00][sql] SELECT * FROM `carver_site` [ RunTime:0.000300s ]
[2021-04-20T02:32:37+08:00][sql] CONNECT:[ UseTime:0.000557s ] mysql:host=127.0.0.1;port=3306;dbname=carver;charset=utf8
[2021-04-20T02:32:37+08:00][sql] SHOW FULL COLUMNS FROM `carver_article` [ RunTime:0.000912s ]
[2021-04-20T02:32:37+08:00][sql] SELECT COUNT(*) AS think_count FROM `carver_article` WHERE  `article_label` LIKE '%javascript%'  AND `delete_time` = 0  AND `is_show` = 1 [ RunTime:0.000459s ]
[2021-04-20T02:32:37+08:00][sql] SELECT * FROM `carver_article` WHERE  `article_label` LIKE '%javascript%'  AND `delete_time` = 0  AND `is_show` = 1 LIMIT 0,6 [ RunTime:0.000779s ]
[2021-04-20T02:32:37+08:00][sql] SELECT article_id,article_title,click_num,FROM_UNIXTIME(add_time,'%Y-%m-%d') as add_time FROM `carver_article` WHERE  `is_show` = 1  AND `delete_time` = 0 ORDER BY `click_num` DESC LIMIT 3 [ RunTime:0.000476s ]
[2021-04-20T02:32:37+08:00][sql] SHOW FULL COLUMNS FROM `carver_notice` [ RunTime:0.000625s ]
[2021-04-20T02:32:37+08:00][sql] SELECT * FROM `carver_notice` ORDER BY `create_time` DESC LIMIT 3 [ RunTime:0.000316s ]
[2021-04-20T02:32:37+08:00][sql] SHOW FULL COLUMNS FROM `carver_navigation` [ RunTime:0.000534s ]
[2021-04-20T02:32:37+08:00][sql] SELECT * FROM `carver_navigation` [ RunTime:0.000281s ]
[2021-04-20T02:32:37+08:00][sql] SHOW FULL COLUMNS FROM `carver_link` [ RunTime:0.000532s ]
[2021-04-20T02:32:37+08:00][sql] SELECT * FROM `carver_link` WHERE  ( is_confirm=2 ) LIMIT 20 [ RunTime:0.000317s ]
[2021-04-20T02:32:37+08:00][sql] SELECT `article_label` FROM `carver_article` [ RunTime:0.000252s ]
[2021-04-20T02:32:37+08:00][sql] SHOW FULL COLUMNS FROM `carver_carouse` [ RunTime:0.000552s ]
[2021-04-20T02:32:37+08:00][sql] SELECT `carouse_img`,`carouse_desc` FROM `carver_carouse` WHERE  `is_show` = 1 ORDER BY `carouse_sort` DESC LIMIT 3 [ RunTime:0.000312s ]
[2021-04-20T02:32:37+08:00][sql] SHOW FULL COLUMNS FROM `carver_site` [ RunTime:0.000512s ]
[2021-04-20T02:32:37+08:00][sql] SELECT * FROM `carver_site` [ RunTime:0.000237s ]
[2021-04-20T03:33:37+08:00][sql] CONNECT:[ UseTime:0.000503s ] mysql:host=127.0.0.1;port=3306;dbname=carver;charset=utf8
[2021-04-20T03:33:37+08:00][sql] SHOW FULL COLUMNS FROM `carver_article` [ RunTime:0.000939s ]
[2021-04-20T03:33:37+08:00][sql] SELECT COUNT(*) AS think_count FROM `carver_article` WHERE  `article_label` LIKE '%swoole%'  AND `delete_time` = 0  AND `is_show` = 1 [ RunTime:0.000463s ]
[2021-04-20T03:33:37+08:00][sql] SELECT * FROM `carver_article` WHERE  `article_label` LIKE '%swoole%'  AND `delete_time` = 0  AND `is_show` = 1 LIMIT 0,6 [ RunTime:0.001188s ]
[2021-04-20T03:33:37+08:00][sql] SELECT article_id,article_title,click_num,FROM_UNIXTIME(add_time,'%Y-%m-%d') as add_time FROM `carver_article` WHERE  `is_show` = 1  AND `delete_time` = 0 ORDER BY `click_num` DESC LIMIT 3 [ RunTime:0.000440s ]
[2021-04-20T03:33:37+08:00][sql] SHOW FULL COLUMNS FROM `carver_notice` [ RunTime:0.000629s ]
[2021-04-20T03:33:37+08:00][sql] SELECT * FROM `carver_notice` ORDER BY `create_time` DESC LIMIT 3 [ RunTime:0.000322s ]
[2021-04-20T03:33:37+08:00][sql] SHOW FULL COLUMNS FROM `carver_navigation` [ RunTime:0.000526s ]
[2021-04-20T03:33:37+08:00][sql] SELECT * FROM `carver_navigation` [ RunTime:0.000255s ]
[2021-04-20T03:33:37+08:00][sql] SHOW FULL COLUMNS FROM `carver_link` [ RunTime:0.000670s ]
[2021-04-20T03:33:37+08:00][sql] SELECT * FROM `carver_link` WHERE  ( is_confirm=2 ) LIMIT 20 [ RunTime:0.000316s ]
[2021-04-20T03:33:37+08:00][sql] SELECT `article_label` FROM `carver_article` [ RunTime:0.000266s ]
[2021-04-20T03:33:37+08:00][sql] SHOW FULL COLUMNS FROM `carver_carouse` [ RunTime:0.000519s ]
[2021-04-20T03:33:37+08:00][sql] SELECT `carouse_img`,`carouse_desc` FROM `carver_carouse` WHERE  `is_show` = 1 ORDER BY `carouse_sort` DESC LIMIT 3 [ RunTime:0.000323s ]
[2021-04-20T03:33:37+08:00][sql] SHOW FULL COLUMNS FROM `carver_site` [ RunTime:0.000478s ]
[2021-04-20T03:33:37+08:00][sql] SELECT * FROM `carver_site` [ RunTime:0.000254s ]
[2021-04-20T03:49:22+08:00][sql] CONNECT:[ UseTime:0.000518s ] mysql:host=127.0.0.1;port=3306;dbname=carver;charset=utf8
[2021-04-20T03:49:22+08:00][sql] SHOW FULL COLUMNS FROM `carver_user` [ RunTime:0.000843s ]
[2021-04-20T03:49:22+08:00][sql] SHOW FULL COLUMNS FROM `carver_article` [ RunTime:0.000695s ]
[2021-04-20T03:49:22+08:00][sql] SELECT COUNT(*) AS think_count FROM `carver_article` WHERE  `delete_time` = 0  AND `is_show` = 1 [ RunTime:0.000381s ]
[2021-04-20T03:49:22+08:00][sql] SELECT `article_id`,`article_title`,`article_desc`,`article_content`,`article_img`,`article_guide`,`article_label`,`click_num`,`is_show`,`add_time`,`article_author`,`is_top_show` FROM `carver_article` WHERE  `delete_time` = 0  AND `is_show` = 1 ORDER BY `article_id` DESC LIMIT 0,6 [ RunTime:0.000636s ]
[2021-04-20T03:49:22+08:00][sql] SELECT article_id,article_title,click_num,FROM_UNIXTIME(add_time,'%Y-%m-%d') as add_time FROM `carver_article` WHERE  `is_show` = 1  AND `delete_time` = 0 ORDER BY `click_num` DESC LIMIT 3 [ RunTime:0.000511s ]
[2021-04-20T03:49:22+08:00][sql] SHOW FULL COLUMNS FROM `carver_notice` [ RunTime:0.000541s ]
[2021-04-20T03:49:22+08:00][sql] SELECT * FROM `carver_notice` ORDER BY `create_time` DESC LIMIT 3 [ RunTime:0.000255s ]
[2021-04-20T03:49:22+08:00][sql] SHOW FULL COLUMNS FROM `carver_navigation` [ RunTime:0.000510s ]
[2021-04-20T03:49:22+08:00][sql] SELECT * FROM `carver_navigation` [ RunTime:0.000270s ]
[2021-04-20T03:49:22+08:00][sql] SHOW FULL COLUMNS FROM `carver_link` [ RunTime:0.000502s ]
[2021-04-20T03:49:22+08:00][sql] SELECT * FROM `carver_link` WHERE  ( is_confirm=2 ) LIMIT 20 [ RunTime:0.000287s ]
[2021-04-20T03:49:22+08:00][sql] SELECT `article_label` FROM `carver_article` [ RunTime:0.000275s ]
[2021-04-20T03:49:22+08:00][sql] SHOW FULL COLUMNS FROM `carver_carouse` [ RunTime:0.000511s ]
[2021-04-20T03:49:22+08:00][sql] SELECT `carouse_img`,`carouse_desc` FROM `carver_carouse` WHERE  `is_show` = 1 ORDER BY `carouse_sort` DESC LIMIT 3 [ RunTime:0.000298s ]
[2021-04-20T03:49:22+08:00][sql] SHOW FULL COLUMNS FROM `carver_site` [ RunTime:0.000465s ]
[2021-04-20T03:49:22+08:00][sql] SELECT * FROM `carver_site` [ RunTime:0.000231s ]
[2021-04-20T04:04:28+08:00][sql] CONNECT:[ UseTime:0.004270s ] mysql:host=127.0.0.1;port=3306;dbname=carver;charset=utf8
[2021-04-20T04:04:28+08:00][sql] SHOW FULL COLUMNS FROM `carver_article` [ RunTime:0.001188s ]
[2021-04-20T04:04:28+08:00][sql] SELECT COUNT(*) AS think_count FROM `carver_article` WHERE  `article_guide` = 7  AND `delete_time` = 0  AND `is_show` = 1 [ RunTime:0.000515s ]
[2021-04-20T04:04:28+08:00][sql] SELECT * FROM `carver_article` WHERE  `article_guide` = 7  AND `delete_time` = 0  AND `is_show` = 1 ORDER BY `add_time` DESC LIMIT 0,6 [ RunTime:0.000583s ]
[2021-04-20T04:04:28+08:00][sql] SELECT article_id,article_title,click_num,FROM_UNIXTIME(add_time,'%Y-%m-%d') as add_time FROM `carver_article` WHERE  `is_show` = 1  AND `delete_time` = 0 ORDER BY `click_num` DESC LIMIT 3 [ RunTime:0.000516s ]
[2021-04-20T04:04:28+08:00][sql] SHOW FULL COLUMNS FROM `carver_notice` [ RunTime:0.000737s ]
[2021-04-20T04:04:28+08:00][sql] SELECT * FROM `carver_notice` ORDER BY `create_time` DESC LIMIT 3 [ RunTime:0.000369s ]
[2021-04-20T04:04:28+08:00][sql] SHOW FULL COLUMNS FROM `carver_navigation` [ RunTime:0.000694s ]
[2021-04-20T04:04:28+08:00][sql] SELECT * FROM `carver_navigation` [ RunTime:0.000329s ]
[2021-04-20T04:04:28+08:00][sql] SELECT `article_label` FROM `carver_article` [ RunTime:0.000312s ]
[2021-04-20T04:04:28+08:00][sql] SHOW FULL COLUMNS FROM `carver_carouse` [ RunTime:0.000772s ]
[2021-04-20T04:04:28+08:00][sql] SELECT `carouse_img`,`carouse_desc` FROM `carver_carouse` WHERE  `is_show` = 1 ORDER BY `carouse_sort` DESC LIMIT 3 [ RunTime:0.000334s ]
[2021-04-20T04:04:28+08:00][sql] SHOW FULL COLUMNS FROM `carver_link` [ RunTime:0.000633s ]
[2021-04-20T04:04:28+08:00][sql] SELECT * FROM `carver_link` WHERE  ( is_confirm=2 ) LIMIT 20 [ RunTime:0.000543s ]
[2021-04-20T04:04:28+08:00][sql] SHOW FULL COLUMNS FROM `carver_site` [ RunTime:0.000678s ]
[2021-04-20T04:04:28+08:00][sql] SELECT * FROM `carver_site` [ RunTime:0.000343s ]
[2021-04-20T05:34:28+08:00][sql] CONNECT:[ UseTime:0.000559s ] mysql:host=127.0.0.1;port=3306;dbname=carver;charset=utf8
[2021-04-20T05:34:28+08:00][sql] SHOW FULL COLUMNS FROM `carver_user` [ RunTime:0.000888s ]
[2021-04-20T05:34:28+08:00][sql] SHOW FULL COLUMNS FROM `carver_article` [ RunTime:0.000741s ]
[2021-04-20T05:34:28+08:00][sql] SELECT COUNT(*) AS think_count FROM `carver_article` WHERE  `delete_time` = 0  AND `is_show` = 1 [ RunTime:0.000408s ]
[2021-04-20T05:34:28+08:00][sql] SELECT `article_id`,`article_title`,`article_desc`,`article_content`,`article_img`,`article_guide`,`article_label`,`click_num`,`is_show`,`add_time`,`article_author`,`is_top_show` FROM `carver_article` WHERE  `delete_time` = 0  AND `is_show` = 1 ORDER BY `article_id` DESC LIMIT 0,6 [ RunTime:0.000712s ]
[2021-04-20T05:34:28+08:00][sql] SELECT article_id,article_title,click_num,FROM_UNIXTIME(add_time,'%Y-%m-%d') as add_time FROM `carver_article` WHERE  `is_show` = 1  AND `delete_time` = 0 ORDER BY `click_num` DESC LIMIT 3 [ RunTime:0.000476s ]
[2021-04-20T05:34:28+08:00][sql] SHOW FULL COLUMNS FROM `carver_notice` [ RunTime:0.000609s ]
[2021-04-20T05:34:28+08:00][sql] SELECT * FROM `carver_notice` ORDER BY `create_time` DESC LIMIT 3 [ RunTime:0.000269s ]
[2021-04-20T05:34:28+08:00][sql] SHOW FULL COLUMNS FROM `carver_navigation` [ RunTime:0.000526s ]
[2021-04-20T05:34:28+08:00][sql] SELECT * FROM `carver_navigation` [ RunTime:0.000272s ]
[2021-04-20T05:34:28+08:00][sql] SHOW FULL COLUMNS FROM `carver_link` [ RunTime:0.000522s ]
[2021-04-20T05:34:28+08:00][sql] SELECT * FROM `carver_link` WHERE  ( is_confirm=2 ) LIMIT 20 [ RunTime:0.000310s ]
[2021-04-20T05:34:28+08:00][sql] SELECT `article_label` FROM `carver_article` [ RunTime:0.000258s ]
[2021-04-20T05:34:28+08:00][sql] SHOW FULL COLUMNS FROM `carver_carouse` [ RunTime:0.000556s ]
[2021-04-20T05:34:28+08:00][sql] SELECT `carouse_img`,`carouse_desc` FROM `carver_carouse` WHERE  `is_show` = 1 ORDER BY `carouse_sort` DESC LIMIT 3 [ RunTime:0.000291s ]
[2021-04-20T05:34:28+08:00][sql] SHOW FULL COLUMNS FROM `carver_site` [ RunTime:0.000533s ]
[2021-04-20T05:34:28+08:00][sql] SELECT * FROM `carver_site` [ RunTime:0.000226s ]
[2021-04-20T05:44:24+08:00][sql] CONNECT:[ UseTime:0.000536s ] mysql:host=127.0.0.1;port=3306;dbname=carver;charset=utf8
[2021-04-20T05:44:24+08:00][sql] SHOW FULL COLUMNS FROM `carver_user` [ RunTime:0.000805s ]
[2021-04-20T05:44:24+08:00][sql] SHOW FULL COLUMNS FROM `carver_article` [ RunTime:0.000674s ]
[2021-04-20T05:44:24+08:00][sql] SELECT COUNT(*) AS think_count FROM `carver_article` WHERE  `delete_time` = 0  AND `is_show` = 1 [ RunTime:0.000389s ]
[2021-04-20T05:44:24+08:00][sql] SELECT `article_id`,`article_title`,`article_desc`,`article_content`,`article_img`,`article_guide`,`article_label`,`click_num`,`is_show`,`add_time`,`article_author`,`is_top_show` FROM `carver_article` WHERE  `delete_time` = 0  AND `is_show` = 1 ORDER BY `article_id` DESC LIMIT 0,6 [ RunTime:0.000613s ]
[2021-04-20T05:44:24+08:00][sql] SELECT article_id,article_title,click_num,FROM_UNIXTIME(add_time,'%Y-%m-%d') as add_time FROM `carver_article` WHERE  `is_show` = 1  AND `delete_time` = 0 ORDER BY `click_num` DESC LIMIT 3 [ RunTime:0.000436s ]
[2021-04-20T05:44:24+08:00][sql] SHOW FULL COLUMNS FROM `carver_notice` [ RunTime:0.000533s ]
[2021-04-20T05:44:24+08:00][sql] SELECT * FROM `carver_notice` ORDER BY `create_time` DESC LIMIT 3 [ RunTime:0.000278s ]
[2021-04-20T05:44:24+08:00][sql] SHOW FULL COLUMNS FROM `carver_navigation` [ RunTime:0.000507s ]
[2021-04-20T05:44:24+08:00][sql] SELECT * FROM `carver_navigation` [ RunTime:0.000234s ]
[2021-04-20T05:44:24+08:00][sql] SHOW FULL COLUMNS FROM `carver_link` [ RunTime:0.000506s ]
[2021-04-20T05:44:24+08:00][sql] SELECT * FROM `carver_link` WHERE  ( is_confirm=2 ) LIMIT 20 [ RunTime:0.000281s ]
[2021-04-20T05:44:24+08:00][sql] SELECT `article_label` FROM `carver_article` [ RunTime:0.000262s ]
[2021-04-20T05:44:24+08:00][sql] SHOW FULL COLUMNS FROM `carver_carouse` [ RunTime:0.000515s ]
[2021-04-20T05:44:24+08:00][sql] SELECT `carouse_img`,`carouse_desc` FROM `carver_carouse` WHERE  `is_show` = 1 ORDER BY `carouse_sort` DESC LIMIT 3 [ RunTime:0.000292s ]
[2021-04-20T05:44:24+08:00][sql] SHOW FULL COLUMNS FROM `carver_site` [ RunTime:0.000463s ]
[2021-04-20T05:44:24+08:00][sql] SELECT * FROM `carver_site` [ RunTime:0.000229s ]
[2021-04-20T07:34:56+08:00][sql] CONNECT:[ UseTime:0.000633s ] mysql:host=127.0.0.1;port=3306;dbname=carver;charset=utf8
[2021-04-20T07:34:56+08:00][sql] SHOW FULL COLUMNS FROM `carver_article` [ RunTime:0.000993s ]
[2021-04-20T07:34:56+08:00][sql] SELECT COUNT(*) AS think_count FROM `carver_article` WHERE  `article_label` LIKE '%php;git%'  AND `delete_time` = 0  AND `is_show` = 1 [ RunTime:0.000450s ]
[2021-04-20T07:34:56+08:00][sql] SELECT * FROM `carver_article` WHERE  `article_label` LIKE '%php;git%'  AND `delete_time` = 0  AND `is_show` = 1 LIMIT 0,6 [ RunTime:0.000967s ]
[2021-04-20T07:34:56+08:00][sql] SELECT article_id,article_title,click_num,FROM_UNIXTIME(add_time,'%Y-%m-%d') as add_time FROM `carver_article` WHERE  `is_show` = 1  AND `delete_time` = 0 ORDER BY `click_num` DESC LIMIT 3 [ RunTime:0.000499s ]
[2021-04-20T07:34:56+08:00][sql] SHOW FULL COLUMNS FROM `carver_notice` [ RunTime:0.000608s ]
[2021-04-20T07:34:56+08:00][sql] SELECT * FROM `carver_notice` ORDER BY `create_time` DESC LIMIT 3 [ RunTime:0.000323s ]
[2021-04-20T07:34:56+08:00][sql] SHOW FULL COLUMNS FROM `carver_navigation` [ RunTime:0.000612s ]
[2021-04-20T07:34:56+08:00][sql] SELECT * FROM `carver_navigation` [ RunTime:0.000247s ]
[2021-04-20T07:34:56+08:00][sql] SHOW FULL COLUMNS FROM `carver_link` [ RunTime:0.000493s ]
[2021-04-20T07:34:56+08:00][sql] SELECT * FROM `carver_link` WHERE  ( is_confirm=2 ) LIMIT 20 [ RunTime:0.000339s ]
[2021-04-20T07:34:56+08:00][sql] SELECT `article_label` FROM `carver_article` [ RunTime:0.000296s ]
[2021-04-20T07:34:56+08:00][sql] SHOW FULL COLUMNS FROM `carver_carouse` [ RunTime:0.000529s ]
[2021-04-20T07:34:56+08:00][sql] SELECT `carouse_img`,`carouse_desc` FROM `carver_carouse` WHERE  `is_show` = 1 ORDER BY `carouse_sort` DESC LIMIT 3 [ RunTime:0.000331s ]
[2021-04-20T07:34:56+08:00][sql] SHOW FULL COLUMNS FROM `carver_site` [ RunTime:0.000493s ]
[2021-04-20T07:34:56+08:00][sql] SELECT * FROM `carver_site` [ RunTime:0.000269s ]
[2021-04-20T08:45:29+08:00][sql] CONNECT:[ UseTime:0.000544s ] mysql:host=127.0.0.1;port=3306;dbname=carver;charset=utf8
[2021-04-20T08:45:29+08:00][sql] SHOW FULL COLUMNS FROM `carver_user` [ RunTime:0.000830s ]
[2021-04-20T08:45:29+08:00][sql] SHOW FULL COLUMNS FROM `carver_article` [ RunTime:0.000699s ]
[2021-04-20T08:45:29+08:00][sql] SELECT COUNT(*) AS think_count FROM `carver_article` WHERE  `delete_time` = 0  AND `is_show` = 1 [ RunTime:0.000382s ]
[2021-04-20T08:45:29+08:00][sql] SELECT `article_id`,`article_title`,`article_desc`,`article_content`,`article_img`,`article_guide`,`article_label`,`click_num`,`is_show`,`add_time`,`article_author`,`is_top_show` FROM `carver_article` WHERE  `delete_time` = 0  AND `is_show` = 1 ORDER BY `article_id` DESC LIMIT 0,6 [ RunTime:0.000612s ]
[2021-04-20T08:45:29+08:00][sql] SELECT article_id,article_title,click_num,FROM_UNIXTIME(add_time,'%Y-%m-%d') as add_time FROM `carver_article` WHERE  `is_show` = 1  AND `delete_time` = 0 ORDER BY `click_num` DESC LIMIT 3 [ RunTime:0.000498s ]
[2021-04-20T08:45:29+08:00][sql] SHOW FULL COLUMNS FROM `carver_notice` [ RunTime:0.000571s ]
[2021-04-20T08:45:29+08:00][sql] SELECT * FROM `carver_notice` ORDER BY `create_time` DESC LIMIT 3 [ RunTime:0.000273s ]
[2021-04-20T08:45:29+08:00][sql] SHOW FULL COLUMNS FROM `carver_navigation` [ RunTime:0.000508s ]
[2021-04-20T08:45:29+08:00][sql] SELECT * FROM `carver_navigation` [ RunTime:0.000250s ]
[2021-04-20T08:45:29+08:00][sql] SHOW FULL COLUMNS FROM `carver_link` [ RunTime:0.000499s ]
[2021-04-20T08:45:29+08:00][sql] SELECT * FROM `carver_link` WHERE  ( is_confirm=2 ) LIMIT 20 [ RunTime:0.000276s ]
[2021-04-20T08:45:29+08:00][sql] SELECT `article_label` FROM `carver_article` [ RunTime:0.000273s ]
[2021-04-20T08:45:29+08:00][sql] SHOW FULL COLUMNS FROM `carver_carouse` [ RunTime:0.000532s ]
[2021-04-20T08:45:29+08:00][sql] SELECT `carouse_img`,`carouse_desc` FROM `carver_carouse` WHERE  `is_show` = 1 ORDER BY `carouse_sort` DESC LIMIT 3 [ RunTime:0.000303s ]
[2021-04-20T08:45:29+08:00][sql] SHOW FULL COLUMNS FROM `carver_site` [ RunTime:0.000489s ]
[2021-04-20T08:45:29+08:00][sql] SELECT * FROM `carver_site` [ RunTime:0.000247s ]
[2021-04-20T09:35:30+08:00][sql] CONNECT:[ UseTime:0.000537s ] mysql:host=127.0.0.1;port=3306;dbname=carver;charset=utf8
[2021-04-20T09:35:30+08:00][sql] SHOW FULL COLUMNS FROM `carver_article` [ RunTime:0.000892s ]
[2021-04-20T09:35:30+08:00][sql] SELECT COUNT(*) AS think_count FROM `carver_article` WHERE  `article_label` LIKE '%git%'  AND `delete_time` = 0  AND `is_show` = 1 [ RunTime:0.000433s ]
[2021-04-20T09:35:30+08:00][sql] SELECT * FROM `carver_article` WHERE  `article_label` LIKE '%git%'  AND `delete_time` = 0  AND `is_show` = 1 LIMIT 0,6 [ RunTime:0.000965s ]
[2021-04-20T09:35:30+08:00][sql] SELECT article_id,article_title,click_num,FROM_UNIXTIME(add_time,'%Y-%m-%d') as add_time FROM `carver_article` WHERE  `is_show` = 1  AND `delete_time` = 0 ORDER BY `click_num` DESC LIMIT 3 [ RunTime:0.000510s ]
[2021-04-20T09:35:30+08:00][sql] SHOW FULL COLUMNS FROM `carver_notice` [ RunTime:0.000643s ]
[2021-04-20T09:35:30+08:00][sql] SELECT * FROM `carver_notice` ORDER BY `create_time` DESC LIMIT 3 [ RunTime:0.000289s ]
[2021-04-20T09:35:30+08:00][sql] SHOW FULL COLUMNS FROM `carver_navigation` [ RunTime:0.000599s ]
[2021-04-20T09:35:30+08:00][sql] SELECT * FROM `carver_navigation` [ RunTime:0.000274s ]
[2021-04-20T09:35:30+08:00][sql] SHOW FULL COLUMNS FROM `carver_link` [ RunTime:0.000538s ]
[2021-04-20T09:35:30+08:00][sql] SELECT * FROM `carver_link` WHERE  ( is_confirm=2 ) LIMIT 20 [ RunTime:0.000311s ]
[2021-04-20T09:35:30+08:00][sql] SELECT `article_label` FROM `carver_article` [ RunTime:0.000277s ]
[2021-04-20T09:35:30+08:00][sql] SHOW FULL COLUMNS FROM `carver_carouse` [ RunTime:0.000480s ]
[2021-04-20T09:35:30+08:00][sql] SELECT `carouse_img`,`carouse_desc` FROM `carver_carouse` WHERE  `is_show` = 1 ORDER BY `carouse_sort` DESC LIMIT 3 [ RunTime:0.000314s ]
[2021-04-20T09:35:30+08:00][sql] SHOW FULL COLUMNS FROM `carver_site` [ RunTime:0.000500s ]
[2021-04-20T09:35:30+08:00][sql] SELECT * FROM `carver_site` [ RunTime:0.000288s ]
[2021-04-20T10:35:17+08:00][sql] CONNECT:[ UseTime:0.000507s ] mysql:host=127.0.0.1;port=3306;dbname=carver;charset=utf8
[2021-04-20T10:35:17+08:00][sql] SHOW FULL COLUMNS FROM `carver_user` [ RunTime:0.000834s ]
[2021-04-20T10:35:17+08:00][sql] SHOW FULL COLUMNS FROM `carver_article` [ RunTime:0.000705s ]
[2021-04-20T10:35:17+08:00][sql] SELECT COUNT(*) AS think_count FROM `carver_article` WHERE  `delete_time` = 0  AND `is_show` = 1 [ RunTime:0.000381s ]
[2021-04-20T10:35:17+08:00][sql] SELECT `article_id`,`article_title`,`article_desc`,`article_content`,`article_img`,`article_guide`,`article_label`,`click_num`,`is_show`,`add_time`,`article_author`,`is_top_show` FROM `carver_article` WHERE  `delete_time` = 0  AND `is_show` = 1 ORDER BY `article_id` DESC LIMIT 0,6 [ RunTime:0.000633s ]
[2021-04-20T10:35:17+08:00][sql] SELECT article_id,article_title,click_num,FROM_UNIXTIME(add_time,'%Y-%m-%d') as add_time FROM `carver_article` WHERE  `is_show` = 1  AND `delete_time` = 0 ORDER BY `click_num` DESC LIMIT 3 [ RunTime:0.000462s ]
[2021-04-20T10:35:17+08:00][sql] SHOW FULL COLUMNS FROM `carver_notice` [ RunTime:0.000601s ]
[2021-04-20T10:35:17+08:00][sql] SELECT * FROM `carver_notice` ORDER BY `create_time` DESC LIMIT 3 [ RunTime:0.000271s ]
[2021-04-20T10:35:17+08:00][sql] SHOW FULL COLUMNS FROM `carver_navigation` [ RunTime:0.000526s ]
[2021-04-20T10:35:17+08:00][sql] SELECT * FROM `carver_navigation` [ RunTime:0.000300s ]
[2021-04-20T10:35:17+08:00][sql] SHOW FULL COLUMNS FROM `carver_link` [ RunTime:0.000592s ]
[2021-04-20T10:35:17+08:00][sql] SELECT * FROM `carver_link` WHERE  ( is_confirm=2 ) LIMIT 20 [ RunTime:0.000283s ]
[2021-04-20T10:35:17+08:00][sql] SELECT `article_label` FROM `carver_article` [ RunTime:0.000268s ]
[2021-04-20T10:35:17+08:00][sql] SHOW FULL COLUMNS FROM `carver_carouse` [ RunTime:0.000498s ]
[2021-04-20T10:35:17+08:00][sql] SELECT `carouse_img`,`carouse_desc` FROM `carver_carouse` WHERE  `is_show` = 1 ORDER BY `carouse_sort` DESC LIMIT 3 [ RunTime:0.000305s ]
[2021-04-20T10:35:17+08:00][sql] SHOW FULL COLUMNS FROM `carver_site` [ RunTime:0.000528s ]
[2021-04-20T10:35:17+08:00][sql] SELECT * FROM `carver_site` [ RunTime:0.000291s ]
[2021-04-20T11:12:22+08:00][sql] CONNECT:[ UseTime:0.000585s ] mysql:host=127.0.0.1;port=3306;dbname=carver;charset=utf8
[2021-04-20T11:12:22+08:00][sql] SHOW FULL COLUMNS FROM `carver_user` [ RunTime:0.000854s ]
[2021-04-20T11:12:22+08:00][sql] SHOW FULL COLUMNS FROM `carver_article` [ RunTime:0.000735s ]
[2021-04-20T11:12:22+08:00][sql] SELECT COUNT(*) AS think_count FROM `carver_article` WHERE  `delete_time` = 0  AND `is_show` = 1 [ RunTime:0.000420s ]
[2021-04-20T11:12:22+08:00][sql] SELECT `article_id`,`article_title`,`article_desc`,`article_content`,`article_img`,`article_guide`,`article_label`,`click_num`,`is_show`,`add_time`,`article_author`,`is_top_show` FROM `carver_article` WHERE  `delete_time` = 0  AND `is_show` = 1 ORDER BY `article_id` DESC LIMIT 0,6 [ RunTime:0.000613s ]
[2021-04-20T11:12:22+08:00][sql] SELECT article_id,article_title,click_num,FROM_UNIXTIME(add_time,'%Y-%m-%d') as add_time FROM `carver_article` WHERE  `is_show` = 1  AND `delete_time` = 0 ORDER BY `click_num` DESC LIMIT 3 [ RunTime:0.000464s ]
[2021-04-20T11:12:22+08:00][sql] SHOW FULL COLUMNS FROM `carver_notice` [ RunTime:0.000585s ]
[2021-04-20T11:12:22+08:00][sql] SELECT * FROM `carver_notice` ORDER BY `create_time` DESC LIMIT 3 [ RunTime:0.000317s ]
[2021-04-20T11:12:22+08:00][sql] SHOW FULL COLUMNS FROM `carver_navigation` [ RunTime:0.000548s ]
[2021-04-20T11:12:22+08:00][sql] SELECT * FROM `carver_navigation` [ RunTime:0.000237s ]
[2021-04-20T11:12:22+08:00][sql] SHOW FULL COLUMNS FROM `carver_link` [ RunTime:0.000511s ]
[2021-04-20T11:12:22+08:00][sql] SELECT * FROM `carver_link` WHERE  ( is_confirm=2 ) LIMIT 20 [ RunTime:0.000290s ]
[2021-04-20T11:12:22+08:00][sql] SELECT `article_label` FROM `carver_article` [ RunTime:0.000278s ]
[2021-04-20T11:12:22+08:00][sql] SHOW FULL COLUMNS FROM `carver_carouse` [ RunTime:0.000518s ]
[2021-04-20T11:12:22+08:00][sql] SELECT `carouse_img`,`carouse_desc` FROM `carver_carouse` WHERE  `is_show` = 1 ORDER BY `carouse_sort` DESC LIMIT 3 [ RunTime:0.000327s ]
[2021-04-20T11:12:22+08:00][sql] SHOW FULL COLUMNS FROM `carver_site` [ RunTime:0.000498s ]
[2021-04-20T11:12:22+08:00][sql] SELECT * FROM `carver_site` [ RunTime:0.000263s ]
[2021-04-20T11:45:59+08:00][sql] CONNECT:[ UseTime:0.000505s ] mysql:host=127.0.0.1;port=3306;dbname=carver;charset=utf8
[2021-04-20T11:45:59+08:00][sql] SHOW FULL COLUMNS FROM `carver_article` [ RunTime:0.000952s ]
[2021-04-20T11:45:59+08:00][sql] SELECT COUNT(*) AS think_count FROM `carver_article` WHERE  `article_label` LIKE '%javascript%'  AND `delete_time` = 0  AND `is_show` = 1 [ RunTime:0.000430s ]
[2021-04-20T11:45:59+08:00][sql] SELECT * FROM `carver_article` WHERE  `article_label` LIKE '%javascript%'  AND `delete_time` = 0  AND `is_show` = 1 LIMIT 0,6 [ RunTime:0.000752s ]
[2021-04-20T11:45:59+08:00][sql] SELECT article_id,article_title,click_num,FROM_UNIXTIME(add_time,'%Y-%m-%d') as add_time FROM `carver_article` WHERE  `is_show` = 1  AND `delete_time` = 0 ORDER BY `click_num` DESC LIMIT 3 [ RunTime:0.000395s ]
[2021-04-20T11:45:59+08:00][sql] SHOW FULL COLUMNS FROM `carver_notice` [ RunTime:0.000567s ]
[2021-04-20T11:45:59+08:00][sql] SELECT * FROM `carver_notice` ORDER BY `create_time` DESC LIMIT 3 [ RunTime:0.000283s ]
[2021-04-20T11:45:59+08:00][sql] SHOW FULL COLUMNS FROM `carver_navigation` [ RunTime:0.000477s ]
[2021-04-20T11:45:59+08:00][sql] SELECT * FROM `carver_navigation` [ RunTime:0.000232s ]
[2021-04-20T11:45:59+08:00][sql] SHOW FULL COLUMNS FROM `carver_link` [ RunTime:0.000542s ]
[2021-04-20T11:45:59+08:00][sql] SELECT * FROM `carver_link` WHERE  ( is_confirm=2 ) LIMIT 20 [ RunTime:0.000266s ]
[2021-04-20T11:45:59+08:00][sql] SELECT `article_label` FROM `carver_article` [ RunTime:0.000254s ]
[2021-04-20T11:45:59+08:00][sql] SHOW FULL COLUMNS FROM `carver_carouse` [ RunTime:0.000467s ]
[2021-04-20T11:45:59+08:00][sql] SELECT `carouse_img`,`carouse_desc` FROM `carver_carouse` WHERE  `is_show` = 1 ORDER BY `carouse_sort` DESC LIMIT 3 [ RunTime:0.000287s ]
[2021-04-20T11:45:59+08:00][sql] SHOW FULL COLUMNS FROM `carver_site` [ RunTime:0.000488s ]
[2021-04-20T11:45:59+08:00][sql] SELECT * FROM `carver_site` [ RunTime:0.000220s ]
[2021-04-20T12:10:30+08:00][sql] CONNECT:[ UseTime:0.000510s ] mysql:host=127.0.0.1;port=3306;dbname=carver;charset=utf8
[2021-04-20T12:10:30+08:00][sql] SHOW FULL COLUMNS FROM `carver_user` [ RunTime:0.000823s ]
[2021-04-20T12:10:30+08:00][sql] SHOW FULL COLUMNS FROM `carver_article` [ RunTime:0.000698s ]
[2021-04-20T12:10:30+08:00][sql] SELECT COUNT(*) AS think_count FROM `carver_article` WHERE  `delete_time` = 0  AND `is_show` = 1 [ RunTime:0.000399s ]
[2021-04-20T12:10:30+08:00][sql] SELECT `article_id`,`article_title`,`article_desc`,`article_content`,`article_img`,`article_guide`,`article_label`,`click_num`,`is_show`,`add_time`,`article_author`,`is_top_show` FROM `carver_article` WHERE  `delete_time` = 0  AND `is_show` = 1 ORDER BY `article_id` DESC LIMIT 0,6 [ RunTime:0.000620s ]
[2021-04-20T12:10:30+08:00][sql] SELECT article_id,article_title,click_num,FROM_UNIXTIME(add_time,'%Y-%m-%d') as add_time FROM `carver_article` WHERE  `is_show` = 1  AND `delete_time` = 0 ORDER BY `click_num` DESC LIMIT 3 [ RunTime:0.000453s ]
[2021-04-20T12:10:30+08:00][sql] SHOW FULL COLUMNS FROM `carver_notice` [ RunTime:0.000545s ]
[2021-04-20T12:10:30+08:00][sql] SELECT * FROM `carver_notice` ORDER BY `create_time` DESC LIMIT 3 [ RunTime:0.000297s ]
[2021-04-20T12:10:30+08:00][sql] SHOW FULL COLUMNS FROM `carver_navigation` [ RunTime:0.000520s ]
[2021-04-20T12:10:30+08:00][sql] SELECT * FROM `carver_navigation` [ RunTime:0.000278s ]
[2021-04-20T12:10:30+08:00][sql] SHOW FULL COLUMNS FROM `carver_link` [ RunTime:0.000739s ]
[2021-04-20T12:10:30+08:00][sql] SELECT * FROM `carver_link` WHERE  ( is_confirm=2 ) LIMIT 20 [ RunTime:0.000464s ]
[2021-04-20T12:10:30+08:00][sql] SELECT `article_label` FROM `carver_article` [ RunTime:0.000319s ]
[2021-04-20T12:10:30+08:00][sql] SHOW FULL COLUMNS FROM `carver_carouse` [ RunTime:0.000506s ]
[2021-04-20T12:10:30+08:00][sql] SELECT `carouse_img`,`carouse_desc` FROM `carver_carouse` WHERE  `is_show` = 1 ORDER BY `carouse_sort` DESC LIMIT 3 [ RunTime:0.000264s ]
[2021-04-20T12:10:30+08:00][sql] SHOW FULL COLUMNS FROM `carver_site` [ RunTime:0.000532s ]
[2021-04-20T12:10:30+08:00][sql] SELECT * FROM `carver_site` [ RunTime:0.000222s ]
[2021-04-20T14:24:28+08:00][sql] CONNECT:[ UseTime:0.000555s ] mysql:host=127.0.0.1;port=3306;dbname=carver;charset=utf8
[2021-04-20T14:24:28+08:00][sql] SHOW FULL COLUMNS FROM `carver_article` [ RunTime:0.000906s ]
[2021-04-20T14:24:28+08:00][sql] SELECT COUNT(*) AS think_count FROM `carver_article` WHERE  `article_label` LIKE '%mysql%'  AND `delete_time` = 0  AND `is_show` = 1 [ RunTime:0.000457s ]
[2021-04-20T14:24:28+08:00][sql] SELECT * FROM `carver_article` WHERE  `article_label` LIKE '%mysql%'  AND `delete_time` = 0  AND `is_show` = 1 LIMIT 0,6 [ RunTime:0.001016s ]
[2021-04-20T14:24:28+08:00][sql] SELECT article_id,article_title,click_num,FROM_UNIXTIME(add_time,'%Y-%m-%d') as add_time FROM `carver_article` WHERE  `is_show` = 1  AND `delete_time` = 0 ORDER BY `click_num` DESC LIMIT 3 [ RunTime:0.000503s ]
[2021-04-20T14:24:28+08:00][sql] SHOW FULL COLUMNS FROM `carver_notice` [ RunTime:0.000606s ]
[2021-04-20T14:24:28+08:00][sql] SELECT * FROM `carver_notice` ORDER BY `create_time` DESC LIMIT 3 [ RunTime:0.000361s ]
[2021-04-20T14:24:28+08:00][sql] SHOW FULL COLUMNS FROM `carver_navigation` [ RunTime:0.000586s ]
[2021-04-20T14:24:28+08:00][sql] SELECT * FROM `carver_navigation` [ RunTime:0.000262s ]
[2021-04-20T14:24:28+08:00][sql] SHOW FULL COLUMNS FROM `carver_link` [ RunTime:0.000596s ]
[2021-04-20T14:24:28+08:00][sql] SELECT * FROM `carver_link` WHERE  ( is_confirm=2 ) LIMIT 20 [ RunTime:0.000321s ]
[2021-04-20T14:24:28+08:00][sql] SELECT `article_label` FROM `carver_article` [ RunTime:0.000278s ]
[2021-04-20T14:24:28+08:00][sql] SHOW FULL COLUMNS FROM `carver_carouse` [ RunTime:0.000523s ]
[2021-04-20T14:24:28+08:00][sql] SELECT `carouse_img`,`carouse_desc` FROM `carver_carouse` WHERE  `is_show` = 1 ORDER BY `carouse_sort` DESC LIMIT 3 [ RunTime:0.000305s ]
[2021-04-20T14:24:28+08:00][sql] SHOW FULL COLUMNS FROM `carver_site` [ RunTime:0.000556s ]
[2021-04-20T14:24:28+08:00][sql] SELECT * FROM `carver_site` [ RunTime:0.000223s ]
[2021-04-20T14:35:49+08:00][sql] CONNECT:[ UseTime:0.000540s ] mysql:host=127.0.0.1;port=3306;dbname=carver;charset=utf8
[2021-04-20T14:35:49+08:00][sql] SHOW FULL COLUMNS FROM `carver_article` [ RunTime:0.000843s ]
[2021-04-20T14:35:49+08:00][sql] SELECT COUNT(*) AS think_count FROM `carver_article` WHERE  `article_label` LIKE '%swoole%'  AND `delete_time` = 0  AND `is_show` = 1 [ RunTime:0.000433s ]
[2021-04-20T14:35:49+08:00][sql] SELECT * FROM `carver_article` WHERE  `article_label` LIKE '%swoole%'  AND `delete_time` = 0  AND `is_show` = 1 LIMIT 0,6 [ RunTime:0.001215s ]
[2021-04-20T14:35:49+08:00][sql] SELECT article_id,article_title,click_num,FROM_UNIXTIME(add_time,'%Y-%m-%d') as add_time FROM `carver_article` WHERE  `is_show` = 1  AND `delete_time` = 0 ORDER BY `click_num` DESC LIMIT 3 [ RunTime:0.000393s ]
[2021-04-20T14:35:49+08:00][sql] SHOW FULL COLUMNS FROM `carver_notice` [ RunTime:0.000555s ]
[2021-04-20T14:35:49+08:00][sql] SELECT * FROM `carver_notice` ORDER BY `create_time` DESC LIMIT 3 [ RunTime:0.000277s ]
[2021-04-20T14:35:49+08:00][sql] SHOW FULL COLUMNS FROM `carver_navigation` [ RunTime:0.000499s ]
[2021-04-20T14:35:49+08:00][sql] SELECT * FROM `carver_navigation` [ RunTime:0.000234s ]
[2021-04-20T14:35:49+08:00][sql] SHOW FULL COLUMNS FROM `carver_link` [ RunTime:0.000489s ]
[2021-04-20T14:35:49+08:00][sql] SELECT * FROM `carver_link` WHERE  ( is_confirm=2 ) LIMIT 20 [ RunTime:0.000291s ]
[2021-04-20T14:35:49+08:00][sql] SELECT `article_label` FROM `carver_article` [ RunTime:0.000255s ]
[2021-04-20T14:35:49+08:00][sql] SHOW FULL COLUMNS FROM `carver_carouse` [ RunTime:0.000471s ]
[2021-04-20T14:35:49+08:00][sql] SELECT `carouse_img`,`carouse_desc` FROM `carver_carouse` WHERE  `is_show` = 1 ORDER BY `carouse_sort` DESC LIMIT 3 [ RunTime:0.000278s ]
[2021-04-20T14:35:49+08:00][sql] SHOW FULL COLUMNS FROM `carver_site` [ RunTime:0.000482s ]
[2021-04-20T14:35:49+08:00][sql] SELECT * FROM `carver_site` [ RunTime:0.000261s ]
[2021-04-20T15:44:02+08:00][sql] CONNECT:[ UseTime:0.000476s ] mysql:host=127.0.0.1;port=3306;dbname=carver;charset=utf8
[2021-04-20T15:44:02+08:00][sql] SHOW FULL COLUMNS FROM `carver_user` [ RunTime:0.000800s ]
[2021-04-20T15:44:02+08:00][sql] SHOW FULL COLUMNS FROM `carver_article` [ RunTime:0.000669s ]
[2021-04-20T15:44:02+08:00][sql] SELECT COUNT(*) AS think_count FROM `carver_article` WHERE  `delete_time` = 0  AND `is_show` = 1 [ RunTime:0.000374s ]
[2021-04-20T15:44:02+08:00][sql] SELECT `article_id`,`article_title`,`article_desc`,`article_content`,`article_img`,`article_guide`,`article_label`,`click_num`,`is_show`,`add_time`,`article_author`,`is_top_show` FROM `carver_article` WHERE  `delete_time` = 0  AND `is_show` = 1 ORDER BY `article_id` DESC LIMIT 0,6 [ RunTime:0.000600s ]
[2021-04-20T15:44:02+08:00][sql] SELECT article_id,article_title,click_num,FROM_UNIXTIME(add_time,'%Y-%m-%d') as add_time FROM `carver_article` WHERE  `is_show` = 1  AND `delete_time` = 0 ORDER BY `click_num` DESC LIMIT 3 [ RunTime:0.000418s ]
[2021-04-20T15:44:02+08:00][sql] SHOW FULL COLUMNS FROM `carver_notice` [ RunTime:0.000542s ]
[2021-04-20T15:44:02+08:00][sql] SELECT * FROM `carver_notice` ORDER BY `create_time` DESC LIMIT 3 [ RunTime:0.000273s ]
[2021-04-20T15:44:02+08:00][sql] SHOW FULL COLUMNS FROM `carver_navigation` [ RunTime:0.000573s ]
[2021-04-20T15:44:02+08:00][sql] SELECT * FROM `carver_navigation` [ RunTime:0.000246s ]
[2021-04-20T15:44:02+08:00][sql] SHOW FULL COLUMNS FROM `carver_link` [ RunTime:0.000481s ]
[2021-04-20T15:44:02+08:00][sql] SELECT * FROM `carver_link` WHERE  ( is_confirm=2 ) LIMIT 20 [ RunTime:0.000295s ]
[2021-04-20T15:44:02+08:00][sql] SELECT `article_label` FROM `carver_article` [ RunTime:0.000266s ]
[2021-04-20T15:44:02+08:00][sql] SHOW FULL COLUMNS FROM `carver_carouse` [ RunTime:0.000481s ]
[2021-04-20T15:44:02+08:00][sql] SELECT `carouse_img`,`carouse_desc` FROM `carver_carouse` WHERE  `is_show` = 1 ORDER BY `carouse_sort` DESC LIMIT 3 [ RunTime:0.000302s ]
[2021-04-20T15:44:02+08:00][sql] SHOW FULL COLUMNS FROM `carver_site` [ RunTime:0.000478s ]
[2021-04-20T15:44:02+08:00][sql] SELECT * FROM `carver_site` [ RunTime:0.000223s ]
[2021-04-20T15:56:26+08:00][sql] CONNECT:[ UseTime:0.000644s ] mysql:host=127.0.0.1;port=3306;dbname=carver;charset=utf8
[2021-04-20T15:56:26+08:00][sql] SHOW FULL COLUMNS FROM `carver_user` [ RunTime:0.000856s ]
[2021-04-20T15:56:26+08:00][sql] SHOW FULL COLUMNS FROM `carver_article` [ RunTime:0.000703s ]
[2021-04-20T15:56:26+08:00][sql] SELECT COUNT(*) AS think_count FROM `carver_article` WHERE  `delete_time` = 0  AND `is_show` = 1 [ RunTime:0.000394s ]
[2021-04-20T15:56:26+08:00][sql] SELECT `article_id`,`article_title`,`article_desc`,`article_content`,`article_img`,`article_guide`,`article_label`,`click_num`,`is_show`,`add_time`,`article_author`,`is_top_show` FROM `carver_article` WHERE  `delete_time` = 0  AND `is_show` = 1 ORDER BY `article_id` DESC LIMIT 0,6 [ RunTime:0.000631s ]
[2021-04-20T15:56:26+08:00][sql] SELECT article_id,article_title,click_num,FROM_UNIXTIME(add_time,'%Y-%m-%d') as add_time FROM `carver_article` WHERE  `is_show` = 1  AND `delete_time` = 0 ORDER BY `click_num` DESC LIMIT 3 [ RunTime:0.000535s ]
[2021-04-20T15:56:26+08:00][sql] SHOW FULL COLUMNS FROM `carver_notice` [ RunTime:0.000604s ]
[2021-04-20T15:56:26+08:00][sql] SELECT * FROM `carver_notice` ORDER BY `create_time` DESC LIMIT 3 [ RunTime:0.000278s ]
[2021-04-20T15:56:26+08:00][sql] SHOW FULL COLUMNS FROM `carver_navigation` [ RunTime:0.000540s ]
[2021-04-20T15:56:26+08:00][sql] SELECT * FROM `carver_navigation` [ RunTime:0.000309s ]
[2021-04-20T15:56:26+08:00][sql] SHOW FULL COLUMNS FROM `carver_link` [ RunTime:0.000518s ]
[2021-04-20T15:56:26+08:00][sql] SELECT * FROM `carver_link` WHERE  ( is_confirm=2 ) LIMIT 20 [ RunTime:0.000287s ]
[2021-04-20T15:56:26+08:00][sql] SELECT `article_label` FROM `carver_article` [ RunTime:0.000276s ]
[2021-04-20T15:56:26+08:00][sql] SHOW FULL COLUMNS FROM `carver_carouse` [ RunTime:0.000496s ]
[2021-04-20T15:56:26+08:00][sql] SELECT `carouse_img`,`carouse_desc` FROM `carver_carouse` WHERE  `is_show` = 1 ORDER BY `carouse_sort` DESC LIMIT 3 [ RunTime:0.000332s ]
[2021-04-20T15:56:26+08:00][sql] SHOW FULL COLUMNS FROM `carver_site` [ RunTime:0.000485s ]
[2021-04-20T15:56:26+08:00][sql] SELECT * FROM `carver_site` [ RunTime:0.000258s ]
[2021-04-20T15:56:52+08:00][sql] CONNECT:[ UseTime:0.000530s ] mysql:host=127.0.0.1;port=3306;dbname=carver;charset=utf8
[2021-04-20T15:56:52+08:00][sql] SHOW FULL COLUMNS FROM `carver_user` [ RunTime:0.000810s ]
[2021-04-20T15:56:52+08:00][sql] SHOW FULL COLUMNS FROM `carver_article` [ RunTime:0.000671s ]
[2021-04-20T15:56:52+08:00][sql] SELECT COUNT(*) AS think_count FROM `carver_article` WHERE  `delete_time` = 0  AND `is_show` = 1 [ RunTime:0.000376s ]
[2021-04-20T15:56:52+08:00][sql] SELECT `article_id`,`article_title`,`article_desc`,`article_content`,`article_img`,`article_guide`,`article_label`,`click_num`,`is_show`,`add_time`,`article_author`,`is_top_show` FROM `carver_article` WHERE  `delete_time` = 0  AND `is_show` = 1 ORDER BY `article_id` DESC LIMIT 0,6 [ RunTime:0.000597s ]
[2021-04-20T15:56:52+08:00][sql] SELECT article_id,article_title,click_num,FROM_UNIXTIME(add_time,'%Y-%m-%d') as add_time FROM `carver_article` WHERE  `is_show` = 1  AND `delete_time` = 0 ORDER BY `click_num` DESC LIMIT 3 [ RunTime:0.000382s ]
[2021-04-20T15:56:52+08:00][sql] SHOW FULL COLUMNS FROM `carver_notice` [ RunTime:0.000500s ]
[2021-04-20T15:56:52+08:00][sql] SELECT * FROM `carver_notice` ORDER BY `create_time` DESC LIMIT 3 [ RunTime:0.000262s ]
[2021-04-20T15:56:52+08:00][sql] SHOW FULL COLUMNS FROM `carver_navigation` [ RunTime:0.000496s ]
[2021-04-20T15:56:52+08:00][sql] SELECT * FROM `carver_navigation` [ RunTime:0.000225s ]
[2021-04-20T15:56:52+08:00][sql] SHOW FULL COLUMNS FROM `carver_link` [ RunTime:0.000465s ]
[2021-04-20T15:56:52+08:00][sql] SELECT * FROM `carver_link` WHERE  ( is_confirm=2 ) LIMIT 20 [ RunTime:0.000279s ]
[2021-04-20T15:56:52+08:00][sql] SELECT `article_label` FROM `carver_article` [ RunTime:0.000256s ]
[2021-04-20T15:56:52+08:00][sql] SHOW FULL COLUMNS FROM `carver_carouse` [ RunTime:0.000455s ]
[2021-04-20T15:56:52+08:00][sql] SELECT `carouse_img`,`carouse_desc` FROM `carver_carouse` WHERE  `is_show` = 1 ORDER BY `carouse_sort` DESC LIMIT 3 [ RunTime:0.000285s ]
[2021-04-20T15:56:52+08:00][sql] SHOW FULL COLUMNS FROM `carver_site` [ RunTime:0.000468s ]
[2021-04-20T15:56:52+08:00][sql] SELECT * FROM `carver_site` [ RunTime:0.000243s ]
[2021-04-20T16:44:07+08:00][sql] CONNECT:[ UseTime:0.000510s ] mysql:host=127.0.0.1;port=3306;dbname=carver;charset=utf8
[2021-04-20T16:44:07+08:00][sql] SHOW FULL COLUMNS FROM `carver_user` [ RunTime:0.000828s ]
[2021-04-20T16:44:07+08:00][sql] SHOW FULL COLUMNS FROM `carver_article` [ RunTime:0.000741s ]
[2021-04-20T16:44:07+08:00][sql] SELECT COUNT(*) AS think_count FROM `carver_article` WHERE  `delete_time` = 0  AND `is_show` = 1 [ RunTime:0.000394s ]
[2021-04-20T16:44:07+08:00][sql] SELECT `article_id`,`article_title`,`article_desc`,`article_content`,`article_img`,`article_guide`,`article_label`,`click_num`,`is_show`,`add_time`,`article_author`,`is_top_show` FROM `carver_article` WHERE  `delete_time` = 0  AND `is_show` = 1 ORDER BY `article_id` DESC LIMIT 0,6 [ RunTime:0.000617s ]
[2021-04-20T16:44:07+08:00][sql] SELECT article_id,article_title,click_num,FROM_UNIXTIME(add_time,'%Y-%m-%d') as add_time FROM `carver_article` WHERE  `is_show` = 1  AND `delete_time` = 0 ORDER BY `click_num` DESC LIMIT 3 [ RunTime:0.000496s ]
[2021-04-20T16:44:07+08:00][sql] SHOW FULL COLUMNS FROM `carver_notice` [ RunTime:0.000587s ]
[2021-04-20T16:44:07+08:00][sql] SELECT * FROM `carver_notice` ORDER BY `create_time` DESC LIMIT 3 [ RunTime:0.000410s ]
[2021-04-20T16:44:07+08:00][sql] SHOW FULL COLUMNS FROM `carver_navigation` [ RunTime:0.000625s ]
[2021-04-20T16:44:07+08:00][sql] SELECT * FROM `carver_navigation` [ RunTime:0.000245s ]
[2021-04-20T16:44:07+08:00][sql] SHOW FULL COLUMNS FROM `carver_link` [ RunTime:0.000496s ]
[2021-04-20T16:44:07+08:00][sql] SELECT * FROM `carver_link` WHERE  ( is_confirm=2 ) LIMIT 20 [ RunTime:0.000307s ]
[2021-04-20T16:44:07+08:00][sql] SELECT `article_label` FROM `carver_article` [ RunTime:0.000269s ]
[2021-04-20T16:44:07+08:00][sql] SHOW FULL COLUMNS FROM `carver_carouse` [ RunTime:0.000527s ]
[2021-04-20T16:44:07+08:00][sql] SELECT `carouse_img`,`carouse_desc` FROM `carver_carouse` WHERE  `is_show` = 1 ORDER BY `carouse_sort` DESC LIMIT 3 [ RunTime:0.000315s ]
[2021-04-20T16:44:07+08:00][sql] SHOW FULL COLUMNS FROM `carver_site` [ RunTime:0.000479s ]
[2021-04-20T16:44:07+08:00][sql] SELECT * FROM `carver_site` [ RunTime:0.000253s ]
[2021-04-20T16:46:59+08:00][sql] CONNECT:[ UseTime:0.000496s ] mysql:host=127.0.0.1;port=3306;dbname=carver;charset=utf8
[2021-04-20T16:46:59+08:00][sql] SHOW FULL COLUMNS FROM `carver_user` [ RunTime:0.000780s ]
[2021-04-20T16:46:59+08:00][sql] SHOW FULL COLUMNS FROM `carver_article` [ RunTime:0.000698s ]
[2021-04-20T16:46:59+08:00][sql] SELECT COUNT(*) AS think_count FROM `carver_article` WHERE  `delete_time` = 0  AND `is_show` = 1 [ RunTime:0.000398s ]
[2021-04-20T16:46:59+08:00][sql] SELECT `article_id`,`article_title`,`article_desc`,`article_content`,`article_img`,`article_guide`,`article_label`,`click_num`,`is_show`,`add_time`,`article_author`,`is_top_show` FROM `carver_article` WHERE  `delete_time` = 0  AND `is_show` = 1 ORDER BY `article_id` DESC LIMIT 0,6 [ RunTime:0.000614s ]
[2021-04-20T16:46:59+08:00][sql] SELECT article_id,article_title,click_num,FROM_UNIXTIME(add_time,'%Y-%m-%d') as add_time FROM `carver_article` WHERE  `is_show` = 1  AND `delete_time` = 0 ORDER BY `click_num` DESC LIMIT 3 [ RunTime:0.000390s ]
[2021-04-20T16:46:59+08:00][sql] SHOW FULL COLUMNS FROM `carver_notice` [ RunTime:0.000519s ]
[2021-04-20T16:46:59+08:00][sql] SELECT * FROM `carver_notice` ORDER BY `create_time` DESC LIMIT 3 [ RunTime:0.000300s ]
[2021-04-20T16:46:59+08:00][sql] SHOW FULL COLUMNS FROM `carver_navigation` [ RunTime:0.000510s ]
[2021-04-20T16:46:59+08:00][sql] SELECT * FROM `carver_navigation` [ RunTime:0.000244s ]
[2021-04-20T16:46:59+08:00][sql] SHOW FULL COLUMNS FROM `carver_link` [ RunTime:0.000488s ]
[2021-04-20T16:46:59+08:00][sql] SELECT * FROM `carver_link` WHERE  ( is_confirm=2 ) LIMIT 20 [ RunTime:0.000302s ]
[2021-04-20T16:46:59+08:00][sql] SELECT `article_label` FROM `carver_article` [ RunTime:0.000261s ]
[2021-04-20T16:46:59+08:00][sql] SHOW FULL COLUMNS FROM `carver_carouse` [ RunTime:0.000471s ]
[2021-04-20T16:46:59+08:00][sql] SELECT `carouse_img`,`carouse_desc` FROM `carver_carouse` WHERE  `is_show` = 1 ORDER BY `carouse_sort` DESC LIMIT 3 [ RunTime:0.000279s ]
[2021-04-20T16:46:59+08:00][sql] SHOW FULL COLUMNS FROM `carver_site` [ RunTime:0.000529s ]
[2021-04-20T16:46:59+08:00][sql] SELECT * FROM `carver_site` [ RunTime:0.000237s ]
[2021-04-20T17:06:56+08:00][sql] CONNECT:[ UseTime:0.000516s ] mysql:host=127.0.0.1;port=3306;dbname=carver;charset=utf8
[2021-04-20T17:06:56+08:00][sql] SHOW FULL COLUMNS FROM `carver_article` [ RunTime:0.000868s ]
[2021-04-20T17:06:56+08:00][sql] SELECT COUNT(*) AS think_count FROM `carver_article` WHERE  `article_label` LIKE '%php;git%'  AND `delete_time` = 0  AND `is_show` = 1 [ RunTime:0.000424s ]
[2021-04-20T17:06:56+08:00][sql] SELECT * FROM `carver_article` WHERE  `article_label` LIKE '%php;git%'  AND `delete_time` = 0  AND `is_show` = 1 LIMIT 0,6 [ RunTime:0.000998s ]
[2021-04-20T17:06:56+08:00][sql] SELECT article_id,article_title,click_num,FROM_UNIXTIME(add_time,'%Y-%m-%d') as add_time FROM `carver_article` WHERE  `is_show` = 1  AND `delete_time` = 0 ORDER BY `click_num` DESC LIMIT 3 [ RunTime:0.000528s ]
[2021-04-20T17:06:56+08:00][sql] SHOW FULL COLUMNS FROM `carver_notice` [ RunTime:0.000668s ]
[2021-04-20T17:06:56+08:00][sql] SELECT * FROM `carver_notice` ORDER BY `create_time` DESC LIMIT 3 [ RunTime:0.000287s ]
[2021-04-20T17:06:56+08:00][sql] SHOW FULL COLUMNS FROM `carver_navigation` [ RunTime:0.000515s ]
[2021-04-20T17:06:56+08:00][sql] SELECT * FROM `carver_navigation` [ RunTime:0.000256s ]
[2021-04-20T17:06:56+08:00][sql] SHOW FULL COLUMNS FROM `carver_link` [ RunTime:0.000535s ]
[2021-04-20T17:06:56+08:00][sql] SELECT * FROM `carver_link` WHERE  ( is_confirm=2 ) LIMIT 20 [ RunTime:0.000297s ]
[2021-04-20T17:06:56+08:00][sql] SELECT `article_label` FROM `carver_article` [ RunTime:0.000247s ]
[2021-04-20T17:06:56+08:00][sql] SHOW FULL COLUMNS FROM `carver_carouse` [ RunTime:0.000546s ]
[2021-04-20T17:06:56+08:00][sql] SELECT `carouse_img`,`carouse_desc` FROM `carver_carouse` WHERE  `is_show` = 1 ORDER BY `carouse_sort` DESC LIMIT 3 [ RunTime:0.000294s ]
[2021-04-20T17:06:56+08:00][sql] SHOW FULL COLUMNS FROM `carver_site` [ RunTime:0.000538s ]
[2021-04-20T17:06:56+08:00][sql] SELECT * FROM `carver_site` [ RunTime:0.000240s ]
[2021-04-20T17:25:24+08:00][sql] CONNECT:[ UseTime:0.000547s ] mysql:host=127.0.0.1;port=3306;dbname=carver;charset=utf8
[2021-04-20T17:25:24+08:00][sql] SHOW FULL COLUMNS FROM `carver_user` [ RunTime:0.000863s ]
[2021-04-20T17:25:24+08:00][sql] SHOW FULL COLUMNS FROM `carver_article` [ RunTime:0.000808s ]
[2021-04-20T17:25:24+08:00][sql] SELECT COUNT(*) AS think_count FROM `carver_article` WHERE  `delete_time` = 0  AND `is_show` = 1 [ RunTime:0.000462s ]
[2021-04-20T17:25:24+08:00][sql] SELECT `article_id`,`article_title`,`article_desc`,`article_content`,`article_img`,`article_guide`,`article_label`,`click_num`,`is_show`,`add_time`,`article_author`,`is_top_show` FROM `carver_article` WHERE  `delete_time` = 0  AND `is_show` = 1 ORDER BY `article_id` DESC LIMIT 24,6 [ RunTime:0.001043s ]
[2021-04-20T17:25:24+08:00][sql] SELECT article_id,article_title,click_num,FROM_UNIXTIME(add_time,'%Y-%m-%d') as add_time FROM `carver_article` WHERE  `is_show` = 1  AND `delete_time` = 0 ORDER BY `click_num` DESC LIMIT 3 [ RunTime:0.000470s ]
[2021-04-20T17:25:24+08:00][sql] SHOW FULL COLUMNS FROM `carver_notice` [ RunTime:0.000575s ]
[2021-04-20T17:25:24+08:00][sql] SELECT * FROM `carver_notice` ORDER BY `create_time` DESC LIMIT 3 [ RunTime:0.000285s ]
[2021-04-20T17:25:24+08:00][sql] SHOW FULL COLUMNS FROM `carver_navigation` [ RunTime:0.000608s ]
[2021-04-20T17:25:24+08:00][sql] SELECT * FROM `carver_navigation` [ RunTime:0.000235s ]
[2021-04-20T17:25:24+08:00][sql] SHOW FULL COLUMNS FROM `carver_link` [ RunTime:0.000493s ]
[2021-04-20T17:25:24+08:00][sql] SELECT * FROM `carver_link` WHERE  ( is_confirm=2 ) LIMIT 20 [ RunTime:0.000306s ]
[2021-04-20T17:25:24+08:00][sql] SELECT `article_label` FROM `carver_article` [ RunTime:0.000312s ]
[2021-04-20T17:25:24+08:00][sql] SHOW FULL COLUMNS FROM `carver_carouse` [ RunTime:0.000521s ]
[2021-04-20T17:25:24+08:00][sql] SELECT `carouse_img`,`carouse_desc` FROM `carver_carouse` WHERE  `is_show` = 1 ORDER BY `carouse_sort` DESC LIMIT 3 [ RunTime:0.000295s ]
[2021-04-20T17:25:24+08:00][sql] SHOW FULL COLUMNS FROM `carver_site` [ RunTime:0.000509s ]
[2021-04-20T17:25:24+08:00][sql] SELECT * FROM `carver_site` [ RunTime:0.000244s ]
[2021-04-20T18:10:07+08:00][sql] CONNECT:[ UseTime:0.000508s ] mysql:host=127.0.0.1;port=3306;dbname=carver;charset=utf8
[2021-04-20T18:10:07+08:00][sql] SHOW FULL COLUMNS FROM `carver_user` [ RunTime:0.000791s ]
[2021-04-20T18:10:07+08:00][sql] SHOW FULL COLUMNS FROM `carver_article` [ RunTime:0.000676s ]
[2021-04-20T18:10:07+08:00][sql] SELECT COUNT(*) AS think_count FROM `carver_article` WHERE  `delete_time` = 0  AND `is_show` = 1 [ RunTime:0.000384s ]
[2021-04-20T18:10:07+08:00][sql] SELECT `article_id`,`article_title`,`article_desc`,`article_content`,`article_img`,`article_guide`,`article_label`,`click_num`,`is_show`,`add_time`,`article_author`,`is_top_show` FROM `carver_article` WHERE  `delete_time` = 0  AND `is_show` = 1 ORDER BY `article_id` DESC LIMIT 0,6 [ RunTime:0.000603s ]
[2021-04-20T18:10:07+08:00][sql] SELECT article_id,article_title,click_num,FROM_UNIXTIME(add_time,'%Y-%m-%d') as add_time FROM `carver_article` WHERE  `is_show` = 1  AND `delete_time` = 0 ORDER BY `click_num` DESC LIMIT 3 [ RunTime:0.000432s ]
[2021-04-20T18:10:07+08:00][sql] SHOW FULL COLUMNS FROM `carver_notice` [ RunTime:0.000487s ]
[2021-04-20T18:10:07+08:00][sql] SELECT * FROM `carver_notice` ORDER BY `create_time` DESC LIMIT 3 [ RunTime:0.000265s ]
[2021-04-20T18:10:07+08:00][sql] SHOW FULL COLUMNS FROM `carver_navigation` [ RunTime:0.000522s ]
[2021-04-20T18:10:07+08:00][sql] SELECT * FROM `carver_navigation` [ RunTime:0.000228s ]
[2021-04-20T18:10:07+08:00][sql] SHOW FULL COLUMNS FROM `carver_link` [ RunTime:0.000462s ]
[2021-04-20T18:10:07+08:00][sql] SELECT * FROM `carver_link` WHERE  ( is_confirm=2 ) LIMIT 20 [ RunTime:0.000266s ]
[2021-04-20T18:10:07+08:00][sql] SELECT `article_label` FROM `carver_article` [ RunTime:0.000256s ]
[2021-04-20T18:10:07+08:00][sql] SHOW FULL COLUMNS FROM `carver_carouse` [ RunTime:0.000449s ]
[2021-04-20T18:10:07+08:00][sql] SELECT `carouse_img`,`carouse_desc` FROM `carver_carouse` WHERE  `is_show` = 1 ORDER BY `carouse_sort` DESC LIMIT 3 [ RunTime:0.000270s ]
[2021-04-20T18:10:07+08:00][sql] SHOW FULL COLUMNS FROM `carver_site` [ RunTime:0.000495s ]
[2021-04-20T18:10:07+08:00][sql] SELECT * FROM `carver_site` [ RunTime:0.000239s ]
[2021-04-20T18:37:20+08:00][sql] CONNECT:[ UseTime:0.000499s ] mysql:host=127.0.0.1;port=3306;dbname=carver;charset=utf8
[2021-04-20T18:37:20+08:00][sql] SHOW FULL COLUMNS FROM `carver_article` [ RunTime:0.000843s ]
[2021-04-20T18:37:20+08:00][sql] SELECT COUNT(*) AS think_count FROM `carver_article` WHERE  `article_label` LIKE '%php;excel%'  AND `delete_time` = 0  AND `is_show` = 1 [ RunTime:0.000458s ]
[2021-04-20T18:37:20+08:00][sql] SELECT * FROM `carver_article` WHERE  `article_label` LIKE '%php;excel%'  AND `delete_time` = 0  AND `is_show` = 1 LIMIT 0,6 [ RunTime:0.001262s ]
[2021-04-20T18:37:20+08:00][sql] SELECT article_id,article_title,click_num,FROM_UNIXTIME(add_time,'%Y-%m-%d') as add_time FROM `carver_article` WHERE  `is_show` = 1  AND `delete_time` = 0 ORDER BY `click_num` DESC LIMIT 3 [ RunTime:0.000398s ]
[2021-04-20T18:37:20+08:00][sql] SHOW FULL COLUMNS FROM `carver_notice` [ RunTime:0.000541s ]
[2021-04-20T18:37:20+08:00][sql] SELECT * FROM `carver_notice` ORDER BY `create_time` DESC LIMIT 3 [ RunTime:0.000251s ]
[2021-04-20T18:37:20+08:00][sql] SHOW FULL COLUMNS FROM `carver_navigation` [ RunTime:0.000576s ]
[2021-04-20T18:37:20+08:00][sql] SELECT * FROM `carver_navigation` [ RunTime:0.000232s ]
[2021-04-20T18:37:20+08:00][sql] SHOW FULL COLUMNS FROM `carver_link` [ RunTime:0.000477s ]
[2021-04-20T18:37:20+08:00][sql] SELECT * FROM `carver_link` WHERE  ( is_confirm=2 ) LIMIT 20 [ RunTime:0.000274s ]
[2021-04-20T18:37:20+08:00][sql] SELECT `article_label` FROM `carver_article` [ RunTime:0.000248s ]
[2021-04-20T18:37:20+08:00][sql] SHOW FULL COLUMNS FROM `carver_carouse` [ RunTime:0.000440s ]
[2021-04-20T18:37:20+08:00][sql] SELECT `carouse_img`,`carouse_desc` FROM `carver_carouse` WHERE  `is_show` = 1 ORDER BY `carouse_sort` DESC LIMIT 3 [ RunTime:0.000290s ]
[2021-04-20T18:37:20+08:00][sql] SHOW FULL COLUMNS FROM `carver_site` [ RunTime:0.000454s ]
[2021-04-20T18:37:20+08:00][sql] SELECT * FROM `carver_site` [ RunTime:0.000218s ]
[2021-04-20T19:58:28+08:00][sql] CONNECT:[ UseTime:0.000482s ] mysql:host=127.0.0.1;port=3306;dbname=carver;charset=utf8
[2021-04-20T19:58:28+08:00][sql] SHOW FULL COLUMNS FROM `carver_article` [ RunTime:0.000912s ]
[2021-04-20T19:58:28+08:00][sql] SELECT COUNT(*) AS think_count FROM `carver_article` WHERE  `article_label` LIKE '%git%'  AND `delete_time` = 0  AND `is_show` = 1 [ RunTime:0.000414s ]
[2021-04-20T19:58:28+08:00][sql] SELECT * FROM `carver_article` WHERE  `article_label` LIKE '%git%'  AND `delete_time` = 0  AND `is_show` = 1 LIMIT 0,6 [ RunTime:0.000925s ]
[2021-04-20T19:58:28+08:00][sql] SELECT article_id,article_title,click_num,FROM_UNIXTIME(add_time,'%Y-%m-%d') as add_time FROM `carver_article` WHERE  `is_show` = 1  AND `delete_time` = 0 ORDER BY `click_num` DESC LIMIT 3 [ RunTime:0.000406s ]
[2021-04-20T19:58:28+08:00][sql] SHOW FULL COLUMNS FROM `carver_notice` [ RunTime:0.000546s ]
[2021-04-20T19:58:28+08:00][sql] SELECT * FROM `carver_notice` ORDER BY `create_time` DESC LIMIT 3 [ RunTime:0.000283s ]
[2021-04-20T19:58:28+08:00][sql] SHOW FULL COLUMNS FROM `carver_navigation` [ RunTime:0.000531s ]
[2021-04-20T19:58:28+08:00][sql] SELECT * FROM `carver_navigation` [ RunTime:0.000232s ]
[2021-04-20T19:58:28+08:00][sql] SHOW FULL COLUMNS FROM `carver_link` [ RunTime:0.000595s ]
[2021-04-20T19:58:28+08:00][sql] SELECT * FROM `carver_link` WHERE  ( is_confirm=2 ) LIMIT 20 [ RunTime:0.000297s ]
[2021-04-20T19:58:28+08:00][sql] SELECT `article_label` FROM `carver_article` [ RunTime:0.000247s ]
[2021-04-20T19:58:28+08:00][sql] SHOW FULL COLUMNS FROM `carver_carouse` [ RunTime:0.000469s ]
[2021-04-20T19:58:28+08:00][sql] SELECT `carouse_img`,`carouse_desc` FROM `carver_carouse` WHERE  `is_show` = 1 ORDER BY `carouse_sort` DESC LIMIT 3 [ RunTime:0.000275s ]
[2021-04-20T19:58:28+08:00][sql] SHOW FULL COLUMNS FROM `carver_site` [ RunTime:0.000594s ]
[2021-04-20T19:58:28+08:00][sql] SELECT * FROM `carver_site` [ RunTime:0.000239s ]
[2021-04-20T20:29:43+08:00][sql] CONNECT:[ UseTime:0.000551s ] mysql:host=127.0.0.1;port=3306;dbname=carver;charset=utf8
[2021-04-20T20:29:43+08:00][sql] SHOW FULL COLUMNS FROM `carver_article` [ RunTime:0.000863s ]
[2021-04-20T20:29:43+08:00][sql] SELECT `article_id`,`article_title`,`article_desc`,`article_content`,`article_img`,`article_guide`,`article_label`,`click_num`,`is_show`,`add_time`,`article_author` FROM `carver_article` WHERE  `article_id` = 17/ LIMIT 1 [ RunTime:0.000550s ]
[2021-04-20T20:29:43+08:00][sql] SELECT `article_id`,`article_title`,`article_desc`,`article_content`,`article_img`,`article_guide`,`article_label`,`click_num`,`is_show`,`add_time`,`article_author` FROM `carver_article` WHERE  `article_id` > 17/ LIMIT 1 [ RunTime:0.000425s ]
[2021-04-20T20:29:43+08:00][sql] SELECT `article_id`,`article_title`,`article_desc`,`article_content`,`article_img`,`article_guide`,`article_label`,`click_num`,`is_show`,`add_time`,`article_author` FROM `carver_article` WHERE  `article_id` < 17/ ORDER BY `article_id` DESC LIMIT 1 [ RunTime:0.000413s ]
[2021-04-20T20:29:43+08:00][sql] SHOW FULL COLUMNS FROM `carver_link` [ RunTime:0.000528s ]
[2021-04-20T20:29:43+08:00][sql] SELECT * FROM `carver_link` WHERE  ( is_confirm=2 ) LIMIT 20 [ RunTime:0.000315s ]
[2021-04-20T20:29:43+08:00][sql] SELECT article_id,article_title,click_num,FROM_UNIXTIME(add_time,'%Y-%m-%d') as add_time FROM `carver_article` ORDER BY `click_num` DESC LIMIT 3 [ RunTime:0.000330s ]
[2021-04-20T20:29:43+08:00][sql] SHOW FULL COLUMNS FROM `carver_comment` [ RunTime:0.000694s ]
[2021-04-20T20:29:43+08:00][sql] SELECT `a`.*,`b`.`user_name` FROM `carver_comment` `a` INNER JOIN `carver_user` `b` ON `a`.`user_id`=`b`.`user_id` WHERE  `article_id` = 17/ ORDER BY `create_time` DESC [ RunTime:0.000364s ]
[2021-04-20T20:29:43+08:00][sql] SHOW FULL COLUMNS FROM `carver_comment_to_others` [ RunTime:0.000560s ]
[2021-04-20T20:29:43+08:00][sql] SELECT * FROM `carver_comment_to_others` [ RunTime:0.000250s ]
[2021-04-20T20:29:43+08:00][sql] SHOW FULL COLUMNS FROM `carver_user` [ RunTime:0.000484s ]
[2021-04-20T20:29:43+08:00][sql] SELECT `user_name` FROM `carver_user` WHERE  `user_id` = 4 LIMIT 1 [ RunTime:0.000243s ]
[2021-04-20T20:29:43+08:00][sql] SELECT `user_name` FROM `carver_user` WHERE  `user_id` = 4 LIMIT 1 [ RunTime:0.000229s ]
[2021-04-20T20:29:43+08:00][sql] SELECT `user_name` FROM `carver_user` WHERE  `user_id` = 5 LIMIT 1 [ RunTime:0.000282s ]
[2021-04-20T20:29:43+08:00][sql] SELECT `user_name` FROM `carver_user` WHERE  `user_id` = 5 LIMIT 1 [ RunTime:0.000226s ]
[2021-04-20T20:29:43+08:00][sql] SELECT `user_name`,`user_id` FROM `carver_user` [ RunTime:0.000229s ]
[2021-04-20T20:29:43+08:00][sql] SHOW FULL COLUMNS FROM `carver_navigation` [ RunTime:0.000518s ]
[2021-04-20T20:29:43+08:00][sql] SELECT * FROM `carver_navigation` [ RunTime:0.000245s ]
[2021-04-20T20:29:43+08:00][sql] SELECT `article_label` FROM `carver_article` [ RunTime:0.000243s ]
[2021-04-20T20:29:46+08:00][sql] CONNECT:[ UseTime:0.000475s ] mysql:host=127.0.0.1;port=3306;dbname=carver;charset=utf8
[2021-04-20T20:29:46+08:00][sql] SHOW FULL COLUMNS FROM `carver_article` [ RunTime:0.000849s ]
[2021-04-20T20:29:46+08:00][sql] SELECT `article_id`,`article_title`,`article_desc`,`article_content`,`article_img`,`article_guide`,`article_label`,`click_num`,`is_show`,`add_time`,`article_author` FROM `carver_article` WHERE  `article_id` = 18/ LIMIT 1 [ RunTime:0.000474s ]
[2021-04-20T20:29:46+08:00][sql] SELECT `article_id`,`article_title`,`article_desc`,`article_content`,`article_img`,`article_guide`,`article_label`,`click_num`,`is_show`,`add_time`,`article_author` FROM `carver_article` WHERE  `article_id` > 18/ LIMIT 1 [ RunTime:0.004525s ]
[2021-04-20T20:29:46+08:00][sql] SELECT `article_id`,`article_title`,`article_desc`,`article_content`,`article_img`,`article_guide`,`article_label`,`click_num`,`is_show`,`add_time`,`article_author` FROM `carver_article` WHERE  `article_id` < 18/ ORDER BY `article_id` DESC LIMIT 1 [ RunTime:0.000480s ]
[2021-04-20T20:29:46+08:00][sql] SHOW FULL COLUMNS FROM `carver_link` [ RunTime:0.000570s ]
[2021-04-20T20:29:46+08:00][sql] SELECT * FROM `carver_link` WHERE  ( is_confirm=2 ) LIMIT 20 [ RunTime:0.000280s ]
[2021-04-20T20:29:46+08:00][sql] SELECT article_id,article_title,click_num,FROM_UNIXTIME(add_time,'%Y-%m-%d') as add_time FROM `carver_article` ORDER BY `click_num` DESC LIMIT 3 [ RunTime:0.000339s ]
[2021-04-20T20:29:46+08:00][sql] SHOW FULL COLUMNS FROM `carver_comment` [ RunTime:0.000524s ]
[2021-04-20T20:29:46+08:00][sql] SELECT `a`.*,`b`.`user_name` FROM `carver_comment` `a` INNER JOIN `carver_user` `b` ON `a`.`user_id`=`b`.`user_id` WHERE  `article_id` = 18/ ORDER BY `create_time` DESC [ RunTime:0.000330s ]
[2021-04-20T20:29:46+08:00][sql] SHOW FULL COLUMNS FROM `carver_comment_to_others` [ RunTime:0.000531s ]
[2021-04-20T20:29:46+08:00][sql] SELECT * FROM `carver_comment_to_others` [ RunTime:0.000227s ]
[2021-04-20T20:29:46+08:00][sql] SHOW FULL COLUMNS FROM `carver_user` [ RunTime:0.000429s ]
[2021-04-20T20:29:46+08:00][sql] SELECT `user_name` FROM `carver_user` WHERE  `user_id` = 4 LIMIT 1 [ RunTime:0.000228s ]
[2021-04-20T20:29:46+08:00][sql] SELECT `user_name` FROM `carver_user` WHERE  `user_id` = 4 LIMIT 1 [ RunTime:0.000232s ]
[2021-04-20T20:29:46+08:00][sql] SELECT `user_name` FROM `carver_user` WHERE  `user_id` = 5 LIMIT 1 [ RunTime:0.000201s ]
[2021-04-20T20:29:46+08:00][sql] SELECT `user_name` FROM `carver_user` WHERE  `user_id` = 5 LIMIT 1 [ RunTime:0.000233s ]
[2021-04-20T20:29:46+08:00][sql] SHOW FULL COLUMNS FROM `carver_navigation` [ RunTime:0.000480s ]
[2021-04-20T20:29:46+08:00][sql] SELECT * FROM `carver_navigation` [ RunTime:0.000250s ]
[2021-04-20T20:29:46+08:00][sql] SELECT `article_label` FROM `carver_article` [ RunTime:0.000250s ]
[2021-04-20T20:29:49+08:00][sql] CONNECT:[ UseTime:0.000523s ] mysql:host=127.0.0.1;port=3306;dbname=carver;charset=utf8
[2021-04-20T20:29:49+08:00][sql] SHOW FULL COLUMNS FROM `carver_article` [ RunTime:0.000865s ]
[2021-04-20T20:29:49+08:00][sql] SELECT `article_id`,`article_title`,`article_desc`,`article_content`,`article_img`,`article_guide`,`article_label`,`click_num`,`is_show`,`add_time`,`article_author` FROM `carver_article` WHERE  `article_id` = 24/ LIMIT 1 [ RunTime:0.000495s ]
[2021-04-20T20:29:49+08:00][sql] SELECT `article_id`,`article_title`,`article_desc`,`article_content`,`article_img`,`article_guide`,`article_label`,`click_num`,`is_show`,`add_time`,`article_author` FROM `carver_article` WHERE  `article_id` > 24/ LIMIT 1 [ RunTime:0.000390s ]
[2021-04-20T20:29:49+08:00][sql] SELECT `article_id`,`article_title`,`article_desc`,`article_content`,`article_img`,`article_guide`,`article_label`,`click_num`,`is_show`,`add_time`,`article_author` FROM `carver_article` WHERE  `article_id` < 24/ ORDER BY `article_id` DESC LIMIT 1 [ RunTime:0.000659s ]
[2021-04-20T20:29:49+08:00][sql] SHOW FULL COLUMNS FROM `carver_link` [ RunTime:0.000558s ]
[2021-04-20T20:29:49+08:00][sql] SELECT * FROM `carver_link` WHERE  ( is_confirm=2 ) LIMIT 20 [ RunTime:0.000292s ]
[2021-04-20T20:29:49+08:00][sql] SELECT article_id,article_title,click_num,FROM_UNIXTIME(add_time,'%Y-%m-%d') as add_time FROM `carver_article` ORDER BY `click_num` DESC LIMIT 3 [ RunTime:0.000355s ]
[2021-04-20T20:29:49+08:00][sql] SHOW FULL COLUMNS FROM `carver_comment` [ RunTime:0.000580s ]
[2021-04-20T20:29:49+08:00][sql] SELECT `a`.*,`b`.`user_name` FROM `carver_comment` `a` INNER JOIN `carver_user` `b` ON `a`.`user_id`=`b`.`user_id` WHERE  `article_id` = 24/ ORDER BY `create_time` DESC [ RunTime:0.000343s ]
[2021-04-20T20:29:49+08:00][sql] SHOW FULL COLUMNS FROM `carver_comment_to_others` [ RunTime:0.000541s ]
[2021-04-20T20:29:49+08:00][sql] SELECT * FROM `carver_comment_to_others` [ RunTime:0.000242s ]
[2021-04-20T20:29:49+08:00][sql] SHOW FULL COLUMNS FROM `carver_user` [ RunTime:0.000469s ]
[2021-04-20T20:29:49+08:00][sql] SELECT `user_name` FROM `carver_user` WHERE  `user_id` = 4 LIMIT 1 [ RunTime:0.000227s ]
[2021-04-20T20:29:49+08:00][sql] SELECT `user_name` FROM `carver_user` WHERE  `user_id` = 4 LIMIT 1 [ RunTime:0.000271s ]
[2021-04-20T20:29:49+08:00][sql] SELECT `user_name` FROM `carver_user` WHERE  `user_id` = 5 LIMIT 1 [ RunTime:0.000219s ]
[2021-04-20T20:29:49+08:00][sql] SELECT `user_name` FROM `carver_user` WHERE  `user_id` = 5 LIMIT 1 [ RunTime:0.000215s ]
[2021-04-20T20:29:49+08:00][sql] SHOW FULL COLUMNS FROM `carver_navigation` [ RunTime:0.000554s ]
[2021-04-20T20:29:49+08:00][sql] SELECT * FROM `carver_navigation` [ RunTime:0.000249s ]
[2021-04-20T20:29:49+08:00][sql] SELECT `article_label` FROM `carver_article` [ RunTime:0.000292s ]
[2021-04-20T20:29:53+08:00][sql] CONNECT:[ UseTime:0.000497s ] mysql:host=127.0.0.1;port=3306;dbname=carver;charset=utf8
[2021-04-20T20:29:53+08:00][sql] SHOW FULL COLUMNS FROM `carver_article` [ RunTime:0.000823s ]
[2021-04-20T20:29:53+08:00][sql] SELECT COUNT(*) AS think_count FROM `carver_article` WHERE  `article_label` LIKE '%git/%'  AND `delete_time` = 0  AND `is_show` = 1 [ RunTime:0.000388s ]
[2021-04-20T20:29:53+08:00][sql] SELECT * FROM `carver_article` WHERE  `article_label` LIKE '%git/%'  AND `delete_time` = 0  AND `is_show` = 1 LIMIT 0,6 [ RunTime:0.000906s ]
[2021-04-20T20:29:53+08:00][sql] SELECT article_id,article_title,click_num,FROM_UNIXTIME(add_time,'%Y-%m-%d') as add_time FROM `carver_article` WHERE  `is_show` = 1  AND `delete_time` = 0 ORDER BY `click_num` DESC LIMIT 3 [ RunTime:0.000415s ]
[2021-04-20T20:29:53+08:00][sql] SHOW FULL COLUMNS FROM `carver_notice` [ RunTime:0.000567s ]
[2021-04-20T20:29:53+08:00][sql] SELECT * FROM `carver_notice` ORDER BY `create_time` DESC LIMIT 3 [ RunTime:0.000304s ]
[2021-04-20T20:29:53+08:00][sql] SHOW FULL COLUMNS FROM `carver_navigation` [ RunTime:0.000591s ]
[2021-04-20T20:29:53+08:00][sql] SELECT * FROM `carver_navigation` [ RunTime:0.000287s ]
[2021-04-20T20:29:53+08:00][sql] SHOW FULL COLUMNS FROM `carver_link` [ RunTime:0.000521s ]
[2021-04-20T20:29:53+08:00][sql] SELECT * FROM `carver_link` WHERE  ( is_confirm=2 ) LIMIT 20 [ RunTime:0.000350s ]
[2021-04-20T20:29:53+08:00][sql] SELECT `article_label` FROM `carver_article` [ RunTime:0.000250s ]
[2021-04-20T20:29:53+08:00][sql] SHOW FULL COLUMNS FROM `carver_carouse` [ RunTime:0.000507s ]
[2021-04-20T20:29:53+08:00][sql] SELECT `carouse_img`,`carouse_desc` FROM `carver_carouse` WHERE  `is_show` = 1 ORDER BY `carouse_sort` DESC LIMIT 3 [ RunTime:0.000283s ]
[2021-04-20T20:29:53+08:00][sql] SHOW FULL COLUMNS FROM `carver_site` [ RunTime:0.000547s ]
[2021-04-20T20:29:53+08:00][sql] SELECT * FROM `carver_site` [ RunTime:0.000254s ]
[2021-04-20T20:29:58+08:00][sql] CONNECT:[ UseTime:0.000510s ] mysql:host=127.0.0.1;port=3306;dbname=carver;charset=utf8
[2021-04-20T20:29:58+08:00][sql] SHOW FULL COLUMNS FROM `carver_article` [ RunTime:0.000852s ]
[2021-04-20T20:29:58+08:00][sql] SELECT COUNT(*) AS think_count FROM `carver_article` WHERE  `article_label` LIKE '%linux/%'  AND `delete_time` = 0  AND `is_show` = 1 [ RunTime:0.000421s ]
[2021-04-20T20:29:58+08:00][sql] SELECT * FROM `carver_article` WHERE  `article_label` LIKE '%linux/%'  AND `delete_time` = 0  AND `is_show` = 1 LIMIT 0,6 [ RunTime:0.000911s ]
[2021-04-20T20:29:58+08:00][sql] SELECT article_id,article_title,click_num,FROM_UNIXTIME(add_time,'%Y-%m-%d') as add_time FROM `carver_article` WHERE  `is_show` = 1  AND `delete_time` = 0 ORDER BY `click_num` DESC LIMIT 3 [ RunTime:0.000399s ]
[2021-04-20T20:29:58+08:00][sql] SHOW FULL COLUMNS FROM `carver_notice` [ RunTime:0.000565s ]
[2021-04-20T20:29:58+08:00][sql] SELECT * FROM `carver_notice` ORDER BY `create_time` DESC LIMIT 3 [ RunTime:0.000289s ]
[2021-04-20T20:29:58+08:00][sql] SHOW FULL COLUMNS FROM `carver_navigation` [ RunTime:0.000555s ]
[2021-04-20T20:29:58+08:00][sql] SELECT * FROM `carver_navigation` [ RunTime:0.000290s ]
[2021-04-20T20:29:58+08:00][sql] SHOW FULL COLUMNS FROM `carver_link` [ RunTime:0.000566s ]
[2021-04-20T20:29:58+08:00][sql] SELECT * FROM `carver_link` WHERE  ( is_confirm=2 ) LIMIT 20 [ RunTime:0.000346s ]
[2021-04-20T20:29:58+08:00][sql] SELECT `article_label` FROM `carver_article` [ RunTime:0.000269s ]
[2021-04-20T20:29:58+08:00][sql] SHOW FULL COLUMNS FROM `carver_carouse` [ RunTime:0.000522s ]
[2021-04-20T20:29:58+08:00][sql] SELECT `carouse_img`,`carouse_desc` FROM `carver_carouse` WHERE  `is_show` = 1 ORDER BY `carouse_sort` DESC LIMIT 3 [ RunTime:0.000303s ]
[2021-04-20T20:29:58+08:00][sql] SHOW FULL COLUMNS FROM `carver_site` [ RunTime:0.000515s ]
[2021-04-20T20:29:58+08:00][sql] SELECT * FROM `carver_site` [ RunTime:0.000301s ]
[2021-04-20T20:30:03+08:00][sql] CONNECT:[ UseTime:0.000511s ] mysql:host=127.0.0.1;port=3306;dbname=carver;charset=utf8
[2021-04-20T20:30:03+08:00][sql] SHOW FULL COLUMNS FROM `carver_article` [ RunTime:0.000904s ]
[2021-04-20T20:30:03+08:00][sql] SELECT COUNT(*) AS think_count FROM `carver_article` WHERE  `article_label` LIKE '%mysql/%'  AND `delete_time` = 0  AND `is_show` = 1 [ RunTime:0.000416s ]
[2021-04-20T20:30:03+08:00][sql] SELECT * FROM `carver_article` WHERE  `article_label` LIKE '%mysql/%'  AND `delete_time` = 0  AND `is_show` = 1 LIMIT 0,6 [ RunTime:0.000904s ]
[2021-04-20T20:30:03+08:00][sql] SELECT article_id,article_title,click_num,FROM_UNIXTIME(add_time,'%Y-%m-%d') as add_time FROM `carver_article` WHERE  `is_show` = 1  AND `delete_time` = 0 ORDER BY `click_num` DESC LIMIT 3 [ RunTime:0.000461s ]
[2021-04-20T20:30:03+08:00][sql] SHOW FULL COLUMNS FROM `carver_notice` [ RunTime:0.000577s ]
[2021-04-20T20:30:03+08:00][sql] SELECT * FROM `carver_notice` ORDER BY `create_time` DESC LIMIT 3 [ RunTime:0.000298s ]
[2021-04-20T20:30:03+08:00][sql] SHOW FULL COLUMNS FROM `carver_navigation` [ RunTime:0.000556s ]
[2021-04-20T20:30:03+08:00][sql] SELECT * FROM `carver_navigation` [ RunTime:0.000284s ]
[2021-04-20T20:30:03+08:00][sql] SHOW FULL COLUMNS FROM `carver_link` [ RunTime:0.000523s ]
[2021-04-20T20:30:03+08:00][sql] SELECT * FROM `carver_link` WHERE  ( is_confirm=2 ) LIMIT 20 [ RunTime:0.000332s ]
[2021-04-20T20:30:03+08:00][sql] SELECT `article_label` FROM `carver_article` [ RunTime:0.000267s ]
[2021-04-20T20:30:03+08:00][sql] SHOW FULL COLUMNS FROM `carver_carouse` [ RunTime:0.000577s ]
[2021-04-20T20:30:03+08:00][sql] SELECT `carouse_img`,`carouse_desc` FROM `carver_carouse` WHERE  `is_show` = 1 ORDER BY `carouse_sort` DESC LIMIT 3 [ RunTime:0.000300s ]
[2021-04-20T20:30:03+08:00][sql] SHOW FULL COLUMNS FROM `carver_site` [ RunTime:0.000514s ]
[2021-04-20T20:30:03+08:00][sql] SELECT * FROM `carver_site` [ RunTime:0.000271s ]
[2021-04-20T20:30:09+08:00][sql] CONNECT:[ UseTime:0.000465s ] mysql:host=127.0.0.1;port=3306;dbname=carver;charset=utf8
[2021-04-20T20:30:09+08:00][sql] SHOW FULL COLUMNS FROM `carver_article` [ RunTime:0.000833s ]
[2021-04-20T20:30:09+08:00][sql] SELECT COUNT(*) AS think_count FROM `carver_article` WHERE  `article_label` LIKE '%nginx/%'  AND `delete_time` = 0  AND `is_show` = 1 [ RunTime:0.000397s ]
[2021-04-20T20:30:09+08:00][sql] SELECT * FROM `carver_article` WHERE  `article_label` LIKE '%nginx/%'  AND `delete_time` = 0  AND `is_show` = 1 LIMIT 0,6 [ RunTime:0.000913s ]
[2021-04-20T20:30:09+08:00][sql] SELECT article_id,article_title,click_num,FROM_UNIXTIME(add_time,'%Y-%m-%d') as add_time FROM `carver_article` WHERE  `is_show` = 1  AND `delete_time` = 0 ORDER BY `click_num` DESC LIMIT 3 [ RunTime:0.000431s ]
[2021-04-20T20:30:09+08:00][sql] SHOW FULL COLUMNS FROM `carver_notice` [ RunTime:0.000639s ]
[2021-04-20T20:30:09+08:00][sql] SELECT * FROM `carver_notice` ORDER BY `create_time` DESC LIMIT 3 [ RunTime:0.000323s ]
[2021-04-20T20:30:09+08:00][sql] SHOW FULL COLUMNS FROM `carver_navigation` [ RunTime:0.000601s ]
[2021-04-20T20:30:09+08:00][sql] SELECT * FROM `carver_navigation` [ RunTime:0.000281s ]
[2021-04-20T20:30:09+08:00][sql] SHOW FULL COLUMNS FROM `carver_link` [ RunTime:0.000540s ]
[2021-04-20T20:30:09+08:00][sql] SELECT * FROM `carver_link` WHERE  ( is_confirm=2 ) LIMIT 20 [ RunTime:0.000327s ]
[2021-04-20T20:30:09+08:00][sql] SELECT `article_label` FROM `carver_article` [ RunTime:0.000310s ]
[2021-04-20T20:30:09+08:00][sql] SHOW FULL COLUMNS FROM `carver_carouse` [ RunTime:0.000508s ]
[2021-04-20T20:30:09+08:00][sql] SELECT `carouse_img`,`carouse_desc` FROM `carver_carouse` WHERE  `is_show` = 1 ORDER BY `carouse_sort` DESC LIMIT 3 [ RunTime:0.000296s ]
[2021-04-20T20:30:09+08:00][sql] SHOW FULL COLUMNS FROM `carver_site` [ RunTime:0.000516s ]
[2021-04-20T20:30:09+08:00][sql] SELECT * FROM `carver_site` [ RunTime:0.000251s ]
[2021-04-20T20:30:13+08:00][sql] CONNECT:[ UseTime:0.000498s ] mysql:host=127.0.0.1;port=3306;dbname=carver;charset=utf8
[2021-04-20T20:30:13+08:00][sql] SHOW FULL COLUMNS FROM `carver_article` [ RunTime:0.000916s ]
[2021-04-20T20:30:13+08:00][sql] SELECT COUNT(*) AS think_count FROM `carver_article` WHERE  `article_label` LIKE '%/%'  AND `delete_time` = 0  AND `is_show` = 1 [ RunTime:0.000417s ]
[2021-04-20T20:30:13+08:00][sql] SELECT * FROM `carver_article` WHERE  `article_label` LIKE '%/%'  AND `delete_time` = 0  AND `is_show` = 1 LIMIT 0,6 [ RunTime:0.000990s ]
[2021-04-20T20:30:13+08:00][sql] SELECT article_id,article_title,click_num,FROM_UNIXTIME(add_time,'%Y-%m-%d') as add_time FROM `carver_article` WHERE  `is_show` = 1  AND `delete_time` = 0 ORDER BY `click_num` DESC LIMIT 3 [ RunTime:0.000466s ]
[2021-04-20T20:30:13+08:00][sql] SHOW FULL COLUMNS FROM `carver_notice` [ RunTime:0.000618s ]
[2021-04-20T20:30:13+08:00][sql] SELECT * FROM `carver_notice` ORDER BY `create_time` DESC LIMIT 3 [ RunTime:0.000319s ]
[2021-04-20T20:30:13+08:00][sql] SHOW FULL COLUMNS FROM `carver_navigation` [ RunTime:0.000564s ]
[2021-04-20T20:30:13+08:00][sql] SELECT * FROM `carver_navigation` [ RunTime:0.000310s ]
[2021-04-20T20:30:13+08:00][sql] SHOW FULL COLUMNS FROM `carver_link` [ RunTime:0.000583s ]
[2021-04-20T20:30:13+08:00][sql] SELECT * FROM `carver_link` WHERE  ( is_confirm=2 ) LIMIT 20 [ RunTime:0.000331s ]
[2021-04-20T20:30:13+08:00][sql] SELECT `article_label` FROM `carver_article` [ RunTime:0.000275s ]
[2021-04-20T20:30:13+08:00][sql] SHOW FULL COLUMNS FROM `carver_carouse` [ RunTime:0.000553s ]
[2021-04-20T20:30:13+08:00][sql] SELECT `carouse_img`,`carouse_desc` FROM `carver_carouse` WHERE  `is_show` = 1 ORDER BY `carouse_sort` DESC LIMIT 3 [ RunTime:0.000312s ]
[2021-04-20T20:30:13+08:00][sql] SHOW FULL COLUMNS FROM `carver_site` [ RunTime:0.000577s ]
[2021-04-20T20:30:13+08:00][sql] SELECT * FROM `carver_site` [ RunTime:0.000260s ]
[2021-04-20T20:30:20+08:00][sql] CONNECT:[ UseTime:0.000528s ] mysql:host=127.0.0.1;port=3306;dbname=carver;charset=utf8
[2021-04-20T20:30:20+08:00][sql] SHOW FULL COLUMNS FROM `carver_article` [ RunTime:0.000868s ]
[2021-04-20T20:30:20+08:00][sql] SELECT COUNT(*) AS think_count FROM `carver_article` WHERE  `article_label` LIKE '%/%'  AND `delete_time` = 0  AND `is_show` = 1 [ RunTime:0.000563s ]
[2021-04-20T20:30:20+08:00][sql] SELECT * FROM `carver_article` WHERE  `article_label` LIKE '%/%'  AND `delete_time` = 0  AND `is_show` = 1 LIMIT 0,6 [ RunTime:0.000983s ]
[2021-04-20T20:30:20+08:00][sql] SELECT article_id,article_title,click_num,FROM_UNIXTIME(add_time,'%Y-%m-%d') as add_time FROM `carver_article` WHERE  `is_show` = 1  AND `delete_time` = 0 ORDER BY `click_num` DESC LIMIT 3 [ RunTime:0.000424s ]
[2021-04-20T20:30:20+08:00][sql] SHOW FULL COLUMNS FROM `carver_notice` [ RunTime:0.000634s ]
[2021-04-20T20:30:20+08:00][sql] SELECT * FROM `carver_notice` ORDER BY `create_time` DESC LIMIT 3 [ RunTime:0.000306s ]
[2021-04-20T20:30:20+08:00][sql] SHOW FULL COLUMNS FROM `carver_navigation` [ RunTime:0.000561s ]
[2021-04-20T20:30:20+08:00][sql] SELECT * FROM `carver_navigation` [ RunTime:0.000322s ]
[2021-04-20T20:30:20+08:00][sql] SHOW FULL COLUMNS FROM `carver_link` [ RunTime:0.000550s ]
[2021-04-20T20:30:20+08:00][sql] SELECT * FROM `carver_link` WHERE  ( is_confirm=2 ) LIMIT 20 [ RunTime:0.000322s ]
[2021-04-20T20:30:20+08:00][sql] SELECT `article_label` FROM `carver_article` [ RunTime:0.000286s ]
[2021-04-20T20:30:20+08:00][sql] SHOW FULL COLUMNS FROM `carver_carouse` [ RunTime:0.000508s ]
[2021-04-20T20:30:20+08:00][sql] SELECT `carouse_img`,`carouse_desc` FROM `carver_carouse` WHERE  `is_show` = 1 ORDER BY `carouse_sort` DESC LIMIT 3 [ RunTime:0.000318s ]
[2021-04-20T20:30:20+08:00][sql] SHOW FULL COLUMNS FROM `carver_site` [ RunTime:0.000523s ]
[2021-04-20T20:30:20+08:00][sql] SELECT * FROM `carver_site` [ RunTime:0.000276s ]
[2021-04-20T20:30:26+08:00][sql] CONNECT:[ UseTime:0.000513s ] mysql:host=127.0.0.1;port=3306;dbname=carver;charset=utf8
[2021-04-20T20:30:26+08:00][sql] SHOW FULL COLUMNS FROM `carver_article` [ RunTime:0.000875s ]
[2021-04-20T20:30:26+08:00][sql] SELECT COUNT(*) AS think_count FROM `carver_article` WHERE  `article_guide` = 8/  AND `delete_time` = 0  AND `is_show` = 1 [ RunTime:0.000392s ]
[2021-04-20T20:30:26+08:00][sql] SELECT * FROM `carver_article` WHERE  `article_guide` = 8/  AND `delete_time` = 0  AND `is_show` = 1 ORDER BY `add_time` DESC LIMIT 0,6 [ RunTime:0.000585s ]
[2021-04-20T20:30:26+08:00][sql] SELECT article_id,article_title,click_num,FROM_UNIXTIME(add_time,'%Y-%m-%d') as add_time FROM `carver_article` WHERE  `is_show` = 1  AND `delete_time` = 0 ORDER BY `click_num` DESC LIMIT 3 [ RunTime:0.000466s ]
[2021-04-20T20:30:26+08:00][sql] SHOW FULL COLUMNS FROM `carver_notice` [ RunTime:0.000542s ]
[2021-04-20T20:30:26+08:00][sql] SELECT * FROM `carver_notice` ORDER BY `create_time` DESC LIMIT 3 [ RunTime:0.000262s ]
[2021-04-20T20:30:26+08:00][sql] SHOW FULL COLUMNS FROM `carver_navigation` [ RunTime:0.000506s ]
[2021-04-20T20:30:26+08:00][sql] SELECT * FROM `carver_navigation` [ RunTime:0.000243s ]
[2021-04-20T20:30:26+08:00][sql] SELECT `article_label` FROM `carver_article` [ RunTime:0.000251s ]
[2021-04-20T20:30:26+08:00][sql] SHOW FULL COLUMNS FROM `carver_carouse` [ RunTime:0.000462s ]
[2021-04-20T20:30:26+08:00][sql] SELECT `carouse_img`,`carouse_desc` FROM `carver_carouse` WHERE  `is_show` = 1 ORDER BY `carouse_sort` DESC LIMIT 3 [ RunTime:0.000290s ]
[2021-04-20T20:30:26+08:00][sql] SHOW FULL COLUMNS FROM `carver_link` [ RunTime:0.000544s ]
[2021-04-20T20:30:26+08:00][sql] SELECT * FROM `carver_link` WHERE  ( is_confirm=2 ) LIMIT 20 [ RunTime:0.000294s ]
[2021-04-20T20:30:26+08:00][sql] SHOW FULL COLUMNS FROM `carver_site` [ RunTime:0.000639s ]
[2021-04-20T20:30:26+08:00][sql] SELECT * FROM `carver_site` [ RunTime:0.000220s ]
[2021-04-20T21:08:58+08:00][sql] CONNECT:[ UseTime:0.000478s ] mysql:host=127.0.0.1;port=3306;dbname=carver;charset=utf8
[2021-04-20T21:08:58+08:00][sql] SHOW FULL COLUMNS FROM `carver_article` [ RunTime:0.000873s ]
[2021-04-20T21:08:58+08:00][sql] SELECT COUNT(*) AS think_count FROM `carver_article` WHERE  `article_label` LIKE '%javascript%'  AND `delete_time` = 0  AND `is_show` = 1 [ RunTime:0.000414s ]
[2021-04-20T21:08:58+08:00][sql] SELECT * FROM `carver_article` WHERE  `article_label` LIKE '%javascript%'  AND `delete_time` = 0  AND `is_show` = 1 LIMIT 0,6 [ RunTime:0.000902s ]
[2021-04-20T21:08:58+08:00][sql] SELECT article_id,article_title,click_num,FROM_UNIXTIME(add_time,'%Y-%m-%d') as add_time FROM `carver_article` WHERE  `is_show` = 1  AND `delete_time` = 0 ORDER BY `click_num` DESC LIMIT 3 [ RunTime:0.000400s ]
[2021-04-20T21:08:58+08:00][sql] SHOW FULL COLUMNS FROM `carver_notice` [ RunTime:0.000542s ]
[2021-04-20T21:08:58+08:00][sql] SELECT * FROM `carver_notice` ORDER BY `create_time` DESC LIMIT 3 [ RunTime:0.000322s ]
[2021-04-20T21:08:58+08:00][sql] SHOW FULL COLUMNS FROM `carver_navigation` [ RunTime:0.000501s ]
[2021-04-20T21:08:58+08:00][sql] SELECT * FROM `carver_navigation` [ RunTime:0.000255s ]
[2021-04-20T21:08:58+08:00][sql] SHOW FULL COLUMNS FROM `carver_link` [ RunTime:0.000496s ]
[2021-04-20T21:08:58+08:00][sql] SELECT * FROM `carver_link` WHERE  ( is_confirm=2 ) LIMIT 20 [ RunTime:0.000261s ]
[2021-04-20T21:08:58+08:00][sql] SELECT `article_label` FROM `carver_article` [ RunTime:0.000243s ]
[2021-04-20T21:08:58+08:00][sql] SHOW FULL COLUMNS FROM `carver_carouse` [ RunTime:0.000472s ]
[2021-04-20T21:08:58+08:00][sql] SELECT `carouse_img`,`carouse_desc` FROM `carver_carouse` WHERE  `is_show` = 1 ORDER BY `carouse_sort` DESC LIMIT 3 [ RunTime:0.000291s ]
[2021-04-20T21:08:58+08:00][sql] SHOW FULL COLUMNS FROM `carver_site` [ RunTime:0.000457s ]
[2021-04-20T21:08:58+08:00][sql] SELECT * FROM `carver_site` [ RunTime:0.000281s ]
[2021-04-20T22:39:31+08:00][sql] CONNECT:[ UseTime:0.000540s ] mysql:host=127.0.0.1;port=3306;dbname=carver;charset=utf8
[2021-04-20T22:39:31+08:00][sql] SHOW FULL COLUMNS FROM `carver_user` [ RunTime:0.000818s ]
[2021-04-20T22:39:31+08:00][sql] SHOW FULL COLUMNS FROM `carver_article` [ RunTime:0.000749s ]
[2021-04-20T22:39:31+08:00][sql] SELECT COUNT(*) AS think_count FROM `carver_article` WHERE  `delete_time` = 0  AND `is_show` = 1 [ RunTime:0.000375s ]
[2021-04-20T22:39:31+08:00][sql] SELECT `article_id`,`article_title`,`article_desc`,`article_content`,`article_img`,`article_guide`,`article_label`,`click_num`,`is_show`,`add_time`,`article_author`,`is_top_show` FROM `carver_article` WHERE  `delete_time` = 0  AND `is_show` = 1 ORDER BY `article_id` DESC LIMIT 0,6 [ RunTime:0.000672s ]
[2021-04-20T22:39:31+08:00][sql] SELECT article_id,article_title,click_num,FROM_UNIXTIME(add_time,'%Y-%m-%d') as add_time FROM `carver_article` WHERE  `is_show` = 1  AND `delete_time` = 0 ORDER BY `click_num` DESC LIMIT 3 [ RunTime:0.000591s ]
[2021-04-20T22:39:31+08:00][sql] SHOW FULL COLUMNS FROM `carver_notice` [ RunTime:0.000572s ]
[2021-04-20T22:39:31+08:00][sql] SELECT * FROM `carver_notice` ORDER BY `create_time` DESC LIMIT 3 [ RunTime:0.000291s ]
[2021-04-20T22:39:31+08:00][sql] SHOW FULL COLUMNS FROM `carver_navigation` [ RunTime:0.000542s ]
[2021-04-20T22:39:31+08:00][sql] SELECT * FROM `carver_navigation` [ RunTime:0.000241s ]
[2021-04-20T22:39:31+08:00][sql] SHOW FULL COLUMNS FROM `carver_link` [ RunTime:0.000528s ]
[2021-04-20T22:39:31+08:00][sql] SELECT * FROM `carver_link` WHERE  ( is_confirm=2 ) LIMIT 20 [ RunTime:0.000305s ]
[2021-04-20T22:39:31+08:00][sql] SELECT `article_label` FROM `carver_article` [ RunTime:0.000273s ]
[2021-04-20T22:39:31+08:00][sql] SHOW FULL COLUMNS FROM `carver_carouse` [ RunTime:0.000512s ]
[2021-04-20T22:39:31+08:00][sql] SELECT `carouse_img`,`carouse_desc` FROM `carver_carouse` WHERE  `is_show` = 1 ORDER BY `carouse_sort` DESC LIMIT 3 [ RunTime:0.000333s ]
[2021-04-20T22:39:31+08:00][sql] SHOW FULL COLUMNS FROM `carver_site` [ RunTime:0.000491s ]
[2021-04-20T22:39:31+08:00][sql] SELECT * FROM `carver_site` [ RunTime:0.000236s ]
[2021-04-20T23:18:29+08:00][sql] CONNECT:[ UseTime:0.000602s ] mysql:host=127.0.0.1;port=3306;dbname=carver;charset=utf8
[2021-04-20T23:18:29+08:00][sql] SHOW FULL COLUMNS FROM `carver_article` [ RunTime:0.000903s ]
[2021-04-20T23:18:29+08:00][sql] SELECT COUNT(*) AS think_count FROM `carver_article` WHERE  `article_label` LIKE '%js%'  AND `delete_time` = 0  AND `is_show` = 1 [ RunTime:0.000446s ]
[2021-04-20T23:18:29+08:00][sql] SELECT * FROM `carver_article` WHERE  `article_label` LIKE '%js%'  AND `delete_time` = 0  AND `is_show` = 1 LIMIT 0,6 [ RunTime:0.001081s ]
[2021-04-20T23:18:29+08:00][sql] SELECT article_id,article_title,click_num,FROM_UNIXTIME(add_time,'%Y-%m-%d') as add_time FROM `carver_article` WHERE  `is_show` = 1  AND `delete_time` = 0 ORDER BY `click_num` DESC LIMIT 3 [ RunTime:0.000487s ]
[2021-04-20T23:18:29+08:00][sql] SHOW FULL COLUMNS FROM `carver_notice` [ RunTime:0.001213s ]
[2021-04-20T23:18:29+08:00][sql] SELECT * FROM `carver_notice` ORDER BY `create_time` DESC LIMIT 3 [ RunTime:0.000386s ]
[2021-04-20T23:18:29+08:00][sql] SHOW FULL COLUMNS FROM `carver_navigation` [ RunTime:0.000619s ]
[2021-04-20T23:18:29+08:00][sql] SELECT * FROM `carver_navigation` [ RunTime:0.000277s ]
[2021-04-20T23:18:29+08:00][sql] SHOW FULL COLUMNS FROM `carver_link` [ RunTime:0.000586s ]
[2021-04-20T23:18:29+08:00][sql] SELECT * FROM `carver_link` WHERE  ( is_confirm=2 ) LIMIT 20 [ RunTime:0.000353s ]
[2021-04-20T23:18:29+08:00][sql] SELECT `article_label` FROM `carver_article` [ RunTime:0.000280s ]
[2021-04-20T23:18:29+08:00][sql] SHOW FULL COLUMNS FROM `carver_carouse` [ RunTime:0.000507s ]
[2021-04-20T23:18:29+08:00][sql] SELECT `carouse_img`,`carouse_desc` FROM `carver_carouse` WHERE  `is_show` = 1 ORDER BY `carouse_sort` DESC LIMIT 3 [ RunTime:0.000334s ]
[2021-04-20T23:18:29+08:00][sql] SHOW FULL COLUMNS FROM `carver_site` [ RunTime:0.000559s ]
[2021-04-20T23:18:29+08:00][sql] SELECT * FROM `carver_site` [ RunTime:0.000285s ]
[2021-04-20T23:33:03+08:00][sql] CONNECT:[ UseTime:0.000497s ] mysql:host=127.0.0.1;port=3306;dbname=carver;charset=utf8
[2021-04-20T23:33:03+08:00][sql] SHOW FULL COLUMNS FROM `carver_article` [ RunTime:0.000850s ]
[2021-04-20T23:33:03+08:00][sql] SELECT COUNT(*) AS think_count FROM `carver_article` WHERE  `article_guide` = 6  AND `delete_time` = 0  AND `is_show` = 1 [ RunTime:0.000409s ]
[2021-04-20T23:33:03+08:00][sql] SELECT * FROM `carver_article` WHERE  `article_guide` = 6  AND `delete_time` = 0  AND `is_show` = 1 ORDER BY `add_time` DESC LIMIT 0,6 [ RunTime:0.000698s ]
[2021-04-20T23:33:03+08:00][sql] SELECT article_id,article_title,click_num,FROM_UNIXTIME(add_time,'%Y-%m-%d') as add_time FROM `carver_article` WHERE  `is_show` = 1  AND `delete_time` = 0 ORDER BY `click_num` DESC LIMIT 3 [ RunTime:0.000386s ]
[2021-04-20T23:33:03+08:00][sql] SHOW FULL COLUMNS FROM `carver_notice` [ RunTime:0.000541s ]
[2021-04-20T23:33:03+08:00][sql] SELECT * FROM `carver_notice` ORDER BY `create_time` DESC LIMIT 3 [ RunTime:0.000271s ]
[2021-04-20T23:33:03+08:00][sql] SHOW FULL COLUMNS FROM `carver_navigation` [ RunTime:0.000494s ]
[2021-04-20T23:33:03+08:00][sql] SELECT * FROM `carver_navigation` [ RunTime:0.000230s ]
[2021-04-20T23:33:03+08:00][sql] SELECT `article_label` FROM `carver_article` [ RunTime:0.000249s ]
[2021-04-20T23:33:03+08:00][sql] SHOW FULL COLUMNS FROM `carver_carouse` [ RunTime:0.000460s ]
[2021-04-20T23:33:03+08:00][sql] SELECT `carouse_img`,`carouse_desc` FROM `carver_carouse` WHERE  `is_show` = 1 ORDER BY `carouse_sort` DESC LIMIT 3 [ RunTime:0.000273s ]
[2021-04-20T23:33:03+08:00][sql] SHOW FULL COLUMNS FROM `carver_link` [ RunTime:0.000467s ]
[2021-04-20T23:33:03+08:00][sql] SELECT * FROM `carver_link` WHERE  ( is_confirm=2 ) LIMIT 20 [ RunTime:0.000278s ]
[2021-04-20T23:33:03+08:00][sql] SHOW FULL COLUMNS FROM `carver_site` [ RunTime:0.000532s ]
[2021-04-20T23:33:03+08:00][sql] SELECT * FROM `carver_site` [ RunTime:0.000222s ]
[2021-04-20T23:49:50+08:00][sql] CONNECT:[ UseTime:0.000492s ] mysql:host=127.0.0.1;port=3306;dbname=carver;charset=utf8
[2021-04-20T23:49:50+08:00][sql] SHOW FULL COLUMNS FROM `carver_article` [ RunTime:0.000837s ]
[2021-04-20T23:49:50+08:00][sql] SELECT COUNT(*) AS think_count FROM `carver_article` WHERE  `article_label` LIKE '%php;%'  AND `delete_time` = 0  AND `is_show` = 1 [ RunTime:0.000406s ]
[2021-04-20T23:49:50+08:00][sql] SELECT * FROM `carver_article` WHERE  `article_label` LIKE '%php;%'  AND `delete_time` = 0  AND `is_show` = 1 LIMIT 0,6 [ RunTime:0.002705s ]
[2021-04-20T23:49:50+08:00][sql] SELECT article_id,article_title,click_num,FROM_UNIXTIME(add_time,'%Y-%m-%d') as add_time FROM `carver_article` WHERE  `is_show` = 1  AND `delete_time` = 0 ORDER BY `click_num` DESC LIMIT 3 [ RunTime:0.000605s ]
[2021-04-20T23:49:50+08:00][sql] SHOW FULL COLUMNS FROM `carver_notice` [ RunTime:0.000560s ]
[2021-04-20T23:49:50+08:00][sql] SELECT * FROM `carver_notice` ORDER BY `create_time` DESC LIMIT 3 [ RunTime:0.000277s ]
[2021-04-20T23:49:50+08:00][sql] SHOW FULL COLUMNS FROM `carver_navigation` [ RunTime:0.000486s ]
[2021-04-20T23:49:50+08:00][sql] SELECT * FROM `carver_navigation` [ RunTime:0.000248s ]
[2021-04-20T23:49:50+08:00][sql] SHOW FULL COLUMNS FROM `carver_link` [ RunTime:0.000546s ]
[2021-04-20T23:49:50+08:00][sql] SELECT * FROM `carver_link` WHERE  ( is_confirm=2 ) LIMIT 20 [ RunTime:0.000273s ]
[2021-04-20T23:49:50+08:00][sql] SELECT `article_label` FROM `carver_article` [ RunTime:0.000248s ]
[2021-04-20T23:49:50+08:00][sql] SHOW FULL COLUMNS FROM `carver_carouse` [ RunTime:0.000462s ]
[2021-04-20T23:49:50+08:00][sql] SELECT `carouse_img`,`carouse_desc` FROM `carver_carouse` WHERE  `is_show` = 1 ORDER BY `carouse_sort` DESC LIMIT 3 [ RunTime:0.000281s ]
[2021-04-20T23:49:50+08:00][sql] SHOW FULL COLUMNS FROM `carver_site` [ RunTime:0.000470s ]
[2021-04-20T23:49:50+08:00][sql] SELECT * FROM `carver_site` [ RunTime:0.000242s ]
