[2021-04-22T03:36:29+08:00][sql] CONNECT:[ UseTime:0.000579s ] mysql:host=127.0.0.1;port=3306;dbname=carver;charset=utf8
[2021-04-22T03:36:29+08:00][sql] SHOW FULL COLUMNS FROM `carver_article` [ RunTime:0.000889s ]
[2021-04-22T03:36:29+08:00][sql] SELECT `article_id`,`article_title`,`article_desc`,`article_content`,`article_img`,`article_guide`,`article_label`,`click_num`,`is_show`,`add_time`,`article_author` FROM `carver_article` WHERE  `article_id` = 25/ LIMIT 1 [ RunTime:0.000445s ]
[2021-04-22T03:36:29+08:00][sql] SELECT `article_id`,`article_title`,`article_desc`,`article_content`,`article_img`,`article_guide`,`article_label`,`click_num`,`is_show`,`add_time`,`article_author` FROM `carver_article` WHERE  `article_id` > 25/ LIMIT 1 [ RunTime:0.000478s ]
[2021-04-22T03:36:29+08:00][sql] SELECT `article_id`,`article_title`,`article_desc`,`article_content`,`article_img`,`article_guide`,`article_label`,`click_num`,`is_show`,`add_time`,`article_author` FROM `carver_article` WHERE  `article_id` < 25/ ORDER BY `article_id` DESC LIMIT 1 [ RunTime:0.000419s ]
[2021-04-22T03:36:29+08:00][sql] SHOW FULL COLUMNS FROM `carver_link` [ RunTime:0.000572s ]
[2021-04-22T03:36:29+08:00][sql] SELECT * FROM `carver_link` WHERE  ( is_confirm=2 ) LIMIT 20 [ RunTime:0.000316s ]
[2021-04-22T03:36:29+08:00][sql] SELECT article_id,article_title,click_num,FROM_UNIXTIME(add_time,'%Y-%m-%d') as add_time FROM `carver_article` ORDER BY `click_num` DESC LIMIT 3 [ RunTime:0.000369s ]
[2021-04-22T03:36:29+08:00][sql] SHOW FULL COLUMNS FROM `carver_comment` [ RunTime:0.000545s ]
[2021-04-22T03:36:29+08:00][sql] SELECT `a`.*,`b`.`user_name` FROM `carver_comment` `a` INNER JOIN `carver_user` `b` ON `a`.`user_id`=`b`.`user_id` WHERE  `article_id` = 25/ ORDER BY `create_time` DESC [ RunTime:0.000342s ]
[2021-04-22T03:36:29+08:00][sql] SHOW FULL COLUMNS FROM `carver_comment_to_others` [ RunTime:0.000536s ]
[2021-04-22T03:36:29+08:00][sql] SELECT * FROM `carver_comment_to_others` [ RunTime:0.000231s ]
[2021-04-22T03:36:29+08:00][sql] SHOW FULL COLUMNS FROM `carver_user` [ RunTime:0.000551s ]
[2021-04-22T03:36:29+08:00][sql] SELECT `user_name` FROM `carver_user` WHERE  `user_id` = 4 LIMIT 1 [ RunTime:0.000231s ]
[2021-04-22T03:36:29+08:00][sql] SELECT `user_name` FROM `carver_user` WHERE  `user_id` = 4 LIMIT 1 [ RunTime:0.000214s ]
[2021-04-22T03:36:29+08:00][sql] SELECT `user_name` FROM `carver_user` WHERE  `user_id` = 5 LIMIT 1 [ RunTime:0.000279s ]
[2021-04-22T03:36:29+08:00][sql] SELECT `user_name` FROM `carver_user` WHERE  `user_id` = 5 LIMIT 1 [ RunTime:0.000203s ]
[2021-04-22T03:36:29+08:00][sql] SELECT `user_name`,`user_id` FROM `carver_user` [ RunTime:0.000238s ]
[2021-04-22T03:36:29+08:00][sql] SHOW FULL COLUMNS FROM `carver_navigation` [ RunTime:0.000534s ]
[2021-04-22T03:36:29+08:00][sql] SELECT * FROM `carver_navigation` [ RunTime:0.000260s ]
[2021-04-22T03:36:29+08:00][sql] SELECT `article_label` FROM `carver_article` [ RunTime:0.000248s ]
[2021-04-22T03:36:31+08:00][sql] CONNECT:[ UseTime:0.000665s ] mysql:host=127.0.0.1;port=3306;dbname=carver;charset=utf8
[2021-04-22T03:36:31+08:00][sql] SHOW FULL COLUMNS FROM `carver_article` [ RunTime:0.000973s ]
[2021-04-22T03:36:31+08:00][sql] SELECT `article_id`,`article_title`,`article_desc`,`article_content`,`article_img`,`article_guide`,`article_label`,`click_num`,`is_show`,`add_time`,`article_author` FROM `carver_article` WHERE  `article_id` = 26/ LIMIT 1 [ RunTime:0.000597s ]
[2021-04-22T03:36:31+08:00][sql] SELECT `article_id`,`article_title`,`article_desc`,`article_content`,`article_img`,`article_guide`,`article_label`,`click_num`,`is_show`,`add_time`,`article_author` FROM `carver_article` WHERE  `article_id` > 26/ LIMIT 1 [ RunTime:0.000407s ]
[2021-04-22T03:36:31+08:00][sql] SELECT `article_id`,`article_title`,`article_desc`,`article_content`,`article_img`,`article_guide`,`article_label`,`click_num`,`is_show`,`add_time`,`article_author` FROM `carver_article` WHERE  `article_id` < 26/ ORDER BY `article_id` DESC LIMIT 1 [ RunTime:0.000377s ]
[2021-04-22T03:36:31+08:00][sql] SHOW FULL COLUMNS FROM `carver_link` [ RunTime:0.000563s ]
[2021-04-22T03:36:31+08:00][sql] SELECT * FROM `carver_link` WHERE  ( is_confirm=2 ) LIMIT 20 [ RunTime:0.000310s ]
[2021-04-22T03:36:31+08:00][sql] SELECT article_id,article_title,click_num,FROM_UNIXTIME(add_time,'%Y-%m-%d') as add_time FROM `carver_article` ORDER BY `click_num` DESC LIMIT 3 [ RunTime:0.000382s ]
[2021-04-22T03:36:31+08:00][sql] SHOW FULL COLUMNS FROM `carver_comment` [ RunTime:0.000623s ]
[2021-04-22T03:36:31+08:00][sql] SELECT `a`.*,`b`.`user_name` FROM `carver_comment` `a` INNER JOIN `carver_user` `b` ON `a`.`user_id`=`b`.`user_id` WHERE  `article_id` = 26/ ORDER BY `create_time` DESC [ RunTime:0.000363s ]
[2021-04-22T03:36:31+08:00][sql] SHOW FULL COLUMNS FROM `carver_comment_to_others` [ RunTime:0.000532s ]
[2021-04-22T03:36:31+08:00][sql] SELECT * FROM `carver_comment_to_others` [ RunTime:0.000227s ]
[2021-04-22T03:36:31+08:00][sql] SHOW FULL COLUMNS FROM `carver_user` [ RunTime:0.000497s ]
[2021-04-22T03:36:31+08:00][sql] SELECT `user_name` FROM `carver_user` WHERE  `user_id` = 4 LIMIT 1 [ RunTime:0.000234s ]
[2021-04-22T03:36:31+08:00][sql] SELECT `user_name` FROM `carver_user` WHERE  `user_id` = 4 LIMIT 1 [ RunTime:0.000234s ]
[2021-04-22T03:36:31+08:00][sql] SELECT `user_name` FROM `carver_user` WHERE  `user_id` = 5 LIMIT 1 [ RunTime:0.000209s ]
[2021-04-22T03:36:31+08:00][sql] SELECT `user_name` FROM `carver_user` WHERE  `user_id` = 5 LIMIT 1 [ RunTime:0.000202s ]
[2021-04-22T03:36:31+08:00][sql] SHOW FULL COLUMNS FROM `carver_navigation` [ RunTime:0.000514s ]
[2021-04-22T03:36:31+08:00][sql] SELECT * FROM `carver_navigation` [ RunTime:0.000290s ]
[2021-04-22T03:36:31+08:00][sql] SELECT `article_label` FROM `carver_article` [ RunTime:0.000271s ]
[2021-04-22T03:36:33+08:00][sql] CONNECT:[ UseTime:0.000544s ] mysql:host=127.0.0.1;port=3306;dbname=carver;charset=utf8
[2021-04-22T03:36:33+08:00][sql] SHOW FULL COLUMNS FROM `carver_article` [ RunTime:0.000883s ]
[2021-04-22T03:36:33+08:00][sql] SELECT COUNT(*) AS think_count FROM `carver_article` WHERE  `article_label` LIKE '%javascript;c%'  AND `delete_time` = 0  AND `is_show` = 1 [ RunTime:0.000430s ]
[2021-04-22T03:36:33+08:00][sql] SELECT * FROM `carver_article` WHERE  `article_label` LIKE '%javascript;c%'  AND `delete_time` = 0  AND `is_show` = 1 LIMIT 0,6 [ RunTime:0.000981s ]
[2021-04-22T03:36:33+08:00][sql] SELECT article_id,article_title,click_num,FROM_UNIXTIME(add_time,'%Y-%m-%d') as add_time FROM `carver_article` WHERE  `is_show` = 1  AND `delete_time` = 0 ORDER BY `click_num` DESC LIMIT 3 [ RunTime:0.000498s ]
[2021-04-22T03:36:33+08:00][sql] SHOW FULL COLUMNS FROM `carver_notice` [ RunTime:0.000688s ]
[2021-04-22T03:36:33+08:00][sql] SELECT * FROM `carver_notice` ORDER BY `create_time` DESC LIMIT 3 [ RunTime:0.000322s ]
[2021-04-22T03:36:33+08:00][sql] SHOW FULL COLUMNS FROM `carver_navigation` [ RunTime:0.000637s ]
[2021-04-22T03:36:33+08:00][sql] SELECT * FROM `carver_navigation` [ RunTime:0.000315s ]
[2021-04-22T03:36:33+08:00][sql] SHOW FULL COLUMNS FROM `carver_link` [ RunTime:0.000562s ]
[2021-04-22T03:36:33+08:00][sql] SELECT * FROM `carver_link` WHERE  ( is_confirm=2 ) LIMIT 20 [ RunTime:0.000353s ]
[2021-04-22T03:36:33+08:00][sql] SELECT `article_label` FROM `carver_article` [ RunTime:0.000283s ]
[2021-04-22T03:36:33+08:00][sql] SHOW FULL COLUMNS FROM `carver_carouse` [ RunTime:0.000570s ]
[2021-04-22T03:36:33+08:00][sql] SELECT `carouse_img`,`carouse_desc` FROM `carver_carouse` WHERE  `is_show` = 1 ORDER BY `carouse_sort` DESC LIMIT 3 [ RunTime:0.000320s ]
[2021-04-22T03:36:33+08:00][sql] SHOW FULL COLUMNS FROM `carver_site` [ RunTime:0.000541s ]
[2021-04-22T03:36:33+08:00][sql] SELECT * FROM `carver_site` [ RunTime:0.000269s ]
[2021-04-22T03:36:35+08:00][sql] CONNECT:[ UseTime:0.000511s ] mysql:host=127.0.0.1;port=3306;dbname=carver;charset=utf8
[2021-04-22T03:36:35+08:00][sql] SHOW FULL COLUMNS FROM `carver_article` [ RunTime:0.003768s ]
[2021-04-22T03:36:35+08:00][sql] SELECT COUNT(*) AS think_count FROM `carver_article` WHERE  `article_label` LIKE '%php;c%'  AND `delete_time` = 0  AND `is_show` = 1 [ RunTime:0.000429s ]
[2021-04-22T03:36:35+08:00][sql] SELECT * FROM `carver_article` WHERE  `article_label` LIKE '%php;c%'  AND `delete_time` = 0  AND `is_show` = 1 LIMIT 0,6 [ RunTime:0.001033s ]
[2021-04-22T03:36:35+08:00][sql] SELECT article_id,article_title,click_num,FROM_UNIXTIME(add_time,'%Y-%m-%d') as add_time FROM `carver_article` WHERE  `is_show` = 1  AND `delete_time` = 0 ORDER BY `click_num` DESC LIMIT 3 [ RunTime:0.000426s ]
[2021-04-22T03:36:35+08:00][sql] SHOW FULL COLUMNS FROM `carver_notice` [ RunTime:0.000645s ]
[2021-04-22T03:36:35+08:00][sql] SELECT * FROM `carver_notice` ORDER BY `create_time` DESC LIMIT 3 [ RunTime:0.000296s ]
[2021-04-22T03:36:35+08:00][sql] SHOW FULL COLUMNS FROM `carver_navigation` [ RunTime:0.000590s ]
[2021-04-22T03:36:35+08:00][sql] SELECT * FROM `carver_navigation` [ RunTime:0.000287s ]
[2021-04-22T03:36:35+08:00][sql] SHOW FULL COLUMNS FROM `carver_link` [ RunTime:0.000562s ]
[2021-04-22T03:36:35+08:00][sql] SELECT * FROM `carver_link` WHERE  ( is_confirm=2 ) LIMIT 20 [ RunTime:0.000321s ]
[2021-04-22T03:36:35+08:00][sql] SELECT `article_label` FROM `carver_article` [ RunTime:0.000258s ]
[2021-04-22T03:36:35+08:00][sql] SHOW FULL COLUMNS FROM `carver_carouse` [ RunTime:0.000534s ]
[2021-04-22T03:36:35+08:00][sql] SELECT `carouse_img`,`carouse_desc` FROM `carver_carouse` WHERE  `is_show` = 1 ORDER BY `carouse_sort` DESC LIMIT 3 [ RunTime:0.000294s ]
[2021-04-22T03:36:35+08:00][sql] SHOW FULL COLUMNS FROM `carver_site` [ RunTime:0.000534s ]
[2021-04-22T03:36:35+08:00][sql] SELECT * FROM `carver_site` [ RunTime:0.000256s ]
[2021-04-22T03:36:38+08:00][sql] CONNECT:[ UseTime:0.000505s ] mysql:host=127.0.0.1;port=3306;dbname=carver;charset=utf8
[2021-04-22T03:36:38+08:00][sql] SHOW FULL COLUMNS FROM `carver_article` [ RunTime:0.000938s ]
[2021-04-22T03:36:38+08:00][sql] SELECT COUNT(*) AS think_count FROM `carver_article` WHERE  `article_label` LIKE '%php;git/%'  AND `delete_time` = 0  AND `is_show` = 1 [ RunTime:0.000459s ]
[2021-04-22T03:36:38+08:00][sql] SELECT * FROM `carver_article` WHERE  `article_label` LIKE '%php;git/%'  AND `delete_time` = 0  AND `is_show` = 1 LIMIT 0,6 [ RunTime:0.001011s ]
[2021-04-22T03:36:38+08:00][sql] SELECT article_id,article_title,click_num,FROM_UNIXTIME(add_time,'%Y-%m-%d') as add_time FROM `carver_article` WHERE  `is_show` = 1  AND `delete_time` = 0 ORDER BY `click_num` DESC LIMIT 3 [ RunTime:0.000462s ]
[2021-04-22T03:36:38+08:00][sql] SHOW FULL COLUMNS FROM `carver_notice` [ RunTime:0.000617s ]
[2021-04-22T03:36:38+08:00][sql] SELECT * FROM `carver_notice` ORDER BY `create_time` DESC LIMIT 3 [ RunTime:0.000404s ]
[2021-04-22T03:36:38+08:00][sql] SHOW FULL COLUMNS FROM `carver_navigation` [ RunTime:0.000576s ]
[2021-04-22T03:36:38+08:00][sql] SELECT * FROM `carver_navigation` [ RunTime:0.000283s ]
[2021-04-22T03:36:38+08:00][sql] SHOW FULL COLUMNS FROM `carver_link` [ RunTime:0.000560s ]
[2021-04-22T03:36:38+08:00][sql] SELECT * FROM `carver_link` WHERE  ( is_confirm=2 ) LIMIT 20 [ RunTime:0.000360s ]
[2021-04-22T03:36:38+08:00][sql] SELECT `article_label` FROM `carver_article` [ RunTime:0.000263s ]
[2021-04-22T03:36:38+08:00][sql] SHOW FULL COLUMNS FROM `carver_carouse` [ RunTime:0.000551s ]
[2021-04-22T03:36:38+08:00][sql] SELECT `carouse_img`,`carouse_desc` FROM `carver_carouse` WHERE  `is_show` = 1 ORDER BY `carouse_sort` DESC LIMIT 3 [ RunTime:0.000329s ]
[2021-04-22T03:36:38+08:00][sql] SHOW FULL COLUMNS FROM `carver_site` [ RunTime:0.000532s ]
[2021-04-22T03:36:38+08:00][sql] SELECT * FROM `carver_site` [ RunTime:0.000291s ]
[2021-04-22T03:36:40+08:00][sql] CONNECT:[ UseTime:0.000553s ] mysql:host=127.0.0.1;port=3306;dbname=carver;charset=utf8
[2021-04-22T03:36:40+08:00][sql] SHOW FULL COLUMNS FROM `carver_article` [ RunTime:0.000950s ]
[2021-04-22T03:36:40+08:00][sql] SELECT COUNT(*) AS think_count FROM `carver_article` WHERE  `article_label` LIKE '%php;javascript;c%'  AND `delete_time` = 0  AND `is_show` = 1 [ RunTime:0.000428s ]
[2021-04-22T03:36:40+08:00][sql] SELECT * FROM `carver_article` WHERE  `article_label` LIKE '%php;javascript;c%'  AND `delete_time` = 0  AND `is_show` = 1 LIMIT 0,6 [ RunTime:0.001120s ]
[2021-04-22T03:36:40+08:00][sql] SELECT article_id,article_title,click_num,FROM_UNIXTIME(add_time,'%Y-%m-%d') as add_time FROM `carver_article` WHERE  `is_show` = 1  AND `delete_time` = 0 ORDER BY `click_num` DESC LIMIT 3 [ RunTime:0.000539s ]
[2021-04-22T03:36:40+08:00][sql] SHOW FULL COLUMNS FROM `carver_notice` [ RunTime:0.000785s ]
[2021-04-22T03:36:40+08:00][sql] SELECT * FROM `carver_notice` ORDER BY `create_time` DESC LIMIT 3 [ RunTime:0.000361s ]
[2021-04-22T03:36:40+08:00][sql] SHOW FULL COLUMNS FROM `carver_navigation` [ RunTime:0.000642s ]
[2021-04-22T03:36:40+08:00][sql] SELECT * FROM `carver_navigation` [ RunTime:0.000338s ]
[2021-04-22T03:36:40+08:00][sql] SHOW FULL COLUMNS FROM `carver_link` [ RunTime:0.000667s ]
[2021-04-22T03:36:40+08:00][sql] SELECT * FROM `carver_link` WHERE  ( is_confirm=2 ) LIMIT 20 [ RunTime:0.000389s ]
[2021-04-22T03:36:40+08:00][sql] SELECT `article_label` FROM `carver_article` [ RunTime:0.000309s ]
[2021-04-22T03:36:40+08:00][sql] SHOW FULL COLUMNS FROM `carver_carouse` [ RunTime:0.000688s ]
[2021-04-22T03:36:40+08:00][sql] SELECT `carouse_img`,`carouse_desc` FROM `carver_carouse` WHERE  `is_show` = 1 ORDER BY `carouse_sort` DESC LIMIT 3 [ RunTime:0.000374s ]
[2021-04-22T03:36:40+08:00][sql] SHOW FULL COLUMNS FROM `carver_site` [ RunTime:0.000749s ]
[2021-04-22T03:36:40+08:00][sql] SELECT * FROM `carver_site` [ RunTime:0.000296s ]
[2021-04-22T03:36:42+08:00][sql] CONNECT:[ UseTime:0.000627s ] mysql:host=127.0.0.1;port=3306;dbname=carver;charset=utf8
[2021-04-22T03:36:42+08:00][sql] SHOW FULL COLUMNS FROM `carver_article` [ RunTime:0.000956s ]
[2021-04-22T03:36:42+08:00][sql] SELECT COUNT(*) AS think_count FROM `carver_article` WHERE  `article_label` LIKE '%php;linux/%'  AND `delete_time` = 0  AND `is_show` = 1 [ RunTime:0.000496s ]
[2021-04-22T03:36:42+08:00][sql] SELECT * FROM `carver_article` WHERE  `article_label` LIKE '%php;linux/%'  AND `delete_time` = 0  AND `is_show` = 1 LIMIT 0,6 [ RunTime:0.001076s ]
[2021-04-22T03:36:42+08:00][sql] SELECT article_id,article_title,click_num,FROM_UNIXTIME(add_time,'%Y-%m-%d') as add_time FROM `carver_article` WHERE  `is_show` = 1  AND `delete_time` = 0 ORDER BY `click_num` DESC LIMIT 3 [ RunTime:0.000478s ]
[2021-04-22T03:36:42+08:00][sql] SHOW FULL COLUMNS FROM `carver_notice` [ RunTime:0.000717s ]
[2021-04-22T03:36:42+08:00][sql] SELECT * FROM `carver_notice` ORDER BY `create_time` DESC LIMIT 3 [ RunTime:0.000336s ]
[2021-04-22T03:36:42+08:00][sql] SHOW FULL COLUMNS FROM `carver_navigation` [ RunTime:0.000605s ]
[2021-04-22T03:36:42+08:00][sql] SELECT * FROM `carver_navigation` [ RunTime:0.000298s ]
[2021-04-22T03:36:42+08:00][sql] SHOW FULL COLUMNS FROM `carver_link` [ RunTime:0.000615s ]
[2021-04-22T03:36:42+08:00][sql] SELECT * FROM `carver_link` WHERE  ( is_confirm=2 ) LIMIT 20 [ RunTime:0.000368s ]
[2021-04-22T03:36:42+08:00][sql] SELECT `article_label` FROM `carver_article` [ RunTime:0.000325s ]
[2021-04-22T03:36:42+08:00][sql] SHOW FULL COLUMNS FROM `carver_carouse` [ RunTime:0.000642s ]
[2021-04-22T03:36:42+08:00][sql] SELECT `carouse_img`,`carouse_desc` FROM `carver_carouse` WHERE  `is_show` = 1 ORDER BY `carouse_sort` DESC LIMIT 3 [ RunTime:0.000326s ]
[2021-04-22T03:36:42+08:00][sql] SHOW FULL COLUMNS FROM `carver_site` [ RunTime:0.000620s ]
[2021-04-22T03:36:42+08:00][sql] SELECT * FROM `carver_site` [ RunTime:0.000346s ]
[2021-04-22T03:36:44+08:00][sql] CONNECT:[ UseTime:0.000524s ] mysql:host=127.0.0.1;port=3306;dbname=carver;charset=utf8
[2021-04-22T03:36:44+08:00][sql] SHOW FULL COLUMNS FROM `carver_article` [ RunTime:0.000830s ]
[2021-04-22T03:36:44+08:00][sql] SELECT COUNT(*) AS think_count FROM `carver_article` WHERE  `article_label` LIKE '%php;mysql/%'  AND `delete_time` = 0  AND `is_show` = 1 [ RunTime:0.000444s ]
[2021-04-22T03:36:44+08:00][sql] SELECT * FROM `carver_article` WHERE  `article_label` LIKE '%php;mysql/%'  AND `delete_time` = 0  AND `is_show` = 1 LIMIT 0,6 [ RunTime:0.000975s ]
[2021-04-22T03:36:44+08:00][sql] SELECT article_id,article_title,click_num,FROM_UNIXTIME(add_time,'%Y-%m-%d') as add_time FROM `carver_article` WHERE  `is_show` = 1  AND `delete_time` = 0 ORDER BY `click_num` DESC LIMIT 3 [ RunTime:0.000486s ]
[2021-04-22T03:36:44+08:00][sql] SHOW FULL COLUMNS FROM `carver_notice` [ RunTime:0.000752s ]
[2021-04-22T03:36:44+08:00][sql] SELECT * FROM `carver_notice` ORDER BY `create_time` DESC LIMIT 3 [ RunTime:0.000357s ]
[2021-04-22T03:36:44+08:00][sql] SHOW FULL COLUMNS FROM `carver_navigation` [ RunTime:0.000611s ]
[2021-04-22T03:36:44+08:00][sql] SELECT * FROM `carver_navigation` [ RunTime:0.000281s ]
[2021-04-22T03:36:44+08:00][sql] SHOW FULL COLUMNS FROM `carver_link` [ RunTime:0.000558s ]
[2021-04-22T03:36:44+08:00][sql] SELECT * FROM `carver_link` WHERE  ( is_confirm=2 ) LIMIT 20 [ RunTime:0.000385s ]
[2021-04-22T03:36:44+08:00][sql] SELECT `article_label` FROM `carver_article` [ RunTime:0.000290s ]
[2021-04-22T03:36:44+08:00][sql] SHOW FULL COLUMNS FROM `carver_carouse` [ RunTime:0.000617s ]
[2021-04-22T03:36:44+08:00][sql] SELECT `carouse_img`,`carouse_desc` FROM `carver_carouse` WHERE  `is_show` = 1 ORDER BY `carouse_sort` DESC LIMIT 3 [ RunTime:0.000345s ]
[2021-04-22T03:36:44+08:00][sql] SHOW FULL COLUMNS FROM `carver_site` [ RunTime:0.000638s ]
[2021-04-22T03:36:44+08:00][sql] SELECT * FROM `carver_site` [ RunTime:0.000320s ]
[2021-04-22T03:36:46+08:00][sql] CONNECT:[ UseTime:0.000610s ] mysql:host=127.0.0.1;port=3306;dbname=carver;charset=utf8
[2021-04-22T03:36:46+08:00][sql] SHOW FULL COLUMNS FROM `carver_article` [ RunTime:0.000836s ]
[2021-04-22T03:36:46+08:00][sql] SELECT COUNT(*) AS think_count FROM `carver_article` WHERE  `article_label` LIKE '%php;nginx/%'  AND `delete_time` = 0  AND `is_show` = 1 [ RunTime:0.000423s ]
[2021-04-22T03:36:46+08:00][sql] SELECT * FROM `carver_article` WHERE  `article_label` LIKE '%php;nginx/%'  AND `delete_time` = 0  AND `is_show` = 1 LIMIT 0,6 [ RunTime:0.000914s ]
[2021-04-22T03:36:46+08:00][sql] SELECT article_id,article_title,click_num,FROM_UNIXTIME(add_time,'%Y-%m-%d') as add_time FROM `carver_article` WHERE  `is_show` = 1  AND `delete_time` = 0 ORDER BY `click_num` DESC LIMIT 3 [ RunTime:0.000480s ]
[2021-04-22T03:36:46+08:00][sql] SHOW FULL COLUMNS FROM `carver_notice` [ RunTime:0.000659s ]
[2021-04-22T03:36:46+08:00][sql] SELECT * FROM `carver_notice` ORDER BY `create_time` DESC LIMIT 3 [ RunTime:0.000321s ]
[2021-04-22T03:36:46+08:00][sql] SHOW FULL COLUMNS FROM `carver_navigation` [ RunTime:0.000582s ]
[2021-04-22T03:36:46+08:00][sql] SELECT * FROM `carver_navigation` [ RunTime:0.000287s ]
[2021-04-22T03:36:46+08:00][sql] SHOW FULL COLUMNS FROM `carver_link` [ RunTime:0.000578s ]
[2021-04-22T03:36:46+08:00][sql] SELECT * FROM `carver_link` WHERE  ( is_confirm=2 ) LIMIT 20 [ RunTime:0.000359s ]
[2021-04-22T03:36:46+08:00][sql] SELECT `article_label` FROM `carver_article` [ RunTime:0.000259s ]
[2021-04-22T03:36:46+08:00][sql] SHOW FULL COLUMNS FROM `carver_carouse` [ RunTime:0.000581s ]
[2021-04-22T03:36:46+08:00][sql] SELECT `carouse_img`,`carouse_desc` FROM `carver_carouse` WHERE  `is_show` = 1 ORDER BY `carouse_sort` DESC LIMIT 3 [ RunTime:0.000310s ]
[2021-04-22T03:36:46+08:00][sql] SHOW FULL COLUMNS FROM `carver_site` [ RunTime:0.000564s ]
[2021-04-22T03:36:46+08:00][sql] SELECT * FROM `carver_site` [ RunTime:0.000270s ]
[2021-04-22T03:36:48+08:00][sql] CONNECT:[ UseTime:0.000603s ] mysql:host=127.0.0.1;port=3306;dbname=carver;charset=utf8
[2021-04-22T03:36:48+08:00][sql] SHOW FULL COLUMNS FROM `carver_article` [ RunTime:0.000953s ]
[2021-04-22T03:36:48+08:00][sql] SELECT COUNT(*) AS think_count FROM `carver_article` WHERE  `article_label` LIKE '%php;swoole/%'  AND `delete_time` = 0  AND `is_show` = 1 [ RunTime:0.000422s ]
[2021-04-22T03:36:48+08:00][sql] SELECT * FROM `carver_article` WHERE  `article_label` LIKE '%php;swoole/%'  AND `delete_time` = 0  AND `is_show` = 1 LIMIT 0,6 [ RunTime:0.000960s ]
[2021-04-22T03:36:48+08:00][sql] SELECT article_id,article_title,click_num,FROM_UNIXTIME(add_time,'%Y-%m-%d') as add_time FROM `carver_article` WHERE  `is_show` = 1  AND `delete_time` = 0 ORDER BY `click_num` DESC LIMIT 3 [ RunTime:0.000504s ]
[2021-04-22T03:36:48+08:00][sql] SHOW FULL COLUMNS FROM `carver_notice` [ RunTime:0.000625s ]
[2021-04-22T03:36:48+08:00][sql] SELECT * FROM `carver_notice` ORDER BY `create_time` DESC LIMIT 3 [ RunTime:0.000293s ]
[2021-04-22T03:36:48+08:00][sql] SHOW FULL COLUMNS FROM `carver_navigation` [ RunTime:0.000611s ]
[2021-04-22T03:36:48+08:00][sql] SELECT * FROM `carver_navigation` [ RunTime:0.000287s ]
[2021-04-22T03:36:48+08:00][sql] SHOW FULL COLUMNS FROM `carver_link` [ RunTime:0.000579s ]
[2021-04-22T03:36:48+08:00][sql] SELECT * FROM `carver_link` WHERE  ( is_confirm=2 ) LIMIT 20 [ RunTime:0.000369s ]
[2021-04-22T03:36:48+08:00][sql] SELECT `article_label` FROM `carver_article` [ RunTime:0.000282s ]
[2021-04-22T03:36:48+08:00][sql] SHOW FULL COLUMNS FROM `carver_carouse` [ RunTime:0.000518s ]
[2021-04-22T03:36:48+08:00][sql] SELECT `carouse_img`,`carouse_desc` FROM `carver_carouse` WHERE  `is_show` = 1 ORDER BY `carouse_sort` DESC LIMIT 3 [ RunTime:0.000313s ]
[2021-04-22T03:36:48+08:00][sql] SHOW FULL COLUMNS FROM `carver_site` [ RunTime:0.000518s ]
[2021-04-22T03:36:48+08:00][sql] SELECT * FROM `carver_site` [ RunTime:0.000298s ]
[2021-04-22T03:36:51+08:00][sql] CONNECT:[ UseTime:0.000500s ] mysql:host=127.0.0.1;port=3306;dbname=carver;charset=utf8
[2021-04-22T03:36:51+08:00][sql] SHOW FULL COLUMNS FROM `carver_article` [ RunTime:0.000897s ]
[2021-04-22T03:36:51+08:00][sql] SELECT COUNT(*) AS think_count FROM `carver_article` WHERE  `article_label` LIKE '%php;网络安全/%'  AND `delete_time` = 0  AND `is_show` = 1 [ RunTime:0.000428s ]
[2021-04-22T03:36:51+08:00][sql] SELECT * FROM `carver_article` WHERE  `article_label` LIKE '%php;网络安全/%'  AND `delete_time` = 0  AND `is_show` = 1 LIMIT 0,6 [ RunTime:0.001249s ]
[2021-04-22T03:36:51+08:00][sql] SELECT article_id,article_title,click_num,FROM_UNIXTIME(add_time,'%Y-%m-%d') as add_time FROM `carver_article` WHERE  `is_show` = 1  AND `delete_time` = 0 ORDER BY `click_num` DESC LIMIT 3 [ RunTime:0.000500s ]
[2021-04-22T03:36:51+08:00][sql] SHOW FULL COLUMNS FROM `carver_notice` [ RunTime:0.000711s ]
[2021-04-22T03:36:51+08:00][sql] SELECT * FROM `carver_notice` ORDER BY `create_time` DESC LIMIT 3 [ RunTime:0.000340s ]
[2021-04-22T03:36:51+08:00][sql] SHOW FULL COLUMNS FROM `carver_navigation` [ RunTime:0.000571s ]
[2021-04-22T03:36:51+08:00][sql] SELECT * FROM `carver_navigation` [ RunTime:0.000287s ]
[2021-04-22T03:36:51+08:00][sql] SHOW FULL COLUMNS FROM `carver_link` [ RunTime:0.000583s ]
[2021-04-22T03:36:51+08:00][sql] SELECT * FROM `carver_link` WHERE  ( is_confirm=2 ) LIMIT 20 [ RunTime:0.000346s ]
[2021-04-22T03:36:51+08:00][sql] SELECT `article_label` FROM `carver_article` [ RunTime:0.000287s ]
[2021-04-22T03:36:51+08:00][sql] SHOW FULL COLUMNS FROM `carver_carouse` [ RunTime:0.000567s ]
[2021-04-22T03:36:51+08:00][sql] SELECT `carouse_img`,`carouse_desc` FROM `carver_carouse` WHERE  `is_show` = 1 ORDER BY `carouse_sort` DESC LIMIT 3 [ RunTime:0.000326s ]
[2021-04-22T03:36:51+08:00][sql] SHOW FULL COLUMNS FROM `carver_site` [ RunTime:0.000519s ]
[2021-04-22T03:36:51+08:00][sql] SELECT * FROM `carver_site` [ RunTime:0.000286s ]
[2021-04-22T03:36:53+08:00][sql] CONNECT:[ UseTime:0.000513s ] mysql:host=127.0.0.1;port=3306;dbname=carver;charset=utf8
[2021-04-22T03:36:53+08:00][sql] SHOW FULL COLUMNS FROM `carver_article` [ RunTime:0.000898s ]
[2021-04-22T03:36:53+08:00][sql] SELECT COUNT(*) AS think_count FROM `carver_article` WHERE  `article_label` LIKE '%php;设计模式/%'  AND `delete_time` = 0  AND `is_show` = 1 [ RunTime:0.000428s ]
[2021-04-22T03:36:53+08:00][sql] SELECT * FROM `carver_article` WHERE  `article_label` LIKE '%php;设计模式/%'  AND `delete_time` = 0  AND `is_show` = 1 LIMIT 0,6 [ RunTime:0.000944s ]
[2021-04-22T03:36:53+08:00][sql] SELECT article_id,article_title,click_num,FROM_UNIXTIME(add_time,'%Y-%m-%d') as add_time FROM `carver_article` WHERE  `is_show` = 1  AND `delete_time` = 0 ORDER BY `click_num` DESC LIMIT 3 [ RunTime:0.000453s ]
[2021-04-22T03:36:53+08:00][sql] SHOW FULL COLUMNS FROM `carver_notice` [ RunTime:0.000621s ]
[2021-04-22T03:36:53+08:00][sql] SELECT * FROM `carver_notice` ORDER BY `create_time` DESC LIMIT 3 [ RunTime:0.000316s ]
[2021-04-22T03:36:53+08:00][sql] SHOW FULL COLUMNS FROM `carver_navigation` [ RunTime:0.000572s ]
[2021-04-22T03:36:53+08:00][sql] SELECT * FROM `carver_navigation` [ RunTime:0.000288s ]
[2021-04-22T03:36:53+08:00][sql] SHOW FULL COLUMNS FROM `carver_link` [ RunTime:0.000552s ]
[2021-04-22T03:36:53+08:00][sql] SELECT * FROM `carver_link` WHERE  ( is_confirm=2 ) LIMIT 20 [ RunTime:0.000372s ]
[2021-04-22T03:36:53+08:00][sql] SELECT `article_label` FROM `carver_article` [ RunTime:0.000331s ]
[2021-04-22T03:36:53+08:00][sql] SHOW FULL COLUMNS FROM `carver_carouse` [ RunTime:0.000531s ]
[2021-04-22T03:36:53+08:00][sql] SELECT `carouse_img`,`carouse_desc` FROM `carver_carouse` WHERE  `is_show` = 1 ORDER BY `carouse_sort` DESC LIMIT 3 [ RunTime:0.000320s ]
[2021-04-22T03:36:53+08:00][sql] SHOW FULL COLUMNS FROM `carver_site` [ RunTime:0.000522s ]
[2021-04-22T03:36:53+08:00][sql] SELECT * FROM `carver_site` [ RunTime:0.000286s ]
[2021-04-22T03:36:55+08:00][sql] CONNECT:[ UseTime:0.000498s ] mysql:host=127.0.0.1;port=3306;dbname=carver;charset=utf8
[2021-04-22T03:36:55+08:00][sql] SHOW FULL COLUMNS FROM `carver_article` [ RunTime:0.000907s ]
[2021-04-22T03:36:55+08:00][sql] SELECT COUNT(*) AS think_count FROM `carver_article` WHERE  `article_label` LIKE '%网络安全//%'  AND `delete_time` = 0  AND `is_show` = 1 [ RunTime:0.000457s ]
[2021-04-22T03:36:55+08:00][sql] SELECT * FROM `carver_article` WHERE  `article_label` LIKE '%网络安全//%'  AND `delete_time` = 0  AND `is_show` = 1 LIMIT 0,6 [ RunTime:0.001022s ]
[2021-04-22T03:36:55+08:00][sql] SELECT article_id,article_title,click_num,FROM_UNIXTIME(add_time,'%Y-%m-%d') as add_time FROM `carver_article` WHERE  `is_show` = 1  AND `delete_time` = 0 ORDER BY `click_num` DESC LIMIT 3 [ RunTime:0.000508s ]
[2021-04-22T03:36:55+08:00][sql] SHOW FULL COLUMNS FROM `carver_notice` [ RunTime:0.000735s ]
[2021-04-22T03:36:55+08:00][sql] SELECT * FROM `carver_notice` ORDER BY `create_time` DESC LIMIT 3 [ RunTime:0.000355s ]
[2021-04-22T03:36:55+08:00][sql] SHOW FULL COLUMNS FROM `carver_navigation` [ RunTime:0.000682s ]
[2021-04-22T03:36:55+08:00][sql] SELECT * FROM `carver_navigation` [ RunTime:0.000352s ]
[2021-04-22T03:36:55+08:00][sql] SHOW FULL COLUMNS FROM `carver_link` [ RunTime:0.000569s ]
[2021-04-22T03:36:55+08:00][sql] SELECT * FROM `carver_link` WHERE  ( is_confirm=2 ) LIMIT 20 [ RunTime:0.000341s ]
[2021-04-22T03:36:55+08:00][sql] SELECT `article_label` FROM `carver_article` [ RunTime:0.000312s ]
[2021-04-22T03:36:55+08:00][sql] SHOW FULL COLUMNS FROM `carver_carouse` [ RunTime:0.000552s ]
[2021-04-22T03:36:55+08:00][sql] SELECT `carouse_img`,`carouse_desc` FROM `carver_carouse` WHERE  `is_show` = 1 ORDER BY `carouse_sort` DESC LIMIT 3 [ RunTime:0.000319s ]
[2021-04-22T03:36:55+08:00][sql] SHOW FULL COLUMNS FROM `carver_site` [ RunTime:0.000585s ]
[2021-04-22T03:36:55+08:00][sql] SELECT * FROM `carver_site` [ RunTime:0.000283s ]
[2021-04-22T03:36:57+08:00][sql] CONNECT:[ UseTime:0.000503s ] mysql:host=127.0.0.1;port=3306;dbname=carver;charset=utf8
[2021-04-22T03:36:57+08:00][sql] SHOW FULL COLUMNS FROM `carver_article` [ RunTime:0.001023s ]
[2021-04-22T03:36:57+08:00][sql] SELECT COUNT(*) AS think_count FROM `carver_article` WHERE  `article_label` LIKE '%设计模式//%'  AND `delete_time` = 0  AND `is_show` = 1 [ RunTime:0.000455s ]
[2021-04-22T03:36:57+08:00][sql] SELECT * FROM `carver_article` WHERE  `article_label` LIKE '%设计模式//%'  AND `delete_time` = 0  AND `is_show` = 1 LIMIT 0,6 [ RunTime:0.000973s ]
[2021-04-22T03:36:57+08:00][sql] SELECT article_id,article_title,click_num,FROM_UNIXTIME(add_time,'%Y-%m-%d') as add_time FROM `carver_article` WHERE  `is_show` = 1  AND `delete_time` = 0 ORDER BY `click_num` DESC LIMIT 3 [ RunTime:0.000506s ]
[2021-04-22T03:36:57+08:00][sql] SHOW FULL COLUMNS FROM `carver_notice` [ RunTime:0.000709s ]
[2021-04-22T03:36:57+08:00][sql] SELECT * FROM `carver_notice` ORDER BY `create_time` DESC LIMIT 3 [ RunTime:0.000315s ]
[2021-04-22T03:36:57+08:00][sql] SHOW FULL COLUMNS FROM `carver_navigation` [ RunTime:0.000560s ]
[2021-04-22T03:36:57+08:00][sql] SELECT * FROM `carver_navigation` [ RunTime:0.000301s ]
[2021-04-22T03:36:57+08:00][sql] SHOW FULL COLUMNS FROM `carver_link` [ RunTime:0.000621s ]
[2021-04-22T03:36:57+08:00][sql] SELECT * FROM `carver_link` WHERE  ( is_confirm=2 ) LIMIT 20 [ RunTime:0.000348s ]
[2021-04-22T03:36:57+08:00][sql] SELECT `article_label` FROM `carver_article` [ RunTime:0.000267s ]
[2021-04-22T03:36:57+08:00][sql] SHOW FULL COLUMNS FROM `carver_carouse` [ RunTime:0.000603s ]
[2021-04-22T03:36:57+08:00][sql] SELECT `carouse_img`,`carouse_desc` FROM `carver_carouse` WHERE  `is_show` = 1 ORDER BY `carouse_sort` DESC LIMIT 3 [ RunTime:0.000332s ]
[2021-04-22T03:36:57+08:00][sql] SHOW FULL COLUMNS FROM `carver_site` [ RunTime:0.000537s ]
[2021-04-22T03:36:57+08:00][sql] SELECT * FROM `carver_site` [ RunTime:0.000293s ]
[2021-04-22T05:25:23+08:00][sql] CONNECT:[ UseTime:0.000545s ] mysql:host=127.0.0.1;port=3306;dbname=carver;charset=utf8
[2021-04-22T05:25:23+08:00][sql] SHOW FULL COLUMNS FROM `carver_user` [ RunTime:0.001020s ]
[2021-04-22T05:25:23+08:00][sql] SHOW FULL COLUMNS FROM `carver_article` [ RunTime:0.000730s ]
[2021-04-22T05:25:23+08:00][sql] SELECT COUNT(*) AS think_count FROM `carver_article` WHERE  `delete_time` = 0  AND `is_show` = 1 [ RunTime:0.000444s ]
[2021-04-22T05:25:23+08:00][sql] SELECT `article_id`,`article_title`,`article_desc`,`article_content`,`article_img`,`article_guide`,`article_label`,`click_num`,`is_show`,`add_time`,`article_author`,`is_top_show` FROM `carver_article` WHERE  `delete_time` = 0  AND `is_show` = 1 ORDER BY `article_id` DESC LIMIT 6,6 [ RunTime:0.003064s ]
[2021-04-22T05:25:23+08:00][sql] SELECT article_id,article_title,click_num,FROM_UNIXTIME(add_time,'%Y-%m-%d') as add_time FROM `carver_article` WHERE  `is_show` = 1  AND `delete_time` = 0 ORDER BY `click_num` DESC LIMIT 3 [ RunTime:0.000793s ]
[2021-04-22T05:25:23+08:00][sql] SHOW FULL COLUMNS FROM `carver_notice` [ RunTime:0.000674s ]
[2021-04-22T05:25:23+08:00][sql] SELECT * FROM `carver_notice` ORDER BY `create_time` DESC LIMIT 3 [ RunTime:0.000293s ]
[2021-04-22T05:25:23+08:00][sql] SHOW FULL COLUMNS FROM `carver_navigation` [ RunTime:0.000535s ]
[2021-04-22T05:25:23+08:00][sql] SELECT * FROM `carver_navigation` [ RunTime:0.000250s ]
[2021-04-22T05:25:23+08:00][sql] SHOW FULL COLUMNS FROM `carver_link` [ RunTime:0.000494s ]
[2021-04-22T05:25:23+08:00][sql] SELECT * FROM `carver_link` WHERE  ( is_confirm=2 ) LIMIT 20 [ RunTime:0.000310s ]
[2021-04-22T05:25:23+08:00][sql] SELECT `article_label` FROM `carver_article` [ RunTime:0.000277s ]
[2021-04-22T05:25:23+08:00][sql] SHOW FULL COLUMNS FROM `carver_carouse` [ RunTime:0.000522s ]
[2021-04-22T05:25:23+08:00][sql] SELECT `carouse_img`,`carouse_desc` FROM `carver_carouse` WHERE  `is_show` = 1 ORDER BY `carouse_sort` DESC LIMIT 3 [ RunTime:0.000319s ]
[2021-04-22T05:25:23+08:00][sql] SHOW FULL COLUMNS FROM `carver_site` [ RunTime:0.000523s ]
[2021-04-22T05:25:23+08:00][sql] SELECT * FROM `carver_site` [ RunTime:0.000258s ]
[2021-04-22T06:09:00+08:00][sql] CONNECT:[ UseTime:0.000546s ] mysql:host=127.0.0.1;port=3306;dbname=carver;charset=utf8
[2021-04-22T06:09:00+08:00][sql] SHOW FULL COLUMNS FROM `carver_user` [ RunTime:0.000892s ]
[2021-04-22T06:09:00+08:00][sql] SHOW FULL COLUMNS FROM `carver_article` [ RunTime:0.000772s ]
[2021-04-22T06:09:00+08:00][sql] SELECT COUNT(*) AS think_count FROM `carver_article` WHERE  `delete_time` = 0  AND `is_show` = 1 [ RunTime:0.000817s ]
[2021-04-22T06:09:00+08:00][sql] SELECT `article_id`,`article_title`,`article_desc`,`article_content`,`article_img`,`article_guide`,`article_label`,`click_num`,`is_show`,`add_time`,`article_author`,`is_top_show` FROM `carver_article` WHERE  `delete_time` = 0  AND `is_show` = 1 ORDER BY `article_id` DESC LIMIT 0,6 [ RunTime:0.000658s ]
[2021-04-22T06:09:00+08:00][sql] SELECT article_id,article_title,click_num,FROM_UNIXTIME(add_time,'%Y-%m-%d') as add_time FROM `carver_article` WHERE  `is_show` = 1  AND `delete_time` = 0 ORDER BY `click_num` DESC LIMIT 3 [ RunTime:0.000549s ]
[2021-04-22T06:09:00+08:00][sql] SHOW FULL COLUMNS FROM `carver_notice` [ RunTime:0.000703s ]
[2021-04-22T06:09:00+08:00][sql] SELECT * FROM `carver_notice` ORDER BY `create_time` DESC LIMIT 3 [ RunTime:0.000309s ]
[2021-04-22T06:09:00+08:00][sql] SHOW FULL COLUMNS FROM `carver_navigation` [ RunTime:0.000593s ]
[2021-04-22T06:09:00+08:00][sql] SELECT * FROM `carver_navigation` [ RunTime:0.000375s ]
[2021-04-22T06:09:00+08:00][sql] SHOW FULL COLUMNS FROM `carver_link` [ RunTime:0.000551s ]
[2021-04-22T06:09:00+08:00][sql] SELECT * FROM `carver_link` WHERE  ( is_confirm=2 ) LIMIT 20 [ RunTime:0.000300s ]
[2021-04-22T06:09:00+08:00][sql] SELECT `article_label` FROM `carver_article` [ RunTime:0.000269s ]
[2021-04-22T06:09:00+08:00][sql] SHOW FULL COLUMNS FROM `carver_carouse` [ RunTime:0.000636s ]
[2021-04-22T06:09:00+08:00][sql] SELECT `carouse_img`,`carouse_desc` FROM `carver_carouse` WHERE  `is_show` = 1 ORDER BY `carouse_sort` DESC LIMIT 3 [ RunTime:0.000306s ]
[2021-04-22T06:09:00+08:00][sql] SHOW FULL COLUMNS FROM `carver_site` [ RunTime:0.000619s ]
[2021-04-22T06:09:00+08:00][sql] SELECT * FROM `carver_site` [ RunTime:0.000230s ]
[2021-04-22T07:53:01+08:00][sql] CONNECT:[ UseTime:0.000629s ] mysql:host=127.0.0.1;port=3306;dbname=carver;charset=utf8
[2021-04-22T07:53:01+08:00][sql] SHOW FULL COLUMNS FROM `carver_article` [ RunTime:0.000905s ]
[2021-04-22T07:53:01+08:00][sql] SELECT `article_id`,`article_title`,`article_desc`,`article_content`,`article_img`,`article_guide`,`article_label`,`click_num`,`is_show`,`add_time`,`article_author` FROM `carver_article` WHERE  `article_id` = 1 LIMIT 1 [ RunTime:0.000535s ]
[2021-04-22T07:53:01+08:00][sql] SELECT `article_id`,`article_title`,`article_desc`,`article_content`,`article_img`,`article_guide`,`article_label`,`click_num`,`is_show`,`add_time`,`article_author` FROM `carver_article` WHERE  `article_id` > 1 LIMIT 1 [ RunTime:0.000391s ]
[2021-04-22T07:53:01+08:00][sql] SELECT `article_id`,`article_title`,`article_desc`,`article_content`,`article_img`,`article_guide`,`article_label`,`click_num`,`is_show`,`add_time`,`article_author` FROM `carver_article` WHERE  `article_id` < 1 ORDER BY `article_id` DESC LIMIT 1 [ RunTime:0.000360s ]
[2021-04-22T07:53:01+08:00][sql] SHOW FULL COLUMNS FROM `carver_link` [ RunTime:0.000581s ]
[2021-04-22T07:53:01+08:00][sql] SELECT * FROM `carver_link` WHERE  ( is_confirm=2 ) LIMIT 20 [ RunTime:0.000293s ]
[2021-04-22T07:53:01+08:00][sql] SELECT article_id,article_title,click_num,FROM_UNIXTIME(add_time,'%Y-%m-%d') as add_time FROM `carver_article` ORDER BY `click_num` DESC LIMIT 3 [ RunTime:0.000499s ]
[2021-04-22T07:53:01+08:00][sql] SHOW FULL COLUMNS FROM `carver_comment` [ RunTime:0.000827s ]
[2021-04-22T07:53:01+08:00][sql] SELECT `a`.*,`b`.`user_name` FROM `carver_comment` `a` INNER JOIN `carver_user` `b` ON `a`.`user_id`=`b`.`user_id` WHERE  `article_id` = 1 ORDER BY `create_time` DESC [ RunTime:0.000432s ]
[2021-04-22T07:53:01+08:00][sql] SHOW FULL COLUMNS FROM `carver_comment_to_others` [ RunTime:0.000638s ]
[2021-04-22T07:53:01+08:00][sql] SELECT * FROM `carver_comment_to_others` [ RunTime:0.000254s ]
[2021-04-22T07:53:01+08:00][sql] SHOW FULL COLUMNS FROM `carver_user` [ RunTime:0.000497s ]
[2021-04-22T07:53:01+08:00][sql] SELECT `user_name` FROM `carver_user` WHERE  `user_id` = 4 LIMIT 1 [ RunTime:0.000274s ]
[2021-04-22T07:53:01+08:00][sql] SELECT `user_name` FROM `carver_user` WHERE  `user_id` = 4 LIMIT 1 [ RunTime:0.000229s ]
[2021-04-22T07:53:01+08:00][sql] SELECT `user_name` FROM `carver_user` WHERE  `user_id` = 5 LIMIT 1 [ RunTime:0.000217s ]
[2021-04-22T07:53:01+08:00][sql] SELECT `user_name` FROM `carver_user` WHERE  `user_id` = 5 LIMIT 1 [ RunTime:0.000232s ]
[2021-04-22T07:53:01+08:00][sql] SELECT `user_name`,`user_id` FROM `carver_user` [ RunTime:0.000249s ]
[2021-04-22T07:53:01+08:00][sql] SHOW FULL COLUMNS FROM `carver_navigation` [ RunTime:0.000528s ]
[2021-04-22T07:53:01+08:00][sql] SELECT * FROM `carver_navigation` [ RunTime:0.000267s ]
[2021-04-22T07:53:01+08:00][sql] SELECT `article_label` FROM `carver_article` [ RunTime:0.000294s ]
[2021-04-22T08:46:34+08:00][sql] CONNECT:[ UseTime:0.000578s ] mysql:host=127.0.0.1;port=3306;dbname=carver;charset=utf8
[2021-04-22T08:46:34+08:00][sql] SHOW FULL COLUMNS FROM `carver_article` [ RunTime:0.000946s ]
[2021-04-22T08:46:34+08:00][sql] SELECT COUNT(*) AS think_count FROM `carver_article` WHERE  `article_label` LIKE '%网络安全%'  AND `delete_time` = 0  AND `is_show` = 1 [ RunTime:0.000424s ]
[2021-04-22T08:46:34+08:00][sql] SELECT * FROM `carver_article` WHERE  `article_label` LIKE '%网络安全%'  AND `delete_time` = 0  AND `is_show` = 1 LIMIT 0,6 [ RunTime:0.001052s ]
[2021-04-22T08:46:34+08:00][sql] SELECT article_id,article_title,click_num,FROM_UNIXTIME(add_time,'%Y-%m-%d') as add_time FROM `carver_article` WHERE  `is_show` = 1  AND `delete_time` = 0 ORDER BY `click_num` DESC LIMIT 3 [ RunTime:0.000528s ]
[2021-04-22T08:46:34+08:00][sql] SHOW FULL COLUMNS FROM `carver_notice` [ RunTime:0.000670s ]
[2021-04-22T08:46:34+08:00][sql] SELECT * FROM `carver_notice` ORDER BY `create_time` DESC LIMIT 3 [ RunTime:0.000313s ]
[2021-04-22T08:46:34+08:00][sql] SHOW FULL COLUMNS FROM `carver_navigation` [ RunTime:0.000538s ]
[2021-04-22T08:46:34+08:00][sql] SELECT * FROM `carver_navigation` [ RunTime:0.000260s ]
[2021-04-22T08:46:34+08:00][sql] SHOW FULL COLUMNS FROM `carver_link` [ RunTime:0.000507s ]
[2021-04-22T08:46:34+08:00][sql] SELECT * FROM `carver_link` WHERE  ( is_confirm=2 ) LIMIT 20 [ RunTime:0.000354s ]
[2021-04-22T08:46:34+08:00][sql] SELECT `article_label` FROM `carver_article` [ RunTime:0.000334s ]
[2021-04-22T08:46:34+08:00][sql] SHOW FULL COLUMNS FROM `carver_carouse` [ RunTime:0.000606s ]
[2021-04-22T08:46:34+08:00][sql] SELECT `carouse_img`,`carouse_desc` FROM `carver_carouse` WHERE  `is_show` = 1 ORDER BY `carouse_sort` DESC LIMIT 3 [ RunTime:0.000309s ]
[2021-04-22T08:46:34+08:00][sql] SHOW FULL COLUMNS FROM `carver_site` [ RunTime:0.000489s ]
[2021-04-22T08:46:34+08:00][sql] SELECT * FROM `carver_site` [ RunTime:0.000250s ]
[2021-04-22T08:56:43+08:00][sql] CONNECT:[ UseTime:0.000500s ] mysql:host=127.0.0.1;port=3306;dbname=carver;charset=utf8
[2021-04-22T08:56:43+08:00][sql] SHOW FULL COLUMNS FROM `carver_user` [ RunTime:0.000816s ]
[2021-04-22T08:56:43+08:00][sql] SHOW FULL COLUMNS FROM `carver_article` [ RunTime:0.000682s ]
[2021-04-22T08:56:43+08:00][sql] SELECT COUNT(*) AS think_count FROM `carver_article` WHERE  `delete_time` = 0  AND `is_show` = 1 [ RunTime:0.000378s ]
[2021-04-22T08:56:43+08:00][sql] SELECT `article_id`,`article_title`,`article_desc`,`article_content`,`article_img`,`article_guide`,`article_label`,`click_num`,`is_show`,`add_time`,`article_author`,`is_top_show` FROM `carver_article` WHERE  `delete_time` = 0  AND `is_show` = 1 ORDER BY `article_id` DESC LIMIT 0,6 [ RunTime:0.000593s ]
[2021-04-22T08:56:43+08:00][sql] SELECT article_id,article_title,click_num,FROM_UNIXTIME(add_time,'%Y-%m-%d') as add_time FROM `carver_article` WHERE  `is_show` = 1  AND `delete_time` = 0 ORDER BY `click_num` DESC LIMIT 3 [ RunTime:0.000401s ]
[2021-04-22T08:56:43+08:00][sql] SHOW FULL COLUMNS FROM `carver_notice` [ RunTime:0.000528s ]
[2021-04-22T08:56:43+08:00][sql] SELECT * FROM `carver_notice` ORDER BY `create_time` DESC LIMIT 3 [ RunTime:0.000299s ]
[2021-04-22T08:56:43+08:00][sql] SHOW FULL COLUMNS FROM `carver_navigation` [ RunTime:0.000503s ]
[2021-04-22T08:56:43+08:00][sql] SELECT * FROM `carver_navigation` [ RunTime:0.000238s ]
[2021-04-22T08:56:43+08:00][sql] SHOW FULL COLUMNS FROM `carver_link` [ RunTime:0.000544s ]
[2021-04-22T08:56:43+08:00][sql] SELECT * FROM `carver_link` WHERE  ( is_confirm=2 ) LIMIT 20 [ RunTime:0.000296s ]
[2021-04-22T08:56:43+08:00][sql] SELECT `article_label` FROM `carver_article` [ RunTime:0.000262s ]
[2021-04-22T08:56:43+08:00][sql] SHOW FULL COLUMNS FROM `carver_carouse` [ RunTime:0.000450s ]
[2021-04-22T08:56:43+08:00][sql] SELECT `carouse_img`,`carouse_desc` FROM `carver_carouse` WHERE  `is_show` = 1 ORDER BY `carouse_sort` DESC LIMIT 3 [ RunTime:0.000295s ]
[2021-04-22T08:56:43+08:00][sql] SHOW FULL COLUMNS FROM `carver_site` [ RunTime:0.000453s ]
[2021-04-22T08:56:43+08:00][sql] SELECT * FROM `carver_site` [ RunTime:0.000242s ]
[2021-04-22T09:39:40+08:00][sql] CONNECT:[ UseTime:0.000519s ] mysql:host=127.0.0.1;port=3306;dbname=carver;charset=utf8
[2021-04-22T09:39:40+08:00][sql] SHOW FULL COLUMNS FROM `carver_article` [ RunTime:0.000847s ]
[2021-04-22T09:39:40+08:00][sql] SELECT COUNT(*) AS think_count FROM `carver_article` WHERE  `article_label` LIKE '%php%'  AND `delete_time` = 0  AND `is_show` = 1 [ RunTime:0.000402s ]
[2021-04-22T09:39:40+08:00][sql] SELECT * FROM `carver_article` WHERE  `article_label` LIKE '%php%'  AND `delete_time` = 0  AND `is_show` = 1 LIMIT 0,6 [ RunTime:0.000912s ]
[2021-04-22T09:39:40+08:00][sql] SELECT article_id,article_title,click_num,FROM_UNIXTIME(add_time,'%Y-%m-%d') as add_time FROM `carver_article` WHERE  `is_show` = 1  AND `delete_time` = 0 ORDER BY `click_num` DESC LIMIT 3 [ RunTime:0.000399s ]
[2021-04-22T09:39:40+08:00][sql] SHOW FULL COLUMNS FROM `carver_notice` [ RunTime:0.000563s ]
[2021-04-22T09:39:40+08:00][sql] SELECT * FROM `carver_notice` ORDER BY `create_time` DESC LIMIT 3 [ RunTime:0.000254s ]
[2021-04-22T09:39:40+08:00][sql] SHOW FULL COLUMNS FROM `carver_navigation` [ RunTime:0.000549s ]
[2021-04-22T09:39:40+08:00][sql] SELECT * FROM `carver_navigation` [ RunTime:0.000238s ]
[2021-04-22T09:39:40+08:00][sql] SHOW FULL COLUMNS FROM `carver_link` [ RunTime:0.000475s ]
[2021-04-22T09:39:40+08:00][sql] SELECT * FROM `carver_link` WHERE  ( is_confirm=2 ) LIMIT 20 [ RunTime:0.000277s ]
[2021-04-22T09:39:40+08:00][sql] SELECT `article_label` FROM `carver_article` [ RunTime:0.000257s ]
[2021-04-22T09:39:40+08:00][sql] SHOW FULL COLUMNS FROM `carver_carouse` [ RunTime:0.000456s ]
[2021-04-22T09:39:40+08:00][sql] SELECT `carouse_img`,`carouse_desc` FROM `carver_carouse` WHERE  `is_show` = 1 ORDER BY `carouse_sort` DESC LIMIT 3 [ RunTime:0.000304s ]
[2021-04-22T09:39:40+08:00][sql] SHOW FULL COLUMNS FROM `carver_site` [ RunTime:0.000453s ]
[2021-04-22T09:39:40+08:00][sql] SELECT * FROM `carver_site` [ RunTime:0.000226s ]
[2021-04-22T10:27:24+08:00][sql] CONNECT:[ UseTime:0.000565s ] mysql:host=127.0.0.1;port=3306;dbname=carver;charset=utf8
[2021-04-22T10:27:24+08:00][sql] SHOW FULL COLUMNS FROM `carver_article` [ RunTime:0.000906s ]
[2021-04-22T10:27:24+08:00][sql] SELECT COUNT(*) AS think_count FROM `carver_article` WHERE  `article_label` LIKE '%php;网络安全%'  AND `delete_time` = 0  AND `is_show` = 1 [ RunTime:0.000437s ]
[2021-04-22T10:27:24+08:00][sql] SELECT * FROM `carver_article` WHERE  `article_label` LIKE '%php;网络安全%'  AND `delete_time` = 0  AND `is_show` = 1 LIMIT 0,6 [ RunTime:0.001057s ]
[2021-04-22T10:27:24+08:00][sql] SELECT article_id,article_title,click_num,FROM_UNIXTIME(add_time,'%Y-%m-%d') as add_time FROM `carver_article` WHERE  `is_show` = 1  AND `delete_time` = 0 ORDER BY `click_num` DESC LIMIT 3 [ RunTime:0.000437s ]
[2021-04-22T10:27:24+08:00][sql] SHOW FULL COLUMNS FROM `carver_notice` [ RunTime:0.000789s ]
[2021-04-22T10:27:24+08:00][sql] SELECT * FROM `carver_notice` ORDER BY `create_time` DESC LIMIT 3 [ RunTime:0.000391s ]
[2021-04-22T10:27:24+08:00][sql] SHOW FULL COLUMNS FROM `carver_navigation` [ RunTime:0.000558s ]
[2021-04-22T10:27:24+08:00][sql] SELECT * FROM `carver_navigation` [ RunTime:0.000235s ]
[2021-04-22T10:27:24+08:00][sql] SHOW FULL COLUMNS FROM `carver_link` [ RunTime:0.000514s ]
[2021-04-22T10:27:24+08:00][sql] SELECT * FROM `carver_link` WHERE  ( is_confirm=2 ) LIMIT 20 [ RunTime:0.000300s ]
[2021-04-22T10:27:24+08:00][sql] SELECT `article_label` FROM `carver_article` [ RunTime:0.000263s ]
[2021-04-22T10:27:24+08:00][sql] SHOW FULL COLUMNS FROM `carver_carouse` [ RunTime:0.000471s ]
[2021-04-22T10:27:24+08:00][sql] SELECT `carouse_img`,`carouse_desc` FROM `carver_carouse` WHERE  `is_show` = 1 ORDER BY `carouse_sort` DESC LIMIT 3 [ RunTime:0.000319s ]
[2021-04-22T10:27:24+08:00][sql] SHOW FULL COLUMNS FROM `carver_site` [ RunTime:0.000467s ]
[2021-04-22T10:27:24+08:00][sql] SELECT * FROM `carver_site` [ RunTime:0.000258s ]
[2021-04-22T10:42:04+08:00][sql] CONNECT:[ UseTime:0.000615s ] mysql:host=127.0.0.1;port=3306;dbname=carver;charset=utf8
[2021-04-22T10:42:04+08:00][sql] SHOW FULL COLUMNS FROM `carver_user` [ RunTime:0.000938s ]
[2021-04-22T10:42:04+08:00][sql] SHOW FULL COLUMNS FROM `carver_article` [ RunTime:0.000729s ]
[2021-04-22T10:42:04+08:00][sql] SELECT COUNT(*) AS think_count FROM `carver_article` WHERE  `delete_time` = 0  AND `is_show` = 1 [ RunTime:0.000393s ]
[2021-04-22T10:42:04+08:00][sql] SELECT `article_id`,`article_title`,`article_desc`,`article_content`,`article_img`,`article_guide`,`article_label`,`click_num`,`is_show`,`add_time`,`article_author`,`is_top_show` FROM `carver_article` WHERE  `delete_time` = 0  AND `is_show` = 1 ORDER BY `article_id` DESC LIMIT 0,6 [ RunTime:0.000620s ]
[2021-04-22T10:42:04+08:00][sql] SELECT article_id,article_title,click_num,FROM_UNIXTIME(add_time,'%Y-%m-%d') as add_time FROM `carver_article` WHERE  `is_show` = 1  AND `delete_time` = 0 ORDER BY `click_num` DESC LIMIT 3 [ RunTime:0.000462s ]
[2021-04-22T10:42:04+08:00][sql] SHOW FULL COLUMNS FROM `carver_notice` [ RunTime:0.000534s ]
[2021-04-22T10:42:04+08:00][sql] SELECT * FROM `carver_notice` ORDER BY `create_time` DESC LIMIT 3 [ RunTime:0.000338s ]
[2021-04-22T10:42:04+08:00][sql] SHOW FULL COLUMNS FROM `carver_navigation` [ RunTime:0.000543s ]
[2021-04-22T10:42:04+08:00][sql] SELECT * FROM `carver_navigation` [ RunTime:0.000243s ]
[2021-04-22T10:42:04+08:00][sql] SHOW FULL COLUMNS FROM `carver_link` [ RunTime:0.000526s ]
[2021-04-22T10:42:04+08:00][sql] SELECT * FROM `carver_link` WHERE  ( is_confirm=2 ) LIMIT 20 [ RunTime:0.000365s ]
[2021-04-22T10:42:04+08:00][sql] SELECT `article_label` FROM `carver_article` [ RunTime:0.000281s ]
[2021-04-22T10:42:04+08:00][sql] SHOW FULL COLUMNS FROM `carver_carouse` [ RunTime:0.000559s ]
[2021-04-22T10:42:04+08:00][sql] SELECT `carouse_img`,`carouse_desc` FROM `carver_carouse` WHERE  `is_show` = 1 ORDER BY `carouse_sort` DESC LIMIT 3 [ RunTime:0.000314s ]
[2021-04-22T10:42:04+08:00][sql] SHOW FULL COLUMNS FROM `carver_site` [ RunTime:0.000497s ]
[2021-04-22T10:42:04+08:00][sql] SELECT * FROM `carver_site` [ RunTime:0.000247s ]
[2021-04-22T10:43:17+08:00][sql] CONNECT:[ UseTime:0.000509s ] mysql:host=127.0.0.1;port=3306;dbname=carver;charset=utf8
[2021-04-22T10:43:17+08:00][sql] SHOW FULL COLUMNS FROM `carver_user` [ RunTime:0.000809s ]
[2021-04-22T10:43:17+08:00][sql] SHOW FULL COLUMNS FROM `carver_article` [ RunTime:0.000675s ]
[2021-04-22T10:43:17+08:00][sql] SELECT COUNT(*) AS think_count FROM `carver_article` WHERE  `delete_time` = 0  AND `is_show` = 1 [ RunTime:0.000385s ]
[2021-04-22T10:43:17+08:00][sql] SELECT `article_id`,`article_title`,`article_desc`,`article_content`,`article_img`,`article_guide`,`article_label`,`click_num`,`is_show`,`add_time`,`article_author`,`is_top_show` FROM `carver_article` WHERE  `delete_time` = 0  AND `is_show` = 1 ORDER BY `article_id` DESC LIMIT 0,6 [ RunTime:0.000621s ]
[2021-04-22T10:43:17+08:00][sql] SELECT article_id,article_title,click_num,FROM_UNIXTIME(add_time,'%Y-%m-%d') as add_time FROM `carver_article` WHERE  `is_show` = 1  AND `delete_time` = 0 ORDER BY `click_num` DESC LIMIT 3 [ RunTime:0.000413s ]
[2021-04-22T10:43:17+08:00][sql] SHOW FULL COLUMNS FROM `carver_notice` [ RunTime:0.000553s ]
[2021-04-22T10:43:17+08:00][sql] SELECT * FROM `carver_notice` ORDER BY `create_time` DESC LIMIT 3 [ RunTime:0.000269s ]
[2021-04-22T10:43:17+08:00][sql] SHOW FULL COLUMNS FROM `carver_navigation` [ RunTime:0.000505s ]
[2021-04-22T10:43:17+08:00][sql] SELECT * FROM `carver_navigation` [ RunTime:0.000244s ]
[2021-04-22T10:43:17+08:00][sql] SHOW FULL COLUMNS FROM `carver_link` [ RunTime:0.000512s ]
[2021-04-22T10:43:17+08:00][sql] SELECT * FROM `carver_link` WHERE  ( is_confirm=2 ) LIMIT 20 [ RunTime:0.000285s ]
[2021-04-22T10:43:17+08:00][sql] SELECT `article_label` FROM `carver_article` [ RunTime:0.000275s ]
[2021-04-22T10:43:17+08:00][sql] SHOW FULL COLUMNS FROM `carver_carouse` [ RunTime:0.000489s ]
[2021-04-22T10:43:17+08:00][sql] SELECT `carouse_img`,`carouse_desc` FROM `carver_carouse` WHERE  `is_show` = 1 ORDER BY `carouse_sort` DESC LIMIT 3 [ RunTime:0.000286s ]
[2021-04-22T10:43:17+08:00][sql] SHOW FULL COLUMNS FROM `carver_site` [ RunTime:0.000473s ]
[2021-04-22T10:43:17+08:00][sql] SELECT * FROM `carver_site` [ RunTime:0.000250s ]
[2021-04-22T13:42:54+08:00][sql] CONNECT:[ UseTime:0.000527s ] mysql:host=127.0.0.1;port=3306;dbname=carver;charset=utf8
[2021-04-22T13:42:54+08:00][sql] SHOW FULL COLUMNS FROM `carver_user` [ RunTime:0.000878s ]
[2021-04-22T13:42:54+08:00][sql] SHOW FULL COLUMNS FROM `carver_article` [ RunTime:0.000751s ]
[2021-04-22T13:42:54+08:00][sql] SELECT COUNT(*) AS think_count FROM `carver_article` WHERE  `delete_time` = 0  AND `is_show` = 1 [ RunTime:0.000390s ]
[2021-04-22T13:42:54+08:00][sql] SELECT `article_id`,`article_title`,`article_desc`,`article_content`,`article_img`,`article_guide`,`article_label`,`click_num`,`is_show`,`add_time`,`article_author`,`is_top_show` FROM `carver_article` WHERE  `delete_time` = 0  AND `is_show` = 1 ORDER BY `article_id` DESC LIMIT 0,6 [ RunTime:0.000658s ]
[2021-04-22T13:42:54+08:00][sql] SELECT article_id,article_title,click_num,FROM_UNIXTIME(add_time,'%Y-%m-%d') as add_time FROM `carver_article` WHERE  `is_show` = 1  AND `delete_time` = 0 ORDER BY `click_num` DESC LIMIT 3 [ RunTime:0.000582s ]
[2021-04-22T13:42:54+08:00][sql] SHOW FULL COLUMNS FROM `carver_notice` [ RunTime:0.000596s ]
[2021-04-22T13:42:54+08:00][sql] SELECT * FROM `carver_notice` ORDER BY `create_time` DESC LIMIT 3 [ RunTime:0.000268s ]
[2021-04-22T13:42:54+08:00][sql] SHOW FULL COLUMNS FROM `carver_navigation` [ RunTime:0.000543s ]
[2021-04-22T13:42:54+08:00][sql] SELECT * FROM `carver_navigation` [ RunTime:0.000258s ]
[2021-04-22T13:42:54+08:00][sql] SHOW FULL COLUMNS FROM `carver_link` [ RunTime:0.000501s ]
[2021-04-22T13:42:54+08:00][sql] SELECT * FROM `carver_link` WHERE  ( is_confirm=2 ) LIMIT 20 [ RunTime:0.000310s ]
[2021-04-22T13:42:54+08:00][sql] SELECT `article_label` FROM `carver_article` [ RunTime:0.000256s ]
[2021-04-22T13:42:54+08:00][sql] SHOW FULL COLUMNS FROM `carver_carouse` [ RunTime:0.000488s ]
[2021-04-22T13:42:54+08:00][sql] SELECT `carouse_img`,`carouse_desc` FROM `carver_carouse` WHERE  `is_show` = 1 ORDER BY `carouse_sort` DESC LIMIT 3 [ RunTime:0.000317s ]
[2021-04-22T13:42:54+08:00][sql] SHOW FULL COLUMNS FROM `carver_site` [ RunTime:0.000517s ]
[2021-04-22T13:42:54+08:00][sql] SELECT * FROM `carver_site` [ RunTime:0.000230s ]
[2021-04-22T17:17:13+08:00][sql] CONNECT:[ UseTime:0.000556s ] mysql:host=127.0.0.1;port=3306;dbname=carver;charset=utf8
[2021-04-22T17:17:13+08:00][sql] SHOW FULL COLUMNS FROM `carver_article` [ RunTime:0.001032s ]
[2021-04-22T17:17:13+08:00][sql] SELECT COUNT(*) AS think_count FROM `carver_article` WHERE  `article_label` LIKE '%php;网络安全//%'  AND `delete_time` = 0  AND `is_show` = 1 [ RunTime:0.000450s ]
[2021-04-22T17:17:13+08:00][sql] SELECT * FROM `carver_article` WHERE  `article_label` LIKE '%php;网络安全//%'  AND `delete_time` = 0  AND `is_show` = 1 LIMIT 0,6 [ RunTime:0.001004s ]
[2021-04-22T17:17:13+08:00][sql] SELECT article_id,article_title,click_num,FROM_UNIXTIME(add_time,'%Y-%m-%d') as add_time FROM `carver_article` WHERE  `is_show` = 1  AND `delete_time` = 0 ORDER BY `click_num` DESC LIMIT 3 [ RunTime:0.000482s ]
[2021-04-22T17:17:13+08:00][sql] SHOW FULL COLUMNS FROM `carver_notice` [ RunTime:0.000655s ]
[2021-04-22T17:17:13+08:00][sql] SELECT * FROM `carver_notice` ORDER BY `create_time` DESC LIMIT 3 [ RunTime:0.000344s ]
[2021-04-22T17:17:13+08:00][sql] SHOW FULL COLUMNS FROM `carver_navigation` [ RunTime:0.000617s ]
[2021-04-22T17:17:13+08:00][sql] SELECT * FROM `carver_navigation` [ RunTime:0.000294s ]
[2021-04-22T17:17:13+08:00][sql] SHOW FULL COLUMNS FROM `carver_link` [ RunTime:0.000679s ]
[2021-04-22T17:17:13+08:00][sql] SELECT * FROM `carver_link` WHERE  ( is_confirm=2 ) LIMIT 20 [ RunTime:0.000368s ]
[2021-04-22T17:17:13+08:00][sql] SELECT `article_label` FROM `carver_article` [ RunTime:0.000304s ]
[2021-04-22T17:17:13+08:00][sql] SHOW FULL COLUMNS FROM `carver_carouse` [ RunTime:0.000637s ]
[2021-04-22T17:17:13+08:00][sql] SELECT `carouse_img`,`carouse_desc` FROM `carver_carouse` WHERE  `is_show` = 1 ORDER BY `carouse_sort` DESC LIMIT 3 [ RunTime:0.000338s ]
[2021-04-22T17:17:13+08:00][sql] SHOW FULL COLUMNS FROM `carver_site` [ RunTime:0.000573s ]
[2021-04-22T17:17:13+08:00][sql] SELECT * FROM `carver_site` [ RunTime:0.000337s ]
[2021-04-22T17:17:17+08:00][sql] CONNECT:[ UseTime:0.000545s ] mysql:host=127.0.0.1;port=3306;dbname=carver;charset=utf8
[2021-04-22T17:17:17+08:00][sql] SHOW FULL COLUMNS FROM `carver_article` [ RunTime:0.000854s ]
[2021-04-22T17:17:17+08:00][sql] SELECT COUNT(*) AS think_count FROM `carver_article` WHERE  `article_label` LIKE '%php;设计模式//%'  AND `delete_time` = 0  AND `is_show` = 1 [ RunTime:0.001187s ]
[2021-04-22T17:17:17+08:00][sql] SELECT * FROM `carver_article` WHERE  `article_label` LIKE '%php;设计模式//%'  AND `delete_time` = 0  AND `is_show` = 1 LIMIT 0,6 [ RunTime:0.000929s ]
[2021-04-22T17:17:17+08:00][sql] SELECT article_id,article_title,click_num,FROM_UNIXTIME(add_time,'%Y-%m-%d') as add_time FROM `carver_article` WHERE  `is_show` = 1  AND `delete_time` = 0 ORDER BY `click_num` DESC LIMIT 3 [ RunTime:0.000457s ]
[2021-04-22T17:17:17+08:00][sql] SHOW FULL COLUMNS FROM `carver_notice` [ RunTime:0.000611s ]
[2021-04-22T17:17:17+08:00][sql] SELECT * FROM `carver_notice` ORDER BY `create_time` DESC LIMIT 3 [ RunTime:0.000307s ]
[2021-04-22T17:17:17+08:00][sql] SHOW FULL COLUMNS FROM `carver_navigation` [ RunTime:0.000564s ]
[2021-04-22T17:17:17+08:00][sql] SELECT * FROM `carver_navigation` [ RunTime:0.000270s ]
[2021-04-22T17:17:17+08:00][sql] SHOW FULL COLUMNS FROM `carver_link` [ RunTime:0.000537s ]
[2021-04-22T17:17:17+08:00][sql] SELECT * FROM `carver_link` WHERE  ( is_confirm=2 ) LIMIT 20 [ RunTime:0.000340s ]
[2021-04-22T17:17:17+08:00][sql] SELECT `article_label` FROM `carver_article` [ RunTime:0.000261s ]
[2021-04-22T17:17:17+08:00][sql] SHOW FULL COLUMNS FROM `carver_carouse` [ RunTime:0.000522s ]
[2021-04-22T17:17:17+08:00][sql] SELECT `carouse_img`,`carouse_desc` FROM `carver_carouse` WHERE  `is_show` = 1 ORDER BY `carouse_sort` DESC LIMIT 3 [ RunTime:0.000467s ]
[2021-04-22T17:17:17+08:00][sql] SHOW FULL COLUMNS FROM `carver_site` [ RunTime:0.000538s ]
[2021-04-22T17:17:17+08:00][sql] SELECT * FROM `carver_site` [ RunTime:0.000290s ]
[2021-04-22T18:01:28+08:00][sql] CONNECT:[ UseTime:0.000540s ] mysql:host=127.0.0.1;port=3306;dbname=carver;charset=utf8
[2021-04-22T18:01:28+08:00][sql] SHOW FULL COLUMNS FROM `carver_user` [ RunTime:0.000840s ]
[2021-04-22T18:01:28+08:00][sql] SHOW FULL COLUMNS FROM `carver_article` [ RunTime:0.000716s ]
[2021-04-22T18:01:28+08:00][sql] SELECT COUNT(*) AS think_count FROM `carver_article` WHERE  `delete_time` = 0  AND `is_show` = 1 [ RunTime:0.000498s ]
[2021-04-22T18:01:28+08:00][sql] SELECT `article_id`,`article_title`,`article_desc`,`article_content`,`article_img`,`article_guide`,`article_label`,`click_num`,`is_show`,`add_time`,`article_author`,`is_top_show` FROM `carver_article` WHERE  `delete_time` = 0  AND `is_show` = 1 ORDER BY `article_id` DESC LIMIT 0,6 [ RunTime:0.000625s ]
[2021-04-22T18:01:28+08:00][sql] SELECT article_id,article_title,click_num,FROM_UNIXTIME(add_time,'%Y-%m-%d') as add_time FROM `carver_article` WHERE  `is_show` = 1  AND `delete_time` = 0 ORDER BY `click_num` DESC LIMIT 3 [ RunTime:0.000537s ]
[2021-04-22T18:01:28+08:00][sql] SHOW FULL COLUMNS FROM `carver_notice` [ RunTime:0.000750s ]
[2021-04-22T18:01:28+08:00][sql] SELECT * FROM `carver_notice` ORDER BY `create_time` DESC LIMIT 3 [ RunTime:0.000329s ]
[2021-04-22T18:01:28+08:00][sql] SHOW FULL COLUMNS FROM `carver_navigation` [ RunTime:0.000528s ]
[2021-04-22T18:01:28+08:00][sql] SELECT * FROM `carver_navigation` [ RunTime:0.000269s ]
[2021-04-22T18:01:28+08:00][sql] SHOW FULL COLUMNS FROM `carver_link` [ RunTime:0.000512s ]
[2021-04-22T18:01:28+08:00][sql] SELECT * FROM `carver_link` WHERE  ( is_confirm=2 ) LIMIT 20 [ RunTime:0.000302s ]
[2021-04-22T18:01:28+08:00][sql] SELECT `article_label` FROM `carver_article` [ RunTime:0.000274s ]
[2021-04-22T18:01:28+08:00][sql] SHOW FULL COLUMNS FROM `carver_carouse` [ RunTime:0.000550s ]
[2021-04-22T18:01:28+08:00][sql] SELECT `carouse_img`,`carouse_desc` FROM `carver_carouse` WHERE  `is_show` = 1 ORDER BY `carouse_sort` DESC LIMIT 3 [ RunTime:0.000292s ]
[2021-04-22T18:01:28+08:00][sql] SHOW FULL COLUMNS FROM `carver_site` [ RunTime:0.000477s ]
[2021-04-22T18:01:28+08:00][sql] SELECT * FROM `carver_site` [ RunTime:0.000247s ]
[2021-04-22T18:21:28+08:00][sql] CONNECT:[ UseTime:0.000592s ] mysql:host=127.0.0.1;port=3306;dbname=carver;charset=utf8
[2021-04-22T18:21:28+08:00][sql] SHOW FULL COLUMNS FROM `carver_article` [ RunTime:0.000893s ]
[2021-04-22T18:21:28+08:00][sql] SELECT COUNT(*) AS think_count FROM `carver_article` WHERE  `article_label` LIKE '%网络安全%'  AND `delete_time` = 0  AND `is_show` = 1 [ RunTime:0.000457s ]
[2021-04-22T18:21:28+08:00][sql] SELECT * FROM `carver_article` WHERE  `article_label` LIKE '%网络安全%'  AND `delete_time` = 0  AND `is_show` = 1 LIMIT 0,6 [ RunTime:0.001096s ]
[2021-04-22T18:21:28+08:00][sql] SELECT article_id,article_title,click_num,FROM_UNIXTIME(add_time,'%Y-%m-%d') as add_time FROM `carver_article` WHERE  `is_show` = 1  AND `delete_time` = 0 ORDER BY `click_num` DESC LIMIT 3 [ RunTime:0.000419s ]
[2021-04-22T18:21:28+08:00][sql] SHOW FULL COLUMNS FROM `carver_notice` [ RunTime:0.000549s ]
[2021-04-22T18:21:28+08:00][sql] SELECT * FROM `carver_notice` ORDER BY `create_time` DESC LIMIT 3 [ RunTime:0.000282s ]
[2021-04-22T18:21:28+08:00][sql] SHOW FULL COLUMNS FROM `carver_navigation` [ RunTime:0.000541s ]
[2021-04-22T18:21:28+08:00][sql] SELECT * FROM `carver_navigation` [ RunTime:0.000248s ]
[2021-04-22T18:21:28+08:00][sql] SHOW FULL COLUMNS FROM `carver_link` [ RunTime:0.000522s ]
[2021-04-22T18:21:28+08:00][sql] SELECT * FROM `carver_link` WHERE  ( is_confirm=2 ) LIMIT 20 [ RunTime:0.000277s ]
[2021-04-22T18:21:28+08:00][sql] SELECT `article_label` FROM `carver_article` [ RunTime:0.000253s ]
[2021-04-22T18:21:28+08:00][sql] SHOW FULL COLUMNS FROM `carver_carouse` [ RunTime:0.000505s ]
[2021-04-22T18:21:28+08:00][sql] SELECT `carouse_img`,`carouse_desc` FROM `carver_carouse` WHERE  `is_show` = 1 ORDER BY `carouse_sort` DESC LIMIT 3 [ RunTime:0.000297s ]
[2021-04-22T18:21:28+08:00][sql] SHOW FULL COLUMNS FROM `carver_site` [ RunTime:0.000545s ]
[2021-04-22T18:21:28+08:00][sql] SELECT * FROM `carver_site` [ RunTime:0.000239s ]
[2021-04-22T19:41:50+08:00][sql] CONNECT:[ UseTime:0.000536s ] mysql:host=127.0.0.1;port=3306;dbname=carver;charset=utf8
[2021-04-22T19:41:50+08:00][sql] SHOW FULL COLUMNS FROM `carver_article` [ RunTime:0.001015s ]
[2021-04-22T19:41:50+08:00][sql] SELECT COUNT(*) AS think_count FROM `carver_article` WHERE  `article_label` LIKE '%php;网络安全%'  AND `delete_time` = 0  AND `is_show` = 1 [ RunTime:0.000457s ]
[2021-04-22T19:41:50+08:00][sql] SELECT * FROM `carver_article` WHERE  `article_label` LIKE '%php;网络安全%'  AND `delete_time` = 0  AND `is_show` = 1 LIMIT 0,6 [ RunTime:0.001317s ]
[2021-04-22T19:41:50+08:00][sql] SELECT article_id,article_title,click_num,FROM_UNIXTIME(add_time,'%Y-%m-%d') as add_time FROM `carver_article` WHERE  `is_show` = 1  AND `delete_time` = 0 ORDER BY `click_num` DESC LIMIT 3 [ RunTime:0.000511s ]
[2021-04-22T19:41:50+08:00][sql] SHOW FULL COLUMNS FROM `carver_notice` [ RunTime:0.000627s ]
[2021-04-22T19:41:50+08:00][sql] SELECT * FROM `carver_notice` ORDER BY `create_time` DESC LIMIT 3 [ RunTime:0.000318s ]
[2021-04-22T19:41:50+08:00][sql] SHOW FULL COLUMNS FROM `carver_navigation` [ RunTime:0.000570s ]
[2021-04-22T19:41:50+08:00][sql] SELECT * FROM `carver_navigation` [ RunTime:0.000264s ]
[2021-04-22T19:41:50+08:00][sql] SHOW FULL COLUMNS FROM `carver_link` [ RunTime:0.000528s ]
[2021-04-22T19:41:50+08:00][sql] SELECT * FROM `carver_link` WHERE  ( is_confirm=2 ) LIMIT 20 [ RunTime:0.000299s ]
[2021-04-22T19:41:50+08:00][sql] SELECT `article_label` FROM `carver_article` [ RunTime:0.000262s ]
[2021-04-22T19:41:50+08:00][sql] SHOW FULL COLUMNS FROM `carver_carouse` [ RunTime:0.000528s ]
[2021-04-22T19:41:50+08:00][sql] SELECT `carouse_img`,`carouse_desc` FROM `carver_carouse` WHERE  `is_show` = 1 ORDER BY `carouse_sort` DESC LIMIT 3 [ RunTime:0.000300s ]
[2021-04-22T19:41:50+08:00][sql] SHOW FULL COLUMNS FROM `carver_site` [ RunTime:0.000510s ]
[2021-04-22T19:41:50+08:00][sql] SELECT * FROM `carver_site` [ RunTime:0.000226s ]
[2021-04-22T23:48:02+08:00][sql] CONNECT:[ UseTime:0.000569s ] mysql:host=127.0.0.1;port=3306;dbname=carver;charset=utf8
[2021-04-22T23:48:02+08:00][sql] SHOW FULL COLUMNS FROM `carver_user` [ RunTime:0.000901s ]
[2021-04-22T23:48:02+08:00][sql] SHOW FULL COLUMNS FROM `carver_article` [ RunTime:0.000812s ]
[2021-04-22T23:48:02+08:00][sql] SELECT COUNT(*) AS think_count FROM `carver_article` WHERE  `delete_time` = 0  AND `is_show` = 1 [ RunTime:0.000427s ]
[2021-04-22T23:48:02+08:00][sql] SELECT `article_id`,`article_title`,`article_desc`,`article_content`,`article_img`,`article_guide`,`article_label`,`click_num`,`is_show`,`add_time`,`article_author`,`is_top_show` FROM `carver_article` WHERE  `delete_time` = 0  AND `is_show` = 1 ORDER BY `article_id` DESC LIMIT 0,6 [ RunTime:0.000662s ]
[2021-04-22T23:48:02+08:00][sql] SELECT article_id,article_title,click_num,FROM_UNIXTIME(add_time,'%Y-%m-%d') as add_time FROM `carver_article` WHERE  `is_show` = 1  AND `delete_time` = 0 ORDER BY `click_num` DESC LIMIT 3 [ RunTime:0.000569s ]
[2021-04-22T23:48:02+08:00][sql] SHOW FULL COLUMNS FROM `carver_notice` [ RunTime:0.000650s ]
[2021-04-22T23:48:02+08:00][sql] SELECT * FROM `carver_notice` ORDER BY `create_time` DESC LIMIT 3 [ RunTime:0.000307s ]
[2021-04-22T23:48:02+08:00][sql] SHOW FULL COLUMNS FROM `carver_navigation` [ RunTime:0.000563s ]
[2021-04-22T23:48:02+08:00][sql] SELECT * FROM `carver_navigation` [ RunTime:0.000256s ]
[2021-04-22T23:48:02+08:00][sql] SHOW FULL COLUMNS FROM `carver_link` [ RunTime:0.000559s ]
[2021-04-22T23:48:02+08:00][sql] SELECT * FROM `carver_link` WHERE  ( is_confirm=2 ) LIMIT 20 [ RunTime:0.000307s ]
[2021-04-22T23:48:02+08:00][sql] SELECT `article_label` FROM `carver_article` [ RunTime:0.000288s ]
[2021-04-22T23:48:02+08:00][sql] SHOW FULL COLUMNS FROM `carver_carouse` [ RunTime:0.000523s ]
[2021-04-22T23:48:02+08:00][sql] SELECT `carouse_img`,`carouse_desc` FROM `carver_carouse` WHERE  `is_show` = 1 ORDER BY `carouse_sort` DESC LIMIT 3 [ RunTime:0.000452s ]
[2021-04-22T23:48:02+08:00][sql] SHOW FULL COLUMNS FROM `carver_site` [ RunTime:0.000524s ]
[2021-04-22T23:48:02+08:00][sql] SELECT * FROM `carver_site` [ RunTime:0.000242s ]
