[2021-04-23T01:54:59+08:00][sql] CONNECT:[ UseTime:0.000543s ] mysql:host=127.0.0.1;port=3306;dbname=carver;charset=utf8
[2021-04-23T01:54:59+08:00][sql] SHOW FULL COLUMNS FROM `carver_article` [ RunTime:0.000825s ]
[2021-04-23T01:54:59+08:00][sql] SELECT COUNT(*) AS think_count FROM `carver_article` WHERE  `article_guide` = 6  AND `delete_time` = 0  AND `is_show` = 1 [ RunTime:0.000420s ]
[2021-04-23T01:54:59+08:00][sql] SELECT * FROM `carver_article` WHERE  `article_guide` = 6  AND `delete_time` = 0  AND `is_show` = 1 ORDER BY `add_time` DESC LIMIT 6,6 [ RunTime:0.000464s ]
[2021-04-23T01:54:59+08:00][sql] SELECT article_id,article_title,click_num,FROM_UNIXTIME(add_time,'%Y-%m-%d') as add_time FROM `carver_article` WHERE  `is_show` = 1  AND `delete_time` = 0 ORDER BY `click_num` DESC LIMIT 3 [ RunTime:0.000416s ]
[2021-04-23T01:54:59+08:00][sql] SHOW FULL COLUMNS FROM `carver_notice` [ RunTime:0.000587s ]
[2021-04-23T01:54:59+08:00][sql] SELECT * FROM `carver_notice` ORDER BY `create_time` DESC LIMIT 3 [ RunTime:0.000277s ]
[2021-04-23T01:54:59+08:00][sql] SHOW FULL COLUMNS FROM `carver_navigation` [ RunTime:0.000537s ]
[2021-04-23T01:54:59+08:00][sql] SELECT * FROM `carver_navigation` [ RunTime:0.000297s ]
[2021-04-23T01:54:59+08:00][sql] SELECT `article_label` FROM `carver_article` [ RunTime:0.000248s ]
[2021-04-23T01:54:59+08:00][sql] SHOW FULL COLUMNS FROM `carver_carouse` [ RunTime:0.000541s ]
[2021-04-23T01:54:59+08:00][sql] SELECT `carouse_img`,`carouse_desc` FROM `carver_carouse` WHERE  `is_show` = 1 ORDER BY `carouse_sort` DESC LIMIT 3 [ RunTime:0.000291s ]
[2021-04-23T01:54:59+08:00][sql] SHOW FULL COLUMNS FROM `carver_link` [ RunTime:0.000531s ]
[2021-04-23T01:54:59+08:00][sql] SELECT * FROM `carver_link` WHERE  ( is_confirm=2 ) LIMIT 20 [ RunTime:0.000329s ]
[2021-04-23T01:54:59+08:00][sql] SHOW FULL COLUMNS FROM `carver_site` [ RunTime:0.000542s ]
[2021-04-23T01:54:59+08:00][sql] SELECT * FROM `carver_site` [ RunTime:0.000269s ]
[2021-04-23T02:21:51+08:00][sql] CONNECT:[ UseTime:0.000556s ] mysql:host=127.0.0.1;port=3306;dbname=carver;charset=utf8
[2021-04-23T02:21:51+08:00][sql] SHOW FULL COLUMNS FROM `carver_user` [ RunTime:0.000845s ]
[2021-04-23T02:21:51+08:00][sql] SHOW FULL COLUMNS FROM `carver_article` [ RunTime:0.000817s ]
[2021-04-23T02:21:51+08:00][sql] SELECT COUNT(*) AS think_count FROM `carver_article` WHERE  `delete_time` = 0  AND `is_show` = 1 [ RunTime:0.000419s ]
[2021-04-23T02:21:51+08:00][sql] SELECT `article_id`,`article_title`,`article_desc`,`article_content`,`article_img`,`article_guide`,`article_label`,`click_num`,`is_show`,`add_time`,`article_author`,`is_top_show` FROM `carver_article` WHERE  `delete_time` = 0  AND `is_show` = 1 ORDER BY `article_id` DESC LIMIT 0,6 [ RunTime:0.000673s ]
[2021-04-23T02:21:51+08:00][sql] SELECT article_id,article_title,click_num,FROM_UNIXTIME(add_time,'%Y-%m-%d') as add_time FROM `carver_article` WHERE  `is_show` = 1  AND `delete_time` = 0 ORDER BY `click_num` DESC LIMIT 3 [ RunTime:0.000557s ]
[2021-04-23T02:21:51+08:00][sql] SHOW FULL COLUMNS FROM `carver_notice` [ RunTime:0.000597s ]
[2021-04-23T02:21:51+08:00][sql] SELECT * FROM `carver_notice` ORDER BY `create_time` DESC LIMIT 3 [ RunTime:0.000356s ]
[2021-04-23T02:21:51+08:00][sql] SHOW FULL COLUMNS FROM `carver_navigation` [ RunTime:0.000520s ]
[2021-04-23T02:21:51+08:00][sql] SELECT * FROM `carver_navigation` [ RunTime:0.000280s ]
[2021-04-23T02:21:51+08:00][sql] SHOW FULL COLUMNS FROM `carver_link` [ RunTime:0.000516s ]
[2021-04-23T02:21:51+08:00][sql] SELECT * FROM `carver_link` WHERE  ( is_confirm=2 ) LIMIT 20 [ RunTime:0.000315s ]
[2021-04-23T02:21:51+08:00][sql] SELECT `article_label` FROM `carver_article` [ RunTime:0.000287s ]
[2021-04-23T02:21:51+08:00][sql] SHOW FULL COLUMNS FROM `carver_carouse` [ RunTime:0.000537s ]
[2021-04-23T02:21:51+08:00][sql] SELECT `carouse_img`,`carouse_desc` FROM `carver_carouse` WHERE  `is_show` = 1 ORDER BY `carouse_sort` DESC LIMIT 3 [ RunTime:0.000301s ]
[2021-04-23T02:21:51+08:00][sql] SHOW FULL COLUMNS FROM `carver_site` [ RunTime:0.000518s ]
[2021-04-23T02:21:51+08:00][sql] SELECT * FROM `carver_site` [ RunTime:0.000252s ]
[2021-04-23T03:23:21+08:00][sql] CONNECT:[ UseTime:0.000484s ] mysql:host=127.0.0.1;port=3306;dbname=carver;charset=utf8
[2021-04-23T03:23:21+08:00][sql] SHOW FULL COLUMNS FROM `carver_user` [ RunTime:0.000853s ]
[2021-04-23T03:23:21+08:00][sql] SHOW FULL COLUMNS FROM `carver_article` [ RunTime:0.000692s ]
[2021-04-23T03:23:21+08:00][sql] SELECT COUNT(*) AS think_count FROM `carver_article` WHERE  `delete_time` = 0  AND `is_show` = 1 [ RunTime:0.000411s ]
[2021-04-23T03:23:21+08:00][sql] SELECT `article_id`,`article_title`,`article_desc`,`article_content`,`article_img`,`article_guide`,`article_label`,`click_num`,`is_show`,`add_time`,`article_author`,`is_top_show` FROM `carver_article` WHERE  `delete_time` = 0  AND `is_show` = 1 ORDER BY `article_id` DESC LIMIT 0,6 [ RunTime:0.000640s ]
[2021-04-23T03:23:21+08:00][sql] SELECT article_id,article_title,click_num,FROM_UNIXTIME(add_time,'%Y-%m-%d') as add_time FROM `carver_article` WHERE  `is_show` = 1  AND `delete_time` = 0 ORDER BY `click_num` DESC LIMIT 3 [ RunTime:0.000438s ]
[2021-04-23T03:23:21+08:00][sql] SHOW FULL COLUMNS FROM `carver_notice` [ RunTime:0.000498s ]
[2021-04-23T03:23:21+08:00][sql] SELECT * FROM `carver_notice` ORDER BY `create_time` DESC LIMIT 3 [ RunTime:0.000312s ]
[2021-04-23T03:23:21+08:00][sql] SHOW FULL COLUMNS FROM `carver_navigation` [ RunTime:0.000506s ]
[2021-04-23T03:23:21+08:00][sql] SELECT * FROM `carver_navigation` [ RunTime:0.000263s ]
[2021-04-23T03:23:21+08:00][sql] SHOW FULL COLUMNS FROM `carver_link` [ RunTime:0.000514s ]
[2021-04-23T03:23:21+08:00][sql] SELECT * FROM `carver_link` WHERE  ( is_confirm=2 ) LIMIT 20 [ RunTime:0.000387s ]
[2021-04-23T03:23:21+08:00][sql] SELECT `article_label` FROM `carver_article` [ RunTime:0.000253s ]
[2021-04-23T03:23:21+08:00][sql] SHOW FULL COLUMNS FROM `carver_carouse` [ RunTime:0.000501s ]
[2021-04-23T03:23:21+08:00][sql] SELECT `carouse_img`,`carouse_desc` FROM `carver_carouse` WHERE  `is_show` = 1 ORDER BY `carouse_sort` DESC LIMIT 3 [ RunTime:0.000291s ]
[2021-04-23T03:23:21+08:00][sql] SHOW FULL COLUMNS FROM `carver_site` [ RunTime:0.000465s ]
[2021-04-23T03:23:21+08:00][sql] SELECT * FROM `carver_site` [ RunTime:0.000239s ]
[2021-04-23T03:33:08+08:00][sql] CONNECT:[ UseTime:0.000576s ] mysql:host=127.0.0.1;port=3306;dbname=carver;charset=utf8
[2021-04-23T03:33:08+08:00][sql] SHOW FULL COLUMNS FROM `carver_article` [ RunTime:0.000893s ]
[2021-04-23T03:33:08+08:00][sql] SELECT COUNT(*) AS think_count FROM `carver_article` WHERE  `article_label` LIKE '%网络安全%'  AND `delete_time` = 0  AND `is_show` = 1 [ RunTime:0.000510s ]
[2021-04-23T03:33:08+08:00][sql] SELECT * FROM `carver_article` WHERE  `article_label` LIKE '%网络安全%'  AND `delete_time` = 0  AND `is_show` = 1 LIMIT 0,6 [ RunTime:0.001131s ]
[2021-04-23T03:33:08+08:00][sql] SELECT article_id,article_title,click_num,FROM_UNIXTIME(add_time,'%Y-%m-%d') as add_time FROM `carver_article` WHERE  `is_show` = 1  AND `delete_time` = 0 ORDER BY `click_num` DESC LIMIT 3 [ RunTime:0.000513s ]
[2021-04-23T03:33:08+08:00][sql] SHOW FULL COLUMNS FROM `carver_notice` [ RunTime:0.000708s ]
[2021-04-23T03:33:08+08:00][sql] SELECT * FROM `carver_notice` ORDER BY `create_time` DESC LIMIT 3 [ RunTime:0.000315s ]
[2021-04-23T03:33:08+08:00][sql] SHOW FULL COLUMNS FROM `carver_navigation` [ RunTime:0.000533s ]
[2021-04-23T03:33:08+08:00][sql] SELECT * FROM `carver_navigation` [ RunTime:0.000316s ]
[2021-04-23T03:33:08+08:00][sql] SHOW FULL COLUMNS FROM `carver_link` [ RunTime:0.000566s ]
[2021-04-23T03:33:08+08:00][sql] SELECT * FROM `carver_link` WHERE  ( is_confirm=2 ) LIMIT 20 [ RunTime:0.000303s ]
[2021-04-23T03:33:08+08:00][sql] SELECT `article_label` FROM `carver_article` [ RunTime:0.000291s ]
[2021-04-23T03:33:08+08:00][sql] SHOW FULL COLUMNS FROM `carver_carouse` [ RunTime:0.000550s ]
[2021-04-23T03:33:08+08:00][sql] SELECT `carouse_img`,`carouse_desc` FROM `carver_carouse` WHERE  `is_show` = 1 ORDER BY `carouse_sort` DESC LIMIT 3 [ RunTime:0.000305s ]
[2021-04-23T03:33:08+08:00][sql] SHOW FULL COLUMNS FROM `carver_site` [ RunTime:0.000521s ]
[2021-04-23T03:33:08+08:00][sql] SELECT * FROM `carver_site` [ RunTime:0.000251s ]
[2021-04-23T05:23:49+08:00][sql] CONNECT:[ UseTime:0.011716s ] mysql:host=127.0.0.1;port=3306;dbname=carver;charset=utf8
[2021-04-23T05:23:49+08:00][sql] SHOW FULL COLUMNS FROM `carver_article` [ RunTime:0.000996s ]
[2021-04-23T05:23:49+08:00][sql] SELECT COUNT(*) AS think_count FROM `carver_article` WHERE  `article_label` LIKE '%php;网络安全%'  AND `delete_time` = 0  AND `is_show` = 1 [ RunTime:0.000488s ]
[2021-04-23T05:23:49+08:00][sql] SELECT * FROM `carver_article` WHERE  `article_label` LIKE '%php;网络安全%'  AND `delete_time` = 0  AND `is_show` = 1 LIMIT 0,6 [ RunTime:0.001101s ]
[2021-04-23T05:23:49+08:00][sql] SELECT article_id,article_title,click_num,FROM_UNIXTIME(add_time,'%Y-%m-%d') as add_time FROM `carver_article` WHERE  `is_show` = 1  AND `delete_time` = 0 ORDER BY `click_num` DESC LIMIT 3 [ RunTime:0.000552s ]
[2021-04-23T05:23:49+08:00][sql] SHOW FULL COLUMNS FROM `carver_notice` [ RunTime:0.000715s ]
[2021-04-23T05:23:49+08:00][sql] SELECT * FROM `carver_notice` ORDER BY `create_time` DESC LIMIT 3 [ RunTime:0.011411s ]
[2021-04-23T05:23:49+08:00][sql] SHOW FULL COLUMNS FROM `carver_navigation` [ RunTime:0.000753s ]
[2021-04-23T05:23:49+08:00][sql] SELECT * FROM `carver_navigation` [ RunTime:0.000355s ]
[2021-04-23T05:23:49+08:00][sql] SHOW FULL COLUMNS FROM `carver_link` [ RunTime:0.000616s ]
[2021-04-23T05:23:49+08:00][sql] SELECT * FROM `carver_link` WHERE  ( is_confirm=2 ) LIMIT 20 [ RunTime:0.000371s ]
[2021-04-23T05:23:49+08:00][sql] SELECT `article_label` FROM `carver_article` [ RunTime:0.000326s ]
[2021-04-23T05:23:49+08:00][sql] SHOW FULL COLUMNS FROM `carver_carouse` [ RunTime:0.000548s ]
[2021-04-23T05:23:49+08:00][sql] SELECT `carouse_img`,`carouse_desc` FROM `carver_carouse` WHERE  `is_show` = 1 ORDER BY `carouse_sort` DESC LIMIT 3 [ RunTime:0.000360s ]
[2021-04-23T05:23:49+08:00][sql] SHOW FULL COLUMNS FROM `carver_site` [ RunTime:0.000518s ]
[2021-04-23T05:23:49+08:00][sql] SELECT * FROM `carver_site` [ RunTime:0.000277s ]
[2021-04-23T05:30:21+08:00][sql] CONNECT:[ UseTime:0.000616s ] mysql:host=127.0.0.1;port=3306;dbname=carver;charset=utf8
[2021-04-23T05:30:21+08:00][sql] SHOW FULL COLUMNS FROM `carver_user` [ RunTime:0.000761s ]
[2021-04-23T05:30:21+08:00][sql] SHOW FULL COLUMNS FROM `carver_article` [ RunTime:0.000647s ]
[2021-04-23T05:30:21+08:00][sql] SELECT COUNT(*) AS think_count FROM `carver_article` WHERE  `delete_time` = 0  AND `is_show` = 1 [ RunTime:0.000366s ]
[2021-04-23T05:30:21+08:00][sql] SELECT `article_id`,`article_title`,`article_desc`,`article_content`,`article_img`,`article_guide`,`article_label`,`click_num`,`is_show`,`add_time`,`article_author`,`is_top_show` FROM `carver_article` WHERE  `delete_time` = 0  AND `is_show` = 1 ORDER BY `article_id` DESC LIMIT 0,6 [ RunTime:0.000647s ]
[2021-04-23T05:30:21+08:00][sql] SELECT article_id,article_title,click_num,FROM_UNIXTIME(add_time,'%Y-%m-%d') as add_time FROM `carver_article` WHERE  `is_show` = 1  AND `delete_time` = 0 ORDER BY `click_num` DESC LIMIT 3 [ RunTime:0.000362s ]
[2021-04-23T05:30:21+08:00][sql] SHOW FULL COLUMNS FROM `carver_notice` [ RunTime:0.000521s ]
[2021-04-23T05:30:21+08:00][sql] SELECT * FROM `carver_notice` ORDER BY `create_time` DESC LIMIT 3 [ RunTime:0.000305s ]
[2021-04-23T05:30:21+08:00][sql] SHOW FULL COLUMNS FROM `carver_navigation` [ RunTime:0.000565s ]
[2021-04-23T05:30:21+08:00][sql] SELECT * FROM `carver_navigation` [ RunTime:0.000230s ]
[2021-04-23T05:30:21+08:00][sql] SHOW FULL COLUMNS FROM `carver_link` [ RunTime:0.000465s ]
[2021-04-23T05:30:21+08:00][sql] SELECT * FROM `carver_link` WHERE  ( is_confirm=2 ) LIMIT 20 [ RunTime:0.000264s ]
[2021-04-23T05:30:21+08:00][sql] SELECT `article_label` FROM `carver_article` [ RunTime:0.000257s ]
[2021-04-23T05:30:21+08:00][sql] SHOW FULL COLUMNS FROM `carver_carouse` [ RunTime:0.000450s ]
[2021-04-23T05:30:21+08:00][sql] SELECT `carouse_img`,`carouse_desc` FROM `carver_carouse` WHERE  `is_show` = 1 ORDER BY `carouse_sort` DESC LIMIT 3 [ RunTime:0.000276s ]
[2021-04-23T05:30:21+08:00][sql] SHOW FULL COLUMNS FROM `carver_site` [ RunTime:0.000530s ]
[2021-04-23T05:30:21+08:00][sql] SELECT * FROM `carver_site` [ RunTime:0.000232s ]
[2021-04-23T05:41:39+08:00][sql] CONNECT:[ UseTime:0.000509s ] mysql:host=127.0.0.1;port=3306;dbname=carver;charset=utf8
[2021-04-23T05:41:39+08:00][sql] SHOW FULL COLUMNS FROM `carver_user` [ RunTime:0.000818s ]
[2021-04-23T05:41:39+08:00][sql] SHOW FULL COLUMNS FROM `carver_article` [ RunTime:0.000691s ]
[2021-04-23T05:41:39+08:00][sql] SELECT COUNT(*) AS think_count FROM `carver_article` WHERE  `delete_time` = 0  AND `is_show` = 1 [ RunTime:0.000350s ]
[2021-04-23T05:41:39+08:00][sql] SELECT `article_id`,`article_title`,`article_desc`,`article_content`,`article_img`,`article_guide`,`article_label`,`click_num`,`is_show`,`add_time`,`article_author`,`is_top_show` FROM `carver_article` WHERE  `delete_time` = 0  AND `is_show` = 1 ORDER BY `article_id` DESC LIMIT 0,6 [ RunTime:0.000632s ]
[2021-04-23T05:41:39+08:00][sql] SELECT article_id,article_title,click_num,FROM_UNIXTIME(add_time,'%Y-%m-%d') as add_time FROM `carver_article` WHERE  `is_show` = 1  AND `delete_time` = 0 ORDER BY `click_num` DESC LIMIT 3 [ RunTime:0.000397s ]
[2021-04-23T05:41:39+08:00][sql] SHOW FULL COLUMNS FROM `carver_notice` [ RunTime:0.000508s ]
[2021-04-23T05:41:39+08:00][sql] SELECT * FROM `carver_notice` ORDER BY `create_time` DESC LIMIT 3 [ RunTime:0.000259s ]
[2021-04-23T05:41:39+08:00][sql] SHOW FULL COLUMNS FROM `carver_navigation` [ RunTime:0.000500s ]
[2021-04-23T05:41:39+08:00][sql] SELECT * FROM `carver_navigation` [ RunTime:0.000249s ]
[2021-04-23T05:41:39+08:00][sql] SHOW FULL COLUMNS FROM `carver_link` [ RunTime:0.000502s ]
[2021-04-23T05:41:39+08:00][sql] SELECT * FROM `carver_link` WHERE  ( is_confirm=2 ) LIMIT 20 [ RunTime:0.000286s ]
[2021-04-23T05:41:39+08:00][sql] SELECT `article_label` FROM `carver_article` [ RunTime:0.000274s ]
[2021-04-23T05:41:39+08:00][sql] SHOW FULL COLUMNS FROM `carver_carouse` [ RunTime:0.000476s ]
[2021-04-23T05:41:39+08:00][sql] SELECT `carouse_img`,`carouse_desc` FROM `carver_carouse` WHERE  `is_show` = 1 ORDER BY `carouse_sort` DESC LIMIT 3 [ RunTime:0.000301s ]
[2021-04-23T05:41:39+08:00][sql] SHOW FULL COLUMNS FROM `carver_site` [ RunTime:0.000461s ]
[2021-04-23T05:41:39+08:00][sql] SELECT * FROM `carver_site` [ RunTime:0.000232s ]
[2021-04-23T05:47:52+08:00][sql] CONNECT:[ UseTime:0.000554s ] mysql:host=127.0.0.1;port=3306;dbname=carver;charset=utf8
[2021-04-23T05:47:52+08:00][sql] SHOW FULL COLUMNS FROM `carver_user` [ RunTime:0.000892s ]
[2021-04-23T05:47:52+08:00][sql] SHOW FULL COLUMNS FROM `carver_article` [ RunTime:0.000691s ]
[2021-04-23T05:47:52+08:00][sql] SELECT COUNT(*) AS think_count FROM `carver_article` WHERE  `delete_time` = 0  AND `is_show` = 1 [ RunTime:0.000419s ]
[2021-04-23T05:47:52+08:00][sql] SELECT `article_id`,`article_title`,`article_desc`,`article_content`,`article_img`,`article_guide`,`article_label`,`click_num`,`is_show`,`add_time`,`article_author`,`is_top_show` FROM `carver_article` WHERE  `delete_time` = 0  AND `is_show` = 1 ORDER BY `article_id` DESC LIMIT 0,6 [ RunTime:0.000653s ]
[2021-04-23T05:47:52+08:00][sql] SELECT article_id,article_title,click_num,FROM_UNIXTIME(add_time,'%Y-%m-%d') as add_time FROM `carver_article` WHERE  `is_show` = 1  AND `delete_time` = 0 ORDER BY `click_num` DESC LIMIT 3 [ RunTime:0.000523s ]
[2021-04-23T05:47:52+08:00][sql] SHOW FULL COLUMNS FROM `carver_notice` [ RunTime:0.000652s ]
[2021-04-23T05:47:52+08:00][sql] SELECT * FROM `carver_notice` ORDER BY `create_time` DESC LIMIT 3 [ RunTime:0.000281s ]
[2021-04-23T05:47:52+08:00][sql] SHOW FULL COLUMNS FROM `carver_navigation` [ RunTime:0.000523s ]
[2021-04-23T05:47:52+08:00][sql] SELECT * FROM `carver_navigation` [ RunTime:0.000244s ]
[2021-04-23T05:47:52+08:00][sql] SHOW FULL COLUMNS FROM `carver_link` [ RunTime:0.000500s ]
[2021-04-23T05:47:52+08:00][sql] SELECT * FROM `carver_link` WHERE  ( is_confirm=2 ) LIMIT 20 [ RunTime:0.000302s ]
[2021-04-23T05:47:52+08:00][sql] SELECT `article_label` FROM `carver_article` [ RunTime:0.000276s ]
[2021-04-23T05:47:52+08:00][sql] SHOW FULL COLUMNS FROM `carver_carouse` [ RunTime:0.000473s ]
[2021-04-23T05:47:52+08:00][sql] SELECT `carouse_img`,`carouse_desc` FROM `carver_carouse` WHERE  `is_show` = 1 ORDER BY `carouse_sort` DESC LIMIT 3 [ RunTime:0.000310s ]
[2021-04-23T05:47:52+08:00][sql] SHOW FULL COLUMNS FROM `carver_site` [ RunTime:0.000618s ]
[2021-04-23T05:47:52+08:00][sql] SELECT * FROM `carver_site` [ RunTime:0.000252s ]
[2021-04-23T08:10:19+08:00][sql] CONNECT:[ UseTime:0.000570s ] mysql:host=127.0.0.1;port=3306;dbname=carver;charset=utf8
[2021-04-23T08:10:19+08:00][sql] SHOW FULL COLUMNS FROM `carver_user` [ RunTime:0.000779s ]
[2021-04-23T08:10:19+08:00][sql] SHOW FULL COLUMNS FROM `carver_article` [ RunTime:0.000716s ]
[2021-04-23T08:10:19+08:00][sql] SELECT COUNT(*) AS think_count FROM `carver_article` WHERE  `delete_time` = 0  AND `is_show` = 1 [ RunTime:0.000378s ]
[2021-04-23T08:10:19+08:00][sql] SELECT `article_id`,`article_title`,`article_desc`,`article_content`,`article_img`,`article_guide`,`article_label`,`click_num`,`is_show`,`add_time`,`article_author`,`is_top_show` FROM `carver_article` WHERE  `delete_time` = 0  AND `is_show` = 1 ORDER BY `article_id` DESC LIMIT 0,6 [ RunTime:0.000622s ]
[2021-04-23T08:10:19+08:00][sql] SELECT article_id,article_title,click_num,FROM_UNIXTIME(add_time,'%Y-%m-%d') as add_time FROM `carver_article` WHERE  `is_show` = 1  AND `delete_time` = 0 ORDER BY `click_num` DESC LIMIT 3 [ RunTime:0.000435s ]
[2021-04-23T08:10:19+08:00][sql] SHOW FULL COLUMNS FROM `carver_notice` [ RunTime:0.000639s ]
[2021-04-23T08:10:19+08:00][sql] SELECT * FROM `carver_notice` ORDER BY `create_time` DESC LIMIT 3 [ RunTime:0.000262s ]
[2021-04-23T08:10:19+08:00][sql] SHOW FULL COLUMNS FROM `carver_navigation` [ RunTime:0.000565s ]
[2021-04-23T08:10:19+08:00][sql] SELECT * FROM `carver_navigation` [ RunTime:0.000265s ]
[2021-04-23T08:10:19+08:00][sql] SHOW FULL COLUMNS FROM `carver_link` [ RunTime:0.000509s ]
[2021-04-23T08:10:19+08:00][sql] SELECT * FROM `carver_link` WHERE  ( is_confirm=2 ) LIMIT 20 [ RunTime:0.000286s ]
[2021-04-23T08:10:19+08:00][sql] SELECT `article_label` FROM `carver_article` [ RunTime:0.000372s ]
[2021-04-23T08:10:19+08:00][sql] SHOW FULL COLUMNS FROM `carver_carouse` [ RunTime:0.000538s ]
[2021-04-23T08:10:19+08:00][sql] SELECT `carouse_img`,`carouse_desc` FROM `carver_carouse` WHERE  `is_show` = 1 ORDER BY `carouse_sort` DESC LIMIT 3 [ RunTime:0.000353s ]
[2021-04-23T08:10:19+08:00][sql] SHOW FULL COLUMNS FROM `carver_site` [ RunTime:0.000489s ]
[2021-04-23T08:10:19+08:00][sql] SELECT * FROM `carver_site` [ RunTime:0.000242s ]
[2021-04-23T08:37:24+08:00][sql] CONNECT:[ UseTime:0.000549s ] mysql:host=127.0.0.1;port=3306;dbname=carver;charset=utf8
[2021-04-23T08:37:24+08:00][sql] SHOW FULL COLUMNS FROM `carver_user` [ RunTime:0.000770s ]
[2021-04-23T08:37:24+08:00][sql] SHOW FULL COLUMNS FROM `carver_article` [ RunTime:0.000671s ]
[2021-04-23T08:37:24+08:00][sql] SELECT COUNT(*) AS think_count FROM `carver_article` WHERE  `delete_time` = 0  AND `is_show` = 1 [ RunTime:0.000369s ]
[2021-04-23T08:37:24+08:00][sql] SELECT `article_id`,`article_title`,`article_desc`,`article_content`,`article_img`,`article_guide`,`article_label`,`click_num`,`is_show`,`add_time`,`article_author`,`is_top_show` FROM `carver_article` WHERE  `delete_time` = 0  AND `is_show` = 1 ORDER BY `article_id` DESC LIMIT 0,6 [ RunTime:0.000664s ]
[2021-04-23T08:37:24+08:00][sql] SELECT article_id,article_title,click_num,FROM_UNIXTIME(add_time,'%Y-%m-%d') as add_time FROM `carver_article` WHERE  `is_show` = 1  AND `delete_time` = 0 ORDER BY `click_num` DESC LIMIT 3 [ RunTime:0.000457s ]
[2021-04-23T08:37:24+08:00][sql] SHOW FULL COLUMNS FROM `carver_notice` [ RunTime:0.000568s ]
[2021-04-23T08:37:24+08:00][sql] SELECT * FROM `carver_notice` ORDER BY `create_time` DESC LIMIT 3 [ RunTime:0.000264s ]
[2021-04-23T08:37:24+08:00][sql] SHOW FULL COLUMNS FROM `carver_navigation` [ RunTime:0.000560s ]
[2021-04-23T08:37:24+08:00][sql] SELECT * FROM `carver_navigation` [ RunTime:0.000233s ]
[2021-04-23T08:37:24+08:00][sql] SHOW FULL COLUMNS FROM `carver_link` [ RunTime:0.000488s ]
[2021-04-23T08:37:24+08:00][sql] SELECT * FROM `carver_link` WHERE  ( is_confirm=2 ) LIMIT 20 [ RunTime:0.000382s ]
[2021-04-23T08:37:24+08:00][sql] SELECT `article_label` FROM `carver_article` [ RunTime:0.000258s ]
[2021-04-23T08:37:24+08:00][sql] SHOW FULL COLUMNS FROM `carver_carouse` [ RunTime:0.000540s ]
[2021-04-23T08:37:24+08:00][sql] SELECT `carouse_img`,`carouse_desc` FROM `carver_carouse` WHERE  `is_show` = 1 ORDER BY `carouse_sort` DESC LIMIT 3 [ RunTime:0.000323s ]
[2021-04-23T08:37:24+08:00][sql] SHOW FULL COLUMNS FROM `carver_site` [ RunTime:0.000535s ]
[2021-04-23T08:37:24+08:00][sql] SELECT * FROM `carver_site` [ RunTime:0.000227s ]
[2021-04-23T08:41:37+08:00][sql] CONNECT:[ UseTime:0.000537s ] mysql:host=127.0.0.1;port=3306;dbname=carver;charset=utf8
[2021-04-23T08:41:37+08:00][sql] SHOW FULL COLUMNS FROM `carver_user` [ RunTime:0.000870s ]
[2021-04-23T08:41:37+08:00][sql] SHOW FULL COLUMNS FROM `carver_article` [ RunTime:0.000775s ]
[2021-04-23T08:41:37+08:00][sql] SELECT COUNT(*) AS think_count FROM `carver_article` WHERE  `delete_time` = 0  AND `is_show` = 1 [ RunTime:0.000402s ]
[2021-04-23T08:41:37+08:00][sql] SELECT `article_id`,`article_title`,`article_desc`,`article_content`,`article_img`,`article_guide`,`article_label`,`click_num`,`is_show`,`add_time`,`article_author`,`is_top_show` FROM `carver_article` WHERE  `delete_time` = 0  AND `is_show` = 1 ORDER BY `article_id` DESC LIMIT 0,6 [ RunTime:0.000706s ]
[2021-04-23T08:41:37+08:00][sql] SELECT article_id,article_title,click_num,FROM_UNIXTIME(add_time,'%Y-%m-%d') as add_time FROM `carver_article` WHERE  `is_show` = 1  AND `delete_time` = 0 ORDER BY `click_num` DESC LIMIT 3 [ RunTime:0.000468s ]
[2021-04-23T08:41:37+08:00][sql] SHOW FULL COLUMNS FROM `carver_notice` [ RunTime:0.000597s ]
[2021-04-23T08:41:37+08:00][sql] SELECT * FROM `carver_notice` ORDER BY `create_time` DESC LIMIT 3 [ RunTime:0.000285s ]
[2021-04-23T08:41:37+08:00][sql] SHOW FULL COLUMNS FROM `carver_navigation` [ RunTime:0.000541s ]
[2021-04-23T08:41:37+08:00][sql] SELECT * FROM `carver_navigation` [ RunTime:0.000266s ]
[2021-04-23T08:41:37+08:00][sql] SHOW FULL COLUMNS FROM `carver_link` [ RunTime:0.000512s ]
[2021-04-23T08:41:37+08:00][sql] SELECT * FROM `carver_link` WHERE  ( is_confirm=2 ) LIMIT 20 [ RunTime:0.000302s ]
[2021-04-23T08:41:37+08:00][sql] SELECT `article_label` FROM `carver_article` [ RunTime:0.000333s ]
[2021-04-23T08:41:37+08:00][sql] SHOW FULL COLUMNS FROM `carver_carouse` [ RunTime:0.000519s ]
[2021-04-23T08:41:37+08:00][sql] SELECT `carouse_img`,`carouse_desc` FROM `carver_carouse` WHERE  `is_show` = 1 ORDER BY `carouse_sort` DESC LIMIT 3 [ RunTime:0.000301s ]
[2021-04-23T08:41:37+08:00][sql] SHOW FULL COLUMNS FROM `carver_site` [ RunTime:0.000524s ]
[2021-04-23T08:41:37+08:00][sql] SELECT * FROM `carver_site` [ RunTime:0.000252s ]
[2021-04-23T08:41:40+08:00][sql] CONNECT:[ UseTime:0.000603s ] mysql:host=127.0.0.1;port=3306;dbname=carver;charset=utf8
[2021-04-23T08:41:40+08:00][sql] SHOW FULL COLUMNS FROM `carver_user` [ RunTime:0.000818s ]
[2021-04-23T08:41:40+08:00][sql] SHOW FULL COLUMNS FROM `carver_article` [ RunTime:0.000719s ]
[2021-04-23T08:41:40+08:00][sql] SELECT COUNT(*) AS think_count FROM `carver_article` WHERE  `delete_time` = 0  AND `is_show` = 1 [ RunTime:0.000402s ]
[2021-04-23T08:41:40+08:00][sql] SELECT `article_id`,`article_title`,`article_desc`,`article_content`,`article_img`,`article_guide`,`article_label`,`click_num`,`is_show`,`add_time`,`article_author`,`is_top_show` FROM `carver_article` WHERE  `delete_time` = 0  AND `is_show` = 1 ORDER BY `article_id` DESC LIMIT 0,6 [ RunTime:0.000637s ]
[2021-04-23T08:41:40+08:00][sql] SELECT article_id,article_title,click_num,FROM_UNIXTIME(add_time,'%Y-%m-%d') as add_time FROM `carver_article` WHERE  `is_show` = 1  AND `delete_time` = 0 ORDER BY `click_num` DESC LIMIT 3 [ RunTime:0.000552s ]
[2021-04-23T08:41:40+08:00][sql] SHOW FULL COLUMNS FROM `carver_notice` [ RunTime:0.000610s ]
[2021-04-23T08:41:40+08:00][sql] SELECT * FROM `carver_notice` ORDER BY `create_time` DESC LIMIT 3 [ RunTime:0.000319s ]
[2021-04-23T08:41:40+08:00][sql] SHOW FULL COLUMNS FROM `carver_navigation` [ RunTime:0.000555s ]
[2021-04-23T08:41:40+08:00][sql] SELECT * FROM `carver_navigation` [ RunTime:0.000274s ]
[2021-04-23T08:41:40+08:00][sql] SHOW FULL COLUMNS FROM `carver_link` [ RunTime:0.000612s ]
[2021-04-23T08:41:40+08:00][sql] SELECT * FROM `carver_link` WHERE  ( is_confirm=2 ) LIMIT 20 [ RunTime:0.000311s ]
[2021-04-23T08:41:40+08:00][sql] SELECT `article_label` FROM `carver_article` [ RunTime:0.000272s ]
[2021-04-23T08:41:40+08:00][sql] SHOW FULL COLUMNS FROM `carver_carouse` [ RunTime:0.000525s ]
[2021-04-23T08:41:40+08:00][sql] SELECT `carouse_img`,`carouse_desc` FROM `carver_carouse` WHERE  `is_show` = 1 ORDER BY `carouse_sort` DESC LIMIT 3 [ RunTime:0.000319s ]
[2021-04-23T08:41:40+08:00][sql] SHOW FULL COLUMNS FROM `carver_site` [ RunTime:0.000504s ]
[2021-04-23T08:41:40+08:00][sql] SELECT * FROM `carver_site` [ RunTime:0.000254s ]
[2021-04-23T09:49:11+08:00][sql] CONNECT:[ UseTime:0.011174s ] mysql:host=127.0.0.1;port=3306;dbname=carver;charset=utf8
[2021-04-23T09:49:11+08:00][sql] SHOW FULL COLUMNS FROM `carver_user` [ RunTime:0.000899s ]
[2021-04-23T09:49:11+08:00][sql] SHOW FULL COLUMNS FROM `carver_article` [ RunTime:0.000747s ]
[2021-04-23T09:49:11+08:00][sql] SELECT COUNT(*) AS think_count FROM `carver_article` WHERE  `delete_time` = 0  AND `is_show` = 1 [ RunTime:0.000419s ]
[2021-04-23T09:49:11+08:00][sql] SELECT `article_id`,`article_title`,`article_desc`,`article_content`,`article_img`,`article_guide`,`article_label`,`click_num`,`is_show`,`add_time`,`article_author`,`is_top_show` FROM `carver_article` WHERE  `delete_time` = 0  AND `is_show` = 1 ORDER BY `article_id` DESC LIMIT 0,6 [ RunTime:0.000645s ]
[2021-04-23T09:49:11+08:00][sql] SELECT article_id,article_title,click_num,FROM_UNIXTIME(add_time,'%Y-%m-%d') as add_time FROM `carver_article` WHERE  `is_show` = 1  AND `delete_time` = 0 ORDER BY `click_num` DESC LIMIT 3 [ RunTime:0.000605s ]
[2021-04-23T09:49:11+08:00][sql] SHOW FULL COLUMNS FROM `carver_notice` [ RunTime:0.000636s ]
[2021-04-23T09:49:11+08:00][sql] SELECT * FROM `carver_notice` ORDER BY `create_time` DESC LIMIT 3 [ RunTime:0.000284s ]
[2021-04-23T09:49:11+08:00][sql] SHOW FULL COLUMNS FROM `carver_navigation` [ RunTime:0.000537s ]
[2021-04-23T09:49:11+08:00][sql] SELECT * FROM `carver_navigation` [ RunTime:0.000253s ]
[2021-04-23T09:49:11+08:00][sql] SHOW FULL COLUMNS FROM `carver_link` [ RunTime:0.000539s ]
[2021-04-23T09:49:11+08:00][sql] SELECT * FROM `carver_link` WHERE  ( is_confirm=2 ) LIMIT 20 [ RunTime:0.000294s ]
[2021-04-23T09:49:11+08:00][sql] SELECT `article_label` FROM `carver_article` [ RunTime:0.000281s ]
[2021-04-23T09:49:11+08:00][sql] SHOW FULL COLUMNS FROM `carver_carouse` [ RunTime:0.004626s ]
[2021-04-23T09:49:11+08:00][sql] SELECT `carouse_img`,`carouse_desc` FROM `carver_carouse` WHERE  `is_show` = 1 ORDER BY `carouse_sort` DESC LIMIT 3 [ RunTime:0.000477s ]
[2021-04-23T09:49:11+08:00][sql] SHOW FULL COLUMNS FROM `carver_site` [ RunTime:0.000546s ]
[2021-04-23T09:49:11+08:00][sql] SELECT * FROM `carver_site` [ RunTime:0.000271s ]
[2021-04-23T11:30:00+08:00][sql] CONNECT:[ UseTime:0.000499s ] mysql:host=127.0.0.1;port=3306;dbname=carver;charset=utf8
[2021-04-23T11:30:00+08:00][sql] SHOW FULL COLUMNS FROM `carver_article` [ RunTime:0.000937s ]
[2021-04-23T11:30:00+08:00][sql] SELECT COUNT(*) AS think_count FROM `carver_article` WHERE  `article_label` LIKE '%javascript%'  AND `delete_time` = 0  AND `is_show` = 1 [ RunTime:0.000450s ]
[2021-04-23T11:30:00+08:00][sql] SELECT * FROM `carver_article` WHERE  `article_label` LIKE '%javascript%'  AND `delete_time` = 0  AND `is_show` = 1 LIMIT 0,6 [ RunTime:0.000780s ]
[2021-04-23T11:30:00+08:00][sql] SELECT article_id,article_title,click_num,FROM_UNIXTIME(add_time,'%Y-%m-%d') as add_time FROM `carver_article` WHERE  `is_show` = 1  AND `delete_time` = 0 ORDER BY `click_num` DESC LIMIT 3 [ RunTime:0.000428s ]
[2021-04-23T11:30:00+08:00][sql] SHOW FULL COLUMNS FROM `carver_notice` [ RunTime:0.000578s ]
[2021-04-23T11:30:00+08:00][sql] SELECT * FROM `carver_notice` ORDER BY `create_time` DESC LIMIT 3 [ RunTime:0.000304s ]
[2021-04-23T11:30:00+08:00][sql] SHOW FULL COLUMNS FROM `carver_navigation` [ RunTime:0.000557s ]
[2021-04-23T11:30:00+08:00][sql] SELECT * FROM `carver_navigation` [ RunTime:0.000244s ]
[2021-04-23T11:30:00+08:00][sql] SHOW FULL COLUMNS FROM `carver_link` [ RunTime:0.000504s ]
[2021-04-23T11:30:00+08:00][sql] SELECT * FROM `carver_link` WHERE  ( is_confirm=2 ) LIMIT 20 [ RunTime:0.000359s ]
[2021-04-23T11:30:00+08:00][sql] SELECT `article_label` FROM `carver_article` [ RunTime:0.000277s ]
[2021-04-23T11:30:00+08:00][sql] SHOW FULL COLUMNS FROM `carver_carouse` [ RunTime:0.000468s ]
[2021-04-23T11:30:00+08:00][sql] SELECT `carouse_img`,`carouse_desc` FROM `carver_carouse` WHERE  `is_show` = 1 ORDER BY `carouse_sort` DESC LIMIT 3 [ RunTime:0.000326s ]
[2021-04-23T11:30:00+08:00][sql] SHOW FULL COLUMNS FROM `carver_site` [ RunTime:0.000467s ]
[2021-04-23T11:30:00+08:00][sql] SELECT * FROM `carver_site` [ RunTime:0.000240s ]
[2021-04-23T11:39:59+08:00][sql] CONNECT:[ UseTime:0.000488s ] mysql:host=127.0.0.1;port=3306;dbname=carver;charset=utf8
[2021-04-23T11:39:59+08:00][sql] SHOW FULL COLUMNS FROM `carver_user` [ RunTime:0.000780s ]
[2021-04-23T11:39:59+08:00][sql] SHOW FULL COLUMNS FROM `carver_article` [ RunTime:0.000678s ]
[2021-04-23T11:39:59+08:00][sql] SELECT COUNT(*) AS think_count FROM `carver_article` WHERE  `delete_time` = 0  AND `is_show` = 1 [ RunTime:0.000374s ]
[2021-04-23T11:39:59+08:00][sql] SELECT `article_id`,`article_title`,`article_desc`,`article_content`,`article_img`,`article_guide`,`article_label`,`click_num`,`is_show`,`add_time`,`article_author`,`is_top_show` FROM `carver_article` WHERE  `delete_time` = 0  AND `is_show` = 1 ORDER BY `article_id` DESC LIMIT 0,6 [ RunTime:0.000625s ]
[2021-04-23T11:39:59+08:00][sql] SELECT article_id,article_title,click_num,FROM_UNIXTIME(add_time,'%Y-%m-%d') as add_time FROM `carver_article` WHERE  `is_show` = 1  AND `delete_time` = 0 ORDER BY `click_num` DESC LIMIT 3 [ RunTime:0.000414s ]
[2021-04-23T11:39:59+08:00][sql] SHOW FULL COLUMNS FROM `carver_notice` [ RunTime:0.000494s ]
[2021-04-23T11:39:59+08:00][sql] SELECT * FROM `carver_notice` ORDER BY `create_time` DESC LIMIT 3 [ RunTime:0.000275s ]
[2021-04-23T11:39:59+08:00][sql] SHOW FULL COLUMNS FROM `carver_navigation` [ RunTime:0.000525s ]
[2021-04-23T11:39:59+08:00][sql] SELECT * FROM `carver_navigation` [ RunTime:0.000233s ]
[2021-04-23T11:39:59+08:00][sql] SHOW FULL COLUMNS FROM `carver_link` [ RunTime:0.000521s ]
[2021-04-23T11:39:59+08:00][sql] SELECT * FROM `carver_link` WHERE  ( is_confirm=2 ) LIMIT 20 [ RunTime:0.000300s ]
[2021-04-23T11:39:59+08:00][sql] SELECT `article_label` FROM `carver_article` [ RunTime:0.000263s ]
[2021-04-23T11:39:59+08:00][sql] SHOW FULL COLUMNS FROM `carver_carouse` [ RunTime:0.000448s ]
[2021-04-23T11:39:59+08:00][sql] SELECT `carouse_img`,`carouse_desc` FROM `carver_carouse` WHERE  `is_show` = 1 ORDER BY `carouse_sort` DESC LIMIT 3 [ RunTime:0.000274s ]
[2021-04-23T11:39:59+08:00][sql] SHOW FULL COLUMNS FROM `carver_site` [ RunTime:0.000468s ]
[2021-04-23T11:39:59+08:00][sql] SELECT * FROM `carver_site` [ RunTime:0.000231s ]
[2021-04-23T11:51:12+08:00][sql] CONNECT:[ UseTime:0.000559s ] mysql:host=127.0.0.1;port=3306;dbname=carver;charset=utf8
[2021-04-23T11:51:12+08:00][sql] SHOW FULL COLUMNS FROM `carver_user` [ RunTime:0.000892s ]
[2021-04-23T11:51:12+08:00][sql] SHOW FULL COLUMNS FROM `carver_article` [ RunTime:0.000792s ]
[2021-04-23T11:51:12+08:00][sql] SELECT COUNT(*) AS think_count FROM `carver_article` WHERE  `delete_time` = 0  AND `is_show` = 1 [ RunTime:0.000472s ]
[2021-04-23T11:51:12+08:00][sql] SELECT `article_id`,`article_title`,`article_desc`,`article_content`,`article_img`,`article_guide`,`article_label`,`click_num`,`is_show`,`add_time`,`article_author`,`is_top_show` FROM `carver_article` WHERE  `delete_time` = 0  AND `is_show` = 1 ORDER BY `article_id` DESC LIMIT 0,6 [ RunTime:0.000644s ]
[2021-04-23T11:51:12+08:00][sql] SELECT article_id,article_title,click_num,FROM_UNIXTIME(add_time,'%Y-%m-%d') as add_time FROM `carver_article` WHERE  `is_show` = 1  AND `delete_time` = 0 ORDER BY `click_num` DESC LIMIT 3 [ RunTime:0.000526s ]
[2021-04-23T11:51:12+08:00][sql] SHOW FULL COLUMNS FROM `carver_notice` [ RunTime:0.000614s ]
[2021-04-23T11:51:12+08:00][sql] SELECT * FROM `carver_notice` ORDER BY `create_time` DESC LIMIT 3 [ RunTime:0.000341s ]
[2021-04-23T11:51:12+08:00][sql] SHOW FULL COLUMNS FROM `carver_navigation` [ RunTime:0.000540s ]
[2021-04-23T11:51:12+08:00][sql] SELECT * FROM `carver_navigation` [ RunTime:0.000255s ]
[2021-04-23T11:51:12+08:00][sql] SHOW FULL COLUMNS FROM `carver_link` [ RunTime:0.000536s ]
[2021-04-23T11:51:12+08:00][sql] SELECT * FROM `carver_link` WHERE  ( is_confirm=2 ) LIMIT 20 [ RunTime:0.000309s ]
[2021-04-23T11:51:12+08:00][sql] SELECT `article_label` FROM `carver_article` [ RunTime:0.000279s ]
[2021-04-23T11:51:12+08:00][sql] SHOW FULL COLUMNS FROM `carver_carouse` [ RunTime:0.000482s ]
[2021-04-23T11:51:12+08:00][sql] SELECT `carouse_img`,`carouse_desc` FROM `carver_carouse` WHERE  `is_show` = 1 ORDER BY `carouse_sort` DESC LIMIT 3 [ RunTime:0.000334s ]
[2021-04-23T11:51:12+08:00][sql] SHOW FULL COLUMNS FROM `carver_site` [ RunTime:0.000485s ]
[2021-04-23T11:51:12+08:00][sql] SELECT * FROM `carver_site` [ RunTime:0.000258s ]
[2021-04-23T12:40:21+08:00][sql] CONNECT:[ UseTime:0.000513s ] mysql:host=127.0.0.1;port=3306;dbname=carver;charset=utf8
[2021-04-23T12:40:21+08:00][sql] SHOW FULL COLUMNS FROM `carver_user` [ RunTime:0.000807s ]
[2021-04-23T12:40:21+08:00][sql] SHOW FULL COLUMNS FROM `carver_article` [ RunTime:0.000725s ]
[2021-04-23T12:40:21+08:00][sql] SELECT COUNT(*) AS think_count FROM `carver_article` WHERE  `delete_time` = 0  AND `is_show` = 1 [ RunTime:0.000398s ]
[2021-04-23T12:40:21+08:00][sql] SELECT `article_id`,`article_title`,`article_desc`,`article_content`,`article_img`,`article_guide`,`article_label`,`click_num`,`is_show`,`add_time`,`article_author`,`is_top_show` FROM `carver_article` WHERE  `delete_time` = 0  AND `is_show` = 1 ORDER BY `article_id` DESC LIMIT 0,6 [ RunTime:0.000619s ]
[2021-04-23T12:40:21+08:00][sql] SELECT article_id,article_title,click_num,FROM_UNIXTIME(add_time,'%Y-%m-%d') as add_time FROM `carver_article` WHERE  `is_show` = 1  AND `delete_time` = 0 ORDER BY `click_num` DESC LIMIT 3 [ RunTime:0.000510s ]
[2021-04-23T12:40:21+08:00][sql] SHOW FULL COLUMNS FROM `carver_notice` [ RunTime:0.000592s ]
[2021-04-23T12:40:21+08:00][sql] SELECT * FROM `carver_notice` ORDER BY `create_time` DESC LIMIT 3 [ RunTime:0.000291s ]
[2021-04-23T12:40:21+08:00][sql] SHOW FULL COLUMNS FROM `carver_navigation` [ RunTime:0.000602s ]
[2021-04-23T12:40:21+08:00][sql] SELECT * FROM `carver_navigation` [ RunTime:0.000252s ]
[2021-04-23T12:40:21+08:00][sql] SHOW FULL COLUMNS FROM `carver_link` [ RunTime:0.000519s ]
[2021-04-23T12:40:21+08:00][sql] SELECT * FROM `carver_link` WHERE  ( is_confirm=2 ) LIMIT 20 [ RunTime:0.000292s ]
[2021-04-23T12:40:21+08:00][sql] SELECT `article_label` FROM `carver_article` [ RunTime:0.000284s ]
[2021-04-23T12:40:21+08:00][sql] SHOW FULL COLUMNS FROM `carver_carouse` [ RunTime:0.000504s ]
[2021-04-23T12:40:21+08:00][sql] SELECT `carouse_img`,`carouse_desc` FROM `carver_carouse` WHERE  `is_show` = 1 ORDER BY `carouse_sort` DESC LIMIT 3 [ RunTime:0.000334s ]
[2021-04-23T12:40:21+08:00][sql] SHOW FULL COLUMNS FROM `carver_site` [ RunTime:0.000494s ]
[2021-04-23T12:40:21+08:00][sql] SELECT * FROM `carver_site` [ RunTime:0.000252s ]
[2021-04-23T12:41:36+08:00][sql] CONNECT:[ UseTime:0.000504s ] mysql:host=127.0.0.1;port=3306;dbname=carver;charset=utf8
[2021-04-23T12:41:36+08:00][sql] SHOW FULL COLUMNS FROM `carver_user` [ RunTime:0.000780s ]
[2021-04-23T12:41:36+08:00][sql] SHOW FULL COLUMNS FROM `carver_article` [ RunTime:0.000676s ]
[2021-04-23T12:41:36+08:00][sql] SELECT COUNT(*) AS think_count FROM `carver_article` WHERE  `delete_time` = 0  AND `is_show` = 1 [ RunTime:0.000370s ]
[2021-04-23T12:41:36+08:00][sql] SELECT `article_id`,`article_title`,`article_desc`,`article_content`,`article_img`,`article_guide`,`article_label`,`click_num`,`is_show`,`add_time`,`article_author`,`is_top_show` FROM `carver_article` WHERE  `delete_time` = 0  AND `is_show` = 1 ORDER BY `article_id` DESC LIMIT 0,6 [ RunTime:0.000621s ]
[2021-04-23T12:41:36+08:00][sql] SELECT article_id,article_title,click_num,FROM_UNIXTIME(add_time,'%Y-%m-%d') as add_time FROM `carver_article` WHERE  `is_show` = 1  AND `delete_time` = 0 ORDER BY `click_num` DESC LIMIT 3 [ RunTime:0.000385s ]
[2021-04-23T12:41:36+08:00][sql] SHOW FULL COLUMNS FROM `carver_notice` [ RunTime:0.000517s ]
[2021-04-23T12:41:36+08:00][sql] SELECT * FROM `carver_notice` ORDER BY `create_time` DESC LIMIT 3 [ RunTime:0.000296s ]
[2021-04-23T12:41:36+08:00][sql] SHOW FULL COLUMNS FROM `carver_navigation` [ RunTime:0.000492s ]
[2021-04-23T12:41:36+08:00][sql] SELECT * FROM `carver_navigation` [ RunTime:0.000242s ]
[2021-04-23T12:41:36+08:00][sql] SHOW FULL COLUMNS FROM `carver_link` [ RunTime:0.000488s ]
[2021-04-23T12:41:36+08:00][sql] SELECT * FROM `carver_link` WHERE  ( is_confirm=2 ) LIMIT 20 [ RunTime:0.000268s ]
[2021-04-23T12:41:36+08:00][sql] SELECT `article_label` FROM `carver_article` [ RunTime:0.000249s ]
[2021-04-23T12:41:36+08:00][sql] SHOW FULL COLUMNS FROM `carver_carouse` [ RunTime:0.000461s ]
[2021-04-23T12:41:36+08:00][sql] SELECT `carouse_img`,`carouse_desc` FROM `carver_carouse` WHERE  `is_show` = 1 ORDER BY `carouse_sort` DESC LIMIT 3 [ RunTime:0.000278s ]
[2021-04-23T12:41:36+08:00][sql] SHOW FULL COLUMNS FROM `carver_site` [ RunTime:0.000508s ]
[2021-04-23T12:41:36+08:00][sql] SELECT * FROM `carver_site` [ RunTime:0.000220s ]
[2021-04-23T14:20:10+08:00][sql] CONNECT:[ UseTime:0.000547s ] mysql:host=127.0.0.1;port=3306;dbname=carver;charset=utf8
[2021-04-23T14:20:10+08:00][sql] SHOW FULL COLUMNS FROM `carver_article` [ RunTime:0.001017s ]
[2021-04-23T14:20:10+08:00][sql] SELECT COUNT(*) AS think_count FROM `carver_article` WHERE  `article_label` LIKE '%网络安全%'  AND `delete_time` = 0  AND `is_show` = 1 [ RunTime:0.000440s ]
[2021-04-23T14:20:10+08:00][sql] SELECT * FROM `carver_article` WHERE  `article_label` LIKE '%网络安全%'  AND `delete_time` = 0  AND `is_show` = 1 LIMIT 0,6 [ RunTime:0.001039s ]
[2021-04-23T14:20:10+08:00][sql] SELECT article_id,article_title,click_num,FROM_UNIXTIME(add_time,'%Y-%m-%d') as add_time FROM `carver_article` WHERE  `is_show` = 1  AND `delete_time` = 0 ORDER BY `click_num` DESC LIMIT 3 [ RunTime:0.000673s ]
[2021-04-23T14:20:10+08:00][sql] SHOW FULL COLUMNS FROM `carver_notice` [ RunTime:0.000600s ]
[2021-04-23T14:20:10+08:00][sql] SELECT * FROM `carver_notice` ORDER BY `create_time` DESC LIMIT 3 [ RunTime:0.000275s ]
[2021-04-23T14:20:10+08:00][sql] SHOW FULL COLUMNS FROM `carver_navigation` [ RunTime:0.000502s ]
[2021-04-23T14:20:10+08:00][sql] SELECT * FROM `carver_navigation` [ RunTime:0.000240s ]
[2021-04-23T14:20:10+08:00][sql] SHOW FULL COLUMNS FROM `carver_link` [ RunTime:0.000493s ]
[2021-04-23T14:20:10+08:00][sql] SELECT * FROM `carver_link` WHERE  ( is_confirm=2 ) LIMIT 20 [ RunTime:0.000295s ]
[2021-04-23T14:20:10+08:00][sql] SELECT `article_label` FROM `carver_article` [ RunTime:0.000285s ]
[2021-04-23T14:20:10+08:00][sql] SHOW FULL COLUMNS FROM `carver_carouse` [ RunTime:0.000479s ]
[2021-04-23T14:20:10+08:00][sql] SELECT `carouse_img`,`carouse_desc` FROM `carver_carouse` WHERE  `is_show` = 1 ORDER BY `carouse_sort` DESC LIMIT 3 [ RunTime:0.000328s ]
[2021-04-23T14:20:10+08:00][sql] SHOW FULL COLUMNS FROM `carver_site` [ RunTime:0.000544s ]
[2021-04-23T14:20:10+08:00][sql] SELECT * FROM `carver_site` [ RunTime:0.000268s ]
[2021-04-23T15:11:10+08:00][sql] CONNECT:[ UseTime:0.000615s ] mysql:host=127.0.0.1;port=3306;dbname=carver;charset=utf8
[2021-04-23T15:11:10+08:00][sql] SHOW FULL COLUMNS FROM `carver_article` [ RunTime:0.000953s ]
[2021-04-23T15:11:10+08:00][sql] SELECT `article_id`,`article_title`,`article_desc`,`article_content`,`article_img`,`article_guide`,`article_label`,`click_num`,`is_show`,`add_time`,`article_author` FROM `carver_article` WHERE  `article_id` = 21 LIMIT 1 [ RunTime:0.000590s ]
[2021-04-23T15:11:10+08:00][sql] SELECT `article_id`,`article_title`,`article_desc`,`article_content`,`article_img`,`article_guide`,`article_label`,`click_num`,`is_show`,`add_time`,`article_author` FROM `carver_article` WHERE  `article_id` > 21 LIMIT 1 [ RunTime:0.000537s ]
[2021-04-23T15:11:10+08:00][sql] SELECT `article_id`,`article_title`,`article_desc`,`article_content`,`article_img`,`article_guide`,`article_label`,`click_num`,`is_show`,`add_time`,`article_author` FROM `carver_article` WHERE  `article_id` < 21 ORDER BY `article_id` DESC LIMIT 1 [ RunTime:0.000533s ]
[2021-04-23T15:11:10+08:00][sql] SHOW FULL COLUMNS FROM `carver_link` [ RunTime:0.000575s ]
[2021-04-23T15:11:10+08:00][sql] SELECT * FROM `carver_link` WHERE  ( is_confirm=2 ) LIMIT 20 [ RunTime:0.000320s ]
[2021-04-23T15:11:10+08:00][sql] SELECT article_id,article_title,click_num,FROM_UNIXTIME(add_time,'%Y-%m-%d') as add_time FROM `carver_article` ORDER BY `click_num` DESC LIMIT 3 [ RunTime:0.000379s ]
[2021-04-23T15:11:10+08:00][sql] SHOW FULL COLUMNS FROM `carver_comment` [ RunTime:0.000825s ]
[2021-04-23T15:11:10+08:00][sql] SELECT `a`.*,`b`.`user_name` FROM `carver_comment` `a` INNER JOIN `carver_user` `b` ON `a`.`user_id`=`b`.`user_id` WHERE  `article_id` = 21 ORDER BY `create_time` DESC [ RunTime:0.000438s ]
[2021-04-23T15:11:10+08:00][sql] SHOW FULL COLUMNS FROM `carver_comment_to_others` [ RunTime:0.000569s ]
[2021-04-23T15:11:10+08:00][sql] SELECT * FROM `carver_comment_to_others` [ RunTime:0.000283s ]
[2021-04-23T15:11:10+08:00][sql] SHOW FULL COLUMNS FROM `carver_user` [ RunTime:0.000487s ]
[2021-04-23T15:11:10+08:00][sql] SELECT `user_name` FROM `carver_user` WHERE  `user_id` = 4 LIMIT 1 [ RunTime:0.000289s ]
[2021-04-23T15:11:10+08:00][sql] SELECT `user_name` FROM `carver_user` WHERE  `user_id` = 4 LIMIT 1 [ RunTime:0.000241s ]
[2021-04-23T15:11:10+08:00][sql] SELECT `user_name` FROM `carver_user` WHERE  `user_id` = 5 LIMIT 1 [ RunTime:0.000234s ]
[2021-04-23T15:11:10+08:00][sql] SELECT `user_name` FROM `carver_user` WHERE  `user_id` = 5 LIMIT 1 [ RunTime:0.000248s ]
[2021-04-23T15:11:10+08:00][sql] SELECT `user_name`,`user_id` FROM `carver_user` [ RunTime:0.000295s ]
[2021-04-23T15:11:10+08:00][sql] SHOW FULL COLUMNS FROM `carver_navigation` [ RunTime:0.000599s ]
[2021-04-23T15:11:10+08:00][sql] SELECT * FROM `carver_navigation` [ RunTime:0.000311s ]
[2021-04-23T15:11:10+08:00][sql] SELECT `article_label` FROM `carver_article` [ RunTime:0.000286s ]
[2021-04-23T16:16:13+08:00][sql] CONNECT:[ UseTime:0.000579s ] mysql:host=127.0.0.1;port=3306;dbname=carver;charset=utf8
[2021-04-23T16:16:13+08:00][sql] SHOW FULL COLUMNS FROM `carver_article` [ RunTime:0.000835s ]
[2021-04-23T16:16:13+08:00][sql] SELECT COUNT(*) AS think_count FROM `carver_article` WHERE  `article_guide` = 6  AND `delete_time` = 0  AND `is_show` = 1 [ RunTime:0.000414s ]
[2021-04-23T16:16:13+08:00][sql] SELECT * FROM `carver_article` WHERE  `article_guide` = 6  AND `delete_time` = 0  AND `is_show` = 1 ORDER BY `add_time` DESC LIMIT 12,6 [ RunTime:0.000483s ]
[2021-04-23T16:16:13+08:00][sql] SELECT article_id,article_title,click_num,FROM_UNIXTIME(add_time,'%Y-%m-%d') as add_time FROM `carver_article` WHERE  `is_show` = 1  AND `delete_time` = 0 ORDER BY `click_num` DESC LIMIT 3 [ RunTime:0.000488s ]
[2021-04-23T16:16:13+08:00][sql] SHOW FULL COLUMNS FROM `carver_notice` [ RunTime:0.000634s ]
[2021-04-23T16:16:13+08:00][sql] SELECT * FROM `carver_notice` ORDER BY `create_time` DESC LIMIT 3 [ RunTime:0.000364s ]
[2021-04-23T16:16:13+08:00][sql] SHOW FULL COLUMNS FROM `carver_navigation` [ RunTime:0.000589s ]
[2021-04-23T16:16:13+08:00][sql] SELECT * FROM `carver_navigation` [ RunTime:0.000285s ]
[2021-04-23T16:16:13+08:00][sql] SELECT `article_label` FROM `carver_article` [ RunTime:0.000271s ]
[2021-04-23T16:16:13+08:00][sql] SHOW FULL COLUMNS FROM `carver_carouse` [ RunTime:0.000562s ]
[2021-04-23T16:16:13+08:00][sql] SELECT `carouse_img`,`carouse_desc` FROM `carver_carouse` WHERE  `is_show` = 1 ORDER BY `carouse_sort` DESC LIMIT 3 [ RunTime:0.000299s ]
[2021-04-23T16:16:13+08:00][sql] SHOW FULL COLUMNS FROM `carver_link` [ RunTime:0.000536s ]
[2021-04-23T16:16:13+08:00][sql] SELECT * FROM `carver_link` WHERE  ( is_confirm=2 ) LIMIT 20 [ RunTime:0.000339s ]
[2021-04-23T16:16:13+08:00][sql] SHOW FULL COLUMNS FROM `carver_site` [ RunTime:0.000536s ]
[2021-04-23T16:16:13+08:00][sql] SELECT * FROM `carver_site` [ RunTime:0.000275s ]
[2021-04-23T17:30:51+08:00][sql] CONNECT:[ UseTime:0.000581s ] mysql:host=127.0.0.1;port=3306;dbname=carver;charset=utf8
[2021-04-23T17:30:51+08:00][sql] SHOW FULL COLUMNS FROM `carver_article` [ RunTime:0.000949s ]
[2021-04-23T17:30:51+08:00][sql] SELECT `article_id`,`article_title`,`article_desc`,`article_content`,`article_img`,`article_guide`,`article_label`,`click_num`,`is_show`,`add_time`,`article_author` FROM `carver_article` WHERE  `article_id` = 4 LIMIT 1 [ RunTime:0.000574s ]
[2021-04-23T17:30:51+08:00][sql] SELECT `article_id`,`article_title`,`article_desc`,`article_content`,`article_img`,`article_guide`,`article_label`,`click_num`,`is_show`,`add_time`,`article_author` FROM `carver_article` WHERE  `article_id` > 4 LIMIT 1 [ RunTime:0.000402s ]
[2021-04-23T17:30:51+08:00][sql] SELECT `article_id`,`article_title`,`article_desc`,`article_content`,`article_img`,`article_guide`,`article_label`,`click_num`,`is_show`,`add_time`,`article_author` FROM `carver_article` WHERE  `article_id` < 4 ORDER BY `article_id` DESC LIMIT 1 [ RunTime:0.000531s ]
[2021-04-23T17:30:51+08:00][sql] SHOW FULL COLUMNS FROM `carver_link` [ RunTime:0.000646s ]
[2021-04-23T17:30:51+08:00][sql] SELECT * FROM `carver_link` WHERE  ( is_confirm=2 ) LIMIT 20 [ RunTime:0.000316s ]
[2021-04-23T17:30:51+08:00][sql] SELECT article_id,article_title,click_num,FROM_UNIXTIME(add_time,'%Y-%m-%d') as add_time FROM `carver_article` ORDER BY `click_num` DESC LIMIT 3 [ RunTime:0.000360s ]
[2021-04-23T17:30:51+08:00][sql] SHOW FULL COLUMNS FROM `carver_comment` [ RunTime:0.000583s ]
[2021-04-23T17:30:51+08:00][sql] SELECT `a`.*,`b`.`user_name` FROM `carver_comment` `a` INNER JOIN `carver_user` `b` ON `a`.`user_id`=`b`.`user_id` WHERE  `article_id` = 4 ORDER BY `create_time` DESC [ RunTime:0.000380s ]
[2021-04-23T17:30:51+08:00][sql] SHOW FULL COLUMNS FROM `carver_comment_to_others` [ RunTime:0.000567s ]
[2021-04-23T17:30:51+08:00][sql] SELECT * FROM `carver_comment_to_others` [ RunTime:0.000255s ]
[2021-04-23T17:30:51+08:00][sql] SHOW FULL COLUMNS FROM `carver_user` [ RunTime:0.000470s ]
[2021-04-23T17:30:51+08:00][sql] SELECT `user_name` FROM `carver_user` WHERE  `user_id` = 4 LIMIT 1 [ RunTime:0.000258s ]
[2021-04-23T17:30:51+08:00][sql] SELECT `user_name` FROM `carver_user` WHERE  `user_id` = 4 LIMIT 1 [ RunTime:0.000227s ]
[2021-04-23T17:30:51+08:00][sql] SELECT `user_name` FROM `carver_user` WHERE  `user_id` = 5 LIMIT 1 [ RunTime:0.000234s ]
[2021-04-23T17:30:51+08:00][sql] SELECT `user_name` FROM `carver_user` WHERE  `user_id` = 5 LIMIT 1 [ RunTime:0.000247s ]
[2021-04-23T17:30:51+08:00][sql] SELECT `user_name`,`user_id` FROM `carver_user` [ RunTime:0.000244s ]
[2021-04-23T17:30:51+08:00][sql] SHOW FULL COLUMNS FROM `carver_navigation` [ RunTime:0.000547s ]
[2021-04-23T17:30:51+08:00][sql] SELECT * FROM `carver_navigation` [ RunTime:0.000262s ]
[2021-04-23T17:30:51+08:00][sql] SELECT `article_label` FROM `carver_article` [ RunTime:0.000273s ]
[2021-04-23T17:38:43+08:00][sql] CONNECT:[ UseTime:0.000584s ] mysql:host=127.0.0.1;port=3306;dbname=carver;charset=utf8
[2021-04-23T17:38:43+08:00][sql] SHOW FULL COLUMNS FROM `carver_user` [ RunTime:0.000793s ]
[2021-04-23T17:38:43+08:00][sql] SHOW FULL COLUMNS FROM `carver_article` [ RunTime:0.000686s ]
[2021-04-23T17:38:43+08:00][sql] SELECT COUNT(*) AS think_count FROM `carver_article` WHERE  `delete_time` = 0  AND `is_show` = 1 [ RunTime:0.000360s ]
[2021-04-23T17:38:43+08:00][sql] SELECT `article_id`,`article_title`,`article_desc`,`article_content`,`article_img`,`article_guide`,`article_label`,`click_num`,`is_show`,`add_time`,`article_author`,`is_top_show` FROM `carver_article` WHERE  `delete_time` = 0  AND `is_show` = 1 ORDER BY `article_id` DESC LIMIT 0,6 [ RunTime:0.000710s ]
[2021-04-23T17:38:43+08:00][sql] SELECT article_id,article_title,click_num,FROM_UNIXTIME(add_time,'%Y-%m-%d') as add_time FROM `carver_article` WHERE  `is_show` = 1  AND `delete_time` = 0 ORDER BY `click_num` DESC LIMIT 3 [ RunTime:0.000575s ]
[2021-04-23T17:38:43+08:00][sql] SHOW FULL COLUMNS FROM `carver_notice` [ RunTime:0.000632s ]
[2021-04-23T17:38:43+08:00][sql] SELECT * FROM `carver_notice` ORDER BY `create_time` DESC LIMIT 3 [ RunTime:0.000280s ]
[2021-04-23T17:38:43+08:00][sql] SHOW FULL COLUMNS FROM `carver_navigation` [ RunTime:0.000495s ]
[2021-04-23T17:38:43+08:00][sql] SELECT * FROM `carver_navigation` [ RunTime:0.000299s ]
[2021-04-23T17:38:43+08:00][sql] SHOW FULL COLUMNS FROM `carver_link` [ RunTime:0.000547s ]
[2021-04-23T17:38:43+08:00][sql] SELECT * FROM `carver_link` WHERE  ( is_confirm=2 ) LIMIT 20 [ RunTime:0.000291s ]
[2021-04-23T17:38:43+08:00][sql] SELECT `article_label` FROM `carver_article` [ RunTime:0.000271s ]
[2021-04-23T17:38:43+08:00][sql] SHOW FULL COLUMNS FROM `carver_carouse` [ RunTime:0.000547s ]
[2021-04-23T17:38:43+08:00][sql] SELECT `carouse_img`,`carouse_desc` FROM `carver_carouse` WHERE  `is_show` = 1 ORDER BY `carouse_sort` DESC LIMIT 3 [ RunTime:0.000350s ]
[2021-04-23T17:38:43+08:00][sql] SHOW FULL COLUMNS FROM `carver_site` [ RunTime:0.000475s ]
[2021-04-23T17:38:43+08:00][sql] SELECT * FROM `carver_site` [ RunTime:0.000288s ]
[2021-04-23T18:10:57+08:00][sql] CONNECT:[ UseTime:0.000538s ] mysql:host=127.0.0.1;port=3306;dbname=carver;charset=utf8
[2021-04-23T18:10:57+08:00][sql] SHOW FULL COLUMNS FROM `carver_article` [ RunTime:0.000936s ]
[2021-04-23T18:10:57+08:00][sql] SELECT COUNT(*) AS think_count FROM `carver_article` WHERE  `article_label` LIKE '%excel%'  AND `delete_time` = 0  AND `is_show` = 1 [ RunTime:0.000455s ]
[2021-04-23T18:10:57+08:00][sql] SELECT * FROM `carver_article` WHERE  `article_label` LIKE '%excel%'  AND `delete_time` = 0  AND `is_show` = 1 LIMIT 0,6 [ RunTime:0.001250s ]
[2021-04-23T18:10:57+08:00][sql] SELECT article_id,article_title,click_num,FROM_UNIXTIME(add_time,'%Y-%m-%d') as add_time FROM `carver_article` WHERE  `is_show` = 1  AND `delete_time` = 0 ORDER BY `click_num` DESC LIMIT 3 [ RunTime:0.000506s ]
[2021-04-23T18:10:57+08:00][sql] SHOW FULL COLUMNS FROM `carver_notice` [ RunTime:0.000597s ]
[2021-04-23T18:10:57+08:00][sql] SELECT * FROM `carver_notice` ORDER BY `create_time` DESC LIMIT 3 [ RunTime:0.000306s ]
[2021-04-23T18:10:57+08:00][sql] SHOW FULL COLUMNS FROM `carver_navigation` [ RunTime:0.000515s ]
[2021-04-23T18:10:57+08:00][sql] SELECT * FROM `carver_navigation` [ RunTime:0.000246s ]
[2021-04-23T18:10:57+08:00][sql] SHOW FULL COLUMNS FROM `carver_link` [ RunTime:0.000550s ]
[2021-04-23T18:10:57+08:00][sql] SELECT * FROM `carver_link` WHERE  ( is_confirm=2 ) LIMIT 20 [ RunTime:0.000516s ]
[2021-04-23T18:10:57+08:00][sql] SELECT `article_label` FROM `carver_article` [ RunTime:0.000262s ]
[2021-04-23T18:10:57+08:00][sql] SHOW FULL COLUMNS FROM `carver_carouse` [ RunTime:0.000537s ]
[2021-04-23T18:10:57+08:00][sql] SELECT `carouse_img`,`carouse_desc` FROM `carver_carouse` WHERE  `is_show` = 1 ORDER BY `carouse_sort` DESC LIMIT 3 [ RunTime:0.000300s ]
[2021-04-23T18:10:57+08:00][sql] SHOW FULL COLUMNS FROM `carver_site` [ RunTime:0.000474s ]
[2021-04-23T18:10:57+08:00][sql] SELECT * FROM `carver_site` [ RunTime:0.000245s ]
[2021-04-23T18:30:18+08:00][sql] CONNECT:[ UseTime:0.000541s ] mysql:host=127.0.0.1;port=3306;dbname=carver;charset=utf8
[2021-04-23T18:30:18+08:00][sql] SHOW FULL COLUMNS FROM `carver_user` [ RunTime:0.000828s ]
[2021-04-23T18:30:18+08:00][sql] SHOW FULL COLUMNS FROM `carver_article` [ RunTime:0.000792s ]
[2021-04-23T18:30:18+08:00][sql] SELECT COUNT(*) AS think_count FROM `carver_article` WHERE  `delete_time` = 0  AND `is_show` = 1 [ RunTime:0.000394s ]
[2021-04-23T18:30:18+08:00][sql] SELECT `article_id`,`article_title`,`article_desc`,`article_content`,`article_img`,`article_guide`,`article_label`,`click_num`,`is_show`,`add_time`,`article_author`,`is_top_show` FROM `carver_article` WHERE  `delete_time` = 0  AND `is_show` = 1 ORDER BY `article_id` DESC LIMIT 0,6 [ RunTime:0.000655s ]
[2021-04-23T18:30:18+08:00][sql] SELECT article_id,article_title,click_num,FROM_UNIXTIME(add_time,'%Y-%m-%d') as add_time FROM `carver_article` WHERE  `is_show` = 1  AND `delete_time` = 0 ORDER BY `click_num` DESC LIMIT 3 [ RunTime:0.000531s ]
[2021-04-23T18:30:18+08:00][sql] SHOW FULL COLUMNS FROM `carver_notice` [ RunTime:0.000652s ]
[2021-04-23T18:30:18+08:00][sql] SELECT * FROM `carver_notice` ORDER BY `create_time` DESC LIMIT 3 [ RunTime:0.000284s ]
[2021-04-23T18:30:18+08:00][sql] SHOW FULL COLUMNS FROM `carver_navigation` [ RunTime:0.000523s ]
[2021-04-23T18:30:18+08:00][sql] SELECT * FROM `carver_navigation` [ RunTime:0.000282s ]
[2021-04-23T18:30:18+08:00][sql] SHOW FULL COLUMNS FROM `carver_link` [ RunTime:0.001184s ]
[2021-04-23T18:30:18+08:00][sql] SELECT * FROM `carver_link` WHERE  ( is_confirm=2 ) LIMIT 20 [ RunTime:0.000320s ]
[2021-04-23T18:30:18+08:00][sql] SELECT `article_label` FROM `carver_article` [ RunTime:0.000269s ]
[2021-04-23T18:30:18+08:00][sql] SHOW FULL COLUMNS FROM `carver_carouse` [ RunTime:0.000514s ]
[2021-04-23T18:30:18+08:00][sql] SELECT `carouse_img`,`carouse_desc` FROM `carver_carouse` WHERE  `is_show` = 1 ORDER BY `carouse_sort` DESC LIMIT 3 [ RunTime:0.000324s ]
[2021-04-23T18:30:18+08:00][sql] SHOW FULL COLUMNS FROM `carver_site` [ RunTime:0.000519s ]
[2021-04-23T18:30:18+08:00][sql] SELECT * FROM `carver_site` [ RunTime:0.000260s ]
[2021-04-23T20:23:37+08:00][sql] CONNECT:[ UseTime:0.000595s ] mysql:host=127.0.0.1;port=3306;dbname=carver;charset=utf8
[2021-04-23T20:23:37+08:00][sql] SHOW FULL COLUMNS FROM `carver_user` [ RunTime:0.000831s ]
[2021-04-23T20:23:37+08:00][sql] SHOW FULL COLUMNS FROM `carver_article` [ RunTime:0.000678s ]
[2021-04-23T20:23:37+08:00][sql] SELECT COUNT(*) AS think_count FROM `carver_article` WHERE  `delete_time` = 0  AND `is_show` = 1 [ RunTime:0.000368s ]
[2021-04-23T20:23:37+08:00][sql] SELECT `article_id`,`article_title`,`article_desc`,`article_content`,`article_img`,`article_guide`,`article_label`,`click_num`,`is_show`,`add_time`,`article_author`,`is_top_show` FROM `carver_article` WHERE  `delete_time` = 0  AND `is_show` = 1 ORDER BY `article_id` DESC LIMIT 0,6 [ RunTime:0.000640s ]
[2021-04-23T20:23:37+08:00][sql] SELECT article_id,article_title,click_num,FROM_UNIXTIME(add_time,'%Y-%m-%d') as add_time FROM `carver_article` WHERE  `is_show` = 1  AND `delete_time` = 0 ORDER BY `click_num` DESC LIMIT 3 [ RunTime:0.000476s ]
[2021-04-23T20:23:37+08:00][sql] SHOW FULL COLUMNS FROM `carver_notice` [ RunTime:0.000559s ]
[2021-04-23T20:23:37+08:00][sql] SELECT * FROM `carver_notice` ORDER BY `create_time` DESC LIMIT 3 [ RunTime:0.000284s ]
[2021-04-23T20:23:37+08:00][sql] SHOW FULL COLUMNS FROM `carver_navigation` [ RunTime:0.000533s ]
[2021-04-23T20:23:37+08:00][sql] SELECT * FROM `carver_navigation` [ RunTime:0.000234s ]
[2021-04-23T20:23:37+08:00][sql] SHOW FULL COLUMNS FROM `carver_link` [ RunTime:0.000494s ]
[2021-04-23T20:23:37+08:00][sql] SELECT * FROM `carver_link` WHERE  ( is_confirm=2 ) LIMIT 20 [ RunTime:0.000280s ]
[2021-04-23T20:23:37+08:00][sql] SELECT `article_label` FROM `carver_article` [ RunTime:0.000249s ]
[2021-04-23T20:23:37+08:00][sql] SHOW FULL COLUMNS FROM `carver_carouse` [ RunTime:0.000567s ]
[2021-04-23T20:23:37+08:00][sql] SELECT `carouse_img`,`carouse_desc` FROM `carver_carouse` WHERE  `is_show` = 1 ORDER BY `carouse_sort` DESC LIMIT 3 [ RunTime:0.000276s ]
[2021-04-23T20:23:37+08:00][sql] SHOW FULL COLUMNS FROM `carver_site` [ RunTime:0.000498s ]
[2021-04-23T20:23:37+08:00][sql] SELECT * FROM `carver_site` [ RunTime:0.000221s ]
[2021-04-23T20:44:45+08:00][sql] CONNECT:[ UseTime:0.000555s ] mysql:host=127.0.0.1;port=3306;dbname=carver;charset=utf8
[2021-04-23T20:44:45+08:00][sql] SHOW FULL COLUMNS FROM `carver_article` [ RunTime:0.000889s ]
[2021-04-23T20:44:45+08:00][sql] SELECT COUNT(*) AS think_count FROM `carver_article` WHERE  `article_label` LIKE '%javascript%'  AND `delete_time` = 0  AND `is_show` = 1 [ RunTime:0.000414s ]
[2021-04-23T20:44:45+08:00][sql] SELECT * FROM `carver_article` WHERE  `article_label` LIKE '%javascript%'  AND `delete_time` = 0  AND `is_show` = 1 LIMIT 0,6 [ RunTime:0.000751s ]
[2021-04-23T20:44:45+08:00][sql] SELECT article_id,article_title,click_num,FROM_UNIXTIME(add_time,'%Y-%m-%d') as add_time FROM `carver_article` WHERE  `is_show` = 1  AND `delete_time` = 0 ORDER BY `click_num` DESC LIMIT 3 [ RunTime:0.000447s ]
[2021-04-23T20:44:45+08:00][sql] SHOW FULL COLUMNS FROM `carver_notice` [ RunTime:0.000633s ]
[2021-04-23T20:44:45+08:00][sql] SELECT * FROM `carver_notice` ORDER BY `create_time` DESC LIMIT 3 [ RunTime:0.000310s ]
[2021-04-23T20:44:45+08:00][sql] SHOW FULL COLUMNS FROM `carver_navigation` [ RunTime:0.000520s ]
[2021-04-23T20:44:45+08:00][sql] SELECT * FROM `carver_navigation` [ RunTime:0.000238s ]
[2021-04-23T20:44:45+08:00][sql] SHOW FULL COLUMNS FROM `carver_link` [ RunTime:0.000518s ]
[2021-04-23T20:44:45+08:00][sql] SELECT * FROM `carver_link` WHERE  ( is_confirm=2 ) LIMIT 20 [ RunTime:0.000281s ]
[2021-04-23T20:44:45+08:00][sql] SELECT `article_label` FROM `carver_article` [ RunTime:0.000268s ]
[2021-04-23T20:44:45+08:00][sql] SHOW FULL COLUMNS FROM `carver_carouse` [ RunTime:0.000479s ]
[2021-04-23T20:44:45+08:00][sql] SELECT `carouse_img`,`carouse_desc` FROM `carver_carouse` WHERE  `is_show` = 1 ORDER BY `carouse_sort` DESC LIMIT 3 [ RunTime:0.000295s ]
[2021-04-23T20:44:45+08:00][sql] SHOW FULL COLUMNS FROM `carver_site` [ RunTime:0.000481s ]
[2021-04-23T20:44:45+08:00][sql] SELECT * FROM `carver_site` [ RunTime:0.000232s ]
[2021-04-23T20:53:52+08:00][sql] CONNECT:[ UseTime:0.000631s ] mysql:host=127.0.0.1;port=3306;dbname=carver;charset=utf8
[2021-04-23T20:53:52+08:00][sql] SHOW FULL COLUMNS FROM `carver_article` [ RunTime:0.000886s ]
[2021-04-23T20:53:52+08:00][sql] SELECT COUNT(*) AS think_count FROM `carver_article` WHERE  `article_label` LIKE '%javascript%'  AND `delete_time` = 0  AND `is_show` = 1 [ RunTime:0.000458s ]
[2021-04-23T20:53:52+08:00][sql] SELECT * FROM `carver_article` WHERE  `article_label` LIKE '%javascript%'  AND `delete_time` = 0  AND `is_show` = 1 LIMIT 0,6 [ RunTime:0.000795s ]
[2021-04-23T20:53:52+08:00][sql] SELECT article_id,article_title,click_num,FROM_UNIXTIME(add_time,'%Y-%m-%d') as add_time FROM `carver_article` WHERE  `is_show` = 1  AND `delete_time` = 0 ORDER BY `click_num` DESC LIMIT 3 [ RunTime:0.000462s ]
[2021-04-23T20:53:52+08:00][sql] SHOW FULL COLUMNS FROM `carver_notice` [ RunTime:0.000651s ]
[2021-04-23T20:53:52+08:00][sql] SELECT * FROM `carver_notice` ORDER BY `create_time` DESC LIMIT 3 [ RunTime:0.000308s ]
[2021-04-23T20:53:52+08:00][sql] SHOW FULL COLUMNS FROM `carver_navigation` [ RunTime:0.000570s ]
[2021-04-23T20:53:52+08:00][sql] SELECT * FROM `carver_navigation` [ RunTime:0.000243s ]
[2021-04-23T20:53:52+08:00][sql] SHOW FULL COLUMNS FROM `carver_link` [ RunTime:0.000557s ]
[2021-04-23T20:53:52+08:00][sql] SELECT * FROM `carver_link` WHERE  ( is_confirm=2 ) LIMIT 20 [ RunTime:0.000279s ]
[2021-04-23T20:53:52+08:00][sql] SELECT `article_label` FROM `carver_article` [ RunTime:0.000288s ]
[2021-04-23T20:53:52+08:00][sql] SHOW FULL COLUMNS FROM `carver_carouse` [ RunTime:0.000487s ]
[2021-04-23T20:53:52+08:00][sql] SELECT `carouse_img`,`carouse_desc` FROM `carver_carouse` WHERE  `is_show` = 1 ORDER BY `carouse_sort` DESC LIMIT 3 [ RunTime:0.000287s ]
[2021-04-23T20:53:52+08:00][sql] SHOW FULL COLUMNS FROM `carver_site` [ RunTime:0.000464s ]
[2021-04-23T20:53:52+08:00][sql] SELECT * FROM `carver_site` [ RunTime:0.000265s ]
[2021-04-23T21:23:01+08:00][sql] CONNECT:[ UseTime:0.000536s ] mysql:host=127.0.0.1;port=3306;dbname=carver;charset=utf8
[2021-04-23T21:23:01+08:00][sql] SHOW FULL COLUMNS FROM `carver_user` [ RunTime:0.000854s ]
[2021-04-23T21:23:01+08:00][sql] SHOW FULL COLUMNS FROM `carver_article` [ RunTime:0.000716s ]
[2021-04-23T21:23:01+08:00][sql] SELECT COUNT(*) AS think_count FROM `carver_article` WHERE  `delete_time` = 0  AND `is_show` = 1 [ RunTime:0.000411s ]
[2021-04-23T21:23:01+08:00][sql] SELECT `article_id`,`article_title`,`article_desc`,`article_content`,`article_img`,`article_guide`,`article_label`,`click_num`,`is_show`,`add_time`,`article_author`,`is_top_show` FROM `carver_article` WHERE  `delete_time` = 0  AND `is_show` = 1 ORDER BY `article_id` DESC LIMIT 0,6 [ RunTime:0.000655s ]
[2021-04-23T21:23:01+08:00][sql] SELECT article_id,article_title,click_num,FROM_UNIXTIME(add_time,'%Y-%m-%d') as add_time FROM `carver_article` WHERE  `is_show` = 1  AND `delete_time` = 0 ORDER BY `click_num` DESC LIMIT 3 [ RunTime:0.011704s ]
[2021-04-23T21:23:01+08:00][sql] SHOW FULL COLUMNS FROM `carver_notice` [ RunTime:0.000693s ]
[2021-04-23T21:23:01+08:00][sql] SELECT * FROM `carver_notice` ORDER BY `create_time` DESC LIMIT 3 [ RunTime:0.000359s ]
[2021-04-23T21:23:01+08:00][sql] SHOW FULL COLUMNS FROM `carver_navigation` [ RunTime:0.000579s ]
[2021-04-23T21:23:01+08:00][sql] SELECT * FROM `carver_navigation` [ RunTime:0.000250s ]
[2021-04-23T21:23:01+08:00][sql] SHOW FULL COLUMNS FROM `carver_link` [ RunTime:0.000504s ]
[2021-04-23T21:23:01+08:00][sql] SELECT * FROM `carver_link` WHERE  ( is_confirm=2 ) LIMIT 20 [ RunTime:0.000317s ]
[2021-04-23T21:23:01+08:00][sql] SELECT `article_label` FROM `carver_article` [ RunTime:0.000289s ]
[2021-04-23T21:23:01+08:00][sql] SHOW FULL COLUMNS FROM `carver_carouse` [ RunTime:0.000462s ]
[2021-04-23T21:23:01+08:00][sql] SELECT `carouse_img`,`carouse_desc` FROM `carver_carouse` WHERE  `is_show` = 1 ORDER BY `carouse_sort` DESC LIMIT 3 [ RunTime:0.000325s ]
[2021-04-23T21:23:01+08:00][sql] SHOW FULL COLUMNS FROM `carver_site` [ RunTime:0.000520s ]
[2021-04-23T21:23:01+08:00][sql] SELECT * FROM `carver_site` [ RunTime:0.000268s ]
[2021-04-23T21:23:02+08:00][sql] CONNECT:[ UseTime:0.001506s ] mysql:host=127.0.0.1;port=3306;dbname=carver;charset=utf8
[2021-04-23T21:23:02+08:00][sql] SHOW FULL COLUMNS FROM `carver_user` [ RunTime:0.000810s ]
[2021-04-23T21:23:02+08:00][sql] SHOW FULL COLUMNS FROM `carver_article` [ RunTime:0.000724s ]
[2021-04-23T21:23:02+08:00][sql] SELECT COUNT(*) AS think_count FROM `carver_article` WHERE  `delete_time` = 0  AND `is_show` = 1 [ RunTime:0.000388s ]
[2021-04-23T21:23:02+08:00][sql] SELECT `article_id`,`article_title`,`article_desc`,`article_content`,`article_img`,`article_guide`,`article_label`,`click_num`,`is_show`,`add_time`,`article_author`,`is_top_show` FROM `carver_article` WHERE  `delete_time` = 0  AND `is_show` = 1 ORDER BY `article_id` DESC LIMIT 0,6 [ RunTime:0.000650s ]
[2021-04-23T21:23:02+08:00][sql] SELECT article_id,article_title,click_num,FROM_UNIXTIME(add_time,'%Y-%m-%d') as add_time FROM `carver_article` WHERE  `is_show` = 1  AND `delete_time` = 0 ORDER BY `click_num` DESC LIMIT 3 [ RunTime:0.000448s ]
[2021-04-23T21:23:02+08:00][sql] SHOW FULL COLUMNS FROM `carver_notice` [ RunTime:0.000659s ]
[2021-04-23T21:23:02+08:00][sql] SELECT * FROM `carver_notice` ORDER BY `create_time` DESC LIMIT 3 [ RunTime:0.000291s ]
[2021-04-23T21:23:02+08:00][sql] SHOW FULL COLUMNS FROM `carver_navigation` [ RunTime:0.000527s ]
[2021-04-23T21:23:02+08:00][sql] SELECT * FROM `carver_navigation` [ RunTime:0.000288s ]
[2021-04-23T21:23:02+08:00][sql] SHOW FULL COLUMNS FROM `carver_link` [ RunTime:0.000603s ]
[2021-04-23T21:23:02+08:00][sql] SELECT * FROM `carver_link` WHERE  ( is_confirm=2 ) LIMIT 20 [ RunTime:0.000399s ]
[2021-04-23T21:23:02+08:00][sql] SELECT `article_label` FROM `carver_article` [ RunTime:0.000302s ]
[2021-04-23T21:23:02+08:00][sql] SHOW FULL COLUMNS FROM `carver_carouse` [ RunTime:0.000486s ]
[2021-04-23T21:23:02+08:00][sql] SELECT `carouse_img`,`carouse_desc` FROM `carver_carouse` WHERE  `is_show` = 1 ORDER BY `carouse_sort` DESC LIMIT 3 [ RunTime:0.000370s ]
[2021-04-23T21:23:02+08:00][sql] SHOW FULL COLUMNS FROM `carver_site` [ RunTime:0.000495s ]
[2021-04-23T21:23:02+08:00][sql] SELECT * FROM `carver_site` [ RunTime:0.000256s ]
[2021-04-23T21:31:19+08:00][sql] CONNECT:[ UseTime:0.000644s ] mysql:host=127.0.0.1;port=3306;dbname=carver;charset=utf8
[2021-04-23T21:31:19+08:00][sql] SHOW FULL COLUMNS FROM `carver_user` [ RunTime:0.000896s ]
[2021-04-23T21:31:19+08:00][sql] SHOW FULL COLUMNS FROM `carver_article` [ RunTime:0.000768s ]
[2021-04-23T21:31:19+08:00][sql] SELECT COUNT(*) AS think_count FROM `carver_article` WHERE  `delete_time` = 0  AND `is_show` = 1 [ RunTime:0.000427s ]
[2021-04-23T21:31:19+08:00][sql] SELECT `article_id`,`article_title`,`article_desc`,`article_content`,`article_img`,`article_guide`,`article_label`,`click_num`,`is_show`,`add_time`,`article_author`,`is_top_show` FROM `carver_article` WHERE  `delete_time` = 0  AND `is_show` = 1 ORDER BY `article_id` DESC LIMIT 0,6 [ RunTime:0.000719s ]
[2021-04-23T21:31:19+08:00][sql] SELECT article_id,article_title,click_num,FROM_UNIXTIME(add_time,'%Y-%m-%d') as add_time FROM `carver_article` WHERE  `is_show` = 1  AND `delete_time` = 0 ORDER BY `click_num` DESC LIMIT 3 [ RunTime:0.000595s ]
[2021-04-23T21:31:19+08:00][sql] SHOW FULL COLUMNS FROM `carver_notice` [ RunTime:0.000711s ]
[2021-04-23T21:31:19+08:00][sql] SELECT * FROM `carver_notice` ORDER BY `create_time` DESC LIMIT 3 [ RunTime:0.000364s ]
[2021-04-23T21:31:19+08:00][sql] SHOW FULL COLUMNS FROM `carver_navigation` [ RunTime:0.000611s ]
[2021-04-23T21:31:19+08:00][sql] SELECT * FROM `carver_navigation` [ RunTime:0.000273s ]
[2021-04-23T21:31:19+08:00][sql] SHOW FULL COLUMNS FROM `carver_link` [ RunTime:0.000564s ]
[2021-04-23T21:31:19+08:00][sql] SELECT * FROM `carver_link` WHERE  ( is_confirm=2 ) LIMIT 20 [ RunTime:0.000336s ]
[2021-04-23T21:31:19+08:00][sql] SELECT `article_label` FROM `carver_article` [ RunTime:0.000313s ]
[2021-04-23T21:31:19+08:00][sql] SHOW FULL COLUMNS FROM `carver_carouse` [ RunTime:0.000581s ]
[2021-04-23T21:31:19+08:00][sql] SELECT `carouse_img`,`carouse_desc` FROM `carver_carouse` WHERE  `is_show` = 1 ORDER BY `carouse_sort` DESC LIMIT 3 [ RunTime:0.000312s ]
[2021-04-23T21:31:19+08:00][sql] SHOW FULL COLUMNS FROM `carver_site` [ RunTime:0.000595s ]
[2021-04-23T21:31:19+08:00][sql] SELECT * FROM `carver_site` [ RunTime:0.000274s ]
[2021-04-23T23:56:15+08:00][sql] CONNECT:[ UseTime:0.000528s ] mysql:host=127.0.0.1;port=3306;dbname=carver;charset=utf8
[2021-04-23T23:56:15+08:00][sql] SHOW FULL COLUMNS FROM `carver_article` [ RunTime:0.000873s ]
[2021-04-23T23:56:15+08:00][sql] SELECT COUNT(*) AS think_count FROM `carver_article` WHERE  `article_label` LIKE '%网络安全%'  AND `delete_time` = 0  AND `is_show` = 1 [ RunTime:0.000434s ]
[2021-04-23T23:56:15+08:00][sql] SELECT * FROM `carver_article` WHERE  `article_label` LIKE '%网络安全%'  AND `delete_time` = 0  AND `is_show` = 1 LIMIT 0,6 [ RunTime:0.001095s ]
[2021-04-23T23:56:15+08:00][sql] SELECT article_id,article_title,click_num,FROM_UNIXTIME(add_time,'%Y-%m-%d') as add_time FROM `carver_article` WHERE  `is_show` = 1  AND `delete_time` = 0 ORDER BY `click_num` DESC LIMIT 3 [ RunTime:0.000414s ]
[2021-04-23T23:56:15+08:00][sql] SHOW FULL COLUMNS FROM `carver_notice` [ RunTime:0.000626s ]
[2021-04-23T23:56:15+08:00][sql] SELECT * FROM `carver_notice` ORDER BY `create_time` DESC LIMIT 3 [ RunTime:0.000289s ]
[2021-04-23T23:56:15+08:00][sql] SHOW FULL COLUMNS FROM `carver_navigation` [ RunTime:0.000545s ]
[2021-04-23T23:56:15+08:00][sql] SELECT * FROM `carver_navigation` [ RunTime:0.000254s ]
[2021-04-23T23:56:15+08:00][sql] SHOW FULL COLUMNS FROM `carver_link` [ RunTime:0.000498s ]
[2021-04-23T23:56:15+08:00][sql] SELECT * FROM `carver_link` WHERE  ( is_confirm=2 ) LIMIT 20 [ RunTime:0.000285s ]
[2021-04-23T23:56:15+08:00][sql] SELECT `article_label` FROM `carver_article` [ RunTime:0.000261s ]
[2021-04-23T23:56:15+08:00][sql] SHOW FULL COLUMNS FROM `carver_carouse` [ RunTime:0.000478s ]
[2021-04-23T23:56:15+08:00][sql] SELECT `carouse_img`,`carouse_desc` FROM `carver_carouse` WHERE  `is_show` = 1 ORDER BY `carouse_sort` DESC LIMIT 3 [ RunTime:0.000305s ]
[2021-04-23T23:56:15+08:00][sql] SHOW FULL COLUMNS FROM `carver_site` [ RunTime:0.000511s ]
[2021-04-23T23:56:15+08:00][sql] SELECT * FROM `carver_site` [ RunTime:0.000307s ]
