[2021-04-29T01:13:44+08:00][sql] CONNECT:[ UseTime:0.000502s ] mysql:host=127.0.0.1;port=3306;dbname=carver;charset=utf8
[2021-04-29T01:13:44+08:00][sql] SHOW FULL COLUMNS FROM `carver_user` [ RunTime:0.000824s ]
[2021-04-29T01:13:44+08:00][sql] SHOW FULL COLUMNS FROM `carver_article` [ RunTime:0.000745s ]
[2021-04-29T01:13:44+08:00][sql] SELECT COUNT(*) AS think_count FROM `carver_article` WHERE  `delete_time` = 0  AND `is_show` = 1 [ RunTime:0.000404s ]
[2021-04-29T01:13:44+08:00][sql] SELECT `article_id`,`article_title`,`article_desc`,`article_content`,`article_img`,`article_guide`,`article_label`,`click_num`,`is_show`,`add_time`,`article_author`,`is_top_show` FROM `carver_article` WHERE  `delete_time` = 0  AND `is_show` = 1 ORDER BY `article_id` DESC LIMIT 0,6 [ RunTime:0.000645s ]
[2021-04-29T01:13:44+08:00][sql] SELECT article_id,article_title,click_num,FROM_UNIXTIME(add_time,'%Y-%m-%d') as add_time FROM `carver_article` WHERE  `is_show` = 1  AND `delete_time` = 0 ORDER BY `click_num` DESC LIMIT 3 [ RunTime:0.000500s ]
[2021-04-29T01:13:44+08:00][sql] SHOW FULL COLUMNS FROM `carver_notice` [ RunTime:0.000575s ]
[2021-04-29T01:13:44+08:00][sql] SELECT * FROM `carver_notice` ORDER BY `create_time` DESC LIMIT 3 [ RunTime:0.000279s ]
[2021-04-29T01:13:44+08:00][sql] SHOW FULL COLUMNS FROM `carver_navigation` [ RunTime:0.000739s ]
[2021-04-29T01:13:44+08:00][sql] SELECT * FROM `carver_navigation` [ RunTime:0.000263s ]
[2021-04-29T01:13:44+08:00][sql] SHOW FULL COLUMNS FROM `carver_link` [ RunTime:0.000789s ]
[2021-04-29T01:13:44+08:00][sql] SELECT * FROM `carver_link` WHERE  ( is_confirm=2 ) LIMIT 20 [ RunTime:0.000298s ]
[2021-04-29T01:13:44+08:00][sql] SELECT `article_label` FROM `carver_article` [ RunTime:0.000291s ]
[2021-04-29T01:13:44+08:00][sql] SHOW FULL COLUMNS FROM `carver_carouse` [ RunTime:0.000487s ]
[2021-04-29T01:13:44+08:00][sql] SELECT `carouse_img`,`carouse_desc` FROM `carver_carouse` WHERE  `is_show` = 1 ORDER BY `carouse_sort` DESC LIMIT 3 [ RunTime:0.000431s ]
[2021-04-29T01:13:44+08:00][sql] SHOW FULL COLUMNS FROM `carver_site` [ RunTime:0.000477s ]
[2021-04-29T01:13:44+08:00][sql] SELECT * FROM `carver_site` [ RunTime:0.000261s ]
[2021-04-29T01:38:19+08:00][sql] CONNECT:[ UseTime:0.000518s ] mysql:host=127.0.0.1;port=3306;dbname=carver;charset=utf8
[2021-04-29T01:38:19+08:00][sql] SHOW FULL COLUMNS FROM `carver_user` [ RunTime:0.000931s ]
[2021-04-29T01:38:19+08:00][sql] SHOW FULL COLUMNS FROM `carver_article` [ RunTime:0.000711s ]
[2021-04-29T01:38:19+08:00][sql] SELECT COUNT(*) AS think_count FROM `carver_article` WHERE  `delete_time` = 0  AND `is_show` = 1 [ RunTime:0.000365s ]
[2021-04-29T01:38:19+08:00][sql] SELECT `article_id`,`article_title`,`article_desc`,`article_content`,`article_img`,`article_guide`,`article_label`,`click_num`,`is_show`,`add_time`,`article_author`,`is_top_show` FROM `carver_article` WHERE  `delete_time` = 0  AND `is_show` = 1 ORDER BY `article_id` DESC LIMIT 0,6 [ RunTime:0.000601s ]
[2021-04-29T01:38:19+08:00][sql] SELECT article_id,article_title,click_num,FROM_UNIXTIME(add_time,'%Y-%m-%d') as add_time FROM `carver_article` WHERE  `is_show` = 1  AND `delete_time` = 0 ORDER BY `click_num` DESC LIMIT 3 [ RunTime:0.000447s ]
[2021-04-29T01:38:19+08:00][sql] SHOW FULL COLUMNS FROM `carver_notice` [ RunTime:0.000555s ]
[2021-04-29T01:38:19+08:00][sql] SELECT * FROM `carver_notice` ORDER BY `create_time` DESC LIMIT 3 [ RunTime:0.000268s ]
[2021-04-29T01:38:19+08:00][sql] SHOW FULL COLUMNS FROM `carver_navigation` [ RunTime:0.000595s ]
[2021-04-29T01:38:19+08:00][sql] SELECT * FROM `carver_navigation` [ RunTime:0.000317s ]
[2021-04-29T01:38:19+08:00][sql] SHOW FULL COLUMNS FROM `carver_link` [ RunTime:0.000705s ]
[2021-04-29T01:38:19+08:00][sql] SELECT * FROM `carver_link` WHERE  ( is_confirm=2 ) LIMIT 20 [ RunTime:0.000322s ]
[2021-04-29T01:38:19+08:00][sql] SELECT `article_label` FROM `carver_article` [ RunTime:0.000372s ]
[2021-04-29T01:38:19+08:00][sql] SHOW FULL COLUMNS FROM `carver_carouse` [ RunTime:0.000502s ]
[2021-04-29T01:38:19+08:00][sql] SELECT `carouse_img`,`carouse_desc` FROM `carver_carouse` WHERE  `is_show` = 1 ORDER BY `carouse_sort` DESC LIMIT 3 [ RunTime:0.000291s ]
[2021-04-29T01:38:19+08:00][sql] SHOW FULL COLUMNS FROM `carver_site` [ RunTime:0.000497s ]
[2021-04-29T01:38:19+08:00][sql] SELECT * FROM `carver_site` [ RunTime:0.000240s ]
[2021-04-29T03:48:24+08:00][sql] CONNECT:[ UseTime:0.000633s ] mysql:host=127.0.0.1;port=3306;dbname=carver;charset=utf8
[2021-04-29T03:48:24+08:00][sql] SHOW FULL COLUMNS FROM `carver_user` [ RunTime:0.000790s ]
[2021-04-29T03:48:24+08:00][sql] SHOW FULL COLUMNS FROM `carver_article` [ RunTime:0.000673s ]
[2021-04-29T03:48:24+08:00][sql] SELECT COUNT(*) AS think_count FROM `carver_article` WHERE  `delete_time` = 0  AND `is_show` = 1 [ RunTime:0.000412s ]
[2021-04-29T03:48:24+08:00][sql] SELECT `article_id`,`article_title`,`article_desc`,`article_content`,`article_img`,`article_guide`,`article_label`,`click_num`,`is_show`,`add_time`,`article_author`,`is_top_show` FROM `carver_article` WHERE  `delete_time` = 0  AND `is_show` = 1 ORDER BY `article_id` DESC LIMIT 0,6 [ RunTime:0.000632s ]
[2021-04-29T03:48:24+08:00][sql] SELECT article_id,article_title,click_num,FROM_UNIXTIME(add_time,'%Y-%m-%d') as add_time FROM `carver_article` WHERE  `is_show` = 1  AND `delete_time` = 0 ORDER BY `click_num` DESC LIMIT 3 [ RunTime:0.000439s ]
[2021-04-29T03:48:24+08:00][sql] SHOW FULL COLUMNS FROM `carver_notice` [ RunTime:0.000530s ]
[2021-04-29T03:48:24+08:00][sql] SELECT * FROM `carver_notice` ORDER BY `create_time` DESC LIMIT 3 [ RunTime:0.000292s ]
[2021-04-29T03:48:24+08:00][sql] SHOW FULL COLUMNS FROM `carver_navigation` [ RunTime:0.000674s ]
[2021-04-29T03:48:24+08:00][sql] SELECT * FROM `carver_navigation` [ RunTime:0.000237s ]
[2021-04-29T03:48:24+08:00][sql] SHOW FULL COLUMNS FROM `carver_link` [ RunTime:0.000506s ]
[2021-04-29T03:48:24+08:00][sql] SELECT * FROM `carver_link` WHERE  ( is_confirm=2 ) LIMIT 20 [ RunTime:0.000296s ]
[2021-04-29T03:48:24+08:00][sql] SELECT `article_label` FROM `carver_article` [ RunTime:0.000276s ]
[2021-04-29T03:48:24+08:00][sql] SHOW FULL COLUMNS FROM `carver_carouse` [ RunTime:0.000538s ]
[2021-04-29T03:48:24+08:00][sql] SELECT `carouse_img`,`carouse_desc` FROM `carver_carouse` WHERE  `is_show` = 1 ORDER BY `carouse_sort` DESC LIMIT 3 [ RunTime:0.000311s ]
[2021-04-29T03:48:24+08:00][sql] SHOW FULL COLUMNS FROM `carver_site` [ RunTime:0.000487s ]
[2021-04-29T03:48:24+08:00][sql] SELECT * FROM `carver_site` [ RunTime:0.000267s ]
[2021-04-29T05:07:59+08:00][sql] CONNECT:[ UseTime:0.000531s ] mysql:host=127.0.0.1;port=3306;dbname=carver;charset=utf8
[2021-04-29T05:07:59+08:00][sql] SHOW FULL COLUMNS FROM `carver_article` [ RunTime:0.000859s ]
[2021-04-29T05:07:59+08:00][sql] SELECT COUNT(*) AS think_count FROM `carver_article` WHERE  `article_guide` = 42  AND `delete_time` = 0  AND `is_show` = 1 [ RunTime:0.000404s ]
[2021-04-29T05:07:59+08:00][sql] SELECT * FROM `carver_article` WHERE  `article_guide` = 42  AND `delete_time` = 0  AND `is_show` = 1 ORDER BY `add_time` DESC LIMIT 0,6 [ RunTime:0.000399s ]
[2021-04-29T05:07:59+08:00][sql] SELECT article_id,article_title,click_num,FROM_UNIXTIME(add_time,'%Y-%m-%d') as add_time FROM `carver_article` WHERE  `is_show` = 1  AND `delete_time` = 0 ORDER BY `click_num` DESC LIMIT 3 [ RunTime:0.000445s ]
[2021-04-29T05:07:59+08:00][sql] SHOW FULL COLUMNS FROM `carver_notice` [ RunTime:0.000599s ]
[2021-04-29T05:07:59+08:00][sql] SELECT * FROM `carver_notice` ORDER BY `create_time` DESC LIMIT 3 [ RunTime:0.000291s ]
[2021-04-29T05:07:59+08:00][sql] SHOW FULL COLUMNS FROM `carver_navigation` [ RunTime:0.000575s ]
[2021-04-29T05:07:59+08:00][sql] SELECT * FROM `carver_navigation` [ RunTime:0.000292s ]
[2021-04-29T05:07:59+08:00][sql] SELECT `article_label` FROM `carver_article` [ RunTime:0.000611s ]
[2021-04-29T05:07:59+08:00][sql] SHOW FULL COLUMNS FROM `carver_carouse` [ RunTime:0.000531s ]
[2021-04-29T05:07:59+08:00][sql] SELECT `carouse_img`,`carouse_desc` FROM `carver_carouse` WHERE  `is_show` = 1 ORDER BY `carouse_sort` DESC LIMIT 3 [ RunTime:0.000305s ]
[2021-04-29T05:07:59+08:00][sql] SHOW FULL COLUMNS FROM `carver_link` [ RunTime:0.000521s ]
[2021-04-29T05:07:59+08:00][sql] SELECT * FROM `carver_link` WHERE  ( is_confirm=2 ) LIMIT 20 [ RunTime:0.000315s ]
[2021-04-29T05:07:59+08:00][sql] SHOW FULL COLUMNS FROM `carver_site` [ RunTime:0.000574s ]
[2021-04-29T05:07:59+08:00][sql] SELECT * FROM `carver_site` [ RunTime:0.000266s ]
[2021-04-29T05:57:15+08:00][sql] CONNECT:[ UseTime:0.000504s ] mysql:host=127.0.0.1;port=3306;dbname=carver;charset=utf8
[2021-04-29T05:57:15+08:00][sql] SHOW FULL COLUMNS FROM `carver_article` [ RunTime:0.000856s ]
[2021-04-29T05:57:15+08:00][sql] SELECT COUNT(*) AS think_count FROM `carver_article` WHERE  `article_guide` = 60  AND `delete_time` = 0  AND `is_show` = 1 [ RunTime:0.000419s ]
[2021-04-29T05:57:15+08:00][sql] SELECT * FROM `carver_article` WHERE  `article_guide` = 60  AND `delete_time` = 0  AND `is_show` = 1 ORDER BY `add_time` DESC LIMIT 0,6 [ RunTime:0.000391s ]
[2021-04-29T05:57:15+08:00][sql] SELECT article_id,article_title,click_num,FROM_UNIXTIME(add_time,'%Y-%m-%d') as add_time FROM `carver_article` WHERE  `is_show` = 1  AND `delete_time` = 0 ORDER BY `click_num` DESC LIMIT 3 [ RunTime:0.000405s ]
[2021-04-29T05:57:15+08:00][sql] SHOW FULL COLUMNS FROM `carver_notice` [ RunTime:0.000615s ]
[2021-04-29T05:57:15+08:00][sql] SELECT * FROM `carver_notice` ORDER BY `create_time` DESC LIMIT 3 [ RunTime:0.000280s ]
[2021-04-29T05:57:15+08:00][sql] SHOW FULL COLUMNS FROM `carver_navigation` [ RunTime:0.000579s ]
[2021-04-29T05:57:15+08:00][sql] SELECT * FROM `carver_navigation` [ RunTime:0.000289s ]
[2021-04-29T05:57:15+08:00][sql] SELECT `article_label` FROM `carver_article` [ RunTime:0.000251s ]
[2021-04-29T05:57:15+08:00][sql] SHOW FULL COLUMNS FROM `carver_carouse` [ RunTime:0.000529s ]
[2021-04-29T05:57:15+08:00][sql] SELECT `carouse_img`,`carouse_desc` FROM `carver_carouse` WHERE  `is_show` = 1 ORDER BY `carouse_sort` DESC LIMIT 3 [ RunTime:0.000295s ]
[2021-04-29T05:57:15+08:00][sql] SHOW FULL COLUMNS FROM `carver_link` [ RunTime:0.000521s ]
[2021-04-29T05:57:15+08:00][sql] SELECT * FROM `carver_link` WHERE  ( is_confirm=2 ) LIMIT 20 [ RunTime:0.000335s ]
[2021-04-29T05:57:15+08:00][sql] SHOW FULL COLUMNS FROM `carver_site` [ RunTime:0.000557s ]
[2021-04-29T05:57:15+08:00][sql] SELECT * FROM `carver_site` [ RunTime:0.000274s ]
[2021-04-29T06:59:22+08:00][sql] CONNECT:[ UseTime:0.000554s ] mysql:host=127.0.0.1;port=3306;dbname=carver;charset=utf8
[2021-04-29T06:59:22+08:00][sql] SHOW FULL COLUMNS FROM `carver_user` [ RunTime:0.000847s ]
[2021-04-29T06:59:22+08:00][sql] SHOW FULL COLUMNS FROM `carver_article` [ RunTime:0.000770s ]
[2021-04-29T06:59:22+08:00][sql] SELECT COUNT(*) AS think_count FROM `carver_article` WHERE  `delete_time` = 0  AND `is_show` = 1 [ RunTime:0.000404s ]
[2021-04-29T06:59:22+08:00][sql] SELECT `article_id`,`article_title`,`article_desc`,`article_content`,`article_img`,`article_guide`,`article_label`,`click_num`,`is_show`,`add_time`,`article_author`,`is_top_show` FROM `carver_article` WHERE  `delete_time` = 0  AND `is_show` = 1 ORDER BY `article_id` DESC LIMIT 0,6 [ RunTime:0.000679s ]
[2021-04-29T06:59:22+08:00][sql] SELECT article_id,article_title,click_num,FROM_UNIXTIME(add_time,'%Y-%m-%d') as add_time FROM `carver_article` WHERE  `is_show` = 1  AND `delete_time` = 0 ORDER BY `click_num` DESC LIMIT 3 [ RunTime:0.000677s ]
[2021-04-29T06:59:22+08:00][sql] SHOW FULL COLUMNS FROM `carver_notice` [ RunTime:0.000596s ]
[2021-04-29T06:59:22+08:00][sql] SELECT * FROM `carver_notice` ORDER BY `create_time` DESC LIMIT 3 [ RunTime:0.000294s ]
[2021-04-29T06:59:22+08:00][sql] SHOW FULL COLUMNS FROM `carver_navigation` [ RunTime:0.000566s ]
[2021-04-29T06:59:22+08:00][sql] SELECT * FROM `carver_navigation` [ RunTime:0.000253s ]
[2021-04-29T06:59:22+08:00][sql] SHOW FULL COLUMNS FROM `carver_link` [ RunTime:0.000504s ]
[2021-04-29T06:59:22+08:00][sql] SELECT * FROM `carver_link` WHERE  ( is_confirm=2 ) LIMIT 20 [ RunTime:0.000341s ]
[2021-04-29T06:59:22+08:00][sql] SELECT `article_label` FROM `carver_article` [ RunTime:0.000295s ]
[2021-04-29T06:59:22+08:00][sql] SHOW FULL COLUMNS FROM `carver_carouse` [ RunTime:0.000512s ]
[2021-04-29T06:59:22+08:00][sql] SELECT `carouse_img`,`carouse_desc` FROM `carver_carouse` WHERE  `is_show` = 1 ORDER BY `carouse_sort` DESC LIMIT 3 [ RunTime:0.000330s ]
[2021-04-29T06:59:22+08:00][sql] SHOW FULL COLUMNS FROM `carver_site` [ RunTime:0.000546s ]
[2021-04-29T06:59:22+08:00][sql] SELECT * FROM `carver_site` [ RunTime:0.000251s ]
[2021-04-29T07:25:07+08:00][sql] CONNECT:[ UseTime:0.000498s ] mysql:host=127.0.0.1;port=3306;dbname=carver;charset=utf8
[2021-04-29T07:25:07+08:00][sql] SHOW FULL COLUMNS FROM `carver_article` [ RunTime:0.000896s ]
[2021-04-29T07:25:07+08:00][sql] SELECT `article_id`,`article_title`,`article_desc`,`article_content`,`article_img`,`article_guide`,`article_label`,`click_num`,`is_show`,`add_time`,`article_author` FROM `carver_article` WHERE  `article_id` = 6 LIMIT 1 [ RunTime:0.000479s ]
[2021-04-29T07:25:07+08:00][sql] SELECT `article_id`,`article_title`,`article_desc`,`article_content`,`article_img`,`article_guide`,`article_label`,`click_num`,`is_show`,`add_time`,`article_author` FROM `carver_article` WHERE  `article_id` > 6 LIMIT 1 [ RunTime:0.000728s ]
[2021-04-29T07:25:07+08:00][sql] SELECT `article_id`,`article_title`,`article_desc`,`article_content`,`article_img`,`article_guide`,`article_label`,`click_num`,`is_show`,`add_time`,`article_author` FROM `carver_article` WHERE  `article_id` < 6 ORDER BY `article_id` DESC LIMIT 1 [ RunTime:0.000377s ]
[2021-04-29T07:25:07+08:00][sql] SHOW FULL COLUMNS FROM `carver_link` [ RunTime:0.000562s ]
[2021-04-29T07:25:07+08:00][sql] SELECT * FROM `carver_link` WHERE  ( is_confirm=2 ) LIMIT 20 [ RunTime:0.000342s ]
[2021-04-29T07:25:07+08:00][sql] SELECT article_id,article_title,click_num,FROM_UNIXTIME(add_time,'%Y-%m-%d') as add_time FROM `carver_article` ORDER BY `click_num` DESC LIMIT 3 [ RunTime:0.000361s ]
[2021-04-29T07:25:07+08:00][sql] SHOW FULL COLUMNS FROM `carver_comment` [ RunTime:0.000602s ]
[2021-04-29T07:25:07+08:00][sql] SELECT `a`.*,`b`.`user_name` FROM `carver_comment` `a` INNER JOIN `carver_user` `b` ON `a`.`user_id`=`b`.`user_id` WHERE  `article_id` = 6 ORDER BY `create_time` DESC [ RunTime:0.000379s ]
[2021-04-29T07:25:07+08:00][sql] SHOW FULL COLUMNS FROM `carver_comment_to_others` [ RunTime:0.000537s ]
[2021-04-29T07:25:07+08:00][sql] SELECT * FROM `carver_comment_to_others` [ RunTime:0.000259s ]
[2021-04-29T07:25:07+08:00][sql] SHOW FULL COLUMNS FROM `carver_user` [ RunTime:0.000442s ]
[2021-04-29T07:25:07+08:00][sql] SELECT `user_name` FROM `carver_user` WHERE  `user_id` = 4 LIMIT 1 [ RunTime:0.000270s ]
[2021-04-29T07:25:07+08:00][sql] SELECT `user_name` FROM `carver_user` WHERE  `user_id` = 4 LIMIT 1 [ RunTime:0.000216s ]
[2021-04-29T07:25:07+08:00][sql] SELECT `user_name` FROM `carver_user` WHERE  `user_id` = 5 LIMIT 1 [ RunTime:0.000216s ]
[2021-04-29T07:25:07+08:00][sql] SELECT `user_name` FROM `carver_user` WHERE  `user_id` = 5 LIMIT 1 [ RunTime:0.000261s ]
[2021-04-29T07:25:07+08:00][sql] SELECT `user_name`,`user_id` FROM `carver_user` [ RunTime:0.000228s ]
[2021-04-29T07:25:07+08:00][sql] SHOW FULL COLUMNS FROM `carver_navigation` [ RunTime:0.000502s ]
[2021-04-29T07:25:07+08:00][sql] SELECT * FROM `carver_navigation` [ RunTime:0.000252s ]
[2021-04-29T07:25:07+08:00][sql] SELECT `article_label` FROM `carver_article` [ RunTime:0.000321s ]
[2021-04-29T14:19:47+08:00][sql] CONNECT:[ UseTime:0.000554s ] mysql:host=127.0.0.1;port=3306;dbname=carver;charset=utf8
[2021-04-29T14:19:47+08:00][sql] SHOW FULL COLUMNS FROM `carver_user` [ RunTime:0.000941s ]
[2021-04-29T14:19:47+08:00][sql] SHOW FULL COLUMNS FROM `carver_article` [ RunTime:0.000822s ]
[2021-04-29T14:19:47+08:00][sql] SELECT COUNT(*) AS think_count FROM `carver_article` WHERE  `delete_time` = 0  AND `is_show` = 1 [ RunTime:0.000447s ]
[2021-04-29T14:19:47+08:00][sql] SELECT `article_id`,`article_title`,`article_desc`,`article_content`,`article_img`,`article_guide`,`article_label`,`click_num`,`is_show`,`add_time`,`article_author`,`is_top_show` FROM `carver_article` WHERE  `delete_time` = 0  AND `is_show` = 1 ORDER BY `article_id` DESC LIMIT 0,6 [ RunTime:0.000850s ]
[2021-04-29T14:19:47+08:00][sql] SELECT article_id,article_title,click_num,FROM_UNIXTIME(add_time,'%Y-%m-%d') as add_time FROM `carver_article` WHERE  `is_show` = 1  AND `delete_time` = 0 ORDER BY `click_num` DESC LIMIT 3 [ RunTime:0.000774s ]
[2021-04-29T14:19:47+08:00][sql] SHOW FULL COLUMNS FROM `carver_notice` [ RunTime:0.000715s ]
[2021-04-29T14:19:47+08:00][sql] SELECT * FROM `carver_notice` ORDER BY `create_time` DESC LIMIT 3 [ RunTime:0.000322s ]
[2021-04-29T14:19:47+08:00][sql] SHOW FULL COLUMNS FROM `carver_navigation` [ RunTime:0.000578s ]
[2021-04-29T14:19:47+08:00][sql] SELECT * FROM `carver_navigation` [ RunTime:0.000264s ]
[2021-04-29T14:19:47+08:00][sql] SHOW FULL COLUMNS FROM `carver_link` [ RunTime:0.000564s ]
[2021-04-29T14:19:47+08:00][sql] SELECT * FROM `carver_link` WHERE  ( is_confirm=2 ) LIMIT 20 [ RunTime:0.000351s ]
[2021-04-29T14:19:47+08:00][sql] SELECT `article_label` FROM `carver_article` [ RunTime:0.000305s ]
[2021-04-29T14:19:47+08:00][sql] SHOW FULL COLUMNS FROM `carver_carouse` [ RunTime:0.000590s ]
[2021-04-29T14:19:47+08:00][sql] SELECT `carouse_img`,`carouse_desc` FROM `carver_carouse` WHERE  `is_show` = 1 ORDER BY `carouse_sort` DESC LIMIT 3 [ RunTime:0.000344s ]
[2021-04-29T14:19:47+08:00][sql] SHOW FULL COLUMNS FROM `carver_site` [ RunTime:0.000639s ]
[2021-04-29T14:19:47+08:00][sql] SELECT * FROM `carver_site` [ RunTime:0.000255s ]
[2021-04-29T15:33:24+08:00][sql] CONNECT:[ UseTime:0.000536s ] mysql:host=127.0.0.1;port=3306;dbname=carver;charset=utf8
[2021-04-29T15:33:24+08:00][sql] SHOW FULL COLUMNS FROM `carver_article` [ RunTime:0.000876s ]
[2021-04-29T15:33:24+08:00][sql] SELECT `article_id`,`article_title`,`article_desc`,`article_content`,`article_img`,`article_guide`,`article_label`,`click_num`,`is_show`,`add_time`,`article_author` FROM `carver_article` WHERE  `article_id` = 8 LIMIT 1 [ RunTime:0.000488s ]
[2021-04-29T15:33:24+08:00][sql] SELECT `article_id`,`article_title`,`article_desc`,`article_content`,`article_img`,`article_guide`,`article_label`,`click_num`,`is_show`,`add_time`,`article_author` FROM `carver_article` WHERE  `article_id` > 8 LIMIT 1 [ RunTime:0.000669s ]
[2021-04-29T15:33:24+08:00][sql] SELECT `article_id`,`article_title`,`article_desc`,`article_content`,`article_img`,`article_guide`,`article_label`,`click_num`,`is_show`,`add_time`,`article_author` FROM `carver_article` WHERE  `article_id` < 8 ORDER BY `article_id` DESC LIMIT 1 [ RunTime:0.000668s ]
[2021-04-29T15:33:24+08:00][sql] SHOW FULL COLUMNS FROM `carver_link` [ RunTime:0.000613s ]
[2021-04-29T15:33:24+08:00][sql] SELECT * FROM `carver_link` WHERE  ( is_confirm=2 ) LIMIT 20 [ RunTime:0.000318s ]
[2021-04-29T15:33:24+08:00][sql] SELECT article_id,article_title,click_num,FROM_UNIXTIME(add_time,'%Y-%m-%d') as add_time FROM `carver_article` ORDER BY `click_num` DESC LIMIT 3 [ RunTime:0.000381s ]
[2021-04-29T15:33:24+08:00][sql] SHOW FULL COLUMNS FROM `carver_comment` [ RunTime:0.000569s ]
[2021-04-29T15:33:24+08:00][sql] SELECT `a`.*,`b`.`user_name` FROM `carver_comment` `a` INNER JOIN `carver_user` `b` ON `a`.`user_id`=`b`.`user_id` WHERE  `article_id` = 8 ORDER BY `create_time` DESC [ RunTime:0.000399s ]
[2021-04-29T15:33:24+08:00][sql] SHOW FULL COLUMNS FROM `carver_comment_to_others` [ RunTime:0.000523s ]
[2021-04-29T15:33:24+08:00][sql] SELECT * FROM `carver_comment_to_others` [ RunTime:0.000255s ]
[2021-04-29T15:33:24+08:00][sql] SHOW FULL COLUMNS FROM `carver_user` [ RunTime:0.000478s ]
[2021-04-29T15:33:24+08:00][sql] SELECT `user_name` FROM `carver_user` WHERE  `user_id` = 4 LIMIT 1 [ RunTime:0.000257s ]
[2021-04-29T15:33:24+08:00][sql] SELECT `user_name` FROM `carver_user` WHERE  `user_id` = 4 LIMIT 1 [ RunTime:0.000213s ]
[2021-04-29T15:33:24+08:00][sql] SELECT `user_name` FROM `carver_user` WHERE  `user_id` = 5 LIMIT 1 [ RunTime:0.000236s ]
[2021-04-29T15:33:24+08:00][sql] SELECT `user_name` FROM `carver_user` WHERE  `user_id` = 5 LIMIT 1 [ RunTime:0.000233s ]
[2021-04-29T15:33:24+08:00][sql] SELECT `user_name`,`user_id` FROM `carver_user` [ RunTime:0.000330s ]
[2021-04-29T15:33:24+08:00][sql] SHOW FULL COLUMNS FROM `carver_navigation` [ RunTime:0.000560s ]
[2021-04-29T15:33:24+08:00][sql] SELECT * FROM `carver_navigation` [ RunTime:0.000321s ]
[2021-04-29T15:33:24+08:00][sql] SELECT `article_label` FROM `carver_article` [ RunTime:0.000306s ]
[2021-04-29T17:06:29+08:00][sql] CONNECT:[ UseTime:0.000612s ] mysql:host=127.0.0.1;port=3306;dbname=carver;charset=utf8
[2021-04-29T17:06:29+08:00][sql] SHOW FULL COLUMNS FROM `carver_article` [ RunTime:0.000996s ]
[2021-04-29T17:06:29+08:00][sql] SELECT COUNT(*) AS think_count FROM `carver_article` WHERE  `article_label` LIKE '%c  %'  AND `delete_time` = 0  AND `is_show` = 1 [ RunTime:0.000447s ]
[2021-04-29T17:06:29+08:00][sql] SELECT * FROM `carver_article` WHERE  `article_label` LIKE '%c  %'  AND `delete_time` = 0  AND `is_show` = 1 LIMIT 0,6 [ RunTime:0.001017s ]
[2021-04-29T17:06:29+08:00][sql] SELECT article_id,article_title,click_num,FROM_UNIXTIME(add_time,'%Y-%m-%d') as add_time FROM `carver_article` WHERE  `is_show` = 1  AND `delete_time` = 0 ORDER BY `click_num` DESC LIMIT 3 [ RunTime:0.000639s ]
[2021-04-29T17:06:29+08:00][sql] SHOW FULL COLUMNS FROM `carver_notice` [ RunTime:0.000715s ]
[2021-04-29T17:06:29+08:00][sql] SELECT * FROM `carver_notice` ORDER BY `create_time` DESC LIMIT 3 [ RunTime:0.000343s ]
[2021-04-29T17:06:29+08:00][sql] SHOW FULL COLUMNS FROM `carver_navigation` [ RunTime:0.000600s ]
[2021-04-29T17:06:29+08:00][sql] SELECT * FROM `carver_navigation` [ RunTime:0.000335s ]
[2021-04-29T17:06:29+08:00][sql] SHOW FULL COLUMNS FROM `carver_link` [ RunTime:0.000674s ]
[2021-04-29T17:06:29+08:00][sql] SELECT * FROM `carver_link` WHERE  ( is_confirm=2 ) LIMIT 20 [ RunTime:0.000396s ]
[2021-04-29T17:06:29+08:00][sql] SELECT `article_label` FROM `carver_article` [ RunTime:0.000287s ]
[2021-04-29T17:06:29+08:00][sql] SHOW FULL COLUMNS FROM `carver_carouse` [ RunTime:0.000605s ]
[2021-04-29T17:06:29+08:00][sql] SELECT `carouse_img`,`carouse_desc` FROM `carver_carouse` WHERE  `is_show` = 1 ORDER BY `carouse_sort` DESC LIMIT 3 [ RunTime:0.000383s ]
[2021-04-29T17:06:29+08:00][sql] SHOW FULL COLUMNS FROM `carver_site` [ RunTime:0.000564s ]
[2021-04-29T17:06:29+08:00][sql] SELECT * FROM `carver_site` [ RunTime:0.000309s ]
[2021-04-29T17:39:04+08:00][sql] CONNECT:[ UseTime:0.000497s ] mysql:host=127.0.0.1;port=3306;dbname=carver;charset=utf8
[2021-04-29T17:39:04+08:00][sql] SHOW FULL COLUMNS FROM `carver_article` [ RunTime:0.000859s ]
[2021-04-29T17:39:04+08:00][sql] SELECT `article_id`,`article_title`,`article_desc`,`article_content`,`article_img`,`article_guide`,`article_label`,`click_num`,`is_show`,`add_time`,`article_author` FROM `carver_article` WHERE  `article_id` = 21 LIMIT 1 [ RunTime:0.000457s ]
[2021-04-29T17:39:04+08:00][sql] SELECT `article_id`,`article_title`,`article_desc`,`article_content`,`article_img`,`article_guide`,`article_label`,`click_num`,`is_show`,`add_time`,`article_author` FROM `carver_article` WHERE  `article_id` > 21 LIMIT 1 [ RunTime:0.000426s ]
[2021-04-29T17:39:04+08:00][sql] SELECT `article_id`,`article_title`,`article_desc`,`article_content`,`article_img`,`article_guide`,`article_label`,`click_num`,`is_show`,`add_time`,`article_author` FROM `carver_article` WHERE  `article_id` < 21 ORDER BY `article_id` DESC LIMIT 1 [ RunTime:0.000470s ]
[2021-04-29T17:39:04+08:00][sql] SHOW FULL COLUMNS FROM `carver_link` [ RunTime:0.000504s ]
[2021-04-29T17:39:04+08:00][sql] SELECT * FROM `carver_link` WHERE  ( is_confirm=2 ) LIMIT 20 [ RunTime:0.000304s ]
[2021-04-29T17:39:04+08:00][sql] SELECT article_id,article_title,click_num,FROM_UNIXTIME(add_time,'%Y-%m-%d') as add_time FROM `carver_article` ORDER BY `click_num` DESC LIMIT 3 [ RunTime:0.000330s ]
[2021-04-29T17:39:04+08:00][sql] SHOW FULL COLUMNS FROM `carver_comment` [ RunTime:0.000533s ]
[2021-04-29T17:39:04+08:00][sql] SELECT `a`.*,`b`.`user_name` FROM `carver_comment` `a` INNER JOIN `carver_user` `b` ON `a`.`user_id`=`b`.`user_id` WHERE  `article_id` = 21 ORDER BY `create_time` DESC [ RunTime:0.000358s ]
[2021-04-29T17:39:04+08:00][sql] SHOW FULL COLUMNS FROM `carver_comment_to_others` [ RunTime:0.000509s ]
[2021-04-29T17:39:04+08:00][sql] SELECT * FROM `carver_comment_to_others` [ RunTime:0.000234s ]
[2021-04-29T17:39:04+08:00][sql] SHOW FULL COLUMNS FROM `carver_user` [ RunTime:0.000467s ]
[2021-04-29T17:39:04+08:00][sql] SELECT `user_name` FROM `carver_user` WHERE  `user_id` = 4 LIMIT 1 [ RunTime:0.000242s ]
[2021-04-29T17:39:04+08:00][sql] SELECT `user_name` FROM `carver_user` WHERE  `user_id` = 4 LIMIT 1 [ RunTime:0.000209s ]
[2021-04-29T17:39:04+08:00][sql] SELECT `user_name` FROM `carver_user` WHERE  `user_id` = 5 LIMIT 1 [ RunTime:0.000216s ]
[2021-04-29T17:39:04+08:00][sql] SELECT `user_name` FROM `carver_user` WHERE  `user_id` = 5 LIMIT 1 [ RunTime:0.000218s ]
[2021-04-29T17:39:04+08:00][sql] SELECT `user_name`,`user_id` FROM `carver_user` [ RunTime:0.000241s ]
[2021-04-29T17:39:04+08:00][sql] SHOW FULL COLUMNS FROM `carver_navigation` [ RunTime:0.000476s ]
[2021-04-29T17:39:04+08:00][sql] SELECT * FROM `carver_navigation` [ RunTime:0.000249s ]
[2021-04-29T17:39:04+08:00][sql] SELECT `article_label` FROM `carver_article` [ RunTime:0.000259s ]
[2021-04-29T18:16:51+08:00][sql] CONNECT:[ UseTime:0.011730s ] mysql:host=127.0.0.1;port=3306;dbname=carver;charset=utf8
[2021-04-29T18:16:51+08:00][sql] SHOW FULL COLUMNS FROM `carver_user` [ RunTime:0.000880s ]
[2021-04-29T18:16:51+08:00][sql] SHOW FULL COLUMNS FROM `carver_article` [ RunTime:0.000857s ]
[2021-04-29T18:16:51+08:00][sql] SELECT COUNT(*) AS think_count FROM `carver_article` WHERE  `delete_time` = 0  AND `is_show` = 1 [ RunTime:0.000441s ]
[2021-04-29T18:16:51+08:00][sql] SELECT `article_id`,`article_title`,`article_desc`,`article_content`,`article_img`,`article_guide`,`article_label`,`click_num`,`is_show`,`add_time`,`article_author`,`is_top_show` FROM `carver_article` WHERE  `delete_time` = 0  AND `is_show` = 1 ORDER BY `article_id` DESC LIMIT 6,6 [ RunTime:0.002507s ]
[2021-04-29T18:16:51+08:00][sql] SELECT article_id,article_title,click_num,FROM_UNIXTIME(add_time,'%Y-%m-%d') as add_time FROM `carver_article` WHERE  `is_show` = 1  AND `delete_time` = 0 ORDER BY `click_num` DESC LIMIT 3 [ RunTime:0.000727s ]
[2021-04-29T18:16:51+08:00][sql] SHOW FULL COLUMNS FROM `carver_notice` [ RunTime:0.000633s ]
[2021-04-29T18:16:51+08:00][sql] SELECT * FROM `carver_notice` ORDER BY `create_time` DESC LIMIT 3 [ RunTime:0.000334s ]
[2021-04-29T18:16:51+08:00][sql] SHOW FULL COLUMNS FROM `carver_navigation` [ RunTime:0.000531s ]
[2021-04-29T18:16:51+08:00][sql] SELECT * FROM `carver_navigation` [ RunTime:0.011001s ]
[2021-04-29T18:16:51+08:00][sql] SHOW FULL COLUMNS FROM `carver_link` [ RunTime:0.000769s ]
[2021-04-29T18:16:51+08:00][sql] SELECT * FROM `carver_link` WHERE  ( is_confirm=2 ) LIMIT 20 [ RunTime:0.000344s ]
[2021-04-29T18:16:51+08:00][sql] SELECT `article_label` FROM `carver_article` [ RunTime:0.000313s ]
[2021-04-29T18:16:51+08:00][sql] SHOW FULL COLUMNS FROM `carver_carouse` [ RunTime:0.000572s ]
[2021-04-29T18:16:51+08:00][sql] SELECT `carouse_img`,`carouse_desc` FROM `carver_carouse` WHERE  `is_show` = 1 ORDER BY `carouse_sort` DESC LIMIT 3 [ RunTime:0.000333s ]
[2021-04-29T18:16:51+08:00][sql] SHOW FULL COLUMNS FROM `carver_site` [ RunTime:0.000533s ]
[2021-04-29T18:16:51+08:00][sql] SELECT * FROM `carver_site` [ RunTime:0.000261s ]
[2021-04-29T18:20:11+08:00][sql] CONNECT:[ UseTime:0.011283s ] mysql:host=127.0.0.1;port=3306;dbname=carver;charset=utf8
[2021-04-29T18:20:11+08:00][sql] SHOW FULL COLUMNS FROM `carver_article` [ RunTime:0.000997s ]
[2021-04-29T18:20:11+08:00][sql] SELECT `article_id`,`article_title`,`article_desc`,`article_content`,`article_img`,`article_guide`,`article_label`,`click_num`,`is_show`,`add_time`,`article_author` FROM `carver_article` WHERE  `article_id` = 19 LIMIT 1 [ RunTime:0.002248s ]
[2021-04-29T18:20:11+08:00][sql] SELECT `article_id`,`article_title`,`article_desc`,`article_content`,`article_img`,`article_guide`,`article_label`,`click_num`,`is_show`,`add_time`,`article_author` FROM `carver_article` WHERE  `article_id` > 19 LIMIT 1 [ RunTime:0.000682s ]
[2021-04-29T18:20:11+08:00][sql] SELECT `article_id`,`article_title`,`article_desc`,`article_content`,`article_img`,`article_guide`,`article_label`,`click_num`,`is_show`,`add_time`,`article_author` FROM `carver_article` WHERE  `article_id` < 19 ORDER BY `article_id` DESC LIMIT 1 [ RunTime:0.000421s ]
[2021-04-29T18:20:11+08:00][sql] SHOW FULL COLUMNS FROM `carver_link` [ RunTime:0.000590s ]
[2021-04-29T18:20:11+08:00][sql] SELECT * FROM `carver_link` WHERE  ( is_confirm=2 ) LIMIT 20 [ RunTime:0.000314s ]
[2021-04-29T18:20:11+08:00][sql] SELECT article_id,article_title,click_num,FROM_UNIXTIME(add_time,'%Y-%m-%d') as add_time FROM `carver_article` ORDER BY `click_num` DESC LIMIT 3 [ RunTime:0.000371s ]
[2021-04-29T18:20:11+08:00][sql] SHOW FULL COLUMNS FROM `carver_comment` [ RunTime:0.000543s ]
[2021-04-29T18:20:11+08:00][sql] SELECT `a`.*,`b`.`user_name` FROM `carver_comment` `a` INNER JOIN `carver_user` `b` ON `a`.`user_id`=`b`.`user_id` WHERE  `article_id` = 19 ORDER BY `create_time` DESC [ RunTime:0.000341s ]
[2021-04-29T18:20:11+08:00][sql] SHOW FULL COLUMNS FROM `carver_comment_to_others` [ RunTime:0.011779s ]
[2021-04-29T18:20:11+08:00][sql] SELECT * FROM `carver_comment_to_others` [ RunTime:0.000861s ]
[2021-04-29T18:20:11+08:00][sql] SHOW FULL COLUMNS FROM `carver_user` [ RunTime:0.001111s ]
[2021-04-29T18:20:11+08:00][sql] SELECT `user_name` FROM `carver_user` WHERE  `user_id` = 4 LIMIT 1 [ RunTime:0.000301s ]
[2021-04-29T18:20:11+08:00][sql] SELECT `user_name` FROM `carver_user` WHERE  `user_id` = 4 LIMIT 1 [ RunTime:0.000263s ]
[2021-04-29T18:20:11+08:00][sql] SELECT `user_name` FROM `carver_user` WHERE  `user_id` = 5 LIMIT 1 [ RunTime:0.000250s ]
[2021-04-29T18:20:11+08:00][sql] SELECT `user_name` FROM `carver_user` WHERE  `user_id` = 5 LIMIT 1 [ RunTime:0.000239s ]
[2021-04-29T18:20:11+08:00][sql] SELECT `user_name`,`user_id` FROM `carver_user` [ RunTime:0.000246s ]
[2021-04-29T18:20:11+08:00][sql] SHOW FULL COLUMNS FROM `carver_navigation` [ RunTime:0.000567s ]
[2021-04-29T18:20:11+08:00][sql] SELECT * FROM `carver_navigation` [ RunTime:0.000257s ]
[2021-04-29T18:20:11+08:00][sql] SELECT `article_label` FROM `carver_article` [ RunTime:0.000373s ]
[2021-04-29T19:40:29+08:00][sql] CONNECT:[ UseTime:0.000541s ] mysql:host=127.0.0.1;port=3306;dbname=carver;charset=utf8
[2021-04-29T19:40:29+08:00][sql] SHOW FULL COLUMNS FROM `carver_user` [ RunTime:0.000927s ]
[2021-04-29T19:40:29+08:00][sql] SHOW FULL COLUMNS FROM `carver_article` [ RunTime:0.000744s ]
[2021-04-29T19:40:29+08:00][sql] SELECT COUNT(*) AS think_count FROM `carver_article` WHERE  `delete_time` = 0  AND `is_show` = 1 [ RunTime:0.000453s ]
[2021-04-29T19:40:29+08:00][sql] SELECT `article_id`,`article_title`,`article_desc`,`article_content`,`article_img`,`article_guide`,`article_label`,`click_num`,`is_show`,`add_time`,`article_author`,`is_top_show` FROM `carver_article` WHERE  `delete_time` = 0  AND `is_show` = 1 ORDER BY `article_id` DESC LIMIT 0,6 [ RunTime:0.000684s ]
[2021-04-29T19:40:29+08:00][sql] SELECT article_id,article_title,click_num,FROM_UNIXTIME(add_time,'%Y-%m-%d') as add_time FROM `carver_article` WHERE  `is_show` = 1  AND `delete_time` = 0 ORDER BY `click_num` DESC LIMIT 3 [ RunTime:0.000479s ]
[2021-04-29T19:40:29+08:00][sql] SHOW FULL COLUMNS FROM `carver_notice` [ RunTime:0.000589s ]
[2021-04-29T19:40:29+08:00][sql] SELECT * FROM `carver_notice` ORDER BY `create_time` DESC LIMIT 3 [ RunTime:0.000306s ]
[2021-04-29T19:40:29+08:00][sql] SHOW FULL COLUMNS FROM `carver_navigation` [ RunTime:0.000529s ]
[2021-04-29T19:40:29+08:00][sql] SELECT * FROM `carver_navigation` [ RunTime:0.000294s ]
[2021-04-29T19:40:29+08:00][sql] SHOW FULL COLUMNS FROM `carver_link` [ RunTime:0.000537s ]
[2021-04-29T19:40:29+08:00][sql] SELECT * FROM `carver_link` WHERE  ( is_confirm=2 ) LIMIT 20 [ RunTime:0.000321s ]
[2021-04-29T19:40:29+08:00][sql] SELECT `article_label` FROM `carver_article` [ RunTime:0.000254s ]
[2021-04-29T19:40:29+08:00][sql] SHOW FULL COLUMNS FROM `carver_carouse` [ RunTime:0.000572s ]
[2021-04-29T19:40:29+08:00][sql] SELECT `carouse_img`,`carouse_desc` FROM `carver_carouse` WHERE  `is_show` = 1 ORDER BY `carouse_sort` DESC LIMIT 3 [ RunTime:0.000319s ]
[2021-04-29T19:40:29+08:00][sql] SHOW FULL COLUMNS FROM `carver_site` [ RunTime:0.000510s ]
[2021-04-29T19:40:29+08:00][sql] SELECT * FROM `carver_site` [ RunTime:0.000271s ]
[2021-04-29T19:52:33+08:00][sql] CONNECT:[ UseTime:0.000583s ] mysql:host=127.0.0.1;port=3306;dbname=carver;charset=utf8
[2021-04-29T19:52:33+08:00][sql] SHOW FULL COLUMNS FROM `carver_article` [ RunTime:0.000886s ]
[2021-04-29T19:52:33+08:00][sql] SELECT `article_id`,`article_title`,`article_desc`,`article_content`,`article_img`,`article_guide`,`article_label`,`click_num`,`is_show`,`add_time`,`article_author` FROM `carver_article` WHERE  `article_id` = 13 LIMIT 1 [ RunTime:0.000458s ]
[2021-04-29T19:52:33+08:00][sql] SELECT `article_id`,`article_title`,`article_desc`,`article_content`,`article_img`,`article_guide`,`article_label`,`click_num`,`is_show`,`add_time`,`article_author` FROM `carver_article` WHERE  `article_id` > 13 LIMIT 1 [ RunTime:0.000408s ]
[2021-04-29T19:52:33+08:00][sql] SELECT `article_id`,`article_title`,`article_desc`,`article_content`,`article_img`,`article_guide`,`article_label`,`click_num`,`is_show`,`add_time`,`article_author` FROM `carver_article` WHERE  `article_id` < 13 ORDER BY `article_id` DESC LIMIT 1 [ RunTime:0.000410s ]
[2021-04-29T19:52:33+08:00][sql] SHOW FULL COLUMNS FROM `carver_link` [ RunTime:0.000672s ]
[2021-04-29T19:52:33+08:00][sql] SELECT * FROM `carver_link` WHERE  ( is_confirm=2 ) LIMIT 20 [ RunTime:0.000308s ]
[2021-04-29T19:52:33+08:00][sql] SELECT article_id,article_title,click_num,FROM_UNIXTIME(add_time,'%Y-%m-%d') as add_time FROM `carver_article` ORDER BY `click_num` DESC LIMIT 3 [ RunTime:0.000383s ]
[2021-04-29T19:52:33+08:00][sql] SHOW FULL COLUMNS FROM `carver_comment` [ RunTime:0.000581s ]
[2021-04-29T19:52:33+08:00][sql] SELECT `a`.*,`b`.`user_name` FROM `carver_comment` `a` INNER JOIN `carver_user` `b` ON `a`.`user_id`=`b`.`user_id` WHERE  `article_id` = 13 ORDER BY `create_time` DESC [ RunTime:0.000462s ]
[2021-04-29T19:52:33+08:00][sql] SHOW FULL COLUMNS FROM `carver_comment_to_others` [ RunTime:0.000562s ]
[2021-04-29T19:52:33+08:00][sql] SELECT * FROM `carver_comment_to_others` [ RunTime:0.000252s ]
[2021-04-29T19:52:33+08:00][sql] SHOW FULL COLUMNS FROM `carver_user` [ RunTime:0.000442s ]
[2021-04-29T19:52:33+08:00][sql] SELECT `user_name` FROM `carver_user` WHERE  `user_id` = 4 LIMIT 1 [ RunTime:0.000264s ]
[2021-04-29T19:52:33+08:00][sql] SELECT `user_name` FROM `carver_user` WHERE  `user_id` = 4 LIMIT 1 [ RunTime:0.000242s ]
[2021-04-29T19:52:33+08:00][sql] SELECT `user_name` FROM `carver_user` WHERE  `user_id` = 5 LIMIT 1 [ RunTime:0.000221s ]
[2021-04-29T19:52:33+08:00][sql] SELECT `user_name` FROM `carver_user` WHERE  `user_id` = 5 LIMIT 1 [ RunTime:0.000213s ]
[2021-04-29T19:52:33+08:00][sql] SELECT `user_name`,`user_id` FROM `carver_user` [ RunTime:0.000273s ]
[2021-04-29T19:52:33+08:00][sql] SHOW FULL COLUMNS FROM `carver_navigation` [ RunTime:0.000522s ]
[2021-04-29T19:52:33+08:00][sql] SELECT * FROM `carver_navigation` [ RunTime:0.000287s ]
[2021-04-29T19:52:33+08:00][sql] SELECT `article_label` FROM `carver_article` [ RunTime:0.000287s ]
[2021-04-29T20:19:06+08:00][sql] CONNECT:[ UseTime:0.000556s ] mysql:host=127.0.0.1;port=3306;dbname=carver;charset=utf8
[2021-04-29T20:19:06+08:00][sql] SHOW FULL COLUMNS FROM `carver_article` [ RunTime:0.000877s ]
[2021-04-29T20:19:06+08:00][sql] SELECT COUNT(*) AS think_count FROM `carver_article` WHERE  `article_label` LIKE '%javascript%'  AND `delete_time` = 0  AND `is_show` = 1 [ RunTime:0.000421s ]
[2021-04-29T20:19:06+08:00][sql] SELECT * FROM `carver_article` WHERE  `article_label` LIKE '%javascript%'  AND `delete_time` = 0  AND `is_show` = 1 LIMIT 0,6 [ RunTime:0.000966s ]
[2021-04-29T20:19:06+08:00][sql] SELECT article_id,article_title,click_num,FROM_UNIXTIME(add_time,'%Y-%m-%d') as add_time FROM `carver_article` WHERE  `is_show` = 1  AND `delete_time` = 0 ORDER BY `click_num` DESC LIMIT 3 [ RunTime:0.000489s ]
[2021-04-29T20:19:06+08:00][sql] SHOW FULL COLUMNS FROM `carver_notice` [ RunTime:0.000622s ]
[2021-04-29T20:19:06+08:00][sql] SELECT * FROM `carver_notice` ORDER BY `create_time` DESC LIMIT 3 [ RunTime:0.000299s ]
[2021-04-29T20:19:06+08:00][sql] SHOW FULL COLUMNS FROM `carver_navigation` [ RunTime:0.000535s ]
[2021-04-29T20:19:06+08:00][sql] SELECT * FROM `carver_navigation` [ RunTime:0.000280s ]
[2021-04-29T20:19:06+08:00][sql] SHOW FULL COLUMNS FROM `carver_link` [ RunTime:0.000555s ]
[2021-04-29T20:19:06+08:00][sql] SELECT * FROM `carver_link` WHERE  ( is_confirm=2 ) LIMIT 20 [ RunTime:0.000280s ]
[2021-04-29T20:19:06+08:00][sql] SELECT `article_label` FROM `carver_article` [ RunTime:0.000263s ]
[2021-04-29T20:19:06+08:00][sql] SHOW FULL COLUMNS FROM `carver_carouse` [ RunTime:0.000559s ]
[2021-04-29T20:19:06+08:00][sql] SELECT `carouse_img`,`carouse_desc` FROM `carver_carouse` WHERE  `is_show` = 1 ORDER BY `carouse_sort` DESC LIMIT 3 [ RunTime:0.000314s ]
[2021-04-29T20:19:06+08:00][sql] SHOW FULL COLUMNS FROM `carver_site` [ RunTime:0.000649s ]
[2021-04-29T20:19:06+08:00][sql] SELECT * FROM `carver_site` [ RunTime:0.000245s ]
[2021-04-29T20:23:29+08:00][sql] CONNECT:[ UseTime:0.000613s ] mysql:host=127.0.0.1;port=3306;dbname=carver;charset=utf8
[2021-04-29T20:23:29+08:00][sql] SHOW FULL COLUMNS FROM `carver_user` [ RunTime:0.000807s ]
[2021-04-29T20:23:29+08:00][sql] SHOW FULL COLUMNS FROM `carver_article` [ RunTime:0.000786s ]
[2021-04-29T20:23:29+08:00][sql] SELECT COUNT(*) AS think_count FROM `carver_article` WHERE  `delete_time` = 0  AND `is_show` = 1 [ RunTime:0.000399s ]
[2021-04-29T20:23:29+08:00][sql] SELECT `article_id`,`article_title`,`article_desc`,`article_content`,`article_img`,`article_guide`,`article_label`,`click_num`,`is_show`,`add_time`,`article_author`,`is_top_show` FROM `carver_article` WHERE  `delete_time` = 0  AND `is_show` = 1 ORDER BY `article_id` DESC LIMIT 12,6 [ RunTime:0.001326s ]
[2021-04-29T20:23:29+08:00][sql] SELECT article_id,article_title,click_num,FROM_UNIXTIME(add_time,'%Y-%m-%d') as add_time FROM `carver_article` WHERE  `is_show` = 1  AND `delete_time` = 0 ORDER BY `click_num` DESC LIMIT 3 [ RunTime:0.000625s ]
[2021-04-29T20:23:29+08:00][sql] SHOW FULL COLUMNS FROM `carver_notice` [ RunTime:0.000671s ]
[2021-04-29T20:23:29+08:00][sql] SELECT * FROM `carver_notice` ORDER BY `create_time` DESC LIMIT 3 [ RunTime:0.000276s ]
[2021-04-29T20:23:29+08:00][sql] SHOW FULL COLUMNS FROM `carver_navigation` [ RunTime:0.000500s ]
[2021-04-29T20:23:29+08:00][sql] SELECT * FROM `carver_navigation` [ RunTime:0.000255s ]
[2021-04-29T20:23:29+08:00][sql] SHOW FULL COLUMNS FROM `carver_link` [ RunTime:0.000506s ]
[2021-04-29T20:23:29+08:00][sql] SELECT * FROM `carver_link` WHERE  ( is_confirm=2 ) LIMIT 20 [ RunTime:0.000345s ]
[2021-04-29T20:23:29+08:00][sql] SELECT `article_label` FROM `carver_article` [ RunTime:0.000264s ]
[2021-04-29T20:23:29+08:00][sql] SHOW FULL COLUMNS FROM `carver_carouse` [ RunTime:0.000518s ]
[2021-04-29T20:23:29+08:00][sql] SELECT `carouse_img`,`carouse_desc` FROM `carver_carouse` WHERE  `is_show` = 1 ORDER BY `carouse_sort` DESC LIMIT 3 [ RunTime:0.000362s ]
[2021-04-29T20:23:29+08:00][sql] SHOW FULL COLUMNS FROM `carver_site` [ RunTime:0.000490s ]
[2021-04-29T20:23:29+08:00][sql] SELECT * FROM `carver_site` [ RunTime:0.000249s ]
[2021-04-29T22:17:31+08:00][sql] CONNECT:[ UseTime:0.000500s ] mysql:host=127.0.0.1;port=3306;dbname=carver;charset=utf8
[2021-04-29T22:17:31+08:00][sql] SHOW FULL COLUMNS FROM `carver_article` [ RunTime:0.000873s ]
[2021-04-29T22:17:31+08:00][sql] SELECT COUNT(*) AS think_count FROM `carver_article` WHERE  `article_title` LIKE '%%'  AND `delete_time` = 0  AND `is_show` = 1 [ RunTime:0.000417s ]
[2021-04-29T22:17:31+08:00][sql] SELECT * FROM `carver_article` WHERE  `article_title` LIKE '%%'  AND `delete_time` = 0  AND `is_show` = 1 LIMIT 0,6 [ RunTime:0.000713s ]
[2021-04-29T22:17:31+08:00][sql] SELECT article_id,article_title,click_num,FROM_UNIXTIME(add_time,'%Y-%m-%d') as add_time FROM `carver_article` WHERE  `delete_time` = 0  AND `is_show` = 1 ORDER BY `click_num` DESC LIMIT 3 [ RunTime:0.000407s ]
[2021-04-29T22:17:31+08:00][sql] SHOW FULL COLUMNS FROM `carver_notice` [ RunTime:0.000563s ]
[2021-04-29T22:17:31+08:00][sql] SELECT * FROM `carver_notice` ORDER BY `create_time` DESC LIMIT 3 [ RunTime:0.000268s ]
[2021-04-29T22:17:31+08:00][sql] SHOW FULL COLUMNS FROM `carver_navigation` [ RunTime:0.000567s ]
[2021-04-29T22:17:31+08:00][sql] SELECT * FROM `carver_navigation` [ RunTime:0.000245s ]
[2021-04-29T22:17:31+08:00][sql] SHOW FULL COLUMNS FROM `carver_link` [ RunTime:0.000498s ]
[2021-04-29T22:17:31+08:00][sql] SELECT * FROM `carver_link` WHERE  ( is_confirm=2 ) LIMIT 20 [ RunTime:0.000269s ]
[2021-04-29T22:17:31+08:00][sql] SELECT `article_label` FROM `carver_article` [ RunTime:0.000319s ]
[2021-04-29T22:17:31+08:00][sql] SHOW FULL COLUMNS FROM `carver_carouse` [ RunTime:0.000466s ]
[2021-04-29T22:17:31+08:00][sql] SELECT `carouse_img`,`carouse_desc` FROM `carver_carouse` WHERE  `is_show` = 1 ORDER BY `carouse_sort` DESC LIMIT 3 [ RunTime:0.000308s ]
[2021-04-29T22:17:31+08:00][sql] SHOW FULL COLUMNS FROM `carver_site` [ RunTime:0.000461s ]
[2021-04-29T22:17:31+08:00][sql] SELECT * FROM `carver_site` [ RunTime:0.000245s ]
[2021-04-29T22:49:18+08:00][sql] CONNECT:[ UseTime:0.000635s ] mysql:host=127.0.0.1;port=3306;dbname=carver;charset=utf8
[2021-04-29T22:49:18+08:00][sql] SHOW FULL COLUMNS FROM `carver_article` [ RunTime:0.000932s ]
[2021-04-29T22:49:18+08:00][sql] SELECT COUNT(*) AS think_count FROM `carver_article` WHERE  `article_label` LIKE '%js%'  AND `delete_time` = 0  AND `is_show` = 1 [ RunTime:0.000459s ]
[2021-04-29T22:49:18+08:00][sql] SELECT * FROM `carver_article` WHERE  `article_label` LIKE '%js%'  AND `delete_time` = 0  AND `is_show` = 1 LIMIT 0,6 [ RunTime:0.000991s ]
[2021-04-29T22:49:18+08:00][sql] SELECT article_id,article_title,click_num,FROM_UNIXTIME(add_time,'%Y-%m-%d') as add_time FROM `carver_article` WHERE  `is_show` = 1  AND `delete_time` = 0 ORDER BY `click_num` DESC LIMIT 3 [ RunTime:0.000465s ]
[2021-04-29T22:49:18+08:00][sql] SHOW FULL COLUMNS FROM `carver_notice` [ RunTime:0.000654s ]
[2021-04-29T22:49:18+08:00][sql] SELECT * FROM `carver_notice` ORDER BY `create_time` DESC LIMIT 3 [ RunTime:0.000326s ]
[2021-04-29T22:49:18+08:00][sql] SHOW FULL COLUMNS FROM `carver_navigation` [ RunTime:0.000549s ]
[2021-04-29T22:49:18+08:00][sql] SELECT * FROM `carver_navigation` [ RunTime:0.000336s ]
[2021-04-29T22:49:18+08:00][sql] SHOW FULL COLUMNS FROM `carver_link` [ RunTime:0.000587s ]
[2021-04-29T22:49:18+08:00][sql] SELECT * FROM `carver_link` WHERE  ( is_confirm=2 ) LIMIT 20 [ RunTime:0.000335s ]
[2021-04-29T22:49:18+08:00][sql] SELECT `article_label` FROM `carver_article` [ RunTime:0.000273s ]
[2021-04-29T22:49:18+08:00][sql] SHOW FULL COLUMNS FROM `carver_carouse` [ RunTime:0.000722s ]
[2021-04-29T22:49:18+08:00][sql] SELECT `carouse_img`,`carouse_desc` FROM `carver_carouse` WHERE  `is_show` = 1 ORDER BY `carouse_sort` DESC LIMIT 3 [ RunTime:0.000418s ]
[2021-04-29T22:49:18+08:00][sql] SHOW FULL COLUMNS FROM `carver_site` [ RunTime:0.000700s ]
[2021-04-29T22:49:18+08:00][sql] SELECT * FROM `carver_site` [ RunTime:0.000428s ]
[2021-04-29T23:05:29+08:00][sql] CONNECT:[ UseTime:0.000585s ] mysql:host=127.0.0.1;port=3306;dbname=carver;charset=utf8
[2021-04-29T23:05:29+08:00][sql] SHOW FULL COLUMNS FROM `carver_article` [ RunTime:0.001000s ]
[2021-04-29T23:05:29+08:00][sql] SELECT `article_id`,`article_title`,`article_desc`,`article_content`,`article_img`,`article_guide`,`article_label`,`click_num`,`is_show`,`add_time`,`article_author` FROM `carver_article` WHERE  `article_id` = 12 LIMIT 1 [ RunTime:0.000490s ]
[2021-04-29T23:05:29+08:00][sql] SELECT `article_id`,`article_title`,`article_desc`,`article_content`,`article_img`,`article_guide`,`article_label`,`click_num`,`is_show`,`add_time`,`article_author` FROM `carver_article` WHERE  `article_id` > 12 LIMIT 1 [ RunTime:0.000410s ]
[2021-04-29T23:05:29+08:00][sql] SELECT `article_id`,`article_title`,`article_desc`,`article_content`,`article_img`,`article_guide`,`article_label`,`click_num`,`is_show`,`add_time`,`article_author` FROM `carver_article` WHERE  `article_id` < 12 ORDER BY `article_id` DESC LIMIT 1 [ RunTime:0.000373s ]
[2021-04-29T23:05:29+08:00][sql] SHOW FULL COLUMNS FROM `carver_link` [ RunTime:0.000588s ]
[2021-04-29T23:05:29+08:00][sql] SELECT * FROM `carver_link` WHERE  ( is_confirm=2 ) LIMIT 20 [ RunTime:0.000328s ]
[2021-04-29T23:05:29+08:00][sql] SELECT article_id,article_title,click_num,FROM_UNIXTIME(add_time,'%Y-%m-%d') as add_time FROM `carver_article` ORDER BY `click_num` DESC LIMIT 3 [ RunTime:0.000403s ]
[2021-04-29T23:05:29+08:00][sql] SHOW FULL COLUMNS FROM `carver_comment` [ RunTime:0.000614s ]
[2021-04-29T23:05:29+08:00][sql] SELECT `a`.*,`b`.`user_name` FROM `carver_comment` `a` INNER JOIN `carver_user` `b` ON `a`.`user_id`=`b`.`user_id` WHERE  `article_id` = 12 ORDER BY `create_time` DESC [ RunTime:0.000378s ]
[2021-04-29T23:05:29+08:00][sql] SHOW FULL COLUMNS FROM `carver_comment_to_others` [ RunTime:0.000561s ]
[2021-04-29T23:05:29+08:00][sql] SELECT * FROM `carver_comment_to_others` [ RunTime:0.000247s ]
[2021-04-29T23:05:29+08:00][sql] SHOW FULL COLUMNS FROM `carver_user` [ RunTime:0.000472s ]
[2021-04-29T23:05:29+08:00][sql] SELECT `user_name` FROM `carver_user` WHERE  `user_id` = 4 LIMIT 1 [ RunTime:0.000230s ]
[2021-04-29T23:05:29+08:00][sql] SELECT `user_name` FROM `carver_user` WHERE  `user_id` = 4 LIMIT 1 [ RunTime:0.000239s ]
[2021-04-29T23:05:29+08:00][sql] SELECT `user_name` FROM `carver_user` WHERE  `user_id` = 5 LIMIT 1 [ RunTime:0.000230s ]
[2021-04-29T23:05:29+08:00][sql] SELECT `user_name` FROM `carver_user` WHERE  `user_id` = 5 LIMIT 1 [ RunTime:0.000203s ]
[2021-04-29T23:05:29+08:00][sql] SELECT `user_name`,`user_id` FROM `carver_user` [ RunTime:0.000302s ]
[2021-04-29T23:05:29+08:00][sql] SHOW FULL COLUMNS FROM `carver_navigation` [ RunTime:0.000560s ]
[2021-04-29T23:05:29+08:00][sql] SELECT * FROM `carver_navigation` [ RunTime:0.000287s ]
[2021-04-29T23:05:29+08:00][sql] SELECT `article_label` FROM `carver_article` [ RunTime:0.000347s ]
[2021-04-29T23:12:31+08:00][sql] CONNECT:[ UseTime:0.000553s ] mysql:host=127.0.0.1;port=3306;dbname=carver;charset=utf8
[2021-04-29T23:12:31+08:00][sql] SHOW FULL COLUMNS FROM `carver_user` [ RunTime:0.000804s ]
[2021-04-29T23:12:31+08:00][sql] SHOW FULL COLUMNS FROM `carver_article` [ RunTime:0.000727s ]
[2021-04-29T23:12:31+08:00][sql] SELECT COUNT(*) AS think_count FROM `carver_article` WHERE  `delete_time` = 0  AND `is_show` = 1 [ RunTime:0.000369s ]
[2021-04-29T23:12:31+08:00][sql] SELECT `article_id`,`article_title`,`article_desc`,`article_content`,`article_img`,`article_guide`,`article_label`,`click_num`,`is_show`,`add_time`,`article_author`,`is_top_show` FROM `carver_article` WHERE  `delete_time` = 0  AND `is_show` = 1 ORDER BY `article_id` DESC LIMIT 0,6 [ RunTime:0.000638s ]
[2021-04-29T23:12:31+08:00][sql] SELECT article_id,article_title,click_num,FROM_UNIXTIME(add_time,'%Y-%m-%d') as add_time FROM `carver_article` WHERE  `is_show` = 1  AND `delete_time` = 0 ORDER BY `click_num` DESC LIMIT 3 [ RunTime:0.000449s ]
[2021-04-29T23:12:31+08:00][sql] SHOW FULL COLUMNS FROM `carver_notice` [ RunTime:0.000538s ]
[2021-04-29T23:12:31+08:00][sql] SELECT * FROM `carver_notice` ORDER BY `create_time` DESC LIMIT 3 [ RunTime:0.000271s ]
[2021-04-29T23:12:31+08:00][sql] SHOW FULL COLUMNS FROM `carver_navigation` [ RunTime:0.000524s ]
[2021-04-29T23:12:31+08:00][sql] SELECT * FROM `carver_navigation` [ RunTime:0.000239s ]
[2021-04-29T23:12:31+08:00][sql] SHOW FULL COLUMNS FROM `carver_link` [ RunTime:0.000484s ]
[2021-04-29T23:12:31+08:00][sql] SELECT * FROM `carver_link` WHERE  ( is_confirm=2 ) LIMIT 20 [ RunTime:0.000302s ]
[2021-04-29T23:12:31+08:00][sql] SELECT `article_label` FROM `carver_article` [ RunTime:0.000259s ]
[2021-04-29T23:12:31+08:00][sql] SHOW FULL COLUMNS FROM `carver_carouse` [ RunTime:0.000566s ]
[2021-04-29T23:12:31+08:00][sql] SELECT `carouse_img`,`carouse_desc` FROM `carver_carouse` WHERE  `is_show` = 1 ORDER BY `carouse_sort` DESC LIMIT 3 [ RunTime:0.000299s ]
[2021-04-29T23:12:31+08:00][sql] SHOW FULL COLUMNS FROM `carver_site` [ RunTime:0.000505s ]
[2021-04-29T23:12:31+08:00][sql] SELECT * FROM `carver_site` [ RunTime:0.000240s ]
[2021-04-29T23:14:07+08:00][sql] CONNECT:[ UseTime:0.000522s ] mysql:host=127.0.0.1;port=3306;dbname=carver;charset=utf8
[2021-04-29T23:14:07+08:00][sql] SHOW FULL COLUMNS FROM `carver_user` [ RunTime:0.000909s ]
[2021-04-29T23:14:07+08:00][sql] SHOW FULL COLUMNS FROM `carver_article` [ RunTime:0.000671s ]
[2021-04-29T23:14:07+08:00][sql] SELECT COUNT(*) AS think_count FROM `carver_article` WHERE  `delete_time` = 0  AND `is_show` = 1 [ RunTime:0.000390s ]
[2021-04-29T23:14:07+08:00][sql] SELECT `article_id`,`article_title`,`article_desc`,`article_content`,`article_img`,`article_guide`,`article_label`,`click_num`,`is_show`,`add_time`,`article_author`,`is_top_show` FROM `carver_article` WHERE  `delete_time` = 0  AND `is_show` = 1 ORDER BY `article_id` DESC LIMIT 0,6 [ RunTime:0.000757s ]
[2021-04-29T23:14:07+08:00][sql] SELECT article_id,article_title,click_num,FROM_UNIXTIME(add_time,'%Y-%m-%d') as add_time FROM `carver_article` WHERE  `is_show` = 1  AND `delete_time` = 0 ORDER BY `click_num` DESC LIMIT 3 [ RunTime:0.000553s ]
[2021-04-29T23:14:07+08:00][sql] SHOW FULL COLUMNS FROM `carver_notice` [ RunTime:0.000543s ]
[2021-04-29T23:14:07+08:00][sql] SELECT * FROM `carver_notice` ORDER BY `create_time` DESC LIMIT 3 [ RunTime:0.000290s ]
[2021-04-29T23:14:07+08:00][sql] SHOW FULL COLUMNS FROM `carver_navigation` [ RunTime:0.000529s ]
[2021-04-29T23:14:07+08:00][sql] SELECT * FROM `carver_navigation` [ RunTime:0.000235s ]
[2021-04-29T23:14:07+08:00][sql] SHOW FULL COLUMNS FROM `carver_link` [ RunTime:0.000565s ]
[2021-04-29T23:14:07+08:00][sql] SELECT * FROM `carver_link` WHERE  ( is_confirm=2 ) LIMIT 20 [ RunTime:0.000277s ]
[2021-04-29T23:14:07+08:00][sql] SELECT `article_label` FROM `carver_article` [ RunTime:0.000295s ]
[2021-04-29T23:14:07+08:00][sql] SHOW FULL COLUMNS FROM `carver_carouse` [ RunTime:0.000474s ]
[2021-04-29T23:14:07+08:00][sql] SELECT `carouse_img`,`carouse_desc` FROM `carver_carouse` WHERE  `is_show` = 1 ORDER BY `carouse_sort` DESC LIMIT 3 [ RunTime:0.000326s ]
[2021-04-29T23:14:07+08:00][sql] SHOW FULL COLUMNS FROM `carver_site` [ RunTime:0.000469s ]
[2021-04-29T23:14:07+08:00][sql] SELECT * FROM `carver_site` [ RunTime:0.000248s ]
[2021-04-29T23:53:05+08:00][sql] CONNECT:[ UseTime:0.000562s ] mysql:host=127.0.0.1;port=3306;dbname=carver;charset=utf8
[2021-04-29T23:53:05+08:00][sql] SHOW FULL COLUMNS FROM `carver_user` [ RunTime:0.000901s ]
[2021-04-29T23:53:05+08:00][sql] SHOW FULL COLUMNS FROM `carver_article` [ RunTime:0.000822s ]
[2021-04-29T23:53:05+08:00][sql] SELECT COUNT(*) AS think_count FROM `carver_article` WHERE  `delete_time` = 0  AND `is_show` = 1 [ RunTime:0.000423s ]
[2021-04-29T23:53:05+08:00][sql] SELECT `article_id`,`article_title`,`article_desc`,`article_content`,`article_img`,`article_guide`,`article_label`,`click_num`,`is_show`,`add_time`,`article_author`,`is_top_show` FROM `carver_article` WHERE  `delete_time` = 0  AND `is_show` = 1 ORDER BY `article_id` DESC LIMIT 0,6 [ RunTime:0.000820s ]
[2021-04-29T23:53:05+08:00][sql] SELECT article_id,article_title,click_num,FROM_UNIXTIME(add_time,'%Y-%m-%d') as add_time FROM `carver_article` WHERE  `is_show` = 1  AND `delete_time` = 0 ORDER BY `click_num` DESC LIMIT 3 [ RunTime:0.000507s ]
[2021-04-29T23:53:05+08:00][sql] SHOW FULL COLUMNS FROM `carver_notice` [ RunTime:0.000621s ]
[2021-04-29T23:53:05+08:00][sql] SELECT * FROM `carver_notice` ORDER BY `create_time` DESC LIMIT 3 [ RunTime:0.000297s ]
[2021-04-29T23:53:05+08:00][sql] SHOW FULL COLUMNS FROM `carver_navigation` [ RunTime:0.000548s ]
[2021-04-29T23:53:05+08:00][sql] SELECT * FROM `carver_navigation` [ RunTime:0.000242s ]
[2021-04-29T23:53:05+08:00][sql] SHOW FULL COLUMNS FROM `carver_link` [ RunTime:0.000520s ]
[2021-04-29T23:53:05+08:00][sql] SELECT * FROM `carver_link` WHERE  ( is_confirm=2 ) LIMIT 20 [ RunTime:0.000302s ]
[2021-04-29T23:53:05+08:00][sql] SELECT `article_label` FROM `carver_article` [ RunTime:0.000298s ]
[2021-04-29T23:53:05+08:00][sql] SHOW FULL COLUMNS FROM `carver_carouse` [ RunTime:0.000521s ]
[2021-04-29T23:53:05+08:00][sql] SELECT `carouse_img`,`carouse_desc` FROM `carver_carouse` WHERE  `is_show` = 1 ORDER BY `carouse_sort` DESC LIMIT 3 [ RunTime:0.000309s ]
[2021-04-29T23:53:05+08:00][sql] SHOW FULL COLUMNS FROM `carver_site` [ RunTime:0.000518s ]
[2021-04-29T23:53:05+08:00][sql] SELECT * FROM `carver_site` [ RunTime:0.000287s ]
[2021-04-29T23:59:47+08:00][sql] CONNECT:[ UseTime:0.000638s ] mysql:host=127.0.0.1;port=3306;dbname=carver;charset=utf8
[2021-04-29T23:59:47+08:00][sql] SHOW FULL COLUMNS FROM `carver_user` [ RunTime:0.000881s ]
[2021-04-29T23:59:47+08:00][sql] SHOW FULL COLUMNS FROM `carver_article` [ RunTime:0.000748s ]
[2021-04-29T23:59:47+08:00][sql] SELECT COUNT(*) AS think_count FROM `carver_article` WHERE  `delete_time` = 0  AND `is_show` = 1 [ RunTime:0.000405s ]
[2021-04-29T23:59:47+08:00][sql] SELECT `article_id`,`article_title`,`article_desc`,`article_content`,`article_img`,`article_guide`,`article_label`,`click_num`,`is_show`,`add_time`,`article_author`,`is_top_show` FROM `carver_article` WHERE  `delete_time` = 0  AND `is_show` = 1 ORDER BY `article_id` DESC LIMIT 0,6 [ RunTime:0.000810s ]
[2021-04-29T23:59:47+08:00][sql] SELECT article_id,article_title,click_num,FROM_UNIXTIME(add_time,'%Y-%m-%d') as add_time FROM `carver_article` WHERE  `is_show` = 1  AND `delete_time` = 0 ORDER BY `click_num` DESC LIMIT 3 [ RunTime:0.000478s ]
[2021-04-29T23:59:47+08:00][sql] SHOW FULL COLUMNS FROM `carver_notice` [ RunTime:0.000591s ]
[2021-04-29T23:59:47+08:00][sql] SELECT * FROM `carver_notice` ORDER BY `create_time` DESC LIMIT 3 [ RunTime:0.000295s ]
[2021-04-29T23:59:47+08:00][sql] SHOW FULL COLUMNS FROM `carver_navigation` [ RunTime:0.000572s ]
[2021-04-29T23:59:47+08:00][sql] SELECT * FROM `carver_navigation` [ RunTime:0.000253s ]
[2021-04-29T23:59:47+08:00][sql] SHOW FULL COLUMNS FROM `carver_link` [ RunTime:0.000561s ]
[2021-04-29T23:59:47+08:00][sql] SELECT * FROM `carver_link` WHERE  ( is_confirm=2 ) LIMIT 20 [ RunTime:0.000321s ]
[2021-04-29T23:59:47+08:00][sql] SELECT `article_label` FROM `carver_article` [ RunTime:0.000294s ]
[2021-04-29T23:59:47+08:00][sql] SHOW FULL COLUMNS FROM `carver_carouse` [ RunTime:0.000471s ]
[2021-04-29T23:59:47+08:00][sql] SELECT `carouse_img`,`carouse_desc` FROM `carver_carouse` WHERE  `is_show` = 1 ORDER BY `carouse_sort` DESC LIMIT 3 [ RunTime:0.000452s ]
[2021-04-29T23:59:47+08:00][sql] SHOW FULL COLUMNS FROM `carver_site` [ RunTime:0.000513s ]
[2021-04-29T23:59:47+08:00][sql] SELECT * FROM `carver_site` [ RunTime:0.000247s ]
