[2021-07-02T00:16:55+08:00][sql] CONNECT:[ UseTime:0.000622s ] mysql:host=127.0.0.1;port=3306;dbname=carver;charset=utf8
[2021-07-02T00:16:55+08:00][sql] SHOW FULL COLUMNS FROM `carver_article` [ RunTime:0.001034s ]
[2021-07-02T00:16:55+08:00][sql] SELECT `article_id`,`article_title`,`article_desc`,`article_content`,`article_img`,`article_guide`,`article_label`,`click_num`,`is_show`,`add_time`,`article_author` FROM `carver_article` WHERE  `article_id` = 18'A=0 LIMIT 1 [ RunTime:0.000619s ]
[2021-07-02T00:16:55+08:00][sql] SELECT `article_id`,`article_title`,`article_desc`,`article_content`,`article_img`,`article_guide`,`article_label`,`click_num`,`is_show`,`add_time`,`article_author` FROM `carver_article` WHERE  `article_id` > 18'A=0 LIMIT 1 [ RunTime:0.003621s ]
[2021-07-02T00:16:55+08:00][sql] SELECT `article_id`,`article_title`,`article_desc`,`article_content`,`article_img`,`article_guide`,`article_label`,`click_num`,`is_show`,`add_time`,`article_author` FROM `carver_article` WHERE  `article_id` < 18'A=0 ORDER BY `article_id` DESC LIMIT 1 [ RunTime:0.001532s ]
[2021-07-02T00:16:55+08:00][sql] SHOW FULL COLUMNS FROM `carver_link` [ RunTime:0.000873s ]
[2021-07-02T00:16:55+08:00][sql] SELECT * FROM `carver_link` WHERE  ( is_confirm=2 ) LIMIT 20 [ RunTime:0.000414s ]
[2021-07-02T00:16:55+08:00][sql] SELECT article_id,article_title,click_num,FROM_UNIXTIME(add_time,'%Y-%m-%d') as add_time FROM `carver_article` ORDER BY `click_num` DESC LIMIT 3 [ RunTime:0.000425s ]
[2021-07-02T00:16:55+08:00][sql] SHOW FULL COLUMNS FROM `carver_comment` [ RunTime:0.000746s ]
[2021-07-02T00:16:55+08:00][sql] SELECT `a`.*,`b`.`user_name` FROM `carver_comment` `a` INNER JOIN `carver_user` `b` ON `a`.`user_id`=`b`.`user_id` WHERE  `article_id` = 18'A=0 ORDER BY `create_time` DESC [ RunTime:0.000441s ]
[2021-07-02T00:16:55+08:00][sql] SHOW FULL COLUMNS FROM `carver_comment_to_others` [ RunTime:0.000614s ]
[2021-07-02T00:16:55+08:00][sql] SELECT * FROM `carver_comment_to_others` [ RunTime:0.000291s ]
[2021-07-02T00:16:55+08:00][sql] SHOW FULL COLUMNS FROM `carver_user` [ RunTime:0.000557s ]
[2021-07-02T00:16:55+08:00][sql] SELECT `user_name` FROM `carver_user` WHERE  `user_id` = 4 LIMIT 1 [ RunTime:0.000266s ]
[2021-07-02T00:16:55+08:00][sql] SELECT `user_name` FROM `carver_user` WHERE  `user_id` = 4 LIMIT 1 [ RunTime:0.000258s ]
[2021-07-02T00:16:55+08:00][sql] SELECT `user_name` FROM `carver_user` WHERE  `user_id` = 5 LIMIT 1 [ RunTime:0.000258s ]
[2021-07-02T00:16:55+08:00][sql] SELECT `user_name` FROM `carver_user` WHERE  `user_id` = 5 LIMIT 1 [ RunTime:0.000268s ]
[2021-07-02T00:16:55+08:00][sql] SELECT `user_name` FROM `carver_user` WHERE  `user_id` = 37 LIMIT 1 [ RunTime:0.000289s ]
[2021-07-02T00:16:55+08:00][sql] SELECT `user_name`,`user_id` FROM `carver_user` [ RunTime:0.000304s ]
[2021-07-02T00:16:55+08:00][sql] SHOW FULL COLUMNS FROM `carver_navigation` [ RunTime:0.000605s ]
[2021-07-02T00:16:55+08:00][sql] SELECT * FROM `carver_navigation` [ RunTime:0.000292s ]
[2021-07-02T00:16:55+08:00][sql] SELECT `article_label` FROM `carver_article` [ RunTime:0.000342s ]
[2021-07-02T01:15:19+08:00][sql] CONNECT:[ UseTime:0.000551s ] mysql:host=127.0.0.1;port=3306;dbname=carver;charset=utf8
[2021-07-02T01:15:19+08:00][sql] SHOW FULL COLUMNS FROM `carver_user` [ RunTime:0.000827s ]
[2021-07-02T01:15:19+08:00][error] [8]Undefined index: user_email[/www/wwwroot/101.200.121.249/carver_tp_blog/app/web/controller/LoginUser.php:83]
[2021-07-02T01:17:28+08:00][sql] CONNECT:[ UseTime:0.000610s ] mysql:host=127.0.0.1;port=3306;dbname=carver;charset=utf8
[2021-07-02T01:17:28+08:00][sql] SHOW FULL COLUMNS FROM `carver_article` [ RunTime:0.000910s ]
[2021-07-02T01:17:28+08:00][sql] SELECT COUNT(*) AS think_count FROM `carver_article` WHERE  `article_label` LIKE '%php;网络安全//%'  AND `delete_time` = 0  AND `is_show` = 1 [ RunTime:0.000440s ]
[2021-07-02T01:17:28+08:00][sql] SELECT * FROM `carver_article` WHERE  `article_label` LIKE '%php;网络安全//%'  AND `delete_time` = 0  AND `is_show` = 1 LIMIT 0,6 [ RunTime:0.001082s ]
[2021-07-02T01:17:28+08:00][sql] SELECT article_id,article_title,click_num,FROM_UNIXTIME(add_time,'%Y-%m-%d') as add_time FROM `carver_article` WHERE  `is_show` = 1  AND `delete_time` = 0 ORDER BY `click_num` DESC LIMIT 3 [ RunTime:0.000499s ]
[2021-07-02T01:17:28+08:00][sql] SHOW FULL COLUMNS FROM `carver_notice` [ RunTime:0.000707s ]
[2021-07-02T01:17:28+08:00][sql] SELECT * FROM `carver_notice` ORDER BY `create_time` DESC LIMIT 3 [ RunTime:0.000337s ]
[2021-07-02T01:17:28+08:00][sql] SHOW FULL COLUMNS FROM `carver_navigation` [ RunTime:0.000555s ]
[2021-07-02T01:17:28+08:00][sql] SELECT * FROM `carver_navigation` [ RunTime:0.000303s ]
[2021-07-02T01:17:28+08:00][sql] SHOW FULL COLUMNS FROM `carver_link` [ RunTime:0.000732s ]
[2021-07-02T01:17:28+08:00][sql] SELECT * FROM `carver_link` WHERE  ( is_confirm=2 ) LIMIT 20 [ RunTime:0.000356s ]
[2021-07-02T01:17:28+08:00][sql] SELECT `article_label` FROM `carver_article` [ RunTime:0.000295s ]
[2021-07-02T01:17:28+08:00][sql] SHOW FULL COLUMNS FROM `carver_carouse` [ RunTime:0.000520s ]
[2021-07-02T01:17:28+08:00][sql] SELECT `carouse_img`,`carouse_desc` FROM `carver_carouse` WHERE  `is_show` = 1 ORDER BY `carouse_sort` DESC LIMIT 3 [ RunTime:0.000332s ]
[2021-07-02T01:17:28+08:00][sql] SHOW FULL COLUMNS FROM `carver_site` [ RunTime:0.000564s ]
[2021-07-02T01:17:28+08:00][sql] SELECT * FROM `carver_site` [ RunTime:0.000320s ]
[2021-07-02T01:18:15+08:00][sql] CONNECT:[ UseTime:0.000561s ] mysql:host=127.0.0.1;port=3306;dbname=carver;charset=utf8
[2021-07-02T01:18:15+08:00][sql] SHOW FULL COLUMNS FROM `carver_article` [ RunTime:0.000922s ]
[2021-07-02T01:18:15+08:00][sql] SELECT COUNT(*) AS think_count FROM `carver_article` WHERE  `article_label` LIKE '%php;设计模式//%'  AND `delete_time` = 0  AND `is_show` = 1 [ RunTime:0.000455s ]
[2021-07-02T01:18:15+08:00][sql] SELECT * FROM `carver_article` WHERE  `article_label` LIKE '%php;设计模式//%'  AND `delete_time` = 0  AND `is_show` = 1 LIMIT 0,6 [ RunTime:0.001015s ]
[2021-07-02T01:18:15+08:00][sql] SELECT article_id,article_title,click_num,FROM_UNIXTIME(add_time,'%Y-%m-%d') as add_time FROM `carver_article` WHERE  `is_show` = 1  AND `delete_time` = 0 ORDER BY `click_num` DESC LIMIT 3 [ RunTime:0.000583s ]
[2021-07-02T01:18:15+08:00][sql] SHOW FULL COLUMNS FROM `carver_notice` [ RunTime:0.000673s ]
[2021-07-02T01:18:15+08:00][sql] SELECT * FROM `carver_notice` ORDER BY `create_time` DESC LIMIT 3 [ RunTime:0.000353s ]
[2021-07-02T01:18:15+08:00][sql] SHOW FULL COLUMNS FROM `carver_navigation` [ RunTime:0.000691s ]
[2021-07-02T01:18:15+08:00][sql] SELECT * FROM `carver_navigation` [ RunTime:0.000296s ]
[2021-07-02T01:18:15+08:00][sql] SHOW FULL COLUMNS FROM `carver_link` [ RunTime:0.000583s ]
[2021-07-02T01:18:15+08:00][sql] SELECT * FROM `carver_link` WHERE  ( is_confirm=2 ) LIMIT 20 [ RunTime:0.000374s ]
[2021-07-02T01:18:15+08:00][sql] SELECT `article_label` FROM `carver_article` [ RunTime:0.000311s ]
[2021-07-02T01:18:15+08:00][sql] SHOW FULL COLUMNS FROM `carver_carouse` [ RunTime:0.000521s ]
[2021-07-02T01:18:15+08:00][sql] SELECT `carouse_img`,`carouse_desc` FROM `carver_carouse` WHERE  `is_show` = 1 ORDER BY `carouse_sort` DESC LIMIT 3 [ RunTime:0.000374s ]
[2021-07-02T01:18:15+08:00][sql] SHOW FULL COLUMNS FROM `carver_site` [ RunTime:0.000586s ]
[2021-07-02T01:18:15+08:00][sql] SELECT * FROM `carver_site` [ RunTime:0.000391s ]
[2021-07-02T01:40:31+08:00][sql] CONNECT:[ UseTime:0.000731s ] mysql:host=127.0.0.1;port=3306;dbname=carver;charset=utf8
[2021-07-02T01:40:31+08:00][sql] SHOW FULL COLUMNS FROM `carver_article` [ RunTime:0.000909s ]
[2021-07-02T01:40:31+08:00][sql] SELECT `article_id`,`article_title`,`article_desc`,`article_content`,`article_img`,`article_guide`,`article_label`,`click_num`,`is_show`,`add_time`,`article_author` FROM `carver_article` WHERE  `article_id` = 28'A=0 LIMIT 1 [ RunTime:0.000404s ]
[2021-07-02T01:40:31+08:00][sql] SELECT `article_id`,`article_title`,`article_desc`,`article_content`,`article_img`,`article_guide`,`article_label`,`click_num`,`is_show`,`add_time`,`article_author` FROM `carver_article` WHERE  `article_id` > 28'A=0 LIMIT 1 [ RunTime:0.000372s ]
[2021-07-02T01:40:31+08:00][sql] SELECT `article_id`,`article_title`,`article_desc`,`article_content`,`article_img`,`article_guide`,`article_label`,`click_num`,`is_show`,`add_time`,`article_author` FROM `carver_article` WHERE  `article_id` < 28'A=0 ORDER BY `article_id` DESC LIMIT 1 [ RunTime:0.000386s ]
[2021-07-02T01:40:31+08:00][sql] SHOW FULL COLUMNS FROM `carver_link` [ RunTime:0.000582s ]
[2021-07-02T01:40:31+08:00][sql] SELECT * FROM `carver_link` WHERE  ( is_confirm=2 ) LIMIT 20 [ RunTime:0.000348s ]
[2021-07-02T01:40:31+08:00][sql] SELECT article_id,article_title,click_num,FROM_UNIXTIME(add_time,'%Y-%m-%d') as add_time FROM `carver_article` ORDER BY `click_num` DESC LIMIT 3 [ RunTime:0.000345s ]
[2021-07-02T01:40:31+08:00][sql] SHOW FULL COLUMNS FROM `carver_comment` [ RunTime:0.000571s ]
[2021-07-02T01:40:31+08:00][sql] SELECT `a`.*,`b`.`user_name` FROM `carver_comment` `a` INNER JOIN `carver_user` `b` ON `a`.`user_id`=`b`.`user_id` WHERE  `article_id` = 28'A=0 ORDER BY `create_time` DESC [ RunTime:0.000369s ]
[2021-07-02T01:40:31+08:00][sql] SHOW FULL COLUMNS FROM `carver_comment_to_others` [ RunTime:0.000563s ]
[2021-07-02T01:40:31+08:00][sql] SELECT * FROM `carver_comment_to_others` [ RunTime:0.000245s ]
[2021-07-02T01:40:31+08:00][sql] SHOW FULL COLUMNS FROM `carver_user` [ RunTime:0.000529s ]
[2021-07-02T01:40:31+08:00][sql] SELECT `user_name` FROM `carver_user` WHERE  `user_id` = 4 LIMIT 1 [ RunTime:0.000264s ]
[2021-07-02T01:40:31+08:00][sql] SELECT `user_name` FROM `carver_user` WHERE  `user_id` = 4 LIMIT 1 [ RunTime:0.000277s ]
[2021-07-02T01:40:31+08:00][sql] SELECT `user_name` FROM `carver_user` WHERE  `user_id` = 5 LIMIT 1 [ RunTime:0.000261s ]
[2021-07-02T01:40:31+08:00][sql] SELECT `user_name` FROM `carver_user` WHERE  `user_id` = 5 LIMIT 1 [ RunTime:0.000222s ]
[2021-07-02T01:40:31+08:00][sql] SELECT `user_name` FROM `carver_user` WHERE  `user_id` = 37 LIMIT 1 [ RunTime:0.000302s ]
[2021-07-02T01:40:31+08:00][sql] SELECT `user_name`,`user_id` FROM `carver_user` [ RunTime:0.000292s ]
[2021-07-02T01:40:31+08:00][sql] SHOW FULL COLUMNS FROM `carver_navigation` [ RunTime:0.000564s ]
[2021-07-02T01:40:31+08:00][sql] SELECT * FROM `carver_navigation` [ RunTime:0.000250s ]
[2021-07-02T01:40:31+08:00][sql] SELECT `article_label` FROM `carver_article` [ RunTime:0.000308s ]
[2021-07-02T01:53:41+08:00][sql] CONNECT:[ UseTime:0.000645s ] mysql:host=127.0.0.1;port=3306;dbname=carver;charset=utf8
[2021-07-02T01:53:41+08:00][sql] SHOW FULL COLUMNS FROM `carver_user` [ RunTime:0.000835s ]
[2021-07-02T01:53:41+08:00][sql] SHOW FULL COLUMNS FROM `carver_article` [ RunTime:0.000724s ]
[2021-07-02T01:53:41+08:00][sql] SELECT COUNT(*) AS think_count FROM `carver_article` WHERE  `delete_time` = 0  AND `is_show` = 1 [ RunTime:0.000446s ]
[2021-07-02T01:53:41+08:00][sql] SELECT `article_id`,`article_title`,`article_desc`,`article_content`,`article_img`,`article_guide`,`article_label`,`click_num`,`is_show`,`add_time`,`article_author`,`is_top_show` FROM `carver_article` WHERE  `delete_time` = 0  AND `is_show` = 1 ORDER BY `article_id` DESC LIMIT 0,6 [ RunTime:0.000766s ]
[2021-07-02T01:53:41+08:00][sql] SELECT article_id,article_title,click_num,FROM_UNIXTIME(add_time,'%Y-%m-%d') as add_time FROM `carver_article` WHERE  `is_show` = 1  AND `delete_time` = 0 ORDER BY `click_num` DESC LIMIT 3 [ RunTime:0.000502s ]
[2021-07-02T01:53:41+08:00][sql] SHOW FULL COLUMNS FROM `carver_notice` [ RunTime:0.000620s ]
[2021-07-02T01:53:41+08:00][sql] SELECT * FROM `carver_notice` ORDER BY `create_time` DESC LIMIT 3 [ RunTime:0.000296s ]
[2021-07-02T01:53:41+08:00][sql] SHOW FULL COLUMNS FROM `carver_navigation` [ RunTime:0.000532s ]
[2021-07-02T01:53:41+08:00][sql] SELECT * FROM `carver_navigation` [ RunTime:0.000243s ]
[2021-07-02T01:53:41+08:00][sql] SHOW FULL COLUMNS FROM `carver_link` [ RunTime:0.000517s ]
[2021-07-02T01:53:41+08:00][sql] SELECT * FROM `carver_link` WHERE  ( is_confirm=2 ) LIMIT 20 [ RunTime:0.000287s ]
[2021-07-02T01:53:41+08:00][sql] SELECT `article_label` FROM `carver_article` [ RunTime:0.000316s ]
[2021-07-02T01:53:41+08:00][sql] SHOW FULL COLUMNS FROM `carver_carouse` [ RunTime:0.000515s ]
[2021-07-02T01:53:41+08:00][sql] SELECT `carouse_img`,`carouse_desc` FROM `carver_carouse` WHERE  `is_show` = 1 ORDER BY `carouse_sort` DESC LIMIT 3 [ RunTime:0.000361s ]
[2021-07-02T01:53:41+08:00][sql] SHOW FULL COLUMNS FROM `carver_site` [ RunTime:0.000665s ]
[2021-07-02T01:53:41+08:00][sql] SELECT * FROM `carver_site` [ RunTime:0.000240s ]
[2021-07-02T02:40:06+08:00][sql] CONNECT:[ UseTime:0.000755s ] mysql:host=127.0.0.1;port=3306;dbname=carver;charset=utf8
[2021-07-02T02:40:06+08:00][sql] SHOW FULL COLUMNS FROM `carver_user` [ RunTime:0.000901s ]
[2021-07-02T02:40:06+08:00][sql] SHOW FULL COLUMNS FROM `carver_article` [ RunTime:0.000720s ]
[2021-07-02T02:40:06+08:00][sql] SELECT COUNT(*) AS think_count FROM `carver_article` WHERE  `delete_time` = 0  AND `is_show` = 1 [ RunTime:0.000412s ]
[2021-07-02T02:40:06+08:00][sql] SELECT `article_id`,`article_title`,`article_desc`,`article_content`,`article_img`,`article_guide`,`article_label`,`click_num`,`is_show`,`add_time`,`article_author`,`is_top_show` FROM `carver_article` WHERE  `delete_time` = 0  AND `is_show` = 1 ORDER BY `article_id` DESC LIMIT 0,6 [ RunTime:0.000829s ]
[2021-07-02T02:40:06+08:00][sql] SELECT article_id,article_title,click_num,FROM_UNIXTIME(add_time,'%Y-%m-%d') as add_time FROM `carver_article` WHERE  `is_show` = 1  AND `delete_time` = 0 ORDER BY `click_num` DESC LIMIT 3 [ RunTime:0.001332s ]
[2021-07-02T02:40:06+08:00][sql] SHOW FULL COLUMNS FROM `carver_notice` [ RunTime:0.000708s ]
[2021-07-02T02:40:06+08:00][sql] SELECT * FROM `carver_notice` ORDER BY `create_time` DESC LIMIT 3 [ RunTime:0.000362s ]
[2021-07-02T02:40:06+08:00][sql] SHOW FULL COLUMNS FROM `carver_navigation` [ RunTime:0.000571s ]
[2021-07-02T02:40:06+08:00][sql] SELECT * FROM `carver_navigation` [ RunTime:0.000247s ]
[2021-07-02T02:40:06+08:00][sql] SHOW FULL COLUMNS FROM `carver_link` [ RunTime:0.000569s ]
[2021-07-02T02:40:06+08:00][sql] SELECT * FROM `carver_link` WHERE  ( is_confirm=2 ) LIMIT 20 [ RunTime:0.000314s ]
[2021-07-02T02:40:06+08:00][sql] SELECT `article_label` FROM `carver_article` [ RunTime:0.000320s ]
[2021-07-02T02:40:06+08:00][sql] SHOW FULL COLUMNS FROM `carver_carouse` [ RunTime:0.000657s ]
[2021-07-02T02:40:06+08:00][sql] SELECT `carouse_img`,`carouse_desc` FROM `carver_carouse` WHERE  `is_show` = 1 ORDER BY `carouse_sort` DESC LIMIT 3 [ RunTime:0.000308s ]
[2021-07-02T02:40:06+08:00][sql] SHOW FULL COLUMNS FROM `carver_site` [ RunTime:0.000619s ]
[2021-07-02T02:40:06+08:00][sql] SELECT * FROM `carver_site` [ RunTime:0.000263s ]
[2021-07-02T03:23:38+08:00][sql] CONNECT:[ UseTime:0.000786s ] mysql:host=127.0.0.1;port=3306;dbname=carver;charset=utf8
[2021-07-02T03:23:38+08:00][sql] SHOW FULL COLUMNS FROM `carver_user` [ RunTime:0.000891s ]
[2021-07-02T03:23:38+08:00][sql] SHOW FULL COLUMNS FROM `carver_article` [ RunTime:0.000683s ]
[2021-07-02T03:23:38+08:00][sql] SELECT COUNT(*) AS think_count FROM `carver_article` WHERE  `delete_time` = 0  AND `is_show` = 1 [ RunTime:0.000404s ]
[2021-07-02T03:23:38+08:00][sql] SELECT `article_id`,`article_title`,`article_desc`,`article_content`,`article_img`,`article_guide`,`article_label`,`click_num`,`is_show`,`add_time`,`article_author`,`is_top_show` FROM `carver_article` WHERE  `delete_time` = 0  AND `is_show` = 1 ORDER BY `article_id` DESC LIMIT 0,6 [ RunTime:0.000781s ]
[2021-07-02T03:23:38+08:00][sql] SELECT article_id,article_title,click_num,FROM_UNIXTIME(add_time,'%Y-%m-%d') as add_time FROM `carver_article` WHERE  `is_show` = 1  AND `delete_time` = 0 ORDER BY `click_num` DESC LIMIT 3 [ RunTime:0.000449s ]
[2021-07-02T03:23:38+08:00][sql] SHOW FULL COLUMNS FROM `carver_notice` [ RunTime:0.000569s ]
[2021-07-02T03:23:38+08:00][sql] SELECT * FROM `carver_notice` ORDER BY `create_time` DESC LIMIT 3 [ RunTime:0.000273s ]
[2021-07-02T03:23:38+08:00][sql] SHOW FULL COLUMNS FROM `carver_navigation` [ RunTime:0.000534s ]
[2021-07-02T03:23:38+08:00][sql] SELECT * FROM `carver_navigation` [ RunTime:0.000268s ]
[2021-07-02T03:23:38+08:00][sql] SHOW FULL COLUMNS FROM `carver_link` [ RunTime:0.000507s ]
[2021-07-02T03:23:38+08:00][sql] SELECT * FROM `carver_link` WHERE  ( is_confirm=2 ) LIMIT 20 [ RunTime:0.000280s ]
[2021-07-02T03:23:38+08:00][sql] SELECT `article_label` FROM `carver_article` [ RunTime:0.000287s ]
[2021-07-02T03:23:38+08:00][sql] SHOW FULL COLUMNS FROM `carver_carouse` [ RunTime:0.000534s ]
[2021-07-02T03:23:38+08:00][sql] SELECT `carouse_img`,`carouse_desc` FROM `carver_carouse` WHERE  `is_show` = 1 ORDER BY `carouse_sort` DESC LIMIT 3 [ RunTime:0.000304s ]
[2021-07-02T03:23:38+08:00][sql] SHOW FULL COLUMNS FROM `carver_site` [ RunTime:0.000486s ]
[2021-07-02T03:23:38+08:00][sql] SELECT * FROM `carver_site` [ RunTime:0.000245s ]
[2021-07-02T05:19:05+08:00][sql] CONNECT:[ UseTime:0.000553s ] mysql:host=127.0.0.1;port=3306;dbname=carver;charset=utf8
[2021-07-02T05:19:05+08:00][sql] SHOW FULL COLUMNS FROM `carver_user` [ RunTime:0.000858s ]
[2021-07-02T05:19:05+08:00][sql] SHOW FULL COLUMNS FROM `carver_article` [ RunTime:0.000780s ]
[2021-07-02T05:19:05+08:00][sql] SELECT COUNT(*) AS think_count FROM `carver_article` WHERE  `delete_time` = 0  AND `is_show` = 1 [ RunTime:0.000381s ]
[2021-07-02T05:19:05+08:00][sql] SELECT `article_id`,`article_title`,`article_desc`,`article_content`,`article_img`,`article_guide`,`article_label`,`click_num`,`is_show`,`add_time`,`article_author`,`is_top_show` FROM `carver_article` WHERE  `delete_time` = 0  AND `is_show` = 1 ORDER BY `article_id` DESC LIMIT 6,6 [ RunTime:0.003547s ]
[2021-07-02T05:19:05+08:00][sql] SELECT article_id,article_title,click_num,FROM_UNIXTIME(add_time,'%Y-%m-%d') as add_time FROM `carver_article` WHERE  `is_show` = 1  AND `delete_time` = 0 ORDER BY `click_num` DESC LIMIT 3 [ RunTime:0.000619s ]
[2021-07-02T05:19:05+08:00][sql] SHOW FULL COLUMNS FROM `carver_notice` [ RunTime:0.000593s ]
[2021-07-02T05:19:05+08:00][sql] SELECT * FROM `carver_notice` ORDER BY `create_time` DESC LIMIT 3 [ RunTime:0.000265s ]
[2021-07-02T05:19:05+08:00][sql] SHOW FULL COLUMNS FROM `carver_navigation` [ RunTime:0.000567s ]
[2021-07-02T05:19:05+08:00][sql] SELECT * FROM `carver_navigation` [ RunTime:0.000231s ]
[2021-07-02T05:19:05+08:00][sql] SHOW FULL COLUMNS FROM `carver_link` [ RunTime:0.000487s ]
[2021-07-02T05:19:05+08:00][sql] SELECT * FROM `carver_link` WHERE  ( is_confirm=2 ) LIMIT 20 [ RunTime:0.000284s ]
[2021-07-02T05:19:05+08:00][sql] SELECT `article_label` FROM `carver_article` [ RunTime:0.000363s ]
[2021-07-02T05:19:05+08:00][sql] SHOW FULL COLUMNS FROM `carver_carouse` [ RunTime:0.000636s ]
[2021-07-02T05:19:05+08:00][sql] SELECT `carouse_img`,`carouse_desc` FROM `carver_carouse` WHERE  `is_show` = 1 ORDER BY `carouse_sort` DESC LIMIT 3 [ RunTime:0.000311s ]
[2021-07-02T05:19:05+08:00][sql] SHOW FULL COLUMNS FROM `carver_site` [ RunTime:0.000528s ]
[2021-07-02T05:19:05+08:00][sql] SELECT * FROM `carver_site` [ RunTime:0.000246s ]
[2021-07-02T05:57:46+08:00][sql] CONNECT:[ UseTime:0.000542s ] mysql:host=127.0.0.1;port=3306;dbname=carver;charset=utf8
[2021-07-02T05:57:46+08:00][sql] SHOW FULL COLUMNS FROM `carver_article` [ RunTime:0.001028s ]
[2021-07-02T05:57:46+08:00][sql] SELECT COUNT(*) AS think_count FROM `carver_article` WHERE  `article_label` LIKE '%js%'  AND `delete_time` = 0  AND `is_show` = 1 [ RunTime:0.000463s ]
[2021-07-02T05:57:46+08:00][sql] SELECT * FROM `carver_article` WHERE  `article_label` LIKE '%js%'  AND `delete_time` = 0  AND `is_show` = 1 LIMIT 0,6 [ RunTime:0.000968s ]
[2021-07-02T05:57:46+08:00][sql] SELECT article_id,article_title,click_num,FROM_UNIXTIME(add_time,'%Y-%m-%d') as add_time FROM `carver_article` WHERE  `is_show` = 1  AND `delete_time` = 0 ORDER BY `click_num` DESC LIMIT 3 [ RunTime:0.000843s ]
[2021-07-02T05:57:46+08:00][sql] SHOW FULL COLUMNS FROM `carver_notice` [ RunTime:0.001001s ]
[2021-07-02T05:57:46+08:00][sql] SELECT * FROM `carver_notice` ORDER BY `create_time` DESC LIMIT 3 [ RunTime:0.000388s ]
[2021-07-02T05:57:46+08:00][sql] SHOW FULL COLUMNS FROM `carver_navigation` [ RunTime:0.000969s ]
[2021-07-02T05:57:46+08:00][sql] SELECT * FROM `carver_navigation` [ RunTime:0.000604s ]
[2021-07-02T05:57:46+08:00][sql] SHOW FULL COLUMNS FROM `carver_link` [ RunTime:0.001393s ]
[2021-07-02T05:57:46+08:00][sql] SELECT * FROM `carver_link` WHERE  ( is_confirm=2 ) LIMIT 20 [ RunTime:0.000681s ]
[2021-07-02T05:57:46+08:00][sql] SELECT `article_label` FROM `carver_article` [ RunTime:0.000562s ]
[2021-07-02T05:57:46+08:00][sql] SHOW FULL COLUMNS FROM `carver_carouse` [ RunTime:0.000613s ]
[2021-07-02T05:57:46+08:00][sql] SELECT `carouse_img`,`carouse_desc` FROM `carver_carouse` WHERE  `is_show` = 1 ORDER BY `carouse_sort` DESC LIMIT 3 [ RunTime:0.000357s ]
[2021-07-02T05:57:46+08:00][sql] SHOW FULL COLUMNS FROM `carver_site` [ RunTime:0.000607s ]
[2021-07-02T05:57:46+08:00][sql] SELECT * FROM `carver_site` [ RunTime:0.000330s ]
[2021-07-02T06:10:48+08:00][sql] CONNECT:[ UseTime:0.000616s ] mysql:host=127.0.0.1;port=3306;dbname=carver;charset=utf8
[2021-07-02T06:10:48+08:00][sql] SHOW FULL COLUMNS FROM `carver_user` [ RunTime:0.000816s ]
[2021-07-02T06:10:48+08:00][sql] SHOW FULL COLUMNS FROM `carver_article` [ RunTime:0.000715s ]
[2021-07-02T06:10:48+08:00][sql] SELECT COUNT(*) AS think_count FROM `carver_article` WHERE  `delete_time` = 0  AND `is_show` = 1 [ RunTime:0.000363s ]
[2021-07-02T06:10:48+08:00][sql] SELECT `article_id`,`article_title`,`article_desc`,`article_content`,`article_img`,`article_guide`,`article_label`,`click_num`,`is_show`,`add_time`,`article_author`,`is_top_show` FROM `carver_article` WHERE  `delete_time` = 0  AND `is_show` = 1 ORDER BY `article_id` DESC LIMIT 0,6 [ RunTime:0.000782s ]
[2021-07-02T06:10:48+08:00][sql] SELECT article_id,article_title,click_num,FROM_UNIXTIME(add_time,'%Y-%m-%d') as add_time FROM `carver_article` WHERE  `is_show` = 1  AND `delete_time` = 0 ORDER BY `click_num` DESC LIMIT 3 [ RunTime:0.000689s ]
[2021-07-02T06:10:48+08:00][sql] SHOW FULL COLUMNS FROM `carver_notice` [ RunTime:0.000608s ]
[2021-07-02T06:10:48+08:00][sql] SELECT * FROM `carver_notice` ORDER BY `create_time` DESC LIMIT 3 [ RunTime:0.000267s ]
[2021-07-02T06:10:48+08:00][sql] SHOW FULL COLUMNS FROM `carver_navigation` [ RunTime:0.000564s ]
[2021-07-02T06:10:48+08:00][sql] SELECT * FROM `carver_navigation` [ RunTime:0.000251s ]
[2021-07-02T06:10:48+08:00][sql] SHOW FULL COLUMNS FROM `carver_link` [ RunTime:0.000601s ]
[2021-07-02T06:10:48+08:00][sql] SELECT * FROM `carver_link` WHERE  ( is_confirm=2 ) LIMIT 20 [ RunTime:0.000285s ]
[2021-07-02T06:10:48+08:00][sql] SELECT `article_label` FROM `carver_article` [ RunTime:0.000296s ]
[2021-07-02T06:10:48+08:00][sql] SHOW FULL COLUMNS FROM `carver_carouse` [ RunTime:0.000519s ]
[2021-07-02T06:10:48+08:00][sql] SELECT `carouse_img`,`carouse_desc` FROM `carver_carouse` WHERE  `is_show` = 1 ORDER BY `carouse_sort` DESC LIMIT 3 [ RunTime:0.000295s ]
[2021-07-02T06:10:48+08:00][sql] SHOW FULL COLUMNS FROM `carver_site` [ RunTime:0.000500s ]
[2021-07-02T06:10:48+08:00][sql] SELECT * FROM `carver_site` [ RunTime:0.000239s ]
[2021-07-02T06:42:52+08:00][sql] CONNECT:[ UseTime:0.000493s ] mysql:host=127.0.0.1;port=3306;dbname=carver;charset=utf8
[2021-07-02T06:42:52+08:00][sql] SHOW FULL COLUMNS FROM `carver_article` [ RunTime:0.000884s ]
[2021-07-02T06:42:52+08:00][sql] SELECT COUNT(*) AS think_count FROM `carver_article` WHERE  `article_label` LIKE '%js%'  AND `delete_time` = 0  AND `is_show` = 1 [ RunTime:0.000427s ]
[2021-07-02T06:42:52+08:00][sql] SELECT * FROM `carver_article` WHERE  `article_label` LIKE '%js%'  AND `delete_time` = 0  AND `is_show` = 1 LIMIT 0,6 [ RunTime:0.000962s ]
[2021-07-02T06:42:52+08:00][sql] SELECT article_id,article_title,click_num,FROM_UNIXTIME(add_time,'%Y-%m-%d') as add_time FROM `carver_article` WHERE  `is_show` = 1  AND `delete_time` = 0 ORDER BY `click_num` DESC LIMIT 3 [ RunTime:0.000438s ]
[2021-07-02T06:42:52+08:00][sql] SHOW FULL COLUMNS FROM `carver_notice` [ RunTime:0.000665s ]
[2021-07-02T06:42:52+08:00][sql] SELECT * FROM `carver_notice` ORDER BY `create_time` DESC LIMIT 3 [ RunTime:0.000297s ]
[2021-07-02T06:42:52+08:00][sql] SHOW FULL COLUMNS FROM `carver_navigation` [ RunTime:0.000621s ]
[2021-07-02T06:42:52+08:00][sql] SELECT * FROM `carver_navigation` [ RunTime:0.000274s ]
[2021-07-02T06:42:52+08:00][sql] SHOW FULL COLUMNS FROM `carver_link` [ RunTime:0.000543s ]
[2021-07-02T06:42:52+08:00][sql] SELECT * FROM `carver_link` WHERE  ( is_confirm=2 ) LIMIT 20 [ RunTime:0.000368s ]
[2021-07-02T06:42:52+08:00][sql] SELECT `article_label` FROM `carver_article` [ RunTime:0.000289s ]
[2021-07-02T06:42:52+08:00][sql] SHOW FULL COLUMNS FROM `carver_carouse` [ RunTime:0.000543s ]
[2021-07-02T06:42:52+08:00][sql] SELECT `carouse_img`,`carouse_desc` FROM `carver_carouse` WHERE  `is_show` = 1 ORDER BY `carouse_sort` DESC LIMIT 3 [ RunTime:0.000316s ]
[2021-07-02T06:42:52+08:00][sql] SHOW FULL COLUMNS FROM `carver_site` [ RunTime:0.000590s ]
[2021-07-02T06:42:52+08:00][sql] SELECT * FROM `carver_site` [ RunTime:0.000304s ]
[2021-07-02T06:43:30+08:00][sql] CONNECT:[ UseTime:0.000557s ] mysql:host=127.0.0.1;port=3306;dbname=carver;charset=utf8
[2021-07-02T06:43:30+08:00][sql] SHOW FULL COLUMNS FROM `carver_user` [ RunTime:0.000819s ]
[2021-07-02T06:43:30+08:00][sql] SHOW FULL COLUMNS FROM `carver_article` [ RunTime:0.000727s ]
[2021-07-02T06:43:30+08:00][sql] SELECT COUNT(*) AS think_count FROM `carver_article` WHERE  `delete_time` = 0  AND `is_show` = 1 [ RunTime:0.000375s ]
[2021-07-02T06:43:30+08:00][sql] SELECT `article_id`,`article_title`,`article_desc`,`article_content`,`article_img`,`article_guide`,`article_label`,`click_num`,`is_show`,`add_time`,`article_author`,`is_top_show` FROM `carver_article` WHERE  `delete_time` = 0  AND `is_show` = 1 ORDER BY `article_id` DESC LIMIT 24,6 [ RunTime:0.001069s ]
[2021-07-02T06:43:30+08:00][sql] SELECT article_id,article_title,click_num,FROM_UNIXTIME(add_time,'%Y-%m-%d') as add_time FROM `carver_article` WHERE  `is_show` = 1  AND `delete_time` = 0 ORDER BY `click_num` DESC LIMIT 3 [ RunTime:0.000428s ]
[2021-07-02T06:43:30+08:00][sql] SHOW FULL COLUMNS FROM `carver_notice` [ RunTime:0.000560s ]
[2021-07-02T06:43:30+08:00][sql] SELECT * FROM `carver_notice` ORDER BY `create_time` DESC LIMIT 3 [ RunTime:0.000280s ]
[2021-07-02T06:43:30+08:00][sql] SHOW FULL COLUMNS FROM `carver_navigation` [ RunTime:0.000530s ]
[2021-07-02T06:43:30+08:00][sql] SELECT * FROM `carver_navigation` [ RunTime:0.000248s ]
[2021-07-02T06:43:30+08:00][sql] SHOW FULL COLUMNS FROM `carver_link` [ RunTime:0.000510s ]
[2021-07-02T06:43:30+08:00][sql] SELECT * FROM `carver_link` WHERE  ( is_confirm=2 ) LIMIT 20 [ RunTime:0.000361s ]
[2021-07-02T06:43:30+08:00][sql] SELECT `article_label` FROM `carver_article` [ RunTime:0.000288s ]
[2021-07-02T06:43:30+08:00][sql] SHOW FULL COLUMNS FROM `carver_carouse` [ RunTime:0.000499s ]
[2021-07-02T06:43:30+08:00][sql] SELECT `carouse_img`,`carouse_desc` FROM `carver_carouse` WHERE  `is_show` = 1 ORDER BY `carouse_sort` DESC LIMIT 3 [ RunTime:0.000295s ]
[2021-07-02T06:43:30+08:00][sql] SHOW FULL COLUMNS FROM `carver_site` [ RunTime:0.000559s ]
[2021-07-02T06:43:30+08:00][sql] SELECT * FROM `carver_site` [ RunTime:0.000255s ]
[2021-07-02T06:50:19+08:00][sql] CONNECT:[ UseTime:0.000708s ] mysql:host=127.0.0.1;port=3306;dbname=carver;charset=utf8
[2021-07-02T06:50:19+08:00][sql] SHOW FULL COLUMNS FROM `carver_user` [ RunTime:0.000770s ]
[2021-07-02T06:50:19+08:00][sql] SHOW FULL COLUMNS FROM `carver_article` [ RunTime:0.000790s ]
[2021-07-02T06:50:19+08:00][sql] SELECT COUNT(*) AS think_count FROM `carver_article` WHERE  `delete_time` = 0  AND `is_show` = 1 [ RunTime:0.000380s ]
[2021-07-02T06:50:19+08:00][sql] SELECT `article_id`,`article_title`,`article_desc`,`article_content`,`article_img`,`article_guide`,`article_label`,`click_num`,`is_show`,`add_time`,`article_author`,`is_top_show` FROM `carver_article` WHERE  `delete_time` = 0  AND `is_show` = 1 ORDER BY `article_id` DESC LIMIT 0,6 [ RunTime:0.000736s ]
[2021-07-02T06:50:19+08:00][sql] SELECT article_id,article_title,click_num,FROM_UNIXTIME(add_time,'%Y-%m-%d') as add_time FROM `carver_article` WHERE  `is_show` = 1  AND `delete_time` = 0 ORDER BY `click_num` DESC LIMIT 3 [ RunTime:0.000781s ]
[2021-07-02T06:50:19+08:00][sql] SHOW FULL COLUMNS FROM `carver_notice` [ RunTime:0.000588s ]
[2021-07-02T06:50:19+08:00][sql] SELECT * FROM `carver_notice` ORDER BY `create_time` DESC LIMIT 3 [ RunTime:0.000275s ]
[2021-07-02T06:50:19+08:00][sql] SHOW FULL COLUMNS FROM `carver_navigation` [ RunTime:0.000488s ]
[2021-07-02T06:50:19+08:00][sql] SELECT * FROM `carver_navigation` [ RunTime:0.000293s ]
[2021-07-02T06:50:19+08:00][sql] SHOW FULL COLUMNS FROM `carver_link` [ RunTime:0.000619s ]
[2021-07-02T06:50:19+08:00][sql] SELECT * FROM `carver_link` WHERE  ( is_confirm=2 ) LIMIT 20 [ RunTime:0.000322s ]
[2021-07-02T06:50:19+08:00][sql] SELECT `article_label` FROM `carver_article` [ RunTime:0.000273s ]
[2021-07-02T06:50:19+08:00][sql] SHOW FULL COLUMNS FROM `carver_carouse` [ RunTime:0.000665s ]
[2021-07-02T06:50:19+08:00][sql] SELECT `carouse_img`,`carouse_desc` FROM `carver_carouse` WHERE  `is_show` = 1 ORDER BY `carouse_sort` DESC LIMIT 3 [ RunTime:0.000293s ]
[2021-07-02T06:50:19+08:00][sql] SHOW FULL COLUMNS FROM `carver_site` [ RunTime:0.000495s ]
[2021-07-02T06:50:19+08:00][sql] SELECT * FROM `carver_site` [ RunTime:0.000224s ]
[2021-07-02T07:27:33+08:00][sql] CONNECT:[ UseTime:0.000957s ] mysql:host=127.0.0.1;port=3306;dbname=carver;charset=utf8
[2021-07-02T07:27:33+08:00][sql] SHOW FULL COLUMNS FROM `carver_article` [ RunTime:0.001778s ]
[2021-07-02T07:27:33+08:00][sql] SELECT COUNT(*) AS think_count FROM `carver_article` WHERE  `article_guide` = 50  AND `delete_time` = 0  AND `is_show` = 1 [ RunTime:0.000876s ]
[2021-07-02T07:27:33+08:00][sql] SELECT * FROM `carver_article` WHERE  `article_guide` = 50  AND `delete_time` = 0  AND `is_show` = 1 ORDER BY `add_time` DESC LIMIT 0,6 [ RunTime:0.001104s ]
[2021-07-02T07:27:33+08:00][sql] SELECT article_id,article_title,click_num,FROM_UNIXTIME(add_time,'%Y-%m-%d') as add_time FROM `carver_article` WHERE  `is_show` = 1  AND `delete_time` = 0 ORDER BY `click_num` DESC LIMIT 3 [ RunTime:0.000522s ]
[2021-07-02T07:27:33+08:00][sql] SHOW FULL COLUMNS FROM `carver_notice` [ RunTime:0.000732s ]
[2021-07-02T07:27:33+08:00][sql] SELECT * FROM `carver_notice` ORDER BY `create_time` DESC LIMIT 3 [ RunTime:0.000330s ]
[2021-07-02T07:27:33+08:00][sql] SHOW FULL COLUMNS FROM `carver_navigation` [ RunTime:0.000699s ]
[2021-07-02T07:27:33+08:00][sql] SELECT * FROM `carver_navigation` [ RunTime:0.000283s ]
[2021-07-02T07:27:33+08:00][sql] SELECT `article_label` FROM `carver_article` [ RunTime:0.000326s ]
[2021-07-02T07:27:33+08:00][sql] SHOW FULL COLUMNS FROM `carver_carouse` [ RunTime:0.000571s ]
[2021-07-02T07:27:33+08:00][sql] SELECT `carouse_img`,`carouse_desc` FROM `carver_carouse` WHERE  `is_show` = 1 ORDER BY `carouse_sort` DESC LIMIT 3 [ RunTime:0.000313s ]
[2021-07-02T07:27:33+08:00][sql] SHOW FULL COLUMNS FROM `carver_link` [ RunTime:0.000722s ]
[2021-07-02T07:27:33+08:00][sql] SELECT * FROM `carver_link` WHERE  ( is_confirm=2 ) LIMIT 20 [ RunTime:0.000349s ]
[2021-07-02T07:27:33+08:00][sql] SHOW FULL COLUMNS FROM `carver_site` [ RunTime:0.000604s ]
[2021-07-02T07:27:33+08:00][sql] SELECT * FROM `carver_site` [ RunTime:0.000293s ]
[2021-07-02T11:53:45+08:00][sql] CONNECT:[ UseTime:0.000774s ] mysql:host=127.0.0.1;port=3306;dbname=carver;charset=utf8
[2021-07-02T11:53:45+08:00][sql] SHOW FULL COLUMNS FROM `carver_article` [ RunTime:0.000917s ]
[2021-07-02T11:53:45+08:00][sql] SELECT `article_id`,`article_title`,`article_desc`,`article_content`,`article_img`,`article_guide`,`article_label`,`click_num`,`is_show`,`add_time`,`article_author` FROM `carver_article` WHERE  `article_id` = 18'A=0 LIMIT 1 [ RunTime:0.000523s ]
[2021-07-02T11:53:45+08:00][sql] SELECT `article_id`,`article_title`,`article_desc`,`article_content`,`article_img`,`article_guide`,`article_label`,`click_num`,`is_show`,`add_time`,`article_author` FROM `carver_article` WHERE  `article_id` > 18'A=0 LIMIT 1 [ RunTime:0.002955s ]
[2021-07-02T11:53:45+08:00][sql] SELECT `article_id`,`article_title`,`article_desc`,`article_content`,`article_img`,`article_guide`,`article_label`,`click_num`,`is_show`,`add_time`,`article_author` FROM `carver_article` WHERE  `article_id` < 18'A=0 ORDER BY `article_id` DESC LIMIT 1 [ RunTime:0.000465s ]
[2021-07-02T11:53:45+08:00][sql] SHOW FULL COLUMNS FROM `carver_link` [ RunTime:0.000551s ]
[2021-07-02T11:53:45+08:00][sql] SELECT * FROM `carver_link` WHERE  ( is_confirm=2 ) LIMIT 20 [ RunTime:0.000307s ]
[2021-07-02T11:53:45+08:00][sql] SELECT article_id,article_title,click_num,FROM_UNIXTIME(add_time,'%Y-%m-%d') as add_time FROM `carver_article` ORDER BY `click_num` DESC LIMIT 3 [ RunTime:0.000345s ]
[2021-07-02T11:53:45+08:00][sql] SHOW FULL COLUMNS FROM `carver_comment` [ RunTime:0.000544s ]
[2021-07-02T11:53:45+08:00][sql] SELECT `a`.*,`b`.`user_name` FROM `carver_comment` `a` INNER JOIN `carver_user` `b` ON `a`.`user_id`=`b`.`user_id` WHERE  `article_id` = 18'A=0 ORDER BY `create_time` DESC [ RunTime:0.000354s ]
[2021-07-02T11:53:45+08:00][sql] SHOW FULL COLUMNS FROM `carver_comment_to_others` [ RunTime:0.000540s ]
[2021-07-02T11:53:45+08:00][sql] SELECT * FROM `carver_comment_to_others` [ RunTime:0.000255s ]
[2021-07-02T11:53:45+08:00][sql] SHOW FULL COLUMNS FROM `carver_user` [ RunTime:0.000437s ]
[2021-07-02T11:53:45+08:00][sql] SELECT `user_name` FROM `carver_user` WHERE  `user_id` = 4 LIMIT 1 [ RunTime:0.000244s ]
[2021-07-02T11:53:45+08:00][sql] SELECT `user_name` FROM `carver_user` WHERE  `user_id` = 4 LIMIT 1 [ RunTime:0.000209s ]
[2021-07-02T11:53:45+08:00][sql] SELECT `user_name` FROM `carver_user` WHERE  `user_id` = 5 LIMIT 1 [ RunTime:0.000223s ]
[2021-07-02T11:53:45+08:00][sql] SELECT `user_name` FROM `carver_user` WHERE  `user_id` = 5 LIMIT 1 [ RunTime:0.000219s ]
[2021-07-02T11:53:45+08:00][sql] SELECT `user_name` FROM `carver_user` WHERE  `user_id` = 37 LIMIT 1 [ RunTime:0.000213s ]
[2021-07-02T11:53:45+08:00][sql] SELECT `user_name`,`user_id` FROM `carver_user` [ RunTime:0.000244s ]
[2021-07-02T11:53:45+08:00][sql] SHOW FULL COLUMNS FROM `carver_navigation` [ RunTime:0.000542s ]
[2021-07-02T11:53:45+08:00][sql] SELECT * FROM `carver_navigation` [ RunTime:0.000242s ]
[2021-07-02T11:53:45+08:00][sql] SELECT `article_label` FROM `carver_article` [ RunTime:0.000240s ]
[2021-07-02T12:08:01+08:00][sql] CONNECT:[ UseTime:0.000533s ] mysql:host=127.0.0.1;port=3306;dbname=carver;charset=utf8
[2021-07-02T12:08:01+08:00][sql] SHOW FULL COLUMNS FROM `carver_user` [ RunTime:0.000804s ]
[2021-07-02T12:08:01+08:00][sql] SHOW FULL COLUMNS FROM `carver_article` [ RunTime:0.000678s ]
[2021-07-02T12:08:01+08:00][sql] SELECT COUNT(*) AS think_count FROM `carver_article` WHERE  `delete_time` = 0  AND `is_show` = 1 [ RunTime:0.000384s ]
[2021-07-02T12:08:01+08:00][sql] SELECT `article_id`,`article_title`,`article_desc`,`article_content`,`article_img`,`article_guide`,`article_label`,`click_num`,`is_show`,`add_time`,`article_author`,`is_top_show` FROM `carver_article` WHERE  `delete_time` = 0  AND `is_show` = 1 ORDER BY `article_id` DESC LIMIT 18,6 [ RunTime:0.001630s ]
[2021-07-02T12:08:01+08:00][sql] SELECT article_id,article_title,click_num,FROM_UNIXTIME(add_time,'%Y-%m-%d') as add_time FROM `carver_article` WHERE  `is_show` = 1  AND `delete_time` = 0 ORDER BY `click_num` DESC LIMIT 3 [ RunTime:0.000654s ]
[2021-07-02T12:08:01+08:00][sql] SHOW FULL COLUMNS FROM `carver_notice` [ RunTime:0.000589s ]
[2021-07-02T12:08:01+08:00][sql] SELECT * FROM `carver_notice` ORDER BY `create_time` DESC LIMIT 3 [ RunTime:0.000269s ]
[2021-07-02T12:08:01+08:00][sql] SHOW FULL COLUMNS FROM `carver_navigation` [ RunTime:0.000537s ]
[2021-07-02T12:08:01+08:00][sql] SELECT * FROM `carver_navigation` [ RunTime:0.000246s ]
[2021-07-02T12:08:01+08:00][sql] SHOW FULL COLUMNS FROM `carver_link` [ RunTime:0.000492s ]
[2021-07-02T12:08:01+08:00][sql] SELECT * FROM `carver_link` WHERE  ( is_confirm=2 ) LIMIT 20 [ RunTime:0.000263s ]
[2021-07-02T12:08:01+08:00][sql] SELECT `article_label` FROM `carver_article` [ RunTime:0.000288s ]
[2021-07-02T12:08:01+08:00][sql] SHOW FULL COLUMNS FROM `carver_carouse` [ RunTime:0.000511s ]
[2021-07-02T12:08:01+08:00][sql] SELECT `carouse_img`,`carouse_desc` FROM `carver_carouse` WHERE  `is_show` = 1 ORDER BY `carouse_sort` DESC LIMIT 3 [ RunTime:0.000300s ]
[2021-07-02T12:08:01+08:00][sql] SHOW FULL COLUMNS FROM `carver_site` [ RunTime:0.000507s ]
[2021-07-02T12:08:01+08:00][sql] SELECT * FROM `carver_site` [ RunTime:0.000245s ]
[2021-07-02T12:39:57+08:00][sql] CONNECT:[ UseTime:0.000611s ] mysql:host=127.0.0.1;port=3306;dbname=carver;charset=utf8
[2021-07-02T12:39:57+08:00][sql] SHOW FULL COLUMNS FROM `carver_user` [ RunTime:0.000826s ]
[2021-07-02T12:39:57+08:00][sql] SHOW FULL COLUMNS FROM `carver_article` [ RunTime:0.000773s ]
[2021-07-02T12:39:57+08:00][sql] SELECT COUNT(*) AS think_count FROM `carver_article` WHERE  `delete_time` = 0  AND `is_show` = 1 [ RunTime:0.000389s ]
[2021-07-02T12:39:57+08:00][sql] SELECT `article_id`,`article_title`,`article_desc`,`article_content`,`article_img`,`article_guide`,`article_label`,`click_num`,`is_show`,`add_time`,`article_author`,`is_top_show` FROM `carver_article` WHERE  `delete_time` = 0  AND `is_show` = 1 ORDER BY `article_id` DESC LIMIT 0,6 [ RunTime:0.000746s ]
[2021-07-02T12:39:57+08:00][sql] SELECT article_id,article_title,click_num,FROM_UNIXTIME(add_time,'%Y-%m-%d') as add_time FROM `carver_article` WHERE  `is_show` = 1  AND `delete_time` = 0 ORDER BY `click_num` DESC LIMIT 3 [ RunTime:0.000485s ]
[2021-07-02T12:39:57+08:00][sql] SHOW FULL COLUMNS FROM `carver_notice` [ RunTime:0.000575s ]
[2021-07-02T12:39:57+08:00][sql] SELECT * FROM `carver_notice` ORDER BY `create_time` DESC LIMIT 3 [ RunTime:0.000290s ]
[2021-07-02T12:39:57+08:00][sql] SHOW FULL COLUMNS FROM `carver_navigation` [ RunTime:0.000518s ]
[2021-07-02T12:39:57+08:00][sql] SELECT * FROM `carver_navigation` [ RunTime:0.000247s ]
[2021-07-02T12:39:57+08:00][sql] SHOW FULL COLUMNS FROM `carver_link` [ RunTime:0.000496s ]
[2021-07-02T12:39:57+08:00][sql] SELECT * FROM `carver_link` WHERE  ( is_confirm=2 ) LIMIT 20 [ RunTime:0.000294s ]
[2021-07-02T12:39:57+08:00][sql] SELECT `article_label` FROM `carver_article` [ RunTime:0.000279s ]
[2021-07-02T12:39:57+08:00][sql] SHOW FULL COLUMNS FROM `carver_carouse` [ RunTime:0.000488s ]
[2021-07-02T12:39:57+08:00][sql] SELECT `carouse_img`,`carouse_desc` FROM `carver_carouse` WHERE  `is_show` = 1 ORDER BY `carouse_sort` DESC LIMIT 3 [ RunTime:0.000296s ]
[2021-07-02T12:39:57+08:00][sql] SHOW FULL COLUMNS FROM `carver_site` [ RunTime:0.000508s ]
[2021-07-02T12:39:57+08:00][sql] SELECT * FROM `carver_site` [ RunTime:0.000243s ]
[2021-07-02T12:50:52+08:00][sql] CONNECT:[ UseTime:0.000568s ] mysql:host=127.0.0.1;port=3306;dbname=carver;charset=utf8
[2021-07-02T12:50:52+08:00][sql] SHOW FULL COLUMNS FROM `carver_user` [ RunTime:0.000808s ]
[2021-07-02T12:50:52+08:00][sql] SHOW FULL COLUMNS FROM `carver_article` [ RunTime:0.000791s ]
[2021-07-02T12:50:52+08:00][sql] SELECT COUNT(*) AS think_count FROM `carver_article` WHERE  `delete_time` = 0  AND `is_show` = 1 [ RunTime:0.000362s ]
[2021-07-02T12:50:52+08:00][sql] SELECT `article_id`,`article_title`,`article_desc`,`article_content`,`article_img`,`article_guide`,`article_label`,`click_num`,`is_show`,`add_time`,`article_author`,`is_top_show` FROM `carver_article` WHERE  `delete_time` = 0  AND `is_show` = 1 ORDER BY `article_id` DESC LIMIT 0,6 [ RunTime:0.000764s ]
[2021-07-02T12:50:52+08:00][sql] SELECT article_id,article_title,click_num,FROM_UNIXTIME(add_time,'%Y-%m-%d') as add_time FROM `carver_article` WHERE  `is_show` = 1  AND `delete_time` = 0 ORDER BY `click_num` DESC LIMIT 3 [ RunTime:0.000949s ]
[2021-07-02T12:50:52+08:00][sql] SHOW FULL COLUMNS FROM `carver_notice` [ RunTime:0.000711s ]
[2021-07-02T12:50:52+08:00][sql] SELECT * FROM `carver_notice` ORDER BY `create_time` DESC LIMIT 3 [ RunTime:0.000326s ]
[2021-07-02T12:50:52+08:00][sql] SHOW FULL COLUMNS FROM `carver_navigation` [ RunTime:0.000593s ]
[2021-07-02T12:50:52+08:00][sql] SELECT * FROM `carver_navigation` [ RunTime:0.000288s ]
[2021-07-02T12:50:52+08:00][sql] SHOW FULL COLUMNS FROM `carver_link` [ RunTime:0.000582s ]
[2021-07-02T12:50:52+08:00][sql] SELECT * FROM `carver_link` WHERE  ( is_confirm=2 ) LIMIT 20 [ RunTime:0.000280s ]
[2021-07-02T12:50:52+08:00][sql] SELECT `article_label` FROM `carver_article` [ RunTime:0.000289s ]
[2021-07-02T12:50:52+08:00][sql] SHOW FULL COLUMNS FROM `carver_carouse` [ RunTime:0.000482s ]
[2021-07-02T12:50:52+08:00][sql] SELECT `carouse_img`,`carouse_desc` FROM `carver_carouse` WHERE  `is_show` = 1 ORDER BY `carouse_sort` DESC LIMIT 3 [ RunTime:0.000276s ]
[2021-07-02T12:50:52+08:00][sql] SHOW FULL COLUMNS FROM `carver_site` [ RunTime:0.000476s ]
[2021-07-02T12:50:52+08:00][sql] SELECT * FROM `carver_site` [ RunTime:0.000219s ]
[2021-07-02T14:39:04+08:00][sql] CONNECT:[ UseTime:0.000551s ] mysql:host=127.0.0.1;port=3306;dbname=carver;charset=utf8
[2021-07-02T14:39:04+08:00][sql] SHOW FULL COLUMNS FROM `carver_article` [ RunTime:0.000931s ]
[2021-07-02T14:39:04+08:00][sql] SELECT COUNT(*) AS think_count FROM `carver_article` WHERE  `article_label` LIKE '%angerjs%'  AND `delete_time` = 0  AND `is_show` = 1 [ RunTime:0.000425s ]
[2021-07-02T14:39:04+08:00][sql] SELECT * FROM `carver_article` WHERE  `article_label` LIKE '%angerjs%'  AND `delete_time` = 0  AND `is_show` = 1 LIMIT 0,6 [ RunTime:0.000965s ]
[2021-07-02T14:39:04+08:00][sql] SELECT article_id,article_title,click_num,FROM_UNIXTIME(add_time,'%Y-%m-%d') as add_time FROM `carver_article` WHERE  `is_show` = 1  AND `delete_time` = 0 ORDER BY `click_num` DESC LIMIT 3 [ RunTime:0.000546s ]
[2021-07-02T14:39:04+08:00][sql] SHOW FULL COLUMNS FROM `carver_notice` [ RunTime:0.000648s ]
[2021-07-02T14:39:04+08:00][sql] SELECT * FROM `carver_notice` ORDER BY `create_time` DESC LIMIT 3 [ RunTime:0.000316s ]
[2021-07-02T14:39:04+08:00][sql] SHOW FULL COLUMNS FROM `carver_navigation` [ RunTime:0.000618s ]
[2021-07-02T14:39:04+08:00][sql] SELECT * FROM `carver_navigation` [ RunTime:0.000285s ]
[2021-07-02T14:39:04+08:00][sql] SHOW FULL COLUMNS FROM `carver_link` [ RunTime:0.000559s ]
[2021-07-02T14:39:04+08:00][sql] SELECT * FROM `carver_link` WHERE  ( is_confirm=2 ) LIMIT 20 [ RunTime:0.000337s ]
[2021-07-02T14:39:04+08:00][sql] SELECT `article_label` FROM `carver_article` [ RunTime:0.000296s ]
[2021-07-02T14:39:04+08:00][sql] SHOW FULL COLUMNS FROM `carver_carouse` [ RunTime:0.000645s ]
[2021-07-02T14:39:04+08:00][sql] SELECT `carouse_img`,`carouse_desc` FROM `carver_carouse` WHERE  `is_show` = 1 ORDER BY `carouse_sort` DESC LIMIT 3 [ RunTime:0.000319s ]
[2021-07-02T14:39:04+08:00][sql] SHOW FULL COLUMNS FROM `carver_site` [ RunTime:0.000633s ]
[2021-07-02T14:39:04+08:00][sql] SELECT * FROM `carver_site` [ RunTime:0.000309s ]
[2021-07-02T15:48:23+08:00][sql] CONNECT:[ UseTime:0.000949s ] mysql:host=127.0.0.1;port=3306;dbname=carver;charset=utf8
[2021-07-02T15:48:23+08:00][sql] SHOW FULL COLUMNS FROM `carver_article` [ RunTime:0.000879s ]
[2021-07-02T15:48:23+08:00][sql] SELECT `article_id`,`article_title`,`article_desc`,`article_content`,`article_img`,`article_guide`,`article_label`,`click_num`,`is_show`,`add_time`,`article_author` FROM `carver_article` WHERE  `article_id` = 17 LIMIT 1 [ RunTime:0.000628s ]
[2021-07-02T15:48:23+08:00][sql] SELECT `article_id`,`article_title`,`article_desc`,`article_content`,`article_img`,`article_guide`,`article_label`,`click_num`,`is_show`,`add_time`,`article_author` FROM `carver_article` WHERE  `article_id` > 17 LIMIT 1 [ RunTime:0.000445s ]
[2021-07-02T15:48:23+08:00][sql] SELECT `article_id`,`article_title`,`article_desc`,`article_content`,`article_img`,`article_guide`,`article_label`,`click_num`,`is_show`,`add_time`,`article_author` FROM `carver_article` WHERE  `article_id` < 17 ORDER BY `article_id` DESC LIMIT 1 [ RunTime:0.000376s ]
[2021-07-02T15:48:23+08:00][sql] SHOW FULL COLUMNS FROM `carver_link` [ RunTime:0.000660s ]
[2021-07-02T15:48:23+08:00][sql] SELECT * FROM `carver_link` WHERE  ( is_confirm=2 ) LIMIT 20 [ RunTime:0.000307s ]
[2021-07-02T15:48:23+08:00][sql] SELECT article_id,article_title,click_num,FROM_UNIXTIME(add_time,'%Y-%m-%d') as add_time FROM `carver_article` ORDER BY `click_num` DESC LIMIT 3 [ RunTime:0.000362s ]
[2021-07-02T15:48:23+08:00][sql] SHOW FULL COLUMNS FROM `carver_comment` [ RunTime:0.000586s ]
[2021-07-02T15:48:23+08:00][sql] SELECT `a`.*,`b`.`user_name` FROM `carver_comment` `a` INNER JOIN `carver_user` `b` ON `a`.`user_id`=`b`.`user_id` WHERE  `article_id` = 17 ORDER BY `create_time` DESC [ RunTime:0.000392s ]
[2021-07-02T15:48:23+08:00][sql] SHOW FULL COLUMNS FROM `carver_comment_to_others` [ RunTime:0.000598s ]
[2021-07-02T15:48:23+08:00][sql] SELECT * FROM `carver_comment_to_others` [ RunTime:0.000256s ]
[2021-07-02T15:48:23+08:00][sql] SHOW FULL COLUMNS FROM `carver_user` [ RunTime:0.000465s ]
[2021-07-02T15:48:23+08:00][sql] SELECT `user_name` FROM `carver_user` WHERE  `user_id` = 4 LIMIT 1 [ RunTime:0.000259s ]
[2021-07-02T15:48:23+08:00][sql] SELECT `user_name` FROM `carver_user` WHERE  `user_id` = 4 LIMIT 1 [ RunTime:0.000218s ]
[2021-07-02T15:48:23+08:00][sql] SELECT `user_name` FROM `carver_user` WHERE  `user_id` = 5 LIMIT 1 [ RunTime:0.000252s ]
[2021-07-02T15:48:23+08:00][sql] SELECT `user_name` FROM `carver_user` WHERE  `user_id` = 5 LIMIT 1 [ RunTime:0.000222s ]
[2021-07-02T15:48:23+08:00][sql] SELECT `user_name` FROM `carver_user` WHERE  `user_id` = 37 LIMIT 1 [ RunTime:0.000221s ]
[2021-07-02T15:48:23+08:00][sql] SELECT `user_name`,`user_id` FROM `carver_user` [ RunTime:0.000252s ]
[2021-07-02T15:48:23+08:00][sql] SHOW FULL COLUMNS FROM `carver_navigation` [ RunTime:0.000574s ]
[2021-07-02T15:48:23+08:00][sql] SELECT * FROM `carver_navigation` [ RunTime:0.000311s ]
[2021-07-02T15:48:23+08:00][sql] SELECT `article_label` FROM `carver_article` [ RunTime:0.000270s ]
[2021-07-02T15:48:24+08:00][sql] CONNECT:[ UseTime:0.000617s ] mysql:host=127.0.0.1;port=3306;dbname=carver;charset=utf8
[2021-07-02T15:48:24+08:00][sql] SHOW FULL COLUMNS FROM `carver_article` [ RunTime:0.000884s ]
[2021-07-02T15:48:24+08:00][sql] SELECT `article_id`,`article_title`,`article_desc`,`article_content`,`article_img`,`article_guide`,`article_label`,`click_num`,`is_show`,`add_time`,`article_author` FROM `carver_article` WHERE  `article_id` = 17'[0] LIMIT 1 [ RunTime:0.000605s ]
[2021-07-02T15:48:24+08:00][sql] SELECT `article_id`,`article_title`,`article_desc`,`article_content`,`article_img`,`article_guide`,`article_label`,`click_num`,`is_show`,`add_time`,`article_author` FROM `carver_article` WHERE  `article_id` > 17'[0] LIMIT 1 [ RunTime:0.000426s ]
[2021-07-02T15:48:24+08:00][sql] SELECT `article_id`,`article_title`,`article_desc`,`article_content`,`article_img`,`article_guide`,`article_label`,`click_num`,`is_show`,`add_time`,`article_author` FROM `carver_article` WHERE  `article_id` < 17'[0] ORDER BY `article_id` DESC LIMIT 1 [ RunTime:0.000357s ]
[2021-07-02T15:48:24+08:00][sql] SHOW FULL COLUMNS FROM `carver_link` [ RunTime:0.000595s ]
[2021-07-02T15:48:24+08:00][sql] SELECT * FROM `carver_link` WHERE  ( is_confirm=2 ) LIMIT 20 [ RunTime:0.000293s ]
[2021-07-02T15:48:24+08:00][sql] SELECT article_id,article_title,click_num,FROM_UNIXTIME(add_time,'%Y-%m-%d') as add_time FROM `carver_article` ORDER BY `click_num` DESC LIMIT 3 [ RunTime:0.000362s ]
[2021-07-02T15:48:24+08:00][sql] SHOW FULL COLUMNS FROM `carver_comment` [ RunTime:0.000657s ]
[2021-07-02T15:48:24+08:00][sql] SELECT `a`.*,`b`.`user_name` FROM `carver_comment` `a` INNER JOIN `carver_user` `b` ON `a`.`user_id`=`b`.`user_id` WHERE  `article_id` = 17'[0] ORDER BY `create_time` DESC [ RunTime:0.000359s ]
[2021-07-02T15:48:24+08:00][sql] SHOW FULL COLUMNS FROM `carver_comment_to_others` [ RunTime:0.000579s ]
[2021-07-02T15:48:24+08:00][sql] SELECT * FROM `carver_comment_to_others` [ RunTime:0.000271s ]
[2021-07-02T15:48:24+08:00][sql] SHOW FULL COLUMNS FROM `carver_user` [ RunTime:0.000505s ]
[2021-07-02T15:48:24+08:00][sql] SELECT `user_name` FROM `carver_user` WHERE  `user_id` = 4 LIMIT 1 [ RunTime:0.000239s ]
[2021-07-02T15:48:24+08:00][sql] SELECT `user_name` FROM `carver_user` WHERE  `user_id` = 4 LIMIT 1 [ RunTime:0.000221s ]
[2021-07-02T15:48:24+08:00][sql] SELECT `user_name` FROM `carver_user` WHERE  `user_id` = 5 LIMIT 1 [ RunTime:0.000235s ]
[2021-07-02T15:48:24+08:00][sql] SELECT `user_name` FROM `carver_user` WHERE  `user_id` = 5 LIMIT 1 [ RunTime:0.000206s ]
[2021-07-02T15:48:24+08:00][sql] SELECT `user_name` FROM `carver_user` WHERE  `user_id` = 37 LIMIT 1 [ RunTime:0.000225s ]
[2021-07-02T15:48:24+08:00][sql] SHOW FULL COLUMNS FROM `carver_navigation` [ RunTime:0.000591s ]
[2021-07-02T15:48:24+08:00][sql] SELECT * FROM `carver_navigation` [ RunTime:0.000238s ]
[2021-07-02T15:48:24+08:00][sql] SELECT `article_label` FROM `carver_article` [ RunTime:0.000260s ]
[2021-07-02T17:11:35+08:00][sql] CONNECT:[ UseTime:0.000657s ] mysql:host=127.0.0.1;port=3306;dbname=carver;charset=utf8
[2021-07-02T17:11:35+08:00][sql] SHOW FULL COLUMNS FROM `carver_user` [ RunTime:0.000829s ]
[2021-07-02T17:11:35+08:00][sql] SHOW FULL COLUMNS FROM `carver_article` [ RunTime:0.000723s ]
[2021-07-02T17:11:35+08:00][sql] SELECT COUNT(*) AS think_count FROM `carver_article` WHERE  `delete_time` = 0  AND `is_show` = 1 [ RunTime:0.000365s ]
[2021-07-02T17:11:35+08:00][sql] SELECT `article_id`,`article_title`,`article_desc`,`article_content`,`article_img`,`article_guide`,`article_label`,`click_num`,`is_show`,`add_time`,`article_author`,`is_top_show` FROM `carver_article` WHERE  `delete_time` = 0  AND `is_show` = 1 ORDER BY `article_id` DESC LIMIT 24,6 [ RunTime:0.001063s ]
[2021-07-02T17:11:35+08:00][sql] SELECT article_id,article_title,click_num,FROM_UNIXTIME(add_time,'%Y-%m-%d') as add_time FROM `carver_article` WHERE  `is_show` = 1  AND `delete_time` = 0 ORDER BY `click_num` DESC LIMIT 3 [ RunTime:0.000468s ]
[2021-07-02T17:11:35+08:00][sql] SHOW FULL COLUMNS FROM `carver_notice` [ RunTime:0.000558s ]
[2021-07-02T17:11:35+08:00][sql] SELECT * FROM `carver_notice` ORDER BY `create_time` DESC LIMIT 3 [ RunTime:0.000285s ]
[2021-07-02T17:11:35+08:00][sql] SHOW FULL COLUMNS FROM `carver_navigation` [ RunTime:0.000622s ]
[2021-07-02T17:11:35+08:00][sql] SELECT * FROM `carver_navigation` [ RunTime:0.000237s ]
[2021-07-02T17:11:35+08:00][sql] SHOW FULL COLUMNS FROM `carver_link` [ RunTime:0.000474s ]
[2021-07-02T17:11:35+08:00][sql] SELECT * FROM `carver_link` WHERE  ( is_confirm=2 ) LIMIT 20 [ RunTime:0.000299s ]
[2021-07-02T17:11:35+08:00][sql] SELECT `article_label` FROM `carver_article` [ RunTime:0.000275s ]
[2021-07-02T17:11:35+08:00][sql] SHOW FULL COLUMNS FROM `carver_carouse` [ RunTime:0.000593s ]
[2021-07-02T17:11:35+08:00][sql] SELECT `carouse_img`,`carouse_desc` FROM `carver_carouse` WHERE  `is_show` = 1 ORDER BY `carouse_sort` DESC LIMIT 3 [ RunTime:0.000296s ]
[2021-07-02T17:11:35+08:00][sql] SHOW FULL COLUMNS FROM `carver_site` [ RunTime:0.000478s ]
[2021-07-02T17:11:35+08:00][sql] SELECT * FROM `carver_site` [ RunTime:0.000302s ]
[2021-07-02T18:53:31+08:00][sql] CONNECT:[ UseTime:0.000657s ] mysql:host=127.0.0.1;port=3306;dbname=carver;charset=utf8
[2021-07-02T18:53:31+08:00][sql] SHOW FULL COLUMNS FROM `carver_article` [ RunTime:0.000905s ]
[2021-07-02T18:53:31+08:00][sql] SELECT COUNT(*) AS think_count FROM `carver_article` WHERE  `article_label` LIKE '%php;excel/%'  AND `delete_time` = 0  AND `is_show` = 1 [ RunTime:0.000405s ]
[2021-07-02T18:53:31+08:00][sql] SELECT * FROM `carver_article` WHERE  `article_label` LIKE '%php;excel/%'  AND `delete_time` = 0  AND `is_show` = 1 LIMIT 0,6 [ RunTime:0.000940s ]
[2021-07-02T18:53:31+08:00][sql] SELECT article_id,article_title,click_num,FROM_UNIXTIME(add_time,'%Y-%m-%d') as add_time FROM `carver_article` WHERE  `is_show` = 1  AND `delete_time` = 0 ORDER BY `click_num` DESC LIMIT 3 [ RunTime:0.000514s ]
[2021-07-02T18:53:31+08:00][sql] SHOW FULL COLUMNS FROM `carver_notice` [ RunTime:0.000646s ]
[2021-07-02T18:53:31+08:00][sql] SELECT * FROM `carver_notice` ORDER BY `create_time` DESC LIMIT 3 [ RunTime:0.000332s ]
[2021-07-02T18:53:31+08:00][sql] SHOW FULL COLUMNS FROM `carver_navigation` [ RunTime:0.000593s ]
[2021-07-02T18:53:31+08:00][sql] SELECT * FROM `carver_navigation` [ RunTime:0.000291s ]
[2021-07-02T18:53:31+08:00][sql] SHOW FULL COLUMNS FROM `carver_link` [ RunTime:0.000522s ]
[2021-07-02T18:53:31+08:00][sql] SELECT * FROM `carver_link` WHERE  ( is_confirm=2 ) LIMIT 20 [ RunTime:0.000420s ]
[2021-07-02T18:53:31+08:00][sql] SELECT `article_label` FROM `carver_article` [ RunTime:0.000300s ]
[2021-07-02T18:53:31+08:00][sql] SHOW FULL COLUMNS FROM `carver_carouse` [ RunTime:0.000535s ]
[2021-07-02T18:53:31+08:00][sql] SELECT `carouse_img`,`carouse_desc` FROM `carver_carouse` WHERE  `is_show` = 1 ORDER BY `carouse_sort` DESC LIMIT 3 [ RunTime:0.000337s ]
[2021-07-02T18:53:31+08:00][sql] SHOW FULL COLUMNS FROM `carver_site` [ RunTime:0.000554s ]
[2021-07-02T18:53:31+08:00][sql] SELECT * FROM `carver_site` [ RunTime:0.000318s ]
[2021-07-02T18:53:53+08:00][sql] CONNECT:[ UseTime:0.000542s ] mysql:host=127.0.0.1;port=3306;dbname=carver;charset=utf8
[2021-07-02T18:53:53+08:00][sql] SHOW FULL COLUMNS FROM `carver_article` [ RunTime:0.000910s ]
[2021-07-02T18:53:53+08:00][sql] SELECT COUNT(*) AS think_count FROM `carver_article` WHERE  `article_label` LIKE '%php;javascript/%'  AND `delete_time` = 0  AND `is_show` = 1 [ RunTime:0.000429s ]
[2021-07-02T18:53:53+08:00][sql] SELECT * FROM `carver_article` WHERE  `article_label` LIKE '%php;javascript/%'  AND `delete_time` = 0  AND `is_show` = 1 LIMIT 0,6 [ RunTime:0.001021s ]
[2021-07-02T18:53:53+08:00][sql] SELECT article_id,article_title,click_num,FROM_UNIXTIME(add_time,'%Y-%m-%d') as add_time FROM `carver_article` WHERE  `is_show` = 1  AND `delete_time` = 0 ORDER BY `click_num` DESC LIMIT 3 [ RunTime:0.000497s ]
[2021-07-02T18:53:53+08:00][sql] SHOW FULL COLUMNS FROM `carver_notice` [ RunTime:0.000705s ]
[2021-07-02T18:53:53+08:00][sql] SELECT * FROM `carver_notice` ORDER BY `create_time` DESC LIMIT 3 [ RunTime:0.000315s ]
[2021-07-02T18:53:53+08:00][sql] SHOW FULL COLUMNS FROM `carver_navigation` [ RunTime:0.000679s ]
[2021-07-02T18:53:53+08:00][sql] SELECT * FROM `carver_navigation` [ RunTime:0.000287s ]
[2021-07-02T18:53:53+08:00][sql] SHOW FULL COLUMNS FROM `carver_link` [ RunTime:0.000547s ]
[2021-07-02T18:53:53+08:00][sql] SELECT * FROM `carver_link` WHERE  ( is_confirm=2 ) LIMIT 20 [ RunTime:0.000347s ]
[2021-07-02T18:53:53+08:00][sql] SELECT `article_label` FROM `carver_article` [ RunTime:0.000288s ]
[2021-07-02T18:53:53+08:00][sql] SHOW FULL COLUMNS FROM `carver_carouse` [ RunTime:0.000510s ]
[2021-07-02T18:53:53+08:00][sql] SELECT `carouse_img`,`carouse_desc` FROM `carver_carouse` WHERE  `is_show` = 1 ORDER BY `carouse_sort` DESC LIMIT 3 [ RunTime:0.000376s ]
[2021-07-02T18:53:53+08:00][sql] SHOW FULL COLUMNS FROM `carver_site` [ RunTime:0.000580s ]
[2021-07-02T18:53:53+08:00][sql] SELECT * FROM `carver_site` [ RunTime:0.000325s ]
[2021-07-02T18:54:06+08:00][sql] CONNECT:[ UseTime:0.000663s ] mysql:host=127.0.0.1;port=3306;dbname=carver;charset=utf8
[2021-07-02T18:54:06+08:00][sql] SHOW FULL COLUMNS FROM `carver_article` [ RunTime:0.000859s ]
[2021-07-02T18:54:06+08:00][sql] SELECT COUNT(*) AS think_count FROM `carver_article` WHERE  `article_label` LIKE '%swoole;php/%'  AND `delete_time` = 0  AND `is_show` = 1 [ RunTime:0.000422s ]
[2021-07-02T18:54:06+08:00][sql] SELECT * FROM `carver_article` WHERE  `article_label` LIKE '%swoole;php/%'  AND `delete_time` = 0  AND `is_show` = 1 LIMIT 0,6 [ RunTime:0.001010s ]
[2021-07-02T18:54:06+08:00][sql] SELECT article_id,article_title,click_num,FROM_UNIXTIME(add_time,'%Y-%m-%d') as add_time FROM `carver_article` WHERE  `is_show` = 1  AND `delete_time` = 0 ORDER BY `click_num` DESC LIMIT 3 [ RunTime:0.000479s ]
[2021-07-02T18:54:06+08:00][sql] SHOW FULL COLUMNS FROM `carver_notice` [ RunTime:0.000646s ]
[2021-07-02T18:54:06+08:00][sql] SELECT * FROM `carver_notice` ORDER BY `create_time` DESC LIMIT 3 [ RunTime:0.000336s ]
[2021-07-02T18:54:06+08:00][sql] SHOW FULL COLUMNS FROM `carver_navigation` [ RunTime:0.000578s ]
[2021-07-02T18:54:06+08:00][sql] SELECT * FROM `carver_navigation` [ RunTime:0.000288s ]
[2021-07-02T18:54:06+08:00][sql] SHOW FULL COLUMNS FROM `carver_link` [ RunTime:0.000570s ]
[2021-07-02T18:54:06+08:00][sql] SELECT * FROM `carver_link` WHERE  ( is_confirm=2 ) LIMIT 20 [ RunTime:0.000374s ]
[2021-07-02T18:54:06+08:00][sql] SELECT `article_label` FROM `carver_article` [ RunTime:0.000282s ]
[2021-07-02T18:54:06+08:00][sql] SHOW FULL COLUMNS FROM `carver_carouse` [ RunTime:0.000643s ]
[2021-07-02T18:54:06+08:00][sql] SELECT `carouse_img`,`carouse_desc` FROM `carver_carouse` WHERE  `is_show` = 1 ORDER BY `carouse_sort` DESC LIMIT 3 [ RunTime:0.000343s ]
[2021-07-02T18:54:06+08:00][sql] SHOW FULL COLUMNS FROM `carver_site` [ RunTime:0.000560s ]
[2021-07-02T18:54:06+08:00][sql] SELECT * FROM `carver_site` [ RunTime:0.000311s ]
[2021-07-02T19:23:35+08:00][sql] CONNECT:[ UseTime:0.000528s ] mysql:host=127.0.0.1;port=3306;dbname=carver;charset=utf8
[2021-07-02T19:23:35+08:00][sql] SHOW FULL COLUMNS FROM `carver_article` [ RunTime:0.000862s ]
[2021-07-02T19:23:35+08:00][sql] SELECT `article_id`,`article_title`,`article_desc`,`article_content`,`article_img`,`article_guide`,`article_label`,`click_num`,`is_show`,`add_time`,`article_author` FROM `carver_article` WHERE  `article_id` = 20 LIMIT 1 [ RunTime:0.000667s ]
[2021-07-02T19:23:35+08:00][sql] SELECT `article_id`,`article_title`,`article_desc`,`article_content`,`article_img`,`article_guide`,`article_label`,`click_num`,`is_show`,`add_time`,`article_author` FROM `carver_article` WHERE  `article_id` > 20 LIMIT 1 [ RunTime:0.000395s ]
[2021-07-02T19:23:35+08:00][sql] SELECT `article_id`,`article_title`,`article_desc`,`article_content`,`article_img`,`article_guide`,`article_label`,`click_num`,`is_show`,`add_time`,`article_author` FROM `carver_article` WHERE  `article_id` < 20 ORDER BY `article_id` DESC LIMIT 1 [ RunTime:0.003005s ]
[2021-07-02T19:23:35+08:00][sql] SHOW FULL COLUMNS FROM `carver_link` [ RunTime:0.000775s ]
[2021-07-02T19:23:35+08:00][sql] SELECT * FROM `carver_link` WHERE  ( is_confirm=2 ) LIMIT 20 [ RunTime:0.000350s ]
[2021-07-02T19:23:35+08:00][sql] SELECT article_id,article_title,click_num,FROM_UNIXTIME(add_time,'%Y-%m-%d') as add_time FROM `carver_article` ORDER BY `click_num` DESC LIMIT 3 [ RunTime:0.000412s ]
[2021-07-02T19:23:35+08:00][sql] SHOW FULL COLUMNS FROM `carver_comment` [ RunTime:0.000649s ]
[2021-07-02T19:23:35+08:00][sql] SELECT `a`.*,`b`.`user_name` FROM `carver_comment` `a` INNER JOIN `carver_user` `b` ON `a`.`user_id`=`b`.`user_id` WHERE  `article_id` = 20 ORDER BY `create_time` DESC [ RunTime:0.000421s ]
[2021-07-02T19:23:35+08:00][sql] SHOW FULL COLUMNS FROM `carver_comment_to_others` [ RunTime:0.000581s ]
[2021-07-02T19:23:35+08:00][sql] SELECT * FROM `carver_comment_to_others` [ RunTime:0.000277s ]
[2021-07-02T19:23:35+08:00][sql] SHOW FULL COLUMNS FROM `carver_user` [ RunTime:0.000450s ]
[2021-07-02T19:23:35+08:00][sql] SELECT `user_name` FROM `carver_user` WHERE  `user_id` = 4 LIMIT 1 [ RunTime:0.000256s ]
[2021-07-02T19:23:35+08:00][sql] SELECT `user_name` FROM `carver_user` WHERE  `user_id` = 4 LIMIT 1 [ RunTime:0.000244s ]
[2021-07-02T19:23:35+08:00][sql] SELECT `user_name` FROM `carver_user` WHERE  `user_id` = 5 LIMIT 1 [ RunTime:0.000206s ]
[2021-07-02T19:23:35+08:00][sql] SELECT `user_name` FROM `carver_user` WHERE  `user_id` = 5 LIMIT 1 [ RunTime:0.000240s ]
[2021-07-02T19:23:35+08:00][sql] SELECT `user_name` FROM `carver_user` WHERE  `user_id` = 37 LIMIT 1 [ RunTime:0.000233s ]
[2021-07-02T19:23:35+08:00][sql] SELECT `user_name`,`user_id` FROM `carver_user` [ RunTime:0.000292s ]
[2021-07-02T19:23:35+08:00][sql] SHOW FULL COLUMNS FROM `carver_navigation` [ RunTime:0.000613s ]
[2021-07-02T19:23:35+08:00][sql] SELECT * FROM `carver_navigation` [ RunTime:0.000243s ]
[2021-07-02T19:23:35+08:00][sql] SELECT `article_label` FROM `carver_article` [ RunTime:0.000284s ]
[2021-07-02T19:37:00+08:00][sql] CONNECT:[ UseTime:0.012127s ] mysql:host=127.0.0.1;port=3306;dbname=carver;charset=utf8
[2021-07-02T19:37:00+08:00][sql] SHOW FULL COLUMNS FROM `carver_article` [ RunTime:0.000936s ]
[2021-07-02T19:37:00+08:00][sql] SELECT `article_id`,`article_title`,`article_desc`,`article_content`,`article_img`,`article_guide`,`article_label`,`click_num`,`is_show`,`add_time`,`article_author` FROM `carver_article` WHERE  `article_id` = 24 LIMIT 1 [ RunTime:0.000556s ]
[2021-07-02T19:37:00+08:00][sql] SELECT `article_id`,`article_title`,`article_desc`,`article_content`,`article_img`,`article_guide`,`article_label`,`click_num`,`is_show`,`add_time`,`article_author` FROM `carver_article` WHERE  `article_id` > 24 LIMIT 1 [ RunTime:0.000434s ]
[2021-07-02T19:37:00+08:00][sql] SELECT `article_id`,`article_title`,`article_desc`,`article_content`,`article_img`,`article_guide`,`article_label`,`click_num`,`is_show`,`add_time`,`article_author` FROM `carver_article` WHERE  `article_id` < 24 ORDER BY `article_id` DESC LIMIT 1 [ RunTime:0.000400s ]
[2021-07-02T19:37:00+08:00][sql] SHOW FULL COLUMNS FROM `carver_link` [ RunTime:0.000610s ]
[2021-07-02T19:37:00+08:00][sql] SELECT * FROM `carver_link` WHERE  ( is_confirm=2 ) LIMIT 20 [ RunTime:0.000341s ]
[2021-07-02T19:37:00+08:00][sql] SELECT article_id,article_title,click_num,FROM_UNIXTIME(add_time,'%Y-%m-%d') as add_time FROM `carver_article` ORDER BY `click_num` DESC LIMIT 3 [ RunTime:0.000379s ]
[2021-07-02T19:37:00+08:00][sql] SHOW FULL COLUMNS FROM `carver_comment` [ RunTime:0.000663s ]
[2021-07-02T19:37:00+08:00][sql] SELECT `a`.*,`b`.`user_name` FROM `carver_comment` `a` INNER JOIN `carver_user` `b` ON `a`.`user_id`=`b`.`user_id` WHERE  `article_id` = 24 ORDER BY `create_time` DESC [ RunTime:0.000385s ]
[2021-07-02T19:37:00+08:00][sql] SHOW FULL COLUMNS FROM `carver_comment_to_others` [ RunTime:0.000605s ]
[2021-07-02T19:37:00+08:00][sql] SELECT * FROM `carver_comment_to_others` [ RunTime:0.000248s ]
[2021-07-02T19:37:00+08:00][sql] SHOW FULL COLUMNS FROM `carver_user` [ RunTime:0.000515s ]
[2021-07-02T19:37:00+08:00][sql] SELECT `user_name` FROM `carver_user` WHERE  `user_id` = 4 LIMIT 1 [ RunTime:0.000256s ]
[2021-07-02T19:37:00+08:00][sql] SELECT `user_name` FROM `carver_user` WHERE  `user_id` = 4 LIMIT 1 [ RunTime:0.000264s ]
[2021-07-02T19:37:00+08:00][sql] SELECT `user_name` FROM `carver_user` WHERE  `user_id` = 5 LIMIT 1 [ RunTime:0.000210s ]
[2021-07-02T19:37:00+08:00][sql] SELECT `user_name` FROM `carver_user` WHERE  `user_id` = 5 LIMIT 1 [ RunTime:0.000216s ]
[2021-07-02T19:37:00+08:00][sql] SELECT `user_name` FROM `carver_user` WHERE  `user_id` = 37 LIMIT 1 [ RunTime:0.000246s ]
[2021-07-02T19:37:00+08:00][sql] SELECT `user_name`,`user_id` FROM `carver_user` [ RunTime:0.000290s ]
[2021-07-02T19:37:00+08:00][sql] SHOW FULL COLUMNS FROM `carver_navigation` [ RunTime:0.000660s ]
[2021-07-02T19:37:00+08:00][sql] SELECT * FROM `carver_navigation` [ RunTime:0.000249s ]
[2021-07-02T19:37:00+08:00][sql] SELECT `article_label` FROM `carver_article` [ RunTime:0.010623s ]
[2021-07-02T21:42:15+08:00][sql] CONNECT:[ UseTime:0.000558s ] mysql:host=127.0.0.1;port=3306;dbname=carver;charset=utf8
[2021-07-02T21:42:15+08:00][sql] SHOW FULL COLUMNS FROM `carver_article` [ RunTime:0.000910s ]
[2021-07-02T21:42:15+08:00][sql] SELECT `article_id`,`article_title`,`article_desc`,`article_content`,`article_img`,`article_guide`,`article_label`,`click_num`,`is_show`,`add_time`,`article_author` FROM `carver_article` WHERE  `article_id` = 17' LIMIT 1 [ RunTime:0.000581s ]
[2021-07-02T21:42:15+08:00][sql] SELECT `article_id`,`article_title`,`article_desc`,`article_content`,`article_img`,`article_guide`,`article_label`,`click_num`,`is_show`,`add_time`,`article_author` FROM `carver_article` WHERE  `article_id` > 17' LIMIT 1 [ RunTime:0.000427s ]
[2021-07-02T21:42:15+08:00][sql] SELECT `article_id`,`article_title`,`article_desc`,`article_content`,`article_img`,`article_guide`,`article_label`,`click_num`,`is_show`,`add_time`,`article_author` FROM `carver_article` WHERE  `article_id` < 17' ORDER BY `article_id` DESC LIMIT 1 [ RunTime:0.000361s ]
[2021-07-02T21:42:15+08:00][sql] SHOW FULL COLUMNS FROM `carver_link` [ RunTime:0.000554s ]
[2021-07-02T21:42:15+08:00][sql] SELECT * FROM `carver_link` WHERE  ( is_confirm=2 ) LIMIT 20 [ RunTime:0.000317s ]
[2021-07-02T21:42:15+08:00][sql] SELECT article_id,article_title,click_num,FROM_UNIXTIME(add_time,'%Y-%m-%d') as add_time FROM `carver_article` ORDER BY `click_num` DESC LIMIT 3 [ RunTime:0.000395s ]
[2021-07-02T21:42:15+08:00][sql] SHOW FULL COLUMNS FROM `carver_comment` [ RunTime:0.000591s ]
[2021-07-02T21:42:15+08:00][sql] SELECT `a`.*,`b`.`user_name` FROM `carver_comment` `a` INNER JOIN `carver_user` `b` ON `a`.`user_id`=`b`.`user_id` WHERE  `article_id` = 17' ORDER BY `create_time` DESC [ RunTime:0.000342s ]
[2021-07-02T21:42:15+08:00][sql] SHOW FULL COLUMNS FROM `carver_comment_to_others` [ RunTime:0.000543s ]
[2021-07-02T21:42:15+08:00][sql] SELECT * FROM `carver_comment_to_others` [ RunTime:0.000232s ]
[2021-07-02T21:42:15+08:00][sql] SHOW FULL COLUMNS FROM `carver_user` [ RunTime:0.000450s ]
[2021-07-02T21:42:15+08:00][sql] SELECT `user_name` FROM `carver_user` WHERE  `user_id` = 4 LIMIT 1 [ RunTime:0.000249s ]
[2021-07-02T21:42:15+08:00][sql] SELECT `user_name` FROM `carver_user` WHERE  `user_id` = 4 LIMIT 1 [ RunTime:0.000225s ]
[2021-07-02T21:42:15+08:00][sql] SELECT `user_name` FROM `carver_user` WHERE  `user_id` = 5 LIMIT 1 [ RunTime:0.000232s ]
[2021-07-02T21:42:15+08:00][sql] SELECT `user_name` FROM `carver_user` WHERE  `user_id` = 5 LIMIT 1 [ RunTime:0.000221s ]
[2021-07-02T21:42:15+08:00][sql] SELECT `user_name` FROM `carver_user` WHERE  `user_id` = 37 LIMIT 1 [ RunTime:0.000231s ]
[2021-07-02T21:42:15+08:00][sql] SELECT `user_name`,`user_id` FROM `carver_user` [ RunTime:0.000291s ]
[2021-07-02T21:42:15+08:00][sql] SHOW FULL COLUMNS FROM `carver_navigation` [ RunTime:0.000495s ]
[2021-07-02T21:42:15+08:00][sql] SELECT * FROM `carver_navigation` [ RunTime:0.000257s ]
[2021-07-02T21:42:15+08:00][sql] SELECT `article_label` FROM `carver_article` [ RunTime:0.000266s ]
[2021-07-02T22:17:12+08:00][sql] CONNECT:[ UseTime:0.000757s ] mysql:host=127.0.0.1;port=3306;dbname=carver;charset=utf8
[2021-07-02T22:17:12+08:00][sql] SHOW FULL COLUMNS FROM `carver_user` [ RunTime:0.000962s ]
[2021-07-02T22:17:12+08:00][sql] SHOW FULL COLUMNS FROM `carver_article` [ RunTime:0.000684s ]
[2021-07-02T22:17:12+08:00][sql] SELECT COUNT(*) AS think_count FROM `carver_article` WHERE  `delete_time` = 0  AND `is_show` = 1 [ RunTime:0.000386s ]
[2021-07-02T22:17:12+08:00][sql] SELECT `article_id`,`article_title`,`article_desc`,`article_content`,`article_img`,`article_guide`,`article_label`,`click_num`,`is_show`,`add_time`,`article_author`,`is_top_show` FROM `carver_article` WHERE  `delete_time` = 0  AND `is_show` = 1 ORDER BY `article_id` DESC LIMIT 12,6 [ RunTime:0.001337s ]
[2021-07-02T22:17:12+08:00][sql] SELECT article_id,article_title,click_num,FROM_UNIXTIME(add_time,'%Y-%m-%d') as add_time FROM `carver_article` WHERE  `is_show` = 1  AND `delete_time` = 0 ORDER BY `click_num` DESC LIMIT 3 [ RunTime:0.000415s ]
[2021-07-02T22:17:12+08:00][sql] SHOW FULL COLUMNS FROM `carver_notice` [ RunTime:0.000542s ]
[2021-07-02T22:17:12+08:00][sql] SELECT * FROM `carver_notice` ORDER BY `create_time` DESC LIMIT 3 [ RunTime:0.000259s ]
[2021-07-02T22:17:12+08:00][sql] SHOW FULL COLUMNS FROM `carver_navigation` [ RunTime:0.000543s ]
[2021-07-02T22:17:12+08:00][sql] SELECT * FROM `carver_navigation` [ RunTime:0.000248s ]
[2021-07-02T22:17:12+08:00][sql] SHOW FULL COLUMNS FROM `carver_link` [ RunTime:0.000482s ]
[2021-07-02T22:17:12+08:00][sql] SELECT * FROM `carver_link` WHERE  ( is_confirm=2 ) LIMIT 20 [ RunTime:0.000283s ]
[2021-07-02T22:17:12+08:00][sql] SELECT `article_label` FROM `carver_article` [ RunTime:0.000254s ]
[2021-07-02T22:17:12+08:00][sql] SHOW FULL COLUMNS FROM `carver_carouse` [ RunTime:0.000542s ]
[2021-07-02T22:17:12+08:00][sql] SELECT `carouse_img`,`carouse_desc` FROM `carver_carouse` WHERE  `is_show` = 1 ORDER BY `carouse_sort` DESC LIMIT 3 [ RunTime:0.000275s ]
[2021-07-02T22:17:12+08:00][sql] SHOW FULL COLUMNS FROM `carver_site` [ RunTime:0.000520s ]
[2021-07-02T22:17:12+08:00][sql] SELECT * FROM `carver_site` [ RunTime:0.000225s ]
[2021-07-02T22:50:21+08:00][sql] CONNECT:[ UseTime:0.000652s ] mysql:host=127.0.0.1;port=3306;dbname=carver;charset=utf8
[2021-07-02T22:50:21+08:00][sql] SHOW FULL COLUMNS FROM `carver_user` [ RunTime:0.000826s ]
[2021-07-02T22:50:21+08:00][sql] SHOW FULL COLUMNS FROM `carver_article` [ RunTime:0.000730s ]
[2021-07-02T22:50:21+08:00][sql] SELECT COUNT(*) AS think_count FROM `carver_article` WHERE  `delete_time` = 0  AND `is_show` = 1 [ RunTime:0.000389s ]
[2021-07-02T22:50:21+08:00][sql] SELECT `article_id`,`article_title`,`article_desc`,`article_content`,`article_img`,`article_guide`,`article_label`,`click_num`,`is_show`,`add_time`,`article_author`,`is_top_show` FROM `carver_article` WHERE  `delete_time` = 0  AND `is_show` = 1 ORDER BY `article_id` DESC LIMIT 0,6 [ RunTime:0.000773s ]
[2021-07-02T22:50:21+08:00][sql] SELECT article_id,article_title,click_num,FROM_UNIXTIME(add_time,'%Y-%m-%d') as add_time FROM `carver_article` WHERE  `is_show` = 1  AND `delete_time` = 0 ORDER BY `click_num` DESC LIMIT 3 [ RunTime:0.000588s ]
[2021-07-02T22:50:21+08:00][sql] SHOW FULL COLUMNS FROM `carver_notice` [ RunTime:0.000576s ]
[2021-07-02T22:50:21+08:00][sql] SELECT * FROM `carver_notice` ORDER BY `create_time` DESC LIMIT 3 [ RunTime:0.000294s ]
[2021-07-02T22:50:21+08:00][sql] SHOW FULL COLUMNS FROM `carver_navigation` [ RunTime:0.000575s ]
[2021-07-02T22:50:21+08:00][sql] SELECT * FROM `carver_navigation` [ RunTime:0.000249s ]
[2021-07-02T22:50:21+08:00][sql] SHOW FULL COLUMNS FROM `carver_link` [ RunTime:0.000507s ]
[2021-07-02T22:50:21+08:00][sql] SELECT * FROM `carver_link` WHERE  ( is_confirm=2 ) LIMIT 20 [ RunTime:0.000283s ]
[2021-07-02T22:50:21+08:00][sql] SELECT `article_label` FROM `carver_article` [ RunTime:0.000287s ]
[2021-07-02T22:50:21+08:00][sql] SHOW FULL COLUMNS FROM `carver_carouse` [ RunTime:0.000510s ]
[2021-07-02T22:50:21+08:00][sql] SELECT `carouse_img`,`carouse_desc` FROM `carver_carouse` WHERE  `is_show` = 1 ORDER BY `carouse_sort` DESC LIMIT 3 [ RunTime:0.000309s ]
[2021-07-02T22:50:21+08:00][sql] SHOW FULL COLUMNS FROM `carver_site` [ RunTime:0.000535s ]
[2021-07-02T22:50:21+08:00][sql] SELECT * FROM `carver_site` [ RunTime:0.000248s ]
[2021-07-02T23:00:28+08:00][sql] CONNECT:[ UseTime:0.000537s ] mysql:host=127.0.0.1;port=3306;dbname=carver;charset=utf8
[2021-07-02T23:00:28+08:00][sql] SHOW FULL COLUMNS FROM `carver_article` [ RunTime:0.000895s ]
[2021-07-02T23:00:28+08:00][sql] SELECT COUNT(*) AS think_count FROM `carver_article` WHERE  `article_title` LIKE '%%'  AND `delete_time` = 0  AND `is_show` = 1 [ RunTime:0.000417s ]
[2021-07-02T23:00:28+08:00][sql] SELECT * FROM `carver_article` WHERE  `article_title` LIKE '%%'  AND `delete_time` = 0  AND `is_show` = 1 LIMIT 0,6 [ RunTime:0.001069s ]
[2021-07-02T23:00:28+08:00][sql] SELECT article_id,article_title,click_num,FROM_UNIXTIME(add_time,'%Y-%m-%d') as add_time FROM `carver_article` WHERE  `delete_time` = 0  AND `is_show` = 1 ORDER BY `click_num` DESC LIMIT 3 [ RunTime:0.000447s ]
[2021-07-02T23:00:28+08:00][sql] SHOW FULL COLUMNS FROM `carver_notice` [ RunTime:0.000569s ]
[2021-07-02T23:00:28+08:00][sql] SELECT * FROM `carver_notice` ORDER BY `create_time` DESC LIMIT 3 [ RunTime:0.000264s ]
[2021-07-02T23:00:28+08:00][sql] SHOW FULL COLUMNS FROM `carver_navigation` [ RunTime:0.000557s ]
[2021-07-02T23:00:28+08:00][sql] SELECT * FROM `carver_navigation` [ RunTime:0.000319s ]
[2021-07-02T23:00:28+08:00][sql] SHOW FULL COLUMNS FROM `carver_link` [ RunTime:0.000504s ]
[2021-07-02T23:00:28+08:00][sql] SELECT * FROM `carver_link` WHERE  ( is_confirm=2 ) LIMIT 20 [ RunTime:0.000273s ]
[2021-07-02T23:00:28+08:00][sql] SELECT `article_label` FROM `carver_article` [ RunTime:0.000291s ]
[2021-07-02T23:00:28+08:00][sql] SHOW FULL COLUMNS FROM `carver_carouse` [ RunTime:0.000484s ]
[2021-07-02T23:00:28+08:00][sql] SELECT `carouse_img`,`carouse_desc` FROM `carver_carouse` WHERE  `is_show` = 1 ORDER BY `carouse_sort` DESC LIMIT 3 [ RunTime:0.000299s ]
[2021-07-02T23:00:28+08:00][sql] SHOW FULL COLUMNS FROM `carver_site` [ RunTime:0.000508s ]
[2021-07-02T23:00:28+08:00][sql] SELECT * FROM `carver_site` [ RunTime:0.000246s ]
[2021-07-02T23:06:50+08:00][sql] CONNECT:[ UseTime:0.000539s ] mysql:host=127.0.0.1;port=3306;dbname=carver;charset=utf8
[2021-07-02T23:06:50+08:00][sql] SHOW FULL COLUMNS FROM `carver_article` [ RunTime:0.000997s ]
[2021-07-02T23:06:50+08:00][sql] SELECT `article_id`,`article_title`,`article_desc`,`article_content`,`article_img`,`article_guide`,`article_label`,`click_num`,`is_show`,`add_time`,`article_author` FROM `carver_article` WHERE  `article_id` = 28'A=0 LIMIT 1 [ RunTime:0.000458s ]
[2021-07-02T23:06:50+08:00][sql] SELECT `article_id`,`article_title`,`article_desc`,`article_content`,`article_img`,`article_guide`,`article_label`,`click_num`,`is_show`,`add_time`,`article_author` FROM `carver_article` WHERE  `article_id` > 28'A=0 LIMIT 1 [ RunTime:0.000417s ]
[2021-07-02T23:06:50+08:00][sql] SELECT `article_id`,`article_title`,`article_desc`,`article_content`,`article_img`,`article_guide`,`article_label`,`click_num`,`is_show`,`add_time`,`article_author` FROM `carver_article` WHERE  `article_id` < 28'A=0 ORDER BY `article_id` DESC LIMIT 1 [ RunTime:0.000398s ]
[2021-07-02T23:06:50+08:00][sql] SHOW FULL COLUMNS FROM `carver_link` [ RunTime:0.000538s ]
[2021-07-02T23:06:50+08:00][sql] SELECT * FROM `carver_link` WHERE  ( is_confirm=2 ) LIMIT 20 [ RunTime:0.000357s ]
[2021-07-02T23:06:50+08:00][sql] SELECT article_id,article_title,click_num,FROM_UNIXTIME(add_time,'%Y-%m-%d') as add_time FROM `carver_article` ORDER BY `click_num` DESC LIMIT 3 [ RunTime:0.000360s ]
[2021-07-02T23:06:50+08:00][sql] SHOW FULL COLUMNS FROM `carver_comment` [ RunTime:0.000608s ]
[2021-07-02T23:06:50+08:00][sql] SELECT `a`.*,`b`.`user_name` FROM `carver_comment` `a` INNER JOIN `carver_user` `b` ON `a`.`user_id`=`b`.`user_id` WHERE  `article_id` = 28'A=0 ORDER BY `create_time` DESC [ RunTime:0.000395s ]
[2021-07-02T23:06:50+08:00][sql] SHOW FULL COLUMNS FROM `carver_comment_to_others` [ RunTime:0.000577s ]
[2021-07-02T23:06:50+08:00][sql] SELECT * FROM `carver_comment_to_others` [ RunTime:0.000270s ]
[2021-07-02T23:06:50+08:00][sql] SHOW FULL COLUMNS FROM `carver_user` [ RunTime:0.000532s ]
[2021-07-02T23:06:50+08:00][sql] SELECT `user_name` FROM `carver_user` WHERE  `user_id` = 4 LIMIT 1 [ RunTime:0.000268s ]
[2021-07-02T23:06:50+08:00][sql] SELECT `user_name` FROM `carver_user` WHERE  `user_id` = 4 LIMIT 1 [ RunTime:0.000235s ]
[2021-07-02T23:06:50+08:00][sql] SELECT `user_name` FROM `carver_user` WHERE  `user_id` = 5 LIMIT 1 [ RunTime:0.000209s ]
[2021-07-02T23:06:50+08:00][sql] SELECT `user_name` FROM `carver_user` WHERE  `user_id` = 5 LIMIT 1 [ RunTime:0.000261s ]
[2021-07-02T23:06:50+08:00][sql] SELECT `user_name` FROM `carver_user` WHERE  `user_id` = 37 LIMIT 1 [ RunTime:0.000249s ]
[2021-07-02T23:06:50+08:00][sql] SELECT `user_name`,`user_id` FROM `carver_user` [ RunTime:0.000258s ]
[2021-07-02T23:06:50+08:00][sql] SHOW FULL COLUMNS FROM `carver_navigation` [ RunTime:0.000578s ]
[2021-07-02T23:06:50+08:00][sql] SELECT * FROM `carver_navigation` [ RunTime:0.000234s ]
[2021-07-02T23:06:50+08:00][sql] SELECT `article_label` FROM `carver_article` [ RunTime:0.000292s ]
[2021-07-02T23:44:08+08:00][sql] CONNECT:[ UseTime:0.000587s ] mysql:host=127.0.0.1;port=3306;dbname=carver;charset=utf8
[2021-07-02T23:44:08+08:00][sql] SHOW FULL COLUMNS FROM `carver_article` [ RunTime:0.000928s ]
[2021-07-02T23:44:08+08:00][sql] SELECT `article_id`,`article_title`,`article_desc`,`article_content`,`article_img`,`article_guide`,`article_label`,`click_num`,`is_show`,`add_time`,`article_author` FROM `carver_article` WHERE  `article_id` = 1 LIMIT 1 [ RunTime:0.000533s ]
[2021-07-02T23:44:08+08:00][sql] SELECT `article_id`,`article_title`,`article_desc`,`article_content`,`article_img`,`article_guide`,`article_label`,`click_num`,`is_show`,`add_time`,`article_author` FROM `carver_article` WHERE  `article_id` > 1 LIMIT 1 [ RunTime:0.000397s ]
[2021-07-02T23:44:08+08:00][sql] SELECT `article_id`,`article_title`,`article_desc`,`article_content`,`article_img`,`article_guide`,`article_label`,`click_num`,`is_show`,`add_time`,`article_author` FROM `carver_article` WHERE  `article_id` < 1 ORDER BY `article_id` DESC LIMIT 1 [ RunTime:0.000347s ]
[2021-07-02T23:44:08+08:00][sql] SHOW FULL COLUMNS FROM `carver_link` [ RunTime:0.000606s ]
[2021-07-02T23:44:08+08:00][sql] SELECT * FROM `carver_link` WHERE  ( is_confirm=2 ) LIMIT 20 [ RunTime:0.000309s ]
[2021-07-02T23:44:08+08:00][sql] SELECT article_id,article_title,click_num,FROM_UNIXTIME(add_time,'%Y-%m-%d') as add_time FROM `carver_article` ORDER BY `click_num` DESC LIMIT 3 [ RunTime:0.000363s ]
[2021-07-02T23:44:08+08:00][sql] SHOW FULL COLUMNS FROM `carver_comment` [ RunTime:0.000649s ]
[2021-07-02T23:44:08+08:00][sql] SELECT `a`.*,`b`.`user_name` FROM `carver_comment` `a` INNER JOIN `carver_user` `b` ON `a`.`user_id`=`b`.`user_id` WHERE  `article_id` = 1 ORDER BY `create_time` DESC [ RunTime:0.000390s ]
[2021-07-02T23:44:08+08:00][sql] SHOW FULL COLUMNS FROM `carver_comment_to_others` [ RunTime:0.000605s ]
[2021-07-02T23:44:08+08:00][sql] SELECT * FROM `carver_comment_to_others` [ RunTime:0.000316s ]
[2021-07-02T23:44:08+08:00][sql] SHOW FULL COLUMNS FROM `carver_user` [ RunTime:0.000451s ]
[2021-07-02T23:44:08+08:00][sql] SELECT `user_name` FROM `carver_user` WHERE  `user_id` = 4 LIMIT 1 [ RunTime:0.000297s ]
[2021-07-02T23:44:08+08:00][sql] SELECT `user_name` FROM `carver_user` WHERE  `user_id` = 4 LIMIT 1 [ RunTime:0.000216s ]
[2021-07-02T23:44:08+08:00][sql] SELECT `user_name` FROM `carver_user` WHERE  `user_id` = 5 LIMIT 1 [ RunTime:0.000218s ]
[2021-07-02T23:44:08+08:00][sql] SELECT `user_name` FROM `carver_user` WHERE  `user_id` = 5 LIMIT 1 [ RunTime:0.000280s ]
[2021-07-02T23:44:08+08:00][sql] SELECT `user_name` FROM `carver_user` WHERE  `user_id` = 37 LIMIT 1 [ RunTime:0.000240s ]
[2021-07-02T23:44:08+08:00][sql] SELECT `user_name`,`user_id` FROM `carver_user` [ RunTime:0.000445s ]
[2021-07-02T23:44:08+08:00][sql] SHOW FULL COLUMNS FROM `carver_navigation` [ RunTime:0.000596s ]
[2021-07-02T23:44:08+08:00][sql] SELECT * FROM `carver_navigation` [ RunTime:0.000281s ]
[2021-07-02T23:44:08+08:00][sql] SELECT `article_label` FROM `carver_article` [ RunTime:0.000267s ]
