[2021-07-05T00:17:13+08:00][sql] CONNECT:[ UseTime:0.000595s ] mysql:host=127.0.0.1;port=3306;dbname=carver;charset=utf8
[2021-07-05T00:17:13+08:00][sql] SHOW FULL COLUMNS FROM `carver_user` [ RunTime:0.000864s ]
[2021-07-05T00:17:13+08:00][sql] SHOW FULL COLUMNS FROM `carver_article` [ RunTime:0.000732s ]
[2021-07-05T00:17:13+08:00][sql] SELECT COUNT(*) AS think_count FROM `carver_article` WHERE  `delete_time` = 0  AND `is_show` = 1 [ RunTime:0.000378s ]
[2021-07-05T00:17:13+08:00][sql] SELECT `article_id`,`article_title`,`article_desc`,`article_content`,`article_img`,`article_guide`,`article_label`,`click_num`,`is_show`,`add_time`,`article_author`,`is_top_show` FROM `carver_article` WHERE  `delete_time` = 0  AND `is_show` = 1 ORDER BY `article_id` DESC LIMIT 0,6 [ RunTime:0.000747s ]
[2021-07-05T00:17:13+08:00][sql] SELECT article_id,article_title,click_num,FROM_UNIXTIME(add_time,'%Y-%m-%d') as add_time FROM `carver_article` WHERE  `is_show` = 1  AND `delete_time` = 0 ORDER BY `click_num` DESC LIMIT 3 [ RunTime:0.000496s ]
[2021-07-05T00:17:13+08:00][sql] SHOW FULL COLUMNS FROM `carver_notice` [ RunTime:0.000576s ]
[2021-07-05T00:17:13+08:00][sql] SELECT * FROM `carver_notice` ORDER BY `create_time` DESC LIMIT 3 [ RunTime:0.000358s ]
[2021-07-05T00:17:13+08:00][sql] SHOW FULL COLUMNS FROM `carver_navigation` [ RunTime:0.000602s ]
[2021-07-05T00:17:13+08:00][sql] SELECT * FROM `carver_navigation` [ RunTime:0.000233s ]
[2021-07-05T00:17:13+08:00][sql] SHOW FULL COLUMNS FROM `carver_link` [ RunTime:0.000479s ]
[2021-07-05T00:17:13+08:00][sql] SELECT * FROM `carver_link` WHERE  ( is_confirm=2 ) LIMIT 20 [ RunTime:0.000283s ]
[2021-07-05T00:17:13+08:00][sql] SELECT `article_label` FROM `carver_article` [ RunTime:0.000302s ]
[2021-07-05T00:17:13+08:00][sql] SHOW FULL COLUMNS FROM `carver_carouse` [ RunTime:0.000535s ]
[2021-07-05T00:17:13+08:00][sql] SELECT `carouse_img`,`carouse_desc` FROM `carver_carouse` WHERE  `is_show` = 1 ORDER BY `carouse_sort` DESC LIMIT 3 [ RunTime:0.000286s ]
[2021-07-05T00:17:13+08:00][sql] SHOW FULL COLUMNS FROM `carver_site` [ RunTime:0.000511s ]
[2021-07-05T00:17:13+08:00][sql] SELECT * FROM `carver_site` [ RunTime:0.000251s ]
[2021-07-05T01:14:39+08:00][sql] CONNECT:[ UseTime:0.003966s ] mysql:host=127.0.0.1;port=3306;dbname=carver;charset=utf8
[2021-07-05T01:14:39+08:00][sql] SHOW FULL COLUMNS FROM `carver_user` [ RunTime:0.004281s ]
[2021-07-05T01:14:39+08:00][sql] SHOW FULL COLUMNS FROM `carver_article` [ RunTime:0.001715s ]
[2021-07-05T01:14:39+08:00][sql] SELECT COUNT(*) AS think_count FROM `carver_article` WHERE  `delete_time` = 0  AND `is_show` = 1 [ RunTime:0.000502s ]
[2021-07-05T01:14:39+08:00][sql] SELECT `article_id`,`article_title`,`article_desc`,`article_content`,`article_img`,`article_guide`,`article_label`,`click_num`,`is_show`,`add_time`,`article_author`,`is_top_show` FROM `carver_article` WHERE  `delete_time` = 0  AND `is_show` = 1 ORDER BY `article_id` DESC LIMIT 42,6 [ RunTime:0.001083s ]
[2021-07-05T01:14:39+08:00][sql] SELECT article_id,article_title,click_num,FROM_UNIXTIME(add_time,'%Y-%m-%d') as add_time FROM `carver_article` WHERE  `is_show` = 1  AND `delete_time` = 0 ORDER BY `click_num` DESC LIMIT 3 [ RunTime:0.000695s ]
[2021-07-05T01:14:39+08:00][sql] SHOW FULL COLUMNS FROM `carver_notice` [ RunTime:0.002895s ]
[2021-07-05T01:14:39+08:00][sql] SELECT * FROM `carver_notice` ORDER BY `create_time` DESC LIMIT 3 [ RunTime:0.000354s ]
[2021-07-05T01:14:39+08:00][sql] SHOW FULL COLUMNS FROM `carver_navigation` [ RunTime:0.001327s ]
[2021-07-05T01:14:39+08:00][sql] SELECT * FROM `carver_navigation` [ RunTime:0.000392s ]
[2021-07-05T01:14:39+08:00][sql] SHOW FULL COLUMNS FROM `carver_link` [ RunTime:0.001329s ]
[2021-07-05T01:14:39+08:00][sql] SELECT * FROM `carver_link` WHERE  ( is_confirm=2 ) LIMIT 20 [ RunTime:0.000425s ]
[2021-07-05T01:14:39+08:00][sql] SELECT `article_label` FROM `carver_article` [ RunTime:0.000360s ]
[2021-07-05T01:14:39+08:00][sql] SHOW FULL COLUMNS FROM `carver_carouse` [ RunTime:0.001448s ]
[2021-07-05T01:14:39+08:00][sql] SELECT `carouse_img`,`carouse_desc` FROM `carver_carouse` WHERE  `is_show` = 1 ORDER BY `carouse_sort` DESC LIMIT 3 [ RunTime:0.000408s ]
[2021-07-05T01:14:39+08:00][sql] SHOW FULL COLUMNS FROM `carver_site` [ RunTime:0.001302s ]
[2021-07-05T01:14:39+08:00][sql] SELECT * FROM `carver_site` [ RunTime:0.000342s ]
[2021-07-05T01:46:33+08:00][sql] CONNECT:[ UseTime:0.000747s ] mysql:host=127.0.0.1;port=3306;dbname=carver;charset=utf8
[2021-07-05T01:46:33+08:00][sql] SHOW FULL COLUMNS FROM `carver_article` [ RunTime:0.000961s ]
[2021-07-05T01:46:33+08:00][sql] SELECT COUNT(*) AS think_count FROM `carver_article` WHERE  `article_label` LIKE '%php;网络安全//%'  AND `delete_time` = 0  AND `is_show` = 1 [ RunTime:0.000442s ]
[2021-07-05T01:46:33+08:00][sql] SELECT * FROM `carver_article` WHERE  `article_label` LIKE '%php;网络安全//%'  AND `delete_time` = 0  AND `is_show` = 1 LIMIT 0,6 [ RunTime:0.001128s ]
[2021-07-05T01:46:33+08:00][sql] SELECT article_id,article_title,click_num,FROM_UNIXTIME(add_time,'%Y-%m-%d') as add_time FROM `carver_article` WHERE  `is_show` = 1  AND `delete_time` = 0 ORDER BY `click_num` DESC LIMIT 3 [ RunTime:0.000433s ]
[2021-07-05T01:46:33+08:00][sql] SHOW FULL COLUMNS FROM `carver_notice` [ RunTime:0.000802s ]
[2021-07-05T01:46:33+08:00][sql] SELECT * FROM `carver_notice` ORDER BY `create_time` DESC LIMIT 3 [ RunTime:0.000312s ]
[2021-07-05T01:46:33+08:00][sql] SHOW FULL COLUMNS FROM `carver_navigation` [ RunTime:0.000587s ]
[2021-07-05T01:46:33+08:00][sql] SELECT * FROM `carver_navigation` [ RunTime:0.000296s ]
[2021-07-05T01:46:33+08:00][sql] SHOW FULL COLUMNS FROM `carver_link` [ RunTime:0.000653s ]
[2021-07-05T01:46:33+08:00][sql] SELECT * FROM `carver_link` WHERE  ( is_confirm=2 ) LIMIT 20 [ RunTime:0.000349s ]
[2021-07-05T01:46:33+08:00][sql] SELECT `article_label` FROM `carver_article` [ RunTime:0.000284s ]
[2021-07-05T01:46:33+08:00][sql] SHOW FULL COLUMNS FROM `carver_carouse` [ RunTime:0.000584s ]
[2021-07-05T01:46:33+08:00][sql] SELECT `carouse_img`,`carouse_desc` FROM `carver_carouse` WHERE  `is_show` = 1 ORDER BY `carouse_sort` DESC LIMIT 3 [ RunTime:0.000323s ]
[2021-07-05T01:46:33+08:00][sql] SHOW FULL COLUMNS FROM `carver_site` [ RunTime:0.000557s ]
[2021-07-05T01:46:33+08:00][sql] SELECT * FROM `carver_site` [ RunTime:0.000306s ]
[2021-07-05T01:47:07+08:00][sql] CONNECT:[ UseTime:0.000538s ] mysql:host=127.0.0.1;port=3306;dbname=carver;charset=utf8
[2021-07-05T01:47:07+08:00][sql] SHOW FULL COLUMNS FROM `carver_article` [ RunTime:0.001036s ]
[2021-07-05T01:47:07+08:00][sql] SELECT COUNT(*) AS think_count FROM `carver_article` WHERE  `article_label` LIKE '%php;设计模式//%'  AND `delete_time` = 0  AND `is_show` = 1 [ RunTime:0.000484s ]
[2021-07-05T01:47:07+08:00][sql] SELECT * FROM `carver_article` WHERE  `article_label` LIKE '%php;设计模式//%'  AND `delete_time` = 0  AND `is_show` = 1 LIMIT 0,6 [ RunTime:0.000989s ]
[2021-07-05T01:47:07+08:00][sql] SELECT article_id,article_title,click_num,FROM_UNIXTIME(add_time,'%Y-%m-%d') as add_time FROM `carver_article` WHERE  `is_show` = 1  AND `delete_time` = 0 ORDER BY `click_num` DESC LIMIT 3 [ RunTime:0.000469s ]
[2021-07-05T01:47:07+08:00][sql] SHOW FULL COLUMNS FROM `carver_notice` [ RunTime:0.000684s ]
[2021-07-05T01:47:07+08:00][sql] SELECT * FROM `carver_notice` ORDER BY `create_time` DESC LIMIT 3 [ RunTime:0.000319s ]
[2021-07-05T01:47:07+08:00][sql] SHOW FULL COLUMNS FROM `carver_navigation` [ RunTime:0.000641s ]
[2021-07-05T01:47:07+08:00][sql] SELECT * FROM `carver_navigation` [ RunTime:0.000306s ]
[2021-07-05T01:47:07+08:00][sql] SHOW FULL COLUMNS FROM `carver_link` [ RunTime:0.000626s ]
[2021-07-05T01:47:07+08:00][sql] SELECT * FROM `carver_link` WHERE  ( is_confirm=2 ) LIMIT 20 [ RunTime:0.000378s ]
[2021-07-05T01:47:07+08:00][sql] SELECT `article_label` FROM `carver_article` [ RunTime:0.000266s ]
[2021-07-05T01:47:07+08:00][sql] SHOW FULL COLUMNS FROM `carver_carouse` [ RunTime:0.000600s ]
[2021-07-05T01:47:07+08:00][sql] SELECT `carouse_img`,`carouse_desc` FROM `carver_carouse` WHERE  `is_show` = 1 ORDER BY `carouse_sort` DESC LIMIT 3 [ RunTime:0.000321s ]
[2021-07-05T01:47:07+08:00][sql] SHOW FULL COLUMNS FROM `carver_site` [ RunTime:0.000613s ]
[2021-07-05T01:47:07+08:00][sql] SELECT * FROM `carver_site` [ RunTime:0.000325s ]
[2021-07-05T01:53:37+08:00][sql] CONNECT:[ UseTime:0.000932s ] mysql:host=127.0.0.1;port=3306;dbname=carver;charset=utf8
[2021-07-05T01:53:37+08:00][sql] SHOW FULL COLUMNS FROM `carver_user` [ RunTime:0.000961s ]
[2021-07-05T01:53:37+08:00][sql] SHOW FULL COLUMNS FROM `carver_article` [ RunTime:0.000880s ]
[2021-07-05T01:53:37+08:00][sql] SELECT COUNT(*) AS think_count FROM `carver_article` WHERE  `delete_time` = 0  AND `is_show` = 1 [ RunTime:0.000418s ]
[2021-07-05T01:53:37+08:00][sql] SELECT `article_id`,`article_title`,`article_desc`,`article_content`,`article_img`,`article_guide`,`article_label`,`click_num`,`is_show`,`add_time`,`article_author`,`is_top_show` FROM `carver_article` WHERE  `delete_time` = 0  AND `is_show` = 1 ORDER BY `article_id` DESC LIMIT 54,6 [ RunTime:0.001072s ]
[2021-07-05T01:53:37+08:00][sql] SELECT article_id,article_title,click_num,FROM_UNIXTIME(add_time,'%Y-%m-%d') as add_time FROM `carver_article` WHERE  `is_show` = 1  AND `delete_time` = 0 ORDER BY `click_num` DESC LIMIT 3 [ RunTime:0.000531s ]
[2021-07-05T01:53:37+08:00][sql] SHOW FULL COLUMNS FROM `carver_notice` [ RunTime:0.000677s ]
[2021-07-05T01:53:37+08:00][sql] SELECT * FROM `carver_notice` ORDER BY `create_time` DESC LIMIT 3 [ RunTime:0.000333s ]
[2021-07-05T01:53:37+08:00][sql] SHOW FULL COLUMNS FROM `carver_navigation` [ RunTime:0.000662s ]
[2021-07-05T01:53:37+08:00][sql] SELECT * FROM `carver_navigation` [ RunTime:0.000287s ]
[2021-07-05T01:53:37+08:00][sql] SHOW FULL COLUMNS FROM `carver_link` [ RunTime:0.000689s ]
[2021-07-05T01:53:37+08:00][sql] SELECT * FROM `carver_link` WHERE  ( is_confirm=2 ) LIMIT 20 [ RunTime:0.000369s ]
[2021-07-05T01:53:37+08:00][sql] SELECT `article_label` FROM `carver_article` [ RunTime:0.000284s ]
[2021-07-05T01:53:37+08:00][sql] SHOW FULL COLUMNS FROM `carver_carouse` [ RunTime:0.000635s ]
[2021-07-05T01:53:37+08:00][sql] SELECT `carouse_img`,`carouse_desc` FROM `carver_carouse` WHERE  `is_show` = 1 ORDER BY `carouse_sort` DESC LIMIT 3 [ RunTime:0.000306s ]
[2021-07-05T01:53:37+08:00][sql] SHOW FULL COLUMNS FROM `carver_site` [ RunTime:0.000606s ]
[2021-07-05T01:53:37+08:00][sql] SELECT * FROM `carver_site` [ RunTime:0.000307s ]
[2021-07-05T02:17:12+08:00][sql] CONNECT:[ UseTime:0.000819s ] mysql:host=127.0.0.1;port=3306;dbname=carver;charset=utf8
[2021-07-05T02:17:12+08:00][sql] SHOW FULL COLUMNS FROM `carver_article` [ RunTime:0.000956s ]
[2021-07-05T02:17:12+08:00][sql] SELECT COUNT(*) AS think_count FROM `carver_article` WHERE  `article_label` LIKE '%%'  AND `delete_time` = 0  AND `is_show` = 1 [ RunTime:0.000440s ]
[2021-07-05T02:17:12+08:00][sql] SELECT * FROM `carver_article` WHERE  `article_label` LIKE '%%'  AND `delete_time` = 0  AND `is_show` = 1 LIMIT 18,6 [ RunTime:0.001364s ]
[2021-07-05T02:17:12+08:00][sql] SELECT article_id,article_title,click_num,FROM_UNIXTIME(add_time,'%Y-%m-%d') as add_time FROM `carver_article` WHERE  `is_show` = 1  AND `delete_time` = 0 ORDER BY `click_num` DESC LIMIT 3 [ RunTime:0.000471s ]
[2021-07-05T02:17:12+08:00][sql] SHOW FULL COLUMNS FROM `carver_notice` [ RunTime:0.000710s ]
[2021-07-05T02:17:12+08:00][sql] SELECT * FROM `carver_notice` ORDER BY `create_time` DESC LIMIT 3 [ RunTime:0.000321s ]
[2021-07-05T02:17:12+08:00][sql] SHOW FULL COLUMNS FROM `carver_navigation` [ RunTime:0.000544s ]
[2021-07-05T02:17:12+08:00][sql] SELECT * FROM `carver_navigation` [ RunTime:0.000259s ]
[2021-07-05T02:17:12+08:00][sql] SHOW FULL COLUMNS FROM `carver_link` [ RunTime:0.000605s ]
[2021-07-05T02:17:12+08:00][sql] SELECT * FROM `carver_link` WHERE  ( is_confirm=2 ) LIMIT 20 [ RunTime:0.000338s ]
[2021-07-05T02:17:12+08:00][sql] SELECT `article_label` FROM `carver_article` [ RunTime:0.000273s ]
[2021-07-05T02:17:12+08:00][sql] SHOW FULL COLUMNS FROM `carver_carouse` [ RunTime:0.000546s ]
[2021-07-05T02:17:12+08:00][sql] SELECT `carouse_img`,`carouse_desc` FROM `carver_carouse` WHERE  `is_show` = 1 ORDER BY `carouse_sort` DESC LIMIT 3 [ RunTime:0.000313s ]
[2021-07-05T02:17:12+08:00][sql] SHOW FULL COLUMNS FROM `carver_site` [ RunTime:0.000518s ]
[2021-07-05T02:17:12+08:00][sql] SELECT * FROM `carver_site` [ RunTime:0.000292s ]
[2021-07-05T03:05:18+08:00][sql] CONNECT:[ UseTime:0.000621s ] mysql:host=127.0.0.1;port=3306;dbname=carver;charset=utf8
[2021-07-05T03:05:18+08:00][sql] SHOW FULL COLUMNS FROM `carver_article` [ RunTime:0.000989s ]
[2021-07-05T03:05:18+08:00][sql] SELECT `article_id`,`article_title`,`article_desc`,`article_content`,`article_img`,`article_guide`,`article_label`,`click_num`,`is_show`,`add_time`,`article_author` FROM `carver_article` WHERE  `article_id` = 21 LIMIT 1 [ RunTime:0.000498s ]
[2021-07-05T03:05:18+08:00][sql] SELECT `article_id`,`article_title`,`article_desc`,`article_content`,`article_img`,`article_guide`,`article_label`,`click_num`,`is_show`,`add_time`,`article_author` FROM `carver_article` WHERE  `article_id` > 21 LIMIT 1 [ RunTime:0.000516s ]
[2021-07-05T03:05:18+08:00][sql] SELECT `article_id`,`article_title`,`article_desc`,`article_content`,`article_img`,`article_guide`,`article_label`,`click_num`,`is_show`,`add_time`,`article_author` FROM `carver_article` WHERE  `article_id` < 21 ORDER BY `article_id` DESC LIMIT 1 [ RunTime:0.000578s ]
[2021-07-05T03:05:18+08:00][sql] SHOW FULL COLUMNS FROM `carver_link` [ RunTime:0.000609s ]
[2021-07-05T03:05:18+08:00][sql] SELECT * FROM `carver_link` WHERE  ( is_confirm=2 ) LIMIT 20 [ RunTime:0.000346s ]
[2021-07-05T03:05:18+08:00][sql] SELECT article_id,article_title,click_num,FROM_UNIXTIME(add_time,'%Y-%m-%d') as add_time FROM `carver_article` ORDER BY `click_num` DESC LIMIT 3 [ RunTime:0.000423s ]
[2021-07-05T03:05:18+08:00][sql] SHOW FULL COLUMNS FROM `carver_comment` [ RunTime:0.001523s ]
[2021-07-05T03:05:18+08:00][sql] SELECT `a`.*,`b`.`user_name` FROM `carver_comment` `a` INNER JOIN `carver_user` `b` ON `a`.`user_id`=`b`.`user_id` WHERE  `article_id` = 21 ORDER BY `create_time` DESC [ RunTime:0.000427s ]
[2021-07-05T03:05:18+08:00][sql] SHOW FULL COLUMNS FROM `carver_comment_to_others` [ RunTime:0.001255s ]
[2021-07-05T03:05:18+08:00][sql] SELECT * FROM `carver_comment_to_others` [ RunTime:0.000243s ]
[2021-07-05T03:05:18+08:00][sql] SHOW FULL COLUMNS FROM `carver_user` [ RunTime:0.000500s ]
[2021-07-05T03:05:18+08:00][sql] SELECT `user_name` FROM `carver_user` WHERE  `user_id` = 4 LIMIT 1 [ RunTime:0.000265s ]
[2021-07-05T03:05:18+08:00][sql] SELECT `user_name` FROM `carver_user` WHERE  `user_id` = 4 LIMIT 1 [ RunTime:0.000217s ]
[2021-07-05T03:05:18+08:00][sql] SELECT `user_name` FROM `carver_user` WHERE  `user_id` = 5 LIMIT 1 [ RunTime:0.000237s ]
[2021-07-05T03:05:18+08:00][sql] SELECT `user_name` FROM `carver_user` WHERE  `user_id` = 5 LIMIT 1 [ RunTime:0.000213s ]
[2021-07-05T03:05:18+08:00][sql] SELECT `user_name` FROM `carver_user` WHERE  `user_id` = 37 LIMIT 1 [ RunTime:0.000234s ]
[2021-07-05T03:05:18+08:00][sql] SELECT `user_name`,`user_id` FROM `carver_user` [ RunTime:0.000446s ]
[2021-07-05T03:05:18+08:00][sql] SHOW FULL COLUMNS FROM `carver_navigation` [ RunTime:0.000782s ]
[2021-07-05T03:05:18+08:00][sql] SELECT * FROM `carver_navigation` [ RunTime:0.000270s ]
[2021-07-05T03:05:18+08:00][sql] SELECT `article_label` FROM `carver_article` [ RunTime:0.000270s ]
[2021-07-05T05:08:57+08:00][sql] CONNECT:[ UseTime:0.000584s ] mysql:host=127.0.0.1;port=3306;dbname=carver;charset=utf8
[2021-07-05T05:08:57+08:00][sql] SHOW FULL COLUMNS FROM `carver_article` [ RunTime:0.000936s ]
[2021-07-05T05:08:57+08:00][sql] SELECT `article_id`,`article_title`,`article_desc`,`article_content`,`article_img`,`article_guide`,`article_label`,`click_num`,`is_show`,`add_time`,`article_author` FROM `carver_article` WHERE  `article_id` = 18'A=0 LIMIT 1 [ RunTime:0.000584s ]
[2021-07-05T05:08:57+08:00][sql] SELECT `article_id`,`article_title`,`article_desc`,`article_content`,`article_img`,`article_guide`,`article_label`,`click_num`,`is_show`,`add_time`,`article_author` FROM `carver_article` WHERE  `article_id` > 18'A=0 LIMIT 1 [ RunTime:0.003253s ]
[2021-07-05T05:08:57+08:00][sql] SELECT `article_id`,`article_title`,`article_desc`,`article_content`,`article_img`,`article_guide`,`article_label`,`click_num`,`is_show`,`add_time`,`article_author` FROM `carver_article` WHERE  `article_id` < 18'A=0 ORDER BY `article_id` DESC LIMIT 1 [ RunTime:0.000703s ]
[2021-07-05T05:08:57+08:00][sql] SHOW FULL COLUMNS FROM `carver_link` [ RunTime:0.000746s ]
[2021-07-05T05:08:57+08:00][sql] SELECT * FROM `carver_link` WHERE  ( is_confirm=2 ) LIMIT 20 [ RunTime:0.000389s ]
[2021-07-05T05:08:57+08:00][sql] SELECT article_id,article_title,click_num,FROM_UNIXTIME(add_time,'%Y-%m-%d') as add_time FROM `carver_article` ORDER BY `click_num` DESC LIMIT 3 [ RunTime:0.000468s ]
[2021-07-05T05:08:57+08:00][sql] SHOW FULL COLUMNS FROM `carver_comment` [ RunTime:0.000641s ]
[2021-07-05T05:08:57+08:00][sql] SELECT `a`.*,`b`.`user_name` FROM `carver_comment` `a` INNER JOIN `carver_user` `b` ON `a`.`user_id`=`b`.`user_id` WHERE  `article_id` = 18'A=0 ORDER BY `create_time` DESC [ RunTime:0.000472s ]
[2021-07-05T05:08:57+08:00][sql] SHOW FULL COLUMNS FROM `carver_comment_to_others` [ RunTime:0.000693s ]
[2021-07-05T05:08:57+08:00][sql] SELECT * FROM `carver_comment_to_others` [ RunTime:0.000261s ]
[2021-07-05T05:08:57+08:00][sql] SHOW FULL COLUMNS FROM `carver_user` [ RunTime:0.000521s ]
[2021-07-05T05:08:57+08:00][sql] SELECT `user_name` FROM `carver_user` WHERE  `user_id` = 4 LIMIT 1 [ RunTime:0.000306s ]
[2021-07-05T05:08:57+08:00][sql] SELECT `user_name` FROM `carver_user` WHERE  `user_id` = 4 LIMIT 1 [ RunTime:0.000258s ]
[2021-07-05T05:08:57+08:00][sql] SELECT `user_name` FROM `carver_user` WHERE  `user_id` = 5 LIMIT 1 [ RunTime:0.000230s ]
[2021-07-05T05:08:57+08:00][sql] SELECT `user_name` FROM `carver_user` WHERE  `user_id` = 5 LIMIT 1 [ RunTime:0.000284s ]
[2021-07-05T05:08:57+08:00][sql] SELECT `user_name` FROM `carver_user` WHERE  `user_id` = 37 LIMIT 1 [ RunTime:0.000236s ]
[2021-07-05T05:08:57+08:00][sql] SELECT `user_name`,`user_id` FROM `carver_user` [ RunTime:0.000263s ]
[2021-07-05T05:08:57+08:00][sql] SHOW FULL COLUMNS FROM `carver_navigation` [ RunTime:0.000612s ]
[2021-07-05T05:08:57+08:00][sql] SELECT * FROM `carver_navigation` [ RunTime:0.000269s ]
[2021-07-05T05:08:57+08:00][sql] SELECT `article_label` FROM `carver_article` [ RunTime:0.000263s ]
[2021-07-05T05:11:02+08:00][sql] CONNECT:[ UseTime:0.000704s ] mysql:host=127.0.0.1;port=3306;dbname=carver;charset=utf8
[2021-07-05T05:11:02+08:00][sql] SHOW FULL COLUMNS FROM `carver_user` [ RunTime:0.001059s ]
[2021-07-05T05:11:02+08:00][sql] SHOW FULL COLUMNS FROM `carver_article` [ RunTime:0.000756s ]
[2021-07-05T05:11:02+08:00][sql] SELECT COUNT(*) AS think_count FROM `carver_article` WHERE  `delete_time` = 0  AND `is_show` = 1 [ RunTime:0.000393s ]
[2021-07-05T05:11:02+08:00][sql] SELECT `article_id`,`article_title`,`article_desc`,`article_content`,`article_img`,`article_guide`,`article_label`,`click_num`,`is_show`,`add_time`,`article_author`,`is_top_show` FROM `carver_article` WHERE  `delete_time` = 0  AND `is_show` = 1 ORDER BY `article_id` DESC LIMIT 0,6 [ RunTime:0.000748s ]
[2021-07-05T05:11:02+08:00][sql] SELECT article_id,article_title,click_num,FROM_UNIXTIME(add_time,'%Y-%m-%d') as add_time FROM `carver_article` WHERE  `is_show` = 1  AND `delete_time` = 0 ORDER BY `click_num` DESC LIMIT 3 [ RunTime:0.000559s ]
[2021-07-05T05:11:02+08:00][sql] SHOW FULL COLUMNS FROM `carver_notice` [ RunTime:0.000784s ]
[2021-07-05T05:11:02+08:00][sql] SELECT * FROM `carver_notice` ORDER BY `create_time` DESC LIMIT 3 [ RunTime:0.000303s ]
[2021-07-05T05:11:02+08:00][sql] SHOW FULL COLUMNS FROM `carver_navigation` [ RunTime:0.000592s ]
[2021-07-05T05:11:02+08:00][sql] SELECT * FROM `carver_navigation` [ RunTime:0.000265s ]
[2021-07-05T05:11:02+08:00][sql] SHOW FULL COLUMNS FROM `carver_link` [ RunTime:0.000552s ]
[2021-07-05T05:11:02+08:00][sql] SELECT * FROM `carver_link` WHERE  ( is_confirm=2 ) LIMIT 20 [ RunTime:0.000306s ]
[2021-07-05T05:11:02+08:00][sql] SELECT `article_label` FROM `carver_article` [ RunTime:0.000296s ]
[2021-07-05T05:11:02+08:00][sql] SHOW FULL COLUMNS FROM `carver_carouse` [ RunTime:0.000541s ]
[2021-07-05T05:11:02+08:00][sql] SELECT `carouse_img`,`carouse_desc` FROM `carver_carouse` WHERE  `is_show` = 1 ORDER BY `carouse_sort` DESC LIMIT 3 [ RunTime:0.000315s ]
[2021-07-05T05:11:02+08:00][sql] SHOW FULL COLUMNS FROM `carver_site` [ RunTime:0.000518s ]
[2021-07-05T05:11:02+08:00][sql] SELECT * FROM `carver_site` [ RunTime:0.000238s ]
[2021-07-05T05:14:20+08:00][sql] CONNECT:[ UseTime:0.000603s ] mysql:host=127.0.0.1;port=3306;dbname=carver;charset=utf8
[2021-07-05T05:14:20+08:00][sql] SHOW FULL COLUMNS FROM `carver_article` [ RunTime:0.001052s ]
[2021-07-05T05:14:20+08:00][sql] SELECT COUNT(*) AS think_count FROM `carver_article` WHERE  `article_title` LIKE '%%'  AND `delete_time` = 0  AND `is_show` = 1 [ RunTime:0.000489s ]
[2021-07-05T05:14:20+08:00][sql] SELECT * FROM `carver_article` WHERE  `article_title` LIKE '%%'  AND `delete_time` = 0  AND `is_show` = 1 LIMIT 0,6 [ RunTime:0.000936s ]
[2021-07-05T05:14:20+08:00][sql] SELECT article_id,article_title,click_num,FROM_UNIXTIME(add_time,'%Y-%m-%d') as add_time FROM `carver_article` WHERE  `delete_time` = 0  AND `is_show` = 1 ORDER BY `click_num` DESC LIMIT 3 [ RunTime:0.001147s ]
[2021-07-05T05:14:20+08:00][sql] SHOW FULL COLUMNS FROM `carver_notice` [ RunTime:0.000742s ]
[2021-07-05T05:14:20+08:00][sql] SELECT * FROM `carver_notice` ORDER BY `create_time` DESC LIMIT 3 [ RunTime:0.000328s ]
[2021-07-05T05:14:20+08:00][sql] SHOW FULL COLUMNS FROM `carver_navigation` [ RunTime:0.000634s ]
[2021-07-05T05:14:20+08:00][sql] SELECT * FROM `carver_navigation` [ RunTime:0.000275s ]
[2021-07-05T05:14:20+08:00][sql] SHOW FULL COLUMNS FROM `carver_link` [ RunTime:0.000598s ]
[2021-07-05T05:14:20+08:00][sql] SELECT * FROM `carver_link` WHERE  ( is_confirm=2 ) LIMIT 20 [ RunTime:0.000348s ]
[2021-07-05T05:14:20+08:00][sql] SELECT `article_label` FROM `carver_article` [ RunTime:0.000275s ]
[2021-07-05T05:14:20+08:00][sql] SHOW FULL COLUMNS FROM `carver_carouse` [ RunTime:0.000578s ]
[2021-07-05T05:14:20+08:00][sql] SELECT `carouse_img`,`carouse_desc` FROM `carver_carouse` WHERE  `is_show` = 1 ORDER BY `carouse_sort` DESC LIMIT 3 [ RunTime:0.000318s ]
[2021-07-05T05:14:20+08:00][sql] SHOW FULL COLUMNS FROM `carver_site` [ RunTime:0.000581s ]
[2021-07-05T05:14:20+08:00][sql] SELECT * FROM `carver_site` [ RunTime:0.000243s ]
[2021-07-05T05:41:59+08:00][sql] CONNECT:[ UseTime:0.000523s ] mysql:host=127.0.0.1;port=3306;dbname=carver;charset=utf8
[2021-07-05T05:41:59+08:00][sql] SHOW FULL COLUMNS FROM `carver_user` [ RunTime:0.000959s ]
[2021-07-05T05:41:59+08:00][sql] SHOW FULL COLUMNS FROM `carver_article` [ RunTime:0.000827s ]
[2021-07-05T05:41:59+08:00][sql] SELECT COUNT(*) AS think_count FROM `carver_article` WHERE  `delete_time` = 0  AND `is_show` = 1 [ RunTime:0.000418s ]
[2021-07-05T05:41:59+08:00][sql] SELECT `article_id`,`article_title`,`article_desc`,`article_content`,`article_img`,`article_guide`,`article_label`,`click_num`,`is_show`,`add_time`,`article_author`,`is_top_show` FROM `carver_article` WHERE  `delete_time` = 0  AND `is_show` = 1 ORDER BY `article_id` DESC LIMIT 0,6 [ RunTime:0.000802s ]
[2021-07-05T05:41:59+08:00][sql] SELECT article_id,article_title,click_num,FROM_UNIXTIME(add_time,'%Y-%m-%d') as add_time FROM `carver_article` WHERE  `is_show` = 1  AND `delete_time` = 0 ORDER BY `click_num` DESC LIMIT 3 [ RunTime:0.000461s ]
[2021-07-05T05:41:59+08:00][sql] SHOW FULL COLUMNS FROM `carver_notice` [ RunTime:0.000561s ]
[2021-07-05T05:41:59+08:00][sql] SELECT * FROM `carver_notice` ORDER BY `create_time` DESC LIMIT 3 [ RunTime:0.000308s ]
[2021-07-05T05:41:59+08:00][sql] SHOW FULL COLUMNS FROM `carver_navigation` [ RunTime:0.000617s ]
[2021-07-05T05:41:59+08:00][sql] SELECT * FROM `carver_navigation` [ RunTime:0.000264s ]
[2021-07-05T05:41:59+08:00][sql] SHOW FULL COLUMNS FROM `carver_link` [ RunTime:0.000610s ]
[2021-07-05T05:41:59+08:00][sql] SELECT * FROM `carver_link` WHERE  ( is_confirm=2 ) LIMIT 20 [ RunTime:0.000304s ]
[2021-07-05T05:41:59+08:00][sql] SELECT `article_label` FROM `carver_article` [ RunTime:0.000308s ]
[2021-07-05T05:41:59+08:00][sql] SHOW FULL COLUMNS FROM `carver_carouse` [ RunTime:0.000548s ]
[2021-07-05T05:41:59+08:00][sql] SELECT `carouse_img`,`carouse_desc` FROM `carver_carouse` WHERE  `is_show` = 1 ORDER BY `carouse_sort` DESC LIMIT 3 [ RunTime:0.000321s ]
[2021-07-05T05:41:59+08:00][sql] SHOW FULL COLUMNS FROM `carver_site` [ RunTime:0.000526s ]
[2021-07-05T05:41:59+08:00][sql] SELECT * FROM `carver_site` [ RunTime:0.000270s ]
[2021-07-05T06:56:37+08:00][sql] CONNECT:[ UseTime:0.000659s ] mysql:host=127.0.0.1;port=3306;dbname=carver;charset=utf8
[2021-07-05T06:56:37+08:00][sql] SHOW FULL COLUMNS FROM `carver_user` [ RunTime:0.000970s ]
[2021-07-05T06:56:37+08:00][sql] SHOW FULL COLUMNS FROM `carver_article` [ RunTime:0.000761s ]
[2021-07-05T06:56:37+08:00][sql] SELECT COUNT(*) AS think_count FROM `carver_article` WHERE  `delete_time` = 0  AND `is_show` = 1 [ RunTime:0.000424s ]
[2021-07-05T06:56:37+08:00][sql] SELECT `article_id`,`article_title`,`article_desc`,`article_content`,`article_img`,`article_guide`,`article_label`,`click_num`,`is_show`,`add_time`,`article_author`,`is_top_show` FROM `carver_article` WHERE  `delete_time` = 0  AND `is_show` = 1 ORDER BY `article_id` DESC LIMIT 60,6 [ RunTime:0.001052s ]
[2021-07-05T06:56:37+08:00][sql] SELECT article_id,article_title,click_num,FROM_UNIXTIME(add_time,'%Y-%m-%d') as add_time FROM `carver_article` WHERE  `is_show` = 1  AND `delete_time` = 0 ORDER BY `click_num` DESC LIMIT 3 [ RunTime:0.000530s ]
[2021-07-05T06:56:37+08:00][sql] SHOW FULL COLUMNS FROM `carver_notice` [ RunTime:0.000724s ]
[2021-07-05T06:56:37+08:00][sql] SELECT * FROM `carver_notice` ORDER BY `create_time` DESC LIMIT 3 [ RunTime:0.000416s ]
[2021-07-05T06:56:37+08:00][sql] SHOW FULL COLUMNS FROM `carver_navigation` [ RunTime:0.000753s ]
[2021-07-05T06:56:37+08:00][sql] SELECT * FROM `carver_navigation` [ RunTime:0.000322s ]
[2021-07-05T06:56:37+08:00][sql] SHOW FULL COLUMNS FROM `carver_link` [ RunTime:0.000653s ]
[2021-07-05T06:56:37+08:00][sql] SELECT * FROM `carver_link` WHERE  ( is_confirm=2 ) LIMIT 20 [ RunTime:0.000352s ]
[2021-07-05T06:56:37+08:00][sql] SELECT `article_label` FROM `carver_article` [ RunTime:0.000317s ]
[2021-07-05T06:56:37+08:00][sql] SHOW FULL COLUMNS FROM `carver_carouse` [ RunTime:0.000615s ]
[2021-07-05T06:56:37+08:00][sql] SELECT `carouse_img`,`carouse_desc` FROM `carver_carouse` WHERE  `is_show` = 1 ORDER BY `carouse_sort` DESC LIMIT 3 [ RunTime:0.000370s ]
[2021-07-05T06:56:37+08:00][sql] SHOW FULL COLUMNS FROM `carver_site` [ RunTime:0.000657s ]
[2021-07-05T06:56:37+08:00][sql] SELECT * FROM `carver_site` [ RunTime:0.000352s ]
[2021-07-05T07:18:37+08:00][sql] CONNECT:[ UseTime:0.000579s ] mysql:host=127.0.0.1;port=3306;dbname=carver;charset=utf8
[2021-07-05T07:18:37+08:00][sql] SHOW FULL COLUMNS FROM `carver_article` [ RunTime:0.001070s ]
[2021-07-05T07:18:37+08:00][sql] SELECT `article_id`,`article_title`,`article_desc`,`article_content`,`article_img`,`article_guide`,`article_label`,`click_num`,`is_show`,`add_time`,`article_author` FROM `carver_article` WHERE  `article_id` = 10 LIMIT 1 [ RunTime:0.000654s ]
[2021-07-05T07:18:37+08:00][sql] SELECT `article_id`,`article_title`,`article_desc`,`article_content`,`article_img`,`article_guide`,`article_label`,`click_num`,`is_show`,`add_time`,`article_author` FROM `carver_article` WHERE  `article_id` > 10 LIMIT 1 [ RunTime:0.000412s ]
[2021-07-05T07:18:37+08:00][sql] SELECT `article_id`,`article_title`,`article_desc`,`article_content`,`article_img`,`article_guide`,`article_label`,`click_num`,`is_show`,`add_time`,`article_author` FROM `carver_article` WHERE  `article_id` < 10 ORDER BY `article_id` DESC LIMIT 1 [ RunTime:0.000573s ]
[2021-07-05T07:18:37+08:00][sql] SHOW FULL COLUMNS FROM `carver_link` [ RunTime:0.000663s ]
[2021-07-05T07:18:37+08:00][sql] SELECT * FROM `carver_link` WHERE  ( is_confirm=2 ) LIMIT 20 [ RunTime:0.000348s ]
[2021-07-05T07:18:37+08:00][sql] SELECT article_id,article_title,click_num,FROM_UNIXTIME(add_time,'%Y-%m-%d') as add_time FROM `carver_article` ORDER BY `click_num` DESC LIMIT 3 [ RunTime:0.000358s ]
[2021-07-05T07:18:37+08:00][sql] SHOW FULL COLUMNS FROM `carver_comment` [ RunTime:0.000655s ]
[2021-07-05T07:18:37+08:00][sql] SELECT `a`.*,`b`.`user_name` FROM `carver_comment` `a` INNER JOIN `carver_user` `b` ON `a`.`user_id`=`b`.`user_id` WHERE  `article_id` = 10 ORDER BY `create_time` DESC [ RunTime:0.000385s ]
[2021-07-05T07:18:37+08:00][sql] SHOW FULL COLUMNS FROM `carver_comment_to_others` [ RunTime:0.000573s ]
[2021-07-05T07:18:37+08:00][sql] SELECT * FROM `carver_comment_to_others` [ RunTime:0.000238s ]
[2021-07-05T07:18:37+08:00][sql] SHOW FULL COLUMNS FROM `carver_user` [ RunTime:0.000574s ]
[2021-07-05T07:18:37+08:00][sql] SELECT `user_name` FROM `carver_user` WHERE  `user_id` = 4 LIMIT 1 [ RunTime:0.000262s ]
[2021-07-05T07:18:37+08:00][sql] SELECT `user_name` FROM `carver_user` WHERE  `user_id` = 4 LIMIT 1 [ RunTime:0.000209s ]
[2021-07-05T07:18:37+08:00][sql] SELECT `user_name` FROM `carver_user` WHERE  `user_id` = 5 LIMIT 1 [ RunTime:0.000211s ]
[2021-07-05T07:18:37+08:00][sql] SELECT `user_name` FROM `carver_user` WHERE  `user_id` = 5 LIMIT 1 [ RunTime:0.000240s ]
[2021-07-05T07:18:37+08:00][sql] SELECT `user_name` FROM `carver_user` WHERE  `user_id` = 37 LIMIT 1 [ RunTime:0.000214s ]
[2021-07-05T07:18:37+08:00][sql] SELECT `user_name`,`user_id` FROM `carver_user` [ RunTime:0.000236s ]
[2021-07-05T07:18:37+08:00][sql] SHOW FULL COLUMNS FROM `carver_navigation` [ RunTime:0.000604s ]
[2021-07-05T07:18:37+08:00][sql] SELECT * FROM `carver_navigation` [ RunTime:0.000245s ]
[2021-07-05T07:18:37+08:00][sql] SELECT `article_label` FROM `carver_article` [ RunTime:0.000293s ]
[2021-07-05T07:19:53+08:00][sql] CONNECT:[ UseTime:0.000581s ] mysql:host=127.0.0.1;port=3306;dbname=carver;charset=utf8
[2021-07-05T07:19:53+08:00][sql] SHOW FULL COLUMNS FROM `carver_user` [ RunTime:0.000906s ]
[2021-07-05T07:19:53+08:00][sql] SHOW FULL COLUMNS FROM `carver_article` [ RunTime:0.000799s ]
[2021-07-05T07:19:53+08:00][sql] SELECT COUNT(*) AS think_count FROM `carver_article` WHERE  `delete_time` = 0  AND `is_show` = 1 [ RunTime:0.000447s ]
[2021-07-05T07:19:53+08:00][sql] SELECT `article_id`,`article_title`,`article_desc`,`article_content`,`article_img`,`article_guide`,`article_label`,`click_num`,`is_show`,`add_time`,`article_author`,`is_top_show` FROM `carver_article` WHERE  `delete_time` = 0  AND `is_show` = 1 ORDER BY `article_id` DESC LIMIT 0,6 [ RunTime:0.000763s ]
[2021-07-05T07:19:53+08:00][sql] SELECT article_id,article_title,click_num,FROM_UNIXTIME(add_time,'%Y-%m-%d') as add_time FROM `carver_article` WHERE  `is_show` = 1  AND `delete_time` = 0 ORDER BY `click_num` DESC LIMIT 3 [ RunTime:0.000506s ]
[2021-07-05T07:19:53+08:00][sql] SHOW FULL COLUMNS FROM `carver_notice` [ RunTime:0.000686s ]
[2021-07-05T07:19:53+08:00][sql] SELECT * FROM `carver_notice` ORDER BY `create_time` DESC LIMIT 3 [ RunTime:0.000290s ]
[2021-07-05T07:19:53+08:00][sql] SHOW FULL COLUMNS FROM `carver_navigation` [ RunTime:0.000612s ]
[2021-07-05T07:19:53+08:00][sql] SELECT * FROM `carver_navigation` [ RunTime:0.000274s ]
[2021-07-05T07:19:53+08:00][sql] SHOW FULL COLUMNS FROM `carver_link` [ RunTime:0.000621s ]
[2021-07-05T07:19:53+08:00][sql] SELECT * FROM `carver_link` WHERE  ( is_confirm=2 ) LIMIT 20 [ RunTime:0.000303s ]
[2021-07-05T07:19:53+08:00][sql] SELECT `article_label` FROM `carver_article` [ RunTime:0.000313s ]
[2021-07-05T07:19:53+08:00][sql] SHOW FULL COLUMNS FROM `carver_carouse` [ RunTime:0.000627s ]
[2021-07-05T07:19:53+08:00][sql] SELECT `carouse_img`,`carouse_desc` FROM `carver_carouse` WHERE  `is_show` = 1 ORDER BY `carouse_sort` DESC LIMIT 3 [ RunTime:0.000340s ]
[2021-07-05T07:19:53+08:00][sql] SHOW FULL COLUMNS FROM `carver_site` [ RunTime:0.000511s ]
[2021-07-05T07:19:53+08:00][sql] SELECT * FROM `carver_site` [ RunTime:0.000286s ]
[2021-07-05T09:10:30+08:00][sql] CONNECT:[ UseTime:0.000590s ] mysql:host=127.0.0.1;port=3306;dbname=carver;charset=utf8
[2021-07-05T09:10:30+08:00][sql] SHOW FULL COLUMNS FROM `carver_user` [ RunTime:0.000896s ]
[2021-07-05T09:10:30+08:00][sql] SHOW FULL COLUMNS FROM `carver_article` [ RunTime:0.000790s ]
[2021-07-05T09:10:30+08:00][sql] SELECT COUNT(*) AS think_count FROM `carver_article` WHERE  `delete_time` = 0  AND `is_show` = 1 [ RunTime:0.000410s ]
[2021-07-05T09:10:30+08:00][sql] SELECT `article_id`,`article_title`,`article_desc`,`article_content`,`article_img`,`article_guide`,`article_label`,`click_num`,`is_show`,`add_time`,`article_author`,`is_top_show` FROM `carver_article` WHERE  `delete_time` = 0  AND `is_show` = 1 ORDER BY `article_id` DESC LIMIT 24,6 [ RunTime:0.001116s ]
[2021-07-05T09:10:30+08:00][sql] SELECT article_id,article_title,click_num,FROM_UNIXTIME(add_time,'%Y-%m-%d') as add_time FROM `carver_article` WHERE  `is_show` = 1  AND `delete_time` = 0 ORDER BY `click_num` DESC LIMIT 3 [ RunTime:0.000537s ]
[2021-07-05T09:10:30+08:00][sql] SHOW FULL COLUMNS FROM `carver_notice` [ RunTime:0.000629s ]
[2021-07-05T09:10:30+08:00][sql] SELECT * FROM `carver_notice` ORDER BY `create_time` DESC LIMIT 3 [ RunTime:0.000274s ]
[2021-07-05T09:10:30+08:00][sql] SHOW FULL COLUMNS FROM `carver_navigation` [ RunTime:0.000663s ]
[2021-07-05T09:10:30+08:00][sql] SELECT * FROM `carver_navigation` [ RunTime:0.000277s ]
[2021-07-05T09:10:30+08:00][sql] SHOW FULL COLUMNS FROM `carver_link` [ RunTime:0.000586s ]
[2021-07-05T09:10:30+08:00][sql] SELECT * FROM `carver_link` WHERE  ( is_confirm=2 ) LIMIT 20 [ RunTime:0.000289s ]
[2021-07-05T09:10:30+08:00][sql] SELECT `article_label` FROM `carver_article` [ RunTime:0.000294s ]
[2021-07-05T09:10:30+08:00][sql] SHOW FULL COLUMNS FROM `carver_carouse` [ RunTime:0.000582s ]
[2021-07-05T09:10:30+08:00][sql] SELECT `carouse_img`,`carouse_desc` FROM `carver_carouse` WHERE  `is_show` = 1 ORDER BY `carouse_sort` DESC LIMIT 3 [ RunTime:0.000293s ]
[2021-07-05T09:10:30+08:00][sql] SHOW FULL COLUMNS FROM `carver_site` [ RunTime:0.000520s ]
[2021-07-05T09:10:30+08:00][sql] SELECT * FROM `carver_site` [ RunTime:0.000265s ]
[2021-07-05T09:25:24+08:00][sql] CONNECT:[ UseTime:0.000551s ] mysql:host=127.0.0.1;port=3306;dbname=carver;charset=utf8
[2021-07-05T09:25:24+08:00][sql] SHOW FULL COLUMNS FROM `carver_article` [ RunTime:0.000912s ]
[2021-07-05T09:25:24+08:00][sql] SELECT COUNT(*) AS think_count FROM `carver_article` WHERE  `article_guide` = 5  AND `delete_time` = 0  AND `is_show` = 1 [ RunTime:0.000420s ]
[2021-07-05T09:25:24+08:00][sql] SELECT * FROM `carver_article` WHERE  `article_guide` = 5  AND `delete_time` = 0  AND `is_show` = 1 ORDER BY `add_time` DESC LIMIT 12,6 [ RunTime:0.000941s ]
[2021-07-05T09:25:24+08:00][sql] SELECT article_id,article_title,click_num,FROM_UNIXTIME(add_time,'%Y-%m-%d') as add_time FROM `carver_article` WHERE  `is_show` = 1  AND `delete_time` = 0 ORDER BY `click_num` DESC LIMIT 3 [ RunTime:0.000460s ]
[2021-07-05T09:25:24+08:00][sql] SHOW FULL COLUMNS FROM `carver_notice` [ RunTime:0.000633s ]
[2021-07-05T09:25:24+08:00][sql] SELECT * FROM `carver_notice` ORDER BY `create_time` DESC LIMIT 3 [ RunTime:0.000275s ]
[2021-07-05T09:25:24+08:00][sql] SHOW FULL COLUMNS FROM `carver_navigation` [ RunTime:0.000665s ]
[2021-07-05T09:25:24+08:00][sql] SELECT * FROM `carver_navigation` [ RunTime:0.000258s ]
[2021-07-05T09:25:24+08:00][sql] SELECT `article_label` FROM `carver_article` [ RunTime:0.000272s ]
[2021-07-05T09:25:24+08:00][sql] SHOW FULL COLUMNS FROM `carver_carouse` [ RunTime:0.000565s ]
[2021-07-05T09:25:24+08:00][sql] SELECT `carouse_img`,`carouse_desc` FROM `carver_carouse` WHERE  `is_show` = 1 ORDER BY `carouse_sort` DESC LIMIT 3 [ RunTime:0.000308s ]
[2021-07-05T09:25:24+08:00][sql] SHOW FULL COLUMNS FROM `carver_link` [ RunTime:0.000529s ]
[2021-07-05T09:25:24+08:00][sql] SELECT * FROM `carver_link` WHERE  ( is_confirm=2 ) LIMIT 20 [ RunTime:0.000291s ]
[2021-07-05T09:25:24+08:00][sql] SHOW FULL COLUMNS FROM `carver_site` [ RunTime:0.000596s ]
[2021-07-05T09:25:24+08:00][sql] SELECT * FROM `carver_site` [ RunTime:0.000274s ]
[2021-07-05T09:53:36+08:00][sql] CONNECT:[ UseTime:0.000537s ] mysql:host=127.0.0.1;port=3306;dbname=carver;charset=utf8
[2021-07-05T09:53:36+08:00][sql] SHOW FULL COLUMNS FROM `carver_article` [ RunTime:0.000936s ]
[2021-07-05T09:53:36+08:00][sql] SELECT `article_id`,`article_title`,`article_desc`,`article_content`,`article_img`,`article_guide`,`article_label`,`click_num`,`is_show`,`add_time`,`article_author` FROM `carver_article` WHERE  `article_id` = 25 LIMIT 1 [ RunTime:0.000456s ]
[2021-07-05T09:53:36+08:00][sql] SELECT `article_id`,`article_title`,`article_desc`,`article_content`,`article_img`,`article_guide`,`article_label`,`click_num`,`is_show`,`add_time`,`article_author` FROM `carver_article` WHERE  `article_id` > 25 LIMIT 1 [ RunTime:0.000554s ]
[2021-07-05T09:53:36+08:00][sql] SELECT `article_id`,`article_title`,`article_desc`,`article_content`,`article_img`,`article_guide`,`article_label`,`click_num`,`is_show`,`add_time`,`article_author` FROM `carver_article` WHERE  `article_id` < 25 ORDER BY `article_id` DESC LIMIT 1 [ RunTime:0.000464s ]
[2021-07-05T09:53:36+08:00][sql] SHOW FULL COLUMNS FROM `carver_link` [ RunTime:0.000642s ]
[2021-07-05T09:53:36+08:00][sql] SELECT * FROM `carver_link` WHERE  ( is_confirm=2 ) LIMIT 20 [ RunTime:0.000316s ]
[2021-07-05T09:53:36+08:00][sql] SELECT article_id,article_title,click_num,FROM_UNIXTIME(add_time,'%Y-%m-%d') as add_time FROM `carver_article` ORDER BY `click_num` DESC LIMIT 3 [ RunTime:0.000379s ]
[2021-07-05T09:53:36+08:00][sql] SHOW FULL COLUMNS FROM `carver_comment` [ RunTime:0.000630s ]
[2021-07-05T09:53:36+08:00][sql] SELECT `a`.*,`b`.`user_name` FROM `carver_comment` `a` INNER JOIN `carver_user` `b` ON `a`.`user_id`=`b`.`user_id` WHERE  `article_id` = 25 ORDER BY `create_time` DESC [ RunTime:0.000445s ]
[2021-07-05T09:53:36+08:00][sql] SHOW FULL COLUMNS FROM `carver_comment_to_others` [ RunTime:0.000637s ]
[2021-07-05T09:53:36+08:00][sql] SELECT * FROM `carver_comment_to_others` [ RunTime:0.000235s ]
[2021-07-05T09:53:36+08:00][sql] SHOW FULL COLUMNS FROM `carver_user` [ RunTime:0.000535s ]
[2021-07-05T09:53:36+08:00][sql] SELECT `user_name` FROM `carver_user` WHERE  `user_id` = 4 LIMIT 1 [ RunTime:0.000236s ]
[2021-07-05T09:53:36+08:00][sql] SELECT `user_name` FROM `carver_user` WHERE  `user_id` = 4 LIMIT 1 [ RunTime:0.000224s ]
[2021-07-05T09:53:36+08:00][sql] SELECT `user_name` FROM `carver_user` WHERE  `user_id` = 5 LIMIT 1 [ RunTime:0.000244s ]
[2021-07-05T09:53:36+08:00][sql] SELECT `user_name` FROM `carver_user` WHERE  `user_id` = 5 LIMIT 1 [ RunTime:0.000217s ]
[2021-07-05T09:53:36+08:00][sql] SELECT `user_name` FROM `carver_user` WHERE  `user_id` = 37 LIMIT 1 [ RunTime:0.000260s ]
[2021-07-05T09:53:36+08:00][sql] SELECT `user_name`,`user_id` FROM `carver_user` [ RunTime:0.000478s ]
[2021-07-05T09:53:36+08:00][sql] SHOW FULL COLUMNS FROM `carver_navigation` [ RunTime:0.000614s ]
[2021-07-05T09:53:36+08:00][sql] SELECT * FROM `carver_navigation` [ RunTime:0.000241s ]
[2021-07-05T09:53:36+08:00][sql] SELECT `article_label` FROM `carver_article` [ RunTime:0.000285s ]
[2021-07-05T10:10:48+08:00][sql] CONNECT:[ UseTime:0.000513s ] mysql:host=127.0.0.1;port=3306;dbname=carver;charset=utf8
[2021-07-05T10:10:48+08:00][sql] SHOW FULL COLUMNS FROM `carver_article` [ RunTime:0.000985s ]
[2021-07-05T10:10:48+08:00][sql] SELECT `article_id`,`article_title`,`article_desc`,`article_content`,`article_img`,`article_guide`,`article_label`,`click_num`,`is_show`,`add_time`,`article_author` FROM `carver_article` WHERE  `article_id` = 23' LIMIT 1 [ RunTime:0.000524s ]
[2021-07-05T10:10:48+08:00][sql] SELECT `article_id`,`article_title`,`article_desc`,`article_content`,`article_img`,`article_guide`,`article_label`,`click_num`,`is_show`,`add_time`,`article_author` FROM `carver_article` WHERE  `article_id` > 23' LIMIT 1 [ RunTime:0.000563s ]
[2021-07-05T10:10:48+08:00][sql] SELECT `article_id`,`article_title`,`article_desc`,`article_content`,`article_img`,`article_guide`,`article_label`,`click_num`,`is_show`,`add_time`,`article_author` FROM `carver_article` WHERE  `article_id` < 23' ORDER BY `article_id` DESC LIMIT 1 [ RunTime:0.000516s ]
[2021-07-05T10:10:48+08:00][sql] SHOW FULL COLUMNS FROM `carver_link` [ RunTime:0.000645s ]
[2021-07-05T10:10:48+08:00][sql] SELECT * FROM `carver_link` WHERE  ( is_confirm=2 ) LIMIT 20 [ RunTime:0.000355s ]
[2021-07-05T10:10:48+08:00][sql] SELECT article_id,article_title,click_num,FROM_UNIXTIME(add_time,'%Y-%m-%d') as add_time FROM `carver_article` ORDER BY `click_num` DESC LIMIT 3 [ RunTime:0.000362s ]
[2021-07-05T10:10:48+08:00][sql] SHOW FULL COLUMNS FROM `carver_comment` [ RunTime:0.000714s ]
[2021-07-05T10:10:48+08:00][sql] SELECT `a`.*,`b`.`user_name` FROM `carver_comment` `a` INNER JOIN `carver_user` `b` ON `a`.`user_id`=`b`.`user_id` WHERE  `article_id` = 23' ORDER BY `create_time` DESC [ RunTime:0.000371s ]
[2021-07-05T10:10:48+08:00][sql] SHOW FULL COLUMNS FROM `carver_comment_to_others` [ RunTime:0.000619s ]
[2021-07-05T10:10:48+08:00][sql] SELECT * FROM `carver_comment_to_others` [ RunTime:0.000261s ]
[2021-07-05T10:10:48+08:00][sql] SHOW FULL COLUMNS FROM `carver_user` [ RunTime:0.000525s ]
[2021-07-05T10:10:48+08:00][sql] SELECT `user_name` FROM `carver_user` WHERE  `user_id` = 4 LIMIT 1 [ RunTime:0.000255s ]
[2021-07-05T10:10:48+08:00][sql] SELECT `user_name` FROM `carver_user` WHERE  `user_id` = 4 LIMIT 1 [ RunTime:0.000264s ]
[2021-07-05T10:10:48+08:00][sql] SELECT `user_name` FROM `carver_user` WHERE  `user_id` = 5 LIMIT 1 [ RunTime:0.000227s ]
[2021-07-05T10:10:48+08:00][sql] SELECT `user_name` FROM `carver_user` WHERE  `user_id` = 5 LIMIT 1 [ RunTime:0.000230s ]
[2021-07-05T10:10:48+08:00][sql] SELECT `user_name` FROM `carver_user` WHERE  `user_id` = 37 LIMIT 1 [ RunTime:0.000249s ]
[2021-07-05T10:10:48+08:00][sql] SELECT `user_name`,`user_id` FROM `carver_user` [ RunTime:0.000271s ]
[2021-07-05T10:10:48+08:00][sql] SHOW FULL COLUMNS FROM `carver_navigation` [ RunTime:0.000661s ]
[2021-07-05T10:10:48+08:00][sql] SELECT * FROM `carver_navigation` [ RunTime:0.000240s ]
[2021-07-05T10:10:48+08:00][sql] SELECT `article_label` FROM `carver_article` [ RunTime:0.000275s ]
[2021-07-05T10:44:01+08:00][sql] CONNECT:[ UseTime:0.001000s ] mysql:host=127.0.0.1;port=3306;dbname=carver;charset=utf8
[2021-07-05T10:44:01+08:00][sql] SHOW FULL COLUMNS FROM `carver_user` [ RunTime:0.001054s ]
[2021-07-05T10:44:01+08:00][sql] SHOW FULL COLUMNS FROM `carver_article` [ RunTime:0.000822s ]
[2021-07-05T10:44:01+08:00][sql] SELECT COUNT(*) AS think_count FROM `carver_article` WHERE  `delete_time` = 0  AND `is_show` = 1 [ RunTime:0.000457s ]
[2021-07-05T10:44:01+08:00][sql] SELECT `article_id`,`article_title`,`article_desc`,`article_content`,`article_img`,`article_guide`,`article_label`,`click_num`,`is_show`,`add_time`,`article_author`,`is_top_show` FROM `carver_article` WHERE  `delete_time` = 0  AND `is_show` = 1 ORDER BY `article_id` DESC LIMIT 0,6 [ RunTime:0.000805s ]
[2021-07-05T10:44:01+08:00][sql] SELECT article_id,article_title,click_num,FROM_UNIXTIME(add_time,'%Y-%m-%d') as add_time FROM `carver_article` WHERE  `is_show` = 1  AND `delete_time` = 0 ORDER BY `click_num` DESC LIMIT 3 [ RunTime:0.000566s ]
[2021-07-05T10:44:01+08:00][sql] SHOW FULL COLUMNS FROM `carver_notice` [ RunTime:0.000738s ]
[2021-07-05T10:44:01+08:00][sql] SELECT * FROM `carver_notice` ORDER BY `create_time` DESC LIMIT 3 [ RunTime:0.000307s ]
[2021-07-05T10:44:01+08:00][sql] SHOW FULL COLUMNS FROM `carver_navigation` [ RunTime:0.000614s ]
[2021-07-05T10:44:01+08:00][sql] SELECT * FROM `carver_navigation` [ RunTime:0.000285s ]
[2021-07-05T10:44:01+08:00][sql] SHOW FULL COLUMNS FROM `carver_link` [ RunTime:0.000599s ]
[2021-07-05T10:44:01+08:00][sql] SELECT * FROM `carver_link` WHERE  ( is_confirm=2 ) LIMIT 20 [ RunTime:0.000316s ]
[2021-07-05T10:44:01+08:00][sql] SELECT `article_label` FROM `carver_article` [ RunTime:0.000336s ]
[2021-07-05T10:44:01+08:00][sql] SHOW FULL COLUMNS FROM `carver_carouse` [ RunTime:0.000543s ]
[2021-07-05T10:44:01+08:00][sql] SELECT `carouse_img`,`carouse_desc` FROM `carver_carouse` WHERE  `is_show` = 1 ORDER BY `carouse_sort` DESC LIMIT 3 [ RunTime:0.000359s ]
[2021-07-05T10:44:01+08:00][sql] SHOW FULL COLUMNS FROM `carver_site` [ RunTime:0.000542s ]
[2021-07-05T10:44:01+08:00][sql] SELECT * FROM `carver_site` [ RunTime:0.000255s ]
[2021-07-05T10:45:18+08:00][sql] CONNECT:[ UseTime:0.000776s ] mysql:host=127.0.0.1;port=3306;dbname=carver;charset=utf8
[2021-07-05T10:45:18+08:00][sql] SHOW FULL COLUMNS FROM `carver_user` [ RunTime:0.000940s ]
[2021-07-05T10:45:18+08:00][sql] SHOW FULL COLUMNS FROM `carver_article` [ RunTime:0.000769s ]
[2021-07-05T10:45:18+08:00][sql] SELECT COUNT(*) AS think_count FROM `carver_article` WHERE  `delete_time` = 0  AND `is_show` = 1 [ RunTime:0.000417s ]
[2021-07-05T10:45:18+08:00][sql] SELECT `article_id`,`article_title`,`article_desc`,`article_content`,`article_img`,`article_guide`,`article_label`,`click_num`,`is_show`,`add_time`,`article_author`,`is_top_show` FROM `carver_article` WHERE  `delete_time` = 0  AND `is_show` = 1 ORDER BY `article_id` DESC LIMIT 66,6 [ RunTime:0.001067s ]
[2021-07-05T10:45:18+08:00][sql] SELECT article_id,article_title,click_num,FROM_UNIXTIME(add_time,'%Y-%m-%d') as add_time FROM `carver_article` WHERE  `is_show` = 1  AND `delete_time` = 0 ORDER BY `click_num` DESC LIMIT 3 [ RunTime:0.000408s ]
[2021-07-05T10:45:18+08:00][sql] SHOW FULL COLUMNS FROM `carver_notice` [ RunTime:0.000614s ]
[2021-07-05T10:45:18+08:00][sql] SELECT * FROM `carver_notice` ORDER BY `create_time` DESC LIMIT 3 [ RunTime:0.000304s ]
[2021-07-05T10:45:18+08:00][sql] SHOW FULL COLUMNS FROM `carver_navigation` [ RunTime:0.000576s ]
[2021-07-05T10:45:18+08:00][sql] SELECT * FROM `carver_navigation` [ RunTime:0.000313s ]
[2021-07-05T10:45:18+08:00][sql] SHOW FULL COLUMNS FROM `carver_link` [ RunTime:0.000569s ]
[2021-07-05T10:45:18+08:00][sql] SELECT * FROM `carver_link` WHERE  ( is_confirm=2 ) LIMIT 20 [ RunTime:0.000382s ]
[2021-07-05T10:45:18+08:00][sql] SELECT `article_label` FROM `carver_article` [ RunTime:0.000260s ]
[2021-07-05T10:45:18+08:00][sql] SHOW FULL COLUMNS FROM `carver_carouse` [ RunTime:0.000593s ]
[2021-07-05T10:45:18+08:00][sql] SELECT `carouse_img`,`carouse_desc` FROM `carver_carouse` WHERE  `is_show` = 1 ORDER BY `carouse_sort` DESC LIMIT 3 [ RunTime:0.000290s ]
[2021-07-05T10:45:18+08:00][sql] SHOW FULL COLUMNS FROM `carver_site` [ RunTime:0.000579s ]
[2021-07-05T10:45:18+08:00][sql] SELECT * FROM `carver_site` [ RunTime:0.000324s ]
[2021-07-05T11:07:23+08:00][sql] CONNECT:[ UseTime:0.000553s ] mysql:host=127.0.0.1;port=3306;dbname=carver;charset=utf8
[2021-07-05T11:07:23+08:00][sql] SHOW FULL COLUMNS FROM `carver_article` [ RunTime:0.000897s ]
[2021-07-05T11:07:23+08:00][sql] SELECT `article_id`,`article_title`,`article_desc`,`article_content`,`article_img`,`article_guide`,`article_label`,`click_num`,`is_show`,`add_time`,`article_author` FROM `carver_article` WHERE  `article_id` = 22 LIMIT 1 [ RunTime:0.000551s ]
[2021-07-05T11:07:23+08:00][sql] SELECT `article_id`,`article_title`,`article_desc`,`article_content`,`article_img`,`article_guide`,`article_label`,`click_num`,`is_show`,`add_time`,`article_author` FROM `carver_article` WHERE  `article_id` > 22 LIMIT 1 [ RunTime:0.000362s ]
[2021-07-05T11:07:23+08:00][sql] SELECT `article_id`,`article_title`,`article_desc`,`article_content`,`article_img`,`article_guide`,`article_label`,`click_num`,`is_show`,`add_time`,`article_author` FROM `carver_article` WHERE  `article_id` < 22 ORDER BY `article_id` DESC LIMIT 1 [ RunTime:0.000376s ]
[2021-07-05T11:07:23+08:00][sql] SHOW FULL COLUMNS FROM `carver_link` [ RunTime:0.000569s ]
[2021-07-05T11:07:23+08:00][sql] SELECT * FROM `carver_link` WHERE  ( is_confirm=2 ) LIMIT 20 [ RunTime:0.000302s ]
[2021-07-05T11:07:23+08:00][sql] SELECT article_id,article_title,click_num,FROM_UNIXTIME(add_time,'%Y-%m-%d') as add_time FROM `carver_article` ORDER BY `click_num` DESC LIMIT 3 [ RunTime:0.000338s ]
[2021-07-05T11:07:23+08:00][sql] SHOW FULL COLUMNS FROM `carver_comment` [ RunTime:0.000691s ]
[2021-07-05T11:07:23+08:00][sql] SELECT `a`.*,`b`.`user_name` FROM `carver_comment` `a` INNER JOIN `carver_user` `b` ON `a`.`user_id`=`b`.`user_id` WHERE  `article_id` = 22 ORDER BY `create_time` DESC [ RunTime:0.000372s ]
[2021-07-05T11:07:23+08:00][sql] SHOW FULL COLUMNS FROM `carver_comment_to_others` [ RunTime:0.000482s ]
[2021-07-05T11:07:23+08:00][sql] SELECT * FROM `carver_comment_to_others` [ RunTime:0.000262s ]
[2021-07-05T11:07:23+08:00][sql] SHOW FULL COLUMNS FROM `carver_user` [ RunTime:0.000536s ]
[2021-07-05T11:07:23+08:00][sql] SELECT `user_name` FROM `carver_user` WHERE  `user_id` = 4 LIMIT 1 [ RunTime:0.000254s ]
[2021-07-05T11:07:23+08:00][sql] SELECT `user_name` FROM `carver_user` WHERE  `user_id` = 4 LIMIT 1 [ RunTime:0.000213s ]
[2021-07-05T11:07:23+08:00][sql] SELECT `user_name` FROM `carver_user` WHERE  `user_id` = 5 LIMIT 1 [ RunTime:0.000207s ]
[2021-07-05T11:07:23+08:00][sql] SELECT `user_name` FROM `carver_user` WHERE  `user_id` = 5 LIMIT 1 [ RunTime:0.000226s ]
[2021-07-05T11:07:23+08:00][sql] SELECT `user_name` FROM `carver_user` WHERE  `user_id` = 37 LIMIT 1 [ RunTime:0.000216s ]
[2021-07-05T11:07:23+08:00][sql] SELECT `user_name`,`user_id` FROM `carver_user` [ RunTime:0.000331s ]
[2021-07-05T11:07:23+08:00][sql] SHOW FULL COLUMNS FROM `carver_navigation` [ RunTime:0.000510s ]
[2021-07-05T11:07:23+08:00][sql] SELECT * FROM `carver_navigation` [ RunTime:0.000244s ]
[2021-07-05T11:07:23+08:00][sql] SELECT `article_label` FROM `carver_article` [ RunTime:0.000261s ]
[2021-07-05T11:56:45+08:00][sql] CONNECT:[ UseTime:0.001363s ] mysql:host=127.0.0.1;port=3306;dbname=carver;charset=utf8
[2021-07-05T11:56:45+08:00][sql] SHOW FULL COLUMNS FROM `carver_user` [ RunTime:0.000887s ]
[2021-07-05T11:56:45+08:00][sql] SHOW FULL COLUMNS FROM `carver_article` [ RunTime:0.000941s ]
[2021-07-05T11:56:45+08:00][sql] SELECT COUNT(*) AS think_count FROM `carver_article` WHERE  `delete_time` = 0  AND `is_show` = 1 [ RunTime:0.000388s ]
[2021-07-05T11:56:45+08:00][sql] SELECT `article_id`,`article_title`,`article_desc`,`article_content`,`article_img`,`article_guide`,`article_label`,`click_num`,`is_show`,`add_time`,`article_author`,`is_top_show` FROM `carver_article` WHERE  `delete_time` = 0  AND `is_show` = 1 ORDER BY `article_id` DESC LIMIT 0,6 [ RunTime:0.000774s ]
[2021-07-05T11:56:45+08:00][sql] SELECT article_id,article_title,click_num,FROM_UNIXTIME(add_time,'%Y-%m-%d') as add_time FROM `carver_article` WHERE  `is_show` = 1  AND `delete_time` = 0 ORDER BY `click_num` DESC LIMIT 3 [ RunTime:0.000517s ]
[2021-07-05T11:56:45+08:00][sql] SHOW FULL COLUMNS FROM `carver_notice` [ RunTime:0.000657s ]
[2021-07-05T11:56:45+08:00][sql] SELECT * FROM `carver_notice` ORDER BY `create_time` DESC LIMIT 3 [ RunTime:0.000299s ]
[2021-07-05T11:56:45+08:00][sql] SHOW FULL COLUMNS FROM `carver_navigation` [ RunTime:0.000638s ]
[2021-07-05T11:56:45+08:00][sql] SELECT * FROM `carver_navigation` [ RunTime:0.000237s ]
[2021-07-05T11:56:45+08:00][sql] SHOW FULL COLUMNS FROM `carver_link` [ RunTime:0.000477s ]
[2021-07-05T11:56:45+08:00][sql] SELECT * FROM `carver_link` WHERE  ( is_confirm=2 ) LIMIT 20 [ RunTime:0.000316s ]
[2021-07-05T11:56:45+08:00][sql] SELECT `article_label` FROM `carver_article` [ RunTime:0.000277s ]
[2021-07-05T11:56:45+08:00][sql] SHOW FULL COLUMNS FROM `carver_carouse` [ RunTime:0.000570s ]
[2021-07-05T11:56:45+08:00][sql] SELECT `carouse_img`,`carouse_desc` FROM `carver_carouse` WHERE  `is_show` = 1 ORDER BY `carouse_sort` DESC LIMIT 3 [ RunTime:0.000292s ]
[2021-07-05T11:56:45+08:00][sql] SHOW FULL COLUMNS FROM `carver_site` [ RunTime:0.000541s ]
[2021-07-05T11:56:45+08:00][sql] SELECT * FROM `carver_site` [ RunTime:0.000403s ]
[2021-07-05T11:56:45+08:00][sql] CONNECT:[ UseTime:0.025986s ] mysql:host=127.0.0.1;port=3306;dbname=carver;charset=utf8
[2021-07-05T11:56:45+08:00][sql] SHOW FULL COLUMNS FROM `carver_user` [ RunTime:0.000942s ]
[2021-07-05T11:56:45+08:00][sql] SHOW FULL COLUMNS FROM `carver_article` [ RunTime:0.000832s ]
[2021-07-05T11:56:45+08:00][sql] SELECT COUNT(*) AS think_count FROM `carver_article` WHERE  `delete_time` = 0  AND `is_show` = 1 [ RunTime:0.000430s ]
[2021-07-05T11:56:45+08:00][sql] SELECT `article_id`,`article_title`,`article_desc`,`article_content`,`article_img`,`article_guide`,`article_label`,`click_num`,`is_show`,`add_time`,`article_author`,`is_top_show` FROM `carver_article` WHERE  `delete_time` = 0  AND `is_show` = 1 ORDER BY `article_id` DESC LIMIT 0,6 [ RunTime:0.000784s ]
[2021-07-05T11:56:45+08:00][sql] SELECT article_id,article_title,click_num,FROM_UNIXTIME(add_time,'%Y-%m-%d') as add_time FROM `carver_article` WHERE  `is_show` = 1  AND `delete_time` = 0 ORDER BY `click_num` DESC LIMIT 3 [ RunTime:0.000445s ]
[2021-07-05T11:56:45+08:00][sql] SHOW FULL COLUMNS FROM `carver_notice` [ RunTime:0.000734s ]
[2021-07-05T11:56:45+08:00][sql] SELECT * FROM `carver_notice` ORDER BY `create_time` DESC LIMIT 3 [ RunTime:0.000292s ]
[2021-07-05T11:56:45+08:00][sql] SHOW FULL COLUMNS FROM `carver_navigation` [ RunTime:0.000556s ]
[2021-07-05T11:56:45+08:00][sql] SELECT * FROM `carver_navigation` [ RunTime:0.000276s ]
[2021-07-05T11:56:45+08:00][sql] SHOW FULL COLUMNS FROM `carver_link` [ RunTime:0.000579s ]
[2021-07-05T11:56:45+08:00][sql] SELECT * FROM `carver_link` WHERE  ( is_confirm=2 ) LIMIT 20 [ RunTime:0.000285s ]
[2021-07-05T11:56:45+08:00][sql] SELECT `article_label` FROM `carver_article` [ RunTime:0.000272s ]
[2021-07-05T11:56:45+08:00][sql] SHOW FULL COLUMNS FROM `carver_carouse` [ RunTime:0.000558s ]
[2021-07-05T11:56:45+08:00][sql] SELECT `carouse_img`,`carouse_desc` FROM `carver_carouse` WHERE  `is_show` = 1 ORDER BY `carouse_sort` DESC LIMIT 3 [ RunTime:0.000296s ]
[2021-07-05T11:56:45+08:00][sql] SHOW FULL COLUMNS FROM `carver_site` [ RunTime:0.000504s ]
[2021-07-05T11:56:45+08:00][sql] SELECT * FROM `carver_site` [ RunTime:0.000312s ]
[2021-07-05T12:54:54+08:00][sql] CONNECT:[ UseTime:0.000608s ] mysql:host=127.0.0.1;port=3306;dbname=carver;charset=utf8
[2021-07-05T12:54:54+08:00][sql] SHOW FULL COLUMNS FROM `carver_article` [ RunTime:0.000971s ]
[2021-07-05T12:54:54+08:00][sql] SELECT COUNT(*) AS think_count FROM `carver_article` WHERE  `article_guide` = 47  AND `delete_time` = 0  AND `is_show` = 1 [ RunTime:0.000430s ]
[2021-07-05T12:54:54+08:00][sql] SELECT * FROM `carver_article` WHERE  `article_guide` = 47  AND `delete_time` = 0  AND `is_show` = 1 ORDER BY `add_time` DESC LIMIT 0,6 [ RunTime:0.000407s ]
[2021-07-05T12:54:54+08:00][sql] SELECT article_id,article_title,click_num,FROM_UNIXTIME(add_time,'%Y-%m-%d') as add_time FROM `carver_article` WHERE  `is_show` = 1  AND `delete_time` = 0 ORDER BY `click_num` DESC LIMIT 3 [ RunTime:0.000544s ]
[2021-07-05T12:54:54+08:00][sql] SHOW FULL COLUMNS FROM `carver_notice` [ RunTime:0.000679s ]
[2021-07-05T12:54:54+08:00][sql] SELECT * FROM `carver_notice` ORDER BY `create_time` DESC LIMIT 3 [ RunTime:0.000343s ]
[2021-07-05T12:54:54+08:00][sql] SHOW FULL COLUMNS FROM `carver_navigation` [ RunTime:0.000626s ]
[2021-07-05T12:54:54+08:00][sql] SELECT * FROM `carver_navigation` [ RunTime:0.000291s ]
[2021-07-05T12:54:54+08:00][sql] SELECT `article_label` FROM `carver_article` [ RunTime:0.000281s ]
[2021-07-05T12:54:54+08:00][sql] SHOW FULL COLUMNS FROM `carver_carouse` [ RunTime:0.000774s ]
[2021-07-05T12:54:54+08:00][sql] SELECT `carouse_img`,`carouse_desc` FROM `carver_carouse` WHERE  `is_show` = 1 ORDER BY `carouse_sort` DESC LIMIT 3 [ RunTime:0.000333s ]
[2021-07-05T12:54:54+08:00][sql] SHOW FULL COLUMNS FROM `carver_link` [ RunTime:0.000543s ]
[2021-07-05T12:54:54+08:00][sql] SELECT * FROM `carver_link` WHERE  ( is_confirm=2 ) LIMIT 20 [ RunTime:0.000356s ]
[2021-07-05T12:54:54+08:00][sql] SHOW FULL COLUMNS FROM `carver_site` [ RunTime:0.000638s ]
[2021-07-05T12:54:54+08:00][sql] SELECT * FROM `carver_site` [ RunTime:0.000291s ]
[2021-07-05T12:58:44+08:00][sql] CONNECT:[ UseTime:0.018279s ] mysql:host=127.0.0.1;port=3306;dbname=carver;charset=utf8
[2021-07-05T12:58:44+08:00][sql] SHOW FULL COLUMNS FROM `carver_user` [ RunTime:0.003431s ]
[2021-07-05T12:58:44+08:00][sql] SHOW FULL COLUMNS FROM `carver_article` [ RunTime:0.002223s ]
[2021-07-05T12:58:44+08:00][sql] SELECT COUNT(*) AS think_count FROM `carver_article` WHERE  `delete_time` = 0  AND `is_show` = 1 [ RunTime:0.001814s ]
[2021-07-05T12:58:44+08:00][sql] SELECT `article_id`,`article_title`,`article_desc`,`article_content`,`article_img`,`article_guide`,`article_label`,`click_num`,`is_show`,`add_time`,`article_author`,`is_top_show` FROM `carver_article` WHERE  `delete_time` = 0  AND `is_show` = 1 ORDER BY `article_id` DESC LIMIT 0,6 [ RunTime:0.001111s ]
[2021-07-05T12:58:44+08:00][sql] SELECT article_id,article_title,click_num,FROM_UNIXTIME(add_time,'%Y-%m-%d') as add_time FROM `carver_article` WHERE  `is_show` = 1  AND `delete_time` = 0 ORDER BY `click_num` DESC LIMIT 3 [ RunTime:0.006464s ]
[2021-07-05T12:58:44+08:00][sql] SHOW FULL COLUMNS FROM `carver_notice` [ RunTime:0.001909s ]
[2021-07-05T12:58:44+08:00][sql] SELECT * FROM `carver_notice` ORDER BY `create_time` DESC LIMIT 3 [ RunTime:0.000908s ]
[2021-07-05T12:58:44+08:00][sql] SHOW FULL COLUMNS FROM `carver_navigation` [ RunTime:0.001642s ]
[2021-07-05T12:58:44+08:00][sql] SELECT * FROM `carver_navigation` [ RunTime:0.001032s ]
[2021-07-05T12:58:44+08:00][sql] SHOW FULL COLUMNS FROM `carver_link` [ RunTime:0.002801s ]
[2021-07-05T12:58:44+08:00][sql] SELECT * FROM `carver_link` WHERE  ( is_confirm=2 ) LIMIT 20 [ RunTime:0.000448s ]
[2021-07-05T12:58:44+08:00][sql] SELECT `article_label` FROM `carver_article` [ RunTime:0.002512s ]
[2021-07-05T12:58:44+08:00][sql] SHOW FULL COLUMNS FROM `carver_carouse` [ RunTime:0.000959s ]
[2021-07-05T12:58:44+08:00][sql] SELECT `carouse_img`,`carouse_desc` FROM `carver_carouse` WHERE  `is_show` = 1 ORDER BY `carouse_sort` DESC LIMIT 3 [ RunTime:0.001550s ]
[2021-07-05T12:58:44+08:00][sql] SHOW FULL COLUMNS FROM `carver_site` [ RunTime:0.000963s ]
[2021-07-05T12:58:44+08:00][sql] SELECT * FROM `carver_site` [ RunTime:0.000387s ]
[2021-07-05T13:34:11+08:00][sql] CONNECT:[ UseTime:0.000588s ] mysql:host=127.0.0.1;port=3306;dbname=carver;charset=utf8
[2021-07-05T13:34:11+08:00][sql] SHOW FULL COLUMNS FROM `carver_article` [ RunTime:0.000917s ]
[2021-07-05T13:34:11+08:00][sql] SELECT `article_id`,`article_title`,`article_desc`,`article_content`,`article_img`,`article_guide`,`article_label`,`click_num`,`is_show`,`add_time`,`article_author` FROM `carver_article` WHERE  `article_id` = 12 LIMIT 1 [ RunTime:0.000459s ]
[2021-07-05T13:34:11+08:00][sql] SELECT `article_id`,`article_title`,`article_desc`,`article_content`,`article_img`,`article_guide`,`article_label`,`click_num`,`is_show`,`add_time`,`article_author` FROM `carver_article` WHERE  `article_id` > 12 LIMIT 1 [ RunTime:0.000386s ]
[2021-07-05T13:34:11+08:00][sql] SELECT `article_id`,`article_title`,`article_desc`,`article_content`,`article_img`,`article_guide`,`article_label`,`click_num`,`is_show`,`add_time`,`article_author` FROM `carver_article` WHERE  `article_id` < 12 ORDER BY `article_id` DESC LIMIT 1 [ RunTime:0.000333s ]
[2021-07-05T13:34:11+08:00][sql] SHOW FULL COLUMNS FROM `carver_link` [ RunTime:0.000687s ]
[2021-07-05T13:34:11+08:00][sql] SELECT * FROM `carver_link` WHERE  ( is_confirm=2 ) LIMIT 20 [ RunTime:0.000326s ]
[2021-07-05T13:34:11+08:00][sql] SELECT article_id,article_title,click_num,FROM_UNIXTIME(add_time,'%Y-%m-%d') as add_time FROM `carver_article` ORDER BY `click_num` DESC LIMIT 3 [ RunTime:0.000367s ]
[2021-07-05T13:34:11+08:00][sql] SHOW FULL COLUMNS FROM `carver_comment` [ RunTime:0.000617s ]
[2021-07-05T13:34:11+08:00][sql] SELECT `a`.*,`b`.`user_name` FROM `carver_comment` `a` INNER JOIN `carver_user` `b` ON `a`.`user_id`=`b`.`user_id` WHERE  `article_id` = 12 ORDER BY `create_time` DESC [ RunTime:0.000383s ]
[2021-07-05T13:34:11+08:00][sql] SHOW FULL COLUMNS FROM `carver_comment_to_others` [ RunTime:0.000563s ]
[2021-07-05T13:34:11+08:00][sql] SELECT * FROM `carver_comment_to_others` [ RunTime:0.000277s ]
[2021-07-05T13:34:11+08:00][sql] SHOW FULL COLUMNS FROM `carver_user` [ RunTime:0.000508s ]
[2021-07-05T13:34:11+08:00][sql] SELECT `user_name` FROM `carver_user` WHERE  `user_id` = 4 LIMIT 1 [ RunTime:0.000245s ]
[2021-07-05T13:34:11+08:00][sql] SELECT `user_name` FROM `carver_user` WHERE  `user_id` = 4 LIMIT 1 [ RunTime:0.000239s ]
[2021-07-05T13:34:11+08:00][sql] SELECT `user_name` FROM `carver_user` WHERE  `user_id` = 5 LIMIT 1 [ RunTime:0.000209s ]
[2021-07-05T13:34:11+08:00][sql] SELECT `user_name` FROM `carver_user` WHERE  `user_id` = 5 LIMIT 1 [ RunTime:0.000230s ]
[2021-07-05T13:34:11+08:00][sql] SELECT `user_name` FROM `carver_user` WHERE  `user_id` = 37 LIMIT 1 [ RunTime:0.000241s ]
[2021-07-05T13:34:11+08:00][sql] SELECT `user_name`,`user_id` FROM `carver_user` [ RunTime:0.000277s ]
[2021-07-05T13:34:11+08:00][sql] SHOW FULL COLUMNS FROM `carver_navigation` [ RunTime:0.000555s ]
[2021-07-05T13:34:11+08:00][sql] SELECT * FROM `carver_navigation` [ RunTime:0.000239s ]
[2021-07-05T13:34:11+08:00][sql] SELECT `article_label` FROM `carver_article` [ RunTime:0.000318s ]
[2021-07-05T14:07:57+08:00][sql] CONNECT:[ UseTime:0.000465s ] mysql:host=127.0.0.1;port=3306;dbname=carver;charset=utf8
[2021-07-05T14:07:57+08:00][sql] SHOW FULL COLUMNS FROM `carver_user` [ RunTime:0.000959s ]
[2021-07-05T14:07:57+08:00][sql] SHOW FULL COLUMNS FROM `carver_article` [ RunTime:0.000677s ]
[2021-07-05T14:07:57+08:00][sql] SELECT COUNT(*) AS think_count FROM `carver_article` WHERE  `delete_time` = 0  AND `is_show` = 1 [ RunTime:0.000376s ]
[2021-07-05T14:07:57+08:00][sql] SELECT `article_id`,`article_title`,`article_desc`,`article_content`,`article_img`,`article_guide`,`article_label`,`click_num`,`is_show`,`add_time`,`article_author`,`is_top_show` FROM `carver_article` WHERE  `delete_time` = 0  AND `is_show` = 1 ORDER BY `article_id` DESC LIMIT 72,6 [ RunTime:0.001009s ]
[2021-07-05T14:07:57+08:00][sql] SELECT article_id,article_title,click_num,FROM_UNIXTIME(add_time,'%Y-%m-%d') as add_time FROM `carver_article` WHERE  `is_show` = 1  AND `delete_time` = 0 ORDER BY `click_num` DESC LIMIT 3 [ RunTime:0.000420s ]
[2021-07-05T14:07:57+08:00][sql] SHOW FULL COLUMNS FROM `carver_notice` [ RunTime:0.000636s ]
[2021-07-05T14:07:57+08:00][sql] SELECT * FROM `carver_notice` ORDER BY `create_time` DESC LIMIT 3 [ RunTime:0.000282s ]
[2021-07-05T14:07:57+08:00][sql] SHOW FULL COLUMNS FROM `carver_navigation` [ RunTime:0.000556s ]
[2021-07-05T14:07:57+08:00][sql] SELECT * FROM `carver_navigation` [ RunTime:0.000311s ]
[2021-07-05T14:07:57+08:00][sql] SHOW FULL COLUMNS FROM `carver_link` [ RunTime:0.000827s ]
[2021-07-05T14:07:57+08:00][sql] SELECT * FROM `carver_link` WHERE  ( is_confirm=2 ) LIMIT 20 [ RunTime:0.000342s ]
[2021-07-05T14:07:57+08:00][sql] SELECT `article_label` FROM `carver_article` [ RunTime:0.000318s ]
[2021-07-05T14:07:57+08:00][sql] SHOW FULL COLUMNS FROM `carver_carouse` [ RunTime:0.000531s ]
[2021-07-05T14:07:57+08:00][sql] SELECT `carouse_img`,`carouse_desc` FROM `carver_carouse` WHERE  `is_show` = 1 ORDER BY `carouse_sort` DESC LIMIT 3 [ RunTime:0.000318s ]
[2021-07-05T14:07:57+08:00][sql] SHOW FULL COLUMNS FROM `carver_site` [ RunTime:0.000518s ]
[2021-07-05T14:07:57+08:00][sql] SELECT * FROM `carver_site` [ RunTime:0.000323s ]
[2021-07-05T14:33:30+08:00][sql] CONNECT:[ UseTime:0.000554s ] mysql:host=127.0.0.1;port=3306;dbname=carver;charset=utf8
[2021-07-05T14:33:30+08:00][sql] SHOW FULL COLUMNS FROM `carver_article` [ RunTime:0.001070s ]
[2021-07-05T14:33:30+08:00][sql] SELECT COUNT(*) AS think_count FROM `carver_article` WHERE  `article_label` LIKE '%php%'  AND `delete_time` = 0  AND `is_show` = 1 [ RunTime:0.000442s ]
[2021-07-05T14:33:30+08:00][sql] SELECT * FROM `carver_article` WHERE  `article_label` LIKE '%php%'  AND `delete_time` = 0  AND `is_show` = 1 LIMIT 6,6 [ RunTime:0.004104s ]
[2021-07-05T14:33:30+08:00][sql] SELECT article_id,article_title,click_num,FROM_UNIXTIME(add_time,'%Y-%m-%d') as add_time FROM `carver_article` WHERE  `is_show` = 1  AND `delete_time` = 0 ORDER BY `click_num` DESC LIMIT 3 [ RunTime:0.000716s ]
[2021-07-05T14:33:30+08:00][sql] SHOW FULL COLUMNS FROM `carver_notice` [ RunTime:0.000737s ]
[2021-07-05T14:33:30+08:00][sql] SELECT * FROM `carver_notice` ORDER BY `create_time` DESC LIMIT 3 [ RunTime:0.000338s ]
[2021-07-05T14:33:30+08:00][sql] SHOW FULL COLUMNS FROM `carver_navigation` [ RunTime:0.000610s ]
[2021-07-05T14:33:30+08:00][sql] SELECT * FROM `carver_navigation` [ RunTime:0.000284s ]
[2021-07-05T14:33:30+08:00][sql] SHOW FULL COLUMNS FROM `carver_link` [ RunTime:0.000669s ]
[2021-07-05T14:33:30+08:00][sql] SELECT * FROM `carver_link` WHERE  ( is_confirm=2 ) LIMIT 20 [ RunTime:0.000326s ]
[2021-07-05T14:33:30+08:00][sql] SELECT `article_label` FROM `carver_article` [ RunTime:0.000276s ]
[2021-07-05T14:33:30+08:00][sql] SHOW FULL COLUMNS FROM `carver_carouse` [ RunTime:0.000599s ]
[2021-07-05T14:33:30+08:00][sql] SELECT `carouse_img`,`carouse_desc` FROM `carver_carouse` WHERE  `is_show` = 1 ORDER BY `carouse_sort` DESC LIMIT 3 [ RunTime:0.000310s ]
[2021-07-05T14:33:30+08:00][sql] SHOW FULL COLUMNS FROM `carver_site` [ RunTime:0.000634s ]
[2021-07-05T14:33:30+08:00][sql] SELECT * FROM `carver_site` [ RunTime:0.000279s ]
[2021-07-05T14:38:40+08:00][sql] CONNECT:[ UseTime:0.000561s ] mysql:host=127.0.0.1;port=3306;dbname=carver;charset=utf8
[2021-07-05T14:38:40+08:00][sql] SHOW FULL COLUMNS FROM `carver_article` [ RunTime:0.000848s ]
[2021-07-05T14:38:40+08:00][sql] SELECT `article_id`,`article_title`,`article_desc`,`article_content`,`article_img`,`article_guide`,`article_label`,`click_num`,`is_show`,`add_time`,`article_author` FROM `carver_article` WHERE  `article_id` = 3 LIMIT 1 [ RunTime:0.000735s ]
[2021-07-05T14:38:40+08:00][sql] SELECT `article_id`,`article_title`,`article_desc`,`article_content`,`article_img`,`article_guide`,`article_label`,`click_num`,`is_show`,`add_time`,`article_author` FROM `carver_article` WHERE  `article_id` > 3 LIMIT 1 [ RunTime:0.000479s ]
[2021-07-05T14:38:40+08:00][sql] SELECT `article_id`,`article_title`,`article_desc`,`article_content`,`article_img`,`article_guide`,`article_label`,`click_num`,`is_show`,`add_time`,`article_author` FROM `carver_article` WHERE  `article_id` < 3 ORDER BY `article_id` DESC LIMIT 1 [ RunTime:0.000325s ]
[2021-07-05T14:38:40+08:00][sql] SHOW FULL COLUMNS FROM `carver_link` [ RunTime:0.000659s ]
[2021-07-05T14:38:40+08:00][sql] SELECT * FROM `carver_link` WHERE  ( is_confirm=2 ) LIMIT 20 [ RunTime:0.000316s ]
[2021-07-05T14:38:40+08:00][sql] SELECT article_id,article_title,click_num,FROM_UNIXTIME(add_time,'%Y-%m-%d') as add_time FROM `carver_article` ORDER BY `click_num` DESC LIMIT 3 [ RunTime:0.000425s ]
[2021-07-05T14:38:40+08:00][sql] SHOW FULL COLUMNS FROM `carver_comment` [ RunTime:0.000745s ]
[2021-07-05T14:38:40+08:00][sql] SELECT `a`.*,`b`.`user_name` FROM `carver_comment` `a` INNER JOIN `carver_user` `b` ON `a`.`user_id`=`b`.`user_id` WHERE  `article_id` = 3 ORDER BY `create_time` DESC [ RunTime:0.000363s ]
[2021-07-05T14:38:40+08:00][sql] SHOW FULL COLUMNS FROM `carver_comment_to_others` [ RunTime:0.000708s ]
[2021-07-05T14:38:40+08:00][sql] SELECT * FROM `carver_comment_to_others` [ RunTime:0.000304s ]
[2021-07-05T14:38:40+08:00][sql] SHOW FULL COLUMNS FROM `carver_user` [ RunTime:0.000510s ]
[2021-07-05T14:38:40+08:00][sql] SELECT `user_name` FROM `carver_user` WHERE  `user_id` = 4 LIMIT 1 [ RunTime:0.000287s ]
[2021-07-05T14:38:40+08:00][sql] SELECT `user_name` FROM `carver_user` WHERE  `user_id` = 4 LIMIT 1 [ RunTime:0.000247s ]
[2021-07-05T14:38:40+08:00][sql] SELECT `user_name` FROM `carver_user` WHERE  `user_id` = 5 LIMIT 1 [ RunTime:0.000210s ]
[2021-07-05T14:38:40+08:00][sql] SELECT `user_name` FROM `carver_user` WHERE  `user_id` = 5 LIMIT 1 [ RunTime:0.000232s ]
[2021-07-05T14:38:40+08:00][sql] SELECT `user_name` FROM `carver_user` WHERE  `user_id` = 37 LIMIT 1 [ RunTime:0.000242s ]
[2021-07-05T14:38:40+08:00][sql] SELECT `user_name`,`user_id` FROM `carver_user` [ RunTime:0.000252s ]
[2021-07-05T14:38:40+08:00][sql] SHOW FULL COLUMNS FROM `carver_navigation` [ RunTime:0.000571s ]
[2021-07-05T14:38:40+08:00][sql] SELECT * FROM `carver_navigation` [ RunTime:0.000254s ]
[2021-07-05T14:38:40+08:00][sql] SELECT `article_label` FROM `carver_article` [ RunTime:0.000273s ]
[2021-07-05T15:09:57+08:00][sql] CONNECT:[ UseTime:0.020265s ] mysql:host=127.0.0.1;port=3306;dbname=carver;charset=utf8
[2021-07-05T15:09:57+08:00][sql] SHOW FULL COLUMNS FROM `carver_article` [ RunTime:0.001003s ]
[2021-07-05T15:09:57+08:00][sql] SELECT `article_id`,`article_title`,`article_desc`,`article_content`,`article_img`,`article_guide`,`article_label`,`click_num`,`is_show`,`add_time`,`article_author` FROM `carver_article` WHERE  `article_id` = 1 LIMIT 1 [ RunTime:0.000540s ]
[2021-07-05T15:09:57+08:00][sql] SELECT `article_id`,`article_title`,`article_desc`,`article_content`,`article_img`,`article_guide`,`article_label`,`click_num`,`is_show`,`add_time`,`article_author` FROM `carver_article` WHERE  `article_id` > 1 LIMIT 1 [ RunTime:0.000398s ]
[2021-07-05T15:09:57+08:00][sql] SELECT `article_id`,`article_title`,`article_desc`,`article_content`,`article_img`,`article_guide`,`article_label`,`click_num`,`is_show`,`add_time`,`article_author` FROM `carver_article` WHERE  `article_id` < 1 ORDER BY `article_id` DESC LIMIT 1 [ RunTime:0.000307s ]
[2021-07-05T15:09:57+08:00][sql] SHOW FULL COLUMNS FROM `carver_link` [ RunTime:0.001523s ]
[2021-07-05T15:09:57+08:00][sql] SELECT * FROM `carver_link` WHERE  ( is_confirm=2 ) LIMIT 20 [ RunTime:0.000589s ]
[2021-07-05T15:09:57+08:00][sql] SELECT article_id,article_title,click_num,FROM_UNIXTIME(add_time,'%Y-%m-%d') as add_time FROM `carver_article` ORDER BY `click_num` DESC LIMIT 3 [ RunTime:0.002415s ]
[2021-07-05T15:09:57+08:00][sql] SHOW FULL COLUMNS FROM `carver_comment` [ RunTime:0.001361s ]
[2021-07-05T15:09:57+08:00][sql] SELECT `a`.*,`b`.`user_name` FROM `carver_comment` `a` INNER JOIN `carver_user` `b` ON `a`.`user_id`=`b`.`user_id` WHERE  `article_id` = 1 ORDER BY `create_time` DESC [ RunTime:0.000408s ]
[2021-07-05T15:09:57+08:00][sql] SHOW FULL COLUMNS FROM `carver_comment_to_others` [ RunTime:0.001016s ]
[2021-07-05T15:09:57+08:00][sql] SELECT * FROM `carver_comment_to_others` [ RunTime:0.000280s ]
[2021-07-05T15:09:57+08:00][sql] SHOW FULL COLUMNS FROM `carver_user` [ RunTime:0.000653s ]
[2021-07-05T15:09:57+08:00][sql] SELECT `user_name` FROM `carver_user` WHERE  `user_id` = 4 LIMIT 1 [ RunTime:0.000691s ]
[2021-07-05T15:09:57+08:00][sql] SELECT `user_name` FROM `carver_user` WHERE  `user_id` = 4 LIMIT 1 [ RunTime:0.000922s ]
[2021-07-05T15:09:57+08:00][sql] SELECT `user_name` FROM `carver_user` WHERE  `user_id` = 5 LIMIT 1 [ RunTime:0.000218s ]
[2021-07-05T15:09:57+08:00][sql] SELECT `user_name` FROM `carver_user` WHERE  `user_id` = 5 LIMIT 1 [ RunTime:0.000219s ]
[2021-07-05T15:09:57+08:00][sql] SELECT `user_name` FROM `carver_user` WHERE  `user_id` = 37 LIMIT 1 [ RunTime:0.000251s ]
[2021-07-05T15:09:57+08:00][sql] SELECT `user_name`,`user_id` FROM `carver_user` [ RunTime:0.001362s ]
[2021-07-05T15:09:57+08:00][sql] SHOW FULL COLUMNS FROM `carver_navigation` [ RunTime:0.001485s ]
[2021-07-05T15:09:57+08:00][sql] SELECT * FROM `carver_navigation` [ RunTime:0.000239s ]
[2021-07-05T15:09:57+08:00][sql] SELECT `article_label` FROM `carver_article` [ RunTime:0.001191s ]
[2021-07-05T16:00:34+08:00][sql] CONNECT:[ UseTime:0.000597s ] mysql:host=127.0.0.1;port=3306;dbname=carver;charset=utf8
[2021-07-05T16:00:34+08:00][sql] SHOW FULL COLUMNS FROM `carver_user` [ RunTime:0.000870s ]
[2021-07-05T16:00:34+08:00][sql] SHOW FULL COLUMNS FROM `carver_article` [ RunTime:0.000773s ]
[2021-07-05T16:00:34+08:00][sql] SELECT COUNT(*) AS think_count FROM `carver_article` WHERE  `delete_time` = 0  AND `is_show` = 1 [ RunTime:0.000380s ]
[2021-07-05T16:00:34+08:00][sql] SELECT `article_id`,`article_title`,`article_desc`,`article_content`,`article_img`,`article_guide`,`article_label`,`click_num`,`is_show`,`add_time`,`article_author`,`is_top_show` FROM `carver_article` WHERE  `delete_time` = 0  AND `is_show` = 1 ORDER BY `article_id` DESC LIMIT 18,6 [ RunTime:0.001658s ]
[2021-07-05T16:00:34+08:00][sql] SELECT article_id,article_title,click_num,FROM_UNIXTIME(add_time,'%Y-%m-%d') as add_time FROM `carver_article` WHERE  `is_show` = 1  AND `delete_time` = 0 ORDER BY `click_num` DESC LIMIT 3 [ RunTime:0.000534s ]
[2021-07-05T16:00:34+08:00][sql] SHOW FULL COLUMNS FROM `carver_notice` [ RunTime:0.000726s ]
[2021-07-05T16:00:34+08:00][sql] SELECT * FROM `carver_notice` ORDER BY `create_time` DESC LIMIT 3 [ RunTime:0.000299s ]
[2021-07-05T16:00:34+08:00][sql] SHOW FULL COLUMNS FROM `carver_navigation` [ RunTime:0.000564s ]
[2021-07-05T16:00:34+08:00][sql] SELECT * FROM `carver_navigation` [ RunTime:0.000251s ]
[2021-07-05T16:00:34+08:00][sql] SHOW FULL COLUMNS FROM `carver_link` [ RunTime:0.000533s ]
[2021-07-05T16:00:34+08:00][sql] SELECT * FROM `carver_link` WHERE  ( is_confirm=2 ) LIMIT 20 [ RunTime:0.000318s ]
[2021-07-05T16:00:34+08:00][sql] SELECT `article_label` FROM `carver_article` [ RunTime:0.000267s ]
[2021-07-05T16:00:34+08:00][sql] SHOW FULL COLUMNS FROM `carver_carouse` [ RunTime:0.000591s ]
[2021-07-05T16:00:34+08:00][sql] SELECT `carouse_img`,`carouse_desc` FROM `carver_carouse` WHERE  `is_show` = 1 ORDER BY `carouse_sort` DESC LIMIT 3 [ RunTime:0.000322s ]
[2021-07-05T16:00:34+08:00][sql] SHOW FULL COLUMNS FROM `carver_site` [ RunTime:0.000573s ]
[2021-07-05T16:00:34+08:00][sql] SELECT * FROM `carver_site` [ RunTime:0.000348s ]
[2021-07-05T19:18:00+08:00][sql] CONNECT:[ UseTime:0.000648s ] mysql:host=127.0.0.1;port=3306;dbname=carver;charset=utf8
[2021-07-05T19:18:00+08:00][sql] SHOW FULL COLUMNS FROM `carver_user` [ RunTime:0.000969s ]
[2021-07-05T19:18:00+08:00][sql] SHOW FULL COLUMNS FROM `carver_article` [ RunTime:0.000830s ]
[2021-07-05T19:18:00+08:00][sql] SELECT COUNT(*) AS think_count FROM `carver_article` WHERE  `delete_time` = 0  AND `is_show` = 1 [ RunTime:0.000435s ]
[2021-07-05T19:18:00+08:00][sql] SELECT `article_id`,`article_title`,`article_desc`,`article_content`,`article_img`,`article_guide`,`article_label`,`click_num`,`is_show`,`add_time`,`article_author`,`is_top_show` FROM `carver_article` WHERE  `delete_time` = 0  AND `is_show` = 1 ORDER BY `article_id` DESC LIMIT 0,6 [ RunTime:0.000808s ]
[2021-07-05T19:18:00+08:00][sql] SELECT article_id,article_title,click_num,FROM_UNIXTIME(add_time,'%Y-%m-%d') as add_time FROM `carver_article` WHERE  `is_show` = 1  AND `delete_time` = 0 ORDER BY `click_num` DESC LIMIT 3 [ RunTime:0.000608s ]
[2021-07-05T19:18:00+08:00][sql] SHOW FULL COLUMNS FROM `carver_notice` [ RunTime:0.000727s ]
[2021-07-05T19:18:00+08:00][sql] SELECT * FROM `carver_notice` ORDER BY `create_time` DESC LIMIT 3 [ RunTime:0.000342s ]
[2021-07-05T19:18:00+08:00][sql] SHOW FULL COLUMNS FROM `carver_navigation` [ RunTime:0.000570s ]
[2021-07-05T19:18:00+08:00][sql] SELECT * FROM `carver_navigation` [ RunTime:0.000264s ]
[2021-07-05T19:18:00+08:00][sql] SHOW FULL COLUMNS FROM `carver_link` [ RunTime:0.000560s ]
[2021-07-05T19:18:00+08:00][sql] SELECT * FROM `carver_link` WHERE  ( is_confirm=2 ) LIMIT 20 [ RunTime:0.000296s ]
[2021-07-05T19:18:00+08:00][sql] SELECT `article_label` FROM `carver_article` [ RunTime:0.000313s ]
[2021-07-05T19:18:00+08:00][sql] SHOW FULL COLUMNS FROM `carver_carouse` [ RunTime:0.000582s ]
[2021-07-05T19:18:00+08:00][sql] SELECT `carouse_img`,`carouse_desc` FROM `carver_carouse` WHERE  `is_show` = 1 ORDER BY `carouse_sort` DESC LIMIT 3 [ RunTime:0.000590s ]
[2021-07-05T19:18:00+08:00][sql] SHOW FULL COLUMNS FROM `carver_site` [ RunTime:0.000603s ]
[2021-07-05T19:18:00+08:00][sql] SELECT * FROM `carver_site` [ RunTime:0.000273s ]
[2021-07-05T19:21:20+08:00][sql] CONNECT:[ UseTime:0.000626s ] mysql:host=127.0.0.1;port=3306;dbname=carver;charset=utf8
[2021-07-05T19:21:20+08:00][sql] SHOW FULL COLUMNS FROM `carver_user` [ RunTime:0.000881s ]
[2021-07-05T19:21:20+08:00][sql] SHOW FULL COLUMNS FROM `carver_article` [ RunTime:0.000789s ]
[2021-07-05T19:21:20+08:00][sql] SELECT COUNT(*) AS think_count FROM `carver_article` WHERE  `delete_time` = 0  AND `is_show` = 1 [ RunTime:0.000407s ]
[2021-07-05T19:21:20+08:00][sql] SELECT `article_id`,`article_title`,`article_desc`,`article_content`,`article_img`,`article_guide`,`article_label`,`click_num`,`is_show`,`add_time`,`article_author`,`is_top_show` FROM `carver_article` WHERE  `delete_time` = 0  AND `is_show` = 1 ORDER BY `article_id` DESC LIMIT 12,6 [ RunTime:0.001312s ]
[2021-07-05T19:21:20+08:00][sql] SELECT article_id,article_title,click_num,FROM_UNIXTIME(add_time,'%Y-%m-%d') as add_time FROM `carver_article` WHERE  `is_show` = 1  AND `delete_time` = 0 ORDER BY `click_num` DESC LIMIT 3 [ RunTime:0.000734s ]
[2021-07-05T19:21:20+08:00][sql] SHOW FULL COLUMNS FROM `carver_notice` [ RunTime:0.000706s ]
[2021-07-05T19:21:20+08:00][sql] SELECT * FROM `carver_notice` ORDER BY `create_time` DESC LIMIT 3 [ RunTime:0.000315s ]
[2021-07-05T19:21:20+08:00][sql] SHOW FULL COLUMNS FROM `carver_navigation` [ RunTime:0.000560s ]
[2021-07-05T19:21:20+08:00][sql] SELECT * FROM `carver_navigation` [ RunTime:0.000250s ]
[2021-07-05T19:21:20+08:00][sql] SHOW FULL COLUMNS FROM `carver_link` [ RunTime:0.000592s ]
[2021-07-05T19:21:20+08:00][sql] SELECT * FROM `carver_link` WHERE  ( is_confirm=2 ) LIMIT 20 [ RunTime:0.000301s ]
[2021-07-05T19:21:20+08:00][sql] SELECT `article_label` FROM `carver_article` [ RunTime:0.000282s ]
[2021-07-05T19:21:20+08:00][sql] SHOW FULL COLUMNS FROM `carver_carouse` [ RunTime:0.000571s ]
[2021-07-05T19:21:20+08:00][sql] SELECT `carouse_img`,`carouse_desc` FROM `carver_carouse` WHERE  `is_show` = 1 ORDER BY `carouse_sort` DESC LIMIT 3 [ RunTime:0.000337s ]
[2021-07-05T19:21:20+08:00][sql] SHOW FULL COLUMNS FROM `carver_site` [ RunTime:0.000601s ]
[2021-07-05T19:21:20+08:00][sql] SELECT * FROM `carver_site` [ RunTime:0.000241s ]
[2021-07-05T19:53:34+08:00][sql] CONNECT:[ UseTime:0.000667s ] mysql:host=127.0.0.1;port=3306;dbname=carver;charset=utf8
[2021-07-05T19:53:34+08:00][sql] SHOW FULL COLUMNS FROM `carver_article` [ RunTime:0.001023s ]
[2021-07-05T19:53:34+08:00][sql] SELECT COUNT(*) AS think_count FROM `carver_article` WHERE  `article_label` LIKE '%js%'  AND `delete_time` = 0  AND `is_show` = 1 [ RunTime:0.000465s ]
[2021-07-05T19:53:34+08:00][sql] SELECT * FROM `carver_article` WHERE  `article_label` LIKE '%js%'  AND `delete_time` = 0  AND `is_show` = 1 LIMIT 0,6 [ RunTime:0.001024s ]
[2021-07-05T19:53:34+08:00][sql] SELECT article_id,article_title,click_num,FROM_UNIXTIME(add_time,'%Y-%m-%d') as add_time FROM `carver_article` WHERE  `is_show` = 1  AND `delete_time` = 0 ORDER BY `click_num` DESC LIMIT 3 [ RunTime:0.000538s ]
[2021-07-05T19:53:34+08:00][sql] SHOW FULL COLUMNS FROM `carver_notice` [ RunTime:0.000665s ]
[2021-07-05T19:53:34+08:00][sql] SELECT * FROM `carver_notice` ORDER BY `create_time` DESC LIMIT 3 [ RunTime:0.000340s ]
[2021-07-05T19:53:34+08:00][sql] SHOW FULL COLUMNS FROM `carver_navigation` [ RunTime:0.000719s ]
[2021-07-05T19:53:34+08:00][sql] SELECT * FROM `carver_navigation` [ RunTime:0.000292s ]
[2021-07-05T19:53:34+08:00][sql] SHOW FULL COLUMNS FROM `carver_link` [ RunTime:0.000645s ]
[2021-07-05T19:53:34+08:00][sql] SELECT * FROM `carver_link` WHERE  ( is_confirm=2 ) LIMIT 20 [ RunTime:0.000362s ]
[2021-07-05T19:53:34+08:00][sql] SELECT `article_label` FROM `carver_article` [ RunTime:0.000297s ]
[2021-07-05T19:53:34+08:00][sql] SHOW FULL COLUMNS FROM `carver_carouse` [ RunTime:0.000644s ]
[2021-07-05T19:53:34+08:00][sql] SELECT `carouse_img`,`carouse_desc` FROM `carver_carouse` WHERE  `is_show` = 1 ORDER BY `carouse_sort` DESC LIMIT 3 [ RunTime:0.000364s ]
[2021-07-05T19:53:34+08:00][sql] SHOW FULL COLUMNS FROM `carver_site` [ RunTime:0.000687s ]
[2021-07-05T19:53:34+08:00][sql] SELECT * FROM `carver_site` [ RunTime:0.000369s ]
[2021-07-05T19:54:26+08:00][sql] CONNECT:[ UseTime:0.000690s ] mysql:host=127.0.0.1;port=3306;dbname=carver;charset=utf8
[2021-07-05T19:54:26+08:00][sql] SHOW FULL COLUMNS FROM `carver_article` [ RunTime:0.000985s ]
[2021-07-05T19:54:26+08:00][sql] SELECT COUNT(*) AS think_count FROM `carver_article` WHERE  `article_label` LIKE '%php;excel/%'  AND `delete_time` = 0  AND `is_show` = 1 [ RunTime:0.000465s ]
[2021-07-05T19:54:26+08:00][sql] SELECT * FROM `carver_article` WHERE  `article_label` LIKE '%php;excel/%'  AND `delete_time` = 0  AND `is_show` = 1 LIMIT 0,6 [ RunTime:0.001004s ]
[2021-07-05T19:54:26+08:00][sql] SELECT article_id,article_title,click_num,FROM_UNIXTIME(add_time,'%Y-%m-%d') as add_time FROM `carver_article` WHERE  `is_show` = 1  AND `delete_time` = 0 ORDER BY `click_num` DESC LIMIT 3 [ RunTime:0.000468s ]
[2021-07-05T19:54:26+08:00][sql] SHOW FULL COLUMNS FROM `carver_notice` [ RunTime:0.000636s ]
[2021-07-05T19:54:26+08:00][sql] SELECT * FROM `carver_notice` ORDER BY `create_time` DESC LIMIT 3 [ RunTime:0.000314s ]
[2021-07-05T19:54:26+08:00][sql] SHOW FULL COLUMNS FROM `carver_navigation` [ RunTime:0.000574s ]
[2021-07-05T19:54:26+08:00][sql] SELECT * FROM `carver_navigation` [ RunTime:0.000275s ]
[2021-07-05T19:54:26+08:00][sql] SHOW FULL COLUMNS FROM `carver_link` [ RunTime:0.000580s ]
[2021-07-05T19:54:26+08:00][sql] SELECT * FROM `carver_link` WHERE  ( is_confirm=2 ) LIMIT 20 [ RunTime:0.000374s ]
[2021-07-05T19:54:26+08:00][sql] SELECT `article_label` FROM `carver_article` [ RunTime:0.000267s ]
[2021-07-05T19:54:26+08:00][sql] SHOW FULL COLUMNS FROM `carver_carouse` [ RunTime:0.000531s ]
[2021-07-05T19:54:26+08:00][sql] SELECT `carouse_img`,`carouse_desc` FROM `carver_carouse` WHERE  `is_show` = 1 ORDER BY `carouse_sort` DESC LIMIT 3 [ RunTime:0.000323s ]
[2021-07-05T19:54:26+08:00][sql] SHOW FULL COLUMNS FROM `carver_site` [ RunTime:0.000569s ]
[2021-07-05T19:54:26+08:00][sql] SELECT * FROM `carver_site` [ RunTime:0.000315s ]
[2021-07-05T19:54:37+08:00][sql] CONNECT:[ UseTime:0.000597s ] mysql:host=127.0.0.1;port=3306;dbname=carver;charset=utf8
[2021-07-05T19:54:37+08:00][sql] SHOW FULL COLUMNS FROM `carver_article` [ RunTime:0.001228s ]
[2021-07-05T19:54:37+08:00][sql] SELECT COUNT(*) AS think_count FROM `carver_article` WHERE  `article_label` LIKE '%php;javascript/%'  AND `delete_time` = 0  AND `is_show` = 1 [ RunTime:0.000468s ]
[2021-07-05T19:54:37+08:00][sql] SELECT * FROM `carver_article` WHERE  `article_label` LIKE '%php;javascript/%'  AND `delete_time` = 0  AND `is_show` = 1 LIMIT 0,6 [ RunTime:0.001030s ]
[2021-07-05T19:54:37+08:00][sql] SELECT article_id,article_title,click_num,FROM_UNIXTIME(add_time,'%Y-%m-%d') as add_time FROM `carver_article` WHERE  `is_show` = 1  AND `delete_time` = 0 ORDER BY `click_num` DESC LIMIT 3 [ RunTime:0.000509s ]
[2021-07-05T19:54:37+08:00][sql] SHOW FULL COLUMNS FROM `carver_notice` [ RunTime:0.000697s ]
[2021-07-05T19:54:37+08:00][sql] SELECT * FROM `carver_notice` ORDER BY `create_time` DESC LIMIT 3 [ RunTime:0.000336s ]
[2021-07-05T19:54:37+08:00][sql] SHOW FULL COLUMNS FROM `carver_navigation` [ RunTime:0.000636s ]
[2021-07-05T19:54:37+08:00][sql] SELECT * FROM `carver_navigation` [ RunTime:0.000280s ]
[2021-07-05T19:54:37+08:00][sql] SHOW FULL COLUMNS FROM `carver_link` [ RunTime:0.000568s ]
[2021-07-05T19:54:37+08:00][sql] SELECT * FROM `carver_link` WHERE  ( is_confirm=2 ) LIMIT 20 [ RunTime:0.000380s ]
[2021-07-05T19:54:37+08:00][sql] SELECT `article_label` FROM `carver_article` [ RunTime:0.000287s ]
[2021-07-05T19:54:37+08:00][sql] SHOW FULL COLUMNS FROM `carver_carouse` [ RunTime:0.000652s ]
[2021-07-05T19:54:37+08:00][sql] SELECT `carouse_img`,`carouse_desc` FROM `carver_carouse` WHERE  `is_show` = 1 ORDER BY `carouse_sort` DESC LIMIT 3 [ RunTime:0.000327s ]
[2021-07-05T19:54:37+08:00][sql] SHOW FULL COLUMNS FROM `carver_site` [ RunTime:0.000666s ]
[2021-07-05T19:54:37+08:00][sql] SELECT * FROM `carver_site` [ RunTime:0.000313s ]
[2021-07-05T19:54:53+08:00][sql] CONNECT:[ UseTime:0.000570s ] mysql:host=127.0.0.1;port=3306;dbname=carver;charset=utf8
[2021-07-05T19:54:53+08:00][sql] SHOW FULL COLUMNS FROM `carver_article` [ RunTime:0.000881s ]
[2021-07-05T19:54:53+08:00][sql] SELECT COUNT(*) AS think_count FROM `carver_article` WHERE  `article_label` LIKE '%swoole;php/%'  AND `delete_time` = 0  AND `is_show` = 1 [ RunTime:0.000453s ]
[2021-07-05T19:54:53+08:00][sql] SELECT * FROM `carver_article` WHERE  `article_label` LIKE '%swoole;php/%'  AND `delete_time` = 0  AND `is_show` = 1 LIMIT 0,6 [ RunTime:0.001028s ]
[2021-07-05T19:54:53+08:00][sql] SELECT article_id,article_title,click_num,FROM_UNIXTIME(add_time,'%Y-%m-%d') as add_time FROM `carver_article` WHERE  `is_show` = 1  AND `delete_time` = 0 ORDER BY `click_num` DESC LIMIT 3 [ RunTime:0.000404s ]
[2021-07-05T19:54:53+08:00][sql] SHOW FULL COLUMNS FROM `carver_notice` [ RunTime:0.000687s ]
[2021-07-05T19:54:53+08:00][sql] SELECT * FROM `carver_notice` ORDER BY `create_time` DESC LIMIT 3 [ RunTime:0.000293s ]
[2021-07-05T19:54:53+08:00][sql] SHOW FULL COLUMNS FROM `carver_navigation` [ RunTime:0.000552s ]
[2021-07-05T19:54:53+08:00][sql] SELECT * FROM `carver_navigation` [ RunTime:0.000286s ]
[2021-07-05T19:54:53+08:00][sql] SHOW FULL COLUMNS FROM `carver_link` [ RunTime:0.000582s ]
[2021-07-05T19:54:53+08:00][sql] SELECT * FROM `carver_link` WHERE  ( is_confirm=2 ) LIMIT 20 [ RunTime:0.000332s ]
[2021-07-05T19:54:53+08:00][sql] SELECT `article_label` FROM `carver_article` [ RunTime:0.000256s ]
[2021-07-05T19:54:53+08:00][sql] SHOW FULL COLUMNS FROM `carver_carouse` [ RunTime:0.000558s ]
[2021-07-05T19:54:53+08:00][sql] SELECT `carouse_img`,`carouse_desc` FROM `carver_carouse` WHERE  `is_show` = 1 ORDER BY `carouse_sort` DESC LIMIT 3 [ RunTime:0.000301s ]
[2021-07-05T19:54:53+08:00][sql] SHOW FULL COLUMNS FROM `carver_site` [ RunTime:0.000573s ]
[2021-07-05T19:54:53+08:00][sql] SELECT * FROM `carver_site` [ RunTime:0.000297s ]
