[2021-07-09T00:09:55+08:00][sql] CONNECT:[ UseTime:0.000545s ] mysql:host=127.0.0.1;port=3306;dbname=carver;charset=utf8
[2021-07-09T00:09:55+08:00][sql] SHOW FULL COLUMNS FROM `carver_article` [ RunTime:0.000896s ]
[2021-07-09T00:09:55+08:00][sql] SELECT COUNT(*) AS think_count FROM `carver_article` WHERE  `article_label` LIKE '%php;excel/%'  AND `delete_time` = 0  AND `is_show` = 1 [ RunTime:0.000405s ]
[2021-07-09T00:09:55+08:00][sql] SELECT * FROM `carver_article` WHERE  `article_label` LIKE '%php;excel/%'  AND `delete_time` = 0  AND `is_show` = 1 LIMIT 0,6 [ RunTime:0.000984s ]
[2021-07-09T00:09:55+08:00][sql] SELECT article_id,article_title,click_num,FROM_UNIXTIME(add_time,'%Y-%m-%d') as add_time FROM `carver_article` WHERE  `is_show` = 1  AND `delete_time` = 0 ORDER BY `click_num` DESC LIMIT 3 [ RunTime:0.000409s ]
[2021-07-09T00:09:55+08:00][sql] SHOW FULL COLUMNS FROM `carver_notice` [ RunTime:0.000587s ]
[2021-07-09T00:09:55+08:00][sql] SELECT * FROM `carver_notice` ORDER BY `create_time` DESC LIMIT 3 [ RunTime:0.000339s ]
[2021-07-09T00:09:55+08:00][sql] SHOW FULL COLUMNS FROM `carver_navigation` [ RunTime:0.000540s ]
[2021-07-09T00:09:55+08:00][sql] SELECT * FROM `carver_navigation` [ RunTime:0.000316s ]
[2021-07-09T00:09:55+08:00][sql] SHOW FULL COLUMNS FROM `carver_link` [ RunTime:0.000594s ]
[2021-07-09T00:09:55+08:00][sql] SELECT * FROM `carver_link` WHERE  ( is_confirm=2 ) LIMIT 20 [ RunTime:0.000339s ]
[2021-07-09T00:09:55+08:00][sql] SELECT `article_label` FROM `carver_article` [ RunTime:0.000264s ]
[2021-07-09T00:09:55+08:00][sql] SHOW FULL COLUMNS FROM `carver_carouse` [ RunTime:0.000539s ]
[2021-07-09T00:09:55+08:00][sql] SELECT `carouse_img`,`carouse_desc` FROM `carver_carouse` WHERE  `is_show` = 1 ORDER BY `carouse_sort` DESC LIMIT 3 [ RunTime:0.000309s ]
[2021-07-09T00:09:55+08:00][sql] SHOW FULL COLUMNS FROM `carver_site` [ RunTime:0.000543s ]
[2021-07-09T00:09:55+08:00][sql] SELECT * FROM `carver_site` [ RunTime:0.000311s ]
[2021-07-09T00:09:58+08:00][sql] CONNECT:[ UseTime:0.000671s ] mysql:host=127.0.0.1;port=3306;dbname=carver;charset=utf8
[2021-07-09T00:09:58+08:00][sql] SHOW FULL COLUMNS FROM `carver_article` [ RunTime:0.001051s ]
[2021-07-09T00:09:58+08:00][sql] SELECT COUNT(*) AS think_count FROM `carver_article` WHERE  `article_label` LIKE '%php;javascript/%'  AND `delete_time` = 0  AND `is_show` = 1 [ RunTime:0.000471s ]
[2021-07-09T00:09:58+08:00][sql] SELECT * FROM `carver_article` WHERE  `article_label` LIKE '%php;javascript/%'  AND `delete_time` = 0  AND `is_show` = 1 LIMIT 0,6 [ RunTime:0.001055s ]
[2021-07-09T00:09:58+08:00][sql] SELECT article_id,article_title,click_num,FROM_UNIXTIME(add_time,'%Y-%m-%d') as add_time FROM `carver_article` WHERE  `is_show` = 1  AND `delete_time` = 0 ORDER BY `click_num` DESC LIMIT 3 [ RunTime:0.000552s ]
[2021-07-09T00:09:58+08:00][sql] SHOW FULL COLUMNS FROM `carver_notice` [ RunTime:0.000721s ]
[2021-07-09T00:09:58+08:00][sql] SELECT * FROM `carver_notice` ORDER BY `create_time` DESC LIMIT 3 [ RunTime:0.000343s ]
[2021-07-09T00:09:58+08:00][sql] SHOW FULL COLUMNS FROM `carver_navigation` [ RunTime:0.000609s ]
[2021-07-09T00:09:58+08:00][sql] SELECT * FROM `carver_navigation` [ RunTime:0.000308s ]
[2021-07-09T00:09:58+08:00][sql] SHOW FULL COLUMNS FROM `carver_link` [ RunTime:0.000646s ]
[2021-07-09T00:09:58+08:00][sql] SELECT * FROM `carver_link` WHERE  ( is_confirm=2 ) LIMIT 20 [ RunTime:0.000393s ]
[2021-07-09T00:09:58+08:00][sql] SELECT `article_label` FROM `carver_article` [ RunTime:0.000299s ]
[2021-07-09T00:09:58+08:00][sql] SHOW FULL COLUMNS FROM `carver_carouse` [ RunTime:0.000591s ]
[2021-07-09T00:09:58+08:00][sql] SELECT `carouse_img`,`carouse_desc` FROM `carver_carouse` WHERE  `is_show` = 1 ORDER BY `carouse_sort` DESC LIMIT 3 [ RunTime:0.000352s ]
[2021-07-09T00:09:58+08:00][sql] SHOW FULL COLUMNS FROM `carver_site` [ RunTime:0.000567s ]
[2021-07-09T00:09:58+08:00][sql] SELECT * FROM `carver_site` [ RunTime:0.000339s ]
[2021-07-09T00:10:02+08:00][sql] CONNECT:[ UseTime:0.000642s ] mysql:host=127.0.0.1;port=3306;dbname=carver;charset=utf8
[2021-07-09T00:10:02+08:00][sql] SHOW FULL COLUMNS FROM `carver_article` [ RunTime:0.001045s ]
[2021-07-09T00:10:02+08:00][sql] SELECT COUNT(*) AS think_count FROM `carver_article` WHERE  `article_label` LIKE '%swoole;php/%'  AND `delete_time` = 0  AND `is_show` = 1 [ RunTime:0.000454s ]
[2021-07-09T00:10:02+08:00][sql] SELECT * FROM `carver_article` WHERE  `article_label` LIKE '%swoole;php/%'  AND `delete_time` = 0  AND `is_show` = 1 LIMIT 0,6 [ RunTime:0.001153s ]
[2021-07-09T00:10:02+08:00][sql] SELECT article_id,article_title,click_num,FROM_UNIXTIME(add_time,'%Y-%m-%d') as add_time FROM `carver_article` WHERE  `is_show` = 1  AND `delete_time` = 0 ORDER BY `click_num` DESC LIMIT 3 [ RunTime:0.000810s ]
[2021-07-09T00:10:02+08:00][sql] SHOW FULL COLUMNS FROM `carver_notice` [ RunTime:0.000815s ]
[2021-07-09T00:10:02+08:00][sql] SELECT * FROM `carver_notice` ORDER BY `create_time` DESC LIMIT 3 [ RunTime:0.000361s ]
[2021-07-09T00:10:02+08:00][sql] SHOW FULL COLUMNS FROM `carver_navigation` [ RunTime:0.000635s ]
[2021-07-09T00:10:02+08:00][sql] SELECT * FROM `carver_navigation` [ RunTime:0.000336s ]
[2021-07-09T00:10:02+08:00][sql] SHOW FULL COLUMNS FROM `carver_link` [ RunTime:0.000646s ]
[2021-07-09T00:10:02+08:00][sql] SELECT * FROM `carver_link` WHERE  ( is_confirm=2 ) LIMIT 20 [ RunTime:0.000399s ]
[2021-07-09T00:10:02+08:00][sql] SELECT `article_label` FROM `carver_article` [ RunTime:0.000316s ]
[2021-07-09T00:10:02+08:00][sql] SHOW FULL COLUMNS FROM `carver_carouse` [ RunTime:0.000589s ]
[2021-07-09T00:10:02+08:00][sql] SELECT `carouse_img`,`carouse_desc` FROM `carver_carouse` WHERE  `is_show` = 1 ORDER BY `carouse_sort` DESC LIMIT 3 [ RunTime:0.000384s ]
[2021-07-09T00:10:02+08:00][sql] SHOW FULL COLUMNS FROM `carver_site` [ RunTime:0.000595s ]
[2021-07-09T00:10:02+08:00][sql] SELECT * FROM `carver_site` [ RunTime:0.000328s ]
[2021-07-09T02:11:48+08:00][sql] CONNECT:[ UseTime:0.000692s ] mysql:host=127.0.0.1;port=3306;dbname=carver;charset=utf8
[2021-07-09T02:11:48+08:00][sql] SHOW FULL COLUMNS FROM `carver_article` [ RunTime:0.001088s ]
[2021-07-09T02:11:48+08:00][sql] SELECT `article_id`,`article_title`,`article_desc`,`article_content`,`article_img`,`article_guide`,`article_label`,`click_num`,`is_show`,`add_time`,`article_author` FROM `carver_article` WHERE  `article_id` = 14 LIMIT 1 [ RunTime:0.000463s ]
[2021-07-09T02:11:48+08:00][sql] SELECT `article_id`,`article_title`,`article_desc`,`article_content`,`article_img`,`article_guide`,`article_label`,`click_num`,`is_show`,`add_time`,`article_author` FROM `carver_article` WHERE  `article_id` > 14 LIMIT 1 [ RunTime:0.001566s ]
[2021-07-09T02:11:48+08:00][sql] SELECT `article_id`,`article_title`,`article_desc`,`article_content`,`article_img`,`article_guide`,`article_label`,`click_num`,`is_show`,`add_time`,`article_author` FROM `carver_article` WHERE  `article_id` < 14 ORDER BY `article_id` DESC LIMIT 1 [ RunTime:0.000611s ]
[2021-07-09T02:11:48+08:00][sql] SHOW FULL COLUMNS FROM `carver_link` [ RunTime:0.000803s ]
[2021-07-09T02:11:48+08:00][sql] SELECT * FROM `carver_link` WHERE  ( is_confirm=2 ) LIMIT 20 [ RunTime:0.000300s ]
[2021-07-09T02:11:48+08:00][sql] SELECT article_id,article_title,click_num,FROM_UNIXTIME(add_time,'%Y-%m-%d') as add_time FROM `carver_article` ORDER BY `click_num` DESC LIMIT 3 [ RunTime:0.000385s ]
[2021-07-09T02:11:48+08:00][sql] SHOW FULL COLUMNS FROM `carver_comment` [ RunTime:0.000875s ]
[2021-07-09T02:11:48+08:00][sql] SELECT `a`.*,`b`.`user_name` FROM `carver_comment` `a` INNER JOIN `carver_user` `b` ON `a`.`user_id`=`b`.`user_id` WHERE  `article_id` = 14 ORDER BY `create_time` DESC [ RunTime:0.000469s ]
[2021-07-09T02:11:48+08:00][sql] SHOW FULL COLUMNS FROM `carver_comment_to_others` [ RunTime:0.000675s ]
[2021-07-09T02:11:48+08:00][sql] SELECT * FROM `carver_comment_to_others` [ RunTime:0.000238s ]
[2021-07-09T02:11:48+08:00][sql] SHOW FULL COLUMNS FROM `carver_user` [ RunTime:0.000591s ]
[2021-07-09T02:11:48+08:00][sql] SELECT `user_name` FROM `carver_user` WHERE  `user_id` = 4 LIMIT 1 [ RunTime:0.000260s ]
[2021-07-09T02:11:48+08:00][sql] SELECT `user_name` FROM `carver_user` WHERE  `user_id` = 4 LIMIT 1 [ RunTime:0.000211s ]
[2021-07-09T02:11:48+08:00][sql] SELECT `user_name` FROM `carver_user` WHERE  `user_id` = 5 LIMIT 1 [ RunTime:0.000274s ]
[2021-07-09T02:11:48+08:00][sql] SELECT `user_name` FROM `carver_user` WHERE  `user_id` = 5 LIMIT 1 [ RunTime:0.000205s ]
[2021-07-09T02:11:48+08:00][sql] SELECT `user_name` FROM `carver_user` WHERE  `user_id` = 37 LIMIT 1 [ RunTime:0.000214s ]
[2021-07-09T02:11:48+08:00][sql] SELECT `user_name`,`user_id` FROM `carver_user` [ RunTime:0.000260s ]
[2021-07-09T02:11:48+08:00][sql] SHOW FULL COLUMNS FROM `carver_navigation` [ RunTime:0.000690s ]
[2021-07-09T02:11:48+08:00][sql] SELECT * FROM `carver_navigation` [ RunTime:0.000265s ]
[2021-07-09T02:11:48+08:00][sql] SELECT `article_label` FROM `carver_article` [ RunTime:0.000313s ]
[2021-07-09T04:29:19+08:00][sql] CONNECT:[ UseTime:0.000646s ] mysql:host=127.0.0.1;port=3306;dbname=carver;charset=utf8
[2021-07-09T04:29:19+08:00][sql] SHOW FULL COLUMNS FROM `carver_article` [ RunTime:0.001120s ]
[2021-07-09T04:29:19+08:00][sql] SELECT `article_id`,`article_title`,`article_desc`,`article_content`,`article_img`,`article_guide`,`article_label`,`click_num`,`is_show`,`add_time`,`article_author` FROM `carver_article` WHERE  `article_id` = 17'A=0 LIMIT 1 [ RunTime:0.000578s ]
[2021-07-09T04:29:19+08:00][sql] SELECT `article_id`,`article_title`,`article_desc`,`article_content`,`article_img`,`article_guide`,`article_label`,`click_num`,`is_show`,`add_time`,`article_author` FROM `carver_article` WHERE  `article_id` > 17'A=0 LIMIT 1 [ RunTime:0.000441s ]
[2021-07-09T04:29:19+08:00][sql] SELECT `article_id`,`article_title`,`article_desc`,`article_content`,`article_img`,`article_guide`,`article_label`,`click_num`,`is_show`,`add_time`,`article_author` FROM `carver_article` WHERE  `article_id` < 17'A=0 ORDER BY `article_id` DESC LIMIT 1 [ RunTime:0.000393s ]
[2021-07-09T04:29:19+08:00][sql] SHOW FULL COLUMNS FROM `carver_link` [ RunTime:0.000716s ]
[2021-07-09T04:29:19+08:00][sql] SELECT * FROM `carver_link` WHERE  ( is_confirm=2 ) LIMIT 20 [ RunTime:0.000300s ]
[2021-07-09T04:29:19+08:00][sql] SELECT article_id,article_title,click_num,FROM_UNIXTIME(add_time,'%Y-%m-%d') as add_time FROM `carver_article` ORDER BY `click_num` DESC LIMIT 3 [ RunTime:0.000357s ]
[2021-07-09T04:29:19+08:00][sql] SHOW FULL COLUMNS FROM `carver_comment` [ RunTime:0.000697s ]
[2021-07-09T04:29:19+08:00][sql] SELECT `a`.*,`b`.`user_name` FROM `carver_comment` `a` INNER JOIN `carver_user` `b` ON `a`.`user_id`=`b`.`user_id` WHERE  `article_id` = 17'A=0 ORDER BY `create_time` DESC [ RunTime:0.000422s ]
[2021-07-09T04:29:19+08:00][sql] SHOW FULL COLUMNS FROM `carver_comment_to_others` [ RunTime:0.000689s ]
[2021-07-09T04:29:19+08:00][sql] SELECT * FROM `carver_comment_to_others` [ RunTime:0.000230s ]
[2021-07-09T04:29:19+08:00][sql] SHOW FULL COLUMNS FROM `carver_user` [ RunTime:0.000617s ]
[2021-07-09T04:29:19+08:00][sql] SELECT `user_name` FROM `carver_user` WHERE  `user_id` = 4 LIMIT 1 [ RunTime:0.000236s ]
[2021-07-09T04:29:19+08:00][sql] SELECT `user_name` FROM `carver_user` WHERE  `user_id` = 4 LIMIT 1 [ RunTime:0.000231s ]
[2021-07-09T04:29:19+08:00][sql] SELECT `user_name` FROM `carver_user` WHERE  `user_id` = 5 LIMIT 1 [ RunTime:0.000219s ]
[2021-07-09T04:29:19+08:00][sql] SELECT `user_name` FROM `carver_user` WHERE  `user_id` = 5 LIMIT 1 [ RunTime:0.000204s ]
[2021-07-09T04:29:19+08:00][sql] SELECT `user_name` FROM `carver_user` WHERE  `user_id` = 37 LIMIT 1 [ RunTime:0.000224s ]
[2021-07-09T04:29:19+08:00][sql] SELECT `user_name`,`user_id` FROM `carver_user` [ RunTime:0.000235s ]
[2021-07-09T04:29:19+08:00][sql] SHOW FULL COLUMNS FROM `carver_navigation` [ RunTime:0.000660s ]
[2021-07-09T04:29:19+08:00][sql] SELECT * FROM `carver_navigation` [ RunTime:0.000278s ]
[2021-07-09T04:29:19+08:00][sql] SELECT `article_label` FROM `carver_article` [ RunTime:0.000342s ]
[2021-07-09T04:38:19+08:00][sql] CONNECT:[ UseTime:0.000719s ] mysql:host=127.0.0.1;port=3306;dbname=carver;charset=utf8
[2021-07-09T04:38:19+08:00][sql] SHOW FULL COLUMNS FROM `carver_user` [ RunTime:0.000985s ]
[2021-07-09T04:38:19+08:00][sql] SHOW FULL COLUMNS FROM `carver_article` [ RunTime:0.000798s ]
[2021-07-09T04:38:19+08:00][sql] SELECT COUNT(*) AS think_count FROM `carver_article` WHERE  `delete_time` = 0  AND `is_show` = 1 [ RunTime:0.000377s ]
[2021-07-09T04:38:19+08:00][sql] SELECT `article_id`,`article_title`,`article_desc`,`article_content`,`article_img`,`article_guide`,`article_label`,`click_num`,`is_show`,`add_time`,`article_author`,`is_top_show` FROM `carver_article` WHERE  `delete_time` = 0  AND `is_show` = 1 ORDER BY `article_id` DESC LIMIT 0,6 [ RunTime:0.000750s ]
[2021-07-09T04:38:19+08:00][sql] SELECT article_id,article_title,click_num,FROM_UNIXTIME(add_time,'%Y-%m-%d') as add_time FROM `carver_article` WHERE  `is_show` = 1  AND `delete_time` = 0 ORDER BY `click_num` DESC LIMIT 3 [ RunTime:0.000472s ]
[2021-07-09T04:38:19+08:00][sql] SHOW FULL COLUMNS FROM `carver_notice` [ RunTime:0.000727s ]
[2021-07-09T04:38:19+08:00][sql] SELECT * FROM `carver_notice` ORDER BY `create_time` DESC LIMIT 3 [ RunTime:0.000285s ]
[2021-07-09T04:38:19+08:00][sql] SHOW FULL COLUMNS FROM `carver_navigation` [ RunTime:0.000644s ]
[2021-07-09T04:38:19+08:00][sql] SELECT * FROM `carver_navigation` [ RunTime:0.000236s ]
[2021-07-09T04:38:19+08:00][sql] SHOW FULL COLUMNS FROM `carver_link` [ RunTime:0.000655s ]
[2021-07-09T04:38:19+08:00][sql] SELECT * FROM `carver_link` WHERE  ( is_confirm=2 ) LIMIT 20 [ RunTime:0.000307s ]
[2021-07-09T04:38:19+08:00][sql] SELECT `article_label` FROM `carver_article` [ RunTime:0.000291s ]
[2021-07-09T04:38:19+08:00][sql] SHOW FULL COLUMNS FROM `carver_carouse` [ RunTime:0.000640s ]
[2021-07-09T04:38:19+08:00][sql] SELECT `carouse_img`,`carouse_desc` FROM `carver_carouse` WHERE  `is_show` = 1 ORDER BY `carouse_sort` DESC LIMIT 3 [ RunTime:0.000294s ]
[2021-07-09T04:38:19+08:00][sql] SHOW FULL COLUMNS FROM `carver_site` [ RunTime:0.000610s ]
[2021-07-09T04:38:19+08:00][sql] SELECT * FROM `carver_site` [ RunTime:0.000246s ]
[2021-07-09T05:44:50+08:00][sql] CONNECT:[ UseTime:0.000612s ] mysql:host=127.0.0.1;port=3306;dbname=carver;charset=utf8
[2021-07-09T05:44:50+08:00][sql] SHOW FULL COLUMNS FROM `carver_user` [ RunTime:0.001065s ]
[2021-07-09T05:44:50+08:00][sql] SHOW FULL COLUMNS FROM `carver_article` [ RunTime:0.000912s ]
[2021-07-09T05:44:50+08:00][sql] SELECT COUNT(*) AS think_count FROM `carver_article` WHERE  `delete_time` = 0  AND `is_show` = 1 [ RunTime:0.000379s ]
[2021-07-09T05:44:50+08:00][sql] SELECT `article_id`,`article_title`,`article_desc`,`article_content`,`article_img`,`article_guide`,`article_label`,`click_num`,`is_show`,`add_time`,`article_author`,`is_top_show` FROM `carver_article` WHERE  `delete_time` = 0  AND `is_show` = 1 ORDER BY `article_id` DESC LIMIT 0,6 [ RunTime:0.000775s ]
[2021-07-09T05:44:50+08:00][sql] SELECT article_id,article_title,click_num,FROM_UNIXTIME(add_time,'%Y-%m-%d') as add_time FROM `carver_article` WHERE  `is_show` = 1  AND `delete_time` = 0 ORDER BY `click_num` DESC LIMIT 3 [ RunTime:0.000575s ]
[2021-07-09T05:44:50+08:00][sql] SHOW FULL COLUMNS FROM `carver_notice` [ RunTime:0.000823s ]
[2021-07-09T05:44:50+08:00][sql] SELECT * FROM `carver_notice` ORDER BY `create_time` DESC LIMIT 3 [ RunTime:0.000281s ]
[2021-07-09T05:44:50+08:00][sql] SHOW FULL COLUMNS FROM `carver_navigation` [ RunTime:0.000750s ]
[2021-07-09T05:44:50+08:00][sql] SELECT * FROM `carver_navigation` [ RunTime:0.000290s ]
[2021-07-09T05:44:50+08:00][sql] SHOW FULL COLUMNS FROM `carver_link` [ RunTime:0.000727s ]
[2021-07-09T05:44:50+08:00][sql] SELECT * FROM `carver_link` WHERE  ( is_confirm=2 ) LIMIT 20 [ RunTime:0.000343s ]
[2021-07-09T05:44:50+08:00][sql] SELECT `article_label` FROM `carver_article` [ RunTime:0.000270s ]
[2021-07-09T05:44:50+08:00][sql] SHOW FULL COLUMNS FROM `carver_carouse` [ RunTime:0.000674s ]
[2021-07-09T05:44:50+08:00][sql] SELECT `carouse_img`,`carouse_desc` FROM `carver_carouse` WHERE  `is_show` = 1 ORDER BY `carouse_sort` DESC LIMIT 3 [ RunTime:0.000285s ]
[2021-07-09T05:44:50+08:00][sql] SHOW FULL COLUMNS FROM `carver_site` [ RunTime:0.000681s ]
[2021-07-09T05:44:50+08:00][sql] SELECT * FROM `carver_site` [ RunTime:0.000277s ]
[2021-07-09T05:49:18+08:00][sql] CONNECT:[ UseTime:0.000548s ] mysql:host=127.0.0.1;port=3306;dbname=carver;charset=utf8
[2021-07-09T05:49:18+08:00][sql] SHOW FULL COLUMNS FROM `carver_user` [ RunTime:0.001036s ]
[2021-07-09T05:49:18+08:00][sql] SHOW FULL COLUMNS FROM `carver_article` [ RunTime:0.000881s ]
[2021-07-09T05:49:18+08:00][sql] SELECT COUNT(*) AS think_count FROM `carver_article` WHERE  `delete_time` = 0  AND `is_show` = 1 [ RunTime:0.000403s ]
[2021-07-09T05:49:18+08:00][sql] SELECT `article_id`,`article_title`,`article_desc`,`article_content`,`article_img`,`article_guide`,`article_label`,`click_num`,`is_show`,`add_time`,`article_author`,`is_top_show` FROM `carver_article` WHERE  `delete_time` = 0  AND `is_show` = 1 ORDER BY `article_id` DESC LIMIT 0,6 [ RunTime:0.000814s ]
[2021-07-09T05:49:18+08:00][sql] SELECT article_id,article_title,click_num,FROM_UNIXTIME(add_time,'%Y-%m-%d') as add_time FROM `carver_article` WHERE  `is_show` = 1  AND `delete_time` = 0 ORDER BY `click_num` DESC LIMIT 3 [ RunTime:0.000514s ]
[2021-07-09T05:49:18+08:00][sql] SHOW FULL COLUMNS FROM `carver_notice` [ RunTime:0.000863s ]
[2021-07-09T05:49:18+08:00][sql] SELECT * FROM `carver_notice` ORDER BY `create_time` DESC LIMIT 3 [ RunTime:0.000311s ]
[2021-07-09T05:49:18+08:00][sql] SHOW FULL COLUMNS FROM `carver_navigation` [ RunTime:0.000821s ]
[2021-07-09T05:49:18+08:00][sql] SELECT * FROM `carver_navigation` [ RunTime:0.000284s ]
[2021-07-09T05:49:18+08:00][sql] SHOW FULL COLUMNS FROM `carver_link` [ RunTime:0.000849s ]
[2021-07-09T05:49:18+08:00][sql] SELECT * FROM `carver_link` WHERE  ( is_confirm=2 ) LIMIT 20 [ RunTime:0.000300s ]
[2021-07-09T05:49:18+08:00][sql] SELECT `article_label` FROM `carver_article` [ RunTime:0.000331s ]
[2021-07-09T05:49:18+08:00][sql] SHOW FULL COLUMNS FROM `carver_carouse` [ RunTime:0.000614s ]
[2021-07-09T05:49:18+08:00][sql] SELECT `carouse_img`,`carouse_desc` FROM `carver_carouse` WHERE  `is_show` = 1 ORDER BY `carouse_sort` DESC LIMIT 3 [ RunTime:0.000335s ]
[2021-07-09T05:49:18+08:00][sql] SHOW FULL COLUMNS FROM `carver_site` [ RunTime:0.000642s ]
[2021-07-09T05:49:18+08:00][sql] SELECT * FROM `carver_site` [ RunTime:0.000262s ]
[2021-07-09T06:59:55+08:00][sql] CONNECT:[ UseTime:0.000599s ] mysql:host=127.0.0.1;port=3306;dbname=carver;charset=utf8
[2021-07-09T06:59:55+08:00][sql] SHOW FULL COLUMNS FROM `carver_article` [ RunTime:0.001119s ]
[2021-07-09T06:59:55+08:00][sql] SELECT COUNT(*) AS think_count FROM `carver_article` WHERE  `article_label` LIKE '%linux%'  AND `delete_time` = 0  AND `is_show` = 1 [ RunTime:0.000459s ]
[2021-07-09T06:59:55+08:00][sql] SELECT * FROM `carver_article` WHERE  `article_label` LIKE '%linux%'  AND `delete_time` = 0  AND `is_show` = 1 LIMIT 0,6 [ RunTime:0.001252s ]
[2021-07-09T06:59:55+08:00][sql] SELECT article_id,article_title,click_num,FROM_UNIXTIME(add_time,'%Y-%m-%d') as add_time FROM `carver_article` WHERE  `is_show` = 1  AND `delete_time` = 0 ORDER BY `click_num` DESC LIMIT 3 [ RunTime:0.000496s ]
[2021-07-09T06:59:55+08:00][sql] SHOW FULL COLUMNS FROM `carver_notice` [ RunTime:0.000825s ]
[2021-07-09T06:59:55+08:00][sql] SELECT * FROM `carver_notice` ORDER BY `create_time` DESC LIMIT 3 [ RunTime:0.000298s ]
[2021-07-09T06:59:55+08:00][sql] SHOW FULL COLUMNS FROM `carver_navigation` [ RunTime:0.000716s ]
[2021-07-09T06:59:55+08:00][sql] SELECT * FROM `carver_navigation` [ RunTime:0.000249s ]
[2021-07-09T06:59:55+08:00][sql] SHOW FULL COLUMNS FROM `carver_link` [ RunTime:0.000780s ]
[2021-07-09T06:59:55+08:00][sql] SELECT * FROM `carver_link` WHERE  ( is_confirm=2 ) LIMIT 20 [ RunTime:0.000303s ]
[2021-07-09T06:59:55+08:00][sql] SELECT `article_label` FROM `carver_article` [ RunTime:0.000298s ]
[2021-07-09T06:59:55+08:00][sql] SHOW FULL COLUMNS FROM `carver_carouse` [ RunTime:0.000642s ]
[2021-07-09T06:59:55+08:00][sql] SELECT `carouse_img`,`carouse_desc` FROM `carver_carouse` WHERE  `is_show` = 1 ORDER BY `carouse_sort` DESC LIMIT 3 [ RunTime:0.000302s ]
[2021-07-09T06:59:55+08:00][sql] SHOW FULL COLUMNS FROM `carver_site` [ RunTime:0.000644s ]
[2021-07-09T06:59:55+08:00][sql] SELECT * FROM `carver_site` [ RunTime:0.000262s ]
[2021-07-09T07:18:19+08:00][sql] CONNECT:[ UseTime:0.000637s ] mysql:host=127.0.0.1;port=3306;dbname=carver;charset=utf8
[2021-07-09T07:18:19+08:00][sql] SHOW FULL COLUMNS FROM `carver_user` [ RunTime:0.000944s ]
[2021-07-09T07:18:19+08:00][sql] SHOW FULL COLUMNS FROM `carver_article` [ RunTime:0.001062s ]
[2021-07-09T07:18:19+08:00][sql] SELECT COUNT(*) AS think_count FROM `carver_article` WHERE  `delete_time` = 0  AND `is_show` = 1 [ RunTime:0.000495s ]
[2021-07-09T07:18:19+08:00][sql] SELECT `article_id`,`article_title`,`article_desc`,`article_content`,`article_img`,`article_guide`,`article_label`,`click_num`,`is_show`,`add_time`,`article_author`,`is_top_show` FROM `carver_article` WHERE  `delete_time` = 0  AND `is_show` = 1 ORDER BY `article_id` DESC LIMIT 0,6 [ RunTime:0.000771s ]
[2021-07-09T07:18:19+08:00][sql] SELECT article_id,article_title,click_num,FROM_UNIXTIME(add_time,'%Y-%m-%d') as add_time FROM `carver_article` WHERE  `is_show` = 1  AND `delete_time` = 0 ORDER BY `click_num` DESC LIMIT 3 [ RunTime:0.000391s ]
[2021-07-09T07:18:19+08:00][sql] SHOW FULL COLUMNS FROM `carver_notice` [ RunTime:0.000672s ]
[2021-07-09T07:18:19+08:00][sql] SELECT * FROM `carver_notice` ORDER BY `create_time` DESC LIMIT 3 [ RunTime:0.000257s ]
[2021-07-09T07:18:19+08:00][sql] SHOW FULL COLUMNS FROM `carver_navigation` [ RunTime:0.000626s ]
[2021-07-09T07:18:19+08:00][sql] SELECT * FROM `carver_navigation` [ RunTime:0.000233s ]
[2021-07-09T07:18:19+08:00][sql] SHOW FULL COLUMNS FROM `carver_link` [ RunTime:0.000658s ]
[2021-07-09T07:18:19+08:00][sql] SELECT * FROM `carver_link` WHERE  ( is_confirm=2 ) LIMIT 20 [ RunTime:0.000276s ]
[2021-07-09T07:18:19+08:00][sql] SELECT `article_label` FROM `carver_article` [ RunTime:0.000245s ]
[2021-07-09T07:18:19+08:00][sql] SHOW FULL COLUMNS FROM `carver_carouse` [ RunTime:0.000673s ]
[2021-07-09T07:18:19+08:00][sql] SELECT `carouse_img`,`carouse_desc` FROM `carver_carouse` WHERE  `is_show` = 1 ORDER BY `carouse_sort` DESC LIMIT 3 [ RunTime:0.000280s ]
[2021-07-09T07:18:19+08:00][sql] SHOW FULL COLUMNS FROM `carver_site` [ RunTime:0.000632s ]
[2021-07-09T07:18:19+08:00][sql] SELECT * FROM `carver_site` [ RunTime:0.000243s ]
[2021-07-09T09:56:12+08:00][sql] CONNECT:[ UseTime:0.000688s ] mysql:host=127.0.0.1;port=3306;dbname=carver;charset=utf8
[2021-07-09T09:56:12+08:00][sql] SHOW FULL COLUMNS FROM `carver_user` [ RunTime:0.001159s ]
[2021-07-09T09:56:12+08:00][sql] SHOW FULL COLUMNS FROM `carver_article` [ RunTime:0.000828s ]
[2021-07-09T09:56:12+08:00][sql] SELECT COUNT(*) AS think_count FROM `carver_article` WHERE  `delete_time` = 0  AND `is_show` = 1 [ RunTime:0.000476s ]
[2021-07-09T09:56:12+08:00][sql] SELECT `article_id`,`article_title`,`article_desc`,`article_content`,`article_img`,`article_guide`,`article_label`,`click_num`,`is_show`,`add_time`,`article_author`,`is_top_show` FROM `carver_article` WHERE  `delete_time` = 0  AND `is_show` = 1 ORDER BY `article_id` DESC LIMIT 6,6 [ RunTime:0.003610s ]
[2021-07-09T09:56:12+08:00][sql] SELECT article_id,article_title,click_num,FROM_UNIXTIME(add_time,'%Y-%m-%d') as add_time FROM `carver_article` WHERE  `is_show` = 1  AND `delete_time` = 0 ORDER BY `click_num` DESC LIMIT 3 [ RunTime:0.000662s ]
[2021-07-09T09:56:12+08:00][sql] SHOW FULL COLUMNS FROM `carver_notice` [ RunTime:0.000777s ]
[2021-07-09T09:56:12+08:00][sql] SELECT * FROM `carver_notice` ORDER BY `create_time` DESC LIMIT 3 [ RunTime:0.000347s ]
[2021-07-09T09:56:12+08:00][sql] SHOW FULL COLUMNS FROM `carver_navigation` [ RunTime:0.000695s ]
[2021-07-09T09:56:12+08:00][sql] SELECT * FROM `carver_navigation` [ RunTime:0.000249s ]
[2021-07-09T09:56:12+08:00][sql] SHOW FULL COLUMNS FROM `carver_link` [ RunTime:0.000793s ]
[2021-07-09T09:56:12+08:00][sql] SELECT * FROM `carver_link` WHERE  ( is_confirm=2 ) LIMIT 20 [ RunTime:0.000446s ]
[2021-07-09T09:56:12+08:00][sql] SELECT `article_label` FROM `carver_article` [ RunTime:0.000345s ]
[2021-07-09T09:56:12+08:00][sql] SHOW FULL COLUMNS FROM `carver_carouse` [ RunTime:0.000662s ]
[2021-07-09T09:56:12+08:00][sql] SELECT `carouse_img`,`carouse_desc` FROM `carver_carouse` WHERE  `is_show` = 1 ORDER BY `carouse_sort` DESC LIMIT 3 [ RunTime:0.000317s ]
[2021-07-09T09:56:12+08:00][sql] SHOW FULL COLUMNS FROM `carver_site` [ RunTime:0.000663s ]
[2021-07-09T09:56:12+08:00][sql] SELECT * FROM `carver_site` [ RunTime:0.000245s ]
[2021-07-09T10:09:38+08:00][sql] CONNECT:[ UseTime:0.000693s ] mysql:host=127.0.0.1;port=3306;dbname=carver;charset=utf8
[2021-07-09T10:09:38+08:00][sql] SHOW FULL COLUMNS FROM `carver_user` [ RunTime:0.001134s ]
[2021-07-09T10:09:38+08:00][sql] SHOW FULL COLUMNS FROM `carver_article` [ RunTime:0.000797s ]
[2021-07-09T10:09:38+08:00][sql] SELECT COUNT(*) AS think_count FROM `carver_article` WHERE  `delete_time` = 0  AND `is_show` = 1 [ RunTime:0.000382s ]
[2021-07-09T10:09:38+08:00][sql] SELECT `article_id`,`article_title`,`article_desc`,`article_content`,`article_img`,`article_guide`,`article_label`,`click_num`,`is_show`,`add_time`,`article_author`,`is_top_show` FROM `carver_article` WHERE  `delete_time` = 0  AND `is_show` = 1 ORDER BY `article_id` DESC LIMIT 0,6 [ RunTime:0.000723s ]
[2021-07-09T10:09:38+08:00][sql] SELECT article_id,article_title,click_num,FROM_UNIXTIME(add_time,'%Y-%m-%d') as add_time FROM `carver_article` WHERE  `is_show` = 1  AND `delete_time` = 0 ORDER BY `click_num` DESC LIMIT 3 [ RunTime:0.000407s ]
[2021-07-09T10:09:38+08:00][sql] SHOW FULL COLUMNS FROM `carver_notice` [ RunTime:0.000640s ]
[2021-07-09T10:09:38+08:00][sql] SELECT * FROM `carver_notice` ORDER BY `create_time` DESC LIMIT 3 [ RunTime:0.000272s ]
[2021-07-09T10:09:38+08:00][sql] SHOW FULL COLUMNS FROM `carver_navigation` [ RunTime:0.000639s ]
[2021-07-09T10:09:38+08:00][sql] SELECT * FROM `carver_navigation` [ RunTime:0.000304s ]
[2021-07-09T10:09:38+08:00][sql] SHOW FULL COLUMNS FROM `carver_link` [ RunTime:0.000671s ]
[2021-07-09T10:09:38+08:00][sql] SELECT * FROM `carver_link` WHERE  ( is_confirm=2 ) LIMIT 20 [ RunTime:0.000271s ]
[2021-07-09T10:09:38+08:00][sql] SELECT `article_label` FROM `carver_article` [ RunTime:0.000262s ]
[2021-07-09T10:09:38+08:00][sql] SHOW FULL COLUMNS FROM `carver_carouse` [ RunTime:0.000619s ]
[2021-07-09T10:09:38+08:00][sql] SELECT `carouse_img`,`carouse_desc` FROM `carver_carouse` WHERE  `is_show` = 1 ORDER BY `carouse_sort` DESC LIMIT 3 [ RunTime:0.000284s ]
[2021-07-09T10:09:38+08:00][sql] SHOW FULL COLUMNS FROM `carver_site` [ RunTime:0.000598s ]
[2021-07-09T10:09:38+08:00][sql] SELECT * FROM `carver_site` [ RunTime:0.000242s ]
[2021-07-09T10:12:58+08:00][sql] CONNECT:[ UseTime:0.010859s ] mysql:host=127.0.0.1;port=3306;dbname=carver;charset=utf8
[2021-07-09T10:12:58+08:00][sql] SHOW FULL COLUMNS FROM `carver_user` [ RunTime:0.001105s ]
[2021-07-09T10:12:58+08:00][sql] SHOW FULL COLUMNS FROM `carver_article` [ RunTime:0.000813s ]
[2021-07-09T10:12:58+08:00][sql] SELECT COUNT(*) AS think_count FROM `carver_article` WHERE  `delete_time` = 0  AND `is_show` = 1 [ RunTime:0.000368s ]
[2021-07-09T10:12:58+08:00][sql] SELECT `article_id`,`article_title`,`article_desc`,`article_content`,`article_img`,`article_guide`,`article_label`,`click_num`,`is_show`,`add_time`,`article_author`,`is_top_show` FROM `carver_article` WHERE  `delete_time` = 0  AND `is_show` = 1 ORDER BY `article_id` DESC LIMIT 24,6 [ RunTime:0.001261s ]
[2021-07-09T10:12:58+08:00][sql] SELECT article_id,article_title,click_num,FROM_UNIXTIME(add_time,'%Y-%m-%d') as add_time FROM `carver_article` WHERE  `is_show` = 1  AND `delete_time` = 0 ORDER BY `click_num` DESC LIMIT 3 [ RunTime:0.000401s ]
[2021-07-09T10:12:58+08:00][sql] SHOW FULL COLUMNS FROM `carver_notice` [ RunTime:0.001515s ]
[2021-07-09T10:12:58+08:00][sql] SELECT * FROM `carver_notice` ORDER BY `create_time` DESC LIMIT 3 [ RunTime:0.000311s ]
[2021-07-09T10:12:58+08:00][sql] SHOW FULL COLUMNS FROM `carver_navigation` [ RunTime:0.002223s ]
[2021-07-09T10:12:58+08:00][sql] SELECT * FROM `carver_navigation` [ RunTime:0.000255s ]
[2021-07-09T10:12:58+08:00][sql] SHOW FULL COLUMNS FROM `carver_link` [ RunTime:0.001571s ]
[2021-07-09T10:12:58+08:00][sql] SELECT * FROM `carver_link` WHERE  ( is_confirm=2 ) LIMIT 20 [ RunTime:0.000291s ]
[2021-07-09T10:12:58+08:00][sql] SELECT `article_label` FROM `carver_article` [ RunTime:0.001777s ]
[2021-07-09T10:12:58+08:00][sql] SHOW FULL COLUMNS FROM `carver_carouse` [ RunTime:0.002375s ]
[2021-07-09T10:12:58+08:00][sql] SELECT `carouse_img`,`carouse_desc` FROM `carver_carouse` WHERE  `is_show` = 1 ORDER BY `carouse_sort` DESC LIMIT 3 [ RunTime:0.006127s ]
[2021-07-09T10:12:58+08:00][sql] SHOW FULL COLUMNS FROM `carver_site` [ RunTime:0.000567s ]
[2021-07-09T10:12:58+08:00][sql] SELECT * FROM `carver_site` [ RunTime:0.000260s ]
[2021-07-09T10:12:58+08:00][sql] CONNECT:[ UseTime:0.001971s ] mysql:host=127.0.0.1;port=3306;dbname=carver;charset=utf8
[2021-07-09T10:12:58+08:00][sql] SHOW FULL COLUMNS FROM `carver_user` [ RunTime:0.002598s ]
[2021-07-09T10:12:58+08:00][sql] SHOW FULL COLUMNS FROM `carver_article` [ RunTime:0.002196s ]
[2021-07-09T10:12:58+08:00][sql] SELECT COUNT(*) AS think_count FROM `carver_article` WHERE  `delete_time` = 0  AND `is_show` = 1 [ RunTime:0.000328s ]
[2021-07-09T10:12:58+08:00][sql] SELECT `article_id`,`article_title`,`article_desc`,`article_content`,`article_img`,`article_guide`,`article_label`,`click_num`,`is_show`,`add_time`,`article_author`,`is_top_show` FROM `carver_article` WHERE  `delete_time` = 0  AND `is_show` = 1 ORDER BY `article_id` DESC LIMIT 6,6 [ RunTime:0.004562s ]
[2021-07-09T10:12:58+08:00][sql] SELECT article_id,article_title,click_num,FROM_UNIXTIME(add_time,'%Y-%m-%d') as add_time FROM `carver_article` WHERE  `is_show` = 1  AND `delete_time` = 0 ORDER BY `click_num` DESC LIMIT 3 [ RunTime:0.010416s ]
[2021-07-09T10:12:58+08:00][sql] SHOW FULL COLUMNS FROM `carver_notice` [ RunTime:0.000634s ]
[2021-07-09T10:12:58+08:00][sql] SELECT * FROM `carver_notice` ORDER BY `create_time` DESC LIMIT 3 [ RunTime:0.000280s ]
[2021-07-09T10:12:58+08:00][sql] SHOW FULL COLUMNS FROM `carver_navigation` [ RunTime:0.000537s ]
[2021-07-09T10:12:58+08:00][sql] SELECT * FROM `carver_navigation` [ RunTime:0.000266s ]
[2021-07-09T10:12:58+08:00][sql] SHOW FULL COLUMNS FROM `carver_link` [ RunTime:0.000584s ]
[2021-07-09T10:12:58+08:00][sql] SELECT * FROM `carver_link` WHERE  ( is_confirm=2 ) LIMIT 20 [ RunTime:0.000294s ]
[2021-07-09T10:12:58+08:00][sql] SELECT `article_label` FROM `carver_article` [ RunTime:0.001216s ]
[2021-07-09T10:12:58+08:00][sql] SHOW FULL COLUMNS FROM `carver_carouse` [ RunTime:0.000599s ]
[2021-07-09T10:12:58+08:00][sql] SELECT `carouse_img`,`carouse_desc` FROM `carver_carouse` WHERE  `is_show` = 1 ORDER BY `carouse_sort` DESC LIMIT 3 [ RunTime:0.000301s ]
[2021-07-09T10:12:58+08:00][sql] SHOW FULL COLUMNS FROM `carver_site` [ RunTime:0.000581s ]
[2021-07-09T10:12:58+08:00][sql] SELECT * FROM `carver_site` [ RunTime:0.000255s ]
[2021-07-09T10:16:18+08:00][sql] CONNECT:[ UseTime:0.006861s ] mysql:host=127.0.0.1;port=3306;dbname=carver;charset=utf8
[2021-07-09T10:16:18+08:00][sql] SHOW FULL COLUMNS FROM `carver_article` [ RunTime:0.009711s ]
[2021-07-09T10:16:18+08:00][sql] SELECT `article_id`,`article_title`,`article_desc`,`article_content`,`article_img`,`article_guide`,`article_label`,`click_num`,`is_show`,`add_time`,`article_author` FROM `carver_article` WHERE  `article_id` = 21 LIMIT 1 [ RunTime:0.000552s ]
[2021-07-09T10:16:18+08:00][sql] SELECT `article_id`,`article_title`,`article_desc`,`article_content`,`article_img`,`article_guide`,`article_label`,`click_num`,`is_show`,`add_time`,`article_author` FROM `carver_article` WHERE  `article_id` > 21 LIMIT 1 [ RunTime:0.000508s ]
[2021-07-09T10:16:18+08:00][sql] SELECT `article_id`,`article_title`,`article_desc`,`article_content`,`article_img`,`article_guide`,`article_label`,`click_num`,`is_show`,`add_time`,`article_author` FROM `carver_article` WHERE  `article_id` < 21 ORDER BY `article_id` DESC LIMIT 1 [ RunTime:0.001701s ]
[2021-07-09T10:16:18+08:00][sql] SHOW FULL COLUMNS FROM `carver_link` [ RunTime:0.001535s ]
[2021-07-09T10:16:18+08:00][sql] SELECT * FROM `carver_link` WHERE  ( is_confirm=2 ) LIMIT 20 [ RunTime:0.001222s ]
[2021-07-09T10:16:18+08:00][sql] SELECT article_id,article_title,click_num,FROM_UNIXTIME(add_time,'%Y-%m-%d') as add_time FROM `carver_article` ORDER BY `click_num` DESC LIMIT 3 [ RunTime:0.008085s ]
[2021-07-09T10:16:18+08:00][sql] SHOW FULL COLUMNS FROM `carver_comment` [ RunTime:0.003895s ]
[2021-07-09T10:16:18+08:00][sql] SELECT `a`.*,`b`.`user_name` FROM `carver_comment` `a` INNER JOIN `carver_user` `b` ON `a`.`user_id`=`b`.`user_id` WHERE  `article_id` = 21 ORDER BY `create_time` DESC [ RunTime:0.000509s ]
[2021-07-09T10:16:18+08:00][sql] SHOW FULL COLUMNS FROM `carver_comment_to_others` [ RunTime:0.000801s ]
[2021-07-09T10:16:18+08:00][sql] SELECT * FROM `carver_comment_to_others` [ RunTime:0.000258s ]
[2021-07-09T10:16:18+08:00][sql] SHOW FULL COLUMNS FROM `carver_user` [ RunTime:0.000843s ]
[2021-07-09T10:16:18+08:00][sql] SELECT `user_name` FROM `carver_user` WHERE  `user_id` = 4 LIMIT 1 [ RunTime:0.001122s ]
[2021-07-09T10:16:18+08:00][sql] SELECT `user_name` FROM `carver_user` WHERE  `user_id` = 4 LIMIT 1 [ RunTime:0.000266s ]
[2021-07-09T10:16:18+08:00][sql] SELECT `user_name` FROM `carver_user` WHERE  `user_id` = 5 LIMIT 1 [ RunTime:0.001272s ]
[2021-07-09T10:16:18+08:00][sql] SELECT `user_name` FROM `carver_user` WHERE  `user_id` = 5 LIMIT 1 [ RunTime:0.001414s ]
[2021-07-09T10:16:18+08:00][sql] SELECT `user_name` FROM `carver_user` WHERE  `user_id` = 37 LIMIT 1 [ RunTime:0.001029s ]
[2021-07-09T10:16:18+08:00][sql] SELECT `user_name`,`user_id` FROM `carver_user` [ RunTime:0.003373s ]
[2021-07-09T10:16:18+08:00][sql] SHOW FULL COLUMNS FROM `carver_navigation` [ RunTime:0.003261s ]
[2021-07-09T10:16:18+08:00][sql] SELECT * FROM `carver_navigation` [ RunTime:0.001255s ]
[2021-07-09T10:16:18+08:00][sql] SELECT `article_label` FROM `carver_article` [ RunTime:0.003091s ]
[2021-07-09T10:16:18+08:00][sql] CONNECT:[ UseTime:0.000718s ] mysql:host=127.0.0.1;port=3306;dbname=carver;charset=utf8
[2021-07-09T10:16:18+08:00][sql] SHOW FULL COLUMNS FROM `carver_article` [ RunTime:0.001095s ]
[2021-07-09T10:16:18+08:00][sql] SELECT `article_id`,`article_title`,`article_desc`,`article_content`,`article_img`,`article_guide`,`article_label`,`click_num`,`is_show`,`add_time`,`article_author` FROM `carver_article` WHERE  `article_id` = 20 LIMIT 1 [ RunTime:0.000744s ]
[2021-07-09T10:16:18+08:00][sql] SELECT `article_id`,`article_title`,`article_desc`,`article_content`,`article_img`,`article_guide`,`article_label`,`click_num`,`is_show`,`add_time`,`article_author` FROM `carver_article` WHERE  `article_id` > 20 LIMIT 1 [ RunTime:0.001942s ]
[2021-07-09T10:16:18+08:00][sql] SELECT `article_id`,`article_title`,`article_desc`,`article_content`,`article_img`,`article_guide`,`article_label`,`click_num`,`is_show`,`add_time`,`article_author` FROM `carver_article` WHERE  `article_id` < 20 ORDER BY `article_id` DESC LIMIT 1 [ RunTime:0.004466s ]
[2021-07-09T10:16:18+08:00][sql] SHOW FULL COLUMNS FROM `carver_link` [ RunTime:0.015561s ]
[2021-07-09T10:16:18+08:00][sql] SELECT * FROM `carver_link` WHERE  ( is_confirm=2 ) LIMIT 20 [ RunTime:0.000499s ]
[2021-07-09T10:16:18+08:00][sql] SELECT article_id,article_title,click_num,FROM_UNIXTIME(add_time,'%Y-%m-%d') as add_time FROM `carver_article` ORDER BY `click_num` DESC LIMIT 3 [ RunTime:0.008724s ]
[2021-07-09T10:16:18+08:00][sql] SHOW FULL COLUMNS FROM `carver_comment` [ RunTime:0.001578s ]
[2021-07-09T10:16:18+08:00][sql] SELECT `a`.*,`b`.`user_name` FROM `carver_comment` `a` INNER JOIN `carver_user` `b` ON `a`.`user_id`=`b`.`user_id` WHERE  `article_id` = 20 ORDER BY `create_time` DESC [ RunTime:0.002568s ]
[2021-07-09T10:16:18+08:00][sql] SHOW FULL COLUMNS FROM `carver_comment_to_others` [ RunTime:0.001723s ]
[2021-07-09T10:16:18+08:00][sql] SELECT * FROM `carver_comment_to_others` [ RunTime:0.000675s ]
[2021-07-09T10:16:18+08:00][sql] SHOW FULL COLUMNS FROM `carver_user` [ RunTime:0.001050s ]
[2021-07-09T10:16:18+08:00][sql] SELECT `user_name` FROM `carver_user` WHERE  `user_id` = 4 LIMIT 1 [ RunTime:0.001818s ]
[2021-07-09T10:16:18+08:00][sql] SELECT `user_name` FROM `carver_user` WHERE  `user_id` = 4 LIMIT 1 [ RunTime:0.000908s ]
[2021-07-09T10:16:18+08:00][sql] SELECT `user_name` FROM `carver_user` WHERE  `user_id` = 5 LIMIT 1 [ RunTime:0.000743s ]
[2021-07-09T10:16:18+08:00][sql] SELECT `user_name` FROM `carver_user` WHERE  `user_id` = 5 LIMIT 1 [ RunTime:0.001556s ]
[2021-07-09T10:16:18+08:00][sql] SELECT `user_name` FROM `carver_user` WHERE  `user_id` = 37 LIMIT 1 [ RunTime:0.001292s ]
[2021-07-09T10:16:18+08:00][sql] SHOW FULL COLUMNS FROM `carver_navigation` [ RunTime:0.013999s ]
[2021-07-09T10:16:18+08:00][sql] SELECT * FROM `carver_navigation` [ RunTime:0.001480s ]
[2021-07-09T10:16:18+08:00][sql] SELECT `article_label` FROM `carver_article` [ RunTime:0.001441s ]
[2021-07-09T10:16:18+08:00][sql] CONNECT:[ UseTime:0.012804s ] mysql:host=127.0.0.1;port=3306;dbname=carver;charset=utf8
[2021-07-09T10:16:18+08:00][sql] SHOW FULL COLUMNS FROM `carver_article` [ RunTime:0.003380s ]
[2021-07-09T10:16:18+08:00][sql] SELECT `article_id`,`article_title`,`article_desc`,`article_content`,`article_img`,`article_guide`,`article_label`,`click_num`,`is_show`,`add_time`,`article_author` FROM `carver_article` WHERE  `article_id` = 16 LIMIT 1 [ RunTime:0.001656s ]
[2021-07-09T10:16:18+08:00][sql] SELECT `article_id`,`article_title`,`article_desc`,`article_content`,`article_img`,`article_guide`,`article_label`,`click_num`,`is_show`,`add_time`,`article_author` FROM `carver_article` WHERE  `article_id` > 16 LIMIT 1 [ RunTime:0.001454s ]
[2021-07-09T10:16:18+08:00][sql] SELECT `article_id`,`article_title`,`article_desc`,`article_content`,`article_img`,`article_guide`,`article_label`,`click_num`,`is_show`,`add_time`,`article_author` FROM `carver_article` WHERE  `article_id` < 16 ORDER BY `article_id` DESC LIMIT 1 [ RunTime:0.004128s ]
[2021-07-09T10:16:18+08:00][sql] SHOW FULL COLUMNS FROM `carver_link` [ RunTime:0.006013s ]
[2021-07-09T10:16:18+08:00][sql] SELECT * FROM `carver_link` WHERE  ( is_confirm=2 ) LIMIT 20 [ RunTime:0.000794s ]
[2021-07-09T10:16:18+08:00][sql] SELECT article_id,article_title,click_num,FROM_UNIXTIME(add_time,'%Y-%m-%d') as add_time FROM `carver_article` ORDER BY `click_num` DESC LIMIT 3 [ RunTime:0.007278s ]
[2021-07-09T10:16:18+08:00][sql] SHOW FULL COLUMNS FROM `carver_comment` [ RunTime:0.003961s ]
[2021-07-09T10:16:18+08:00][sql] SELECT `a`.*,`b`.`user_name` FROM `carver_comment` `a` INNER JOIN `carver_user` `b` ON `a`.`user_id`=`b`.`user_id` WHERE  `article_id` = 16 ORDER BY `create_time` DESC [ RunTime:0.002082s ]
[2021-07-09T10:16:18+08:00][sql] SHOW FULL COLUMNS FROM `carver_comment_to_others` [ RunTime:0.001058s ]
[2021-07-09T10:16:18+08:00][sql] SELECT * FROM `carver_comment_to_others` [ RunTime:0.000688s ]
[2021-07-09T10:16:18+08:00][sql] SHOW FULL COLUMNS FROM `carver_user` [ RunTime:0.001473s ]
[2021-07-09T10:16:18+08:00][sql] SELECT `user_name` FROM `carver_user` WHERE  `user_id` = 4 LIMIT 1 [ RunTime:0.002851s ]
[2021-07-09T10:16:18+08:00][sql] SELECT `user_name` FROM `carver_user` WHERE  `user_id` = 4 LIMIT 1 [ RunTime:0.000317s ]
[2021-07-09T10:16:18+08:00][sql] SELECT `user_name` FROM `carver_user` WHERE  `user_id` = 5 LIMIT 1 [ RunTime:0.000521s ]
[2021-07-09T10:16:18+08:00][sql] SELECT `user_name` FROM `carver_user` WHERE  `user_id` = 5 LIMIT 1 [ RunTime:0.011360s ]
[2021-07-09T10:16:18+08:00][sql] SELECT `user_name` FROM `carver_user` WHERE  `user_id` = 37 LIMIT 1 [ RunTime:0.001292s ]
[2021-07-09T10:16:18+08:00][sql] SHOW FULL COLUMNS FROM `carver_navigation` [ RunTime:0.002042s ]
[2021-07-09T10:16:18+08:00][sql] SELECT * FROM `carver_navigation` [ RunTime:0.011521s ]
[2021-07-09T10:16:18+08:00][sql] SELECT `article_label` FROM `carver_article` [ RunTime:0.000357s ]
[2021-07-09T11:08:42+08:00][sql] CONNECT:[ UseTime:0.000587s ] mysql:host=127.0.0.1;port=3306;dbname=carver;charset=utf8
[2021-07-09T11:08:42+08:00][sql] SHOW FULL COLUMNS FROM `carver_user` [ RunTime:0.000991s ]
[2021-07-09T12:39:06+08:00][sql] CONNECT:[ UseTime:0.000776s ] mysql:host=127.0.0.1;port=3306;dbname=carver;charset=utf8
[2021-07-09T12:39:06+08:00][sql] SHOW FULL COLUMNS FROM `carver_user` [ RunTime:0.001216s ]
[2021-07-09T12:39:06+08:00][sql] SHOW FULL COLUMNS FROM `carver_article` [ RunTime:0.001043s ]
[2021-07-09T12:39:06+08:00][sql] SELECT COUNT(*) AS think_count FROM `carver_article` WHERE  `delete_time` = 0  AND `is_show` = 1 [ RunTime:0.000563s ]
[2021-07-09T12:39:06+08:00][sql] SELECT `article_id`,`article_title`,`article_desc`,`article_content`,`article_img`,`article_guide`,`article_label`,`click_num`,`is_show`,`add_time`,`article_author`,`is_top_show` FROM `carver_article` WHERE  `delete_time` = 0  AND `is_show` = 1 ORDER BY `article_id` DESC LIMIT 0,6 [ RunTime:0.001041s ]
[2021-07-09T12:39:06+08:00][sql] SELECT article_id,article_title,click_num,FROM_UNIXTIME(add_time,'%Y-%m-%d') as add_time FROM `carver_article` WHERE  `is_show` = 1  AND `delete_time` = 0 ORDER BY `click_num` DESC LIMIT 3 [ RunTime:0.000828s ]
[2021-07-09T12:39:06+08:00][sql] SHOW FULL COLUMNS FROM `carver_notice` [ RunTime:0.000959s ]
[2021-07-09T12:39:06+08:00][sql] SELECT * FROM `carver_notice` ORDER BY `create_time` DESC LIMIT 3 [ RunTime:0.000505s ]
[2021-07-09T12:39:06+08:00][sql] SHOW FULL COLUMNS FROM `carver_navigation` [ RunTime:0.000770s ]
[2021-07-09T12:39:06+08:00][sql] SELECT * FROM `carver_navigation` [ RunTime:0.000334s ]
[2021-07-09T12:39:06+08:00][sql] SHOW FULL COLUMNS FROM `carver_link` [ RunTime:0.000801s ]
[2021-07-09T12:39:06+08:00][sql] SELECT * FROM `carver_link` WHERE  ( is_confirm=2 ) LIMIT 20 [ RunTime:0.000426s ]
[2021-07-09T12:39:06+08:00][sql] SELECT `article_label` FROM `carver_article` [ RunTime:0.000403s ]
[2021-07-09T12:39:06+08:00][sql] SHOW FULL COLUMNS FROM `carver_carouse` [ RunTime:0.000820s ]
[2021-07-09T12:39:06+08:00][sql] SELECT `carouse_img`,`carouse_desc` FROM `carver_carouse` WHERE  `is_show` = 1 ORDER BY `carouse_sort` DESC LIMIT 3 [ RunTime:0.000458s ]
[2021-07-09T12:39:06+08:00][sql] SHOW FULL COLUMNS FROM `carver_site` [ RunTime:0.000866s ]
[2021-07-09T12:39:06+08:00][sql] SELECT * FROM `carver_site` [ RunTime:0.000334s ]
[2021-07-09T13:49:51+08:00][sql] CONNECT:[ UseTime:0.000538s ] mysql:host=127.0.0.1;port=3306;dbname=carver;charset=utf8
[2021-07-09T13:49:51+08:00][sql] SHOW FULL COLUMNS FROM `carver_user` [ RunTime:0.001029s ]
[2021-07-09T13:49:51+08:00][sql] SHOW FULL COLUMNS FROM `carver_article` [ RunTime:0.000711s ]
[2021-07-09T13:49:51+08:00][sql] SELECT COUNT(*) AS think_count FROM `carver_article` WHERE  `delete_time` = 0  AND `is_show` = 1 [ RunTime:0.000365s ]
[2021-07-09T13:49:51+08:00][sql] SELECT `article_id`,`article_title`,`article_desc`,`article_content`,`article_img`,`article_guide`,`article_label`,`click_num`,`is_show`,`add_time`,`article_author`,`is_top_show` FROM `carver_article` WHERE  `delete_time` = 0  AND `is_show` = 1 ORDER BY `article_id` DESC LIMIT 0,6 [ RunTime:0.000772s ]
[2021-07-09T13:49:51+08:00][sql] SELECT article_id,article_title,click_num,FROM_UNIXTIME(add_time,'%Y-%m-%d') as add_time FROM `carver_article` WHERE  `is_show` = 1  AND `delete_time` = 0 ORDER BY `click_num` DESC LIMIT 3 [ RunTime:0.000604s ]
[2021-07-09T13:49:51+08:00][sql] SHOW FULL COLUMNS FROM `carver_notice` [ RunTime:0.000708s ]
[2021-07-09T13:49:51+08:00][sql] SELECT * FROM `carver_notice` ORDER BY `create_time` DESC LIMIT 3 [ RunTime:0.000277s ]
[2021-07-09T13:49:51+08:00][sql] SHOW FULL COLUMNS FROM `carver_navigation` [ RunTime:0.000677s ]
[2021-07-09T13:49:51+08:00][sql] SELECT * FROM `carver_navigation` [ RunTime:0.000266s ]
[2021-07-09T13:49:51+08:00][sql] SHOW FULL COLUMNS FROM `carver_link` [ RunTime:0.000610s ]
[2021-07-09T13:49:51+08:00][sql] SELECT * FROM `carver_link` WHERE  ( is_confirm=2 ) LIMIT 20 [ RunTime:0.000326s ]
[2021-07-09T13:49:51+08:00][sql] SELECT `article_label` FROM `carver_article` [ RunTime:0.000298s ]
[2021-07-09T13:49:51+08:00][sql] SHOW FULL COLUMNS FROM `carver_carouse` [ RunTime:0.000548s ]
[2021-07-09T13:49:51+08:00][sql] SELECT `carouse_img`,`carouse_desc` FROM `carver_carouse` WHERE  `is_show` = 1 ORDER BY `carouse_sort` DESC LIMIT 3 [ RunTime:0.000309s ]
[2021-07-09T13:49:51+08:00][sql] SHOW FULL COLUMNS FROM `carver_site` [ RunTime:0.000525s ]
[2021-07-09T13:49:51+08:00][sql] SELECT * FROM `carver_site` [ RunTime:0.000239s ]
[2021-07-09T16:30:25+08:00][sql] CONNECT:[ UseTime:0.000631s ] mysql:host=127.0.0.1;port=3306;dbname=carver;charset=utf8
[2021-07-09T16:30:25+08:00][sql] SHOW FULL COLUMNS FROM `carver_article` [ RunTime:0.000909s ]
[2021-07-09T16:30:25+08:00][sql] SELECT `article_id`,`article_title`,`article_desc`,`article_content`,`article_img`,`article_guide`,`article_label`,`click_num`,`is_show`,`add_time`,`article_author` FROM `carver_article` WHERE  `article_id` = 13 LIMIT 1 [ RunTime:0.000453s ]
[2021-07-09T16:30:25+08:00][sql] SELECT `article_id`,`article_title`,`article_desc`,`article_content`,`article_img`,`article_guide`,`article_label`,`click_num`,`is_show`,`add_time`,`article_author` FROM `carver_article` WHERE  `article_id` > 13 LIMIT 1 [ RunTime:0.000454s ]
[2021-07-09T16:30:25+08:00][sql] SELECT `article_id`,`article_title`,`article_desc`,`article_content`,`article_img`,`article_guide`,`article_label`,`click_num`,`is_show`,`add_time`,`article_author` FROM `carver_article` WHERE  `article_id` < 13 ORDER BY `article_id` DESC LIMIT 1 [ RunTime:0.000357s ]
[2021-07-09T16:30:25+08:00][sql] SHOW FULL COLUMNS FROM `carver_link` [ RunTime:0.000668s ]
[2021-07-09T16:30:25+08:00][sql] SELECT * FROM `carver_link` WHERE  ( is_confirm=2 ) LIMIT 20 [ RunTime:0.000305s ]
[2021-07-09T16:30:25+08:00][sql] SELECT article_id,article_title,click_num,FROM_UNIXTIME(add_time,'%Y-%m-%d') as add_time FROM `carver_article` ORDER BY `click_num` DESC LIMIT 3 [ RunTime:0.000374s ]
[2021-07-09T16:30:25+08:00][sql] SHOW FULL COLUMNS FROM `carver_comment` [ RunTime:0.000715s ]
[2021-07-09T16:30:25+08:00][sql] SELECT `a`.*,`b`.`user_name` FROM `carver_comment` `a` INNER JOIN `carver_user` `b` ON `a`.`user_id`=`b`.`user_id` WHERE  `article_id` = 13 ORDER BY `create_time` DESC [ RunTime:0.000401s ]
[2021-07-09T16:30:25+08:00][sql] SHOW FULL COLUMNS FROM `carver_comment_to_others` [ RunTime:0.000611s ]
[2021-07-09T16:30:25+08:00][sql] SELECT * FROM `carver_comment_to_others` [ RunTime:0.000241s ]
[2021-07-09T16:30:25+08:00][sql] SHOW FULL COLUMNS FROM `carver_user` [ RunTime:0.000455s ]
[2021-07-09T16:30:25+08:00][sql] SELECT `user_name` FROM `carver_user` WHERE  `user_id` = 4 LIMIT 1 [ RunTime:0.000252s ]
[2021-07-09T16:30:25+08:00][sql] SELECT `user_name` FROM `carver_user` WHERE  `user_id` = 4 LIMIT 1 [ RunTime:0.000225s ]
[2021-07-09T16:30:25+08:00][sql] SELECT `user_name` FROM `carver_user` WHERE  `user_id` = 5 LIMIT 1 [ RunTime:0.000225s ]
[2021-07-09T16:30:25+08:00][sql] SELECT `user_name` FROM `carver_user` WHERE  `user_id` = 5 LIMIT 1 [ RunTime:0.000227s ]
[2021-07-09T16:30:25+08:00][sql] SELECT `user_name` FROM `carver_user` WHERE  `user_id` = 37 LIMIT 1 [ RunTime:0.000227s ]
[2021-07-09T16:30:25+08:00][sql] SELECT `user_name`,`user_id` FROM `carver_user` [ RunTime:0.000274s ]
[2021-07-09T16:30:25+08:00][sql] SHOW FULL COLUMNS FROM `carver_navigation` [ RunTime:0.000610s ]
[2021-07-09T16:30:25+08:00][sql] SELECT * FROM `carver_navigation` [ RunTime:0.000254s ]
[2021-07-09T16:30:25+08:00][sql] SELECT `article_label` FROM `carver_article` [ RunTime:0.000274s ]
[2021-07-09T16:50:44+08:00][sql] CONNECT:[ UseTime:0.000698s ] mysql:host=127.0.0.1;port=3306;dbname=carver;charset=utf8
[2021-07-09T16:50:44+08:00][sql] SHOW FULL COLUMNS FROM `carver_article` [ RunTime:0.000948s ]
[2021-07-09T16:50:44+08:00][sql] SELECT COUNT(*) AS think_count FROM `carver_article` WHERE  `article_guide` = 6  AND `delete_time` = 0  AND `is_show` = 1 [ RunTime:0.000408s ]
[2021-07-09T16:50:44+08:00][sql] SELECT * FROM `carver_article` WHERE  `article_guide` = 6  AND `delete_time` = 0  AND `is_show` = 1 ORDER BY `add_time` DESC LIMIT 0,6 [ RunTime:0.000860s ]
[2021-07-09T16:50:44+08:00][sql] SELECT article_id,article_title,click_num,FROM_UNIXTIME(add_time,'%Y-%m-%d') as add_time FROM `carver_article` WHERE  `is_show` = 1  AND `delete_time` = 0 ORDER BY `click_num` DESC LIMIT 3 [ RunTime:0.000413s ]
[2021-07-09T16:50:44+08:00][sql] SHOW FULL COLUMNS FROM `carver_notice` [ RunTime:0.000647s ]
[2021-07-09T16:50:44+08:00][sql] SELECT * FROM `carver_notice` ORDER BY `create_time` DESC LIMIT 3 [ RunTime:0.000260s ]
[2021-07-09T16:50:44+08:00][sql] SHOW FULL COLUMNS FROM `carver_navigation` [ RunTime:0.000548s ]
[2021-07-09T16:50:44+08:00][sql] SELECT * FROM `carver_navigation` [ RunTime:0.000235s ]
[2021-07-09T16:50:44+08:00][sql] SELECT `article_label` FROM `carver_article` [ RunTime:0.000274s ]
[2021-07-09T16:50:44+08:00][sql] SHOW FULL COLUMNS FROM `carver_carouse` [ RunTime:0.000539s ]
[2021-07-09T16:50:44+08:00][sql] SELECT `carouse_img`,`carouse_desc` FROM `carver_carouse` WHERE  `is_show` = 1 ORDER BY `carouse_sort` DESC LIMIT 3 [ RunTime:0.000306s ]
[2021-07-09T16:50:44+08:00][sql] SHOW FULL COLUMNS FROM `carver_link` [ RunTime:0.000485s ]
[2021-07-09T16:50:44+08:00][sql] SELECT * FROM `carver_link` WHERE  ( is_confirm=2 ) LIMIT 20 [ RunTime:0.000280s ]
[2021-07-09T16:50:44+08:00][sql] SHOW FULL COLUMNS FROM `carver_site` [ RunTime:0.000524s ]
[2021-07-09T16:50:44+08:00][sql] SELECT * FROM `carver_site` [ RunTime:0.000241s ]
[2021-07-09T16:59:55+08:00][sql] CONNECT:[ UseTime:0.000505s ] mysql:host=127.0.0.1;port=3306;dbname=carver;charset=utf8
[2021-07-09T16:59:55+08:00][sql] SHOW FULL COLUMNS FROM `carver_user` [ RunTime:0.000927s ]
[2021-07-09T16:59:55+08:00][sql] SHOW FULL COLUMNS FROM `carver_article` [ RunTime:0.000753s ]
[2021-07-09T16:59:55+08:00][sql] SELECT COUNT(*) AS think_count FROM `carver_article` WHERE  `delete_time` = 0  AND `is_show` = 1 [ RunTime:0.000380s ]
[2021-07-09T16:59:55+08:00][sql] SELECT `article_id`,`article_title`,`article_desc`,`article_content`,`article_img`,`article_guide`,`article_label`,`click_num`,`is_show`,`add_time`,`article_author`,`is_top_show` FROM `carver_article` WHERE  `delete_time` = 0  AND `is_show` = 1 ORDER BY `article_id` DESC LIMIT 0,6 [ RunTime:0.000724s ]
[2021-07-09T16:59:55+08:00][sql] SELECT article_id,article_title,click_num,FROM_UNIXTIME(add_time,'%Y-%m-%d') as add_time FROM `carver_article` WHERE  `is_show` = 1  AND `delete_time` = 0 ORDER BY `click_num` DESC LIMIT 3 [ RunTime:0.000380s ]
[2021-07-09T16:59:55+08:00][sql] SHOW FULL COLUMNS FROM `carver_notice` [ RunTime:0.000564s ]
[2021-07-09T16:59:55+08:00][sql] SELECT * FROM `carver_notice` ORDER BY `create_time` DESC LIMIT 3 [ RunTime:0.000269s ]
[2021-07-09T16:59:55+08:00][sql] SHOW FULL COLUMNS FROM `carver_navigation` [ RunTime:0.000520s ]
[2021-07-09T16:59:55+08:00][sql] SELECT * FROM `carver_navigation` [ RunTime:0.000277s ]
[2021-07-09T16:59:55+08:00][sql] SHOW FULL COLUMNS FROM `carver_link` [ RunTime:0.000534s ]
[2021-07-09T16:59:55+08:00][sql] SELECT * FROM `carver_link` WHERE  ( is_confirm=2 ) LIMIT 20 [ RunTime:0.000267s ]
[2021-07-09T16:59:55+08:00][sql] SELECT `article_label` FROM `carver_article` [ RunTime:0.000265s ]
[2021-07-09T16:59:55+08:00][sql] SHOW FULL COLUMNS FROM `carver_carouse` [ RunTime:0.000498s ]
[2021-07-09T16:59:55+08:00][sql] SELECT `carouse_img`,`carouse_desc` FROM `carver_carouse` WHERE  `is_show` = 1 ORDER BY `carouse_sort` DESC LIMIT 3 [ RunTime:0.000312s ]
[2021-07-09T16:59:55+08:00][sql] SHOW FULL COLUMNS FROM `carver_site` [ RunTime:0.000493s ]
[2021-07-09T16:59:55+08:00][sql] SELECT * FROM `carver_site` [ RunTime:0.000230s ]
[2021-07-09T17:48:22+08:00][sql] CONNECT:[ UseTime:0.000541s ] mysql:host=127.0.0.1;port=3306;dbname=carver;charset=utf8
[2021-07-09T17:48:22+08:00][sql] SHOW FULL COLUMNS FROM `carver_user` [ RunTime:0.000969s ]
[2021-07-09T17:48:22+08:00][sql] SHOW FULL COLUMNS FROM `carver_article` [ RunTime:0.000775s ]
[2021-07-09T17:48:22+08:00][sql] SELECT COUNT(*) AS think_count FROM `carver_article` WHERE  `delete_time` = 0  AND `is_show` = 1 [ RunTime:0.000418s ]
[2021-07-09T17:48:22+08:00][sql] SELECT `article_id`,`article_title`,`article_desc`,`article_content`,`article_img`,`article_guide`,`article_label`,`click_num`,`is_show`,`add_time`,`article_author`,`is_top_show` FROM `carver_article` WHERE  `delete_time` = 0  AND `is_show` = 1 ORDER BY `article_id` DESC LIMIT 0,6 [ RunTime:0.000805s ]
[2021-07-09T17:48:22+08:00][sql] SELECT article_id,article_title,click_num,FROM_UNIXTIME(add_time,'%Y-%m-%d') as add_time FROM `carver_article` WHERE  `is_show` = 1  AND `delete_time` = 0 ORDER BY `click_num` DESC LIMIT 3 [ RunTime:0.000645s ]
[2021-07-09T17:48:22+08:00][sql] SHOW FULL COLUMNS FROM `carver_notice` [ RunTime:0.000679s ]
[2021-07-09T17:48:22+08:00][sql] SELECT * FROM `carver_notice` ORDER BY `create_time` DESC LIMIT 3 [ RunTime:0.000286s ]
[2021-07-09T17:48:22+08:00][sql] SHOW FULL COLUMNS FROM `carver_navigation` [ RunTime:0.000529s ]
[2021-07-09T17:48:22+08:00][sql] SELECT * FROM `carver_navigation` [ RunTime:0.000260s ]
[2021-07-09T17:48:22+08:00][sql] SHOW FULL COLUMNS FROM `carver_link` [ RunTime:0.000616s ]
[2021-07-09T17:48:22+08:00][sql] SELECT * FROM `carver_link` WHERE  ( is_confirm=2 ) LIMIT 20 [ RunTime:0.000302s ]
[2021-07-09T17:48:22+08:00][sql] SELECT `article_label` FROM `carver_article` [ RunTime:0.000340s ]
[2021-07-09T17:48:22+08:00][sql] SHOW FULL COLUMNS FROM `carver_carouse` [ RunTime:0.000579s ]
[2021-07-09T17:48:22+08:00][sql] SELECT `carouse_img`,`carouse_desc` FROM `carver_carouse` WHERE  `is_show` = 1 ORDER BY `carouse_sort` DESC LIMIT 3 [ RunTime:0.000352s ]
[2021-07-09T17:48:22+08:00][sql] SHOW FULL COLUMNS FROM `carver_site` [ RunTime:0.000562s ]
[2021-07-09T17:48:22+08:00][sql] SELECT * FROM `carver_site` [ RunTime:0.000265s ]
[2021-07-09T17:58:29+08:00][sql] CONNECT:[ UseTime:0.000540s ] mysql:host=127.0.0.1;port=3306;dbname=carver;charset=utf8
[2021-07-09T17:58:29+08:00][sql] SHOW FULL COLUMNS FROM `carver_user` [ RunTime:0.000846s ]
[2021-07-09T17:58:29+08:00][sql] SHOW FULL COLUMNS FROM `carver_article` [ RunTime:0.000718s ]
[2021-07-09T17:58:29+08:00][sql] SELECT COUNT(*) AS think_count FROM `carver_article` WHERE  `delete_time` = 0  AND `is_show` = 1 [ RunTime:0.000389s ]
[2021-07-09T17:58:29+08:00][sql] SELECT `article_id`,`article_title`,`article_desc`,`article_content`,`article_img`,`article_guide`,`article_label`,`click_num`,`is_show`,`add_time`,`article_author`,`is_top_show` FROM `carver_article` WHERE  `delete_time` = 0  AND `is_show` = 1 ORDER BY `article_id` DESC LIMIT 18,6 [ RunTime:0.001601s ]
[2021-07-09T17:58:29+08:00][sql] SELECT article_id,article_title,click_num,FROM_UNIXTIME(add_time,'%Y-%m-%d') as add_time FROM `carver_article` WHERE  `is_show` = 1  AND `delete_time` = 0 ORDER BY `click_num` DESC LIMIT 3 [ RunTime:0.000407s ]
[2021-07-09T17:58:29+08:00][sql] SHOW FULL COLUMNS FROM `carver_notice` [ RunTime:0.000575s ]
[2021-07-09T17:58:29+08:00][sql] SELECT * FROM `carver_notice` ORDER BY `create_time` DESC LIMIT 3 [ RunTime:0.000273s ]
[2021-07-09T17:58:29+08:00][sql] SHOW FULL COLUMNS FROM `carver_navigation` [ RunTime:0.000556s ]
[2021-07-09T17:58:29+08:00][sql] SELECT * FROM `carver_navigation` [ RunTime:0.000232s ]
[2021-07-09T17:58:29+08:00][sql] SHOW FULL COLUMNS FROM `carver_link` [ RunTime:0.000460s ]
[2021-07-09T17:58:29+08:00][sql] SELECT * FROM `carver_link` WHERE  ( is_confirm=2 ) LIMIT 20 [ RunTime:0.000262s ]
[2021-07-09T17:58:29+08:00][sql] SELECT `article_label` FROM `carver_article` [ RunTime:0.000262s ]
[2021-07-09T17:58:29+08:00][sql] SHOW FULL COLUMNS FROM `carver_carouse` [ RunTime:0.000516s ]
[2021-07-09T17:58:29+08:00][sql] SELECT `carouse_img`,`carouse_desc` FROM `carver_carouse` WHERE  `is_show` = 1 ORDER BY `carouse_sort` DESC LIMIT 3 [ RunTime:0.000263s ]
[2021-07-09T17:58:29+08:00][sql] SHOW FULL COLUMNS FROM `carver_site` [ RunTime:0.000586s ]
[2021-07-09T17:58:29+08:00][sql] SELECT * FROM `carver_site` [ RunTime:0.000225s ]
[2021-07-09T18:38:49+08:00][sql] CONNECT:[ UseTime:0.000692s ] mysql:host=127.0.0.1;port=3306;dbname=carver;charset=utf8
[2021-07-09T18:38:49+08:00][sql] SHOW FULL COLUMNS FROM `carver_article` [ RunTime:0.001035s ]
[2021-07-09T18:38:49+08:00][sql] SELECT `article_id`,`article_title`,`article_desc`,`article_content`,`article_img`,`article_guide`,`article_label`,`click_num`,`is_show`,`add_time`,`article_author` FROM `carver_article` WHERE  `article_id` = 9 LIMIT 1 [ RunTime:0.000689s ]
[2021-07-09T18:38:49+08:00][sql] SELECT `article_id`,`article_title`,`article_desc`,`article_content`,`article_img`,`article_guide`,`article_label`,`click_num`,`is_show`,`add_time`,`article_author` FROM `carver_article` WHERE  `article_id` > 9 LIMIT 1 [ RunTime:0.000477s ]
[2021-07-09T18:38:49+08:00][sql] SELECT `article_id`,`article_title`,`article_desc`,`article_content`,`article_img`,`article_guide`,`article_label`,`click_num`,`is_show`,`add_time`,`article_author` FROM `carver_article` WHERE  `article_id` < 9 ORDER BY `article_id` DESC LIMIT 1 [ RunTime:0.000395s ]
[2021-07-09T18:38:49+08:00][sql] SHOW FULL COLUMNS FROM `carver_link` [ RunTime:0.000715s ]
[2021-07-09T18:38:49+08:00][sql] SELECT * FROM `carver_link` WHERE  ( is_confirm=2 ) LIMIT 20 [ RunTime:0.000330s ]
[2021-07-09T18:38:49+08:00][sql] SELECT article_id,article_title,click_num,FROM_UNIXTIME(add_time,'%Y-%m-%d') as add_time FROM `carver_article` ORDER BY `click_num` DESC LIMIT 3 [ RunTime:0.000493s ]
[2021-07-09T18:38:49+08:00][sql] SHOW FULL COLUMNS FROM `carver_comment` [ RunTime:0.000754s ]
[2021-07-09T18:38:49+08:00][sql] SELECT `a`.*,`b`.`user_name` FROM `carver_comment` `a` INNER JOIN `carver_user` `b` ON `a`.`user_id`=`b`.`user_id` WHERE  `article_id` = 9 ORDER BY `create_time` DESC [ RunTime:0.000516s ]
[2021-07-09T18:38:49+08:00][sql] SHOW FULL COLUMNS FROM `carver_comment_to_others` [ RunTime:0.000583s ]
[2021-07-09T18:38:49+08:00][sql] SELECT * FROM `carver_comment_to_others` [ RunTime:0.000275s ]
[2021-07-09T18:38:49+08:00][sql] SHOW FULL COLUMNS FROM `carver_user` [ RunTime:0.000471s ]
[2021-07-09T18:38:49+08:00][sql] SELECT `user_name` FROM `carver_user` WHERE  `user_id` = 4 LIMIT 1 [ RunTime:0.000264s ]
[2021-07-09T18:38:49+08:00][sql] SELECT `user_name` FROM `carver_user` WHERE  `user_id` = 4 LIMIT 1 [ RunTime:0.000221s ]
[2021-07-09T18:38:49+08:00][sql] SELECT `user_name` FROM `carver_user` WHERE  `user_id` = 5 LIMIT 1 [ RunTime:0.000217s ]
[2021-07-09T18:38:49+08:00][sql] SELECT `user_name` FROM `carver_user` WHERE  `user_id` = 5 LIMIT 1 [ RunTime:0.000224s ]
[2021-07-09T18:38:49+08:00][sql] SELECT `user_name` FROM `carver_user` WHERE  `user_id` = 37 LIMIT 1 [ RunTime:0.000231s ]
[2021-07-09T18:38:49+08:00][sql] SELECT `user_name`,`user_id` FROM `carver_user` [ RunTime:0.000242s ]
[2021-07-09T18:38:49+08:00][sql] SHOW FULL COLUMNS FROM `carver_navigation` [ RunTime:0.000708s ]
[2021-07-09T18:38:49+08:00][sql] SELECT * FROM `carver_navigation` [ RunTime:0.000279s ]
[2021-07-09T18:38:49+08:00][sql] SELECT `article_label` FROM `carver_article` [ RunTime:0.000298s ]
[2021-07-09T19:41:25+08:00][sql] CONNECT:[ UseTime:0.000586s ] mysql:host=127.0.0.1;port=3306;dbname=carver;charset=utf8
[2021-07-09T19:41:25+08:00][sql] SHOW FULL COLUMNS FROM `carver_user` [ RunTime:0.000921s ]
[2021-07-09T19:41:25+08:00][sql] SHOW FULL COLUMNS FROM `carver_article` [ RunTime:0.000796s ]
[2021-07-09T19:41:25+08:00][sql] SELECT COUNT(*) AS think_count FROM `carver_article` WHERE  `delete_time` = 0  AND `is_show` = 1 [ RunTime:0.000394s ]
[2021-07-09T19:41:25+08:00][sql] SELECT `article_id`,`article_title`,`article_desc`,`article_content`,`article_img`,`article_guide`,`article_label`,`click_num`,`is_show`,`add_time`,`article_author`,`is_top_show` FROM `carver_article` WHERE  `delete_time` = 0  AND `is_show` = 1 ORDER BY `article_id` DESC LIMIT 0,6 [ RunTime:0.000759s ]
[2021-07-09T19:41:25+08:00][sql] SELECT article_id,article_title,click_num,FROM_UNIXTIME(add_time,'%Y-%m-%d') as add_time FROM `carver_article` WHERE  `is_show` = 1  AND `delete_time` = 0 ORDER BY `click_num` DESC LIMIT 3 [ RunTime:0.000539s ]
[2021-07-09T19:41:25+08:00][sql] SHOW FULL COLUMNS FROM `carver_notice` [ RunTime:0.000701s ]
[2021-07-09T19:41:25+08:00][sql] SELECT * FROM `carver_notice` ORDER BY `create_time` DESC LIMIT 3 [ RunTime:0.000291s ]
[2021-07-09T19:41:25+08:00][sql] SHOW FULL COLUMNS FROM `carver_navigation` [ RunTime:0.000540s ]
[2021-07-09T19:41:25+08:00][sql] SELECT * FROM `carver_navigation` [ RunTime:0.000260s ]
[2021-07-09T19:41:25+08:00][sql] SHOW FULL COLUMNS FROM `carver_link` [ RunTime:0.000568s ]
[2021-07-09T19:41:25+08:00][sql] SELECT * FROM `carver_link` WHERE  ( is_confirm=2 ) LIMIT 20 [ RunTime:0.000295s ]
[2021-07-09T19:41:25+08:00][sql] SELECT `article_label` FROM `carver_article` [ RunTime:0.000374s ]
[2021-07-09T19:41:25+08:00][sql] SHOW FULL COLUMNS FROM `carver_carouse` [ RunTime:0.000561s ]
[2021-07-09T19:41:25+08:00][sql] SELECT `carouse_img`,`carouse_desc` FROM `carver_carouse` WHERE  `is_show` = 1 ORDER BY `carouse_sort` DESC LIMIT 3 [ RunTime:0.000316s ]
[2021-07-09T19:41:25+08:00][sql] SHOW FULL COLUMNS FROM `carver_site` [ RunTime:0.000553s ]
[2021-07-09T19:41:25+08:00][sql] SELECT * FROM `carver_site` [ RunTime:0.000274s ]
[2021-07-09T20:17:18+08:00][sql] CONNECT:[ UseTime:0.000570s ] mysql:host=127.0.0.1;port=3306;dbname=carver;charset=utf8
[2021-07-09T20:17:18+08:00][sql] SHOW FULL COLUMNS FROM `carver_article` [ RunTime:0.000862s ]
[2021-07-09T20:17:18+08:00][sql] SELECT `article_id`,`article_title`,`article_desc`,`article_content`,`article_img`,`article_guide`,`article_label`,`click_num`,`is_show`,`add_time`,`article_author` FROM `carver_article` WHERE  `article_id` = 18 LIMIT 1 [ RunTime:0.000503s ]
[2021-07-09T20:17:18+08:00][sql] SELECT `article_id`,`article_title`,`article_desc`,`article_content`,`article_img`,`article_guide`,`article_label`,`click_num`,`is_show`,`add_time`,`article_author` FROM `carver_article` WHERE  `article_id` > 18 LIMIT 1 [ RunTime:0.002871s ]
[2021-07-09T20:17:18+08:00][sql] SELECT `article_id`,`article_title`,`article_desc`,`article_content`,`article_img`,`article_guide`,`article_label`,`click_num`,`is_show`,`add_time`,`article_author` FROM `carver_article` WHERE  `article_id` < 18 ORDER BY `article_id` DESC LIMIT 1 [ RunTime:0.000549s ]
[2021-07-09T20:17:18+08:00][sql] SHOW FULL COLUMNS FROM `carver_link` [ RunTime:0.000540s ]
[2021-07-09T20:17:18+08:00][sql] SELECT * FROM `carver_link` WHERE  ( is_confirm=2 ) LIMIT 20 [ RunTime:0.000295s ]
[2021-07-09T20:17:18+08:00][sql] SELECT article_id,article_title,click_num,FROM_UNIXTIME(add_time,'%Y-%m-%d') as add_time FROM `carver_article` ORDER BY `click_num` DESC LIMIT 3 [ RunTime:0.000342s ]
[2021-07-09T20:17:18+08:00][sql] SHOW FULL COLUMNS FROM `carver_comment` [ RunTime:0.000578s ]
[2021-07-09T20:17:18+08:00][sql] SELECT `a`.*,`b`.`user_name` FROM `carver_comment` `a` INNER JOIN `carver_user` `b` ON `a`.`user_id`=`b`.`user_id` WHERE  `article_id` = 18 ORDER BY `create_time` DESC [ RunTime:0.000361s ]
[2021-07-09T20:17:18+08:00][sql] SHOW FULL COLUMNS FROM `carver_comment_to_others` [ RunTime:0.001358s ]
[2021-07-09T20:17:18+08:00][sql] SELECT * FROM `carver_comment_to_others` [ RunTime:0.000235s ]
[2021-07-09T20:17:18+08:00][sql] SHOW FULL COLUMNS FROM `carver_user` [ RunTime:0.000461s ]
[2021-07-09T20:17:18+08:00][sql] SELECT `user_name` FROM `carver_user` WHERE  `user_id` = 4 LIMIT 1 [ RunTime:0.000244s ]
[2021-07-09T20:17:18+08:00][sql] SELECT `user_name` FROM `carver_user` WHERE  `user_id` = 4 LIMIT 1 [ RunTime:0.000208s ]
[2021-07-09T20:17:18+08:00][sql] SELECT `user_name` FROM `carver_user` WHERE  `user_id` = 5 LIMIT 1 [ RunTime:0.000233s ]
[2021-07-09T20:17:18+08:00][sql] SELECT `user_name` FROM `carver_user` WHERE  `user_id` = 5 LIMIT 1 [ RunTime:0.000218s ]
[2021-07-09T20:17:18+08:00][sql] SELECT `user_name` FROM `carver_user` WHERE  `user_id` = 37 LIMIT 1 [ RunTime:0.000213s ]
[2021-07-09T20:17:18+08:00][sql] SELECT `user_name`,`user_id` FROM `carver_user` [ RunTime:0.000237s ]
[2021-07-09T20:17:18+08:00][sql] SHOW FULL COLUMNS FROM `carver_navigation` [ RunTime:0.000524s ]
[2021-07-09T20:17:18+08:00][sql] SELECT * FROM `carver_navigation` [ RunTime:0.000231s ]
[2021-07-09T20:17:18+08:00][sql] SELECT `article_label` FROM `carver_article` [ RunTime:0.000251s ]
[2021-07-09T20:56:24+08:00][sql] CONNECT:[ UseTime:0.000763s ] mysql:host=127.0.0.1;port=3306;dbname=carver;charset=utf8
[2021-07-09T20:56:24+08:00][sql] SHOW FULL COLUMNS FROM `carver_user` [ RunTime:0.000940s ]
[2021-07-09T20:56:24+08:00][sql] SHOW FULL COLUMNS FROM `carver_article` [ RunTime:0.000804s ]
[2021-07-09T20:56:24+08:00][sql] SELECT COUNT(*) AS think_count FROM `carver_article` WHERE  `delete_time` = 0  AND `is_show` = 1 [ RunTime:0.000406s ]
[2021-07-09T20:56:24+08:00][sql] SELECT `article_id`,`article_title`,`article_desc`,`article_content`,`article_img`,`article_guide`,`article_label`,`click_num`,`is_show`,`add_time`,`article_author`,`is_top_show` FROM `carver_article` WHERE  `delete_time` = 0  AND `is_show` = 1 ORDER BY `article_id` DESC LIMIT 24,6 [ RunTime:0.001157s ]
[2021-07-09T20:56:24+08:00][sql] SELECT article_id,article_title,click_num,FROM_UNIXTIME(add_time,'%Y-%m-%d') as add_time FROM `carver_article` WHERE  `is_show` = 1  AND `delete_time` = 0 ORDER BY `click_num` DESC LIMIT 3 [ RunTime:0.000521s ]
[2021-07-09T20:56:24+08:00][sql] SHOW FULL COLUMNS FROM `carver_notice` [ RunTime:0.000730s ]
[2021-07-09T20:56:24+08:00][sql] SELECT * FROM `carver_notice` ORDER BY `create_time` DESC LIMIT 3 [ RunTime:0.000306s ]
[2021-07-09T20:56:24+08:00][sql] SHOW FULL COLUMNS FROM `carver_navigation` [ RunTime:0.000618s ]
[2021-07-09T20:56:24+08:00][sql] SELECT * FROM `carver_navigation` [ RunTime:0.000239s ]
[2021-07-09T20:56:24+08:00][sql] SHOW FULL COLUMNS FROM `carver_link` [ RunTime:0.000589s ]
[2021-07-09T20:56:24+08:00][sql] SELECT * FROM `carver_link` WHERE  ( is_confirm=2 ) LIMIT 20 [ RunTime:0.000370s ]
[2021-07-09T20:56:24+08:00][sql] SELECT `article_label` FROM `carver_article` [ RunTime:0.000269s ]
[2021-07-09T20:56:24+08:00][sql] SHOW FULL COLUMNS FROM `carver_carouse` [ RunTime:0.000573s ]
[2021-07-09T20:56:24+08:00][sql] SELECT `carouse_img`,`carouse_desc` FROM `carver_carouse` WHERE  `is_show` = 1 ORDER BY `carouse_sort` DESC LIMIT 3 [ RunTime:0.000292s ]
[2021-07-09T20:56:24+08:00][sql] SHOW FULL COLUMNS FROM `carver_site` [ RunTime:0.000576s ]
[2021-07-09T20:56:24+08:00][sql] SELECT * FROM `carver_site` [ RunTime:0.000269s ]
[2021-07-09T21:16:12+08:00][sql] CONNECT:[ UseTime:0.000576s ] mysql:host=127.0.0.1;port=3306;dbname=carver;charset=utf8
[2021-07-09T21:16:12+08:00][sql] SHOW FULL COLUMNS FROM `carver_article` [ RunTime:0.000876s ]
[2021-07-09T21:16:12+08:00][sql] SELECT COUNT(*) AS think_count FROM `carver_article` WHERE  `article_guide` = 7  AND `delete_time` = 0  AND `is_show` = 1 [ RunTime:0.000413s ]
[2021-07-09T21:16:12+08:00][sql] SELECT * FROM `carver_article` WHERE  `article_guide` = 7  AND `delete_time` = 0  AND `is_show` = 1 ORDER BY `add_time` DESC LIMIT 0,6 [ RunTime:0.000416s ]
[2021-07-09T21:16:12+08:00][sql] SELECT article_id,article_title,click_num,FROM_UNIXTIME(add_time,'%Y-%m-%d') as add_time FROM `carver_article` WHERE  `is_show` = 1  AND `delete_time` = 0 ORDER BY `click_num` DESC LIMIT 3 [ RunTime:0.000398s ]
[2021-07-09T21:16:12+08:00][sql] SHOW FULL COLUMNS FROM `carver_notice` [ RunTime:0.000592s ]
[2021-07-09T21:16:12+08:00][sql] SELECT * FROM `carver_notice` ORDER BY `create_time` DESC LIMIT 3 [ RunTime:0.000274s ]
[2021-07-09T21:16:12+08:00][sql] SHOW FULL COLUMNS FROM `carver_navigation` [ RunTime:0.000565s ]
[2021-07-09T21:16:12+08:00][sql] SELECT * FROM `carver_navigation` [ RunTime:0.000234s ]
[2021-07-09T21:16:12+08:00][sql] SELECT `article_label` FROM `carver_article` [ RunTime:0.000249s ]
[2021-07-09T21:16:12+08:00][sql] SHOW FULL COLUMNS FROM `carver_carouse` [ RunTime:0.000526s ]
[2021-07-09T21:16:12+08:00][sql] SELECT `carouse_img`,`carouse_desc` FROM `carver_carouse` WHERE  `is_show` = 1 ORDER BY `carouse_sort` DESC LIMIT 3 [ RunTime:0.000289s ]
[2021-07-09T21:16:12+08:00][sql] SHOW FULL COLUMNS FROM `carver_link` [ RunTime:0.000513s ]
[2021-07-09T21:16:12+08:00][sql] SELECT * FROM `carver_link` WHERE  ( is_confirm=2 ) LIMIT 20 [ RunTime:0.000274s ]
[2021-07-09T21:16:12+08:00][sql] SHOW FULL COLUMNS FROM `carver_site` [ RunTime:0.000550s ]
[2021-07-09T21:16:12+08:00][sql] SELECT * FROM `carver_site` [ RunTime:0.000265s ]
[2021-07-09T22:57:31+08:00][sql] CONNECT:[ UseTime:0.000562s ] mysql:host=127.0.0.1;port=3306;dbname=carver;charset=utf8
[2021-07-09T22:57:31+08:00][sql] SHOW FULL COLUMNS FROM `carver_article` [ RunTime:0.001012s ]
[2021-07-09T22:57:31+08:00][sql] SELECT `article_id`,`article_title`,`article_desc`,`article_content`,`article_img`,`article_guide`,`article_label`,`click_num`,`is_show`,`add_time`,`article_author` FROM `carver_article` WHERE  `article_id` = 28 LIMIT 1 [ RunTime:0.000435s ]
[2021-07-09T22:57:31+08:00][sql] SELECT `article_id`,`article_title`,`article_desc`,`article_content`,`article_img`,`article_guide`,`article_label`,`click_num`,`is_show`,`add_time`,`article_author` FROM `carver_article` WHERE  `article_id` > 28 LIMIT 1 [ RunTime:0.000340s ]
[2021-07-09T22:57:31+08:00][sql] SELECT `article_id`,`article_title`,`article_desc`,`article_content`,`article_img`,`article_guide`,`article_label`,`click_num`,`is_show`,`add_time`,`article_author` FROM `carver_article` WHERE  `article_id` < 28 ORDER BY `article_id` DESC LIMIT 1 [ RunTime:0.000370s ]
[2021-07-09T22:57:31+08:00][sql] SHOW FULL COLUMNS FROM `carver_link` [ RunTime:0.000640s ]
[2021-07-09T22:57:31+08:00][sql] SELECT * FROM `carver_link` WHERE  ( is_confirm=2 ) LIMIT 20 [ RunTime:0.000306s ]
[2021-07-09T22:57:31+08:00][sql] SELECT article_id,article_title,click_num,FROM_UNIXTIME(add_time,'%Y-%m-%d') as add_time FROM `carver_article` ORDER BY `click_num` DESC LIMIT 3 [ RunTime:0.000360s ]
[2021-07-09T22:57:31+08:00][sql] SHOW FULL COLUMNS FROM `carver_comment` [ RunTime:0.000600s ]
[2021-07-09T22:57:31+08:00][sql] SELECT `a`.*,`b`.`user_name` FROM `carver_comment` `a` INNER JOIN `carver_user` `b` ON `a`.`user_id`=`b`.`user_id` WHERE  `article_id` = 28 ORDER BY `create_time` DESC [ RunTime:0.000360s ]
[2021-07-09T22:57:31+08:00][sql] SHOW FULL COLUMNS FROM `carver_comment_to_others` [ RunTime:0.000553s ]
[2021-07-09T22:57:31+08:00][sql] SELECT * FROM `carver_comment_to_others` [ RunTime:0.000273s ]
[2021-07-09T22:57:31+08:00][sql] SHOW FULL COLUMNS FROM `carver_user` [ RunTime:0.000464s ]
[2021-07-09T22:57:31+08:00][sql] SELECT `user_name` FROM `carver_user` WHERE  `user_id` = 4 LIMIT 1 [ RunTime:0.000252s ]
[2021-07-09T22:57:31+08:00][sql] SELECT `user_name` FROM `carver_user` WHERE  `user_id` = 4 LIMIT 1 [ RunTime:0.000251s ]
[2021-07-09T22:57:31+08:00][sql] SELECT `user_name` FROM `carver_user` WHERE  `user_id` = 5 LIMIT 1 [ RunTime:0.000207s ]
[2021-07-09T22:57:31+08:00][sql] SELECT `user_name` FROM `carver_user` WHERE  `user_id` = 5 LIMIT 1 [ RunTime:0.000234s ]
[2021-07-09T22:57:31+08:00][sql] SELECT `user_name` FROM `carver_user` WHERE  `user_id` = 37 LIMIT 1 [ RunTime:0.000224s ]
[2021-07-09T22:57:31+08:00][sql] SELECT `user_name`,`user_id` FROM `carver_user` [ RunTime:0.000397s ]
[2021-07-09T22:57:31+08:00][sql] SHOW FULL COLUMNS FROM `carver_navigation` [ RunTime:0.000627s ]
[2021-07-09T22:57:31+08:00][sql] SELECT * FROM `carver_navigation` [ RunTime:0.000316s ]
[2021-07-09T22:57:31+08:00][sql] SELECT `article_label` FROM `carver_article` [ RunTime:0.000311s ]
[2021-07-09T23:05:50+08:00][sql] CONNECT:[ UseTime:0.000641s ] mysql:host=127.0.0.1;port=3306;dbname=carver;charset=utf8
[2021-07-09T23:05:50+08:00][sql] SHOW FULL COLUMNS FROM `carver_user` [ RunTime:0.000914s ]
[2021-07-09T23:05:50+08:00][sql] SHOW FULL COLUMNS FROM `carver_article` [ RunTime:0.000775s ]
[2021-07-09T23:05:50+08:00][sql] SELECT COUNT(*) AS think_count FROM `carver_article` WHERE  `delete_time` = 0  AND `is_show` = 1 [ RunTime:0.000365s ]
[2021-07-09T23:05:50+08:00][sql] SELECT `article_id`,`article_title`,`article_desc`,`article_content`,`article_img`,`article_guide`,`article_label`,`click_num`,`is_show`,`add_time`,`article_author`,`is_top_show` FROM `carver_article` WHERE  `delete_time` = 0  AND `is_show` = 1 ORDER BY `article_id` DESC LIMIT 6,6 [ RunTime:0.003637s ]
[2021-07-09T23:05:50+08:00][sql] SELECT article_id,article_title,click_num,FROM_UNIXTIME(add_time,'%Y-%m-%d') as add_time FROM `carver_article` WHERE  `is_show` = 1  AND `delete_time` = 0 ORDER BY `click_num` DESC LIMIT 3 [ RunTime:0.000654s ]
[2021-07-09T23:05:50+08:00][sql] SHOW FULL COLUMNS FROM `carver_notice` [ RunTime:0.000715s ]
[2021-07-09T23:05:50+08:00][sql] SELECT * FROM `carver_notice` ORDER BY `create_time` DESC LIMIT 3 [ RunTime:0.000378s ]
[2021-07-09T23:05:50+08:00][sql] SHOW FULL COLUMNS FROM `carver_navigation` [ RunTime:0.000582s ]
[2021-07-09T23:05:50+08:00][sql] SELECT * FROM `carver_navigation` [ RunTime:0.000257s ]
[2021-07-09T23:05:50+08:00][sql] SHOW FULL COLUMNS FROM `carver_link` [ RunTime:0.000561s ]
[2021-07-09T23:05:50+08:00][sql] SELECT * FROM `carver_link` WHERE  ( is_confirm=2 ) LIMIT 20 [ RunTime:0.000365s ]
[2021-07-09T23:05:50+08:00][sql] SELECT `article_label` FROM `carver_article` [ RunTime:0.000257s ]
[2021-07-09T23:05:50+08:00][sql] SHOW FULL COLUMNS FROM `carver_carouse` [ RunTime:0.000592s ]
[2021-07-09T23:05:50+08:00][sql] SELECT `carouse_img`,`carouse_desc` FROM `carver_carouse` WHERE  `is_show` = 1 ORDER BY `carouse_sort` DESC LIMIT 3 [ RunTime:0.000362s ]
[2021-07-09T23:05:50+08:00][sql] SHOW FULL COLUMNS FROM `carver_site` [ RunTime:0.000599s ]
[2021-07-09T23:05:50+08:00][sql] SELECT * FROM `carver_site` [ RunTime:0.000259s ]
[2021-07-09T23:58:48+08:00][sql] CONNECT:[ UseTime:0.000580s ] mysql:host=127.0.0.1;port=3306;dbname=carver;charset=utf8
[2021-07-09T23:58:48+08:00][sql] SHOW FULL COLUMNS FROM `carver_article` [ RunTime:0.000951s ]
[2021-07-09T23:58:48+08:00][sql] SELECT COUNT(*) AS think_count FROM `carver_article` WHERE  `article_label` LIKE '%linux%'  AND `delete_time` = 0  AND `is_show` = 1 [ RunTime:0.000550s ]
[2021-07-09T23:58:48+08:00][sql] SELECT * FROM `carver_article` WHERE  `article_label` LIKE '%linux%'  AND `delete_time` = 0  AND `is_show` = 1 LIMIT 0,6 [ RunTime:0.001259s ]
[2021-07-09T23:58:48+08:00][sql] SELECT article_id,article_title,click_num,FROM_UNIXTIME(add_time,'%Y-%m-%d') as add_time FROM `carver_article` WHERE  `is_show` = 1  AND `delete_time` = 0 ORDER BY `click_num` DESC LIMIT 3 [ RunTime:0.000503s ]
[2021-07-09T23:58:48+08:00][sql] SHOW FULL COLUMNS FROM `carver_notice` [ RunTime:0.000647s ]
[2021-07-09T23:58:48+08:00][sql] SELECT * FROM `carver_notice` ORDER BY `create_time` DESC LIMIT 3 [ RunTime:0.000304s ]
[2021-07-09T23:58:48+08:00][sql] SHOW FULL COLUMNS FROM `carver_navigation` [ RunTime:0.000565s ]
[2021-07-09T23:58:48+08:00][sql] SELECT * FROM `carver_navigation` [ RunTime:0.000260s ]
[2021-07-09T23:58:48+08:00][sql] SHOW FULL COLUMNS FROM `carver_link` [ RunTime:0.000568s ]
[2021-07-09T23:58:48+08:00][sql] SELECT * FROM `carver_link` WHERE  ( is_confirm=2 ) LIMIT 20 [ RunTime:0.000313s ]
[2021-07-09T23:58:48+08:00][sql] SELECT `article_label` FROM `carver_article` [ RunTime:0.000262s ]
[2021-07-09T23:58:48+08:00][sql] SHOW FULL COLUMNS FROM `carver_carouse` [ RunTime:0.000553s ]
[2021-07-09T23:58:48+08:00][sql] SELECT `carouse_img`,`carouse_desc` FROM `carver_carouse` WHERE  `is_show` = 1 ORDER BY `carouse_sort` DESC LIMIT 3 [ RunTime:0.000305s ]
[2021-07-09T23:58:48+08:00][sql] SHOW FULL COLUMNS FROM `carver_site` [ RunTime:0.000518s ]
[2021-07-09T23:58:48+08:00][sql] SELECT * FROM `carver_site` [ RunTime:0.000283s ]
