[2021-07-11T00:03:17+08:00][sql] CONNECT:[ UseTime:0.000491s ] mysql:host=127.0.0.1;port=3306;dbname=carver;charset=utf8
[2021-07-11T00:03:17+08:00][sql] SHOW FULL COLUMNS FROM `carver_user` [ RunTime:0.000988s ]
[2021-07-11T00:03:17+08:00][sql] SHOW FULL COLUMNS FROM `carver_article` [ RunTime:0.000813s ]
[2021-07-11T00:03:17+08:00][sql] SELECT COUNT(*) AS think_count FROM `carver_article` WHERE  `delete_time` = 0  AND `is_show` = 1 [ RunTime:0.000411s ]
[2021-07-11T00:03:17+08:00][sql] SELECT `article_id`,`article_title`,`article_desc`,`article_content`,`article_img`,`article_guide`,`article_label`,`click_num`,`is_show`,`add_time`,`article_author`,`is_top_show` FROM `carver_article` WHERE  `delete_time` = 0  AND `is_show` = 1 ORDER BY `article_id` DESC LIMIT 0,6 [ RunTime:0.000781s ]
[2021-07-11T00:03:17+08:00][sql] SELECT article_id,article_title,click_num,FROM_UNIXTIME(add_time,'%Y-%m-%d') as add_time FROM `carver_article` WHERE  `is_show` = 1  AND `delete_time` = 0 ORDER BY `click_num` DESC LIMIT 3 [ RunTime:0.000509s ]
[2021-07-11T00:03:17+08:00][sql] SHOW FULL COLUMNS FROM `carver_notice` [ RunTime:0.000669s ]
[2021-07-11T00:03:17+08:00][sql] SELECT * FROM `carver_notice` ORDER BY `create_time` DESC LIMIT 3 [ RunTime:0.000266s ]
[2021-07-11T00:03:17+08:00][sql] SHOW FULL COLUMNS FROM `carver_navigation` [ RunTime:0.000550s ]
[2021-07-11T00:03:17+08:00][sql] SELECT * FROM `carver_navigation` [ RunTime:0.000265s ]
[2021-07-11T00:03:17+08:00][sql] SHOW FULL COLUMNS FROM `carver_link` [ RunTime:0.000549s ]
[2021-07-11T00:03:17+08:00][sql] SELECT * FROM `carver_link` WHERE  ( is_confirm=2 ) LIMIT 20 [ RunTime:0.000299s ]
[2021-07-11T00:03:17+08:00][sql] SELECT `article_label` FROM `carver_article` [ RunTime:0.000297s ]
[2021-07-11T00:03:17+08:00][sql] SHOW FULL COLUMNS FROM `carver_carouse` [ RunTime:0.000562s ]
[2021-07-11T00:03:17+08:00][sql] SELECT `carouse_img`,`carouse_desc` FROM `carver_carouse` WHERE  `is_show` = 1 ORDER BY `carouse_sort` DESC LIMIT 3 [ RunTime:0.000302s ]
[2021-07-11T00:03:17+08:00][sql] SHOW FULL COLUMNS FROM `carver_site` [ RunTime:0.000550s ]
[2021-07-11T00:03:17+08:00][sql] SELECT * FROM `carver_site` [ RunTime:0.000262s ]
[2021-07-11T00:03:17+08:00][sql] CONNECT:[ UseTime:0.000552s ] mysql:host=127.0.0.1;port=3306;dbname=carver;charset=utf8
[2021-07-11T00:03:17+08:00][sql] SHOW FULL COLUMNS FROM `carver_user` [ RunTime:0.000927s ]
[2021-07-11T00:03:17+08:00][sql] SHOW FULL COLUMNS FROM `carver_article` [ RunTime:0.000771s ]
[2021-07-11T00:03:17+08:00][sql] SELECT COUNT(*) AS think_count FROM `carver_article` WHERE  `delete_time` = 0  AND `is_show` = 1 [ RunTime:0.000399s ]
[2021-07-11T00:03:17+08:00][sql] SELECT `article_id`,`article_title`,`article_desc`,`article_content`,`article_img`,`article_guide`,`article_label`,`click_num`,`is_show`,`add_time`,`article_author`,`is_top_show` FROM `carver_article` WHERE  `delete_time` = 0  AND `is_show` = 1 ORDER BY `article_id` DESC LIMIT 0,6 [ RunTime:0.000776s ]
[2021-07-11T00:03:17+08:00][sql] SELECT article_id,article_title,click_num,FROM_UNIXTIME(add_time,'%Y-%m-%d') as add_time FROM `carver_article` WHERE  `is_show` = 1  AND `delete_time` = 0 ORDER BY `click_num` DESC LIMIT 3 [ RunTime:0.000563s ]
[2021-07-11T00:03:17+08:00][sql] SHOW FULL COLUMNS FROM `carver_notice` [ RunTime:0.000782s ]
[2021-07-11T00:03:17+08:00][sql] SELECT * FROM `carver_notice` ORDER BY `create_time` DESC LIMIT 3 [ RunTime:0.000304s ]
[2021-07-11T00:03:17+08:00][sql] SHOW FULL COLUMNS FROM `carver_navigation` [ RunTime:0.000604s ]
[2021-07-11T00:03:17+08:00][sql] SELECT * FROM `carver_navigation` [ RunTime:0.000287s ]
[2021-07-11T00:03:17+08:00][sql] SHOW FULL COLUMNS FROM `carver_link` [ RunTime:0.000604s ]
[2021-07-11T00:03:17+08:00][sql] SELECT * FROM `carver_link` WHERE  ( is_confirm=2 ) LIMIT 20 [ RunTime:0.000307s ]
[2021-07-11T00:03:17+08:00][sql] SELECT `article_label` FROM `carver_article` [ RunTime:0.000387s ]
[2021-07-11T00:03:17+08:00][sql] SHOW FULL COLUMNS FROM `carver_carouse` [ RunTime:0.000776s ]
[2021-07-11T00:03:17+08:00][sql] SELECT `carouse_img`,`carouse_desc` FROM `carver_carouse` WHERE  `is_show` = 1 ORDER BY `carouse_sort` DESC LIMIT 3 [ RunTime:0.000301s ]
[2021-07-11T00:03:17+08:00][sql] SHOW FULL COLUMNS FROM `carver_site` [ RunTime:0.000590s ]
[2021-07-11T00:03:17+08:00][sql] SELECT * FROM `carver_site` [ RunTime:0.000242s ]
[2021-07-11T00:03:17+08:00][sql] CONNECT:[ UseTime:0.000556s ] mysql:host=127.0.0.1;port=3306;dbname=carver;charset=utf8
[2021-07-11T00:03:17+08:00][sql] SHOW FULL COLUMNS FROM `carver_user` [ RunTime:0.000861s ]
[2021-07-11T00:03:17+08:00][sql] SHOW FULL COLUMNS FROM `carver_article` [ RunTime:0.000820s ]
[2021-07-11T00:03:17+08:00][sql] SELECT COUNT(*) AS think_count FROM `carver_article` WHERE  `delete_time` = 0  AND `is_show` = 1 [ RunTime:0.000399s ]
[2021-07-11T00:03:17+08:00][sql] SELECT `article_id`,`article_title`,`article_desc`,`article_content`,`article_img`,`article_guide`,`article_label`,`click_num`,`is_show`,`add_time`,`article_author`,`is_top_show` FROM `carver_article` WHERE  `delete_time` = 0  AND `is_show` = 1 ORDER BY `article_id` DESC LIMIT 0,6 [ RunTime:0.000817s ]
[2021-07-11T00:03:17+08:00][sql] SELECT article_id,article_title,click_num,FROM_UNIXTIME(add_time,'%Y-%m-%d') as add_time FROM `carver_article` WHERE  `is_show` = 1  AND `delete_time` = 0 ORDER BY `click_num` DESC LIMIT 3 [ RunTime:0.000574s ]
[2021-07-11T00:03:17+08:00][sql] SHOW FULL COLUMNS FROM `carver_notice` [ RunTime:0.000783s ]
[2021-07-11T00:03:17+08:00][sql] SELECT * FROM `carver_notice` ORDER BY `create_time` DESC LIMIT 3 [ RunTime:0.000323s ]
[2021-07-11T00:03:17+08:00][sql] SHOW FULL COLUMNS FROM `carver_navigation` [ RunTime:0.000610s ]
[2021-07-11T00:03:17+08:00][sql] SELECT * FROM `carver_navigation` [ RunTime:0.000266s ]
[2021-07-11T00:03:17+08:00][sql] SHOW FULL COLUMNS FROM `carver_link` [ RunTime:0.000710s ]
[2021-07-11T00:03:17+08:00][sql] SELECT * FROM `carver_link` WHERE  ( is_confirm=2 ) LIMIT 20 [ RunTime:0.000324s ]
[2021-07-11T00:03:17+08:00][sql] SELECT `article_label` FROM `carver_article` [ RunTime:0.000323s ]
[2021-07-11T00:03:17+08:00][sql] SHOW FULL COLUMNS FROM `carver_carouse` [ RunTime:0.000563s ]
[2021-07-11T00:03:17+08:00][sql] SELECT `carouse_img`,`carouse_desc` FROM `carver_carouse` WHERE  `is_show` = 1 ORDER BY `carouse_sort` DESC LIMIT 3 [ RunTime:0.000340s ]
[2021-07-11T00:03:17+08:00][sql] SHOW FULL COLUMNS FROM `carver_site` [ RunTime:0.000580s ]
[2021-07-11T00:03:17+08:00][sql] SELECT * FROM `carver_site` [ RunTime:0.000285s ]
[2021-07-11T03:18:39+08:00][sql] CONNECT:[ UseTime:0.000618s ] mysql:host=127.0.0.1;port=3306;dbname=carver;charset=utf8
[2021-07-11T03:18:39+08:00][sql] SHOW FULL COLUMNS FROM `carver_article` [ RunTime:0.001132s ]
[2021-07-11T03:18:39+08:00][sql] SELECT `article_id`,`article_title`,`article_desc`,`article_content`,`article_img`,`article_guide`,`article_label`,`click_num`,`is_show`,`add_time`,`article_author` FROM `carver_article` WHERE  `article_id` = 25' LIMIT 1 [ RunTime:0.000457s ]
[2021-07-11T03:18:39+08:00][sql] SELECT `article_id`,`article_title`,`article_desc`,`article_content`,`article_img`,`article_guide`,`article_label`,`click_num`,`is_show`,`add_time`,`article_author` FROM `carver_article` WHERE  `article_id` > 25' LIMIT 1 [ RunTime:0.000540s ]
[2021-07-11T03:18:39+08:00][sql] SELECT `article_id`,`article_title`,`article_desc`,`article_content`,`article_img`,`article_guide`,`article_label`,`click_num`,`is_show`,`add_time`,`article_author` FROM `carver_article` WHERE  `article_id` < 25' ORDER BY `article_id` DESC LIMIT 1 [ RunTime:0.000459s ]
[2021-07-11T03:18:39+08:00][sql] SHOW FULL COLUMNS FROM `carver_link` [ RunTime:0.000701s ]
[2021-07-11T03:18:39+08:00][sql] SELECT * FROM `carver_link` WHERE  ( is_confirm=2 ) LIMIT 20 [ RunTime:0.000324s ]
[2021-07-11T03:18:39+08:00][sql] SELECT article_id,article_title,click_num,FROM_UNIXTIME(add_time,'%Y-%m-%d') as add_time FROM `carver_article` ORDER BY `click_num` DESC LIMIT 3 [ RunTime:0.000370s ]
[2021-07-11T03:18:39+08:00][sql] SHOW FULL COLUMNS FROM `carver_comment` [ RunTime:0.000610s ]
[2021-07-11T03:18:39+08:00][sql] SELECT `a`.*,`b`.`user_name` FROM `carver_comment` `a` INNER JOIN `carver_user` `b` ON `a`.`user_id`=`b`.`user_id` WHERE  `article_id` = 25' ORDER BY `create_time` DESC [ RunTime:0.000361s ]
[2021-07-11T03:18:39+08:00][sql] SHOW FULL COLUMNS FROM `carver_comment_to_others` [ RunTime:0.000633s ]
[2021-07-11T03:18:39+08:00][sql] SELECT * FROM `carver_comment_to_others` [ RunTime:0.000270s ]
[2021-07-11T03:18:39+08:00][sql] SHOW FULL COLUMNS FROM `carver_user` [ RunTime:0.000480s ]
[2021-07-11T03:18:39+08:00][sql] SELECT `user_name` FROM `carver_user` WHERE  `user_id` = 4 LIMIT 1 [ RunTime:0.000236s ]
[2021-07-11T03:18:39+08:00][sql] SELECT `user_name` FROM `carver_user` WHERE  `user_id` = 4 LIMIT 1 [ RunTime:0.000231s ]
[2021-07-11T03:18:39+08:00][sql] SELECT `user_name` FROM `carver_user` WHERE  `user_id` = 5 LIMIT 1 [ RunTime:0.000221s ]
[2021-07-11T03:18:39+08:00][sql] SELECT `user_name` FROM `carver_user` WHERE  `user_id` = 5 LIMIT 1 [ RunTime:0.000222s ]
[2021-07-11T03:18:39+08:00][sql] SELECT `user_name` FROM `carver_user` WHERE  `user_id` = 37 LIMIT 1 [ RunTime:0.000250s ]
[2021-07-11T03:18:39+08:00][sql] SELECT `user_name`,`user_id` FROM `carver_user` [ RunTime:0.000265s ]
[2021-07-11T03:18:39+08:00][sql] SHOW FULL COLUMNS FROM `carver_navigation` [ RunTime:0.000621s ]
[2021-07-11T03:18:39+08:00][sql] SELECT * FROM `carver_navigation` [ RunTime:0.000278s ]
[2021-07-11T03:18:39+08:00][sql] SELECT `article_label` FROM `carver_article` [ RunTime:0.000253s ]
[2021-07-11T04:27:11+08:00][sql] CONNECT:[ UseTime:0.000562s ] mysql:host=127.0.0.1;port=3306;dbname=carver;charset=utf8
[2021-07-11T04:27:11+08:00][sql] SHOW FULL COLUMNS FROM `carver_article` [ RunTime:0.000914s ]
[2021-07-11T04:27:11+08:00][sql] SELECT COUNT(*) AS think_count FROM `carver_article` WHERE  `article_label` LIKE '%js%'  AND `delete_time` = 0  AND `is_show` = 1 [ RunTime:0.000416s ]
[2021-07-11T04:27:11+08:00][sql] SELECT * FROM `carver_article` WHERE  `article_label` LIKE '%js%'  AND `delete_time` = 0  AND `is_show` = 1 LIMIT 0,6 [ RunTime:0.000990s ]
[2021-07-11T04:27:11+08:00][sql] SELECT article_id,article_title,click_num,FROM_UNIXTIME(add_time,'%Y-%m-%d') as add_time FROM `carver_article` WHERE  `is_show` = 1  AND `delete_time` = 0 ORDER BY `click_num` DESC LIMIT 3 [ RunTime:0.000553s ]
[2021-07-11T04:27:11+08:00][sql] SHOW FULL COLUMNS FROM `carver_notice` [ RunTime:0.000697s ]
[2021-07-11T04:27:11+08:00][sql] SELECT * FROM `carver_notice` ORDER BY `create_time` DESC LIMIT 3 [ RunTime:0.000327s ]
[2021-07-11T04:27:11+08:00][sql] SHOW FULL COLUMNS FROM `carver_navigation` [ RunTime:0.000667s ]
[2021-07-11T04:27:11+08:00][sql] SELECT * FROM `carver_navigation` [ RunTime:0.000297s ]
[2021-07-11T04:27:11+08:00][sql] SHOW FULL COLUMNS FROM `carver_link` [ RunTime:0.000682s ]
[2021-07-11T04:27:11+08:00][sql] SELECT * FROM `carver_link` WHERE  ( is_confirm=2 ) LIMIT 20 [ RunTime:0.000349s ]
[2021-07-11T04:27:11+08:00][sql] SELECT `article_label` FROM `carver_article` [ RunTime:0.000324s ]
[2021-07-11T04:27:11+08:00][sql] SHOW FULL COLUMNS FROM `carver_carouse` [ RunTime:0.000599s ]
[2021-07-11T04:27:11+08:00][sql] SELECT `carouse_img`,`carouse_desc` FROM `carver_carouse` WHERE  `is_show` = 1 ORDER BY `carouse_sort` DESC LIMIT 3 [ RunTime:0.000314s ]
[2021-07-11T04:27:11+08:00][sql] SHOW FULL COLUMNS FROM `carver_site` [ RunTime:0.000578s ]
[2021-07-11T04:27:11+08:00][sql] SELECT * FROM `carver_site` [ RunTime:0.000344s ]
[2021-07-11T05:41:08+08:00][sql] CONNECT:[ UseTime:0.000729s ] mysql:host=127.0.0.1;port=3306;dbname=carver;charset=utf8
[2021-07-11T05:41:08+08:00][sql] SHOW FULL COLUMNS FROM `carver_user` [ RunTime:0.000885s ]
[2021-07-11T05:41:08+08:00][sql] SHOW FULL COLUMNS FROM `carver_article` [ RunTime:0.000833s ]
[2021-07-11T05:41:08+08:00][sql] SELECT COUNT(*) AS think_count FROM `carver_article` WHERE  `delete_time` = 0  AND `is_show` = 1 [ RunTime:0.000438s ]
[2021-07-11T05:41:08+08:00][sql] SELECT `article_id`,`article_title`,`article_desc`,`article_content`,`article_img`,`article_guide`,`article_label`,`click_num`,`is_show`,`add_time`,`article_author`,`is_top_show` FROM `carver_article` WHERE  `delete_time` = 0  AND `is_show` = 1 ORDER BY `article_id` DESC LIMIT 0,6 [ RunTime:0.001065s ]
[2021-07-11T05:41:08+08:00][sql] SELECT article_id,article_title,click_num,FROM_UNIXTIME(add_time,'%Y-%m-%d') as add_time FROM `carver_article` WHERE  `is_show` = 1  AND `delete_time` = 0 ORDER BY `click_num` DESC LIMIT 3 [ RunTime:0.000540s ]
[2021-07-11T05:41:08+08:00][sql] SHOW FULL COLUMNS FROM `carver_notice` [ RunTime:0.000677s ]
[2021-07-11T05:41:08+08:00][sql] SELECT * FROM `carver_notice` ORDER BY `create_time` DESC LIMIT 3 [ RunTime:0.000318s ]
[2021-07-11T05:41:08+08:00][sql] SHOW FULL COLUMNS FROM `carver_navigation` [ RunTime:0.000658s ]
[2021-07-11T05:41:08+08:00][sql] SELECT * FROM `carver_navigation` [ RunTime:0.000260s ]
[2021-07-11T05:41:08+08:00][sql] SHOW FULL COLUMNS FROM `carver_link` [ RunTime:0.000567s ]
[2021-07-11T05:41:08+08:00][sql] SELECT * FROM `carver_link` WHERE  ( is_confirm=2 ) LIMIT 20 [ RunTime:0.000319s ]
[2021-07-11T05:41:08+08:00][sql] SELECT `article_label` FROM `carver_article` [ RunTime:0.000299s ]
[2021-07-11T05:41:08+08:00][sql] SHOW FULL COLUMNS FROM `carver_carouse` [ RunTime:0.000684s ]
[2021-07-11T05:41:08+08:00][sql] SELECT `carouse_img`,`carouse_desc` FROM `carver_carouse` WHERE  `is_show` = 1 ORDER BY `carouse_sort` DESC LIMIT 3 [ RunTime:0.000341s ]
[2021-07-11T05:41:08+08:00][sql] SHOW FULL COLUMNS FROM `carver_site` [ RunTime:0.000597s ]
[2021-07-11T05:41:08+08:00][sql] SELECT * FROM `carver_site` [ RunTime:0.000288s ]
[2021-07-11T08:16:56+08:00][sql] CONNECT:[ UseTime:0.000586s ] mysql:host=127.0.0.1;port=3306;dbname=carver;charset=utf8
[2021-07-11T08:16:56+08:00][sql] SHOW FULL COLUMNS FROM `carver_article` [ RunTime:0.000962s ]
[2021-07-11T08:16:56+08:00][sql] SELECT `article_id`,`article_title`,`article_desc`,`article_content`,`article_img`,`article_guide`,`article_label`,`click_num`,`is_show`,`add_time`,`article_author` FROM `carver_article` WHERE  `article_id` = 14 LIMIT 1 [ RunTime:0.000440s ]
[2021-07-11T08:16:56+08:00][sql] SELECT `article_id`,`article_title`,`article_desc`,`article_content`,`article_img`,`article_guide`,`article_label`,`click_num`,`is_show`,`add_time`,`article_author` FROM `carver_article` WHERE  `article_id` > 14 LIMIT 1 [ RunTime:0.001454s ]
[2021-07-11T08:16:56+08:00][sql] SELECT `article_id`,`article_title`,`article_desc`,`article_content`,`article_img`,`article_guide`,`article_label`,`click_num`,`is_show`,`add_time`,`article_author` FROM `carver_article` WHERE  `article_id` < 14 ORDER BY `article_id` DESC LIMIT 1 [ RunTime:0.000406s ]
[2021-07-11T08:16:56+08:00][sql] SHOW FULL COLUMNS FROM `carver_link` [ RunTime:0.000700s ]
[2021-07-11T08:16:56+08:00][sql] SELECT * FROM `carver_link` WHERE  ( is_confirm=2 ) LIMIT 20 [ RunTime:0.000308s ]
[2021-07-11T08:16:56+08:00][sql] SELECT article_id,article_title,click_num,FROM_UNIXTIME(add_time,'%Y-%m-%d') as add_time FROM `carver_article` ORDER BY `click_num` DESC LIMIT 3 [ RunTime:0.000346s ]
[2021-07-11T08:16:56+08:00][sql] SHOW FULL COLUMNS FROM `carver_comment` [ RunTime:0.000642s ]
[2021-07-11T08:16:56+08:00][sql] SELECT `a`.*,`b`.`user_name` FROM `carver_comment` `a` INNER JOIN `carver_user` `b` ON `a`.`user_id`=`b`.`user_id` WHERE  `article_id` = 14 ORDER BY `create_time` DESC [ RunTime:0.000410s ]
[2021-07-11T08:16:56+08:00][sql] SHOW FULL COLUMNS FROM `carver_comment_to_others` [ RunTime:0.000561s ]
[2021-07-11T08:16:56+08:00][sql] SELECT * FROM `carver_comment_to_others` [ RunTime:0.000243s ]
[2021-07-11T08:16:56+08:00][sql] SHOW FULL COLUMNS FROM `carver_user` [ RunTime:0.000461s ]
[2021-07-11T08:16:56+08:00][sql] SELECT `user_name` FROM `carver_user` WHERE  `user_id` = 4 LIMIT 1 [ RunTime:0.000257s ]
[2021-07-11T08:16:56+08:00][sql] SELECT `user_name` FROM `carver_user` WHERE  `user_id` = 4 LIMIT 1 [ RunTime:0.000210s ]
[2021-07-11T08:16:56+08:00][sql] SELECT `user_name` FROM `carver_user` WHERE  `user_id` = 5 LIMIT 1 [ RunTime:0.000220s ]
[2021-07-11T08:16:56+08:00][sql] SELECT `user_name` FROM `carver_user` WHERE  `user_id` = 5 LIMIT 1 [ RunTime:0.000229s ]
[2021-07-11T08:16:56+08:00][sql] SELECT `user_name` FROM `carver_user` WHERE  `user_id` = 37 LIMIT 1 [ RunTime:0.000212s ]
[2021-07-11T08:16:56+08:00][sql] SELECT `user_name`,`user_id` FROM `carver_user` [ RunTime:0.000301s ]
[2021-07-11T08:16:56+08:00][sql] SHOW FULL COLUMNS FROM `carver_navigation` [ RunTime:0.000608s ]
[2021-07-11T08:16:56+08:00][sql] SELECT * FROM `carver_navigation` [ RunTime:0.000249s ]
[2021-07-11T08:16:56+08:00][sql] SELECT `article_label` FROM `carver_article` [ RunTime:0.000300s ]
[2021-07-11T09:55:57+08:00][sql] CONNECT:[ UseTime:0.000518s ] mysql:host=127.0.0.1;port=3306;dbname=carver;charset=utf8
[2021-07-11T09:55:57+08:00][sql] SHOW FULL COLUMNS FROM `carver_user` [ RunTime:0.000909s ]
[2021-07-11T09:55:57+08:00][sql] SHOW FULL COLUMNS FROM `carver_article` [ RunTime:0.000777s ]
[2021-07-11T09:55:57+08:00][sql] SELECT COUNT(*) AS think_count FROM `carver_article` WHERE  `delete_time` = 0  AND `is_show` = 1 [ RunTime:0.000400s ]
[2021-07-11T09:55:57+08:00][sql] SELECT `article_id`,`article_title`,`article_desc`,`article_content`,`article_img`,`article_guide`,`article_label`,`click_num`,`is_show`,`add_time`,`article_author`,`is_top_show` FROM `carver_article` WHERE  `delete_time` = 0  AND `is_show` = 1 ORDER BY `article_id` DESC LIMIT 0,6 [ RunTime:0.000786s ]
[2021-07-11T09:55:57+08:00][sql] SELECT article_id,article_title,click_num,FROM_UNIXTIME(add_time,'%Y-%m-%d') as add_time FROM `carver_article` WHERE  `is_show` = 1  AND `delete_time` = 0 ORDER BY `click_num` DESC LIMIT 3 [ RunTime:0.001029s ]
[2021-07-11T09:55:57+08:00][sql] SHOW FULL COLUMNS FROM `carver_notice` [ RunTime:0.000715s ]
[2021-07-11T09:55:57+08:00][sql] SELECT * FROM `carver_notice` ORDER BY `create_time` DESC LIMIT 3 [ RunTime:0.000317s ]
[2021-07-11T09:55:57+08:00][sql] SHOW FULL COLUMNS FROM `carver_navigation` [ RunTime:0.000568s ]
[2021-07-11T09:55:57+08:00][sql] SELECT * FROM `carver_navigation` [ RunTime:0.000250s ]
[2021-07-11T09:55:57+08:00][sql] SHOW FULL COLUMNS FROM `carver_link` [ RunTime:0.000512s ]
[2021-07-11T09:55:57+08:00][sql] SELECT * FROM `carver_link` WHERE  ( is_confirm=2 ) LIMIT 20 [ RunTime:0.000316s ]
[2021-07-11T09:55:57+08:00][sql] SELECT `article_label` FROM `carver_article` [ RunTime:0.000365s ]
[2021-07-11T09:55:57+08:00][sql] SHOW FULL COLUMNS FROM `carver_carouse` [ RunTime:0.000545s ]
[2021-07-11T09:55:57+08:00][sql] SELECT `carouse_img`,`carouse_desc` FROM `carver_carouse` WHERE  `is_show` = 1 ORDER BY `carouse_sort` DESC LIMIT 3 [ RunTime:0.000302s ]
[2021-07-11T09:55:57+08:00][sql] SHOW FULL COLUMNS FROM `carver_site` [ RunTime:0.000553s ]
[2021-07-11T09:55:57+08:00][sql] SELECT * FROM `carver_site` [ RunTime:0.000255s ]
[2021-07-11T10:14:19+08:00][sql] CONNECT:[ UseTime:0.000685s ] mysql:host=127.0.0.1;port=3306;dbname=carver;charset=utf8
[2021-07-11T10:14:19+08:00][sql] SHOW FULL COLUMNS FROM `carver_user` [ RunTime:0.001048s ]
[2021-07-11T10:14:19+08:00][sql] SHOW FULL COLUMNS FROM `carver_article` [ RunTime:0.001090s ]
[2021-07-11T10:14:19+08:00][sql] SELECT COUNT(*) AS think_count FROM `carver_article` WHERE  `delete_time` = 0  AND `is_show` = 1 [ RunTime:0.000521s ]
[2021-07-11T10:14:19+08:00][sql] SELECT `article_id`,`article_title`,`article_desc`,`article_content`,`article_img`,`article_guide`,`article_label`,`click_num`,`is_show`,`add_time`,`article_author`,`is_top_show` FROM `carver_article` WHERE  `delete_time` = 0  AND `is_show` = 1 ORDER BY `article_id` DESC LIMIT 6,6 [ RunTime:0.004167s ]
[2021-07-11T10:14:19+08:00][sql] SELECT article_id,article_title,click_num,FROM_UNIXTIME(add_time,'%Y-%m-%d') as add_time FROM `carver_article` WHERE  `is_show` = 1  AND `delete_time` = 0 ORDER BY `click_num` DESC LIMIT 3 [ RunTime:0.000702s ]
[2021-07-11T10:14:19+08:00][sql] SHOW FULL COLUMNS FROM `carver_notice` [ RunTime:0.000790s ]
[2021-07-11T10:14:19+08:00][sql] SELECT * FROM `carver_notice` ORDER BY `create_time` DESC LIMIT 3 [ RunTime:0.000325s ]
[2021-07-11T10:14:19+08:00][sql] SHOW FULL COLUMNS FROM `carver_navigation` [ RunTime:0.000694s ]
[2021-07-11T10:14:19+08:00][sql] SELECT * FROM `carver_navigation` [ RunTime:0.000299s ]
[2021-07-11T10:14:19+08:00][sql] SHOW FULL COLUMNS FROM `carver_link` [ RunTime:0.000746s ]
[2021-07-11T10:14:19+08:00][sql] SELECT * FROM `carver_link` WHERE  ( is_confirm=2 ) LIMIT 20 [ RunTime:0.000376s ]
[2021-07-11T10:14:19+08:00][sql] SELECT `article_label` FROM `carver_article` [ RunTime:0.000369s ]
[2021-07-11T10:14:19+08:00][sql] SHOW FULL COLUMNS FROM `carver_carouse` [ RunTime:0.000613s ]
[2021-07-11T10:14:19+08:00][sql] SELECT `carouse_img`,`carouse_desc` FROM `carver_carouse` WHERE  `is_show` = 1 ORDER BY `carouse_sort` DESC LIMIT 3 [ RunTime:0.000303s ]
[2021-07-11T10:14:19+08:00][sql] SHOW FULL COLUMNS FROM `carver_site` [ RunTime:0.000554s ]
[2021-07-11T10:14:19+08:00][sql] SELECT * FROM `carver_site` [ RunTime:0.000255s ]
[2021-07-11T11:38:11+08:00][sql] CONNECT:[ UseTime:0.000512s ] mysql:host=127.0.0.1;port=3306;dbname=carver;charset=utf8
[2021-07-11T11:38:11+08:00][sql] SHOW FULL COLUMNS FROM `carver_user` [ RunTime:0.000866s ]
[2021-07-11T11:38:11+08:00][sql] SHOW FULL COLUMNS FROM `carver_article` [ RunTime:0.000700s ]
[2021-07-11T11:38:11+08:00][sql] SELECT COUNT(*) AS think_count FROM `carver_article` WHERE  `delete_time` = 0  AND `is_show` = 1 [ RunTime:0.000427s ]
[2021-07-11T11:38:11+08:00][sql] SELECT `article_id`,`article_title`,`article_desc`,`article_content`,`article_img`,`article_guide`,`article_label`,`click_num`,`is_show`,`add_time`,`article_author`,`is_top_show` FROM `carver_article` WHERE  `delete_time` = 0  AND `is_show` = 1 ORDER BY `article_id` DESC LIMIT 0,6 [ RunTime:0.000779s ]
[2021-07-11T11:38:11+08:00][sql] SELECT article_id,article_title,click_num,FROM_UNIXTIME(add_time,'%Y-%m-%d') as add_time FROM `carver_article` WHERE  `is_show` = 1  AND `delete_time` = 0 ORDER BY `click_num` DESC LIMIT 3 [ RunTime:0.000637s ]
[2021-07-11T11:38:11+08:00][sql] SHOW FULL COLUMNS FROM `carver_notice` [ RunTime:0.000564s ]
[2021-07-11T11:38:11+08:00][sql] SELECT * FROM `carver_notice` ORDER BY `create_time` DESC LIMIT 3 [ RunTime:0.000272s ]
[2021-07-11T11:38:11+08:00][sql] SHOW FULL COLUMNS FROM `carver_navigation` [ RunTime:0.000531s ]
[2021-07-11T11:38:11+08:00][sql] SELECT * FROM `carver_navigation` [ RunTime:0.000266s ]
[2021-07-11T11:38:11+08:00][sql] SHOW FULL COLUMNS FROM `carver_link` [ RunTime:0.000602s ]
[2021-07-11T11:38:11+08:00][sql] SELECT * FROM `carver_link` WHERE  ( is_confirm=2 ) LIMIT 20 [ RunTime:0.000293s ]
[2021-07-11T11:38:11+08:00][sql] SELECT `article_label` FROM `carver_article` [ RunTime:0.000311s ]
[2021-07-11T11:38:11+08:00][sql] SHOW FULL COLUMNS FROM `carver_carouse` [ RunTime:0.000472s ]
[2021-07-11T11:38:11+08:00][sql] SELECT `carouse_img`,`carouse_desc` FROM `carver_carouse` WHERE  `is_show` = 1 ORDER BY `carouse_sort` DESC LIMIT 3 [ RunTime:0.000275s ]
[2021-07-11T11:38:11+08:00][sql] SHOW FULL COLUMNS FROM `carver_site` [ RunTime:0.000462s ]
[2021-07-11T11:38:11+08:00][sql] SELECT * FROM `carver_site` [ RunTime:0.000217s ]
[2021-07-11T11:40:09+08:00][sql] CONNECT:[ UseTime:0.000755s ] mysql:host=127.0.0.1;port=3306;dbname=carver;charset=utf8
[2021-07-11T11:40:09+08:00][sql] SHOW FULL COLUMNS FROM `carver_article` [ RunTime:0.001006s ]
[2021-07-11T11:40:09+08:00][sql] SELECT `article_id`,`article_title`,`article_desc`,`article_content`,`article_img`,`article_guide`,`article_label`,`click_num`,`is_show`,`add_time`,`article_author` FROM `carver_article` WHERE  `article_id` = 3 LIMIT 1 [ RunTime:0.000782s ]
[2021-07-11T11:40:09+08:00][sql] SELECT `article_id`,`article_title`,`article_desc`,`article_content`,`article_img`,`article_guide`,`article_label`,`click_num`,`is_show`,`add_time`,`article_author` FROM `carver_article` WHERE  `article_id` > 3 LIMIT 1 [ RunTime:0.000488s ]
[2021-07-11T11:40:09+08:00][sql] SELECT `article_id`,`article_title`,`article_desc`,`article_content`,`article_img`,`article_guide`,`article_label`,`click_num`,`is_show`,`add_time`,`article_author` FROM `carver_article` WHERE  `article_id` < 3 ORDER BY `article_id` DESC LIMIT 1 [ RunTime:0.000434s ]
[2021-07-11T11:40:09+08:00][sql] SHOW FULL COLUMNS FROM `carver_link` [ RunTime:0.000728s ]
[2021-07-11T11:40:09+08:00][sql] SELECT * FROM `carver_link` WHERE  ( is_confirm=2 ) LIMIT 20 [ RunTime:0.000352s ]
[2021-07-11T11:40:09+08:00][sql] SELECT article_id,article_title,click_num,FROM_UNIXTIME(add_time,'%Y-%m-%d') as add_time FROM `carver_article` ORDER BY `click_num` DESC LIMIT 3 [ RunTime:0.000412s ]
[2021-07-11T11:40:09+08:00][sql] SHOW FULL COLUMNS FROM `carver_comment` [ RunTime:0.000743s ]
[2021-07-11T11:40:09+08:00][sql] SELECT `a`.*,`b`.`user_name` FROM `carver_comment` `a` INNER JOIN `carver_user` `b` ON `a`.`user_id`=`b`.`user_id` WHERE  `article_id` = 3 ORDER BY `create_time` DESC [ RunTime:0.000428s ]
[2021-07-11T11:40:09+08:00][sql] SHOW FULL COLUMNS FROM `carver_comment_to_others` [ RunTime:0.000758s ]
[2021-07-11T11:40:09+08:00][sql] SELECT * FROM `carver_comment_to_others` [ RunTime:0.000262s ]
[2021-07-11T11:40:09+08:00][sql] SHOW FULL COLUMNS FROM `carver_user` [ RunTime:0.000504s ]
[2021-07-11T11:40:09+08:00][sql] SELECT `user_name` FROM `carver_user` WHERE  `user_id` = 4 LIMIT 1 [ RunTime:0.000260s ]
[2021-07-11T11:40:09+08:00][sql] SELECT `user_name` FROM `carver_user` WHERE  `user_id` = 4 LIMIT 1 [ RunTime:0.000263s ]
[2021-07-11T11:40:09+08:00][sql] SELECT `user_name` FROM `carver_user` WHERE  `user_id` = 5 LIMIT 1 [ RunTime:0.000251s ]
[2021-07-11T11:40:09+08:00][sql] SELECT `user_name` FROM `carver_user` WHERE  `user_id` = 5 LIMIT 1 [ RunTime:0.000219s ]
[2021-07-11T11:40:09+08:00][sql] SELECT `user_name` FROM `carver_user` WHERE  `user_id` = 37 LIMIT 1 [ RunTime:0.000261s ]
[2021-07-11T11:40:09+08:00][sql] SELECT `user_name`,`user_id` FROM `carver_user` [ RunTime:0.000297s ]
[2021-07-11T11:40:09+08:00][sql] SHOW FULL COLUMNS FROM `carver_navigation` [ RunTime:0.000686s ]
[2021-07-11T11:40:09+08:00][sql] SELECT * FROM `carver_navigation` [ RunTime:0.000275s ]
[2021-07-11T11:40:09+08:00][sql] SELECT `article_label` FROM `carver_article` [ RunTime:0.000270s ]
[2021-07-11T11:59:08+08:00][sql] CONNECT:[ UseTime:0.001051s ] mysql:host=127.0.0.1;port=3306;dbname=carver;charset=utf8
[2021-07-11T11:59:08+08:00][sql] SHOW FULL COLUMNS FROM `carver_user` [ RunTime:0.000862s ]
[2021-07-11T11:59:08+08:00][sql] SHOW FULL COLUMNS FROM `carver_article` [ RunTime:0.000717s ]
[2021-07-11T11:59:08+08:00][sql] SELECT COUNT(*) AS think_count FROM `carver_article` WHERE  `delete_time` = 0  AND `is_show` = 1 [ RunTime:0.000391s ]
[2021-07-11T11:59:08+08:00][sql] SELECT `article_id`,`article_title`,`article_desc`,`article_content`,`article_img`,`article_guide`,`article_label`,`click_num`,`is_show`,`add_time`,`article_author`,`is_top_show` FROM `carver_article` WHERE  `delete_time` = 0  AND `is_show` = 1 ORDER BY `article_id` DESC LIMIT 24,6 [ RunTime:0.001123s ]
[2021-07-11T11:59:08+08:00][sql] SELECT article_id,article_title,click_num,FROM_UNIXTIME(add_time,'%Y-%m-%d') as add_time FROM `carver_article` WHERE  `is_show` = 1  AND `delete_time` = 0 ORDER BY `click_num` DESC LIMIT 3 [ RunTime:0.000414s ]
[2021-07-11T11:59:08+08:00][sql] SHOW FULL COLUMNS FROM `carver_notice` [ RunTime:0.000559s ]
[2021-07-11T11:59:08+08:00][sql] SELECT * FROM `carver_notice` ORDER BY `create_time` DESC LIMIT 3 [ RunTime:0.000258s ]
[2021-07-11T11:59:08+08:00][sql] SHOW FULL COLUMNS FROM `carver_navigation` [ RunTime:0.000522s ]
[2021-07-11T11:59:08+08:00][sql] SELECT * FROM `carver_navigation` [ RunTime:0.000241s ]
[2021-07-11T11:59:08+08:00][sql] SHOW FULL COLUMNS FROM `carver_link` [ RunTime:0.000503s ]
[2021-07-11T11:59:08+08:00][sql] SELECT * FROM `carver_link` WHERE  ( is_confirm=2 ) LIMIT 20 [ RunTime:0.000277s ]
[2021-07-11T11:59:08+08:00][sql] SELECT `article_label` FROM `carver_article` [ RunTime:0.000282s ]
[2021-07-11T11:59:08+08:00][sql] SHOW FULL COLUMNS FROM `carver_carouse` [ RunTime:0.000484s ]
[2021-07-11T11:59:08+08:00][sql] SELECT `carouse_img`,`carouse_desc` FROM `carver_carouse` WHERE  `is_show` = 1 ORDER BY `carouse_sort` DESC LIMIT 3 [ RunTime:0.000283s ]
[2021-07-11T11:59:08+08:00][sql] SHOW FULL COLUMNS FROM `carver_site` [ RunTime:0.000482s ]
[2021-07-11T11:59:08+08:00][sql] SELECT * FROM `carver_site` [ RunTime:0.000272s ]
[2021-07-11T12:47:19+08:00][sql] CONNECT:[ UseTime:0.000566s ] mysql:host=127.0.0.1;port=3306;dbname=carver;charset=utf8
[2021-07-11T12:47:19+08:00][sql] SHOW FULL COLUMNS FROM `carver_article` [ RunTime:0.000903s ]
[2021-07-11T12:47:19+08:00][sql] SELECT `article_id`,`article_title`,`article_desc`,`article_content`,`article_img`,`article_guide`,`article_label`,`click_num`,`is_show`,`add_time`,`article_author` FROM `carver_article` WHERE  `article_id` = 14 LIMIT 1 [ RunTime:0.000418s ]
[2021-07-11T12:47:19+08:00][sql] SELECT `article_id`,`article_title`,`article_desc`,`article_content`,`article_img`,`article_guide`,`article_label`,`click_num`,`is_show`,`add_time`,`article_author` FROM `carver_article` WHERE  `article_id` > 14 LIMIT 1 [ RunTime:0.001495s ]
[2021-07-11T12:47:19+08:00][sql] SELECT `article_id`,`article_title`,`article_desc`,`article_content`,`article_img`,`article_guide`,`article_label`,`click_num`,`is_show`,`add_time`,`article_author` FROM `carver_article` WHERE  `article_id` < 14 ORDER BY `article_id` DESC LIMIT 1 [ RunTime:0.000383s ]
[2021-07-11T12:47:19+08:00][sql] SHOW FULL COLUMNS FROM `carver_link` [ RunTime:0.000610s ]
[2021-07-11T12:47:19+08:00][sql] SELECT * FROM `carver_link` WHERE  ( is_confirm=2 ) LIMIT 20 [ RunTime:0.000303s ]
[2021-07-11T12:47:19+08:00][sql] SELECT article_id,article_title,click_num,FROM_UNIXTIME(add_time,'%Y-%m-%d') as add_time FROM `carver_article` ORDER BY `click_num` DESC LIMIT 3 [ RunTime:0.000332s ]
[2021-07-11T12:47:19+08:00][sql] SHOW FULL COLUMNS FROM `carver_comment` [ RunTime:0.000587s ]
[2021-07-11T12:47:19+08:00][sql] SELECT `a`.*,`b`.`user_name` FROM `carver_comment` `a` INNER JOIN `carver_user` `b` ON `a`.`user_id`=`b`.`user_id` WHERE  `article_id` = 14 ORDER BY `create_time` DESC [ RunTime:0.000371s ]
[2021-07-11T12:47:19+08:00][sql] SHOW FULL COLUMNS FROM `carver_comment_to_others` [ RunTime:0.000590s ]
[2021-07-11T12:47:19+08:00][sql] SELECT * FROM `carver_comment_to_others` [ RunTime:0.000247s ]
[2021-07-11T12:47:19+08:00][sql] SHOW FULL COLUMNS FROM `carver_user` [ RunTime:0.000442s ]
[2021-07-11T12:47:19+08:00][sql] SELECT `user_name` FROM `carver_user` WHERE  `user_id` = 4 LIMIT 1 [ RunTime:0.000234s ]
[2021-07-11T12:47:19+08:00][sql] SELECT `user_name` FROM `carver_user` WHERE  `user_id` = 4 LIMIT 1 [ RunTime:0.000210s ]
[2021-07-11T12:47:19+08:00][sql] SELECT `user_name` FROM `carver_user` WHERE  `user_id` = 5 LIMIT 1 [ RunTime:0.000222s ]
[2021-07-11T12:47:19+08:00][sql] SELECT `user_name` FROM `carver_user` WHERE  `user_id` = 5 LIMIT 1 [ RunTime:0.000213s ]
[2021-07-11T12:47:19+08:00][sql] SELECT `user_name` FROM `carver_user` WHERE  `user_id` = 37 LIMIT 1 [ RunTime:0.000217s ]
[2021-07-11T12:47:19+08:00][sql] SELECT `user_name`,`user_id` FROM `carver_user` [ RunTime:0.000253s ]
[2021-07-11T12:47:19+08:00][sql] SHOW FULL COLUMNS FROM `carver_navigation` [ RunTime:0.000504s ]
[2021-07-11T12:47:19+08:00][sql] SELECT * FROM `carver_navigation` [ RunTime:0.000233s ]
[2021-07-11T12:47:19+08:00][sql] SELECT `article_label` FROM `carver_article` [ RunTime:0.000285s ]
[2021-07-11T13:42:07+08:00][sql] CONNECT:[ UseTime:0.000563s ] mysql:host=127.0.0.1;port=3306;dbname=carver;charset=utf8
[2021-07-11T13:42:07+08:00][sql] SHOW FULL COLUMNS FROM `carver_user` [ RunTime:0.000886s ]
[2021-07-11T13:42:07+08:00][sql] SHOW FULL COLUMNS FROM `carver_article` [ RunTime:0.000735s ]
[2021-07-11T13:42:07+08:00][sql] SELECT COUNT(*) AS think_count FROM `carver_article` WHERE  `delete_time` = 0  AND `is_show` = 1 [ RunTime:0.000382s ]
[2021-07-11T13:42:07+08:00][sql] SELECT `article_id`,`article_title`,`article_desc`,`article_content`,`article_img`,`article_guide`,`article_label`,`click_num`,`is_show`,`add_time`,`article_author`,`is_top_show` FROM `carver_article` WHERE  `delete_time` = 0  AND `is_show` = 1 ORDER BY `article_id` DESC LIMIT 24,6 [ RunTime:0.001073s ]
[2021-07-11T13:42:07+08:00][sql] SELECT article_id,article_title,click_num,FROM_UNIXTIME(add_time,'%Y-%m-%d') as add_time FROM `carver_article` WHERE  `is_show` = 1  AND `delete_time` = 0 ORDER BY `click_num` DESC LIMIT 3 [ RunTime:0.000593s ]
[2021-07-11T13:42:07+08:00][sql] SHOW FULL COLUMNS FROM `carver_notice` [ RunTime:0.000817s ]
[2021-07-11T13:42:07+08:00][sql] SELECT * FROM `carver_notice` ORDER BY `create_time` DESC LIMIT 3 [ RunTime:0.000384s ]
[2021-07-11T13:42:07+08:00][sql] SHOW FULL COLUMNS FROM `carver_navigation` [ RunTime:0.000708s ]
[2021-07-11T13:42:07+08:00][sql] SELECT * FROM `carver_navigation` [ RunTime:0.000244s ]
[2021-07-11T13:42:07+08:00][sql] SHOW FULL COLUMNS FROM `carver_link` [ RunTime:0.000568s ]
[2021-07-11T13:42:07+08:00][sql] SELECT * FROM `carver_link` WHERE  ( is_confirm=2 ) LIMIT 20 [ RunTime:0.000307s ]
[2021-07-11T13:42:07+08:00][sql] SELECT `article_label` FROM `carver_article` [ RunTime:0.000274s ]
[2021-07-11T13:42:07+08:00][sql] SHOW FULL COLUMNS FROM `carver_carouse` [ RunTime:0.000527s ]
[2021-07-11T13:42:07+08:00][sql] SELECT `carouse_img`,`carouse_desc` FROM `carver_carouse` WHERE  `is_show` = 1 ORDER BY `carouse_sort` DESC LIMIT 3 [ RunTime:0.000270s ]
[2021-07-11T13:42:07+08:00][sql] SHOW FULL COLUMNS FROM `carver_site` [ RunTime:0.000522s ]
[2021-07-11T13:42:07+08:00][sql] SELECT * FROM `carver_site` [ RunTime:0.000266s ]
[2021-07-11T14:27:11+08:00][sql] CONNECT:[ UseTime:0.000601s ] mysql:host=127.0.0.1;port=3306;dbname=carver;charset=utf8
[2021-07-11T14:27:11+08:00][sql] SHOW FULL COLUMNS FROM `carver_article` [ RunTime:0.000887s ]
[2021-07-11T14:27:11+08:00][sql] SELECT COUNT(*) AS think_count FROM `carver_article` WHERE  `article_label` LIKE '%linux%'  AND `delete_time` = 0  AND `is_show` = 1 [ RunTime:0.000422s ]
[2021-07-11T14:27:11+08:00][sql] SELECT * FROM `carver_article` WHERE  `article_label` LIKE '%linux%'  AND `delete_time` = 0  AND `is_show` = 1 LIMIT 0,6 [ RunTime:0.001228s ]
[2021-07-11T14:27:11+08:00][sql] SELECT article_id,article_title,click_num,FROM_UNIXTIME(add_time,'%Y-%m-%d') as add_time FROM `carver_article` WHERE  `is_show` = 1  AND `delete_time` = 0 ORDER BY `click_num` DESC LIMIT 3 [ RunTime:0.000405s ]
[2021-07-11T14:27:11+08:00][sql] SHOW FULL COLUMNS FROM `carver_notice` [ RunTime:0.000551s ]
[2021-07-11T14:27:11+08:00][sql] SELECT * FROM `carver_notice` ORDER BY `create_time` DESC LIMIT 3 [ RunTime:0.000257s ]
[2021-07-11T14:27:11+08:00][sql] SHOW FULL COLUMNS FROM `carver_navigation` [ RunTime:0.000558s ]
[2021-07-11T14:27:11+08:00][sql] SELECT * FROM `carver_navigation` [ RunTime:0.000244s ]
[2021-07-11T14:27:11+08:00][sql] SHOW FULL COLUMNS FROM `carver_link` [ RunTime:0.000583s ]
[2021-07-11T14:27:11+08:00][sql] SELECT * FROM `carver_link` WHERE  ( is_confirm=2 ) LIMIT 20 [ RunTime:0.000322s ]
[2021-07-11T14:27:11+08:00][sql] SELECT `article_label` FROM `carver_article` [ RunTime:0.000272s ]
[2021-07-11T14:27:11+08:00][sql] SHOW FULL COLUMNS FROM `carver_carouse` [ RunTime:0.000496s ]
[2021-07-11T14:27:11+08:00][sql] SELECT `carouse_img`,`carouse_desc` FROM `carver_carouse` WHERE  `is_show` = 1 ORDER BY `carouse_sort` DESC LIMIT 3 [ RunTime:0.000286s ]
[2021-07-11T14:27:11+08:00][sql] SHOW FULL COLUMNS FROM `carver_site` [ RunTime:0.000489s ]
[2021-07-11T14:27:11+08:00][sql] SELECT * FROM `carver_site` [ RunTime:0.000260s ]
[2021-07-11T16:49:29+08:00][sql] CONNECT:[ UseTime:0.000527s ] mysql:host=127.0.0.1;port=3306;dbname=carver;charset=utf8
[2021-07-11T16:49:29+08:00][sql] SHOW FULL COLUMNS FROM `carver_article` [ RunTime:0.001057s ]
[2021-07-11T16:49:29+08:00][sql] SELECT COUNT(*) AS think_count FROM `carver_article` WHERE  `article_label` LIKE '%angerjs%'  AND `delete_time` = 0  AND `is_show` = 1 [ RunTime:0.000433s ]
[2021-07-11T16:49:29+08:00][sql] SELECT * FROM `carver_article` WHERE  `article_label` LIKE '%angerjs%'  AND `delete_time` = 0  AND `is_show` = 1 LIMIT 0,6 [ RunTime:0.001127s ]
[2021-07-11T16:49:29+08:00][sql] SELECT article_id,article_title,click_num,FROM_UNIXTIME(add_time,'%Y-%m-%d') as add_time FROM `carver_article` WHERE  `is_show` = 1  AND `delete_time` = 0 ORDER BY `click_num` DESC LIMIT 3 [ RunTime:0.000547s ]
[2021-07-11T16:49:29+08:00][sql] SHOW FULL COLUMNS FROM `carver_notice` [ RunTime:0.000719s ]
[2021-07-11T16:49:29+08:00][sql] SELECT * FROM `carver_notice` ORDER BY `create_time` DESC LIMIT 3 [ RunTime:0.000348s ]
[2021-07-11T16:49:29+08:00][sql] SHOW FULL COLUMNS FROM `carver_navigation` [ RunTime:0.000691s ]
[2021-07-11T16:49:29+08:00][sql] SELECT * FROM `carver_navigation` [ RunTime:0.000284s ]
[2021-07-11T16:49:29+08:00][sql] SHOW FULL COLUMNS FROM `carver_link` [ RunTime:0.000652s ]
[2021-07-11T16:49:29+08:00][sql] SELECT * FROM `carver_link` WHERE  ( is_confirm=2 ) LIMIT 20 [ RunTime:0.000360s ]
[2021-07-11T16:49:29+08:00][sql] SELECT `article_label` FROM `carver_article` [ RunTime:0.000297s ]
[2021-07-11T16:49:29+08:00][sql] SHOW FULL COLUMNS FROM `carver_carouse` [ RunTime:0.000602s ]
[2021-07-11T16:49:29+08:00][sql] SELECT `carouse_img`,`carouse_desc` FROM `carver_carouse` WHERE  `is_show` = 1 ORDER BY `carouse_sort` DESC LIMIT 3 [ RunTime:0.000355s ]
[2021-07-11T16:49:29+08:00][sql] SHOW FULL COLUMNS FROM `carver_site` [ RunTime:0.000583s ]
[2021-07-11T16:49:29+08:00][sql] SELECT * FROM `carver_site` [ RunTime:0.000331s ]
[2021-07-11T17:34:34+08:00][sql] CONNECT:[ UseTime:0.000626s ] mysql:host=127.0.0.1;port=3306;dbname=carver;charset=utf8
[2021-07-11T17:34:34+08:00][sql] SHOW FULL COLUMNS FROM `carver_article` [ RunTime:0.001004s ]
[2021-07-11T17:34:34+08:00][sql] SELECT COUNT(*) AS think_count FROM `carver_article` WHERE  `article_label` LIKE '%angerjs%'  AND `delete_time` = 0  AND `is_show` = 1 [ RunTime:0.000504s ]
[2021-07-11T17:34:34+08:00][sql] SELECT * FROM `carver_article` WHERE  `article_label` LIKE '%angerjs%'  AND `delete_time` = 0  AND `is_show` = 1 LIMIT 0,6 [ RunTime:0.001026s ]
[2021-07-11T17:34:34+08:00][sql] SELECT article_id,article_title,click_num,FROM_UNIXTIME(add_time,'%Y-%m-%d') as add_time FROM `carver_article` WHERE  `is_show` = 1  AND `delete_time` = 0 ORDER BY `click_num` DESC LIMIT 3 [ RunTime:0.000524s ]
[2021-07-11T17:34:34+08:00][sql] SHOW FULL COLUMNS FROM `carver_notice` [ RunTime:0.000876s ]
[2021-07-11T17:34:34+08:00][sql] SELECT * FROM `carver_notice` ORDER BY `create_time` DESC LIMIT 3 [ RunTime:0.000362s ]
[2021-07-11T17:34:34+08:00][sql] SHOW FULL COLUMNS FROM `carver_navigation` [ RunTime:0.000651s ]
[2021-07-11T17:34:34+08:00][sql] SELECT * FROM `carver_navigation` [ RunTime:0.000297s ]
[2021-07-11T17:34:34+08:00][sql] SHOW FULL COLUMNS FROM `carver_link` [ RunTime:0.000709s ]
[2021-07-11T17:34:34+08:00][sql] SELECT * FROM `carver_link` WHERE  ( is_confirm=2 ) LIMIT 20 [ RunTime:0.000400s ]
[2021-07-11T17:34:34+08:00][sql] SELECT `article_label` FROM `carver_article` [ RunTime:0.000300s ]
[2021-07-11T17:34:34+08:00][sql] SHOW FULL COLUMNS FROM `carver_carouse` [ RunTime:0.000598s ]
[2021-07-11T17:34:34+08:00][sql] SELECT `carouse_img`,`carouse_desc` FROM `carver_carouse` WHERE  `is_show` = 1 ORDER BY `carouse_sort` DESC LIMIT 3 [ RunTime:0.000343s ]
[2021-07-11T17:34:34+08:00][sql] SHOW FULL COLUMNS FROM `carver_site` [ RunTime:0.000621s ]
[2021-07-11T17:34:34+08:00][sql] SELECT * FROM `carver_site` [ RunTime:0.000314s ]
[2021-07-11T18:19:45+08:00][sql] CONNECT:[ UseTime:0.000597s ] mysql:host=127.0.0.1;port=3306;dbname=carver;charset=utf8
[2021-07-11T18:19:45+08:00][sql] SHOW FULL COLUMNS FROM `carver_article` [ RunTime:0.001002s ]
[2021-07-11T18:19:45+08:00][sql] SELECT COUNT(*) AS think_count FROM `carver_article` WHERE  `article_label` LIKE '%angerjs%'  AND `delete_time` = 0  AND `is_show` = 1 [ RunTime:0.000429s ]
[2021-07-11T18:19:45+08:00][sql] SELECT * FROM `carver_article` WHERE  `article_label` LIKE '%angerjs%'  AND `delete_time` = 0  AND `is_show` = 1 LIMIT 0,6 [ RunTime:0.001005s ]
[2021-07-11T18:19:45+08:00][sql] SELECT article_id,article_title,click_num,FROM_UNIXTIME(add_time,'%Y-%m-%d') as add_time FROM `carver_article` WHERE  `is_show` = 1  AND `delete_time` = 0 ORDER BY `click_num` DESC LIMIT 3 [ RunTime:0.000600s ]
[2021-07-11T18:19:45+08:00][sql] SHOW FULL COLUMNS FROM `carver_notice` [ RunTime:0.000785s ]
[2021-07-11T18:19:45+08:00][sql] SELECT * FROM `carver_notice` ORDER BY `create_time` DESC LIMIT 3 [ RunTime:0.000491s ]
[2021-07-11T18:19:45+08:00][sql] SHOW FULL COLUMNS FROM `carver_navigation` [ RunTime:0.000655s ]
[2021-07-11T18:19:45+08:00][sql] SELECT * FROM `carver_navigation` [ RunTime:0.000289s ]
[2021-07-11T18:19:45+08:00][sql] SHOW FULL COLUMNS FROM `carver_link` [ RunTime:0.000644s ]
[2021-07-11T18:19:45+08:00][sql] SELECT * FROM `carver_link` WHERE  ( is_confirm=2 ) LIMIT 20 [ RunTime:0.000387s ]
[2021-07-11T18:19:45+08:00][sql] SELECT `article_label` FROM `carver_article` [ RunTime:0.000311s ]
[2021-07-11T18:19:45+08:00][sql] SHOW FULL COLUMNS FROM `carver_carouse` [ RunTime:0.000593s ]
[2021-07-11T18:19:45+08:00][sql] SELECT `carouse_img`,`carouse_desc` FROM `carver_carouse` WHERE  `is_show` = 1 ORDER BY `carouse_sort` DESC LIMIT 3 [ RunTime:0.000345s ]
[2021-07-11T18:19:45+08:00][sql] SHOW FULL COLUMNS FROM `carver_site` [ RunTime:0.000646s ]
[2021-07-11T18:19:45+08:00][sql] SELECT * FROM `carver_site` [ RunTime:0.000333s ]
[2021-07-11T19:19:50+08:00][sql] CONNECT:[ UseTime:0.001342s ] mysql:host=127.0.0.1;port=3306;dbname=carver;charset=utf8
[2021-07-11T19:19:50+08:00][sql] SHOW FULL COLUMNS FROM `carver_article` [ RunTime:0.000985s ]
[2021-07-11T19:19:50+08:00][sql] SELECT COUNT(*) AS think_count FROM `carver_article` WHERE  `article_label` LIKE '%angerjs%'  AND `delete_time` = 0  AND `is_show` = 1 [ RunTime:0.000430s ]
[2021-07-11T19:19:50+08:00][sql] SELECT * FROM `carver_article` WHERE  `article_label` LIKE '%angerjs%'  AND `delete_time` = 0  AND `is_show` = 1 LIMIT 0,6 [ RunTime:0.000974s ]
[2021-07-11T19:19:50+08:00][sql] SELECT article_id,article_title,click_num,FROM_UNIXTIME(add_time,'%Y-%m-%d') as add_time FROM `carver_article` WHERE  `is_show` = 1  AND `delete_time` = 0 ORDER BY `click_num` DESC LIMIT 3 [ RunTime:0.000491s ]
[2021-07-11T19:19:50+08:00][sql] SHOW FULL COLUMNS FROM `carver_notice` [ RunTime:0.000750s ]
[2021-07-11T19:19:50+08:00][sql] SELECT * FROM `carver_notice` ORDER BY `create_time` DESC LIMIT 3 [ RunTime:0.000342s ]
[2021-07-11T19:19:50+08:00][sql] SHOW FULL COLUMNS FROM `carver_navigation` [ RunTime:0.000617s ]
[2021-07-11T19:19:50+08:00][sql] SELECT * FROM `carver_navigation` [ RunTime:0.000301s ]
[2021-07-11T19:19:50+08:00][sql] SHOW FULL COLUMNS FROM `carver_link` [ RunTime:0.000640s ]
[2021-07-11T19:19:50+08:00][sql] SELECT * FROM `carver_link` WHERE  ( is_confirm=2 ) LIMIT 20 [ RunTime:0.000370s ]
[2021-07-11T19:19:50+08:00][sql] SELECT `article_label` FROM `carver_article` [ RunTime:0.000271s ]
[2021-07-11T19:19:50+08:00][sql] SHOW FULL COLUMNS FROM `carver_carouse` [ RunTime:0.000651s ]
[2021-07-11T19:19:50+08:00][sql] SELECT `carouse_img`,`carouse_desc` FROM `carver_carouse` WHERE  `is_show` = 1 ORDER BY `carouse_sort` DESC LIMIT 3 [ RunTime:0.000399s ]
[2021-07-11T19:19:50+08:00][sql] SHOW FULL COLUMNS FROM `carver_site` [ RunTime:0.000695s ]
[2021-07-11T19:19:50+08:00][sql] SELECT * FROM `carver_site` [ RunTime:0.000374s ]
[2021-07-11T20:04:38+08:00][sql] CONNECT:[ UseTime:0.000839s ] mysql:host=127.0.0.1;port=3306;dbname=carver;charset=utf8
[2021-07-11T20:04:38+08:00][sql] SHOW FULL COLUMNS FROM `carver_user` [ RunTime:0.001124s ]
[2021-07-11T20:04:38+08:00][sql] SHOW FULL COLUMNS FROM `carver_article` [ RunTime:0.000803s ]
[2021-07-11T20:04:38+08:00][sql] SELECT COUNT(*) AS think_count FROM `carver_article` WHERE  `delete_time` = 0  AND `is_show` = 1 [ RunTime:0.000429s ]
[2021-07-11T20:04:38+08:00][sql] SELECT `article_id`,`article_title`,`article_desc`,`article_content`,`article_img`,`article_guide`,`article_label`,`click_num`,`is_show`,`add_time`,`article_author`,`is_top_show` FROM `carver_article` WHERE  `delete_time` = 0  AND `is_show` = 1 ORDER BY `article_id` DESC LIMIT 18,6 [ RunTime:0.001664s ]
[2021-07-11T20:04:38+08:00][sql] SELECT article_id,article_title,click_num,FROM_UNIXTIME(add_time,'%Y-%m-%d') as add_time FROM `carver_article` WHERE  `is_show` = 1  AND `delete_time` = 0 ORDER BY `click_num` DESC LIMIT 3 [ RunTime:0.000409s ]
[2021-07-11T20:04:38+08:00][sql] SHOW FULL COLUMNS FROM `carver_notice` [ RunTime:0.000522s ]
[2021-07-11T20:04:38+08:00][sql] SELECT * FROM `carver_notice` ORDER BY `create_time` DESC LIMIT 3 [ RunTime:0.000257s ]
[2021-07-11T20:04:38+08:00][sql] SHOW FULL COLUMNS FROM `carver_navigation` [ RunTime:0.000680s ]
[2021-07-11T20:04:38+08:00][sql] SELECT * FROM `carver_navigation` [ RunTime:0.000252s ]
[2021-07-11T20:04:38+08:00][sql] SHOW FULL COLUMNS FROM `carver_link` [ RunTime:0.000530s ]
[2021-07-11T20:04:38+08:00][sql] SELECT * FROM `carver_link` WHERE  ( is_confirm=2 ) LIMIT 20 [ RunTime:0.000264s ]
[2021-07-11T20:04:38+08:00][sql] SELECT `article_label` FROM `carver_article` [ RunTime:0.000245s ]
[2021-07-11T20:04:38+08:00][sql] SHOW FULL COLUMNS FROM `carver_carouse` [ RunTime:0.000510s ]
[2021-07-11T20:04:38+08:00][sql] SELECT `carouse_img`,`carouse_desc` FROM `carver_carouse` WHERE  `is_show` = 1 ORDER BY `carouse_sort` DESC LIMIT 3 [ RunTime:0.000265s ]
[2021-07-11T20:04:38+08:00][sql] SHOW FULL COLUMNS FROM `carver_site` [ RunTime:0.000481s ]
[2021-07-11T20:04:38+08:00][sql] SELECT * FROM `carver_site` [ RunTime:0.000222s ]
[2021-07-11T20:36:52+08:00][sql] CONNECT:[ UseTime:0.000613s ] mysql:host=127.0.0.1;port=3306;dbname=carver;charset=utf8
[2021-07-11T20:36:52+08:00][sql] SHOW FULL COLUMNS FROM `carver_user` [ RunTime:0.000888s ]
[2021-07-11T20:36:52+08:00][sql] SHOW FULL COLUMNS FROM `carver_article` [ RunTime:0.000812s ]
[2021-07-11T20:36:52+08:00][sql] SELECT COUNT(*) AS think_count FROM `carver_article` WHERE  `delete_time` = 0  AND `is_show` = 1 [ RunTime:0.000387s ]
[2021-07-11T20:36:52+08:00][sql] SELECT `article_id`,`article_title`,`article_desc`,`article_content`,`article_img`,`article_guide`,`article_label`,`click_num`,`is_show`,`add_time`,`article_author`,`is_top_show` FROM `carver_article` WHERE  `delete_time` = 0  AND `is_show` = 1 ORDER BY `article_id` DESC LIMIT 0,6 [ RunTime:0.000797s ]
[2021-07-11T20:36:52+08:00][sql] SELECT article_id,article_title,click_num,FROM_UNIXTIME(add_time,'%Y-%m-%d') as add_time FROM `carver_article` WHERE  `is_show` = 1  AND `delete_time` = 0 ORDER BY `click_num` DESC LIMIT 3 [ RunTime:0.000550s ]
[2021-07-11T20:36:52+08:00][sql] SHOW FULL COLUMNS FROM `carver_notice` [ RunTime:0.000686s ]
[2021-07-11T20:36:52+08:00][sql] SELECT * FROM `carver_notice` ORDER BY `create_time` DESC LIMIT 3 [ RunTime:0.000338s ]
[2021-07-11T20:36:52+08:00][sql] SHOW FULL COLUMNS FROM `carver_navigation` [ RunTime:0.000666s ]
[2021-07-11T20:36:52+08:00][sql] SELECT * FROM `carver_navigation` [ RunTime:0.000252s ]
[2021-07-11T20:36:52+08:00][sql] SHOW FULL COLUMNS FROM `carver_link` [ RunTime:0.000572s ]
[2021-07-11T20:36:52+08:00][sql] SELECT * FROM `carver_link` WHERE  ( is_confirm=2 ) LIMIT 20 [ RunTime:0.000351s ]
[2021-07-11T20:36:52+08:00][sql] SELECT `article_label` FROM `carver_article` [ RunTime:0.000281s ]
[2021-07-11T20:36:52+08:00][sql] SHOW FULL COLUMNS FROM `carver_carouse` [ RunTime:0.000589s ]
[2021-07-11T20:36:52+08:00][sql] SELECT `carouse_img`,`carouse_desc` FROM `carver_carouse` WHERE  `is_show` = 1 ORDER BY `carouse_sort` DESC LIMIT 3 [ RunTime:0.000299s ]
[2021-07-11T20:36:52+08:00][sql] SHOW FULL COLUMNS FROM `carver_site` [ RunTime:0.000563s ]
[2021-07-11T20:36:52+08:00][sql] SELECT * FROM `carver_site` [ RunTime:0.000231s ]
[2021-07-11T21:08:16+08:00][sql] CONNECT:[ UseTime:0.000768s ] mysql:host=127.0.0.1;port=3306;dbname=carver;charset=utf8
[2021-07-11T21:08:16+08:00][sql] SHOW FULL COLUMNS FROM `carver_article` [ RunTime:0.000959s ]
[2021-07-11T21:08:16+08:00][sql] SELECT COUNT(*) AS think_count FROM `carver_article` WHERE  `article_label` LIKE '%angerjs%'  AND `delete_time` = 0  AND `is_show` = 1 [ RunTime:0.000410s ]
[2021-07-11T21:08:16+08:00][sql] SELECT * FROM `carver_article` WHERE  `article_label` LIKE '%angerjs%'  AND `delete_time` = 0  AND `is_show` = 1 LIMIT 0,6 [ RunTime:0.001057s ]
[2021-07-11T21:08:16+08:00][sql] SELECT article_id,article_title,click_num,FROM_UNIXTIME(add_time,'%Y-%m-%d') as add_time FROM `carver_article` WHERE  `is_show` = 1  AND `delete_time` = 0 ORDER BY `click_num` DESC LIMIT 3 [ RunTime:0.000548s ]
[2021-07-11T21:08:16+08:00][sql] SHOW FULL COLUMNS FROM `carver_notice` [ RunTime:0.000832s ]
[2021-07-11T21:08:16+08:00][sql] SELECT * FROM `carver_notice` ORDER BY `create_time` DESC LIMIT 3 [ RunTime:0.012980s ]
[2021-07-11T21:08:16+08:00][sql] SHOW FULL COLUMNS FROM `carver_navigation` [ RunTime:0.000854s ]
[2021-07-11T21:08:16+08:00][sql] SELECT * FROM `carver_navigation` [ RunTime:0.000338s ]
[2021-07-11T21:08:16+08:00][sql] SHOW FULL COLUMNS FROM `carver_link` [ RunTime:0.000658s ]
[2021-07-11T21:08:16+08:00][sql] SELECT * FROM `carver_link` WHERE  ( is_confirm=2 ) LIMIT 20 [ RunTime:0.000412s ]
[2021-07-11T21:08:16+08:00][sql] SELECT `article_label` FROM `carver_article` [ RunTime:0.000321s ]
[2021-07-11T21:08:16+08:00][sql] SHOW FULL COLUMNS FROM `carver_carouse` [ RunTime:0.000577s ]
[2021-07-11T21:08:16+08:00][sql] SELECT `carouse_img`,`carouse_desc` FROM `carver_carouse` WHERE  `is_show` = 1 ORDER BY `carouse_sort` DESC LIMIT 3 [ RunTime:0.000385s ]
[2021-07-11T21:08:16+08:00][sql] SHOW FULL COLUMNS FROM `carver_site` [ RunTime:0.000617s ]
[2021-07-11T21:08:16+08:00][sql] SELECT * FROM `carver_site` [ RunTime:0.000317s ]
[2021-07-11T22:08:28+08:00][sql] CONNECT:[ UseTime:0.000623s ] mysql:host=127.0.0.1;port=3306;dbname=carver;charset=utf8
[2021-07-11T22:08:28+08:00][sql] SHOW FULL COLUMNS FROM `carver_article` [ RunTime:0.001053s ]
[2021-07-11T22:08:28+08:00][sql] SELECT COUNT(*) AS think_count FROM `carver_article` WHERE  `article_label` LIKE '%angerjs%'  AND `delete_time` = 0  AND `is_show` = 1 [ RunTime:0.000427s ]
[2021-07-11T22:08:28+08:00][sql] SELECT * FROM `carver_article` WHERE  `article_label` LIKE '%angerjs%'  AND `delete_time` = 0  AND `is_show` = 1 LIMIT 0,6 [ RunTime:0.001048s ]
[2021-07-11T22:08:28+08:00][sql] SELECT article_id,article_title,click_num,FROM_UNIXTIME(add_time,'%Y-%m-%d') as add_time FROM `carver_article` WHERE  `is_show` = 1  AND `delete_time` = 0 ORDER BY `click_num` DESC LIMIT 3 [ RunTime:0.000565s ]
[2021-07-11T22:08:28+08:00][sql] SHOW FULL COLUMNS FROM `carver_notice` [ RunTime:0.000678s ]
[2021-07-11T22:08:28+08:00][sql] SELECT * FROM `carver_notice` ORDER BY `create_time` DESC LIMIT 3 [ RunTime:0.000293s ]
[2021-07-11T22:08:28+08:00][sql] SHOW FULL COLUMNS FROM `carver_navigation` [ RunTime:0.000578s ]
[2021-07-11T22:08:28+08:00][sql] SELECT * FROM `carver_navigation` [ RunTime:0.000288s ]
[2021-07-11T22:08:28+08:00][sql] SHOW FULL COLUMNS FROM `carver_link` [ RunTime:0.000553s ]
[2021-07-11T22:08:28+08:00][sql] SELECT * FROM `carver_link` WHERE  ( is_confirm=2 ) LIMIT 20 [ RunTime:0.000356s ]
[2021-07-11T22:08:28+08:00][sql] SELECT `article_label` FROM `carver_article` [ RunTime:0.000278s ]
[2021-07-11T22:08:28+08:00][sql] SHOW FULL COLUMNS FROM `carver_carouse` [ RunTime:0.000552s ]
[2021-07-11T22:08:28+08:00][sql] SELECT `carouse_img`,`carouse_desc` FROM `carver_carouse` WHERE  `is_show` = 1 ORDER BY `carouse_sort` DESC LIMIT 3 [ RunTime:0.000299s ]
[2021-07-11T22:08:28+08:00][sql] SHOW FULL COLUMNS FROM `carver_site` [ RunTime:0.000564s ]
[2021-07-11T22:08:28+08:00][sql] SELECT * FROM `carver_site` [ RunTime:0.000310s ]
[2021-07-11T22:53:33+08:00][sql] CONNECT:[ UseTime:0.000634s ] mysql:host=127.0.0.1;port=3306;dbname=carver;charset=utf8
[2021-07-11T22:53:33+08:00][sql] SHOW FULL COLUMNS FROM `carver_article` [ RunTime:0.000973s ]
[2021-07-11T22:53:33+08:00][sql] SELECT COUNT(*) AS think_count FROM `carver_article` WHERE  `article_label` LIKE '%angerjs%'  AND `delete_time` = 0  AND `is_show` = 1 [ RunTime:0.000468s ]
[2021-07-11T22:53:33+08:00][sql] SELECT * FROM `carver_article` WHERE  `article_label` LIKE '%angerjs%'  AND `delete_time` = 0  AND `is_show` = 1 LIMIT 0,6 [ RunTime:0.001127s ]
[2021-07-11T22:53:33+08:00][sql] SELECT article_id,article_title,click_num,FROM_UNIXTIME(add_time,'%Y-%m-%d') as add_time FROM `carver_article` WHERE  `is_show` = 1  AND `delete_time` = 0 ORDER BY `click_num` DESC LIMIT 3 [ RunTime:0.000569s ]
[2021-07-11T22:53:33+08:00][sql] SHOW FULL COLUMNS FROM `carver_notice` [ RunTime:0.000713s ]
[2021-07-11T22:53:33+08:00][sql] SELECT * FROM `carver_notice` ORDER BY `create_time` DESC LIMIT 3 [ RunTime:0.000377s ]
[2021-07-11T22:53:33+08:00][sql] SHOW FULL COLUMNS FROM `carver_navigation` [ RunTime:0.000633s ]
[2021-07-11T22:53:33+08:00][sql] SELECT * FROM `carver_navigation` [ RunTime:0.000284s ]
[2021-07-11T22:53:33+08:00][sql] SHOW FULL COLUMNS FROM `carver_link` [ RunTime:0.000679s ]
[2021-07-11T22:53:33+08:00][sql] SELECT * FROM `carver_link` WHERE  ( is_confirm=2 ) LIMIT 20 [ RunTime:0.000356s ]
[2021-07-11T22:53:33+08:00][sql] SELECT `article_label` FROM `carver_article` [ RunTime:0.000304s ]
[2021-07-11T22:53:33+08:00][sql] SHOW FULL COLUMNS FROM `carver_carouse` [ RunTime:0.000655s ]
[2021-07-11T22:53:33+08:00][sql] SELECT `carouse_img`,`carouse_desc` FROM `carver_carouse` WHERE  `is_show` = 1 ORDER BY `carouse_sort` DESC LIMIT 3 [ RunTime:0.000331s ]
[2021-07-11T22:53:33+08:00][sql] SHOW FULL COLUMNS FROM `carver_site` [ RunTime:0.000596s ]
[2021-07-11T22:53:33+08:00][sql] SELECT * FROM `carver_site` [ RunTime:0.000354s ]
[2021-07-11T23:53:37+08:00][sql] CONNECT:[ UseTime:0.000627s ] mysql:host=127.0.0.1;port=3306;dbname=carver;charset=utf8
[2021-07-11T23:53:37+08:00][sql] SHOW FULL COLUMNS FROM `carver_article` [ RunTime:0.000961s ]
[2021-07-11T23:53:37+08:00][sql] SELECT COUNT(*) AS think_count FROM `carver_article` WHERE  `article_label` LIKE '%angerjs%'  AND `delete_time` = 0  AND `is_show` = 1 [ RunTime:0.000439s ]
[2021-07-11T23:53:37+08:00][sql] SELECT * FROM `carver_article` WHERE  `article_label` LIKE '%angerjs%'  AND `delete_time` = 0  AND `is_show` = 1 LIMIT 0,6 [ RunTime:0.000987s ]
[2021-07-11T23:53:37+08:00][sql] SELECT article_id,article_title,click_num,FROM_UNIXTIME(add_time,'%Y-%m-%d') as add_time FROM `carver_article` WHERE  `is_show` = 1  AND `delete_time` = 0 ORDER BY `click_num` DESC LIMIT 3 [ RunTime:0.000499s ]
[2021-07-11T23:53:37+08:00][sql] SHOW FULL COLUMNS FROM `carver_notice` [ RunTime:0.000720s ]
[2021-07-11T23:53:37+08:00][sql] SELECT * FROM `carver_notice` ORDER BY `create_time` DESC LIMIT 3 [ RunTime:0.000325s ]
[2021-07-11T23:53:37+08:00][sql] SHOW FULL COLUMNS FROM `carver_navigation` [ RunTime:0.000667s ]
[2021-07-11T23:53:37+08:00][sql] SELECT * FROM `carver_navigation` [ RunTime:0.000326s ]
[2021-07-11T23:53:37+08:00][sql] SHOW FULL COLUMNS FROM `carver_link` [ RunTime:0.000684s ]
[2021-07-11T23:53:37+08:00][sql] SELECT * FROM `carver_link` WHERE  ( is_confirm=2 ) LIMIT 20 [ RunTime:0.000377s ]
[2021-07-11T23:53:37+08:00][sql] SELECT `article_label` FROM `carver_article` [ RunTime:0.000309s ]
[2021-07-11T23:53:37+08:00][sql] SHOW FULL COLUMNS FROM `carver_carouse` [ RunTime:0.000629s ]
[2021-07-11T23:53:37+08:00][sql] SELECT `carouse_img`,`carouse_desc` FROM `carver_carouse` WHERE  `is_show` = 1 ORDER BY `carouse_sort` DESC LIMIT 3 [ RunTime:0.000326s ]
[2021-07-11T23:53:37+08:00][sql] SHOW FULL COLUMNS FROM `carver_site` [ RunTime:0.000631s ]
[2021-07-11T23:53:37+08:00][sql] SELECT * FROM `carver_site` [ RunTime:0.000330s ]
