[2021-07-12T00:52:03+08:00][sql] CONNECT:[ UseTime:0.003285s ] mysql:host=127.0.0.1;port=3306;dbname=carver;charset=utf8
[2021-07-12T00:52:03+08:00][sql] SHOW FULL COLUMNS FROM `carver_article` [ RunTime:0.002063s ]
[2021-07-12T00:52:03+08:00][sql] SELECT COUNT(*) AS think_count FROM `carver_article` WHERE  `article_label` LIKE '%php;excel/%'  AND `delete_time` = 0  AND `is_show` = 1 [ RunTime:0.000476s ]
[2021-07-12T00:52:03+08:00][sql] SELECT * FROM `carver_article` WHERE  `article_label` LIKE '%php;excel/%'  AND `delete_time` = 0  AND `is_show` = 1 LIMIT 0,6 [ RunTime:0.001043s ]
[2021-07-12T00:52:03+08:00][sql] SELECT article_id,article_title,click_num,FROM_UNIXTIME(add_time,'%Y-%m-%d') as add_time FROM `carver_article` WHERE  `is_show` = 1  AND `delete_time` = 0 ORDER BY `click_num` DESC LIMIT 3 [ RunTime:0.000604s ]
[2021-07-12T00:52:03+08:00][sql] SHOW FULL COLUMNS FROM `carver_notice` [ RunTime:0.002756s ]
[2021-07-12T00:52:03+08:00][sql] SELECT * FROM `carver_notice` ORDER BY `create_time` DESC LIMIT 3 [ RunTime:0.000390s ]
[2021-07-12T00:52:03+08:00][sql] SHOW FULL COLUMNS FROM `carver_navigation` [ RunTime:0.001417s ]
[2021-07-12T00:52:03+08:00][sql] SELECT * FROM `carver_navigation` [ RunTime:0.000384s ]
[2021-07-12T00:52:03+08:00][sql] SHOW FULL COLUMNS FROM `carver_link` [ RunTime:0.001452s ]
[2021-07-12T00:52:03+08:00][sql] SELECT * FROM `carver_link` WHERE  ( is_confirm=2 ) LIMIT 20 [ RunTime:0.000379s ]
[2021-07-12T00:52:03+08:00][sql] SELECT `article_label` FROM `carver_article` [ RunTime:0.000284s ]
[2021-07-12T00:52:03+08:00][sql] SHOW FULL COLUMNS FROM `carver_carouse` [ RunTime:0.001296s ]
[2021-07-12T00:52:03+08:00][sql] SELECT `carouse_img`,`carouse_desc` FROM `carver_carouse` WHERE  `is_show` = 1 ORDER BY `carouse_sort` DESC LIMIT 3 [ RunTime:0.000374s ]
[2021-07-12T00:52:03+08:00][sql] SHOW FULL COLUMNS FROM `carver_site` [ RunTime:0.002748s ]
[2021-07-12T00:52:03+08:00][sql] SELECT * FROM `carver_site` [ RunTime:0.000359s ]
[2021-07-12T00:52:20+08:00][sql] CONNECT:[ UseTime:0.000844s ] mysql:host=127.0.0.1;port=3306;dbname=carver;charset=utf8
[2021-07-12T00:52:20+08:00][sql] SHOW FULL COLUMNS FROM `carver_article` [ RunTime:0.001022s ]
[2021-07-12T00:52:20+08:00][sql] SELECT COUNT(*) AS think_count FROM `carver_article` WHERE  `article_label` LIKE '%php;javascript/%'  AND `delete_time` = 0  AND `is_show` = 1 [ RunTime:0.000481s ]
[2021-07-12T00:52:20+08:00][sql] SELECT * FROM `carver_article` WHERE  `article_label` LIKE '%php;javascript/%'  AND `delete_time` = 0  AND `is_show` = 1 LIMIT 0,6 [ RunTime:0.001056s ]
[2021-07-12T00:52:20+08:00][sql] SELECT article_id,article_title,click_num,FROM_UNIXTIME(add_time,'%Y-%m-%d') as add_time FROM `carver_article` WHERE  `is_show` = 1  AND `delete_time` = 0 ORDER BY `click_num` DESC LIMIT 3 [ RunTime:0.000573s ]
[2021-07-12T00:52:20+08:00][sql] SHOW FULL COLUMNS FROM `carver_notice` [ RunTime:0.000820s ]
[2021-07-12T00:52:20+08:00][sql] SELECT * FROM `carver_notice` ORDER BY `create_time` DESC LIMIT 3 [ RunTime:0.000348s ]
[2021-07-12T00:52:20+08:00][sql] SHOW FULL COLUMNS FROM `carver_navigation` [ RunTime:0.000742s ]
[2021-07-12T00:52:20+08:00][sql] SELECT * FROM `carver_navigation` [ RunTime:0.000345s ]
[2021-07-12T00:52:20+08:00][sql] SHOW FULL COLUMNS FROM `carver_link` [ RunTime:0.000758s ]
[2021-07-12T00:52:20+08:00][sql] SELECT * FROM `carver_link` WHERE  ( is_confirm=2 ) LIMIT 20 [ RunTime:0.000431s ]
[2021-07-12T00:52:20+08:00][sql] SELECT `article_label` FROM `carver_article` [ RunTime:0.000340s ]
[2021-07-12T00:52:20+08:00][sql] SHOW FULL COLUMNS FROM `carver_carouse` [ RunTime:0.000717s ]
[2021-07-12T00:52:20+08:00][sql] SELECT `carouse_img`,`carouse_desc` FROM `carver_carouse` WHERE  `is_show` = 1 ORDER BY `carouse_sort` DESC LIMIT 3 [ RunTime:0.000359s ]
[2021-07-12T00:52:20+08:00][sql] SHOW FULL COLUMNS FROM `carver_site` [ RunTime:0.000762s ]
[2021-07-12T00:52:20+08:00][sql] SELECT * FROM `carver_site` [ RunTime:0.000393s ]
[2021-07-12T00:52:42+08:00][sql] CONNECT:[ UseTime:0.000795s ] mysql:host=127.0.0.1;port=3306;dbname=carver;charset=utf8
[2021-07-12T00:52:42+08:00][sql] SHOW FULL COLUMNS FROM `carver_article` [ RunTime:0.000956s ]
[2021-07-12T00:52:42+08:00][sql] SELECT COUNT(*) AS think_count FROM `carver_article` WHERE  `article_label` LIKE '%swoole;php/%'  AND `delete_time` = 0  AND `is_show` = 1 [ RunTime:0.000443s ]
[2021-07-12T00:52:42+08:00][sql] SELECT * FROM `carver_article` WHERE  `article_label` LIKE '%swoole;php/%'  AND `delete_time` = 0  AND `is_show` = 1 LIMIT 0,6 [ RunTime:0.001025s ]
[2021-07-12T00:52:42+08:00][sql] SELECT article_id,article_title,click_num,FROM_UNIXTIME(add_time,'%Y-%m-%d') as add_time FROM `carver_article` WHERE  `is_show` = 1  AND `delete_time` = 0 ORDER BY `click_num` DESC LIMIT 3 [ RunTime:0.000437s ]
[2021-07-12T00:52:42+08:00][sql] SHOW FULL COLUMNS FROM `carver_notice` [ RunTime:0.000680s ]
[2021-07-12T00:52:42+08:00][sql] SELECT * FROM `carver_notice` ORDER BY `create_time` DESC LIMIT 3 [ RunTime:0.000288s ]
[2021-07-12T00:52:42+08:00][sql] SHOW FULL COLUMNS FROM `carver_navigation` [ RunTime:0.000629s ]
[2021-07-12T00:52:42+08:00][sql] SELECT * FROM `carver_navigation` [ RunTime:0.000277s ]
[2021-07-12T00:52:42+08:00][sql] SHOW FULL COLUMNS FROM `carver_link` [ RunTime:0.000604s ]
[2021-07-12T00:52:42+08:00][sql] SELECT * FROM `carver_link` WHERE  ( is_confirm=2 ) LIMIT 20 [ RunTime:0.000416s ]
[2021-07-12T00:52:42+08:00][sql] SELECT `article_label` FROM `carver_article` [ RunTime:0.000283s ]
[2021-07-12T00:52:42+08:00][sql] SHOW FULL COLUMNS FROM `carver_carouse` [ RunTime:0.000620s ]
[2021-07-12T00:52:42+08:00][sql] SELECT `carouse_img`,`carouse_desc` FROM `carver_carouse` WHERE  `is_show` = 1 ORDER BY `carouse_sort` DESC LIMIT 3 [ RunTime:0.000299s ]
[2021-07-12T00:52:42+08:00][sql] SHOW FULL COLUMNS FROM `carver_site` [ RunTime:0.000633s ]
[2021-07-12T00:52:42+08:00][sql] SELECT * FROM `carver_site` [ RunTime:0.000307s ]
[2021-07-12T00:53:44+08:00][sql] CONNECT:[ UseTime:0.000718s ] mysql:host=127.0.0.1;port=3306;dbname=carver;charset=utf8
[2021-07-12T00:53:44+08:00][sql] SHOW FULL COLUMNS FROM `carver_article` [ RunTime:0.001027s ]
[2021-07-12T00:53:44+08:00][sql] SELECT COUNT(*) AS think_count FROM `carver_article` WHERE  `article_label` LIKE '%angerjs%'  AND `delete_time` = 0  AND `is_show` = 1 [ RunTime:0.000425s ]
[2021-07-12T00:53:44+08:00][sql] SELECT * FROM `carver_article` WHERE  `article_label` LIKE '%angerjs%'  AND `delete_time` = 0  AND `is_show` = 1 LIMIT 0,6 [ RunTime:0.000956s ]
[2021-07-12T00:53:44+08:00][sql] SELECT article_id,article_title,click_num,FROM_UNIXTIME(add_time,'%Y-%m-%d') as add_time FROM `carver_article` WHERE  `is_show` = 1  AND `delete_time` = 0 ORDER BY `click_num` DESC LIMIT 3 [ RunTime:0.000465s ]
[2021-07-12T00:53:44+08:00][sql] SHOW FULL COLUMNS FROM `carver_notice` [ RunTime:0.000675s ]
[2021-07-12T00:53:44+08:00][sql] SELECT * FROM `carver_notice` ORDER BY `create_time` DESC LIMIT 3 [ RunTime:0.000305s ]
[2021-07-12T00:53:44+08:00][sql] SHOW FULL COLUMNS FROM `carver_navigation` [ RunTime:0.000627s ]
[2021-07-12T00:53:44+08:00][sql] SELECT * FROM `carver_navigation` [ RunTime:0.000393s ]
[2021-07-12T00:53:44+08:00][sql] SHOW FULL COLUMNS FROM `carver_link` [ RunTime:0.000582s ]
[2021-07-12T00:53:44+08:00][sql] SELECT * FROM `carver_link` WHERE  ( is_confirm=2 ) LIMIT 20 [ RunTime:0.000364s ]
[2021-07-12T00:53:44+08:00][sql] SELECT `article_label` FROM `carver_article` [ RunTime:0.000255s ]
[2021-07-12T00:53:44+08:00][sql] SHOW FULL COLUMNS FROM `carver_carouse` [ RunTime:0.000567s ]
[2021-07-12T00:53:44+08:00][sql] SELECT `carouse_img`,`carouse_desc` FROM `carver_carouse` WHERE  `is_show` = 1 ORDER BY `carouse_sort` DESC LIMIT 3 [ RunTime:0.000306s ]
[2021-07-12T00:53:44+08:00][sql] SHOW FULL COLUMNS FROM `carver_site` [ RunTime:0.000573s ]
[2021-07-12T00:53:44+08:00][sql] SELECT * FROM `carver_site` [ RunTime:0.000311s ]
[2021-07-12T02:42:34+08:00][sql] CONNECT:[ UseTime:0.000588s ] mysql:host=127.0.0.1;port=3306;dbname=carver;charset=utf8
[2021-07-12T02:42:34+08:00][sql] SHOW FULL COLUMNS FROM `carver_user` [ RunTime:0.001964s ]
[2021-07-12T02:42:34+08:00][sql] SHOW FULL COLUMNS FROM `carver_article` [ RunTime:0.000791s ]
[2021-07-12T02:42:34+08:00][sql] SELECT COUNT(*) AS think_count FROM `carver_article` WHERE  `delete_time` = 0  AND `is_show` = 1 [ RunTime:0.000469s ]
[2021-07-12T02:42:34+08:00][sql] SELECT `article_id`,`article_title`,`article_desc`,`article_content`,`article_img`,`article_guide`,`article_label`,`click_num`,`is_show`,`add_time`,`article_author`,`is_top_show` FROM `carver_article` WHERE  `delete_time` = 0  AND `is_show` = 1 ORDER BY `article_id` DESC LIMIT 0,6 [ RunTime:0.000775s ]
[2021-07-12T02:42:34+08:00][sql] SELECT article_id,article_title,click_num,FROM_UNIXTIME(add_time,'%Y-%m-%d') as add_time FROM `carver_article` WHERE  `is_show` = 1  AND `delete_time` = 0 ORDER BY `click_num` DESC LIMIT 3 [ RunTime:0.000391s ]
[2021-07-12T02:42:34+08:00][sql] SHOW FULL COLUMNS FROM `carver_notice` [ RunTime:0.000568s ]
[2021-07-12T02:42:34+08:00][sql] SELECT * FROM `carver_notice` ORDER BY `create_time` DESC LIMIT 3 [ RunTime:0.000295s ]
[2021-07-12T02:42:34+08:00][sql] SHOW FULL COLUMNS FROM `carver_navigation` [ RunTime:0.000557s ]
[2021-07-12T02:42:34+08:00][sql] SELECT * FROM `carver_navigation` [ RunTime:0.000241s ]
[2021-07-12T02:42:34+08:00][sql] SHOW FULL COLUMNS FROM `carver_link` [ RunTime:0.000562s ]
[2021-07-12T02:42:34+08:00][sql] SELECT * FROM `carver_link` WHERE  ( is_confirm=2 ) LIMIT 20 [ RunTime:0.000275s ]
[2021-07-12T02:42:34+08:00][sql] SELECT `article_label` FROM `carver_article` [ RunTime:0.000259s ]
[2021-07-12T02:42:34+08:00][sql] SHOW FULL COLUMNS FROM `carver_carouse` [ RunTime:0.000528s ]
[2021-07-12T02:42:34+08:00][sql] SELECT `carouse_img`,`carouse_desc` FROM `carver_carouse` WHERE  `is_show` = 1 ORDER BY `carouse_sort` DESC LIMIT 3 [ RunTime:0.000319s ]
[2021-07-12T02:42:34+08:00][sql] SHOW FULL COLUMNS FROM `carver_site` [ RunTime:0.000521s ]
[2021-07-12T02:42:34+08:00][sql] SELECT * FROM `carver_site` [ RunTime:0.000243s ]
[2021-07-12T03:51:42+08:00][sql] CONNECT:[ UseTime:0.000549s ] mysql:host=127.0.0.1;port=3306;dbname=carver;charset=utf8
[2021-07-12T03:51:42+08:00][sql] SHOW FULL COLUMNS FROM `carver_user` [ RunTime:0.000948s ]
[2021-07-12T03:51:42+08:00][sql] SHOW FULL COLUMNS FROM `carver_article` [ RunTime:0.000877s ]
[2021-07-12T03:51:42+08:00][sql] SELECT COUNT(*) AS think_count FROM `carver_article` WHERE  `delete_time` = 0  AND `is_show` = 1 [ RunTime:0.000537s ]
[2021-07-12T03:51:42+08:00][sql] SELECT `article_id`,`article_title`,`article_desc`,`article_content`,`article_img`,`article_guide`,`article_label`,`click_num`,`is_show`,`add_time`,`article_author`,`is_top_show` FROM `carver_article` WHERE  `delete_time` = 0  AND `is_show` = 1 ORDER BY `article_id` DESC LIMIT 0,6 [ RunTime:0.000809s ]
[2021-07-12T03:51:42+08:00][sql] SELECT article_id,article_title,click_num,FROM_UNIXTIME(add_time,'%Y-%m-%d') as add_time FROM `carver_article` WHERE  `is_show` = 1  AND `delete_time` = 0 ORDER BY `click_num` DESC LIMIT 3 [ RunTime:0.000558s ]
[2021-07-12T03:51:42+08:00][sql] SHOW FULL COLUMNS FROM `carver_notice` [ RunTime:0.000749s ]
[2021-07-12T03:51:42+08:00][sql] SELECT * FROM `carver_notice` ORDER BY `create_time` DESC LIMIT 3 [ RunTime:0.000287s ]
[2021-07-12T03:51:42+08:00][sql] SHOW FULL COLUMNS FROM `carver_navigation` [ RunTime:0.000611s ]
[2021-07-12T03:51:42+08:00][sql] SELECT * FROM `carver_navigation` [ RunTime:0.000272s ]
[2021-07-12T03:51:42+08:00][sql] SHOW FULL COLUMNS FROM `carver_link` [ RunTime:0.000640s ]
[2021-07-12T03:51:42+08:00][sql] SELECT * FROM `carver_link` WHERE  ( is_confirm=2 ) LIMIT 20 [ RunTime:0.000391s ]
[2021-07-12T03:51:42+08:00][sql] SELECT `article_label` FROM `carver_article` [ RunTime:0.000315s ]
[2021-07-12T03:51:42+08:00][sql] SHOW FULL COLUMNS FROM `carver_carouse` [ RunTime:0.000585s ]
[2021-07-12T03:51:42+08:00][sql] SELECT `carouse_img`,`carouse_desc` FROM `carver_carouse` WHERE  `is_show` = 1 ORDER BY `carouse_sort` DESC LIMIT 3 [ RunTime:0.000361s ]
[2021-07-12T03:51:42+08:00][sql] SHOW FULL COLUMNS FROM `carver_site` [ RunTime:0.000620s ]
[2021-07-12T03:51:42+08:00][sql] SELECT * FROM `carver_site` [ RunTime:0.000240s ]
[2021-07-12T04:42:23+08:00][sql] CONNECT:[ UseTime:0.011771s ] mysql:host=127.0.0.1;port=3306;dbname=carver;charset=utf8
[2021-07-12T04:42:23+08:00][sql] SHOW FULL COLUMNS FROM `carver_article` [ RunTime:0.001057s ]
[2021-07-12T04:42:23+08:00][sql] SELECT `article_id`,`article_title`,`article_desc`,`article_content`,`article_img`,`article_guide`,`article_label`,`click_num`,`is_show`,`add_time`,`article_author` FROM `carver_article` WHERE  `article_id` = 25'A=0 LIMIT 1 [ RunTime:0.000464s ]
[2021-07-12T04:42:23+08:00][sql] SELECT `article_id`,`article_title`,`article_desc`,`article_content`,`article_img`,`article_guide`,`article_label`,`click_num`,`is_show`,`add_time`,`article_author` FROM `carver_article` WHERE  `article_id` > 25'A=0 LIMIT 1 [ RunTime:0.000595s ]
[2021-07-12T04:42:23+08:00][sql] SELECT `article_id`,`article_title`,`article_desc`,`article_content`,`article_img`,`article_guide`,`article_label`,`click_num`,`is_show`,`add_time`,`article_author` FROM `carver_article` WHERE  `article_id` < 25'A=0 ORDER BY `article_id` DESC LIMIT 1 [ RunTime:0.000412s ]
[2021-07-12T04:42:23+08:00][sql] SHOW FULL COLUMNS FROM `carver_link` [ RunTime:0.000661s ]
[2021-07-12T04:42:23+08:00][sql] SELECT * FROM `carver_link` WHERE  ( is_confirm=2 ) LIMIT 20 [ RunTime:0.000318s ]
[2021-07-12T04:42:23+08:00][sql] SELECT article_id,article_title,click_num,FROM_UNIXTIME(add_time,'%Y-%m-%d') as add_time FROM `carver_article` ORDER BY `click_num` DESC LIMIT 3 [ RunTime:0.000331s ]
[2021-07-12T04:42:23+08:00][sql] SHOW FULL COLUMNS FROM `carver_comment` [ RunTime:0.020842s ]
[2021-07-12T04:42:23+08:00][sql] SELECT `a`.*,`b`.`user_name` FROM `carver_comment` `a` INNER JOIN `carver_user` `b` ON `a`.`user_id`=`b`.`user_id` WHERE  `article_id` = 25'A=0 ORDER BY `create_time` DESC [ RunTime:0.000537s ]
[2021-07-12T04:42:23+08:00][sql] SHOW FULL COLUMNS FROM `carver_comment_to_others` [ RunTime:0.013877s ]
[2021-07-12T04:42:23+08:00][sql] SELECT * FROM `carver_comment_to_others` [ RunTime:0.001185s ]
[2021-07-12T04:42:23+08:00][sql] SHOW FULL COLUMNS FROM `carver_user` [ RunTime:0.000574s ]
[2021-07-12T04:42:23+08:00][sql] SELECT `user_name` FROM `carver_user` WHERE  `user_id` = 4 LIMIT 1 [ RunTime:0.001388s ]
[2021-07-12T04:42:23+08:00][sql] SELECT `user_name` FROM `carver_user` WHERE  `user_id` = 4 LIMIT 1 [ RunTime:0.000230s ]
[2021-07-12T04:42:23+08:00][sql] SELECT `user_name` FROM `carver_user` WHERE  `user_id` = 5 LIMIT 1 [ RunTime:0.000207s ]
[2021-07-12T04:42:23+08:00][sql] SELECT `user_name` FROM `carver_user` WHERE  `user_id` = 5 LIMIT 1 [ RunTime:0.000216s ]
[2021-07-12T04:42:23+08:00][sql] SELECT `user_name` FROM `carver_user` WHERE  `user_id` = 37 LIMIT 1 [ RunTime:0.000256s ]
[2021-07-12T04:42:23+08:00][sql] SELECT `user_name`,`user_id` FROM `carver_user` [ RunTime:0.000493s ]
[2021-07-12T04:42:23+08:00][sql] SHOW FULL COLUMNS FROM `carver_navigation` [ RunTime:0.000813s ]
[2021-07-12T04:42:23+08:00][sql] SELECT * FROM `carver_navigation` [ RunTime:0.000308s ]
[2021-07-12T04:42:23+08:00][sql] SELECT `article_label` FROM `carver_article` [ RunTime:0.000263s ]
[2021-07-12T05:37:42+08:00][sql] CONNECT:[ UseTime:0.000906s ] mysql:host=127.0.0.1;port=3306;dbname=carver;charset=utf8
[2021-07-12T05:37:42+08:00][sql] SHOW FULL COLUMNS FROM `carver_user` [ RunTime:0.001008s ]
[2021-07-12T05:37:42+08:00][sql] SHOW FULL COLUMNS FROM `carver_article` [ RunTime:0.000843s ]
[2021-07-12T05:37:42+08:00][sql] SELECT COUNT(*) AS think_count FROM `carver_article` WHERE  `delete_time` = 0  AND `is_show` = 1 [ RunTime:0.000436s ]
[2021-07-12T05:37:42+08:00][sql] SELECT `article_id`,`article_title`,`article_desc`,`article_content`,`article_img`,`article_guide`,`article_label`,`click_num`,`is_show`,`add_time`,`article_author`,`is_top_show` FROM `carver_article` WHERE  `delete_time` = 0  AND `is_show` = 1 ORDER BY `article_id` DESC LIMIT 0,6 [ RunTime:0.000817s ]
[2021-07-12T05:37:42+08:00][sql] SELECT article_id,article_title,click_num,FROM_UNIXTIME(add_time,'%Y-%m-%d') as add_time FROM `carver_article` WHERE  `is_show` = 1  AND `delete_time` = 0 ORDER BY `click_num` DESC LIMIT 3 [ RunTime:0.000654s ]
[2021-07-12T05:37:42+08:00][sql] SHOW FULL COLUMNS FROM `carver_notice` [ RunTime:0.000761s ]
[2021-07-12T05:37:42+08:00][sql] SELECT * FROM `carver_notice` ORDER BY `create_time` DESC LIMIT 3 [ RunTime:0.000320s ]
[2021-07-12T05:37:42+08:00][sql] SHOW FULL COLUMNS FROM `carver_navigation` [ RunTime:0.000670s ]
[2021-07-12T05:37:42+08:00][sql] SELECT * FROM `carver_navigation` [ RunTime:0.000283s ]
[2021-07-12T05:37:42+08:00][sql] SHOW FULL COLUMNS FROM `carver_link` [ RunTime:0.000585s ]
[2021-07-12T05:37:42+08:00][sql] SELECT * FROM `carver_link` WHERE  ( is_confirm=2 ) LIMIT 20 [ RunTime:0.000297s ]
[2021-07-12T05:37:42+08:00][sql] SELECT `article_label` FROM `carver_article` [ RunTime:0.000300s ]
[2021-07-12T05:37:42+08:00][sql] SHOW FULL COLUMNS FROM `carver_carouse` [ RunTime:0.000625s ]
[2021-07-12T05:37:42+08:00][sql] SELECT `carouse_img`,`carouse_desc` FROM `carver_carouse` WHERE  `is_show` = 1 ORDER BY `carouse_sort` DESC LIMIT 3 [ RunTime:0.000309s ]
[2021-07-12T05:37:42+08:00][sql] SHOW FULL COLUMNS FROM `carver_site` [ RunTime:0.000613s ]
[2021-07-12T05:37:42+08:00][sql] SELECT * FROM `carver_site` [ RunTime:0.000238s ]
[2021-07-12T06:23:08+08:00][sql] CONNECT:[ UseTime:0.000626s ] mysql:host=127.0.0.1;port=3306;dbname=carver;charset=utf8
[2021-07-12T06:23:08+08:00][sql] SHOW FULL COLUMNS FROM `carver_user` [ RunTime:0.001204s ]
[2021-07-12T06:23:08+08:00][sql] SHOW FULL COLUMNS FROM `carver_article` [ RunTime:0.000904s ]
[2021-07-12T06:23:08+08:00][sql] SELECT COUNT(*) AS think_count FROM `carver_article` WHERE  `delete_time` = 0  AND `is_show` = 1 [ RunTime:0.000494s ]
[2021-07-12T06:23:08+08:00][sql] SELECT `article_id`,`article_title`,`article_desc`,`article_content`,`article_img`,`article_guide`,`article_label`,`click_num`,`is_show`,`add_time`,`article_author`,`is_top_show` FROM `carver_article` WHERE  `delete_time` = 0  AND `is_show` = 1 ORDER BY `article_id` DESC LIMIT 0,6 [ RunTime:0.000815s ]
[2021-07-12T06:23:08+08:00][sql] SELECT article_id,article_title,click_num,FROM_UNIXTIME(add_time,'%Y-%m-%d') as add_time FROM `carver_article` WHERE  `is_show` = 1  AND `delete_time` = 0 ORDER BY `click_num` DESC LIMIT 3 [ RunTime:0.000401s ]
[2021-07-12T06:23:08+08:00][sql] SHOW FULL COLUMNS FROM `carver_notice` [ RunTime:0.001554s ]
[2021-07-12T06:23:08+08:00][sql] SELECT * FROM `carver_notice` ORDER BY `create_time` DESC LIMIT 3 [ RunTime:0.000338s ]
[2021-07-12T06:23:08+08:00][sql] SHOW FULL COLUMNS FROM `carver_navigation` [ RunTime:0.000649s ]
[2021-07-12T06:23:08+08:00][sql] SELECT * FROM `carver_navigation` [ RunTime:0.000300s ]
[2021-07-12T06:23:08+08:00][sql] SHOW FULL COLUMNS FROM `carver_link` [ RunTime:0.000674s ]
[2021-07-12T06:23:08+08:00][sql] SELECT * FROM `carver_link` WHERE  ( is_confirm=2 ) LIMIT 20 [ RunTime:0.000356s ]
[2021-07-12T06:23:08+08:00][sql] SELECT `article_label` FROM `carver_article` [ RunTime:0.000323s ]
[2021-07-12T06:23:08+08:00][sql] SHOW FULL COLUMNS FROM `carver_carouse` [ RunTime:0.000686s ]
[2021-07-12T06:23:08+08:00][sql] SELECT `carouse_img`,`carouse_desc` FROM `carver_carouse` WHERE  `is_show` = 1 ORDER BY `carouse_sort` DESC LIMIT 3 [ RunTime:0.000356s ]
[2021-07-12T06:23:08+08:00][sql] SHOW FULL COLUMNS FROM `carver_site` [ RunTime:0.000646s ]
[2021-07-12T06:23:08+08:00][sql] SELECT * FROM `carver_site` [ RunTime:0.004287s ]
[2021-07-12T07:05:49+08:00][sql] CONNECT:[ UseTime:0.000572s ] mysql:host=127.0.0.1;port=3306;dbname=carver;charset=utf8
[2021-07-12T07:05:49+08:00][sql] SHOW FULL COLUMNS FROM `carver_user` [ RunTime:0.000929s ]
[2021-07-12T07:05:49+08:00][sql] SHOW FULL COLUMNS FROM `carver_article` [ RunTime:0.000757s ]
[2021-07-12T07:05:49+08:00][sql] SELECT COUNT(*) AS think_count FROM `carver_article` WHERE  `delete_time` = 0  AND `is_show` = 1 [ RunTime:0.000380s ]
[2021-07-12T07:05:49+08:00][sql] SELECT `article_id`,`article_title`,`article_desc`,`article_content`,`article_img`,`article_guide`,`article_label`,`click_num`,`is_show`,`add_time`,`article_author`,`is_top_show` FROM `carver_article` WHERE  `delete_time` = 0  AND `is_show` = 1 ORDER BY `article_id` DESC LIMIT 0,6 [ RunTime:0.000750s ]
[2021-07-12T07:05:49+08:00][sql] SELECT article_id,article_title,click_num,FROM_UNIXTIME(add_time,'%Y-%m-%d') as add_time FROM `carver_article` WHERE  `is_show` = 1  AND `delete_time` = 0 ORDER BY `click_num` DESC LIMIT 3 [ RunTime:0.000426s ]
[2021-07-12T07:05:49+08:00][sql] SHOW FULL COLUMNS FROM `carver_notice` [ RunTime:0.000738s ]
[2021-07-12T07:05:49+08:00][sql] SELECT * FROM `carver_notice` ORDER BY `create_time` DESC LIMIT 3 [ RunTime:0.000264s ]
[2021-07-12T07:05:49+08:00][sql] SHOW FULL COLUMNS FROM `carver_navigation` [ RunTime:0.000556s ]
[2021-07-12T07:05:49+08:00][sql] SELECT * FROM `carver_navigation` [ RunTime:0.000248s ]
[2021-07-12T07:05:49+08:00][sql] SHOW FULL COLUMNS FROM `carver_link` [ RunTime:0.000564s ]
[2021-07-12T07:05:49+08:00][sql] SELECT * FROM `carver_link` WHERE  ( is_confirm=2 ) LIMIT 20 [ RunTime:0.000288s ]
[2021-07-12T07:05:49+08:00][sql] SELECT `article_label` FROM `carver_article` [ RunTime:0.000275s ]
[2021-07-12T07:05:49+08:00][sql] SHOW FULL COLUMNS FROM `carver_carouse` [ RunTime:0.000534s ]
[2021-07-12T07:05:49+08:00][sql] SELECT `carouse_img`,`carouse_desc` FROM `carver_carouse` WHERE  `is_show` = 1 ORDER BY `carouse_sort` DESC LIMIT 3 [ RunTime:0.000291s ]
[2021-07-12T07:05:49+08:00][sql] SHOW FULL COLUMNS FROM `carver_site` [ RunTime:0.000519s ]
[2021-07-12T07:05:49+08:00][sql] SELECT * FROM `carver_site` [ RunTime:0.000246s ]
[2021-07-12T08:03:18+08:00][sql] CONNECT:[ UseTime:0.000659s ] mysql:host=127.0.0.1;port=3306;dbname=carver;charset=utf8
[2021-07-12T08:03:18+08:00][sql] SHOW FULL COLUMNS FROM `carver_user` [ RunTime:0.000920s ]
[2021-07-12T08:03:18+08:00][sql] SHOW FULL COLUMNS FROM `carver_article` [ RunTime:0.000782s ]
[2021-07-12T08:03:18+08:00][sql] SELECT COUNT(*) AS think_count FROM `carver_article` WHERE  `delete_time` = 0  AND `is_show` = 1 [ RunTime:0.000393s ]
[2021-07-12T08:03:18+08:00][sql] SELECT `article_id`,`article_title`,`article_desc`,`article_content`,`article_img`,`article_guide`,`article_label`,`click_num`,`is_show`,`add_time`,`article_author`,`is_top_show` FROM `carver_article` WHERE  `delete_time` = 0  AND `is_show` = 1 ORDER BY `article_id` DESC LIMIT 0,6 [ RunTime:0.000772s ]
[2021-07-12T08:03:18+08:00][sql] SELECT article_id,article_title,click_num,FROM_UNIXTIME(add_time,'%Y-%m-%d') as add_time FROM `carver_article` WHERE  `is_show` = 1  AND `delete_time` = 0 ORDER BY `click_num` DESC LIMIT 3 [ RunTime:0.000532s ]
[2021-07-12T08:03:18+08:00][sql] SHOW FULL COLUMNS FROM `carver_notice` [ RunTime:0.000685s ]
[2021-07-12T08:03:18+08:00][sql] SELECT * FROM `carver_notice` ORDER BY `create_time` DESC LIMIT 3 [ RunTime:0.000292s ]
[2021-07-12T08:03:18+08:00][sql] SHOW FULL COLUMNS FROM `carver_navigation` [ RunTime:0.000656s ]
[2021-07-12T08:03:18+08:00][sql] SELECT * FROM `carver_navigation` [ RunTime:0.000261s ]
[2021-07-12T08:03:18+08:00][sql] SHOW FULL COLUMNS FROM `carver_link` [ RunTime:0.000623s ]
[2021-07-12T08:03:18+08:00][sql] SELECT * FROM `carver_link` WHERE  ( is_confirm=2 ) LIMIT 20 [ RunTime:0.000310s ]
[2021-07-12T08:03:18+08:00][sql] SELECT `article_label` FROM `carver_article` [ RunTime:0.000302s ]
[2021-07-12T08:03:18+08:00][sql] SHOW FULL COLUMNS FROM `carver_carouse` [ RunTime:0.000578s ]
[2021-07-12T08:03:18+08:00][sql] SELECT `carouse_img`,`carouse_desc` FROM `carver_carouse` WHERE  `is_show` = 1 ORDER BY `carouse_sort` DESC LIMIT 3 [ RunTime:0.000295s ]
[2021-07-12T08:03:18+08:00][sql] SHOW FULL COLUMNS FROM `carver_site` [ RunTime:0.000547s ]
[2021-07-12T08:03:18+08:00][sql] SELECT * FROM `carver_site` [ RunTime:0.000231s ]
[2021-07-12T09:45:50+08:00][sql] CONNECT:[ UseTime:0.002081s ] mysql:host=127.0.0.1;port=3306;dbname=carver;charset=utf8
[2021-07-12T09:45:50+08:00][sql] SHOW FULL COLUMNS FROM `carver_article` [ RunTime:0.001007s ]
[2021-07-12T09:45:50+08:00][sql] SELECT `article_id`,`article_title`,`article_desc`,`article_content`,`article_img`,`article_guide`,`article_label`,`click_num`,`is_show`,`add_time`,`article_author` FROM `carver_article` WHERE  `article_id` = 26 LIMIT 1 [ RunTime:0.000722s ]
[2021-07-12T09:45:50+08:00][sql] SELECT `article_id`,`article_title`,`article_desc`,`article_content`,`article_img`,`article_guide`,`article_label`,`click_num`,`is_show`,`add_time`,`article_author` FROM `carver_article` WHERE  `article_id` > 26 LIMIT 1 [ RunTime:0.000436s ]
[2021-07-12T09:45:50+08:00][sql] SELECT `article_id`,`article_title`,`article_desc`,`article_content`,`article_img`,`article_guide`,`article_label`,`click_num`,`is_show`,`add_time`,`article_author` FROM `carver_article` WHERE  `article_id` < 26 ORDER BY `article_id` DESC LIMIT 1 [ RunTime:0.000400s ]
[2021-07-12T09:45:50+08:00][sql] SHOW FULL COLUMNS FROM `carver_link` [ RunTime:0.000745s ]
[2021-07-12T09:45:50+08:00][sql] SELECT * FROM `carver_link` WHERE  ( is_confirm=2 ) LIMIT 20 [ RunTime:0.000347s ]
[2021-07-12T09:45:50+08:00][sql] SELECT article_id,article_title,click_num,FROM_UNIXTIME(add_time,'%Y-%m-%d') as add_time FROM `carver_article` ORDER BY `click_num` DESC LIMIT 3 [ RunTime:0.000384s ]
[2021-07-12T09:45:50+08:00][sql] SHOW FULL COLUMNS FROM `carver_comment` [ RunTime:0.000695s ]
[2021-07-12T09:45:50+08:00][sql] SELECT `a`.*,`b`.`user_name` FROM `carver_comment` `a` INNER JOIN `carver_user` `b` ON `a`.`user_id`=`b`.`user_id` WHERE  `article_id` = 26 ORDER BY `create_time` DESC [ RunTime:0.000397s ]
[2021-07-12T09:45:50+08:00][sql] SHOW FULL COLUMNS FROM `carver_comment_to_others` [ RunTime:0.000599s ]
[2021-07-12T09:45:50+08:00][sql] SELECT * FROM `carver_comment_to_others` [ RunTime:0.000253s ]
[2021-07-12T09:45:50+08:00][sql] SHOW FULL COLUMNS FROM `carver_user` [ RunTime:0.000473s ]
[2021-07-12T09:45:50+08:00][sql] SELECT `user_name` FROM `carver_user` WHERE  `user_id` = 4 LIMIT 1 [ RunTime:0.000262s ]
[2021-07-12T09:45:50+08:00][sql] SELECT `user_name` FROM `carver_user` WHERE  `user_id` = 4 LIMIT 1 [ RunTime:0.000214s ]
[2021-07-12T09:45:50+08:00][sql] SELECT `user_name` FROM `carver_user` WHERE  `user_id` = 5 LIMIT 1 [ RunTime:0.000240s ]
[2021-07-12T09:45:50+08:00][sql] SELECT `user_name` FROM `carver_user` WHERE  `user_id` = 5 LIMIT 1 [ RunTime:0.000239s ]
[2021-07-12T09:45:50+08:00][sql] SELECT `user_name` FROM `carver_user` WHERE  `user_id` = 37 LIMIT 1 [ RunTime:0.000215s ]
[2021-07-12T09:45:50+08:00][sql] SELECT `user_name`,`user_id` FROM `carver_user` [ RunTime:0.000324s ]
[2021-07-12T09:45:50+08:00][sql] SHOW FULL COLUMNS FROM `carver_navigation` [ RunTime:0.000779s ]
[2021-07-12T09:45:50+08:00][sql] SELECT * FROM `carver_navigation` [ RunTime:0.000310s ]
[2021-07-12T09:45:50+08:00][sql] SELECT `article_label` FROM `carver_article` [ RunTime:0.000317s ]
[2021-07-12T10:27:11+08:00][sql] CONNECT:[ UseTime:0.000649s ] mysql:host=127.0.0.1;port=3306;dbname=carver;charset=utf8
[2021-07-12T10:27:11+08:00][sql] SHOW FULL COLUMNS FROM `carver_article` [ RunTime:0.000949s ]
[2021-07-12T10:27:11+08:00][sql] SELECT COUNT(*) AS think_count FROM `carver_article` WHERE  `article_label` LIKE '%linux%'  AND `delete_time` = 0  AND `is_show` = 1 [ RunTime:0.000406s ]
[2021-07-12T10:27:11+08:00][sql] SELECT * FROM `carver_article` WHERE  `article_label` LIKE '%linux%'  AND `delete_time` = 0  AND `is_show` = 1 LIMIT 0,6 [ RunTime:0.001216s ]
[2021-07-12T10:27:11+08:00][sql] SELECT article_id,article_title,click_num,FROM_UNIXTIME(add_time,'%Y-%m-%d') as add_time FROM `carver_article` WHERE  `is_show` = 1  AND `delete_time` = 0 ORDER BY `click_num` DESC LIMIT 3 [ RunTime:0.000384s ]
[2021-07-12T10:27:11+08:00][sql] SHOW FULL COLUMNS FROM `carver_notice` [ RunTime:0.000639s ]
[2021-07-12T10:27:11+08:00][sql] SELECT * FROM `carver_notice` ORDER BY `create_time` DESC LIMIT 3 [ RunTime:0.000275s ]
[2021-07-12T10:27:11+08:00][sql] SHOW FULL COLUMNS FROM `carver_navigation` [ RunTime:0.000558s ]
[2021-07-12T10:27:11+08:00][sql] SELECT * FROM `carver_navigation` [ RunTime:0.000306s ]
[2021-07-12T10:27:11+08:00][sql] SHOW FULL COLUMNS FROM `carver_link` [ RunTime:0.000572s ]
[2021-07-12T10:27:11+08:00][sql] SELECT * FROM `carver_link` WHERE  ( is_confirm=2 ) LIMIT 20 [ RunTime:0.000284s ]
[2021-07-12T10:27:11+08:00][sql] SELECT `article_label` FROM `carver_article` [ RunTime:0.000268s ]
[2021-07-12T10:27:11+08:00][sql] SHOW FULL COLUMNS FROM `carver_carouse` [ RunTime:0.000506s ]
[2021-07-12T10:27:11+08:00][sql] SELECT `carouse_img`,`carouse_desc` FROM `carver_carouse` WHERE  `is_show` = 1 ORDER BY `carouse_sort` DESC LIMIT 3 [ RunTime:0.000308s ]
[2021-07-12T10:27:11+08:00][sql] SHOW FULL COLUMNS FROM `carver_site` [ RunTime:0.000585s ]
[2021-07-12T10:27:11+08:00][sql] SELECT * FROM `carver_site` [ RunTime:0.000271s ]
[2021-07-12T11:43:30+08:00][sql] CONNECT:[ UseTime:0.000586s ] mysql:host=127.0.0.1;port=3306;dbname=carver;charset=utf8
[2021-07-12T11:43:30+08:00][sql] SHOW FULL COLUMNS FROM `carver_user` [ RunTime:0.001143s ]
[2021-07-12T11:43:30+08:00][sql] SHOW FULL COLUMNS FROM `carver_article` [ RunTime:0.000800s ]
[2021-07-12T11:43:30+08:00][sql] SELECT COUNT(*) AS think_count FROM `carver_article` WHERE  `delete_time` = 0  AND `is_show` = 1 [ RunTime:0.000394s ]
[2021-07-12T11:43:30+08:00][sql] SELECT `article_id`,`article_title`,`article_desc`,`article_content`,`article_img`,`article_guide`,`article_label`,`click_num`,`is_show`,`add_time`,`article_author`,`is_top_show` FROM `carver_article` WHERE  `delete_time` = 0  AND `is_show` = 1 ORDER BY `article_id` DESC LIMIT 0,6 [ RunTime:0.000794s ]
[2021-07-12T11:43:30+08:00][sql] SELECT article_id,article_title,click_num,FROM_UNIXTIME(add_time,'%Y-%m-%d') as add_time FROM `carver_article` WHERE  `is_show` = 1  AND `delete_time` = 0 ORDER BY `click_num` DESC LIMIT 3 [ RunTime:0.000450s ]
[2021-07-12T11:43:30+08:00][sql] SHOW FULL COLUMNS FROM `carver_notice` [ RunTime:0.000614s ]
[2021-07-12T11:43:30+08:00][sql] SELECT * FROM `carver_notice` ORDER BY `create_time` DESC LIMIT 3 [ RunTime:0.000277s ]
[2021-07-12T11:43:30+08:00][sql] SHOW FULL COLUMNS FROM `carver_navigation` [ RunTime:0.000657s ]
[2021-07-12T11:43:30+08:00][sql] SELECT * FROM `carver_navigation` [ RunTime:0.000250s ]
[2021-07-12T11:43:30+08:00][sql] SHOW FULL COLUMNS FROM `carver_link` [ RunTime:0.000703s ]
[2021-07-12T11:43:30+08:00][sql] SELECT * FROM `carver_link` WHERE  ( is_confirm=2 ) LIMIT 20 [ RunTime:0.000316s ]
[2021-07-12T11:43:30+08:00][sql] SELECT `article_label` FROM `carver_article` [ RunTime:0.000280s ]
[2021-07-12T11:43:30+08:00][sql] SHOW FULL COLUMNS FROM `carver_carouse` [ RunTime:0.000576s ]
[2021-07-12T11:43:30+08:00][sql] SELECT `carouse_img`,`carouse_desc` FROM `carver_carouse` WHERE  `is_show` = 1 ORDER BY `carouse_sort` DESC LIMIT 3 [ RunTime:0.000341s ]
[2021-07-12T11:43:30+08:00][sql] SHOW FULL COLUMNS FROM `carver_site` [ RunTime:0.000536s ]
[2021-07-12T11:43:30+08:00][sql] SELECT * FROM `carver_site` [ RunTime:0.000230s ]
[2021-07-12T14:39:05+08:00][sql] CONNECT:[ UseTime:0.000587s ] mysql:host=127.0.0.1;port=3306;dbname=carver;charset=utf8
[2021-07-12T14:39:05+08:00][sql] SHOW FULL COLUMNS FROM `carver_article` [ RunTime:0.000985s ]
[2021-07-12T14:39:05+08:00][sql] SELECT `article_id`,`article_title`,`article_desc`,`article_content`,`article_img`,`article_guide`,`article_label`,`click_num`,`is_show`,`add_time`,`article_author` FROM `carver_article` WHERE  `article_id` = 28 LIMIT 1 [ RunTime:0.000423s ]
[2021-07-12T14:39:05+08:00][sql] SELECT `article_id`,`article_title`,`article_desc`,`article_content`,`article_img`,`article_guide`,`article_label`,`click_num`,`is_show`,`add_time`,`article_author` FROM `carver_article` WHERE  `article_id` > 28 LIMIT 1 [ RunTime:0.000327s ]
[2021-07-12T14:39:05+08:00][sql] SELECT `article_id`,`article_title`,`article_desc`,`article_content`,`article_img`,`article_guide`,`article_label`,`click_num`,`is_show`,`add_time`,`article_author` FROM `carver_article` WHERE  `article_id` < 28 ORDER BY `article_id` DESC LIMIT 1 [ RunTime:0.000375s ]
[2021-07-12T14:39:05+08:00][sql] SHOW FULL COLUMNS FROM `carver_link` [ RunTime:0.000551s ]
[2021-07-12T14:39:05+08:00][sql] SELECT * FROM `carver_link` WHERE  ( is_confirm=2 ) LIMIT 20 [ RunTime:0.000337s ]
[2021-07-12T14:39:05+08:00][sql] SELECT article_id,article_title,click_num,FROM_UNIXTIME(add_time,'%Y-%m-%d') as add_time FROM `carver_article` ORDER BY `click_num` DESC LIMIT 3 [ RunTime:0.000347s ]
[2021-07-12T14:39:05+08:00][sql] SHOW FULL COLUMNS FROM `carver_comment` [ RunTime:0.000560s ]
[2021-07-12T14:39:05+08:00][sql] SELECT `a`.*,`b`.`user_name` FROM `carver_comment` `a` INNER JOIN `carver_user` `b` ON `a`.`user_id`=`b`.`user_id` WHERE  `article_id` = 28 ORDER BY `create_time` DESC [ RunTime:0.000395s ]
[2021-07-12T14:39:05+08:00][sql] SHOW FULL COLUMNS FROM `carver_comment_to_others` [ RunTime:0.000567s ]
[2021-07-12T14:39:05+08:00][sql] SELECT * FROM `carver_comment_to_others` [ RunTime:0.000245s ]
[2021-07-12T14:39:05+08:00][sql] SHOW FULL COLUMNS FROM `carver_user` [ RunTime:0.000508s ]
[2021-07-12T14:39:05+08:00][sql] SELECT `user_name` FROM `carver_user` WHERE  `user_id` = 4 LIMIT 1 [ RunTime:0.000239s ]
[2021-07-12T14:39:05+08:00][sql] SELECT `user_name` FROM `carver_user` WHERE  `user_id` = 4 LIMIT 1 [ RunTime:0.000212s ]
[2021-07-12T14:39:05+08:00][sql] SELECT `user_name` FROM `carver_user` WHERE  `user_id` = 5 LIMIT 1 [ RunTime:0.000216s ]
[2021-07-12T14:39:05+08:00][sql] SELECT `user_name` FROM `carver_user` WHERE  `user_id` = 5 LIMIT 1 [ RunTime:0.000218s ]
[2021-07-12T14:39:05+08:00][sql] SELECT `user_name` FROM `carver_user` WHERE  `user_id` = 37 LIMIT 1 [ RunTime:0.000214s ]
[2021-07-12T14:39:05+08:00][sql] SELECT `user_name`,`user_id` FROM `carver_user` [ RunTime:0.000256s ]
[2021-07-12T14:39:05+08:00][sql] SHOW FULL COLUMNS FROM `carver_navigation` [ RunTime:0.000502s ]
[2021-07-12T14:39:05+08:00][sql] SELECT * FROM `carver_navigation` [ RunTime:0.000247s ]
[2021-07-12T14:39:05+08:00][sql] SELECT `article_label` FROM `carver_article` [ RunTime:0.000251s ]
[2021-07-12T14:52:31+08:00][sql] CONNECT:[ UseTime:0.000499s ] mysql:host=127.0.0.1;port=3306;dbname=carver;charset=utf8
[2021-07-12T14:52:31+08:00][sql] SHOW FULL COLUMNS FROM `carver_user` [ RunTime:0.000935s ]
[2021-07-12T14:52:31+08:00][sql] SHOW FULL COLUMNS FROM `carver_article` [ RunTime:0.000742s ]
[2021-07-12T14:52:31+08:00][sql] SELECT COUNT(*) AS think_count FROM `carver_article` WHERE  `delete_time` = 0  AND `is_show` = 1 [ RunTime:0.000386s ]
[2021-07-12T14:52:31+08:00][sql] SELECT `article_id`,`article_title`,`article_desc`,`article_content`,`article_img`,`article_guide`,`article_label`,`click_num`,`is_show`,`add_time`,`article_author`,`is_top_show` FROM `carver_article` WHERE  `delete_time` = 0  AND `is_show` = 1 ORDER BY `article_id` DESC LIMIT 18,6 [ RunTime:0.001762s ]
[2021-07-12T14:52:31+08:00][sql] SELECT article_id,article_title,click_num,FROM_UNIXTIME(add_time,'%Y-%m-%d') as add_time FROM `carver_article` WHERE  `is_show` = 1  AND `delete_time` = 0 ORDER BY `click_num` DESC LIMIT 3 [ RunTime:0.000664s ]
[2021-07-12T14:52:31+08:00][sql] SHOW FULL COLUMNS FROM `carver_notice` [ RunTime:0.000751s ]
[2021-07-12T14:52:31+08:00][sql] SELECT * FROM `carver_notice` ORDER BY `create_time` DESC LIMIT 3 [ RunTime:0.000299s ]
[2021-07-12T14:52:31+08:00][sql] SHOW FULL COLUMNS FROM `carver_navigation` [ RunTime:0.000626s ]
[2021-07-12T14:52:31+08:00][sql] SELECT * FROM `carver_navigation` [ RunTime:0.000259s ]
[2021-07-12T14:52:31+08:00][sql] SHOW FULL COLUMNS FROM `carver_link` [ RunTime:0.000590s ]
[2021-07-12T14:52:31+08:00][sql] SELECT * FROM `carver_link` WHERE  ( is_confirm=2 ) LIMIT 20 [ RunTime:0.000306s ]
[2021-07-12T14:52:31+08:00][sql] SELECT `article_label` FROM `carver_article` [ RunTime:0.000327s ]
[2021-07-12T14:52:31+08:00][sql] SHOW FULL COLUMNS FROM `carver_carouse` [ RunTime:0.000567s ]
[2021-07-12T14:52:31+08:00][sql] SELECT `carouse_img`,`carouse_desc` FROM `carver_carouse` WHERE  `is_show` = 1 ORDER BY `carouse_sort` DESC LIMIT 3 [ RunTime:0.000297s ]
[2021-07-12T14:52:31+08:00][sql] SHOW FULL COLUMNS FROM `carver_site` [ RunTime:0.000543s ]
[2021-07-12T14:52:31+08:00][sql] SELECT * FROM `carver_site` [ RunTime:0.000235s ]
[2021-07-12T15:00:51+08:00][sql] CONNECT:[ UseTime:0.000691s ] mysql:host=127.0.0.1;port=3306;dbname=carver;charset=utf8
[2021-07-12T15:00:51+08:00][sql] SHOW FULL COLUMNS FROM `carver_article` [ RunTime:0.000960s ]
[2021-07-12T15:00:51+08:00][sql] SELECT COUNT(*) AS think_count FROM `carver_article` WHERE  `article_label` LIKE '%设计模式%'  AND `delete_time` = 0  AND `is_show` = 1 [ RunTime:0.000446s ]
[2021-07-12T15:00:51+08:00][sql] SELECT * FROM `carver_article` WHERE  `article_label` LIKE '%设计模式%'  AND `delete_time` = 0  AND `is_show` = 1 LIMIT 0,6 [ RunTime:0.003594s ]
[2021-07-12T15:00:51+08:00][sql] SELECT article_id,article_title,click_num,FROM_UNIXTIME(add_time,'%Y-%m-%d') as add_time FROM `carver_article` WHERE  `is_show` = 1  AND `delete_time` = 0 ORDER BY `click_num` DESC LIMIT 3 [ RunTime:0.000788s ]
[2021-07-12T15:00:51+08:00][sql] SHOW FULL COLUMNS FROM `carver_notice` [ RunTime:0.000739s ]
[2021-07-12T15:00:51+08:00][sql] SELECT * FROM `carver_notice` ORDER BY `create_time` DESC LIMIT 3 [ RunTime:0.000321s ]
[2021-07-12T15:00:51+08:00][sql] SHOW FULL COLUMNS FROM `carver_navigation` [ RunTime:0.000608s ]
[2021-07-12T15:00:51+08:00][sql] SELECT * FROM `carver_navigation` [ RunTime:0.000261s ]
[2021-07-12T15:00:51+08:00][sql] SHOW FULL COLUMNS FROM `carver_link` [ RunTime:0.000623s ]
[2021-07-12T15:00:51+08:00][sql] SELECT * FROM `carver_link` WHERE  ( is_confirm=2 ) LIMIT 20 [ RunTime:0.000295s ]
[2021-07-12T15:00:51+08:00][sql] SELECT `article_label` FROM `carver_article` [ RunTime:0.000293s ]
[2021-07-12T15:00:51+08:00][sql] SHOW FULL COLUMNS FROM `carver_carouse` [ RunTime:0.000516s ]
[2021-07-12T15:00:51+08:00][sql] SELECT `carouse_img`,`carouse_desc` FROM `carver_carouse` WHERE  `is_show` = 1 ORDER BY `carouse_sort` DESC LIMIT 3 [ RunTime:0.000297s ]
[2021-07-12T15:00:51+08:00][sql] SHOW FULL COLUMNS FROM `carver_site` [ RunTime:0.000564s ]
[2021-07-12T15:00:51+08:00][sql] SELECT * FROM `carver_site` [ RunTime:0.000264s ]
[2021-07-12T15:09:05+08:00][sql] CONNECT:[ UseTime:0.000537s ] mysql:host=127.0.0.1;port=3306;dbname=carver;charset=utf8
[2021-07-12T15:09:05+08:00][sql] SHOW FULL COLUMNS FROM `carver_article` [ RunTime:0.001222s ]
[2021-07-12T15:09:05+08:00][sql] SELECT COUNT(*) AS think_count FROM `carver_article` WHERE  `article_guide` = 6  AND `delete_time` = 0  AND `is_show` = 1 [ RunTime:0.000439s ]
[2021-07-12T15:09:05+08:00][sql] SELECT * FROM `carver_article` WHERE  `article_guide` = 6  AND `delete_time` = 0  AND `is_show` = 1 ORDER BY `add_time` DESC LIMIT 0,6 [ RunTime:0.000888s ]
[2021-07-12T15:09:05+08:00][sql] SELECT article_id,article_title,click_num,FROM_UNIXTIME(add_time,'%Y-%m-%d') as add_time FROM `carver_article` WHERE  `is_show` = 1  AND `delete_time` = 0 ORDER BY `click_num` DESC LIMIT 3 [ RunTime:0.000533s ]
[2021-07-12T15:09:05+08:00][sql] SHOW FULL COLUMNS FROM `carver_notice` [ RunTime:0.000714s ]
[2021-07-12T15:09:05+08:00][sql] SELECT * FROM `carver_notice` ORDER BY `create_time` DESC LIMIT 3 [ RunTime:0.000313s ]
[2021-07-12T15:09:05+08:00][sql] SHOW FULL COLUMNS FROM `carver_navigation` [ RunTime:0.000650s ]
[2021-07-12T15:09:05+08:00][sql] SELECT * FROM `carver_navigation` [ RunTime:0.000272s ]
[2021-07-12T15:09:05+08:00][sql] SELECT `article_label` FROM `carver_article` [ RunTime:0.000279s ]
[2021-07-12T15:09:05+08:00][sql] SHOW FULL COLUMNS FROM `carver_carouse` [ RunTime:0.000615s ]
[2021-07-12T15:09:05+08:00][sql] SELECT `carouse_img`,`carouse_desc` FROM `carver_carouse` WHERE  `is_show` = 1 ORDER BY `carouse_sort` DESC LIMIT 3 [ RunTime:0.000329s ]
[2021-07-12T15:09:05+08:00][sql] SHOW FULL COLUMNS FROM `carver_link` [ RunTime:0.000541s ]
[2021-07-12T15:09:05+08:00][sql] SELECT * FROM `carver_link` WHERE  ( is_confirm=2 ) LIMIT 20 [ RunTime:0.000299s ]
[2021-07-12T15:09:05+08:00][sql] SHOW FULL COLUMNS FROM `carver_site` [ RunTime:0.000597s ]
[2021-07-12T15:09:05+08:00][sql] SELECT * FROM `carver_site` [ RunTime:0.000255s ]
[2021-07-12T15:32:10+08:00][sql] CONNECT:[ UseTime:0.000731s ] mysql:host=127.0.0.1;port=3306;dbname=carver;charset=utf8
[2021-07-12T15:32:10+08:00][sql] SHOW FULL COLUMNS FROM `carver_article` [ RunTime:0.000987s ]
[2021-07-12T15:32:10+08:00][sql] SELECT COUNT(*) AS think_count FROM `carver_article` WHERE  `article_label` LIKE '%php%'  AND `delete_time` = 0  AND `is_show` = 1 [ RunTime:0.000425s ]
[2021-07-12T15:32:10+08:00][sql] SELECT * FROM `carver_article` WHERE  `article_label` LIKE '%php%'  AND `delete_time` = 0  AND `is_show` = 1 LIMIT 0,6 [ RunTime:0.001152s ]
[2021-07-12T15:32:10+08:00][sql] SELECT article_id,article_title,click_num,FROM_UNIXTIME(add_time,'%Y-%m-%d') as add_time FROM `carver_article` WHERE  `is_show` = 1  AND `delete_time` = 0 ORDER BY `click_num` DESC LIMIT 3 [ RunTime:0.000569s ]
[2021-07-12T15:32:10+08:00][sql] SHOW FULL COLUMNS FROM `carver_notice` [ RunTime:0.000716s ]
[2021-07-12T15:32:10+08:00][sql] SELECT * FROM `carver_notice` ORDER BY `create_time` DESC LIMIT 3 [ RunTime:0.000302s ]
[2021-07-12T15:32:10+08:00][sql] SHOW FULL COLUMNS FROM `carver_navigation` [ RunTime:0.000615s ]
[2021-07-12T15:32:10+08:00][sql] SELECT * FROM `carver_navigation` [ RunTime:0.000505s ]
[2021-07-12T15:32:10+08:00][sql] SHOW FULL COLUMNS FROM `carver_link` [ RunTime:0.000636s ]
[2021-07-12T15:32:10+08:00][sql] SELECT * FROM `carver_link` WHERE  ( is_confirm=2 ) LIMIT 20 [ RunTime:0.000292s ]
[2021-07-12T15:32:10+08:00][sql] SELECT `article_label` FROM `carver_article` [ RunTime:0.000274s ]
[2021-07-12T15:32:10+08:00][sql] SHOW FULL COLUMNS FROM `carver_carouse` [ RunTime:0.000578s ]
[2021-07-12T15:32:10+08:00][sql] SELECT `carouse_img`,`carouse_desc` FROM `carver_carouse` WHERE  `is_show` = 1 ORDER BY `carouse_sort` DESC LIMIT 3 [ RunTime:0.000306s ]
[2021-07-12T15:32:10+08:00][sql] SHOW FULL COLUMNS FROM `carver_site` [ RunTime:0.000556s ]
[2021-07-12T15:32:10+08:00][sql] SELECT * FROM `carver_site` [ RunTime:0.000233s ]
[2021-07-12T15:39:08+08:00][sql] CONNECT:[ UseTime:0.000525s ] mysql:host=127.0.0.1;port=3306;dbname=carver;charset=utf8
[2021-07-12T15:39:08+08:00][sql] SHOW FULL COLUMNS FROM `carver_article` [ RunTime:0.000936s ]
[2021-07-12T15:39:08+08:00][sql] SELECT `article_id`,`article_title`,`article_desc`,`article_content`,`article_img`,`article_guide`,`article_label`,`click_num`,`is_show`,`add_time`,`article_author` FROM `carver_article` WHERE  `article_id` = 28 LIMIT 1 [ RunTime:0.000430s ]
[2021-07-12T15:39:08+08:00][sql] SELECT `article_id`,`article_title`,`article_desc`,`article_content`,`article_img`,`article_guide`,`article_label`,`click_num`,`is_show`,`add_time`,`article_author` FROM `carver_article` WHERE  `article_id` > 28 LIMIT 1 [ RunTime:0.000433s ]
[2021-07-12T15:39:08+08:00][sql] SELECT `article_id`,`article_title`,`article_desc`,`article_content`,`article_img`,`article_guide`,`article_label`,`click_num`,`is_show`,`add_time`,`article_author` FROM `carver_article` WHERE  `article_id` < 28 ORDER BY `article_id` DESC LIMIT 1 [ RunTime:0.000492s ]
[2021-07-12T15:39:08+08:00][sql] SHOW FULL COLUMNS FROM `carver_link` [ RunTime:0.000658s ]
[2021-07-12T15:39:08+08:00][sql] SELECT * FROM `carver_link` WHERE  ( is_confirm=2 ) LIMIT 20 [ RunTime:0.000338s ]
[2021-07-12T15:39:08+08:00][sql] SELECT article_id,article_title,click_num,FROM_UNIXTIME(add_time,'%Y-%m-%d') as add_time FROM `carver_article` ORDER BY `click_num` DESC LIMIT 3 [ RunTime:0.000395s ]
[2021-07-12T15:39:08+08:00][sql] SHOW FULL COLUMNS FROM `carver_comment` [ RunTime:0.000658s ]
[2021-07-12T15:39:08+08:00][sql] SELECT `a`.*,`b`.`user_name` FROM `carver_comment` `a` INNER JOIN `carver_user` `b` ON `a`.`user_id`=`b`.`user_id` WHERE  `article_id` = 28 ORDER BY `create_time` DESC [ RunTime:0.000387s ]
[2021-07-12T15:39:08+08:00][sql] SHOW FULL COLUMNS FROM `carver_comment_to_others` [ RunTime:0.000633s ]
[2021-07-12T15:39:08+08:00][sql] SELECT * FROM `carver_comment_to_others` [ RunTime:0.000230s ]
[2021-07-12T15:39:08+08:00][sql] SHOW FULL COLUMNS FROM `carver_user` [ RunTime:0.000550s ]
[2021-07-12T15:39:08+08:00][sql] SELECT `user_name` FROM `carver_user` WHERE  `user_id` = 4 LIMIT 1 [ RunTime:0.000233s ]
[2021-07-12T15:39:08+08:00][sql] SELECT `user_name` FROM `carver_user` WHERE  `user_id` = 4 LIMIT 1 [ RunTime:0.000261s ]
[2021-07-12T15:39:08+08:00][sql] SELECT `user_name` FROM `carver_user` WHERE  `user_id` = 5 LIMIT 1 [ RunTime:0.000233s ]
[2021-07-12T15:39:08+08:00][sql] SELECT `user_name` FROM `carver_user` WHERE  `user_id` = 5 LIMIT 1 [ RunTime:0.000204s ]
[2021-07-12T15:39:08+08:00][sql] SELECT `user_name` FROM `carver_user` WHERE  `user_id` = 37 LIMIT 1 [ RunTime:0.000258s ]
[2021-07-12T15:39:08+08:00][sql] SELECT `user_name`,`user_id` FROM `carver_user` [ RunTime:0.000318s ]
[2021-07-12T15:39:08+08:00][sql] SHOW FULL COLUMNS FROM `carver_navigation` [ RunTime:0.000626s ]
[2021-07-12T15:39:08+08:00][sql] SELECT * FROM `carver_navigation` [ RunTime:0.000250s ]
[2021-07-12T15:39:08+08:00][sql] SELECT `article_label` FROM `carver_article` [ RunTime:0.000275s ]
[2021-07-12T15:59:18+08:00][sql] CONNECT:[ UseTime:0.000567s ] mysql:host=127.0.0.1;port=3306;dbname=carver;charset=utf8
[2021-07-12T15:59:18+08:00][sql] SHOW FULL COLUMNS FROM `carver_article` [ RunTime:0.000928s ]
[2021-07-12T15:59:18+08:00][sql] SELECT `article_id`,`article_title`,`article_desc`,`article_content`,`article_img`,`article_guide`,`article_label`,`click_num`,`is_show`,`add_time`,`article_author` FROM `carver_article` WHERE  `article_id` = 25 LIMIT 1 [ RunTime:0.000483s ]
[2021-07-12T15:59:18+08:00][sql] SELECT `article_id`,`article_title`,`article_desc`,`article_content`,`article_img`,`article_guide`,`article_label`,`click_num`,`is_show`,`add_time`,`article_author` FROM `carver_article` WHERE  `article_id` > 25 LIMIT 1 [ RunTime:0.000571s ]
[2021-07-12T15:59:18+08:00][sql] SELECT `article_id`,`article_title`,`article_desc`,`article_content`,`article_img`,`article_guide`,`article_label`,`click_num`,`is_show`,`add_time`,`article_author` FROM `carver_article` WHERE  `article_id` < 25 ORDER BY `article_id` DESC LIMIT 1 [ RunTime:0.000440s ]
[2021-07-12T15:59:18+08:00][sql] SHOW FULL COLUMNS FROM `carver_link` [ RunTime:0.000606s ]
[2021-07-12T15:59:18+08:00][sql] SELECT * FROM `carver_link` WHERE  ( is_confirm=2 ) LIMIT 20 [ RunTime:0.000314s ]
[2021-07-12T15:59:18+08:00][sql] SELECT article_id,article_title,click_num,FROM_UNIXTIME(add_time,'%Y-%m-%d') as add_time FROM `carver_article` ORDER BY `click_num` DESC LIMIT 3 [ RunTime:0.000379s ]
[2021-07-12T15:59:18+08:00][sql] SHOW FULL COLUMNS FROM `carver_comment` [ RunTime:0.000654s ]
[2021-07-12T15:59:18+08:00][sql] SELECT `a`.*,`b`.`user_name` FROM `carver_comment` `a` INNER JOIN `carver_user` `b` ON `a`.`user_id`=`b`.`user_id` WHERE  `article_id` = 25 ORDER BY `create_time` DESC [ RunTime:0.000399s ]
[2021-07-12T15:59:18+08:00][sql] SHOW FULL COLUMNS FROM `carver_comment_to_others` [ RunTime:0.000615s ]
[2021-07-12T15:59:18+08:00][sql] SELECT * FROM `carver_comment_to_others` [ RunTime:0.000236s ]
[2021-07-12T15:59:18+08:00][sql] SHOW FULL COLUMNS FROM `carver_user` [ RunTime:0.000478s ]
[2021-07-12T15:59:18+08:00][sql] SELECT `user_name` FROM `carver_user` WHERE  `user_id` = 4 LIMIT 1 [ RunTime:0.000250s ]
[2021-07-12T15:59:18+08:00][sql] SELECT `user_name` FROM `carver_user` WHERE  `user_id` = 4 LIMIT 1 [ RunTime:0.000228s ]
[2021-07-12T15:59:18+08:00][sql] SELECT `user_name` FROM `carver_user` WHERE  `user_id` = 5 LIMIT 1 [ RunTime:0.000216s ]
[2021-07-12T15:59:18+08:00][sql] SELECT `user_name` FROM `carver_user` WHERE  `user_id` = 5 LIMIT 1 [ RunTime:0.000236s ]
[2021-07-12T15:59:18+08:00][sql] SELECT `user_name` FROM `carver_user` WHERE  `user_id` = 37 LIMIT 1 [ RunTime:0.000254s ]
[2021-07-12T15:59:18+08:00][sql] SELECT `user_name`,`user_id` FROM `carver_user` [ RunTime:0.000249s ]
[2021-07-12T15:59:18+08:00][sql] SHOW FULL COLUMNS FROM `carver_navigation` [ RunTime:0.000572s ]
[2021-07-12T15:59:18+08:00][sql] SELECT * FROM `carver_navigation` [ RunTime:0.000231s ]
[2021-07-12T15:59:18+08:00][sql] SELECT `article_label` FROM `carver_article` [ RunTime:0.000259s ]
[2021-07-12T16:47:49+08:00][sql] CONNECT:[ UseTime:0.000566s ] mysql:host=127.0.0.1;port=3306;dbname=carver;charset=utf8
[2021-07-12T16:47:49+08:00][sql] SHOW FULL COLUMNS FROM `carver_article` [ RunTime:0.002689s ]
[2021-07-12T16:47:49+08:00][sql] SELECT `article_id`,`article_title`,`article_desc`,`article_content`,`article_img`,`article_guide`,`article_label`,`click_num`,`is_show`,`add_time`,`article_author` FROM `carver_article` WHERE  `article_id` = 25 LIMIT 1 [ RunTime:0.000489s ]
[2021-07-12T16:47:49+08:00][sql] SELECT `article_id`,`article_title`,`article_desc`,`article_content`,`article_img`,`article_guide`,`article_label`,`click_num`,`is_show`,`add_time`,`article_author` FROM `carver_article` WHERE  `article_id` > 25 LIMIT 1 [ RunTime:0.000543s ]
[2021-07-12T16:47:49+08:00][sql] SELECT `article_id`,`article_title`,`article_desc`,`article_content`,`article_img`,`article_guide`,`article_label`,`click_num`,`is_show`,`add_time`,`article_author` FROM `carver_article` WHERE  `article_id` < 25 ORDER BY `article_id` DESC LIMIT 1 [ RunTime:0.000581s ]
[2021-07-12T16:47:49+08:00][sql] SHOW FULL COLUMNS FROM `carver_link` [ RunTime:0.000625s ]
[2021-07-12T16:47:49+08:00][sql] SELECT * FROM `carver_link` WHERE  ( is_confirm=2 ) LIMIT 20 [ RunTime:0.000312s ]
[2021-07-12T16:47:49+08:00][sql] SELECT article_id,article_title,click_num,FROM_UNIXTIME(add_time,'%Y-%m-%d') as add_time FROM `carver_article` ORDER BY `click_num` DESC LIMIT 3 [ RunTime:0.000658s ]
[2021-07-12T16:47:49+08:00][sql] SHOW FULL COLUMNS FROM `carver_comment` [ RunTime:0.000625s ]
[2021-07-12T16:47:49+08:00][sql] SELECT `a`.*,`b`.`user_name` FROM `carver_comment` `a` INNER JOIN `carver_user` `b` ON `a`.`user_id`=`b`.`user_id` WHERE  `article_id` = 25 ORDER BY `create_time` DESC [ RunTime:0.000336s ]
[2021-07-12T16:47:49+08:00][sql] SHOW FULL COLUMNS FROM `carver_comment_to_others` [ RunTime:0.000610s ]
[2021-07-12T16:47:49+08:00][sql] SELECT * FROM `carver_comment_to_others` [ RunTime:0.000233s ]
[2021-07-12T16:47:49+08:00][sql] SHOW FULL COLUMNS FROM `carver_user` [ RunTime:0.000483s ]
[2021-07-12T16:47:49+08:00][sql] SELECT `user_name` FROM `carver_user` WHERE  `user_id` = 4 LIMIT 1 [ RunTime:0.000228s ]
[2021-07-12T16:47:49+08:00][sql] SELECT `user_name` FROM `carver_user` WHERE  `user_id` = 4 LIMIT 1 [ RunTime:0.000229s ]
[2021-07-12T16:47:49+08:00][sql] SELECT `user_name` FROM `carver_user` WHERE  `user_id` = 5 LIMIT 1 [ RunTime:0.000236s ]
[2021-07-12T16:47:49+08:00][sql] SELECT `user_name` FROM `carver_user` WHERE  `user_id` = 5 LIMIT 1 [ RunTime:0.000204s ]
[2021-07-12T16:47:49+08:00][sql] SELECT `user_name` FROM `carver_user` WHERE  `user_id` = 37 LIMIT 1 [ RunTime:0.000226s ]
[2021-07-12T16:47:49+08:00][sql] SELECT `user_name`,`user_id` FROM `carver_user` [ RunTime:0.000225s ]
[2021-07-12T16:47:49+08:00][sql] SHOW FULL COLUMNS FROM `carver_navigation` [ RunTime:0.000515s ]
[2021-07-12T16:47:49+08:00][sql] SELECT * FROM `carver_navigation` [ RunTime:0.000252s ]
[2021-07-12T16:47:49+08:00][sql] SELECT `article_label` FROM `carver_article` [ RunTime:0.000260s ]
[2021-07-12T16:47:50+08:00][sql] CONNECT:[ UseTime:0.000620s ] mysql:host=127.0.0.1;port=3306;dbname=carver;charset=utf8
[2021-07-12T16:47:50+08:00][sql] SHOW FULL COLUMNS FROM `carver_article` [ RunTime:0.001128s ]
[2021-07-12T16:47:50+08:00][sql] SELECT `article_id`,`article_title`,`article_desc`,`article_content`,`article_img`,`article_guide`,`article_label`,`click_num`,`is_show`,`add_time`,`article_author` FROM `carver_article` WHERE  `article_id` = 25'[0] LIMIT 1 [ RunTime:0.000506s ]
[2021-07-12T16:47:50+08:00][sql] SELECT `article_id`,`article_title`,`article_desc`,`article_content`,`article_img`,`article_guide`,`article_label`,`click_num`,`is_show`,`add_time`,`article_author` FROM `carver_article` WHERE  `article_id` > 25'[0] LIMIT 1 [ RunTime:0.000564s ]
[2021-07-12T16:47:50+08:00][sql] SELECT `article_id`,`article_title`,`article_desc`,`article_content`,`article_img`,`article_guide`,`article_label`,`click_num`,`is_show`,`add_time`,`article_author` FROM `carver_article` WHERE  `article_id` < 25'[0] ORDER BY `article_id` DESC LIMIT 1 [ RunTime:0.000452s ]
[2021-07-12T16:47:50+08:00][sql] SHOW FULL COLUMNS FROM `carver_link` [ RunTime:0.000673s ]
[2021-07-12T16:47:50+08:00][sql] SELECT * FROM `carver_link` WHERE  ( is_confirm=2 ) LIMIT 20 [ RunTime:0.000290s ]
[2021-07-12T16:47:50+08:00][sql] SELECT article_id,article_title,click_num,FROM_UNIXTIME(add_time,'%Y-%m-%d') as add_time FROM `carver_article` ORDER BY `click_num` DESC LIMIT 3 [ RunTime:0.000374s ]
[2021-07-12T16:47:50+08:00][sql] SHOW FULL COLUMNS FROM `carver_comment` [ RunTime:0.000626s ]
[2021-07-12T16:47:50+08:00][sql] SELECT `a`.*,`b`.`user_name` FROM `carver_comment` `a` INNER JOIN `carver_user` `b` ON `a`.`user_id`=`b`.`user_id` WHERE  `article_id` = 25'[0] ORDER BY `create_time` DESC [ RunTime:0.000397s ]
[2021-07-12T16:47:50+08:00][sql] SHOW FULL COLUMNS FROM `carver_comment_to_others` [ RunTime:0.000611s ]
[2021-07-12T16:47:50+08:00][sql] SELECT * FROM `carver_comment_to_others` [ RunTime:0.000243s ]
[2021-07-12T16:47:50+08:00][sql] SHOW FULL COLUMNS FROM `carver_user` [ RunTime:0.000444s ]
[2021-07-12T16:47:50+08:00][sql] SELECT `user_name` FROM `carver_user` WHERE  `user_id` = 4 LIMIT 1 [ RunTime:0.000239s ]
[2021-07-12T16:47:50+08:00][sql] SELECT `user_name` FROM `carver_user` WHERE  `user_id` = 4 LIMIT 1 [ RunTime:0.000244s ]
[2021-07-12T16:47:50+08:00][sql] SELECT `user_name` FROM `carver_user` WHERE  `user_id` = 5 LIMIT 1 [ RunTime:0.000228s ]
[2021-07-12T16:47:50+08:00][sql] SELECT `user_name` FROM `carver_user` WHERE  `user_id` = 5 LIMIT 1 [ RunTime:0.000207s ]
[2021-07-12T16:47:50+08:00][sql] SELECT `user_name` FROM `carver_user` WHERE  `user_id` = 37 LIMIT 1 [ RunTime:0.000221s ]
[2021-07-12T16:47:50+08:00][sql] SHOW FULL COLUMNS FROM `carver_navigation` [ RunTime:0.000627s ]
[2021-07-12T16:47:50+08:00][sql] SELECT * FROM `carver_navigation` [ RunTime:0.000241s ]
[2021-07-12T16:47:50+08:00][sql] SELECT `article_label` FROM `carver_article` [ RunTime:0.000308s ]
[2021-07-12T16:53:51+08:00][sql] CONNECT:[ UseTime:0.000557s ] mysql:host=127.0.0.1;port=3306;dbname=carver;charset=utf8
[2021-07-12T16:53:51+08:00][sql] SHOW FULL COLUMNS FROM `carver_article` [ RunTime:0.001069s ]
[2021-07-12T16:53:51+08:00][sql] SELECT COUNT(*) AS think_count FROM `carver_article` WHERE  `article_guide` = 8  AND `delete_time` = 0  AND `is_show` = 1 [ RunTime:0.000490s ]
[2021-07-12T16:53:51+08:00][sql] SELECT * FROM `carver_article` WHERE  `article_guide` = 8  AND `delete_time` = 0  AND `is_show` = 1 ORDER BY `add_time` DESC LIMIT 0,6 [ RunTime:0.000752s ]
[2021-07-12T16:53:51+08:00][sql] SELECT article_id,article_title,click_num,FROM_UNIXTIME(add_time,'%Y-%m-%d') as add_time FROM `carver_article` WHERE  `is_show` = 1  AND `delete_time` = 0 ORDER BY `click_num` DESC LIMIT 3 [ RunTime:0.000532s ]
[2021-07-12T16:53:51+08:00][sql] SHOW FULL COLUMNS FROM `carver_notice` [ RunTime:0.000817s ]
[2021-07-12T16:53:51+08:00][sql] SELECT * FROM `carver_notice` ORDER BY `create_time` DESC LIMIT 3 [ RunTime:0.000329s ]
[2021-07-12T16:53:51+08:00][sql] SHOW FULL COLUMNS FROM `carver_navigation` [ RunTime:0.000658s ]
[2021-07-12T16:53:51+08:00][sql] SELECT * FROM `carver_navigation` [ RunTime:0.000264s ]
[2021-07-12T16:53:51+08:00][sql] SELECT `article_label` FROM `carver_article` [ RunTime:0.000299s ]
[2021-07-12T16:53:51+08:00][sql] SHOW FULL COLUMNS FROM `carver_carouse` [ RunTime:0.000672s ]
[2021-07-12T16:53:51+08:00][sql] SELECT `carouse_img`,`carouse_desc` FROM `carver_carouse` WHERE  `is_show` = 1 ORDER BY `carouse_sort` DESC LIMIT 3 [ RunTime:0.000334s ]
[2021-07-12T16:53:51+08:00][sql] SHOW FULL COLUMNS FROM `carver_link` [ RunTime:0.000586s ]
[2021-07-12T16:53:51+08:00][sql] SELECT * FROM `carver_link` WHERE  ( is_confirm=2 ) LIMIT 20 [ RunTime:0.000306s ]
[2021-07-12T16:53:51+08:00][sql] SHOW FULL COLUMNS FROM `carver_site` [ RunTime:0.000647s ]
[2021-07-12T16:53:51+08:00][sql] SELECT * FROM `carver_site` [ RunTime:0.000292s ]
[2021-07-12T17:54:30+08:00][sql] CONNECT:[ UseTime:0.000579s ] mysql:host=127.0.0.1;port=3306;dbname=carver;charset=utf8
[2021-07-12T17:54:30+08:00][sql] SHOW FULL COLUMNS FROM `carver_article` [ RunTime:0.000934s ]
[2021-07-12T17:54:30+08:00][sql] SELECT COUNT(*) AS think_count FROM `carver_article` WHERE  `article_label` LIKE '%php;excel%'  AND `delete_time` = 0  AND `is_show` = 1 [ RunTime:0.000470s ]
[2021-07-12T17:54:30+08:00][sql] SELECT * FROM `carver_article` WHERE  `article_label` LIKE '%php;excel%'  AND `delete_time` = 0  AND `is_show` = 1 LIMIT 0,6 [ RunTime:0.001508s ]
[2021-07-12T17:54:30+08:00][sql] SELECT article_id,article_title,click_num,FROM_UNIXTIME(add_time,'%Y-%m-%d') as add_time FROM `carver_article` WHERE  `is_show` = 1  AND `delete_time` = 0 ORDER BY `click_num` DESC LIMIT 3 [ RunTime:0.000447s ]
[2021-07-12T17:54:30+08:00][sql] SHOW FULL COLUMNS FROM `carver_notice` [ RunTime:0.000703s ]
[2021-07-12T17:54:30+08:00][sql] SELECT * FROM `carver_notice` ORDER BY `create_time` DESC LIMIT 3 [ RunTime:0.000300s ]
[2021-07-12T17:54:30+08:00][sql] SHOW FULL COLUMNS FROM `carver_navigation` [ RunTime:0.000536s ]
[2021-07-12T17:54:30+08:00][sql] SELECT * FROM `carver_navigation` [ RunTime:0.000257s ]
[2021-07-12T17:54:30+08:00][sql] SHOW FULL COLUMNS FROM `carver_link` [ RunTime:0.000566s ]
[2021-07-12T17:54:30+08:00][sql] SELECT * FROM `carver_link` WHERE  ( is_confirm=2 ) LIMIT 20 [ RunTime:0.000276s ]
[2021-07-12T17:54:30+08:00][sql] SELECT `article_label` FROM `carver_article` [ RunTime:0.000344s ]
[2021-07-12T17:54:30+08:00][sql] SHOW FULL COLUMNS FROM `carver_carouse` [ RunTime:0.000744s ]
[2021-07-12T17:54:30+08:00][sql] SELECT `carouse_img`,`carouse_desc` FROM `carver_carouse` WHERE  `is_show` = 1 ORDER BY `carouse_sort` DESC LIMIT 3 [ RunTime:0.000407s ]
[2021-07-12T17:54:30+08:00][sql] SHOW FULL COLUMNS FROM `carver_site` [ RunTime:0.000539s ]
[2021-07-12T17:54:30+08:00][sql] SELECT * FROM `carver_site` [ RunTime:0.000251s ]
[2021-07-12T17:54:36+08:00][sql] CONNECT:[ UseTime:0.000839s ] mysql:host=127.0.0.1;port=3306;dbname=carver;charset=utf8
[2021-07-12T17:54:36+08:00][sql] SHOW FULL COLUMNS FROM `carver_article` [ RunTime:0.001092s ]
[2021-07-12T17:54:36+08:00][sql] SELECT COUNT(*) AS think_count FROM `carver_article` WHERE  `article_label` LIKE '%javascript%'  AND `delete_time` = 0  AND `is_show` = 1 [ RunTime:0.000447s ]
[2021-07-12T17:54:36+08:00][sql] SELECT * FROM `carver_article` WHERE  `article_label` LIKE '%javascript%'  AND `delete_time` = 0  AND `is_show` = 1 LIMIT 0,6 [ RunTime:0.001102s ]
[2021-07-12T17:54:36+08:00][sql] SELECT article_id,article_title,click_num,FROM_UNIXTIME(add_time,'%Y-%m-%d') as add_time FROM `carver_article` WHERE  `is_show` = 1  AND `delete_time` = 0 ORDER BY `click_num` DESC LIMIT 3 [ RunTime:0.000475s ]
[2021-07-12T17:54:36+08:00][sql] SHOW FULL COLUMNS FROM `carver_notice` [ RunTime:0.000680s ]
[2021-07-12T17:54:36+08:00][sql] SELECT * FROM `carver_notice` ORDER BY `create_time` DESC LIMIT 3 [ RunTime:0.000316s ]
[2021-07-12T17:54:36+08:00][sql] SHOW FULL COLUMNS FROM `carver_navigation` [ RunTime:0.000715s ]
[2021-07-12T17:54:36+08:00][sql] SELECT * FROM `carver_navigation` [ RunTime:0.000260s ]
[2021-07-12T17:54:36+08:00][sql] SHOW FULL COLUMNS FROM `carver_link` [ RunTime:0.000604s ]
[2021-07-12T17:54:36+08:00][sql] SELECT * FROM `carver_link` WHERE  ( is_confirm=2 ) LIMIT 20 [ RunTime:0.000307s ]
[2021-07-12T17:54:36+08:00][sql] SELECT `article_label` FROM `carver_article` [ RunTime:0.000285s ]
[2021-07-12T17:54:36+08:00][sql] SHOW FULL COLUMNS FROM `carver_carouse` [ RunTime:0.000530s ]
[2021-07-12T17:54:36+08:00][sql] SELECT `carouse_img`,`carouse_desc` FROM `carver_carouse` WHERE  `is_show` = 1 ORDER BY `carouse_sort` DESC LIMIT 3 [ RunTime:0.000349s ]
[2021-07-12T17:54:36+08:00][sql] SHOW FULL COLUMNS FROM `carver_site` [ RunTime:0.000562s ]
[2021-07-12T17:54:36+08:00][sql] SELECT * FROM `carver_site` [ RunTime:0.000334s ]
[2021-07-12T19:13:00+08:00][sql] CONNECT:[ UseTime:0.000582s ] mysql:host=127.0.0.1;port=3306;dbname=carver;charset=utf8
[2021-07-12T19:13:00+08:00][sql] SHOW FULL COLUMNS FROM `carver_user` [ RunTime:0.000862s ]
[2021-07-12T19:13:00+08:00][sql] SHOW FULL COLUMNS FROM `carver_article` [ RunTime:0.000739s ]
[2021-07-12T19:13:00+08:00][sql] SELECT COUNT(*) AS think_count FROM `carver_article` WHERE  `delete_time` = 0  AND `is_show` = 1 [ RunTime:0.000371s ]
[2021-07-12T19:13:00+08:00][sql] SELECT `article_id`,`article_title`,`article_desc`,`article_content`,`article_img`,`article_guide`,`article_label`,`click_num`,`is_show`,`add_time`,`article_author`,`is_top_show` FROM `carver_article` WHERE  `delete_time` = 0  AND `is_show` = 1 ORDER BY `article_id` DESC LIMIT 24,6 [ RunTime:0.001025s ]
[2021-07-12T19:13:00+08:00][sql] SELECT article_id,article_title,click_num,FROM_UNIXTIME(add_time,'%Y-%m-%d') as add_time FROM `carver_article` WHERE  `is_show` = 1  AND `delete_time` = 0 ORDER BY `click_num` DESC LIMIT 3 [ RunTime:0.000385s ]
[2021-07-12T19:13:00+08:00][sql] SHOW FULL COLUMNS FROM `carver_notice` [ RunTime:0.000518s ]
[2021-07-12T19:13:00+08:00][sql] SELECT * FROM `carver_notice` ORDER BY `create_time` DESC LIMIT 3 [ RunTime:0.000269s ]
[2021-07-12T19:13:00+08:00][sql] SHOW FULL COLUMNS FROM `carver_navigation` [ RunTime:0.000723s ]
[2021-07-12T19:13:00+08:00][sql] SELECT * FROM `carver_navigation` [ RunTime:0.000297s ]
[2021-07-12T19:13:00+08:00][sql] SHOW FULL COLUMNS FROM `carver_link` [ RunTime:0.000709s ]
[2021-07-12T19:13:00+08:00][sql] SELECT * FROM `carver_link` WHERE  ( is_confirm=2 ) LIMIT 20 [ RunTime:0.000300s ]
[2021-07-12T19:13:00+08:00][sql] SELECT `article_label` FROM `carver_article` [ RunTime:0.000274s ]
[2021-07-12T19:13:00+08:00][sql] SHOW FULL COLUMNS FROM `carver_carouse` [ RunTime:0.000769s ]
[2021-07-12T19:13:00+08:00][sql] SELECT `carouse_img`,`carouse_desc` FROM `carver_carouse` WHERE  `is_show` = 1 ORDER BY `carouse_sort` DESC LIMIT 3 [ RunTime:0.000429s ]
[2021-07-12T19:13:00+08:00][sql] SHOW FULL COLUMNS FROM `carver_site` [ RunTime:0.000864s ]
[2021-07-12T19:13:00+08:00][sql] SELECT * FROM `carver_site` [ RunTime:0.000458s ]
[2021-07-12T21:30:26+08:00][sql] CONNECT:[ UseTime:0.000607s ] mysql:host=127.0.0.1;port=3306;dbname=carver;charset=utf8
[2021-07-12T21:30:26+08:00][sql] SHOW FULL COLUMNS FROM `carver_user` [ RunTime:0.000977s ]
[2021-07-12T21:30:26+08:00][sql] SHOW FULL COLUMNS FROM `carver_article` [ RunTime:0.000745s ]
[2021-07-12T21:30:26+08:00][sql] SELECT COUNT(*) AS think_count FROM `carver_article` WHERE  `delete_time` = 0  AND `is_show` = 1 [ RunTime:0.000392s ]
[2021-07-12T21:30:26+08:00][sql] SELECT `article_id`,`article_title`,`article_desc`,`article_content`,`article_img`,`article_guide`,`article_label`,`click_num`,`is_show`,`add_time`,`article_author`,`is_top_show` FROM `carver_article` WHERE  `delete_time` = 0  AND `is_show` = 1 ORDER BY `article_id` DESC LIMIT 0,6 [ RunTime:0.000807s ]
[2021-07-12T21:30:26+08:00][sql] SELECT article_id,article_title,click_num,FROM_UNIXTIME(add_time,'%Y-%m-%d') as add_time FROM `carver_article` WHERE  `is_show` = 1  AND `delete_time` = 0 ORDER BY `click_num` DESC LIMIT 3 [ RunTime:0.000549s ]
[2021-07-12T21:30:26+08:00][sql] SHOW FULL COLUMNS FROM `carver_notice` [ RunTime:0.000637s ]
[2021-07-12T21:30:26+08:00][sql] SELECT * FROM `carver_notice` ORDER BY `create_time` DESC LIMIT 3 [ RunTime:0.000324s ]
[2021-07-12T21:30:26+08:00][sql] SHOW FULL COLUMNS FROM `carver_navigation` [ RunTime:0.000626s ]
[2021-07-12T21:30:26+08:00][sql] SELECT * FROM `carver_navigation` [ RunTime:0.000253s ]
[2021-07-12T21:30:26+08:00][sql] SHOW FULL COLUMNS FROM `carver_link` [ RunTime:0.000576s ]
[2021-07-12T21:30:26+08:00][sql] SELECT * FROM `carver_link` WHERE  ( is_confirm=2 ) LIMIT 20 [ RunTime:0.000326s ]
[2021-07-12T21:30:26+08:00][sql] SELECT `article_label` FROM `carver_article` [ RunTime:0.000308s ]
[2021-07-12T21:30:26+08:00][sql] SHOW FULL COLUMNS FROM `carver_carouse` [ RunTime:0.000539s ]
[2021-07-12T21:30:26+08:00][sql] SELECT `carouse_img`,`carouse_desc` FROM `carver_carouse` WHERE  `is_show` = 1 ORDER BY `carouse_sort` DESC LIMIT 3 [ RunTime:0.000301s ]
[2021-07-12T21:30:26+08:00][sql] SHOW FULL COLUMNS FROM `carver_site` [ RunTime:0.000663s ]
[2021-07-12T21:30:26+08:00][sql] SELECT * FROM `carver_site` [ RunTime:0.000239s ]
[2021-07-12T23:15:21+08:00][sql] CONNECT:[ UseTime:0.000640s ] mysql:host=127.0.0.1;port=3306;dbname=carver;charset=utf8
[2021-07-12T23:15:21+08:00][sql] SHOW FULL COLUMNS FROM `carver_article` [ RunTime:0.001016s ]
[2021-07-12T23:15:21+08:00][sql] SELECT COUNT(*) AS think_count FROM `carver_article` WHERE  `article_label` LIKE '%swoole;php%'  AND `delete_time` = 0  AND `is_show` = 1 [ RunTime:0.000467s ]
[2021-07-12T23:15:21+08:00][sql] SELECT * FROM `carver_article` WHERE  `article_label` LIKE '%swoole;php%'  AND `delete_time` = 0  AND `is_show` = 1 LIMIT 0,6 [ RunTime:0.001096s ]
[2021-07-12T23:15:21+08:00][sql] SELECT article_id,article_title,click_num,FROM_UNIXTIME(add_time,'%Y-%m-%d') as add_time FROM `carver_article` WHERE  `is_show` = 1  AND `delete_time` = 0 ORDER BY `click_num` DESC LIMIT 3 [ RunTime:0.000503s ]
[2021-07-12T23:15:21+08:00][sql] SHOW FULL COLUMNS FROM `carver_notice` [ RunTime:0.000738s ]
[2021-07-12T23:15:21+08:00][sql] SELECT * FROM `carver_notice` ORDER BY `create_time` DESC LIMIT 3 [ RunTime:0.000306s ]
[2021-07-12T23:15:21+08:00][sql] SHOW FULL COLUMNS FROM `carver_navigation` [ RunTime:0.000633s ]
[2021-07-12T23:15:21+08:00][sql] SELECT * FROM `carver_navigation` [ RunTime:0.000284s ]
[2021-07-12T23:15:21+08:00][sql] SHOW FULL COLUMNS FROM `carver_link` [ RunTime:0.000643s ]
[2021-07-12T23:15:21+08:00][sql] SELECT * FROM `carver_link` WHERE  ( is_confirm=2 ) LIMIT 20 [ RunTime:0.000361s ]
[2021-07-12T23:15:21+08:00][sql] SELECT `article_label` FROM `carver_article` [ RunTime:0.000439s ]
[2021-07-12T23:15:21+08:00][sql] SHOW FULL COLUMNS FROM `carver_carouse` [ RunTime:0.000587s ]
[2021-07-12T23:15:21+08:00][sql] SELECT `carouse_img`,`carouse_desc` FROM `carver_carouse` WHERE  `is_show` = 1 ORDER BY `carouse_sort` DESC LIMIT 3 [ RunTime:0.000346s ]
[2021-07-12T23:15:21+08:00][sql] SHOW FULL COLUMNS FROM `carver_site` [ RunTime:0.000640s ]
[2021-07-12T23:15:21+08:00][sql] SELECT * FROM `carver_site` [ RunTime:0.000304s ]
