[2021-07-15T00:45:13+08:00][sql] CONNECT:[ UseTime:0.000505s ] mysql:host=127.0.0.1;port=3306;dbname=carver;charset=utf8
[2021-07-15T00:45:13+08:00][sql] SHOW FULL COLUMNS FROM `carver_article` [ RunTime:0.000986s ]
[2021-07-15T00:45:13+08:00][sql] SELECT `article_id`,`article_title`,`article_desc`,`article_content`,`article_img`,`article_guide`,`article_label`,`click_num`,`is_show`,`add_time`,`article_author` FROM `carver_article` WHERE  `article_id` = 17 LIMIT 1 [ RunTime:0.000575s ]
[2021-07-15T00:45:13+08:00][sql] SELECT `article_id`,`article_title`,`article_desc`,`article_content`,`article_img`,`article_guide`,`article_label`,`click_num`,`is_show`,`add_time`,`article_author` FROM `carver_article` WHERE  `article_id` > 17 LIMIT 1 [ RunTime:0.000416s ]
[2021-07-15T00:45:13+08:00][sql] SELECT `article_id`,`article_title`,`article_desc`,`article_content`,`article_img`,`article_guide`,`article_label`,`click_num`,`is_show`,`add_time`,`article_author` FROM `carver_article` WHERE  `article_id` < 17 ORDER BY `article_id` DESC LIMIT 1 [ RunTime:0.000389s ]
[2021-07-15T00:45:13+08:00][sql] SHOW FULL COLUMNS FROM `carver_link` [ RunTime:0.000613s ]
[2021-07-15T00:45:13+08:00][sql] SELECT * FROM `carver_link` WHERE  ( is_confirm=2 ) LIMIT 20 [ RunTime:0.000303s ]
[2021-07-15T00:45:13+08:00][sql] SELECT article_id,article_title,click_num,FROM_UNIXTIME(add_time,'%Y-%m-%d') as add_time FROM `carver_article` ORDER BY `click_num` DESC LIMIT 3 [ RunTime:0.000443s ]
[2021-07-15T00:45:13+08:00][sql] SHOW FULL COLUMNS FROM `carver_comment` [ RunTime:0.000632s ]
[2021-07-15T00:45:13+08:00][sql] SELECT `a`.*,`b`.`user_name` FROM `carver_comment` `a` INNER JOIN `carver_user` `b` ON `a`.`user_id`=`b`.`user_id` WHERE  `article_id` = 17 ORDER BY `create_time` DESC [ RunTime:0.000355s ]
[2021-07-15T00:45:13+08:00][sql] SHOW FULL COLUMNS FROM `carver_comment_to_others` [ RunTime:0.000527s ]
[2021-07-15T00:45:13+08:00][sql] SELECT * FROM `carver_comment_to_others` [ RunTime:0.000233s ]
[2021-07-15T00:45:13+08:00][sql] SHOW FULL COLUMNS FROM `carver_user` [ RunTime:0.000499s ]
[2021-07-15T00:45:13+08:00][sql] SELECT `user_name` FROM `carver_user` WHERE  `user_id` = 4 LIMIT 1 [ RunTime:0.000239s ]
[2021-07-15T00:45:13+08:00][sql] SELECT `user_name` FROM `carver_user` WHERE  `user_id` = 4 LIMIT 1 [ RunTime:0.000211s ]
[2021-07-15T00:45:13+08:00][sql] SELECT `user_name` FROM `carver_user` WHERE  `user_id` = 5 LIMIT 1 [ RunTime:0.000224s ]
[2021-07-15T00:45:13+08:00][sql] SELECT `user_name` FROM `carver_user` WHERE  `user_id` = 5 LIMIT 1 [ RunTime:0.000212s ]
[2021-07-15T00:45:13+08:00][sql] SELECT `user_name` FROM `carver_user` WHERE  `user_id` = 37 LIMIT 1 [ RunTime:0.000243s ]
[2021-07-15T00:45:13+08:00][sql] SELECT `user_name`,`user_id` FROM `carver_user` [ RunTime:0.000284s ]
[2021-07-15T00:45:13+08:00][sql] SHOW FULL COLUMNS FROM `carver_navigation` [ RunTime:0.000645s ]
[2021-07-15T00:45:13+08:00][sql] SELECT * FROM `carver_navigation` [ RunTime:0.000249s ]
[2021-07-15T00:45:13+08:00][sql] SELECT `article_label` FROM `carver_article` [ RunTime:0.000338s ]
[2021-07-15T01:18:17+08:00][sql] CONNECT:[ UseTime:0.000807s ] mysql:host=127.0.0.1;port=3306;dbname=carver;charset=utf8
[2021-07-15T01:18:17+08:00][sql] SHOW FULL COLUMNS FROM `carver_article` [ RunTime:0.000987s ]
[2021-07-15T01:18:17+08:00][sql] SELECT COUNT(*) AS think_count FROM `carver_article` WHERE  `article_guide` = 6  AND `delete_time` = 0  AND `is_show` = 1 [ RunTime:0.000427s ]
[2021-07-15T01:18:17+08:00][sql] SELECT * FROM `carver_article` WHERE  `article_guide` = 6  AND `delete_time` = 0  AND `is_show` = 1 ORDER BY `add_time` DESC LIMIT 0,6 [ RunTime:0.000880s ]
[2021-07-15T01:18:17+08:00][sql] SELECT article_id,article_title,click_num,FROM_UNIXTIME(add_time,'%Y-%m-%d') as add_time FROM `carver_article` WHERE  `is_show` = 1  AND `delete_time` = 0 ORDER BY `click_num` DESC LIMIT 3 [ RunTime:0.000447s ]
[2021-07-15T01:18:17+08:00][sql] SHOW FULL COLUMNS FROM `carver_notice` [ RunTime:0.000676s ]
[2021-07-15T01:18:17+08:00][sql] SELECT * FROM `carver_notice` ORDER BY `create_time` DESC LIMIT 3 [ RunTime:0.000414s ]
[2021-07-15T01:18:17+08:00][sql] SHOW FULL COLUMNS FROM `carver_navigation` [ RunTime:0.000561s ]
[2021-07-15T01:18:17+08:00][sql] SELECT * FROM `carver_navigation` [ RunTime:0.000250s ]
[2021-07-15T01:18:17+08:00][sql] SELECT `article_label` FROM `carver_article` [ RunTime:0.000264s ]
[2021-07-15T01:18:17+08:00][sql] SHOW FULL COLUMNS FROM `carver_carouse` [ RunTime:0.000631s ]
[2021-07-15T01:18:17+08:00][sql] SELECT `carouse_img`,`carouse_desc` FROM `carver_carouse` WHERE  `is_show` = 1 ORDER BY `carouse_sort` DESC LIMIT 3 [ RunTime:0.000305s ]
[2021-07-15T01:18:17+08:00][sql] SHOW FULL COLUMNS FROM `carver_link` [ RunTime:0.000578s ]
[2021-07-15T01:18:17+08:00][sql] SELECT * FROM `carver_link` WHERE  ( is_confirm=2 ) LIMIT 20 [ RunTime:0.000274s ]
[2021-07-15T01:18:17+08:00][sql] SHOW FULL COLUMNS FROM `carver_site` [ RunTime:0.000598s ]
[2021-07-15T01:18:17+08:00][sql] SELECT * FROM `carver_site` [ RunTime:0.000249s ]
[2021-07-15T03:15:40+08:00][sql] CONNECT:[ UseTime:0.000612s ] mysql:host=127.0.0.1;port=3306;dbname=carver;charset=utf8
[2021-07-15T03:15:40+08:00][sql] SHOW FULL COLUMNS FROM `carver_article` [ RunTime:0.000947s ]
[2021-07-15T03:15:40+08:00][sql] SELECT `article_id`,`article_title`,`article_desc`,`article_content`,`article_img`,`article_guide`,`article_label`,`click_num`,`is_show`,`add_time`,`article_author` FROM `carver_article` WHERE  `article_id` = 10 LIMIT 1 [ RunTime:0.000615s ]
[2021-07-15T03:15:40+08:00][sql] SELECT `article_id`,`article_title`,`article_desc`,`article_content`,`article_img`,`article_guide`,`article_label`,`click_num`,`is_show`,`add_time`,`article_author` FROM `carver_article` WHERE  `article_id` > 10 LIMIT 1 [ RunTime:0.000390s ]
[2021-07-15T03:15:40+08:00][sql] SELECT `article_id`,`article_title`,`article_desc`,`article_content`,`article_img`,`article_guide`,`article_label`,`click_num`,`is_show`,`add_time`,`article_author` FROM `carver_article` WHERE  `article_id` < 10 ORDER BY `article_id` DESC LIMIT 1 [ RunTime:0.000581s ]
[2021-07-15T03:15:40+08:00][sql] SHOW FULL COLUMNS FROM `carver_link` [ RunTime:0.000644s ]
[2021-07-15T03:15:40+08:00][sql] SELECT * FROM `carver_link` WHERE  ( is_confirm=2 ) LIMIT 20 [ RunTime:0.000302s ]
[2021-07-15T03:15:40+08:00][sql] SELECT article_id,article_title,click_num,FROM_UNIXTIME(add_time,'%Y-%m-%d') as add_time FROM `carver_article` ORDER BY `click_num` DESC LIMIT 3 [ RunTime:0.000335s ]
[2021-07-15T03:15:40+08:00][sql] SHOW FULL COLUMNS FROM `carver_comment` [ RunTime:0.000594s ]
[2021-07-15T03:15:40+08:00][sql] SELECT `a`.*,`b`.`user_name` FROM `carver_comment` `a` INNER JOIN `carver_user` `b` ON `a`.`user_id`=`b`.`user_id` WHERE  `article_id` = 10 ORDER BY `create_time` DESC [ RunTime:0.000333s ]
[2021-07-15T03:15:40+08:00][sql] SHOW FULL COLUMNS FROM `carver_comment_to_others` [ RunTime:0.000575s ]
[2021-07-15T03:15:40+08:00][sql] SELECT * FROM `carver_comment_to_others` [ RunTime:0.000228s ]
[2021-07-15T03:15:40+08:00][sql] SHOW FULL COLUMNS FROM `carver_user` [ RunTime:0.000476s ]
[2021-07-15T03:15:40+08:00][sql] SELECT `user_name` FROM `carver_user` WHERE  `user_id` = 4 LIMIT 1 [ RunTime:0.000239s ]
[2021-07-15T03:15:40+08:00][sql] SELECT `user_name` FROM `carver_user` WHERE  `user_id` = 4 LIMIT 1 [ RunTime:0.000275s ]
[2021-07-15T03:15:40+08:00][sql] SELECT `user_name` FROM `carver_user` WHERE  `user_id` = 5 LIMIT 1 [ RunTime:0.000223s ]
[2021-07-15T03:15:40+08:00][sql] SELECT `user_name` FROM `carver_user` WHERE  `user_id` = 5 LIMIT 1 [ RunTime:0.000263s ]
[2021-07-15T03:15:40+08:00][sql] SELECT `user_name` FROM `carver_user` WHERE  `user_id` = 37 LIMIT 1 [ RunTime:0.000221s ]
[2021-07-15T03:15:40+08:00][sql] SELECT `user_name`,`user_id` FROM `carver_user` [ RunTime:0.000223s ]
[2021-07-15T03:15:40+08:00][sql] SHOW FULL COLUMNS FROM `carver_navigation` [ RunTime:0.000533s ]
[2021-07-15T03:15:40+08:00][sql] SELECT * FROM `carver_navigation` [ RunTime:0.000242s ]
[2021-07-15T03:15:40+08:00][sql] SELECT `article_label` FROM `carver_article` [ RunTime:0.000237s ]
[2021-07-15T03:17:34+08:00][sql] CONNECT:[ UseTime:0.000548s ] mysql:host=127.0.0.1;port=3306;dbname=carver;charset=utf8
[2021-07-15T03:17:34+08:00][sql] SHOW FULL COLUMNS FROM `carver_article` [ RunTime:0.000874s ]
[2021-07-15T03:17:34+08:00][sql] SELECT `article_id`,`article_title`,`article_desc`,`article_content`,`article_img`,`article_guide`,`article_label`,`click_num`,`is_show`,`add_time`,`article_author` FROM `carver_article` WHERE  `article_id` = 10/ LIMIT 1 [ RunTime:0.000605s ]
[2021-07-15T03:17:34+08:00][sql] SELECT `article_id`,`article_title`,`article_desc`,`article_content`,`article_img`,`article_guide`,`article_label`,`click_num`,`is_show`,`add_time`,`article_author` FROM `carver_article` WHERE  `article_id` > 10/ LIMIT 1 [ RunTime:0.000428s ]
[2021-07-15T03:17:34+08:00][sql] SELECT `article_id`,`article_title`,`article_desc`,`article_content`,`article_img`,`article_guide`,`article_label`,`click_num`,`is_show`,`add_time`,`article_author` FROM `carver_article` WHERE  `article_id` < 10/ ORDER BY `article_id` DESC LIMIT 1 [ RunTime:0.000571s ]
[2021-07-15T03:17:34+08:00][sql] SHOW FULL COLUMNS FROM `carver_link` [ RunTime:0.000662s ]
[2021-07-15T03:17:34+08:00][sql] SELECT * FROM `carver_link` WHERE  ( is_confirm=2 ) LIMIT 20 [ RunTime:0.000327s ]
[2021-07-15T03:17:34+08:00][sql] SELECT article_id,article_title,click_num,FROM_UNIXTIME(add_time,'%Y-%m-%d') as add_time FROM `carver_article` ORDER BY `click_num` DESC LIMIT 3 [ RunTime:0.000477s ]
[2021-07-15T03:17:34+08:00][sql] SHOW FULL COLUMNS FROM `carver_comment` [ RunTime:0.000736s ]
[2021-07-15T03:17:34+08:00][sql] SELECT `a`.*,`b`.`user_name` FROM `carver_comment` `a` INNER JOIN `carver_user` `b` ON `a`.`user_id`=`b`.`user_id` WHERE  `article_id` = 10/ ORDER BY `create_time` DESC [ RunTime:0.000369s ]
[2021-07-15T03:17:34+08:00][sql] SHOW FULL COLUMNS FROM `carver_comment_to_others` [ RunTime:0.000597s ]
[2021-07-15T03:17:34+08:00][sql] SELECT * FROM `carver_comment_to_others` [ RunTime:0.000249s ]
[2021-07-15T03:17:34+08:00][sql] SHOW FULL COLUMNS FROM `carver_user` [ RunTime:0.000505s ]
[2021-07-15T03:17:34+08:00][sql] SELECT `user_name` FROM `carver_user` WHERE  `user_id` = 4 LIMIT 1 [ RunTime:0.000245s ]
[2021-07-15T03:17:34+08:00][sql] SELECT `user_name` FROM `carver_user` WHERE  `user_id` = 4 LIMIT 1 [ RunTime:0.000215s ]
[2021-07-15T03:17:34+08:00][sql] SELECT `user_name` FROM `carver_user` WHERE  `user_id` = 5 LIMIT 1 [ RunTime:0.000220s ]
[2021-07-15T03:17:34+08:00][sql] SELECT `user_name` FROM `carver_user` WHERE  `user_id` = 5 LIMIT 1 [ RunTime:0.000205s ]
[2021-07-15T03:17:34+08:00][sql] SELECT `user_name` FROM `carver_user` WHERE  `user_id` = 37 LIMIT 1 [ RunTime:0.000244s ]
[2021-07-15T03:17:34+08:00][sql] SHOW FULL COLUMNS FROM `carver_navigation` [ RunTime:0.000638s ]
[2021-07-15T03:17:34+08:00][sql] SELECT * FROM `carver_navigation` [ RunTime:0.000251s ]
[2021-07-15T03:17:34+08:00][sql] SELECT `article_label` FROM `carver_article` [ RunTime:0.000261s ]
[2021-07-15T03:44:27+08:00][sql] CONNECT:[ UseTime:0.000625s ] mysql:host=127.0.0.1;port=3306;dbname=carver;charset=utf8
[2021-07-15T03:44:27+08:00][sql] SHOW FULL COLUMNS FROM `carver_user` [ RunTime:0.000858s ]
[2021-07-15T03:44:27+08:00][sql] SHOW FULL COLUMNS FROM `carver_article` [ RunTime:0.000730s ]
[2021-07-15T03:44:27+08:00][sql] SELECT COUNT(*) AS think_count FROM `carver_article` WHERE  `delete_time` = 0  AND `is_show` = 1 [ RunTime:0.000394s ]
[2021-07-15T03:44:27+08:00][sql] SELECT `article_id`,`article_title`,`article_desc`,`article_content`,`article_img`,`article_guide`,`article_label`,`click_num`,`is_show`,`add_time`,`article_author`,`is_top_show` FROM `carver_article` WHERE  `delete_time` = 0  AND `is_show` = 1 ORDER BY `article_id` DESC LIMIT 0,6 [ RunTime:0.000737s ]
[2021-07-15T03:44:27+08:00][sql] SELECT article_id,article_title,click_num,FROM_UNIXTIME(add_time,'%Y-%m-%d') as add_time FROM `carver_article` WHERE  `is_show` = 1  AND `delete_time` = 0 ORDER BY `click_num` DESC LIMIT 3 [ RunTime:0.000416s ]
[2021-07-15T03:44:27+08:00][sql] SHOW FULL COLUMNS FROM `carver_notice` [ RunTime:0.000605s ]
[2021-07-15T03:44:27+08:00][sql] SELECT * FROM `carver_notice` ORDER BY `create_time` DESC LIMIT 3 [ RunTime:0.000258s ]
[2021-07-15T03:44:27+08:00][sql] SHOW FULL COLUMNS FROM `carver_navigation` [ RunTime:0.000540s ]
[2021-07-15T03:44:27+08:00][sql] SELECT * FROM `carver_navigation` [ RunTime:0.000230s ]
[2021-07-15T03:44:27+08:00][sql] SHOW FULL COLUMNS FROM `carver_link` [ RunTime:0.000524s ]
[2021-07-15T03:44:27+08:00][sql] SELECT * FROM `carver_link` WHERE  ( is_confirm=2 ) LIMIT 20 [ RunTime:0.000264s ]
[2021-07-15T03:44:27+08:00][sql] SELECT `article_label` FROM `carver_article` [ RunTime:0.000284s ]
[2021-07-15T03:44:27+08:00][sql] SHOW FULL COLUMNS FROM `carver_carouse` [ RunTime:0.000528s ]
[2021-07-15T03:44:27+08:00][sql] SELECT `carouse_img`,`carouse_desc` FROM `carver_carouse` WHERE  `is_show` = 1 ORDER BY `carouse_sort` DESC LIMIT 3 [ RunTime:0.000297s ]
[2021-07-15T03:44:27+08:00][sql] SHOW FULL COLUMNS FROM `carver_site` [ RunTime:0.000516s ]
[2021-07-15T03:44:27+08:00][sql] SELECT * FROM `carver_site` [ RunTime:0.000247s ]
[2021-07-15T04:21:45+08:00][sql] CONNECT:[ UseTime:0.000541s ] mysql:host=127.0.0.1;port=3306;dbname=carver;charset=utf8
[2021-07-15T04:21:45+08:00][sql] SHOW FULL COLUMNS FROM `carver_article` [ RunTime:0.000981s ]
[2021-07-15T04:21:45+08:00][sql] SELECT COUNT(*) AS think_count FROM `carver_article` WHERE  `article_label` LIKE '%php;excel/%'  AND `delete_time` = 0  AND `is_show` = 1 [ RunTime:0.000469s ]
[2021-07-15T04:21:45+08:00][sql] SELECT * FROM `carver_article` WHERE  `article_label` LIKE '%php;excel/%'  AND `delete_time` = 0  AND `is_show` = 1 LIMIT 0,6 [ RunTime:0.000971s ]
[2021-07-15T04:21:45+08:00][sql] SELECT article_id,article_title,click_num,FROM_UNIXTIME(add_time,'%Y-%m-%d') as add_time FROM `carver_article` WHERE  `is_show` = 1  AND `delete_time` = 0 ORDER BY `click_num` DESC LIMIT 3 [ RunTime:0.000752s ]
[2021-07-15T04:21:45+08:00][sql] SHOW FULL COLUMNS FROM `carver_notice` [ RunTime:0.000783s ]
[2021-07-15T04:21:45+08:00][sql] SELECT * FROM `carver_notice` ORDER BY `create_time` DESC LIMIT 3 [ RunTime:0.000336s ]
[2021-07-15T04:21:45+08:00][sql] SHOW FULL COLUMNS FROM `carver_navigation` [ RunTime:0.000619s ]
[2021-07-15T04:21:45+08:00][sql] SELECT * FROM `carver_navigation` [ RunTime:0.000299s ]
[2021-07-15T04:21:45+08:00][sql] SHOW FULL COLUMNS FROM `carver_link` [ RunTime:0.000618s ]
[2021-07-15T04:21:45+08:00][sql] SELECT * FROM `carver_link` WHERE  ( is_confirm=2 ) LIMIT 20 [ RunTime:0.000345s ]
[2021-07-15T04:21:45+08:00][sql] SELECT `article_label` FROM `carver_article` [ RunTime:0.000294s ]
[2021-07-15T04:21:45+08:00][sql] SHOW FULL COLUMNS FROM `carver_carouse` [ RunTime:0.000648s ]
[2021-07-15T04:21:45+08:00][sql] SELECT `carouse_img`,`carouse_desc` FROM `carver_carouse` WHERE  `is_show` = 1 ORDER BY `carouse_sort` DESC LIMIT 3 [ RunTime:0.000318s ]
[2021-07-15T04:21:45+08:00][sql] SHOW FULL COLUMNS FROM `carver_site` [ RunTime:0.000638s ]
[2021-07-15T04:21:45+08:00][sql] SELECT * FROM `carver_site` [ RunTime:0.000340s ]
[2021-07-15T04:22:00+08:00][sql] CONNECT:[ UseTime:0.000566s ] mysql:host=127.0.0.1;port=3306;dbname=carver;charset=utf8
[2021-07-15T04:22:00+08:00][sql] SHOW FULL COLUMNS FROM `carver_article` [ RunTime:0.001063s ]
[2021-07-15T04:22:00+08:00][sql] SELECT COUNT(*) AS think_count FROM `carver_article` WHERE  `article_label` LIKE '%php;javascript/%'  AND `delete_time` = 0  AND `is_show` = 1 [ RunTime:0.000430s ]
[2021-07-15T04:22:00+08:00][sql] SELECT * FROM `carver_article` WHERE  `article_label` LIKE '%php;javascript/%'  AND `delete_time` = 0  AND `is_show` = 1 LIMIT 0,6 [ RunTime:0.001021s ]
[2021-07-15T04:22:00+08:00][sql] SELECT article_id,article_title,click_num,FROM_UNIXTIME(add_time,'%Y-%m-%d') as add_time FROM `carver_article` WHERE  `is_show` = 1  AND `delete_time` = 0 ORDER BY `click_num` DESC LIMIT 3 [ RunTime:0.000547s ]
[2021-07-15T04:22:00+08:00][sql] SHOW FULL COLUMNS FROM `carver_notice` [ RunTime:0.000807s ]
[2021-07-15T04:22:00+08:00][sql] SELECT * FROM `carver_notice` ORDER BY `create_time` DESC LIMIT 3 [ RunTime:0.000330s ]
[2021-07-15T04:22:00+08:00][sql] SHOW FULL COLUMNS FROM `carver_navigation` [ RunTime:0.000623s ]
[2021-07-15T04:22:00+08:00][sql] SELECT * FROM `carver_navigation` [ RunTime:0.000301s ]
[2021-07-15T04:22:00+08:00][sql] SHOW FULL COLUMNS FROM `carver_link` [ RunTime:0.000678s ]
[2021-07-15T04:22:00+08:00][sql] SELECT * FROM `carver_link` WHERE  ( is_confirm=2 ) LIMIT 20 [ RunTime:0.000369s ]
[2021-07-15T04:22:00+08:00][sql] SELECT `article_label` FROM `carver_article` [ RunTime:0.000285s ]
[2021-07-15T04:22:00+08:00][sql] SHOW FULL COLUMNS FROM `carver_carouse` [ RunTime:0.000675s ]
[2021-07-15T04:22:00+08:00][sql] SELECT `carouse_img`,`carouse_desc` FROM `carver_carouse` WHERE  `is_show` = 1 ORDER BY `carouse_sort` DESC LIMIT 3 [ RunTime:0.000341s ]
[2021-07-15T04:22:00+08:00][sql] SHOW FULL COLUMNS FROM `carver_site` [ RunTime:0.000724s ]
[2021-07-15T04:22:00+08:00][sql] SELECT * FROM `carver_site` [ RunTime:0.000320s ]
[2021-07-15T04:22:11+08:00][sql] CONNECT:[ UseTime:0.000558s ] mysql:host=127.0.0.1;port=3306;dbname=carver;charset=utf8
[2021-07-15T04:22:11+08:00][sql] SHOW FULL COLUMNS FROM `carver_article` [ RunTime:0.000907s ]
[2021-07-15T04:22:11+08:00][sql] SELECT COUNT(*) AS think_count FROM `carver_article` WHERE  `article_label` LIKE '%swoole;php/%'  AND `delete_time` = 0  AND `is_show` = 1 [ RunTime:0.000456s ]
[2021-07-15T04:22:11+08:00][sql] SELECT * FROM `carver_article` WHERE  `article_label` LIKE '%swoole;php/%'  AND `delete_time` = 0  AND `is_show` = 1 LIMIT 0,6 [ RunTime:0.000966s ]
[2021-07-15T04:22:11+08:00][sql] SELECT article_id,article_title,click_num,FROM_UNIXTIME(add_time,'%Y-%m-%d') as add_time FROM `carver_article` WHERE  `is_show` = 1  AND `delete_time` = 0 ORDER BY `click_num` DESC LIMIT 3 [ RunTime:0.000579s ]
[2021-07-15T04:22:11+08:00][sql] SHOW FULL COLUMNS FROM `carver_notice` [ RunTime:0.000667s ]
[2021-07-15T04:22:11+08:00][sql] SELECT * FROM `carver_notice` ORDER BY `create_time` DESC LIMIT 3 [ RunTime:0.000415s ]
[2021-07-15T04:22:11+08:00][sql] SHOW FULL COLUMNS FROM `carver_navigation` [ RunTime:0.000688s ]
[2021-07-15T04:22:11+08:00][sql] SELECT * FROM `carver_navigation` [ RunTime:0.000291s ]
[2021-07-15T04:22:11+08:00][sql] SHOW FULL COLUMNS FROM `carver_link` [ RunTime:0.000671s ]
[2021-07-15T04:22:11+08:00][sql] SELECT * FROM `carver_link` WHERE  ( is_confirm=2 ) LIMIT 20 [ RunTime:0.000334s ]
[2021-07-15T04:22:11+08:00][sql] SELECT `article_label` FROM `carver_article` [ RunTime:0.000314s ]
[2021-07-15T04:22:11+08:00][sql] SHOW FULL COLUMNS FROM `carver_carouse` [ RunTime:0.000589s ]
[2021-07-15T04:22:11+08:00][sql] SELECT `carouse_img`,`carouse_desc` FROM `carver_carouse` WHERE  `is_show` = 1 ORDER BY `carouse_sort` DESC LIMIT 3 [ RunTime:0.000374s ]
[2021-07-15T04:22:11+08:00][sql] SHOW FULL COLUMNS FROM `carver_site` [ RunTime:0.000593s ]
[2021-07-15T04:22:11+08:00][sql] SELECT * FROM `carver_site` [ RunTime:0.000321s ]
[2021-07-15T06:15:10+08:00][sql] CONNECT:[ UseTime:0.000857s ] mysql:host=127.0.0.1;port=3306;dbname=carver;charset=utf8
[2021-07-15T06:15:10+08:00][sql] SHOW FULL COLUMNS FROM `carver_article` [ RunTime:0.001073s ]
[2021-07-15T06:15:10+08:00][sql] SELECT `article_id`,`article_title`,`article_desc`,`article_content`,`article_img`,`article_guide`,`article_label`,`click_num`,`is_show`,`add_time`,`article_author` FROM `carver_article` WHERE  `article_id` = 28' LIMIT 1 [ RunTime:0.000529s ]
[2021-07-15T06:15:10+08:00][sql] SELECT `article_id`,`article_title`,`article_desc`,`article_content`,`article_img`,`article_guide`,`article_label`,`click_num`,`is_show`,`add_time`,`article_author` FROM `carver_article` WHERE  `article_id` > 28' LIMIT 1 [ RunTime:0.000431s ]
[2021-07-15T06:15:10+08:00][sql] SELECT `article_id`,`article_title`,`article_desc`,`article_content`,`article_img`,`article_guide`,`article_label`,`click_num`,`is_show`,`add_time`,`article_author` FROM `carver_article` WHERE  `article_id` < 28' ORDER BY `article_id` DESC LIMIT 1 [ RunTime:0.000495s ]
[2021-07-15T06:15:10+08:00][sql] SHOW FULL COLUMNS FROM `carver_link` [ RunTime:0.000696s ]
[2021-07-15T06:15:10+08:00][sql] SELECT * FROM `carver_link` WHERE  ( is_confirm=2 ) LIMIT 20 [ RunTime:0.000366s ]
[2021-07-15T06:15:10+08:00][sql] SELECT article_id,article_title,click_num,FROM_UNIXTIME(add_time,'%Y-%m-%d') as add_time FROM `carver_article` ORDER BY `click_num` DESC LIMIT 3 [ RunTime:0.000448s ]
[2021-07-15T06:15:10+08:00][sql] SHOW FULL COLUMNS FROM `carver_comment` [ RunTime:0.000832s ]
[2021-07-15T06:15:10+08:00][sql] SELECT `a`.*,`b`.`user_name` FROM `carver_comment` `a` INNER JOIN `carver_user` `b` ON `a`.`user_id`=`b`.`user_id` WHERE  `article_id` = 28' ORDER BY `create_time` DESC [ RunTime:0.000499s ]
[2021-07-15T06:15:10+08:00][sql] SHOW FULL COLUMNS FROM `carver_comment_to_others` [ RunTime:0.000765s ]
[2021-07-15T06:15:10+08:00][sql] SELECT * FROM `carver_comment_to_others` [ RunTime:0.000343s ]
[2021-07-15T06:15:10+08:00][sql] SHOW FULL COLUMNS FROM `carver_user` [ RunTime:0.000693s ]
[2021-07-15T06:15:10+08:00][sql] SELECT `user_name` FROM `carver_user` WHERE  `user_id` = 4 LIMIT 1 [ RunTime:0.000336s ]
[2021-07-15T06:15:10+08:00][sql] SELECT `user_name` FROM `carver_user` WHERE  `user_id` = 4 LIMIT 1 [ RunTime:0.000306s ]
[2021-07-15T06:15:10+08:00][sql] SELECT `user_name` FROM `carver_user` WHERE  `user_id` = 5 LIMIT 1 [ RunTime:0.000299s ]
[2021-07-15T06:15:10+08:00][sql] SELECT `user_name` FROM `carver_user` WHERE  `user_id` = 5 LIMIT 1 [ RunTime:0.000270s ]
[2021-07-15T06:15:10+08:00][sql] SELECT `user_name` FROM `carver_user` WHERE  `user_id` = 37 LIMIT 1 [ RunTime:0.000231s ]
[2021-07-15T06:15:10+08:00][sql] SELECT `user_name`,`user_id` FROM `carver_user` [ RunTime:0.000256s ]
[2021-07-15T06:15:10+08:00][sql] SHOW FULL COLUMNS FROM `carver_navigation` [ RunTime:0.000572s ]
[2021-07-15T06:15:10+08:00][sql] SELECT * FROM `carver_navigation` [ RunTime:0.000248s ]
[2021-07-15T06:15:10+08:00][sql] SELECT `article_label` FROM `carver_article` [ RunTime:0.000331s ]
[2021-07-15T06:31:26+08:00][sql] CONNECT:[ UseTime:0.000891s ] mysql:host=127.0.0.1;port=3306;dbname=carver;charset=utf8
[2021-07-15T06:31:26+08:00][sql] SHOW FULL COLUMNS FROM `carver_user` [ RunTime:0.000899s ]
[2021-07-15T06:31:26+08:00][sql] SHOW FULL COLUMNS FROM `carver_article` [ RunTime:0.000845s ]
[2021-07-15T06:31:26+08:00][sql] SELECT COUNT(*) AS think_count FROM `carver_article` WHERE  `delete_time` = 0  AND `is_show` = 1 [ RunTime:0.000390s ]
[2021-07-15T06:31:26+08:00][sql] SELECT `article_id`,`article_title`,`article_desc`,`article_content`,`article_img`,`article_guide`,`article_label`,`click_num`,`is_show`,`add_time`,`article_author`,`is_top_show` FROM `carver_article` WHERE  `delete_time` = 0  AND `is_show` = 1 ORDER BY `article_id` DESC LIMIT 0,6 [ RunTime:0.000790s ]
[2021-07-15T06:31:26+08:00][sql] SELECT article_id,article_title,click_num,FROM_UNIXTIME(add_time,'%Y-%m-%d') as add_time FROM `carver_article` WHERE  `is_show` = 1  AND `delete_time` = 0 ORDER BY `click_num` DESC LIMIT 3 [ RunTime:0.000470s ]
[2021-07-15T06:31:26+08:00][sql] SHOW FULL COLUMNS FROM `carver_notice` [ RunTime:0.000710s ]
[2021-07-15T06:31:26+08:00][sql] SELECT * FROM `carver_notice` ORDER BY `create_time` DESC LIMIT 3 [ RunTime:0.000287s ]
[2021-07-15T06:31:26+08:00][sql] SHOW FULL COLUMNS FROM `carver_navigation` [ RunTime:0.000607s ]
[2021-07-15T06:31:26+08:00][sql] SELECT * FROM `carver_navigation` [ RunTime:0.000252s ]
[2021-07-15T06:31:26+08:00][sql] SHOW FULL COLUMNS FROM `carver_link` [ RunTime:0.000694s ]
[2021-07-15T06:31:26+08:00][sql] SELECT * FROM `carver_link` WHERE  ( is_confirm=2 ) LIMIT 20 [ RunTime:0.000315s ]
[2021-07-15T06:31:26+08:00][sql] SELECT `article_label` FROM `carver_article` [ RunTime:0.000322s ]
[2021-07-15T06:31:26+08:00][sql] SHOW FULL COLUMNS FROM `carver_carouse` [ RunTime:0.000561s ]
[2021-07-15T06:31:26+08:00][sql] SELECT `carouse_img`,`carouse_desc` FROM `carver_carouse` WHERE  `is_show` = 1 ORDER BY `carouse_sort` DESC LIMIT 3 [ RunTime:0.000350s ]
[2021-07-15T06:31:26+08:00][sql] SHOW FULL COLUMNS FROM `carver_site` [ RunTime:0.000613s ]
[2021-07-15T06:31:26+08:00][sql] SELECT * FROM `carver_site` [ RunTime:0.000259s ]
[2021-07-15T06:55:15+08:00][sql] CONNECT:[ UseTime:0.000530s ] mysql:host=127.0.0.1;port=3306;dbname=carver;charset=utf8
[2021-07-15T06:55:15+08:00][sql] SHOW FULL COLUMNS FROM `carver_user` [ RunTime:0.000918s ]
[2021-07-15T06:55:15+08:00][sql] SHOW FULL COLUMNS FROM `carver_article` [ RunTime:0.000790s ]
[2021-07-15T06:55:15+08:00][sql] SELECT COUNT(*) AS think_count FROM `carver_article` WHERE  `delete_time` = 0  AND `is_show` = 1 [ RunTime:0.000390s ]
[2021-07-15T06:55:15+08:00][sql] SELECT `article_id`,`article_title`,`article_desc`,`article_content`,`article_img`,`article_guide`,`article_label`,`click_num`,`is_show`,`add_time`,`article_author`,`is_top_show` FROM `carver_article` WHERE  `delete_time` = 0  AND `is_show` = 1 ORDER BY `article_id` DESC LIMIT 24,6 [ RunTime:0.001066s ]
[2021-07-15T06:55:15+08:00][sql] SELECT article_id,article_title,click_num,FROM_UNIXTIME(add_time,'%Y-%m-%d') as add_time FROM `carver_article` WHERE  `is_show` = 1  AND `delete_time` = 0 ORDER BY `click_num` DESC LIMIT 3 [ RunTime:0.000774s ]
[2021-07-15T06:55:15+08:00][sql] SHOW FULL COLUMNS FROM `carver_notice` [ RunTime:0.000689s ]
[2021-07-15T06:55:15+08:00][sql] SELECT * FROM `carver_notice` ORDER BY `create_time` DESC LIMIT 3 [ RunTime:0.000283s ]
[2021-07-15T06:55:15+08:00][sql] SHOW FULL COLUMNS FROM `carver_navigation` [ RunTime:0.000558s ]
[2021-07-15T06:55:15+08:00][sql] SELECT * FROM `carver_navigation` [ RunTime:0.000271s ]
[2021-07-15T06:55:15+08:00][sql] SHOW FULL COLUMNS FROM `carver_link` [ RunTime:0.000550s ]
[2021-07-15T06:55:15+08:00][sql] SELECT * FROM `carver_link` WHERE  ( is_confirm=2 ) LIMIT 20 [ RunTime:0.000292s ]
[2021-07-15T06:55:15+08:00][sql] SELECT `article_label` FROM `carver_article` [ RunTime:0.000352s ]
[2021-07-15T06:55:15+08:00][sql] SHOW FULL COLUMNS FROM `carver_carouse` [ RunTime:0.000567s ]
[2021-07-15T06:55:15+08:00][sql] SELECT `carouse_img`,`carouse_desc` FROM `carver_carouse` WHERE  `is_show` = 1 ORDER BY `carouse_sort` DESC LIMIT 3 [ RunTime:0.000302s ]
[2021-07-15T06:55:15+08:00][sql] SHOW FULL COLUMNS FROM `carver_site` [ RunTime:0.000588s ]
[2021-07-15T06:55:15+08:00][sql] SELECT * FROM `carver_site` [ RunTime:0.000259s ]
[2021-07-15T09:39:45+08:00][sql] CONNECT:[ UseTime:0.000549s ] mysql:host=127.0.0.1;port=3306;dbname=carver;charset=utf8
[2021-07-15T09:39:45+08:00][sql] SHOW FULL COLUMNS FROM `carver_article` [ RunTime:0.001198s ]
[2021-07-15T09:39:45+08:00][sql] SELECT `article_id`,`article_title`,`article_desc`,`article_content`,`article_img`,`article_guide`,`article_label`,`click_num`,`is_show`,`add_time`,`article_author` FROM `carver_article` WHERE  `article_id` = 17' LIMIT 1 [ RunTime:0.000709s ]
[2021-07-15T09:39:45+08:00][sql] SELECT `article_id`,`article_title`,`article_desc`,`article_content`,`article_img`,`article_guide`,`article_label`,`click_num`,`is_show`,`add_time`,`article_author` FROM `carver_article` WHERE  `article_id` > 17' LIMIT 1 [ RunTime:0.000446s ]
[2021-07-15T09:39:45+08:00][sql] SELECT `article_id`,`article_title`,`article_desc`,`article_content`,`article_img`,`article_guide`,`article_label`,`click_num`,`is_show`,`add_time`,`article_author` FROM `carver_article` WHERE  `article_id` < 17' ORDER BY `article_id` DESC LIMIT 1 [ RunTime:0.000407s ]
[2021-07-15T09:39:45+08:00][sql] SHOW FULL COLUMNS FROM `carver_link` [ RunTime:0.000625s ]
[2021-07-15T09:39:45+08:00][sql] SELECT * FROM `carver_link` WHERE  ( is_confirm=2 ) LIMIT 20 [ RunTime:0.000300s ]
[2021-07-15T09:39:45+08:00][sql] SELECT article_id,article_title,click_num,FROM_UNIXTIME(add_time,'%Y-%m-%d') as add_time FROM `carver_article` ORDER BY `click_num` DESC LIMIT 3 [ RunTime:0.000394s ]
[2021-07-15T09:39:45+08:00][sql] SHOW FULL COLUMNS FROM `carver_comment` [ RunTime:0.000626s ]
[2021-07-15T09:39:45+08:00][sql] SELECT `a`.*,`b`.`user_name` FROM `carver_comment` `a` INNER JOIN `carver_user` `b` ON `a`.`user_id`=`b`.`user_id` WHERE  `article_id` = 17' ORDER BY `create_time` DESC [ RunTime:0.000359s ]
[2021-07-15T09:39:45+08:00][sql] SHOW FULL COLUMNS FROM `carver_comment_to_others` [ RunTime:0.000707s ]
[2021-07-15T09:39:45+08:00][sql] SELECT * FROM `carver_comment_to_others` [ RunTime:0.000243s ]
[2021-07-15T09:39:45+08:00][sql] SHOW FULL COLUMNS FROM `carver_user` [ RunTime:0.000521s ]
[2021-07-15T09:39:45+08:00][sql] SELECT `user_name` FROM `carver_user` WHERE  `user_id` = 4 LIMIT 1 [ RunTime:0.000252s ]
[2021-07-15T09:39:45+08:00][sql] SELECT `user_name` FROM `carver_user` WHERE  `user_id` = 4 LIMIT 1 [ RunTime:0.000238s ]
[2021-07-15T09:39:45+08:00][sql] SELECT `user_name` FROM `carver_user` WHERE  `user_id` = 5 LIMIT 1 [ RunTime:0.000210s ]
[2021-07-15T09:39:45+08:00][sql] SELECT `user_name` FROM `carver_user` WHERE  `user_id` = 5 LIMIT 1 [ RunTime:0.000233s ]
[2021-07-15T09:39:45+08:00][sql] SELECT `user_name` FROM `carver_user` WHERE  `user_id` = 37 LIMIT 1 [ RunTime:0.000244s ]
[2021-07-15T09:39:45+08:00][sql] SELECT `user_name`,`user_id` FROM `carver_user` [ RunTime:0.000269s ]
[2021-07-15T09:39:45+08:00][sql] SHOW FULL COLUMNS FROM `carver_navigation` [ RunTime:0.000636s ]
[2021-07-15T09:39:45+08:00][sql] SELECT * FROM `carver_navigation` [ RunTime:0.000263s ]
[2021-07-15T09:39:45+08:00][sql] SELECT `article_label` FROM `carver_article` [ RunTime:0.000278s ]
[2021-07-15T09:58:19+08:00][sql] CONNECT:[ UseTime:0.000537s ] mysql:host=127.0.0.1;port=3306;dbname=carver;charset=utf8
[2021-07-15T09:58:19+08:00][sql] SHOW FULL COLUMNS FROM `carver_article` [ RunTime:0.000920s ]
[2021-07-15T09:58:19+08:00][sql] SELECT `article_id`,`article_title`,`article_desc`,`article_content`,`article_img`,`article_guide`,`article_label`,`click_num`,`is_show`,`add_time`,`article_author` FROM `carver_article` WHERE  `article_id` = 28 LIMIT 1 [ RunTime:0.000414s ]
[2021-07-15T09:58:19+08:00][sql] SELECT `article_id`,`article_title`,`article_desc`,`article_content`,`article_img`,`article_guide`,`article_label`,`click_num`,`is_show`,`add_time`,`article_author` FROM `carver_article` WHERE  `article_id` > 28 LIMIT 1 [ RunTime:0.000345s ]
[2021-07-15T09:58:19+08:00][sql] SELECT `article_id`,`article_title`,`article_desc`,`article_content`,`article_img`,`article_guide`,`article_label`,`click_num`,`is_show`,`add_time`,`article_author` FROM `carver_article` WHERE  `article_id` < 28 ORDER BY `article_id` DESC LIMIT 1 [ RunTime:0.000409s ]
[2021-07-15T09:58:19+08:00][sql] SHOW FULL COLUMNS FROM `carver_link` [ RunTime:0.000554s ]
[2021-07-15T09:58:19+08:00][sql] SELECT * FROM `carver_link` WHERE  ( is_confirm=2 ) LIMIT 20 [ RunTime:0.000317s ]
[2021-07-15T09:58:19+08:00][sql] SELECT article_id,article_title,click_num,FROM_UNIXTIME(add_time,'%Y-%m-%d') as add_time FROM `carver_article` ORDER BY `click_num` DESC LIMIT 3 [ RunTime:0.000328s ]
[2021-07-15T09:58:19+08:00][sql] SHOW FULL COLUMNS FROM `carver_comment` [ RunTime:0.000569s ]
[2021-07-15T09:58:19+08:00][sql] SELECT `a`.*,`b`.`user_name` FROM `carver_comment` `a` INNER JOIN `carver_user` `b` ON `a`.`user_id`=`b`.`user_id` WHERE  `article_id` = 28 ORDER BY `create_time` DESC [ RunTime:0.000358s ]
[2021-07-15T09:58:19+08:00][sql] SHOW FULL COLUMNS FROM `carver_comment_to_others` [ RunTime:0.000577s ]
[2021-07-15T09:58:19+08:00][sql] SELECT * FROM `carver_comment_to_others` [ RunTime:0.000226s ]
[2021-07-15T09:58:19+08:00][sql] SHOW FULL COLUMNS FROM `carver_user` [ RunTime:0.000735s ]
[2021-07-15T09:58:19+08:00][sql] SELECT `user_name` FROM `carver_user` WHERE  `user_id` = 4 LIMIT 1 [ RunTime:0.000235s ]
[2021-07-15T09:58:19+08:00][sql] SELECT `user_name` FROM `carver_user` WHERE  `user_id` = 4 LIMIT 1 [ RunTime:0.000214s ]
[2021-07-15T09:58:19+08:00][sql] SELECT `user_name` FROM `carver_user` WHERE  `user_id` = 5 LIMIT 1 [ RunTime:0.000218s ]
[2021-07-15T09:58:19+08:00][sql] SELECT `user_name` FROM `carver_user` WHERE  `user_id` = 5 LIMIT 1 [ RunTime:0.000211s ]
[2021-07-15T09:58:19+08:00][sql] SELECT `user_name` FROM `carver_user` WHERE  `user_id` = 37 LIMIT 1 [ RunTime:0.000216s ]
[2021-07-15T09:58:19+08:00][sql] SELECT `user_name`,`user_id` FROM `carver_user` [ RunTime:0.000243s ]
[2021-07-15T09:58:19+08:00][sql] SHOW FULL COLUMNS FROM `carver_navigation` [ RunTime:0.000502s ]
[2021-07-15T09:58:19+08:00][sql] SELECT * FROM `carver_navigation` [ RunTime:0.000276s ]
[2021-07-15T09:58:19+08:00][sql] SELECT `article_label` FROM `carver_article` [ RunTime:0.000255s ]
[2021-07-15T10:16:23+08:00][sql] CONNECT:[ UseTime:0.000683s ] mysql:host=127.0.0.1;port=3306;dbname=carver;charset=utf8
[2021-07-15T10:16:23+08:00][sql] SHOW FULL COLUMNS FROM `carver_article` [ RunTime:0.000937s ]
[2021-07-15T10:16:23+08:00][sql] SELECT `article_id`,`article_title`,`article_desc`,`article_content`,`article_img`,`article_guide`,`article_label`,`click_num`,`is_show`,`add_time`,`article_author` FROM `carver_article` WHERE  `article_id` = 18' LIMIT 1 [ RunTime:0.000579s ]
[2021-07-15T10:16:23+08:00][sql] SELECT `article_id`,`article_title`,`article_desc`,`article_content`,`article_img`,`article_guide`,`article_label`,`click_num`,`is_show`,`add_time`,`article_author` FROM `carver_article` WHERE  `article_id` > 18' LIMIT 1 [ RunTime:0.003131s ]
[2021-07-15T10:16:23+08:00][sql] SELECT `article_id`,`article_title`,`article_desc`,`article_content`,`article_img`,`article_guide`,`article_label`,`click_num`,`is_show`,`add_time`,`article_author` FROM `carver_article` WHERE  `article_id` < 18' ORDER BY `article_id` DESC LIMIT 1 [ RunTime:0.000603s ]
[2021-07-15T10:16:23+08:00][sql] SHOW FULL COLUMNS FROM `carver_link` [ RunTime:0.000745s ]
[2021-07-15T10:16:23+08:00][sql] SELECT * FROM `carver_link` WHERE  ( is_confirm=2 ) LIMIT 20 [ RunTime:0.000368s ]
[2021-07-15T10:16:23+08:00][sql] SELECT article_id,article_title,click_num,FROM_UNIXTIME(add_time,'%Y-%m-%d') as add_time FROM `carver_article` ORDER BY `click_num` DESC LIMIT 3 [ RunTime:0.000405s ]
[2021-07-15T10:16:23+08:00][sql] SHOW FULL COLUMNS FROM `carver_comment` [ RunTime:0.000709s ]
[2021-07-15T10:16:23+08:00][sql] SELECT `a`.*,`b`.`user_name` FROM `carver_comment` `a` INNER JOIN `carver_user` `b` ON `a`.`user_id`=`b`.`user_id` WHERE  `article_id` = 18' ORDER BY `create_time` DESC [ RunTime:0.000391s ]
[2021-07-15T10:16:23+08:00][sql] SHOW FULL COLUMNS FROM `carver_comment_to_others` [ RunTime:0.000637s ]
[2021-07-15T10:16:23+08:00][sql] SELECT * FROM `carver_comment_to_others` [ RunTime:0.000317s ]
[2021-07-15T10:16:23+08:00][sql] SHOW FULL COLUMNS FROM `carver_user` [ RunTime:0.000533s ]
[2021-07-15T10:16:23+08:00][sql] SELECT `user_name` FROM `carver_user` WHERE  `user_id` = 4 LIMIT 1 [ RunTime:0.000260s ]
[2021-07-15T10:16:23+08:00][sql] SELECT `user_name` FROM `carver_user` WHERE  `user_id` = 4 LIMIT 1 [ RunTime:0.000269s ]
[2021-07-15T10:16:23+08:00][sql] SELECT `user_name` FROM `carver_user` WHERE  `user_id` = 5 LIMIT 1 [ RunTime:0.000243s ]
[2021-07-15T10:16:23+08:00][sql] SELECT `user_name` FROM `carver_user` WHERE  `user_id` = 5 LIMIT 1 [ RunTime:0.000224s ]
[2021-07-15T10:16:23+08:00][sql] SELECT `user_name` FROM `carver_user` WHERE  `user_id` = 37 LIMIT 1 [ RunTime:0.000275s ]
[2021-07-15T10:16:23+08:00][sql] SELECT `user_name`,`user_id` FROM `carver_user` [ RunTime:0.000256s ]
[2021-07-15T10:16:23+08:00][sql] SHOW FULL COLUMNS FROM `carver_navigation` [ RunTime:0.000612s ]
[2021-07-15T10:16:23+08:00][sql] SELECT * FROM `carver_navigation` [ RunTime:0.000299s ]
[2021-07-15T10:16:23+08:00][sql] SELECT `article_label` FROM `carver_article` [ RunTime:0.000258s ]
[2021-07-15T10:17:45+08:00][sql] CONNECT:[ UseTime:0.000704s ] mysql:host=127.0.0.1;port=3306;dbname=carver;charset=utf8
[2021-07-15T10:17:45+08:00][sql] SHOW FULL COLUMNS FROM `carver_article` [ RunTime:0.000915s ]
[2021-07-15T10:17:45+08:00][sql] SELECT `article_id`,`article_title`,`article_desc`,`article_content`,`article_img`,`article_guide`,`article_label`,`click_num`,`is_show`,`add_time`,`article_author` FROM `carver_article` WHERE  `article_id` = 17 LIMIT 1 [ RunTime:0.000581s ]
[2021-07-15T10:17:45+08:00][sql] SELECT `article_id`,`article_title`,`article_desc`,`article_content`,`article_img`,`article_guide`,`article_label`,`click_num`,`is_show`,`add_time`,`article_author` FROM `carver_article` WHERE  `article_id` > 17 LIMIT 1 [ RunTime:0.000443s ]
[2021-07-15T10:17:45+08:00][sql] SELECT `article_id`,`article_title`,`article_desc`,`article_content`,`article_img`,`article_guide`,`article_label`,`click_num`,`is_show`,`add_time`,`article_author` FROM `carver_article` WHERE  `article_id` < 17 ORDER BY `article_id` DESC LIMIT 1 [ RunTime:0.000356s ]
[2021-07-15T10:17:45+08:00][sql] SHOW FULL COLUMNS FROM `carver_link` [ RunTime:0.000773s ]
[2021-07-15T10:17:45+08:00][sql] SELECT * FROM `carver_link` WHERE  ( is_confirm=2 ) LIMIT 20 [ RunTime:0.000315s ]
[2021-07-15T10:17:45+08:00][sql] SELECT article_id,article_title,click_num,FROM_UNIXTIME(add_time,'%Y-%m-%d') as add_time FROM `carver_article` ORDER BY `click_num` DESC LIMIT 3 [ RunTime:0.000448s ]
[2021-07-15T10:17:45+08:00][sql] SHOW FULL COLUMNS FROM `carver_comment` [ RunTime:0.000610s ]
[2021-07-15T10:17:45+08:00][sql] SELECT `a`.*,`b`.`user_name` FROM `carver_comment` `a` INNER JOIN `carver_user` `b` ON `a`.`user_id`=`b`.`user_id` WHERE  `article_id` = 17 ORDER BY `create_time` DESC [ RunTime:0.000349s ]
[2021-07-15T10:17:45+08:00][sql] SHOW FULL COLUMNS FROM `carver_comment_to_others` [ RunTime:0.000562s ]
[2021-07-15T10:17:45+08:00][sql] SELECT * FROM `carver_comment_to_others` [ RunTime:0.000267s ]
[2021-07-15T10:17:45+08:00][sql] SHOW FULL COLUMNS FROM `carver_user` [ RunTime:0.000440s ]
[2021-07-15T10:17:45+08:00][sql] SELECT `user_name` FROM `carver_user` WHERE  `user_id` = 4 LIMIT 1 [ RunTime:0.000244s ]
[2021-07-15T10:17:45+08:00][sql] SELECT `user_name` FROM `carver_user` WHERE  `user_id` = 4 LIMIT 1 [ RunTime:0.000213s ]
[2021-07-15T10:17:45+08:00][sql] SELECT `user_name` FROM `carver_user` WHERE  `user_id` = 5 LIMIT 1 [ RunTime:0.000221s ]
[2021-07-15T10:17:45+08:00][sql] SELECT `user_name` FROM `carver_user` WHERE  `user_id` = 5 LIMIT 1 [ RunTime:0.000222s ]
[2021-07-15T10:17:45+08:00][sql] SELECT `user_name` FROM `carver_user` WHERE  `user_id` = 37 LIMIT 1 [ RunTime:0.000217s ]
[2021-07-15T10:17:45+08:00][sql] SHOW FULL COLUMNS FROM `carver_navigation` [ RunTime:0.000555s ]
[2021-07-15T10:17:45+08:00][sql] SELECT * FROM `carver_navigation` [ RunTime:0.000235s ]
[2021-07-15T10:17:45+08:00][sql] SELECT `article_label` FROM `carver_article` [ RunTime:0.000265s ]
[2021-07-15T10:17:48+08:00][sql] CONNECT:[ UseTime:0.000643s ] mysql:host=127.0.0.1;port=3306;dbname=carver;charset=utf8
[2021-07-15T10:17:48+08:00][sql] SHOW FULL COLUMNS FROM `carver_article` [ RunTime:0.001007s ]
[2021-07-15T10:17:48+08:00][sql] SELECT `article_id`,`article_title`,`article_desc`,`article_content`,`article_img`,`article_guide`,`article_label`,`click_num`,`is_show`,`add_time`,`article_author` FROM `carver_article` WHERE  `article_id` = 17'A=0 LIMIT 1 [ RunTime:0.000625s ]
[2021-07-15T10:17:48+08:00][sql] SELECT `article_id`,`article_title`,`article_desc`,`article_content`,`article_img`,`article_guide`,`article_label`,`click_num`,`is_show`,`add_time`,`article_author` FROM `carver_article` WHERE  `article_id` > 17'A=0 LIMIT 1 [ RunTime:0.000461s ]
[2021-07-15T10:17:48+08:00][sql] SELECT `article_id`,`article_title`,`article_desc`,`article_content`,`article_img`,`article_guide`,`article_label`,`click_num`,`is_show`,`add_time`,`article_author` FROM `carver_article` WHERE  `article_id` < 17'A=0 ORDER BY `article_id` DESC LIMIT 1 [ RunTime:0.000396s ]
[2021-07-15T10:17:48+08:00][sql] SHOW FULL COLUMNS FROM `carver_link` [ RunTime:0.000698s ]
[2021-07-15T10:17:48+08:00][sql] SELECT * FROM `carver_link` WHERE  ( is_confirm=2 ) LIMIT 20 [ RunTime:0.000353s ]
[2021-07-15T10:17:48+08:00][sql] SELECT article_id,article_title,click_num,FROM_UNIXTIME(add_time,'%Y-%m-%d') as add_time FROM `carver_article` ORDER BY `click_num` DESC LIMIT 3 [ RunTime:0.000402s ]
[2021-07-15T10:17:48+08:00][sql] SHOW FULL COLUMNS FROM `carver_comment` [ RunTime:0.000681s ]
[2021-07-15T10:17:48+08:00][sql] SELECT `a`.*,`b`.`user_name` FROM `carver_comment` `a` INNER JOIN `carver_user` `b` ON `a`.`user_id`=`b`.`user_id` WHERE  `article_id` = 17'A=0 ORDER BY `create_time` DESC [ RunTime:0.000380s ]
[2021-07-15T10:17:48+08:00][sql] SHOW FULL COLUMNS FROM `carver_comment_to_others` [ RunTime:0.000621s ]
[2021-07-15T10:17:48+08:00][sql] SELECT * FROM `carver_comment_to_others` [ RunTime:0.000249s ]
[2021-07-15T10:17:48+08:00][sql] SHOW FULL COLUMNS FROM `carver_user` [ RunTime:0.000497s ]
[2021-07-15T10:17:48+08:00][sql] SELECT `user_name` FROM `carver_user` WHERE  `user_id` = 4 LIMIT 1 [ RunTime:0.000262s ]
[2021-07-15T10:17:48+08:00][sql] SELECT `user_name` FROM `carver_user` WHERE  `user_id` = 4 LIMIT 1 [ RunTime:0.000257s ]
[2021-07-15T10:17:48+08:00][sql] SELECT `user_name` FROM `carver_user` WHERE  `user_id` = 5 LIMIT 1 [ RunTime:0.000207s ]
[2021-07-15T10:17:48+08:00][sql] SELECT `user_name` FROM `carver_user` WHERE  `user_id` = 5 LIMIT 1 [ RunTime:0.000228s ]
[2021-07-15T10:17:48+08:00][sql] SELECT `user_name` FROM `carver_user` WHERE  `user_id` = 37 LIMIT 1 [ RunTime:0.000259s ]
[2021-07-15T10:17:48+08:00][sql] SHOW FULL COLUMNS FROM `carver_navigation` [ RunTime:0.000601s ]
[2021-07-15T10:17:48+08:00][sql] SELECT * FROM `carver_navigation` [ RunTime:0.000270s ]
[2021-07-15T10:17:48+08:00][sql] SELECT `article_label` FROM `carver_article` [ RunTime:0.000301s ]
[2021-07-15T10:51:05+08:00][sql] CONNECT:[ UseTime:0.000544s ] mysql:host=127.0.0.1;port=3306;dbname=carver;charset=utf8
[2021-07-15T10:51:05+08:00][sql] SHOW FULL COLUMNS FROM `carver_user` [ RunTime:0.000909s ]
[2021-07-15T10:51:05+08:00][sql] SHOW FULL COLUMNS FROM `carver_article` [ RunTime:0.000791s ]
[2021-07-15T10:51:05+08:00][sql] SELECT COUNT(*) AS think_count FROM `carver_article` WHERE  `delete_time` = 0  AND `is_show` = 1 [ RunTime:0.000391s ]
[2021-07-15T10:51:05+08:00][sql] SELECT `article_id`,`article_title`,`article_desc`,`article_content`,`article_img`,`article_guide`,`article_label`,`click_num`,`is_show`,`add_time`,`article_author`,`is_top_show` FROM `carver_article` WHERE  `delete_time` = 0  AND `is_show` = 1 ORDER BY `article_id` DESC LIMIT 18,6 [ RunTime:0.001692s ]
[2021-07-15T10:51:05+08:00][sql] SELECT article_id,article_title,click_num,FROM_UNIXTIME(add_time,'%Y-%m-%d') as add_time FROM `carver_article` WHERE  `is_show` = 1  AND `delete_time` = 0 ORDER BY `click_num` DESC LIMIT 3 [ RunTime:0.000656s ]
[2021-07-15T10:51:05+08:00][sql] SHOW FULL COLUMNS FROM `carver_notice` [ RunTime:0.000783s ]
[2021-07-15T10:51:05+08:00][sql] SELECT * FROM `carver_notice` ORDER BY `create_time` DESC LIMIT 3 [ RunTime:0.000307s ]
[2021-07-15T10:51:05+08:00][sql] SHOW FULL COLUMNS FROM `carver_navigation` [ RunTime:0.000590s ]
[2021-07-15T10:51:05+08:00][sql] SELECT * FROM `carver_navigation` [ RunTime:0.000250s ]
[2021-07-15T10:51:05+08:00][sql] SHOW FULL COLUMNS FROM `carver_link` [ RunTime:0.000590s ]
[2021-07-15T10:51:05+08:00][sql] SELECT * FROM `carver_link` WHERE  ( is_confirm=2 ) LIMIT 20 [ RunTime:0.000306s ]
[2021-07-15T10:51:05+08:00][sql] SELECT `article_label` FROM `carver_article` [ RunTime:0.000332s ]
[2021-07-15T10:51:05+08:00][sql] SHOW FULL COLUMNS FROM `carver_carouse` [ RunTime:0.000582s ]
[2021-07-15T10:51:05+08:00][sql] SELECT `carouse_img`,`carouse_desc` FROM `carver_carouse` WHERE  `is_show` = 1 ORDER BY `carouse_sort` DESC LIMIT 3 [ RunTime:0.000318s ]
[2021-07-15T10:51:05+08:00][sql] SHOW FULL COLUMNS FROM `carver_site` [ RunTime:0.000546s ]
[2021-07-15T10:51:05+08:00][sql] SELECT * FROM `carver_site` [ RunTime:0.000257s ]
[2021-07-15T11:09:49+08:00][sql] CONNECT:[ UseTime:0.000574s ] mysql:host=127.0.0.1;port=3306;dbname=carver;charset=utf8
[2021-07-15T11:09:49+08:00][sql] SHOW FULL COLUMNS FROM `carver_article` [ RunTime:0.000929s ]
[2021-07-15T11:09:49+08:00][sql] SELECT COUNT(*) AS think_count FROM `carver_article` WHERE  `article_guide` = 42  AND `delete_time` = 0  AND `is_show` = 1 [ RunTime:0.000404s ]
[2021-07-15T11:09:49+08:00][sql] SELECT * FROM `carver_article` WHERE  `article_guide` = 42  AND `delete_time` = 0  AND `is_show` = 1 ORDER BY `add_time` DESC LIMIT 0,6 [ RunTime:0.000488s ]
[2021-07-15T11:09:49+08:00][sql] SELECT article_id,article_title,click_num,FROM_UNIXTIME(add_time,'%Y-%m-%d') as add_time FROM `carver_article` WHERE  `is_show` = 1  AND `delete_time` = 0 ORDER BY `click_num` DESC LIMIT 3 [ RunTime:0.000556s ]
[2021-07-15T11:09:49+08:00][sql] SHOW FULL COLUMNS FROM `carver_notice` [ RunTime:0.000783s ]
[2021-07-15T11:09:49+08:00][sql] SELECT * FROM `carver_notice` ORDER BY `create_time` DESC LIMIT 3 [ RunTime:0.000352s ]
[2021-07-15T11:09:49+08:00][sql] SHOW FULL COLUMNS FROM `carver_navigation` [ RunTime:0.000699s ]
[2021-07-15T11:09:49+08:00][sql] SELECT * FROM `carver_navigation` [ RunTime:0.000292s ]
[2021-07-15T11:09:49+08:00][sql] SELECT `article_label` FROM `carver_article` [ RunTime:0.000281s ]
[2021-07-15T11:09:49+08:00][sql] SHOW FULL COLUMNS FROM `carver_carouse` [ RunTime:0.000727s ]
[2021-07-15T11:09:49+08:00][sql] SELECT `carouse_img`,`carouse_desc` FROM `carver_carouse` WHERE  `is_show` = 1 ORDER BY `carouse_sort` DESC LIMIT 3 [ RunTime:0.000349s ]
[2021-07-15T11:09:49+08:00][sql] SHOW FULL COLUMNS FROM `carver_link` [ RunTime:0.000593s ]
[2021-07-15T11:09:49+08:00][sql] SELECT * FROM `carver_link` WHERE  ( is_confirm=2 ) LIMIT 20 [ RunTime:0.000342s ]
[2021-07-15T11:09:49+08:00][sql] SHOW FULL COLUMNS FROM `carver_site` [ RunTime:0.000635s ]
[2021-07-15T11:09:49+08:00][sql] SELECT * FROM `carver_site` [ RunTime:0.000358s ]
[2021-07-15T11:51:19+08:00][sql] CONNECT:[ UseTime:0.000614s ] mysql:host=127.0.0.1;port=3306;dbname=carver;charset=utf8
[2021-07-15T11:51:19+08:00][sql] SHOW FULL COLUMNS FROM `carver_article` [ RunTime:0.000939s ]
[2021-07-15T11:51:19+08:00][sql] SELECT `article_id`,`article_title`,`article_desc`,`article_content`,`article_img`,`article_guide`,`article_label`,`click_num`,`is_show`,`add_time`,`article_author` FROM `carver_article` WHERE  `article_id` = 17 LIMIT 1 [ RunTime:0.000614s ]
[2021-07-15T11:51:19+08:00][sql] SELECT `article_id`,`article_title`,`article_desc`,`article_content`,`article_img`,`article_guide`,`article_label`,`click_num`,`is_show`,`add_time`,`article_author` FROM `carver_article` WHERE  `article_id` > 17 LIMIT 1 [ RunTime:0.000456s ]
[2021-07-15T11:51:19+08:00][sql] SELECT `article_id`,`article_title`,`article_desc`,`article_content`,`article_img`,`article_guide`,`article_label`,`click_num`,`is_show`,`add_time`,`article_author` FROM `carver_article` WHERE  `article_id` < 17 ORDER BY `article_id` DESC LIMIT 1 [ RunTime:0.000368s ]
[2021-07-15T11:51:19+08:00][sql] SHOW FULL COLUMNS FROM `carver_link` [ RunTime:0.000628s ]
[2021-07-15T11:51:19+08:00][sql] SELECT * FROM `carver_link` WHERE  ( is_confirm=2 ) LIMIT 20 [ RunTime:0.000321s ]
[2021-07-15T11:51:19+08:00][sql] SELECT article_id,article_title,click_num,FROM_UNIXTIME(add_time,'%Y-%m-%d') as add_time FROM `carver_article` ORDER BY `click_num` DESC LIMIT 3 [ RunTime:0.000433s ]
[2021-07-15T11:51:19+08:00][sql] SHOW FULL COLUMNS FROM `carver_comment` [ RunTime:0.000711s ]
[2021-07-15T11:51:19+08:00][sql] SELECT `a`.*,`b`.`user_name` FROM `carver_comment` `a` INNER JOIN `carver_user` `b` ON `a`.`user_id`=`b`.`user_id` WHERE  `article_id` = 17 ORDER BY `create_time` DESC [ RunTime:0.000376s ]
[2021-07-15T11:51:19+08:00][sql] SHOW FULL COLUMNS FROM `carver_comment_to_others` [ RunTime:0.000688s ]
[2021-07-15T11:51:19+08:00][sql] SELECT * FROM `carver_comment_to_others` [ RunTime:0.000253s ]
[2021-07-15T11:51:19+08:00][sql] SHOW FULL COLUMNS FROM `carver_user` [ RunTime:0.000550s ]
[2021-07-15T11:51:19+08:00][sql] SELECT `user_name` FROM `carver_user` WHERE  `user_id` = 4 LIMIT 1 [ RunTime:0.000238s ]
[2021-07-15T11:51:19+08:00][sql] SELECT `user_name` FROM `carver_user` WHERE  `user_id` = 4 LIMIT 1 [ RunTime:0.000270s ]
[2021-07-15T11:51:19+08:00][sql] SELECT `user_name` FROM `carver_user` WHERE  `user_id` = 5 LIMIT 1 [ RunTime:0.000210s ]
[2021-07-15T11:51:19+08:00][sql] SELECT `user_name` FROM `carver_user` WHERE  `user_id` = 5 LIMIT 1 [ RunTime:0.000219s ]
[2021-07-15T11:51:19+08:00][sql] SELECT `user_name` FROM `carver_user` WHERE  `user_id` = 37 LIMIT 1 [ RunTime:0.000251s ]
[2021-07-15T11:51:19+08:00][sql] SELECT `user_name`,`user_id` FROM `carver_user` [ RunTime:0.000268s ]
[2021-07-15T11:51:19+08:00][sql] SHOW FULL COLUMNS FROM `carver_navigation` [ RunTime:0.000671s ]
[2021-07-15T11:51:19+08:00][sql] SELECT * FROM `carver_navigation` [ RunTime:0.000242s ]
[2021-07-15T11:51:19+08:00][sql] SELECT `article_label` FROM `carver_article` [ RunTime:0.000309s ]
[2021-07-15T11:59:17+08:00][sql] CONNECT:[ UseTime:0.000654s ] mysql:host=127.0.0.1;port=3306;dbname=carver;charset=utf8
[2021-07-15T11:59:17+08:00][sql] SHOW FULL COLUMNS FROM `carver_article` [ RunTime:0.000860s ]
[2021-07-15T11:59:17+08:00][sql] SELECT COUNT(*) AS think_count FROM `carver_article` WHERE  `article_guide` = 6  AND `delete_time` = 0  AND `is_show` = 1 [ RunTime:0.000416s ]
[2021-07-15T11:59:17+08:00][sql] SELECT * FROM `carver_article` WHERE  `article_guide` = 6  AND `delete_time` = 0  AND `is_show` = 1 ORDER BY `add_time` DESC LIMIT 0,6 [ RunTime:0.000905s ]
[2021-07-15T11:59:17+08:00][sql] SELECT article_id,article_title,click_num,FROM_UNIXTIME(add_time,'%Y-%m-%d') as add_time FROM `carver_article` WHERE  `is_show` = 1  AND `delete_time` = 0 ORDER BY `click_num` DESC LIMIT 3 [ RunTime:0.000569s ]
[2021-07-15T11:59:17+08:00][sql] SHOW FULL COLUMNS FROM `carver_notice` [ RunTime:0.000697s ]
[2021-07-15T11:59:17+08:00][sql] SELECT * FROM `carver_notice` ORDER BY `create_time` DESC LIMIT 3 [ RunTime:0.000304s ]
[2021-07-15T11:59:17+08:00][sql] SHOW FULL COLUMNS FROM `carver_navigation` [ RunTime:0.000613s ]
[2021-07-15T11:59:17+08:00][sql] SELECT * FROM `carver_navigation` [ RunTime:0.000317s ]
[2021-07-15T11:59:17+08:00][sql] SELECT `article_label` FROM `carver_article` [ RunTime:0.000328s ]
[2021-07-15T11:59:17+08:00][sql] SHOW FULL COLUMNS FROM `carver_carouse` [ RunTime:0.000639s ]
[2021-07-15T11:59:17+08:00][sql] SELECT `carouse_img`,`carouse_desc` FROM `carver_carouse` WHERE  `is_show` = 1 ORDER BY `carouse_sort` DESC LIMIT 3 [ RunTime:0.000300s ]
[2021-07-15T11:59:17+08:00][sql] SHOW FULL COLUMNS FROM `carver_link` [ RunTime:0.000526s ]
[2021-07-15T11:59:17+08:00][sql] SELECT * FROM `carver_link` WHERE  ( is_confirm=2 ) LIMIT 20 [ RunTime:0.000277s ]
[2021-07-15T11:59:17+08:00][sql] SHOW FULL COLUMNS FROM `carver_site` [ RunTime:0.000524s ]
[2021-07-15T11:59:17+08:00][sql] SELECT * FROM `carver_site` [ RunTime:0.000234s ]
[2021-07-15T12:42:09+08:00][sql] CONNECT:[ UseTime:0.000571s ] mysql:host=127.0.0.1;port=3306;dbname=carver;charset=utf8
[2021-07-15T12:42:09+08:00][sql] SHOW FULL COLUMNS FROM `carver_user` [ RunTime:0.000835s ]
[2021-07-15T12:42:09+08:00][sql] SHOW FULL COLUMNS FROM `carver_article` [ RunTime:0.000737s ]
[2021-07-15T12:42:09+08:00][sql] SELECT COUNT(*) AS think_count FROM `carver_article` WHERE  `delete_time` = 0  AND `is_show` = 1 [ RunTime:0.000373s ]
[2021-07-15T12:42:09+08:00][sql] SELECT `article_id`,`article_title`,`article_desc`,`article_content`,`article_img`,`article_guide`,`article_label`,`click_num`,`is_show`,`add_time`,`article_author`,`is_top_show` FROM `carver_article` WHERE  `delete_time` = 0  AND `is_show` = 1 ORDER BY `article_id` DESC LIMIT 0,6 [ RunTime:0.000748s ]
[2021-07-15T12:42:09+08:00][sql] SELECT article_id,article_title,click_num,FROM_UNIXTIME(add_time,'%Y-%m-%d') as add_time FROM `carver_article` WHERE  `is_show` = 1  AND `delete_time` = 0 ORDER BY `click_num` DESC LIMIT 3 [ RunTime:0.000442s ]
[2021-07-15T12:42:09+08:00][sql] SHOW FULL COLUMNS FROM `carver_notice` [ RunTime:0.000569s ]
[2021-07-15T12:42:09+08:00][sql] SELECT * FROM `carver_notice` ORDER BY `create_time` DESC LIMIT 3 [ RunTime:0.000260s ]
[2021-07-15T12:42:09+08:00][sql] SHOW FULL COLUMNS FROM `carver_navigation` [ RunTime:0.000552s ]
[2021-07-15T12:42:09+08:00][sql] SELECT * FROM `carver_navigation` [ RunTime:0.000240s ]
[2021-07-15T12:42:09+08:00][sql] SHOW FULL COLUMNS FROM `carver_link` [ RunTime:0.000475s ]
[2021-07-15T12:42:09+08:00][sql] SELECT * FROM `carver_link` WHERE  ( is_confirm=2 ) LIMIT 20 [ RunTime:0.000294s ]
[2021-07-15T12:42:09+08:00][sql] SELECT `article_label` FROM `carver_article` [ RunTime:0.000277s ]
[2021-07-15T12:42:09+08:00][sql] SHOW FULL COLUMNS FROM `carver_carouse` [ RunTime:0.000502s ]
[2021-07-15T12:42:09+08:00][sql] SELECT `carouse_img`,`carouse_desc` FROM `carver_carouse` WHERE  `is_show` = 1 ORDER BY `carouse_sort` DESC LIMIT 3 [ RunTime:0.000289s ]
[2021-07-15T12:42:09+08:00][sql] SHOW FULL COLUMNS FROM `carver_site` [ RunTime:0.000488s ]
[2021-07-15T12:42:09+08:00][sql] SELECT * FROM `carver_site` [ RunTime:0.000235s ]
[2021-07-15T13:48:05+08:00][sql] CONNECT:[ UseTime:0.000508s ] mysql:host=127.0.0.1;port=3306;dbname=carver;charset=utf8
[2021-07-15T13:48:05+08:00][sql] SHOW FULL COLUMNS FROM `carver_user` [ RunTime:0.001004s ]
[2021-07-15T13:48:05+08:00][sql] SHOW FULL COLUMNS FROM `carver_article` [ RunTime:0.000783s ]
[2021-07-15T13:48:05+08:00][sql] SELECT COUNT(*) AS think_count FROM `carver_article` WHERE  `delete_time` = 0  AND `is_show` = 1 [ RunTime:0.000405s ]
[2021-07-15T13:48:05+08:00][sql] SELECT `article_id`,`article_title`,`article_desc`,`article_content`,`article_img`,`article_guide`,`article_label`,`click_num`,`is_show`,`add_time`,`article_author`,`is_top_show` FROM `carver_article` WHERE  `delete_time` = 0  AND `is_show` = 1 ORDER BY `article_id` DESC LIMIT 0,6 [ RunTime:0.000815s ]
[2021-07-15T13:48:05+08:00][sql] SELECT article_id,article_title,click_num,FROM_UNIXTIME(add_time,'%Y-%m-%d') as add_time FROM `carver_article` WHERE  `is_show` = 1  AND `delete_time` = 0 ORDER BY `click_num` DESC LIMIT 3 [ RunTime:0.000453s ]
[2021-07-15T13:48:05+08:00][sql] SHOW FULL COLUMNS FROM `carver_notice` [ RunTime:0.000629s ]
[2021-07-15T13:48:05+08:00][sql] SELECT * FROM `carver_notice` ORDER BY `create_time` DESC LIMIT 3 [ RunTime:0.000288s ]
[2021-07-15T13:48:05+08:00][sql] SHOW FULL COLUMNS FROM `carver_navigation` [ RunTime:0.000594s ]
[2021-07-15T13:48:05+08:00][sql] SELECT * FROM `carver_navigation` [ RunTime:0.000242s ]
[2021-07-15T13:48:05+08:00][sql] SHOW FULL COLUMNS FROM `carver_link` [ RunTime:0.000582s ]
[2021-07-15T13:48:05+08:00][sql] SELECT * FROM `carver_link` WHERE  ( is_confirm=2 ) LIMIT 20 [ RunTime:0.000296s ]
[2021-07-15T13:48:05+08:00][sql] SELECT `article_label` FROM `carver_article` [ RunTime:0.000292s ]
[2021-07-15T13:48:05+08:00][sql] SHOW FULL COLUMNS FROM `carver_carouse` [ RunTime:0.000568s ]
[2021-07-15T13:48:05+08:00][sql] SELECT `carouse_img`,`carouse_desc` FROM `carver_carouse` WHERE  `is_show` = 1 ORDER BY `carouse_sort` DESC LIMIT 3 [ RunTime:0.000311s ]
[2021-07-15T13:48:05+08:00][sql] SHOW FULL COLUMNS FROM `carver_site` [ RunTime:0.000590s ]
[2021-07-15T13:48:05+08:00][sql] SELECT * FROM `carver_site` [ RunTime:0.000237s ]
[2021-07-15T15:27:57+08:00][sql] CONNECT:[ UseTime:0.000667s ] mysql:host=127.0.0.1;port=3306;dbname=carver;charset=utf8
[2021-07-15T15:27:57+08:00][sql] SHOW FULL COLUMNS FROM `carver_article` [ RunTime:0.000930s ]
[2021-07-15T15:27:57+08:00][sql] SELECT `article_id`,`article_title`,`article_desc`,`article_content`,`article_img`,`article_guide`,`article_label`,`click_num`,`is_show`,`add_time`,`article_author` FROM `carver_article` WHERE  `article_id` = 17' LIMIT 1 [ RunTime:0.000600s ]
[2021-07-15T15:27:57+08:00][sql] SELECT `article_id`,`article_title`,`article_desc`,`article_content`,`article_img`,`article_guide`,`article_label`,`click_num`,`is_show`,`add_time`,`article_author` FROM `carver_article` WHERE  `article_id` > 17' LIMIT 1 [ RunTime:0.000439s ]
[2021-07-15T15:27:57+08:00][sql] SELECT `article_id`,`article_title`,`article_desc`,`article_content`,`article_img`,`article_guide`,`article_label`,`click_num`,`is_show`,`add_time`,`article_author` FROM `carver_article` WHERE  `article_id` < 17' ORDER BY `article_id` DESC LIMIT 1 [ RunTime:0.000404s ]
[2021-07-15T15:27:57+08:00][sql] SHOW FULL COLUMNS FROM `carver_link` [ RunTime:0.000696s ]
[2021-07-15T15:27:57+08:00][sql] SELECT * FROM `carver_link` WHERE  ( is_confirm=2 ) LIMIT 20 [ RunTime:0.000338s ]
[2021-07-15T15:27:57+08:00][sql] SELECT article_id,article_title,click_num,FROM_UNIXTIME(add_time,'%Y-%m-%d') as add_time FROM `carver_article` ORDER BY `click_num` DESC LIMIT 3 [ RunTime:0.000393s ]
[2021-07-15T15:27:57+08:00][sql] SHOW FULL COLUMNS FROM `carver_comment` [ RunTime:0.000605s ]
[2021-07-15T15:27:57+08:00][sql] SELECT `a`.*,`b`.`user_name` FROM `carver_comment` `a` INNER JOIN `carver_user` `b` ON `a`.`user_id`=`b`.`user_id` WHERE  `article_id` = 17' ORDER BY `create_time` DESC [ RunTime:0.000374s ]
[2021-07-15T15:27:57+08:00][sql] SHOW FULL COLUMNS FROM `carver_comment_to_others` [ RunTime:0.000653s ]
[2021-07-15T15:27:57+08:00][sql] SELECT * FROM `carver_comment_to_others` [ RunTime:0.000233s ]
[2021-07-15T15:27:57+08:00][sql] SHOW FULL COLUMNS FROM `carver_user` [ RunTime:0.000536s ]
[2021-07-15T15:27:57+08:00][sql] SELECT `user_name` FROM `carver_user` WHERE  `user_id` = 4 LIMIT 1 [ RunTime:0.000264s ]
[2021-07-15T15:27:57+08:00][sql] SELECT `user_name` FROM `carver_user` WHERE  `user_id` = 4 LIMIT 1 [ RunTime:0.000230s ]
[2021-07-15T15:27:57+08:00][sql] SELECT `user_name` FROM `carver_user` WHERE  `user_id` = 5 LIMIT 1 [ RunTime:0.000234s ]
[2021-07-15T15:27:57+08:00][sql] SELECT `user_name` FROM `carver_user` WHERE  `user_id` = 5 LIMIT 1 [ RunTime:0.000247s ]
[2021-07-15T15:27:57+08:00][sql] SELECT `user_name` FROM `carver_user` WHERE  `user_id` = 37 LIMIT 1 [ RunTime:0.000229s ]
[2021-07-15T15:27:57+08:00][sql] SELECT `user_name`,`user_id` FROM `carver_user` [ RunTime:0.000256s ]
[2021-07-15T15:27:57+08:00][sql] SHOW FULL COLUMNS FROM `carver_navigation` [ RunTime:0.000696s ]
[2021-07-15T15:27:57+08:00][sql] SELECT * FROM `carver_navigation` [ RunTime:0.000273s ]
[2021-07-15T15:27:57+08:00][sql] SELECT `article_label` FROM `carver_article` [ RunTime:0.000295s ]
[2021-07-15T15:27:58+08:00][sql] CONNECT:[ UseTime:0.000655s ] mysql:host=127.0.0.1;port=3306;dbname=carver;charset=utf8
[2021-07-15T15:27:58+08:00][sql] SHOW FULL COLUMNS FROM `carver_article` [ RunTime:0.000934s ]
[2021-07-15T15:27:58+08:00][sql] SELECT `article_id`,`article_title`,`article_desc`,`article_content`,`article_img`,`article_guide`,`article_label`,`click_num`,`is_show`,`add_time`,`article_author` FROM `carver_article` WHERE  `article_id` = 18' LIMIT 1 [ RunTime:0.000550s ]
[2021-07-15T15:27:58+08:00][sql] SELECT `article_id`,`article_title`,`article_desc`,`article_content`,`article_img`,`article_guide`,`article_label`,`click_num`,`is_show`,`add_time`,`article_author` FROM `carver_article` WHERE  `article_id` > 18' LIMIT 1 [ RunTime:0.003293s ]
[2021-07-15T15:27:58+08:00][sql] SELECT `article_id`,`article_title`,`article_desc`,`article_content`,`article_img`,`article_guide`,`article_label`,`click_num`,`is_show`,`add_time`,`article_author` FROM `carver_article` WHERE  `article_id` < 18' ORDER BY `article_id` DESC LIMIT 1 [ RunTime:0.000871s ]
[2021-07-15T15:27:58+08:00][sql] SHOW FULL COLUMNS FROM `carver_link` [ RunTime:0.000783s ]
[2021-07-15T15:27:58+08:00][sql] SELECT * FROM `carver_link` WHERE  ( is_confirm=2 ) LIMIT 20 [ RunTime:0.000345s ]
[2021-07-15T15:27:58+08:00][sql] SELECT article_id,article_title,click_num,FROM_UNIXTIME(add_time,'%Y-%m-%d') as add_time FROM `carver_article` ORDER BY `click_num` DESC LIMIT 3 [ RunTime:0.000449s ]
[2021-07-15T15:27:58+08:00][sql] SHOW FULL COLUMNS FROM `carver_comment` [ RunTime:0.000773s ]
[2021-07-15T15:27:58+08:00][sql] SELECT `a`.*,`b`.`user_name` FROM `carver_comment` `a` INNER JOIN `carver_user` `b` ON `a`.`user_id`=`b`.`user_id` WHERE  `article_id` = 18' ORDER BY `create_time` DESC [ RunTime:0.000394s ]
[2021-07-15T15:27:58+08:00][sql] SHOW FULL COLUMNS FROM `carver_comment_to_others` [ RunTime:0.000691s ]
[2021-07-15T15:27:58+08:00][sql] SELECT * FROM `carver_comment_to_others` [ RunTime:0.000256s ]
[2021-07-15T15:27:58+08:00][sql] SHOW FULL COLUMNS FROM `carver_user` [ RunTime:0.000543s ]
[2021-07-15T15:27:58+08:00][sql] SELECT `user_name` FROM `carver_user` WHERE  `user_id` = 4 LIMIT 1 [ RunTime:0.000274s ]
[2021-07-15T15:27:58+08:00][sql] SELECT `user_name` FROM `carver_user` WHERE  `user_id` = 4 LIMIT 1 [ RunTime:0.000249s ]
[2021-07-15T15:27:58+08:00][sql] SELECT `user_name` FROM `carver_user` WHERE  `user_id` = 5 LIMIT 1 [ RunTime:0.000223s ]
[2021-07-15T15:27:58+08:00][sql] SELECT `user_name` FROM `carver_user` WHERE  `user_id` = 5 LIMIT 1 [ RunTime:0.000238s ]
[2021-07-15T15:27:58+08:00][sql] SELECT `user_name` FROM `carver_user` WHERE  `user_id` = 37 LIMIT 1 [ RunTime:0.000250s ]
[2021-07-15T15:27:58+08:00][sql] SHOW FULL COLUMNS FROM `carver_navigation` [ RunTime:0.000643s ]
[2021-07-15T15:27:58+08:00][sql] SELECT * FROM `carver_navigation` [ RunTime:0.000328s ]
[2021-07-15T15:27:58+08:00][sql] SELECT `article_label` FROM `carver_article` [ RunTime:0.000290s ]
[2021-07-15T16:30:11+08:00][sql] CONNECT:[ UseTime:0.000569s ] mysql:host=127.0.0.1;port=3306;dbname=carver;charset=utf8
[2021-07-15T16:30:11+08:00][sql] SHOW FULL COLUMNS FROM `carver_user` [ RunTime:0.000867s ]
[2021-07-15T16:30:11+08:00][sql] SHOW FULL COLUMNS FROM `carver_article` [ RunTime:0.000835s ]
[2021-07-15T16:30:11+08:00][sql] SELECT COUNT(*) AS think_count FROM `carver_article` WHERE  `delete_time` = 0  AND `is_show` = 1 [ RunTime:0.000375s ]
[2021-07-15T16:30:11+08:00][sql] SELECT `article_id`,`article_title`,`article_desc`,`article_content`,`article_img`,`article_guide`,`article_label`,`click_num`,`is_show`,`add_time`,`article_author`,`is_top_show` FROM `carver_article` WHERE  `delete_time` = 0  AND `is_show` = 1 ORDER BY `article_id` DESC LIMIT 0,6 [ RunTime:0.000762s ]
[2021-07-15T16:30:11+08:00][sql] SELECT article_id,article_title,click_num,FROM_UNIXTIME(add_time,'%Y-%m-%d') as add_time FROM `carver_article` WHERE  `is_show` = 1  AND `delete_time` = 0 ORDER BY `click_num` DESC LIMIT 3 [ RunTime:0.000526s ]
[2021-07-15T16:30:11+08:00][sql] SHOW FULL COLUMNS FROM `carver_notice` [ RunTime:0.000684s ]
[2021-07-15T16:30:11+08:00][sql] SELECT * FROM `carver_notice` ORDER BY `create_time` DESC LIMIT 3 [ RunTime:0.000294s ]
[2021-07-15T16:30:11+08:00][sql] SHOW FULL COLUMNS FROM `carver_navigation` [ RunTime:0.000628s ]
[2021-07-15T16:30:11+08:00][sql] SELECT * FROM `carver_navigation` [ RunTime:0.000246s ]
[2021-07-15T16:30:11+08:00][sql] SHOW FULL COLUMNS FROM `carver_link` [ RunTime:0.000585s ]
[2021-07-15T16:30:11+08:00][sql] SELECT * FROM `carver_link` WHERE  ( is_confirm=2 ) LIMIT 20 [ RunTime:0.000347s ]
[2021-07-15T16:30:11+08:00][sql] SELECT `article_label` FROM `carver_article` [ RunTime:0.000274s ]
[2021-07-15T16:30:11+08:00][sql] SHOW FULL COLUMNS FROM `carver_carouse` [ RunTime:0.000568s ]
[2021-07-15T16:30:11+08:00][sql] SELECT `carouse_img`,`carouse_desc` FROM `carver_carouse` WHERE  `is_show` = 1 ORDER BY `carouse_sort` DESC LIMIT 3 [ RunTime:0.000321s ]
[2021-07-15T16:30:11+08:00][sql] SHOW FULL COLUMNS FROM `carver_site` [ RunTime:0.000557s ]
[2021-07-15T16:30:11+08:00][sql] SELECT * FROM `carver_site` [ RunTime:0.000256s ]
[2021-07-15T17:58:20+08:00][sql] CONNECT:[ UseTime:0.000632s ] mysql:host=127.0.0.1;port=3306;dbname=carver;charset=utf8
[2021-07-15T17:58:20+08:00][sql] SHOW FULL COLUMNS FROM `carver_article` [ RunTime:0.000998s ]
[2021-07-15T17:58:20+08:00][sql] SELECT `article_id`,`article_title`,`article_desc`,`article_content`,`article_img`,`article_guide`,`article_label`,`click_num`,`is_show`,`add_time`,`article_author` FROM `carver_article` WHERE  `article_id` = 25 LIMIT 1 [ RunTime:0.000507s ]
[2021-07-15T17:58:20+08:00][sql] SELECT `article_id`,`article_title`,`article_desc`,`article_content`,`article_img`,`article_guide`,`article_label`,`click_num`,`is_show`,`add_time`,`article_author` FROM `carver_article` WHERE  `article_id` > 25 LIMIT 1 [ RunTime:0.000674s ]
[2021-07-15T17:58:20+08:00][sql] SELECT `article_id`,`article_title`,`article_desc`,`article_content`,`article_img`,`article_guide`,`article_label`,`click_num`,`is_show`,`add_time`,`article_author` FROM `carver_article` WHERE  `article_id` < 25 ORDER BY `article_id` DESC LIMIT 1 [ RunTime:0.000427s ]
[2021-07-15T17:58:20+08:00][sql] SHOW FULL COLUMNS FROM `carver_link` [ RunTime:0.000672s ]
[2021-07-15T17:58:20+08:00][sql] SELECT * FROM `carver_link` WHERE  ( is_confirm=2 ) LIMIT 20 [ RunTime:0.000307s ]
[2021-07-15T17:58:20+08:00][sql] SELECT article_id,article_title,click_num,FROM_UNIXTIME(add_time,'%Y-%m-%d') as add_time FROM `carver_article` ORDER BY `click_num` DESC LIMIT 3 [ RunTime:0.000353s ]
[2021-07-15T17:58:20+08:00][sql] SHOW FULL COLUMNS FROM `carver_comment` [ RunTime:0.000621s ]
[2021-07-15T17:58:20+08:00][sql] SELECT `a`.*,`b`.`user_name` FROM `carver_comment` `a` INNER JOIN `carver_user` `b` ON `a`.`user_id`=`b`.`user_id` WHERE  `article_id` = 25 ORDER BY `create_time` DESC [ RunTime:0.000374s ]
[2021-07-15T17:58:20+08:00][sql] SHOW FULL COLUMNS FROM `carver_comment_to_others` [ RunTime:0.000583s ]
[2021-07-15T17:58:20+08:00][sql] SELECT * FROM `carver_comment_to_others` [ RunTime:0.000248s ]
[2021-07-15T17:58:20+08:00][sql] SHOW FULL COLUMNS FROM `carver_user` [ RunTime:0.000463s ]
[2021-07-15T17:58:20+08:00][sql] SELECT `user_name` FROM `carver_user` WHERE  `user_id` = 4 LIMIT 1 [ RunTime:0.000265s ]
[2021-07-15T17:58:20+08:00][sql] SELECT `user_name` FROM `carver_user` WHERE  `user_id` = 4 LIMIT 1 [ RunTime:0.000279s ]
[2021-07-15T17:58:20+08:00][sql] SELECT `user_name` FROM `carver_user` WHERE  `user_id` = 5 LIMIT 1 [ RunTime:0.000214s ]
[2021-07-15T17:58:20+08:00][sql] SELECT `user_name` FROM `carver_user` WHERE  `user_id` = 5 LIMIT 1 [ RunTime:0.000244s ]
[2021-07-15T17:58:20+08:00][sql] SELECT `user_name` FROM `carver_user` WHERE  `user_id` = 37 LIMIT 1 [ RunTime:0.000214s ]
[2021-07-15T17:58:20+08:00][sql] SELECT `user_name`,`user_id` FROM `carver_user` [ RunTime:0.000249s ]
[2021-07-15T17:58:20+08:00][sql] SHOW FULL COLUMNS FROM `carver_navigation` [ RunTime:0.000618s ]
[2021-07-15T17:58:20+08:00][sql] SELECT * FROM `carver_navigation` [ RunTime:0.000265s ]
[2021-07-15T17:58:20+08:00][sql] SELECT `article_label` FROM `carver_article` [ RunTime:0.000305s ]
[2021-07-15T18:08:20+08:00][sql] CONNECT:[ UseTime:0.000607s ] mysql:host=127.0.0.1;port=3306;dbname=carver;charset=utf8
[2021-07-15T18:08:20+08:00][sql] SHOW FULL COLUMNS FROM `carver_article` [ RunTime:0.000928s ]
[2021-07-15T18:08:20+08:00][sql] SELECT `article_id`,`article_title`,`article_desc`,`article_content`,`article_img`,`article_guide`,`article_label`,`click_num`,`is_show`,`add_time`,`article_author` FROM `carver_article` WHERE  `article_id` = 17 LIMIT 1 [ RunTime:0.000584s ]
[2021-07-15T18:08:20+08:00][sql] SELECT `article_id`,`article_title`,`article_desc`,`article_content`,`article_img`,`article_guide`,`article_label`,`click_num`,`is_show`,`add_time`,`article_author` FROM `carver_article` WHERE  `article_id` > 17 LIMIT 1 [ RunTime:0.000406s ]
[2021-07-15T18:08:20+08:00][sql] SELECT `article_id`,`article_title`,`article_desc`,`article_content`,`article_img`,`article_guide`,`article_label`,`click_num`,`is_show`,`add_time`,`article_author` FROM `carver_article` WHERE  `article_id` < 17 ORDER BY `article_id` DESC LIMIT 1 [ RunTime:0.000367s ]
[2021-07-15T18:08:20+08:00][sql] SHOW FULL COLUMNS FROM `carver_link` [ RunTime:0.000565s ]
[2021-07-15T18:08:20+08:00][sql] SELECT * FROM `carver_link` WHERE  ( is_confirm=2 ) LIMIT 20 [ RunTime:0.000316s ]
[2021-07-15T18:08:20+08:00][sql] SELECT article_id,article_title,click_num,FROM_UNIXTIME(add_time,'%Y-%m-%d') as add_time FROM `carver_article` ORDER BY `click_num` DESC LIMIT 3 [ RunTime:0.000356s ]
[2021-07-15T18:08:20+08:00][sql] SHOW FULL COLUMNS FROM `carver_comment` [ RunTime:0.000546s ]
[2021-07-15T18:08:20+08:00][sql] SELECT `a`.*,`b`.`user_name` FROM `carver_comment` `a` INNER JOIN `carver_user` `b` ON `a`.`user_id`=`b`.`user_id` WHERE  `article_id` = 17 ORDER BY `create_time` DESC [ RunTime:0.000331s ]
[2021-07-15T18:08:20+08:00][sql] SHOW FULL COLUMNS FROM `carver_comment_to_others` [ RunTime:0.000520s ]
[2021-07-15T18:08:20+08:00][sql] SELECT * FROM `carver_comment_to_others` [ RunTime:0.000226s ]
[2021-07-15T18:08:20+08:00][sql] SHOW FULL COLUMNS FROM `carver_user` [ RunTime:0.000484s ]
[2021-07-15T18:08:20+08:00][sql] SELECT `user_name` FROM `carver_user` WHERE  `user_id` = 4 LIMIT 1 [ RunTime:0.000249s ]
[2021-07-15T18:08:20+08:00][sql] SELECT `user_name` FROM `carver_user` WHERE  `user_id` = 4 LIMIT 1 [ RunTime:0.000210s ]
[2021-07-15T18:08:20+08:00][sql] SELECT `user_name` FROM `carver_user` WHERE  `user_id` = 5 LIMIT 1 [ RunTime:0.000221s ]
[2021-07-15T18:08:20+08:00][sql] SELECT `user_name` FROM `carver_user` WHERE  `user_id` = 5 LIMIT 1 [ RunTime:0.000224s ]
[2021-07-15T18:08:20+08:00][sql] SELECT `user_name` FROM `carver_user` WHERE  `user_id` = 37 LIMIT 1 [ RunTime:0.000214s ]
[2021-07-15T18:08:20+08:00][sql] SELECT `user_name`,`user_id` FROM `carver_user` [ RunTime:0.000227s ]
[2021-07-15T18:08:20+08:00][sql] SHOW FULL COLUMNS FROM `carver_navigation` [ RunTime:0.000595s ]
[2021-07-15T18:08:20+08:00][sql] SELECT * FROM `carver_navigation` [ RunTime:0.000231s ]
[2021-07-15T18:08:20+08:00][sql] SELECT `article_label` FROM `carver_article` [ RunTime:0.000241s ]
[2021-07-15T18:08:23+08:00][sql] CONNECT:[ UseTime:0.000503s ] mysql:host=127.0.0.1;port=3306;dbname=carver;charset=utf8
[2021-07-15T18:08:23+08:00][sql] SHOW FULL COLUMNS FROM `carver_article` [ RunTime:0.000931s ]
[2021-07-15T18:08:23+08:00][sql] SELECT `article_id`,`article_title`,`article_desc`,`article_content`,`article_img`,`article_guide`,`article_label`,`click_num`,`is_show`,`add_time`,`article_author` FROM `carver_article` WHERE  `article_id` = 17'[0] LIMIT 1 [ RunTime:0.000624s ]
[2021-07-15T18:08:23+08:00][sql] SELECT `article_id`,`article_title`,`article_desc`,`article_content`,`article_img`,`article_guide`,`article_label`,`click_num`,`is_show`,`add_time`,`article_author` FROM `carver_article` WHERE  `article_id` > 17'[0] LIMIT 1 [ RunTime:0.000408s ]
[2021-07-15T18:08:23+08:00][sql] SELECT `article_id`,`article_title`,`article_desc`,`article_content`,`article_img`,`article_guide`,`article_label`,`click_num`,`is_show`,`add_time`,`article_author` FROM `carver_article` WHERE  `article_id` < 17'[0] ORDER BY `article_id` DESC LIMIT 1 [ RunTime:0.000352s ]
[2021-07-15T18:08:23+08:00][sql] SHOW FULL COLUMNS FROM `carver_link` [ RunTime:0.000573s ]
[2021-07-15T18:08:23+08:00][sql] SELECT * FROM `carver_link` WHERE  ( is_confirm=2 ) LIMIT 20 [ RunTime:0.000335s ]
[2021-07-15T18:08:23+08:00][sql] SELECT article_id,article_title,click_num,FROM_UNIXTIME(add_time,'%Y-%m-%d') as add_time FROM `carver_article` ORDER BY `click_num` DESC LIMIT 3 [ RunTime:0.000424s ]
[2021-07-15T18:08:23+08:00][sql] SHOW FULL COLUMNS FROM `carver_comment` [ RunTime:0.000534s ]
[2021-07-15T18:08:23+08:00][sql] SELECT `a`.*,`b`.`user_name` FROM `carver_comment` `a` INNER JOIN `carver_user` `b` ON `a`.`user_id`=`b`.`user_id` WHERE  `article_id` = 17'[0] ORDER BY `create_time` DESC [ RunTime:0.000334s ]
[2021-07-15T18:08:23+08:00][sql] SHOW FULL COLUMNS FROM `carver_comment_to_others` [ RunTime:0.000562s ]
[2021-07-15T18:08:23+08:00][sql] SELECT * FROM `carver_comment_to_others` [ RunTime:0.000225s ]
[2021-07-15T18:08:23+08:00][sql] SHOW FULL COLUMNS FROM `carver_user` [ RunTime:0.000482s ]
[2021-07-15T18:08:23+08:00][sql] SELECT `user_name` FROM `carver_user` WHERE  `user_id` = 4 LIMIT 1 [ RunTime:0.000228s ]
[2021-07-15T18:08:23+08:00][sql] SELECT `user_name` FROM `carver_user` WHERE  `user_id` = 4 LIMIT 1 [ RunTime:0.000210s ]
[2021-07-15T18:08:23+08:00][sql] SELECT `user_name` FROM `carver_user` WHERE  `user_id` = 5 LIMIT 1 [ RunTime:0.000239s ]
[2021-07-15T18:08:23+08:00][sql] SELECT `user_name` FROM `carver_user` WHERE  `user_id` = 5 LIMIT 1 [ RunTime:0.000235s ]
[2021-07-15T18:08:23+08:00][sql] SELECT `user_name` FROM `carver_user` WHERE  `user_id` = 37 LIMIT 1 [ RunTime:0.000215s ]
[2021-07-15T18:08:23+08:00][sql] SHOW FULL COLUMNS FROM `carver_navigation` [ RunTime:0.000529s ]
[2021-07-15T18:08:23+08:00][sql] SELECT * FROM `carver_navigation` [ RunTime:0.000264s ]
[2021-07-15T18:08:23+08:00][sql] SELECT `article_label` FROM `carver_article` [ RunTime:0.000257s ]
[2021-07-15T18:25:38+08:00][sql] CONNECT:[ UseTime:0.000579s ] mysql:host=127.0.0.1;port=3306;dbname=carver;charset=utf8
[2021-07-15T18:25:38+08:00][sql] SHOW FULL COLUMNS FROM `carver_article` [ RunTime:0.000997s ]
[2021-07-15T18:25:38+08:00][sql] SELECT COUNT(*) AS think_count FROM `carver_article` WHERE  `article_label` LIKE '%js%'  AND `delete_time` = 0  AND `is_show` = 1 [ RunTime:0.000445s ]
[2021-07-15T18:25:38+08:00][sql] SELECT * FROM `carver_article` WHERE  `article_label` LIKE '%js%'  AND `delete_time` = 0  AND `is_show` = 1 LIMIT 0,6 [ RunTime:0.000953s ]
[2021-07-15T18:25:38+08:00][sql] SELECT article_id,article_title,click_num,FROM_UNIXTIME(add_time,'%Y-%m-%d') as add_time FROM `carver_article` WHERE  `is_show` = 1  AND `delete_time` = 0 ORDER BY `click_num` DESC LIMIT 3 [ RunTime:0.000694s ]
[2021-07-15T18:25:38+08:00][sql] SHOW FULL COLUMNS FROM `carver_notice` [ RunTime:0.000763s ]
[2021-07-15T18:25:38+08:00][sql] SELECT * FROM `carver_notice` ORDER BY `create_time` DESC LIMIT 3 [ RunTime:0.000338s ]
[2021-07-15T18:25:38+08:00][sql] SHOW FULL COLUMNS FROM `carver_navigation` [ RunTime:0.000667s ]
[2021-07-15T18:25:38+08:00][sql] SELECT * FROM `carver_navigation` [ RunTime:0.000311s ]
[2021-07-15T18:25:38+08:00][sql] SHOW FULL COLUMNS FROM `carver_link` [ RunTime:0.000739s ]
[2021-07-15T18:25:38+08:00][sql] SELECT * FROM `carver_link` WHERE  ( is_confirm=2 ) LIMIT 20 [ RunTime:0.000408s ]
[2021-07-15T18:25:38+08:00][sql] SELECT `article_label` FROM `carver_article` [ RunTime:0.000355s ]
[2021-07-15T18:25:38+08:00][sql] SHOW FULL COLUMNS FROM `carver_carouse` [ RunTime:0.000677s ]
[2021-07-15T18:25:38+08:00][sql] SELECT `carouse_img`,`carouse_desc` FROM `carver_carouse` WHERE  `is_show` = 1 ORDER BY `carouse_sort` DESC LIMIT 3 [ RunTime:0.000395s ]
[2021-07-15T18:25:38+08:00][sql] SHOW FULL COLUMNS FROM `carver_site` [ RunTime:0.000694s ]
[2021-07-15T18:25:38+08:00][sql] SELECT * FROM `carver_site` [ RunTime:0.000328s ]
[2021-07-15T19:27:31+08:00][sql] CONNECT:[ UseTime:0.000534s ] mysql:host=127.0.0.1;port=3306;dbname=carver;charset=utf8
[2021-07-15T19:27:31+08:00][sql] SHOW FULL COLUMNS FROM `carver_article` [ RunTime:0.000880s ]
[2021-07-15T19:27:31+08:00][sql] SELECT `article_id`,`article_title`,`article_desc`,`article_content`,`article_img`,`article_guide`,`article_label`,`click_num`,`is_show`,`add_time`,`article_author` FROM `carver_article` WHERE  `article_id` = 17 LIMIT 1 [ RunTime:0.000563s ]
[2021-07-15T19:27:31+08:00][sql] SELECT `article_id`,`article_title`,`article_desc`,`article_content`,`article_img`,`article_guide`,`article_label`,`click_num`,`is_show`,`add_time`,`article_author` FROM `carver_article` WHERE  `article_id` > 17 LIMIT 1 [ RunTime:0.000390s ]
[2021-07-15T19:27:31+08:00][sql] SELECT `article_id`,`article_title`,`article_desc`,`article_content`,`article_img`,`article_guide`,`article_label`,`click_num`,`is_show`,`add_time`,`article_author` FROM `carver_article` WHERE  `article_id` < 17 ORDER BY `article_id` DESC LIMIT 1 [ RunTime:0.000348s ]
[2021-07-15T19:27:31+08:00][sql] SHOW FULL COLUMNS FROM `carver_link` [ RunTime:0.000604s ]
[2021-07-15T19:27:31+08:00][sql] SELECT * FROM `carver_link` WHERE  ( is_confirm=2 ) LIMIT 20 [ RunTime:0.000503s ]
[2021-07-15T19:27:31+08:00][sql] SELECT article_id,article_title,click_num,FROM_UNIXTIME(add_time,'%Y-%m-%d') as add_time FROM `carver_article` ORDER BY `click_num` DESC LIMIT 3 [ RunTime:0.000360s ]
[2021-07-15T19:27:31+08:00][sql] SHOW FULL COLUMNS FROM `carver_comment` [ RunTime:0.000553s ]
[2021-07-15T19:27:31+08:00][sql] SELECT `a`.*,`b`.`user_name` FROM `carver_comment` `a` INNER JOIN `carver_user` `b` ON `a`.`user_id`=`b`.`user_id` WHERE  `article_id` = 17 ORDER BY `create_time` DESC [ RunTime:0.000402s ]
[2021-07-15T19:27:31+08:00][sql] SHOW FULL COLUMNS FROM `carver_comment_to_others` [ RunTime:0.000542s ]
[2021-07-15T19:27:31+08:00][sql] SELECT * FROM `carver_comment_to_others` [ RunTime:0.000227s ]
[2021-07-15T19:27:31+08:00][sql] SHOW FULL COLUMNS FROM `carver_user` [ RunTime:0.000500s ]
[2021-07-15T19:27:31+08:00][sql] SELECT `user_name` FROM `carver_user` WHERE  `user_id` = 4 LIMIT 1 [ RunTime:0.000227s ]
[2021-07-15T19:27:31+08:00][sql] SELECT `user_name` FROM `carver_user` WHERE  `user_id` = 4 LIMIT 1 [ RunTime:0.000224s ]
[2021-07-15T19:27:31+08:00][sql] SELECT `user_name` FROM `carver_user` WHERE  `user_id` = 5 LIMIT 1 [ RunTime:0.000237s ]
[2021-07-15T19:27:31+08:00][sql] SELECT `user_name` FROM `carver_user` WHERE  `user_id` = 5 LIMIT 1 [ RunTime:0.000205s ]
[2021-07-15T19:27:31+08:00][sql] SELECT `user_name` FROM `carver_user` WHERE  `user_id` = 37 LIMIT 1 [ RunTime:0.000223s ]
[2021-07-15T19:27:31+08:00][sql] SELECT `user_name`,`user_id` FROM `carver_user` [ RunTime:0.000243s ]
[2021-07-15T19:27:31+08:00][sql] SHOW FULL COLUMNS FROM `carver_navigation` [ RunTime:0.000513s ]
[2021-07-15T19:27:31+08:00][sql] SELECT * FROM `carver_navigation` [ RunTime:0.000242s ]
[2021-07-15T19:27:31+08:00][sql] SELECT `article_label` FROM `carver_article` [ RunTime:0.000241s ]
[2021-07-15T19:27:51+08:00][sql] CONNECT:[ UseTime:0.000634s ] mysql:host=127.0.0.1;port=3306;dbname=carver;charset=utf8
[2021-07-15T19:27:51+08:00][sql] SHOW FULL COLUMNS FROM `carver_article` [ RunTime:0.000874s ]
[2021-07-15T19:27:51+08:00][sql] SELECT `article_id`,`article_title`,`article_desc`,`article_content`,`article_img`,`article_guide`,`article_label`,`click_num`,`is_show`,`add_time`,`article_author` FROM `carver_article` WHERE  `article_id` = 17'A=0 LIMIT 1 [ RunTime:0.000551s ]
[2021-07-15T19:27:51+08:00][sql] SELECT `article_id`,`article_title`,`article_desc`,`article_content`,`article_img`,`article_guide`,`article_label`,`click_num`,`is_show`,`add_time`,`article_author` FROM `carver_article` WHERE  `article_id` > 17'A=0 LIMIT 1 [ RunTime:0.000414s ]
[2021-07-15T19:27:51+08:00][sql] SELECT `article_id`,`article_title`,`article_desc`,`article_content`,`article_img`,`article_guide`,`article_label`,`click_num`,`is_show`,`add_time`,`article_author` FROM `carver_article` WHERE  `article_id` < 17'A=0 ORDER BY `article_id` DESC LIMIT 1 [ RunTime:0.000366s ]
[2021-07-15T19:27:51+08:00][sql] SHOW FULL COLUMNS FROM `carver_link` [ RunTime:0.000573s ]
[2021-07-15T19:27:51+08:00][sql] SELECT * FROM `carver_link` WHERE  ( is_confirm=2 ) LIMIT 20 [ RunTime:0.000315s ]
[2021-07-15T19:27:51+08:00][sql] SELECT article_id,article_title,click_num,FROM_UNIXTIME(add_time,'%Y-%m-%d') as add_time FROM `carver_article` ORDER BY `click_num` DESC LIMIT 3 [ RunTime:0.000324s ]
[2021-07-15T19:27:51+08:00][sql] SHOW FULL COLUMNS FROM `carver_comment` [ RunTime:0.000576s ]
[2021-07-15T19:27:51+08:00][sql] SELECT `a`.*,`b`.`user_name` FROM `carver_comment` `a` INNER JOIN `carver_user` `b` ON `a`.`user_id`=`b`.`user_id` WHERE  `article_id` = 17'A=0 ORDER BY `create_time` DESC [ RunTime:0.000341s ]
[2021-07-15T19:27:51+08:00][sql] SHOW FULL COLUMNS FROM `carver_comment_to_others` [ RunTime:0.000542s ]
[2021-07-15T19:27:51+08:00][sql] SELECT * FROM `carver_comment_to_others` [ RunTime:0.000229s ]
[2021-07-15T19:27:51+08:00][sql] SHOW FULL COLUMNS FROM `carver_user` [ RunTime:0.000458s ]
[2021-07-15T19:27:51+08:00][sql] SELECT `user_name` FROM `carver_user` WHERE  `user_id` = 4 LIMIT 1 [ RunTime:0.000250s ]
[2021-07-15T19:27:51+08:00][sql] SELECT `user_name` FROM `carver_user` WHERE  `user_id` = 4 LIMIT 1 [ RunTime:0.000223s ]
[2021-07-15T19:27:51+08:00][sql] SELECT `user_name` FROM `carver_user` WHERE  `user_id` = 5 LIMIT 1 [ RunTime:0.000206s ]
[2021-07-15T19:27:51+08:00][sql] SELECT `user_name` FROM `carver_user` WHERE  `user_id` = 5 LIMIT 1 [ RunTime:0.000215s ]
[2021-07-15T19:27:51+08:00][sql] SELECT `user_name` FROM `carver_user` WHERE  `user_id` = 37 LIMIT 1 [ RunTime:0.000224s ]
[2021-07-15T19:27:51+08:00][sql] SHOW FULL COLUMNS FROM `carver_navigation` [ RunTime:0.000520s ]
[2021-07-15T19:27:51+08:00][sql] SELECT * FROM `carver_navigation` [ RunTime:0.000249s ]
[2021-07-15T19:27:51+08:00][sql] SELECT `article_label` FROM `carver_article` [ RunTime:0.000252s ]
[2021-07-15T19:29:58+08:00][sql] CONNECT:[ UseTime:0.000541s ] mysql:host=127.0.0.1;port=3306;dbname=carver;charset=utf8
[2021-07-15T19:29:58+08:00][sql] SHOW FULL COLUMNS FROM `carver_article` [ RunTime:0.001074s ]
[2021-07-15T19:29:58+08:00][sql] SELECT `article_id`,`article_title`,`article_desc`,`article_content`,`article_img`,`article_guide`,`article_label`,`click_num`,`is_show`,`add_time`,`article_author` FROM `carver_article` WHERE  `article_id` = 25'A=0 LIMIT 1 [ RunTime:0.000429s ]
[2021-07-15T19:29:58+08:00][sql] SELECT `article_id`,`article_title`,`article_desc`,`article_content`,`article_img`,`article_guide`,`article_label`,`click_num`,`is_show`,`add_time`,`article_author` FROM `carver_article` WHERE  `article_id` > 25'A=0 LIMIT 1 [ RunTime:0.000541s ]
[2021-07-15T19:29:58+08:00][sql] SELECT `article_id`,`article_title`,`article_desc`,`article_content`,`article_img`,`article_guide`,`article_label`,`click_num`,`is_show`,`add_time`,`article_author` FROM `carver_article` WHERE  `article_id` < 25'A=0 ORDER BY `article_id` DESC LIMIT 1 [ RunTime:0.000541s ]
[2021-07-15T19:29:58+08:00][sql] SHOW FULL COLUMNS FROM `carver_link` [ RunTime:0.000766s ]
[2021-07-15T19:29:58+08:00][sql] SELECT * FROM `carver_link` WHERE  ( is_confirm=2 ) LIMIT 20 [ RunTime:0.000373s ]
[2021-07-15T19:29:58+08:00][sql] SELECT article_id,article_title,click_num,FROM_UNIXTIME(add_time,'%Y-%m-%d') as add_time FROM `carver_article` ORDER BY `click_num` DESC LIMIT 3 [ RunTime:0.000455s ]
[2021-07-15T19:29:58+08:00][sql] SHOW FULL COLUMNS FROM `carver_comment` [ RunTime:0.000917s ]
[2021-07-15T19:29:58+08:00][sql] SELECT `a`.*,`b`.`user_name` FROM `carver_comment` `a` INNER JOIN `carver_user` `b` ON `a`.`user_id`=`b`.`user_id` WHERE  `article_id` = 25'A=0 ORDER BY `create_time` DESC [ RunTime:0.000446s ]
[2021-07-15T19:29:58+08:00][sql] SHOW FULL COLUMNS FROM `carver_comment_to_others` [ RunTime:0.000724s ]
[2021-07-15T19:29:58+08:00][sql] SELECT * FROM `carver_comment_to_others` [ RunTime:0.000284s ]
[2021-07-15T19:29:58+08:00][sql] SHOW FULL COLUMNS FROM `carver_user` [ RunTime:0.000563s ]
[2021-07-15T19:29:58+08:00][sql] SELECT `user_name` FROM `carver_user` WHERE  `user_id` = 4 LIMIT 1 [ RunTime:0.000302s ]
[2021-07-15T19:29:58+08:00][sql] SELECT `user_name` FROM `carver_user` WHERE  `user_id` = 4 LIMIT 1 [ RunTime:0.000272s ]
[2021-07-15T19:29:58+08:00][sql] SELECT `user_name` FROM `carver_user` WHERE  `user_id` = 5 LIMIT 1 [ RunTime:0.000259s ]
[2021-07-15T19:29:58+08:00][sql] SELECT `user_name` FROM `carver_user` WHERE  `user_id` = 5 LIMIT 1 [ RunTime:0.000245s ]
[2021-07-15T19:29:58+08:00][sql] SELECT `user_name` FROM `carver_user` WHERE  `user_id` = 37 LIMIT 1 [ RunTime:0.000277s ]
[2021-07-15T19:29:58+08:00][sql] SELECT `user_name`,`user_id` FROM `carver_user` [ RunTime:0.000331s ]
[2021-07-15T19:29:58+08:00][sql] SHOW FULL COLUMNS FROM `carver_navigation` [ RunTime:0.000728s ]
[2021-07-15T19:29:58+08:00][sql] SELECT * FROM `carver_navigation` [ RunTime:0.000295s ]
[2021-07-15T19:29:58+08:00][sql] SELECT `article_label` FROM `carver_article` [ RunTime:0.000304s ]
[2021-07-15T19:35:08+08:00][sql] CONNECT:[ UseTime:0.000550s ] mysql:host=127.0.0.1;port=3306;dbname=carver;charset=utf8
[2021-07-15T19:35:08+08:00][sql] SHOW FULL COLUMNS FROM `carver_user` [ RunTime:0.001027s ]
[2021-07-15T19:35:08+08:00][sql] SHOW FULL COLUMNS FROM `carver_article` [ RunTime:0.000786s ]
[2021-07-15T19:35:08+08:00][sql] SELECT COUNT(*) AS think_count FROM `carver_article` WHERE  `delete_time` = 0  AND `is_show` = 1 [ RunTime:0.000394s ]
[2021-07-15T19:35:08+08:00][sql] SELECT `article_id`,`article_title`,`article_desc`,`article_content`,`article_img`,`article_guide`,`article_label`,`click_num`,`is_show`,`add_time`,`article_author`,`is_top_show` FROM `carver_article` WHERE  `delete_time` = 0  AND `is_show` = 1 ORDER BY `article_id` DESC LIMIT 0,6 [ RunTime:0.000739s ]
[2021-07-15T19:35:08+08:00][sql] SELECT article_id,article_title,click_num,FROM_UNIXTIME(add_time,'%Y-%m-%d') as add_time FROM `carver_article` WHERE  `is_show` = 1  AND `delete_time` = 0 ORDER BY `click_num` DESC LIMIT 3 [ RunTime:0.000554s ]
[2021-07-15T19:35:08+08:00][sql] SHOW FULL COLUMNS FROM `carver_notice` [ RunTime:0.000724s ]
[2021-07-15T19:35:08+08:00][sql] SELECT * FROM `carver_notice` ORDER BY `create_time` DESC LIMIT 3 [ RunTime:0.000297s ]
[2021-07-15T19:35:08+08:00][sql] SHOW FULL COLUMNS FROM `carver_navigation` [ RunTime:0.000545s ]
[2021-07-15T19:35:08+08:00][sql] SELECT * FROM `carver_navigation` [ RunTime:0.000259s ]
[2021-07-15T19:35:08+08:00][sql] SHOW FULL COLUMNS FROM `carver_link` [ RunTime:0.000603s ]
[2021-07-15T19:35:08+08:00][sql] SELECT * FROM `carver_link` WHERE  ( is_confirm=2 ) LIMIT 20 [ RunTime:0.000369s ]
[2021-07-15T19:35:08+08:00][sql] SELECT `article_label` FROM `carver_article` [ RunTime:0.000321s ]
[2021-07-15T19:35:08+08:00][sql] SHOW FULL COLUMNS FROM `carver_carouse` [ RunTime:0.000592s ]
[2021-07-15T19:35:08+08:00][sql] SELECT `carouse_img`,`carouse_desc` FROM `carver_carouse` WHERE  `is_show` = 1 ORDER BY `carouse_sort` DESC LIMIT 3 [ RunTime:0.000293s ]
[2021-07-15T19:35:08+08:00][sql] SHOW FULL COLUMNS FROM `carver_site` [ RunTime:0.000598s ]
[2021-07-15T19:35:08+08:00][sql] SELECT * FROM `carver_site` [ RunTime:0.000227s ]
[2021-07-15T20:26:16+08:00][sql] CONNECT:[ UseTime:0.000623s ] mysql:host=127.0.0.1;port=3306;dbname=carver;charset=utf8
[2021-07-15T20:26:16+08:00][sql] SHOW FULL COLUMNS FROM `carver_article` [ RunTime:0.000993s ]
[2021-07-15T20:26:16+08:00][sql] SELECT `article_id`,`article_title`,`article_desc`,`article_content`,`article_img`,`article_guide`,`article_label`,`click_num`,`is_show`,`add_time`,`article_author` FROM `carver_article` WHERE  `article_id` = 8 LIMIT 1 [ RunTime:0.000489s ]
[2021-07-15T20:26:16+08:00][sql] SELECT `article_id`,`article_title`,`article_desc`,`article_content`,`article_img`,`article_guide`,`article_label`,`click_num`,`is_show`,`add_time`,`article_author` FROM `carver_article` WHERE  `article_id` > 8 LIMIT 1 [ RunTime:0.000676s ]
[2021-07-15T20:26:16+08:00][sql] SELECT `article_id`,`article_title`,`article_desc`,`article_content`,`article_img`,`article_guide`,`article_label`,`click_num`,`is_show`,`add_time`,`article_author` FROM `carver_article` WHERE  `article_id` < 8 ORDER BY `article_id` DESC LIMIT 1 [ RunTime:0.000785s ]
[2021-07-15T20:26:16+08:00][sql] SHOW FULL COLUMNS FROM `carver_link` [ RunTime:0.000642s ]
[2021-07-15T20:26:16+08:00][sql] SELECT * FROM `carver_link` WHERE  ( is_confirm=2 ) LIMIT 20 [ RunTime:0.000325s ]
[2021-07-15T20:26:16+08:00][sql] SELECT article_id,article_title,click_num,FROM_UNIXTIME(add_time,'%Y-%m-%d') as add_time FROM `carver_article` ORDER BY `click_num` DESC LIMIT 3 [ RunTime:0.000423s ]
[2021-07-15T20:26:16+08:00][sql] SHOW FULL COLUMNS FROM `carver_comment` [ RunTime:0.000652s ]
[2021-07-15T20:26:16+08:00][sql] SELECT `a`.*,`b`.`user_name` FROM `carver_comment` `a` INNER JOIN `carver_user` `b` ON `a`.`user_id`=`b`.`user_id` WHERE  `article_id` = 8 ORDER BY `create_time` DESC [ RunTime:0.000372s ]
[2021-07-15T20:26:16+08:00][sql] SHOW FULL COLUMNS FROM `carver_comment_to_others` [ RunTime:0.000654s ]
[2021-07-15T20:26:16+08:00][sql] SELECT * FROM `carver_comment_to_others` [ RunTime:0.000259s ]
[2021-07-15T20:26:16+08:00][sql] SHOW FULL COLUMNS FROM `carver_user` [ RunTime:0.000517s ]
[2021-07-15T20:26:16+08:00][sql] SELECT `user_name` FROM `carver_user` WHERE  `user_id` = 4 LIMIT 1 [ RunTime:0.000261s ]
[2021-07-15T20:26:16+08:00][sql] SELECT `user_name` FROM `carver_user` WHERE  `user_id` = 4 LIMIT 1 [ RunTime:0.000234s ]
[2021-07-15T20:26:16+08:00][sql] SELECT `user_name` FROM `carver_user` WHERE  `user_id` = 5 LIMIT 1 [ RunTime:0.000226s ]
[2021-07-15T20:26:16+08:00][sql] SELECT `user_name` FROM `carver_user` WHERE  `user_id` = 5 LIMIT 1 [ RunTime:0.000237s ]
[2021-07-15T20:26:16+08:00][sql] SELECT `user_name` FROM `carver_user` WHERE  `user_id` = 37 LIMIT 1 [ RunTime:0.000256s ]
[2021-07-15T20:26:16+08:00][sql] SELECT `user_name`,`user_id` FROM `carver_user` [ RunTime:0.000259s ]
[2021-07-15T20:26:16+08:00][sql] SHOW FULL COLUMNS FROM `carver_navigation` [ RunTime:0.000615s ]
[2021-07-15T20:26:16+08:00][sql] SELECT * FROM `carver_navigation` [ RunTime:0.000323s ]
[2021-07-15T20:26:16+08:00][sql] SELECT `article_label` FROM `carver_article` [ RunTime:0.000286s ]
[2021-07-15T22:01:42+08:00][sql] CONNECT:[ UseTime:0.000818s ] mysql:host=127.0.0.1;port=3306;dbname=carver;charset=utf8
[2021-07-15T22:01:42+08:00][sql] SHOW FULL COLUMNS FROM `carver_user` [ RunTime:0.000865s ]
[2021-07-15T22:01:42+08:00][sql] SHOW FULL COLUMNS FROM `carver_article` [ RunTime:0.000719s ]
[2021-07-15T22:01:42+08:00][sql] SELECT COUNT(*) AS think_count FROM `carver_article` WHERE  `delete_time` = 0  AND `is_show` = 1 [ RunTime:0.000415s ]
[2021-07-15T22:01:42+08:00][sql] SELECT `article_id`,`article_title`,`article_desc`,`article_content`,`article_img`,`article_guide`,`article_label`,`click_num`,`is_show`,`add_time`,`article_author`,`is_top_show` FROM `carver_article` WHERE  `delete_time` = 0  AND `is_show` = 1 ORDER BY `article_id` DESC LIMIT 0,6 [ RunTime:0.000772s ]
[2021-07-15T22:01:42+08:00][sql] SELECT article_id,article_title,click_num,FROM_UNIXTIME(add_time,'%Y-%m-%d') as add_time FROM `carver_article` WHERE  `is_show` = 1  AND `delete_time` = 0 ORDER BY `click_num` DESC LIMIT 3 [ RunTime:0.000393s ]
[2021-07-15T22:01:42+08:00][sql] SHOW FULL COLUMNS FROM `carver_notice` [ RunTime:0.000671s ]
[2021-07-15T22:01:42+08:00][sql] SELECT * FROM `carver_notice` ORDER BY `create_time` DESC LIMIT 3 [ RunTime:0.000284s ]
[2021-07-15T22:01:42+08:00][sql] SHOW FULL COLUMNS FROM `carver_navigation` [ RunTime:0.000568s ]
[2021-07-15T22:01:42+08:00][sql] SELECT * FROM `carver_navigation` [ RunTime:0.000237s ]
[2021-07-15T22:01:42+08:00][sql] SHOW FULL COLUMNS FROM `carver_link` [ RunTime:0.000557s ]
[2021-07-15T22:01:42+08:00][sql] SELECT * FROM `carver_link` WHERE  ( is_confirm=2 ) LIMIT 20 [ RunTime:0.000290s ]
[2021-07-15T22:01:42+08:00][sql] SELECT `article_label` FROM `carver_article` [ RunTime:0.000267s ]
[2021-07-15T22:01:42+08:00][sql] SHOW FULL COLUMNS FROM `carver_carouse` [ RunTime:0.000525s ]
[2021-07-15T22:01:42+08:00][sql] SELECT `carouse_img`,`carouse_desc` FROM `carver_carouse` WHERE  `is_show` = 1 ORDER BY `carouse_sort` DESC LIMIT 3 [ RunTime:0.000325s ]
[2021-07-15T22:01:42+08:00][sql] SHOW FULL COLUMNS FROM `carver_site` [ RunTime:0.000520s ]
[2021-07-15T22:01:42+08:00][sql] SELECT * FROM `carver_site` [ RunTime:0.000262s ]
[2021-07-15T23:45:21+08:00][sql] CONNECT:[ UseTime:0.000640s ] mysql:host=127.0.0.1;port=3306;dbname=carver;charset=utf8
[2021-07-15T23:45:21+08:00][sql] SHOW FULL COLUMNS FROM `carver_article` [ RunTime:0.000894s ]
[2021-07-15T23:45:21+08:00][sql] SELECT `article_id`,`article_title`,`article_desc`,`article_content`,`article_img`,`article_guide`,`article_label`,`click_num`,`is_show`,`add_time`,`article_author` FROM `carver_article` WHERE  `article_id` = 17 LIMIT 1 [ RunTime:0.000561s ]
[2021-07-15T23:45:21+08:00][sql] SELECT `article_id`,`article_title`,`article_desc`,`article_content`,`article_img`,`article_guide`,`article_label`,`click_num`,`is_show`,`add_time`,`article_author` FROM `carver_article` WHERE  `article_id` > 17 LIMIT 1 [ RunTime:0.000411s ]
[2021-07-15T23:45:21+08:00][sql] SELECT `article_id`,`article_title`,`article_desc`,`article_content`,`article_img`,`article_guide`,`article_label`,`click_num`,`is_show`,`add_time`,`article_author` FROM `carver_article` WHERE  `article_id` < 17 ORDER BY `article_id` DESC LIMIT 1 [ RunTime:0.000359s ]
[2021-07-15T23:45:21+08:00][sql] SHOW FULL COLUMNS FROM `carver_link` [ RunTime:0.000591s ]
[2021-07-15T23:45:21+08:00][sql] SELECT * FROM `carver_link` WHERE  ( is_confirm=2 ) LIMIT 20 [ RunTime:0.000316s ]
[2021-07-15T23:45:21+08:00][sql] SELECT article_id,article_title,click_num,FROM_UNIXTIME(add_time,'%Y-%m-%d') as add_time FROM `carver_article` ORDER BY `click_num` DESC LIMIT 3 [ RunTime:0.000336s ]
[2021-07-15T23:45:21+08:00][sql] SHOW FULL COLUMNS FROM `carver_comment` [ RunTime:0.000591s ]
[2021-07-15T23:45:21+08:00][sql] SELECT `a`.*,`b`.`user_name` FROM `carver_comment` `a` INNER JOIN `carver_user` `b` ON `a`.`user_id`=`b`.`user_id` WHERE  `article_id` = 17 ORDER BY `create_time` DESC [ RunTime:0.000324s ]
[2021-07-15T23:45:21+08:00][sql] SHOW FULL COLUMNS FROM `carver_comment_to_others` [ RunTime:0.000516s ]
[2021-07-15T23:45:21+08:00][sql] SELECT * FROM `carver_comment_to_others` [ RunTime:0.000224s ]
[2021-07-15T23:45:21+08:00][sql] SHOW FULL COLUMNS FROM `carver_user` [ RunTime:0.000430s ]
[2021-07-15T23:45:21+08:00][sql] SELECT `user_name` FROM `carver_user` WHERE  `user_id` = 4 LIMIT 1 [ RunTime:0.000254s ]
[2021-07-15T23:45:21+08:00][sql] SELECT `user_name` FROM `carver_user` WHERE  `user_id` = 4 LIMIT 1 [ RunTime:0.000219s ]
[2021-07-15T23:45:21+08:00][sql] SELECT `user_name` FROM `carver_user` WHERE  `user_id` = 5 LIMIT 1 [ RunTime:0.000204s ]
[2021-07-15T23:45:21+08:00][sql] SELECT `user_name` FROM `carver_user` WHERE  `user_id` = 5 LIMIT 1 [ RunTime:0.000218s ]
[2021-07-15T23:45:21+08:00][sql] SELECT `user_name` FROM `carver_user` WHERE  `user_id` = 37 LIMIT 1 [ RunTime:0.000222s ]
[2021-07-15T23:45:21+08:00][sql] SELECT `user_name`,`user_id` FROM `carver_user` [ RunTime:0.000273s ]
[2021-07-15T23:45:21+08:00][sql] SHOW FULL COLUMNS FROM `carver_navigation` [ RunTime:0.000506s ]
[2021-07-15T23:45:21+08:00][sql] SELECT * FROM `carver_navigation` [ RunTime:0.000249s ]
[2021-07-15T23:45:21+08:00][sql] SELECT `article_label` FROM `carver_article` [ RunTime:0.000236s ]
[2021-07-15T23:48:34+08:00][sql] CONNECT:[ UseTime:0.000508s ] mysql:host=127.0.0.1;port=3306;dbname=carver;charset=utf8
[2021-07-15T23:48:34+08:00][sql] SHOW FULL COLUMNS FROM `carver_article` [ RunTime:0.000924s ]
[2021-07-15T23:48:34+08:00][sql] SELECT `article_id`,`article_title`,`article_desc`,`article_content`,`article_img`,`article_guide`,`article_label`,`click_num`,`is_show`,`add_time`,`article_author` FROM `carver_article` WHERE  `article_id` = 17' LIMIT 1 [ RunTime:0.000710s ]
[2021-07-15T23:48:34+08:00][sql] SELECT `article_id`,`article_title`,`article_desc`,`article_content`,`article_img`,`article_guide`,`article_label`,`click_num`,`is_show`,`add_time`,`article_author` FROM `carver_article` WHERE  `article_id` > 17' LIMIT 1 [ RunTime:0.000383s ]
[2021-07-15T23:48:34+08:00][sql] SELECT `article_id`,`article_title`,`article_desc`,`article_content`,`article_img`,`article_guide`,`article_label`,`click_num`,`is_show`,`add_time`,`article_author` FROM `carver_article` WHERE  `article_id` < 17' ORDER BY `article_id` DESC LIMIT 1 [ RunTime:0.000341s ]
[2021-07-15T23:48:34+08:00][sql] SHOW FULL COLUMNS FROM `carver_link` [ RunTime:0.000653s ]
[2021-07-15T23:48:34+08:00][sql] SELECT * FROM `carver_link` WHERE  ( is_confirm=2 ) LIMIT 20 [ RunTime:0.000329s ]
[2021-07-15T23:48:34+08:00][sql] SELECT article_id,article_title,click_num,FROM_UNIXTIME(add_time,'%Y-%m-%d') as add_time FROM `carver_article` ORDER BY `click_num` DESC LIMIT 3 [ RunTime:0.000347s ]
[2021-07-15T23:48:34+08:00][sql] SHOW FULL COLUMNS FROM `carver_comment` [ RunTime:0.000530s ]
[2021-07-15T23:48:34+08:00][sql] SELECT `a`.*,`b`.`user_name` FROM `carver_comment` `a` INNER JOIN `carver_user` `b` ON `a`.`user_id`=`b`.`user_id` WHERE  `article_id` = 17' ORDER BY `create_time` DESC [ RunTime:0.000336s ]
[2021-07-15T23:48:34+08:00][sql] SHOW FULL COLUMNS FROM `carver_comment_to_others` [ RunTime:0.000500s ]
[2021-07-15T23:48:34+08:00][sql] SELECT * FROM `carver_comment_to_others` [ RunTime:0.000235s ]
[2021-07-15T23:48:34+08:00][sql] SHOW FULL COLUMNS FROM `carver_user` [ RunTime:0.000441s ]
[2021-07-15T23:48:34+08:00][sql] SELECT `user_name` FROM `carver_user` WHERE  `user_id` = 4 LIMIT 1 [ RunTime:0.000219s ]
[2021-07-15T23:48:34+08:00][sql] SELECT `user_name` FROM `carver_user` WHERE  `user_id` = 4 LIMIT 1 [ RunTime:0.000208s ]
[2021-07-15T23:48:34+08:00][sql] SELECT `user_name` FROM `carver_user` WHERE  `user_id` = 5 LIMIT 1 [ RunTime:0.000214s ]
[2021-07-15T23:48:34+08:00][sql] SELECT `user_name` FROM `carver_user` WHERE  `user_id` = 5 LIMIT 1 [ RunTime:0.000216s ]
[2021-07-15T23:48:34+08:00][sql] SELECT `user_name` FROM `carver_user` WHERE  `user_id` = 37 LIMIT 1 [ RunTime:0.000211s ]
[2021-07-15T23:48:34+08:00][sql] SELECT `user_name`,`user_id` FROM `carver_user` [ RunTime:0.000244s ]
[2021-07-15T23:48:34+08:00][sql] SHOW FULL COLUMNS FROM `carver_navigation` [ RunTime:0.000501s ]
[2021-07-15T23:48:34+08:00][sql] SELECT * FROM `carver_navigation` [ RunTime:0.000235s ]
[2021-07-15T23:48:34+08:00][sql] SELECT `article_label` FROM `carver_article` [ RunTime:0.000242s ]
