[2021-07-18T00:55:42+08:00][sql] CONNECT:[ UseTime:0.000619s ] mysql:host=127.0.0.1;port=3306;dbname=carver;charset=utf8
[2021-07-18T00:55:42+08:00][sql] SHOW FULL COLUMNS FROM `carver_user` [ RunTime:0.000984s ]
[2021-07-18T00:55:42+08:00][sql] SHOW FULL COLUMNS FROM `carver_article` [ RunTime:0.000957s ]
[2021-07-18T00:55:42+08:00][sql] SELECT COUNT(*) AS think_count FROM `carver_article` WHERE  `delete_time` = 0  AND `is_show` = 1 [ RunTime:0.000390s ]
[2021-07-18T00:55:42+08:00][sql] SELECT `article_id`,`article_title`,`article_desc`,`article_content`,`article_img`,`article_guide`,`article_label`,`click_num`,`is_show`,`add_time`,`article_author`,`is_top_show` FROM `carver_article` WHERE  `delete_time` = 0  AND `is_show` = 1 ORDER BY `article_id` DESC LIMIT 0,6 [ RunTime:0.000866s ]
[2021-07-18T00:55:42+08:00][sql] SELECT article_id,article_title,click_num,FROM_UNIXTIME(add_time,'%Y-%m-%d') as add_time FROM `carver_article` WHERE  `is_show` = 1  AND `delete_time` = 0 ORDER BY `click_num` DESC LIMIT 3 [ RunTime:0.000695s ]
[2021-07-18T00:55:42+08:00][sql] SHOW FULL COLUMNS FROM `carver_notice` [ RunTime:0.001019s ]
[2021-07-18T00:55:42+08:00][sql] SELECT * FROM `carver_notice` ORDER BY `create_time` DESC LIMIT 3 [ RunTime:0.000339s ]
[2021-07-18T00:55:42+08:00][sql] SHOW FULL COLUMNS FROM `carver_navigation` [ RunTime:0.000647s ]
[2021-07-18T00:55:42+08:00][sql] SELECT * FROM `carver_navigation` [ RunTime:0.000259s ]
[2021-07-18T00:55:42+08:00][sql] SHOW FULL COLUMNS FROM `carver_link` [ RunTime:0.000574s ]
[2021-07-18T00:55:42+08:00][sql] SELECT * FROM `carver_link` WHERE  ( is_confirm=2 ) LIMIT 20 [ RunTime:0.000303s ]
[2021-07-18T00:55:42+08:00][sql] SELECT `article_label` FROM `carver_article` [ RunTime:0.000307s ]
[2021-07-18T00:55:42+08:00][sql] SHOW FULL COLUMNS FROM `carver_carouse` [ RunTime:0.000596s ]
[2021-07-18T00:55:42+08:00][sql] SELECT `carouse_img`,`carouse_desc` FROM `carver_carouse` WHERE  `is_show` = 1 ORDER BY `carouse_sort` DESC LIMIT 3 [ RunTime:0.000313s ]
[2021-07-18T00:55:42+08:00][sql] SHOW FULL COLUMNS FROM `carver_site` [ RunTime:0.000572s ]
[2021-07-18T00:55:42+08:00][sql] SELECT * FROM `carver_site` [ RunTime:0.000280s ]
[2021-07-18T03:52:15+08:00][sql] CONNECT:[ UseTime:0.000535s ] mysql:host=127.0.0.1;port=3306;dbname=carver;charset=utf8
[2021-07-18T03:52:15+08:00][sql] SHOW FULL COLUMNS FROM `carver_article` [ RunTime:0.001074s ]
[2021-07-18T03:52:15+08:00][sql] SELECT `article_id`,`article_title`,`article_desc`,`article_content`,`article_img`,`article_guide`,`article_label`,`click_num`,`is_show`,`add_time`,`article_author` FROM `carver_article` WHERE  `article_id` = 21 LIMIT 1 [ RunTime:0.000526s ]
[2021-07-18T03:52:15+08:00][sql] SELECT `article_id`,`article_title`,`article_desc`,`article_content`,`article_img`,`article_guide`,`article_label`,`click_num`,`is_show`,`add_time`,`article_author` FROM `carver_article` WHERE  `article_id` > 21 LIMIT 1 [ RunTime:0.000493s ]
[2021-07-18T03:52:15+08:00][sql] SELECT `article_id`,`article_title`,`article_desc`,`article_content`,`article_img`,`article_guide`,`article_label`,`click_num`,`is_show`,`add_time`,`article_author` FROM `carver_article` WHERE  `article_id` < 21 ORDER BY `article_id` DESC LIMIT 1 [ RunTime:0.000577s ]
[2021-07-18T03:52:15+08:00][sql] SHOW FULL COLUMNS FROM `carver_link` [ RunTime:0.000711s ]
[2021-07-18T03:52:15+08:00][sql] SELECT * FROM `carver_link` WHERE  ( is_confirm=2 ) LIMIT 20 [ RunTime:0.000366s ]
[2021-07-18T03:52:15+08:00][sql] SELECT article_id,article_title,click_num,FROM_UNIXTIME(add_time,'%Y-%m-%d') as add_time FROM `carver_article` ORDER BY `click_num` DESC LIMIT 3 [ RunTime:0.000394s ]
[2021-07-18T03:52:15+08:00][sql] SHOW FULL COLUMNS FROM `carver_comment` [ RunTime:0.000662s ]
[2021-07-18T03:52:15+08:00][sql] SELECT `a`.*,`b`.`user_name` FROM `carver_comment` `a` INNER JOIN `carver_user` `b` ON `a`.`user_id`=`b`.`user_id` WHERE  `article_id` = 21 ORDER BY `create_time` DESC [ RunTime:0.000395s ]
[2021-07-18T03:52:15+08:00][sql] SHOW FULL COLUMNS FROM `carver_comment_to_others` [ RunTime:0.000619s ]
[2021-07-18T03:52:15+08:00][sql] SELECT * FROM `carver_comment_to_others` [ RunTime:0.000242s ]
[2021-07-18T03:52:15+08:00][sql] SHOW FULL COLUMNS FROM `carver_user` [ RunTime:0.000549s ]
[2021-07-18T03:52:15+08:00][sql] SELECT `user_name` FROM `carver_user` WHERE  `user_id` = 4 LIMIT 1 [ RunTime:0.000278s ]
[2021-07-18T03:52:15+08:00][sql] SELECT `user_name` FROM `carver_user` WHERE  `user_id` = 4 LIMIT 1 [ RunTime:0.000241s ]
[2021-07-18T03:52:15+08:00][sql] SELECT `user_name` FROM `carver_user` WHERE  `user_id` = 5 LIMIT 1 [ RunTime:0.000256s ]
[2021-07-18T03:52:15+08:00][sql] SELECT `user_name` FROM `carver_user` WHERE  `user_id` = 5 LIMIT 1 [ RunTime:0.000242s ]
[2021-07-18T03:52:15+08:00][sql] SELECT `user_name` FROM `carver_user` WHERE  `user_id` = 37 LIMIT 1 [ RunTime:0.000246s ]
[2021-07-18T03:52:15+08:00][sql] SELECT `user_name`,`user_id` FROM `carver_user` [ RunTime:0.000272s ]
[2021-07-18T03:52:15+08:00][sql] SHOW FULL COLUMNS FROM `carver_navigation` [ RunTime:0.000644s ]
[2021-07-18T03:52:15+08:00][sql] SELECT * FROM `carver_navigation` [ RunTime:0.000254s ]
[2021-07-18T03:52:15+08:00][sql] SELECT `article_label` FROM `carver_article` [ RunTime:0.000294s ]
[2021-07-18T04:57:59+08:00][sql] CONNECT:[ UseTime:0.000649s ] mysql:host=127.0.0.1;port=3306;dbname=carver;charset=utf8
[2021-07-18T04:57:59+08:00][sql] SHOW FULL COLUMNS FROM `carver_user` [ RunTime:0.000979s ]
[2021-07-18T04:57:59+08:00][sql] SHOW FULL COLUMNS FROM `carver_article` [ RunTime:0.000808s ]
[2021-07-18T04:57:59+08:00][sql] SELECT COUNT(*) AS think_count FROM `carver_article` WHERE  `delete_time` = 0  AND `is_show` = 1 [ RunTime:0.000400s ]
[2021-07-18T04:57:59+08:00][sql] SELECT `article_id`,`article_title`,`article_desc`,`article_content`,`article_img`,`article_guide`,`article_label`,`click_num`,`is_show`,`add_time`,`article_author`,`is_top_show` FROM `carver_article` WHERE  `delete_time` = 0  AND `is_show` = 1 ORDER BY `article_id` DESC LIMIT 0,6 [ RunTime:0.000850s ]
[2021-07-18T04:57:59+08:00][sql] SELECT article_id,article_title,click_num,FROM_UNIXTIME(add_time,'%Y-%m-%d') as add_time FROM `carver_article` WHERE  `is_show` = 1  AND `delete_time` = 0 ORDER BY `click_num` DESC LIMIT 3 [ RunTime:0.000701s ]
[2021-07-18T04:57:59+08:00][sql] SHOW FULL COLUMNS FROM `carver_notice` [ RunTime:0.000805s ]
[2021-07-18T04:57:59+08:00][sql] SELECT * FROM `carver_notice` ORDER BY `create_time` DESC LIMIT 3 [ RunTime:0.000315s ]
[2021-07-18T04:57:59+08:00][sql] SHOW FULL COLUMNS FROM `carver_navigation` [ RunTime:0.000634s ]
[2021-07-18T04:57:59+08:00][sql] SELECT * FROM `carver_navigation` [ RunTime:0.000261s ]
[2021-07-18T04:57:59+08:00][sql] SHOW FULL COLUMNS FROM `carver_link` [ RunTime:0.000619s ]
[2021-07-18T04:57:59+08:00][sql] SELECT * FROM `carver_link` WHERE  ( is_confirm=2 ) LIMIT 20 [ RunTime:0.000308s ]
[2021-07-18T04:57:59+08:00][sql] SELECT `article_label` FROM `carver_article` [ RunTime:0.000313s ]
[2021-07-18T04:57:59+08:00][sql] SHOW FULL COLUMNS FROM `carver_carouse` [ RunTime:0.000578s ]
[2021-07-18T04:57:59+08:00][sql] SELECT `carouse_img`,`carouse_desc` FROM `carver_carouse` WHERE  `is_show` = 1 ORDER BY `carouse_sort` DESC LIMIT 3 [ RunTime:0.000292s ]
[2021-07-18T04:57:59+08:00][sql] SHOW FULL COLUMNS FROM `carver_site` [ RunTime:0.000555s ]
[2021-07-18T04:57:59+08:00][sql] SELECT * FROM `carver_site` [ RunTime:0.000240s ]
[2021-07-18T05:19:33+08:00][sql] CONNECT:[ UseTime:0.000624s ] mysql:host=127.0.0.1;port=3306;dbname=carver;charset=utf8
[2021-07-18T05:19:33+08:00][sql] SHOW FULL COLUMNS FROM `carver_article` [ RunTime:0.001219s ]
[2021-07-18T05:19:33+08:00][sql] SELECT COUNT(*) AS think_count FROM `carver_article` WHERE  `article_label` LIKE '%php;excel/%'  AND `delete_time` = 0  AND `is_show` = 1 [ RunTime:0.000621s ]
[2021-07-18T05:19:33+08:00][sql] SELECT * FROM `carver_article` WHERE  `article_label` LIKE '%php;excel/%'  AND `delete_time` = 0  AND `is_show` = 1 LIMIT 0,6 [ RunTime:0.001590s ]
[2021-07-18T05:19:33+08:00][sql] SELECT article_id,article_title,click_num,FROM_UNIXTIME(add_time,'%Y-%m-%d') as add_time FROM `carver_article` WHERE  `is_show` = 1  AND `delete_time` = 0 ORDER BY `click_num` DESC LIMIT 3 [ RunTime:0.000774s ]
[2021-07-18T05:19:33+08:00][sql] SHOW FULL COLUMNS FROM `carver_notice` [ RunTime:0.001139s ]
[2021-07-18T05:19:33+08:00][sql] SELECT * FROM `carver_notice` ORDER BY `create_time` DESC LIMIT 3 [ RunTime:0.000478s ]
[2021-07-18T05:19:33+08:00][sql] SHOW FULL COLUMNS FROM `carver_navigation` [ RunTime:0.000892s ]
[2021-07-18T05:19:33+08:00][sql] SELECT * FROM `carver_navigation` [ RunTime:0.000479s ]
[2021-07-18T05:19:33+08:00][sql] SHOW FULL COLUMNS FROM `carver_link` [ RunTime:0.000729s ]
[2021-07-18T05:19:33+08:00][sql] SELECT * FROM `carver_link` WHERE  ( is_confirm=2 ) LIMIT 20 [ RunTime:0.000415s ]
[2021-07-18T05:19:33+08:00][sql] SELECT `article_label` FROM `carver_article` [ RunTime:0.000307s ]
[2021-07-18T05:19:33+08:00][sql] SHOW FULL COLUMNS FROM `carver_carouse` [ RunTime:0.000666s ]
[2021-07-18T05:19:33+08:00][sql] SELECT `carouse_img`,`carouse_desc` FROM `carver_carouse` WHERE  `is_show` = 1 ORDER BY `carouse_sort` DESC LIMIT 3 [ RunTime:0.000360s ]
[2021-07-18T05:19:33+08:00][sql] SHOW FULL COLUMNS FROM `carver_site` [ RunTime:0.000638s ]
[2021-07-18T05:19:33+08:00][sql] SELECT * FROM `carver_site` [ RunTime:0.000341s ]
[2021-07-18T05:19:35+08:00][sql] CONNECT:[ UseTime:0.000843s ] mysql:host=127.0.0.1;port=3306;dbname=carver;charset=utf8
[2021-07-18T05:19:35+08:00][sql] SHOW FULL COLUMNS FROM `carver_article` [ RunTime:0.001114s ]
[2021-07-18T05:19:35+08:00][sql] SELECT COUNT(*) AS think_count FROM `carver_article` WHERE  `article_label` LIKE '%php;javascript/%'  AND `delete_time` = 0  AND `is_show` = 1 [ RunTime:0.000439s ]
[2021-07-18T05:19:35+08:00][sql] SELECT * FROM `carver_article` WHERE  `article_label` LIKE '%php;javascript/%'  AND `delete_time` = 0  AND `is_show` = 1 LIMIT 0,6 [ RunTime:0.001025s ]
[2021-07-18T05:19:35+08:00][sql] SELECT article_id,article_title,click_num,FROM_UNIXTIME(add_time,'%Y-%m-%d') as add_time FROM `carver_article` WHERE  `is_show` = 1  AND `delete_time` = 0 ORDER BY `click_num` DESC LIMIT 3 [ RunTime:0.000574s ]
[2021-07-18T05:19:35+08:00][sql] SHOW FULL COLUMNS FROM `carver_notice` [ RunTime:0.000913s ]
[2021-07-18T05:19:35+08:00][sql] SELECT * FROM `carver_notice` ORDER BY `create_time` DESC LIMIT 3 [ RunTime:0.000353s ]
[2021-07-18T05:19:35+08:00][sql] SHOW FULL COLUMNS FROM `carver_navigation` [ RunTime:0.000722s ]
[2021-07-18T05:19:35+08:00][sql] SELECT * FROM `carver_navigation` [ RunTime:0.000442s ]
[2021-07-18T05:19:35+08:00][sql] SHOW FULL COLUMNS FROM `carver_link` [ RunTime:0.001126s ]
[2021-07-18T05:19:35+08:00][sql] SELECT * FROM `carver_link` WHERE  ( is_confirm=2 ) LIMIT 20 [ RunTime:0.000753s ]
[2021-07-18T05:19:35+08:00][sql] SELECT `article_label` FROM `carver_article` [ RunTime:0.000419s ]
[2021-07-18T05:19:35+08:00][sql] SHOW FULL COLUMNS FROM `carver_carouse` [ RunTime:0.000941s ]
[2021-07-18T05:19:35+08:00][sql] SELECT `carouse_img`,`carouse_desc` FROM `carver_carouse` WHERE  `is_show` = 1 ORDER BY `carouse_sort` DESC LIMIT 3 [ RunTime:0.000383s ]
[2021-07-18T05:19:35+08:00][sql] SHOW FULL COLUMNS FROM `carver_site` [ RunTime:0.001405s ]
[2021-07-18T05:19:35+08:00][sql] SELECT * FROM `carver_site` [ RunTime:0.000464s ]
[2021-07-18T05:19:37+08:00][sql] CONNECT:[ UseTime:0.000683s ] mysql:host=127.0.0.1;port=3306;dbname=carver;charset=utf8
[2021-07-18T05:19:37+08:00][sql] SHOW FULL COLUMNS FROM `carver_article` [ RunTime:0.001015s ]
[2021-07-18T05:19:37+08:00][sql] SELECT COUNT(*) AS think_count FROM `carver_article` WHERE  `article_label` LIKE '%swoole;php/%'  AND `delete_time` = 0  AND `is_show` = 1 [ RunTime:0.000412s ]
[2021-07-18T05:19:37+08:00][sql] SELECT * FROM `carver_article` WHERE  `article_label` LIKE '%swoole;php/%'  AND `delete_time` = 0  AND `is_show` = 1 LIMIT 0,6 [ RunTime:0.000994s ]
[2021-07-18T05:19:37+08:00][sql] SELECT article_id,article_title,click_num,FROM_UNIXTIME(add_time,'%Y-%m-%d') as add_time FROM `carver_article` WHERE  `is_show` = 1  AND `delete_time` = 0 ORDER BY `click_num` DESC LIMIT 3 [ RunTime:0.000582s ]
[2021-07-18T05:19:37+08:00][sql] SHOW FULL COLUMNS FROM `carver_notice` [ RunTime:0.000860s ]
[2021-07-18T05:19:37+08:00][sql] SELECT * FROM `carver_notice` ORDER BY `create_time` DESC LIMIT 3 [ RunTime:0.000369s ]
[2021-07-18T05:19:37+08:00][sql] SHOW FULL COLUMNS FROM `carver_navigation` [ RunTime:0.000695s ]
[2021-07-18T05:19:37+08:00][sql] SELECT * FROM `carver_navigation` [ RunTime:0.000296s ]
[2021-07-18T05:19:37+08:00][sql] SHOW FULL COLUMNS FROM `carver_link` [ RunTime:0.000682s ]
[2021-07-18T05:19:37+08:00][sql] SELECT * FROM `carver_link` WHERE  ( is_confirm=2 ) LIMIT 20 [ RunTime:0.000367s ]
[2021-07-18T05:19:37+08:00][sql] SELECT `article_label` FROM `carver_article` [ RunTime:0.000272s ]
[2021-07-18T05:19:37+08:00][sql] SHOW FULL COLUMNS FROM `carver_carouse` [ RunTime:0.000670s ]
[2021-07-18T05:19:37+08:00][sql] SELECT `carouse_img`,`carouse_desc` FROM `carver_carouse` WHERE  `is_show` = 1 ORDER BY `carouse_sort` DESC LIMIT 3 [ RunTime:0.000345s ]
[2021-07-18T05:19:37+08:00][sql] SHOW FULL COLUMNS FROM `carver_site` [ RunTime:0.000647s ]
[2021-07-18T05:19:37+08:00][sql] SELECT * FROM `carver_site` [ RunTime:0.000340s ]
[2021-07-18T05:38:37+08:00][sql] CONNECT:[ UseTime:0.000543s ] mysql:host=127.0.0.1;port=3306;dbname=carver;charset=utf8
[2021-07-18T05:38:37+08:00][sql] SHOW FULL COLUMNS FROM `carver_article` [ RunTime:0.000965s ]
[2021-07-18T05:38:37+08:00][sql] SELECT `article_id`,`article_title`,`article_desc`,`article_content`,`article_img`,`article_guide`,`article_label`,`click_num`,`is_show`,`add_time`,`article_author` FROM `carver_article` WHERE  `article_id` = 4 LIMIT 1 [ RunTime:0.000584s ]
[2021-07-18T05:38:37+08:00][sql] SELECT `article_id`,`article_title`,`article_desc`,`article_content`,`article_img`,`article_guide`,`article_label`,`click_num`,`is_show`,`add_time`,`article_author` FROM `carver_article` WHERE  `article_id` > 4 LIMIT 1 [ RunTime:0.000385s ]
[2021-07-18T05:38:37+08:00][sql] SELECT `article_id`,`article_title`,`article_desc`,`article_content`,`article_img`,`article_guide`,`article_label`,`click_num`,`is_show`,`add_time`,`article_author` FROM `carver_article` WHERE  `article_id` < 4 ORDER BY `article_id` DESC LIMIT 1 [ RunTime:0.001023s ]
[2021-07-18T05:38:37+08:00][sql] SHOW FULL COLUMNS FROM `carver_link` [ RunTime:0.000621s ]
[2021-07-18T05:38:37+08:00][sql] SELECT * FROM `carver_link` WHERE  ( is_confirm=2 ) LIMIT 20 [ RunTime:0.000283s ]
[2021-07-18T05:38:37+08:00][sql] SELECT article_id,article_title,click_num,FROM_UNIXTIME(add_time,'%Y-%m-%d') as add_time FROM `carver_article` ORDER BY `click_num` DESC LIMIT 3 [ RunTime:0.000372s ]
[2021-07-18T05:38:37+08:00][sql] SHOW FULL COLUMNS FROM `carver_comment` [ RunTime:0.000671s ]
[2021-07-18T05:38:37+08:00][sql] SELECT `a`.*,`b`.`user_name` FROM `carver_comment` `a` INNER JOIN `carver_user` `b` ON `a`.`user_id`=`b`.`user_id` WHERE  `article_id` = 4 ORDER BY `create_time` DESC [ RunTime:0.000350s ]
[2021-07-18T05:38:37+08:00][sql] SHOW FULL COLUMNS FROM `carver_comment_to_others` [ RunTime:0.000582s ]
[2021-07-18T05:38:37+08:00][sql] SELECT * FROM `carver_comment_to_others` [ RunTime:0.000248s ]
[2021-07-18T05:38:37+08:00][sql] SHOW FULL COLUMNS FROM `carver_user` [ RunTime:0.000492s ]
[2021-07-18T05:38:37+08:00][sql] SELECT `user_name` FROM `carver_user` WHERE  `user_id` = 4 LIMIT 1 [ RunTime:0.000235s ]
[2021-07-18T05:38:37+08:00][sql] SELECT `user_name` FROM `carver_user` WHERE  `user_id` = 4 LIMIT 1 [ RunTime:0.000213s ]
[2021-07-18T05:38:37+08:00][sql] SELECT `user_name` FROM `carver_user` WHERE  `user_id` = 5 LIMIT 1 [ RunTime:0.000239s ]
[2021-07-18T05:38:37+08:00][sql] SELECT `user_name` FROM `carver_user` WHERE  `user_id` = 5 LIMIT 1 [ RunTime:0.000218s ]
[2021-07-18T05:38:37+08:00][sql] SELECT `user_name` FROM `carver_user` WHERE  `user_id` = 37 LIMIT 1 [ RunTime:0.000214s ]
[2021-07-18T05:38:37+08:00][sql] SELECT `user_name`,`user_id` FROM `carver_user` [ RunTime:0.000268s ]
[2021-07-18T05:38:37+08:00][sql] SHOW FULL COLUMNS FROM `carver_navigation` [ RunTime:0.000555s ]
[2021-07-18T05:38:37+08:00][sql] SELECT * FROM `carver_navigation` [ RunTime:0.000232s ]
[2021-07-18T05:38:37+08:00][sql] SELECT `article_label` FROM `carver_article` [ RunTime:0.000241s ]
[2021-07-18T05:50:55+08:00][sql] CONNECT:[ UseTime:0.000626s ] mysql:host=127.0.0.1;port=3306;dbname=carver;charset=utf8
[2021-07-18T05:50:55+08:00][sql] SHOW FULL COLUMNS FROM `carver_article` [ RunTime:0.001073s ]
[2021-07-18T05:50:55+08:00][sql] SELECT COUNT(*) AS think_count FROM `carver_article` WHERE  `article_label` LIKE '%222%'  AND `delete_time` = 0  AND `is_show` = 1 [ RunTime:0.000439s ]
[2021-07-18T05:50:55+08:00][sql] SELECT * FROM `carver_article` WHERE  `article_label` LIKE '%222%'  AND `delete_time` = 0  AND `is_show` = 1 LIMIT 0,6 [ RunTime:0.001006s ]
[2021-07-18T05:50:55+08:00][sql] SELECT article_id,article_title,click_num,FROM_UNIXTIME(add_time,'%Y-%m-%d') as add_time FROM `carver_article` WHERE  `is_show` = 1  AND `delete_time` = 0 ORDER BY `click_num` DESC LIMIT 3 [ RunTime:0.000618s ]
[2021-07-18T05:50:55+08:00][sql] SHOW FULL COLUMNS FROM `carver_notice` [ RunTime:0.000848s ]
[2021-07-18T05:50:55+08:00][sql] SELECT * FROM `carver_notice` ORDER BY `create_time` DESC LIMIT 3 [ RunTime:0.000324s ]
[2021-07-18T05:50:55+08:00][sql] SHOW FULL COLUMNS FROM `carver_navigation` [ RunTime:0.000681s ]
[2021-07-18T05:50:55+08:00][sql] SELECT * FROM `carver_navigation` [ RunTime:0.000308s ]
[2021-07-18T05:50:55+08:00][sql] SHOW FULL COLUMNS FROM `carver_link` [ RunTime:0.000638s ]
[2021-07-18T05:50:55+08:00][sql] SELECT * FROM `carver_link` WHERE  ( is_confirm=2 ) LIMIT 20 [ RunTime:0.000350s ]
[2021-07-18T05:50:55+08:00][sql] SELECT `article_label` FROM `carver_article` [ RunTime:0.000287s ]
[2021-07-18T05:50:55+08:00][sql] SHOW FULL COLUMNS FROM `carver_carouse` [ RunTime:0.000644s ]
[2021-07-18T05:50:55+08:00][sql] SELECT `carouse_img`,`carouse_desc` FROM `carver_carouse` WHERE  `is_show` = 1 ORDER BY `carouse_sort` DESC LIMIT 3 [ RunTime:0.000308s ]
[2021-07-18T05:50:55+08:00][sql] SHOW FULL COLUMNS FROM `carver_site` [ RunTime:0.000672s ]
[2021-07-18T05:50:55+08:00][sql] SELECT * FROM `carver_site` [ RunTime:0.000323s ]
[2021-07-18T08:50:55+08:00][sql] CONNECT:[ UseTime:0.000695s ] mysql:host=127.0.0.1;port=3306;dbname=carver;charset=utf8
[2021-07-18T08:50:55+08:00][sql] SHOW FULL COLUMNS FROM `carver_article` [ RunTime:0.001150s ]
[2021-07-18T08:50:55+08:00][sql] SELECT COUNT(*) AS think_count FROM `carver_article` WHERE  `article_label` LIKE '%222%'  AND `delete_time` = 0  AND `is_show` = 1 [ RunTime:0.000463s ]
[2021-07-18T08:50:55+08:00][sql] SELECT * FROM `carver_article` WHERE  `article_label` LIKE '%222%'  AND `delete_time` = 0  AND `is_show` = 1 LIMIT 0,6 [ RunTime:0.001043s ]
[2021-07-18T08:50:55+08:00][sql] SELECT article_id,article_title,click_num,FROM_UNIXTIME(add_time,'%Y-%m-%d') as add_time FROM `carver_article` WHERE  `is_show` = 1  AND `delete_time` = 0 ORDER BY `click_num` DESC LIMIT 3 [ RunTime:0.000528s ]
[2021-07-18T08:50:55+08:00][sql] SHOW FULL COLUMNS FROM `carver_notice` [ RunTime:0.000751s ]
[2021-07-18T08:50:55+08:00][sql] SELECT * FROM `carver_notice` ORDER BY `create_time` DESC LIMIT 3 [ RunTime:0.000354s ]
[2021-07-18T08:50:55+08:00][sql] SHOW FULL COLUMNS FROM `carver_navigation` [ RunTime:0.000660s ]
[2021-07-18T08:50:55+08:00][sql] SELECT * FROM `carver_navigation` [ RunTime:0.000294s ]
[2021-07-18T08:50:55+08:00][sql] SHOW FULL COLUMNS FROM `carver_link` [ RunTime:0.000678s ]
[2021-07-18T08:50:55+08:00][sql] SELECT * FROM `carver_link` WHERE  ( is_confirm=2 ) LIMIT 20 [ RunTime:0.000385s ]
[2021-07-18T08:50:55+08:00][sql] SELECT `article_label` FROM `carver_article` [ RunTime:0.000280s ]
[2021-07-18T08:50:55+08:00][sql] SHOW FULL COLUMNS FROM `carver_carouse` [ RunTime:0.000629s ]
[2021-07-18T08:50:55+08:00][sql] SELECT `carouse_img`,`carouse_desc` FROM `carver_carouse` WHERE  `is_show` = 1 ORDER BY `carouse_sort` DESC LIMIT 3 [ RunTime:0.000326s ]
[2021-07-18T08:50:55+08:00][sql] SHOW FULL COLUMNS FROM `carver_site` [ RunTime:0.000632s ]
[2021-07-18T08:50:55+08:00][sql] SELECT * FROM `carver_site` [ RunTime:0.000310s ]
[2021-07-18T08:58:46+08:00][sql] CONNECT:[ UseTime:0.018328s ] mysql:host=127.0.0.1;port=3306;dbname=carver;charset=utf8
[2021-07-18T08:58:46+08:00][sql] SHOW FULL COLUMNS FROM `carver_user` [ RunTime:0.003755s ]
[2021-07-18T08:58:46+08:00][sql] SHOW FULL COLUMNS FROM `carver_article` [ RunTime:0.000824s ]
[2021-07-18T08:58:46+08:00][sql] SELECT COUNT(*) AS think_count FROM `carver_article` WHERE  `delete_time` = 0  AND `is_show` = 1 [ RunTime:0.001261s ]
[2021-07-18T08:58:46+08:00][sql] SELECT `article_id`,`article_title`,`article_desc`,`article_content`,`article_img`,`article_guide`,`article_label`,`click_num`,`is_show`,`add_time`,`article_author`,`is_top_show` FROM `carver_article` WHERE  `delete_time` = 0  AND `is_show` = 1 ORDER BY `article_id` DESC LIMIT 0,6 [ RunTime:0.001290s ]
[2021-07-18T08:58:46+08:00][sql] SELECT article_id,article_title,click_num,FROM_UNIXTIME(add_time,'%Y-%m-%d') as add_time FROM `carver_article` WHERE  `is_show` = 1  AND `delete_time` = 0 ORDER BY `click_num` DESC LIMIT 3 [ RunTime:0.004045s ]
[2021-07-18T08:58:46+08:00][sql] SHOW FULL COLUMNS FROM `carver_notice` [ RunTime:0.001601s ]
[2021-07-18T08:58:46+08:00][sql] SELECT * FROM `carver_notice` ORDER BY `create_time` DESC LIMIT 3 [ RunTime:0.001420s ]
[2021-07-18T08:58:46+08:00][sql] SHOW FULL COLUMNS FROM `carver_navigation` [ RunTime:0.000675s ]
[2021-07-18T08:58:46+08:00][sql] SELECT * FROM `carver_navigation` [ RunTime:0.001366s ]
[2021-07-18T08:58:46+08:00][sql] SHOW FULL COLUMNS FROM `carver_link` [ RunTime:0.001548s ]
[2021-07-18T08:58:46+08:00][sql] SELECT * FROM `carver_link` WHERE  ( is_confirm=2 ) LIMIT 20 [ RunTime:0.000329s ]
[2021-07-18T08:58:46+08:00][sql] SELECT `article_label` FROM `carver_article` [ RunTime:0.001269s ]
[2021-07-18T08:58:46+08:00][sql] SHOW FULL COLUMNS FROM `carver_carouse` [ RunTime:0.001104s ]
[2021-07-18T08:58:46+08:00][sql] SELECT `carouse_img`,`carouse_desc` FROM `carver_carouse` WHERE  `is_show` = 1 ORDER BY `carouse_sort` DESC LIMIT 3 [ RunTime:0.001562s ]
[2021-07-18T08:58:46+08:00][sql] SHOW FULL COLUMNS FROM `carver_site` [ RunTime:0.000691s ]
[2021-07-18T08:58:46+08:00][sql] SELECT * FROM `carver_site` [ RunTime:0.000241s ]
[2021-07-18T10:05:51+08:00][sql] CONNECT:[ UseTime:0.000695s ] mysql:host=127.0.0.1;port=3306;dbname=carver;charset=utf8
[2021-07-18T10:05:51+08:00][sql] SHOW FULL COLUMNS FROM `carver_article` [ RunTime:0.001056s ]
[2021-07-18T10:05:51+08:00][sql] SELECT `article_id`,`article_title`,`article_desc`,`article_content`,`article_img`,`article_guide`,`article_label`,`click_num`,`is_show`,`add_time`,`article_author` FROM `carver_article` WHERE  `article_id` = 28'A=0 LIMIT 1 [ RunTime:0.000442s ]
[2021-07-18T10:05:51+08:00][sql] SELECT `article_id`,`article_title`,`article_desc`,`article_content`,`article_img`,`article_guide`,`article_label`,`click_num`,`is_show`,`add_time`,`article_author` FROM `carver_article` WHERE  `article_id` > 28'A=0 LIMIT 1 [ RunTime:0.000391s ]
[2021-07-18T10:05:51+08:00][sql] SELECT `article_id`,`article_title`,`article_desc`,`article_content`,`article_img`,`article_guide`,`article_label`,`click_num`,`is_show`,`add_time`,`article_author` FROM `carver_article` WHERE  `article_id` < 28'A=0 ORDER BY `article_id` DESC LIMIT 1 [ RunTime:0.000416s ]
[2021-07-18T10:05:51+08:00][sql] SHOW FULL COLUMNS FROM `carver_link` [ RunTime:0.000754s ]
[2021-07-18T10:05:51+08:00][sql] SELECT * FROM `carver_link` WHERE  ( is_confirm=2 ) LIMIT 20 [ RunTime:0.000353s ]
[2021-07-18T10:05:51+08:00][sql] SELECT article_id,article_title,click_num,FROM_UNIXTIME(add_time,'%Y-%m-%d') as add_time FROM `carver_article` ORDER BY `click_num` DESC LIMIT 3 [ RunTime:0.000450s ]
[2021-07-18T10:05:51+08:00][sql] SHOW FULL COLUMNS FROM `carver_comment` [ RunTime:0.000948s ]
[2021-07-18T10:05:51+08:00][sql] SELECT `a`.*,`b`.`user_name` FROM `carver_comment` `a` INNER JOIN `carver_user` `b` ON `a`.`user_id`=`b`.`user_id` WHERE  `article_id` = 28'A=0 ORDER BY `create_time` DESC [ RunTime:0.000455s ]
[2021-07-18T10:05:51+08:00][sql] SHOW FULL COLUMNS FROM `carver_comment_to_others` [ RunTime:0.000671s ]
[2021-07-18T10:05:51+08:00][sql] SELECT * FROM `carver_comment_to_others` [ RunTime:0.000251s ]
[2021-07-18T10:05:51+08:00][sql] SHOW FULL COLUMNS FROM `carver_user` [ RunTime:0.000574s ]
[2021-07-18T10:05:51+08:00][sql] SELECT `user_name` FROM `carver_user` WHERE  `user_id` = 4 LIMIT 1 [ RunTime:0.000255s ]
[2021-07-18T10:05:51+08:00][sql] SELECT `user_name` FROM `carver_user` WHERE  `user_id` = 4 LIMIT 1 [ RunTime:0.000230s ]
[2021-07-18T10:05:51+08:00][sql] SELECT `user_name` FROM `carver_user` WHERE  `user_id` = 5 LIMIT 1 [ RunTime:0.000227s ]
[2021-07-18T10:05:51+08:00][sql] SELECT `user_name` FROM `carver_user` WHERE  `user_id` = 5 LIMIT 1 [ RunTime:0.000206s ]
[2021-07-18T10:05:51+08:00][sql] SELECT `user_name` FROM `carver_user` WHERE  `user_id` = 37 LIMIT 1 [ RunTime:0.000228s ]
[2021-07-18T10:05:51+08:00][sql] SELECT `user_name`,`user_id` FROM `carver_user` [ RunTime:0.000290s ]
[2021-07-18T10:05:51+08:00][sql] SHOW FULL COLUMNS FROM `carver_navigation` [ RunTime:0.000702s ]
[2021-07-18T10:05:51+08:00][sql] SELECT * FROM `carver_navigation` [ RunTime:0.000244s ]
[2021-07-18T10:05:51+08:00][sql] SELECT `article_label` FROM `carver_article` [ RunTime:0.000294s ]
[2021-07-18T10:40:34+08:00][sql] CONNECT:[ UseTime:0.000579s ] mysql:host=127.0.0.1;port=3306;dbname=carver;charset=utf8
[2021-07-18T10:40:34+08:00][sql] SHOW FULL COLUMNS FROM `carver_user` [ RunTime:0.001058s ]
[2021-07-18T10:40:34+08:00][sql] SHOW FULL COLUMNS FROM `carver_article` [ RunTime:0.000843s ]
[2021-07-18T10:40:34+08:00][sql] SELECT COUNT(*) AS think_count FROM `carver_article` WHERE  `delete_time` = 0  AND `is_show` = 1 [ RunTime:0.000428s ]
[2021-07-18T10:40:34+08:00][sql] SELECT `article_id`,`article_title`,`article_desc`,`article_content`,`article_img`,`article_guide`,`article_label`,`click_num`,`is_show`,`add_time`,`article_author`,`is_top_show` FROM `carver_article` WHERE  `delete_time` = 0  AND `is_show` = 1 ORDER BY `article_id` DESC LIMIT 18,6 [ RunTime:0.001826s ]
[2021-07-18T10:40:34+08:00][sql] SELECT article_id,article_title,click_num,FROM_UNIXTIME(add_time,'%Y-%m-%d') as add_time FROM `carver_article` WHERE  `is_show` = 1  AND `delete_time` = 0 ORDER BY `click_num` DESC LIMIT 3 [ RunTime:0.000793s ]
[2021-07-18T10:40:34+08:00][sql] SHOW FULL COLUMNS FROM `carver_notice` [ RunTime:0.001002s ]
[2021-07-18T10:40:34+08:00][sql] SELECT * FROM `carver_notice` ORDER BY `create_time` DESC LIMIT 3 [ RunTime:0.000447s ]
[2021-07-18T10:40:34+08:00][sql] SHOW FULL COLUMNS FROM `carver_navigation` [ RunTime:0.000796s ]
[2021-07-18T10:40:34+08:00][sql] SELECT * FROM `carver_navigation` [ RunTime:0.000369s ]
[2021-07-18T10:40:34+08:00][sql] SHOW FULL COLUMNS FROM `carver_link` [ RunTime:0.000696s ]
[2021-07-18T10:40:34+08:00][sql] SELECT * FROM `carver_link` WHERE  ( is_confirm=2 ) LIMIT 20 [ RunTime:0.000299s ]
[2021-07-18T10:40:34+08:00][sql] SELECT `article_label` FROM `carver_article` [ RunTime:0.000280s ]
[2021-07-18T10:40:34+08:00][sql] SHOW FULL COLUMNS FROM `carver_carouse` [ RunTime:0.000627s ]
[2021-07-18T10:40:34+08:00][sql] SELECT `carouse_img`,`carouse_desc` FROM `carver_carouse` WHERE  `is_show` = 1 ORDER BY `carouse_sort` DESC LIMIT 3 [ RunTime:0.000351s ]
[2021-07-18T10:40:34+08:00][sql] SHOW FULL COLUMNS FROM `carver_site` [ RunTime:0.000559s ]
[2021-07-18T10:40:34+08:00][sql] SELECT * FROM `carver_site` [ RunTime:0.000233s ]
[2021-07-18T11:00:39+08:00][sql] CONNECT:[ UseTime:0.000585s ] mysql:host=127.0.0.1;port=3306;dbname=carver;charset=utf8
[2021-07-18T11:00:39+08:00][sql] SHOW FULL COLUMNS FROM `carver_user` [ RunTime:0.000993s ]
[2021-07-18T11:50:55+08:00][sql] CONNECT:[ UseTime:0.000644s ] mysql:host=127.0.0.1;port=3306;dbname=carver;charset=utf8
[2021-07-18T11:50:55+08:00][sql] SHOW FULL COLUMNS FROM `carver_article` [ RunTime:0.001021s ]
[2021-07-18T11:50:55+08:00][sql] SELECT COUNT(*) AS think_count FROM `carver_article` WHERE  `article_label` LIKE '%222%'  AND `delete_time` = 0  AND `is_show` = 1 [ RunTime:0.000465s ]
[2021-07-18T11:50:55+08:00][sql] SELECT * FROM `carver_article` WHERE  `article_label` LIKE '%222%'  AND `delete_time` = 0  AND `is_show` = 1 LIMIT 0,6 [ RunTime:0.001003s ]
[2021-07-18T11:50:55+08:00][sql] SELECT article_id,article_title,click_num,FROM_UNIXTIME(add_time,'%Y-%m-%d') as add_time FROM `carver_article` WHERE  `is_show` = 1  AND `delete_time` = 0 ORDER BY `click_num` DESC LIMIT 3 [ RunTime:0.000532s ]
[2021-07-18T11:50:55+08:00][sql] SHOW FULL COLUMNS FROM `carver_notice` [ RunTime:0.000814s ]
[2021-07-18T11:50:55+08:00][sql] SELECT * FROM `carver_notice` ORDER BY `create_time` DESC LIMIT 3 [ RunTime:0.000348s ]
[2021-07-18T11:50:55+08:00][sql] SHOW FULL COLUMNS FROM `carver_navigation` [ RunTime:0.000691s ]
[2021-07-18T11:50:55+08:00][sql] SELECT * FROM `carver_navigation` [ RunTime:0.000293s ]
[2021-07-18T11:50:55+08:00][sql] SHOW FULL COLUMNS FROM `carver_link` [ RunTime:0.000699s ]
[2021-07-18T11:50:55+08:00][sql] SELECT * FROM `carver_link` WHERE  ( is_confirm=2 ) LIMIT 20 [ RunTime:0.000387s ]
[2021-07-18T11:50:55+08:00][sql] SELECT `article_label` FROM `carver_article` [ RunTime:0.000293s ]
[2021-07-18T11:50:55+08:00][sql] SHOW FULL COLUMNS FROM `carver_carouse` [ RunTime:0.000669s ]
[2021-07-18T11:50:55+08:00][sql] SELECT `carouse_img`,`carouse_desc` FROM `carver_carouse` WHERE  `is_show` = 1 ORDER BY `carouse_sort` DESC LIMIT 3 [ RunTime:0.000376s ]
[2021-07-18T11:50:55+08:00][sql] SHOW FULL COLUMNS FROM `carver_site` [ RunTime:0.000620s ]
[2021-07-18T11:50:55+08:00][sql] SELECT * FROM `carver_site` [ RunTime:0.000471s ]
[2021-07-18T13:55:27+08:00][sql] CONNECT:[ UseTime:0.000558s ] mysql:host=127.0.0.1;port=3306;dbname=carver;charset=utf8
[2021-07-18T13:55:27+08:00][sql] SHOW FULL COLUMNS FROM `carver_user` [ RunTime:0.000980s ]
[2021-07-18T13:55:27+08:00][sql] SHOW FULL COLUMNS FROM `carver_article` [ RunTime:0.000889s ]
[2021-07-18T13:55:27+08:00][sql] SELECT COUNT(*) AS think_count FROM `carver_article` WHERE  `delete_time` = 0  AND `is_show` = 1 [ RunTime:0.000419s ]
[2021-07-18T13:55:27+08:00][sql] SELECT `article_id`,`article_title`,`article_desc`,`article_content`,`article_img`,`article_guide`,`article_label`,`click_num`,`is_show`,`add_time`,`article_author`,`is_top_show` FROM `carver_article` WHERE  `delete_time` = 0  AND `is_show` = 1 ORDER BY `article_id` DESC LIMIT 0,6 [ RunTime:0.000843s ]
[2021-07-18T13:55:27+08:00][sql] SELECT article_id,article_title,click_num,FROM_UNIXTIME(add_time,'%Y-%m-%d') as add_time FROM `carver_article` WHERE  `is_show` = 1  AND `delete_time` = 0 ORDER BY `click_num` DESC LIMIT 3 [ RunTime:0.000594s ]
[2021-07-18T13:55:27+08:00][sql] SHOW FULL COLUMNS FROM `carver_notice` [ RunTime:0.000810s ]
[2021-07-18T13:55:27+08:00][sql] SELECT * FROM `carver_notice` ORDER BY `create_time` DESC LIMIT 3 [ RunTime:0.000283s ]
[2021-07-18T13:55:27+08:00][sql] SHOW FULL COLUMNS FROM `carver_navigation` [ RunTime:0.000601s ]
[2021-07-18T13:55:27+08:00][sql] SELECT * FROM `carver_navigation` [ RunTime:0.000263s ]
[2021-07-18T13:55:27+08:00][sql] SHOW FULL COLUMNS FROM `carver_link` [ RunTime:0.000595s ]
[2021-07-18T13:55:27+08:00][sql] SELECT * FROM `carver_link` WHERE  ( is_confirm=2 ) LIMIT 20 [ RunTime:0.000370s ]
[2021-07-18T13:55:27+08:00][sql] SELECT `article_label` FROM `carver_article` [ RunTime:0.000344s ]
[2021-07-18T13:55:27+08:00][sql] SHOW FULL COLUMNS FROM `carver_carouse` [ RunTime:0.000631s ]
[2021-07-18T13:55:27+08:00][sql] SELECT `carouse_img`,`carouse_desc` FROM `carver_carouse` WHERE  `is_show` = 1 ORDER BY `carouse_sort` DESC LIMIT 3 [ RunTime:0.000334s ]
[2021-07-18T13:55:27+08:00][sql] SHOW FULL COLUMNS FROM `carver_site` [ RunTime:0.000587s ]
[2021-07-18T13:55:27+08:00][sql] SELECT * FROM `carver_site` [ RunTime:0.000240s ]
[2021-07-18T14:11:58+08:00][sql] CONNECT:[ UseTime:0.000626s ] mysql:host=127.0.0.1;port=3306;dbname=carver;charset=utf8
[2021-07-18T14:11:58+08:00][sql] SHOW FULL COLUMNS FROM `carver_article` [ RunTime:0.001136s ]
[2021-07-18T14:11:58+08:00][sql] SELECT `article_id`,`article_title`,`article_desc`,`article_content`,`article_img`,`article_guide`,`article_label`,`click_num`,`is_show`,`add_time`,`article_author` FROM `carver_article` WHERE  `article_id` = 28' LIMIT 1 [ RunTime:0.000561s ]
[2021-07-18T14:11:58+08:00][sql] SELECT `article_id`,`article_title`,`article_desc`,`article_content`,`article_img`,`article_guide`,`article_label`,`click_num`,`is_show`,`add_time`,`article_author` FROM `carver_article` WHERE  `article_id` > 28' LIMIT 1 [ RunTime:0.000430s ]
[2021-07-18T14:11:58+08:00][sql] SELECT `article_id`,`article_title`,`article_desc`,`article_content`,`article_img`,`article_guide`,`article_label`,`click_num`,`is_show`,`add_time`,`article_author` FROM `carver_article` WHERE  `article_id` < 28' ORDER BY `article_id` DESC LIMIT 1 [ RunTime:0.000384s ]
[2021-07-18T14:11:58+08:00][sql] SHOW FULL COLUMNS FROM `carver_link` [ RunTime:0.000846s ]
[2021-07-18T14:11:58+08:00][sql] SELECT * FROM `carver_link` WHERE  ( is_confirm=2 ) LIMIT 20 [ RunTime:0.000412s ]
[2021-07-18T14:11:58+08:00][sql] SELECT article_id,article_title,click_num,FROM_UNIXTIME(add_time,'%Y-%m-%d') as add_time FROM `carver_article` ORDER BY `click_num` DESC LIMIT 3 [ RunTime:0.000456s ]
[2021-07-18T14:11:58+08:00][sql] SHOW FULL COLUMNS FROM `carver_comment` [ RunTime:0.000809s ]
[2021-07-18T14:11:58+08:00][sql] SELECT `a`.*,`b`.`user_name` FROM `carver_comment` `a` INNER JOIN `carver_user` `b` ON `a`.`user_id`=`b`.`user_id` WHERE  `article_id` = 28' ORDER BY `create_time` DESC [ RunTime:0.000545s ]
[2021-07-18T14:11:58+08:00][sql] SHOW FULL COLUMNS FROM `carver_comment_to_others` [ RunTime:0.000807s ]
[2021-07-18T14:11:58+08:00][sql] SELECT * FROM `carver_comment_to_others` [ RunTime:0.000352s ]
[2021-07-18T14:11:58+08:00][sql] SHOW FULL COLUMNS FROM `carver_user` [ RunTime:0.000667s ]
[2021-07-18T14:11:58+08:00][sql] SELECT `user_name` FROM `carver_user` WHERE  `user_id` = 4 LIMIT 1 [ RunTime:0.000321s ]
[2021-07-18T14:11:58+08:00][sql] SELECT `user_name` FROM `carver_user` WHERE  `user_id` = 4 LIMIT 1 [ RunTime:0.000254s ]
[2021-07-18T14:11:58+08:00][sql] SELECT `user_name` FROM `carver_user` WHERE  `user_id` = 5 LIMIT 1 [ RunTime:0.000279s ]
[2021-07-18T14:11:58+08:00][sql] SELECT `user_name` FROM `carver_user` WHERE  `user_id` = 5 LIMIT 1 [ RunTime:0.000297s ]
[2021-07-18T14:11:58+08:00][sql] SELECT `user_name` FROM `carver_user` WHERE  `user_id` = 37 LIMIT 1 [ RunTime:0.000348s ]
[2021-07-18T14:11:58+08:00][sql] SELECT `user_name`,`user_id` FROM `carver_user` [ RunTime:0.000362s ]
[2021-07-18T14:11:58+08:00][sql] SHOW FULL COLUMNS FROM `carver_navigation` [ RunTime:0.000801s ]
[2021-07-18T14:11:58+08:00][sql] SELECT * FROM `carver_navigation` [ RunTime:0.000305s ]
[2021-07-18T14:11:58+08:00][sql] SELECT `article_label` FROM `carver_article` [ RunTime:0.000315s ]
[2021-07-18T14:15:50+08:00][sql] CONNECT:[ UseTime:0.001618s ] mysql:host=127.0.0.1;port=3306;dbname=carver;charset=utf8
[2021-07-18T14:15:50+08:00][sql] SHOW FULL COLUMNS FROM `carver_article` [ RunTime:0.000981s ]
[2021-07-18T14:15:50+08:00][sql] SELECT `article_id`,`article_title`,`article_desc`,`article_content`,`article_img`,`article_guide`,`article_label`,`click_num`,`is_show`,`add_time`,`article_author` FROM `carver_article` WHERE  `article_id` = 28'A=0 LIMIT 1 [ RunTime:0.000438s ]
[2021-07-18T14:15:50+08:00][sql] SELECT `article_id`,`article_title`,`article_desc`,`article_content`,`article_img`,`article_guide`,`article_label`,`click_num`,`is_show`,`add_time`,`article_author` FROM `carver_article` WHERE  `article_id` > 28'A=0 LIMIT 1 [ RunTime:0.000377s ]
[2021-07-18T14:15:50+08:00][sql] SELECT `article_id`,`article_title`,`article_desc`,`article_content`,`article_img`,`article_guide`,`article_label`,`click_num`,`is_show`,`add_time`,`article_author` FROM `carver_article` WHERE  `article_id` < 28'A=0 ORDER BY `article_id` DESC LIMIT 1 [ RunTime:0.000403s ]
[2021-07-18T14:15:50+08:00][sql] SHOW FULL COLUMNS FROM `carver_link` [ RunTime:0.000711s ]
[2021-07-18T14:15:50+08:00][sql] SELECT * FROM `carver_link` WHERE  ( is_confirm=2 ) LIMIT 20 [ RunTime:0.000339s ]
[2021-07-18T14:15:50+08:00][sql] SELECT article_id,article_title,click_num,FROM_UNIXTIME(add_time,'%Y-%m-%d') as add_time FROM `carver_article` ORDER BY `click_num` DESC LIMIT 3 [ RunTime:0.000357s ]
[2021-07-18T14:15:50+08:00][sql] SHOW FULL COLUMNS FROM `carver_comment` [ RunTime:0.000747s ]
[2021-07-18T14:15:50+08:00][sql] SELECT `a`.*,`b`.`user_name` FROM `carver_comment` `a` INNER JOIN `carver_user` `b` ON `a`.`user_id`=`b`.`user_id` WHERE  `article_id` = 28'A=0 ORDER BY `create_time` DESC [ RunTime:0.000414s ]
[2021-07-18T14:15:50+08:00][sql] SHOW FULL COLUMNS FROM `carver_comment_to_others` [ RunTime:0.000615s ]
[2021-07-18T14:15:50+08:00][sql] SELECT * FROM `carver_comment_to_others` [ RunTime:0.000246s ]
[2021-07-18T14:15:50+08:00][sql] SHOW FULL COLUMNS FROM `carver_user` [ RunTime:0.000516s ]
[2021-07-18T14:15:50+08:00][sql] SELECT `user_name` FROM `carver_user` WHERE  `user_id` = 4 LIMIT 1 [ RunTime:0.000267s ]
[2021-07-18T14:15:50+08:00][sql] SELECT `user_name` FROM `carver_user` WHERE  `user_id` = 4 LIMIT 1 [ RunTime:0.000222s ]
[2021-07-18T14:15:50+08:00][sql] SELECT `user_name` FROM `carver_user` WHERE  `user_id` = 5 LIMIT 1 [ RunTime:0.000210s ]
[2021-07-18T14:15:50+08:00][sql] SELECT `user_name` FROM `carver_user` WHERE  `user_id` = 5 LIMIT 1 [ RunTime:0.000218s ]
[2021-07-18T14:15:50+08:00][sql] SELECT `user_name` FROM `carver_user` WHERE  `user_id` = 37 LIMIT 1 [ RunTime:0.000212s ]
[2021-07-18T14:15:50+08:00][sql] SELECT `user_name`,`user_id` FROM `carver_user` [ RunTime:0.000249s ]
[2021-07-18T14:15:50+08:00][sql] SHOW FULL COLUMNS FROM `carver_navigation` [ RunTime:0.000639s ]
[2021-07-18T14:15:50+08:00][sql] SELECT * FROM `carver_navigation` [ RunTime:0.000235s ]
[2021-07-18T14:15:50+08:00][sql] SELECT `article_label` FROM `carver_article` [ RunTime:0.000274s ]
[2021-07-18T14:31:46+08:00][sql] CONNECT:[ UseTime:0.000625s ] mysql:host=127.0.0.1;port=3306;dbname=carver;charset=utf8
[2021-07-18T14:31:46+08:00][sql] SHOW FULL COLUMNS FROM `carver_article` [ RunTime:0.001428s ]
[2021-07-18T14:31:46+08:00][sql] SELECT `article_id`,`article_title`,`article_desc`,`article_content`,`article_img`,`article_guide`,`article_label`,`click_num`,`is_show`,`add_time`,`article_author` FROM `carver_article` WHERE  `article_id` = 22/ LIMIT 1 [ RunTime:0.001169s ]
[2021-07-18T14:31:46+08:00][sql] SELECT `article_id`,`article_title`,`article_desc`,`article_content`,`article_img`,`article_guide`,`article_label`,`click_num`,`is_show`,`add_time`,`article_author` FROM `carver_article` WHERE  `article_id` > 22/ LIMIT 1 [ RunTime:0.001062s ]
[2021-07-18T14:31:46+08:00][sql] SELECT `article_id`,`article_title`,`article_desc`,`article_content`,`article_img`,`article_guide`,`article_label`,`click_num`,`is_show`,`add_time`,`article_author` FROM `carver_article` WHERE  `article_id` < 22/ ORDER BY `article_id` DESC LIMIT 1 [ RunTime:0.000601s ]
[2021-07-18T14:31:46+08:00][sql] SHOW FULL COLUMNS FROM `carver_link` [ RunTime:0.001674s ]
[2021-07-18T14:31:46+08:00][sql] SELECT * FROM `carver_link` WHERE  ( is_confirm=2 ) LIMIT 20 [ RunTime:0.000652s ]
[2021-07-18T14:31:46+08:00][sql] SELECT article_id,article_title,click_num,FROM_UNIXTIME(add_time,'%Y-%m-%d') as add_time FROM `carver_article` ORDER BY `click_num` DESC LIMIT 3 [ RunTime:0.000441s ]
[2021-07-18T14:31:46+08:00][sql] SHOW FULL COLUMNS FROM `carver_comment` [ RunTime:0.001295s ]
[2021-07-18T14:31:46+08:00][sql] SELECT `a`.*,`b`.`user_name` FROM `carver_comment` `a` INNER JOIN `carver_user` `b` ON `a`.`user_id`=`b`.`user_id` WHERE  `article_id` = 22/ ORDER BY `create_time` DESC [ RunTime:0.000485s ]
[2021-07-18T14:31:46+08:00][sql] SHOW FULL COLUMNS FROM `carver_comment_to_others` [ RunTime:0.001136s ]
[2021-07-18T14:31:46+08:00][sql] SELECT * FROM `carver_comment_to_others` [ RunTime:0.000504s ]
[2021-07-18T14:31:46+08:00][sql] SHOW FULL COLUMNS FROM `carver_user` [ RunTime:0.000898s ]
[2021-07-18T14:31:46+08:00][sql] SELECT `user_name` FROM `carver_user` WHERE  `user_id` = 4 LIMIT 1 [ RunTime:0.000386s ]
[2021-07-18T14:31:46+08:00][sql] SELECT `user_name` FROM `carver_user` WHERE  `user_id` = 4 LIMIT 1 [ RunTime:0.000400s ]
[2021-07-18T14:31:46+08:00][sql] SELECT `user_name` FROM `carver_user` WHERE  `user_id` = 5 LIMIT 1 [ RunTime:0.000325s ]
[2021-07-18T14:31:46+08:00][sql] SELECT `user_name` FROM `carver_user` WHERE  `user_id` = 5 LIMIT 1 [ RunTime:0.000531s ]
[2021-07-18T14:31:46+08:00][sql] SELECT `user_name` FROM `carver_user` WHERE  `user_id` = 37 LIMIT 1 [ RunTime:0.000398s ]
[2021-07-18T14:31:46+08:00][sql] SELECT `user_name`,`user_id` FROM `carver_user` [ RunTime:0.000897s ]
[2021-07-18T14:31:46+08:00][sql] SHOW FULL COLUMNS FROM `carver_navigation` [ RunTime:0.001006s ]
[2021-07-18T14:31:46+08:00][sql] SELECT * FROM `carver_navigation` [ RunTime:0.000393s ]
[2021-07-18T14:31:46+08:00][sql] SELECT `article_label` FROM `carver_article` [ RunTime:0.000644s ]
[2021-07-18T14:33:15+08:00][sql] CONNECT:[ UseTime:0.000558s ] mysql:host=127.0.0.1;port=3306;dbname=carver;charset=utf8
[2021-07-18T14:33:15+08:00][sql] SHOW FULL COLUMNS FROM `carver_article` [ RunTime:0.001002s ]
[2021-07-18T14:33:15+08:00][sql] SELECT `article_id`,`article_title`,`article_desc`,`article_content`,`article_img`,`article_guide`,`article_label`,`click_num`,`is_show`,`add_time`,`article_author` FROM `carver_article` WHERE  `article_id` = 23/ LIMIT 1 [ RunTime:0.000474s ]
[2021-07-18T14:33:15+08:00][sql] SELECT `article_id`,`article_title`,`article_desc`,`article_content`,`article_img`,`article_guide`,`article_label`,`click_num`,`is_show`,`add_time`,`article_author` FROM `carver_article` WHERE  `article_id` > 23/ LIMIT 1 [ RunTime:0.000513s ]
[2021-07-18T14:33:15+08:00][sql] SELECT `article_id`,`article_title`,`article_desc`,`article_content`,`article_img`,`article_guide`,`article_label`,`click_num`,`is_show`,`add_time`,`article_author` FROM `carver_article` WHERE  `article_id` < 23/ ORDER BY `article_id` DESC LIMIT 1 [ RunTime:0.000534s ]
[2021-07-18T14:33:15+08:00][sql] SHOW FULL COLUMNS FROM `carver_link` [ RunTime:0.000834s ]
[2021-07-18T14:33:15+08:00][sql] SELECT * FROM `carver_link` WHERE  ( is_confirm=2 ) LIMIT 20 [ RunTime:0.000379s ]
[2021-07-18T14:33:15+08:00][sql] SELECT article_id,article_title,click_num,FROM_UNIXTIME(add_time,'%Y-%m-%d') as add_time FROM `carver_article` ORDER BY `click_num` DESC LIMIT 3 [ RunTime:0.000407s ]
[2021-07-18T14:33:15+08:00][sql] SHOW FULL COLUMNS FROM `carver_comment` [ RunTime:0.000725s ]
[2021-07-18T14:33:15+08:00][sql] SELECT `a`.*,`b`.`user_name` FROM `carver_comment` `a` INNER JOIN `carver_user` `b` ON `a`.`user_id`=`b`.`user_id` WHERE  `article_id` = 23/ ORDER BY `create_time` DESC [ RunTime:0.000375s ]
[2021-07-18T14:33:15+08:00][sql] SHOW FULL COLUMNS FROM `carver_comment_to_others` [ RunTime:0.000595s ]
[2021-07-18T14:33:15+08:00][sql] SELECT * FROM `carver_comment_to_others` [ RunTime:0.000324s ]
[2021-07-18T14:33:15+08:00][sql] SHOW FULL COLUMNS FROM `carver_user` [ RunTime:0.000572s ]
[2021-07-18T14:33:15+08:00][sql] SELECT `user_name` FROM `carver_user` WHERE  `user_id` = 4 LIMIT 1 [ RunTime:0.000285s ]
[2021-07-18T14:33:15+08:00][sql] SELECT `user_name` FROM `carver_user` WHERE  `user_id` = 4 LIMIT 1 [ RunTime:0.000233s ]
[2021-07-18T14:33:15+08:00][sql] SELECT `user_name` FROM `carver_user` WHERE  `user_id` = 5 LIMIT 1 [ RunTime:0.000208s ]
[2021-07-18T14:33:15+08:00][sql] SELECT `user_name` FROM `carver_user` WHERE  `user_id` = 5 LIMIT 1 [ RunTime:0.000248s ]
[2021-07-18T14:33:15+08:00][sql] SELECT `user_name` FROM `carver_user` WHERE  `user_id` = 37 LIMIT 1 [ RunTime:0.000247s ]
[2021-07-18T14:33:15+08:00][sql] SHOW FULL COLUMNS FROM `carver_navigation` [ RunTime:0.000645s ]
[2021-07-18T14:33:15+08:00][sql] SELECT * FROM `carver_navigation` [ RunTime:0.000262s ]
[2021-07-18T14:33:15+08:00][sql] SELECT `article_label` FROM `carver_article` [ RunTime:0.000290s ]
[2021-07-18T15:33:39+08:00][sql] CONNECT:[ UseTime:0.000593s ] mysql:host=127.0.0.1;port=3306;dbname=carver;charset=utf8
[2021-07-18T15:33:39+08:00][sql] SHOW FULL COLUMNS FROM `carver_article` [ RunTime:0.000959s ]
[2021-07-18T15:33:39+08:00][sql] SELECT `article_id`,`article_title`,`article_desc`,`article_content`,`article_img`,`article_guide`,`article_label`,`click_num`,`is_show`,`add_time`,`article_author` FROM `carver_article` WHERE  `article_id` = 17'A=0 LIMIT 1 [ RunTime:0.000566s ]
[2021-07-18T15:33:39+08:00][sql] SELECT `article_id`,`article_title`,`article_desc`,`article_content`,`article_img`,`article_guide`,`article_label`,`click_num`,`is_show`,`add_time`,`article_author` FROM `carver_article` WHERE  `article_id` > 17'A=0 LIMIT 1 [ RunTime:0.000422s ]
[2021-07-18T15:33:39+08:00][sql] SELECT `article_id`,`article_title`,`article_desc`,`article_content`,`article_img`,`article_guide`,`article_label`,`click_num`,`is_show`,`add_time`,`article_author` FROM `carver_article` WHERE  `article_id` < 17'A=0 ORDER BY `article_id` DESC LIMIT 1 [ RunTime:0.000370s ]
[2021-07-18T15:33:39+08:00][sql] SHOW FULL COLUMNS FROM `carver_link` [ RunTime:0.000666s ]
[2021-07-18T15:33:39+08:00][sql] SELECT * FROM `carver_link` WHERE  ( is_confirm=2 ) LIMIT 20 [ RunTime:0.000298s ]
[2021-07-18T15:33:39+08:00][sql] SELECT article_id,article_title,click_num,FROM_UNIXTIME(add_time,'%Y-%m-%d') as add_time FROM `carver_article` ORDER BY `click_num` DESC LIMIT 3 [ RunTime:0.000338s ]
[2021-07-18T15:33:39+08:00][sql] SHOW FULL COLUMNS FROM `carver_comment` [ RunTime:0.000608s ]
[2021-07-18T15:33:39+08:00][sql] SELECT `a`.*,`b`.`user_name` FROM `carver_comment` `a` INNER JOIN `carver_user` `b` ON `a`.`user_id`=`b`.`user_id` WHERE  `article_id` = 17'A=0 ORDER BY `create_time` DESC [ RunTime:0.000353s ]
[2021-07-18T15:33:39+08:00][sql] SHOW FULL COLUMNS FROM `carver_comment_to_others` [ RunTime:0.000663s ]
[2021-07-18T15:33:39+08:00][sql] SELECT * FROM `carver_comment_to_others` [ RunTime:0.000234s ]
[2021-07-18T15:33:39+08:00][sql] SHOW FULL COLUMNS FROM `carver_user` [ RunTime:0.000480s ]
[2021-07-18T15:33:39+08:00][sql] SELECT `user_name` FROM `carver_user` WHERE  `user_id` = 4 LIMIT 1 [ RunTime:0.000233s ]
[2021-07-18T15:33:39+08:00][sql] SELECT `user_name` FROM `carver_user` WHERE  `user_id` = 4 LIMIT 1 [ RunTime:0.000216s ]
[2021-07-18T15:33:39+08:00][sql] SELECT `user_name` FROM `carver_user` WHERE  `user_id` = 5 LIMIT 1 [ RunTime:0.000205s ]
[2021-07-18T15:33:39+08:00][sql] SELECT `user_name` FROM `carver_user` WHERE  `user_id` = 5 LIMIT 1 [ RunTime:0.000266s ]
[2021-07-18T15:33:39+08:00][sql] SELECT `user_name` FROM `carver_user` WHERE  `user_id` = 37 LIMIT 1 [ RunTime:0.000211s ]
[2021-07-18T15:33:39+08:00][sql] SELECT `user_name`,`user_id` FROM `carver_user` [ RunTime:0.000241s ]
[2021-07-18T15:33:39+08:00][sql] SHOW FULL COLUMNS FROM `carver_navigation` [ RunTime:0.000530s ]
[2021-07-18T15:33:39+08:00][sql] SELECT * FROM `carver_navigation` [ RunTime:0.000248s ]
[2021-07-18T15:33:39+08:00][sql] SELECT `article_label` FROM `carver_article` [ RunTime:0.000254s ]
[2021-07-18T15:40:11+08:00][sql] CONNECT:[ UseTime:0.000631s ] mysql:host=127.0.0.1;port=3306;dbname=carver;charset=utf8
[2021-07-18T15:40:11+08:00][sql] SHOW FULL COLUMNS FROM `carver_user` [ RunTime:0.000915s ]
[2021-07-18T15:40:11+08:00][sql] SHOW FULL COLUMNS FROM `carver_article` [ RunTime:0.000770s ]
[2021-07-18T15:40:11+08:00][sql] SELECT COUNT(*) AS think_count FROM `carver_article` WHERE  `delete_time` = 0  AND `is_show` = 1 [ RunTime:0.000383s ]
[2021-07-18T15:40:11+08:00][sql] SELECT `article_id`,`article_title`,`article_desc`,`article_content`,`article_img`,`article_guide`,`article_label`,`click_num`,`is_show`,`add_time`,`article_author`,`is_top_show` FROM `carver_article` WHERE  `delete_time` = 0  AND `is_show` = 1 ORDER BY `article_id` DESC LIMIT 0,6 [ RunTime:0.000790s ]
[2021-07-18T15:40:11+08:00][sql] SELECT article_id,article_title,click_num,FROM_UNIXTIME(add_time,'%Y-%m-%d') as add_time FROM `carver_article` WHERE  `is_show` = 1  AND `delete_time` = 0 ORDER BY `click_num` DESC LIMIT 3 [ RunTime:0.000463s ]
[2021-07-18T15:40:11+08:00][sql] SHOW FULL COLUMNS FROM `carver_notice` [ RunTime:0.000783s ]
[2021-07-18T15:40:11+08:00][sql] SELECT * FROM `carver_notice` ORDER BY `create_time` DESC LIMIT 3 [ RunTime:0.000318s ]
[2021-07-18T15:40:11+08:00][sql] SHOW FULL COLUMNS FROM `carver_navigation` [ RunTime:0.000628s ]
[2021-07-18T15:40:11+08:00][sql] SELECT * FROM `carver_navigation` [ RunTime:0.000290s ]
[2021-07-18T15:40:11+08:00][sql] SHOW FULL COLUMNS FROM `carver_link` [ RunTime:0.000559s ]
[2021-07-18T15:40:11+08:00][sql] SELECT * FROM `carver_link` WHERE  ( is_confirm=2 ) LIMIT 20 [ RunTime:0.000284s ]
[2021-07-18T15:40:11+08:00][sql] SELECT `article_label` FROM `carver_article` [ RunTime:0.000284s ]
[2021-07-18T15:40:11+08:00][sql] SHOW FULL COLUMNS FROM `carver_carouse` [ RunTime:0.000616s ]
[2021-07-18T15:40:11+08:00][sql] SELECT `carouse_img`,`carouse_desc` FROM `carver_carouse` WHERE  `is_show` = 1 ORDER BY `carouse_sort` DESC LIMIT 3 [ RunTime:0.000298s ]
[2021-07-18T15:40:11+08:00][sql] SHOW FULL COLUMNS FROM `carver_site` [ RunTime:0.000612s ]
[2021-07-18T15:40:11+08:00][sql] SELECT * FROM `carver_site` [ RunTime:0.000238s ]
[2021-07-18T15:51:49+08:00][sql] CONNECT:[ UseTime:0.000577s ] mysql:host=127.0.0.1;port=3306;dbname=carver;charset=utf8
[2021-07-18T15:51:49+08:00][sql] SHOW FULL COLUMNS FROM `carver_article` [ RunTime:0.000994s ]
[2021-07-18T15:51:49+08:00][sql] SELECT `article_id`,`article_title`,`article_desc`,`article_content`,`article_img`,`article_guide`,`article_label`,`click_num`,`is_show`,`add_time`,`article_author` FROM `carver_article` WHERE  `article_id` = 22 LIMIT 1 [ RunTime:0.000561s ]
[2021-07-18T15:51:49+08:00][sql] SELECT `article_id`,`article_title`,`article_desc`,`article_content`,`article_img`,`article_guide`,`article_label`,`click_num`,`is_show`,`add_time`,`article_author` FROM `carver_article` WHERE  `article_id` > 22 LIMIT 1 [ RunTime:0.000399s ]
[2021-07-18T15:51:49+08:00][sql] SELECT `article_id`,`article_title`,`article_desc`,`article_content`,`article_img`,`article_guide`,`article_label`,`click_num`,`is_show`,`add_time`,`article_author` FROM `carver_article` WHERE  `article_id` < 22 ORDER BY `article_id` DESC LIMIT 1 [ RunTime:0.000396s ]
[2021-07-18T15:51:49+08:00][sql] SHOW FULL COLUMNS FROM `carver_link` [ RunTime:0.000692s ]
[2021-07-18T15:51:49+08:00][sql] SELECT * FROM `carver_link` WHERE  ( is_confirm=2 ) LIMIT 20 [ RunTime:0.000330s ]
[2021-07-18T15:51:49+08:00][sql] SELECT article_id,article_title,click_num,FROM_UNIXTIME(add_time,'%Y-%m-%d') as add_time FROM `carver_article` ORDER BY `click_num` DESC LIMIT 3 [ RunTime:0.000400s ]
[2021-07-18T15:51:49+08:00][sql] SHOW FULL COLUMNS FROM `carver_comment` [ RunTime:0.000731s ]
[2021-07-18T15:51:49+08:00][sql] SELECT `a`.*,`b`.`user_name` FROM `carver_comment` `a` INNER JOIN `carver_user` `b` ON `a`.`user_id`=`b`.`user_id` WHERE  `article_id` = 22 ORDER BY `create_time` DESC [ RunTime:0.000404s ]
[2021-07-18T15:51:49+08:00][sql] SHOW FULL COLUMNS FROM `carver_comment_to_others` [ RunTime:0.000593s ]
[2021-07-18T15:51:49+08:00][sql] SELECT * FROM `carver_comment_to_others` [ RunTime:0.000272s ]
[2021-07-18T15:51:49+08:00][sql] SHOW FULL COLUMNS FROM `carver_user` [ RunTime:0.000518s ]
[2021-07-18T15:51:49+08:00][sql] SELECT `user_name` FROM `carver_user` WHERE  `user_id` = 4 LIMIT 1 [ RunTime:0.000290s ]
[2021-07-18T15:51:49+08:00][sql] SELECT `user_name` FROM `carver_user` WHERE  `user_id` = 4 LIMIT 1 [ RunTime:0.000238s ]
[2021-07-18T15:51:49+08:00][sql] SELECT `user_name` FROM `carver_user` WHERE  `user_id` = 5 LIMIT 1 [ RunTime:0.000268s ]
[2021-07-18T15:51:49+08:00][sql] SELECT `user_name` FROM `carver_user` WHERE  `user_id` = 5 LIMIT 1 [ RunTime:0.000217s ]
[2021-07-18T15:51:49+08:00][sql] SELECT `user_name` FROM `carver_user` WHERE  `user_id` = 37 LIMIT 1 [ RunTime:0.000225s ]
[2021-07-18T15:51:49+08:00][sql] SELECT `user_name`,`user_id` FROM `carver_user` [ RunTime:0.000233s ]
[2021-07-18T15:51:49+08:00][sql] SHOW FULL COLUMNS FROM `carver_navigation` [ RunTime:0.000687s ]
[2021-07-18T15:51:49+08:00][sql] SELECT * FROM `carver_navigation` [ RunTime:0.000248s ]
[2021-07-18T15:51:49+08:00][sql] SELECT `article_label` FROM `carver_article` [ RunTime:0.000280s ]
[2021-07-18T16:06:53+08:00][sql] CONNECT:[ UseTime:0.000932s ] mysql:host=127.0.0.1;port=3306;dbname=carver;charset=utf8
[2021-07-18T16:06:53+08:00][sql] SHOW FULL COLUMNS FROM `carver_article` [ RunTime:0.000981s ]
[2021-07-18T16:06:53+08:00][sql] SELECT COUNT(*) AS think_count FROM `carver_article` WHERE  `article_guide` = 8  AND `delete_time` = 0  AND `is_show` = 1 [ RunTime:0.000413s ]
[2021-07-18T16:06:53+08:00][sql] SELECT * FROM `carver_article` WHERE  `article_guide` = 8  AND `delete_time` = 0  AND `is_show` = 1 ORDER BY `add_time` DESC LIMIT 0,6 [ RunTime:0.000717s ]
[2021-07-18T16:06:53+08:00][sql] SELECT article_id,article_title,click_num,FROM_UNIXTIME(add_time,'%Y-%m-%d') as add_time FROM `carver_article` WHERE  `is_show` = 1  AND `delete_time` = 0 ORDER BY `click_num` DESC LIMIT 3 [ RunTime:0.000524s ]
[2021-07-18T16:06:53+08:00][sql] SHOW FULL COLUMNS FROM `carver_notice` [ RunTime:0.000736s ]
[2021-07-18T16:06:53+08:00][sql] SELECT * FROM `carver_notice` ORDER BY `create_time` DESC LIMIT 3 [ RunTime:0.000301s ]
[2021-07-18T16:06:53+08:00][sql] SHOW FULL COLUMNS FROM `carver_navigation` [ RunTime:0.000575s ]
[2021-07-18T16:06:53+08:00][sql] SELECT * FROM `carver_navigation` [ RunTime:0.000261s ]
[2021-07-18T16:06:53+08:00][sql] SELECT `article_label` FROM `carver_article` [ RunTime:0.000274s ]
[2021-07-18T16:06:53+08:00][sql] SHOW FULL COLUMNS FROM `carver_carouse` [ RunTime:0.000593s ]
[2021-07-18T16:06:53+08:00][sql] SELECT `carouse_img`,`carouse_desc` FROM `carver_carouse` WHERE  `is_show` = 1 ORDER BY `carouse_sort` DESC LIMIT 3 [ RunTime:0.000302s ]
[2021-07-18T16:06:53+08:00][sql] SHOW FULL COLUMNS FROM `carver_link` [ RunTime:0.000577s ]
[2021-07-18T16:06:53+08:00][sql] SELECT * FROM `carver_link` WHERE  ( is_confirm=2 ) LIMIT 20 [ RunTime:0.000285s ]
[2021-07-18T16:06:53+08:00][sql] SHOW FULL COLUMNS FROM `carver_site` [ RunTime:0.000563s ]
[2021-07-18T16:06:53+08:00][sql] SELECT * FROM `carver_site` [ RunTime:0.000278s ]
[2021-07-18T16:21:52+08:00][sql] CONNECT:[ UseTime:0.000639s ] mysql:host=127.0.0.1;port=3306;dbname=carver;charset=utf8
[2021-07-18T16:21:52+08:00][sql] SHOW FULL COLUMNS FROM `carver_article` [ RunTime:0.000947s ]
[2021-07-18T16:21:52+08:00][sql] SELECT `article_id`,`article_title`,`article_desc`,`article_content`,`article_img`,`article_guide`,`article_label`,`click_num`,`is_show`,`add_time`,`article_author` FROM `carver_article` WHERE  `article_id` = 17 LIMIT 1 [ RunTime:0.000574s ]
[2021-07-18T16:21:52+08:00][sql] SELECT `article_id`,`article_title`,`article_desc`,`article_content`,`article_img`,`article_guide`,`article_label`,`click_num`,`is_show`,`add_time`,`article_author` FROM `carver_article` WHERE  `article_id` > 17 LIMIT 1 [ RunTime:0.000418s ]
[2021-07-18T16:21:52+08:00][sql] SELECT `article_id`,`article_title`,`article_desc`,`article_content`,`article_img`,`article_guide`,`article_label`,`click_num`,`is_show`,`add_time`,`article_author` FROM `carver_article` WHERE  `article_id` < 17 ORDER BY `article_id` DESC LIMIT 1 [ RunTime:0.000355s ]
[2021-07-18T16:21:52+08:00][sql] SHOW FULL COLUMNS FROM `carver_link` [ RunTime:0.000645s ]
[2021-07-18T16:21:52+08:00][sql] SELECT * FROM `carver_link` WHERE  ( is_confirm=2 ) LIMIT 20 [ RunTime:0.000313s ]
[2021-07-18T16:21:52+08:00][sql] SELECT article_id,article_title,click_num,FROM_UNIXTIME(add_time,'%Y-%m-%d') as add_time FROM `carver_article` ORDER BY `click_num` DESC LIMIT 3 [ RunTime:0.000390s ]
[2021-07-18T16:21:52+08:00][sql] SHOW FULL COLUMNS FROM `carver_comment` [ RunTime:0.000651s ]
[2021-07-18T16:21:52+08:00][sql] SELECT `a`.*,`b`.`user_name` FROM `carver_comment` `a` INNER JOIN `carver_user` `b` ON `a`.`user_id`=`b`.`user_id` WHERE  `article_id` = 17 ORDER BY `create_time` DESC [ RunTime:0.000364s ]
[2021-07-18T16:21:52+08:00][sql] SHOW FULL COLUMNS FROM `carver_comment_to_others` [ RunTime:0.000637s ]
[2021-07-18T16:21:52+08:00][sql] SELECT * FROM `carver_comment_to_others` [ RunTime:0.000232s ]
[2021-07-18T16:21:52+08:00][sql] SHOW FULL COLUMNS FROM `carver_user` [ RunTime:0.000481s ]
[2021-07-18T16:21:52+08:00][sql] SELECT `user_name` FROM `carver_user` WHERE  `user_id` = 4 LIMIT 1 [ RunTime:0.000241s ]
[2021-07-18T16:21:52+08:00][sql] SELECT `user_name` FROM `carver_user` WHERE  `user_id` = 4 LIMIT 1 [ RunTime:0.000215s ]
[2021-07-18T16:21:52+08:00][sql] SELECT `user_name` FROM `carver_user` WHERE  `user_id` = 5 LIMIT 1 [ RunTime:0.000204s ]
[2021-07-18T16:21:52+08:00][sql] SELECT `user_name` FROM `carver_user` WHERE  `user_id` = 5 LIMIT 1 [ RunTime:0.000223s ]
[2021-07-18T16:21:52+08:00][sql] SELECT `user_name` FROM `carver_user` WHERE  `user_id` = 37 LIMIT 1 [ RunTime:0.000410s ]
[2021-07-18T16:21:52+08:00][sql] SELECT `user_name`,`user_id` FROM `carver_user` [ RunTime:0.000243s ]
[2021-07-18T16:21:52+08:00][sql] SHOW FULL COLUMNS FROM `carver_navigation` [ RunTime:0.000556s ]
[2021-07-18T16:21:52+08:00][sql] SELECT * FROM `carver_navigation` [ RunTime:0.000270s ]
[2021-07-18T16:21:52+08:00][sql] SELECT `article_label` FROM `carver_article` [ RunTime:0.000261s ]
[2021-07-18T16:36:44+08:00][sql] CONNECT:[ UseTime:0.022601s ] mysql:host=127.0.0.1;port=3306;dbname=carver;charset=utf8
[2021-07-18T16:36:44+08:00][sql] SHOW FULL COLUMNS FROM `carver_article` [ RunTime:0.002204s ]
[2021-07-18T16:36:44+08:00][sql] SELECT `article_id`,`article_title`,`article_desc`,`article_content`,`article_img`,`article_guide`,`article_label`,`click_num`,`is_show`,`add_time`,`article_author` FROM `carver_article` WHERE  `article_id` = 25 LIMIT 1 [ RunTime:0.001151s ]
[2021-07-18T16:36:44+08:00][sql] SELECT `article_id`,`article_title`,`article_desc`,`article_content`,`article_img`,`article_guide`,`article_label`,`click_num`,`is_show`,`add_time`,`article_author` FROM `carver_article` WHERE  `article_id` > 25 LIMIT 1 [ RunTime:0.001618s ]
[2021-07-18T16:36:44+08:00][sql] SELECT `article_id`,`article_title`,`article_desc`,`article_content`,`article_img`,`article_guide`,`article_label`,`click_num`,`is_show`,`add_time`,`article_author` FROM `carver_article` WHERE  `article_id` < 25 ORDER BY `article_id` DESC LIMIT 1 [ RunTime:0.000450s ]
[2021-07-18T16:36:44+08:00][sql] SHOW FULL COLUMNS FROM `carver_link` [ RunTime:0.000718s ]
[2021-07-18T16:36:44+08:00][sql] SELECT * FROM `carver_link` WHERE  ( is_confirm=2 ) LIMIT 20 [ RunTime:0.000307s ]
[2021-07-18T16:36:44+08:00][sql] SELECT article_id,article_title,click_num,FROM_UNIXTIME(add_time,'%Y-%m-%d') as add_time FROM `carver_article` ORDER BY `click_num` DESC LIMIT 3 [ RunTime:0.000426s ]
[2021-07-18T16:36:44+08:00][sql] SHOW FULL COLUMNS FROM `carver_comment` [ RunTime:0.000678s ]
[2021-07-18T16:36:44+08:00][sql] SELECT `a`.*,`b`.`user_name` FROM `carver_comment` `a` INNER JOIN `carver_user` `b` ON `a`.`user_id`=`b`.`user_id` WHERE  `article_id` = 25 ORDER BY `create_time` DESC [ RunTime:0.000377s ]
[2021-07-18T16:36:44+08:00][sql] SHOW FULL COLUMNS FROM `carver_comment_to_others` [ RunTime:0.000603s ]
[2021-07-18T16:36:44+08:00][sql] SELECT * FROM `carver_comment_to_others` [ RunTime:0.000233s ]
[2021-07-18T16:36:44+08:00][sql] SHOW FULL COLUMNS FROM `carver_user` [ RunTime:0.000523s ]
[2021-07-18T16:36:44+08:00][sql] SELECT `user_name` FROM `carver_user` WHERE  `user_id` = 4 LIMIT 1 [ RunTime:0.000240s ]
[2021-07-18T16:36:44+08:00][sql] SELECT `user_name` FROM `carver_user` WHERE  `user_id` = 4 LIMIT 1 [ RunTime:0.000471s ]
[2021-07-18T16:36:44+08:00][sql] SELECT `user_name` FROM `carver_user` WHERE  `user_id` = 5 LIMIT 1 [ RunTime:0.000213s ]
[2021-07-18T16:36:44+08:00][sql] SELECT `user_name` FROM `carver_user` WHERE  `user_id` = 5 LIMIT 1 [ RunTime:0.000224s ]
[2021-07-18T16:36:44+08:00][sql] SELECT `user_name` FROM `carver_user` WHERE  `user_id` = 37 LIMIT 1 [ RunTime:0.000287s ]
[2021-07-18T16:36:44+08:00][sql] SELECT `user_name`,`user_id` FROM `carver_user` [ RunTime:0.000277s ]
[2021-07-18T16:36:44+08:00][sql] SHOW FULL COLUMNS FROM `carver_navigation` [ RunTime:0.000645s ]
[2021-07-18T16:36:44+08:00][sql] SELECT * FROM `carver_navigation` [ RunTime:0.000255s ]
[2021-07-18T16:36:44+08:00][sql] SELECT `article_label` FROM `carver_article` [ RunTime:0.000262s ]
[2021-07-18T16:51:58+08:00][sql] CONNECT:[ UseTime:0.000571s ] mysql:host=127.0.0.1;port=3306;dbname=carver;charset=utf8
[2021-07-18T16:51:58+08:00][sql] SHOW FULL COLUMNS FROM `carver_article` [ RunTime:0.001090s ]
[2021-07-18T16:51:58+08:00][sql] SELECT COUNT(*) AS think_count FROM `carver_article` WHERE  `article_guide` = 8  AND `delete_time` = 0  AND `is_show` = 1 [ RunTime:0.000440s ]
[2021-07-18T16:51:58+08:00][sql] SELECT * FROM `carver_article` WHERE  `article_guide` = 8  AND `delete_time` = 0  AND `is_show` = 1 ORDER BY `add_time` DESC LIMIT 0,6 [ RunTime:0.000847s ]
[2021-07-18T16:51:58+08:00][sql] SELECT article_id,article_title,click_num,FROM_UNIXTIME(add_time,'%Y-%m-%d') as add_time FROM `carver_article` WHERE  `is_show` = 1  AND `delete_time` = 0 ORDER BY `click_num` DESC LIMIT 3 [ RunTime:0.000514s ]
[2021-07-18T16:51:58+08:00][sql] SHOW FULL COLUMNS FROM `carver_notice` [ RunTime:0.000760s ]
[2021-07-18T16:51:58+08:00][sql] SELECT * FROM `carver_notice` ORDER BY `create_time` DESC LIMIT 3 [ RunTime:0.000294s ]
[2021-07-18T16:51:58+08:00][sql] SHOW FULL COLUMNS FROM `carver_navigation` [ RunTime:0.000630s ]
[2021-07-18T16:51:58+08:00][sql] SELECT * FROM `carver_navigation` [ RunTime:0.000277s ]
[2021-07-18T16:51:58+08:00][sql] SELECT `article_label` FROM `carver_article` [ RunTime:0.000248s ]
[2021-07-18T16:51:58+08:00][sql] SHOW FULL COLUMNS FROM `carver_carouse` [ RunTime:0.000608s ]
[2021-07-18T16:51:58+08:00][sql] SELECT `carouse_img`,`carouse_desc` FROM `carver_carouse` WHERE  `is_show` = 1 ORDER BY `carouse_sort` DESC LIMIT 3 [ RunTime:0.000320s ]
[2021-07-18T16:51:58+08:00][sql] SHOW FULL COLUMNS FROM `carver_link` [ RunTime:0.000566s ]
[2021-07-18T16:51:58+08:00][sql] SELECT * FROM `carver_link` WHERE  ( is_confirm=2 ) LIMIT 20 [ RunTime:0.000292s ]
[2021-07-18T16:51:58+08:00][sql] SHOW FULL COLUMNS FROM `carver_site` [ RunTime:0.000571s ]
[2021-07-18T16:51:58+08:00][sql] SELECT * FROM `carver_site` [ RunTime:0.000270s ]
[2021-07-18T17:06:43+08:00][sql] CONNECT:[ UseTime:0.000671s ] mysql:host=127.0.0.1;port=3306;dbname=carver;charset=utf8
[2021-07-18T17:06:43+08:00][sql] SHOW FULL COLUMNS FROM `carver_article` [ RunTime:0.000904s ]
[2021-07-18T17:06:43+08:00][sql] SELECT COUNT(*) AS think_count FROM `carver_article` WHERE  `article_label` LIKE '%swoole%'  AND `delete_time` = 0  AND `is_show` = 1 [ RunTime:0.000396s ]
[2021-07-18T17:06:43+08:00][sql] SELECT * FROM `carver_article` WHERE  `article_label` LIKE '%swoole%'  AND `delete_time` = 0  AND `is_show` = 1 LIMIT 0,6 [ RunTime:0.001252s ]
[2021-07-18T17:06:43+08:00][sql] SELECT article_id,article_title,click_num,FROM_UNIXTIME(add_time,'%Y-%m-%d') as add_time FROM `carver_article` WHERE  `is_show` = 1  AND `delete_time` = 0 ORDER BY `click_num` DESC LIMIT 3 [ RunTime:0.000405s ]
[2021-07-18T17:06:43+08:00][sql] SHOW FULL COLUMNS FROM `carver_notice` [ RunTime:0.000645s ]
[2021-07-18T17:06:43+08:00][sql] SELECT * FROM `carver_notice` ORDER BY `create_time` DESC LIMIT 3 [ RunTime:0.000261s ]
[2021-07-18T17:06:43+08:00][sql] SHOW FULL COLUMNS FROM `carver_navigation` [ RunTime:0.000550s ]
[2021-07-18T17:06:43+08:00][sql] SELECT * FROM `carver_navigation` [ RunTime:0.000252s ]
[2021-07-18T17:06:43+08:00][sql] SHOW FULL COLUMNS FROM `carver_link` [ RunTime:0.000543s ]
[2021-07-18T17:06:43+08:00][sql] SELECT * FROM `carver_link` WHERE  ( is_confirm=2 ) LIMIT 20 [ RunTime:0.000294s ]
[2021-07-18T17:06:43+08:00][sql] SELECT `article_label` FROM `carver_article` [ RunTime:0.000305s ]
[2021-07-18T17:06:43+08:00][sql] SHOW FULL COLUMNS FROM `carver_carouse` [ RunTime:0.000516s ]
[2021-07-18T17:06:43+08:00][sql] SELECT `carouse_img`,`carouse_desc` FROM `carver_carouse` WHERE  `is_show` = 1 ORDER BY `carouse_sort` DESC LIMIT 3 [ RunTime:0.000264s ]
[2021-07-18T17:06:43+08:00][sql] SHOW FULL COLUMNS FROM `carver_site` [ RunTime:0.000515s ]
[2021-07-18T17:06:43+08:00][sql] SELECT * FROM `carver_site` [ RunTime:0.000260s ]
[2021-07-18T17:21:44+08:00][sql] CONNECT:[ UseTime:0.000654s ] mysql:host=127.0.0.1;port=3306;dbname=carver;charset=utf8
[2021-07-18T17:21:44+08:00][sql] SHOW FULL COLUMNS FROM `carver_article` [ RunTime:0.001024s ]
[2021-07-18T17:21:44+08:00][sql] SELECT COUNT(*) AS think_count FROM `carver_article` WHERE  `article_label` LIKE '%swoole%'  AND `delete_time` = 0  AND `is_show` = 1 [ RunTime:0.000516s ]
[2021-07-18T17:21:44+08:00][sql] SELECT * FROM `carver_article` WHERE  `article_label` LIKE '%swoole%'  AND `delete_time` = 0  AND `is_show` = 1 LIMIT 0,6 [ RunTime:0.001366s ]
[2021-07-18T17:21:44+08:00][sql] SELECT article_id,article_title,click_num,FROM_UNIXTIME(add_time,'%Y-%m-%d') as add_time FROM `carver_article` WHERE  `is_show` = 1  AND `delete_time` = 0 ORDER BY `click_num` DESC LIMIT 3 [ RunTime:0.000593s ]
[2021-07-18T17:21:44+08:00][sql] SHOW FULL COLUMNS FROM `carver_notice` [ RunTime:0.000776s ]
[2021-07-18T17:21:44+08:00][sql] SELECT * FROM `carver_notice` ORDER BY `create_time` DESC LIMIT 3 [ RunTime:0.000337s ]
[2021-07-18T17:21:44+08:00][sql] SHOW FULL COLUMNS FROM `carver_navigation` [ RunTime:0.000713s ]
[2021-07-18T17:21:44+08:00][sql] SELECT * FROM `carver_navigation` [ RunTime:0.000261s ]
[2021-07-18T17:21:44+08:00][sql] SHOW FULL COLUMNS FROM `carver_link` [ RunTime:0.000627s ]
[2021-07-18T17:21:44+08:00][sql] SELECT * FROM `carver_link` WHERE  ( is_confirm=2 ) LIMIT 20 [ RunTime:0.000322s ]
[2021-07-18T17:21:44+08:00][sql] SELECT `article_label` FROM `carver_article` [ RunTime:0.000291s ]
[2021-07-18T17:21:44+08:00][sql] SHOW FULL COLUMNS FROM `carver_carouse` [ RunTime:0.000568s ]
[2021-07-18T17:21:44+08:00][sql] SELECT `carouse_img`,`carouse_desc` FROM `carver_carouse` WHERE  `is_show` = 1 ORDER BY `carouse_sort` DESC LIMIT 3 [ RunTime:0.000335s ]
[2021-07-18T17:21:44+08:00][sql] SHOW FULL COLUMNS FROM `carver_site` [ RunTime:0.000620s ]
[2021-07-18T17:21:44+08:00][sql] SELECT * FROM `carver_site` [ RunTime:0.000327s ]
[2021-07-18T17:38:04+08:00][sql] CONNECT:[ UseTime:0.000677s ] mysql:host=127.0.0.1;port=3306;dbname=carver;charset=utf8
[2021-07-18T17:38:04+08:00][sql] SHOW FULL COLUMNS FROM `carver_user` [ RunTime:0.000885s ]
[2021-07-18T17:38:04+08:00][sql] SHOW FULL COLUMNS FROM `carver_article` [ RunTime:0.000767s ]
[2021-07-18T17:38:04+08:00][sql] SELECT COUNT(*) AS think_count FROM `carver_article` WHERE  `delete_time` = 0  AND `is_show` = 1 [ RunTime:0.000471s ]
[2021-07-18T17:38:04+08:00][sql] SELECT `article_id`,`article_title`,`article_desc`,`article_content`,`article_img`,`article_guide`,`article_label`,`click_num`,`is_show`,`add_time`,`article_author`,`is_top_show` FROM `carver_article` WHERE  `delete_time` = 0  AND `is_show` = 1 ORDER BY `article_id` DESC LIMIT 0,6 [ RunTime:0.000822s ]
[2021-07-18T17:38:04+08:00][sql] SELECT article_id,article_title,click_num,FROM_UNIXTIME(add_time,'%Y-%m-%d') as add_time FROM `carver_article` WHERE  `is_show` = 1  AND `delete_time` = 0 ORDER BY `click_num` DESC LIMIT 3 [ RunTime:0.000540s ]
[2021-07-18T17:38:04+08:00][sql] SHOW FULL COLUMNS FROM `carver_notice` [ RunTime:0.000623s ]
[2021-07-18T17:38:04+08:00][sql] SELECT * FROM `carver_notice` ORDER BY `create_time` DESC LIMIT 3 [ RunTime:0.000303s ]
[2021-07-18T17:38:04+08:00][sql] SHOW FULL COLUMNS FROM `carver_navigation` [ RunTime:0.000548s ]
[2021-07-18T17:38:04+08:00][sql] SELECT * FROM `carver_navigation` [ RunTime:0.000246s ]
[2021-07-18T17:38:04+08:00][sql] SHOW FULL COLUMNS FROM `carver_link` [ RunTime:0.000534s ]
[2021-07-18T17:38:04+08:00][sql] SELECT * FROM `carver_link` WHERE  ( is_confirm=2 ) LIMIT 20 [ RunTime:0.000287s ]
[2021-07-18T17:38:04+08:00][sql] SELECT `article_label` FROM `carver_article` [ RunTime:0.000274s ]
[2021-07-18T17:38:04+08:00][sql] SHOW FULL COLUMNS FROM `carver_carouse` [ RunTime:0.000514s ]
[2021-07-18T17:38:04+08:00][sql] SELECT `carouse_img`,`carouse_desc` FROM `carver_carouse` WHERE  `is_show` = 1 ORDER BY `carouse_sort` DESC LIMIT 3 [ RunTime:0.000304s ]
[2021-07-18T17:38:04+08:00][sql] SHOW FULL COLUMNS FROM `carver_site` [ RunTime:0.000510s ]
[2021-07-18T17:38:04+08:00][sql] SELECT * FROM `carver_site` [ RunTime:0.000240s ]
[2021-07-18T17:51:59+08:00][sql] CONNECT:[ UseTime:0.000730s ] mysql:host=127.0.0.1;port=3306;dbname=carver;charset=utf8
[2021-07-18T17:51:59+08:00][sql] SHOW FULL COLUMNS FROM `carver_article` [ RunTime:0.000950s ]
[2021-07-18T17:51:59+08:00][sql] SELECT `article_id`,`article_title`,`article_desc`,`article_content`,`article_img`,`article_guide`,`article_label`,`click_num`,`is_show`,`add_time`,`article_author` FROM `carver_article` WHERE  `article_id` = 22 LIMIT 1 [ RunTime:0.000552s ]
[2021-07-18T17:51:59+08:00][sql] SELECT `article_id`,`article_title`,`article_desc`,`article_content`,`article_img`,`article_guide`,`article_label`,`click_num`,`is_show`,`add_time`,`article_author` FROM `carver_article` WHERE  `article_id` > 22 LIMIT 1 [ RunTime:0.000375s ]
[2021-07-18T17:51:59+08:00][sql] SELECT `article_id`,`article_title`,`article_desc`,`article_content`,`article_img`,`article_guide`,`article_label`,`click_num`,`is_show`,`add_time`,`article_author` FROM `carver_article` WHERE  `article_id` < 22 ORDER BY `article_id` DESC LIMIT 1 [ RunTime:0.000384s ]
[2021-07-18T17:51:59+08:00][sql] SHOW FULL COLUMNS FROM `carver_link` [ RunTime:0.000606s ]
[2021-07-18T17:51:59+08:00][sql] SELECT * FROM `carver_link` WHERE  ( is_confirm=2 ) LIMIT 20 [ RunTime:0.000289s ]
[2021-07-18T17:51:59+08:00][sql] SELECT article_id,article_title,click_num,FROM_UNIXTIME(add_time,'%Y-%m-%d') as add_time FROM `carver_article` ORDER BY `click_num` DESC LIMIT 3 [ RunTime:0.000334s ]
[2021-07-18T17:51:59+08:00][sql] SHOW FULL COLUMNS FROM `carver_comment` [ RunTime:0.000550s ]
[2021-07-18T17:51:59+08:00][sql] SELECT `a`.*,`b`.`user_name` FROM `carver_comment` `a` INNER JOIN `carver_user` `b` ON `a`.`user_id`=`b`.`user_id` WHERE  `article_id` = 22 ORDER BY `create_time` DESC [ RunTime:0.000346s ]
[2021-07-18T17:51:59+08:00][sql] SHOW FULL COLUMNS FROM `carver_comment_to_others` [ RunTime:0.000513s ]
[2021-07-18T17:51:59+08:00][sql] SELECT * FROM `carver_comment_to_others` [ RunTime:0.000246s ]
[2021-07-18T17:51:59+08:00][sql] SHOW FULL COLUMNS FROM `carver_user` [ RunTime:0.000493s ]
[2021-07-18T17:51:59+08:00][sql] SELECT `user_name` FROM `carver_user` WHERE  `user_id` = 4 LIMIT 1 [ RunTime:0.000235s ]
[2021-07-18T17:51:59+08:00][sql] SELECT `user_name` FROM `carver_user` WHERE  `user_id` = 4 LIMIT 1 [ RunTime:0.000209s ]
[2021-07-18T17:51:59+08:00][sql] SELECT `user_name` FROM `carver_user` WHERE  `user_id` = 5 LIMIT 1 [ RunTime:0.000208s ]
[2021-07-18T17:51:59+08:00][sql] SELECT `user_name` FROM `carver_user` WHERE  `user_id` = 5 LIMIT 1 [ RunTime:0.000216s ]
[2021-07-18T17:51:59+08:00][sql] SELECT `user_name` FROM `carver_user` WHERE  `user_id` = 37 LIMIT 1 [ RunTime:0.000229s ]
[2021-07-18T17:51:59+08:00][sql] SELECT `user_name`,`user_id` FROM `carver_user` [ RunTime:0.000241s ]
[2021-07-18T17:51:59+08:00][sql] SHOW FULL COLUMNS FROM `carver_navigation` [ RunTime:0.000531s ]
[2021-07-18T17:51:59+08:00][sql] SELECT * FROM `carver_navigation` [ RunTime:0.000233s ]
[2021-07-18T17:51:59+08:00][sql] SELECT `article_label` FROM `carver_article` [ RunTime:0.000251s ]
[2021-07-18T17:58:15+08:00][sql] CONNECT:[ UseTime:0.000644s ] mysql:host=127.0.0.1;port=3306;dbname=carver;charset=utf8
[2021-07-18T17:58:15+08:00][sql] SHOW FULL COLUMNS FROM `carver_user` [ RunTime:0.000964s ]
[2021-07-18T17:58:15+08:00][sql] SHOW FULL COLUMNS FROM `carver_article` [ RunTime:0.000827s ]
[2021-07-18T17:58:15+08:00][sql] SELECT COUNT(*) AS think_count FROM `carver_article` WHERE  `delete_time` = 0  AND `is_show` = 1 [ RunTime:0.000410s ]
[2021-07-18T17:58:15+08:00][sql] SELECT `article_id`,`article_title`,`article_desc`,`article_content`,`article_img`,`article_guide`,`article_label`,`click_num`,`is_show`,`add_time`,`article_author`,`is_top_show` FROM `carver_article` WHERE  `delete_time` = 0  AND `is_show` = 1 ORDER BY `article_id` DESC LIMIT 24,6 [ RunTime:0.001104s ]
[2021-07-18T17:58:15+08:00][sql] SELECT article_id,article_title,click_num,FROM_UNIXTIME(add_time,'%Y-%m-%d') as add_time FROM `carver_article` WHERE  `is_show` = 1  AND `delete_time` = 0 ORDER BY `click_num` DESC LIMIT 3 [ RunTime:0.000507s ]
[2021-07-18T17:58:15+08:00][sql] SHOW FULL COLUMNS FROM `carver_notice` [ RunTime:0.000809s ]
[2021-07-18T17:58:15+08:00][sql] SELECT * FROM `carver_notice` ORDER BY `create_time` DESC LIMIT 3 [ RunTime:0.000315s ]
[2021-07-18T17:58:15+08:00][sql] SHOW FULL COLUMNS FROM `carver_navigation` [ RunTime:0.000612s ]
[2021-07-18T17:58:15+08:00][sql] SELECT * FROM `carver_navigation` [ RunTime:0.000263s ]
[2021-07-18T17:58:15+08:00][sql] SHOW FULL COLUMNS FROM `carver_link` [ RunTime:0.000575s ]
[2021-07-18T17:58:15+08:00][sql] SELECT * FROM `carver_link` WHERE  ( is_confirm=2 ) LIMIT 20 [ RunTime:0.000318s ]
[2021-07-18T17:58:15+08:00][sql] SELECT `article_label` FROM `carver_article` [ RunTime:0.000266s ]
[2021-07-18T17:58:15+08:00][sql] SHOW FULL COLUMNS FROM `carver_carouse` [ RunTime:0.000629s ]
[2021-07-18T17:58:15+08:00][sql] SELECT `carouse_img`,`carouse_desc` FROM `carver_carouse` WHERE  `is_show` = 1 ORDER BY `carouse_sort` DESC LIMIT 3 [ RunTime:0.000318s ]
[2021-07-18T17:58:15+08:00][sql] SHOW FULL COLUMNS FROM `carver_site` [ RunTime:0.000583s ]
[2021-07-18T17:58:15+08:00][sql] SELECT * FROM `carver_site` [ RunTime:0.000285s ]
[2021-07-18T18:21:44+08:00][sql] CONNECT:[ UseTime:0.000576s ] mysql:host=127.0.0.1;port=3306;dbname=carver;charset=utf8
[2021-07-18T18:21:44+08:00][sql] SHOW FULL COLUMNS FROM `carver_article` [ RunTime:0.000986s ]
[2021-07-18T18:21:44+08:00][sql] SELECT COUNT(*) AS think_count FROM `carver_article` WHERE  `article_label` LIKE '%js%'  AND `delete_time` = 0  AND `is_show` = 1 [ RunTime:0.000425s ]
[2021-07-18T18:21:44+08:00][sql] SELECT * FROM `carver_article` WHERE  `article_label` LIKE '%js%'  AND `delete_time` = 0  AND `is_show` = 1 LIMIT 0,6 [ RunTime:0.000965s ]
[2021-07-18T18:21:44+08:00][sql] SELECT article_id,article_title,click_num,FROM_UNIXTIME(add_time,'%Y-%m-%d') as add_time FROM `carver_article` WHERE  `is_show` = 1  AND `delete_time` = 0 ORDER BY `click_num` DESC LIMIT 3 [ RunTime:0.000547s ]
[2021-07-18T18:21:44+08:00][sql] SHOW FULL COLUMNS FROM `carver_notice` [ RunTime:0.000837s ]
[2021-07-18T18:21:44+08:00][sql] SELECT * FROM `carver_notice` ORDER BY `create_time` DESC LIMIT 3 [ RunTime:0.000344s ]
[2021-07-18T18:21:44+08:00][sql] SHOW FULL COLUMNS FROM `carver_navigation` [ RunTime:0.000687s ]
[2021-07-18T18:21:44+08:00][sql] SELECT * FROM `carver_navigation` [ RunTime:0.000283s ]
[2021-07-18T18:21:44+08:00][sql] SHOW FULL COLUMNS FROM `carver_link` [ RunTime:0.000809s ]
[2021-07-18T18:21:44+08:00][sql] SELECT * FROM `carver_link` WHERE  ( is_confirm=2 ) LIMIT 20 [ RunTime:0.000370s ]
[2021-07-18T18:21:44+08:00][sql] SELECT `article_label` FROM `carver_article` [ RunTime:0.000328s ]
[2021-07-18T18:21:44+08:00][sql] SHOW FULL COLUMNS FROM `carver_carouse` [ RunTime:0.000669s ]
[2021-07-18T18:21:44+08:00][sql] SELECT `carouse_img`,`carouse_desc` FROM `carver_carouse` WHERE  `is_show` = 1 ORDER BY `carouse_sort` DESC LIMIT 3 [ RunTime:0.000333s ]
[2021-07-18T18:21:44+08:00][sql] SHOW FULL COLUMNS FROM `carver_site` [ RunTime:0.000628s ]
[2021-07-18T18:21:44+08:00][sql] SELECT * FROM `carver_site` [ RunTime:0.000294s ]
[2021-07-18T18:51:43+08:00][sql] CONNECT:[ UseTime:0.000585s ] mysql:host=127.0.0.1;port=3306;dbname=carver;charset=utf8
[2021-07-18T18:51:43+08:00][sql] SHOW FULL COLUMNS FROM `carver_article` [ RunTime:0.000948s ]
[2021-07-18T18:51:43+08:00][sql] SELECT `article_id`,`article_title`,`article_desc`,`article_content`,`article_img`,`article_guide`,`article_label`,`click_num`,`is_show`,`add_time`,`article_author` FROM `carver_article` WHERE  `article_id` = 18 LIMIT 1 [ RunTime:0.000528s ]
[2021-07-18T18:51:43+08:00][sql] SELECT `article_id`,`article_title`,`article_desc`,`article_content`,`article_img`,`article_guide`,`article_label`,`click_num`,`is_show`,`add_time`,`article_author` FROM `carver_article` WHERE  `article_id` > 18 LIMIT 1 [ RunTime:0.003110s ]
[2021-07-18T18:51:43+08:00][sql] SELECT `article_id`,`article_title`,`article_desc`,`article_content`,`article_img`,`article_guide`,`article_label`,`click_num`,`is_show`,`add_time`,`article_author` FROM `carver_article` WHERE  `article_id` < 18 ORDER BY `article_id` DESC LIMIT 1 [ RunTime:0.000470s ]
[2021-07-18T18:51:43+08:00][sql] SHOW FULL COLUMNS FROM `carver_link` [ RunTime:0.000682s ]
[2021-07-18T18:51:43+08:00][sql] SELECT * FROM `carver_link` WHERE  ( is_confirm=2 ) LIMIT 20 [ RunTime:0.000316s ]
[2021-07-18T18:51:43+08:00][sql] SELECT article_id,article_title,click_num,FROM_UNIXTIME(add_time,'%Y-%m-%d') as add_time FROM `carver_article` ORDER BY `click_num` DESC LIMIT 3 [ RunTime:0.000350s ]
[2021-07-18T18:51:43+08:00][sql] SHOW FULL COLUMNS FROM `carver_comment` [ RunTime:0.000604s ]
[2021-07-18T18:51:43+08:00][sql] SELECT `a`.*,`b`.`user_name` FROM `carver_comment` `a` INNER JOIN `carver_user` `b` ON `a`.`user_id`=`b`.`user_id` WHERE  `article_id` = 18 ORDER BY `create_time` DESC [ RunTime:0.000345s ]
[2021-07-18T18:51:43+08:00][sql] SHOW FULL COLUMNS FROM `carver_comment_to_others` [ RunTime:0.000537s ]
[2021-07-18T18:51:43+08:00][sql] SELECT * FROM `carver_comment_to_others` [ RunTime:0.000274s ]
[2021-07-18T18:51:43+08:00][sql] SHOW FULL COLUMNS FROM `carver_user` [ RunTime:0.000534s ]
[2021-07-18T18:51:43+08:00][sql] SELECT `user_name` FROM `carver_user` WHERE  `user_id` = 4 LIMIT 1 [ RunTime:0.000243s ]
[2021-07-18T18:51:43+08:00][sql] SELECT `user_name` FROM `carver_user` WHERE  `user_id` = 4 LIMIT 1 [ RunTime:0.000209s ]
[2021-07-18T18:51:43+08:00][sql] SELECT `user_name` FROM `carver_user` WHERE  `user_id` = 5 LIMIT 1 [ RunTime:0.000255s ]
[2021-07-18T18:51:43+08:00][sql] SELECT `user_name` FROM `carver_user` WHERE  `user_id` = 5 LIMIT 1 [ RunTime:0.000230s ]
[2021-07-18T18:51:43+08:00][sql] SELECT `user_name` FROM `carver_user` WHERE  `user_id` = 37 LIMIT 1 [ RunTime:0.000211s ]
[2021-07-18T18:51:43+08:00][sql] SELECT `user_name`,`user_id` FROM `carver_user` [ RunTime:0.000307s ]
[2021-07-18T18:51:43+08:00][sql] SHOW FULL COLUMNS FROM `carver_navigation` [ RunTime:0.000742s ]
[2021-07-18T18:51:43+08:00][sql] SELECT * FROM `carver_navigation` [ RunTime:0.000277s ]
[2021-07-18T18:51:43+08:00][sql] SELECT `article_label` FROM `carver_article` [ RunTime:0.000272s ]
[2021-07-18T20:15:28+08:00][sql] CONNECT:[ UseTime:0.000530s ] mysql:host=127.0.0.1;port=3306;dbname=carver;charset=utf8
[2021-07-18T20:15:28+08:00][sql] SHOW FULL COLUMNS FROM `carver_article` [ RunTime:0.000962s ]
[2021-07-18T20:15:28+08:00][sql] SELECT `article_id`,`article_title`,`article_desc`,`article_content`,`article_img`,`article_guide`,`article_label`,`click_num`,`is_show`,`add_time`,`article_author` FROM `carver_article` WHERE  `article_id` = 25'A=0 LIMIT 1 [ RunTime:0.000433s ]
[2021-07-18T20:15:28+08:00][sql] SELECT `article_id`,`article_title`,`article_desc`,`article_content`,`article_img`,`article_guide`,`article_label`,`click_num`,`is_show`,`add_time`,`article_author` FROM `carver_article` WHERE  `article_id` > 25'A=0 LIMIT 1 [ RunTime:0.000520s ]
[2021-07-18T20:15:28+08:00][sql] SELECT `article_id`,`article_title`,`article_desc`,`article_content`,`article_img`,`article_guide`,`article_label`,`click_num`,`is_show`,`add_time`,`article_author` FROM `carver_article` WHERE  `article_id` < 25'A=0 ORDER BY `article_id` DESC LIMIT 1 [ RunTime:0.000429s ]
[2021-07-18T20:15:28+08:00][sql] SHOW FULL COLUMNS FROM `carver_link` [ RunTime:0.000633s ]
[2021-07-18T20:15:28+08:00][sql] SELECT * FROM `carver_link` WHERE  ( is_confirm=2 ) LIMIT 20 [ RunTime:0.000344s ]
[2021-07-18T20:15:28+08:00][sql] SELECT article_id,article_title,click_num,FROM_UNIXTIME(add_time,'%Y-%m-%d') as add_time FROM `carver_article` ORDER BY `click_num` DESC LIMIT 3 [ RunTime:0.000420s ]
[2021-07-18T20:15:28+08:00][sql] SHOW FULL COLUMNS FROM `carver_comment` [ RunTime:0.000601s ]
[2021-07-18T20:15:28+08:00][sql] SELECT `a`.*,`b`.`user_name` FROM `carver_comment` `a` INNER JOIN `carver_user` `b` ON `a`.`user_id`=`b`.`user_id` WHERE  `article_id` = 25'A=0 ORDER BY `create_time` DESC [ RunTime:0.000354s ]
[2021-07-18T20:15:28+08:00][sql] SHOW FULL COLUMNS FROM `carver_comment_to_others` [ RunTime:0.000568s ]
[2021-07-18T20:15:28+08:00][sql] SELECT * FROM `carver_comment_to_others` [ RunTime:0.000272s ]
[2021-07-18T20:15:28+08:00][sql] SHOW FULL COLUMNS FROM `carver_user` [ RunTime:0.000482s ]
[2021-07-18T20:15:28+08:00][sql] SELECT `user_name` FROM `carver_user` WHERE  `user_id` = 4 LIMIT 1 [ RunTime:0.000239s ]
[2021-07-18T20:15:28+08:00][sql] SELECT `user_name` FROM `carver_user` WHERE  `user_id` = 4 LIMIT 1 [ RunTime:0.000257s ]
[2021-07-18T20:15:28+08:00][sql] SELECT `user_name` FROM `carver_user` WHERE  `user_id` = 5 LIMIT 1 [ RunTime:0.000214s ]
[2021-07-18T20:15:28+08:00][sql] SELECT `user_name` FROM `carver_user` WHERE  `user_id` = 5 LIMIT 1 [ RunTime:0.000219s ]
[2021-07-18T20:15:28+08:00][sql] SELECT `user_name` FROM `carver_user` WHERE  `user_id` = 37 LIMIT 1 [ RunTime:0.000215s ]
[2021-07-18T20:15:28+08:00][sql] SELECT `user_name`,`user_id` FROM `carver_user` [ RunTime:0.000240s ]
[2021-07-18T20:15:28+08:00][sql] SHOW FULL COLUMNS FROM `carver_navigation` [ RunTime:0.000573s ]
[2021-07-18T20:15:28+08:00][sql] SELECT * FROM `carver_navigation` [ RunTime:0.000245s ]
[2021-07-18T20:15:28+08:00][sql] SELECT `article_label` FROM `carver_article` [ RunTime:0.000264s ]
