[2021-07-21T00:16:02+08:00][sql] CONNECT:[ UseTime:0.000573s ] mysql:host=127.0.0.1;port=3306;dbname=carver;charset=utf8
[2021-07-21T00:16:02+08:00][sql] SHOW FULL COLUMNS FROM `carver_article` [ RunTime:0.000949s ]
[2021-07-21T00:16:02+08:00][sql] SELECT `article_id`,`article_title`,`article_desc`,`article_content`,`article_img`,`article_guide`,`article_label`,`click_num`,`is_show`,`add_time`,`article_author` FROM `carver_article` WHERE  `article_id` = 22 LIMIT 1 [ RunTime:0.000578s ]
[2021-07-21T00:16:02+08:00][sql] SELECT `article_id`,`article_title`,`article_desc`,`article_content`,`article_img`,`article_guide`,`article_label`,`click_num`,`is_show`,`add_time`,`article_author` FROM `carver_article` WHERE  `article_id` > 22 LIMIT 1 [ RunTime:0.000383s ]
[2021-07-21T00:16:02+08:00][sql] SELECT `article_id`,`article_title`,`article_desc`,`article_content`,`article_img`,`article_guide`,`article_label`,`click_num`,`is_show`,`add_time`,`article_author` FROM `carver_article` WHERE  `article_id` < 22 ORDER BY `article_id` DESC LIMIT 1 [ RunTime:0.000379s ]
[2021-07-21T00:16:02+08:00][sql] SHOW FULL COLUMNS FROM `carver_link` [ RunTime:0.000592s ]
[2021-07-21T00:16:02+08:00][sql] SELECT * FROM `carver_link` WHERE  ( is_confirm=2 ) LIMIT 20 [ RunTime:0.000300s ]
[2021-07-21T00:16:02+08:00][sql] SELECT article_id,article_title,click_num,FROM_UNIXTIME(add_time,'%Y-%m-%d') as add_time FROM `carver_article` ORDER BY `click_num` DESC LIMIT 3 [ RunTime:0.000370s ]
[2021-07-21T00:16:02+08:00][sql] SHOW FULL COLUMNS FROM `carver_comment` [ RunTime:0.000636s ]
[2021-07-21T00:16:02+08:00][sql] SELECT `a`.*,`b`.`user_name` FROM `carver_comment` `a` INNER JOIN `carver_user` `b` ON `a`.`user_id`=`b`.`user_id` WHERE  `article_id` = 22 ORDER BY `create_time` DESC [ RunTime:0.000350s ]
[2021-07-21T00:16:02+08:00][sql] SHOW FULL COLUMNS FROM `carver_comment_to_others` [ RunTime:0.000569s ]
[2021-07-21T00:16:02+08:00][sql] SELECT * FROM `carver_comment_to_others` [ RunTime:0.000237s ]
[2021-07-21T00:16:02+08:00][sql] SHOW FULL COLUMNS FROM `carver_user` [ RunTime:0.000504s ]
[2021-07-21T00:16:02+08:00][sql] SELECT `user_name` FROM `carver_user` WHERE  `user_id` = 4 LIMIT 1 [ RunTime:0.000235s ]
[2021-07-21T00:16:02+08:00][sql] SELECT `user_name` FROM `carver_user` WHERE  `user_id` = 4 LIMIT 1 [ RunTime:0.000241s ]
[2021-07-21T00:16:02+08:00][sql] SELECT `user_name` FROM `carver_user` WHERE  `user_id` = 5 LIMIT 1 [ RunTime:0.000220s ]
[2021-07-21T00:16:02+08:00][sql] SELECT `user_name` FROM `carver_user` WHERE  `user_id` = 5 LIMIT 1 [ RunTime:0.000206s ]
[2021-07-21T00:16:02+08:00][sql] SELECT `user_name` FROM `carver_user` WHERE  `user_id` = 37 LIMIT 1 [ RunTime:0.000256s ]
[2021-07-21T00:16:02+08:00][sql] SELECT `user_name`,`user_id` FROM `carver_user` [ RunTime:0.000264s ]
[2021-07-21T00:16:02+08:00][sql] SHOW FULL COLUMNS FROM `carver_navigation` [ RunTime:0.000548s ]
[2021-07-21T00:16:02+08:00][sql] SELECT * FROM `carver_navigation` [ RunTime:0.000234s ]
[2021-07-21T00:16:02+08:00][sql] SELECT `article_label` FROM `carver_article` [ RunTime:0.000286s ]
[2021-07-21T01:45:49+08:00][sql] CONNECT:[ UseTime:0.000516s ] mysql:host=127.0.0.1;port=3306;dbname=carver;charset=utf8
[2021-07-21T01:45:49+08:00][sql] SHOW FULL COLUMNS FROM `carver_article` [ RunTime:0.000937s ]
[2021-07-21T01:45:49+08:00][sql] SELECT COUNT(*) AS think_count FROM `carver_article` WHERE  `article_label` LIKE '%git%'  AND `delete_time` = 0  AND `is_show` = 1 [ RunTime:0.000440s ]
[2021-07-21T01:45:49+08:00][sql] SELECT * FROM `carver_article` WHERE  `article_label` LIKE '%git%'  AND `delete_time` = 0  AND `is_show` = 1 LIMIT 0,6 [ RunTime:0.000987s ]
[2021-07-21T01:45:49+08:00][sql] SELECT article_id,article_title,click_num,FROM_UNIXTIME(add_time,'%Y-%m-%d') as add_time FROM `carver_article` WHERE  `is_show` = 1  AND `delete_time` = 0 ORDER BY `click_num` DESC LIMIT 3 [ RunTime:0.000516s ]
[2021-07-21T01:45:49+08:00][sql] SHOW FULL COLUMNS FROM `carver_notice` [ RunTime:0.000746s ]
[2021-07-21T01:45:49+08:00][sql] SELECT * FROM `carver_notice` ORDER BY `create_time` DESC LIMIT 3 [ RunTime:0.000308s ]
[2021-07-21T01:45:49+08:00][sql] SHOW FULL COLUMNS FROM `carver_navigation` [ RunTime:0.000613s ]
[2021-07-21T01:45:49+08:00][sql] SELECT * FROM `carver_navigation` [ RunTime:0.000255s ]
[2021-07-21T01:45:49+08:00][sql] SHOW FULL COLUMNS FROM `carver_link` [ RunTime:0.000617s ]
[2021-07-21T01:45:49+08:00][sql] SELECT * FROM `carver_link` WHERE  ( is_confirm=2 ) LIMIT 20 [ RunTime:0.000288s ]
[2021-07-21T01:45:49+08:00][sql] SELECT `article_label` FROM `carver_article` [ RunTime:0.000252s ]
[2021-07-21T01:45:49+08:00][sql] SHOW FULL COLUMNS FROM `carver_carouse` [ RunTime:0.000639s ]
[2021-07-21T01:45:49+08:00][sql] SELECT `carouse_img`,`carouse_desc` FROM `carver_carouse` WHERE  `is_show` = 1 ORDER BY `carouse_sort` DESC LIMIT 3 [ RunTime:0.000341s ]
[2021-07-21T01:45:49+08:00][sql] SHOW FULL COLUMNS FROM `carver_site` [ RunTime:0.000525s ]
[2021-07-21T01:45:49+08:00][sql] SELECT * FROM `carver_site` [ RunTime:0.000291s ]
[2021-07-21T01:50:14+08:00][sql] CONNECT:[ UseTime:0.000560s ] mysql:host=127.0.0.1;port=3306;dbname=carver;charset=utf8
[2021-07-21T01:50:14+08:00][sql] SHOW FULL COLUMNS FROM `carver_article` [ RunTime:0.001051s ]
[2021-07-21T01:50:14+08:00][sql] SELECT `article_id`,`article_title`,`article_desc`,`article_content`,`article_img`,`article_guide`,`article_label`,`click_num`,`is_show`,`add_time`,`article_author` FROM `carver_article` WHERE  `article_id` = 2 LIMIT 1 [ RunTime:0.000475s ]
[2021-07-21T01:50:14+08:00][sql] SELECT `article_id`,`article_title`,`article_desc`,`article_content`,`article_img`,`article_guide`,`article_label`,`click_num`,`is_show`,`add_time`,`article_author` FROM `carver_article` WHERE  `article_id` > 2 LIMIT 1 [ RunTime:0.000747s ]
[2021-07-21T01:50:14+08:00][sql] SELECT `article_id`,`article_title`,`article_desc`,`article_content`,`article_img`,`article_guide`,`article_label`,`click_num`,`is_show`,`add_time`,`article_author` FROM `carver_article` WHERE  `article_id` < 2 ORDER BY `article_id` DESC LIMIT 1 [ RunTime:0.000419s ]
[2021-07-21T01:50:14+08:00][sql] SHOW FULL COLUMNS FROM `carver_link` [ RunTime:0.000835s ]
[2021-07-21T01:50:14+08:00][sql] SELECT * FROM `carver_link` WHERE  ( is_confirm=2 ) LIMIT 20 [ RunTime:0.000385s ]
[2021-07-21T01:50:14+08:00][sql] SELECT article_id,article_title,click_num,FROM_UNIXTIME(add_time,'%Y-%m-%d') as add_time FROM `carver_article` ORDER BY `click_num` DESC LIMIT 3 [ RunTime:0.000427s ]
[2021-07-21T01:50:14+08:00][sql] SHOW FULL COLUMNS FROM `carver_comment` [ RunTime:0.000702s ]
[2021-07-21T01:50:14+08:00][sql] SELECT `a`.*,`b`.`user_name` FROM `carver_comment` `a` INNER JOIN `carver_user` `b` ON `a`.`user_id`=`b`.`user_id` WHERE  `article_id` = 2 ORDER BY `create_time` DESC [ RunTime:0.000397s ]
[2021-07-21T01:50:14+08:00][sql] SHOW FULL COLUMNS FROM `carver_comment_to_others` [ RunTime:0.000635s ]
[2021-07-21T01:50:14+08:00][sql] SELECT * FROM `carver_comment_to_others` [ RunTime:0.000265s ]
[2021-07-21T01:50:14+08:00][sql] SHOW FULL COLUMNS FROM `carver_user` [ RunTime:0.000545s ]
[2021-07-21T01:50:14+08:00][sql] SELECT `user_name` FROM `carver_user` WHERE  `user_id` = 4 LIMIT 1 [ RunTime:0.000270s ]
[2021-07-21T01:50:14+08:00][sql] SELECT `user_name` FROM `carver_user` WHERE  `user_id` = 4 LIMIT 1 [ RunTime:0.000245s ]
[2021-07-21T01:50:14+08:00][sql] SELECT `user_name` FROM `carver_user` WHERE  `user_id` = 5 LIMIT 1 [ RunTime:0.000231s ]
[2021-07-21T01:50:14+08:00][sql] SELECT `user_name` FROM `carver_user` WHERE  `user_id` = 5 LIMIT 1 [ RunTime:0.000236s ]
[2021-07-21T01:50:14+08:00][sql] SELECT `user_name` FROM `carver_user` WHERE  `user_id` = 37 LIMIT 1 [ RunTime:0.000248s ]
[2021-07-21T01:50:14+08:00][sql] SELECT `user_name`,`user_id` FROM `carver_user` [ RunTime:0.000258s ]
[2021-07-21T01:50:14+08:00][sql] SHOW FULL COLUMNS FROM `carver_navigation` [ RunTime:0.000597s ]
[2021-07-21T01:50:14+08:00][sql] SELECT * FROM `carver_navigation` [ RunTime:0.000318s ]
[2021-07-21T01:50:14+08:00][sql] SELECT `article_label` FROM `carver_article` [ RunTime:0.000318s ]
[2021-07-21T03:55:37+08:00][sql] CONNECT:[ UseTime:0.000610s ] mysql:host=127.0.0.1;port=3306;dbname=carver;charset=utf8
[2021-07-21T03:55:37+08:00][sql] SHOW FULL COLUMNS FROM `carver_article` [ RunTime:0.000969s ]
[2021-07-21T03:55:37+08:00][sql] SELECT `article_id`,`article_title`,`article_desc`,`article_content`,`article_img`,`article_guide`,`article_label`,`click_num`,`is_show`,`add_time`,`article_author` FROM `carver_article` WHERE  `article_id` = 25 LIMIT 1 [ RunTime:0.000482s ]
[2021-07-21T03:55:37+08:00][sql] SELECT `article_id`,`article_title`,`article_desc`,`article_content`,`article_img`,`article_guide`,`article_label`,`click_num`,`is_show`,`add_time`,`article_author` FROM `carver_article` WHERE  `article_id` > 25 LIMIT 1 [ RunTime:0.000587s ]
[2021-07-21T03:55:37+08:00][sql] SELECT `article_id`,`article_title`,`article_desc`,`article_content`,`article_img`,`article_guide`,`article_label`,`click_num`,`is_show`,`add_time`,`article_author` FROM `carver_article` WHERE  `article_id` < 25 ORDER BY `article_id` DESC LIMIT 1 [ RunTime:0.000415s ]
[2021-07-21T03:55:37+08:00][sql] SHOW FULL COLUMNS FROM `carver_link` [ RunTime:0.000680s ]
[2021-07-21T03:55:37+08:00][sql] SELECT * FROM `carver_link` WHERE  ( is_confirm=2 ) LIMIT 20 [ RunTime:0.000315s ]
[2021-07-21T03:55:37+08:00][sql] SELECT article_id,article_title,click_num,FROM_UNIXTIME(add_time,'%Y-%m-%d') as add_time FROM `carver_article` ORDER BY `click_num` DESC LIMIT 3 [ RunTime:0.000346s ]
[2021-07-21T03:55:37+08:00][sql] SHOW FULL COLUMNS FROM `carver_comment` [ RunTime:0.000673s ]
[2021-07-21T03:55:37+08:00][sql] SELECT `a`.*,`b`.`user_name` FROM `carver_comment` `a` INNER JOIN `carver_user` `b` ON `a`.`user_id`=`b`.`user_id` WHERE  `article_id` = 25 ORDER BY `create_time` DESC [ RunTime:0.000539s ]
[2021-07-21T03:55:37+08:00][sql] SHOW FULL COLUMNS FROM `carver_comment_to_others` [ RunTime:0.000637s ]
[2021-07-21T03:55:37+08:00][sql] SELECT * FROM `carver_comment_to_others` [ RunTime:0.000254s ]
[2021-07-21T03:55:37+08:00][sql] SHOW FULL COLUMNS FROM `carver_user` [ RunTime:0.000632s ]
[2021-07-21T03:55:37+08:00][sql] SELECT `user_name` FROM `carver_user` WHERE  `user_id` = 4 LIMIT 1 [ RunTime:0.000254s ]
[2021-07-21T03:55:37+08:00][sql] SELECT `user_name` FROM `carver_user` WHERE  `user_id` = 4 LIMIT 1 [ RunTime:0.000244s ]
[2021-07-21T03:55:37+08:00][sql] SELECT `user_name` FROM `carver_user` WHERE  `user_id` = 5 LIMIT 1 [ RunTime:0.000222s ]
[2021-07-21T03:55:37+08:00][sql] SELECT `user_name` FROM `carver_user` WHERE  `user_id` = 5 LIMIT 1 [ RunTime:0.000205s ]
[2021-07-21T03:55:37+08:00][sql] SELECT `user_name` FROM `carver_user` WHERE  `user_id` = 37 LIMIT 1 [ RunTime:0.000305s ]
[2021-07-21T03:55:37+08:00][sql] SELECT `user_name`,`user_id` FROM `carver_user` [ RunTime:0.000293s ]
[2021-07-21T03:55:37+08:00][sql] SHOW FULL COLUMNS FROM `carver_navigation` [ RunTime:0.000656s ]
[2021-07-21T03:55:37+08:00][sql] SELECT * FROM `carver_navigation` [ RunTime:0.000241s ]
[2021-07-21T03:55:37+08:00][sql] SELECT `article_label` FROM `carver_article` [ RunTime:0.000273s ]
[2021-07-21T04:35:14+08:00][sql] CONNECT:[ UseTime:0.000763s ] mysql:host=127.0.0.1;port=3306;dbname=carver;charset=utf8
[2021-07-21T04:35:14+08:00][sql] SHOW FULL COLUMNS FROM `carver_user` [ RunTime:0.000978s ]
[2021-07-21T04:35:14+08:00][sql] SHOW FULL COLUMNS FROM `carver_article` [ RunTime:0.000806s ]
[2021-07-21T04:35:14+08:00][sql] SELECT COUNT(*) AS think_count FROM `carver_article` WHERE  `delete_time` = 0  AND `is_show` = 1 [ RunTime:0.000397s ]
[2021-07-21T04:35:14+08:00][sql] SELECT `article_id`,`article_title`,`article_desc`,`article_content`,`article_img`,`article_guide`,`article_label`,`click_num`,`is_show`,`add_time`,`article_author`,`is_top_show` FROM `carver_article` WHERE  `delete_time` = 0  AND `is_show` = 1 ORDER BY `article_id` DESC LIMIT 0,6 [ RunTime:0.000862s ]
[2021-07-21T04:35:14+08:00][sql] SELECT article_id,article_title,click_num,FROM_UNIXTIME(add_time,'%Y-%m-%d') as add_time FROM `carver_article` WHERE  `is_show` = 1  AND `delete_time` = 0 ORDER BY `click_num` DESC LIMIT 3 [ RunTime:0.000548s ]
[2021-07-21T04:35:14+08:00][sql] SHOW FULL COLUMNS FROM `carver_notice` [ RunTime:0.000747s ]
[2021-07-21T04:35:14+08:00][sql] SELECT * FROM `carver_notice` ORDER BY `create_time` DESC LIMIT 3 [ RunTime:0.000333s ]
[2021-07-21T04:35:14+08:00][sql] SHOW FULL COLUMNS FROM `carver_navigation` [ RunTime:0.000647s ]
[2021-07-21T04:35:14+08:00][sql] SELECT * FROM `carver_navigation` [ RunTime:0.000249s ]
[2021-07-21T04:35:14+08:00][sql] SHOW FULL COLUMNS FROM `carver_link` [ RunTime:0.000597s ]
[2021-07-21T04:35:14+08:00][sql] SELECT * FROM `carver_link` WHERE  ( is_confirm=2 ) LIMIT 20 [ RunTime:0.000319s ]
[2021-07-21T04:35:14+08:00][sql] SELECT `article_label` FROM `carver_article` [ RunTime:0.000325s ]
[2021-07-21T04:35:14+08:00][sql] SHOW FULL COLUMNS FROM `carver_carouse` [ RunTime:0.000596s ]
[2021-07-21T04:35:14+08:00][sql] SELECT `carouse_img`,`carouse_desc` FROM `carver_carouse` WHERE  `is_show` = 1 ORDER BY `carouse_sort` DESC LIMIT 3 [ RunTime:0.000321s ]
[2021-07-21T04:35:14+08:00][sql] SHOW FULL COLUMNS FROM `carver_site` [ RunTime:0.000549s ]
[2021-07-21T04:35:14+08:00][sql] SELECT * FROM `carver_site` [ RunTime:0.000265s ]
[2021-07-21T04:58:19+08:00][sql] CONNECT:[ UseTime:0.000595s ] mysql:host=127.0.0.1;port=3306;dbname=carver;charset=utf8
[2021-07-21T04:58:19+08:00][sql] SHOW FULL COLUMNS FROM `carver_article` [ RunTime:0.000949s ]
[2021-07-21T04:58:19+08:00][sql] SELECT COUNT(*) AS think_count FROM `carver_article` WHERE  `article_label` LIKE '%设计模式%'  AND `delete_time` = 0  AND `is_show` = 1 [ RunTime:0.000454s ]
[2021-07-21T04:58:19+08:00][sql] SELECT * FROM `carver_article` WHERE  `article_label` LIKE '%设计模式%'  AND `delete_time` = 0  AND `is_show` = 1 LIMIT 0,6 [ RunTime:0.003625s ]
[2021-07-21T04:58:19+08:00][sql] SELECT article_id,article_title,click_num,FROM_UNIXTIME(add_time,'%Y-%m-%d') as add_time FROM `carver_article` WHERE  `is_show` = 1  AND `delete_time` = 0 ORDER BY `click_num` DESC LIMIT 3 [ RunTime:0.000646s ]
[2021-07-21T04:58:19+08:00][sql] SHOW FULL COLUMNS FROM `carver_notice` [ RunTime:0.000802s ]
[2021-07-21T04:58:19+08:00][sql] SELECT * FROM `carver_notice` ORDER BY `create_time` DESC LIMIT 3 [ RunTime:0.000315s ]
[2021-07-21T04:58:19+08:00][sql] SHOW FULL COLUMNS FROM `carver_navigation` [ RunTime:0.000594s ]
[2021-07-21T04:58:19+08:00][sql] SELECT * FROM `carver_navigation` [ RunTime:0.000317s ]
[2021-07-21T04:58:19+08:00][sql] SHOW FULL COLUMNS FROM `carver_link` [ RunTime:0.000607s ]
[2021-07-21T04:58:19+08:00][sql] SELECT * FROM `carver_link` WHERE  ( is_confirm=2 ) LIMIT 20 [ RunTime:0.000299s ]
[2021-07-21T04:58:19+08:00][sql] SELECT `article_label` FROM `carver_article` [ RunTime:0.000277s ]
[2021-07-21T04:58:19+08:00][sql] SHOW FULL COLUMNS FROM `carver_carouse` [ RunTime:0.000561s ]
[2021-07-21T04:58:19+08:00][sql] SELECT `carouse_img`,`carouse_desc` FROM `carver_carouse` WHERE  `is_show` = 1 ORDER BY `carouse_sort` DESC LIMIT 3 [ RunTime:0.000342s ]
[2021-07-21T04:58:19+08:00][sql] SHOW FULL COLUMNS FROM `carver_site` [ RunTime:0.000570s ]
[2021-07-21T04:58:19+08:00][sql] SELECT * FROM `carver_site` [ RunTime:0.000267s ]
[2021-07-21T05:52:19+08:00][sql] CONNECT:[ UseTime:0.000697s ] mysql:host=127.0.0.1;port=3306;dbname=carver;charset=utf8
[2021-07-21T05:52:19+08:00][sql] SHOW FULL COLUMNS FROM `carver_article` [ RunTime:0.001012s ]
[2021-07-21T05:52:19+08:00][sql] SELECT COUNT(*) AS think_count FROM `carver_article` WHERE  `article_label` LIKE '%php;excel/%'  AND `delete_time` = 0  AND `is_show` = 1 [ RunTime:0.000457s ]
[2021-07-21T05:52:19+08:00][sql] SELECT * FROM `carver_article` WHERE  `article_label` LIKE '%php;excel/%'  AND `delete_time` = 0  AND `is_show` = 1 LIMIT 0,6 [ RunTime:0.001058s ]
[2021-07-21T05:52:19+08:00][sql] SELECT article_id,article_title,click_num,FROM_UNIXTIME(add_time,'%Y-%m-%d') as add_time FROM `carver_article` WHERE  `is_show` = 1  AND `delete_time` = 0 ORDER BY `click_num` DESC LIMIT 3 [ RunTime:0.000622s ]
[2021-07-21T05:52:19+08:00][sql] SHOW FULL COLUMNS FROM `carver_notice` [ RunTime:0.000839s ]
[2021-07-21T05:52:19+08:00][sql] SELECT * FROM `carver_notice` ORDER BY `create_time` DESC LIMIT 3 [ RunTime:0.000372s ]
[2021-07-21T05:52:19+08:00][sql] SHOW FULL COLUMNS FROM `carver_navigation` [ RunTime:0.000700s ]
[2021-07-21T05:52:19+08:00][sql] SELECT * FROM `carver_navigation` [ RunTime:0.000346s ]
[2021-07-21T05:52:19+08:00][sql] SHOW FULL COLUMNS FROM `carver_link` [ RunTime:0.000700s ]
[2021-07-21T05:52:19+08:00][sql] SELECT * FROM `carver_link` WHERE  ( is_confirm=2 ) LIMIT 20 [ RunTime:0.000406s ]
[2021-07-21T05:52:19+08:00][sql] SELECT `article_label` FROM `carver_article` [ RunTime:0.000314s ]
[2021-07-21T05:52:19+08:00][sql] SHOW FULL COLUMNS FROM `carver_carouse` [ RunTime:0.000679s ]
[2021-07-21T05:52:19+08:00][sql] SELECT `carouse_img`,`carouse_desc` FROM `carver_carouse` WHERE  `is_show` = 1 ORDER BY `carouse_sort` DESC LIMIT 3 [ RunTime:0.000368s ]
[2021-07-21T05:52:19+08:00][sql] SHOW FULL COLUMNS FROM `carver_site` [ RunTime:0.000640s ]
[2021-07-21T05:52:19+08:00][sql] SELECT * FROM `carver_site` [ RunTime:0.000383s ]
[2021-07-21T05:52:21+08:00][sql] CONNECT:[ UseTime:0.001615s ] mysql:host=127.0.0.1;port=3306;dbname=carver;charset=utf8
[2021-07-21T05:52:21+08:00][sql] SHOW FULL COLUMNS FROM `carver_article` [ RunTime:0.000920s ]
[2021-07-21T05:52:21+08:00][sql] SELECT COUNT(*) AS think_count FROM `carver_article` WHERE  `article_label` LIKE '%php;javascript/%'  AND `delete_time` = 0  AND `is_show` = 1 [ RunTime:0.000420s ]
[2021-07-21T05:52:21+08:00][sql] SELECT * FROM `carver_article` WHERE  `article_label` LIKE '%php;javascript/%'  AND `delete_time` = 0  AND `is_show` = 1 LIMIT 0,6 [ RunTime:0.001008s ]
[2021-07-21T05:52:21+08:00][sql] SELECT article_id,article_title,click_num,FROM_UNIXTIME(add_time,'%Y-%m-%d') as add_time FROM `carver_article` WHERE  `is_show` = 1  AND `delete_time` = 0 ORDER BY `click_num` DESC LIMIT 3 [ RunTime:0.000535s ]
[2021-07-21T05:52:21+08:00][sql] SHOW FULL COLUMNS FROM `carver_notice` [ RunTime:0.000726s ]
[2021-07-21T05:52:21+08:00][sql] SELECT * FROM `carver_notice` ORDER BY `create_time` DESC LIMIT 3 [ RunTime:0.003778s ]
[2021-07-21T05:52:21+08:00][sql] SHOW FULL COLUMNS FROM `carver_navigation` [ RunTime:0.000744s ]
[2021-07-21T05:52:21+08:00][sql] SELECT * FROM `carver_navigation` [ RunTime:0.000301s ]
[2021-07-21T05:52:21+08:00][sql] SHOW FULL COLUMNS FROM `carver_link` [ RunTime:0.000664s ]
[2021-07-21T05:52:21+08:00][sql] SELECT * FROM `carver_link` WHERE  ( is_confirm=2 ) LIMIT 20 [ RunTime:0.000348s ]
[2021-07-21T05:52:21+08:00][sql] SELECT `article_label` FROM `carver_article` [ RunTime:0.000323s ]
[2021-07-21T05:52:21+08:00][sql] SHOW FULL COLUMNS FROM `carver_carouse` [ RunTime:0.000674s ]
[2021-07-21T05:52:21+08:00][sql] SELECT `carouse_img`,`carouse_desc` FROM `carver_carouse` WHERE  `is_show` = 1 ORDER BY `carouse_sort` DESC LIMIT 3 [ RunTime:0.000360s ]
[2021-07-21T05:52:21+08:00][sql] SHOW FULL COLUMNS FROM `carver_site` [ RunTime:0.000643s ]
[2021-07-21T05:52:21+08:00][sql] SELECT * FROM `carver_site` [ RunTime:0.000316s ]
[2021-07-21T05:52:24+08:00][sql] CONNECT:[ UseTime:0.000582s ] mysql:host=127.0.0.1;port=3306;dbname=carver;charset=utf8
[2021-07-21T05:52:24+08:00][sql] SHOW FULL COLUMNS FROM `carver_article` [ RunTime:0.000918s ]
[2021-07-21T05:52:24+08:00][sql] SELECT COUNT(*) AS think_count FROM `carver_article` WHERE  `article_label` LIKE '%swoole;php/%'  AND `delete_time` = 0  AND `is_show` = 1 [ RunTime:0.000431s ]
[2021-07-21T05:52:24+08:00][sql] SELECT * FROM `carver_article` WHERE  `article_label` LIKE '%swoole;php/%'  AND `delete_time` = 0  AND `is_show` = 1 LIMIT 0,6 [ RunTime:0.000911s ]
[2021-07-21T05:52:24+08:00][sql] SELECT article_id,article_title,click_num,FROM_UNIXTIME(add_time,'%Y-%m-%d') as add_time FROM `carver_article` WHERE  `is_show` = 1  AND `delete_time` = 0 ORDER BY `click_num` DESC LIMIT 3 [ RunTime:0.000497s ]
[2021-07-21T05:52:24+08:00][sql] SHOW FULL COLUMNS FROM `carver_notice` [ RunTime:0.000736s ]
[2021-07-21T05:52:24+08:00][sql] SELECT * FROM `carver_notice` ORDER BY `create_time` DESC LIMIT 3 [ RunTime:0.000328s ]
[2021-07-21T05:52:24+08:00][sql] SHOW FULL COLUMNS FROM `carver_navigation` [ RunTime:0.000657s ]
[2021-07-21T05:52:24+08:00][sql] SELECT * FROM `carver_navigation` [ RunTime:0.000274s ]
[2021-07-21T05:52:24+08:00][sql] SHOW FULL COLUMNS FROM `carver_link` [ RunTime:0.000703s ]
[2021-07-21T05:52:24+08:00][sql] SELECT * FROM `carver_link` WHERE  ( is_confirm=2 ) LIMIT 20 [ RunTime:0.000339s ]
[2021-07-21T05:52:24+08:00][sql] SELECT `article_label` FROM `carver_article` [ RunTime:0.000283s ]
[2021-07-21T05:52:24+08:00][sql] SHOW FULL COLUMNS FROM `carver_carouse` [ RunTime:0.000675s ]
[2021-07-21T05:52:24+08:00][sql] SELECT `carouse_img`,`carouse_desc` FROM `carver_carouse` WHERE  `is_show` = 1 ORDER BY `carouse_sort` DESC LIMIT 3 [ RunTime:0.000321s ]
[2021-07-21T05:52:24+08:00][sql] SHOW FULL COLUMNS FROM `carver_site` [ RunTime:0.000646s ]
[2021-07-21T05:52:24+08:00][sql] SELECT * FROM `carver_site` [ RunTime:0.000332s ]
[2021-07-21T06:06:24+08:00][sql] CONNECT:[ UseTime:0.000679s ] mysql:host=127.0.0.1;port=3306;dbname=carver;charset=utf8
[2021-07-21T06:06:24+08:00][sql] SHOW FULL COLUMNS FROM `carver_article` [ RunTime:0.001018s ]
[2021-07-21T06:06:24+08:00][sql] SELECT COUNT(*) AS think_count FROM `carver_article` WHERE  `article_label` LIKE '%mysql%'  AND `delete_time` = 0  AND `is_show` = 1 [ RunTime:0.000435s ]
[2021-07-21T06:06:24+08:00][sql] SELECT * FROM `carver_article` WHERE  `article_label` LIKE '%mysql%'  AND `delete_time` = 0  AND `is_show` = 1 LIMIT 0,6 [ RunTime:0.001037s ]
[2021-07-21T06:06:24+08:00][sql] SELECT article_id,article_title,click_num,FROM_UNIXTIME(add_time,'%Y-%m-%d') as add_time FROM `carver_article` WHERE  `is_show` = 1  AND `delete_time` = 0 ORDER BY `click_num` DESC LIMIT 3 [ RunTime:0.000490s ]
[2021-07-21T06:06:24+08:00][sql] SHOW FULL COLUMNS FROM `carver_notice` [ RunTime:0.000711s ]
[2021-07-21T06:06:24+08:00][sql] SELECT * FROM `carver_notice` ORDER BY `create_time` DESC LIMIT 3 [ RunTime:0.000453s ]
[2021-07-21T06:06:24+08:00][sql] SHOW FULL COLUMNS FROM `carver_navigation` [ RunTime:0.000623s ]
[2021-07-21T06:06:24+08:00][sql] SELECT * FROM `carver_navigation` [ RunTime:0.000246s ]
[2021-07-21T06:06:24+08:00][sql] SHOW FULL COLUMNS FROM `carver_link` [ RunTime:0.000633s ]
[2021-07-21T06:06:24+08:00][sql] SELECT * FROM `carver_link` WHERE  ( is_confirm=2 ) LIMIT 20 [ RunTime:0.000304s ]
[2021-07-21T06:06:24+08:00][sql] SELECT `article_label` FROM `carver_article` [ RunTime:0.000266s ]
[2021-07-21T06:06:24+08:00][sql] SHOW FULL COLUMNS FROM `carver_carouse` [ RunTime:0.000606s ]
[2021-07-21T06:06:24+08:00][sql] SELECT `carouse_img`,`carouse_desc` FROM `carver_carouse` WHERE  `is_show` = 1 ORDER BY `carouse_sort` DESC LIMIT 3 [ RunTime:0.000309s ]
[2021-07-21T06:06:24+08:00][sql] SHOW FULL COLUMNS FROM `carver_site` [ RunTime:0.000604s ]
[2021-07-21T06:06:24+08:00][sql] SELECT * FROM `carver_site` [ RunTime:0.000270s ]
[2021-07-21T07:17:34+08:00][sql] CONNECT:[ UseTime:0.000637s ] mysql:host=127.0.0.1;port=3306;dbname=carver;charset=utf8
[2021-07-21T07:17:34+08:00][sql] SHOW FULL COLUMNS FROM `carver_article` [ RunTime:0.000970s ]
[2021-07-21T07:17:34+08:00][sql] SELECT `article_id`,`article_title`,`article_desc`,`article_content`,`article_img`,`article_guide`,`article_label`,`click_num`,`is_show`,`add_time`,`article_author` FROM `carver_article` WHERE  `article_id` = 25'A=0 LIMIT 1 [ RunTime:0.000463s ]
[2021-07-21T07:17:34+08:00][sql] SELECT `article_id`,`article_title`,`article_desc`,`article_content`,`article_img`,`article_guide`,`article_label`,`click_num`,`is_show`,`add_time`,`article_author` FROM `carver_article` WHERE  `article_id` > 25'A=0 LIMIT 1 [ RunTime:0.000569s ]
[2021-07-21T07:17:34+08:00][sql] SELECT `article_id`,`article_title`,`article_desc`,`article_content`,`article_img`,`article_guide`,`article_label`,`click_num`,`is_show`,`add_time`,`article_author` FROM `carver_article` WHERE  `article_id` < 25'A=0 ORDER BY `article_id` DESC LIMIT 1 [ RunTime:0.000443s ]
[2021-07-21T07:17:34+08:00][sql] SHOW FULL COLUMNS FROM `carver_link` [ RunTime:0.000682s ]
[2021-07-21T07:17:34+08:00][sql] SELECT * FROM `carver_link` WHERE  ( is_confirm=2 ) LIMIT 20 [ RunTime:0.000391s ]
[2021-07-21T07:17:34+08:00][sql] SELECT article_id,article_title,click_num,FROM_UNIXTIME(add_time,'%Y-%m-%d') as add_time FROM `carver_article` ORDER BY `click_num` DESC LIMIT 3 [ RunTime:0.000387s ]
[2021-07-21T07:17:34+08:00][sql] SHOW FULL COLUMNS FROM `carver_comment` [ RunTime:0.000728s ]
[2021-07-21T07:17:34+08:00][sql] SELECT `a`.*,`b`.`user_name` FROM `carver_comment` `a` INNER JOIN `carver_user` `b` ON `a`.`user_id`=`b`.`user_id` WHERE  `article_id` = 25'A=0 ORDER BY `create_time` DESC [ RunTime:0.000430s ]
[2021-07-21T07:17:34+08:00][sql] SHOW FULL COLUMNS FROM `carver_comment_to_others` [ RunTime:0.000672s ]
[2021-07-21T07:17:34+08:00][sql] SELECT * FROM `carver_comment_to_others` [ RunTime:0.000245s ]
[2021-07-21T07:17:34+08:00][sql] SHOW FULL COLUMNS FROM `carver_user` [ RunTime:0.000568s ]
[2021-07-21T07:17:34+08:00][sql] SELECT `user_name` FROM `carver_user` WHERE  `user_id` = 4 LIMIT 1 [ RunTime:0.000267s ]
[2021-07-21T07:17:34+08:00][sql] SELECT `user_name` FROM `carver_user` WHERE  `user_id` = 4 LIMIT 1 [ RunTime:0.000228s ]
[2021-07-21T07:17:34+08:00][sql] SELECT `user_name` FROM `carver_user` WHERE  `user_id` = 5 LIMIT 1 [ RunTime:0.000247s ]
[2021-07-21T07:17:34+08:00][sql] SELECT `user_name` FROM `carver_user` WHERE  `user_id` = 5 LIMIT 1 [ RunTime:0.000228s ]
[2021-07-21T07:17:34+08:00][sql] SELECT `user_name` FROM `carver_user` WHERE  `user_id` = 37 LIMIT 1 [ RunTime:0.000239s ]
[2021-07-21T07:17:34+08:00][sql] SELECT `user_name`,`user_id` FROM `carver_user` [ RunTime:0.000251s ]
[2021-07-21T07:17:34+08:00][sql] SHOW FULL COLUMNS FROM `carver_navigation` [ RunTime:0.000648s ]
[2021-07-21T07:17:34+08:00][sql] SELECT * FROM `carver_navigation` [ RunTime:0.000283s ]
[2021-07-21T07:17:34+08:00][sql] SELECT `article_label` FROM `carver_article` [ RunTime:0.000286s ]
[2021-07-21T07:28:03+08:00][sql] CONNECT:[ UseTime:0.000664s ] mysql:host=127.0.0.1;port=3306;dbname=carver;charset=utf8
[2021-07-21T07:28:03+08:00][sql] SHOW FULL COLUMNS FROM `carver_article` [ RunTime:0.000931s ]
[2021-07-21T07:28:03+08:00][sql] SELECT COUNT(*) AS think_count FROM `carver_article` WHERE  `article_guide` = 8  AND `delete_time` = 0  AND `is_show` = 1 [ RunTime:0.000413s ]
[2021-07-21T07:28:03+08:00][sql] SELECT * FROM `carver_article` WHERE  `article_guide` = 8  AND `delete_time` = 0  AND `is_show` = 1 ORDER BY `add_time` DESC LIMIT 0,6 [ RunTime:0.000690s ]
[2021-07-21T07:28:03+08:00][sql] SELECT article_id,article_title,click_num,FROM_UNIXTIME(add_time,'%Y-%m-%d') as add_time FROM `carver_article` WHERE  `is_show` = 1  AND `delete_time` = 0 ORDER BY `click_num` DESC LIMIT 3 [ RunTime:0.000432s ]
[2021-07-21T07:28:03+08:00][sql] SHOW FULL COLUMNS FROM `carver_notice` [ RunTime:0.001642s ]
[2021-07-21T07:28:03+08:00][sql] SELECT * FROM `carver_notice` ORDER BY `create_time` DESC LIMIT 3 [ RunTime:0.000274s ]
[2021-07-21T07:28:03+08:00][sql] SHOW FULL COLUMNS FROM `carver_navigation` [ RunTime:0.000557s ]
[2021-07-21T07:28:03+08:00][sql] SELECT * FROM `carver_navigation` [ RunTime:0.000267s ]
[2021-07-21T07:28:03+08:00][sql] SELECT `article_label` FROM `carver_article` [ RunTime:0.000241s ]
[2021-07-21T07:28:03+08:00][sql] SHOW FULL COLUMNS FROM `carver_carouse` [ RunTime:0.000534s ]
[2021-07-21T07:28:03+08:00][sql] SELECT `carouse_img`,`carouse_desc` FROM `carver_carouse` WHERE  `is_show` = 1 ORDER BY `carouse_sort` DESC LIMIT 3 [ RunTime:0.000315s ]
[2021-07-21T07:28:03+08:00][sql] SHOW FULL COLUMNS FROM `carver_link` [ RunTime:0.000507s ]
[2021-07-21T07:28:03+08:00][sql] SELECT * FROM `carver_link` WHERE  ( is_confirm=2 ) LIMIT 20 [ RunTime:0.000297s ]
[2021-07-21T07:28:03+08:00][sql] SHOW FULL COLUMNS FROM `carver_site` [ RunTime:0.000528s ]
[2021-07-21T07:28:03+08:00][sql] SELECT * FROM `carver_site` [ RunTime:0.000270s ]
[2021-07-21T08:03:39+08:00][sql] CONNECT:[ UseTime:0.000648s ] mysql:host=127.0.0.1;port=3306;dbname=carver;charset=utf8
[2021-07-21T08:03:39+08:00][sql] SHOW FULL COLUMNS FROM `carver_user` [ RunTime:0.000862s ]
[2021-07-21T08:03:39+08:00][sql] SHOW FULL COLUMNS FROM `carver_article` [ RunTime:0.000824s ]
[2021-07-21T08:03:39+08:00][sql] SELECT COUNT(*) AS think_count FROM `carver_article` WHERE  `delete_time` = 0  AND `is_show` = 1 [ RunTime:0.000392s ]
[2021-07-21T08:03:39+08:00][sql] SELECT `article_id`,`article_title`,`article_desc`,`article_content`,`article_img`,`article_guide`,`article_label`,`click_num`,`is_show`,`add_time`,`article_author`,`is_top_show` FROM `carver_article` WHERE  `delete_time` = 0  AND `is_show` = 1 ORDER BY `article_id` DESC LIMIT 18,6 [ RunTime:0.001673s ]
[2021-07-21T08:03:39+08:00][sql] SELECT article_id,article_title,click_num,FROM_UNIXTIME(add_time,'%Y-%m-%d') as add_time FROM `carver_article` WHERE  `is_show` = 1  AND `delete_time` = 0 ORDER BY `click_num` DESC LIMIT 3 [ RunTime:0.000525s ]
[2021-07-21T08:03:39+08:00][sql] SHOW FULL COLUMNS FROM `carver_notice` [ RunTime:0.000735s ]
[2021-07-21T08:03:39+08:00][sql] SELECT * FROM `carver_notice` ORDER BY `create_time` DESC LIMIT 3 [ RunTime:0.000354s ]
[2021-07-21T08:03:39+08:00][sql] SHOW FULL COLUMNS FROM `carver_navigation` [ RunTime:0.000596s ]
[2021-07-21T08:03:39+08:00][sql] SELECT * FROM `carver_navigation` [ RunTime:0.000254s ]
[2021-07-21T08:03:39+08:00][sql] SHOW FULL COLUMNS FROM `carver_link` [ RunTime:0.000712s ]
[2021-07-21T08:03:39+08:00][sql] SELECT * FROM `carver_link` WHERE  ( is_confirm=2 ) LIMIT 20 [ RunTime:0.000307s ]
[2021-07-21T08:03:39+08:00][sql] SELECT `article_label` FROM `carver_article` [ RunTime:0.000312s ]
[2021-07-21T08:03:39+08:00][sql] SHOW FULL COLUMNS FROM `carver_carouse` [ RunTime:0.000588s ]
[2021-07-21T08:03:39+08:00][sql] SELECT `carouse_img`,`carouse_desc` FROM `carver_carouse` WHERE  `is_show` = 1 ORDER BY `carouse_sort` DESC LIMIT 3 [ RunTime:0.000306s ]
[2021-07-21T08:03:39+08:00][sql] SHOW FULL COLUMNS FROM `carver_site` [ RunTime:0.000562s ]
[2021-07-21T08:03:39+08:00][sql] SELECT * FROM `carver_site` [ RunTime:0.000247s ]
[2021-07-21T09:06:50+08:00][sql] CONNECT:[ UseTime:0.000563s ] mysql:host=127.0.0.1;port=3306;dbname=carver;charset=utf8
[2021-07-21T09:06:50+08:00][sql] SHOW FULL COLUMNS FROM `carver_article` [ RunTime:0.000914s ]
[2021-07-21T09:06:50+08:00][sql] SELECT COUNT(*) AS think_count FROM `carver_article` WHERE  `article_guide` = 7  AND `delete_time` = 0  AND `is_show` = 1 [ RunTime:0.000417s ]
[2021-07-21T09:06:50+08:00][sql] SELECT * FROM `carver_article` WHERE  `article_guide` = 7  AND `delete_time` = 0  AND `is_show` = 1 ORDER BY `add_time` DESC LIMIT 0,6 [ RunTime:0.000407s ]
[2021-07-21T09:06:50+08:00][sql] SELECT article_id,article_title,click_num,FROM_UNIXTIME(add_time,'%Y-%m-%d') as add_time FROM `carver_article` WHERE  `is_show` = 1  AND `delete_time` = 0 ORDER BY `click_num` DESC LIMIT 3 [ RunTime:0.000573s ]
[2021-07-21T09:06:50+08:00][sql] SHOW FULL COLUMNS FROM `carver_notice` [ RunTime:0.000636s ]
[2021-07-21T09:06:50+08:00][sql] SELECT * FROM `carver_notice` ORDER BY `create_time` DESC LIMIT 3 [ RunTime:0.000263s ]
[2021-07-21T09:06:50+08:00][sql] SHOW FULL COLUMNS FROM `carver_navigation` [ RunTime:0.000561s ]
[2021-07-21T09:06:50+08:00][sql] SELECT * FROM `carver_navigation` [ RunTime:0.000249s ]
[2021-07-21T09:06:50+08:00][sql] SELECT `article_label` FROM `carver_article` [ RunTime:0.000270s ]
[2021-07-21T09:06:50+08:00][sql] SHOW FULL COLUMNS FROM `carver_carouse` [ RunTime:0.000548s ]
[2021-07-21T09:06:50+08:00][sql] SELECT `carouse_img`,`carouse_desc` FROM `carver_carouse` WHERE  `is_show` = 1 ORDER BY `carouse_sort` DESC LIMIT 3 [ RunTime:0.000380s ]
[2021-07-21T09:06:50+08:00][sql] SHOW FULL COLUMNS FROM `carver_link` [ RunTime:0.000501s ]
[2021-07-21T09:06:50+08:00][sql] SELECT * FROM `carver_link` WHERE  ( is_confirm=2 ) LIMIT 20 [ RunTime:0.000297s ]
[2021-07-21T09:06:50+08:00][sql] SHOW FULL COLUMNS FROM `carver_site` [ RunTime:0.000604s ]
[2021-07-21T09:06:50+08:00][sql] SELECT * FROM `carver_site` [ RunTime:0.000290s ]
[2021-07-21T10:48:29+08:00][sql] CONNECT:[ UseTime:0.000592s ] mysql:host=127.0.0.1;port=3306;dbname=carver;charset=utf8
[2021-07-21T10:48:29+08:00][sql] SHOW FULL COLUMNS FROM `carver_article` [ RunTime:0.000902s ]
[2021-07-21T10:48:29+08:00][sql] SELECT `article_id`,`article_title`,`article_desc`,`article_content`,`article_img`,`article_guide`,`article_label`,`click_num`,`is_show`,`add_time`,`article_author` FROM `carver_article` WHERE  `article_id` = 18' LIMIT 1 [ RunTime:0.000620s ]
[2021-07-21T10:48:29+08:00][sql] SELECT `article_id`,`article_title`,`article_desc`,`article_content`,`article_img`,`article_guide`,`article_label`,`click_num`,`is_show`,`add_time`,`article_author` FROM `carver_article` WHERE  `article_id` > 18' LIMIT 1 [ RunTime:0.003057s ]
[2021-07-21T10:48:29+08:00][sql] SELECT `article_id`,`article_title`,`article_desc`,`article_content`,`article_img`,`article_guide`,`article_label`,`click_num`,`is_show`,`add_time`,`article_author` FROM `carver_article` WHERE  `article_id` < 18' ORDER BY `article_id` DESC LIMIT 1 [ RunTime:0.000632s ]
[2021-07-21T10:48:29+08:00][sql] SHOW FULL COLUMNS FROM `carver_link` [ RunTime:0.000693s ]
[2021-07-21T10:48:29+08:00][sql] SELECT * FROM `carver_link` WHERE  ( is_confirm=2 ) LIMIT 20 [ RunTime:0.000392s ]
[2021-07-21T10:48:29+08:00][sql] SELECT article_id,article_title,click_num,FROM_UNIXTIME(add_time,'%Y-%m-%d') as add_time FROM `carver_article` ORDER BY `click_num` DESC LIMIT 3 [ RunTime:0.000419s ]
[2021-07-21T10:48:29+08:00][sql] SHOW FULL COLUMNS FROM `carver_comment` [ RunTime:0.000660s ]
[2021-07-21T10:48:29+08:00][sql] SELECT `a`.*,`b`.`user_name` FROM `carver_comment` `a` INNER JOIN `carver_user` `b` ON `a`.`user_id`=`b`.`user_id` WHERE  `article_id` = 18' ORDER BY `create_time` DESC [ RunTime:0.000382s ]
[2021-07-21T10:48:29+08:00][sql] SHOW FULL COLUMNS FROM `carver_comment_to_others` [ RunTime:0.000541s ]
[2021-07-21T10:48:29+08:00][sql] SELECT * FROM `carver_comment_to_others` [ RunTime:0.000289s ]
[2021-07-21T10:48:29+08:00][sql] SHOW FULL COLUMNS FROM `carver_user` [ RunTime:0.000467s ]
[2021-07-21T10:48:29+08:00][sql] SELECT `user_name` FROM `carver_user` WHERE  `user_id` = 4 LIMIT 1 [ RunTime:0.000236s ]
[2021-07-21T10:48:29+08:00][sql] SELECT `user_name` FROM `carver_user` WHERE  `user_id` = 4 LIMIT 1 [ RunTime:0.000212s ]
[2021-07-21T10:48:29+08:00][sql] SELECT `user_name` FROM `carver_user` WHERE  `user_id` = 5 LIMIT 1 [ RunTime:0.000255s ]
[2021-07-21T10:48:29+08:00][sql] SELECT `user_name` FROM `carver_user` WHERE  `user_id` = 5 LIMIT 1 [ RunTime:0.000205s ]
[2021-07-21T10:48:29+08:00][sql] SELECT `user_name` FROM `carver_user` WHERE  `user_id` = 37 LIMIT 1 [ RunTime:0.000213s ]
[2021-07-21T10:48:29+08:00][sql] SELECT `user_name`,`user_id` FROM `carver_user` [ RunTime:0.000332s ]
[2021-07-21T10:48:29+08:00][sql] SHOW FULL COLUMNS FROM `carver_navigation` [ RunTime:0.000562s ]
[2021-07-21T10:48:29+08:00][sql] SELECT * FROM `carver_navigation` [ RunTime:0.000233s ]
[2021-07-21T10:48:29+08:00][sql] SELECT `article_label` FROM `carver_article` [ RunTime:0.000270s ]
[2021-07-21T11:08:38+08:00][sql] CONNECT:[ UseTime:0.000646s ] mysql:host=127.0.0.1;port=3306;dbname=carver;charset=utf8
[2021-07-21T11:08:38+08:00][sql] SHOW FULL COLUMNS FROM `carver_article` [ RunTime:0.000932s ]
[2021-07-21T11:08:38+08:00][sql] SELECT COUNT(*) AS think_count FROM `carver_article` WHERE  `article_label` LIKE '%swoole%'  AND `delete_time` = 0  AND `is_show` = 1 [ RunTime:0.000432s ]
[2021-07-21T11:08:38+08:00][sql] SELECT * FROM `carver_article` WHERE  `article_label` LIKE '%swoole%'  AND `delete_time` = 0  AND `is_show` = 1 LIMIT 0,6 [ RunTime:0.001293s ]
[2021-07-21T11:08:38+08:00][sql] SELECT article_id,article_title,click_num,FROM_UNIXTIME(add_time,'%Y-%m-%d') as add_time FROM `carver_article` WHERE  `is_show` = 1  AND `delete_time` = 0 ORDER BY `click_num` DESC LIMIT 3 [ RunTime:0.000524s ]
[2021-07-21T11:08:38+08:00][sql] SHOW FULL COLUMNS FROM `carver_notice` [ RunTime:0.000730s ]
[2021-07-21T11:08:38+08:00][sql] SELECT * FROM `carver_notice` ORDER BY `create_time` DESC LIMIT 3 [ RunTime:0.000300s ]
[2021-07-21T11:08:38+08:00][sql] SHOW FULL COLUMNS FROM `carver_navigation` [ RunTime:0.000620s ]
[2021-07-21T11:08:38+08:00][sql] SELECT * FROM `carver_navigation` [ RunTime:0.000274s ]
[2021-07-21T11:08:38+08:00][sql] SHOW FULL COLUMNS FROM `carver_link` [ RunTime:0.000634s ]
[2021-07-21T11:08:38+08:00][sql] SELECT * FROM `carver_link` WHERE  ( is_confirm=2 ) LIMIT 20 [ RunTime:0.000286s ]
[2021-07-21T11:08:38+08:00][sql] SELECT `article_label` FROM `carver_article` [ RunTime:0.000261s ]
[2021-07-21T11:08:38+08:00][sql] SHOW FULL COLUMNS FROM `carver_carouse` [ RunTime:0.000596s ]
[2021-07-21T11:08:38+08:00][sql] SELECT `carouse_img`,`carouse_desc` FROM `carver_carouse` WHERE  `is_show` = 1 ORDER BY `carouse_sort` DESC LIMIT 3 [ RunTime:0.000308s ]
[2021-07-21T11:08:38+08:00][sql] SHOW FULL COLUMNS FROM `carver_site` [ RunTime:0.000586s ]
[2021-07-21T11:08:38+08:00][sql] SELECT * FROM `carver_site` [ RunTime:0.000273s ]
[2021-07-21T11:09:33+08:00][sql] CONNECT:[ UseTime:0.003950s ] mysql:host=127.0.0.1;port=3306;dbname=carver;charset=utf8
[2021-07-21T11:09:33+08:00][sql] SHOW FULL COLUMNS FROM `carver_user` [ RunTime:0.000924s ]
[2021-07-21T11:09:33+08:00][sql] SHOW FULL COLUMNS FROM `carver_article` [ RunTime:0.009494s ]
[2021-07-21T11:09:33+08:00][sql] SELECT COUNT(*) AS think_count FROM `carver_article` WHERE  `delete_time` = 0  AND `is_show` = 1 [ RunTime:0.000417s ]
[2021-07-21T11:09:33+08:00][sql] SELECT `article_id`,`article_title`,`article_desc`,`article_content`,`article_img`,`article_guide`,`article_label`,`click_num`,`is_show`,`add_time`,`article_author`,`is_top_show` FROM `carver_article` WHERE  `delete_time` = 0  AND `is_show` = 1 ORDER BY `article_id` DESC LIMIT 24,6 [ RunTime:0.001175s ]
[2021-07-21T11:09:33+08:00][sql] SELECT article_id,article_title,click_num,FROM_UNIXTIME(add_time,'%Y-%m-%d') as add_time FROM `carver_article` WHERE  `is_show` = 1  AND `delete_time` = 0 ORDER BY `click_num` DESC LIMIT 3 [ RunTime:0.000561s ]
[2021-07-21T11:09:33+08:00][sql] SHOW FULL COLUMNS FROM `carver_notice` [ RunTime:0.000712s ]
[2021-07-21T11:09:33+08:00][sql] SELECT * FROM `carver_notice` ORDER BY `create_time` DESC LIMIT 3 [ RunTime:0.000291s ]
[2021-07-21T11:09:33+08:00][sql] SHOW FULL COLUMNS FROM `carver_navigation` [ RunTime:0.000628s ]
[2021-07-21T11:09:33+08:00][sql] SELECT * FROM `carver_navigation` [ RunTime:0.000241s ]
[2021-07-21T11:09:33+08:00][sql] SHOW FULL COLUMNS FROM `carver_link` [ RunTime:0.000679s ]
[2021-07-21T11:09:33+08:00][sql] SELECT * FROM `carver_link` WHERE  ( is_confirm=2 ) LIMIT 20 [ RunTime:0.000300s ]
[2021-07-21T11:09:33+08:00][sql] SELECT `article_label` FROM `carver_article` [ RunTime:0.000290s ]
[2021-07-21T11:09:33+08:00][sql] SHOW FULL COLUMNS FROM `carver_carouse` [ RunTime:0.011670s ]
[2021-07-21T11:09:33+08:00][sql] SELECT `carouse_img`,`carouse_desc` FROM `carver_carouse` WHERE  `is_show` = 1 ORDER BY `carouse_sort` DESC LIMIT 3 [ RunTime:0.000390s ]
[2021-07-21T11:09:33+08:00][sql] SHOW FULL COLUMNS FROM `carver_site` [ RunTime:0.000664s ]
[2021-07-21T11:09:33+08:00][sql] SELECT * FROM `carver_site` [ RunTime:0.000309s ]
[2021-07-21T11:57:14+08:00][sql] CONNECT:[ UseTime:0.000611s ] mysql:host=127.0.0.1;port=3306;dbname=carver;charset=utf8
[2021-07-21T11:57:14+08:00][sql] SHOW FULL COLUMNS FROM `carver_article` [ RunTime:0.000887s ]
[2021-07-21T11:57:14+08:00][sql] SELECT `article_id`,`article_title`,`article_desc`,`article_content`,`article_img`,`article_guide`,`article_label`,`click_num`,`is_show`,`add_time`,`article_author` FROM `carver_article` WHERE  `article_id` = 25' LIMIT 1 [ RunTime:0.000441s ]
[2021-07-21T11:57:14+08:00][sql] SELECT `article_id`,`article_title`,`article_desc`,`article_content`,`article_img`,`article_guide`,`article_label`,`click_num`,`is_show`,`add_time`,`article_author` FROM `carver_article` WHERE  `article_id` > 25' LIMIT 1 [ RunTime:0.000525s ]
[2021-07-21T11:57:14+08:00][sql] SELECT `article_id`,`article_title`,`article_desc`,`article_content`,`article_img`,`article_guide`,`article_label`,`click_num`,`is_show`,`add_time`,`article_author` FROM `carver_article` WHERE  `article_id` < 25' ORDER BY `article_id` DESC LIMIT 1 [ RunTime:0.000386s ]
[2021-07-21T11:57:14+08:00][sql] SHOW FULL COLUMNS FROM `carver_link` [ RunTime:0.000587s ]
[2021-07-21T11:57:14+08:00][sql] SELECT * FROM `carver_link` WHERE  ( is_confirm=2 ) LIMIT 20 [ RunTime:0.000299s ]
[2021-07-21T11:57:14+08:00][sql] SELECT article_id,article_title,click_num,FROM_UNIXTIME(add_time,'%Y-%m-%d') as add_time FROM `carver_article` ORDER BY `click_num` DESC LIMIT 3 [ RunTime:0.000351s ]
[2021-07-21T11:57:14+08:00][sql] SHOW FULL COLUMNS FROM `carver_comment` [ RunTime:0.000574s ]
[2021-07-21T11:57:14+08:00][sql] SELECT `a`.*,`b`.`user_name` FROM `carver_comment` `a` INNER JOIN `carver_user` `b` ON `a`.`user_id`=`b`.`user_id` WHERE  `article_id` = 25' ORDER BY `create_time` DESC [ RunTime:0.000332s ]
[2021-07-21T11:57:14+08:00][sql] SHOW FULL COLUMNS FROM `carver_comment_to_others` [ RunTime:0.000547s ]
[2021-07-21T11:57:14+08:00][sql] SELECT * FROM `carver_comment_to_others` [ RunTime:0.000257s ]
[2021-07-21T11:57:14+08:00][sql] SHOW FULL COLUMNS FROM `carver_user` [ RunTime:0.000486s ]
[2021-07-21T11:57:14+08:00][sql] SELECT `user_name` FROM `carver_user` WHERE  `user_id` = 4 LIMIT 1 [ RunTime:0.000257s ]
[2021-07-21T11:57:14+08:00][sql] SELECT `user_name` FROM `carver_user` WHERE  `user_id` = 4 LIMIT 1 [ RunTime:0.000209s ]
[2021-07-21T11:57:14+08:00][sql] SELECT `user_name` FROM `carver_user` WHERE  `user_id` = 5 LIMIT 1 [ RunTime:0.000232s ]
[2021-07-21T11:57:14+08:00][sql] SELECT `user_name` FROM `carver_user` WHERE  `user_id` = 5 LIMIT 1 [ RunTime:0.000204s ]
[2021-07-21T11:57:14+08:00][sql] SELECT `user_name` FROM `carver_user` WHERE  `user_id` = 37 LIMIT 1 [ RunTime:0.000211s ]
[2021-07-21T11:57:14+08:00][sql] SELECT `user_name`,`user_id` FROM `carver_user` [ RunTime:0.000228s ]
[2021-07-21T11:57:14+08:00][sql] SHOW FULL COLUMNS FROM `carver_navigation` [ RunTime:0.000538s ]
[2021-07-21T11:57:14+08:00][sql] SELECT * FROM `carver_navigation` [ RunTime:0.000230s ]
[2021-07-21T11:57:14+08:00][sql] SELECT `article_label` FROM `carver_article` [ RunTime:0.000271s ]
[2021-07-21T12:13:21+08:00][sql] CONNECT:[ UseTime:0.000672s ] mysql:host=127.0.0.1;port=3306;dbname=carver;charset=utf8
[2021-07-21T12:13:21+08:00][sql] SHOW FULL COLUMNS FROM `carver_article` [ RunTime:0.000990s ]
[2021-07-21T12:13:21+08:00][sql] SELECT `article_id`,`article_title`,`article_desc`,`article_content`,`article_img`,`article_guide`,`article_label`,`click_num`,`is_show`,`add_time`,`article_author` FROM `carver_article` WHERE  `article_id` = 25'A=0 LIMIT 1 [ RunTime:0.000625s ]
[2021-07-21T12:13:21+08:00][sql] SELECT `article_id`,`article_title`,`article_desc`,`article_content`,`article_img`,`article_guide`,`article_label`,`click_num`,`is_show`,`add_time`,`article_author` FROM `carver_article` WHERE  `article_id` > 25'A=0 LIMIT 1 [ RunTime:0.000627s ]
[2021-07-21T12:13:21+08:00][sql] SELECT `article_id`,`article_title`,`article_desc`,`article_content`,`article_img`,`article_guide`,`article_label`,`click_num`,`is_show`,`add_time`,`article_author` FROM `carver_article` WHERE  `article_id` < 25'A=0 ORDER BY `article_id` DESC LIMIT 1 [ RunTime:0.000534s ]
[2021-07-21T12:13:21+08:00][sql] SHOW FULL COLUMNS FROM `carver_link` [ RunTime:0.000719s ]
[2021-07-21T12:13:21+08:00][sql] SELECT * FROM `carver_link` WHERE  ( is_confirm=2 ) LIMIT 20 [ RunTime:0.000533s ]
[2021-07-21T12:13:21+08:00][sql] SELECT article_id,article_title,click_num,FROM_UNIXTIME(add_time,'%Y-%m-%d') as add_time FROM `carver_article` ORDER BY `click_num` DESC LIMIT 3 [ RunTime:0.000450s ]
[2021-07-21T12:13:21+08:00][sql] SHOW FULL COLUMNS FROM `carver_comment` [ RunTime:0.000808s ]
[2021-07-21T12:13:21+08:00][sql] SELECT `a`.*,`b`.`user_name` FROM `carver_comment` `a` INNER JOIN `carver_user` `b` ON `a`.`user_id`=`b`.`user_id` WHERE  `article_id` = 25'A=0 ORDER BY `create_time` DESC [ RunTime:0.000429s ]
[2021-07-21T12:13:21+08:00][sql] SHOW FULL COLUMNS FROM `carver_comment_to_others` [ RunTime:0.000670s ]
[2021-07-21T12:13:21+08:00][sql] SELECT * FROM `carver_comment_to_others` [ RunTime:0.000264s ]
[2021-07-21T12:13:21+08:00][sql] SHOW FULL COLUMNS FROM `carver_user` [ RunTime:0.000574s ]
[2021-07-21T12:13:21+08:00][sql] SELECT `user_name` FROM `carver_user` WHERE  `user_id` = 4 LIMIT 1 [ RunTime:0.000378s ]
[2021-07-21T12:13:21+08:00][sql] SELECT `user_name` FROM `carver_user` WHERE  `user_id` = 4 LIMIT 1 [ RunTime:0.000249s ]
[2021-07-21T12:13:21+08:00][sql] SELECT `user_name` FROM `carver_user` WHERE  `user_id` = 5 LIMIT 1 [ RunTime:0.000252s ]
[2021-07-21T12:13:21+08:00][sql] SELECT `user_name` FROM `carver_user` WHERE  `user_id` = 5 LIMIT 1 [ RunTime:0.000275s ]
[2021-07-21T12:13:21+08:00][sql] SELECT `user_name` FROM `carver_user` WHERE  `user_id` = 37 LIMIT 1 [ RunTime:0.000290s ]
[2021-07-21T12:13:21+08:00][sql] SELECT `user_name`,`user_id` FROM `carver_user` [ RunTime:0.000284s ]
[2021-07-21T12:13:21+08:00][sql] SHOW FULL COLUMNS FROM `carver_navigation` [ RunTime:0.000660s ]
[2021-07-21T12:13:21+08:00][sql] SELECT * FROM `carver_navigation` [ RunTime:0.000287s ]
[2021-07-21T12:13:21+08:00][sql] SELECT `article_label` FROM `carver_article` [ RunTime:0.000304s ]
[2021-07-21T12:20:52+08:00][sql] CONNECT:[ UseTime:0.000623s ] mysql:host=127.0.0.1;port=3306;dbname=carver;charset=utf8
[2021-07-21T12:20:52+08:00][sql] SHOW FULL COLUMNS FROM `carver_article` [ RunTime:0.001003s ]
[2021-07-21T12:20:52+08:00][sql] SELECT COUNT(*) AS think_count FROM `carver_article` WHERE  `article_guide` = 5  AND `delete_time` = 0  AND `is_show` = 1 [ RunTime:0.000424s ]
[2021-07-21T12:20:52+08:00][sql] SELECT * FROM `carver_article` WHERE  `article_guide` = 5  AND `delete_time` = 0  AND `is_show` = 1 ORDER BY `add_time` DESC LIMIT 0,6 [ RunTime:0.003870s ]
[2021-07-21T12:20:52+08:00][sql] SELECT article_id,article_title,click_num,FROM_UNIXTIME(add_time,'%Y-%m-%d') as add_time FROM `carver_article` WHERE  `is_show` = 1  AND `delete_time` = 0 ORDER BY `click_num` DESC LIMIT 3 [ RunTime:0.000763s ]
[2021-07-21T12:20:52+08:00][sql] SHOW FULL COLUMNS FROM `carver_notice` [ RunTime:0.000757s ]
[2021-07-21T12:20:52+08:00][sql] SELECT * FROM `carver_notice` ORDER BY `create_time` DESC LIMIT 3 [ RunTime:0.000341s ]
[2021-07-21T12:20:52+08:00][sql] SHOW FULL COLUMNS FROM `carver_navigation` [ RunTime:0.000633s ]
[2021-07-21T12:20:52+08:00][sql] SELECT * FROM `carver_navigation` [ RunTime:0.000308s ]
[2021-07-21T12:20:52+08:00][sql] SELECT `article_label` FROM `carver_article` [ RunTime:0.000300s ]
[2021-07-21T12:20:52+08:00][sql] SHOW FULL COLUMNS FROM `carver_carouse` [ RunTime:0.000622s ]
[2021-07-21T12:20:52+08:00][sql] SELECT `carouse_img`,`carouse_desc` FROM `carver_carouse` WHERE  `is_show` = 1 ORDER BY `carouse_sort` DESC LIMIT 3 [ RunTime:0.000307s ]
[2021-07-21T12:20:52+08:00][sql] SHOW FULL COLUMNS FROM `carver_link` [ RunTime:0.000571s ]
[2021-07-21T12:20:52+08:00][sql] SELECT * FROM `carver_link` WHERE  ( is_confirm=2 ) LIMIT 20 [ RunTime:0.000316s ]
[2021-07-21T12:20:52+08:00][sql] SHOW FULL COLUMNS FROM `carver_site` [ RunTime:0.000662s ]
[2021-07-21T12:20:52+08:00][sql] SELECT * FROM `carver_site` [ RunTime:0.000262s ]
[2021-07-21T14:32:45+08:00][sql] CONNECT:[ UseTime:0.000565s ] mysql:host=127.0.0.1;port=3306;dbname=carver;charset=utf8
[2021-07-21T14:32:45+08:00][sql] SHOW FULL COLUMNS FROM `carver_article` [ RunTime:0.000883s ]
[2021-07-21T14:32:45+08:00][sql] SELECT `article_id`,`article_title`,`article_desc`,`article_content`,`article_img`,`article_guide`,`article_label`,`click_num`,`is_show`,`add_time`,`article_author` FROM `carver_article` WHERE  `article_id` = 22/ LIMIT 1 [ RunTime:0.000546s ]
[2021-07-21T14:32:45+08:00][sql] SELECT `article_id`,`article_title`,`article_desc`,`article_content`,`article_img`,`article_guide`,`article_label`,`click_num`,`is_show`,`add_time`,`article_author` FROM `carver_article` WHERE  `article_id` > 22/ LIMIT 1 [ RunTime:0.000386s ]
[2021-07-21T14:32:45+08:00][sql] SELECT `article_id`,`article_title`,`article_desc`,`article_content`,`article_img`,`article_guide`,`article_label`,`click_num`,`is_show`,`add_time`,`article_author` FROM `carver_article` WHERE  `article_id` < 22/ ORDER BY `article_id` DESC LIMIT 1 [ RunTime:0.000365s ]
[2021-07-21T14:32:45+08:00][sql] SHOW FULL COLUMNS FROM `carver_link` [ RunTime:0.000615s ]
[2021-07-21T14:32:45+08:00][sql] SELECT * FROM `carver_link` WHERE  ( is_confirm=2 ) LIMIT 20 [ RunTime:0.000295s ]
[2021-07-21T14:32:45+08:00][sql] SELECT article_id,article_title,click_num,FROM_UNIXTIME(add_time,'%Y-%m-%d') as add_time FROM `carver_article` ORDER BY `click_num` DESC LIMIT 3 [ RunTime:0.000335s ]
[2021-07-21T14:32:45+08:00][sql] SHOW FULL COLUMNS FROM `carver_comment` [ RunTime:0.000621s ]
[2021-07-21T14:32:45+08:00][sql] SELECT `a`.*,`b`.`user_name` FROM `carver_comment` `a` INNER JOIN `carver_user` `b` ON `a`.`user_id`=`b`.`user_id` WHERE  `article_id` = 22/ ORDER BY `create_time` DESC [ RunTime:0.000346s ]
[2021-07-21T14:32:45+08:00][sql] SHOW FULL COLUMNS FROM `carver_comment_to_others` [ RunTime:0.000574s ]
[2021-07-21T14:32:45+08:00][sql] SELECT * FROM `carver_comment_to_others` [ RunTime:0.000274s ]
[2021-07-21T14:32:45+08:00][sql] SHOW FULL COLUMNS FROM `carver_user` [ RunTime:0.000456s ]
[2021-07-21T14:32:45+08:00][sql] SELECT `user_name` FROM `carver_user` WHERE  `user_id` = 4 LIMIT 1 [ RunTime:0.000251s ]
[2021-07-21T14:32:45+08:00][sql] SELECT `user_name` FROM `carver_user` WHERE  `user_id` = 4 LIMIT 1 [ RunTime:0.000246s ]
[2021-07-21T14:32:45+08:00][sql] SELECT `user_name` FROM `carver_user` WHERE  `user_id` = 5 LIMIT 1 [ RunTime:0.000215s ]
[2021-07-21T14:32:45+08:00][sql] SELECT `user_name` FROM `carver_user` WHERE  `user_id` = 5 LIMIT 1 [ RunTime:0.000241s ]
[2021-07-21T14:32:45+08:00][sql] SELECT `user_name` FROM `carver_user` WHERE  `user_id` = 37 LIMIT 1 [ RunTime:0.000213s ]
[2021-07-21T14:32:45+08:00][sql] SELECT `user_name`,`user_id` FROM `carver_user` [ RunTime:0.000253s ]
[2021-07-21T14:32:45+08:00][sql] SHOW FULL COLUMNS FROM `carver_navigation` [ RunTime:0.000493s ]
[2021-07-21T14:32:45+08:00][sql] SELECT * FROM `carver_navigation` [ RunTime:0.000246s ]
[2021-07-21T14:32:45+08:00][sql] SELECT `article_label` FROM `carver_article` [ RunTime:0.000250s ]
[2021-07-21T14:33:08+08:00][sql] CONNECT:[ UseTime:0.000724s ] mysql:host=127.0.0.1;port=3306;dbname=carver;charset=utf8
[2021-07-21T14:33:08+08:00][sql] SHOW FULL COLUMNS FROM `carver_article` [ RunTime:0.000889s ]
[2021-07-21T14:33:08+08:00][sql] SELECT `article_id`,`article_title`,`article_desc`,`article_content`,`article_img`,`article_guide`,`article_label`,`click_num`,`is_show`,`add_time`,`article_author` FROM `carver_article` WHERE  `article_id` = 23/ LIMIT 1 [ RunTime:0.000455s ]
[2021-07-21T14:33:08+08:00][sql] SELECT `article_id`,`article_title`,`article_desc`,`article_content`,`article_img`,`article_guide`,`article_label`,`click_num`,`is_show`,`add_time`,`article_author` FROM `carver_article` WHERE  `article_id` > 23/ LIMIT 1 [ RunTime:0.000480s ]
[2021-07-21T14:33:08+08:00][sql] SELECT `article_id`,`article_title`,`article_desc`,`article_content`,`article_img`,`article_guide`,`article_label`,`click_num`,`is_show`,`add_time`,`article_author` FROM `carver_article` WHERE  `article_id` < 23/ ORDER BY `article_id` DESC LIMIT 1 [ RunTime:0.000460s ]
[2021-07-21T14:33:08+08:00][sql] SHOW FULL COLUMNS FROM `carver_link` [ RunTime:0.000612s ]
[2021-07-21T14:33:08+08:00][sql] SELECT * FROM `carver_link` WHERE  ( is_confirm=2 ) LIMIT 20 [ RunTime:0.000295s ]
[2021-07-21T14:33:08+08:00][sql] SELECT article_id,article_title,click_num,FROM_UNIXTIME(add_time,'%Y-%m-%d') as add_time FROM `carver_article` ORDER BY `click_num` DESC LIMIT 3 [ RunTime:0.000335s ]
[2021-07-21T14:33:08+08:00][sql] SHOW FULL COLUMNS FROM `carver_comment` [ RunTime:0.000587s ]
[2021-07-21T14:33:08+08:00][sql] SELECT `a`.*,`b`.`user_name` FROM `carver_comment` `a` INNER JOIN `carver_user` `b` ON `a`.`user_id`=`b`.`user_id` WHERE  `article_id` = 23/ ORDER BY `create_time` DESC [ RunTime:0.000350s ]
[2021-07-21T14:33:08+08:00][sql] SHOW FULL COLUMNS FROM `carver_comment_to_others` [ RunTime:0.000560s ]
[2021-07-21T14:33:08+08:00][sql] SELECT * FROM `carver_comment_to_others` [ RunTime:0.000263s ]
[2021-07-21T14:33:08+08:00][sql] SHOW FULL COLUMNS FROM `carver_user` [ RunTime:0.000469s ]
[2021-07-21T14:33:08+08:00][sql] SELECT `user_name` FROM `carver_user` WHERE  `user_id` = 4 LIMIT 1 [ RunTime:0.000253s ]
[2021-07-21T14:33:08+08:00][sql] SELECT `user_name` FROM `carver_user` WHERE  `user_id` = 4 LIMIT 1 [ RunTime:0.000209s ]
[2021-07-21T14:33:08+08:00][sql] SELECT `user_name` FROM `carver_user` WHERE  `user_id` = 5 LIMIT 1 [ RunTime:0.000208s ]
[2021-07-21T14:33:08+08:00][sql] SELECT `user_name` FROM `carver_user` WHERE  `user_id` = 5 LIMIT 1 [ RunTime:0.000231s ]
[2021-07-21T14:33:08+08:00][sql] SELECT `user_name` FROM `carver_user` WHERE  `user_id` = 37 LIMIT 1 [ RunTime:0.000212s ]
[2021-07-21T14:33:08+08:00][sql] SHOW FULL COLUMNS FROM `carver_navigation` [ RunTime:0.000521s ]
[2021-07-21T14:33:08+08:00][sql] SELECT * FROM `carver_navigation` [ RunTime:0.000243s ]
[2021-07-21T14:33:08+08:00][sql] SELECT `article_label` FROM `carver_article` [ RunTime:0.000258s ]
[2021-07-21T18:55:20+08:00][sql] CONNECT:[ UseTime:0.000529s ] mysql:host=127.0.0.1;port=3306;dbname=carver;charset=utf8
[2021-07-21T18:55:20+08:00][sql] SHOW FULL COLUMNS FROM `carver_article` [ RunTime:0.000957s ]
[2021-07-21T18:55:20+08:00][sql] SELECT `article_id`,`article_title`,`article_desc`,`article_content`,`article_img`,`article_guide`,`article_label`,`click_num`,`is_show`,`add_time`,`article_author` FROM `carver_article` WHERE  `article_id` = 25'A=0 LIMIT 1 [ RunTime:0.000460s ]
[2021-07-21T18:55:20+08:00][sql] SELECT `article_id`,`article_title`,`article_desc`,`article_content`,`article_img`,`article_guide`,`article_label`,`click_num`,`is_show`,`add_time`,`article_author` FROM `carver_article` WHERE  `article_id` > 25'A=0 LIMIT 1 [ RunTime:0.000583s ]
[2021-07-21T18:55:20+08:00][sql] SELECT `article_id`,`article_title`,`article_desc`,`article_content`,`article_img`,`article_guide`,`article_label`,`click_num`,`is_show`,`add_time`,`article_author` FROM `carver_article` WHERE  `article_id` < 25'A=0 ORDER BY `article_id` DESC LIMIT 1 [ RunTime:0.000429s ]
[2021-07-21T18:55:20+08:00][sql] SHOW FULL COLUMNS FROM `carver_link` [ RunTime:0.000626s ]
[2021-07-21T18:55:20+08:00][sql] SELECT * FROM `carver_link` WHERE  ( is_confirm=2 ) LIMIT 20 [ RunTime:0.000335s ]
[2021-07-21T18:55:20+08:00][sql] SELECT article_id,article_title,click_num,FROM_UNIXTIME(add_time,'%Y-%m-%d') as add_time FROM `carver_article` ORDER BY `click_num` DESC LIMIT 3 [ RunTime:0.000356s ]
[2021-07-21T18:55:20+08:00][sql] SHOW FULL COLUMNS FROM `carver_comment` [ RunTime:0.000807s ]
[2021-07-21T18:55:20+08:00][sql] SELECT `a`.*,`b`.`user_name` FROM `carver_comment` `a` INNER JOIN `carver_user` `b` ON `a`.`user_id`=`b`.`user_id` WHERE  `article_id` = 25'A=0 ORDER BY `create_time` DESC [ RunTime:0.000379s ]
[2021-07-21T18:55:20+08:00][sql] SHOW FULL COLUMNS FROM `carver_comment_to_others` [ RunTime:0.000733s ]
[2021-07-21T18:55:20+08:00][sql] SELECT * FROM `carver_comment_to_others` [ RunTime:0.000241s ]
[2021-07-21T18:55:20+08:00][sql] SHOW FULL COLUMNS FROM `carver_user` [ RunTime:0.000498s ]
[2021-07-21T18:55:20+08:00][sql] SELECT `user_name` FROM `carver_user` WHERE  `user_id` = 4 LIMIT 1 [ RunTime:0.000241s ]
[2021-07-21T18:55:20+08:00][sql] SELECT `user_name` FROM `carver_user` WHERE  `user_id` = 4 LIMIT 1 [ RunTime:0.000243s ]
[2021-07-21T18:55:20+08:00][sql] SELECT `user_name` FROM `carver_user` WHERE  `user_id` = 5 LIMIT 1 [ RunTime:0.000223s ]
[2021-07-21T18:55:20+08:00][sql] SELECT `user_name` FROM `carver_user` WHERE  `user_id` = 5 LIMIT 1 [ RunTime:0.000241s ]
[2021-07-21T18:55:20+08:00][sql] SELECT `user_name` FROM `carver_user` WHERE  `user_id` = 37 LIMIT 1 [ RunTime:0.000233s ]
[2021-07-21T18:55:20+08:00][sql] SELECT `user_name`,`user_id` FROM `carver_user` [ RunTime:0.000323s ]
[2021-07-21T18:55:20+08:00][sql] SHOW FULL COLUMNS FROM `carver_navigation` [ RunTime:0.000680s ]
[2021-07-21T18:55:20+08:00][sql] SELECT * FROM `carver_navigation` [ RunTime:0.000348s ]
[2021-07-21T18:55:20+08:00][sql] SELECT `article_label` FROM `carver_article` [ RunTime:0.000319s ]
[2021-07-21T19:35:37+08:00][sql] CONNECT:[ UseTime:0.000579s ] mysql:host=127.0.0.1;port=3306;dbname=carver;charset=utf8
[2021-07-21T19:35:37+08:00][sql] SHOW FULL COLUMNS FROM `carver_user` [ RunTime:0.000986s ]
[2021-07-21T19:35:37+08:00][sql] SHOW FULL COLUMNS FROM `carver_article` [ RunTime:0.000785s ]
[2021-07-21T19:35:37+08:00][sql] SELECT COUNT(*) AS think_count FROM `carver_article` WHERE  `delete_time` = 0  AND `is_show` = 1 [ RunTime:0.000388s ]
[2021-07-21T19:35:37+08:00][sql] SELECT `article_id`,`article_title`,`article_desc`,`article_content`,`article_img`,`article_guide`,`article_label`,`click_num`,`is_show`,`add_time`,`article_author`,`is_top_show` FROM `carver_article` WHERE  `delete_time` = 0  AND `is_show` = 1 ORDER BY `article_id` DESC LIMIT 0,6 [ RunTime:0.000820s ]
[2021-07-21T19:35:37+08:00][sql] SELECT article_id,article_title,click_num,FROM_UNIXTIME(add_time,'%Y-%m-%d') as add_time FROM `carver_article` WHERE  `is_show` = 1  AND `delete_time` = 0 ORDER BY `click_num` DESC LIMIT 3 [ RunTime:0.000579s ]
[2021-07-21T19:35:37+08:00][sql] SHOW FULL COLUMNS FROM `carver_notice` [ RunTime:0.000833s ]
[2021-07-21T19:35:37+08:00][sql] SELECT * FROM `carver_notice` ORDER BY `create_time` DESC LIMIT 3 [ RunTime:0.000289s ]
[2021-07-21T19:35:37+08:00][sql] SHOW FULL COLUMNS FROM `carver_navigation` [ RunTime:0.000618s ]
[2021-07-21T19:35:37+08:00][sql] SELECT * FROM `carver_navigation` [ RunTime:0.000293s ]
[2021-07-21T19:35:37+08:00][sql] SHOW FULL COLUMNS FROM `carver_link` [ RunTime:0.000606s ]
[2021-07-21T19:35:37+08:00][sql] SELECT * FROM `carver_link` WHERE  ( is_confirm=2 ) LIMIT 20 [ RunTime:0.000323s ]
[2021-07-21T19:35:37+08:00][sql] SELECT `article_label` FROM `carver_article` [ RunTime:0.000295s ]
[2021-07-21T19:35:37+08:00][sql] SHOW FULL COLUMNS FROM `carver_carouse` [ RunTime:0.000629s ]
[2021-07-21T19:35:37+08:00][sql] SELECT `carouse_img`,`carouse_desc` FROM `carver_carouse` WHERE  `is_show` = 1 ORDER BY `carouse_sort` DESC LIMIT 3 [ RunTime:0.000400s ]
[2021-07-21T19:35:37+08:00][sql] SHOW FULL COLUMNS FROM `carver_site` [ RunTime:0.000585s ]
[2021-07-21T19:35:37+08:00][sql] SELECT * FROM `carver_site` [ RunTime:0.000254s ]
[2021-07-21T21:26:10+08:00][sql] CONNECT:[ UseTime:0.000621s ] mysql:host=127.0.0.1;port=3306;dbname=carver;charset=utf8
[2021-07-21T21:26:10+08:00][sql] SHOW FULL COLUMNS FROM `carver_article` [ RunTime:0.000929s ]
[2021-07-21T21:26:10+08:00][sql] SELECT COUNT(*) AS think_count FROM `carver_article` WHERE  `article_label` LIKE '%linux%'  AND `delete_time` = 0  AND `is_show` = 1 [ RunTime:0.000414s ]
[2021-07-21T21:26:10+08:00][sql] SELECT * FROM `carver_article` WHERE  `article_label` LIKE '%linux%'  AND `delete_time` = 0  AND `is_show` = 1 LIMIT 0,6 [ RunTime:0.001302s ]
[2021-07-21T21:26:10+08:00][sql] SELECT article_id,article_title,click_num,FROM_UNIXTIME(add_time,'%Y-%m-%d') as add_time FROM `carver_article` WHERE  `is_show` = 1  AND `delete_time` = 0 ORDER BY `click_num` DESC LIMIT 3 [ RunTime:0.000425s ]
[2021-07-21T21:26:10+08:00][sql] SHOW FULL COLUMNS FROM `carver_notice` [ RunTime:0.000616s ]
[2021-07-21T21:26:10+08:00][sql] SELECT * FROM `carver_notice` ORDER BY `create_time` DESC LIMIT 3 [ RunTime:0.000276s ]
[2021-07-21T21:26:10+08:00][sql] SHOW FULL COLUMNS FROM `carver_navigation` [ RunTime:0.000553s ]
[2021-07-21T21:26:10+08:00][sql] SELECT * FROM `carver_navigation` [ RunTime:0.000253s ]
[2021-07-21T21:26:10+08:00][sql] SHOW FULL COLUMNS FROM `carver_link` [ RunTime:0.000529s ]
[2021-07-21T21:26:10+08:00][sql] SELECT * FROM `carver_link` WHERE  ( is_confirm=2 ) LIMIT 20 [ RunTime:0.000310s ]
[2021-07-21T21:26:10+08:00][sql] SELECT `article_label` FROM `carver_article` [ RunTime:0.000254s ]
[2021-07-21T21:26:10+08:00][sql] SHOW FULL COLUMNS FROM `carver_carouse` [ RunTime:0.000500s ]
[2021-07-21T21:26:10+08:00][sql] SELECT `carouse_img`,`carouse_desc` FROM `carver_carouse` WHERE  `is_show` = 1 ORDER BY `carouse_sort` DESC LIMIT 3 [ RunTime:0.000303s ]
[2021-07-21T21:26:10+08:00][sql] SHOW FULL COLUMNS FROM `carver_site` [ RunTime:0.000532s ]
[2021-07-21T21:26:10+08:00][sql] SELECT * FROM `carver_site` [ RunTime:0.000402s ]
[2021-07-21T22:35:13+08:00][sql] CONNECT:[ UseTime:0.000650s ] mysql:host=127.0.0.1;port=3306;dbname=carver;charset=utf8
[2021-07-21T22:35:13+08:00][sql] SHOW FULL COLUMNS FROM `carver_user` [ RunTime:0.001041s ]
[2021-07-21T22:35:13+08:00][sql] SHOW FULL COLUMNS FROM `carver_article` [ RunTime:0.000801s ]
[2021-07-21T22:35:13+08:00][sql] SELECT COUNT(*) AS think_count FROM `carver_article` WHERE  `delete_time` = 0  AND `is_show` = 1 [ RunTime:0.000406s ]
[2021-07-21T22:35:13+08:00][sql] SELECT `article_id`,`article_title`,`article_desc`,`article_content`,`article_img`,`article_guide`,`article_label`,`click_num`,`is_show`,`add_time`,`article_author`,`is_top_show` FROM `carver_article` WHERE  `delete_time` = 0  AND `is_show` = 1 ORDER BY `article_id` DESC LIMIT 0,6 [ RunTime:0.000844s ]
[2021-07-21T22:35:13+08:00][sql] SELECT article_id,article_title,click_num,FROM_UNIXTIME(add_time,'%Y-%m-%d') as add_time FROM `carver_article` WHERE  `is_show` = 1  AND `delete_time` = 0 ORDER BY `click_num` DESC LIMIT 3 [ RunTime:0.000514s ]
[2021-07-21T22:35:13+08:00][sql] SHOW FULL COLUMNS FROM `carver_notice` [ RunTime:0.000740s ]
[2021-07-21T22:35:13+08:00][sql] SELECT * FROM `carver_notice` ORDER BY `create_time` DESC LIMIT 3 [ RunTime:0.000324s ]
[2021-07-21T22:35:13+08:00][sql] SHOW FULL COLUMNS FROM `carver_navigation` [ RunTime:0.000669s ]
[2021-07-21T22:35:13+08:00][sql] SELECT * FROM `carver_navigation` [ RunTime:0.000271s ]
[2021-07-21T22:35:13+08:00][sql] SHOW FULL COLUMNS FROM `carver_link` [ RunTime:0.000633s ]
[2021-07-21T22:35:13+08:00][sql] SELECT * FROM `carver_link` WHERE  ( is_confirm=2 ) LIMIT 20 [ RunTime:0.000311s ]
[2021-07-21T22:35:13+08:00][sql] SELECT `article_label` FROM `carver_article` [ RunTime:0.000310s ]
[2021-07-21T22:35:13+08:00][sql] SHOW FULL COLUMNS FROM `carver_carouse` [ RunTime:0.000601s ]
[2021-07-21T22:35:13+08:00][sql] SELECT `carouse_img`,`carouse_desc` FROM `carver_carouse` WHERE  `is_show` = 1 ORDER BY `carouse_sort` DESC LIMIT 3 [ RunTime:0.000320s ]
[2021-07-21T22:35:13+08:00][sql] SHOW FULL COLUMNS FROM `carver_site` [ RunTime:0.000593s ]
[2021-07-21T22:35:13+08:00][sql] SELECT * FROM `carver_site` [ RunTime:0.000236s ]
[2021-07-21T22:38:31+08:00][sql] CONNECT:[ UseTime:0.000592s ] mysql:host=127.0.0.1;port=3306;dbname=carver;charset=utf8
[2021-07-21T22:38:31+08:00][sql] SHOW FULL COLUMNS FROM `carver_user` [ RunTime:0.000855s ]
[2021-07-21T22:38:31+08:00][sql] SHOW FULL COLUMNS FROM `carver_article` [ RunTime:0.000733s ]
[2021-07-21T22:38:31+08:00][sql] SELECT COUNT(*) AS think_count FROM `carver_article` WHERE  `delete_time` = 0  AND `is_show` = 1 [ RunTime:0.000397s ]
[2021-07-21T22:38:31+08:00][sql] SELECT `article_id`,`article_title`,`article_desc`,`article_content`,`article_img`,`article_guide`,`article_label`,`click_num`,`is_show`,`add_time`,`article_author`,`is_top_show` FROM `carver_article` WHERE  `delete_time` = 0  AND `is_show` = 1 ORDER BY `article_id` DESC LIMIT 0,6 [ RunTime:0.000754s ]
[2021-07-21T22:38:31+08:00][sql] SELECT article_id,article_title,click_num,FROM_UNIXTIME(add_time,'%Y-%m-%d') as add_time FROM `carver_article` WHERE  `is_show` = 1  AND `delete_time` = 0 ORDER BY `click_num` DESC LIMIT 3 [ RunTime:0.000498s ]
[2021-07-21T22:38:31+08:00][sql] SHOW FULL COLUMNS FROM `carver_notice` [ RunTime:0.000580s ]
[2021-07-21T22:38:31+08:00][sql] SELECT * FROM `carver_notice` ORDER BY `create_time` DESC LIMIT 3 [ RunTime:0.000270s ]
[2021-07-21T22:38:31+08:00][sql] SHOW FULL COLUMNS FROM `carver_navigation` [ RunTime:0.000508s ]
[2021-07-21T22:38:31+08:00][sql] SELECT * FROM `carver_navigation` [ RunTime:0.000235s ]
[2021-07-21T22:38:31+08:00][sql] SHOW FULL COLUMNS FROM `carver_link` [ RunTime:0.000523s ]
[2021-07-21T22:38:31+08:00][sql] SELECT * FROM `carver_link` WHERE  ( is_confirm=2 ) LIMIT 20 [ RunTime:0.000283s ]
[2021-07-21T22:38:31+08:00][sql] SELECT `article_label` FROM `carver_article` [ RunTime:0.000281s ]
[2021-07-21T22:38:31+08:00][sql] SHOW FULL COLUMNS FROM `carver_carouse` [ RunTime:0.000641s ]
[2021-07-21T22:38:31+08:00][sql] SELECT `carouse_img`,`carouse_desc` FROM `carver_carouse` WHERE  `is_show` = 1 ORDER BY `carouse_sort` DESC LIMIT 3 [ RunTime:0.000289s ]
[2021-07-21T22:38:31+08:00][sql] SHOW FULL COLUMNS FROM `carver_site` [ RunTime:0.000523s ]
[2021-07-21T22:38:31+08:00][sql] SELECT * FROM `carver_site` [ RunTime:0.000238s ]
[2021-07-21T22:42:31+08:00][sql] CONNECT:[ UseTime:0.000602s ] mysql:host=127.0.0.1;port=3306;dbname=carver;charset=utf8
[2021-07-21T22:42:31+08:00][sql] SHOW FULL COLUMNS FROM `carver_user` [ RunTime:0.000943s ]
[2021-07-21T22:42:31+08:00][sql] SHOW FULL COLUMNS FROM `carver_article` [ RunTime:0.000728s ]
[2021-07-21T22:42:31+08:00][sql] SELECT COUNT(*) AS think_count FROM `carver_article` WHERE  `delete_time` = 0  AND `is_show` = 1 [ RunTime:0.000428s ]
[2021-07-21T22:42:31+08:00][sql] SELECT `article_id`,`article_title`,`article_desc`,`article_content`,`article_img`,`article_guide`,`article_label`,`click_num`,`is_show`,`add_time`,`article_author`,`is_top_show` FROM `carver_article` WHERE  `delete_time` = 0  AND `is_show` = 1 ORDER BY `article_id` DESC LIMIT 0,6 [ RunTime:0.000846s ]
[2021-07-21T22:42:31+08:00][sql] SELECT article_id,article_title,click_num,FROM_UNIXTIME(add_time,'%Y-%m-%d') as add_time FROM `carver_article` WHERE  `is_show` = 1  AND `delete_time` = 0 ORDER BY `click_num` DESC LIMIT 3 [ RunTime:0.000395s ]
[2021-07-21T22:42:31+08:00][sql] SHOW FULL COLUMNS FROM `carver_notice` [ RunTime:0.000560s ]
[2021-07-21T22:42:31+08:00][sql] SELECT * FROM `carver_notice` ORDER BY `create_time` DESC LIMIT 3 [ RunTime:0.000257s ]
[2021-07-21T22:42:31+08:00][sql] SHOW FULL COLUMNS FROM `carver_navigation` [ RunTime:0.000519s ]
[2021-07-21T22:42:31+08:00][sql] SELECT * FROM `carver_navigation` [ RunTime:0.000231s ]
[2021-07-21T22:42:31+08:00][sql] SHOW FULL COLUMNS FROM `carver_link` [ RunTime:0.000509s ]
[2021-07-21T22:42:31+08:00][sql] SELECT * FROM `carver_link` WHERE  ( is_confirm=2 ) LIMIT 20 [ RunTime:0.000281s ]
[2021-07-21T22:42:31+08:00][sql] SELECT `article_label` FROM `carver_article` [ RunTime:0.000277s ]
[2021-07-21T22:42:31+08:00][sql] SHOW FULL COLUMNS FROM `carver_carouse` [ RunTime:0.000517s ]
[2021-07-21T22:42:31+08:00][sql] SELECT `carouse_img`,`carouse_desc` FROM `carver_carouse` WHERE  `is_show` = 1 ORDER BY `carouse_sort` DESC LIMIT 3 [ RunTime:0.000278s ]
[2021-07-21T22:42:31+08:00][sql] SHOW FULL COLUMNS FROM `carver_site` [ RunTime:0.000522s ]
[2021-07-21T22:42:31+08:00][sql] SELECT * FROM `carver_site` [ RunTime:0.000238s ]
[2021-07-21T22:46:46+08:00][sql] CONNECT:[ UseTime:0.000544s ] mysql:host=127.0.0.1;port=3306;dbname=carver;charset=utf8
[2021-07-21T22:46:46+08:00][sql] SHOW FULL COLUMNS FROM `carver_article` [ RunTime:0.000980s ]
[2021-07-21T22:46:46+08:00][sql] SELECT COUNT(*) AS think_count FROM `carver_article` WHERE  `article_label` LIKE '%c++%'  AND `delete_time` = 0  AND `is_show` = 1 [ RunTime:0.000422s ]
[2021-07-21T22:46:46+08:00][sql] SELECT * FROM `carver_article` WHERE  `article_label` LIKE '%c++%'  AND `delete_time` = 0  AND `is_show` = 1 LIMIT 0,6 [ RunTime:0.001070s ]
[2021-07-21T22:46:46+08:00][sql] SELECT article_id,article_title,click_num,FROM_UNIXTIME(add_time,'%Y-%m-%d') as add_time FROM `carver_article` WHERE  `is_show` = 1  AND `delete_time` = 0 ORDER BY `click_num` DESC LIMIT 3 [ RunTime:0.000570s ]
[2021-07-21T22:46:46+08:00][sql] SHOW FULL COLUMNS FROM `carver_notice` [ RunTime:0.000799s ]
[2021-07-21T22:46:46+08:00][sql] SELECT * FROM `carver_notice` ORDER BY `create_time` DESC LIMIT 3 [ RunTime:0.000397s ]
[2021-07-21T22:46:46+08:00][sql] SHOW FULL COLUMNS FROM `carver_navigation` [ RunTime:0.000723s ]
[2021-07-21T22:46:46+08:00][sql] SELECT * FROM `carver_navigation` [ RunTime:0.000294s ]
[2021-07-21T22:46:46+08:00][sql] SHOW FULL COLUMNS FROM `carver_link` [ RunTime:0.000637s ]
[2021-07-21T22:46:46+08:00][sql] SELECT * FROM `carver_link` WHERE  ( is_confirm=2 ) LIMIT 20 [ RunTime:0.000377s ]
[2021-07-21T22:46:46+08:00][sql] SELECT `article_label` FROM `carver_article` [ RunTime:0.000290s ]
[2021-07-21T22:46:46+08:00][sql] SHOW FULL COLUMNS FROM `carver_carouse` [ RunTime:0.000715s ]
[2021-07-21T22:46:46+08:00][sql] SELECT `carouse_img`,`carouse_desc` FROM `carver_carouse` WHERE  `is_show` = 1 ORDER BY `carouse_sort` DESC LIMIT 3 [ RunTime:0.000364s ]
[2021-07-21T22:46:46+08:00][sql] SHOW FULL COLUMNS FROM `carver_site` [ RunTime:0.000643s ]
[2021-07-21T22:46:46+08:00][sql] SELECT * FROM `carver_site` [ RunTime:0.000336s ]
