[2021-07-23T00:17:51+08:00][sql] CONNECT:[ UseTime:0.000632s ] mysql:host=127.0.0.1;port=3306;dbname=carver;charset=utf8
[2021-07-23T00:17:51+08:00][sql] SHOW FULL COLUMNS FROM `carver_article` [ RunTime:0.001037s ]
[2021-07-23T00:17:51+08:00][sql] SELECT `article_id`,`article_title`,`article_desc`,`article_content`,`article_img`,`article_guide`,`article_label`,`click_num`,`is_show`,`add_time`,`article_author` FROM `carver_article` WHERE  `article_id` = 19 LIMIT 1 [ RunTime:0.003265s ]
[2021-07-23T00:17:51+08:00][sql] SELECT `article_id`,`article_title`,`article_desc`,`article_content`,`article_img`,`article_guide`,`article_label`,`click_num`,`is_show`,`add_time`,`article_author` FROM `carver_article` WHERE  `article_id` > 19 LIMIT 1 [ RunTime:0.000795s ]
[2021-07-23T00:17:51+08:00][sql] SELECT `article_id`,`article_title`,`article_desc`,`article_content`,`article_img`,`article_guide`,`article_label`,`click_num`,`is_show`,`add_time`,`article_author` FROM `carver_article` WHERE  `article_id` < 19 ORDER BY `article_id` DESC LIMIT 1 [ RunTime:0.000472s ]
[2021-07-23T00:17:51+08:00][sql] SHOW FULL COLUMNS FROM `carver_link` [ RunTime:0.000712s ]
[2021-07-23T00:17:51+08:00][sql] SELECT * FROM `carver_link` WHERE  ( is_confirm=2 ) LIMIT 20 [ RunTime:0.000318s ]
[2021-07-23T00:17:51+08:00][sql] SELECT article_id,article_title,click_num,FROM_UNIXTIME(add_time,'%Y-%m-%d') as add_time FROM `carver_article` ORDER BY `click_num` DESC LIMIT 3 [ RunTime:0.000419s ]
[2021-07-23T00:17:51+08:00][sql] SHOW FULL COLUMNS FROM `carver_comment` [ RunTime:0.000638s ]
[2021-07-23T00:17:51+08:00][sql] SELECT `a`.*,`b`.`user_name` FROM `carver_comment` `a` INNER JOIN `carver_user` `b` ON `a`.`user_id`=`b`.`user_id` WHERE  `article_id` = 19 ORDER BY `create_time` DESC [ RunTime:0.000394s ]
[2021-07-23T00:17:51+08:00][sql] SHOW FULL COLUMNS FROM `carver_comment_to_others` [ RunTime:0.001319s ]
[2021-07-23T00:17:51+08:00][sql] SELECT * FROM `carver_comment_to_others` [ RunTime:0.000400s ]
[2021-07-23T00:17:51+08:00][sql] SHOW FULL COLUMNS FROM `carver_user` [ RunTime:0.000539s ]
[2021-07-23T00:17:51+08:00][sql] SELECT `user_name` FROM `carver_user` WHERE  `user_id` = 4 LIMIT 1 [ RunTime:0.000274s ]
[2021-07-23T00:17:51+08:00][sql] SELECT `user_name` FROM `carver_user` WHERE  `user_id` = 4 LIMIT 1 [ RunTime:0.000249s ]
[2021-07-23T00:17:51+08:00][sql] SELECT `user_name` FROM `carver_user` WHERE  `user_id` = 5 LIMIT 1 [ RunTime:0.000236s ]
[2021-07-23T00:17:51+08:00][sql] SELECT `user_name` FROM `carver_user` WHERE  `user_id` = 5 LIMIT 1 [ RunTime:0.000208s ]
[2021-07-23T00:17:51+08:00][sql] SELECT `user_name` FROM `carver_user` WHERE  `user_id` = 37 LIMIT 1 [ RunTime:0.000227s ]
[2021-07-23T00:17:51+08:00][sql] SELECT `user_name`,`user_id` FROM `carver_user` [ RunTime:0.000268s ]
[2021-07-23T00:17:51+08:00][sql] SHOW FULL COLUMNS FROM `carver_navigation` [ RunTime:0.000634s ]
[2021-07-23T00:17:51+08:00][sql] SELECT * FROM `carver_navigation` [ RunTime:0.000256s ]
[2021-07-23T00:17:51+08:00][sql] SELECT `article_label` FROM `carver_article` [ RunTime:0.000383s ]
[2021-07-23T01:16:46+08:00][sql] CONNECT:[ UseTime:0.000577s ] mysql:host=127.0.0.1;port=3306;dbname=carver;charset=utf8
[2021-07-23T01:16:46+08:00][sql] SHOW FULL COLUMNS FROM `carver_article` [ RunTime:0.000995s ]
[2021-07-23T01:16:46+08:00][sql] SELECT `article_id`,`article_title`,`article_desc`,`article_content`,`article_img`,`article_guide`,`article_label`,`click_num`,`is_show`,`add_time`,`article_author` FROM `carver_article` WHERE  `article_id` = 25/ LIMIT 1 [ RunTime:0.000489s ]
[2021-07-23T01:16:46+08:00][sql] SELECT `article_id`,`article_title`,`article_desc`,`article_content`,`article_img`,`article_guide`,`article_label`,`click_num`,`is_show`,`add_time`,`article_author` FROM `carver_article` WHERE  `article_id` > 25/ LIMIT 1 [ RunTime:0.000583s ]
[2021-07-23T01:16:46+08:00][sql] SELECT `article_id`,`article_title`,`article_desc`,`article_content`,`article_img`,`article_guide`,`article_label`,`click_num`,`is_show`,`add_time`,`article_author` FROM `carver_article` WHERE  `article_id` < 25/ ORDER BY `article_id` DESC LIMIT 1 [ RunTime:0.000407s ]
[2021-07-23T01:16:46+08:00][sql] SHOW FULL COLUMNS FROM `carver_link` [ RunTime:0.000652s ]
[2021-07-23T01:16:46+08:00][sql] SELECT * FROM `carver_link` WHERE  ( is_confirm=2 ) LIMIT 20 [ RunTime:0.000318s ]
[2021-07-23T01:16:46+08:00][sql] SELECT article_id,article_title,click_num,FROM_UNIXTIME(add_time,'%Y-%m-%d') as add_time FROM `carver_article` ORDER BY `click_num` DESC LIMIT 3 [ RunTime:0.000380s ]
[2021-07-23T01:16:46+08:00][sql] SHOW FULL COLUMNS FROM `carver_comment` [ RunTime:0.000621s ]
[2021-07-23T01:16:46+08:00][sql] SELECT `a`.*,`b`.`user_name` FROM `carver_comment` `a` INNER JOIN `carver_user` `b` ON `a`.`user_id`=`b`.`user_id` WHERE  `article_id` = 25/ ORDER BY `create_time` DESC [ RunTime:0.000374s ]
[2021-07-23T01:16:46+08:00][sql] SHOW FULL COLUMNS FROM `carver_comment_to_others` [ RunTime:0.000562s ]
[2021-07-23T01:16:46+08:00][sql] SELECT * FROM `carver_comment_to_others` [ RunTime:0.000264s ]
[2021-07-23T01:16:46+08:00][sql] SHOW FULL COLUMNS FROM `carver_user` [ RunTime:0.000507s ]
[2021-07-23T01:16:46+08:00][sql] SELECT `user_name` FROM `carver_user` WHERE  `user_id` = 4 LIMIT 1 [ RunTime:0.000266s ]
[2021-07-23T01:16:46+08:00][sql] SELECT `user_name` FROM `carver_user` WHERE  `user_id` = 4 LIMIT 1 [ RunTime:0.000213s ]
[2021-07-23T01:16:46+08:00][sql] SELECT `user_name` FROM `carver_user` WHERE  `user_id` = 5 LIMIT 1 [ RunTime:0.000223s ]
[2021-07-23T01:16:46+08:00][sql] SELECT `user_name` FROM `carver_user` WHERE  `user_id` = 5 LIMIT 1 [ RunTime:0.000238s ]
[2021-07-23T01:16:46+08:00][sql] SELECT `user_name` FROM `carver_user` WHERE  `user_id` = 37 LIMIT 1 [ RunTime:0.000244s ]
[2021-07-23T01:16:46+08:00][sql] SELECT `user_name`,`user_id` FROM `carver_user` [ RunTime:0.000239s ]
[2021-07-23T01:16:46+08:00][sql] SHOW FULL COLUMNS FROM `carver_navigation` [ RunTime:0.000618s ]
[2021-07-23T01:16:46+08:00][sql] SELECT * FROM `carver_navigation` [ RunTime:0.000239s ]
[2021-07-23T01:16:46+08:00][sql] SELECT `article_label` FROM `carver_article` [ RunTime:0.000329s ]
[2021-07-23T01:18:28+08:00][sql] CONNECT:[ UseTime:0.000605s ] mysql:host=127.0.0.1;port=3306;dbname=carver;charset=utf8
[2021-07-23T01:18:28+08:00][sql] SHOW FULL COLUMNS FROM `carver_article` [ RunTime:0.000955s ]
[2021-07-23T01:18:28+08:00][sql] SELECT COUNT(*) AS think_count FROM `carver_article` WHERE  `article_label` LIKE '%javascript;c%'  AND `delete_time` = 0  AND `is_show` = 1 [ RunTime:0.000479s ]
[2021-07-23T01:18:28+08:00][sql] SELECT * FROM `carver_article` WHERE  `article_label` LIKE '%javascript;c%'  AND `delete_time` = 0  AND `is_show` = 1 LIMIT 0,6 [ RunTime:0.000989s ]
[2021-07-23T01:18:28+08:00][sql] SELECT article_id,article_title,click_num,FROM_UNIXTIME(add_time,'%Y-%m-%d') as add_time FROM `carver_article` WHERE  `is_show` = 1  AND `delete_time` = 0 ORDER BY `click_num` DESC LIMIT 3 [ RunTime:0.000518s ]
[2021-07-23T01:18:28+08:00][sql] SHOW FULL COLUMNS FROM `carver_notice` [ RunTime:0.000752s ]
[2021-07-23T01:18:28+08:00][sql] SELECT * FROM `carver_notice` ORDER BY `create_time` DESC LIMIT 3 [ RunTime:0.000342s ]
[2021-07-23T01:18:28+08:00][sql] SHOW FULL COLUMNS FROM `carver_navigation` [ RunTime:0.000641s ]
[2021-07-23T01:18:28+08:00][sql] SELECT * FROM `carver_navigation` [ RunTime:0.000297s ]
[2021-07-23T01:18:28+08:00][sql] SHOW FULL COLUMNS FROM `carver_link` [ RunTime:0.000654s ]
[2021-07-23T01:18:28+08:00][sql] SELECT * FROM `carver_link` WHERE  ( is_confirm=2 ) LIMIT 20 [ RunTime:0.000370s ]
[2021-07-23T01:18:28+08:00][sql] SELECT `article_label` FROM `carver_article` [ RunTime:0.000294s ]
[2021-07-23T01:18:28+08:00][sql] SHOW FULL COLUMNS FROM `carver_carouse` [ RunTime:0.000597s ]
[2021-07-23T01:18:28+08:00][sql] SELECT `carouse_img`,`carouse_desc` FROM `carver_carouse` WHERE  `is_show` = 1 ORDER BY `carouse_sort` DESC LIMIT 3 [ RunTime:0.000344s ]
[2021-07-23T01:18:28+08:00][sql] SHOW FULL COLUMNS FROM `carver_site` [ RunTime:0.000576s ]
[2021-07-23T01:18:28+08:00][sql] SELECT * FROM `carver_site` [ RunTime:0.000329s ]
[2021-07-23T01:18:50+08:00][sql] CONNECT:[ UseTime:0.000630s ] mysql:host=127.0.0.1;port=3306;dbname=carver;charset=utf8
[2021-07-23T01:18:50+08:00][sql] SHOW FULL COLUMNS FROM `carver_article` [ RunTime:0.000968s ]
[2021-07-23T01:18:50+08:00][sql] SELECT COUNT(*) AS think_count FROM `carver_article` WHERE  `article_label` LIKE '%php;c%'  AND `delete_time` = 0  AND `is_show` = 1 [ RunTime:0.000462s ]
[2021-07-23T01:18:50+08:00][sql] SELECT * FROM `carver_article` WHERE  `article_label` LIKE '%php;c%'  AND `delete_time` = 0  AND `is_show` = 1 LIMIT 0,6 [ RunTime:0.001088s ]
[2021-07-23T01:18:50+08:00][sql] SELECT article_id,article_title,click_num,FROM_UNIXTIME(add_time,'%Y-%m-%d') as add_time FROM `carver_article` WHERE  `is_show` = 1  AND `delete_time` = 0 ORDER BY `click_num` DESC LIMIT 3 [ RunTime:0.000523s ]
[2021-07-23T01:18:50+08:00][sql] SHOW FULL COLUMNS FROM `carver_notice` [ RunTime:0.000875s ]
[2021-07-23T01:18:50+08:00][sql] SELECT * FROM `carver_notice` ORDER BY `create_time` DESC LIMIT 3 [ RunTime:0.000496s ]
[2021-07-23T01:18:50+08:00][sql] SHOW FULL COLUMNS FROM `carver_navigation` [ RunTime:0.000718s ]
[2021-07-23T01:18:50+08:00][sql] SELECT * FROM `carver_navigation` [ RunTime:0.000287s ]
[2021-07-23T01:18:50+08:00][sql] SHOW FULL COLUMNS FROM `carver_link` [ RunTime:0.000697s ]
[2021-07-23T01:18:50+08:00][sql] SELECT * FROM `carver_link` WHERE  ( is_confirm=2 ) LIMIT 20 [ RunTime:0.000417s ]
[2021-07-23T01:18:50+08:00][sql] SELECT `article_label` FROM `carver_article` [ RunTime:0.000286s ]
[2021-07-23T01:18:50+08:00][sql] SHOW FULL COLUMNS FROM `carver_carouse` [ RunTime:0.000694s ]
[2021-07-23T01:18:50+08:00][sql] SELECT `carouse_img`,`carouse_desc` FROM `carver_carouse` WHERE  `is_show` = 1 ORDER BY `carouse_sort` DESC LIMIT 3 [ RunTime:0.000372s ]
[2021-07-23T01:18:50+08:00][sql] SHOW FULL COLUMNS FROM `carver_site` [ RunTime:0.000670s ]
[2021-07-23T01:18:50+08:00][sql] SELECT * FROM `carver_site` [ RunTime:0.000327s ]
[2021-07-23T01:19:18+08:00][sql] CONNECT:[ UseTime:0.000629s ] mysql:host=127.0.0.1;port=3306;dbname=carver;charset=utf8
[2021-07-23T01:19:18+08:00][sql] SHOW FULL COLUMNS FROM `carver_article` [ RunTime:0.000947s ]
[2021-07-23T01:19:18+08:00][sql] SELECT COUNT(*) AS think_count FROM `carver_article` WHERE  `article_label` LIKE '%php;git/%'  AND `delete_time` = 0  AND `is_show` = 1 [ RunTime:0.000429s ]
[2021-07-23T01:19:18+08:00][sql] SELECT * FROM `carver_article` WHERE  `article_label` LIKE '%php;git/%'  AND `delete_time` = 0  AND `is_show` = 1 LIMIT 0,6 [ RunTime:0.001003s ]
[2021-07-23T01:19:18+08:00][sql] SELECT article_id,article_title,click_num,FROM_UNIXTIME(add_time,'%Y-%m-%d') as add_time FROM `carver_article` WHERE  `is_show` = 1  AND `delete_time` = 0 ORDER BY `click_num` DESC LIMIT 3 [ RunTime:0.000446s ]
[2021-07-23T01:19:18+08:00][sql] SHOW FULL COLUMNS FROM `carver_notice` [ RunTime:0.000699s ]
[2021-07-23T01:19:18+08:00][sql] SELECT * FROM `carver_notice` ORDER BY `create_time` DESC LIMIT 3 [ RunTime:0.000317s ]
[2021-07-23T01:19:18+08:00][sql] SHOW FULL COLUMNS FROM `carver_navigation` [ RunTime:0.000596s ]
[2021-07-23T01:19:18+08:00][sql] SELECT * FROM `carver_navigation` [ RunTime:0.000286s ]
[2021-07-23T01:19:18+08:00][sql] SHOW FULL COLUMNS FROM `carver_link` [ RunTime:0.000571s ]
[2021-07-23T01:19:18+08:00][sql] SELECT * FROM `carver_link` WHERE  ( is_confirm=2 ) LIMIT 20 [ RunTime:0.000336s ]
[2021-07-23T01:19:18+08:00][sql] SELECT `article_label` FROM `carver_article` [ RunTime:0.000288s ]
[2021-07-23T01:19:18+08:00][sql] SHOW FULL COLUMNS FROM `carver_carouse` [ RunTime:0.000607s ]
[2021-07-23T01:19:18+08:00][sql] SELECT `carouse_img`,`carouse_desc` FROM `carver_carouse` WHERE  `is_show` = 1 ORDER BY `carouse_sort` DESC LIMIT 3 [ RunTime:0.000313s ]
[2021-07-23T01:19:18+08:00][sql] SHOW FULL COLUMNS FROM `carver_site` [ RunTime:0.000581s ]
[2021-07-23T01:19:18+08:00][sql] SELECT * FROM `carver_site` [ RunTime:0.000328s ]
[2021-07-23T01:19:36+08:00][sql] CONNECT:[ UseTime:0.000619s ] mysql:host=127.0.0.1;port=3306;dbname=carver;charset=utf8
[2021-07-23T01:19:36+08:00][sql] SHOW FULL COLUMNS FROM `carver_article` [ RunTime:0.000946s ]
[2021-07-23T01:19:36+08:00][sql] SELECT COUNT(*) AS think_count FROM `carver_article` WHERE  `article_label` LIKE '%php;javascript;c%'  AND `delete_time` = 0  AND `is_show` = 1 [ RunTime:0.000524s ]
[2021-07-23T01:19:36+08:00][sql] SELECT * FROM `carver_article` WHERE  `article_label` LIKE '%php;javascript;c%'  AND `delete_time` = 0  AND `is_show` = 1 LIMIT 0,6 [ RunTime:0.001243s ]
[2021-07-23T01:19:36+08:00][sql] SELECT article_id,article_title,click_num,FROM_UNIXTIME(add_time,'%Y-%m-%d') as add_time FROM `carver_article` WHERE  `is_show` = 1  AND `delete_time` = 0 ORDER BY `click_num` DESC LIMIT 3 [ RunTime:0.000897s ]
[2021-07-23T01:19:36+08:00][sql] SHOW FULL COLUMNS FROM `carver_notice` [ RunTime:0.000976s ]
[2021-07-23T01:19:36+08:00][sql] SELECT * FROM `carver_notice` ORDER BY `create_time` DESC LIMIT 3 [ RunTime:0.000442s ]
[2021-07-23T01:19:36+08:00][sql] SHOW FULL COLUMNS FROM `carver_navigation` [ RunTime:0.000727s ]
[2021-07-23T01:19:36+08:00][sql] SELECT * FROM `carver_navigation` [ RunTime:0.000373s ]
[2021-07-23T01:19:36+08:00][sql] SHOW FULL COLUMNS FROM `carver_link` [ RunTime:0.000826s ]
[2021-07-23T01:19:36+08:00][sql] SELECT * FROM `carver_link` WHERE  ( is_confirm=2 ) LIMIT 20 [ RunTime:0.000379s ]
[2021-07-23T01:19:36+08:00][sql] SELECT `article_label` FROM `carver_article` [ RunTime:0.000332s ]
[2021-07-23T01:19:36+08:00][sql] SHOW FULL COLUMNS FROM `carver_carouse` [ RunTime:0.000688s ]
[2021-07-23T01:19:36+08:00][sql] SELECT `carouse_img`,`carouse_desc` FROM `carver_carouse` WHERE  `is_show` = 1 ORDER BY `carouse_sort` DESC LIMIT 3 [ RunTime:0.000358s ]
[2021-07-23T01:19:36+08:00][sql] SHOW FULL COLUMNS FROM `carver_site` [ RunTime:0.000837s ]
[2021-07-23T01:19:36+08:00][sql] SELECT * FROM `carver_site` [ RunTime:0.000305s ]
[2021-07-23T01:20:25+08:00][sql] CONNECT:[ UseTime:0.000677s ] mysql:host=127.0.0.1;port=3306;dbname=carver;charset=utf8
[2021-07-23T01:20:25+08:00][sql] SHOW FULL COLUMNS FROM `carver_article` [ RunTime:0.001090s ]
[2021-07-23T01:20:25+08:00][sql] SELECT COUNT(*) AS think_count FROM `carver_article` WHERE  `article_label` LIKE '%php;linux/%'  AND `delete_time` = 0  AND `is_show` = 1 [ RunTime:0.000495s ]
[2021-07-23T01:20:25+08:00][sql] SELECT * FROM `carver_article` WHERE  `article_label` LIKE '%php;linux/%'  AND `delete_time` = 0  AND `is_show` = 1 LIMIT 0,6 [ RunTime:0.001162s ]
[2021-07-23T01:20:25+08:00][sql] SELECT article_id,article_title,click_num,FROM_UNIXTIME(add_time,'%Y-%m-%d') as add_time FROM `carver_article` WHERE  `is_show` = 1  AND `delete_time` = 0 ORDER BY `click_num` DESC LIMIT 3 [ RunTime:0.000516s ]
[2021-07-23T01:20:25+08:00][sql] SHOW FULL COLUMNS FROM `carver_notice` [ RunTime:0.000837s ]
[2021-07-23T01:20:25+08:00][sql] SELECT * FROM `carver_notice` ORDER BY `create_time` DESC LIMIT 3 [ RunTime:0.000360s ]
[2021-07-23T01:20:25+08:00][sql] SHOW FULL COLUMNS FROM `carver_navigation` [ RunTime:0.000719s ]
[2021-07-23T01:20:25+08:00][sql] SELECT * FROM `carver_navigation` [ RunTime:0.000412s ]
[2021-07-23T01:20:25+08:00][sql] SHOW FULL COLUMNS FROM `carver_link` [ RunTime:0.000764s ]
[2021-07-23T01:20:25+08:00][sql] SELECT * FROM `carver_link` WHERE  ( is_confirm=2 ) LIMIT 20 [ RunTime:0.000421s ]
[2021-07-23T01:20:25+08:00][sql] SELECT `article_label` FROM `carver_article` [ RunTime:0.000339s ]
[2021-07-23T01:20:25+08:00][sql] SHOW FULL COLUMNS FROM `carver_carouse` [ RunTime:0.000753s ]
[2021-07-23T01:20:25+08:00][sql] SELECT `carouse_img`,`carouse_desc` FROM `carver_carouse` WHERE  `is_show` = 1 ORDER BY `carouse_sort` DESC LIMIT 3 [ RunTime:0.000421s ]
[2021-07-23T01:20:25+08:00][sql] SHOW FULL COLUMNS FROM `carver_site` [ RunTime:0.000777s ]
[2021-07-23T01:20:25+08:00][sql] SELECT * FROM `carver_site` [ RunTime:0.000411s ]
[2021-07-23T01:20:49+08:00][sql] CONNECT:[ UseTime:0.000566s ] mysql:host=127.0.0.1;port=3306;dbname=carver;charset=utf8
[2021-07-23T01:20:49+08:00][sql] SHOW FULL COLUMNS FROM `carver_article` [ RunTime:0.000865s ]
[2021-07-23T01:20:49+08:00][sql] SELECT COUNT(*) AS think_count FROM `carver_article` WHERE  `article_label` LIKE '%php;mysql/%'  AND `delete_time` = 0  AND `is_show` = 1 [ RunTime:0.000402s ]
[2021-07-23T01:20:49+08:00][sql] SELECT * FROM `carver_article` WHERE  `article_label` LIKE '%php;mysql/%'  AND `delete_time` = 0  AND `is_show` = 1 LIMIT 0,6 [ RunTime:0.001001s ]
[2021-07-23T01:20:49+08:00][sql] SELECT article_id,article_title,click_num,FROM_UNIXTIME(add_time,'%Y-%m-%d') as add_time FROM `carver_article` WHERE  `is_show` = 1  AND `delete_time` = 0 ORDER BY `click_num` DESC LIMIT 3 [ RunTime:0.000418s ]
[2021-07-23T01:20:49+08:00][sql] SHOW FULL COLUMNS FROM `carver_notice` [ RunTime:0.000661s ]
[2021-07-23T01:20:49+08:00][sql] SELECT * FROM `carver_notice` ORDER BY `create_time` DESC LIMIT 3 [ RunTime:0.000285s ]
[2021-07-23T01:20:49+08:00][sql] SHOW FULL COLUMNS FROM `carver_navigation` [ RunTime:0.000601s ]
[2021-07-23T01:20:49+08:00][sql] SELECT * FROM `carver_navigation` [ RunTime:0.000281s ]
[2021-07-23T01:20:49+08:00][sql] SHOW FULL COLUMNS FROM `carver_link` [ RunTime:0.000726s ]
[2021-07-23T01:20:49+08:00][sql] SELECT * FROM `carver_link` WHERE  ( is_confirm=2 ) LIMIT 20 [ RunTime:0.000351s ]
[2021-07-23T01:20:49+08:00][sql] SELECT `article_label` FROM `carver_article` [ RunTime:0.000263s ]
[2021-07-23T01:20:49+08:00][sql] SHOW FULL COLUMNS FROM `carver_carouse` [ RunTime:0.000551s ]
[2021-07-23T01:20:49+08:00][sql] SELECT `carouse_img`,`carouse_desc` FROM `carver_carouse` WHERE  `is_show` = 1 ORDER BY `carouse_sort` DESC LIMIT 3 [ RunTime:0.000286s ]
[2021-07-23T01:20:49+08:00][sql] SHOW FULL COLUMNS FROM `carver_site` [ RunTime:0.000571s ]
[2021-07-23T01:20:49+08:00][sql] SELECT * FROM `carver_site` [ RunTime:0.000294s ]
[2021-07-23T01:21:41+08:00][sql] CONNECT:[ UseTime:0.000618s ] mysql:host=127.0.0.1;port=3306;dbname=carver;charset=utf8
[2021-07-23T01:21:41+08:00][sql] SHOW FULL COLUMNS FROM `carver_article` [ RunTime:0.000991s ]
[2021-07-23T01:21:41+08:00][sql] SELECT COUNT(*) AS think_count FROM `carver_article` WHERE  `article_label` LIKE '%php;nginx/%'  AND `delete_time` = 0  AND `is_show` = 1 [ RunTime:0.000459s ]
[2021-07-23T01:21:41+08:00][sql] SELECT * FROM `carver_article` WHERE  `article_label` LIKE '%php;nginx/%'  AND `delete_time` = 0  AND `is_show` = 1 LIMIT 0,6 [ RunTime:0.001050s ]
[2021-07-23T01:21:41+08:00][sql] SELECT article_id,article_title,click_num,FROM_UNIXTIME(add_time,'%Y-%m-%d') as add_time FROM `carver_article` WHERE  `is_show` = 1  AND `delete_time` = 0 ORDER BY `click_num` DESC LIMIT 3 [ RunTime:0.000687s ]
[2021-07-23T01:21:41+08:00][sql] SHOW FULL COLUMNS FROM `carver_notice` [ RunTime:0.000850s ]
[2021-07-23T01:21:41+08:00][sql] SELECT * FROM `carver_notice` ORDER BY `create_time` DESC LIMIT 3 [ RunTime:0.000345s ]
[2021-07-23T01:21:41+08:00][sql] SHOW FULL COLUMNS FROM `carver_navigation` [ RunTime:0.000654s ]
[2021-07-23T01:21:41+08:00][sql] SELECT * FROM `carver_navigation` [ RunTime:0.000325s ]
[2021-07-23T01:21:41+08:00][sql] SHOW FULL COLUMNS FROM `carver_link` [ RunTime:0.000659s ]
[2021-07-23T01:21:41+08:00][sql] SELECT * FROM `carver_link` WHERE  ( is_confirm=2 ) LIMIT 20 [ RunTime:0.000389s ]
[2021-07-23T01:21:41+08:00][sql] SELECT `article_label` FROM `carver_article` [ RunTime:0.000394s ]
[2021-07-23T01:21:41+08:00][sql] SHOW FULL COLUMNS FROM `carver_carouse` [ RunTime:0.000667s ]
[2021-07-23T01:21:41+08:00][sql] SELECT `carouse_img`,`carouse_desc` FROM `carver_carouse` WHERE  `is_show` = 1 ORDER BY `carouse_sort` DESC LIMIT 3 [ RunTime:0.000350s ]
[2021-07-23T01:21:41+08:00][sql] SHOW FULL COLUMNS FROM `carver_site` [ RunTime:0.000620s ]
[2021-07-23T01:21:41+08:00][sql] SELECT * FROM `carver_site` [ RunTime:0.000320s ]
[2021-07-23T01:22:02+08:00][sql] CONNECT:[ UseTime:0.000682s ] mysql:host=127.0.0.1;port=3306;dbname=carver;charset=utf8
[2021-07-23T01:22:02+08:00][sql] SHOW FULL COLUMNS FROM `carver_article` [ RunTime:0.000928s ]
[2021-07-23T01:22:02+08:00][sql] SELECT COUNT(*) AS think_count FROM `carver_article` WHERE  `article_label` LIKE '%php;swoole/%'  AND `delete_time` = 0  AND `is_show` = 1 [ RunTime:0.000453s ]
[2021-07-23T01:22:02+08:00][sql] SELECT * FROM `carver_article` WHERE  `article_label` LIKE '%php;swoole/%'  AND `delete_time` = 0  AND `is_show` = 1 LIMIT 0,6 [ RunTime:0.001060s ]
[2021-07-23T01:22:02+08:00][sql] SELECT article_id,article_title,click_num,FROM_UNIXTIME(add_time,'%Y-%m-%d') as add_time FROM `carver_article` WHERE  `is_show` = 1  AND `delete_time` = 0 ORDER BY `click_num` DESC LIMIT 3 [ RunTime:0.000545s ]
[2021-07-23T01:22:02+08:00][sql] SHOW FULL COLUMNS FROM `carver_notice` [ RunTime:0.000711s ]
[2021-07-23T01:22:02+08:00][sql] SELECT * FROM `carver_notice` ORDER BY `create_time` DESC LIMIT 3 [ RunTime:0.000347s ]
[2021-07-23T01:22:02+08:00][sql] SHOW FULL COLUMNS FROM `carver_navigation` [ RunTime:0.000665s ]
[2021-07-23T01:22:02+08:00][sql] SELECT * FROM `carver_navigation` [ RunTime:0.000315s ]
[2021-07-23T01:22:02+08:00][sql] SHOW FULL COLUMNS FROM `carver_link` [ RunTime:0.000701s ]
[2021-07-23T01:22:02+08:00][sql] SELECT * FROM `carver_link` WHERE  ( is_confirm=2 ) LIMIT 20 [ RunTime:0.000386s ]
[2021-07-23T01:22:02+08:00][sql] SELECT `article_label` FROM `carver_article` [ RunTime:0.000302s ]
[2021-07-23T01:22:02+08:00][sql] SHOW FULL COLUMNS FROM `carver_carouse` [ RunTime:0.000596s ]
[2021-07-23T01:22:02+08:00][sql] SELECT `carouse_img`,`carouse_desc` FROM `carver_carouse` WHERE  `is_show` = 1 ORDER BY `carouse_sort` DESC LIMIT 3 [ RunTime:0.000318s ]
[2021-07-23T01:22:02+08:00][sql] SHOW FULL COLUMNS FROM `carver_site` [ RunTime:0.000649s ]
[2021-07-23T01:22:02+08:00][sql] SELECT * FROM `carver_site` [ RunTime:0.000330s ]
[2021-07-23T01:22:40+08:00][sql] CONNECT:[ UseTime:0.000570s ] mysql:host=127.0.0.1;port=3306;dbname=carver;charset=utf8
[2021-07-23T01:22:40+08:00][sql] SHOW FULL COLUMNS FROM `carver_article` [ RunTime:0.000931s ]
[2021-07-23T01:22:40+08:00][sql] SELECT COUNT(*) AS think_count FROM `carver_article` WHERE  `article_label` LIKE '%php;网络安全/%'  AND `delete_time` = 0  AND `is_show` = 1 [ RunTime:0.000431s ]
[2021-07-23T01:22:40+08:00][sql] SELECT * FROM `carver_article` WHERE  `article_label` LIKE '%php;网络安全/%'  AND `delete_time` = 0  AND `is_show` = 1 LIMIT 0,6 [ RunTime:0.000973s ]
[2021-07-23T01:22:40+08:00][sql] SELECT article_id,article_title,click_num,FROM_UNIXTIME(add_time,'%Y-%m-%d') as add_time FROM `carver_article` WHERE  `is_show` = 1  AND `delete_time` = 0 ORDER BY `click_num` DESC LIMIT 3 [ RunTime:0.000446s ]
[2021-07-23T01:22:40+08:00][sql] SHOW FULL COLUMNS FROM `carver_notice` [ RunTime:0.000654s ]
[2021-07-23T01:22:40+08:00][sql] SELECT * FROM `carver_notice` ORDER BY `create_time` DESC LIMIT 3 [ RunTime:0.000301s ]
[2021-07-23T01:22:40+08:00][sql] SHOW FULL COLUMNS FROM `carver_navigation` [ RunTime:0.000604s ]
[2021-07-23T01:22:40+08:00][sql] SELECT * FROM `carver_navigation` [ RunTime:0.000277s ]
[2021-07-23T01:22:40+08:00][sql] SHOW FULL COLUMNS FROM `carver_link` [ RunTime:0.000569s ]
[2021-07-23T01:22:40+08:00][sql] SELECT * FROM `carver_link` WHERE  ( is_confirm=2 ) LIMIT 20 [ RunTime:0.000356s ]
[2021-07-23T01:22:40+08:00][sql] SELECT `article_label` FROM `carver_article` [ RunTime:0.000283s ]
[2021-07-23T01:22:40+08:00][sql] SHOW FULL COLUMNS FROM `carver_carouse` [ RunTime:0.000531s ]
[2021-07-23T01:22:40+08:00][sql] SELECT `carouse_img`,`carouse_desc` FROM `carver_carouse` WHERE  `is_show` = 1 ORDER BY `carouse_sort` DESC LIMIT 3 [ RunTime:0.000316s ]
[2021-07-23T01:22:40+08:00][sql] SHOW FULL COLUMNS FROM `carver_site` [ RunTime:0.000549s ]
[2021-07-23T01:22:40+08:00][sql] SELECT * FROM `carver_site` [ RunTime:0.000320s ]
[2021-07-23T01:22:57+08:00][sql] CONNECT:[ UseTime:0.000566s ] mysql:host=127.0.0.1;port=3306;dbname=carver;charset=utf8
[2021-07-23T01:22:57+08:00][sql] SHOW FULL COLUMNS FROM `carver_article` [ RunTime:0.000969s ]
[2021-07-23T01:22:57+08:00][sql] SELECT COUNT(*) AS think_count FROM `carver_article` WHERE  `article_label` LIKE '%php;设计模式/%'  AND `delete_time` = 0  AND `is_show` = 1 [ RunTime:0.000491s ]
[2021-07-23T01:22:57+08:00][sql] SELECT * FROM `carver_article` WHERE  `article_label` LIKE '%php;设计模式/%'  AND `delete_time` = 0  AND `is_show` = 1 LIMIT 0,6 [ RunTime:0.001027s ]
[2021-07-23T01:22:57+08:00][sql] SELECT article_id,article_title,click_num,FROM_UNIXTIME(add_time,'%Y-%m-%d') as add_time FROM `carver_article` WHERE  `is_show` = 1  AND `delete_time` = 0 ORDER BY `click_num` DESC LIMIT 3 [ RunTime:0.000548s ]
[2021-07-23T01:22:57+08:00][sql] SHOW FULL COLUMNS FROM `carver_notice` [ RunTime:0.000769s ]
[2021-07-23T01:22:57+08:00][sql] SELECT * FROM `carver_notice` ORDER BY `create_time` DESC LIMIT 3 [ RunTime:0.000339s ]
[2021-07-23T01:22:57+08:00][sql] SHOW FULL COLUMNS FROM `carver_navigation` [ RunTime:0.000639s ]
[2021-07-23T01:22:57+08:00][sql] SELECT * FROM `carver_navigation` [ RunTime:0.000285s ]
[2021-07-23T01:22:57+08:00][sql] SHOW FULL COLUMNS FROM `carver_link` [ RunTime:0.000612s ]
[2021-07-23T01:22:57+08:00][sql] SELECT * FROM `carver_link` WHERE  ( is_confirm=2 ) LIMIT 20 [ RunTime:0.000360s ]
[2021-07-23T01:22:57+08:00][sql] SELECT `article_label` FROM `carver_article` [ RunTime:0.000325s ]
[2021-07-23T01:22:57+08:00][sql] SHOW FULL COLUMNS FROM `carver_carouse` [ RunTime:0.000610s ]
[2021-07-23T01:22:57+08:00][sql] SELECT `carouse_img`,`carouse_desc` FROM `carver_carouse` WHERE  `is_show` = 1 ORDER BY `carouse_sort` DESC LIMIT 3 [ RunTime:0.000337s ]
[2021-07-23T01:22:57+08:00][sql] SHOW FULL COLUMNS FROM `carver_site` [ RunTime:0.000572s ]
[2021-07-23T01:22:57+08:00][sql] SELECT * FROM `carver_site` [ RunTime:0.000353s ]
[2021-07-23T01:23:23+08:00][sql] CONNECT:[ UseTime:0.000627s ] mysql:host=127.0.0.1;port=3306;dbname=carver;charset=utf8
[2021-07-23T01:23:23+08:00][sql] SHOW FULL COLUMNS FROM `carver_article` [ RunTime:0.000912s ]
[2021-07-23T01:23:23+08:00][sql] SELECT COUNT(*) AS think_count FROM `carver_article` WHERE  `article_label` LIKE '%网络安全//%'  AND `delete_time` = 0  AND `is_show` = 1 [ RunTime:0.000418s ]
[2021-07-23T01:23:23+08:00][sql] SELECT * FROM `carver_article` WHERE  `article_label` LIKE '%网络安全//%'  AND `delete_time` = 0  AND `is_show` = 1 LIMIT 0,6 [ RunTime:0.001050s ]
[2021-07-23T01:23:23+08:00][sql] SELECT article_id,article_title,click_num,FROM_UNIXTIME(add_time,'%Y-%m-%d') as add_time FROM `carver_article` WHERE  `is_show` = 1  AND `delete_time` = 0 ORDER BY `click_num` DESC LIMIT 3 [ RunTime:0.000501s ]
[2021-07-23T01:23:23+08:00][sql] SHOW FULL COLUMNS FROM `carver_notice` [ RunTime:0.000779s ]
[2021-07-23T01:23:23+08:00][sql] SELECT * FROM `carver_notice` ORDER BY `create_time` DESC LIMIT 3 [ RunTime:0.000319s ]
[2021-07-23T01:23:23+08:00][sql] SHOW FULL COLUMNS FROM `carver_navigation` [ RunTime:0.000653s ]
[2021-07-23T01:23:23+08:00][sql] SELECT * FROM `carver_navigation` [ RunTime:0.000311s ]
[2021-07-23T01:23:23+08:00][sql] SHOW FULL COLUMNS FROM `carver_link` [ RunTime:0.000672s ]
[2021-07-23T01:23:23+08:00][sql] SELECT * FROM `carver_link` WHERE  ( is_confirm=2 ) LIMIT 20 [ RunTime:0.000356s ]
[2021-07-23T01:23:23+08:00][sql] SELECT `article_label` FROM `carver_article` [ RunTime:0.000273s ]
[2021-07-23T01:23:23+08:00][sql] SHOW FULL COLUMNS FROM `carver_carouse` [ RunTime:0.000573s ]
[2021-07-23T01:23:23+08:00][sql] SELECT `carouse_img`,`carouse_desc` FROM `carver_carouse` WHERE  `is_show` = 1 ORDER BY `carouse_sort` DESC LIMIT 3 [ RunTime:0.000320s ]
[2021-07-23T01:23:23+08:00][sql] SHOW FULL COLUMNS FROM `carver_site` [ RunTime:0.000586s ]
[2021-07-23T01:23:23+08:00][sql] SELECT * FROM `carver_site` [ RunTime:0.000306s ]
[2021-07-23T01:23:53+08:00][sql] CONNECT:[ UseTime:0.000548s ] mysql:host=127.0.0.1;port=3306;dbname=carver;charset=utf8
[2021-07-23T01:23:53+08:00][sql] SHOW FULL COLUMNS FROM `carver_article` [ RunTime:0.000918s ]
[2021-07-23T01:23:53+08:00][sql] SELECT COUNT(*) AS think_count FROM `carver_article` WHERE  `article_label` LIKE '%设计模式//%'  AND `delete_time` = 0  AND `is_show` = 1 [ RunTime:0.000447s ]
[2021-07-23T01:23:53+08:00][sql] SELECT * FROM `carver_article` WHERE  `article_label` LIKE '%设计模式//%'  AND `delete_time` = 0  AND `is_show` = 1 LIMIT 0,6 [ RunTime:0.001041s ]
[2021-07-23T01:23:53+08:00][sql] SELECT article_id,article_title,click_num,FROM_UNIXTIME(add_time,'%Y-%m-%d') as add_time FROM `carver_article` WHERE  `is_show` = 1  AND `delete_time` = 0 ORDER BY `click_num` DESC LIMIT 3 [ RunTime:0.000588s ]
[2021-07-23T01:23:53+08:00][sql] SHOW FULL COLUMNS FROM `carver_notice` [ RunTime:0.000759s ]
[2021-07-23T01:23:53+08:00][sql] SELECT * FROM `carver_notice` ORDER BY `create_time` DESC LIMIT 3 [ RunTime:0.000354s ]
[2021-07-23T01:23:53+08:00][sql] SHOW FULL COLUMNS FROM `carver_navigation` [ RunTime:0.000640s ]
[2021-07-23T01:23:53+08:00][sql] SELECT * FROM `carver_navigation` [ RunTime:0.000319s ]
[2021-07-23T01:23:53+08:00][sql] SHOW FULL COLUMNS FROM `carver_link` [ RunTime:0.000664s ]
[2021-07-23T01:23:53+08:00][sql] SELECT * FROM `carver_link` WHERE  ( is_confirm=2 ) LIMIT 20 [ RunTime:0.000354s ]
[2021-07-23T01:23:53+08:00][sql] SELECT `article_label` FROM `carver_article` [ RunTime:0.000286s ]
[2021-07-23T01:23:53+08:00][sql] SHOW FULL COLUMNS FROM `carver_carouse` [ RunTime:0.000663s ]
[2021-07-23T01:23:53+08:00][sql] SELECT `carouse_img`,`carouse_desc` FROM `carver_carouse` WHERE  `is_show` = 1 ORDER BY `carouse_sort` DESC LIMIT 3 [ RunTime:0.000359s ]
[2021-07-23T01:23:53+08:00][sql] SHOW FULL COLUMNS FROM `carver_site` [ RunTime:0.001135s ]
[2021-07-23T01:23:53+08:00][sql] SELECT * FROM `carver_site` [ RunTime:0.000334s ]
[2021-07-23T03:32:50+08:00][sql] CONNECT:[ UseTime:0.000646s ] mysql:host=127.0.0.1;port=3306;dbname=carver;charset=utf8
[2021-07-23T03:32:50+08:00][sql] SHOW FULL COLUMNS FROM `carver_user` [ RunTime:0.000959s ]
[2021-07-23T03:32:50+08:00][sql] SHOW FULL COLUMNS FROM `carver_article` [ RunTime:0.000812s ]
[2021-07-23T03:32:50+08:00][sql] SELECT COUNT(*) AS think_count FROM `carver_article` WHERE  `delete_time` = 0  AND `is_show` = 1 [ RunTime:0.000413s ]
[2021-07-23T03:32:50+08:00][sql] SELECT `article_id`,`article_title`,`article_desc`,`article_content`,`article_img`,`article_guide`,`article_label`,`click_num`,`is_show`,`add_time`,`article_author`,`is_top_show` FROM `carver_article` WHERE  `delete_time` = 0  AND `is_show` = 1 ORDER BY `article_id` DESC LIMIT 0,6 [ RunTime:0.000811s ]
[2021-07-23T03:32:50+08:00][sql] SELECT article_id,article_title,click_num,FROM_UNIXTIME(add_time,'%Y-%m-%d') as add_time FROM `carver_article` WHERE  `is_show` = 1  AND `delete_time` = 0 ORDER BY `click_num` DESC LIMIT 3 [ RunTime:0.000613s ]
[2021-07-23T03:32:50+08:00][sql] SHOW FULL COLUMNS FROM `carver_notice` [ RunTime:0.000710s ]
[2021-07-23T03:32:50+08:00][sql] SELECT * FROM `carver_notice` ORDER BY `create_time` DESC LIMIT 3 [ RunTime:0.000272s ]
[2021-07-23T03:32:50+08:00][sql] SHOW FULL COLUMNS FROM `carver_navigation` [ RunTime:0.000597s ]
[2021-07-23T03:32:50+08:00][sql] SELECT * FROM `carver_navigation` [ RunTime:0.000286s ]
[2021-07-23T03:32:50+08:00][sql] SHOW FULL COLUMNS FROM `carver_link` [ RunTime:0.000635s ]
[2021-07-23T03:32:50+08:00][sql] SELECT * FROM `carver_link` WHERE  ( is_confirm=2 ) LIMIT 20 [ RunTime:0.000341s ]
[2021-07-23T03:32:50+08:00][sql] SELECT `article_label` FROM `carver_article` [ RunTime:0.000327s ]
[2021-07-23T03:32:50+08:00][sql] SHOW FULL COLUMNS FROM `carver_carouse` [ RunTime:0.000593s ]
[2021-07-23T03:32:50+08:00][sql] SELECT `carouse_img`,`carouse_desc` FROM `carver_carouse` WHERE  `is_show` = 1 ORDER BY `carouse_sort` DESC LIMIT 3 [ RunTime:0.000353s ]
[2021-07-23T03:32:50+08:00][sql] SHOW FULL COLUMNS FROM `carver_site` [ RunTime:0.000546s ]
[2021-07-23T03:32:50+08:00][sql] SELECT * FROM `carver_site` [ RunTime:0.000236s ]
[2021-07-23T04:34:59+08:00][sql] CONNECT:[ UseTime:0.000623s ] mysql:host=127.0.0.1;port=3306;dbname=carver;charset=utf8
[2021-07-23T04:34:59+08:00][sql] SHOW FULL COLUMNS FROM `carver_article` [ RunTime:0.001245s ]
[2021-07-23T04:34:59+08:00][sql] SELECT `article_id`,`article_title`,`article_desc`,`article_content`,`article_img`,`article_guide`,`article_label`,`click_num`,`is_show`,`add_time`,`article_author` FROM `carver_article` WHERE  `article_id` = 28'A=0 LIMIT 1 [ RunTime:0.000594s ]
[2021-07-23T04:34:59+08:00][sql] SELECT `article_id`,`article_title`,`article_desc`,`article_content`,`article_img`,`article_guide`,`article_label`,`click_num`,`is_show`,`add_time`,`article_author` FROM `carver_article` WHERE  `article_id` > 28'A=0 LIMIT 1 [ RunTime:0.000495s ]
[2021-07-23T04:34:59+08:00][sql] SELECT `article_id`,`article_title`,`article_desc`,`article_content`,`article_img`,`article_guide`,`article_label`,`click_num`,`is_show`,`add_time`,`article_author` FROM `carver_article` WHERE  `article_id` < 28'A=0 ORDER BY `article_id` DESC LIMIT 1 [ RunTime:0.000390s ]
[2021-07-23T04:34:59+08:00][sql] SHOW FULL COLUMNS FROM `carver_link` [ RunTime:0.000616s ]
[2021-07-23T04:34:59+08:00][sql] SELECT * FROM `carver_link` WHERE  ( is_confirm=2 ) LIMIT 20 [ RunTime:0.000375s ]
[2021-07-23T04:34:59+08:00][sql] SELECT article_id,article_title,click_num,FROM_UNIXTIME(add_time,'%Y-%m-%d') as add_time FROM `carver_article` ORDER BY `click_num` DESC LIMIT 3 [ RunTime:0.000395s ]
[2021-07-23T04:34:59+08:00][sql] SHOW FULL COLUMNS FROM `carver_comment` [ RunTime:0.000645s ]
[2021-07-23T04:34:59+08:00][sql] SELECT `a`.*,`b`.`user_name` FROM `carver_comment` `a` INNER JOIN `carver_user` `b` ON `a`.`user_id`=`b`.`user_id` WHERE  `article_id` = 28'A=0 ORDER BY `create_time` DESC [ RunTime:0.000363s ]
[2021-07-23T04:34:59+08:00][sql] SHOW FULL COLUMNS FROM `carver_comment_to_others` [ RunTime:0.000594s ]
[2021-07-23T04:34:59+08:00][sql] SELECT * FROM `carver_comment_to_others` [ RunTime:0.000252s ]
[2021-07-23T04:34:59+08:00][sql] SHOW FULL COLUMNS FROM `carver_user` [ RunTime:0.000508s ]
[2021-07-23T04:34:59+08:00][sql] SELECT `user_name` FROM `carver_user` WHERE  `user_id` = 4 LIMIT 1 [ RunTime:0.000293s ]
[2021-07-23T04:34:59+08:00][sql] SELECT `user_name` FROM `carver_user` WHERE  `user_id` = 4 LIMIT 1 [ RunTime:0.000217s ]
[2021-07-23T04:34:59+08:00][sql] SELECT `user_name` FROM `carver_user` WHERE  `user_id` = 5 LIMIT 1 [ RunTime:0.000274s ]
[2021-07-23T04:34:59+08:00][sql] SELECT `user_name` FROM `carver_user` WHERE  `user_id` = 5 LIMIT 1 [ RunTime:0.000254s ]
[2021-07-23T04:34:59+08:00][sql] SELECT `user_name` FROM `carver_user` WHERE  `user_id` = 37 LIMIT 1 [ RunTime:0.000271s ]
[2021-07-23T04:34:59+08:00][sql] SELECT `user_name`,`user_id` FROM `carver_user` [ RunTime:0.000319s ]
[2021-07-23T04:34:59+08:00][sql] SHOW FULL COLUMNS FROM `carver_navigation` [ RunTime:0.000587s ]
[2021-07-23T04:34:59+08:00][sql] SELECT * FROM `carver_navigation` [ RunTime:0.000286s ]
[2021-07-23T04:34:59+08:00][sql] SELECT `article_label` FROM `carver_article` [ RunTime:0.000282s ]
[2021-07-23T05:15:19+08:00][sql] CONNECT:[ UseTime:0.000581s ] mysql:host=127.0.0.1;port=3306;dbname=carver;charset=utf8
[2021-07-23T05:15:19+08:00][sql] SHOW FULL COLUMNS FROM `carver_user` [ RunTime:0.000956s ]
[2021-07-23T05:15:19+08:00][sql] SHOW FULL COLUMNS FROM `carver_article` [ RunTime:0.000814s ]
[2021-07-23T05:15:19+08:00][sql] SELECT COUNT(*) AS think_count FROM `carver_article` WHERE  `delete_time` = 0  AND `is_show` = 1 [ RunTime:0.000411s ]
[2021-07-23T05:15:19+08:00][sql] SELECT `article_id`,`article_title`,`article_desc`,`article_content`,`article_img`,`article_guide`,`article_label`,`click_num`,`is_show`,`add_time`,`article_author`,`is_top_show` FROM `carver_article` WHERE  `delete_time` = 0  AND `is_show` = 1 ORDER BY `article_id` DESC LIMIT 0,6 [ RunTime:0.000787s ]
[2021-07-23T05:15:19+08:00][sql] SELECT article_id,article_title,click_num,FROM_UNIXTIME(add_time,'%Y-%m-%d') as add_time FROM `carver_article` WHERE  `is_show` = 1  AND `delete_time` = 0 ORDER BY `click_num` DESC LIMIT 3 [ RunTime:0.000525s ]
[2021-07-23T05:15:19+08:00][sql] SHOW FULL COLUMNS FROM `carver_notice` [ RunTime:0.000746s ]
[2021-07-23T05:15:19+08:00][sql] SELECT * FROM `carver_notice` ORDER BY `create_time` DESC LIMIT 3 [ RunTime:0.000296s ]
[2021-07-23T05:15:19+08:00][sql] SHOW FULL COLUMNS FROM `carver_navigation` [ RunTime:0.000598s ]
[2021-07-23T05:15:19+08:00][sql] SELECT * FROM `carver_navigation` [ RunTime:0.000272s ]
[2021-07-23T05:15:19+08:00][sql] SHOW FULL COLUMNS FROM `carver_link` [ RunTime:0.000580s ]
[2021-07-23T05:15:19+08:00][sql] SELECT * FROM `carver_link` WHERE  ( is_confirm=2 ) LIMIT 20 [ RunTime:0.000353s ]
[2021-07-23T05:15:19+08:00][sql] SELECT `article_label` FROM `carver_article` [ RunTime:0.000301s ]
[2021-07-23T05:15:19+08:00][sql] SHOW FULL COLUMNS FROM `carver_carouse` [ RunTime:0.000684s ]
[2021-07-23T05:15:19+08:00][sql] SELECT `carouse_img`,`carouse_desc` FROM `carver_carouse` WHERE  `is_show` = 1 ORDER BY `carouse_sort` DESC LIMIT 3 [ RunTime:0.000311s ]
[2021-07-23T05:15:19+08:00][sql] SHOW FULL COLUMNS FROM `carver_site` [ RunTime:0.000643s ]
[2021-07-23T05:15:19+08:00][sql] SELECT * FROM `carver_site` [ RunTime:0.000252s ]
[2021-07-23T06:04:01+08:00][sql] CONNECT:[ UseTime:0.000611s ] mysql:host=127.0.0.1;port=3306;dbname=carver;charset=utf8
[2021-07-23T06:04:01+08:00][sql] SHOW FULL COLUMNS FROM `carver_article` [ RunTime:0.000984s ]
[2021-07-23T06:04:01+08:00][sql] SELECT COUNT(*) AS think_count FROM `carver_article` WHERE  `article_label` LIKE '%php;excel/%'  AND `delete_time` = 0  AND `is_show` = 1 [ RunTime:0.000442s ]
[2021-07-23T06:04:01+08:00][sql] SELECT * FROM `carver_article` WHERE  `article_label` LIKE '%php;excel/%'  AND `delete_time` = 0  AND `is_show` = 1 LIMIT 0,6 [ RunTime:0.001097s ]
[2021-07-23T06:04:01+08:00][sql] SELECT article_id,article_title,click_num,FROM_UNIXTIME(add_time,'%Y-%m-%d') as add_time FROM `carver_article` WHERE  `is_show` = 1  AND `delete_time` = 0 ORDER BY `click_num` DESC LIMIT 3 [ RunTime:0.000469s ]
[2021-07-23T06:04:01+08:00][sql] SHOW FULL COLUMNS FROM `carver_notice` [ RunTime:0.000742s ]
[2021-07-23T06:04:01+08:00][sql] SELECT * FROM `carver_notice` ORDER BY `create_time` DESC LIMIT 3 [ RunTime:0.000390s ]
[2021-07-23T06:04:01+08:00][sql] SHOW FULL COLUMNS FROM `carver_navigation` [ RunTime:0.000762s ]
[2021-07-23T06:04:01+08:00][sql] SELECT * FROM `carver_navigation` [ RunTime:0.000417s ]
[2021-07-23T06:04:01+08:00][sql] SHOW FULL COLUMNS FROM `carver_link` [ RunTime:0.000586s ]
[2021-07-23T06:04:01+08:00][sql] SELECT * FROM `carver_link` WHERE  ( is_confirm=2 ) LIMIT 20 [ RunTime:0.000376s ]
[2021-07-23T06:04:01+08:00][sql] SELECT `article_label` FROM `carver_article` [ RunTime:0.000322s ]
[2021-07-23T06:04:01+08:00][sql] SHOW FULL COLUMNS FROM `carver_carouse` [ RunTime:0.000647s ]
[2021-07-23T06:04:01+08:00][sql] SELECT `carouse_img`,`carouse_desc` FROM `carver_carouse` WHERE  `is_show` = 1 ORDER BY `carouse_sort` DESC LIMIT 3 [ RunTime:0.000327s ]
[2021-07-23T06:04:01+08:00][sql] SHOW FULL COLUMNS FROM `carver_site` [ RunTime:0.000665s ]
[2021-07-23T06:04:01+08:00][sql] SELECT * FROM `carver_site` [ RunTime:0.000303s ]
[2021-07-23T06:04:04+08:00][sql] CONNECT:[ UseTime:0.000551s ] mysql:host=127.0.0.1;port=3306;dbname=carver;charset=utf8
[2021-07-23T06:04:04+08:00][sql] SHOW FULL COLUMNS FROM `carver_article` [ RunTime:0.000972s ]
[2021-07-23T06:04:04+08:00][sql] SELECT COUNT(*) AS think_count FROM `carver_article` WHERE  `article_label` LIKE '%php;javascript/%'  AND `delete_time` = 0  AND `is_show` = 1 [ RunTime:0.000430s ]
[2021-07-23T06:04:04+08:00][sql] SELECT * FROM `carver_article` WHERE  `article_label` LIKE '%php;javascript/%'  AND `delete_time` = 0  AND `is_show` = 1 LIMIT 0,6 [ RunTime:0.000969s ]
[2021-07-23T06:04:04+08:00][sql] SELECT article_id,article_title,click_num,FROM_UNIXTIME(add_time,'%Y-%m-%d') as add_time FROM `carver_article` WHERE  `is_show` = 1  AND `delete_time` = 0 ORDER BY `click_num` DESC LIMIT 3 [ RunTime:0.000443s ]
[2021-07-23T06:04:04+08:00][sql] SHOW FULL COLUMNS FROM `carver_notice` [ RunTime:0.000715s ]
[2021-07-23T06:04:04+08:00][sql] SELECT * FROM `carver_notice` ORDER BY `create_time` DESC LIMIT 3 [ RunTime:0.000298s ]
[2021-07-23T06:04:04+08:00][sql] SHOW FULL COLUMNS FROM `carver_navigation` [ RunTime:0.000671s ]
[2021-07-23T06:04:04+08:00][sql] SELECT * FROM `carver_navigation` [ RunTime:0.000330s ]
[2021-07-23T06:04:04+08:00][sql] SHOW FULL COLUMNS FROM `carver_link` [ RunTime:0.000579s ]
[2021-07-23T06:04:04+08:00][sql] SELECT * FROM `carver_link` WHERE  ( is_confirm=2 ) LIMIT 20 [ RunTime:0.000374s ]
[2021-07-23T06:04:04+08:00][sql] SELECT `article_label` FROM `carver_article` [ RunTime:0.000309s ]
[2021-07-23T06:04:04+08:00][sql] SHOW FULL COLUMNS FROM `carver_carouse` [ RunTime:0.000613s ]
[2021-07-23T06:04:04+08:00][sql] SELECT `carouse_img`,`carouse_desc` FROM `carver_carouse` WHERE  `is_show` = 1 ORDER BY `carouse_sort` DESC LIMIT 3 [ RunTime:0.000335s ]
[2021-07-23T06:04:04+08:00][sql] SHOW FULL COLUMNS FROM `carver_site` [ RunTime:0.000550s ]
[2021-07-23T06:04:04+08:00][sql] SELECT * FROM `carver_site` [ RunTime:0.000351s ]
[2021-07-23T06:04:07+08:00][sql] CONNECT:[ UseTime:0.000575s ] mysql:host=127.0.0.1;port=3306;dbname=carver;charset=utf8
[2021-07-23T06:04:07+08:00][sql] SHOW FULL COLUMNS FROM `carver_article` [ RunTime:0.000890s ]
[2021-07-23T06:04:07+08:00][sql] SELECT COUNT(*) AS think_count FROM `carver_article` WHERE  `article_label` LIKE '%swoole;php/%'  AND `delete_time` = 0  AND `is_show` = 1 [ RunTime:0.000427s ]
[2021-07-23T06:04:07+08:00][sql] SELECT * FROM `carver_article` WHERE  `article_label` LIKE '%swoole;php/%'  AND `delete_time` = 0  AND `is_show` = 1 LIMIT 0,6 [ RunTime:0.000950s ]
[2021-07-23T06:04:07+08:00][sql] SELECT article_id,article_title,click_num,FROM_UNIXTIME(add_time,'%Y-%m-%d') as add_time FROM `carver_article` WHERE  `is_show` = 1  AND `delete_time` = 0 ORDER BY `click_num` DESC LIMIT 3 [ RunTime:0.000435s ]
[2021-07-23T06:04:07+08:00][sql] SHOW FULL COLUMNS FROM `carver_notice` [ RunTime:0.000724s ]
[2021-07-23T06:04:07+08:00][sql] SELECT * FROM `carver_notice` ORDER BY `create_time` DESC LIMIT 3 [ RunTime:0.000305s ]
[2021-07-23T06:04:07+08:00][sql] SHOW FULL COLUMNS FROM `carver_navigation` [ RunTime:0.000588s ]
[2021-07-23T06:04:07+08:00][sql] SELECT * FROM `carver_navigation` [ RunTime:0.000296s ]
[2021-07-23T06:04:07+08:00][sql] SHOW FULL COLUMNS FROM `carver_link` [ RunTime:0.000575s ]
[2021-07-23T06:04:07+08:00][sql] SELECT * FROM `carver_link` WHERE  ( is_confirm=2 ) LIMIT 20 [ RunTime:0.000328s ]
[2021-07-23T06:04:07+08:00][sql] SELECT `article_label` FROM `carver_article` [ RunTime:0.000272s ]
[2021-07-23T06:04:07+08:00][sql] SHOW FULL COLUMNS FROM `carver_carouse` [ RunTime:0.000590s ]
[2021-07-23T06:04:07+08:00][sql] SELECT `carouse_img`,`carouse_desc` FROM `carver_carouse` WHERE  `is_show` = 1 ORDER BY `carouse_sort` DESC LIMIT 3 [ RunTime:0.000291s ]
[2021-07-23T06:04:07+08:00][sql] SHOW FULL COLUMNS FROM `carver_site` [ RunTime:0.000555s ]
[2021-07-23T06:04:07+08:00][sql] SELECT * FROM `carver_site` [ RunTime:0.000302s ]
[2021-07-23T06:33:24+08:00][sql] CONNECT:[ UseTime:0.000744s ] mysql:host=127.0.0.1;port=3306;dbname=carver;charset=utf8
[2021-07-23T06:33:24+08:00][sql] SHOW FULL COLUMNS FROM `carver_user` [ RunTime:0.000823s ]
[2021-07-23T06:33:24+08:00][sql] SHOW FULL COLUMNS FROM `carver_article` [ RunTime:0.000763s ]
[2021-07-23T06:33:24+08:00][sql] SELECT COUNT(*) AS think_count FROM `carver_article` WHERE  `delete_time` = 0  AND `is_show` = 1 [ RunTime:0.000377s ]
[2021-07-23T06:33:24+08:00][sql] SELECT `article_id`,`article_title`,`article_desc`,`article_content`,`article_img`,`article_guide`,`article_label`,`click_num`,`is_show`,`add_time`,`article_author`,`is_top_show` FROM `carver_article` WHERE  `delete_time` = 0  AND `is_show` = 1 ORDER BY `article_id` DESC LIMIT 0,6 [ RunTime:0.000752s ]
[2021-07-23T06:33:24+08:00][sql] SELECT article_id,article_title,click_num,FROM_UNIXTIME(add_time,'%Y-%m-%d') as add_time FROM `carver_article` WHERE  `is_show` = 1  AND `delete_time` = 0 ORDER BY `click_num` DESC LIMIT 3 [ RunTime:0.000418s ]
[2021-07-23T06:33:24+08:00][sql] SHOW FULL COLUMNS FROM `carver_notice` [ RunTime:0.000613s ]
[2021-07-23T06:33:24+08:00][sql] SELECT * FROM `carver_notice` ORDER BY `create_time` DESC LIMIT 3 [ RunTime:0.000274s ]
[2021-07-23T06:33:24+08:00][sql] SHOW FULL COLUMNS FROM `carver_navigation` [ RunTime:0.000561s ]
[2021-07-23T06:33:24+08:00][sql] SELECT * FROM `carver_navigation` [ RunTime:0.000250s ]
[2021-07-23T06:33:24+08:00][sql] SHOW FULL COLUMNS FROM `carver_link` [ RunTime:0.000544s ]
[2021-07-23T06:33:24+08:00][sql] SELECT * FROM `carver_link` WHERE  ( is_confirm=2 ) LIMIT 20 [ RunTime:0.000280s ]
[2021-07-23T06:33:24+08:00][sql] SELECT `article_label` FROM `carver_article` [ RunTime:0.000283s ]
[2021-07-23T06:33:24+08:00][sql] SHOW FULL COLUMNS FROM `carver_carouse` [ RunTime:0.000492s ]
[2021-07-23T06:33:24+08:00][sql] SELECT `carouse_img`,`carouse_desc` FROM `carver_carouse` WHERE  `is_show` = 1 ORDER BY `carouse_sort` DESC LIMIT 3 [ RunTime:0.000302s ]
[2021-07-23T06:33:24+08:00][sql] SHOW FULL COLUMNS FROM `carver_site` [ RunTime:0.000502s ]
[2021-07-23T06:33:24+08:00][sql] SELECT * FROM `carver_site` [ RunTime:0.000275s ]
[2021-07-23T08:22:09+08:00][sql] CONNECT:[ UseTime:0.000730s ] mysql:host=127.0.0.1;port=3306;dbname=carver;charset=utf8
[2021-07-23T08:22:09+08:00][sql] SHOW FULL COLUMNS FROM `carver_article` [ RunTime:0.000927s ]
[2021-07-23T08:22:09+08:00][sql] SELECT `article_id`,`article_title`,`article_desc`,`article_content`,`article_img`,`article_guide`,`article_label`,`click_num`,`is_show`,`add_time`,`article_author` FROM `carver_article` WHERE  `article_id` = 28' LIMIT 1 [ RunTime:0.000445s ]
[2021-07-23T08:22:09+08:00][sql] SELECT `article_id`,`article_title`,`article_desc`,`article_content`,`article_img`,`article_guide`,`article_label`,`click_num`,`is_show`,`add_time`,`article_author` FROM `carver_article` WHERE  `article_id` > 28' LIMIT 1 [ RunTime:0.000336s ]
[2021-07-23T08:22:09+08:00][sql] SELECT `article_id`,`article_title`,`article_desc`,`article_content`,`article_img`,`article_guide`,`article_label`,`click_num`,`is_show`,`add_time`,`article_author` FROM `carver_article` WHERE  `article_id` < 28' ORDER BY `article_id` DESC LIMIT 1 [ RunTime:0.000379s ]
[2021-07-23T08:22:09+08:00][sql] SHOW FULL COLUMNS FROM `carver_link` [ RunTime:0.000647s ]
[2021-07-23T08:22:09+08:00][sql] SELECT * FROM `carver_link` WHERE  ( is_confirm=2 ) LIMIT 20 [ RunTime:0.000458s ]
[2021-07-23T08:22:09+08:00][sql] SELECT article_id,article_title,click_num,FROM_UNIXTIME(add_time,'%Y-%m-%d') as add_time FROM `carver_article` ORDER BY `click_num` DESC LIMIT 3 [ RunTime:0.000358s ]
[2021-07-23T08:22:09+08:00][sql] SHOW FULL COLUMNS FROM `carver_comment` [ RunTime:0.000676s ]
[2021-07-23T08:22:09+08:00][sql] SELECT `a`.*,`b`.`user_name` FROM `carver_comment` `a` INNER JOIN `carver_user` `b` ON `a`.`user_id`=`b`.`user_id` WHERE  `article_id` = 28' ORDER BY `create_time` DESC [ RunTime:0.000367s ]
[2021-07-23T08:22:09+08:00][sql] SHOW FULL COLUMNS FROM `carver_comment_to_others` [ RunTime:0.000635s ]
[2021-07-23T08:22:09+08:00][sql] SELECT * FROM `carver_comment_to_others` [ RunTime:0.000245s ]
[2021-07-23T08:22:09+08:00][sql] SHOW FULL COLUMNS FROM `carver_user` [ RunTime:0.000489s ]
[2021-07-23T08:22:09+08:00][sql] SELECT `user_name` FROM `carver_user` WHERE  `user_id` = 4 LIMIT 1 [ RunTime:0.000230s ]
[2021-07-23T08:22:09+08:00][sql] SELECT `user_name` FROM `carver_user` WHERE  `user_id` = 4 LIMIT 1 [ RunTime:0.000210s ]
[2021-07-23T08:22:09+08:00][sql] SELECT `user_name` FROM `carver_user` WHERE  `user_id` = 5 LIMIT 1 [ RunTime:0.000225s ]
[2021-07-23T08:22:09+08:00][sql] SELECT `user_name` FROM `carver_user` WHERE  `user_id` = 5 LIMIT 1 [ RunTime:0.000202s ]
[2021-07-23T08:22:09+08:00][sql] SELECT `user_name` FROM `carver_user` WHERE  `user_id` = 37 LIMIT 1 [ RunTime:0.000212s ]
[2021-07-23T08:22:09+08:00][sql] SELECT `user_name`,`user_id` FROM `carver_user` [ RunTime:0.000237s ]
[2021-07-23T08:22:09+08:00][sql] SHOW FULL COLUMNS FROM `carver_navigation` [ RunTime:0.000568s ]
[2021-07-23T08:22:09+08:00][sql] SELECT * FROM `carver_navigation` [ RunTime:0.000247s ]
[2021-07-23T08:22:09+08:00][sql] SELECT `article_label` FROM `carver_article` [ RunTime:0.000290s ]
[2021-07-23T08:30:15+08:00][sql] CONNECT:[ UseTime:0.000589s ] mysql:host=127.0.0.1;port=3306;dbname=carver;charset=utf8
[2021-07-23T08:30:15+08:00][sql] SHOW FULL COLUMNS FROM `carver_user` [ RunTime:0.000906s ]
[2021-07-23T08:30:15+08:00][sql] SHOW FULL COLUMNS FROM `carver_article` [ RunTime:0.000836s ]
[2021-07-23T08:30:15+08:00][sql] SELECT COUNT(*) AS think_count FROM `carver_article` WHERE  `delete_time` = 0  AND `is_show` = 1 [ RunTime:0.000560s ]
[2021-07-23T08:30:15+08:00][sql] SELECT `article_id`,`article_title`,`article_desc`,`article_content`,`article_img`,`article_guide`,`article_label`,`click_num`,`is_show`,`add_time`,`article_author`,`is_top_show` FROM `carver_article` WHERE  `delete_time` = 0  AND `is_show` = 1 ORDER BY `article_id` DESC LIMIT 18,6 [ RunTime:0.001750s ]
[2021-07-23T08:30:15+08:00][sql] SELECT article_id,article_title,click_num,FROM_UNIXTIME(add_time,'%Y-%m-%d') as add_time FROM `carver_article` WHERE  `is_show` = 1  AND `delete_time` = 0 ORDER BY `click_num` DESC LIMIT 3 [ RunTime:0.000596s ]
[2021-07-23T08:30:15+08:00][sql] SHOW FULL COLUMNS FROM `carver_notice` [ RunTime:0.000733s ]
[2021-07-23T08:30:15+08:00][sql] SELECT * FROM `carver_notice` ORDER BY `create_time` DESC LIMIT 3 [ RunTime:0.000275s ]
[2021-07-23T08:30:15+08:00][sql] SHOW FULL COLUMNS FROM `carver_navigation` [ RunTime:0.000584s ]
[2021-07-23T08:30:15+08:00][sql] SELECT * FROM `carver_navigation` [ RunTime:0.000251s ]
[2021-07-23T08:30:15+08:00][sql] SHOW FULL COLUMNS FROM `carver_link` [ RunTime:0.000576s ]
[2021-07-23T08:30:15+08:00][sql] SELECT * FROM `carver_link` WHERE  ( is_confirm=2 ) LIMIT 20 [ RunTime:0.000297s ]
[2021-07-23T08:30:15+08:00][sql] SELECT `article_label` FROM `carver_article` [ RunTime:0.000319s ]
[2021-07-23T08:30:15+08:00][sql] SHOW FULL COLUMNS FROM `carver_carouse` [ RunTime:0.000542s ]
[2021-07-23T08:30:15+08:00][sql] SELECT `carouse_img`,`carouse_desc` FROM `carver_carouse` WHERE  `is_show` = 1 ORDER BY `carouse_sort` DESC LIMIT 3 [ RunTime:0.000320s ]
[2021-07-23T08:30:15+08:00][sql] SHOW FULL COLUMNS FROM `carver_site` [ RunTime:0.000533s ]
[2021-07-23T08:30:15+08:00][sql] SELECT * FROM `carver_site` [ RunTime:0.000270s ]
[2021-07-23T08:33:35+08:00][sql] CONNECT:[ UseTime:0.000617s ] mysql:host=127.0.0.1;port=3306;dbname=carver;charset=utf8
[2021-07-23T08:33:35+08:00][sql] SHOW FULL COLUMNS FROM `carver_user` [ RunTime:0.000921s ]
[2021-07-23T08:33:35+08:00][sql] SHOW FULL COLUMNS FROM `carver_article` [ RunTime:0.000773s ]
[2021-07-23T08:33:35+08:00][sql] SELECT COUNT(*) AS think_count FROM `carver_article` WHERE  `delete_time` = 0  AND `is_show` = 1 [ RunTime:0.000403s ]
[2021-07-23T08:33:35+08:00][sql] SELECT `article_id`,`article_title`,`article_desc`,`article_content`,`article_img`,`article_guide`,`article_label`,`click_num`,`is_show`,`add_time`,`article_author`,`is_top_show` FROM `carver_article` WHERE  `delete_time` = 0  AND `is_show` = 1 ORDER BY `article_id` DESC LIMIT 24,6 [ RunTime:0.001314s ]
[2021-07-23T08:33:35+08:00][sql] SELECT article_id,article_title,click_num,FROM_UNIXTIME(add_time,'%Y-%m-%d') as add_time FROM `carver_article` WHERE  `is_show` = 1  AND `delete_time` = 0 ORDER BY `click_num` DESC LIMIT 3 [ RunTime:0.000422s ]
[2021-07-23T08:33:35+08:00][sql] SHOW FULL COLUMNS FROM `carver_notice` [ RunTime:0.000581s ]
[2021-07-23T08:33:35+08:00][sql] SELECT * FROM `carver_notice` ORDER BY `create_time` DESC LIMIT 3 [ RunTime:0.000280s ]
[2021-07-23T08:33:35+08:00][sql] SHOW FULL COLUMNS FROM `carver_navigation` [ RunTime:0.000581s ]
[2021-07-23T08:33:35+08:00][sql] SELECT * FROM `carver_navigation` [ RunTime:0.000267s ]
[2021-07-23T08:33:35+08:00][sql] SHOW FULL COLUMNS FROM `carver_link` [ RunTime:0.000546s ]
[2021-07-23T08:33:35+08:00][sql] SELECT * FROM `carver_link` WHERE  ( is_confirm=2 ) LIMIT 20 [ RunTime:0.000284s ]
[2021-07-23T08:33:35+08:00][sql] SELECT `article_label` FROM `carver_article` [ RunTime:0.000255s ]
[2021-07-23T08:33:35+08:00][sql] SHOW FULL COLUMNS FROM `carver_carouse` [ RunTime:0.000590s ]
[2021-07-23T08:33:35+08:00][sql] SELECT `carouse_img`,`carouse_desc` FROM `carver_carouse` WHERE  `is_show` = 1 ORDER BY `carouse_sort` DESC LIMIT 3 [ RunTime:0.000281s ]
[2021-07-23T08:33:35+08:00][sql] SHOW FULL COLUMNS FROM `carver_site` [ RunTime:0.000566s ]
[2021-07-23T08:33:35+08:00][sql] SELECT * FROM `carver_site` [ RunTime:0.000259s ]
[2021-07-23T12:38:04+08:00][sql] CONNECT:[ UseTime:0.000736s ] mysql:host=127.0.0.1;port=3306;dbname=carver;charset=utf8
[2021-07-23T12:38:04+08:00][sql] SHOW FULL COLUMNS FROM `carver_user` [ RunTime:0.000888s ]
[2021-07-23T12:38:04+08:00][sql] SHOW FULL COLUMNS FROM `carver_article` [ RunTime:0.000782s ]
[2021-07-23T12:38:04+08:00][sql] SELECT COUNT(*) AS think_count FROM `carver_article` WHERE  `delete_time` = 0  AND `is_show` = 1 [ RunTime:0.000382s ]
[2021-07-23T12:38:04+08:00][sql] SELECT `article_id`,`article_title`,`article_desc`,`article_content`,`article_img`,`article_guide`,`article_label`,`click_num`,`is_show`,`add_time`,`article_author`,`is_top_show` FROM `carver_article` WHERE  `delete_time` = 0  AND `is_show` = 1 ORDER BY `article_id` DESC LIMIT 0,6 [ RunTime:0.000872s ]
[2021-07-23T12:38:04+08:00][sql] SELECT article_id,article_title,click_num,FROM_UNIXTIME(add_time,'%Y-%m-%d') as add_time FROM `carver_article` WHERE  `is_show` = 1  AND `delete_time` = 0 ORDER BY `click_num` DESC LIMIT 3 [ RunTime:0.000678s ]
[2021-07-23T12:38:04+08:00][sql] SHOW FULL COLUMNS FROM `carver_notice` [ RunTime:0.000708s ]
[2021-07-23T12:38:04+08:00][sql] SELECT * FROM `carver_notice` ORDER BY `create_time` DESC LIMIT 3 [ RunTime:0.000275s ]
[2021-07-23T12:38:04+08:00][sql] SHOW FULL COLUMNS FROM `carver_navigation` [ RunTime:0.000586s ]
[2021-07-23T12:38:04+08:00][sql] SELECT * FROM `carver_navigation` [ RunTime:0.000241s ]
[2021-07-23T12:38:04+08:00][sql] SHOW FULL COLUMNS FROM `carver_link` [ RunTime:0.000545s ]
[2021-07-23T12:38:04+08:00][sql] SELECT * FROM `carver_link` WHERE  ( is_confirm=2 ) LIMIT 20 [ RunTime:0.000294s ]
[2021-07-23T12:38:04+08:00][sql] SELECT `article_label` FROM `carver_article` [ RunTime:0.000277s ]
[2021-07-23T12:38:04+08:00][sql] SHOW FULL COLUMNS FROM `carver_carouse` [ RunTime:0.000550s ]
[2021-07-23T12:38:04+08:00][sql] SELECT `carouse_img`,`carouse_desc` FROM `carver_carouse` WHERE  `is_show` = 1 ORDER BY `carouse_sort` DESC LIMIT 3 [ RunTime:0.000290s ]
[2021-07-23T12:38:04+08:00][sql] SHOW FULL COLUMNS FROM `carver_site` [ RunTime:0.000499s ]
[2021-07-23T12:38:04+08:00][sql] SELECT * FROM `carver_site` [ RunTime:0.000252s ]
[2021-07-23T14:21:04+08:00][sql] CONNECT:[ UseTime:0.000596s ] mysql:host=127.0.0.1;port=3306;dbname=carver;charset=utf8
[2021-07-23T14:21:04+08:00][sql] SHOW FULL COLUMNS FROM `carver_article` [ RunTime:0.000991s ]
[2021-07-23T14:21:04+08:00][sql] SELECT `article_id`,`article_title`,`article_desc`,`article_content`,`article_img`,`article_guide`,`article_label`,`click_num`,`is_show`,`add_time`,`article_author` FROM `carver_article` WHERE  `article_id` = 25' LIMIT 1 [ RunTime:0.000448s ]
[2021-07-23T14:21:04+08:00][sql] SELECT `article_id`,`article_title`,`article_desc`,`article_content`,`article_img`,`article_guide`,`article_label`,`click_num`,`is_show`,`add_time`,`article_author` FROM `carver_article` WHERE  `article_id` > 25' LIMIT 1 [ RunTime:0.000554s ]
[2021-07-23T14:21:04+08:00][sql] SELECT `article_id`,`article_title`,`article_desc`,`article_content`,`article_img`,`article_guide`,`article_label`,`click_num`,`is_show`,`add_time`,`article_author` FROM `carver_article` WHERE  `article_id` < 25' ORDER BY `article_id` DESC LIMIT 1 [ RunTime:0.000463s ]
[2021-07-23T14:21:04+08:00][sql] SHOW FULL COLUMNS FROM `carver_link` [ RunTime:0.000637s ]
[2021-07-23T14:21:04+08:00][sql] SELECT * FROM `carver_link` WHERE  ( is_confirm=2 ) LIMIT 20 [ RunTime:0.000315s ]
[2021-07-23T14:21:04+08:00][sql] SELECT article_id,article_title,click_num,FROM_UNIXTIME(add_time,'%Y-%m-%d') as add_time FROM `carver_article` ORDER BY `click_num` DESC LIMIT 3 [ RunTime:0.000416s ]
[2021-07-23T14:21:04+08:00][sql] SHOW FULL COLUMNS FROM `carver_comment` [ RunTime:0.000820s ]
[2021-07-23T14:21:04+08:00][sql] SELECT `a`.*,`b`.`user_name` FROM `carver_comment` `a` INNER JOIN `carver_user` `b` ON `a`.`user_id`=`b`.`user_id` WHERE  `article_id` = 25' ORDER BY `create_time` DESC [ RunTime:0.000426s ]
[2021-07-23T14:21:04+08:00][sql] SHOW FULL COLUMNS FROM `carver_comment_to_others` [ RunTime:0.000621s ]
[2021-07-23T14:21:04+08:00][sql] SELECT * FROM `carver_comment_to_others` [ RunTime:0.000258s ]
[2021-07-23T14:21:04+08:00][sql] SHOW FULL COLUMNS FROM `carver_user` [ RunTime:0.000541s ]
[2021-07-23T14:21:04+08:00][sql] SELECT `user_name` FROM `carver_user` WHERE  `user_id` = 4 LIMIT 1 [ RunTime:0.000248s ]
[2021-07-23T14:21:04+08:00][sql] SELECT `user_name` FROM `carver_user` WHERE  `user_id` = 4 LIMIT 1 [ RunTime:0.000224s ]
[2021-07-23T14:21:04+08:00][sql] SELECT `user_name` FROM `carver_user` WHERE  `user_id` = 5 LIMIT 1 [ RunTime:0.000227s ]
[2021-07-23T14:21:04+08:00][sql] SELECT `user_name` FROM `carver_user` WHERE  `user_id` = 5 LIMIT 1 [ RunTime:0.000234s ]
[2021-07-23T14:21:04+08:00][sql] SELECT `user_name` FROM `carver_user` WHERE  `user_id` = 37 LIMIT 1 [ RunTime:0.000233s ]
[2021-07-23T14:21:04+08:00][sql] SELECT `user_name`,`user_id` FROM `carver_user` [ RunTime:0.000253s ]
[2021-07-23T14:21:04+08:00][sql] SHOW FULL COLUMNS FROM `carver_navigation` [ RunTime:0.000618s ]
[2021-07-23T14:21:04+08:00][sql] SELECT * FROM `carver_navigation` [ RunTime:0.000254s ]
[2021-07-23T14:21:04+08:00][sql] SELECT `article_label` FROM `carver_article` [ RunTime:0.000259s ]
[2021-07-23T14:40:06+08:00][sql] CONNECT:[ UseTime:0.000563s ] mysql:host=127.0.0.1;port=3306;dbname=carver;charset=utf8
[2021-07-23T14:40:06+08:00][sql] SHOW FULL COLUMNS FROM `carver_article` [ RunTime:0.001064s ]
[2021-07-23T14:40:06+08:00][sql] SELECT `article_id`,`article_title`,`article_desc`,`article_content`,`article_img`,`article_guide`,`article_label`,`click_num`,`is_show`,`add_time`,`article_author` FROM `carver_article` WHERE  `article_id` = 1 LIMIT 1 [ RunTime:0.000563s ]
[2021-07-23T14:40:06+08:00][sql] SELECT `article_id`,`article_title`,`article_desc`,`article_content`,`article_img`,`article_guide`,`article_label`,`click_num`,`is_show`,`add_time`,`article_author` FROM `carver_article` WHERE  `article_id` > 1 LIMIT 1 [ RunTime:0.000391s ]
[2021-07-23T14:40:06+08:00][sql] SELECT `article_id`,`article_title`,`article_desc`,`article_content`,`article_img`,`article_guide`,`article_label`,`click_num`,`is_show`,`add_time`,`article_author` FROM `carver_article` WHERE  `article_id` < 1 ORDER BY `article_id` DESC LIMIT 1 [ RunTime:0.000377s ]
[2021-07-23T14:40:06+08:00][sql] SHOW FULL COLUMNS FROM `carver_link` [ RunTime:0.000758s ]
[2021-07-23T14:40:06+08:00][sql] SELECT * FROM `carver_link` WHERE  ( is_confirm=2 ) LIMIT 20 [ RunTime:0.000372s ]
[2021-07-23T14:40:06+08:00][sql] SELECT article_id,article_title,click_num,FROM_UNIXTIME(add_time,'%Y-%m-%d') as add_time FROM `carver_article` ORDER BY `click_num` DESC LIMIT 3 [ RunTime:0.000400s ]
[2021-07-23T14:40:06+08:00][sql] SHOW FULL COLUMNS FROM `carver_comment` [ RunTime:0.000728s ]
[2021-07-23T14:40:06+08:00][sql] SELECT `a`.*,`b`.`user_name` FROM `carver_comment` `a` INNER JOIN `carver_user` `b` ON `a`.`user_id`=`b`.`user_id` WHERE  `article_id` = 1 ORDER BY `create_time` DESC [ RunTime:0.000433s ]
[2021-07-23T14:40:06+08:00][sql] SHOW FULL COLUMNS FROM `carver_comment_to_others` [ RunTime:0.000737s ]
[2021-07-23T14:40:06+08:00][sql] SELECT * FROM `carver_comment_to_others` [ RunTime:0.000275s ]
[2021-07-23T14:40:06+08:00][sql] SHOW FULL COLUMNS FROM `carver_user` [ RunTime:0.000548s ]
[2021-07-23T14:40:06+08:00][sql] SELECT `user_name` FROM `carver_user` WHERE  `user_id` = 4 LIMIT 1 [ RunTime:0.000252s ]
[2021-07-23T14:40:06+08:00][sql] SELECT `user_name` FROM `carver_user` WHERE  `user_id` = 4 LIMIT 1 [ RunTime:0.000266s ]
[2021-07-23T14:40:06+08:00][sql] SELECT `user_name` FROM `carver_user` WHERE  `user_id` = 5 LIMIT 1 [ RunTime:0.000327s ]
[2021-07-23T14:40:06+08:00][sql] SELECT `user_name` FROM `carver_user` WHERE  `user_id` = 5 LIMIT 1 [ RunTime:0.000273s ]
[2021-07-23T14:40:06+08:00][sql] SELECT `user_name` FROM `carver_user` WHERE  `user_id` = 37 LIMIT 1 [ RunTime:0.000237s ]
[2021-07-23T14:40:06+08:00][sql] SELECT `user_name`,`user_id` FROM `carver_user` [ RunTime:0.000322s ]
[2021-07-23T14:40:06+08:00][sql] SHOW FULL COLUMNS FROM `carver_navigation` [ RunTime:0.000761s ]
[2021-07-23T14:40:06+08:00][sql] SELECT * FROM `carver_navigation` [ RunTime:0.000335s ]
[2021-07-23T14:40:06+08:00][sql] SELECT `article_label` FROM `carver_article` [ RunTime:0.000275s ]
[2021-07-23T15:30:40+08:00][sql] CONNECT:[ UseTime:0.000581s ] mysql:host=127.0.0.1;port=3306;dbname=carver;charset=utf8
[2021-07-23T15:30:40+08:00][sql] SHOW FULL COLUMNS FROM `carver_user` [ RunTime:0.000930s ]
[2021-07-23T15:30:40+08:00][sql] SHOW FULL COLUMNS FROM `carver_article` [ RunTime:0.000737s ]
[2021-07-23T15:30:40+08:00][sql] SELECT COUNT(*) AS think_count FROM `carver_article` WHERE  `delete_time` = 0  AND `is_show` = 1 [ RunTime:0.000374s ]
[2021-07-23T15:30:40+08:00][sql] SELECT `article_id`,`article_title`,`article_desc`,`article_content`,`article_img`,`article_guide`,`article_label`,`click_num`,`is_show`,`add_time`,`article_author`,`is_top_show` FROM `carver_article` WHERE  `delete_time` = 0  AND `is_show` = 1 ORDER BY `article_id` DESC LIMIT 18,6 [ RunTime:0.001639s ]
[2021-07-23T15:30:40+08:00][sql] SELECT article_id,article_title,click_num,FROM_UNIXTIME(add_time,'%Y-%m-%d') as add_time FROM `carver_article` WHERE  `is_show` = 1  AND `delete_time` = 0 ORDER BY `click_num` DESC LIMIT 3 [ RunTime:0.000469s ]
[2021-07-23T15:30:40+08:00][sql] SHOW FULL COLUMNS FROM `carver_notice` [ RunTime:0.000618s ]
[2021-07-23T15:30:40+08:00][sql] SELECT * FROM `carver_notice` ORDER BY `create_time` DESC LIMIT 3 [ RunTime:0.000281s ]
[2021-07-23T15:30:40+08:00][sql] SHOW FULL COLUMNS FROM `carver_navigation` [ RunTime:0.000543s ]
[2021-07-23T15:30:40+08:00][sql] SELECT * FROM `carver_navigation` [ RunTime:0.000283s ]
[2021-07-23T15:30:40+08:00][sql] SHOW FULL COLUMNS FROM `carver_link` [ RunTime:0.000509s ]
[2021-07-23T15:30:40+08:00][sql] SELECT * FROM `carver_link` WHERE  ( is_confirm=2 ) LIMIT 20 [ RunTime:0.000306s ]
[2021-07-23T15:30:40+08:00][sql] SELECT `article_label` FROM `carver_article` [ RunTime:0.000260s ]
[2021-07-23T15:30:40+08:00][sql] SHOW FULL COLUMNS FROM `carver_carouse` [ RunTime:0.000528s ]
[2021-07-23T15:30:40+08:00][sql] SELECT `carouse_img`,`carouse_desc` FROM `carver_carouse` WHERE  `is_show` = 1 ORDER BY `carouse_sort` DESC LIMIT 3 [ RunTime:0.000276s ]
[2021-07-23T15:30:40+08:00][sql] SHOW FULL COLUMNS FROM `carver_site` [ RunTime:0.000485s ]
[2021-07-23T15:30:40+08:00][sql] SELECT * FROM `carver_site` [ RunTime:0.000281s ]
[2021-07-23T16:00:10+08:00][sql] CONNECT:[ UseTime:0.000619s ] mysql:host=127.0.0.1;port=3306;dbname=carver;charset=utf8
[2021-07-23T16:00:10+08:00][sql] SHOW FULL COLUMNS FROM `carver_user` [ RunTime:0.001063s ]
[2021-07-23T16:00:10+08:00][sql] SHOW FULL COLUMNS FROM `carver_article` [ RunTime:0.000787s ]
[2021-07-23T16:00:10+08:00][sql] SELECT COUNT(*) AS think_count FROM `carver_article` WHERE  `delete_time` = 0  AND `is_show` = 1 [ RunTime:0.000392s ]
[2021-07-23T16:00:10+08:00][sql] SELECT `article_id`,`article_title`,`article_desc`,`article_content`,`article_img`,`article_guide`,`article_label`,`click_num`,`is_show`,`add_time`,`article_author`,`is_top_show` FROM `carver_article` WHERE  `delete_time` = 0  AND `is_show` = 1 ORDER BY `article_id` DESC LIMIT 0,6 [ RunTime:0.000797s ]
[2021-07-23T16:00:10+08:00][sql] SELECT article_id,article_title,click_num,FROM_UNIXTIME(add_time,'%Y-%m-%d') as add_time FROM `carver_article` WHERE  `is_show` = 1  AND `delete_time` = 0 ORDER BY `click_num` DESC LIMIT 3 [ RunTime:0.012668s ]
[2021-07-23T16:00:10+08:00][sql] SHOW FULL COLUMNS FROM `carver_notice` [ RunTime:0.000901s ]
[2021-07-23T16:00:10+08:00][sql] SELECT * FROM `carver_notice` ORDER BY `create_time` DESC LIMIT 3 [ RunTime:0.000320s ]
[2021-07-23T16:00:10+08:00][sql] SHOW FULL COLUMNS FROM `carver_navigation` [ RunTime:0.000651s ]
[2021-07-23T16:00:10+08:00][sql] SELECT * FROM `carver_navigation` [ RunTime:0.000281s ]
[2021-07-23T16:00:10+08:00][sql] SHOW FULL COLUMNS FROM `carver_link` [ RunTime:0.000680s ]
[2021-07-23T16:00:10+08:00][sql] SELECT * FROM `carver_link` WHERE  ( is_confirm=2 ) LIMIT 20 [ RunTime:0.000431s ]
[2021-07-23T16:00:10+08:00][sql] SELECT `article_label` FROM `carver_article` [ RunTime:0.000305s ]
[2021-07-23T16:00:10+08:00][sql] SHOW FULL COLUMNS FROM `carver_carouse` [ RunTime:0.000605s ]
[2021-07-23T16:00:10+08:00][sql] SELECT `carouse_img`,`carouse_desc` FROM `carver_carouse` WHERE  `is_show` = 1 ORDER BY `carouse_sort` DESC LIMIT 3 [ RunTime:0.000323s ]
[2021-07-23T16:00:10+08:00][sql] SHOW FULL COLUMNS FROM `carver_site` [ RunTime:0.000590s ]
[2021-07-23T16:00:10+08:00][sql] SELECT * FROM `carver_site` [ RunTime:0.000252s ]
[2021-07-23T16:26:32+08:00][sql] CONNECT:[ UseTime:0.000749s ] mysql:host=127.0.0.1;port=3306;dbname=carver;charset=utf8
[2021-07-23T16:26:32+08:00][sql] SHOW FULL COLUMNS FROM `carver_user` [ RunTime:0.000960s ]
[2021-07-23T16:26:32+08:00][sql] SHOW FULL COLUMNS FROM `carver_article` [ RunTime:0.000916s ]
[2021-07-23T16:26:32+08:00][sql] SELECT COUNT(*) AS think_count FROM `carver_article` WHERE  `delete_time` = 0  AND `is_show` = 1 [ RunTime:0.000411s ]
[2021-07-23T16:26:32+08:00][sql] SELECT `article_id`,`article_title`,`article_desc`,`article_content`,`article_img`,`article_guide`,`article_label`,`click_num`,`is_show`,`add_time`,`article_author`,`is_top_show` FROM `carver_article` WHERE  `delete_time` = 0  AND `is_show` = 1 ORDER BY `article_id` DESC LIMIT 0,6 [ RunTime:0.000841s ]
[2021-07-23T16:26:32+08:00][sql] SELECT article_id,article_title,click_num,FROM_UNIXTIME(add_time,'%Y-%m-%d') as add_time FROM `carver_article` WHERE  `is_show` = 1  AND `delete_time` = 0 ORDER BY `click_num` DESC LIMIT 3 [ RunTime:0.000538s ]
[2021-07-23T16:26:32+08:00][sql] SHOW FULL COLUMNS FROM `carver_notice` [ RunTime:0.000838s ]
[2021-07-23T16:26:32+08:00][sql] SELECT * FROM `carver_notice` ORDER BY `create_time` DESC LIMIT 3 [ RunTime:0.000356s ]
[2021-07-23T16:26:32+08:00][sql] SHOW FULL COLUMNS FROM `carver_navigation` [ RunTime:0.000598s ]
[2021-07-23T16:26:32+08:00][sql] SELECT * FROM `carver_navigation` [ RunTime:0.000288s ]
[2021-07-23T16:26:32+08:00][sql] SHOW FULL COLUMNS FROM `carver_link` [ RunTime:0.000583s ]
[2021-07-23T16:26:32+08:00][sql] SELECT * FROM `carver_link` WHERE  ( is_confirm=2 ) LIMIT 20 [ RunTime:0.000321s ]
[2021-07-23T16:26:32+08:00][sql] SELECT `article_label` FROM `carver_article` [ RunTime:0.000321s ]
[2021-07-23T16:26:32+08:00][sql] SHOW FULL COLUMNS FROM `carver_carouse` [ RunTime:0.000605s ]
[2021-07-23T16:26:32+08:00][sql] SELECT `carouse_img`,`carouse_desc` FROM `carver_carouse` WHERE  `is_show` = 1 ORDER BY `carouse_sort` DESC LIMIT 3 [ RunTime:0.000296s ]
[2021-07-23T16:26:32+08:00][sql] SHOW FULL COLUMNS FROM `carver_site` [ RunTime:0.000584s ]
[2021-07-23T16:26:32+08:00][sql] SELECT * FROM `carver_site` [ RunTime:0.000239s ]
[2021-07-23T16:34:32+08:00][sql] CONNECT:[ UseTime:0.000634s ] mysql:host=127.0.0.1;port=3306;dbname=carver;charset=utf8
[2021-07-23T16:34:32+08:00][sql] SHOW FULL COLUMNS FROM `carver_article` [ RunTime:0.000986s ]
[2021-07-23T16:34:32+08:00][sql] SELECT `article_id`,`article_title`,`article_desc`,`article_content`,`article_img`,`article_guide`,`article_label`,`click_num`,`is_show`,`add_time`,`article_author` FROM `carver_article` WHERE  `article_id` = 12 LIMIT 1 [ RunTime:0.000466s ]
[2021-07-23T16:34:32+08:00][sql] SELECT `article_id`,`article_title`,`article_desc`,`article_content`,`article_img`,`article_guide`,`article_label`,`click_num`,`is_show`,`add_time`,`article_author` FROM `carver_article` WHERE  `article_id` > 12 LIMIT 1 [ RunTime:0.000360s ]
[2021-07-23T16:34:32+08:00][sql] SELECT `article_id`,`article_title`,`article_desc`,`article_content`,`article_img`,`article_guide`,`article_label`,`click_num`,`is_show`,`add_time`,`article_author` FROM `carver_article` WHERE  `article_id` < 12 ORDER BY `article_id` DESC LIMIT 1 [ RunTime:0.000345s ]
[2021-07-23T16:34:32+08:00][sql] SHOW FULL COLUMNS FROM `carver_link` [ RunTime:0.000641s ]
[2021-07-23T16:34:32+08:00][sql] SELECT * FROM `carver_link` WHERE  ( is_confirm=2 ) LIMIT 20 [ RunTime:0.000325s ]
[2021-07-23T16:34:32+08:00][sql] SELECT article_id,article_title,click_num,FROM_UNIXTIME(add_time,'%Y-%m-%d') as add_time FROM `carver_article` ORDER BY `click_num` DESC LIMIT 3 [ RunTime:0.000410s ]
[2021-07-23T16:34:32+08:00][sql] SHOW FULL COLUMNS FROM `carver_comment` [ RunTime:0.000685s ]
[2021-07-23T16:34:32+08:00][sql] SELECT `a`.*,`b`.`user_name` FROM `carver_comment` `a` INNER JOIN `carver_user` `b` ON `a`.`user_id`=`b`.`user_id` WHERE  `article_id` = 12 ORDER BY `create_time` DESC [ RunTime:0.000370s ]
[2021-07-23T16:34:32+08:00][sql] SHOW FULL COLUMNS FROM `carver_comment_to_others` [ RunTime:0.000614s ]
[2021-07-23T16:34:32+08:00][sql] SELECT * FROM `carver_comment_to_others` [ RunTime:0.000324s ]
[2021-07-23T16:34:32+08:00][sql] SHOW FULL COLUMNS FROM `carver_user` [ RunTime:0.000516s ]
[2021-07-23T16:34:32+08:00][sql] SELECT `user_name` FROM `carver_user` WHERE  `user_id` = 4 LIMIT 1 [ RunTime:0.000260s ]
[2021-07-23T16:34:32+08:00][sql] SELECT `user_name` FROM `carver_user` WHERE  `user_id` = 4 LIMIT 1 [ RunTime:0.000226s ]
[2021-07-23T16:34:32+08:00][sql] SELECT `user_name` FROM `carver_user` WHERE  `user_id` = 5 LIMIT 1 [ RunTime:0.000222s ]
[2021-07-23T16:34:32+08:00][sql] SELECT `user_name` FROM `carver_user` WHERE  `user_id` = 5 LIMIT 1 [ RunTime:0.000240s ]
[2021-07-23T16:34:32+08:00][sql] SELECT `user_name` FROM `carver_user` WHERE  `user_id` = 37 LIMIT 1 [ RunTime:0.000225s ]
[2021-07-23T16:34:32+08:00][sql] SELECT `user_name`,`user_id` FROM `carver_user` [ RunTime:0.000235s ]
[2021-07-23T16:34:32+08:00][sql] SHOW FULL COLUMNS FROM `carver_navigation` [ RunTime:0.000572s ]
[2021-07-23T16:34:32+08:00][sql] SELECT * FROM `carver_navigation` [ RunTime:0.000284s ]
[2021-07-23T16:34:32+08:00][sql] SELECT `article_label` FROM `carver_article` [ RunTime:0.000284s ]
[2021-07-23T17:29:27+08:00][sql] CONNECT:[ UseTime:0.000669s ] mysql:host=127.0.0.1;port=3306;dbname=carver;charset=utf8
[2021-07-23T17:29:27+08:00][sql] SHOW FULL COLUMNS FROM `carver_article` [ RunTime:0.000970s ]
[2021-07-23T17:29:27+08:00][sql] SELECT COUNT(*) AS think_count FROM `carver_article` WHERE  `article_label` LIKE '%c  %'  AND `delete_time` = 0  AND `is_show` = 1 [ RunTime:0.000432s ]
[2021-07-23T17:29:27+08:00][sql] SELECT * FROM `carver_article` WHERE  `article_label` LIKE '%c  %'  AND `delete_time` = 0  AND `is_show` = 1 LIMIT 0,6 [ RunTime:0.000994s ]
[2021-07-23T17:29:27+08:00][sql] SELECT article_id,article_title,click_num,FROM_UNIXTIME(add_time,'%Y-%m-%d') as add_time FROM `carver_article` WHERE  `is_show` = 1  AND `delete_time` = 0 ORDER BY `click_num` DESC LIMIT 3 [ RunTime:0.000527s ]
[2021-07-23T17:29:27+08:00][sql] SHOW FULL COLUMNS FROM `carver_notice` [ RunTime:0.000744s ]
[2021-07-23T17:29:27+08:00][sql] SELECT * FROM `carver_notice` ORDER BY `create_time` DESC LIMIT 3 [ RunTime:0.000333s ]
[2021-07-23T17:29:27+08:00][sql] SHOW FULL COLUMNS FROM `carver_navigation` [ RunTime:0.000621s ]
[2021-07-23T17:29:27+08:00][sql] SELECT * FROM `carver_navigation` [ RunTime:0.000303s ]
[2021-07-23T17:29:27+08:00][sql] SHOW FULL COLUMNS FROM `carver_link` [ RunTime:0.000702s ]
[2021-07-23T17:29:27+08:00][sql] SELECT * FROM `carver_link` WHERE  ( is_confirm=2 ) LIMIT 20 [ RunTime:0.000339s ]
[2021-07-23T17:29:27+08:00][sql] SELECT `article_label` FROM `carver_article` [ RunTime:0.000278s ]
[2021-07-23T17:29:27+08:00][sql] SHOW FULL COLUMNS FROM `carver_carouse` [ RunTime:0.000592s ]
[2021-07-23T17:29:27+08:00][sql] SELECT `carouse_img`,`carouse_desc` FROM `carver_carouse` WHERE  `is_show` = 1 ORDER BY `carouse_sort` DESC LIMIT 3 [ RunTime:0.000327s ]
[2021-07-23T17:29:27+08:00][sql] SHOW FULL COLUMNS FROM `carver_site` [ RunTime:0.000571s ]
[2021-07-23T17:29:27+08:00][sql] SELECT * FROM `carver_site` [ RunTime:0.000321s ]
[2021-07-23T18:56:54+08:00][sql] CONNECT:[ UseTime:0.000482s ] mysql:host=127.0.0.1;port=3306;dbname=carver;charset=utf8
[2021-07-23T18:56:54+08:00][sql] SHOW FULL COLUMNS FROM `carver_user` [ RunTime:0.000858s ]
[2021-07-23T18:56:54+08:00][sql] SHOW FULL COLUMNS FROM `carver_article` [ RunTime:0.000711s ]
[2021-07-23T18:56:54+08:00][sql] SELECT COUNT(*) AS think_count FROM `carver_article` WHERE  `delete_time` = 0  AND `is_show` = 1 [ RunTime:0.000371s ]
[2021-07-23T18:56:54+08:00][sql] SELECT `article_id`,`article_title`,`article_desc`,`article_content`,`article_img`,`article_guide`,`article_label`,`click_num`,`is_show`,`add_time`,`article_author`,`is_top_show` FROM `carver_article` WHERE  `delete_time` = 0  AND `is_show` = 1 ORDER BY `article_id` DESC LIMIT 0,6 [ RunTime:0.000752s ]
[2021-07-23T18:56:54+08:00][sql] SELECT article_id,article_title,click_num,FROM_UNIXTIME(add_time,'%Y-%m-%d') as add_time FROM `carver_article` WHERE  `is_show` = 1  AND `delete_time` = 0 ORDER BY `click_num` DESC LIMIT 3 [ RunTime:0.000389s ]
[2021-07-23T18:56:54+08:00][sql] SHOW FULL COLUMNS FROM `carver_notice` [ RunTime:0.000536s ]
[2021-07-23T18:56:54+08:00][sql] SELECT * FROM `carver_notice` ORDER BY `create_time` DESC LIMIT 3 [ RunTime:0.000295s ]
[2021-07-23T18:56:54+08:00][sql] SHOW FULL COLUMNS FROM `carver_navigation` [ RunTime:0.000501s ]
[2021-07-23T18:56:54+08:00][sql] SELECT * FROM `carver_navigation` [ RunTime:0.000234s ]
[2021-07-23T18:56:54+08:00][sql] SHOW FULL COLUMNS FROM `carver_link` [ RunTime:0.000525s ]
[2021-07-23T18:56:54+08:00][sql] SELECT * FROM `carver_link` WHERE  ( is_confirm=2 ) LIMIT 20 [ RunTime:0.000268s ]
[2021-07-23T18:56:54+08:00][sql] SELECT `article_label` FROM `carver_article` [ RunTime:0.000255s ]
[2021-07-23T18:56:54+08:00][sql] SHOW FULL COLUMNS FROM `carver_carouse` [ RunTime:0.000488s ]
[2021-07-23T18:56:54+08:00][sql] SELECT `carouse_img`,`carouse_desc` FROM `carver_carouse` WHERE  `is_show` = 1 ORDER BY `carouse_sort` DESC LIMIT 3 [ RunTime:0.000300s ]
[2021-07-23T18:56:54+08:00][sql] SHOW FULL COLUMNS FROM `carver_site` [ RunTime:0.000497s ]
[2021-07-23T18:56:54+08:00][sql] SELECT * FROM `carver_site` [ RunTime:0.000221s ]
[2021-07-23T19:51:11+08:00][sql] CONNECT:[ UseTime:0.000685s ] mysql:host=127.0.0.1;port=3306;dbname=carver;charset=utf8
[2021-07-23T19:51:11+08:00][sql] SHOW FULL COLUMNS FROM `carver_user` [ RunTime:0.000919s ]
[2021-07-23T20:04:04+08:00][sql] CONNECT:[ UseTime:0.000516s ] mysql:host=127.0.0.1;port=3306;dbname=carver;charset=utf8
[2021-07-23T20:04:04+08:00][sql] SHOW FULL COLUMNS FROM `carver_user` [ RunTime:0.000883s ]
[2021-07-23T20:04:04+08:00][sql] SHOW FULL COLUMNS FROM `carver_article` [ RunTime:0.000762s ]
[2021-07-23T20:04:04+08:00][sql] SELECT COUNT(*) AS think_count FROM `carver_article` WHERE  `delete_time` = 0  AND `is_show` = 1 [ RunTime:0.000379s ]
[2021-07-23T20:04:04+08:00][sql] SELECT `article_id`,`article_title`,`article_desc`,`article_content`,`article_img`,`article_guide`,`article_label`,`click_num`,`is_show`,`add_time`,`article_author`,`is_top_show` FROM `carver_article` WHERE  `delete_time` = 0  AND `is_show` = 1 ORDER BY `article_id` DESC LIMIT 24,6 [ RunTime:0.001039s ]
[2021-07-23T20:04:04+08:00][sql] SELECT article_id,article_title,click_num,FROM_UNIXTIME(add_time,'%Y-%m-%d') as add_time FROM `carver_article` WHERE  `is_show` = 1  AND `delete_time` = 0 ORDER BY `click_num` DESC LIMIT 3 [ RunTime:0.000402s ]
[2021-07-23T20:04:04+08:00][sql] SHOW FULL COLUMNS FROM `carver_notice` [ RunTime:0.000537s ]
[2021-07-23T20:04:04+08:00][sql] SELECT * FROM `carver_notice` ORDER BY `create_time` DESC LIMIT 3 [ RunTime:0.000272s ]
[2021-07-23T20:04:04+08:00][sql] SHOW FULL COLUMNS FROM `carver_navigation` [ RunTime:0.000530s ]
[2021-07-23T20:04:04+08:00][sql] SELECT * FROM `carver_navigation` [ RunTime:0.000227s ]
[2021-07-23T20:04:04+08:00][sql] SHOW FULL COLUMNS FROM `carver_link` [ RunTime:0.000495s ]
[2021-07-23T20:04:04+08:00][sql] SELECT * FROM `carver_link` WHERE  ( is_confirm=2 ) LIMIT 20 [ RunTime:0.000282s ]
[2021-07-23T20:04:04+08:00][sql] SELECT `article_label` FROM `carver_article` [ RunTime:0.000276s ]
[2021-07-23T20:04:04+08:00][sql] SHOW FULL COLUMNS FROM `carver_carouse` [ RunTime:0.000475s ]
[2021-07-23T20:04:04+08:00][sql] SELECT `carouse_img`,`carouse_desc` FROM `carver_carouse` WHERE  `is_show` = 1 ORDER BY `carouse_sort` DESC LIMIT 3 [ RunTime:0.000284s ]
[2021-07-23T20:04:04+08:00][sql] SHOW FULL COLUMNS FROM `carver_site` [ RunTime:0.000476s ]
[2021-07-23T20:04:04+08:00][sql] SELECT * FROM `carver_site` [ RunTime:0.000262s ]
[2021-07-23T22:44:48+08:00][sql] CONNECT:[ UseTime:0.000570s ] mysql:host=127.0.0.1;port=3306;dbname=carver;charset=utf8
[2021-07-23T22:44:48+08:00][sql] SHOW FULL COLUMNS FROM `carver_article` [ RunTime:0.000975s ]
[2021-07-23T22:44:48+08:00][sql] SELECT `article_id`,`article_title`,`article_desc`,`article_content`,`article_img`,`article_guide`,`article_label`,`click_num`,`is_show`,`add_time`,`article_author` FROM `carver_article` WHERE  `article_id` = 20 LIMIT 1 [ RunTime:0.000684s ]
[2021-07-23T22:44:48+08:00][sql] SELECT `article_id`,`article_title`,`article_desc`,`article_content`,`article_img`,`article_guide`,`article_label`,`click_num`,`is_show`,`add_time`,`article_author` FROM `carver_article` WHERE  `article_id` > 20 LIMIT 1 [ RunTime:0.000415s ]
[2021-07-23T22:44:48+08:00][sql] SELECT `article_id`,`article_title`,`article_desc`,`article_content`,`article_img`,`article_guide`,`article_label`,`click_num`,`is_show`,`add_time`,`article_author` FROM `carver_article` WHERE  `article_id` < 20 ORDER BY `article_id` DESC LIMIT 1 [ RunTime:0.003029s ]
[2021-07-23T22:44:48+08:00][sql] SHOW FULL COLUMNS FROM `carver_link` [ RunTime:0.000769s ]
[2021-07-23T22:44:48+08:00][sql] SELECT * FROM `carver_link` WHERE  ( is_confirm=2 ) LIMIT 20 [ RunTime:0.000336s ]
[2021-07-23T22:44:48+08:00][sql] SELECT article_id,article_title,click_num,FROM_UNIXTIME(add_time,'%Y-%m-%d') as add_time FROM `carver_article` ORDER BY `click_num` DESC LIMIT 3 [ RunTime:0.000523s ]
[2021-07-23T22:44:48+08:00][sql] SHOW FULL COLUMNS FROM `carver_comment` [ RunTime:0.000637s ]
[2021-07-23T22:44:48+08:00][sql] SELECT `a`.*,`b`.`user_name` FROM `carver_comment` `a` INNER JOIN `carver_user` `b` ON `a`.`user_id`=`b`.`user_id` WHERE  `article_id` = 20 ORDER BY `create_time` DESC [ RunTime:0.000403s ]
[2021-07-23T22:44:48+08:00][sql] SHOW FULL COLUMNS FROM `carver_comment_to_others` [ RunTime:0.000616s ]
[2021-07-23T22:44:48+08:00][sql] SELECT * FROM `carver_comment_to_others` [ RunTime:0.000237s ]
[2021-07-23T22:44:48+08:00][sql] SHOW FULL COLUMNS FROM `carver_user` [ RunTime:0.000478s ]
[2021-07-23T22:44:48+08:00][sql] SELECT `user_name` FROM `carver_user` WHERE  `user_id` = 4 LIMIT 1 [ RunTime:0.000242s ]
[2021-07-23T22:44:48+08:00][sql] SELECT `user_name` FROM `carver_user` WHERE  `user_id` = 4 LIMIT 1 [ RunTime:0.000227s ]
[2021-07-23T22:44:48+08:00][sql] SELECT `user_name` FROM `carver_user` WHERE  `user_id` = 5 LIMIT 1 [ RunTime:0.000222s ]
[2021-07-23T22:44:48+08:00][sql] SELECT `user_name` FROM `carver_user` WHERE  `user_id` = 5 LIMIT 1 [ RunTime:0.000247s ]
[2021-07-23T22:44:48+08:00][sql] SELECT `user_name` FROM `carver_user` WHERE  `user_id` = 37 LIMIT 1 [ RunTime:0.000252s ]
[2021-07-23T22:44:48+08:00][sql] SELECT `user_name`,`user_id` FROM `carver_user` [ RunTime:0.000274s ]
[2021-07-23T22:44:48+08:00][sql] SHOW FULL COLUMNS FROM `carver_navigation` [ RunTime:0.000594s ]
[2021-07-23T22:44:48+08:00][sql] SELECT * FROM `carver_navigation` [ RunTime:0.000247s ]
[2021-07-23T22:44:48+08:00][sql] SELECT `article_label` FROM `carver_article` [ RunTime:0.000272s ]
