[2021-07-24T01:41:17+08:00][sql] CONNECT:[ UseTime:0.000577s ] mysql:host=127.0.0.1;port=3306;dbname=carver;charset=utf8
[2021-07-24T01:41:17+08:00][sql] SHOW FULL COLUMNS FROM `carver_user` [ RunTime:0.000879s ]
[2021-07-24T01:41:17+08:00][sql] SHOW FULL COLUMNS FROM `carver_article` [ RunTime:0.000736s ]
[2021-07-24T01:41:17+08:00][sql] SELECT COUNT(*) AS think_count FROM `carver_article` WHERE  `delete_time` = 0  AND `is_show` = 1 [ RunTime:0.000382s ]
[2021-07-24T01:41:17+08:00][sql] SELECT `article_id`,`article_title`,`article_desc`,`article_content`,`article_img`,`article_guide`,`article_label`,`click_num`,`is_show`,`add_time`,`article_author`,`is_top_show` FROM `carver_article` WHERE  `delete_time` = 0  AND `is_show` = 1 ORDER BY `article_id` DESC LIMIT 0,6 [ RunTime:0.000764s ]
[2021-07-24T01:41:17+08:00][sql] SELECT article_id,article_title,click_num,FROM_UNIXTIME(add_time,'%Y-%m-%d') as add_time FROM `carver_article` WHERE  `is_show` = 1  AND `delete_time` = 0 ORDER BY `click_num` DESC LIMIT 3 [ RunTime:0.000418s ]
[2021-07-24T01:41:17+08:00][sql] SHOW FULL COLUMNS FROM `carver_notice` [ RunTime:0.000574s ]
[2021-07-24T01:41:17+08:00][sql] SELECT * FROM `carver_notice` ORDER BY `create_time` DESC LIMIT 3 [ RunTime:0.000262s ]
[2021-07-24T01:41:17+08:00][sql] SHOW FULL COLUMNS FROM `carver_navigation` [ RunTime:0.000545s ]
[2021-07-24T01:41:17+08:00][sql] SELECT * FROM `carver_navigation` [ RunTime:0.000273s ]
[2021-07-24T01:41:17+08:00][sql] SHOW FULL COLUMNS FROM `carver_link` [ RunTime:0.000639s ]
[2021-07-24T01:41:17+08:00][sql] SELECT * FROM `carver_link` WHERE  ( is_confirm=2 ) LIMIT 20 [ RunTime:0.000291s ]
[2021-07-24T01:41:17+08:00][sql] SELECT `article_label` FROM `carver_article` [ RunTime:0.000292s ]
[2021-07-24T01:41:17+08:00][sql] SHOW FULL COLUMNS FROM `carver_carouse` [ RunTime:0.000503s ]
[2021-07-24T01:41:17+08:00][sql] SELECT `carouse_img`,`carouse_desc` FROM `carver_carouse` WHERE  `is_show` = 1 ORDER BY `carouse_sort` DESC LIMIT 3 [ RunTime:0.000293s ]
[2021-07-24T01:41:17+08:00][sql] SHOW FULL COLUMNS FROM `carver_site` [ RunTime:0.000495s ]
[2021-07-24T01:41:17+08:00][sql] SELECT * FROM `carver_site` [ RunTime:0.000255s ]
[2021-07-24T03:04:54+08:00][sql] CONNECT:[ UseTime:0.000776s ] mysql:host=127.0.0.1;port=3306;dbname=carver;charset=utf8
[2021-07-24T03:04:54+08:00][sql] SHOW FULL COLUMNS FROM `carver_article` [ RunTime:0.001037s ]
[2021-07-24T03:04:54+08:00][sql] SELECT `article_id`,`article_title`,`article_desc`,`article_content`,`article_img`,`article_guide`,`article_label`,`click_num`,`is_show`,`add_time`,`article_author` FROM `carver_article` WHERE  `article_id` = 25' LIMIT 1 [ RunTime:0.000585s ]
[2021-07-24T03:04:54+08:00][sql] SELECT `article_id`,`article_title`,`article_desc`,`article_content`,`article_img`,`article_guide`,`article_label`,`click_num`,`is_show`,`add_time`,`article_author` FROM `carver_article` WHERE  `article_id` > 25' LIMIT 1 [ RunTime:0.000605s ]
[2021-07-24T03:04:54+08:00][sql] SELECT `article_id`,`article_title`,`article_desc`,`article_content`,`article_img`,`article_guide`,`article_label`,`click_num`,`is_show`,`add_time`,`article_author` FROM `carver_article` WHERE  `article_id` < 25' ORDER BY `article_id` DESC LIMIT 1 [ RunTime:0.000435s ]
[2021-07-24T03:04:54+08:00][sql] SHOW FULL COLUMNS FROM `carver_link` [ RunTime:0.000661s ]
[2021-07-24T03:04:54+08:00][sql] SELECT * FROM `carver_link` WHERE  ( is_confirm=2 ) LIMIT 20 [ RunTime:0.000344s ]
[2021-07-24T03:04:54+08:00][sql] SELECT article_id,article_title,click_num,FROM_UNIXTIME(add_time,'%Y-%m-%d') as add_time FROM `carver_article` ORDER BY `click_num` DESC LIMIT 3 [ RunTime:0.000439s ]
[2021-07-24T03:04:54+08:00][sql] SHOW FULL COLUMNS FROM `carver_comment` [ RunTime:0.000667s ]
[2021-07-24T03:04:54+08:00][sql] SELECT `a`.*,`b`.`user_name` FROM `carver_comment` `a` INNER JOIN `carver_user` `b` ON `a`.`user_id`=`b`.`user_id` WHERE  `article_id` = 25' ORDER BY `create_time` DESC [ RunTime:0.000378s ]
[2021-07-24T03:04:54+08:00][sql] SHOW FULL COLUMNS FROM `carver_comment_to_others` [ RunTime:0.000639s ]
[2021-07-24T03:04:54+08:00][sql] SELECT * FROM `carver_comment_to_others` [ RunTime:0.000290s ]
[2021-07-24T03:04:54+08:00][sql] SHOW FULL COLUMNS FROM `carver_user` [ RunTime:0.000507s ]
[2021-07-24T03:04:54+08:00][sql] SELECT `user_name` FROM `carver_user` WHERE  `user_id` = 4 LIMIT 1 [ RunTime:0.000270s ]
[2021-07-24T03:04:54+08:00][sql] SELECT `user_name` FROM `carver_user` WHERE  `user_id` = 4 LIMIT 1 [ RunTime:0.000238s ]
[2021-07-24T03:04:54+08:00][sql] SELECT `user_name` FROM `carver_user` WHERE  `user_id` = 5 LIMIT 1 [ RunTime:0.000228s ]
[2021-07-24T03:04:54+08:00][sql] SELECT `user_name` FROM `carver_user` WHERE  `user_id` = 5 LIMIT 1 [ RunTime:0.000230s ]
[2021-07-24T03:04:54+08:00][sql] SELECT `user_name` FROM `carver_user` WHERE  `user_id` = 37 LIMIT 1 [ RunTime:0.000219s ]
[2021-07-24T03:04:54+08:00][sql] SELECT `user_name`,`user_id` FROM `carver_user` [ RunTime:0.000340s ]
[2021-07-24T03:04:54+08:00][sql] SHOW FULL COLUMNS FROM `carver_navigation` [ RunTime:0.000734s ]
[2021-07-24T03:04:54+08:00][sql] SELECT * FROM `carver_navigation` [ RunTime:0.000285s ]
[2021-07-24T03:04:54+08:00][sql] SELECT `article_label` FROM `carver_article` [ RunTime:0.000282s ]
[2021-07-24T04:14:34+08:00][sql] CONNECT:[ UseTime:0.000720s ] mysql:host=127.0.0.1;port=3306;dbname=carver;charset=utf8
[2021-07-24T04:14:34+08:00][sql] SHOW FULL COLUMNS FROM `carver_article` [ RunTime:0.001020s ]
[2021-07-24T04:14:34+08:00][sql] SELECT `article_id`,`article_title`,`article_desc`,`article_content`,`article_img`,`article_guide`,`article_label`,`click_num`,`is_show`,`add_time`,`article_author` FROM `carver_article` WHERE  `article_id` = 7 LIMIT 1 [ RunTime:0.001060s ]
[2021-07-24T04:14:34+08:00][sql] SELECT `article_id`,`article_title`,`article_desc`,`article_content`,`article_img`,`article_guide`,`article_label`,`click_num`,`is_show`,`add_time`,`article_author` FROM `carver_article` WHERE  `article_id` > 7 LIMIT 1 [ RunTime:0.000444s ]
[2021-07-24T04:14:34+08:00][sql] SELECT `article_id`,`article_title`,`article_desc`,`article_content`,`article_img`,`article_guide`,`article_label`,`click_num`,`is_show`,`add_time`,`article_author` FROM `carver_article` WHERE  `article_id` < 7 ORDER BY `article_id` DESC LIMIT 1 [ RunTime:0.000367s ]
[2021-07-24T04:14:34+08:00][sql] SHOW FULL COLUMNS FROM `carver_link` [ RunTime:0.000611s ]
[2021-07-24T04:14:34+08:00][sql] SELECT * FROM `carver_link` WHERE  ( is_confirm=2 ) LIMIT 20 [ RunTime:0.000315s ]
[2021-07-24T04:14:34+08:00][sql] SELECT article_id,article_title,click_num,FROM_UNIXTIME(add_time,'%Y-%m-%d') as add_time FROM `carver_article` ORDER BY `click_num` DESC LIMIT 3 [ RunTime:0.000375s ]
[2021-07-24T04:14:34+08:00][sql] SHOW FULL COLUMNS FROM `carver_comment` [ RunTime:0.000740s ]
[2021-07-24T04:14:34+08:00][sql] SELECT `a`.*,`b`.`user_name` FROM `carver_comment` `a` INNER JOIN `carver_user` `b` ON `a`.`user_id`=`b`.`user_id` WHERE  `article_id` = 7 ORDER BY `create_time` DESC [ RunTime:0.000371s ]
[2021-07-24T04:14:34+08:00][sql] SHOW FULL COLUMNS FROM `carver_comment_to_others` [ RunTime:0.000584s ]
[2021-07-24T04:14:34+08:00][sql] SELECT * FROM `carver_comment_to_others` [ RunTime:0.000245s ]
[2021-07-24T04:14:34+08:00][sql] SHOW FULL COLUMNS FROM `carver_user` [ RunTime:0.000488s ]
[2021-07-24T04:14:34+08:00][sql] SELECT `user_name` FROM `carver_user` WHERE  `user_id` = 4 LIMIT 1 [ RunTime:0.000244s ]
[2021-07-24T04:14:34+08:00][sql] SELECT `user_name` FROM `carver_user` WHERE  `user_id` = 4 LIMIT 1 [ RunTime:0.000211s ]
[2021-07-24T04:14:34+08:00][sql] SELECT `user_name` FROM `carver_user` WHERE  `user_id` = 5 LIMIT 1 [ RunTime:0.000223s ]
[2021-07-24T04:14:34+08:00][sql] SELECT `user_name` FROM `carver_user` WHERE  `user_id` = 5 LIMIT 1 [ RunTime:0.000251s ]
[2021-07-24T04:14:34+08:00][sql] SELECT `user_name` FROM `carver_user` WHERE  `user_id` = 37 LIMIT 1 [ RunTime:0.000212s ]
[2021-07-24T04:14:34+08:00][sql] SELECT `user_name`,`user_id` FROM `carver_user` [ RunTime:0.000235s ]
[2021-07-24T04:14:34+08:00][sql] SHOW FULL COLUMNS FROM `carver_navigation` [ RunTime:0.000575s ]
[2021-07-24T04:14:34+08:00][sql] SELECT * FROM `carver_navigation` [ RunTime:0.000249s ]
[2021-07-24T04:14:34+08:00][sql] SELECT `article_label` FROM `carver_article` [ RunTime:0.000243s ]
[2021-07-24T05:01:00+08:00][sql] CONNECT:[ UseTime:0.000617s ] mysql:host=127.0.0.1;port=3306;dbname=carver;charset=utf8
[2021-07-24T05:01:00+08:00][sql] SHOW FULL COLUMNS FROM `carver_user` [ RunTime:0.000884s ]
[2021-07-24T05:01:00+08:00][sql] SHOW FULL COLUMNS FROM `carver_article` [ RunTime:0.000902s ]
[2021-07-24T05:01:00+08:00][sql] SELECT COUNT(*) AS think_count FROM `carver_article` WHERE  `delete_time` = 0  AND `is_show` = 1 [ RunTime:0.000425s ]
[2021-07-24T05:01:00+08:00][sql] SELECT `article_id`,`article_title`,`article_desc`,`article_content`,`article_img`,`article_guide`,`article_label`,`click_num`,`is_show`,`add_time`,`article_author`,`is_top_show` FROM `carver_article` WHERE  `delete_time` = 0  AND `is_show` = 1 ORDER BY `article_id` DESC LIMIT 0,6 [ RunTime:0.000860s ]
[2021-07-24T05:01:00+08:00][sql] SELECT article_id,article_title,click_num,FROM_UNIXTIME(add_time,'%Y-%m-%d') as add_time FROM `carver_article` WHERE  `is_show` = 1  AND `delete_time` = 0 ORDER BY `click_num` DESC LIMIT 3 [ RunTime:0.000558s ]
[2021-07-24T05:01:00+08:00][sql] SHOW FULL COLUMNS FROM `carver_notice` [ RunTime:0.000792s ]
[2021-07-24T05:01:00+08:00][sql] SELECT * FROM `carver_notice` ORDER BY `create_time` DESC LIMIT 3 [ RunTime:0.000321s ]
[2021-07-24T05:01:00+08:00][sql] SHOW FULL COLUMNS FROM `carver_navigation` [ RunTime:0.000692s ]
[2021-07-24T05:01:00+08:00][sql] SELECT * FROM `carver_navigation` [ RunTime:0.000255s ]
[2021-07-24T05:01:00+08:00][sql] SHOW FULL COLUMNS FROM `carver_link` [ RunTime:0.000657s ]
[2021-07-24T05:01:00+08:00][sql] SELECT * FROM `carver_link` WHERE  ( is_confirm=2 ) LIMIT 20 [ RunTime:0.000465s ]
[2021-07-24T05:01:00+08:00][sql] SELECT `article_label` FROM `carver_article` [ RunTime:0.000371s ]
[2021-07-24T05:01:00+08:00][sql] SHOW FULL COLUMNS FROM `carver_carouse` [ RunTime:0.000620s ]
[2021-07-24T05:01:00+08:00][sql] SELECT `carouse_img`,`carouse_desc` FROM `carver_carouse` WHERE  `is_show` = 1 ORDER BY `carouse_sort` DESC LIMIT 3 [ RunTime:0.000333s ]
[2021-07-24T05:01:00+08:00][sql] SHOW FULL COLUMNS FROM `carver_site` [ RunTime:0.000618s ]
[2021-07-24T05:01:00+08:00][sql] SELECT * FROM `carver_site` [ RunTime:0.000254s ]
[2021-07-24T05:36:38+08:00][sql] CONNECT:[ UseTime:0.000580s ] mysql:host=127.0.0.1;port=3306;dbname=carver;charset=utf8
[2021-07-24T05:36:38+08:00][sql] SHOW FULL COLUMNS FROM `carver_article` [ RunTime:0.000998s ]
[2021-07-24T05:36:38+08:00][sql] SELECT `article_id`,`article_title`,`article_desc`,`article_content`,`article_img`,`article_guide`,`article_label`,`click_num`,`is_show`,`add_time`,`article_author` FROM `carver_article` WHERE  `article_id` = 16 LIMIT 1 [ RunTime:0.000535s ]
[2021-07-24T05:36:38+08:00][sql] SELECT `article_id`,`article_title`,`article_desc`,`article_content`,`article_img`,`article_guide`,`article_label`,`click_num`,`is_show`,`add_time`,`article_author` FROM `carver_article` WHERE  `article_id` > 16 LIMIT 1 [ RunTime:0.000543s ]
[2021-07-24T05:36:38+08:00][sql] SELECT `article_id`,`article_title`,`article_desc`,`article_content`,`article_img`,`article_guide`,`article_label`,`click_num`,`is_show`,`add_time`,`article_author` FROM `carver_article` WHERE  `article_id` < 16 ORDER BY `article_id` DESC LIMIT 1 [ RunTime:0.001485s ]
[2021-07-24T05:36:38+08:00][sql] SHOW FULL COLUMNS FROM `carver_link` [ RunTime:0.000699s ]
[2021-07-24T05:36:38+08:00][sql] SELECT * FROM `carver_link` WHERE  ( is_confirm=2 ) LIMIT 20 [ RunTime:0.000350s ]
[2021-07-24T05:36:38+08:00][sql] SELECT article_id,article_title,click_num,FROM_UNIXTIME(add_time,'%Y-%m-%d') as add_time FROM `carver_article` ORDER BY `click_num` DESC LIMIT 3 [ RunTime:0.000409s ]
[2021-07-24T05:36:38+08:00][sql] SHOW FULL COLUMNS FROM `carver_comment` [ RunTime:0.000756s ]
[2021-07-24T05:36:38+08:00][sql] SELECT `a`.*,`b`.`user_name` FROM `carver_comment` `a` INNER JOIN `carver_user` `b` ON `a`.`user_id`=`b`.`user_id` WHERE  `article_id` = 16 ORDER BY `create_time` DESC [ RunTime:0.000430s ]
[2021-07-24T05:36:38+08:00][sql] SHOW FULL COLUMNS FROM `carver_comment_to_others` [ RunTime:0.000625s ]
[2021-07-24T05:36:38+08:00][sql] SELECT * FROM `carver_comment_to_others` [ RunTime:0.000288s ]
[2021-07-24T05:36:38+08:00][sql] SHOW FULL COLUMNS FROM `carver_user` [ RunTime:0.000507s ]
[2021-07-24T05:36:38+08:00][sql] SELECT `user_name` FROM `carver_user` WHERE  `user_id` = 4 LIMIT 1 [ RunTime:0.000280s ]
[2021-07-24T05:36:38+08:00][sql] SELECT `user_name` FROM `carver_user` WHERE  `user_id` = 4 LIMIT 1 [ RunTime:0.000268s ]
[2021-07-24T05:36:38+08:00][sql] SELECT `user_name` FROM `carver_user` WHERE  `user_id` = 5 LIMIT 1 [ RunTime:0.000231s ]
[2021-07-24T05:36:38+08:00][sql] SELECT `user_name` FROM `carver_user` WHERE  `user_id` = 5 LIMIT 1 [ RunTime:0.000239s ]
[2021-07-24T05:36:38+08:00][sql] SELECT `user_name` FROM `carver_user` WHERE  `user_id` = 37 LIMIT 1 [ RunTime:0.000217s ]
[2021-07-24T05:36:38+08:00][sql] SELECT `user_name`,`user_id` FROM `carver_user` [ RunTime:0.000257s ]
[2021-07-24T05:36:38+08:00][sql] SHOW FULL COLUMNS FROM `carver_navigation` [ RunTime:0.000586s ]
[2021-07-24T05:36:38+08:00][sql] SELECT * FROM `carver_navigation` [ RunTime:0.000257s ]
[2021-07-24T05:36:38+08:00][sql] SELECT `article_label` FROM `carver_article` [ RunTime:0.000287s ]
[2021-07-24T05:52:27+08:00][sql] CONNECT:[ UseTime:0.000630s ] mysql:host=127.0.0.1;port=3306;dbname=carver;charset=utf8
[2021-07-24T05:52:27+08:00][sql] SHOW FULL COLUMNS FROM `carver_article` [ RunTime:0.001003s ]
[2021-07-24T05:52:27+08:00][sql] SELECT COUNT(*) AS think_count FROM `carver_article` WHERE  `article_label` LIKE '%php;excel/%'  AND `delete_time` = 0  AND `is_show` = 1 [ RunTime:0.000428s ]
[2021-07-24T05:52:27+08:00][sql] SELECT * FROM `carver_article` WHERE  `article_label` LIKE '%php;excel/%'  AND `delete_time` = 0  AND `is_show` = 1 LIMIT 0,6 [ RunTime:0.001012s ]
[2021-07-24T05:52:27+08:00][sql] SELECT article_id,article_title,click_num,FROM_UNIXTIME(add_time,'%Y-%m-%d') as add_time FROM `carver_article` WHERE  `is_show` = 1  AND `delete_time` = 0 ORDER BY `click_num` DESC LIMIT 3 [ RunTime:0.000526s ]
[2021-07-24T05:52:27+08:00][sql] SHOW FULL COLUMNS FROM `carver_notice` [ RunTime:0.000743s ]
[2021-07-24T05:52:27+08:00][sql] SELECT * FROM `carver_notice` ORDER BY `create_time` DESC LIMIT 3 [ RunTime:0.000338s ]
[2021-07-24T05:52:27+08:00][sql] SHOW FULL COLUMNS FROM `carver_navigation` [ RunTime:0.000660s ]
[2021-07-24T05:52:27+08:00][sql] SELECT * FROM `carver_navigation` [ RunTime:0.000282s ]
[2021-07-24T05:52:27+08:00][sql] SHOW FULL COLUMNS FROM `carver_link` [ RunTime:0.000657s ]
[2021-07-24T05:52:27+08:00][sql] SELECT * FROM `carver_link` WHERE  ( is_confirm=2 ) LIMIT 20 [ RunTime:0.000369s ]
[2021-07-24T05:52:27+08:00][sql] SELECT `article_label` FROM `carver_article` [ RunTime:0.000304s ]
[2021-07-24T05:52:27+08:00][sql] SHOW FULL COLUMNS FROM `carver_carouse` [ RunTime:0.000613s ]
[2021-07-24T05:52:27+08:00][sql] SELECT `carouse_img`,`carouse_desc` FROM `carver_carouse` WHERE  `is_show` = 1 ORDER BY `carouse_sort` DESC LIMIT 3 [ RunTime:0.000319s ]
[2021-07-24T05:52:27+08:00][sql] SHOW FULL COLUMNS FROM `carver_site` [ RunTime:0.000618s ]
[2021-07-24T05:52:27+08:00][sql] SELECT * FROM `carver_site` [ RunTime:0.000326s ]
[2021-07-24T05:52:29+08:00][sql] CONNECT:[ UseTime:0.000566s ] mysql:host=127.0.0.1;port=3306;dbname=carver;charset=utf8
[2021-07-24T05:52:29+08:00][sql] SHOW FULL COLUMNS FROM `carver_article` [ RunTime:0.000914s ]
[2021-07-24T05:52:29+08:00][sql] SELECT COUNT(*) AS think_count FROM `carver_article` WHERE  `article_label` LIKE '%php;javascript/%'  AND `delete_time` = 0  AND `is_show` = 1 [ RunTime:0.000422s ]
[2021-07-24T05:52:29+08:00][sql] SELECT * FROM `carver_article` WHERE  `article_label` LIKE '%php;javascript/%'  AND `delete_time` = 0  AND `is_show` = 1 LIMIT 0,6 [ RunTime:0.000960s ]
[2021-07-24T05:52:29+08:00][sql] SELECT article_id,article_title,click_num,FROM_UNIXTIME(add_time,'%Y-%m-%d') as add_time FROM `carver_article` WHERE  `is_show` = 1  AND `delete_time` = 0 ORDER BY `click_num` DESC LIMIT 3 [ RunTime:0.000500s ]
[2021-07-24T05:52:29+08:00][sql] SHOW FULL COLUMNS FROM `carver_notice` [ RunTime:0.000784s ]
[2021-07-24T05:52:29+08:00][sql] SELECT * FROM `carver_notice` ORDER BY `create_time` DESC LIMIT 3 [ RunTime:0.000317s ]
[2021-07-24T05:52:29+08:00][sql] SHOW FULL COLUMNS FROM `carver_navigation` [ RunTime:0.000630s ]
[2021-07-24T05:52:29+08:00][sql] SELECT * FROM `carver_navigation` [ RunTime:0.000281s ]
[2021-07-24T05:52:29+08:00][sql] SHOW FULL COLUMNS FROM `carver_link` [ RunTime:0.000632s ]
[2021-07-24T05:52:29+08:00][sql] SELECT * FROM `carver_link` WHERE  ( is_confirm=2 ) LIMIT 20 [ RunTime:0.000361s ]
[2021-07-24T05:52:29+08:00][sql] SELECT `article_label` FROM `carver_article` [ RunTime:0.000349s ]
[2021-07-24T05:52:29+08:00][sql] SHOW FULL COLUMNS FROM `carver_carouse` [ RunTime:0.000618s ]
[2021-07-24T05:52:29+08:00][sql] SELECT `carouse_img`,`carouse_desc` FROM `carver_carouse` WHERE  `is_show` = 1 ORDER BY `carouse_sort` DESC LIMIT 3 [ RunTime:0.000331s ]
[2021-07-24T05:52:29+08:00][sql] SHOW FULL COLUMNS FROM `carver_site` [ RunTime:0.000594s ]
[2021-07-24T05:52:29+08:00][sql] SELECT * FROM `carver_site` [ RunTime:0.000308s ]
[2021-07-24T05:52:32+08:00][sql] CONNECT:[ UseTime:0.015021s ] mysql:host=127.0.0.1;port=3306;dbname=carver;charset=utf8
[2021-07-24T05:52:32+08:00][sql] SHOW FULL COLUMNS FROM `carver_article` [ RunTime:0.001049s ]
[2021-07-24T05:52:32+08:00][sql] SELECT COUNT(*) AS think_count FROM `carver_article` WHERE  `article_label` LIKE '%swoole;php/%'  AND `delete_time` = 0  AND `is_show` = 1 [ RunTime:0.000460s ]
[2021-07-24T05:52:32+08:00][sql] SELECT * FROM `carver_article` WHERE  `article_label` LIKE '%swoole;php/%'  AND `delete_time` = 0  AND `is_show` = 1 LIMIT 0,6 [ RunTime:0.001103s ]
[2021-07-24T05:52:32+08:00][sql] SELECT article_id,article_title,click_num,FROM_UNIXTIME(add_time,'%Y-%m-%d') as add_time FROM `carver_article` WHERE  `is_show` = 1  AND `delete_time` = 0 ORDER BY `click_num` DESC LIMIT 3 [ RunTime:0.000535s ]
[2021-07-24T05:52:32+08:00][sql] SHOW FULL COLUMNS FROM `carver_notice` [ RunTime:0.011864s ]
[2021-07-24T05:52:32+08:00][sql] SELECT * FROM `carver_notice` ORDER BY `create_time` DESC LIMIT 3 [ RunTime:0.000392s ]
[2021-07-24T05:52:32+08:00][sql] SHOW FULL COLUMNS FROM `carver_navigation` [ RunTime:0.000734s ]
[2021-07-24T05:52:32+08:00][sql] SELECT * FROM `carver_navigation` [ RunTime:0.000304s ]
[2021-07-24T05:52:32+08:00][sql] SHOW FULL COLUMNS FROM `carver_link` [ RunTime:0.000694s ]
[2021-07-24T05:52:32+08:00][sql] SELECT * FROM `carver_link` WHERE  ( is_confirm=2 ) LIMIT 20 [ RunTime:0.000421s ]
[2021-07-24T05:52:32+08:00][sql] SELECT `article_label` FROM `carver_article` [ RunTime:0.000283s ]
[2021-07-24T05:52:32+08:00][sql] SHOW FULL COLUMNS FROM `carver_carouse` [ RunTime:0.000632s ]
[2021-07-24T05:52:32+08:00][sql] SELECT `carouse_img`,`carouse_desc` FROM `carver_carouse` WHERE  `is_show` = 1 ORDER BY `carouse_sort` DESC LIMIT 3 [ RunTime:0.000348s ]
[2021-07-24T05:52:32+08:00][sql] SHOW FULL COLUMNS FROM `carver_site` [ RunTime:0.000599s ]
[2021-07-24T05:52:32+08:00][sql] SELECT * FROM `carver_site` [ RunTime:0.000330s ]
[2021-07-24T06:31:52+08:00][sql] CONNECT:[ UseTime:0.000684s ] mysql:host=127.0.0.1;port=3306;dbname=carver;charset=utf8
[2021-07-24T06:31:52+08:00][sql] SHOW FULL COLUMNS FROM `carver_article` [ RunTime:0.000992s ]
[2021-07-24T06:31:52+08:00][sql] SELECT COUNT(*) AS think_count FROM `carver_article` WHERE  `article_label` LIKE '%c++%'  AND `delete_time` = 0  AND `is_show` = 1 [ RunTime:0.000446s ]
[2021-07-24T06:31:52+08:00][sql] SELECT * FROM `carver_article` WHERE  `article_label` LIKE '%c++%'  AND `delete_time` = 0  AND `is_show` = 1 LIMIT 0,6 [ RunTime:0.000964s ]
[2021-07-24T06:31:52+08:00][sql] SELECT article_id,article_title,click_num,FROM_UNIXTIME(add_time,'%Y-%m-%d') as add_time FROM `carver_article` WHERE  `is_show` = 1  AND `delete_time` = 0 ORDER BY `click_num` DESC LIMIT 3 [ RunTime:0.000591s ]
[2021-07-24T06:31:52+08:00][sql] SHOW FULL COLUMNS FROM `carver_notice` [ RunTime:0.000803s ]
[2021-07-24T06:31:52+08:00][sql] SELECT * FROM `carver_notice` ORDER BY `create_time` DESC LIMIT 3 [ RunTime:0.000336s ]
[2021-07-24T06:31:52+08:00][sql] SHOW FULL COLUMNS FROM `carver_navigation` [ RunTime:0.000712s ]
[2021-07-24T06:31:52+08:00][sql] SELECT * FROM `carver_navigation` [ RunTime:0.000288s ]
[2021-07-24T06:31:52+08:00][sql] SHOW FULL COLUMNS FROM `carver_link` [ RunTime:0.000628s ]
[2021-07-24T06:31:52+08:00][sql] SELECT * FROM `carver_link` WHERE  ( is_confirm=2 ) LIMIT 20 [ RunTime:0.000358s ]
[2021-07-24T06:31:52+08:00][sql] SELECT `article_label` FROM `carver_article` [ RunTime:0.000330s ]
[2021-07-24T06:31:52+08:00][sql] SHOW FULL COLUMNS FROM `carver_carouse` [ RunTime:0.000664s ]
[2021-07-24T06:31:52+08:00][sql] SELECT `carouse_img`,`carouse_desc` FROM `carver_carouse` WHERE  `is_show` = 1 ORDER BY `carouse_sort` DESC LIMIT 3 [ RunTime:0.000335s ]
[2021-07-24T06:31:52+08:00][sql] SHOW FULL COLUMNS FROM `carver_site` [ RunTime:0.000635s ]
[2021-07-24T06:31:52+08:00][sql] SELECT * FROM `carver_site` [ RunTime:0.000322s ]
[2021-07-24T08:49:11+08:00][sql] CONNECT:[ UseTime:0.000594s ] mysql:host=127.0.0.1;port=3306;dbname=carver;charset=utf8
[2021-07-24T08:49:11+08:00][sql] SHOW FULL COLUMNS FROM `carver_user` [ RunTime:0.000929s ]
[2021-07-24T08:49:11+08:00][sql] SHOW FULL COLUMNS FROM `carver_article` [ RunTime:0.000827s ]
[2021-07-24T08:49:11+08:00][sql] SELECT COUNT(*) AS think_count FROM `carver_article` WHERE  `delete_time` = 0  AND `is_show` = 1 [ RunTime:0.000411s ]
[2021-07-24T08:49:11+08:00][sql] SELECT `article_id`,`article_title`,`article_desc`,`article_content`,`article_img`,`article_guide`,`article_label`,`click_num`,`is_show`,`add_time`,`article_author`,`is_top_show` FROM `carver_article` WHERE  `delete_time` = 0  AND `is_show` = 1 ORDER BY `article_id` DESC LIMIT 18,6 [ RunTime:0.001682s ]
[2021-07-24T08:49:11+08:00][sql] SELECT article_id,article_title,click_num,FROM_UNIXTIME(add_time,'%Y-%m-%d') as add_time FROM `carver_article` WHERE  `is_show` = 1  AND `delete_time` = 0 ORDER BY `click_num` DESC LIMIT 3 [ RunTime:0.000690s ]
[2021-07-24T08:49:11+08:00][sql] SHOW FULL COLUMNS FROM `carver_notice` [ RunTime:0.000792s ]
[2021-07-24T08:49:11+08:00][sql] SELECT * FROM `carver_notice` ORDER BY `create_time` DESC LIMIT 3 [ RunTime:0.000328s ]
[2021-07-24T08:49:11+08:00][sql] SHOW FULL COLUMNS FROM `carver_navigation` [ RunTime:0.000619s ]
[2021-07-24T08:49:11+08:00][sql] SELECT * FROM `carver_navigation` [ RunTime:0.000260s ]
[2021-07-24T08:49:11+08:00][sql] SHOW FULL COLUMNS FROM `carver_link` [ RunTime:0.000561s ]
[2021-07-24T08:49:11+08:00][sql] SELECT * FROM `carver_link` WHERE  ( is_confirm=2 ) LIMIT 20 [ RunTime:0.000312s ]
[2021-07-24T08:49:11+08:00][sql] SELECT `article_label` FROM `carver_article` [ RunTime:0.000314s ]
[2021-07-24T08:49:11+08:00][sql] SHOW FULL COLUMNS FROM `carver_carouse` [ RunTime:0.000600s ]
[2021-07-24T08:49:11+08:00][sql] SELECT `carouse_img`,`carouse_desc` FROM `carver_carouse` WHERE  `is_show` = 1 ORDER BY `carouse_sort` DESC LIMIT 3 [ RunTime:0.000314s ]
[2021-07-24T08:49:11+08:00][sql] SHOW FULL COLUMNS FROM `carver_site` [ RunTime:0.000611s ]
[2021-07-24T08:49:11+08:00][sql] SELECT * FROM `carver_site` [ RunTime:0.000240s ]
[2021-07-24T09:56:53+08:00][sql] CONNECT:[ UseTime:0.000568s ] mysql:host=127.0.0.1;port=3306;dbname=carver;charset=utf8
[2021-07-24T09:56:53+08:00][sql] SHOW FULL COLUMNS FROM `carver_user` [ RunTime:0.000940s ]
[2021-07-24T09:56:53+08:00][sql] SHOW FULL COLUMNS FROM `carver_article` [ RunTime:0.000816s ]
[2021-07-24T09:56:53+08:00][sql] SELECT COUNT(*) AS think_count FROM `carver_article` WHERE  `delete_time` = 0  AND `is_show` = 1 [ RunTime:0.000466s ]
[2021-07-24T09:56:53+08:00][sql] SELECT `article_id`,`article_title`,`article_desc`,`article_content`,`article_img`,`article_guide`,`article_label`,`click_num`,`is_show`,`add_time`,`article_author`,`is_top_show` FROM `carver_article` WHERE  `delete_time` = 0  AND `is_show` = 1 ORDER BY `article_id` DESC LIMIT 18,6 [ RunTime:0.001769s ]
[2021-07-24T09:56:53+08:00][sql] SELECT article_id,article_title,click_num,FROM_UNIXTIME(add_time,'%Y-%m-%d') as add_time FROM `carver_article` WHERE  `is_show` = 1  AND `delete_time` = 0 ORDER BY `click_num` DESC LIMIT 3 [ RunTime:0.000555s ]
[2021-07-24T09:56:53+08:00][sql] SHOW FULL COLUMNS FROM `carver_notice` [ RunTime:0.000706s ]
[2021-07-24T09:56:53+08:00][sql] SELECT * FROM `carver_notice` ORDER BY `create_time` DESC LIMIT 3 [ RunTime:0.000304s ]
[2021-07-24T09:56:53+08:00][sql] SHOW FULL COLUMNS FROM `carver_navigation` [ RunTime:0.000616s ]
[2021-07-24T09:56:53+08:00][sql] SELECT * FROM `carver_navigation` [ RunTime:0.000273s ]
[2021-07-24T09:56:53+08:00][sql] SHOW FULL COLUMNS FROM `carver_link` [ RunTime:0.000628s ]
[2021-07-24T09:56:53+08:00][sql] SELECT * FROM `carver_link` WHERE  ( is_confirm=2 ) LIMIT 20 [ RunTime:0.000297s ]
[2021-07-24T09:56:53+08:00][sql] SELECT `article_label` FROM `carver_article` [ RunTime:0.000369s ]
[2021-07-24T09:56:53+08:00][sql] SHOW FULL COLUMNS FROM `carver_carouse` [ RunTime:0.000544s ]
[2021-07-24T09:56:53+08:00][sql] SELECT `carouse_img`,`carouse_desc` FROM `carver_carouse` WHERE  `is_show` = 1 ORDER BY `carouse_sort` DESC LIMIT 3 [ RunTime:0.000340s ]
[2021-07-24T09:56:53+08:00][sql] SHOW FULL COLUMNS FROM `carver_site` [ RunTime:0.000529s ]
[2021-07-24T09:56:53+08:00][sql] SELECT * FROM `carver_site` [ RunTime:0.000271s ]
[2021-07-24T10:33:53+08:00][sql] CONNECT:[ UseTime:0.000567s ] mysql:host=127.0.0.1;port=3306;dbname=carver;charset=utf8
[2021-07-24T10:33:53+08:00][sql] SHOW FULL COLUMNS FROM `carver_article` [ RunTime:0.001111s ]
[2021-07-24T10:33:53+08:00][sql] SELECT `article_id`,`article_title`,`article_desc`,`article_content`,`article_img`,`article_guide`,`article_label`,`click_num`,`is_show`,`add_time`,`article_author` FROM `carver_article` WHERE  `article_id` = 18 LIMIT 1 [ RunTime:0.000510s ]
[2021-07-24T10:33:53+08:00][sql] SELECT `article_id`,`article_title`,`article_desc`,`article_content`,`article_img`,`article_guide`,`article_label`,`click_num`,`is_show`,`add_time`,`article_author` FROM `carver_article` WHERE  `article_id` > 18 LIMIT 1 [ RunTime:0.003120s ]
[2021-07-24T10:33:53+08:00][sql] SELECT `article_id`,`article_title`,`article_desc`,`article_content`,`article_img`,`article_guide`,`article_label`,`click_num`,`is_show`,`add_time`,`article_author` FROM `carver_article` WHERE  `article_id` < 18 ORDER BY `article_id` DESC LIMIT 1 [ RunTime:0.000575s ]
[2021-07-24T10:33:53+08:00][sql] SHOW FULL COLUMNS FROM `carver_link` [ RunTime:0.000667s ]
[2021-07-24T10:33:53+08:00][sql] SELECT * FROM `carver_link` WHERE  ( is_confirm=2 ) LIMIT 20 [ RunTime:0.000349s ]
[2021-07-24T10:33:53+08:00][sql] SELECT article_id,article_title,click_num,FROM_UNIXTIME(add_time,'%Y-%m-%d') as add_time FROM `carver_article` ORDER BY `click_num` DESC LIMIT 3 [ RunTime:0.000534s ]
[2021-07-24T10:33:53+08:00][sql] SHOW FULL COLUMNS FROM `carver_comment` [ RunTime:0.000651s ]
[2021-07-24T10:33:53+08:00][sql] SELECT `a`.*,`b`.`user_name` FROM `carver_comment` `a` INNER JOIN `carver_user` `b` ON `a`.`user_id`=`b`.`user_id` WHERE  `article_id` = 18 ORDER BY `create_time` DESC [ RunTime:0.000354s ]
[2021-07-24T10:33:53+08:00][sql] SHOW FULL COLUMNS FROM `carver_comment_to_others` [ RunTime:0.000602s ]
[2021-07-24T10:33:53+08:00][sql] SELECT * FROM `carver_comment_to_others` [ RunTime:0.000246s ]
[2021-07-24T10:33:53+08:00][sql] SHOW FULL COLUMNS FROM `carver_user` [ RunTime:0.000533s ]
[2021-07-24T10:33:53+08:00][sql] SELECT `user_name` FROM `carver_user` WHERE  `user_id` = 4 LIMIT 1 [ RunTime:0.000240s ]
[2021-07-24T10:33:53+08:00][sql] SELECT `user_name` FROM `carver_user` WHERE  `user_id` = 4 LIMIT 1 [ RunTime:0.000212s ]
[2021-07-24T10:33:53+08:00][sql] SELECT `user_name` FROM `carver_user` WHERE  `user_id` = 5 LIMIT 1 [ RunTime:0.000246s ]
[2021-07-24T10:33:53+08:00][sql] SELECT `user_name` FROM `carver_user` WHERE  `user_id` = 5 LIMIT 1 [ RunTime:0.000219s ]
[2021-07-24T10:33:53+08:00][sql] SELECT `user_name` FROM `carver_user` WHERE  `user_id` = 37 LIMIT 1 [ RunTime:0.000216s ]
[2021-07-24T10:33:53+08:00][sql] SELECT `user_name`,`user_id` FROM `carver_user` [ RunTime:0.000239s ]
[2021-07-24T10:33:53+08:00][sql] SHOW FULL COLUMNS FROM `carver_navigation` [ RunTime:0.000546s ]
[2021-07-24T10:33:53+08:00][sql] SELECT * FROM `carver_navigation` [ RunTime:0.000251s ]
[2021-07-24T10:33:53+08:00][sql] SELECT `article_label` FROM `carver_article` [ RunTime:0.000244s ]
[2021-07-24T10:33:55+08:00][sql] CONNECT:[ UseTime:0.000577s ] mysql:host=127.0.0.1;port=3306;dbname=carver;charset=utf8
[2021-07-24T10:33:55+08:00][sql] SHOW FULL COLUMNS FROM `carver_article` [ RunTime:0.000957s ]
[2021-07-24T10:33:55+08:00][sql] SELECT `article_id`,`article_title`,`article_desc`,`article_content`,`article_img`,`article_guide`,`article_label`,`click_num`,`is_show`,`add_time`,`article_author` FROM `carver_article` WHERE  `article_id` = 18'[0] LIMIT 1 [ RunTime:0.000500s ]
[2021-07-24T10:33:55+08:00][sql] SELECT `article_id`,`article_title`,`article_desc`,`article_content`,`article_img`,`article_guide`,`article_label`,`click_num`,`is_show`,`add_time`,`article_author` FROM `carver_article` WHERE  `article_id` > 18'[0] LIMIT 1 [ RunTime:0.002963s ]
[2021-07-24T10:33:55+08:00][sql] SELECT `article_id`,`article_title`,`article_desc`,`article_content`,`article_img`,`article_guide`,`article_label`,`click_num`,`is_show`,`add_time`,`article_author` FROM `carver_article` WHERE  `article_id` < 18'[0] ORDER BY `article_id` DESC LIMIT 1 [ RunTime:0.000505s ]
[2021-07-24T10:33:55+08:00][sql] SHOW FULL COLUMNS FROM `carver_link` [ RunTime:0.000620s ]
[2021-07-24T10:33:55+08:00][sql] SELECT * FROM `carver_link` WHERE  ( is_confirm=2 ) LIMIT 20 [ RunTime:0.000315s ]
[2021-07-24T10:33:55+08:00][sql] SELECT article_id,article_title,click_num,FROM_UNIXTIME(add_time,'%Y-%m-%d') as add_time FROM `carver_article` ORDER BY `click_num` DESC LIMIT 3 [ RunTime:0.000480s ]
[2021-07-24T10:33:55+08:00][sql] SHOW FULL COLUMNS FROM `carver_comment` [ RunTime:0.000584s ]
[2021-07-24T10:33:55+08:00][sql] SELECT `a`.*,`b`.`user_name` FROM `carver_comment` `a` INNER JOIN `carver_user` `b` ON `a`.`user_id`=`b`.`user_id` WHERE  `article_id` = 18'[0] ORDER BY `create_time` DESC [ RunTime:0.000352s ]
[2021-07-24T10:33:55+08:00][sql] SHOW FULL COLUMNS FROM `carver_comment_to_others` [ RunTime:0.000553s ]
[2021-07-24T10:33:55+08:00][sql] SELECT * FROM `carver_comment_to_others` [ RunTime:0.000241s ]
[2021-07-24T10:33:55+08:00][sql] SHOW FULL COLUMNS FROM `carver_user` [ RunTime:0.000533s ]
[2021-07-24T10:33:55+08:00][sql] SELECT `user_name` FROM `carver_user` WHERE  `user_id` = 4 LIMIT 1 [ RunTime:0.000247s ]
[2021-07-24T10:33:55+08:00][sql] SELECT `user_name` FROM `carver_user` WHERE  `user_id` = 4 LIMIT 1 [ RunTime:0.000228s ]
[2021-07-24T10:33:55+08:00][sql] SELECT `user_name` FROM `carver_user` WHERE  `user_id` = 5 LIMIT 1 [ RunTime:0.000208s ]
[2021-07-24T10:33:55+08:00][sql] SELECT `user_name` FROM `carver_user` WHERE  `user_id` = 5 LIMIT 1 [ RunTime:0.000216s ]
[2021-07-24T10:33:55+08:00][sql] SELECT `user_name` FROM `carver_user` WHERE  `user_id` = 37 LIMIT 1 [ RunTime:0.000259s ]
[2021-07-24T10:33:55+08:00][sql] SHOW FULL COLUMNS FROM `carver_navigation` [ RunTime:0.000614s ]
[2021-07-24T10:33:55+08:00][sql] SELECT * FROM `carver_navigation` [ RunTime:0.000333s ]
[2021-07-24T10:33:55+08:00][sql] SELECT `article_label` FROM `carver_article` [ RunTime:0.000259s ]
[2021-07-24T11:16:18+08:00][sql] CONNECT:[ UseTime:0.000568s ] mysql:host=127.0.0.1;port=3306;dbname=carver;charset=utf8
[2021-07-24T11:16:18+08:00][sql] SHOW FULL COLUMNS FROM `carver_article` [ RunTime:0.000938s ]
[2021-07-24T11:16:18+08:00][sql] SELECT `article_id`,`article_title`,`article_desc`,`article_content`,`article_img`,`article_guide`,`article_label`,`click_num`,`is_show`,`add_time`,`article_author` FROM `carver_article` WHERE  `article_id` = 25'A=0 LIMIT 1 [ RunTime:0.000457s ]
[2021-07-24T11:16:18+08:00][sql] SELECT `article_id`,`article_title`,`article_desc`,`article_content`,`article_img`,`article_guide`,`article_label`,`click_num`,`is_show`,`add_time`,`article_author` FROM `carver_article` WHERE  `article_id` > 25'A=0 LIMIT 1 [ RunTime:0.000569s ]
[2021-07-24T11:16:18+08:00][sql] SELECT `article_id`,`article_title`,`article_desc`,`article_content`,`article_img`,`article_guide`,`article_label`,`click_num`,`is_show`,`add_time`,`article_author` FROM `carver_article` WHERE  `article_id` < 25'A=0 ORDER BY `article_id` DESC LIMIT 1 [ RunTime:0.000437s ]
[2021-07-24T11:16:18+08:00][sql] SHOW FULL COLUMNS FROM `carver_link` [ RunTime:0.000621s ]
[2021-07-24T11:16:18+08:00][sql] SELECT * FROM `carver_link` WHERE  ( is_confirm=2 ) LIMIT 20 [ RunTime:0.000298s ]
[2021-07-24T11:16:18+08:00][sql] SELECT article_id,article_title,click_num,FROM_UNIXTIME(add_time,'%Y-%m-%d') as add_time FROM `carver_article` ORDER BY `click_num` DESC LIMIT 3 [ RunTime:0.000325s ]
[2021-07-24T11:16:18+08:00][sql] SHOW FULL COLUMNS FROM `carver_comment` [ RunTime:0.000629s ]
[2021-07-24T11:16:18+08:00][sql] SELECT `a`.*,`b`.`user_name` FROM `carver_comment` `a` INNER JOIN `carver_user` `b` ON `a`.`user_id`=`b`.`user_id` WHERE  `article_id` = 25'A=0 ORDER BY `create_time` DESC [ RunTime:0.000351s ]
[2021-07-24T11:16:18+08:00][sql] SHOW FULL COLUMNS FROM `carver_comment_to_others` [ RunTime:0.000591s ]
[2021-07-24T11:16:18+08:00][sql] SELECT * FROM `carver_comment_to_others` [ RunTime:0.000232s ]
[2021-07-24T11:16:18+08:00][sql] SHOW FULL COLUMNS FROM `carver_user` [ RunTime:0.000471s ]
[2021-07-24T11:16:18+08:00][sql] SELECT `user_name` FROM `carver_user` WHERE  `user_id` = 4 LIMIT 1 [ RunTime:0.000243s ]
[2021-07-24T11:16:18+08:00][sql] SELECT `user_name` FROM `carver_user` WHERE  `user_id` = 4 LIMIT 1 [ RunTime:0.000229s ]
[2021-07-24T11:16:18+08:00][sql] SELECT `user_name` FROM `carver_user` WHERE  `user_id` = 5 LIMIT 1 [ RunTime:0.000221s ]
[2021-07-24T11:16:18+08:00][sql] SELECT `user_name` FROM `carver_user` WHERE  `user_id` = 5 LIMIT 1 [ RunTime:0.000229s ]
[2021-07-24T11:16:18+08:00][sql] SELECT `user_name` FROM `carver_user` WHERE  `user_id` = 37 LIMIT 1 [ RunTime:0.000232s ]
[2021-07-24T11:16:18+08:00][sql] SELECT `user_name`,`user_id` FROM `carver_user` [ RunTime:0.000244s ]
[2021-07-24T11:16:18+08:00][sql] SHOW FULL COLUMNS FROM `carver_navigation` [ RunTime:0.000518s ]
[2021-07-24T11:16:18+08:00][sql] SELECT * FROM `carver_navigation` [ RunTime:0.000244s ]
[2021-07-24T11:16:18+08:00][sql] SELECT `article_label` FROM `carver_article` [ RunTime:0.000305s ]
[2021-07-24T12:12:10+08:00][sql] CONNECT:[ UseTime:0.000551s ] mysql:host=127.0.0.1;port=3306;dbname=carver;charset=utf8
[2021-07-24T12:12:10+08:00][sql] SHOW FULL COLUMNS FROM `carver_article` [ RunTime:0.001009s ]
[2021-07-24T12:12:10+08:00][sql] SELECT COUNT(*) AS think_count FROM `carver_article` WHERE  `article_label` LIKE '%js%'  AND `delete_time` = 0  AND `is_show` = 1 [ RunTime:0.000448s ]
[2021-07-24T12:12:10+08:00][sql] SELECT * FROM `carver_article` WHERE  `article_label` LIKE '%js%'  AND `delete_time` = 0  AND `is_show` = 1 LIMIT 0,6 [ RunTime:0.001032s ]
[2021-07-24T12:12:10+08:00][sql] SELECT article_id,article_title,click_num,FROM_UNIXTIME(add_time,'%Y-%m-%d') as add_time FROM `carver_article` WHERE  `is_show` = 1  AND `delete_time` = 0 ORDER BY `click_num` DESC LIMIT 3 [ RunTime:0.000533s ]
[2021-07-24T12:12:10+08:00][sql] SHOW FULL COLUMNS FROM `carver_notice` [ RunTime:0.000709s ]
[2021-07-24T12:12:10+08:00][sql] SELECT * FROM `carver_notice` ORDER BY `create_time` DESC LIMIT 3 [ RunTime:0.000341s ]
[2021-07-24T12:12:10+08:00][sql] SHOW FULL COLUMNS FROM `carver_navigation` [ RunTime:0.000685s ]
[2021-07-24T12:12:10+08:00][sql] SELECT * FROM `carver_navigation` [ RunTime:0.000296s ]
[2021-07-24T12:12:10+08:00][sql] SHOW FULL COLUMNS FROM `carver_link` [ RunTime:0.000642s ]
[2021-07-24T12:12:10+08:00][sql] SELECT * FROM `carver_link` WHERE  ( is_confirm=2 ) LIMIT 20 [ RunTime:0.000351s ]
[2021-07-24T12:12:10+08:00][sql] SELECT `article_label` FROM `carver_article` [ RunTime:0.000291s ]
[2021-07-24T12:12:10+08:00][sql] SHOW FULL COLUMNS FROM `carver_carouse` [ RunTime:0.000592s ]
[2021-07-24T12:12:10+08:00][sql] SELECT `carouse_img`,`carouse_desc` FROM `carver_carouse` WHERE  `is_show` = 1 ORDER BY `carouse_sort` DESC LIMIT 3 [ RunTime:0.000322s ]
[2021-07-24T12:12:10+08:00][sql] SHOW FULL COLUMNS FROM `carver_site` [ RunTime:0.000606s ]
[2021-07-24T12:12:10+08:00][sql] SELECT * FROM `carver_site` [ RunTime:0.000316s ]
[2021-07-24T12:57:14+08:00][sql] CONNECT:[ UseTime:0.000588s ] mysql:host=127.0.0.1;port=3306;dbname=carver;charset=utf8
[2021-07-24T12:57:14+08:00][sql] SHOW FULL COLUMNS FROM `carver_article` [ RunTime:0.000943s ]
[2021-07-24T12:57:14+08:00][sql] SELECT COUNT(*) AS think_count FROM `carver_article` WHERE  `article_label` LIKE '%js%'  AND `delete_time` = 0  AND `is_show` = 1 [ RunTime:0.000408s ]
[2021-07-24T12:57:14+08:00][sql] SELECT * FROM `carver_article` WHERE  `article_label` LIKE '%js%'  AND `delete_time` = 0  AND `is_show` = 1 LIMIT 0,6 [ RunTime:0.000968s ]
[2021-07-24T12:57:14+08:00][sql] SELECT article_id,article_title,click_num,FROM_UNIXTIME(add_time,'%Y-%m-%d') as add_time FROM `carver_article` WHERE  `is_show` = 1  AND `delete_time` = 0 ORDER BY `click_num` DESC LIMIT 3 [ RunTime:0.000530s ]
[2021-07-24T12:57:14+08:00][sql] SHOW FULL COLUMNS FROM `carver_notice` [ RunTime:0.000695s ]
[2021-07-24T12:57:14+08:00][sql] SELECT * FROM `carver_notice` ORDER BY `create_time` DESC LIMIT 3 [ RunTime:0.000300s ]
[2021-07-24T12:57:14+08:00][sql] SHOW FULL COLUMNS FROM `carver_navigation` [ RunTime:0.000595s ]
[2021-07-24T12:57:14+08:00][sql] SELECT * FROM `carver_navigation` [ RunTime:0.000285s ]
[2021-07-24T12:57:14+08:00][sql] SHOW FULL COLUMNS FROM `carver_link` [ RunTime:0.000580s ]
[2021-07-24T12:57:14+08:00][sql] SELECT * FROM `carver_link` WHERE  ( is_confirm=2 ) LIMIT 20 [ RunTime:0.000342s ]
[2021-07-24T12:57:14+08:00][sql] SELECT `article_label` FROM `carver_article` [ RunTime:0.000261s ]
[2021-07-24T12:57:14+08:00][sql] SHOW FULL COLUMNS FROM `carver_carouse` [ RunTime:0.000700s ]
[2021-07-24T12:57:14+08:00][sql] SELECT `carouse_img`,`carouse_desc` FROM `carver_carouse` WHERE  `is_show` = 1 ORDER BY `carouse_sort` DESC LIMIT 3 [ RunTime:0.000309s ]
[2021-07-24T12:57:14+08:00][sql] SHOW FULL COLUMNS FROM `carver_site` [ RunTime:0.000588s ]
[2021-07-24T12:57:14+08:00][sql] SELECT * FROM `carver_site` [ RunTime:0.000309s ]
[2021-07-24T13:09:19+08:00][sql] CONNECT:[ UseTime:0.000519s ] mysql:host=127.0.0.1;port=3306;dbname=carver;charset=utf8
[2021-07-24T13:09:19+08:00][sql] SHOW FULL COLUMNS FROM `carver_user` [ RunTime:0.000827s ]
[2021-07-24T13:09:19+08:00][sql] SHOW FULL COLUMNS FROM `carver_article` [ RunTime:0.000716s ]
[2021-07-24T13:09:19+08:00][sql] SELECT COUNT(*) AS think_count FROM `carver_article` WHERE  `delete_time` = 0  AND `is_show` = 1 [ RunTime:0.000370s ]
[2021-07-24T13:09:19+08:00][sql] SELECT `article_id`,`article_title`,`article_desc`,`article_content`,`article_img`,`article_guide`,`article_label`,`click_num`,`is_show`,`add_time`,`article_author`,`is_top_show` FROM `carver_article` WHERE  `delete_time` = 0  AND `is_show` = 1 ORDER BY `article_id` DESC LIMIT 0,6 [ RunTime:0.000750s ]
[2021-07-24T13:09:19+08:00][sql] SELECT article_id,article_title,click_num,FROM_UNIXTIME(add_time,'%Y-%m-%d') as add_time FROM `carver_article` WHERE  `is_show` = 1  AND `delete_time` = 0 ORDER BY `click_num` DESC LIMIT 3 [ RunTime:0.000444s ]
[2021-07-24T13:09:19+08:00][sql] SHOW FULL COLUMNS FROM `carver_notice` [ RunTime:0.000548s ]
[2021-07-24T13:09:19+08:00][sql] SELECT * FROM `carver_notice` ORDER BY `create_time` DESC LIMIT 3 [ RunTime:0.000276s ]
[2021-07-24T13:09:19+08:00][sql] SHOW FULL COLUMNS FROM `carver_navigation` [ RunTime:0.000566s ]
[2021-07-24T13:09:19+08:00][sql] SELECT * FROM `carver_navigation` [ RunTime:0.000233s ]
[2021-07-24T13:09:19+08:00][sql] SHOW FULL COLUMNS FROM `carver_link` [ RunTime:0.000551s ]
[2021-07-24T13:09:19+08:00][sql] SELECT * FROM `carver_link` WHERE  ( is_confirm=2 ) LIMIT 20 [ RunTime:0.000283s ]
[2021-07-24T13:09:19+08:00][sql] SELECT `article_label` FROM `carver_article` [ RunTime:0.000283s ]
[2021-07-24T13:09:19+08:00][sql] SHOW FULL COLUMNS FROM `carver_carouse` [ RunTime:0.000484s ]
[2021-07-24T13:09:19+08:00][sql] SELECT `carouse_img`,`carouse_desc` FROM `carver_carouse` WHERE  `is_show` = 1 ORDER BY `carouse_sort` DESC LIMIT 3 [ RunTime:0.000293s ]
[2021-07-24T13:09:19+08:00][sql] SHOW FULL COLUMNS FROM `carver_site` [ RunTime:0.000484s ]
[2021-07-24T13:09:19+08:00][sql] SELECT * FROM `carver_site` [ RunTime:0.000236s ]
[2021-07-24T13:42:20+08:00][sql] CONNECT:[ UseTime:0.000530s ] mysql:host=127.0.0.1;port=3306;dbname=carver;charset=utf8
[2021-07-24T13:42:20+08:00][sql] SHOW FULL COLUMNS FROM `carver_article` [ RunTime:0.000942s ]
[2021-07-24T13:42:20+08:00][sql] SELECT COUNT(*) AS think_count FROM `carver_article` WHERE  `article_label` LIKE '%js%'  AND `delete_time` = 0  AND `is_show` = 1 [ RunTime:0.000398s ]
[2021-07-24T13:42:20+08:00][sql] SELECT * FROM `carver_article` WHERE  `article_label` LIKE '%js%'  AND `delete_time` = 0  AND `is_show` = 1 LIMIT 0,6 [ RunTime:0.000911s ]
[2021-07-24T13:42:20+08:00][sql] SELECT article_id,article_title,click_num,FROM_UNIXTIME(add_time,'%Y-%m-%d') as add_time FROM `carver_article` WHERE  `is_show` = 1  AND `delete_time` = 0 ORDER BY `click_num` DESC LIMIT 3 [ RunTime:0.000423s ]
[2021-07-24T13:42:20+08:00][sql] SHOW FULL COLUMNS FROM `carver_notice` [ RunTime:0.000670s ]
[2021-07-24T13:42:20+08:00][sql] SELECT * FROM `carver_notice` ORDER BY `create_time` DESC LIMIT 3 [ RunTime:0.000314s ]
[2021-07-24T13:42:20+08:00][sql] SHOW FULL COLUMNS FROM `carver_navigation` [ RunTime:0.000652s ]
[2021-07-24T13:42:20+08:00][sql] SELECT * FROM `carver_navigation` [ RunTime:0.000281s ]
[2021-07-24T13:42:20+08:00][sql] SHOW FULL COLUMNS FROM `carver_link` [ RunTime:0.000574s ]
[2021-07-24T13:42:20+08:00][sql] SELECT * FROM `carver_link` WHERE  ( is_confirm=2 ) LIMIT 20 [ RunTime:0.000347s ]
[2021-07-24T13:42:20+08:00][sql] SELECT `article_label` FROM `carver_article` [ RunTime:0.000285s ]
[2021-07-24T13:42:20+08:00][sql] SHOW FULL COLUMNS FROM `carver_carouse` [ RunTime:0.000564s ]
[2021-07-24T13:42:20+08:00][sql] SELECT `carouse_img`,`carouse_desc` FROM `carver_carouse` WHERE  `is_show` = 1 ORDER BY `carouse_sort` DESC LIMIT 3 [ RunTime:0.000287s ]
[2021-07-24T13:42:20+08:00][sql] SHOW FULL COLUMNS FROM `carver_site` [ RunTime:0.000552s ]
[2021-07-24T13:42:20+08:00][sql] SELECT * FROM `carver_site` [ RunTime:0.000292s ]
[2021-07-24T14:25:55+08:00][sql] CONNECT:[ UseTime:0.000555s ] mysql:host=127.0.0.1;port=3306;dbname=carver;charset=utf8
[2021-07-24T14:25:55+08:00][sql] SHOW FULL COLUMNS FROM `carver_user` [ RunTime:0.000972s ]
[2021-07-24T14:25:55+08:00][sql] SHOW FULL COLUMNS FROM `carver_article` [ RunTime:0.000723s ]
[2021-07-24T14:25:55+08:00][sql] SELECT COUNT(*) AS think_count FROM `carver_article` WHERE  `delete_time` = 0  AND `is_show` = 1 [ RunTime:0.000438s ]
[2021-07-24T14:25:55+08:00][sql] SELECT `article_id`,`article_title`,`article_desc`,`article_content`,`article_img`,`article_guide`,`article_label`,`click_num`,`is_show`,`add_time`,`article_author`,`is_top_show` FROM `carver_article` WHERE  `delete_time` = 0  AND `is_show` = 1 ORDER BY `article_id` DESC LIMIT 0,6 [ RunTime:0.000816s ]
[2021-07-24T14:25:55+08:00][sql] SELECT article_id,article_title,click_num,FROM_UNIXTIME(add_time,'%Y-%m-%d') as add_time FROM `carver_article` WHERE  `is_show` = 1  AND `delete_time` = 0 ORDER BY `click_num` DESC LIMIT 3 [ RunTime:0.000596s ]
[2021-07-24T14:25:55+08:00][sql] SHOW FULL COLUMNS FROM `carver_notice` [ RunTime:0.000731s ]
[2021-07-24T14:25:55+08:00][sql] SELECT * FROM `carver_notice` ORDER BY `create_time` DESC LIMIT 3 [ RunTime:0.000306s ]
[2021-07-24T14:25:55+08:00][sql] SHOW FULL COLUMNS FROM `carver_navigation` [ RunTime:0.000641s ]
[2021-07-24T14:25:55+08:00][sql] SELECT * FROM `carver_navigation` [ RunTime:0.000246s ]
[2021-07-24T14:25:55+08:00][sql] SHOW FULL COLUMNS FROM `carver_link` [ RunTime:0.000556s ]
[2021-07-24T14:25:55+08:00][sql] SELECT * FROM `carver_link` WHERE  ( is_confirm=2 ) LIMIT 20 [ RunTime:0.000310s ]
[2021-07-24T14:25:55+08:00][sql] SELECT `article_label` FROM `carver_article` [ RunTime:0.000318s ]
[2021-07-24T14:25:55+08:00][sql] SHOW FULL COLUMNS FROM `carver_carouse` [ RunTime:0.000598s ]
[2021-07-24T14:25:55+08:00][sql] SELECT `carouse_img`,`carouse_desc` FROM `carver_carouse` WHERE  `is_show` = 1 ORDER BY `carouse_sort` DESC LIMIT 3 [ RunTime:0.000306s ]
[2021-07-24T14:25:55+08:00][sql] SHOW FULL COLUMNS FROM `carver_site` [ RunTime:0.000559s ]
[2021-07-24T14:25:55+08:00][sql] SELECT * FROM `carver_site` [ RunTime:0.000239s ]
[2021-07-24T14:33:40+08:00][sql] CONNECT:[ UseTime:0.000685s ] mysql:host=127.0.0.1;port=3306;dbname=carver;charset=utf8
[2021-07-24T14:33:40+08:00][sql] SHOW FULL COLUMNS FROM `carver_article` [ RunTime:0.001020s ]
[2021-07-24T14:33:40+08:00][sql] SELECT `article_id`,`article_title`,`article_desc`,`article_content`,`article_img`,`article_guide`,`article_label`,`click_num`,`is_show`,`add_time`,`article_author` FROM `carver_article` WHERE  `article_id` = 5 LIMIT 1 [ RunTime:0.000514s ]
[2021-07-24T14:33:40+08:00][sql] SELECT `article_id`,`article_title`,`article_desc`,`article_content`,`article_img`,`article_guide`,`article_label`,`click_num`,`is_show`,`add_time`,`article_author` FROM `carver_article` WHERE  `article_id` > 5 LIMIT 1 [ RunTime:0.000436s ]
[2021-07-24T14:33:40+08:00][sql] SELECT `article_id`,`article_title`,`article_desc`,`article_content`,`article_img`,`article_guide`,`article_label`,`click_num`,`is_show`,`add_time`,`article_author` FROM `carver_article` WHERE  `article_id` < 5 ORDER BY `article_id` DESC LIMIT 1 [ RunTime:0.000541s ]
[2021-07-24T14:33:40+08:00][sql] SHOW FULL COLUMNS FROM `carver_link` [ RunTime:0.000765s ]
[2021-07-24T14:33:40+08:00][sql] SELECT * FROM `carver_link` WHERE  ( is_confirm=2 ) LIMIT 20 [ RunTime:0.000378s ]
[2021-07-24T14:33:40+08:00][sql] SELECT article_id,article_title,click_num,FROM_UNIXTIME(add_time,'%Y-%m-%d') as add_time FROM `carver_article` ORDER BY `click_num` DESC LIMIT 3 [ RunTime:0.000388s ]
[2021-07-24T14:33:40+08:00][sql] SHOW FULL COLUMNS FROM `carver_comment` [ RunTime:0.000697s ]
[2021-07-24T14:33:40+08:00][sql] SELECT `a`.*,`b`.`user_name` FROM `carver_comment` `a` INNER JOIN `carver_user` `b` ON `a`.`user_id`=`b`.`user_id` WHERE  `article_id` = 5 ORDER BY `create_time` DESC [ RunTime:0.000434s ]
[2021-07-24T14:33:40+08:00][sql] SHOW FULL COLUMNS FROM `carver_comment_to_others` [ RunTime:0.000643s ]
[2021-07-24T14:33:40+08:00][sql] SELECT * FROM `carver_comment_to_others` [ RunTime:0.000248s ]
[2021-07-24T14:33:40+08:00][sql] SHOW FULL COLUMNS FROM `carver_user` [ RunTime:0.000559s ]
[2021-07-24T14:33:40+08:00][sql] SELECT `user_name` FROM `carver_user` WHERE  `user_id` = 4 LIMIT 1 [ RunTime:0.000254s ]
[2021-07-24T14:33:40+08:00][sql] SELECT `user_name` FROM `carver_user` WHERE  `user_id` = 4 LIMIT 1 [ RunTime:0.000281s ]
[2021-07-24T14:33:40+08:00][sql] SELECT `user_name` FROM `carver_user` WHERE  `user_id` = 5 LIMIT 1 [ RunTime:0.000292s ]
[2021-07-24T14:33:40+08:00][sql] SELECT `user_name` FROM `carver_user` WHERE  `user_id` = 5 LIMIT 1 [ RunTime:0.000221s ]
[2021-07-24T14:33:40+08:00][sql] SELECT `user_name` FROM `carver_user` WHERE  `user_id` = 37 LIMIT 1 [ RunTime:0.000271s ]
[2021-07-24T14:33:40+08:00][sql] SELECT `user_name`,`user_id` FROM `carver_user` [ RunTime:0.000259s ]
[2021-07-24T14:33:40+08:00][sql] SHOW FULL COLUMNS FROM `carver_navigation` [ RunTime:0.000701s ]
[2021-07-24T14:33:40+08:00][sql] SELECT * FROM `carver_navigation` [ RunTime:0.000238s ]
[2021-07-24T14:33:40+08:00][sql] SELECT `article_label` FROM `carver_article` [ RunTime:0.000281s ]
[2021-07-24T14:38:46+08:00][sql] CONNECT:[ UseTime:0.000534s ] mysql:host=127.0.0.1;port=3306;dbname=carver;charset=utf8
[2021-07-24T14:38:46+08:00][sql] SHOW FULL COLUMNS FROM `carver_article` [ RunTime:0.000963s ]
[2021-07-24T14:38:46+08:00][sql] SELECT `article_id`,`article_title`,`article_desc`,`article_content`,`article_img`,`article_guide`,`article_label`,`click_num`,`is_show`,`add_time`,`article_author` FROM `carver_article` WHERE  `article_id` = 22/ LIMIT 1 [ RunTime:0.000594s ]
[2021-07-24T14:38:46+08:00][sql] SELECT `article_id`,`article_title`,`article_desc`,`article_content`,`article_img`,`article_guide`,`article_label`,`click_num`,`is_show`,`add_time`,`article_author` FROM `carver_article` WHERE  `article_id` > 22/ LIMIT 1 [ RunTime:0.000392s ]
[2021-07-24T14:38:46+08:00][sql] SELECT `article_id`,`article_title`,`article_desc`,`article_content`,`article_img`,`article_guide`,`article_label`,`click_num`,`is_show`,`add_time`,`article_author` FROM `carver_article` WHERE  `article_id` < 22/ ORDER BY `article_id` DESC LIMIT 1 [ RunTime:0.000388s ]
[2021-07-24T14:38:46+08:00][sql] SHOW FULL COLUMNS FROM `carver_link` [ RunTime:0.000660s ]
[2021-07-24T14:38:46+08:00][sql] SELECT * FROM `carver_link` WHERE  ( is_confirm=2 ) LIMIT 20 [ RunTime:0.000305s ]
[2021-07-24T14:38:46+08:00][sql] SELECT article_id,article_title,click_num,FROM_UNIXTIME(add_time,'%Y-%m-%d') as add_time FROM `carver_article` ORDER BY `click_num` DESC LIMIT 3 [ RunTime:0.000406s ]
[2021-07-24T14:38:46+08:00][sql] SHOW FULL COLUMNS FROM `carver_comment` [ RunTime:0.000639s ]
[2021-07-24T14:38:46+08:00][sql] SELECT `a`.*,`b`.`user_name` FROM `carver_comment` `a` INNER JOIN `carver_user` `b` ON `a`.`user_id`=`b`.`user_id` WHERE  `article_id` = 22/ ORDER BY `create_time` DESC [ RunTime:0.000366s ]
[2021-07-24T14:38:46+08:00][sql] SHOW FULL COLUMNS FROM `carver_comment_to_others` [ RunTime:0.000593s ]
[2021-07-24T14:38:46+08:00][sql] SELECT * FROM `carver_comment_to_others` [ RunTime:0.000240s ]
[2021-07-24T14:38:46+08:00][sql] SHOW FULL COLUMNS FROM `carver_user` [ RunTime:0.000485s ]
[2021-07-24T14:38:46+08:00][sql] SELECT `user_name` FROM `carver_user` WHERE  `user_id` = 4 LIMIT 1 [ RunTime:0.000237s ]
[2021-07-24T14:38:46+08:00][sql] SELECT `user_name` FROM `carver_user` WHERE  `user_id` = 4 LIMIT 1 [ RunTime:0.000269s ]
[2021-07-24T14:38:46+08:00][sql] SELECT `user_name` FROM `carver_user` WHERE  `user_id` = 5 LIMIT 1 [ RunTime:0.000211s ]
[2021-07-24T14:38:46+08:00][sql] SELECT `user_name` FROM `carver_user` WHERE  `user_id` = 5 LIMIT 1 [ RunTime:0.000209s ]
[2021-07-24T14:38:46+08:00][sql] SELECT `user_name` FROM `carver_user` WHERE  `user_id` = 37 LIMIT 1 [ RunTime:0.000264s ]
[2021-07-24T14:38:46+08:00][sql] SELECT `user_name`,`user_id` FROM `carver_user` [ RunTime:0.000248s ]
[2021-07-24T14:38:46+08:00][sql] SHOW FULL COLUMNS FROM `carver_navigation` [ RunTime:0.000585s ]
[2021-07-24T14:38:46+08:00][sql] SELECT * FROM `carver_navigation` [ RunTime:0.000241s ]
[2021-07-24T14:38:46+08:00][sql] SELECT `article_label` FROM `carver_article` [ RunTime:0.000267s ]
[2021-07-24T14:38:53+08:00][sql] CONNECT:[ UseTime:0.000570s ] mysql:host=127.0.0.1;port=3306;dbname=carver;charset=utf8
[2021-07-24T14:38:53+08:00][sql] SHOW FULL COLUMNS FROM `carver_article` [ RunTime:0.001014s ]
[2021-07-24T14:38:53+08:00][sql] SELECT `article_id`,`article_title`,`article_desc`,`article_content`,`article_img`,`article_guide`,`article_label`,`click_num`,`is_show`,`add_time`,`article_author` FROM `carver_article` WHERE  `article_id` = 23/ LIMIT 1 [ RunTime:0.000550s ]
[2021-07-24T14:38:53+08:00][sql] SELECT `article_id`,`article_title`,`article_desc`,`article_content`,`article_img`,`article_guide`,`article_label`,`click_num`,`is_show`,`add_time`,`article_author` FROM `carver_article` WHERE  `article_id` > 23/ LIMIT 1 [ RunTime:0.000651s ]
[2021-07-24T14:38:53+08:00][sql] SELECT `article_id`,`article_title`,`article_desc`,`article_content`,`article_img`,`article_guide`,`article_label`,`click_num`,`is_show`,`add_time`,`article_author` FROM `carver_article` WHERE  `article_id` < 23/ ORDER BY `article_id` DESC LIMIT 1 [ RunTime:0.000483s ]
[2021-07-24T14:38:53+08:00][sql] SHOW FULL COLUMNS FROM `carver_link` [ RunTime:0.000692s ]
[2021-07-24T14:38:53+08:00][sql] SELECT * FROM `carver_link` WHERE  ( is_confirm=2 ) LIMIT 20 [ RunTime:0.000323s ]
[2021-07-24T14:38:53+08:00][sql] SELECT article_id,article_title,click_num,FROM_UNIXTIME(add_time,'%Y-%m-%d') as add_time FROM `carver_article` ORDER BY `click_num` DESC LIMIT 3 [ RunTime:0.000360s ]
[2021-07-24T14:38:53+08:00][sql] SHOW FULL COLUMNS FROM `carver_comment` [ RunTime:0.000699s ]
[2021-07-24T14:38:53+08:00][sql] SELECT `a`.*,`b`.`user_name` FROM `carver_comment` `a` INNER JOIN `carver_user` `b` ON `a`.`user_id`=`b`.`user_id` WHERE  `article_id` = 23/ ORDER BY `create_time` DESC [ RunTime:0.000470s ]
[2021-07-24T14:38:53+08:00][sql] SHOW FULL COLUMNS FROM `carver_comment_to_others` [ RunTime:0.000642s ]
[2021-07-24T14:38:53+08:00][sql] SELECT * FROM `carver_comment_to_others` [ RunTime:0.000257s ]
[2021-07-24T14:38:53+08:00][sql] SHOW FULL COLUMNS FROM `carver_user` [ RunTime:0.000549s ]
[2021-07-24T14:38:53+08:00][sql] SELECT `user_name` FROM `carver_user` WHERE  `user_id` = 4 LIMIT 1 [ RunTime:0.000240s ]
[2021-07-24T14:38:53+08:00][sql] SELECT `user_name` FROM `carver_user` WHERE  `user_id` = 4 LIMIT 1 [ RunTime:0.000293s ]
[2021-07-24T14:38:53+08:00][sql] SELECT `user_name` FROM `carver_user` WHERE  `user_id` = 5 LIMIT 1 [ RunTime:0.000230s ]
[2021-07-24T14:38:53+08:00][sql] SELECT `user_name` FROM `carver_user` WHERE  `user_id` = 5 LIMIT 1 [ RunTime:0.000207s ]
[2021-07-24T14:38:53+08:00][sql] SELECT `user_name` FROM `carver_user` WHERE  `user_id` = 37 LIMIT 1 [ RunTime:0.000278s ]
[2021-07-24T14:38:53+08:00][sql] SHOW FULL COLUMNS FROM `carver_navigation` [ RunTime:0.000645s ]
[2021-07-24T14:38:53+08:00][sql] SELECT * FROM `carver_navigation` [ RunTime:0.000252s ]
[2021-07-24T14:38:53+08:00][sql] SELECT `article_label` FROM `carver_article` [ RunTime:0.000274s ]
[2021-07-24T14:42:30+08:00][sql] CONNECT:[ UseTime:0.000517s ] mysql:host=127.0.0.1;port=3306;dbname=carver;charset=utf8
[2021-07-24T14:42:30+08:00][sql] SHOW FULL COLUMNS FROM `carver_article` [ RunTime:0.000962s ]
[2021-07-24T14:42:30+08:00][sql] SELECT COUNT(*) AS think_count FROM `carver_article` WHERE  `article_label` LIKE '%js%'  AND `delete_time` = 0  AND `is_show` = 1 [ RunTime:0.000409s ]
[2021-07-24T14:42:30+08:00][sql] SELECT * FROM `carver_article` WHERE  `article_label` LIKE '%js%'  AND `delete_time` = 0  AND `is_show` = 1 LIMIT 0,6 [ RunTime:0.001166s ]
[2021-07-24T14:42:30+08:00][sql] SELECT article_id,article_title,click_num,FROM_UNIXTIME(add_time,'%Y-%m-%d') as add_time FROM `carver_article` WHERE  `is_show` = 1  AND `delete_time` = 0 ORDER BY `click_num` DESC LIMIT 3 [ RunTime:0.000521s ]
[2021-07-24T14:42:30+08:00][sql] SHOW FULL COLUMNS FROM `carver_notice` [ RunTime:0.000702s ]
[2021-07-24T14:42:30+08:00][sql] SELECT * FROM `carver_notice` ORDER BY `create_time` DESC LIMIT 3 [ RunTime:0.000371s ]
[2021-07-24T14:42:30+08:00][sql] SHOW FULL COLUMNS FROM `carver_navigation` [ RunTime:0.000627s ]
[2021-07-24T14:42:30+08:00][sql] SELECT * FROM `carver_navigation` [ RunTime:0.000280s ]
[2021-07-24T14:42:30+08:00][sql] SHOW FULL COLUMNS FROM `carver_link` [ RunTime:0.000621s ]
[2021-07-24T14:42:30+08:00][sql] SELECT * FROM `carver_link` WHERE  ( is_confirm=2 ) LIMIT 20 [ RunTime:0.000357s ]
[2021-07-24T14:42:30+08:00][sql] SELECT `article_label` FROM `carver_article` [ RunTime:0.000272s ]
[2021-07-24T14:42:30+08:00][sql] SHOW FULL COLUMNS FROM `carver_carouse` [ RunTime:0.000602s ]
[2021-07-24T14:42:30+08:00][sql] SELECT `carouse_img`,`carouse_desc` FROM `carver_carouse` WHERE  `is_show` = 1 ORDER BY `carouse_sort` DESC LIMIT 3 [ RunTime:0.000354s ]
[2021-07-24T14:42:30+08:00][sql] SHOW FULL COLUMNS FROM `carver_site` [ RunTime:0.000576s ]
[2021-07-24T14:42:30+08:00][sql] SELECT * FROM `carver_site` [ RunTime:0.000309s ]
[2021-07-24T15:27:37+08:00][sql] CONNECT:[ UseTime:0.000577s ] mysql:host=127.0.0.1;port=3306;dbname=carver;charset=utf8
[2021-07-24T15:27:37+08:00][sql] SHOW FULL COLUMNS FROM `carver_article` [ RunTime:0.001042s ]
[2021-07-24T15:27:37+08:00][sql] SELECT COUNT(*) AS think_count FROM `carver_article` WHERE  `article_label` LIKE '%js%'  AND `delete_time` = 0  AND `is_show` = 1 [ RunTime:0.000441s ]
[2021-07-24T15:27:37+08:00][sql] SELECT * FROM `carver_article` WHERE  `article_label` LIKE '%js%'  AND `delete_time` = 0  AND `is_show` = 1 LIMIT 0,6 [ RunTime:0.000981s ]
[2021-07-24T15:27:37+08:00][sql] SELECT article_id,article_title,click_num,FROM_UNIXTIME(add_time,'%Y-%m-%d') as add_time FROM `carver_article` WHERE  `is_show` = 1  AND `delete_time` = 0 ORDER BY `click_num` DESC LIMIT 3 [ RunTime:0.000611s ]
[2021-07-24T15:27:37+08:00][sql] SHOW FULL COLUMNS FROM `carver_notice` [ RunTime:0.000796s ]
[2021-07-24T15:27:37+08:00][sql] SELECT * FROM `carver_notice` ORDER BY `create_time` DESC LIMIT 3 [ RunTime:0.000338s ]
[2021-07-24T15:27:37+08:00][sql] SHOW FULL COLUMNS FROM `carver_navigation` [ RunTime:0.000659s ]
[2021-07-24T15:27:37+08:00][sql] SELECT * FROM `carver_navigation` [ RunTime:0.000328s ]
[2021-07-24T15:27:37+08:00][sql] SHOW FULL COLUMNS FROM `carver_link` [ RunTime:0.000728s ]
[2021-07-24T15:27:37+08:00][sql] SELECT * FROM `carver_link` WHERE  ( is_confirm=2 ) LIMIT 20 [ RunTime:0.000368s ]
[2021-07-24T15:27:37+08:00][sql] SELECT `article_label` FROM `carver_article` [ RunTime:0.000325s ]
[2021-07-24T15:27:37+08:00][sql] SHOW FULL COLUMNS FROM `carver_carouse` [ RunTime:0.000594s ]
[2021-07-24T15:27:37+08:00][sql] SELECT `carouse_img`,`carouse_desc` FROM `carver_carouse` WHERE  `is_show` = 1 ORDER BY `carouse_sort` DESC LIMIT 3 [ RunTime:0.000326s ]
[2021-07-24T15:27:37+08:00][sql] SHOW FULL COLUMNS FROM `carver_site` [ RunTime:0.000601s ]
[2021-07-24T15:27:37+08:00][sql] SELECT * FROM `carver_site` [ RunTime:0.000311s ]
[2021-07-24T16:27:43+08:00][sql] CONNECT:[ UseTime:0.000615s ] mysql:host=127.0.0.1;port=3306;dbname=carver;charset=utf8
[2021-07-24T16:27:43+08:00][sql] SHOW FULL COLUMNS FROM `carver_article` [ RunTime:0.001206s ]
[2021-07-24T16:27:43+08:00][sql] SELECT COUNT(*) AS think_count FROM `carver_article` WHERE  `article_label` LIKE '%js%'  AND `delete_time` = 0  AND `is_show` = 1 [ RunTime:0.000532s ]
[2021-07-24T16:27:43+08:00][sql] SELECT * FROM `carver_article` WHERE  `article_label` LIKE '%js%'  AND `delete_time` = 0  AND `is_show` = 1 LIMIT 0,6 [ RunTime:0.001187s ]
[2021-07-24T16:27:43+08:00][sql] SELECT article_id,article_title,click_num,FROM_UNIXTIME(add_time,'%Y-%m-%d') as add_time FROM `carver_article` WHERE  `is_show` = 1  AND `delete_time` = 0 ORDER BY `click_num` DESC LIMIT 3 [ RunTime:0.000601s ]
[2021-07-24T16:27:43+08:00][sql] SHOW FULL COLUMNS FROM `carver_notice` [ RunTime:0.000936s ]
[2021-07-24T16:27:43+08:00][sql] SELECT * FROM `carver_notice` ORDER BY `create_time` DESC LIMIT 3 [ RunTime:0.000428s ]
[2021-07-24T16:27:43+08:00][sql] SHOW FULL COLUMNS FROM `carver_navigation` [ RunTime:0.000829s ]
[2021-07-24T16:27:43+08:00][sql] SELECT * FROM `carver_navigation` [ RunTime:0.000381s ]
[2021-07-24T16:27:43+08:00][sql] SHOW FULL COLUMNS FROM `carver_link` [ RunTime:0.000810s ]
[2021-07-24T16:27:43+08:00][sql] SELECT * FROM `carver_link` WHERE  ( is_confirm=2 ) LIMIT 20 [ RunTime:0.000473s ]
[2021-07-24T16:27:43+08:00][sql] SELECT `article_label` FROM `carver_article` [ RunTime:0.000348s ]
[2021-07-24T16:27:43+08:00][sql] SHOW FULL COLUMNS FROM `carver_carouse` [ RunTime:0.000773s ]
[2021-07-24T16:27:43+08:00][sql] SELECT `carouse_img`,`carouse_desc` FROM `carver_carouse` WHERE  `is_show` = 1 ORDER BY `carouse_sort` DESC LIMIT 3 [ RunTime:0.000399s ]
[2021-07-24T16:27:43+08:00][sql] SHOW FULL COLUMNS FROM `carver_site` [ RunTime:0.000816s ]
[2021-07-24T16:27:43+08:00][sql] SELECT * FROM `carver_site` [ RunTime:0.000380s ]
[2021-07-24T18:44:46+08:00][sql] CONNECT:[ UseTime:0.000578s ] mysql:host=127.0.0.1;port=3306;dbname=carver;charset=utf8
[2021-07-24T18:44:46+08:00][sql] SHOW FULL COLUMNS FROM `carver_user` [ RunTime:0.000958s ]
[2021-07-24T18:44:46+08:00][sql] SHOW FULL COLUMNS FROM `carver_article` [ RunTime:0.000780s ]
[2021-07-24T18:44:46+08:00][sql] SELECT COUNT(*) AS think_count FROM `carver_article` WHERE  `delete_time` = 0  AND `is_show` = 1 [ RunTime:0.000409s ]
[2021-07-24T18:44:46+08:00][sql] SELECT `article_id`,`article_title`,`article_desc`,`article_content`,`article_img`,`article_guide`,`article_label`,`click_num`,`is_show`,`add_time`,`article_author`,`is_top_show` FROM `carver_article` WHERE  `delete_time` = 0  AND `is_show` = 1 ORDER BY `article_id` DESC LIMIT 0,6 [ RunTime:0.000812s ]
[2021-07-24T18:44:46+08:00][sql] SELECT article_id,article_title,click_num,FROM_UNIXTIME(add_time,'%Y-%m-%d') as add_time FROM `carver_article` WHERE  `is_show` = 1  AND `delete_time` = 0 ORDER BY `click_num` DESC LIMIT 3 [ RunTime:0.000563s ]
[2021-07-24T18:44:46+08:00][sql] SHOW FULL COLUMNS FROM `carver_notice` [ RunTime:0.000717s ]
[2021-07-24T18:44:46+08:00][sql] SELECT * FROM `carver_notice` ORDER BY `create_time` DESC LIMIT 3 [ RunTime:0.000297s ]
[2021-07-24T18:44:46+08:00][sql] SHOW FULL COLUMNS FROM `carver_navigation` [ RunTime:0.000723s ]
[2021-07-24T18:44:46+08:00][sql] SELECT * FROM `carver_navigation` [ RunTime:0.000282s ]
[2021-07-24T18:44:46+08:00][sql] SHOW FULL COLUMNS FROM `carver_link` [ RunTime:0.000603s ]
[2021-07-24T18:44:46+08:00][sql] SELECT * FROM `carver_link` WHERE  ( is_confirm=2 ) LIMIT 20 [ RunTime:0.000300s ]
[2021-07-24T18:44:46+08:00][sql] SELECT `article_label` FROM `carver_article` [ RunTime:0.000274s ]
[2021-07-24T18:44:46+08:00][sql] SHOW FULL COLUMNS FROM `carver_carouse` [ RunTime:0.000564s ]
[2021-07-24T18:44:46+08:00][sql] SELECT `carouse_img`,`carouse_desc` FROM `carver_carouse` WHERE  `is_show` = 1 ORDER BY `carouse_sort` DESC LIMIT 3 [ RunTime:0.000307s ]
[2021-07-24T18:44:46+08:00][sql] SHOW FULL COLUMNS FROM `carver_site` [ RunTime:0.000561s ]
[2021-07-24T18:44:46+08:00][sql] SELECT * FROM `carver_site` [ RunTime:0.000258s ]
[2021-07-24T18:50:42+08:00][sql] CONNECT:[ UseTime:0.000607s ] mysql:host=127.0.0.1;port=3306;dbname=carver;charset=utf8
[2021-07-24T18:50:42+08:00][sql] SHOW FULL COLUMNS FROM `carver_article` [ RunTime:0.000960s ]
[2021-07-24T18:50:42+08:00][sql] SELECT COUNT(*) AS think_count FROM `carver_article` WHERE  `article_guide` = 6  AND `delete_time` = 0  AND `is_show` = 1 [ RunTime:0.000406s ]
[2021-07-24T18:50:42+08:00][sql] SELECT * FROM `carver_article` WHERE  `article_guide` = 6  AND `delete_time` = 0  AND `is_show` = 1 ORDER BY `add_time` DESC LIMIT 0,6 [ RunTime:0.000863s ]
[2021-07-24T18:50:42+08:00][sql] SELECT article_id,article_title,click_num,FROM_UNIXTIME(add_time,'%Y-%m-%d') as add_time FROM `carver_article` WHERE  `is_show` = 1  AND `delete_time` = 0 ORDER BY `click_num` DESC LIMIT 3 [ RunTime:0.000406s ]
[2021-07-24T18:50:42+08:00][sql] SHOW FULL COLUMNS FROM `carver_notice` [ RunTime:0.000717s ]
[2021-07-24T18:50:42+08:00][sql] SELECT * FROM `carver_notice` ORDER BY `create_time` DESC LIMIT 3 [ RunTime:0.000292s ]
[2021-07-24T18:50:42+08:00][sql] SHOW FULL COLUMNS FROM `carver_navigation` [ RunTime:0.000706s ]
[2021-07-24T18:50:42+08:00][sql] SELECT * FROM `carver_navigation` [ RunTime:0.000258s ]
[2021-07-24T18:50:42+08:00][sql] SELECT `article_label` FROM `carver_article` [ RunTime:0.000257s ]
[2021-07-24T18:50:42+08:00][sql] SHOW FULL COLUMNS FROM `carver_carouse` [ RunTime:0.000570s ]
[2021-07-24T18:50:42+08:00][sql] SELECT `carouse_img`,`carouse_desc` FROM `carver_carouse` WHERE  `is_show` = 1 ORDER BY `carouse_sort` DESC LIMIT 3 [ RunTime:0.000295s ]
[2021-07-24T18:50:42+08:00][sql] SHOW FULL COLUMNS FROM `carver_link` [ RunTime:0.000559s ]
[2021-07-24T18:50:42+08:00][sql] SELECT * FROM `carver_link` WHERE  ( is_confirm=2 ) LIMIT 20 [ RunTime:0.000274s ]
[2021-07-24T18:50:42+08:00][sql] SHOW FULL COLUMNS FROM `carver_site` [ RunTime:0.000554s ]
[2021-07-24T18:50:42+08:00][sql] SELECT * FROM `carver_site` [ RunTime:0.000226s ]
[2021-07-24T19:17:42+08:00][sql] CONNECT:[ UseTime:0.000629s ] mysql:host=127.0.0.1;port=3306;dbname=carver;charset=utf8
[2021-07-24T19:17:42+08:00][sql] SHOW FULL COLUMNS FROM `carver_user` [ RunTime:0.000872s ]
[2021-07-24T19:17:42+08:00][sql] SHOW FULL COLUMNS FROM `carver_article` [ RunTime:0.000733s ]
[2021-07-24T19:17:42+08:00][sql] SELECT COUNT(*) AS think_count FROM `carver_article` WHERE  `delete_time` = 0  AND `is_show` = 1 [ RunTime:0.000367s ]
[2021-07-24T19:17:42+08:00][sql] SELECT `article_id`,`article_title`,`article_desc`,`article_content`,`article_img`,`article_guide`,`article_label`,`click_num`,`is_show`,`add_time`,`article_author`,`is_top_show` FROM `carver_article` WHERE  `delete_time` = 0  AND `is_show` = 1 ORDER BY `article_id` DESC LIMIT 12,6 [ RunTime:0.001330s ]
[2021-07-24T19:17:42+08:00][sql] SELECT article_id,article_title,click_num,FROM_UNIXTIME(add_time,'%Y-%m-%d') as add_time FROM `carver_article` WHERE  `is_show` = 1  AND `delete_time` = 0 ORDER BY `click_num` DESC LIMIT 3 [ RunTime:0.000458s ]
[2021-07-24T19:17:42+08:00][sql] SHOW FULL COLUMNS FROM `carver_notice` [ RunTime:0.000567s ]
[2021-07-24T19:17:42+08:00][sql] SELECT * FROM `carver_notice` ORDER BY `create_time` DESC LIMIT 3 [ RunTime:0.000273s ]
[2021-07-24T19:17:42+08:00][sql] SHOW FULL COLUMNS FROM `carver_navigation` [ RunTime:0.000542s ]
[2021-07-24T19:17:42+08:00][sql] SELECT * FROM `carver_navigation` [ RunTime:0.000276s ]
[2021-07-24T19:17:42+08:00][sql] SHOW FULL COLUMNS FROM `carver_link` [ RunTime:0.000511s ]
[2021-07-24T19:17:42+08:00][sql] SELECT * FROM `carver_link` WHERE  ( is_confirm=2 ) LIMIT 20 [ RunTime:0.000276s ]
[2021-07-24T19:17:42+08:00][sql] SELECT `article_label` FROM `carver_article` [ RunTime:0.000249s ]
[2021-07-24T19:17:42+08:00][sql] SHOW FULL COLUMNS FROM `carver_carouse` [ RunTime:0.000517s ]
[2021-07-24T19:17:42+08:00][sql] SELECT `carouse_img`,`carouse_desc` FROM `carver_carouse` WHERE  `is_show` = 1 ORDER BY `carouse_sort` DESC LIMIT 3 [ RunTime:0.000261s ]
[2021-07-24T19:17:42+08:00][sql] SHOW FULL COLUMNS FROM `carver_site` [ RunTime:0.000546s ]
[2021-07-24T19:17:42+08:00][sql] SELECT * FROM `carver_site` [ RunTime:0.000230s ]
[2021-07-24T19:44:49+08:00][sql] CONNECT:[ UseTime:0.000580s ] mysql:host=127.0.0.1;port=3306;dbname=carver;charset=utf8
[2021-07-24T19:44:49+08:00][sql] SHOW FULL COLUMNS FROM `carver_article` [ RunTime:0.000992s ]
[2021-07-24T19:44:49+08:00][sql] SELECT COUNT(*) AS think_count FROM `carver_article` WHERE  `article_label` LIKE '%php%'  AND `delete_time` = 0  AND `is_show` = 1 [ RunTime:0.000454s ]
[2021-07-24T19:44:49+08:00][sql] SELECT * FROM `carver_article` WHERE  `article_label` LIKE '%php%'  AND `delete_time` = 0  AND `is_show` = 1 LIMIT 0,6 [ RunTime:0.001220s ]
[2021-07-24T19:44:49+08:00][sql] SELECT article_id,article_title,click_num,FROM_UNIXTIME(add_time,'%Y-%m-%d') as add_time FROM `carver_article` WHERE  `is_show` = 1  AND `delete_time` = 0 ORDER BY `click_num` DESC LIMIT 3 [ RunTime:0.000582s ]
[2021-07-24T19:44:49+08:00][sql] SHOW FULL COLUMNS FROM `carver_notice` [ RunTime:0.000751s ]
[2021-07-24T19:44:49+08:00][sql] SELECT * FROM `carver_notice` ORDER BY `create_time` DESC LIMIT 3 [ RunTime:0.000333s ]
[2021-07-24T19:44:49+08:00][sql] SHOW FULL COLUMNS FROM `carver_navigation` [ RunTime:0.000601s ]
[2021-07-24T19:44:49+08:00][sql] SELECT * FROM `carver_navigation` [ RunTime:0.000236s ]
[2021-07-24T19:44:49+08:00][sql] SHOW FULL COLUMNS FROM `carver_link` [ RunTime:0.000596s ]
[2021-07-24T19:44:49+08:00][sql] SELECT * FROM `carver_link` WHERE  ( is_confirm=2 ) LIMIT 20 [ RunTime:0.000300s ]
[2021-07-24T19:44:49+08:00][sql] SELECT `article_label` FROM `carver_article` [ RunTime:0.000269s ]
[2021-07-24T19:44:49+08:00][sql] SHOW FULL COLUMNS FROM `carver_carouse` [ RunTime:0.000639s ]
[2021-07-24T19:44:49+08:00][sql] SELECT `carouse_img`,`carouse_desc` FROM `carver_carouse` WHERE  `is_show` = 1 ORDER BY `carouse_sort` DESC LIMIT 3 [ RunTime:0.000308s ]
[2021-07-24T19:44:49+08:00][sql] SHOW FULL COLUMNS FROM `carver_site` [ RunTime:0.000537s ]
[2021-07-24T19:44:49+08:00][sql] SELECT * FROM `carver_site` [ RunTime:0.000285s ]
[2021-07-24T19:48:08+08:00][sql] CONNECT:[ UseTime:0.005215s ] mysql:host=127.0.0.1;port=3306;dbname=carver;charset=utf8
[2021-07-24T19:48:08+08:00][sql] SHOW FULL COLUMNS FROM `carver_article` [ RunTime:0.001306s ]
[2021-07-24T19:48:08+08:00][sql] SELECT COUNT(*) AS think_count FROM `carver_article` WHERE  `article_label` LIKE '%php%'  AND `delete_time` = 0  AND `is_show` = 1 [ RunTime:0.002773s ]
[2021-07-24T19:48:08+08:00][sql] SELECT * FROM `carver_article` WHERE  `article_label` LIKE '%php%'  AND `delete_time` = 0  AND `is_show` = 1 LIMIT 18,6 [ RunTime:0.001294s ]
[2021-07-24T19:48:08+08:00][sql] SELECT article_id,article_title,click_num,FROM_UNIXTIME(add_time,'%Y-%m-%d') as add_time FROM `carver_article` WHERE  `is_show` = 1  AND `delete_time` = 0 ORDER BY `click_num` DESC LIMIT 3 [ RunTime:0.013148s ]
[2021-07-24T19:48:08+08:00][sql] SHOW FULL COLUMNS FROM `carver_notice` [ RunTime:0.000967s ]
[2021-07-24T19:48:08+08:00][sql] SELECT * FROM `carver_notice` ORDER BY `create_time` DESC LIMIT 3 [ RunTime:0.000398s ]
[2021-07-24T19:48:08+08:00][sql] SHOW FULL COLUMNS FROM `carver_navigation` [ RunTime:0.000862s ]
[2021-07-24T19:48:08+08:00][sql] SELECT * FROM `carver_navigation` [ RunTime:0.000336s ]
[2021-07-24T19:48:08+08:00][sql] SHOW FULL COLUMNS FROM `carver_link` [ RunTime:0.000731s ]
[2021-07-24T19:48:08+08:00][sql] SELECT * FROM `carver_link` WHERE  ( is_confirm=2 ) LIMIT 20 [ RunTime:0.000434s ]
[2021-07-24T19:48:08+08:00][sql] SELECT `article_label` FROM `carver_article` [ RunTime:0.000736s ]
[2021-07-24T19:48:08+08:00][sql] SHOW FULL COLUMNS FROM `carver_carouse` [ RunTime:0.002557s ]
[2021-07-24T19:48:08+08:00][sql] SELECT `carouse_img`,`carouse_desc` FROM `carver_carouse` WHERE  `is_show` = 1 ORDER BY `carouse_sort` DESC LIMIT 3 [ RunTime:0.000391s ]
[2021-07-24T19:48:08+08:00][sql] SHOW FULL COLUMNS FROM `carver_site` [ RunTime:0.000727s ]
[2021-07-24T19:48:08+08:00][sql] SELECT * FROM `carver_site` [ RunTime:0.000353s ]
[2021-07-24T19:48:08+08:00][sql] CONNECT:[ UseTime:0.004545s ] mysql:host=127.0.0.1;port=3306;dbname=carver;charset=utf8
[2021-07-24T19:48:08+08:00][sql] SHOW FULL COLUMNS FROM `carver_article` [ RunTime:0.007096s ]
[2021-07-24T19:48:08+08:00][sql] SELECT COUNT(*) AS think_count FROM `carver_article` WHERE  `article_label` LIKE '%php%'  AND `delete_time` = 0  AND `is_show` = 1 [ RunTime:0.000509s ]
[2021-07-24T19:48:08+08:00][sql] SELECT * FROM `carver_article` WHERE  `article_label` LIKE '%php%'  AND `delete_time` = 0  AND `is_show` = 1 LIMIT 6,6 [ RunTime:0.004596s ]
[2021-07-24T19:48:08+08:00][sql] SELECT article_id,article_title,click_num,FROM_UNIXTIME(add_time,'%Y-%m-%d') as add_time FROM `carver_article` WHERE  `is_show` = 1  AND `delete_time` = 0 ORDER BY `click_num` DESC LIMIT 3 [ RunTime:0.010558s ]
[2021-07-24T19:48:08+08:00][sql] SHOW FULL COLUMNS FROM `carver_notice` [ RunTime:0.017292s ]
[2021-07-24T19:48:08+08:00][sql] SELECT * FROM `carver_notice` ORDER BY `create_time` DESC LIMIT 3 [ RunTime:0.000483s ]
[2021-07-24T19:48:08+08:00][sql] SHOW FULL COLUMNS FROM `carver_navigation` [ RunTime:0.000863s ]
[2021-07-24T19:48:08+08:00][sql] SELECT * FROM `carver_navigation` [ RunTime:0.000371s ]
[2021-07-24T19:48:08+08:00][sql] SHOW FULL COLUMNS FROM `carver_link` [ RunTime:0.000795s ]
[2021-07-24T19:48:08+08:00][sql] SELECT * FROM `carver_link` WHERE  ( is_confirm=2 ) LIMIT 20 [ RunTime:0.000400s ]
[2021-07-24T19:48:08+08:00][sql] SELECT `article_label` FROM `carver_article` [ RunTime:0.000357s ]
[2021-07-24T19:48:08+08:00][sql] SHOW FULL COLUMNS FROM `carver_carouse` [ RunTime:0.000706s ]
[2021-07-24T19:48:08+08:00][sql] SELECT `carouse_img`,`carouse_desc` FROM `carver_carouse` WHERE  `is_show` = 1 ORDER BY `carouse_sort` DESC LIMIT 3 [ RunTime:0.000413s ]
[2021-07-24T19:48:08+08:00][sql] SHOW FULL COLUMNS FROM `carver_site` [ RunTime:0.000811s ]
[2021-07-24T19:48:08+08:00][sql] SELECT * FROM `carver_site` [ RunTime:0.000327s ]
[2021-07-24T20:14:07+08:00][sql] CONNECT:[ UseTime:0.000514s ] mysql:host=127.0.0.1;port=3306;dbname=carver;charset=utf8
[2021-07-24T20:14:07+08:00][sql] SHOW FULL COLUMNS FROM `carver_article` [ RunTime:0.001063s ]
[2021-07-24T20:14:07+08:00][sql] SELECT COUNT(*) AS think_count FROM `carver_article` WHERE  `article_guide` = 5  AND `delete_time` = 0  AND `is_show` = 1 [ RunTime:0.000462s ]
[2021-07-24T20:14:07+08:00][sql] SELECT * FROM `carver_article` WHERE  `article_guide` = 5  AND `delete_time` = 0  AND `is_show` = 1 ORDER BY `add_time` DESC LIMIT 12,6 [ RunTime:0.000971s ]
[2021-07-24T20:14:07+08:00][sql] SELECT article_id,article_title,click_num,FROM_UNIXTIME(add_time,'%Y-%m-%d') as add_time FROM `carver_article` WHERE  `is_show` = 1  AND `delete_time` = 0 ORDER BY `click_num` DESC LIMIT 3 [ RunTime:0.000417s ]
[2021-07-24T20:14:07+08:00][sql] SHOW FULL COLUMNS FROM `carver_notice` [ RunTime:0.000591s ]
[2021-07-24T20:14:07+08:00][sql] SELECT * FROM `carver_notice` ORDER BY `create_time` DESC LIMIT 3 [ RunTime:0.000269s ]
[2021-07-24T20:14:07+08:00][sql] SHOW FULL COLUMNS FROM `carver_navigation` [ RunTime:0.000559s ]
[2021-07-24T20:14:07+08:00][sql] SELECT * FROM `carver_navigation` [ RunTime:0.000230s ]
[2021-07-24T20:14:07+08:00][sql] SELECT `article_label` FROM `carver_article` [ RunTime:0.000278s ]
[2021-07-24T20:14:07+08:00][sql] SHOW FULL COLUMNS FROM `carver_carouse` [ RunTime:0.000535s ]
[2021-07-24T20:14:07+08:00][sql] SELECT `carouse_img`,`carouse_desc` FROM `carver_carouse` WHERE  `is_show` = 1 ORDER BY `carouse_sort` DESC LIMIT 3 [ RunTime:0.000311s ]
[2021-07-24T20:14:07+08:00][sql] SHOW FULL COLUMNS FROM `carver_link` [ RunTime:0.000511s ]
[2021-07-24T20:14:07+08:00][sql] SELECT * FROM `carver_link` WHERE  ( is_confirm=2 ) LIMIT 20 [ RunTime:0.000284s ]
[2021-07-24T20:14:07+08:00][sql] SHOW FULL COLUMNS FROM `carver_site` [ RunTime:0.000531s ]
[2021-07-24T20:14:07+08:00][sql] SELECT * FROM `carver_site` [ RunTime:0.000250s ]
[2021-07-24T20:44:06+08:00][sql] CONNECT:[ UseTime:0.000642s ] mysql:host=127.0.0.1;port=3306;dbname=carver;charset=utf8
[2021-07-24T20:44:06+08:00][sql] SHOW FULL COLUMNS FROM `carver_article` [ RunTime:0.000968s ]
[2021-07-24T20:44:06+08:00][sql] SELECT `article_id`,`article_title`,`article_desc`,`article_content`,`article_img`,`article_guide`,`article_label`,`click_num`,`is_show`,`add_time`,`article_author` FROM `carver_article` WHERE  `article_id` = 25 LIMIT 1 [ RunTime:0.000457s ]
[2021-07-24T20:44:06+08:00][sql] SELECT `article_id`,`article_title`,`article_desc`,`article_content`,`article_img`,`article_guide`,`article_label`,`click_num`,`is_show`,`add_time`,`article_author` FROM `carver_article` WHERE  `article_id` > 25 LIMIT 1 [ RunTime:0.000556s ]
[2021-07-24T20:44:06+08:00][sql] SELECT `article_id`,`article_title`,`article_desc`,`article_content`,`article_img`,`article_guide`,`article_label`,`click_num`,`is_show`,`add_time`,`article_author` FROM `carver_article` WHERE  `article_id` < 25 ORDER BY `article_id` DESC LIMIT 1 [ RunTime:0.000422s ]
[2021-07-24T20:44:06+08:00][sql] SHOW FULL COLUMNS FROM `carver_link` [ RunTime:0.000659s ]
[2021-07-24T20:44:06+08:00][sql] SELECT * FROM `carver_link` WHERE  ( is_confirm=2 ) LIMIT 20 [ RunTime:0.000313s ]
[2021-07-24T20:44:06+08:00][sql] SELECT article_id,article_title,click_num,FROM_UNIXTIME(add_time,'%Y-%m-%d') as add_time FROM `carver_article` ORDER BY `click_num` DESC LIMIT 3 [ RunTime:0.000376s ]
[2021-07-24T20:44:06+08:00][sql] SHOW FULL COLUMNS FROM `carver_comment` [ RunTime:0.000708s ]
[2021-07-24T20:44:06+08:00][sql] SELECT `a`.*,`b`.`user_name` FROM `carver_comment` `a` INNER JOIN `carver_user` `b` ON `a`.`user_id`=`b`.`user_id` WHERE  `article_id` = 25 ORDER BY `create_time` DESC [ RunTime:0.000409s ]
[2021-07-24T20:44:06+08:00][sql] SHOW FULL COLUMNS FROM `carver_comment_to_others` [ RunTime:0.000600s ]
[2021-07-24T20:44:06+08:00][sql] SELECT * FROM `carver_comment_to_others` [ RunTime:0.000237s ]
[2021-07-24T20:44:06+08:00][sql] SHOW FULL COLUMNS FROM `carver_user` [ RunTime:0.000517s ]
[2021-07-24T20:44:06+08:00][sql] SELECT `user_name` FROM `carver_user` WHERE  `user_id` = 4 LIMIT 1 [ RunTime:0.000249s ]
[2021-07-24T20:44:06+08:00][sql] SELECT `user_name` FROM `carver_user` WHERE  `user_id` = 4 LIMIT 1 [ RunTime:0.000230s ]
[2021-07-24T20:44:06+08:00][sql] SELECT `user_name` FROM `carver_user` WHERE  `user_id` = 5 LIMIT 1 [ RunTime:0.000218s ]
[2021-07-24T20:44:06+08:00][sql] SELECT `user_name` FROM `carver_user` WHERE  `user_id` = 5 LIMIT 1 [ RunTime:0.000208s ]
[2021-07-24T20:44:06+08:00][sql] SELECT `user_name` FROM `carver_user` WHERE  `user_id` = 37 LIMIT 1 [ RunTime:0.000230s ]
[2021-07-24T20:44:06+08:00][sql] SELECT `user_name`,`user_id` FROM `carver_user` [ RunTime:0.000313s ]
[2021-07-24T20:44:06+08:00][sql] SHOW FULL COLUMNS FROM `carver_navigation` [ RunTime:0.000598s ]
[2021-07-24T20:44:06+08:00][sql] SELECT * FROM `carver_navigation` [ RunTime:0.000241s ]
[2021-07-24T20:44:06+08:00][sql] SELECT `article_label` FROM `carver_article` [ RunTime:0.000284s ]
[2021-07-24T21:14:06+08:00][sql] CONNECT:[ UseTime:0.000665s ] mysql:host=127.0.0.1;port=3306;dbname=carver;charset=utf8
[2021-07-24T21:14:06+08:00][sql] SHOW FULL COLUMNS FROM `carver_article` [ RunTime:0.000911s ]
[2021-07-24T21:14:06+08:00][sql] SELECT `article_id`,`article_title`,`article_desc`,`article_content`,`article_img`,`article_guide`,`article_label`,`click_num`,`is_show`,`add_time`,`article_author` FROM `carver_article` WHERE  `article_id` = 22 LIMIT 1 [ RunTime:0.000545s ]
[2021-07-24T21:14:06+08:00][sql] SELECT `article_id`,`article_title`,`article_desc`,`article_content`,`article_img`,`article_guide`,`article_label`,`click_num`,`is_show`,`add_time`,`article_author` FROM `carver_article` WHERE  `article_id` > 22 LIMIT 1 [ RunTime:0.000384s ]
[2021-07-24T21:14:06+08:00][sql] SELECT `article_id`,`article_title`,`article_desc`,`article_content`,`article_img`,`article_guide`,`article_label`,`click_num`,`is_show`,`add_time`,`article_author` FROM `carver_article` WHERE  `article_id` < 22 ORDER BY `article_id` DESC LIMIT 1 [ RunTime:0.000381s ]
[2021-07-24T21:14:06+08:00][sql] SHOW FULL COLUMNS FROM `carver_link` [ RunTime:0.000591s ]
[2021-07-24T21:14:06+08:00][sql] SELECT * FROM `carver_link` WHERE  ( is_confirm=2 ) LIMIT 20 [ RunTime:0.000320s ]
[2021-07-24T21:14:06+08:00][sql] SELECT article_id,article_title,click_num,FROM_UNIXTIME(add_time,'%Y-%m-%d') as add_time FROM `carver_article` ORDER BY `click_num` DESC LIMIT 3 [ RunTime:0.000335s ]
[2021-07-24T21:14:06+08:00][sql] SHOW FULL COLUMNS FROM `carver_comment` [ RunTime:0.000633s ]
[2021-07-24T21:14:06+08:00][sql] SELECT `a`.*,`b`.`user_name` FROM `carver_comment` `a` INNER JOIN `carver_user` `b` ON `a`.`user_id`=`b`.`user_id` WHERE  `article_id` = 22 ORDER BY `create_time` DESC [ RunTime:0.000351s ]
[2021-07-24T21:14:06+08:00][sql] SHOW FULL COLUMNS FROM `carver_comment_to_others` [ RunTime:0.000550s ]
[2021-07-24T21:14:06+08:00][sql] SELECT * FROM `carver_comment_to_others` [ RunTime:0.000249s ]
[2021-07-24T21:14:06+08:00][sql] SHOW FULL COLUMNS FROM `carver_user` [ RunTime:0.000487s ]
[2021-07-24T21:14:06+08:00][sql] SELECT `user_name` FROM `carver_user` WHERE  `user_id` = 4 LIMIT 1 [ RunTime:0.000252s ]
[2021-07-24T21:14:06+08:00][sql] SELECT `user_name` FROM `carver_user` WHERE  `user_id` = 4 LIMIT 1 [ RunTime:0.000208s ]
[2021-07-24T21:14:06+08:00][sql] SELECT `user_name` FROM `carver_user` WHERE  `user_id` = 5 LIMIT 1 [ RunTime:0.000213s ]
[2021-07-24T21:14:06+08:00][sql] SELECT `user_name` FROM `carver_user` WHERE  `user_id` = 5 LIMIT 1 [ RunTime:0.000237s ]
[2021-07-24T21:14:06+08:00][sql] SELECT `user_name` FROM `carver_user` WHERE  `user_id` = 37 LIMIT 1 [ RunTime:0.000210s ]
[2021-07-24T21:14:06+08:00][sql] SELECT `user_name`,`user_id` FROM `carver_user` [ RunTime:0.000254s ]
[2021-07-24T21:14:06+08:00][sql] SHOW FULL COLUMNS FROM `carver_navigation` [ RunTime:0.000507s ]
[2021-07-24T21:14:06+08:00][sql] SELECT * FROM `carver_navigation` [ RunTime:0.000249s ]
[2021-07-24T21:14:06+08:00][sql] SELECT `article_label` FROM `carver_article` [ RunTime:0.000289s ]
[2021-07-24T21:44:06+08:00][sql] CONNECT:[ UseTime:0.000572s ] mysql:host=127.0.0.1;port=3306;dbname=carver;charset=utf8
[2021-07-24T21:44:06+08:00][sql] SHOW FULL COLUMNS FROM `carver_article` [ RunTime:0.001054s ]
[2021-07-24T21:44:06+08:00][sql] SELECT COUNT(*) AS think_count FROM `carver_article` WHERE  `article_label` LIKE '%swoole%'  AND `delete_time` = 0  AND `is_show` = 1 [ RunTime:0.000442s ]
[2021-07-24T21:44:06+08:00][sql] SELECT * FROM `carver_article` WHERE  `article_label` LIKE '%swoole%'  AND `delete_time` = 0  AND `is_show` = 1 LIMIT 0,6 [ RunTime:0.001344s ]
[2021-07-24T21:44:06+08:00][sql] SELECT article_id,article_title,click_num,FROM_UNIXTIME(add_time,'%Y-%m-%d') as add_time FROM `carver_article` WHERE  `is_show` = 1  AND `delete_time` = 0 ORDER BY `click_num` DESC LIMIT 3 [ RunTime:0.000566s ]
[2021-07-24T21:44:06+08:00][sql] SHOW FULL COLUMNS FROM `carver_notice` [ RunTime:0.000783s ]
[2021-07-24T21:44:06+08:00][sql] SELECT * FROM `carver_notice` ORDER BY `create_time` DESC LIMIT 3 [ RunTime:0.000349s ]
[2021-07-24T21:44:06+08:00][sql] SHOW FULL COLUMNS FROM `carver_navigation` [ RunTime:0.000768s ]
[2021-07-24T21:44:06+08:00][sql] SELECT * FROM `carver_navigation` [ RunTime:0.000328s ]
[2021-07-24T21:44:06+08:00][sql] SHOW FULL COLUMNS FROM `carver_link` [ RunTime:0.000846s ]
[2021-07-24T21:44:06+08:00][sql] SELECT * FROM `carver_link` WHERE  ( is_confirm=2 ) LIMIT 20 [ RunTime:0.000362s ]
[2021-07-24T21:44:06+08:00][sql] SELECT `article_label` FROM `carver_article` [ RunTime:0.000297s ]
[2021-07-24T21:44:06+08:00][sql] SHOW FULL COLUMNS FROM `carver_carouse` [ RunTime:0.000622s ]
[2021-07-24T21:44:06+08:00][sql] SELECT `carouse_img`,`carouse_desc` FROM `carver_carouse` WHERE  `is_show` = 1 ORDER BY `carouse_sort` DESC LIMIT 3 [ RunTime:0.000334s ]
[2021-07-24T21:44:06+08:00][sql] SHOW FULL COLUMNS FROM `carver_site` [ RunTime:0.000605s ]
[2021-07-24T21:44:06+08:00][sql] SELECT * FROM `carver_site` [ RunTime:0.000283s ]
[2021-07-24T22:42:30+08:00][sql] CONNECT:[ UseTime:0.000556s ] mysql:host=127.0.0.1;port=3306;dbname=carver;charset=utf8
[2021-07-24T22:42:30+08:00][sql] SHOW FULL COLUMNS FROM `carver_article` [ RunTime:0.000971s ]
[2021-07-24T22:42:30+08:00][sql] SELECT COUNT(*) AS think_count FROM `carver_article` WHERE  `article_guide` = 6  AND `delete_time` = 0  AND `is_show` = 1 [ RunTime:0.000429s ]
[2021-07-24T22:42:30+08:00][sql] SELECT * FROM `carver_article` WHERE  `article_guide` = 6  AND `delete_time` = 0  AND `is_show` = 1 ORDER BY `add_time` DESC LIMIT 12,6 [ RunTime:0.000502s ]
[2021-07-24T22:42:30+08:00][sql] SELECT article_id,article_title,click_num,FROM_UNIXTIME(add_time,'%Y-%m-%d') as add_time FROM `carver_article` WHERE  `is_show` = 1  AND `delete_time` = 0 ORDER BY `click_num` DESC LIMIT 3 [ RunTime:0.000476s ]
[2021-07-24T22:42:30+08:00][sql] SHOW FULL COLUMNS FROM `carver_notice` [ RunTime:0.000723s ]
[2021-07-24T22:42:30+08:00][sql] SELECT * FROM `carver_notice` ORDER BY `create_time` DESC LIMIT 3 [ RunTime:0.000344s ]
[2021-07-24T22:42:30+08:00][sql] SHOW FULL COLUMNS FROM `carver_navigation` [ RunTime:0.000668s ]
[2021-07-24T22:42:30+08:00][sql] SELECT * FROM `carver_navigation` [ RunTime:0.000283s ]
[2021-07-24T22:42:30+08:00][sql] SELECT `article_label` FROM `carver_article` [ RunTime:0.000275s ]
[2021-07-24T22:42:30+08:00][sql] SHOW FULL COLUMNS FROM `carver_carouse` [ RunTime:0.000651s ]
[2021-07-24T22:42:30+08:00][sql] SELECT `carouse_img`,`carouse_desc` FROM `carver_carouse` WHERE  `is_show` = 1 ORDER BY `carouse_sort` DESC LIMIT 3 [ RunTime:0.000305s ]
[2021-07-24T22:42:30+08:00][sql] SHOW FULL COLUMNS FROM `carver_link` [ RunTime:0.000618s ]
[2021-07-24T22:42:30+08:00][sql] SELECT * FROM `carver_link` WHERE  ( is_confirm=2 ) LIMIT 20 [ RunTime:0.000313s ]
[2021-07-24T22:42:30+08:00][sql] SHOW FULL COLUMNS FROM `carver_site` [ RunTime:0.000629s ]
[2021-07-24T22:42:30+08:00][sql] SELECT * FROM `carver_site` [ RunTime:0.000349s ]
[2021-07-24T23:29:33+08:00][sql] CONNECT:[ UseTime:0.000583s ] mysql:host=127.0.0.1;port=3306;dbname=carver;charset=utf8
[2021-07-24T23:29:33+08:00][sql] SHOW FULL COLUMNS FROM `carver_article` [ RunTime:0.000967s ]
[2021-07-24T23:29:33+08:00][sql] SELECT `article_id`,`article_title`,`article_desc`,`article_content`,`article_img`,`article_guide`,`article_label`,`click_num`,`is_show`,`add_time`,`article_author` FROM `carver_article` WHERE  `article_id` = 25 LIMIT 1 [ RunTime:0.000443s ]
[2021-07-24T23:29:33+08:00][sql] SELECT `article_id`,`article_title`,`article_desc`,`article_content`,`article_img`,`article_guide`,`article_label`,`click_num`,`is_show`,`add_time`,`article_author` FROM `carver_article` WHERE  `article_id` > 25 LIMIT 1 [ RunTime:0.000582s ]
[2021-07-24T23:29:33+08:00][sql] SELECT `article_id`,`article_title`,`article_desc`,`article_content`,`article_img`,`article_guide`,`article_label`,`click_num`,`is_show`,`add_time`,`article_author` FROM `carver_article` WHERE  `article_id` < 25 ORDER BY `article_id` DESC LIMIT 1 [ RunTime:0.000432s ]
[2021-07-24T23:29:33+08:00][sql] SHOW FULL COLUMNS FROM `carver_link` [ RunTime:0.000633s ]
[2021-07-24T23:29:33+08:00][sql] SELECT * FROM `carver_link` WHERE  ( is_confirm=2 ) LIMIT 20 [ RunTime:0.000288s ]
[2021-07-24T23:29:33+08:00][sql] SELECT article_id,article_title,click_num,FROM_UNIXTIME(add_time,'%Y-%m-%d') as add_time FROM `carver_article` ORDER BY `click_num` DESC LIMIT 3 [ RunTime:0.000359s ]
[2021-07-24T23:29:33+08:00][sql] SHOW FULL COLUMNS FROM `carver_comment` [ RunTime:0.000639s ]
[2021-07-24T23:29:33+08:00][sql] SELECT `a`.*,`b`.`user_name` FROM `carver_comment` `a` INNER JOIN `carver_user` `b` ON `a`.`user_id`=`b`.`user_id` WHERE  `article_id` = 25 ORDER BY `create_time` DESC [ RunTime:0.000362s ]
[2021-07-24T23:29:33+08:00][sql] SHOW FULL COLUMNS FROM `carver_comment_to_others` [ RunTime:0.000569s ]
[2021-07-24T23:29:33+08:00][sql] SELECT * FROM `carver_comment_to_others` [ RunTime:0.000236s ]
[2021-07-24T23:29:33+08:00][sql] SHOW FULL COLUMNS FROM `carver_user` [ RunTime:0.000482s ]
[2021-07-24T23:29:33+08:00][sql] SELECT `user_name` FROM `carver_user` WHERE  `user_id` = 4 LIMIT 1 [ RunTime:0.000242s ]
[2021-07-24T23:29:33+08:00][sql] SELECT `user_name` FROM `carver_user` WHERE  `user_id` = 4 LIMIT 1 [ RunTime:0.000230s ]
[2021-07-24T23:29:33+08:00][sql] SELECT `user_name` FROM `carver_user` WHERE  `user_id` = 5 LIMIT 1 [ RunTime:0.000206s ]
[2021-07-24T23:29:33+08:00][sql] SELECT `user_name` FROM `carver_user` WHERE  `user_id` = 5 LIMIT 1 [ RunTime:0.000213s ]
[2021-07-24T23:29:33+08:00][sql] SELECT `user_name` FROM `carver_user` WHERE  `user_id` = 37 LIMIT 1 [ RunTime:0.000212s ]
[2021-07-24T23:29:33+08:00][sql] SELECT `user_name`,`user_id` FROM `carver_user` [ RunTime:0.000228s ]
[2021-07-24T23:29:33+08:00][sql] SHOW FULL COLUMNS FROM `carver_navigation` [ RunTime:0.000622s ]
[2021-07-24T23:29:33+08:00][sql] SELECT * FROM `carver_navigation` [ RunTime:0.000313s ]
[2021-07-24T23:29:33+08:00][sql] SELECT `article_label` FROM `carver_article` [ RunTime:0.000259s ]
[2021-07-24T23:29:35+08:00][sql] CONNECT:[ UseTime:0.000560s ] mysql:host=127.0.0.1;port=3306;dbname=carver;charset=utf8
[2021-07-24T23:29:35+08:00][sql] SHOW FULL COLUMNS FROM `carver_article` [ RunTime:0.001013s ]
[2021-07-24T23:29:35+08:00][sql] SELECT `article_id`,`article_title`,`article_desc`,`article_content`,`article_img`,`article_guide`,`article_label`,`click_num`,`is_show`,`add_time`,`article_author` FROM `carver_article` WHERE  `article_id` = 25'[0] LIMIT 1 [ RunTime:0.000491s ]
[2021-07-24T23:29:35+08:00][sql] SELECT `article_id`,`article_title`,`article_desc`,`article_content`,`article_img`,`article_guide`,`article_label`,`click_num`,`is_show`,`add_time`,`article_author` FROM `carver_article` WHERE  `article_id` > 25'[0] LIMIT 1 [ RunTime:0.000549s ]
[2021-07-24T23:29:35+08:00][sql] SELECT `article_id`,`article_title`,`article_desc`,`article_content`,`article_img`,`article_guide`,`article_label`,`click_num`,`is_show`,`add_time`,`article_author` FROM `carver_article` WHERE  `article_id` < 25'[0] ORDER BY `article_id` DESC LIMIT 1 [ RunTime:0.000415s ]
[2021-07-24T23:29:35+08:00][sql] SHOW FULL COLUMNS FROM `carver_link` [ RunTime:0.000623s ]
[2021-07-24T23:29:35+08:00][sql] SELECT * FROM `carver_link` WHERE  ( is_confirm=2 ) LIMIT 20 [ RunTime:0.000308s ]
[2021-07-24T23:29:35+08:00][sql] SELECT article_id,article_title,click_num,FROM_UNIXTIME(add_time,'%Y-%m-%d') as add_time FROM `carver_article` ORDER BY `click_num` DESC LIMIT 3 [ RunTime:0.000366s ]
[2021-07-24T23:29:35+08:00][sql] SHOW FULL COLUMNS FROM `carver_comment` [ RunTime:0.000658s ]
[2021-07-24T23:29:35+08:00][sql] SELECT `a`.*,`b`.`user_name` FROM `carver_comment` `a` INNER JOIN `carver_user` `b` ON `a`.`user_id`=`b`.`user_id` WHERE  `article_id` = 25'[0] ORDER BY `create_time` DESC [ RunTime:0.000393s ]
[2021-07-24T23:29:35+08:00][sql] SHOW FULL COLUMNS FROM `carver_comment_to_others` [ RunTime:0.000611s ]
[2021-07-24T23:29:35+08:00][sql] SELECT * FROM `carver_comment_to_others` [ RunTime:0.000271s ]
[2021-07-24T23:29:35+08:00][sql] SHOW FULL COLUMNS FROM `carver_user` [ RunTime:0.000489s ]
[2021-07-24T23:29:35+08:00][sql] SELECT `user_name` FROM `carver_user` WHERE  `user_id` = 4 LIMIT 1 [ RunTime:0.000265s ]
[2021-07-24T23:29:35+08:00][sql] SELECT `user_name` FROM `carver_user` WHERE  `user_id` = 4 LIMIT 1 [ RunTime:0.000214s ]
[2021-07-24T23:29:35+08:00][sql] SELECT `user_name` FROM `carver_user` WHERE  `user_id` = 5 LIMIT 1 [ RunTime:0.000260s ]
[2021-07-24T23:29:35+08:00][sql] SELECT `user_name` FROM `carver_user` WHERE  `user_id` = 5 LIMIT 1 [ RunTime:0.000242s ]
[2021-07-24T23:29:35+08:00][sql] SELECT `user_name` FROM `carver_user` WHERE  `user_id` = 37 LIMIT 1 [ RunTime:0.000234s ]
[2021-07-24T23:29:35+08:00][sql] SHOW FULL COLUMNS FROM `carver_navigation` [ RunTime:0.000550s ]
[2021-07-24T23:29:35+08:00][sql] SELECT * FROM `carver_navigation` [ RunTime:0.000267s ]
[2021-07-24T23:29:35+08:00][sql] SELECT `article_label` FROM `carver_article` [ RunTime:0.000280s ]
