[2021-07-25T00:38:01+08:00][sql] CONNECT:[ UseTime:0.011864s ] mysql:host=127.0.0.1;port=3306;dbname=carver;charset=utf8
[2021-07-25T00:38:01+08:00][sql] SHOW FULL COLUMNS FROM `carver_user` [ RunTime:0.001026s ]
[2021-07-25T00:38:01+08:00][sql] SHOW FULL COLUMNS FROM `carver_article` [ RunTime:0.000974s ]
[2021-07-25T00:38:01+08:00][sql] SELECT COUNT(*) AS think_count FROM `carver_article` WHERE  `delete_time` = 0  AND `is_show` = 1 [ RunTime:0.011411s ]
[2021-07-25T00:38:01+08:00][sql] SELECT `article_id`,`article_title`,`article_desc`,`article_content`,`article_img`,`article_guide`,`article_label`,`click_num`,`is_show`,`add_time`,`article_author`,`is_top_show` FROM `carver_article` WHERE  `delete_time` = 0  AND `is_show` = 1 ORDER BY `article_id` DESC LIMIT 0,6 [ RunTime:0.000933s ]
[2021-07-25T00:38:01+08:00][sql] SELECT article_id,article_title,click_num,FROM_UNIXTIME(add_time,'%Y-%m-%d') as add_time FROM `carver_article` WHERE  `is_show` = 1  AND `delete_time` = 0 ORDER BY `click_num` DESC LIMIT 3 [ RunTime:0.000716s ]
[2021-07-25T00:38:01+08:00][sql] SHOW FULL COLUMNS FROM `carver_notice` [ RunTime:0.000798s ]
[2021-07-25T00:38:01+08:00][sql] SELECT * FROM `carver_notice` ORDER BY `create_time` DESC LIMIT 3 [ RunTime:0.000311s ]
[2021-07-25T00:38:01+08:00][sql] SHOW FULL COLUMNS FROM `carver_navigation` [ RunTime:0.000609s ]
[2021-07-25T00:38:01+08:00][sql] SELECT * FROM `carver_navigation` [ RunTime:0.000307s ]
[2021-07-25T00:38:01+08:00][sql] SHOW FULL COLUMNS FROM `carver_link` [ RunTime:0.000691s ]
[2021-07-25T00:38:01+08:00][sql] SELECT * FROM `carver_link` WHERE  ( is_confirm=2 ) LIMIT 20 [ RunTime:0.000383s ]
[2021-07-25T00:38:01+08:00][sql] SELECT `article_label` FROM `carver_article` [ RunTime:0.000378s ]
[2021-07-25T00:38:01+08:00][sql] SHOW FULL COLUMNS FROM `carver_carouse` [ RunTime:0.000833s ]
[2021-07-25T00:38:01+08:00][sql] SELECT `carouse_img`,`carouse_desc` FROM `carver_carouse` WHERE  `is_show` = 1 ORDER BY `carouse_sort` DESC LIMIT 3 [ RunTime:0.000413s ]
[2021-07-25T00:38:01+08:00][sql] SHOW FULL COLUMNS FROM `carver_site` [ RunTime:0.000623s ]
[2021-07-25T00:38:01+08:00][sql] SELECT * FROM `carver_site` [ RunTime:0.000247s ]
[2021-07-25T01:15:50+08:00][sql] CONNECT:[ UseTime:0.000586s ] mysql:host=127.0.0.1;port=3306;dbname=carver;charset=utf8
[2021-07-25T01:15:50+08:00][sql] SHOW FULL COLUMNS FROM `carver_article` [ RunTime:0.001292s ]
[2021-07-25T01:15:50+08:00][sql] SELECT `article_id`,`article_title`,`article_desc`,`article_content`,`article_img`,`article_guide`,`article_label`,`click_num`,`is_show`,`add_time`,`article_author` FROM `carver_article` WHERE  `article_id` = 22'A=0 LIMIT 1 [ RunTime:0.000800s ]
[2021-07-25T01:15:50+08:00][sql] SELECT `article_id`,`article_title`,`article_desc`,`article_content`,`article_img`,`article_guide`,`article_label`,`click_num`,`is_show`,`add_time`,`article_author` FROM `carver_article` WHERE  `article_id` > 22'A=0 LIMIT 1 [ RunTime:0.000423s ]
[2021-07-25T01:15:50+08:00][sql] SELECT `article_id`,`article_title`,`article_desc`,`article_content`,`article_img`,`article_guide`,`article_label`,`click_num`,`is_show`,`add_time`,`article_author` FROM `carver_article` WHERE  `article_id` < 22'A=0 ORDER BY `article_id` DESC LIMIT 1 [ RunTime:0.000545s ]
[2021-07-25T01:15:50+08:00][sql] SHOW FULL COLUMNS FROM `carver_link` [ RunTime:0.000879s ]
[2021-07-25T01:15:50+08:00][sql] SELECT * FROM `carver_link` WHERE  ( is_confirm=2 ) LIMIT 20 [ RunTime:0.000430s ]
[2021-07-25T01:15:50+08:00][sql] SELECT article_id,article_title,click_num,FROM_UNIXTIME(add_time,'%Y-%m-%d') as add_time FROM `carver_article` ORDER BY `click_num` DESC LIMIT 3 [ RunTime:0.000529s ]
[2021-07-25T01:15:50+08:00][sql] SHOW FULL COLUMNS FROM `carver_comment` [ RunTime:0.000909s ]
[2021-07-25T01:15:50+08:00][sql] SELECT `a`.*,`b`.`user_name` FROM `carver_comment` `a` INNER JOIN `carver_user` `b` ON `a`.`user_id`=`b`.`user_id` WHERE  `article_id` = 22'A=0 ORDER BY `create_time` DESC [ RunTime:0.000533s ]
[2021-07-25T01:15:50+08:00][sql] SHOW FULL COLUMNS FROM `carver_comment_to_others` [ RunTime:0.000782s ]
[2021-07-25T01:15:50+08:00][sql] SELECT * FROM `carver_comment_to_others` [ RunTime:0.000286s ]
[2021-07-25T01:15:50+08:00][sql] SHOW FULL COLUMNS FROM `carver_user` [ RunTime:0.000550s ]
[2021-07-25T01:15:50+08:00][sql] SELECT `user_name` FROM `carver_user` WHERE  `user_id` = 4 LIMIT 1 [ RunTime:0.000374s ]
[2021-07-25T01:15:50+08:00][sql] SELECT `user_name` FROM `carver_user` WHERE  `user_id` = 4 LIMIT 1 [ RunTime:0.000253s ]
[2021-07-25T01:15:50+08:00][sql] SELECT `user_name` FROM `carver_user` WHERE  `user_id` = 5 LIMIT 1 [ RunTime:0.000272s ]
[2021-07-25T01:15:50+08:00][sql] SELECT `user_name` FROM `carver_user` WHERE  `user_id` = 5 LIMIT 1 [ RunTime:0.000249s ]
[2021-07-25T01:15:50+08:00][sql] SELECT `user_name` FROM `carver_user` WHERE  `user_id` = 37 LIMIT 1 [ RunTime:0.000246s ]
[2021-07-25T01:15:50+08:00][sql] SELECT `user_name`,`user_id` FROM `carver_user` [ RunTime:0.000329s ]
[2021-07-25T01:15:50+08:00][sql] SHOW FULL COLUMNS FROM `carver_navigation` [ RunTime:0.000792s ]
[2021-07-25T01:15:50+08:00][sql] SELECT * FROM `carver_navigation` [ RunTime:0.000311s ]
[2021-07-25T01:15:50+08:00][sql] SELECT `article_label` FROM `carver_article` [ RunTime:0.000336s ]
[2021-07-25T01:30:43+08:00][sql] CONNECT:[ UseTime:0.000591s ] mysql:host=127.0.0.1;port=3306;dbname=carver;charset=utf8
[2021-07-25T01:30:43+08:00][sql] SHOW FULL COLUMNS FROM `carver_article` [ RunTime:0.000969s ]
[2021-07-25T01:30:43+08:00][sql] SELECT COUNT(*) AS think_count FROM `carver_article` WHERE  `article_title` LIKE '%%'  AND `delete_time` = 0  AND `is_show` = 1 [ RunTime:0.000428s ]
[2021-07-25T01:30:43+08:00][sql] SELECT * FROM `carver_article` WHERE  `article_title` LIKE '%%'  AND `delete_time` = 0  AND `is_show` = 1 LIMIT 0,6 [ RunTime:0.001032s ]
[2021-07-25T01:30:43+08:00][sql] SELECT article_id,article_title,click_num,FROM_UNIXTIME(add_time,'%Y-%m-%d') as add_time FROM `carver_article` WHERE  `delete_time` = 0  AND `is_show` = 1 ORDER BY `click_num` DESC LIMIT 3 [ RunTime:0.000427s ]
[2021-07-25T01:30:43+08:00][sql] SHOW FULL COLUMNS FROM `carver_notice` [ RunTime:0.000623s ]
[2021-07-25T01:30:43+08:00][sql] SELECT * FROM `carver_notice` ORDER BY `create_time` DESC LIMIT 3 [ RunTime:0.000275s ]
[2021-07-25T01:30:43+08:00][sql] SHOW FULL COLUMNS FROM `carver_navigation` [ RunTime:0.000562s ]
[2021-07-25T01:30:43+08:00][sql] SELECT * FROM `carver_navigation` [ RunTime:0.000253s ]
[2021-07-25T01:30:43+08:00][sql] SHOW FULL COLUMNS FROM `carver_link` [ RunTime:0.000534s ]
[2021-07-25T01:30:43+08:00][sql] SELECT * FROM `carver_link` WHERE  ( is_confirm=2 ) LIMIT 20 [ RunTime:0.000308s ]
[2021-07-25T01:30:43+08:00][sql] SELECT `article_label` FROM `carver_article` [ RunTime:0.000248s ]
[2021-07-25T01:30:43+08:00][sql] SHOW FULL COLUMNS FROM `carver_carouse` [ RunTime:0.000507s ]
[2021-07-25T01:30:43+08:00][sql] SELECT `carouse_img`,`carouse_desc` FROM `carver_carouse` WHERE  `is_show` = 1 ORDER BY `carouse_sort` DESC LIMIT 3 [ RunTime:0.000285s ]
[2021-07-25T01:30:43+08:00][sql] SHOW FULL COLUMNS FROM `carver_site` [ RunTime:0.000499s ]
[2021-07-25T01:30:43+08:00][sql] SELECT * FROM `carver_site` [ RunTime:0.000230s ]
[2021-07-25T01:43:27+08:00][sql] CONNECT:[ UseTime:0.000644s ] mysql:host=127.0.0.1;port=3306;dbname=carver;charset=utf8
[2021-07-25T01:43:27+08:00][sql] SHOW FULL COLUMNS FROM `carver_user` [ RunTime:0.000796s ]
[2021-07-25T01:43:27+08:00][sql] SHOW FULL COLUMNS FROM `carver_article` [ RunTime:0.000758s ]
[2021-07-25T01:43:27+08:00][sql] SELECT COUNT(*) AS think_count FROM `carver_article` WHERE  `delete_time` = 0  AND `is_show` = 1 [ RunTime:0.000384s ]
[2021-07-25T01:43:27+08:00][sql] SELECT `article_id`,`article_title`,`article_desc`,`article_content`,`article_img`,`article_guide`,`article_label`,`click_num`,`is_show`,`add_time`,`article_author`,`is_top_show` FROM `carver_article` WHERE  `delete_time` = 0  AND `is_show` = 1 ORDER BY `article_id` DESC LIMIT 24,6 [ RunTime:0.001098s ]
[2021-07-25T01:43:27+08:00][sql] SELECT article_id,article_title,click_num,FROM_UNIXTIME(add_time,'%Y-%m-%d') as add_time FROM `carver_article` WHERE  `is_show` = 1  AND `delete_time` = 0 ORDER BY `click_num` DESC LIMIT 3 [ RunTime:0.000410s ]
[2021-07-25T01:43:27+08:00][sql] SHOW FULL COLUMNS FROM `carver_notice` [ RunTime:0.000598s ]
[2021-07-25T01:43:27+08:00][sql] SELECT * FROM `carver_notice` ORDER BY `create_time` DESC LIMIT 3 [ RunTime:0.000265s ]
[2021-07-25T01:43:27+08:00][sql] SHOW FULL COLUMNS FROM `carver_navigation` [ RunTime:0.000570s ]
[2021-07-25T01:43:27+08:00][sql] SELECT * FROM `carver_navigation` [ RunTime:0.000233s ]
[2021-07-25T01:43:27+08:00][sql] SHOW FULL COLUMNS FROM `carver_link` [ RunTime:0.000526s ]
[2021-07-25T01:43:27+08:00][sql] SELECT * FROM `carver_link` WHERE  ( is_confirm=2 ) LIMIT 20 [ RunTime:0.000263s ]
[2021-07-25T01:43:27+08:00][sql] SELECT `article_label` FROM `carver_article` [ RunTime:0.000269s ]
[2021-07-25T01:43:27+08:00][sql] SHOW FULL COLUMNS FROM `carver_carouse` [ RunTime:0.000523s ]
[2021-07-25T01:43:27+08:00][sql] SELECT `carouse_img`,`carouse_desc` FROM `carver_carouse` WHERE  `is_show` = 1 ORDER BY `carouse_sort` DESC LIMIT 3 [ RunTime:0.000301s ]
[2021-07-25T01:43:27+08:00][sql] SHOW FULL COLUMNS FROM `carver_site` [ RunTime:0.000526s ]
[2021-07-25T01:43:27+08:00][sql] SELECT * FROM `carver_site` [ RunTime:0.000274s ]
[2021-07-25T02:35:52+08:00][sql] CONNECT:[ UseTime:0.001029s ] mysql:host=127.0.0.1;port=3306;dbname=carver;charset=utf8
[2021-07-25T02:35:52+08:00][sql] SHOW FULL COLUMNS FROM `carver_user` [ RunTime:0.000914s ]
[2021-07-25T02:35:52+08:00][sql] SHOW FULL COLUMNS FROM `carver_article` [ RunTime:0.000847s ]
[2021-07-25T02:35:52+08:00][sql] SELECT COUNT(*) AS think_count FROM `carver_article` WHERE  `delete_time` = 0  AND `is_show` = 1 [ RunTime:0.000424s ]
[2021-07-25T02:35:52+08:00][sql] SELECT `article_id`,`article_title`,`article_desc`,`article_content`,`article_img`,`article_guide`,`article_label`,`click_num`,`is_show`,`add_time`,`article_author`,`is_top_show` FROM `carver_article` WHERE  `delete_time` = 0  AND `is_show` = 1 ORDER BY `article_id` DESC LIMIT 0,6 [ RunTime:0.000801s ]
[2021-07-25T02:35:52+08:00][sql] SELECT article_id,article_title,click_num,FROM_UNIXTIME(add_time,'%Y-%m-%d') as add_time FROM `carver_article` WHERE  `is_show` = 1  AND `delete_time` = 0 ORDER BY `click_num` DESC LIMIT 3 [ RunTime:0.000691s ]
[2021-07-25T02:35:52+08:00][sql] SHOW FULL COLUMNS FROM `carver_notice` [ RunTime:0.000682s ]
[2021-07-25T02:35:52+08:00][sql] SELECT * FROM `carver_notice` ORDER BY `create_time` DESC LIMIT 3 [ RunTime:0.000343s ]
[2021-07-25T02:35:52+08:00][sql] SHOW FULL COLUMNS FROM `carver_navigation` [ RunTime:0.000670s ]
[2021-07-25T02:35:52+08:00][sql] SELECT * FROM `carver_navigation` [ RunTime:0.000254s ]
[2021-07-25T02:35:52+08:00][sql] SHOW FULL COLUMNS FROM `carver_link` [ RunTime:0.000624s ]
[2021-07-25T02:35:52+08:00][sql] SELECT * FROM `carver_link` WHERE  ( is_confirm=2 ) LIMIT 20 [ RunTime:0.000394s ]
[2021-07-25T02:35:52+08:00][sql] SELECT `article_label` FROM `carver_article` [ RunTime:0.000291s ]
[2021-07-25T02:35:52+08:00][sql] SHOW FULL COLUMNS FROM `carver_carouse` [ RunTime:0.000586s ]
[2021-07-25T02:35:52+08:00][sql] SELECT `carouse_img`,`carouse_desc` FROM `carver_carouse` WHERE  `is_show` = 1 ORDER BY `carouse_sort` DESC LIMIT 3 [ RunTime:0.000320s ]
[2021-07-25T02:35:52+08:00][sql] SHOW FULL COLUMNS FROM `carver_site` [ RunTime:0.000513s ]
[2021-07-25T02:35:52+08:00][sql] SELECT * FROM `carver_site` [ RunTime:0.000254s ]
[2021-07-25T03:20:17+08:00][sql] CONNECT:[ UseTime:0.000682s ] mysql:host=127.0.0.1;port=3306;dbname=carver;charset=utf8
[2021-07-25T03:20:17+08:00][sql] SHOW FULL COLUMNS FROM `carver_user` [ RunTime:0.000865s ]
[2021-07-25T03:20:17+08:00][sql] SHOW FULL COLUMNS FROM `carver_article` [ RunTime:0.000786s ]
[2021-07-25T03:20:17+08:00][sql] SELECT COUNT(*) AS think_count FROM `carver_article` WHERE  `delete_time` = 0  AND `is_show` = 1 [ RunTime:0.000364s ]
[2021-07-25T03:20:17+08:00][sql] SELECT `article_id`,`article_title`,`article_desc`,`article_content`,`article_img`,`article_guide`,`article_label`,`click_num`,`is_show`,`add_time`,`article_author`,`is_top_show` FROM `carver_article` WHERE  `delete_time` = 0  AND `is_show` = 1 ORDER BY `article_id` DESC LIMIT 0,6 [ RunTime:0.000756s ]
[2021-07-25T03:20:17+08:00][sql] SELECT article_id,article_title,click_num,FROM_UNIXTIME(add_time,'%Y-%m-%d') as add_time FROM `carver_article` WHERE  `is_show` = 1  AND `delete_time` = 0 ORDER BY `click_num` DESC LIMIT 3 [ RunTime:0.000433s ]
[2021-07-25T03:20:17+08:00][sql] SHOW FULL COLUMNS FROM `carver_notice` [ RunTime:0.000579s ]
[2021-07-25T03:20:17+08:00][sql] SELECT * FROM `carver_notice` ORDER BY `create_time` DESC LIMIT 3 [ RunTime:0.000272s ]
[2021-07-25T03:20:17+08:00][sql] SHOW FULL COLUMNS FROM `carver_navigation` [ RunTime:0.000550s ]
[2021-07-25T03:20:17+08:00][sql] SELECT * FROM `carver_navigation` [ RunTime:0.000235s ]
[2021-07-25T03:20:17+08:00][sql] SHOW FULL COLUMNS FROM `carver_link` [ RunTime:0.000546s ]
[2021-07-25T03:20:17+08:00][sql] SELECT * FROM `carver_link` WHERE  ( is_confirm=2 ) LIMIT 20 [ RunTime:0.000282s ]
[2021-07-25T03:20:17+08:00][sql] SELECT `article_label` FROM `carver_article` [ RunTime:0.000283s ]
[2021-07-25T03:20:17+08:00][sql] SHOW FULL COLUMNS FROM `carver_carouse` [ RunTime:0.000515s ]
[2021-07-25T03:20:17+08:00][sql] SELECT `carouse_img`,`carouse_desc` FROM `carver_carouse` WHERE  `is_show` = 1 ORDER BY `carouse_sort` DESC LIMIT 3 [ RunTime:0.000313s ]
[2021-07-25T03:20:17+08:00][sql] SHOW FULL COLUMNS FROM `carver_site` [ RunTime:0.000546s ]
[2021-07-25T03:20:17+08:00][sql] SELECT * FROM `carver_site` [ RunTime:0.000281s ]
[2021-07-25T03:44:56+08:00][sql] CONNECT:[ UseTime:0.000702s ] mysql:host=127.0.0.1;port=3306;dbname=carver;charset=utf8
[2021-07-25T03:44:56+08:00][sql] SHOW FULL COLUMNS FROM `carver_user` [ RunTime:0.001023s ]
[2021-07-25T03:44:56+08:00][sql] SHOW FULL COLUMNS FROM `carver_article` [ RunTime:0.000981s ]
[2021-07-25T03:44:56+08:00][sql] SELECT COUNT(*) AS think_count FROM `carver_article` WHERE  `delete_time` = 0  AND `is_show` = 1 [ RunTime:0.000539s ]
[2021-07-25T03:44:56+08:00][sql] SELECT `article_id`,`article_title`,`article_desc`,`article_content`,`article_img`,`article_guide`,`article_label`,`click_num`,`is_show`,`add_time`,`article_author`,`is_top_show` FROM `carver_article` WHERE  `delete_time` = 0  AND `is_show` = 1 ORDER BY `article_id` DESC LIMIT 0,6 [ RunTime:0.000947s ]
[2021-07-25T03:44:56+08:00][sql] SELECT article_id,article_title,click_num,FROM_UNIXTIME(add_time,'%Y-%m-%d') as add_time FROM `carver_article` WHERE  `is_show` = 1  AND `delete_time` = 0 ORDER BY `click_num` DESC LIMIT 3 [ RunTime:0.000832s ]
[2021-07-25T03:44:56+08:00][sql] SHOW FULL COLUMNS FROM `carver_notice` [ RunTime:0.000820s ]
[2021-07-25T03:44:56+08:00][sql] SELECT * FROM `carver_notice` ORDER BY `create_time` DESC LIMIT 3 [ RunTime:0.000395s ]
[2021-07-25T03:44:56+08:00][sql] SHOW FULL COLUMNS FROM `carver_navigation` [ RunTime:0.000735s ]
[2021-07-25T03:44:56+08:00][sql] SELECT * FROM `carver_navigation` [ RunTime:0.000303s ]
[2021-07-25T03:44:56+08:00][sql] SHOW FULL COLUMNS FROM `carver_link` [ RunTime:0.000720s ]
[2021-07-25T03:44:56+08:00][sql] SELECT * FROM `carver_link` WHERE  ( is_confirm=2 ) LIMIT 20 [ RunTime:0.000386s ]
[2021-07-25T03:44:56+08:00][sql] SELECT `article_label` FROM `carver_article` [ RunTime:0.000347s ]
[2021-07-25T03:44:56+08:00][sql] SHOW FULL COLUMNS FROM `carver_carouse` [ RunTime:0.000686s ]
[2021-07-25T03:44:56+08:00][sql] SELECT `carouse_img`,`carouse_desc` FROM `carver_carouse` WHERE  `is_show` = 1 ORDER BY `carouse_sort` DESC LIMIT 3 [ RunTime:0.000362s ]
[2021-07-25T03:44:56+08:00][sql] SHOW FULL COLUMNS FROM `carver_site` [ RunTime:0.000724s ]
[2021-07-25T03:44:56+08:00][sql] SELECT * FROM `carver_site` [ RunTime:0.000310s ]
[2021-07-25T04:18:26+08:00][sql] CONNECT:[ UseTime:0.000649s ] mysql:host=127.0.0.1;port=3306;dbname=carver;charset=utf8
[2021-07-25T04:18:26+08:00][sql] SHOW FULL COLUMNS FROM `carver_user` [ RunTime:0.000871s ]
[2021-07-25T04:18:26+08:00][sql] SHOW FULL COLUMNS FROM `carver_article` [ RunTime:0.000812s ]
[2021-07-25T04:18:26+08:00][sql] SELECT COUNT(*) AS think_count FROM `carver_article` WHERE  `delete_time` = 0  AND `is_show` = 1 [ RunTime:0.000432s ]
[2021-07-25T04:18:26+08:00][sql] SELECT `article_id`,`article_title`,`article_desc`,`article_content`,`article_img`,`article_guide`,`article_label`,`click_num`,`is_show`,`add_time`,`article_author`,`is_top_show` FROM `carver_article` WHERE  `delete_time` = 0  AND `is_show` = 1 ORDER BY `article_id` DESC LIMIT 0,6 [ RunTime:0.000779s ]
[2021-07-25T04:18:26+08:00][sql] SELECT article_id,article_title,click_num,FROM_UNIXTIME(add_time,'%Y-%m-%d') as add_time FROM `carver_article` WHERE  `is_show` = 1  AND `delete_time` = 0 ORDER BY `click_num` DESC LIMIT 3 [ RunTime:0.000568s ]
[2021-07-25T04:18:26+08:00][sql] SHOW FULL COLUMNS FROM `carver_notice` [ RunTime:0.000769s ]
[2021-07-25T04:18:26+08:00][sql] SELECT * FROM `carver_notice` ORDER BY `create_time` DESC LIMIT 3 [ RunTime:0.000314s ]
[2021-07-25T04:18:26+08:00][sql] SHOW FULL COLUMNS FROM `carver_navigation` [ RunTime:0.000602s ]
[2021-07-25T04:18:26+08:00][sql] SELECT * FROM `carver_navigation` [ RunTime:0.000248s ]
[2021-07-25T04:18:26+08:00][sql] SHOW FULL COLUMNS FROM `carver_link` [ RunTime:0.000606s ]
[2021-07-25T04:18:26+08:00][sql] SELECT * FROM `carver_link` WHERE  ( is_confirm=2 ) LIMIT 20 [ RunTime:0.000313s ]
[2021-07-25T04:18:26+08:00][sql] SELECT `article_label` FROM `carver_article` [ RunTime:0.000340s ]
[2021-07-25T04:18:26+08:00][sql] SHOW FULL COLUMNS FROM `carver_carouse` [ RunTime:0.000569s ]
[2021-07-25T04:18:26+08:00][sql] SELECT `carouse_img`,`carouse_desc` FROM `carver_carouse` WHERE  `is_show` = 1 ORDER BY `carouse_sort` DESC LIMIT 3 [ RunTime:0.000300s ]
[2021-07-25T04:18:26+08:00][sql] SHOW FULL COLUMNS FROM `carver_site` [ RunTime:0.000568s ]
[2021-07-25T04:18:26+08:00][sql] SELECT * FROM `carver_site` [ RunTime:0.000232s ]
[2021-07-25T06:32:20+08:00][sql] CONNECT:[ UseTime:0.000650s ] mysql:host=127.0.0.1;port=3306;dbname=carver;charset=utf8
[2021-07-25T06:32:20+08:00][sql] SHOW FULL COLUMNS FROM `carver_article` [ RunTime:0.001136s ]
[2021-07-25T06:32:20+08:00][sql] SELECT `article_id`,`article_title`,`article_desc`,`article_content`,`article_img`,`article_guide`,`article_label`,`click_num`,`is_show`,`add_time`,`article_author` FROM `carver_article` WHERE  `article_id` = 12 LIMIT 1 [ RunTime:0.000439s ]
[2021-07-25T06:32:20+08:00][sql] SELECT `article_id`,`article_title`,`article_desc`,`article_content`,`article_img`,`article_guide`,`article_label`,`click_num`,`is_show`,`add_time`,`article_author` FROM `carver_article` WHERE  `article_id` > 12 LIMIT 1 [ RunTime:0.000380s ]
[2021-07-25T06:32:20+08:00][sql] SELECT `article_id`,`article_title`,`article_desc`,`article_content`,`article_img`,`article_guide`,`article_label`,`click_num`,`is_show`,`add_time`,`article_author` FROM `carver_article` WHERE  `article_id` < 12 ORDER BY `article_id` DESC LIMIT 1 [ RunTime:0.000346s ]
[2021-07-25T06:32:20+08:00][sql] SHOW FULL COLUMNS FROM `carver_link` [ RunTime:0.000666s ]
[2021-07-25T06:32:20+08:00][sql] SELECT * FROM `carver_link` WHERE  ( is_confirm=2 ) LIMIT 20 [ RunTime:0.000300s ]
[2021-07-25T06:32:20+08:00][sql] SELECT article_id,article_title,click_num,FROM_UNIXTIME(add_time,'%Y-%m-%d') as add_time FROM `carver_article` ORDER BY `click_num` DESC LIMIT 3 [ RunTime:0.000361s ]
[2021-07-25T06:32:20+08:00][sql] SHOW FULL COLUMNS FROM `carver_comment` [ RunTime:0.000717s ]
[2021-07-25T06:32:20+08:00][sql] SELECT `a`.*,`b`.`user_name` FROM `carver_comment` `a` INNER JOIN `carver_user` `b` ON `a`.`user_id`=`b`.`user_id` WHERE  `article_id` = 12 ORDER BY `create_time` DESC [ RunTime:0.000554s ]
[2021-07-25T06:32:20+08:00][sql] SHOW FULL COLUMNS FROM `carver_comment_to_others` [ RunTime:0.000568s ]
[2021-07-25T06:32:20+08:00][sql] SELECT * FROM `carver_comment_to_others` [ RunTime:0.000234s ]
[2021-07-25T06:32:20+08:00][sql] SHOW FULL COLUMNS FROM `carver_user` [ RunTime:0.000508s ]
[2021-07-25T06:32:20+08:00][sql] SELECT `user_name` FROM `carver_user` WHERE  `user_id` = 4 LIMIT 1 [ RunTime:0.000236s ]
[2021-07-25T06:32:20+08:00][sql] SELECT `user_name` FROM `carver_user` WHERE  `user_id` = 4 LIMIT 1 [ RunTime:0.000233s ]
[2021-07-25T06:32:20+08:00][sql] SELECT `user_name` FROM `carver_user` WHERE  `user_id` = 5 LIMIT 1 [ RunTime:0.000283s ]
[2021-07-25T06:32:20+08:00][sql] SELECT `user_name` FROM `carver_user` WHERE  `user_id` = 5 LIMIT 1 [ RunTime:0.000347s ]
[2021-07-25T06:32:20+08:00][sql] SELECT `user_name` FROM `carver_user` WHERE  `user_id` = 37 LIMIT 1 [ RunTime:0.000241s ]
[2021-07-25T06:32:20+08:00][sql] SELECT `user_name`,`user_id` FROM `carver_user` [ RunTime:0.000443s ]
[2021-07-25T06:32:20+08:00][sql] SHOW FULL COLUMNS FROM `carver_navigation` [ RunTime:0.000646s ]
[2021-07-25T06:32:20+08:00][sql] SELECT * FROM `carver_navigation` [ RunTime:0.000258s ]
[2021-07-25T06:32:20+08:00][sql] SELECT `article_label` FROM `carver_article` [ RunTime:0.000285s ]
[2021-07-25T07:26:04+08:00][sql] CONNECT:[ UseTime:0.000549s ] mysql:host=127.0.0.1;port=3306;dbname=carver;charset=utf8
[2021-07-25T07:26:04+08:00][sql] SHOW FULL COLUMNS FROM `carver_user` [ RunTime:0.000890s ]
[2021-07-25T07:26:04+08:00][sql] SHOW FULL COLUMNS FROM `carver_article` [ RunTime:0.000800s ]
[2021-07-25T07:26:04+08:00][sql] SELECT COUNT(*) AS think_count FROM `carver_article` WHERE  `delete_time` = 0  AND `is_show` = 1 [ RunTime:0.000397s ]
[2021-07-25T07:26:04+08:00][sql] SELECT `article_id`,`article_title`,`article_desc`,`article_content`,`article_img`,`article_guide`,`article_label`,`click_num`,`is_show`,`add_time`,`article_author`,`is_top_show` FROM `carver_article` WHERE  `delete_time` = 0  AND `is_show` = 1 ORDER BY `article_id` DESC LIMIT 24,6 [ RunTime:0.001179s ]
[2021-07-25T07:26:04+08:00][sql] SELECT article_id,article_title,click_num,FROM_UNIXTIME(add_time,'%Y-%m-%d') as add_time FROM `carver_article` WHERE  `is_show` = 1  AND `delete_time` = 0 ORDER BY `click_num` DESC LIMIT 3 [ RunTime:0.000604s ]
[2021-07-25T07:26:04+08:00][sql] SHOW FULL COLUMNS FROM `carver_notice` [ RunTime:0.000781s ]
[2021-07-25T07:26:04+08:00][sql] SELECT * FROM `carver_notice` ORDER BY `create_time` DESC LIMIT 3 [ RunTime:0.000304s ]
[2021-07-25T07:26:04+08:00][sql] SHOW FULL COLUMNS FROM `carver_navigation` [ RunTime:0.000571s ]
[2021-07-25T07:26:04+08:00][sql] SELECT * FROM `carver_navigation` [ RunTime:0.000241s ]
[2021-07-25T07:26:04+08:00][sql] SHOW FULL COLUMNS FROM `carver_link` [ RunTime:0.000572s ]
[2021-07-25T07:26:04+08:00][sql] SELECT * FROM `carver_link` WHERE  ( is_confirm=2 ) LIMIT 20 [ RunTime:0.000292s ]
[2021-07-25T07:26:04+08:00][sql] SELECT `article_label` FROM `carver_article` [ RunTime:0.000386s ]
[2021-07-25T07:26:04+08:00][sql] SHOW FULL COLUMNS FROM `carver_carouse` [ RunTime:0.000575s ]
[2021-07-25T07:26:04+08:00][sql] SELECT `carouse_img`,`carouse_desc` FROM `carver_carouse` WHERE  `is_show` = 1 ORDER BY `carouse_sort` DESC LIMIT 3 [ RunTime:0.000322s ]
[2021-07-25T07:26:04+08:00][sql] SHOW FULL COLUMNS FROM `carver_site` [ RunTime:0.000555s ]
[2021-07-25T07:26:04+08:00][sql] SELECT * FROM `carver_site` [ RunTime:0.000280s ]
[2021-07-25T08:34:32+08:00][sql] CONNECT:[ UseTime:0.000788s ] mysql:host=127.0.0.1;port=3306;dbname=carver;charset=utf8
[2021-07-25T08:34:32+08:00][sql] SHOW FULL COLUMNS FROM `carver_user` [ RunTime:0.001208s ]
[2021-07-25T08:34:32+08:00][sql] SHOW FULL COLUMNS FROM `carver_article` [ RunTime:0.001011s ]
[2021-07-25T08:34:32+08:00][sql] SELECT COUNT(*) AS think_count FROM `carver_article` WHERE  `delete_time` = 0  AND `is_show` = 1 [ RunTime:0.000599s ]
[2021-07-25T08:34:32+08:00][sql] SELECT `article_id`,`article_title`,`article_desc`,`article_content`,`article_img`,`article_guide`,`article_label`,`click_num`,`is_show`,`add_time`,`article_author`,`is_top_show` FROM `carver_article` WHERE  `delete_time` = 0  AND `is_show` = 1 ORDER BY `article_id` DESC LIMIT 0,6 [ RunTime:0.001071s ]
[2021-07-25T08:34:32+08:00][sql] SELECT article_id,article_title,click_num,FROM_UNIXTIME(add_time,'%Y-%m-%d') as add_time FROM `carver_article` WHERE  `is_show` = 1  AND `delete_time` = 0 ORDER BY `click_num` DESC LIMIT 3 [ RunTime:0.000786s ]
[2021-07-25T08:34:32+08:00][sql] SHOW FULL COLUMNS FROM `carver_notice` [ RunTime:0.000942s ]
[2021-07-25T08:34:32+08:00][sql] SELECT * FROM `carver_notice` ORDER BY `create_time` DESC LIMIT 3 [ RunTime:0.000410s ]
[2021-07-25T08:34:32+08:00][sql] SHOW FULL COLUMNS FROM `carver_navigation` [ RunTime:0.000827s ]
[2021-07-25T08:34:32+08:00][sql] SELECT * FROM `carver_navigation` [ RunTime:0.000376s ]
[2021-07-25T08:34:32+08:00][sql] SHOW FULL COLUMNS FROM `carver_link` [ RunTime:0.000818s ]
[2021-07-25T08:34:32+08:00][sql] SELECT * FROM `carver_link` WHERE  ( is_confirm=2 ) LIMIT 20 [ RunTime:0.000454s ]
[2021-07-25T08:34:32+08:00][sql] SELECT `article_label` FROM `carver_article` [ RunTime:0.000390s ]
[2021-07-25T08:34:32+08:00][sql] SHOW FULL COLUMNS FROM `carver_carouse` [ RunTime:0.000755s ]
[2021-07-25T08:34:32+08:00][sql] SELECT `carouse_img`,`carouse_desc` FROM `carver_carouse` WHERE  `is_show` = 1 ORDER BY `carouse_sort` DESC LIMIT 3 [ RunTime:0.000388s ]
[2021-07-25T08:34:32+08:00][sql] SHOW FULL COLUMNS FROM `carver_site` [ RunTime:0.000908s ]
[2021-07-25T08:34:32+08:00][sql] SELECT * FROM `carver_site` [ RunTime:0.000333s ]
[2021-07-25T09:35:07+08:00][sql] CONNECT:[ UseTime:0.000664s ] mysql:host=127.0.0.1;port=3306;dbname=carver;charset=utf8
[2021-07-25T09:35:07+08:00][sql] SHOW FULL COLUMNS FROM `carver_article` [ RunTime:0.000968s ]
[2021-07-25T09:35:07+08:00][sql] SELECT COUNT(*) AS think_count FROM `carver_article` WHERE  `article_label` LIKE '%%'  AND `delete_time` = 0  AND `is_show` = 1 [ RunTime:0.000451s ]
[2021-07-25T09:35:07+08:00][sql] SELECT * FROM `carver_article` WHERE  `article_label` LIKE '%%'  AND `delete_time` = 0  AND `is_show` = 1 LIMIT 24,6 [ RunTime:0.001009s ]
[2021-07-25T09:35:07+08:00][sql] SELECT article_id,article_title,click_num,FROM_UNIXTIME(add_time,'%Y-%m-%d') as add_time FROM `carver_article` WHERE  `is_show` = 1  AND `delete_time` = 0 ORDER BY `click_num` DESC LIMIT 3 [ RunTime:0.000568s ]
[2021-07-25T09:35:07+08:00][sql] SHOW FULL COLUMNS FROM `carver_notice` [ RunTime:0.000819s ]
[2021-07-25T09:35:07+08:00][sql] SELECT * FROM `carver_notice` ORDER BY `create_time` DESC LIMIT 3 [ RunTime:0.000333s ]
[2021-07-25T09:35:07+08:00][sql] SHOW FULL COLUMNS FROM `carver_navigation` [ RunTime:0.000618s ]
[2021-07-25T09:35:07+08:00][sql] SELECT * FROM `carver_navigation` [ RunTime:0.000259s ]
[2021-07-25T09:35:07+08:00][sql] SHOW FULL COLUMNS FROM `carver_link` [ RunTime:0.000647s ]
[2021-07-25T09:35:07+08:00][sql] SELECT * FROM `carver_link` WHERE  ( is_confirm=2 ) LIMIT 20 [ RunTime:0.000315s ]
[2021-07-25T09:35:07+08:00][sql] SELECT `article_label` FROM `carver_article` [ RunTime:0.000285s ]
[2021-07-25T09:35:07+08:00][sql] SHOW FULL COLUMNS FROM `carver_carouse` [ RunTime:0.000602s ]
[2021-07-25T09:35:07+08:00][sql] SELECT `carouse_img`,`carouse_desc` FROM `carver_carouse` WHERE  `is_show` = 1 ORDER BY `carouse_sort` DESC LIMIT 3 [ RunTime:0.000311s ]
[2021-07-25T09:35:07+08:00][sql] SHOW FULL COLUMNS FROM `carver_site` [ RunTime:0.000596s ]
[2021-07-25T09:35:07+08:00][sql] SELECT * FROM `carver_site` [ RunTime:0.000280s ]
[2021-07-25T11:25:06+08:00][sql] CONNECT:[ UseTime:0.000549s ] mysql:host=127.0.0.1;port=3306;dbname=carver;charset=utf8
[2021-07-25T11:25:06+08:00][sql] SHOW FULL COLUMNS FROM `carver_article` [ RunTime:0.001052s ]
[2021-07-25T11:25:06+08:00][sql] SELECT COUNT(*) AS think_count FROM `carver_article` WHERE  `article_label` LIKE '%php%'  AND `delete_time` = 0  AND `is_show` = 1 [ RunTime:0.000459s ]
[2021-07-25T11:25:06+08:00][sql] SELECT * FROM `carver_article` WHERE  `article_label` LIKE '%php%'  AND `delete_time` = 0  AND `is_show` = 1 LIMIT 18,6 [ RunTime:0.001007s ]
[2021-07-25T11:25:06+08:00][sql] SELECT article_id,article_title,click_num,FROM_UNIXTIME(add_time,'%Y-%m-%d') as add_time FROM `carver_article` WHERE  `is_show` = 1  AND `delete_time` = 0 ORDER BY `click_num` DESC LIMIT 3 [ RunTime:0.000534s ]
[2021-07-25T11:25:06+08:00][sql] SHOW FULL COLUMNS FROM `carver_notice` [ RunTime:0.000758s ]
[2021-07-25T11:25:06+08:00][sql] SELECT * FROM `carver_notice` ORDER BY `create_time` DESC LIMIT 3 [ RunTime:0.000309s ]
[2021-07-25T11:25:06+08:00][sql] SHOW FULL COLUMNS FROM `carver_navigation` [ RunTime:0.000620s ]
[2021-07-25T11:25:06+08:00][sql] SELECT * FROM `carver_navigation` [ RunTime:0.000282s ]
[2021-07-25T11:25:06+08:00][sql] SHOW FULL COLUMNS FROM `carver_link` [ RunTime:0.000691s ]
[2021-07-25T11:25:06+08:00][sql] SELECT * FROM `carver_link` WHERE  ( is_confirm=2 ) LIMIT 20 [ RunTime:0.000384s ]
[2021-07-25T11:25:06+08:00][sql] SELECT `article_label` FROM `carver_article` [ RunTime:0.000291s ]
[2021-07-25T11:25:06+08:00][sql] SHOW FULL COLUMNS FROM `carver_carouse` [ RunTime:0.000625s ]
[2021-07-25T11:25:06+08:00][sql] SELECT `carouse_img`,`carouse_desc` FROM `carver_carouse` WHERE  `is_show` = 1 ORDER BY `carouse_sort` DESC LIMIT 3 [ RunTime:0.000333s ]
[2021-07-25T11:25:06+08:00][sql] SHOW FULL COLUMNS FROM `carver_site` [ RunTime:0.000620s ]
[2021-07-25T11:25:06+08:00][sql] SELECT * FROM `carver_site` [ RunTime:0.000283s ]
[2021-07-25T12:53:51+08:00][sql] CONNECT:[ UseTime:0.000560s ] mysql:host=127.0.0.1;port=3306;dbname=carver;charset=utf8
[2021-07-25T12:53:51+08:00][sql] SHOW FULL COLUMNS FROM `carver_user` [ RunTime:0.000885s ]
[2021-07-25T12:53:51+08:00][sql] SHOW FULL COLUMNS FROM `carver_article` [ RunTime:0.000774s ]
[2021-07-25T12:53:51+08:00][sql] SELECT COUNT(*) AS think_count FROM `carver_article` WHERE  `delete_time` = 0  AND `is_show` = 1 [ RunTime:0.000370s ]
[2021-07-25T12:53:51+08:00][sql] SELECT `article_id`,`article_title`,`article_desc`,`article_content`,`article_img`,`article_guide`,`article_label`,`click_num`,`is_show`,`add_time`,`article_author`,`is_top_show` FROM `carver_article` WHERE  `delete_time` = 0  AND `is_show` = 1 ORDER BY `article_id` DESC LIMIT 0,6 [ RunTime:0.000728s ]
[2021-07-25T12:53:51+08:00][sql] SELECT article_id,article_title,click_num,FROM_UNIXTIME(add_time,'%Y-%m-%d') as add_time FROM `carver_article` WHERE  `is_show` = 1  AND `delete_time` = 0 ORDER BY `click_num` DESC LIMIT 3 [ RunTime:0.000429s ]
[2021-07-25T12:53:51+08:00][sql] SHOW FULL COLUMNS FROM `carver_notice` [ RunTime:0.000584s ]
[2021-07-25T12:53:51+08:00][sql] SELECT * FROM `carver_notice` ORDER BY `create_time` DESC LIMIT 3 [ RunTime:0.000269s ]
[2021-07-25T12:53:51+08:00][sql] SHOW FULL COLUMNS FROM `carver_navigation` [ RunTime:0.000553s ]
[2021-07-25T12:53:51+08:00][sql] SELECT * FROM `carver_navigation` [ RunTime:0.000259s ]
[2021-07-25T12:53:51+08:00][sql] SHOW FULL COLUMNS FROM `carver_link` [ RunTime:0.000564s ]
[2021-07-25T12:53:51+08:00][sql] SELECT * FROM `carver_link` WHERE  ( is_confirm=2 ) LIMIT 20 [ RunTime:0.000280s ]
[2021-07-25T12:53:51+08:00][sql] SELECT `article_label` FROM `carver_article` [ RunTime:0.000273s ]
[2021-07-25T12:53:51+08:00][sql] SHOW FULL COLUMNS FROM `carver_carouse` [ RunTime:0.000502s ]
[2021-07-25T12:53:51+08:00][sql] SELECT `carouse_img`,`carouse_desc` FROM `carver_carouse` WHERE  `is_show` = 1 ORDER BY `carouse_sort` DESC LIMIT 3 [ RunTime:0.000293s ]
[2021-07-25T12:53:51+08:00][sql] SHOW FULL COLUMNS FROM `carver_site` [ RunTime:0.000550s ]
[2021-07-25T12:53:51+08:00][sql] SELECT * FROM `carver_site` [ RunTime:0.000224s ]
[2021-07-25T17:07:10+08:00][sql] CONNECT:[ UseTime:0.000653s ] mysql:host=127.0.0.1;port=3306;dbname=carver;charset=utf8
[2021-07-25T17:07:10+08:00][sql] SHOW FULL COLUMNS FROM `carver_article` [ RunTime:0.000908s ]
[2021-07-25T17:07:10+08:00][sql] SELECT COUNT(*) AS think_count FROM `carver_article` WHERE  `article_guide` = 5  AND `delete_time` = 0  AND `is_show` = 1 [ RunTime:0.000432s ]
[2021-07-25T17:07:10+08:00][sql] SELECT * FROM `carver_article` WHERE  `article_guide` = 5  AND `delete_time` = 0  AND `is_show` = 1 ORDER BY `add_time` DESC LIMIT 6,6 [ RunTime:0.001566s ]
[2021-07-25T17:07:10+08:00][sql] SELECT article_id,article_title,click_num,FROM_UNIXTIME(add_time,'%Y-%m-%d') as add_time FROM `carver_article` WHERE  `is_show` = 1  AND `delete_time` = 0 ORDER BY `click_num` DESC LIMIT 3 [ RunTime:0.000460s ]
[2021-07-25T17:07:10+08:00][sql] SHOW FULL COLUMNS FROM `carver_notice` [ RunTime:0.000590s ]
[2021-07-25T17:07:10+08:00][sql] SELECT * FROM `carver_notice` ORDER BY `create_time` DESC LIMIT 3 [ RunTime:0.000278s ]
[2021-07-25T17:07:10+08:00][sql] SHOW FULL COLUMNS FROM `carver_navigation` [ RunTime:0.000526s ]
[2021-07-25T17:07:10+08:00][sql] SELECT * FROM `carver_navigation` [ RunTime:0.000230s ]
[2021-07-25T17:07:10+08:00][sql] SELECT `article_label` FROM `carver_article` [ RunTime:0.000255s ]
[2021-07-25T17:07:10+08:00][sql] SHOW FULL COLUMNS FROM `carver_carouse` [ RunTime:0.000511s ]
[2021-07-25T17:07:10+08:00][sql] SELECT `carouse_img`,`carouse_desc` FROM `carver_carouse` WHERE  `is_show` = 1 ORDER BY `carouse_sort` DESC LIMIT 3 [ RunTime:0.000295s ]
[2021-07-25T17:07:10+08:00][sql] SHOW FULL COLUMNS FROM `carver_link` [ RunTime:0.000523s ]
[2021-07-25T17:07:10+08:00][sql] SELECT * FROM `carver_link` WHERE  ( is_confirm=2 ) LIMIT 20 [ RunTime:0.000279s ]
[2021-07-25T17:07:10+08:00][sql] SHOW FULL COLUMNS FROM `carver_site` [ RunTime:0.000541s ]
[2021-07-25T17:07:10+08:00][sql] SELECT * FROM `carver_site` [ RunTime:0.000233s ]
[2021-07-25T20:33:09+08:00][sql] CONNECT:[ UseTime:0.000726s ] mysql:host=127.0.0.1;port=3306;dbname=carver;charset=utf8
[2021-07-25T20:33:09+08:00][sql] SHOW FULL COLUMNS FROM `carver_article` [ RunTime:0.000945s ]
[2021-07-25T20:33:09+08:00][sql] SELECT `article_id`,`article_title`,`article_desc`,`article_content`,`article_img`,`article_guide`,`article_label`,`click_num`,`is_show`,`add_time`,`article_author` FROM `carver_article` WHERE  `article_id` = 10 LIMIT 1 [ RunTime:0.000616s ]
[2021-07-25T20:33:09+08:00][sql] SELECT `article_id`,`article_title`,`article_desc`,`article_content`,`article_img`,`article_guide`,`article_label`,`click_num`,`is_show`,`add_time`,`article_author` FROM `carver_article` WHERE  `article_id` > 10 LIMIT 1 [ RunTime:0.000390s ]
[2021-07-25T20:33:09+08:00][sql] SELECT `article_id`,`article_title`,`article_desc`,`article_content`,`article_img`,`article_guide`,`article_label`,`click_num`,`is_show`,`add_time`,`article_author` FROM `carver_article` WHERE  `article_id` < 10 ORDER BY `article_id` DESC LIMIT 1 [ RunTime:0.000559s ]
[2021-07-25T20:33:09+08:00][sql] SHOW FULL COLUMNS FROM `carver_link` [ RunTime:0.000637s ]
[2021-07-25T20:33:09+08:00][sql] SELECT * FROM `carver_link` WHERE  ( is_confirm=2 ) LIMIT 20 [ RunTime:0.000354s ]
[2021-07-25T20:33:09+08:00][sql] SELECT article_id,article_title,click_num,FROM_UNIXTIME(add_time,'%Y-%m-%d') as add_time FROM `carver_article` ORDER BY `click_num` DESC LIMIT 3 [ RunTime:0.000402s ]
[2021-07-25T20:33:09+08:00][sql] SHOW FULL COLUMNS FROM `carver_comment` [ RunTime:0.000686s ]
[2021-07-25T20:33:09+08:00][sql] SELECT `a`.*,`b`.`user_name` FROM `carver_comment` `a` INNER JOIN `carver_user` `b` ON `a`.`user_id`=`b`.`user_id` WHERE  `article_id` = 10 ORDER BY `create_time` DESC [ RunTime:0.000369s ]
[2021-07-25T20:33:09+08:00][sql] SHOW FULL COLUMNS FROM `carver_comment_to_others` [ RunTime:0.000611s ]
[2021-07-25T20:33:09+08:00][sql] SELECT * FROM `carver_comment_to_others` [ RunTime:0.000249s ]
[2021-07-25T20:33:09+08:00][sql] SHOW FULL COLUMNS FROM `carver_user` [ RunTime:0.000547s ]
[2021-07-25T20:33:09+08:00][sql] SELECT `user_name` FROM `carver_user` WHERE  `user_id` = 4 LIMIT 1 [ RunTime:0.000284s ]
[2021-07-25T20:33:09+08:00][sql] SELECT `user_name` FROM `carver_user` WHERE  `user_id` = 4 LIMIT 1 [ RunTime:0.000230s ]
[2021-07-25T20:33:09+08:00][sql] SELECT `user_name` FROM `carver_user` WHERE  `user_id` = 5 LIMIT 1 [ RunTime:0.000227s ]
[2021-07-25T20:33:09+08:00][sql] SELECT `user_name` FROM `carver_user` WHERE  `user_id` = 5 LIMIT 1 [ RunTime:0.000231s ]
[2021-07-25T20:33:09+08:00][sql] SELECT `user_name` FROM `carver_user` WHERE  `user_id` = 37 LIMIT 1 [ RunTime:0.000230s ]
[2021-07-25T20:33:09+08:00][sql] SELECT `user_name`,`user_id` FROM `carver_user` [ RunTime:0.000230s ]
[2021-07-25T20:33:09+08:00][sql] SHOW FULL COLUMNS FROM `carver_navigation` [ RunTime:0.000640s ]
[2021-07-25T20:33:09+08:00][sql] SELECT * FROM `carver_navigation` [ RunTime:0.000256s ]
[2021-07-25T20:33:09+08:00][sql] SELECT `article_label` FROM `carver_article` [ RunTime:0.000300s ]
[2021-07-25T21:43:23+08:00][sql] CONNECT:[ UseTime:0.000699s ] mysql:host=127.0.0.1;port=3306;dbname=carver;charset=utf8
[2021-07-25T21:43:23+08:00][sql] SHOW FULL COLUMNS FROM `carver_user` [ RunTime:0.000875s ]
[2021-07-25T21:43:23+08:00][sql] SHOW FULL COLUMNS FROM `carver_article` [ RunTime:0.000799s ]
[2021-07-25T21:43:23+08:00][sql] SELECT COUNT(*) AS think_count FROM `carver_article` WHERE  `delete_time` = 0  AND `is_show` = 1 [ RunTime:0.000408s ]
[2021-07-25T21:43:23+08:00][sql] SELECT `article_id`,`article_title`,`article_desc`,`article_content`,`article_img`,`article_guide`,`article_label`,`click_num`,`is_show`,`add_time`,`article_author`,`is_top_show` FROM `carver_article` WHERE  `delete_time` = 0  AND `is_show` = 1 ORDER BY `article_id` DESC LIMIT 18,6 [ RunTime:0.001684s ]
[2021-07-25T21:43:23+08:00][sql] SELECT article_id,article_title,click_num,FROM_UNIXTIME(add_time,'%Y-%m-%d') as add_time FROM `carver_article` WHERE  `is_show` = 1  AND `delete_time` = 0 ORDER BY `click_num` DESC LIMIT 3 [ RunTime:0.000555s ]
[2021-07-25T21:43:23+08:00][sql] SHOW FULL COLUMNS FROM `carver_notice` [ RunTime:0.000709s ]
[2021-07-25T21:43:23+08:00][sql] SELECT * FROM `carver_notice` ORDER BY `create_time` DESC LIMIT 3 [ RunTime:0.000284s ]
[2021-07-25T21:43:23+08:00][sql] SHOW FULL COLUMNS FROM `carver_navigation` [ RunTime:0.000620s ]
[2021-07-25T21:43:23+08:00][sql] SELECT * FROM `carver_navigation` [ RunTime:0.000261s ]
[2021-07-25T21:43:23+08:00][sql] SHOW FULL COLUMNS FROM `carver_link` [ RunTime:0.000588s ]
[2021-07-25T21:43:23+08:00][sql] SELECT * FROM `carver_link` WHERE  ( is_confirm=2 ) LIMIT 20 [ RunTime:0.000294s ]
[2021-07-25T21:43:23+08:00][sql] SELECT `article_label` FROM `carver_article` [ RunTime:0.000319s ]
[2021-07-25T21:43:23+08:00][sql] SHOW FULL COLUMNS FROM `carver_carouse` [ RunTime:0.000576s ]
[2021-07-25T21:43:23+08:00][sql] SELECT `carouse_img`,`carouse_desc` FROM `carver_carouse` WHERE  `is_show` = 1 ORDER BY `carouse_sort` DESC LIMIT 3 [ RunTime:0.000307s ]
[2021-07-25T21:43:23+08:00][sql] SHOW FULL COLUMNS FROM `carver_site` [ RunTime:0.000526s ]
[2021-07-25T21:43:23+08:00][sql] SELECT * FROM `carver_site` [ RunTime:0.000238s ]
