[2021-07-26T04:53:25+08:00][sql] CONNECT:[ UseTime:0.003016s ] mysql:host=127.0.0.1;port=3306;dbname=carver;charset=utf8
[2021-07-26T04:53:25+08:00][sql] SHOW FULL COLUMNS FROM `carver_user` [ RunTime:0.003293s ]
[2021-07-26T04:53:25+08:00][sql] SHOW FULL COLUMNS FROM `carver_article` [ RunTime:0.001778s ]
[2021-07-26T04:53:25+08:00][sql] SELECT COUNT(*) AS think_count FROM `carver_article` WHERE  `delete_time` = 0  AND `is_show` = 1 [ RunTime:0.000649s ]
[2021-07-26T04:53:25+08:00][sql] SELECT `article_id`,`article_title`,`article_desc`,`article_content`,`article_img`,`article_guide`,`article_label`,`click_num`,`is_show`,`add_time`,`article_author`,`is_top_show` FROM `carver_article` WHERE  `delete_time` = 0  AND `is_show` = 1 ORDER BY `article_id` DESC LIMIT 0,6 [ RunTime:0.000840s ]
[2021-07-26T04:53:25+08:00][sql] SELECT article_id,article_title,click_num,FROM_UNIXTIME(add_time,'%Y-%m-%d') as add_time FROM `carver_article` WHERE  `is_show` = 1  AND `delete_time` = 0 ORDER BY `click_num` DESC LIMIT 3 [ RunTime:0.000759s ]
[2021-07-26T04:53:25+08:00][sql] SHOW FULL COLUMNS FROM `carver_notice` [ RunTime:0.002780s ]
[2021-07-26T04:53:25+08:00][sql] SELECT * FROM `carver_notice` ORDER BY `create_time` DESC LIMIT 3 [ RunTime:0.000351s ]
[2021-07-26T04:53:25+08:00][sql] SHOW FULL COLUMNS FROM `carver_navigation` [ RunTime:0.001562s ]
[2021-07-26T04:53:25+08:00][sql] SELECT * FROM `carver_navigation` [ RunTime:0.000310s ]
[2021-07-26T04:53:25+08:00][sql] SHOW FULL COLUMNS FROM `carver_link` [ RunTime:0.001475s ]
[2021-07-26T04:53:25+08:00][sql] SELECT * FROM `carver_link` WHERE  ( is_confirm=2 ) LIMIT 20 [ RunTime:0.000358s ]
[2021-07-26T04:53:25+08:00][sql] SELECT `article_label` FROM `carver_article` [ RunTime:0.000317s ]
[2021-07-26T04:53:25+08:00][sql] SHOW FULL COLUMNS FROM `carver_carouse` [ RunTime:0.001384s ]
[2021-07-26T04:53:25+08:00][sql] SELECT `carouse_img`,`carouse_desc` FROM `carver_carouse` WHERE  `is_show` = 1 ORDER BY `carouse_sort` DESC LIMIT 3 [ RunTime:0.000345s ]
[2021-07-26T04:53:25+08:00][sql] SHOW FULL COLUMNS FROM `carver_site` [ RunTime:0.001420s ]
[2021-07-26T04:53:25+08:00][sql] SELECT * FROM `carver_site` [ RunTime:0.000282s ]
[2021-07-26T12:10:53+08:00][sql] CONNECT:[ UseTime:0.000833s ] mysql:host=127.0.0.1;port=3306;dbname=carver;charset=utf8
[2021-07-26T12:10:53+08:00][sql] SHOW FULL COLUMNS FROM `carver_user` [ RunTime:0.001054s ]
[2021-07-26T12:10:53+08:00][sql] SHOW FULL COLUMNS FROM `carver_article` [ RunTime:0.000859s ]
[2021-07-26T12:10:53+08:00][sql] SELECT COUNT(*) AS think_count FROM `carver_article` WHERE  `delete_time` = 0  AND `is_show` = 1 [ RunTime:0.000411s ]
[2021-07-26T12:10:53+08:00][sql] SELECT `article_id`,`article_title`,`article_desc`,`article_content`,`article_img`,`article_guide`,`article_label`,`click_num`,`is_show`,`add_time`,`article_author`,`is_top_show` FROM `carver_article` WHERE  `delete_time` = 0  AND `is_show` = 1 ORDER BY `article_id` DESC LIMIT 0,6 [ RunTime:0.000757s ]
[2021-07-26T12:10:53+08:00][sql] SELECT article_id,article_title,click_num,FROM_UNIXTIME(add_time,'%Y-%m-%d') as add_time FROM `carver_article` WHERE  `is_show` = 1  AND `delete_time` = 0 ORDER BY `click_num` DESC LIMIT 3 [ RunTime:0.000517s ]
[2021-07-26T12:10:53+08:00][sql] SHOW FULL COLUMNS FROM `carver_notice` [ RunTime:0.000739s ]
[2021-07-26T12:10:53+08:00][sql] SELECT * FROM `carver_notice` ORDER BY `create_time` DESC LIMIT 3 [ RunTime:0.000308s ]
[2021-07-26T12:10:53+08:00][sql] SHOW FULL COLUMNS FROM `carver_navigation` [ RunTime:0.000613s ]
[2021-07-26T12:10:53+08:00][sql] SELECT * FROM `carver_navigation` [ RunTime:0.000264s ]
[2021-07-26T12:10:53+08:00][sql] SHOW FULL COLUMNS FROM `carver_link` [ RunTime:0.000612s ]
[2021-07-26T12:10:53+08:00][sql] SELECT * FROM `carver_link` WHERE  ( is_confirm=2 ) LIMIT 20 [ RunTime:0.000349s ]
[2021-07-26T12:10:53+08:00][sql] SELECT `article_label` FROM `carver_article` [ RunTime:0.000303s ]
[2021-07-26T12:10:53+08:00][sql] SHOW FULL COLUMNS FROM `carver_carouse` [ RunTime:0.000584s ]
[2021-07-26T12:10:53+08:00][sql] SELECT `carouse_img`,`carouse_desc` FROM `carver_carouse` WHERE  `is_show` = 1 ORDER BY `carouse_sort` DESC LIMIT 3 [ RunTime:0.000351s ]
[2021-07-26T12:10:53+08:00][sql] SHOW FULL COLUMNS FROM `carver_site` [ RunTime:0.000597s ]
[2021-07-26T12:10:53+08:00][sql] SELECT * FROM `carver_site` [ RunTime:0.000257s ]
