[2021-05-02T00:24:57+08:00][sql] CONNECT:[ UseTime:0.000731s ] mysql:host=127.0.0.1;port=3306;dbname=carver;charset=utf8
[2021-05-02T00:24:57+08:00][sql] SHOW FULL COLUMNS FROM `carver_article` [ RunTime:0.000955s ]
[2021-05-02T00:24:57+08:00][sql] SELECT `article_id`,`article_title`,`article_desc`,`article_content`,`article_img`,`article_guide`,`article_label`,`click_num`,`is_show`,`add_time`,`article_author` FROM `carver_article` WHERE  `article_id` = 27 LIMIT 1 [ RunTime:0.000461s ]
[2021-05-02T00:24:57+08:00][sql] SELECT `article_id`,`article_title`,`article_desc`,`article_content`,`article_img`,`article_guide`,`article_label`,`click_num`,`is_show`,`add_time`,`article_author` FROM `carver_article` WHERE  `article_id` > 27 LIMIT 1 [ RunTime:0.000378s ]
[2021-05-02T00:24:57+08:00][sql] SELECT `article_id`,`article_title`,`article_desc`,`article_content`,`article_img`,`article_guide`,`article_label`,`click_num`,`is_show`,`add_time`,`article_author` FROM `carver_article` WHERE  `article_id` < 27 ORDER BY `article_id` DESC LIMIT 1 [ RunTime:0.000474s ]
[2021-05-02T00:24:57+08:00][sql] SHOW FULL COLUMNS FROM `carver_link` [ RunTime:0.000501s ]
[2021-05-02T00:24:57+08:00][sql] SELECT * FROM `carver_link` WHERE  ( is_confirm=2 ) LIMIT 20 [ RunTime:0.000332s ]
[2021-05-02T00:24:57+08:00][sql] SELECT article_id,article_title,click_num,FROM_UNIXTIME(add_time,'%Y-%m-%d') as add_time FROM `carver_article` ORDER BY `click_num` DESC LIMIT 3 [ RunTime:0.000357s ]
[2021-05-02T00:24:57+08:00][sql] SHOW FULL COLUMNS FROM `carver_comment` [ RunTime:0.000543s ]
[2021-05-02T00:24:57+08:00][sql] SELECT `a`.*,`b`.`user_name` FROM `carver_comment` `a` INNER JOIN `carver_user` `b` ON `a`.`user_id`=`b`.`user_id` WHERE  `article_id` = 27 ORDER BY `create_time` DESC [ RunTime:0.000358s ]
[2021-05-02T00:24:57+08:00][sql] SHOW FULL COLUMNS FROM `carver_comment_to_others` [ RunTime:0.000577s ]
[2021-05-02T00:24:57+08:00][sql] SELECT * FROM `carver_comment_to_others` [ RunTime:0.000242s ]
[2021-05-02T00:24:57+08:00][sql] SHOW FULL COLUMNS FROM `carver_user` [ RunTime:0.000506s ]
[2021-05-02T00:24:57+08:00][sql] SELECT `user_name` FROM `carver_user` WHERE  `user_id` = 4 LIMIT 1 [ RunTime:0.000336s ]
[2021-05-02T00:24:57+08:00][sql] SELECT `user_name` FROM `carver_user` WHERE  `user_id` = 4 LIMIT 1 [ RunTime:0.000227s ]
[2021-05-02T00:24:57+08:00][sql] SELECT `user_name` FROM `carver_user` WHERE  `user_id` = 5 LIMIT 1 [ RunTime:0.000259s ]
[2021-05-02T00:24:57+08:00][sql] SELECT `user_name` FROM `carver_user` WHERE  `user_id` = 5 LIMIT 1 [ RunTime:0.000207s ]
[2021-05-02T00:24:57+08:00][sql] SELECT `user_name`,`user_id` FROM `carver_user` [ RunTime:0.000235s ]
[2021-05-02T00:24:57+08:00][sql] SHOW FULL COLUMNS FROM `carver_navigation` [ RunTime:0.000546s ]
[2021-05-02T00:24:57+08:00][sql] SELECT * FROM `carver_navigation` [ RunTime:0.000232s ]
[2021-05-02T00:24:57+08:00][sql] SELECT `article_label` FROM `carver_article` [ RunTime:0.000274s ]
[2021-05-02T01:41:49+08:00][sql] CONNECT:[ UseTime:0.000741s ] mysql:host=127.0.0.1;port=3306;dbname=carver;charset=utf8
[2021-05-02T01:41:49+08:00][sql] SHOW FULL COLUMNS FROM `carver_user` [ RunTime:0.001034s ]
[2021-05-02T01:41:49+08:00][sql] SHOW FULL COLUMNS FROM `carver_article` [ RunTime:0.000910s ]
[2021-05-02T01:41:49+08:00][sql] SELECT COUNT(*) AS think_count FROM `carver_article` WHERE  `delete_time` = 0  AND `is_show` = 1 [ RunTime:0.000490s ]
[2021-05-02T01:41:49+08:00][sql] SELECT `article_id`,`article_title`,`article_desc`,`article_content`,`article_img`,`article_guide`,`article_label`,`click_num`,`is_show`,`add_time`,`article_author`,`is_top_show` FROM `carver_article` WHERE  `delete_time` = 0  AND `is_show` = 1 ORDER BY `article_id` DESC LIMIT 0,6 [ RunTime:0.000774s ]
[2021-05-02T01:41:49+08:00][sql] SELECT article_id,article_title,click_num,FROM_UNIXTIME(add_time,'%Y-%m-%d') as add_time FROM `carver_article` WHERE  `is_show` = 1  AND `delete_time` = 0 ORDER BY `click_num` DESC LIMIT 3 [ RunTime:0.000705s ]
[2021-05-02T01:41:49+08:00][sql] SHOW FULL COLUMNS FROM `carver_notice` [ RunTime:0.000819s ]
[2021-05-02T01:41:49+08:00][sql] SELECT * FROM `carver_notice` ORDER BY `create_time` DESC LIMIT 3 [ RunTime:0.000409s ]
[2021-05-02T01:41:49+08:00][sql] SHOW FULL COLUMNS FROM `carver_navigation` [ RunTime:0.000724s ]
[2021-05-02T01:41:49+08:00][sql] SELECT * FROM `carver_navigation` [ RunTime:0.000300s ]
[2021-05-02T01:41:49+08:00][sql] SHOW FULL COLUMNS FROM `carver_link` [ RunTime:0.000585s ]
[2021-05-02T01:41:49+08:00][sql] SELECT * FROM `carver_link` WHERE  ( is_confirm=2 ) LIMIT 20 [ RunTime:0.000295s ]
[2021-05-02T01:41:49+08:00][sql] SELECT `article_label` FROM `carver_article` [ RunTime:0.000388s ]
[2021-05-02T01:41:49+08:00][sql] SHOW FULL COLUMNS FROM `carver_carouse` [ RunTime:0.000606s ]
[2021-05-02T01:41:49+08:00][sql] SELECT `carouse_img`,`carouse_desc` FROM `carver_carouse` WHERE  `is_show` = 1 ORDER BY `carouse_sort` DESC LIMIT 3 [ RunTime:0.000364s ]
[2021-05-02T01:41:49+08:00][sql] SHOW FULL COLUMNS FROM `carver_site` [ RunTime:0.000677s ]
[2021-05-02T01:41:49+08:00][sql] SELECT * FROM `carver_site` [ RunTime:0.000293s ]
[2021-05-02T01:47:42+08:00][sql] CONNECT:[ UseTime:0.000512s ] mysql:host=127.0.0.1;port=3306;dbname=carver;charset=utf8
[2021-05-02T01:47:42+08:00][sql] SHOW FULL COLUMNS FROM `carver_user` [ RunTime:0.000769s ]
[2021-05-02T01:47:42+08:00][sql] SHOW FULL COLUMNS FROM `carver_article` [ RunTime:0.000773s ]
[2021-05-02T01:47:42+08:00][sql] SELECT COUNT(*) AS think_count FROM `carver_article` WHERE  `delete_time` = 0  AND `is_show` = 1 [ RunTime:0.000375s ]
[2021-05-02T01:47:42+08:00][sql] SELECT `article_id`,`article_title`,`article_desc`,`article_content`,`article_img`,`article_guide`,`article_label`,`click_num`,`is_show`,`add_time`,`article_author`,`is_top_show` FROM `carver_article` WHERE  `delete_time` = 0  AND `is_show` = 1 ORDER BY `article_id` DESC LIMIT 0,6 [ RunTime:0.000644s ]
[2021-05-02T01:47:42+08:00][sql] SELECT article_id,article_title,click_num,FROM_UNIXTIME(add_time,'%Y-%m-%d') as add_time FROM `carver_article` WHERE  `is_show` = 1  AND `delete_time` = 0 ORDER BY `click_num` DESC LIMIT 3 [ RunTime:0.000462s ]
[2021-05-02T01:47:42+08:00][sql] SHOW FULL COLUMNS FROM `carver_notice` [ RunTime:0.000581s ]
[2021-05-02T01:47:42+08:00][sql] SELECT * FROM `carver_notice` ORDER BY `create_time` DESC LIMIT 3 [ RunTime:0.000274s ]
[2021-05-02T01:47:42+08:00][sql] SHOW FULL COLUMNS FROM `carver_navigation` [ RunTime:0.000515s ]
[2021-05-02T01:47:42+08:00][sql] SELECT * FROM `carver_navigation` [ RunTime:0.000273s ]
[2021-05-02T01:47:42+08:00][sql] SHOW FULL COLUMNS FROM `carver_link` [ RunTime:0.000515s ]
[2021-05-02T01:47:42+08:00][sql] SELECT * FROM `carver_link` WHERE  ( is_confirm=2 ) LIMIT 20 [ RunTime:0.000302s ]
[2021-05-02T01:47:42+08:00][sql] SELECT `article_label` FROM `carver_article` [ RunTime:0.000253s ]
[2021-05-02T01:47:42+08:00][sql] SHOW FULL COLUMNS FROM `carver_carouse` [ RunTime:0.000472s ]
[2021-05-02T01:47:42+08:00][sql] SELECT `carouse_img`,`carouse_desc` FROM `carver_carouse` WHERE  `is_show` = 1 ORDER BY `carouse_sort` DESC LIMIT 3 [ RunTime:0.000290s ]
[2021-05-02T01:47:42+08:00][sql] SHOW FULL COLUMNS FROM `carver_site` [ RunTime:0.000454s ]
[2021-05-02T01:47:42+08:00][sql] SELECT * FROM `carver_site` [ RunTime:0.000222s ]
[2021-05-02T02:58:56+08:00][sql] CONNECT:[ UseTime:0.000527s ] mysql:host=127.0.0.1;port=3306;dbname=carver;charset=utf8
[2021-05-02T02:58:56+08:00][sql] SHOW FULL COLUMNS FROM `carver_article` [ RunTime:0.000896s ]
[2021-05-02T02:58:56+08:00][sql] SELECT COUNT(*) AS think_count FROM `carver_article` WHERE  `article_label` LIKE '%nginx%'  AND `delete_time` = 0  AND `is_show` = 1 [ RunTime:0.000512s ]
[2021-05-02T02:58:56+08:00][sql] SELECT * FROM `carver_article` WHERE  `article_label` LIKE '%nginx%'  AND `delete_time` = 0  AND `is_show` = 1 LIMIT 0,6 [ RunTime:0.001067s ]
[2021-05-02T02:58:56+08:00][sql] SELECT article_id,article_title,click_num,FROM_UNIXTIME(add_time,'%Y-%m-%d') as add_time FROM `carver_article` WHERE  `is_show` = 1  AND `delete_time` = 0 ORDER BY `click_num` DESC LIMIT 3 [ RunTime:0.000397s ]
[2021-05-02T02:58:56+08:00][sql] SHOW FULL COLUMNS FROM `carver_notice` [ RunTime:0.000591s ]
[2021-05-02T02:58:56+08:00][sql] SELECT * FROM `carver_notice` ORDER BY `create_time` DESC LIMIT 3 [ RunTime:0.000254s ]
[2021-05-02T02:58:56+08:00][sql] SHOW FULL COLUMNS FROM `carver_navigation` [ RunTime:0.000507s ]
[2021-05-02T02:58:56+08:00][sql] SELECT * FROM `carver_navigation` [ RunTime:0.000236s ]
[2021-05-02T02:58:56+08:00][sql] SHOW FULL COLUMNS FROM `carver_link` [ RunTime:0.000483s ]
[2021-05-02T02:58:56+08:00][sql] SELECT * FROM `carver_link` WHERE  ( is_confirm=2 ) LIMIT 20 [ RunTime:0.000287s ]
[2021-05-02T02:58:56+08:00][sql] SELECT `article_label` FROM `carver_article` [ RunTime:0.000253s ]
[2021-05-02T02:58:56+08:00][sql] SHOW FULL COLUMNS FROM `carver_carouse` [ RunTime:0.000491s ]
[2021-05-02T02:58:56+08:00][sql] SELECT `carouse_img`,`carouse_desc` FROM `carver_carouse` WHERE  `is_show` = 1 ORDER BY `carouse_sort` DESC LIMIT 3 [ RunTime:0.000291s ]
[2021-05-02T02:58:56+08:00][sql] SHOW FULL COLUMNS FROM `carver_site` [ RunTime:0.000499s ]
[2021-05-02T02:58:56+08:00][sql] SELECT * FROM `carver_site` [ RunTime:0.000239s ]
[2021-05-02T04:01:37+08:00][sql] CONNECT:[ UseTime:0.000611s ] mysql:host=127.0.0.1;port=3306;dbname=carver;charset=utf8
[2021-05-02T04:01:37+08:00][sql] SHOW FULL COLUMNS FROM `carver_user` [ RunTime:0.000921s ]
[2021-05-02T05:46:49+08:00][sql] CONNECT:[ UseTime:0.000569s ] mysql:host=127.0.0.1;port=3306;dbname=carver;charset=utf8
[2021-05-02T05:46:49+08:00][sql] SHOW FULL COLUMNS FROM `carver_user` [ RunTime:0.000863s ]
[2021-05-02T05:46:49+08:00][sql] SHOW FULL COLUMNS FROM `carver_article` [ RunTime:0.000762s ]
[2021-05-02T05:46:49+08:00][sql] SELECT COUNT(*) AS think_count FROM `carver_article` WHERE  `delete_time` = 0  AND `is_show` = 1 [ RunTime:0.000399s ]
[2021-05-02T05:46:49+08:00][sql] SELECT `article_id`,`article_title`,`article_desc`,`article_content`,`article_img`,`article_guide`,`article_label`,`click_num`,`is_show`,`add_time`,`article_author`,`is_top_show` FROM `carver_article` WHERE  `delete_time` = 0  AND `is_show` = 1 ORDER BY `article_id` DESC LIMIT 0,6 [ RunTime:0.000622s ]
[2021-05-02T05:46:49+08:00][sql] SELECT article_id,article_title,click_num,FROM_UNIXTIME(add_time,'%Y-%m-%d') as add_time FROM `carver_article` WHERE  `is_show` = 1  AND `delete_time` = 0 ORDER BY `click_num` DESC LIMIT 3 [ RunTime:0.000476s ]
[2021-05-02T05:46:49+08:00][sql] SHOW FULL COLUMNS FROM `carver_notice` [ RunTime:0.000572s ]
[2021-05-02T05:46:49+08:00][sql] SELECT * FROM `carver_notice` ORDER BY `create_time` DESC LIMIT 3 [ RunTime:0.000310s ]
[2021-05-02T05:46:49+08:00][sql] SHOW FULL COLUMNS FROM `carver_navigation` [ RunTime:0.000614s ]
[2021-05-02T05:46:49+08:00][sql] SELECT * FROM `carver_navigation` [ RunTime:0.000243s ]
[2021-05-02T05:46:49+08:00][sql] SHOW FULL COLUMNS FROM `carver_link` [ RunTime:0.000497s ]
[2021-05-02T05:46:49+08:00][sql] SELECT * FROM `carver_link` WHERE  ( is_confirm=2 ) LIMIT 20 [ RunTime:0.000306s ]
[2021-05-02T05:46:49+08:00][sql] SELECT `article_label` FROM `carver_article` [ RunTime:0.000295s ]
[2021-05-02T05:46:49+08:00][sql] SHOW FULL COLUMNS FROM `carver_carouse` [ RunTime:0.000471s ]
[2021-05-02T05:46:49+08:00][sql] SELECT `carouse_img`,`carouse_desc` FROM `carver_carouse` WHERE  `is_show` = 1 ORDER BY `carouse_sort` DESC LIMIT 3 [ RunTime:0.000330s ]
[2021-05-02T05:46:49+08:00][sql] SHOW FULL COLUMNS FROM `carver_site` [ RunTime:0.000466s ]
[2021-05-02T05:46:49+08:00][sql] SELECT * FROM `carver_site` [ RunTime:0.000260s ]
[2021-05-02T06:19:40+08:00][sql] CONNECT:[ UseTime:0.000631s ] mysql:host=127.0.0.1;port=3306;dbname=carver;charset=utf8
[2021-05-02T06:19:40+08:00][sql] SHOW FULL COLUMNS FROM `carver_user` [ RunTime:0.000854s ]
[2021-05-02T06:19:40+08:00][sql] SHOW FULL COLUMNS FROM `carver_article` [ RunTime:0.000746s ]
[2021-05-02T06:19:40+08:00][sql] SELECT COUNT(*) AS think_count FROM `carver_article` WHERE  `delete_time` = 0  AND `is_show` = 1 [ RunTime:0.000415s ]
[2021-05-02T06:19:40+08:00][sql] SELECT `article_id`,`article_title`,`article_desc`,`article_content`,`article_img`,`article_guide`,`article_label`,`click_num`,`is_show`,`add_time`,`article_author`,`is_top_show` FROM `carver_article` WHERE  `delete_time` = 0  AND `is_show` = 1 ORDER BY `article_id` DESC LIMIT 18,6 [ RunTime:0.001542s ]
[2021-05-02T06:19:40+08:00][sql] SELECT article_id,article_title,click_num,FROM_UNIXTIME(add_time,'%Y-%m-%d') as add_time FROM `carver_article` WHERE  `is_show` = 1  AND `delete_time` = 0 ORDER BY `click_num` DESC LIMIT 3 [ RunTime:0.000910s ]
[2021-05-02T06:19:40+08:00][sql] SHOW FULL COLUMNS FROM `carver_notice` [ RunTime:0.000645s ]
[2021-05-02T06:19:40+08:00][sql] SELECT * FROM `carver_notice` ORDER BY `create_time` DESC LIMIT 3 [ RunTime:0.000311s ]
[2021-05-02T06:19:40+08:00][sql] SHOW FULL COLUMNS FROM `carver_navigation` [ RunTime:0.000542s ]
[2021-05-02T06:19:40+08:00][sql] SELECT * FROM `carver_navigation` [ RunTime:0.000262s ]
[2021-05-02T06:19:40+08:00][sql] SHOW FULL COLUMNS FROM `carver_link` [ RunTime:0.000547s ]
[2021-05-02T06:19:40+08:00][sql] SELECT * FROM `carver_link` WHERE  ( is_confirm=2 ) LIMIT 20 [ RunTime:0.000298s ]
[2021-05-02T06:19:40+08:00][sql] SELECT `article_label` FROM `carver_article` [ RunTime:0.000328s ]
[2021-05-02T06:19:40+08:00][sql] SHOW FULL COLUMNS FROM `carver_carouse` [ RunTime:0.000509s ]
[2021-05-02T06:19:40+08:00][sql] SELECT `carouse_img`,`carouse_desc` FROM `carver_carouse` WHERE  `is_show` = 1 ORDER BY `carouse_sort` DESC LIMIT 3 [ RunTime:0.000326s ]
[2021-05-02T06:19:40+08:00][sql] SHOW FULL COLUMNS FROM `carver_site` [ RunTime:0.000561s ]
[2021-05-02T06:19:40+08:00][sql] SELECT * FROM `carver_site` [ RunTime:0.000243s ]
[2021-05-02T06:24:53+08:00][sql] CONNECT:[ UseTime:0.000520s ] mysql:host=127.0.0.1;port=3306;dbname=carver;charset=utf8
[2021-05-02T06:24:53+08:00][sql] SHOW FULL COLUMNS FROM `carver_user` [ RunTime:0.000839s ]
[2021-05-02T06:24:53+08:00][sql] SHOW FULL COLUMNS FROM `carver_article` [ RunTime:0.000800s ]
[2021-05-02T06:24:53+08:00][sql] SELECT COUNT(*) AS think_count FROM `carver_article` WHERE  `delete_time` = 0  AND `is_show` = 1 [ RunTime:0.000363s ]
[2021-05-02T06:24:53+08:00][sql] SELECT `article_id`,`article_title`,`article_desc`,`article_content`,`article_img`,`article_guide`,`article_label`,`click_num`,`is_show`,`add_time`,`article_author`,`is_top_show` FROM `carver_article` WHERE  `delete_time` = 0  AND `is_show` = 1 ORDER BY `article_id` DESC LIMIT 0,6 [ RunTime:0.000638s ]
[2021-05-02T06:24:53+08:00][sql] SELECT article_id,article_title,click_num,FROM_UNIXTIME(add_time,'%Y-%m-%d') as add_time FROM `carver_article` WHERE  `is_show` = 1  AND `delete_time` = 0 ORDER BY `click_num` DESC LIMIT 3 [ RunTime:0.000473s ]
[2021-05-02T06:24:53+08:00][sql] SHOW FULL COLUMNS FROM `carver_notice` [ RunTime:0.000570s ]
[2021-05-02T06:24:53+08:00][sql] SELECT * FROM `carver_notice` ORDER BY `create_time` DESC LIMIT 3 [ RunTime:0.000267s ]
[2021-05-02T06:24:53+08:00][sql] SHOW FULL COLUMNS FROM `carver_navigation` [ RunTime:0.000528s ]
[2021-05-02T06:24:53+08:00][sql] SELECT * FROM `carver_navigation` [ RunTime:0.000234s ]
[2021-05-02T06:24:53+08:00][sql] SHOW FULL COLUMNS FROM `carver_link` [ RunTime:0.000486s ]
[2021-05-02T06:24:53+08:00][sql] SELECT * FROM `carver_link` WHERE  ( is_confirm=2 ) LIMIT 20 [ RunTime:0.000306s ]
[2021-05-02T06:24:53+08:00][sql] SELECT `article_label` FROM `carver_article` [ RunTime:0.000269s ]
[2021-05-02T06:24:53+08:00][sql] SHOW FULL COLUMNS FROM `carver_carouse` [ RunTime:0.000500s ]
[2021-05-02T06:24:53+08:00][sql] SELECT `carouse_img`,`carouse_desc` FROM `carver_carouse` WHERE  `is_show` = 1 ORDER BY `carouse_sort` DESC LIMIT 3 [ RunTime:0.000310s ]
[2021-05-02T06:24:53+08:00][sql] SHOW FULL COLUMNS FROM `carver_site` [ RunTime:0.000483s ]
[2021-05-02T06:24:53+08:00][sql] SELECT * FROM `carver_site` [ RunTime:0.000256s ]
[2021-05-02T09:01:28+08:00][sql] CONNECT:[ UseTime:0.000570s ] mysql:host=127.0.0.1;port=3306;dbname=carver;charset=utf8
[2021-05-02T09:01:28+08:00][sql] SHOW FULL COLUMNS FROM `carver_article` [ RunTime:0.000970s ]
[2021-05-02T09:01:28+08:00][sql] SELECT COUNT(*) AS think_count FROM `carver_article` WHERE  `article_label` LIKE '%js%'  AND `delete_time` = 0  AND `is_show` = 1 [ RunTime:0.000431s ]
[2021-05-02T09:01:28+08:00][sql] SELECT * FROM `carver_article` WHERE  `article_label` LIKE '%js%'  AND `delete_time` = 0  AND `is_show` = 1 LIMIT 0,6 [ RunTime:0.001668s ]
[2021-05-02T09:01:28+08:00][sql] SELECT article_id,article_title,click_num,FROM_UNIXTIME(add_time,'%Y-%m-%d') as add_time FROM `carver_article` WHERE  `is_show` = 1  AND `delete_time` = 0 ORDER BY `click_num` DESC LIMIT 3 [ RunTime:0.000565s ]
[2021-05-02T09:01:28+08:00][sql] SHOW FULL COLUMNS FROM `carver_notice` [ RunTime:0.000686s ]
[2021-05-02T09:01:28+08:00][sql] SELECT * FROM `carver_notice` ORDER BY `create_time` DESC LIMIT 3 [ RunTime:0.000322s ]
[2021-05-02T09:01:28+08:00][sql] SHOW FULL COLUMNS FROM `carver_navigation` [ RunTime:0.000655s ]
[2021-05-02T09:01:28+08:00][sql] SELECT * FROM `carver_navigation` [ RunTime:0.000308s ]
[2021-05-02T09:01:28+08:00][sql] SHOW FULL COLUMNS FROM `carver_link` [ RunTime:0.000749s ]
[2021-05-02T09:01:28+08:00][sql] SELECT * FROM `carver_link` WHERE  ( is_confirm=2 ) LIMIT 20 [ RunTime:0.000358s ]
[2021-05-02T09:01:28+08:00][sql] SELECT `article_label` FROM `carver_article` [ RunTime:0.000397s ]
[2021-05-02T09:01:28+08:00][sql] SHOW FULL COLUMNS FROM `carver_carouse` [ RunTime:0.000551s ]
[2021-05-02T09:01:28+08:00][sql] SELECT `carouse_img`,`carouse_desc` FROM `carver_carouse` WHERE  `is_show` = 1 ORDER BY `carouse_sort` DESC LIMIT 3 [ RunTime:0.000392s ]
[2021-05-02T09:01:28+08:00][sql] SHOW FULL COLUMNS FROM `carver_site` [ RunTime:0.000551s ]
[2021-05-02T09:01:28+08:00][sql] SELECT * FROM `carver_site` [ RunTime:0.000306s ]
[2021-05-02T11:27:53+08:00][sql] CONNECT:[ UseTime:0.000621s ] mysql:host=127.0.0.1;port=3306;dbname=carver;charset=utf8
[2021-05-02T11:27:53+08:00][sql] SHOW FULL COLUMNS FROM `carver_user` [ RunTime:0.000860s ]
[2021-05-02T11:27:53+08:00][sql] SHOW FULL COLUMNS FROM `carver_article` [ RunTime:0.000768s ]
[2021-05-02T11:27:53+08:00][sql] SELECT COUNT(*) AS think_count FROM `carver_article` WHERE  `delete_time` = 0  AND `is_show` = 1 [ RunTime:0.000434s ]
[2021-05-02T11:27:53+08:00][sql] SELECT `article_id`,`article_title`,`article_desc`,`article_content`,`article_img`,`article_guide`,`article_label`,`click_num`,`is_show`,`add_time`,`article_author`,`is_top_show` FROM `carver_article` WHERE  `delete_time` = 0  AND `is_show` = 1 ORDER BY `article_id` DESC LIMIT 0,6 [ RunTime:0.000660s ]
[2021-05-02T11:27:53+08:00][sql] SELECT article_id,article_title,click_num,FROM_UNIXTIME(add_time,'%Y-%m-%d') as add_time FROM `carver_article` WHERE  `is_show` = 1  AND `delete_time` = 0 ORDER BY `click_num` DESC LIMIT 3 [ RunTime:0.000582s ]
[2021-05-02T11:27:53+08:00][sql] SHOW FULL COLUMNS FROM `carver_notice` [ RunTime:0.000739s ]
[2021-05-02T11:27:53+08:00][sql] SELECT * FROM `carver_notice` ORDER BY `create_time` DESC LIMIT 3 [ RunTime:0.000293s ]
[2021-05-02T11:27:53+08:00][sql] SHOW FULL COLUMNS FROM `carver_navigation` [ RunTime:0.000769s ]
[2021-05-02T11:27:53+08:00][sql] SELECT * FROM `carver_navigation` [ RunTime:0.000300s ]
[2021-05-02T11:27:53+08:00][sql] SHOW FULL COLUMNS FROM `carver_link` [ RunTime:0.000572s ]
[2021-05-02T11:27:53+08:00][sql] SELECT * FROM `carver_link` WHERE  ( is_confirm=2 ) LIMIT 20 [ RunTime:0.000350s ]
[2021-05-02T11:27:53+08:00][sql] SELECT `article_label` FROM `carver_article` [ RunTime:0.000300s ]
[2021-05-02T11:27:53+08:00][sql] SHOW FULL COLUMNS FROM `carver_carouse` [ RunTime:0.000588s ]
[2021-05-02T11:27:53+08:00][sql] SELECT `carouse_img`,`carouse_desc` FROM `carver_carouse` WHERE  `is_show` = 1 ORDER BY `carouse_sort` DESC LIMIT 3 [ RunTime:0.000345s ]
[2021-05-02T11:27:53+08:00][sql] SHOW FULL COLUMNS FROM `carver_site` [ RunTime:0.000632s ]
[2021-05-02T11:27:53+08:00][sql] SELECT * FROM `carver_site` [ RunTime:0.000271s ]
[2021-05-02T11:37:07+08:00][sql] CONNECT:[ UseTime:0.000580s ] mysql:host=127.0.0.1;port=3306;dbname=carver;charset=utf8
[2021-05-02T11:37:07+08:00][sql] SHOW FULL COLUMNS FROM `carver_user` [ RunTime:0.000773s ]
[2021-05-02T11:37:07+08:00][sql] SHOW FULL COLUMNS FROM `carver_article` [ RunTime:0.000677s ]
[2021-05-02T11:37:07+08:00][sql] SELECT COUNT(*) AS think_count FROM `carver_article` WHERE  `delete_time` = 0  AND `is_show` = 1 [ RunTime:0.000376s ]
[2021-05-02T11:37:07+08:00][sql] SELECT `article_id`,`article_title`,`article_desc`,`article_content`,`article_img`,`article_guide`,`article_label`,`click_num`,`is_show`,`add_time`,`article_author`,`is_top_show` FROM `carver_article` WHERE  `delete_time` = 0  AND `is_show` = 1 ORDER BY `article_id` DESC LIMIT 0,6 [ RunTime:0.000665s ]
[2021-05-02T11:37:07+08:00][sql] SELECT article_id,article_title,click_num,FROM_UNIXTIME(add_time,'%Y-%m-%d') as add_time FROM `carver_article` WHERE  `is_show` = 1  AND `delete_time` = 0 ORDER BY `click_num` DESC LIMIT 3 [ RunTime:0.000452s ]
[2021-05-02T11:37:07+08:00][sql] SHOW FULL COLUMNS FROM `carver_notice` [ RunTime:0.000582s ]
[2021-05-02T11:37:07+08:00][sql] SELECT * FROM `carver_notice` ORDER BY `create_time` DESC LIMIT 3 [ RunTime:0.000264s ]
[2021-05-02T11:37:07+08:00][sql] SHOW FULL COLUMNS FROM `carver_navigation` [ RunTime:0.000514s ]
[2021-05-02T11:37:07+08:00][sql] SELECT * FROM `carver_navigation` [ RunTime:0.000234s ]
[2021-05-02T11:37:07+08:00][sql] SHOW FULL COLUMNS FROM `carver_link` [ RunTime:0.000544s ]
[2021-05-02T11:37:07+08:00][sql] SELECT * FROM `carver_link` WHERE  ( is_confirm=2 ) LIMIT 20 [ RunTime:0.000290s ]
[2021-05-02T11:37:07+08:00][sql] SELECT `article_label` FROM `carver_article` [ RunTime:0.000252s ]
[2021-05-02T11:37:07+08:00][sql] SHOW FULL COLUMNS FROM `carver_carouse` [ RunTime:0.000552s ]
[2021-05-02T11:37:07+08:00][sql] SELECT `carouse_img`,`carouse_desc` FROM `carver_carouse` WHERE  `is_show` = 1 ORDER BY `carouse_sort` DESC LIMIT 3 [ RunTime:0.000286s ]
[2021-05-02T11:37:07+08:00][sql] SHOW FULL COLUMNS FROM `carver_site` [ RunTime:0.000512s ]
[2021-05-02T11:37:07+08:00][sql] SELECT * FROM `carver_site` [ RunTime:0.000242s ]
[2021-05-02T11:47:38+08:00][sql] CONNECT:[ UseTime:0.000497s ] mysql:host=127.0.0.1;port=3306;dbname=carver;charset=utf8
[2021-05-02T11:47:38+08:00][sql] SHOW FULL COLUMNS FROM `carver_user` [ RunTime:0.001037s ]
[2021-05-02T12:15:55+08:00][sql] CONNECT:[ UseTime:0.000625s ] mysql:host=127.0.0.1;port=3306;dbname=carver;charset=utf8
[2021-05-02T12:15:55+08:00][sql] SHOW FULL COLUMNS FROM `carver_article` [ RunTime:0.001199s ]
[2021-05-02T12:15:55+08:00][sql] SELECT COUNT(*) AS think_count FROM `carver_article` WHERE  `article_guide` = 41  AND `delete_time` = 0  AND `is_show` = 1 [ RunTime:0.000477s ]
[2021-05-02T12:15:55+08:00][sql] SELECT * FROM `carver_article` WHERE  `article_guide` = 41  AND `delete_time` = 0  AND `is_show` = 1 ORDER BY `add_time` DESC LIMIT 0,6 [ RunTime:0.000512s ]
[2021-05-02T12:15:55+08:00][sql] SELECT article_id,article_title,click_num,FROM_UNIXTIME(add_time,'%Y-%m-%d') as add_time FROM `carver_article` WHERE  `is_show` = 1  AND `delete_time` = 0 ORDER BY `click_num` DESC LIMIT 3 [ RunTime:0.000543s ]
[2021-05-02T12:15:55+08:00][sql] SHOW FULL COLUMNS FROM `carver_notice` [ RunTime:0.000858s ]
[2021-05-02T12:15:55+08:00][sql] SELECT * FROM `carver_notice` ORDER BY `create_time` DESC LIMIT 3 [ RunTime:0.000366s ]
[2021-05-02T12:15:55+08:00][sql] SHOW FULL COLUMNS FROM `carver_navigation` [ RunTime:0.000707s ]
[2021-05-02T12:15:55+08:00][sql] SELECT * FROM `carver_navigation` [ RunTime:0.000364s ]
[2021-05-02T12:15:55+08:00][sql] SELECT `article_label` FROM `carver_article` [ RunTime:0.000318s ]
[2021-05-02T12:15:55+08:00][sql] SHOW FULL COLUMNS FROM `carver_carouse` [ RunTime:0.000762s ]
[2021-05-02T12:15:55+08:00][sql] SELECT `carouse_img`,`carouse_desc` FROM `carver_carouse` WHERE  `is_show` = 1 ORDER BY `carouse_sort` DESC LIMIT 3 [ RunTime:0.000397s ]
[2021-05-02T12:15:55+08:00][sql] SHOW FULL COLUMNS FROM `carver_link` [ RunTime:0.000717s ]
[2021-05-02T12:15:55+08:00][sql] SELECT * FROM `carver_link` WHERE  ( is_confirm=2 ) LIMIT 20 [ RunTime:0.000429s ]
[2021-05-02T12:15:55+08:00][sql] SHOW FULL COLUMNS FROM `carver_site` [ RunTime:0.000772s ]
[2021-05-02T12:15:55+08:00][sql] SELECT * FROM `carver_site` [ RunTime:0.000342s ]
[2021-05-02T12:28:43+08:00][sql] CONNECT:[ UseTime:0.002005s ] mysql:host=127.0.0.1;port=3306;dbname=carver;charset=utf8
[2021-05-02T12:28:43+08:00][sql] SHOW FULL COLUMNS FROM `carver_article` [ RunTime:0.000872s ]
[2021-05-02T12:28:43+08:00][sql] SELECT COUNT(*) AS think_count FROM `carver_article` WHERE  `article_label` LIKE '%js%'  AND `delete_time` = 0  AND `is_show` = 1 [ RunTime:0.000428s ]
[2021-05-02T12:28:43+08:00][sql] SELECT * FROM `carver_article` WHERE  `article_label` LIKE '%js%'  AND `delete_time` = 0  AND `is_show` = 1 LIMIT 0,6 [ RunTime:0.001135s ]
[2021-05-02T12:28:43+08:00][sql] SELECT article_id,article_title,click_num,FROM_UNIXTIME(add_time,'%Y-%m-%d') as add_time FROM `carver_article` WHERE  `is_show` = 1  AND `delete_time` = 0 ORDER BY `click_num` DESC LIMIT 3 [ RunTime:0.000473s ]
[2021-05-02T12:28:43+08:00][sql] SHOW FULL COLUMNS FROM `carver_notice` [ RunTime:0.000611s ]
[2021-05-02T12:28:43+08:00][sql] SELECT * FROM `carver_notice` ORDER BY `create_time` DESC LIMIT 3 [ RunTime:0.000332s ]
[2021-05-02T12:28:43+08:00][sql] SHOW FULL COLUMNS FROM `carver_navigation` [ RunTime:0.000566s ]
[2021-05-02T12:28:43+08:00][sql] SELECT * FROM `carver_navigation` [ RunTime:0.000298s ]
[2021-05-02T12:28:43+08:00][sql] SHOW FULL COLUMNS FROM `carver_link` [ RunTime:0.000558s ]
[2021-05-02T12:28:43+08:00][sql] SELECT * FROM `carver_link` WHERE  ( is_confirm=2 ) LIMIT 20 [ RunTime:0.000359s ]
[2021-05-02T12:28:43+08:00][sql] SELECT `article_label` FROM `carver_article` [ RunTime:0.000269s ]
[2021-05-02T12:28:43+08:00][sql] SHOW FULL COLUMNS FROM `carver_carouse` [ RunTime:0.000547s ]
[2021-05-02T12:28:43+08:00][sql] SELECT `carouse_img`,`carouse_desc` FROM `carver_carouse` WHERE  `is_show` = 1 ORDER BY `carouse_sort` DESC LIMIT 3 [ RunTime:0.000327s ]
[2021-05-02T12:28:43+08:00][sql] SHOW FULL COLUMNS FROM `carver_site` [ RunTime:0.000586s ]
[2021-05-02T12:28:43+08:00][sql] SELECT * FROM `carver_site` [ RunTime:0.000292s ]
[2021-05-02T13:13:49+08:00][sql] CONNECT:[ UseTime:0.000566s ] mysql:host=127.0.0.1;port=3306;dbname=carver;charset=utf8
[2021-05-02T13:13:49+08:00][sql] SHOW FULL COLUMNS FROM `carver_article` [ RunTime:0.000910s ]
[2021-05-02T13:13:49+08:00][sql] SELECT COUNT(*) AS think_count FROM `carver_article` WHERE  `article_label` LIKE '%js%'  AND `delete_time` = 0  AND `is_show` = 1 [ RunTime:0.000480s ]
[2021-05-02T13:13:49+08:00][sql] SELECT * FROM `carver_article` WHERE  `article_label` LIKE '%js%'  AND `delete_time` = 0  AND `is_show` = 1 LIMIT 0,6 [ RunTime:0.001095s ]
[2021-05-02T13:13:49+08:00][sql] SELECT article_id,article_title,click_num,FROM_UNIXTIME(add_time,'%Y-%m-%d') as add_time FROM `carver_article` WHERE  `is_show` = 1  AND `delete_time` = 0 ORDER BY `click_num` DESC LIMIT 3 [ RunTime:0.000532s ]
[2021-05-02T13:13:49+08:00][sql] SHOW FULL COLUMNS FROM `carver_notice` [ RunTime:0.000662s ]
[2021-05-02T13:13:49+08:00][sql] SELECT * FROM `carver_notice` ORDER BY `create_time` DESC LIMIT 3 [ RunTime:0.000332s ]
[2021-05-02T13:13:49+08:00][sql] SHOW FULL COLUMNS FROM `carver_navigation` [ RunTime:0.000552s ]
[2021-05-02T13:13:49+08:00][sql] SELECT * FROM `carver_navigation` [ RunTime:0.000297s ]
[2021-05-02T13:13:49+08:00][sql] SHOW FULL COLUMNS FROM `carver_link` [ RunTime:0.000562s ]
[2021-05-02T13:13:49+08:00][sql] SELECT * FROM `carver_link` WHERE  ( is_confirm=2 ) LIMIT 20 [ RunTime:0.000341s ]
[2021-05-02T13:13:49+08:00][sql] SELECT `article_label` FROM `carver_article` [ RunTime:0.000264s ]
[2021-05-02T13:13:49+08:00][sql] SHOW FULL COLUMNS FROM `carver_carouse` [ RunTime:0.000570s ]
[2021-05-02T13:13:49+08:00][sql] SELECT `carouse_img`,`carouse_desc` FROM `carver_carouse` WHERE  `is_show` = 1 ORDER BY `carouse_sort` DESC LIMIT 3 [ RunTime:0.000302s ]
[2021-05-02T13:13:49+08:00][sql] SHOW FULL COLUMNS FROM `carver_site` [ RunTime:0.000554s ]
[2021-05-02T13:13:49+08:00][sql] SELECT * FROM `carver_site` [ RunTime:0.000268s ]
[2021-05-02T13:44:37+08:00][sql] CONNECT:[ UseTime:0.002090s ] mysql:host=127.0.0.1;port=3306;dbname=carver;charset=utf8
[2021-05-02T13:44:37+08:00][sql] SHOW FULL COLUMNS FROM `carver_article` [ RunTime:0.000854s ]
[2021-05-02T13:44:37+08:00][sql] SELECT COUNT(*) AS think_count FROM `carver_article` WHERE  `article_label` LIKE '%javascript%'  AND `delete_time` = 0  AND `is_show` = 1 [ RunTime:0.000457s ]
[2021-05-02T13:44:37+08:00][sql] SELECT * FROM `carver_article` WHERE  `article_label` LIKE '%javascript%'  AND `delete_time` = 0  AND `is_show` = 1 LIMIT 0,6 [ RunTime:0.000755s ]
[2021-05-02T13:44:37+08:00][sql] SELECT article_id,article_title,click_num,FROM_UNIXTIME(add_time,'%Y-%m-%d') as add_time FROM `carver_article` WHERE  `is_show` = 1  AND `delete_time` = 0 ORDER BY `click_num` DESC LIMIT 3 [ RunTime:0.000420s ]
[2021-05-02T13:44:37+08:00][sql] SHOW FULL COLUMNS FROM `carver_notice` [ RunTime:0.000574s ]
[2021-05-02T13:44:37+08:00][sql] SELECT * FROM `carver_notice` ORDER BY `create_time` DESC LIMIT 3 [ RunTime:0.000281s ]
[2021-05-02T13:44:37+08:00][sql] SHOW FULL COLUMNS FROM `carver_navigation` [ RunTime:0.000522s ]
[2021-05-02T13:44:37+08:00][sql] SELECT * FROM `carver_navigation` [ RunTime:0.000248s ]
[2021-05-02T13:44:37+08:00][sql] SHOW FULL COLUMNS FROM `carver_link` [ RunTime:0.004843s ]
[2021-05-02T13:44:37+08:00][sql] SELECT * FROM `carver_link` WHERE  ( is_confirm=2 ) LIMIT 20 [ RunTime:0.000312s ]
[2021-05-02T13:44:37+08:00][sql] SELECT `article_label` FROM `carver_article` [ RunTime:0.000309s ]
[2021-05-02T13:44:37+08:00][sql] SHOW FULL COLUMNS FROM `carver_carouse` [ RunTime:0.000542s ]
[2021-05-02T13:44:37+08:00][sql] SELECT `carouse_img`,`carouse_desc` FROM `carver_carouse` WHERE  `is_show` = 1 ORDER BY `carouse_sort` DESC LIMIT 3 [ RunTime:0.000424s ]
[2021-05-02T13:44:37+08:00][sql] SHOW FULL COLUMNS FROM `carver_site` [ RunTime:0.000499s ]
[2021-05-02T13:44:37+08:00][sql] SELECT * FROM `carver_site` [ RunTime:0.000223s ]
[2021-05-02T13:50:22+08:00][sql] CONNECT:[ UseTime:0.000876s ] mysql:host=127.0.0.1;port=3306;dbname=carver;charset=utf8
[2021-05-02T13:50:22+08:00][sql] SHOW FULL COLUMNS FROM `carver_user` [ RunTime:0.000836s ]
[2021-05-02T13:50:22+08:00][sql] SHOW FULL COLUMNS FROM `carver_article` [ RunTime:0.000706s ]
[2021-05-02T13:50:22+08:00][sql] SELECT COUNT(*) AS think_count FROM `carver_article` WHERE  `delete_time` = 0  AND `is_show` = 1 [ RunTime:0.000416s ]
[2021-05-02T13:50:22+08:00][sql] SELECT `article_id`,`article_title`,`article_desc`,`article_content`,`article_img`,`article_guide`,`article_label`,`click_num`,`is_show`,`add_time`,`article_author`,`is_top_show` FROM `carver_article` WHERE  `delete_time` = 0  AND `is_show` = 1 ORDER BY `article_id` DESC LIMIT 0,6 [ RunTime:0.000793s ]
[2021-05-02T13:50:22+08:00][sql] SELECT article_id,article_title,click_num,FROM_UNIXTIME(add_time,'%Y-%m-%d') as add_time FROM `carver_article` WHERE  `is_show` = 1  AND `delete_time` = 0 ORDER BY `click_num` DESC LIMIT 3 [ RunTime:0.000397s ]
[2021-05-02T13:50:22+08:00][sql] SHOW FULL COLUMNS FROM `carver_notice` [ RunTime:0.000506s ]
[2021-05-02T13:50:22+08:00][sql] SELECT * FROM `carver_notice` ORDER BY `create_time` DESC LIMIT 3 [ RunTime:0.000294s ]
[2021-05-02T13:50:22+08:00][sql] SHOW FULL COLUMNS FROM `carver_navigation` [ RunTime:0.000533s ]
[2021-05-02T13:50:22+08:00][sql] SELECT * FROM `carver_navigation` [ RunTime:0.000234s ]
[2021-05-02T13:50:22+08:00][sql] SHOW FULL COLUMNS FROM `carver_link` [ RunTime:0.000492s ]
[2021-05-02T13:50:22+08:00][sql] SELECT * FROM `carver_link` WHERE  ( is_confirm=2 ) LIMIT 20 [ RunTime:0.000298s ]
[2021-05-02T13:50:22+08:00][sql] SELECT `article_label` FROM `carver_article` [ RunTime:0.000257s ]
[2021-05-02T13:50:22+08:00][sql] SHOW FULL COLUMNS FROM `carver_carouse` [ RunTime:0.000465s ]
[2021-05-02T13:50:22+08:00][sql] SELECT `carouse_img`,`carouse_desc` FROM `carver_carouse` WHERE  `is_show` = 1 ORDER BY `carouse_sort` DESC LIMIT 3 [ RunTime:0.000283s ]
[2021-05-02T13:50:22+08:00][sql] SHOW FULL COLUMNS FROM `carver_site` [ RunTime:0.000484s ]
[2021-05-02T13:50:22+08:00][sql] SELECT * FROM `carver_site` [ RunTime:0.000232s ]
[2021-05-02T14:25:24+08:00][sql] CONNECT:[ UseTime:0.000589s ] mysql:host=127.0.0.1;port=3306;dbname=carver;charset=utf8
[2021-05-02T14:25:24+08:00][sql] SHOW FULL COLUMNS FROM `carver_user` [ RunTime:0.000955s ]
[2021-05-02T14:25:24+08:00][sql] SHOW FULL COLUMNS FROM `carver_article` [ RunTime:0.000951s ]
[2021-05-02T14:25:24+08:00][sql] SELECT COUNT(*) AS think_count FROM `carver_article` WHERE  `delete_time` = 0  AND `is_show` = 1 [ RunTime:0.000389s ]
[2021-05-02T14:25:24+08:00][sql] SELECT `article_id`,`article_title`,`article_desc`,`article_content`,`article_img`,`article_guide`,`article_label`,`click_num`,`is_show`,`add_time`,`article_author`,`is_top_show` FROM `carver_article` WHERE  `delete_time` = 0  AND `is_show` = 1 ORDER BY `article_id` DESC LIMIT 0,6 [ RunTime:0.000641s ]
[2021-05-02T14:25:24+08:00][sql] SELECT article_id,article_title,click_num,FROM_UNIXTIME(add_time,'%Y-%m-%d') as add_time FROM `carver_article` WHERE  `is_show` = 1  AND `delete_time` = 0 ORDER BY `click_num` DESC LIMIT 3 [ RunTime:0.000417s ]
[2021-05-02T14:25:24+08:00][sql] SHOW FULL COLUMNS FROM `carver_notice` [ RunTime:0.000561s ]
[2021-05-02T14:25:24+08:00][sql] SELECT * FROM `carver_notice` ORDER BY `create_time` DESC LIMIT 3 [ RunTime:0.000271s ]
[2021-05-02T14:25:24+08:00][sql] SHOW FULL COLUMNS FROM `carver_navigation` [ RunTime:0.000613s ]
[2021-05-02T14:25:24+08:00][sql] SELECT * FROM `carver_navigation` [ RunTime:0.000289s ]
[2021-05-02T14:25:24+08:00][sql] SHOW FULL COLUMNS FROM `carver_link` [ RunTime:0.000593s ]
[2021-05-02T14:25:24+08:00][sql] SELECT * FROM `carver_link` WHERE  ( is_confirm=2 ) LIMIT 20 [ RunTime:0.000353s ]
[2021-05-02T14:25:24+08:00][sql] SELECT `article_label` FROM `carver_article` [ RunTime:0.000562s ]
[2021-05-02T14:25:24+08:00][sql] SHOW FULL COLUMNS FROM `carver_carouse` [ RunTime:0.000634s ]
[2021-05-02T14:25:24+08:00][sql] SELECT `carouse_img`,`carouse_desc` FROM `carver_carouse` WHERE  `is_show` = 1 ORDER BY `carouse_sort` DESC LIMIT 3 [ RunTime:0.000520s ]
[2021-05-02T14:25:24+08:00][sql] SHOW FULL COLUMNS FROM `carver_site` [ RunTime:0.000624s ]
[2021-05-02T14:25:24+08:00][sql] SELECT * FROM `carver_site` [ RunTime:0.000294s ]
[2021-05-02T14:48:42+08:00][sql] CONNECT:[ UseTime:0.000524s ] mysql:host=127.0.0.1;port=3306;dbname=carver;charset=utf8
[2021-05-02T14:48:42+08:00][sql] SHOW FULL COLUMNS FROM `carver_article` [ RunTime:0.000876s ]
[2021-05-02T14:48:42+08:00][sql] SELECT `article_id`,`article_title`,`article_desc`,`article_content`,`article_img`,`article_guide`,`article_label`,`click_num`,`is_show`,`add_time`,`article_author` FROM `carver_article` WHERE  `article_id` = 12 LIMIT 1 [ RunTime:0.000450s ]
[2021-05-02T14:48:42+08:00][sql] SELECT `article_id`,`article_title`,`article_desc`,`article_content`,`article_img`,`article_guide`,`article_label`,`click_num`,`is_show`,`add_time`,`article_author` FROM `carver_article` WHERE  `article_id` > 12 LIMIT 1 [ RunTime:0.000361s ]
[2021-05-02T14:48:42+08:00][sql] SELECT `article_id`,`article_title`,`article_desc`,`article_content`,`article_img`,`article_guide`,`article_label`,`click_num`,`is_show`,`add_time`,`article_author` FROM `carver_article` WHERE  `article_id` < 12 ORDER BY `article_id` DESC LIMIT 1 [ RunTime:0.000370s ]
[2021-05-02T14:48:42+08:00][sql] SHOW FULL COLUMNS FROM `carver_link` [ RunTime:0.000647s ]
[2021-05-02T14:48:42+08:00][sql] SELECT * FROM `carver_link` WHERE  ( is_confirm=2 ) LIMIT 20 [ RunTime:0.000321s ]
[2021-05-02T14:48:42+08:00][sql] SELECT article_id,article_title,click_num,FROM_UNIXTIME(add_time,'%Y-%m-%d') as add_time FROM `carver_article` ORDER BY `click_num` DESC LIMIT 3 [ RunTime:0.000366s ]
[2021-05-02T14:48:42+08:00][sql] SHOW FULL COLUMNS FROM `carver_comment` [ RunTime:0.000568s ]
[2021-05-02T14:48:42+08:00][sql] SELECT `a`.*,`b`.`user_name` FROM `carver_comment` `a` INNER JOIN `carver_user` `b` ON `a`.`user_id`=`b`.`user_id` WHERE  `article_id` = 12 ORDER BY `create_time` DESC [ RunTime:0.000401s ]
[2021-05-02T14:48:42+08:00][sql] SHOW FULL COLUMNS FROM `carver_comment_to_others` [ RunTime:0.000592s ]
[2021-05-02T14:48:42+08:00][sql] SELECT * FROM `carver_comment_to_others` [ RunTime:0.000269s ]
[2021-05-02T14:48:42+08:00][sql] SHOW FULL COLUMNS FROM `carver_user` [ RunTime:0.000469s ]
[2021-05-02T14:48:42+08:00][sql] SELECT `user_name` FROM `carver_user` WHERE  `user_id` = 4 LIMIT 1 [ RunTime:0.000266s ]
[2021-05-02T14:48:42+08:00][sql] SELECT `user_name` FROM `carver_user` WHERE  `user_id` = 4 LIMIT 1 [ RunTime:0.000229s ]
[2021-05-02T14:48:42+08:00][sql] SELECT `user_name` FROM `carver_user` WHERE  `user_id` = 5 LIMIT 1 [ RunTime:0.000225s ]
[2021-05-02T14:48:42+08:00][sql] SELECT `user_name` FROM `carver_user` WHERE  `user_id` = 5 LIMIT 1 [ RunTime:0.000241s ]
[2021-05-02T14:48:42+08:00][sql] SELECT `user_name`,`user_id` FROM `carver_user` [ RunTime:0.000247s ]
[2021-05-02T14:48:42+08:00][sql] SHOW FULL COLUMNS FROM `carver_navigation` [ RunTime:0.000531s ]
[2021-05-02T14:48:42+08:00][sql] SELECT * FROM `carver_navigation` [ RunTime:0.000251s ]
[2021-05-02T14:48:42+08:00][sql] SELECT `article_label` FROM `carver_article` [ RunTime:0.000275s ]
[2021-05-02T15:21:17+08:00][sql] CONNECT:[ UseTime:0.000905s ] mysql:host=127.0.0.1;port=3306;dbname=carver;charset=utf8
[2021-05-02T15:21:17+08:00][sql] SHOW FULL COLUMNS FROM `carver_article` [ RunTime:0.000943s ]
[2021-05-02T15:21:17+08:00][sql] SELECT COUNT(*) AS think_count FROM `carver_article` WHERE  `article_guide` = 59  AND `delete_time` = 0  AND `is_show` = 1 [ RunTime:0.000481s ]
[2021-05-02T15:21:17+08:00][sql] SELECT * FROM `carver_article` WHERE  `article_guide` = 59  AND `delete_time` = 0  AND `is_show` = 1 ORDER BY `add_time` DESC LIMIT 0,6 [ RunTime:0.000499s ]
[2021-05-02T15:21:17+08:00][sql] SELECT article_id,article_title,click_num,FROM_UNIXTIME(add_time,'%Y-%m-%d') as add_time FROM `carver_article` WHERE  `is_show` = 1  AND `delete_time` = 0 ORDER BY `click_num` DESC LIMIT 3 [ RunTime:0.000501s ]
[2021-05-02T15:21:17+08:00][sql] SHOW FULL COLUMNS FROM `carver_notice` [ RunTime:0.000633s ]
[2021-05-02T15:21:17+08:00][sql] SELECT * FROM `carver_notice` ORDER BY `create_time` DESC LIMIT 3 [ RunTime:0.000311s ]
[2021-05-02T15:21:17+08:00][sql] SHOW FULL COLUMNS FROM `carver_navigation` [ RunTime:0.000571s ]
[2021-05-02T15:21:17+08:00][sql] SELECT * FROM `carver_navigation` [ RunTime:0.000341s ]
[2021-05-02T15:21:17+08:00][sql] SELECT `article_label` FROM `carver_article` [ RunTime:0.000368s ]
[2021-05-02T15:21:17+08:00][sql] SHOW FULL COLUMNS FROM `carver_carouse` [ RunTime:0.000645s ]
[2021-05-02T15:21:17+08:00][sql] SELECT `carouse_img`,`carouse_desc` FROM `carver_carouse` WHERE  `is_show` = 1 ORDER BY `carouse_sort` DESC LIMIT 3 [ RunTime:0.000293s ]
[2021-05-02T15:21:17+08:00][sql] SHOW FULL COLUMNS FROM `carver_link` [ RunTime:0.000607s ]
[2021-05-02T15:21:17+08:00][sql] SELECT * FROM `carver_link` WHERE  ( is_confirm=2 ) LIMIT 20 [ RunTime:0.000364s ]
[2021-05-02T15:21:17+08:00][sql] SHOW FULL COLUMNS FROM `carver_site` [ RunTime:0.000578s ]
[2021-05-02T15:21:17+08:00][sql] SELECT * FROM `carver_site` [ RunTime:0.000314s ]
[2021-05-02T16:30:09+08:00][sql] CONNECT:[ UseTime:0.000511s ] mysql:host=127.0.0.1;port=3306;dbname=carver;charset=utf8
[2021-05-02T16:30:09+08:00][sql] SHOW FULL COLUMNS FROM `carver_article` [ RunTime:0.000885s ]
[2021-05-02T16:30:09+08:00][sql] SELECT COUNT(*) AS think_count FROM `carver_article` WHERE  `article_label` LIKE '%javascript%'  AND `delete_time` = 0  AND `is_show` = 1 [ RunTime:0.000413s ]
[2021-05-02T16:30:09+08:00][sql] SELECT * FROM `carver_article` WHERE  `article_label` LIKE '%javascript%'  AND `delete_time` = 0  AND `is_show` = 1 LIMIT 0,6 [ RunTime:0.000790s ]
[2021-05-02T16:30:09+08:00][sql] SELECT article_id,article_title,click_num,FROM_UNIXTIME(add_time,'%Y-%m-%d') as add_time FROM `carver_article` WHERE  `is_show` = 1  AND `delete_time` = 0 ORDER BY `click_num` DESC LIMIT 3 [ RunTime:0.000398s ]
[2021-05-02T16:30:09+08:00][sql] SHOW FULL COLUMNS FROM `carver_notice` [ RunTime:0.000545s ]
[2021-05-02T16:30:09+08:00][sql] SELECT * FROM `carver_notice` ORDER BY `create_time` DESC LIMIT 3 [ RunTime:0.000283s ]
[2021-05-02T16:30:09+08:00][sql] SHOW FULL COLUMNS FROM `carver_navigation` [ RunTime:0.000537s ]
[2021-05-02T16:30:09+08:00][sql] SELECT * FROM `carver_navigation` [ RunTime:0.000237s ]
[2021-05-02T16:30:09+08:00][sql] SHOW FULL COLUMNS FROM `carver_link` [ RunTime:0.000518s ]
[2021-05-02T16:30:09+08:00][sql] SELECT * FROM `carver_link` WHERE  ( is_confirm=2 ) LIMIT 20 [ RunTime:0.000290s ]
[2021-05-02T16:30:09+08:00][sql] SELECT `article_label` FROM `carver_article` [ RunTime:0.000259s ]
[2021-05-02T16:30:09+08:00][sql] SHOW FULL COLUMNS FROM `carver_carouse` [ RunTime:0.000464s ]
[2021-05-02T16:30:09+08:00][sql] SELECT `carouse_img`,`carouse_desc` FROM `carver_carouse` WHERE  `is_show` = 1 ORDER BY `carouse_sort` DESC LIMIT 3 [ RunTime:0.000282s ]
[2021-05-02T16:30:09+08:00][sql] SHOW FULL COLUMNS FROM `carver_site` [ RunTime:0.000471s ]
[2021-05-02T16:30:09+08:00][sql] SELECT * FROM `carver_site` [ RunTime:0.000224s ]
[2021-05-02T17:58:33+08:00][sql] CONNECT:[ UseTime:0.000504s ] mysql:host=127.0.0.1;port=3306;dbname=carver;charset=utf8
[2021-05-02T17:58:33+08:00][sql] SHOW FULL COLUMNS FROM `carver_user` [ RunTime:0.000813s ]
[2021-05-02T17:58:33+08:00][sql] SHOW FULL COLUMNS FROM `carver_article` [ RunTime:0.000740s ]
[2021-05-02T17:58:33+08:00][sql] SELECT COUNT(*) AS think_count FROM `carver_article` WHERE  `delete_time` = 0  AND `is_show` = 1 [ RunTime:0.000379s ]
[2021-05-02T17:58:33+08:00][sql] SELECT `article_id`,`article_title`,`article_desc`,`article_content`,`article_img`,`article_guide`,`article_label`,`click_num`,`is_show`,`add_time`,`article_author`,`is_top_show` FROM `carver_article` WHERE  `delete_time` = 0  AND `is_show` = 1 ORDER BY `article_id` DESC LIMIT 18,6 [ RunTime:0.001360s ]
[2021-05-02T17:58:33+08:00][sql] SELECT article_id,article_title,click_num,FROM_UNIXTIME(add_time,'%Y-%m-%d') as add_time FROM `carver_article` WHERE  `is_show` = 1  AND `delete_time` = 0 ORDER BY `click_num` DESC LIMIT 3 [ RunTime:0.000577s ]
[2021-05-02T17:58:33+08:00][sql] SHOW FULL COLUMNS FROM `carver_notice` [ RunTime:0.000580s ]
[2021-05-02T17:58:33+08:00][sql] SELECT * FROM `carver_notice` ORDER BY `create_time` DESC LIMIT 3 [ RunTime:0.000306s ]
[2021-05-02T17:58:33+08:00][sql] SHOW FULL COLUMNS FROM `carver_navigation` [ RunTime:0.000538s ]
[2021-05-02T17:58:33+08:00][sql] SELECT * FROM `carver_navigation` [ RunTime:0.000238s ]
[2021-05-02T17:58:33+08:00][sql] SHOW FULL COLUMNS FROM `carver_link` [ RunTime:0.000546s ]
[2021-05-02T17:58:33+08:00][sql] SELECT * FROM `carver_link` WHERE  ( is_confirm=2 ) LIMIT 20 [ RunTime:0.000312s ]
[2021-05-02T17:58:33+08:00][sql] SELECT `article_label` FROM `carver_article` [ RunTime:0.000292s ]
[2021-05-02T17:58:33+08:00][sql] SHOW FULL COLUMNS FROM `carver_carouse` [ RunTime:0.000537s ]
[2021-05-02T17:58:33+08:00][sql] SELECT `carouse_img`,`carouse_desc` FROM `carver_carouse` WHERE  `is_show` = 1 ORDER BY `carouse_sort` DESC LIMIT 3 [ RunTime:0.000316s ]
[2021-05-02T17:58:33+08:00][sql] SHOW FULL COLUMNS FROM `carver_site` [ RunTime:0.000485s ]
[2021-05-02T17:58:33+08:00][sql] SELECT * FROM `carver_site` [ RunTime:0.000239s ]
[2021-05-02T18:26:20+08:00][sql] CONNECT:[ UseTime:0.000565s ] mysql:host=127.0.0.1;port=3306;dbname=carver;charset=utf8
[2021-05-02T18:26:20+08:00][sql] SHOW FULL COLUMNS FROM `carver_article` [ RunTime:0.000930s ]
[2021-05-02T18:26:20+08:00][sql] SELECT COUNT(*) AS think_count FROM `carver_article` WHERE  `article_guide` = 6  AND `delete_time` = 0  AND `is_show` = 1 [ RunTime:0.000461s ]
[2021-05-02T18:26:20+08:00][sql] SELECT * FROM `carver_article` WHERE  `article_guide` = 6  AND `delete_time` = 0  AND `is_show` = 1 ORDER BY `add_time` DESC LIMIT 0,6 [ RunTime:0.000805s ]
[2021-05-02T18:26:20+08:00][sql] SELECT article_id,article_title,click_num,FROM_UNIXTIME(add_time,'%Y-%m-%d') as add_time FROM `carver_article` WHERE  `is_show` = 1  AND `delete_time` = 0 ORDER BY `click_num` DESC LIMIT 3 [ RunTime:0.000504s ]
[2021-05-02T18:26:20+08:00][sql] SHOW FULL COLUMNS FROM `carver_notice` [ RunTime:0.000620s ]
[2021-05-02T18:26:20+08:00][sql] SELECT * FROM `carver_notice` ORDER BY `create_time` DESC LIMIT 3 [ RunTime:0.000334s ]
[2021-05-02T18:26:20+08:00][sql] SHOW FULL COLUMNS FROM `carver_navigation` [ RunTime:0.000556s ]
[2021-05-02T18:26:20+08:00][sql] SELECT * FROM `carver_navigation` [ RunTime:0.000270s ]
[2021-05-02T18:26:20+08:00][sql] SELECT `article_label` FROM `carver_article` [ RunTime:0.000282s ]
[2021-05-02T18:26:20+08:00][sql] SHOW FULL COLUMNS FROM `carver_carouse` [ RunTime:0.000533s ]
[2021-05-02T18:26:20+08:00][sql] SELECT `carouse_img`,`carouse_desc` FROM `carver_carouse` WHERE  `is_show` = 1 ORDER BY `carouse_sort` DESC LIMIT 3 [ RunTime:0.000303s ]
[2021-05-02T18:26:20+08:00][sql] SHOW FULL COLUMNS FROM `carver_link` [ RunTime:0.000558s ]
[2021-05-02T18:26:20+08:00][sql] SELECT * FROM `carver_link` WHERE  ( is_confirm=2 ) LIMIT 20 [ RunTime:0.000304s ]
[2021-05-02T18:26:20+08:00][sql] SHOW FULL COLUMNS FROM `carver_site` [ RunTime:0.000544s ]
[2021-05-02T18:26:20+08:00][sql] SELECT * FROM `carver_site` [ RunTime:0.000240s ]
[2021-05-02T19:18:05+08:00][sql] CONNECT:[ UseTime:0.000529s ] mysql:host=127.0.0.1;port=3306;dbname=carver;charset=utf8
[2021-05-02T19:18:05+08:00][sql] SHOW FULL COLUMNS FROM `carver_user` [ RunTime:0.000890s ]
[2021-05-02T20:07:49+08:00][sql] CONNECT:[ UseTime:0.000761s ] mysql:host=127.0.0.1;port=3306;dbname=carver;charset=utf8
[2021-05-02T20:07:49+08:00][sql] SHOW FULL COLUMNS FROM `carver_article` [ RunTime:0.000961s ]
[2021-05-02T20:07:49+08:00][sql] SELECT COUNT(*) AS think_count FROM `carver_article` WHERE  `article_guide` = 7  AND `delete_time` = 0  AND `is_show` = 1 [ RunTime:0.000406s ]
[2021-05-02T20:07:49+08:00][sql] SELECT * FROM `carver_article` WHERE  `article_guide` = 7  AND `delete_time` = 0  AND `is_show` = 1 ORDER BY `add_time` DESC LIMIT 0,6 [ RunTime:0.000419s ]
[2021-05-02T20:07:49+08:00][sql] SELECT article_id,article_title,click_num,FROM_UNIXTIME(add_time,'%Y-%m-%d') as add_time FROM `carver_article` WHERE  `is_show` = 1  AND `delete_time` = 0 ORDER BY `click_num` DESC LIMIT 3 [ RunTime:0.000400s ]
[2021-05-02T20:07:49+08:00][sql] SHOW FULL COLUMNS FROM `carver_notice` [ RunTime:0.000548s ]
[2021-05-02T20:07:49+08:00][sql] SELECT * FROM `carver_notice` ORDER BY `create_time` DESC LIMIT 3 [ RunTime:0.000285s ]
[2021-05-02T20:07:49+08:00][sql] SHOW FULL COLUMNS FROM `carver_navigation` [ RunTime:0.000546s ]
[2021-05-02T20:07:49+08:00][sql] SELECT * FROM `carver_navigation` [ RunTime:0.000237s ]
[2021-05-02T20:07:49+08:00][sql] SELECT `article_label` FROM `carver_article` [ RunTime:0.000261s ]
[2021-05-02T20:07:49+08:00][sql] SHOW FULL COLUMNS FROM `carver_carouse` [ RunTime:0.000472s ]
[2021-05-02T20:07:49+08:00][sql] SELECT `carouse_img`,`carouse_desc` FROM `carver_carouse` WHERE  `is_show` = 1 ORDER BY `carouse_sort` DESC LIMIT 3 [ RunTime:0.000299s ]
[2021-05-02T20:07:49+08:00][sql] SHOW FULL COLUMNS FROM `carver_link` [ RunTime:0.000483s ]
[2021-05-02T20:07:49+08:00][sql] SELECT * FROM `carver_link` WHERE  ( is_confirm=2 ) LIMIT 20 [ RunTime:0.000302s ]
[2021-05-02T20:07:49+08:00][sql] SHOW FULL COLUMNS FROM `carver_site` [ RunTime:0.000510s ]
[2021-05-02T20:07:49+08:00][sql] SELECT * FROM `carver_site` [ RunTime:0.000241s ]
[2021-05-02T20:36:32+08:00][sql] CONNECT:[ UseTime:0.000608s ] mysql:host=127.0.0.1;port=3306;dbname=carver;charset=utf8
[2021-05-02T20:36:32+08:00][sql] SHOW FULL COLUMNS FROM `carver_user` [ RunTime:0.000826s ]
[2021-05-02T20:36:32+08:00][sql] SHOW FULL COLUMNS FROM `carver_article` [ RunTime:0.000835s ]
[2021-05-02T20:36:32+08:00][sql] SELECT COUNT(*) AS think_count FROM `carver_article` WHERE  `delete_time` = 0  AND `is_show` = 1 [ RunTime:0.000371s ]
[2021-05-02T20:36:32+08:00][sql] SELECT `article_id`,`article_title`,`article_desc`,`article_content`,`article_img`,`article_guide`,`article_label`,`click_num`,`is_show`,`add_time`,`article_author`,`is_top_show` FROM `carver_article` WHERE  `delete_time` = 0  AND `is_show` = 1 ORDER BY `article_id` DESC LIMIT 18,6 [ RunTime:0.001307s ]
[2021-05-02T20:36:32+08:00][sql] SELECT article_id,article_title,click_num,FROM_UNIXTIME(add_time,'%Y-%m-%d') as add_time FROM `carver_article` WHERE  `is_show` = 1  AND `delete_time` = 0 ORDER BY `click_num` DESC LIMIT 3 [ RunTime:0.000514s ]
[2021-05-02T20:36:32+08:00][sql] SHOW FULL COLUMNS FROM `carver_notice` [ RunTime:0.000870s ]
[2021-05-02T20:36:32+08:00][sql] SELECT * FROM `carver_notice` ORDER BY `create_time` DESC LIMIT 3 [ RunTime:0.000285s ]
[2021-05-02T20:36:32+08:00][sql] SHOW FULL COLUMNS FROM `carver_navigation` [ RunTime:0.000541s ]
[2021-05-02T20:36:32+08:00][sql] SELECT * FROM `carver_navigation` [ RunTime:0.000254s ]
[2021-05-02T20:36:32+08:00][sql] SHOW FULL COLUMNS FROM `carver_link` [ RunTime:0.000602s ]
[2021-05-02T20:36:32+08:00][sql] SELECT * FROM `carver_link` WHERE  ( is_confirm=2 ) LIMIT 20 [ RunTime:0.000283s ]
[2021-05-02T20:36:32+08:00][sql] SELECT `article_label` FROM `carver_article` [ RunTime:0.001787s ]
[2021-05-02T20:36:32+08:00][sql] SHOW FULL COLUMNS FROM `carver_carouse` [ RunTime:0.000515s ]
[2021-05-02T20:36:32+08:00][sql] SELECT `carouse_img`,`carouse_desc` FROM `carver_carouse` WHERE  `is_show` = 1 ORDER BY `carouse_sort` DESC LIMIT 3 [ RunTime:0.000343s ]
[2021-05-02T20:36:32+08:00][sql] SHOW FULL COLUMNS FROM `carver_site` [ RunTime:0.000500s ]
[2021-05-02T20:36:32+08:00][sql] SELECT * FROM `carver_site` [ RunTime:0.000243s ]
[2021-05-02T22:45:59+08:00][sql] CONNECT:[ UseTime:0.000473s ] mysql:host=127.0.0.1;port=3306;dbname=carver;charset=utf8
[2021-05-02T22:45:59+08:00][sql] SHOW FULL COLUMNS FROM `carver_article` [ RunTime:0.000855s ]
[2021-05-02T22:45:59+08:00][sql] SELECT `article_id`,`article_title`,`article_desc`,`article_content`,`article_img`,`article_guide`,`article_label`,`click_num`,`is_show`,`add_time`,`article_author` FROM `carver_article` WHERE  `article_id` = 11 LIMIT 1 [ RunTime:0.000436s ]
[2021-05-02T22:45:59+08:00][sql] SELECT `article_id`,`article_title`,`article_desc`,`article_content`,`article_img`,`article_guide`,`article_label`,`click_num`,`is_show`,`add_time`,`article_author` FROM `carver_article` WHERE  `article_id` > 11 LIMIT 1 [ RunTime:0.000645s ]
[2021-05-02T22:45:59+08:00][sql] SELECT `article_id`,`article_title`,`article_desc`,`article_content`,`article_img`,`article_guide`,`article_label`,`click_num`,`is_show`,`add_time`,`article_author` FROM `carver_article` WHERE  `article_id` < 11 ORDER BY `article_id` DESC LIMIT 1 [ RunTime:0.000438s ]
[2021-05-02T22:45:59+08:00][sql] SHOW FULL COLUMNS FROM `carver_link` [ RunTime:0.000526s ]
[2021-05-02T22:45:59+08:00][sql] SELECT * FROM `carver_link` WHERE  ( is_confirm=2 ) LIMIT 20 [ RunTime:0.000346s ]
[2021-05-02T22:45:59+08:00][sql] SELECT article_id,article_title,click_num,FROM_UNIXTIME(add_time,'%Y-%m-%d') as add_time FROM `carver_article` ORDER BY `click_num` DESC LIMIT 3 [ RunTime:0.000360s ]
[2021-05-02T22:45:59+08:00][sql] SHOW FULL COLUMNS FROM `carver_comment` [ RunTime:0.000572s ]
[2021-05-02T22:45:59+08:00][sql] SELECT `a`.*,`b`.`user_name` FROM `carver_comment` `a` INNER JOIN `carver_user` `b` ON `a`.`user_id`=`b`.`user_id` WHERE  `article_id` = 11 ORDER BY `create_time` DESC [ RunTime:0.000328s ]
[2021-05-02T22:45:59+08:00][sql] SHOW FULL COLUMNS FROM `carver_comment_to_others` [ RunTime:0.000489s ]
[2021-05-02T22:45:59+08:00][sql] SELECT * FROM `carver_comment_to_others` [ RunTime:0.000231s ]
[2021-05-02T22:45:59+08:00][sql] SHOW FULL COLUMNS FROM `carver_user` [ RunTime:0.000456s ]
[2021-05-02T22:45:59+08:00][sql] SELECT `user_name` FROM `carver_user` WHERE  `user_id` = 4 LIMIT 1 [ RunTime:0.000240s ]
[2021-05-02T22:45:59+08:00][sql] SELECT `user_name` FROM `carver_user` WHERE  `user_id` = 4 LIMIT 1 [ RunTime:0.000217s ]
[2021-05-02T22:45:59+08:00][sql] SELECT `user_name` FROM `carver_user` WHERE  `user_id` = 5 LIMIT 1 [ RunTime:0.000214s ]
[2021-05-02T22:45:59+08:00][sql] SELECT `user_name` FROM `carver_user` WHERE  `user_id` = 5 LIMIT 1 [ RunTime:0.000216s ]
[2021-05-02T22:45:59+08:00][sql] SELECT `user_name`,`user_id` FROM `carver_user` [ RunTime:0.000233s ]
[2021-05-02T22:45:59+08:00][sql] SHOW FULL COLUMNS FROM `carver_navigation` [ RunTime:0.000530s ]
[2021-05-02T22:45:59+08:00][sql] SELECT * FROM `carver_navigation` [ RunTime:0.000246s ]
[2021-05-02T22:45:59+08:00][sql] SELECT `article_label` FROM `carver_article` [ RunTime:0.000261s ]
[2021-05-02T23:27:34+08:00][sql] CONNECT:[ UseTime:0.000565s ] mysql:host=127.0.0.1;port=3306;dbname=carver;charset=utf8
[2021-05-02T23:27:34+08:00][sql] SHOW FULL COLUMNS FROM `carver_article` [ RunTime:0.000894s ]
[2021-05-02T23:27:34+08:00][sql] SELECT COUNT(*) AS think_count FROM `carver_article` WHERE  `article_label` LIKE '%%'  AND `delete_time` = 0  AND `is_show` = 1 [ RunTime:0.000453s ]
[2021-05-02T23:27:34+08:00][sql] SELECT * FROM `carver_article` WHERE  `article_label` LIKE '%%'  AND `delete_time` = 0  AND `is_show` = 1 LIMIT 0,6 [ RunTime:0.001138s ]
[2021-05-02T23:27:34+08:00][sql] SELECT article_id,article_title,click_num,FROM_UNIXTIME(add_time,'%Y-%m-%d') as add_time FROM `carver_article` WHERE  `is_show` = 1  AND `delete_time` = 0 ORDER BY `click_num` DESC LIMIT 3 [ RunTime:0.000506s ]
[2021-05-02T23:27:34+08:00][sql] SHOW FULL COLUMNS FROM `carver_notice` [ RunTime:0.000592s ]
[2021-05-02T23:27:34+08:00][sql] SELECT * FROM `carver_notice` ORDER BY `create_time` DESC LIMIT 3 [ RunTime:0.000272s ]
[2021-05-02T23:27:34+08:00][sql] SHOW FULL COLUMNS FROM `carver_navigation` [ RunTime:0.000505s ]
[2021-05-02T23:27:34+08:00][sql] SELECT * FROM `carver_navigation` [ RunTime:0.000253s ]
[2021-05-02T23:27:34+08:00][sql] SHOW FULL COLUMNS FROM `carver_link` [ RunTime:0.000499s ]
[2021-05-02T23:27:34+08:00][sql] SELECT * FROM `carver_link` WHERE  ( is_confirm=2 ) LIMIT 20 [ RunTime:0.000288s ]
[2021-05-02T23:27:34+08:00][sql] SELECT `article_label` FROM `carver_article` [ RunTime:0.000273s ]
[2021-05-02T23:27:34+08:00][sql] SHOW FULL COLUMNS FROM `carver_carouse` [ RunTime:0.000481s ]
[2021-05-02T23:27:34+08:00][sql] SELECT `carouse_img`,`carouse_desc` FROM `carver_carouse` WHERE  `is_show` = 1 ORDER BY `carouse_sort` DESC LIMIT 3 [ RunTime:0.000307s ]
[2021-05-02T23:27:34+08:00][sql] SHOW FULL COLUMNS FROM `carver_site` [ RunTime:0.000512s ]
[2021-05-02T23:27:34+08:00][sql] SELECT * FROM `carver_site` [ RunTime:0.000244s ]
[2021-05-02T23:29:41+08:00][sql] CONNECT:[ UseTime:0.000556s ] mysql:host=127.0.0.1;port=3306;dbname=carver;charset=utf8
[2021-05-02T23:29:41+08:00][sql] SHOW FULL COLUMNS FROM `carver_user` [ RunTime:0.000943s ]
[2021-05-02T23:29:41+08:00][sql] SHOW FULL COLUMNS FROM `carver_article` [ RunTime:0.000755s ]
[2021-05-02T23:29:41+08:00][sql] SELECT COUNT(*) AS think_count FROM `carver_article` WHERE  `delete_time` = 0  AND `is_show` = 1 [ RunTime:0.000622s ]
[2021-05-02T23:29:41+08:00][sql] SELECT `article_id`,`article_title`,`article_desc`,`article_content`,`article_img`,`article_guide`,`article_label`,`click_num`,`is_show`,`add_time`,`article_author`,`is_top_show` FROM `carver_article` WHERE  `delete_time` = 0  AND `is_show` = 1 ORDER BY `article_id` DESC LIMIT 24,6 [ RunTime:0.001076s ]
[2021-05-02T23:29:41+08:00][sql] SELECT article_id,article_title,click_num,FROM_UNIXTIME(add_time,'%Y-%m-%d') as add_time FROM `carver_article` WHERE  `is_show` = 1  AND `delete_time` = 0 ORDER BY `click_num` DESC LIMIT 3 [ RunTime:0.000496s ]
[2021-05-02T23:29:41+08:00][sql] SHOW FULL COLUMNS FROM `carver_notice` [ RunTime:0.000709s ]
[2021-05-02T23:29:41+08:00][sql] SELECT * FROM `carver_notice` ORDER BY `create_time` DESC LIMIT 3 [ RunTime:0.000322s ]
[2021-05-02T23:29:41+08:00][sql] SHOW FULL COLUMNS FROM `carver_navigation` [ RunTime:0.000627s ]
[2021-05-02T23:29:41+08:00][sql] SELECT * FROM `carver_navigation` [ RunTime:0.000242s ]
[2021-05-02T23:29:41+08:00][sql] SHOW FULL COLUMNS FROM `carver_link` [ RunTime:0.000531s ]
[2021-05-02T23:29:41+08:00][sql] SELECT * FROM `carver_link` WHERE  ( is_confirm=2 ) LIMIT 20 [ RunTime:0.000335s ]
[2021-05-02T23:29:41+08:00][sql] SELECT `article_label` FROM `carver_article` [ RunTime:0.000295s ]
[2021-05-02T23:29:41+08:00][sql] SHOW FULL COLUMNS FROM `carver_carouse` [ RunTime:0.000572s ]
[2021-05-02T23:29:41+08:00][sql] SELECT `carouse_img`,`carouse_desc` FROM `carver_carouse` WHERE  `is_show` = 1 ORDER BY `carouse_sort` DESC LIMIT 3 [ RunTime:0.000307s ]
[2021-05-02T23:29:41+08:00][sql] SHOW FULL COLUMNS FROM `carver_site` [ RunTime:0.000533s ]
[2021-05-02T23:29:41+08:00][sql] SELECT * FROM `carver_site` [ RunTime:0.000275s ]
