[2021-05-03T00:00:40+08:00][sql] CONNECT:[ UseTime:0.000575s ] mysql:host=127.0.0.1;port=3306;dbname=carver;charset=utf8
[2021-05-03T00:00:40+08:00][sql] SHOW FULL COLUMNS FROM `carver_user` [ RunTime:0.000923s ]
[2021-05-03T00:00:40+08:00][sql] SHOW FULL COLUMNS FROM `carver_article` [ RunTime:0.000665s ]
[2021-05-03T00:00:40+08:00][sql] SELECT COUNT(*) AS think_count FROM `carver_article` WHERE  `delete_time` = 0  AND `is_show` = 1 [ RunTime:0.000383s ]
[2021-05-03T00:00:40+08:00][sql] SELECT `article_id`,`article_title`,`article_desc`,`article_content`,`article_img`,`article_guide`,`article_label`,`click_num`,`is_show`,`add_time`,`article_author`,`is_top_show` FROM `carver_article` WHERE  `delete_time` = 0  AND `is_show` = 1 ORDER BY `article_id` DESC LIMIT 0,6 [ RunTime:0.000752s ]
[2021-05-03T00:00:40+08:00][sql] SELECT article_id,article_title,click_num,FROM_UNIXTIME(add_time,'%Y-%m-%d') as add_time FROM `carver_article` WHERE  `is_show` = 1  AND `delete_time` = 0 ORDER BY `click_num` DESC LIMIT 3 [ RunTime:0.000571s ]
[2021-05-03T00:00:40+08:00][sql] SHOW FULL COLUMNS FROM `carver_notice` [ RunTime:0.000612s ]
[2021-05-03T00:00:40+08:00][sql] SELECT * FROM `carver_notice` ORDER BY `create_time` DESC LIMIT 3 [ RunTime:0.000405s ]
[2021-05-03T00:00:40+08:00][sql] SHOW FULL COLUMNS FROM `carver_navigation` [ RunTime:0.000722s ]
[2021-05-03T00:00:40+08:00][sql] SELECT * FROM `carver_navigation` [ RunTime:0.000296s ]
[2021-05-03T00:00:40+08:00][sql] SHOW FULL COLUMNS FROM `carver_link` [ RunTime:0.000633s ]
[2021-05-03T00:00:40+08:00][sql] SELECT * FROM `carver_link` WHERE  ( is_confirm=2 ) LIMIT 20 [ RunTime:0.000381s ]
[2021-05-03T00:00:40+08:00][sql] SELECT `article_label` FROM `carver_article` [ RunTime:0.000338s ]
[2021-05-03T00:00:40+08:00][sql] SHOW FULL COLUMNS FROM `carver_carouse` [ RunTime:0.000502s ]
[2021-05-03T00:00:40+08:00][sql] SELECT `carouse_img`,`carouse_desc` FROM `carver_carouse` WHERE  `is_show` = 1 ORDER BY `carouse_sort` DESC LIMIT 3 [ RunTime:0.000304s ]
[2021-05-03T00:00:40+08:00][sql] SHOW FULL COLUMNS FROM `carver_site` [ RunTime:0.000658s ]
[2021-05-03T00:00:40+08:00][sql] SELECT * FROM `carver_site` [ RunTime:0.001006s ]
[2021-05-03T00:15:04+08:00][sql] CONNECT:[ UseTime:0.000499s ] mysql:host=127.0.0.1;port=3306;dbname=carver;charset=utf8
[2021-05-03T00:15:04+08:00][sql] SHOW FULL COLUMNS FROM `carver_article` [ RunTime:0.000862s ]
[2021-05-03T00:15:04+08:00][sql] SELECT `article_id`,`article_title`,`article_desc`,`article_content`,`article_img`,`article_guide`,`article_label`,`click_num`,`is_show`,`add_time`,`article_author` FROM `carver_article` WHERE  `article_id` = 1 LIMIT 1 [ RunTime:0.000504s ]
[2021-05-03T00:15:04+08:00][sql] SELECT `article_id`,`article_title`,`article_desc`,`article_content`,`article_img`,`article_guide`,`article_label`,`click_num`,`is_show`,`add_time`,`article_author` FROM `carver_article` WHERE  `article_id` > 1 LIMIT 1 [ RunTime:0.000384s ]
[2021-05-03T00:15:04+08:00][sql] SELECT `article_id`,`article_title`,`article_desc`,`article_content`,`article_img`,`article_guide`,`article_label`,`click_num`,`is_show`,`add_time`,`article_author` FROM `carver_article` WHERE  `article_id` < 1 ORDER BY `article_id` DESC LIMIT 1 [ RunTime:0.000303s ]
[2021-05-03T00:15:04+08:00][sql] SHOW FULL COLUMNS FROM `carver_link` [ RunTime:0.000530s ]
[2021-05-03T00:15:04+08:00][sql] SELECT * FROM `carver_link` WHERE  ( is_confirm=2 ) LIMIT 20 [ RunTime:0.000321s ]
[2021-05-03T00:15:04+08:00][sql] SELECT article_id,article_title,click_num,FROM_UNIXTIME(add_time,'%Y-%m-%d') as add_time FROM `carver_article` ORDER BY `click_num` DESC LIMIT 3 [ RunTime:0.000321s ]
[2021-05-03T00:15:04+08:00][sql] SHOW FULL COLUMNS FROM `carver_comment` [ RunTime:0.000547s ]
[2021-05-03T00:15:04+08:00][sql] SELECT `a`.*,`b`.`user_name` FROM `carver_comment` `a` INNER JOIN `carver_user` `b` ON `a`.`user_id`=`b`.`user_id` WHERE  `article_id` = 1 ORDER BY `create_time` DESC [ RunTime:0.000343s ]
[2021-05-03T00:15:04+08:00][sql] SHOW FULL COLUMNS FROM `carver_comment_to_others` [ RunTime:0.000473s ]
[2021-05-03T00:15:04+08:00][sql] SELECT * FROM `carver_comment_to_others` [ RunTime:0.000251s ]
[2021-05-03T00:15:04+08:00][sql] SHOW FULL COLUMNS FROM `carver_user` [ RunTime:0.000432s ]
[2021-05-03T00:15:04+08:00][sql] SELECT `user_name` FROM `carver_user` WHERE  `user_id` = 4 LIMIT 1 [ RunTime:0.000243s ]
[2021-05-03T00:15:04+08:00][sql] SELECT `user_name` FROM `carver_user` WHERE  `user_id` = 4 LIMIT 1 [ RunTime:0.000211s ]
[2021-05-03T00:15:04+08:00][sql] SELECT `user_name` FROM `carver_user` WHERE  `user_id` = 5 LIMIT 1 [ RunTime:0.000205s ]
[2021-05-03T00:15:04+08:00][sql] SELECT `user_name` FROM `carver_user` WHERE  `user_id` = 5 LIMIT 1 [ RunTime:0.000201s ]
[2021-05-03T00:15:04+08:00][sql] SELECT `user_name`,`user_id` FROM `carver_user` [ RunTime:0.000227s ]
[2021-05-03T00:15:04+08:00][sql] SHOW FULL COLUMNS FROM `carver_navigation` [ RunTime:0.000483s ]
[2021-05-03T00:15:04+08:00][sql] SELECT * FROM `carver_navigation` [ RunTime:0.000234s ]
[2021-05-03T00:15:04+08:00][sql] SELECT `article_label` FROM `carver_article` [ RunTime:0.000350s ]
[2021-05-03T00:15:28+08:00][sql] CONNECT:[ UseTime:0.000527s ] mysql:host=127.0.0.1;port=3306;dbname=carver;charset=utf8
[2021-05-03T00:15:28+08:00][sql] SHOW FULL COLUMNS FROM `carver_article` [ RunTime:0.000939s ]
[2021-05-03T00:15:28+08:00][sql] SELECT `article_id`,`article_title`,`article_desc`,`article_content`,`article_img`,`article_guide`,`article_label`,`click_num`,`is_show`,`add_time`,`article_author` FROM `carver_article` WHERE  `article_id` = 2 LIMIT 1 [ RunTime:0.000672s ]
[2021-05-03T00:15:28+08:00][sql] SELECT `article_id`,`article_title`,`article_desc`,`article_content`,`article_img`,`article_guide`,`article_label`,`click_num`,`is_show`,`add_time`,`article_author` FROM `carver_article` WHERE  `article_id` > 2 LIMIT 1 [ RunTime:0.000635s ]
[2021-05-03T00:15:28+08:00][sql] SELECT `article_id`,`article_title`,`article_desc`,`article_content`,`article_img`,`article_guide`,`article_label`,`click_num`,`is_show`,`add_time`,`article_author` FROM `carver_article` WHERE  `article_id` < 2 ORDER BY `article_id` DESC LIMIT 1 [ RunTime:0.000458s ]
[2021-05-03T00:15:28+08:00][sql] SHOW FULL COLUMNS FROM `carver_link` [ RunTime:0.000635s ]
[2021-05-03T00:15:28+08:00][sql] SELECT * FROM `carver_link` WHERE  ( is_confirm=2 ) LIMIT 20 [ RunTime:0.000337s ]
[2021-05-03T00:15:28+08:00][sql] SELECT article_id,article_title,click_num,FROM_UNIXTIME(add_time,'%Y-%m-%d') as add_time FROM `carver_article` ORDER BY `click_num` DESC LIMIT 3 [ RunTime:0.000384s ]
[2021-05-03T00:15:28+08:00][sql] SHOW FULL COLUMNS FROM `carver_comment` [ RunTime:0.000609s ]
[2021-05-03T00:15:28+08:00][sql] SELECT `a`.*,`b`.`user_name` FROM `carver_comment` `a` INNER JOIN `carver_user` `b` ON `a`.`user_id`=`b`.`user_id` WHERE  `article_id` = 2 ORDER BY `create_time` DESC [ RunTime:0.000372s ]
[2021-05-03T00:15:28+08:00][sql] SHOW FULL COLUMNS FROM `carver_comment_to_others` [ RunTime:0.000642s ]
[2021-05-03T00:15:28+08:00][sql] SELECT * FROM `carver_comment_to_others` [ RunTime:0.000237s ]
[2021-05-03T00:15:28+08:00][sql] SHOW FULL COLUMNS FROM `carver_user` [ RunTime:0.000487s ]
[2021-05-03T00:15:28+08:00][sql] SELECT `user_name` FROM `carver_user` WHERE  `user_id` = 4 LIMIT 1 [ RunTime:0.000245s ]
[2021-05-03T00:15:28+08:00][sql] SELECT `user_name` FROM `carver_user` WHERE  `user_id` = 4 LIMIT 1 [ RunTime:0.000230s ]
[2021-05-03T00:15:28+08:00][sql] SELECT `user_name` FROM `carver_user` WHERE  `user_id` = 5 LIMIT 1 [ RunTime:0.000242s ]
[2021-05-03T00:15:28+08:00][sql] SELECT `user_name` FROM `carver_user` WHERE  `user_id` = 5 LIMIT 1 [ RunTime:0.000207s ]
[2021-05-03T00:15:28+08:00][sql] SHOW FULL COLUMNS FROM `carver_navigation` [ RunTime:0.000518s ]
[2021-05-03T00:15:28+08:00][sql] SELECT * FROM `carver_navigation` [ RunTime:0.000283s ]
[2021-05-03T00:15:28+08:00][sql] SELECT `article_label` FROM `carver_article` [ RunTime:0.000315s ]
[2021-05-03T00:42:18+08:00][sql] CONNECT:[ UseTime:0.003063s ] mysql:host=127.0.0.1;port=3306;dbname=carver;charset=utf8
[2021-05-03T00:42:18+08:00][sql] SHOW FULL COLUMNS FROM `carver_user` [ RunTime:0.003397s ]
[2021-05-03T00:42:18+08:00][sql] SHOW FULL COLUMNS FROM `carver_article` [ RunTime:0.001988s ]
[2021-05-03T00:42:18+08:00][sql] SELECT COUNT(*) AS think_count FROM `carver_article` WHERE  `delete_time` = 0  AND `is_show` = 1 [ RunTime:0.000520s ]
[2021-05-03T00:42:18+08:00][sql] SELECT `article_id`,`article_title`,`article_desc`,`article_content`,`article_img`,`article_guide`,`article_label`,`click_num`,`is_show`,`add_time`,`article_author`,`is_top_show` FROM `carver_article` WHERE  `delete_time` = 0  AND `is_show` = 1 ORDER BY `article_id` DESC LIMIT 0,6 [ RunTime:0.000797s ]
[2021-05-03T00:42:18+08:00][sql] SELECT article_id,article_title,click_num,FROM_UNIXTIME(add_time,'%Y-%m-%d') as add_time FROM `carver_article` WHERE  `is_show` = 1  AND `delete_time` = 0 ORDER BY `click_num` DESC LIMIT 3 [ RunTime:0.000698s ]
[2021-05-03T00:42:18+08:00][sql] SHOW FULL COLUMNS FROM `carver_notice` [ RunTime:0.002860s ]
[2021-05-03T00:42:18+08:00][sql] SELECT * FROM `carver_notice` ORDER BY `create_time` DESC LIMIT 3 [ RunTime:0.000360s ]
[2021-05-03T00:42:18+08:00][sql] SHOW FULL COLUMNS FROM `carver_navigation` [ RunTime:0.001413s ]
[2021-05-03T00:42:18+08:00][sql] SELECT * FROM `carver_navigation` [ RunTime:0.000337s ]
[2021-05-03T00:42:18+08:00][sql] SHOW FULL COLUMNS FROM `carver_link` [ RunTime:0.001276s ]
[2021-05-03T00:42:18+08:00][sql] SELECT * FROM `carver_link` WHERE  ( is_confirm=2 ) LIMIT 20 [ RunTime:0.000370s ]
[2021-05-03T00:42:18+08:00][sql] SELECT `article_label` FROM `carver_article` [ RunTime:0.000340s ]
[2021-05-03T00:42:18+08:00][sql] SHOW FULL COLUMNS FROM `carver_carouse` [ RunTime:0.001282s ]
[2021-05-03T00:42:18+08:00][sql] SELECT `carouse_img`,`carouse_desc` FROM `carver_carouse` WHERE  `is_show` = 1 ORDER BY `carouse_sort` DESC LIMIT 3 [ RunTime:0.000363s ]
[2021-05-03T00:42:18+08:00][sql] SHOW FULL COLUMNS FROM `carver_site` [ RunTime:0.001315s ]
[2021-05-03T00:42:18+08:00][sql] SELECT * FROM `carver_site` [ RunTime:0.000269s ]
[2021-05-03T01:52:57+08:00][sql] CONNECT:[ UseTime:0.000981s ] mysql:host=127.0.0.1;port=3306;dbname=carver;charset=utf8
[2021-05-03T01:52:57+08:00][sql] SHOW FULL COLUMNS FROM `carver_article` [ RunTime:0.000989s ]
[2021-05-03T01:52:57+08:00][sql] SELECT `article_id`,`article_title`,`article_desc`,`article_content`,`article_img`,`article_guide`,`article_label`,`click_num`,`is_show`,`add_time`,`article_author` FROM `carver_article` WHERE  `article_id` = 3 LIMIT 1 [ RunTime:0.000760s ]
[2021-05-03T01:52:57+08:00][sql] SELECT `article_id`,`article_title`,`article_desc`,`article_content`,`article_img`,`article_guide`,`article_label`,`click_num`,`is_show`,`add_time`,`article_author` FROM `carver_article` WHERE  `article_id` > 3 LIMIT 1 [ RunTime:0.000480s ]
[2021-05-03T01:52:57+08:00][sql] SELECT `article_id`,`article_title`,`article_desc`,`article_content`,`article_img`,`article_guide`,`article_label`,`click_num`,`is_show`,`add_time`,`article_author` FROM `carver_article` WHERE  `article_id` < 3 ORDER BY `article_id` DESC LIMIT 1 [ RunTime:0.000411s ]
[2021-05-03T01:52:57+08:00][sql] SHOW FULL COLUMNS FROM `carver_link` [ RunTime:0.000575s ]
[2021-05-03T01:52:57+08:00][sql] SELECT * FROM `carver_link` WHERE  ( is_confirm=2 ) LIMIT 20 [ RunTime:0.000365s ]
[2021-05-03T01:52:57+08:00][sql] SELECT article_id,article_title,click_num,FROM_UNIXTIME(add_time,'%Y-%m-%d') as add_time FROM `carver_article` ORDER BY `click_num` DESC LIMIT 3 [ RunTime:0.000472s ]
[2021-05-03T01:52:57+08:00][sql] SHOW FULL COLUMNS FROM `carver_comment` [ RunTime:0.001784s ]
[2021-05-03T01:52:57+08:00][sql] SELECT `a`.*,`b`.`user_name` FROM `carver_comment` `a` INNER JOIN `carver_user` `b` ON `a`.`user_id`=`b`.`user_id` WHERE  `article_id` = 3 ORDER BY `create_time` DESC [ RunTime:0.000522s ]
[2021-05-03T01:52:57+08:00][sql] SHOW FULL COLUMNS FROM `carver_comment_to_others` [ RunTime:0.001248s ]
[2021-05-03T01:52:57+08:00][sql] SELECT * FROM `carver_comment_to_others` [ RunTime:0.000250s ]
[2021-05-03T01:52:57+08:00][sql] SHOW FULL COLUMNS FROM `carver_user` [ RunTime:0.000461s ]
[2021-05-03T01:52:57+08:00][sql] SELECT `user_name` FROM `carver_user` WHERE  `user_id` = 4 LIMIT 1 [ RunTime:0.000265s ]
[2021-05-03T01:52:57+08:00][sql] SELECT `user_name` FROM `carver_user` WHERE  `user_id` = 4 LIMIT 1 [ RunTime:0.000227s ]
[2021-05-03T01:52:57+08:00][sql] SELECT `user_name` FROM `carver_user` WHERE  `user_id` = 5 LIMIT 1 [ RunTime:0.000271s ]
[2021-05-03T01:52:57+08:00][sql] SELECT `user_name` FROM `carver_user` WHERE  `user_id` = 5 LIMIT 1 [ RunTime:0.000217s ]
[2021-05-03T01:52:57+08:00][sql] SELECT `user_name`,`user_id` FROM `carver_user` [ RunTime:0.000332s ]
[2021-05-03T01:52:57+08:00][sql] SHOW FULL COLUMNS FROM `carver_navigation` [ RunTime:0.000742s ]
[2021-05-03T01:52:57+08:00][sql] SELECT * FROM `carver_navigation` [ RunTime:0.000290s ]
[2021-05-03T01:52:57+08:00][sql] SELECT `article_label` FROM `carver_article` [ RunTime:0.000265s ]
[2021-05-03T02:22:20+08:00][sql] CONNECT:[ UseTime:0.004901s ] mysql:host=127.0.0.1;port=3306;dbname=carver;charset=utf8
[2021-05-03T02:22:20+08:00][sql] SHOW FULL COLUMNS FROM `carver_article` [ RunTime:0.001037s ]
[2021-05-03T02:22:20+08:00][sql] SELECT COUNT(*) AS think_count FROM `carver_article` WHERE  `article_label` LIKE '%javascript%'  AND `delete_time` = 0  AND `is_show` = 1 [ RunTime:0.000457s ]
[2021-05-03T02:22:20+08:00][sql] SELECT * FROM `carver_article` WHERE  `article_label` LIKE '%javascript%'  AND `delete_time` = 0  AND `is_show` = 1 LIMIT 0,6 [ RunTime:0.000994s ]
[2021-05-03T02:22:20+08:00][sql] SELECT article_id,article_title,click_num,FROM_UNIXTIME(add_time,'%Y-%m-%d') as add_time FROM `carver_article` WHERE  `is_show` = 1  AND `delete_time` = 0 ORDER BY `click_num` DESC LIMIT 3 [ RunTime:0.012052s ]
[2021-05-03T02:22:20+08:00][sql] SHOW FULL COLUMNS FROM `carver_notice` [ RunTime:0.000827s ]
[2021-05-03T02:22:20+08:00][sql] SELECT * FROM `carver_notice` ORDER BY `create_time` DESC LIMIT 3 [ RunTime:0.000380s ]
[2021-05-03T02:22:20+08:00][sql] SHOW FULL COLUMNS FROM `carver_navigation` [ RunTime:0.000597s ]
[2021-05-03T02:22:20+08:00][sql] SELECT * FROM `carver_navigation` [ RunTime:0.000366s ]
[2021-05-03T02:22:20+08:00][sql] SHOW FULL COLUMNS FROM `carver_link` [ RunTime:0.000550s ]
[2021-05-03T02:22:20+08:00][sql] SELECT * FROM `carver_link` WHERE  ( is_confirm=2 ) LIMIT 20 [ RunTime:0.000303s ]
[2021-05-03T02:22:20+08:00][sql] SELECT `article_label` FROM `carver_article` [ RunTime:0.000287s ]
[2021-05-03T02:22:20+08:00][sql] SHOW FULL COLUMNS FROM `carver_carouse` [ RunTime:0.000503s ]
[2021-05-03T02:22:20+08:00][sql] SELECT `carouse_img`,`carouse_desc` FROM `carver_carouse` WHERE  `is_show` = 1 ORDER BY `carouse_sort` DESC LIMIT 3 [ RunTime:0.000346s ]
[2021-05-03T02:22:20+08:00][sql] SHOW FULL COLUMNS FROM `carver_site` [ RunTime:0.000520s ]
[2021-05-03T02:22:20+08:00][sql] SELECT * FROM `carver_site` [ RunTime:0.000275s ]
[2021-05-03T02:27:13+08:00][sql] CONNECT:[ UseTime:0.000798s ] mysql:host=127.0.0.1;port=3306;dbname=carver;charset=utf8
[2021-05-03T02:27:13+08:00][sql] SHOW FULL COLUMNS FROM `carver_user` [ RunTime:0.000906s ]
[2021-05-03T02:27:13+08:00][sql] SHOW FULL COLUMNS FROM `carver_article` [ RunTime:0.000713s ]
[2021-05-03T02:27:13+08:00][sql] SELECT COUNT(*) AS think_count FROM `carver_article` WHERE  `delete_time` = 0  AND `is_show` = 1 [ RunTime:0.000455s ]
[2021-05-03T02:27:13+08:00][sql] SELECT `article_id`,`article_title`,`article_desc`,`article_content`,`article_img`,`article_guide`,`article_label`,`click_num`,`is_show`,`add_time`,`article_author`,`is_top_show` FROM `carver_article` WHERE  `delete_time` = 0  AND `is_show` = 1 ORDER BY `article_id` DESC LIMIT 0,6 [ RunTime:0.000781s ]
[2021-05-03T02:27:13+08:00][sql] SELECT article_id,article_title,click_num,FROM_UNIXTIME(add_time,'%Y-%m-%d') as add_time FROM `carver_article` WHERE  `is_show` = 1  AND `delete_time` = 0 ORDER BY `click_num` DESC LIMIT 3 [ RunTime:0.000392s ]
[2021-05-03T02:27:13+08:00][sql] SHOW FULL COLUMNS FROM `carver_notice` [ RunTime:0.000524s ]
[2021-05-03T02:27:13+08:00][sql] SELECT * FROM `carver_notice` ORDER BY `create_time` DESC LIMIT 3 [ RunTime:0.000284s ]
[2021-05-03T02:27:13+08:00][sql] SHOW FULL COLUMNS FROM `carver_navigation` [ RunTime:0.000532s ]
[2021-05-03T02:27:13+08:00][sql] SELECT * FROM `carver_navigation` [ RunTime:0.000236s ]
[2021-05-03T02:27:13+08:00][sql] SHOW FULL COLUMNS FROM `carver_link` [ RunTime:0.000616s ]
[2021-05-03T02:27:13+08:00][sql] SELECT * FROM `carver_link` WHERE  ( is_confirm=2 ) LIMIT 20 [ RunTime:0.000310s ]
[2021-05-03T02:27:13+08:00][sql] SELECT `article_label` FROM `carver_article` [ RunTime:0.000277s ]
[2021-05-03T02:27:13+08:00][sql] SHOW FULL COLUMNS FROM `carver_carouse` [ RunTime:0.000486s ]
[2021-05-03T02:27:13+08:00][sql] SELECT `carouse_img`,`carouse_desc` FROM `carver_carouse` WHERE  `is_show` = 1 ORDER BY `carouse_sort` DESC LIMIT 3 [ RunTime:0.000337s ]
[2021-05-03T02:27:13+08:00][sql] SHOW FULL COLUMNS FROM `carver_site` [ RunTime:0.000486s ]
[2021-05-03T02:27:13+08:00][sql] SELECT * FROM `carver_site` [ RunTime:0.000246s ]
[2021-05-03T02:39:40+08:00][sql] CONNECT:[ UseTime:0.000970s ] mysql:host=127.0.0.1;port=3306;dbname=carver;charset=utf8
[2021-05-03T02:39:40+08:00][sql] SHOW FULL COLUMNS FROM `carver_user` [ RunTime:0.000996s ]
[2021-05-03T02:39:40+08:00][sql] SHOW FULL COLUMNS FROM `carver_article` [ RunTime:0.000783s ]
[2021-05-03T02:39:40+08:00][sql] SELECT COUNT(*) AS think_count FROM `carver_article` WHERE  `delete_time` = 0  AND `is_show` = 1 [ RunTime:0.000415s ]
[2021-05-03T02:39:40+08:00][sql] SELECT `article_id`,`article_title`,`article_desc`,`article_content`,`article_img`,`article_guide`,`article_label`,`click_num`,`is_show`,`add_time`,`article_author`,`is_top_show` FROM `carver_article` WHERE  `delete_time` = 0  AND `is_show` = 1 ORDER BY `article_id` DESC LIMIT 0,6 [ RunTime:0.000896s ]
[2021-05-03T02:39:40+08:00][sql] SELECT article_id,article_title,click_num,FROM_UNIXTIME(add_time,'%Y-%m-%d') as add_time FROM `carver_article` WHERE  `is_show` = 1  AND `delete_time` = 0 ORDER BY `click_num` DESC LIMIT 3 [ RunTime:0.000571s ]
[2021-05-03T02:39:40+08:00][sql] SHOW FULL COLUMNS FROM `carver_notice` [ RunTime:0.000714s ]
[2021-05-03T02:39:40+08:00][sql] SELECT * FROM `carver_notice` ORDER BY `create_time` DESC LIMIT 3 [ RunTime:0.000329s ]
[2021-05-03T02:39:40+08:00][sql] SHOW FULL COLUMNS FROM `carver_navigation` [ RunTime:0.000612s ]
[2021-05-03T02:39:40+08:00][sql] SELECT * FROM `carver_navigation` [ RunTime:0.000261s ]
[2021-05-03T02:39:40+08:00][sql] SHOW FULL COLUMNS FROM `carver_link` [ RunTime:0.000568s ]
[2021-05-03T02:39:40+08:00][sql] SELECT * FROM `carver_link` WHERE  ( is_confirm=2 ) LIMIT 20 [ RunTime:0.000362s ]
[2021-05-03T02:39:40+08:00][sql] SELECT `article_label` FROM `carver_article` [ RunTime:0.000337s ]
[2021-05-03T02:39:40+08:00][sql] SHOW FULL COLUMNS FROM `carver_carouse` [ RunTime:0.000509s ]
[2021-05-03T02:39:40+08:00][sql] SELECT `carouse_img`,`carouse_desc` FROM `carver_carouse` WHERE  `is_show` = 1 ORDER BY `carouse_sort` DESC LIMIT 3 [ RunTime:0.000334s ]
[2021-05-03T02:39:40+08:00][sql] SHOW FULL COLUMNS FROM `carver_site` [ RunTime:0.000514s ]
[2021-05-03T02:39:40+08:00][sql] SELECT * FROM `carver_site` [ RunTime:0.000253s ]
[2021-05-03T02:43:18+08:00][sql] CONNECT:[ UseTime:0.000545s ] mysql:host=127.0.0.1;port=3306;dbname=carver;charset=utf8
[2021-05-03T02:43:18+08:00][sql] SHOW FULL COLUMNS FROM `carver_user` [ RunTime:0.000855s ]
[2021-05-03T02:43:18+08:00][sql] SHOW FULL COLUMNS FROM `carver_article` [ RunTime:0.000702s ]
[2021-05-03T02:43:18+08:00][sql] SELECT COUNT(*) AS think_count FROM `carver_article` WHERE  `delete_time` = 0  AND `is_show` = 1 [ RunTime:0.000403s ]
[2021-05-03T02:43:18+08:00][sql] SELECT `article_id`,`article_title`,`article_desc`,`article_content`,`article_img`,`article_guide`,`article_label`,`click_num`,`is_show`,`add_time`,`article_author`,`is_top_show` FROM `carver_article` WHERE  `delete_time` = 0  AND `is_show` = 1 ORDER BY `article_id` DESC LIMIT 0,6 [ RunTime:0.000762s ]
[2021-05-03T02:43:18+08:00][sql] SELECT article_id,article_title,click_num,FROM_UNIXTIME(add_time,'%Y-%m-%d') as add_time FROM `carver_article` WHERE  `is_show` = 1  AND `delete_time` = 0 ORDER BY `click_num` DESC LIMIT 3 [ RunTime:0.000592s ]
[2021-05-03T02:43:18+08:00][sql] SHOW FULL COLUMNS FROM `carver_notice` [ RunTime:0.000715s ]
[2021-05-03T02:43:18+08:00][sql] SELECT * FROM `carver_notice` ORDER BY `create_time` DESC LIMIT 3 [ RunTime:0.000296s ]
[2021-05-03T02:43:18+08:00][sql] SHOW FULL COLUMNS FROM `carver_navigation` [ RunTime:0.000715s ]
[2021-05-03T02:43:18+08:00][sql] SELECT * FROM `carver_navigation` [ RunTime:0.000320s ]
[2021-05-03T02:43:18+08:00][sql] SHOW FULL COLUMNS FROM `carver_link` [ RunTime:0.000761s ]
[2021-05-03T02:43:18+08:00][sql] SELECT * FROM `carver_link` WHERE  ( is_confirm=2 ) LIMIT 20 [ RunTime:0.000403s ]
[2021-05-03T02:43:18+08:00][sql] SELECT `article_label` FROM `carver_article` [ RunTime:0.000365s ]
[2021-05-03T02:43:18+08:00][sql] SHOW FULL COLUMNS FROM `carver_carouse` [ RunTime:0.000698s ]
[2021-05-03T02:43:18+08:00][sql] SELECT `carouse_img`,`carouse_desc` FROM `carver_carouse` WHERE  `is_show` = 1 ORDER BY `carouse_sort` DESC LIMIT 3 [ RunTime:0.000370s ]
[2021-05-03T02:43:18+08:00][sql] SHOW FULL COLUMNS FROM `carver_site` [ RunTime:0.000687s ]
[2021-05-03T02:43:18+08:00][sql] SELECT * FROM `carver_site` [ RunTime:0.000306s ]
[2021-05-03T04:29:20+08:00][sql] CONNECT:[ UseTime:0.000582s ] mysql:host=127.0.0.1;port=3306;dbname=carver;charset=utf8
[2021-05-03T04:29:20+08:00][sql] SHOW FULL COLUMNS FROM `carver_user` [ RunTime:0.000902s ]
[2021-05-03T04:29:20+08:00][sql] SHOW FULL COLUMNS FROM `carver_article` [ RunTime:0.000789s ]
[2021-05-03T04:29:20+08:00][sql] SELECT COUNT(*) AS think_count FROM `carver_article` WHERE  `delete_time` = 0  AND `is_show` = 1 [ RunTime:0.000407s ]
[2021-05-03T04:29:20+08:00][sql] SELECT `article_id`,`article_title`,`article_desc`,`article_content`,`article_img`,`article_guide`,`article_label`,`click_num`,`is_show`,`add_time`,`article_author`,`is_top_show` FROM `carver_article` WHERE  `delete_time` = 0  AND `is_show` = 1 ORDER BY `article_id` DESC LIMIT 0,6 [ RunTime:0.000794s ]
[2021-05-03T04:29:20+08:00][sql] SELECT article_id,article_title,click_num,FROM_UNIXTIME(add_time,'%Y-%m-%d') as add_time FROM `carver_article` WHERE  `is_show` = 1  AND `delete_time` = 0 ORDER BY `click_num` DESC LIMIT 3 [ RunTime:0.000572s ]
[2021-05-03T04:29:20+08:00][sql] SHOW FULL COLUMNS FROM `carver_notice` [ RunTime:0.000654s ]
[2021-05-03T04:29:20+08:00][sql] SELECT * FROM `carver_notice` ORDER BY `create_time` DESC LIMIT 3 [ RunTime:0.000282s ]
[2021-05-03T04:29:20+08:00][sql] SHOW FULL COLUMNS FROM `carver_navigation` [ RunTime:0.000611s ]
[2021-05-03T04:29:20+08:00][sql] SELECT * FROM `carver_navigation` [ RunTime:0.000274s ]
[2021-05-03T04:29:20+08:00][sql] SHOW FULL COLUMNS FROM `carver_link` [ RunTime:0.000578s ]
[2021-05-03T04:29:20+08:00][sql] SELECT * FROM `carver_link` WHERE  ( is_confirm=2 ) LIMIT 20 [ RunTime:0.000300s ]
[2021-05-03T04:29:20+08:00][sql] SELECT `article_label` FROM `carver_article` [ RunTime:0.000303s ]
[2021-05-03T04:29:20+08:00][sql] SHOW FULL COLUMNS FROM `carver_carouse` [ RunTime:0.000533s ]
[2021-05-03T04:29:20+08:00][sql] SELECT `carouse_img`,`carouse_desc` FROM `carver_carouse` WHERE  `is_show` = 1 ORDER BY `carouse_sort` DESC LIMIT 3 [ RunTime:0.000323s ]
[2021-05-03T04:29:20+08:00][sql] SHOW FULL COLUMNS FROM `carver_site` [ RunTime:0.000504s ]
[2021-05-03T04:29:20+08:00][sql] SELECT * FROM `carver_site` [ RunTime:0.000258s ]
[2021-05-03T04:59:58+08:00][sql] CONNECT:[ UseTime:0.000766s ] mysql:host=127.0.0.1;port=3306;dbname=carver;charset=utf8
[2021-05-03T04:59:58+08:00][sql] SHOW FULL COLUMNS FROM `carver_article` [ RunTime:0.000991s ]
[2021-05-03T04:59:58+08:00][sql] SELECT COUNT(*) AS think_count FROM `carver_article` WHERE  `article_guide` = 63  AND `delete_time` = 0  AND `is_show` = 1 [ RunTime:0.000436s ]
[2021-05-03T04:59:58+08:00][sql] SELECT * FROM `carver_article` WHERE  `article_guide` = 63  AND `delete_time` = 0  AND `is_show` = 1 ORDER BY `add_time` DESC LIMIT 0,6 [ RunTime:0.000410s ]
[2021-05-03T04:59:58+08:00][sql] SELECT article_id,article_title,click_num,FROM_UNIXTIME(add_time,'%Y-%m-%d') as add_time FROM `carver_article` WHERE  `is_show` = 1  AND `delete_time` = 0 ORDER BY `click_num` DESC LIMIT 3 [ RunTime:0.000539s ]
[2021-05-03T04:59:58+08:00][sql] SHOW FULL COLUMNS FROM `carver_notice` [ RunTime:0.000671s ]
[2021-05-03T04:59:58+08:00][sql] SELECT * FROM `carver_notice` ORDER BY `create_time` DESC LIMIT 3 [ RunTime:0.000356s ]
[2021-05-03T04:59:58+08:00][sql] SHOW FULL COLUMNS FROM `carver_navigation` [ RunTime:0.000667s ]
[2021-05-03T04:59:58+08:00][sql] SELECT * FROM `carver_navigation` [ RunTime:0.000295s ]
[2021-05-03T04:59:58+08:00][sql] SELECT `article_label` FROM `carver_article` [ RunTime:0.000293s ]
[2021-05-03T04:59:58+08:00][sql] SHOW FULL COLUMNS FROM `carver_carouse` [ RunTime:0.000740s ]
[2021-05-03T04:59:58+08:00][sql] SELECT `carouse_img`,`carouse_desc` FROM `carver_carouse` WHERE  `is_show` = 1 ORDER BY `carouse_sort` DESC LIMIT 3 [ RunTime:0.000372s ]
[2021-05-03T04:59:58+08:00][sql] SHOW FULL COLUMNS FROM `carver_link` [ RunTime:0.000600s ]
[2021-05-03T04:59:58+08:00][sql] SELECT * FROM `carver_link` WHERE  ( is_confirm=2 ) LIMIT 20 [ RunTime:0.000336s ]
[2021-05-03T04:59:58+08:00][sql] SHOW FULL COLUMNS FROM `carver_site` [ RunTime:0.000609s ]
[2021-05-03T04:59:58+08:00][sql] SELECT * FROM `carver_site` [ RunTime:0.000333s ]
[2021-05-03T05:41:48+08:00][sql] CONNECT:[ UseTime:0.000649s ] mysql:host=127.0.0.1;port=3306;dbname=carver;charset=utf8
[2021-05-03T05:41:48+08:00][sql] SHOW FULL COLUMNS FROM `carver_article` [ RunTime:0.000949s ]
[2021-05-03T05:41:48+08:00][sql] SELECT COUNT(*) AS think_count FROM `carver_article` WHERE  `article_guide` = 5  AND `delete_time` = 0  AND `is_show` = 1 [ RunTime:0.000403s ]
[2021-05-03T05:41:48+08:00][sql] SELECT * FROM `carver_article` WHERE  `article_guide` = 5  AND `delete_time` = 0  AND `is_show` = 1 ORDER BY `add_time` DESC LIMIT 6,6 [ RunTime:0.001654s ]
[2021-05-03T05:41:48+08:00][sql] SELECT article_id,article_title,click_num,FROM_UNIXTIME(add_time,'%Y-%m-%d') as add_time FROM `carver_article` WHERE  `is_show` = 1  AND `delete_time` = 0 ORDER BY `click_num` DESC LIMIT 3 [ RunTime:0.000480s ]
[2021-05-03T05:41:48+08:00][sql] SHOW FULL COLUMNS FROM `carver_notice` [ RunTime:0.000778s ]
[2021-05-03T05:41:48+08:00][sql] SELECT * FROM `carver_notice` ORDER BY `create_time` DESC LIMIT 3 [ RunTime:0.000333s ]
[2021-05-03T05:41:48+08:00][sql] SHOW FULL COLUMNS FROM `carver_navigation` [ RunTime:0.000669s ]
[2021-05-03T05:41:48+08:00][sql] SELECT * FROM `carver_navigation` [ RunTime:0.000306s ]
[2021-05-03T05:41:48+08:00][sql] SELECT `article_label` FROM `carver_article` [ RunTime:0.000359s ]
[2021-05-03T05:41:48+08:00][sql] SHOW FULL COLUMNS FROM `carver_carouse` [ RunTime:0.000707s ]
[2021-05-03T05:41:48+08:00][sql] SELECT `carouse_img`,`carouse_desc` FROM `carver_carouse` WHERE  `is_show` = 1 ORDER BY `carouse_sort` DESC LIMIT 3 [ RunTime:0.000344s ]
[2021-05-03T05:41:48+08:00][sql] SHOW FULL COLUMNS FROM `carver_link` [ RunTime:0.000958s ]
[2021-05-03T05:41:48+08:00][sql] SELECT * FROM `carver_link` WHERE  ( is_confirm=2 ) LIMIT 20 [ RunTime:0.000368s ]
[2021-05-03T05:41:48+08:00][sql] SHOW FULL COLUMNS FROM `carver_site` [ RunTime:0.000647s ]
[2021-05-03T05:41:48+08:00][sql] SELECT * FROM `carver_site` [ RunTime:0.000285s ]
[2021-05-03T06:16:21+08:00][sql] CONNECT:[ UseTime:0.000747s ] mysql:host=127.0.0.1;port=3306;dbname=carver;charset=utf8
[2021-05-03T06:16:21+08:00][sql] SHOW FULL COLUMNS FROM `carver_user` [ RunTime:0.000929s ]
[2021-05-03T06:16:21+08:00][sql] SHOW FULL COLUMNS FROM `carver_article` [ RunTime:0.000744s ]
[2021-05-03T06:16:21+08:00][sql] SELECT COUNT(*) AS think_count FROM `carver_article` WHERE  `delete_time` = 0  AND `is_show` = 1 [ RunTime:0.000397s ]
[2021-05-03T06:16:21+08:00][sql] SELECT `article_id`,`article_title`,`article_desc`,`article_content`,`article_img`,`article_guide`,`article_label`,`click_num`,`is_show`,`add_time`,`article_author`,`is_top_show` FROM `carver_article` WHERE  `delete_time` = 0  AND `is_show` = 1 ORDER BY `article_id` DESC LIMIT 0,6 [ RunTime:0.000793s ]
[2021-05-03T06:16:21+08:00][sql] SELECT article_id,article_title,click_num,FROM_UNIXTIME(add_time,'%Y-%m-%d') as add_time FROM `carver_article` WHERE  `is_show` = 1  AND `delete_time` = 0 ORDER BY `click_num` DESC LIMIT 3 [ RunTime:0.000719s ]
[2021-05-03T06:16:21+08:00][sql] SHOW FULL COLUMNS FROM `carver_notice` [ RunTime:0.000538s ]
[2021-05-03T06:16:21+08:00][sql] SELECT * FROM `carver_notice` ORDER BY `create_time` DESC LIMIT 3 [ RunTime:0.000302s ]
[2021-05-03T06:16:21+08:00][sql] SHOW FULL COLUMNS FROM `carver_navigation` [ RunTime:0.000550s ]
[2021-05-03T06:16:21+08:00][sql] SELECT * FROM `carver_navigation` [ RunTime:0.000240s ]
[2021-05-03T06:16:21+08:00][sql] SHOW FULL COLUMNS FROM `carver_link` [ RunTime:0.000526s ]
[2021-05-03T06:16:21+08:00][sql] SELECT * FROM `carver_link` WHERE  ( is_confirm=2 ) LIMIT 20 [ RunTime:0.000297s ]
[2021-05-03T06:16:21+08:00][sql] SELECT `article_label` FROM `carver_article` [ RunTime:0.000311s ]
[2021-05-03T06:16:21+08:00][sql] SHOW FULL COLUMNS FROM `carver_carouse` [ RunTime:0.000603s ]
[2021-05-03T06:16:21+08:00][sql] SELECT `carouse_img`,`carouse_desc` FROM `carver_carouse` WHERE  `is_show` = 1 ORDER BY `carouse_sort` DESC LIMIT 3 [ RunTime:0.000295s ]
[2021-05-03T06:16:21+08:00][sql] SHOW FULL COLUMNS FROM `carver_site` [ RunTime:0.000475s ]
[2021-05-03T06:16:21+08:00][sql] SELECT * FROM `carver_site` [ RunTime:0.000268s ]
[2021-05-03T07:30:09+08:00][sql] CONNECT:[ UseTime:0.000691s ] mysql:host=127.0.0.1;port=3306;dbname=carver;charset=utf8
[2021-05-03T07:30:09+08:00][sql] SHOW FULL COLUMNS FROM `carver_article` [ RunTime:0.000952s ]
[2021-05-03T07:30:09+08:00][sql] SELECT COUNT(*) AS think_count FROM `carver_article` WHERE  `article_guide` = 5  AND `delete_time` = 0  AND `is_show` = 1 [ RunTime:0.000440s ]
[2021-05-03T07:30:09+08:00][sql] SELECT * FROM `carver_article` WHERE  `article_guide` = 5  AND `delete_time` = 0  AND `is_show` = 1 ORDER BY `add_time` DESC LIMIT 12,6 [ RunTime:0.000977s ]
[2021-05-03T07:30:09+08:00][sql] SELECT article_id,article_title,click_num,FROM_UNIXTIME(add_time,'%Y-%m-%d') as add_time FROM `carver_article` WHERE  `is_show` = 1  AND `delete_time` = 0 ORDER BY `click_num` DESC LIMIT 3 [ RunTime:0.000495s ]
[2021-05-03T07:30:09+08:00][sql] SHOW FULL COLUMNS FROM `carver_notice` [ RunTime:0.000773s ]
[2021-05-03T07:30:09+08:00][sql] SELECT * FROM `carver_notice` ORDER BY `create_time` DESC LIMIT 3 [ RunTime:0.000325s ]
[2021-05-03T07:30:09+08:00][sql] SHOW FULL COLUMNS FROM `carver_navigation` [ RunTime:0.000562s ]
[2021-05-03T07:30:09+08:00][sql] SELECT * FROM `carver_navigation` [ RunTime:0.000279s ]
[2021-05-03T07:30:09+08:00][sql] SELECT `article_label` FROM `carver_article` [ RunTime:0.000372s ]
[2021-05-03T07:30:09+08:00][sql] SHOW FULL COLUMNS FROM `carver_carouse` [ RunTime:0.000614s ]
[2021-05-03T07:30:09+08:00][sql] SELECT `carouse_img`,`carouse_desc` FROM `carver_carouse` WHERE  `is_show` = 1 ORDER BY `carouse_sort` DESC LIMIT 3 [ RunTime:0.000316s ]
[2021-05-03T07:30:09+08:00][sql] SHOW FULL COLUMNS FROM `carver_link` [ RunTime:0.000596s ]
[2021-05-03T07:30:09+08:00][sql] SELECT * FROM `carver_link` WHERE  ( is_confirm=2 ) LIMIT 20 [ RunTime:0.000303s ]
[2021-05-03T07:30:09+08:00][sql] SHOW FULL COLUMNS FROM `carver_site` [ RunTime:0.000602s ]
[2021-05-03T07:30:09+08:00][sql] SELECT * FROM `carver_site` [ RunTime:0.000284s ]
[2021-05-03T09:44:21+08:00][sql] CONNECT:[ UseTime:0.000594s ] mysql:host=127.0.0.1;port=3306;dbname=carver;charset=utf8
[2021-05-03T09:44:21+08:00][sql] SHOW FULL COLUMNS FROM `carver_user` [ RunTime:0.000848s ]
[2021-05-03T09:44:21+08:00][sql] SHOW FULL COLUMNS FROM `carver_article` [ RunTime:0.000754s ]
[2021-05-03T09:44:21+08:00][sql] SELECT COUNT(*) AS think_count FROM `carver_article` WHERE  `delete_time` = 0  AND `is_show` = 1 [ RunTime:0.000402s ]
[2021-05-03T09:44:21+08:00][sql] SELECT `article_id`,`article_title`,`article_desc`,`article_content`,`article_img`,`article_guide`,`article_label`,`click_num`,`is_show`,`add_time`,`article_author`,`is_top_show` FROM `carver_article` WHERE  `delete_time` = 0  AND `is_show` = 1 ORDER BY `article_id` DESC LIMIT 12,6 [ RunTime:0.001374s ]
[2021-05-03T09:44:21+08:00][sql] SELECT article_id,article_title,click_num,FROM_UNIXTIME(add_time,'%Y-%m-%d') as add_time FROM `carver_article` WHERE  `is_show` = 1  AND `delete_time` = 0 ORDER BY `click_num` DESC LIMIT 3 [ RunTime:0.000399s ]
[2021-05-03T09:44:21+08:00][sql] SHOW FULL COLUMNS FROM `carver_notice` [ RunTime:0.000570s ]
[2021-05-03T09:44:21+08:00][sql] SELECT * FROM `carver_notice` ORDER BY `create_time` DESC LIMIT 3 [ RunTime:0.000262s ]
[2021-05-03T09:44:21+08:00][sql] SHOW FULL COLUMNS FROM `carver_navigation` [ RunTime:0.000555s ]
[2021-05-03T09:44:21+08:00][sql] SELECT * FROM `carver_navigation` [ RunTime:0.000258s ]
[2021-05-03T09:44:21+08:00][sql] SHOW FULL COLUMNS FROM `carver_link` [ RunTime:0.000525s ]
[2021-05-03T09:44:21+08:00][sql] SELECT * FROM `carver_link` WHERE  ( is_confirm=2 ) LIMIT 20 [ RunTime:0.000274s ]
[2021-05-03T09:44:21+08:00][sql] SELECT `article_label` FROM `carver_article` [ RunTime:0.000252s ]
[2021-05-03T09:44:21+08:00][sql] SHOW FULL COLUMNS FROM `carver_carouse` [ RunTime:0.000501s ]
[2021-05-03T09:44:21+08:00][sql] SELECT `carouse_img`,`carouse_desc` FROM `carver_carouse` WHERE  `is_show` = 1 ORDER BY `carouse_sort` DESC LIMIT 3 [ RunTime:0.000288s ]
[2021-05-03T09:44:21+08:00][sql] SHOW FULL COLUMNS FROM `carver_site` [ RunTime:0.000499s ]
[2021-05-03T09:44:21+08:00][sql] SELECT * FROM `carver_site` [ RunTime:0.000261s ]
[2021-05-03T14:37:49+08:00][sql] CONNECT:[ UseTime:0.000569s ] mysql:host=127.0.0.1;port=3306;dbname=carver;charset=utf8
[2021-05-03T14:37:49+08:00][sql] SHOW FULL COLUMNS FROM `carver_user` [ RunTime:0.000820s ]
[2021-05-03T14:37:49+08:00][sql] SHOW FULL COLUMNS FROM `carver_article` [ RunTime:0.000712s ]
[2021-05-03T14:37:49+08:00][sql] SELECT COUNT(*) AS think_count FROM `carver_article` WHERE  `delete_time` = 0  AND `is_show` = 1 [ RunTime:0.000361s ]
[2021-05-03T14:37:49+08:00][sql] SELECT `article_id`,`article_title`,`article_desc`,`article_content`,`article_img`,`article_guide`,`article_label`,`click_num`,`is_show`,`add_time`,`article_author`,`is_top_show` FROM `carver_article` WHERE  `delete_time` = 0  AND `is_show` = 1 ORDER BY `article_id` DESC LIMIT 0,6 [ RunTime:0.000752s ]
[2021-05-03T14:37:49+08:00][sql] SELECT article_id,article_title,click_num,FROM_UNIXTIME(add_time,'%Y-%m-%d') as add_time FROM `carver_article` WHERE  `is_show` = 1  AND `delete_time` = 0 ORDER BY `click_num` DESC LIMIT 3 [ RunTime:0.000418s ]
[2021-05-03T14:37:49+08:00][sql] SHOW FULL COLUMNS FROM `carver_notice` [ RunTime:0.000539s ]
[2021-05-03T14:37:49+08:00][sql] SELECT * FROM `carver_notice` ORDER BY `create_time` DESC LIMIT 3 [ RunTime:0.000269s ]
[2021-05-03T14:37:49+08:00][sql] SHOW FULL COLUMNS FROM `carver_navigation` [ RunTime:0.000522s ]
[2021-05-03T14:37:49+08:00][sql] SELECT * FROM `carver_navigation` [ RunTime:0.000265s ]
[2021-05-03T14:37:49+08:00][sql] SHOW FULL COLUMNS FROM `carver_link` [ RunTime:0.000575s ]
[2021-05-03T14:37:49+08:00][sql] SELECT * FROM `carver_link` WHERE  ( is_confirm=2 ) LIMIT 20 [ RunTime:0.000294s ]
[2021-05-03T14:37:49+08:00][sql] SELECT `article_label` FROM `carver_article` [ RunTime:0.000267s ]
[2021-05-03T14:37:49+08:00][sql] SHOW FULL COLUMNS FROM `carver_carouse` [ RunTime:0.000507s ]
[2021-05-03T14:37:49+08:00][sql] SELECT `carouse_img`,`carouse_desc` FROM `carver_carouse` WHERE  `is_show` = 1 ORDER BY `carouse_sort` DESC LIMIT 3 [ RunTime:0.000286s ]
[2021-05-03T14:37:49+08:00][sql] SHOW FULL COLUMNS FROM `carver_site` [ RunTime:0.000506s ]
[2021-05-03T14:37:49+08:00][sql] SELECT * FROM `carver_site` [ RunTime:0.000230s ]
[2021-05-03T15:11:54+08:00][sql] CONNECT:[ UseTime:0.000598s ] mysql:host=127.0.0.1;port=3306;dbname=carver;charset=utf8
[2021-05-03T15:11:54+08:00][sql] SHOW FULL COLUMNS FROM `carver_article` [ RunTime:0.000912s ]
[2021-05-03T15:11:54+08:00][sql] SELECT COUNT(*) AS think_count FROM `carver_article` WHERE  `article_label` LIKE '%c%'  AND `delete_time` = 0  AND `is_show` = 1 [ RunTime:0.000471s ]
[2021-05-03T15:11:54+08:00][sql] SELECT * FROM `carver_article` WHERE  `article_label` LIKE '%c%'  AND `delete_time` = 0  AND `is_show` = 1 LIMIT 0,6 [ RunTime:0.001349s ]
[2021-05-03T15:11:54+08:00][sql] SELECT article_id,article_title,click_num,FROM_UNIXTIME(add_time,'%Y-%m-%d') as add_time FROM `carver_article` WHERE  `is_show` = 1  AND `delete_time` = 0 ORDER BY `click_num` DESC LIMIT 3 [ RunTime:0.000585s ]
[2021-05-03T15:11:54+08:00][sql] SHOW FULL COLUMNS FROM `carver_notice` [ RunTime:0.000602s ]
[2021-05-03T15:11:54+08:00][sql] SELECT * FROM `carver_notice` ORDER BY `create_time` DESC LIMIT 3 [ RunTime:0.000330s ]
[2021-05-03T15:11:54+08:00][sql] SHOW FULL COLUMNS FROM `carver_navigation` [ RunTime:0.000597s ]
[2021-05-03T15:11:54+08:00][sql] SELECT * FROM `carver_navigation` [ RunTime:0.000241s ]
[2021-05-03T15:11:54+08:00][sql] SHOW FULL COLUMNS FROM `carver_link` [ RunTime:0.000872s ]
[2021-05-03T15:11:54+08:00][sql] SELECT * FROM `carver_link` WHERE  ( is_confirm=2 ) LIMIT 20 [ RunTime:0.000274s ]
[2021-05-03T15:11:54+08:00][sql] SELECT `article_label` FROM `carver_article` [ RunTime:0.000258s ]
[2021-05-03T15:11:54+08:00][sql] SHOW FULL COLUMNS FROM `carver_carouse` [ RunTime:0.000537s ]
[2021-05-03T15:11:54+08:00][sql] SELECT `carouse_img`,`carouse_desc` FROM `carver_carouse` WHERE  `is_show` = 1 ORDER BY `carouse_sort` DESC LIMIT 3 [ RunTime:0.000298s ]
[2021-05-03T15:11:54+08:00][sql] SHOW FULL COLUMNS FROM `carver_site` [ RunTime:0.000521s ]
[2021-05-03T15:11:54+08:00][sql] SELECT * FROM `carver_site` [ RunTime:0.000239s ]
[2021-05-03T15:37:43+08:00][sql] CONNECT:[ UseTime:0.000538s ] mysql:host=127.0.0.1;port=3306;dbname=carver;charset=utf8
[2021-05-03T15:37:43+08:00][sql] SHOW FULL COLUMNS FROM `carver_user` [ RunTime:0.000768s ]
[2021-05-03T15:37:43+08:00][sql] SHOW FULL COLUMNS FROM `carver_article` [ RunTime:0.000716s ]
[2021-05-03T15:37:43+08:00][sql] SELECT COUNT(*) AS think_count FROM `carver_article` WHERE  `delete_time` = 0  AND `is_show` = 1 [ RunTime:0.000394s ]
[2021-05-03T15:37:43+08:00][sql] SELECT `article_id`,`article_title`,`article_desc`,`article_content`,`article_img`,`article_guide`,`article_label`,`click_num`,`is_show`,`add_time`,`article_author`,`is_top_show` FROM `carver_article` WHERE  `delete_time` = 0  AND `is_show` = 1 ORDER BY `article_id` DESC LIMIT 0,6 [ RunTime:0.000752s ]
[2021-05-03T15:37:43+08:00][sql] SELECT article_id,article_title,click_num,FROM_UNIXTIME(add_time,'%Y-%m-%d') as add_time FROM `carver_article` WHERE  `is_show` = 1  AND `delete_time` = 0 ORDER BY `click_num` DESC LIMIT 3 [ RunTime:0.000383s ]
[2021-05-03T15:37:43+08:00][sql] SHOW FULL COLUMNS FROM `carver_notice` [ RunTime:0.000611s ]
[2021-05-03T15:37:43+08:00][sql] SELECT * FROM `carver_notice` ORDER BY `create_time` DESC LIMIT 3 [ RunTime:0.000278s ]
[2021-05-03T15:37:43+08:00][sql] SHOW FULL COLUMNS FROM `carver_navigation` [ RunTime:0.000498s ]
[2021-05-03T15:37:43+08:00][sql] SELECT * FROM `carver_navigation` [ RunTime:0.000242s ]
[2021-05-03T15:37:43+08:00][sql] SHOW FULL COLUMNS FROM `carver_link` [ RunTime:0.000545s ]
[2021-05-03T15:37:43+08:00][sql] SELECT * FROM `carver_link` WHERE  ( is_confirm=2 ) LIMIT 20 [ RunTime:0.000273s ]
[2021-05-03T15:37:43+08:00][sql] SELECT `article_label` FROM `carver_article` [ RunTime:0.000257s ]
[2021-05-03T15:37:43+08:00][sql] SHOW FULL COLUMNS FROM `carver_carouse` [ RunTime:0.000546s ]
[2021-05-03T15:37:43+08:00][sql] SELECT `carouse_img`,`carouse_desc` FROM `carver_carouse` WHERE  `is_show` = 1 ORDER BY `carouse_sort` DESC LIMIT 3 [ RunTime:0.000319s ]
[2021-05-03T15:37:43+08:00][sql] SHOW FULL COLUMNS FROM `carver_site` [ RunTime:0.000566s ]
[2021-05-03T15:37:43+08:00][sql] SELECT * FROM `carver_site` [ RunTime:0.000243s ]
[2021-05-03T15:39:10+08:00][sql] CONNECT:[ UseTime:0.000637s ] mysql:host=127.0.0.1;port=3306;dbname=carver;charset=utf8
[2021-05-03T15:39:10+08:00][sql] SHOW FULL COLUMNS FROM `carver_user` [ RunTime:0.000823s ]
[2021-05-03T15:39:10+08:00][sql] SHOW FULL COLUMNS FROM `carver_article` [ RunTime:0.000711s ]
[2021-05-03T15:39:10+08:00][sql] SELECT COUNT(*) AS think_count FROM `carver_article` WHERE  `delete_time` = 0  AND `is_show` = 1 [ RunTime:0.000380s ]
[2021-05-03T15:39:10+08:00][sql] SELECT `article_id`,`article_title`,`article_desc`,`article_content`,`article_img`,`article_guide`,`article_label`,`click_num`,`is_show`,`add_time`,`article_author`,`is_top_show` FROM `carver_article` WHERE  `delete_time` = 0  AND `is_show` = 1 ORDER BY `article_id` DESC LIMIT 0,6 [ RunTime:0.000736s ]
[2021-05-03T15:39:10+08:00][sql] SELECT article_id,article_title,click_num,FROM_UNIXTIME(add_time,'%Y-%m-%d') as add_time FROM `carver_article` WHERE  `is_show` = 1  AND `delete_time` = 0 ORDER BY `click_num` DESC LIMIT 3 [ RunTime:0.000397s ]
[2021-05-03T15:39:10+08:00][sql] SHOW FULL COLUMNS FROM `carver_notice` [ RunTime:0.000558s ]
[2021-05-03T15:39:10+08:00][sql] SELECT * FROM `carver_notice` ORDER BY `create_time` DESC LIMIT 3 [ RunTime:0.000279s ]
[2021-05-03T15:39:10+08:00][sql] SHOW FULL COLUMNS FROM `carver_navigation` [ RunTime:0.000499s ]
[2021-05-03T15:39:10+08:00][sql] SELECT * FROM `carver_navigation` [ RunTime:0.000233s ]
[2021-05-03T15:39:10+08:00][sql] SHOW FULL COLUMNS FROM `carver_link` [ RunTime:0.000551s ]
[2021-05-03T15:39:10+08:00][sql] SELECT * FROM `carver_link` WHERE  ( is_confirm=2 ) LIMIT 20 [ RunTime:0.000271s ]
[2021-05-03T15:39:10+08:00][sql] SELECT `article_label` FROM `carver_article` [ RunTime:0.000284s ]
[2021-05-03T15:39:10+08:00][sql] SHOW FULL COLUMNS FROM `carver_carouse` [ RunTime:0.000482s ]
[2021-05-03T15:39:10+08:00][sql] SELECT `carouse_img`,`carouse_desc` FROM `carver_carouse` WHERE  `is_show` = 1 ORDER BY `carouse_sort` DESC LIMIT 3 [ RunTime:0.000293s ]
[2021-05-03T15:39:10+08:00][sql] SHOW FULL COLUMNS FROM `carver_site` [ RunTime:0.000478s ]
[2021-05-03T15:39:10+08:00][sql] SELECT * FROM `carver_site` [ RunTime:0.000218s ]
[2021-05-03T20:04:25+08:00][sql] CONNECT:[ UseTime:0.000691s ] mysql:host=127.0.0.1;port=3306;dbname=carver;charset=utf8
[2021-05-03T20:04:25+08:00][sql] SHOW FULL COLUMNS FROM `carver_article` [ RunTime:0.000922s ]
[2021-05-03T20:04:25+08:00][sql] SELECT COUNT(*) AS think_count FROM `carver_article` WHERE  `article_guide` = 5  AND `delete_time` = 0  AND `is_show` = 1 [ RunTime:0.000742s ]
[2021-05-03T20:04:25+08:00][sql] SELECT * FROM `carver_article` WHERE  `article_guide` = 5  AND `delete_time` = 0  AND `is_show` = 1 ORDER BY `add_time` DESC LIMIT 0,6 [ RunTime:0.003759s ]
[2021-05-03T20:04:25+08:00][sql] SELECT article_id,article_title,click_num,FROM_UNIXTIME(add_time,'%Y-%m-%d') as add_time FROM `carver_article` WHERE  `is_show` = 1  AND `delete_time` = 0 ORDER BY `click_num` DESC LIMIT 3 [ RunTime:0.000594s ]
[2021-05-03T20:04:25+08:00][sql] SHOW FULL COLUMNS FROM `carver_notice` [ RunTime:0.000618s ]
[2021-05-03T20:04:25+08:00][sql] SELECT * FROM `carver_notice` ORDER BY `create_time` DESC LIMIT 3 [ RunTime:0.000293s ]
[2021-05-03T20:04:25+08:00][sql] SHOW FULL COLUMNS FROM `carver_navigation` [ RunTime:0.000553s ]
[2021-05-03T20:04:25+08:00][sql] SELECT * FROM `carver_navigation` [ RunTime:0.000252s ]
[2021-05-03T20:04:25+08:00][sql] SELECT `article_label` FROM `carver_article` [ RunTime:0.000258s ]
[2021-05-03T20:04:25+08:00][sql] SHOW FULL COLUMNS FROM `carver_carouse` [ RunTime:0.000599s ]
[2021-05-03T20:04:25+08:00][sql] SELECT `carouse_img`,`carouse_desc` FROM `carver_carouse` WHERE  `is_show` = 1 ORDER BY `carouse_sort` DESC LIMIT 3 [ RunTime:0.000309s ]
[2021-05-03T20:04:25+08:00][sql] SHOW FULL COLUMNS FROM `carver_link` [ RunTime:0.000466s ]
[2021-05-03T20:04:25+08:00][sql] SELECT * FROM `carver_link` WHERE  ( is_confirm=2 ) LIMIT 20 [ RunTime:0.000286s ]
[2021-05-03T20:04:25+08:00][sql] SHOW FULL COLUMNS FROM `carver_site` [ RunTime:0.000526s ]
[2021-05-03T20:04:25+08:00][sql] SELECT * FROM `carver_site` [ RunTime:0.000257s ]
[2021-05-03T20:14:09+08:00][sql] CONNECT:[ UseTime:0.000671s ] mysql:host=127.0.0.1;port=3306;dbname=carver;charset=utf8
[2021-05-03T20:14:09+08:00][sql] SHOW FULL COLUMNS FROM `carver_article` [ RunTime:0.000862s ]
[2021-05-03T20:14:09+08:00][sql] SELECT `article_id`,`article_title`,`article_desc`,`article_content`,`article_img`,`article_guide`,`article_label`,`click_num`,`is_show`,`add_time`,`article_author` FROM `carver_article` WHERE  `article_id` = 24 LIMIT 1 [ RunTime:0.000595s ]
[2021-05-03T20:14:09+08:00][sql] SELECT `article_id`,`article_title`,`article_desc`,`article_content`,`article_img`,`article_guide`,`article_label`,`click_num`,`is_show`,`add_time`,`article_author` FROM `carver_article` WHERE  `article_id` > 24 LIMIT 1 [ RunTime:0.000468s ]
[2021-05-03T20:14:09+08:00][sql] SELECT `article_id`,`article_title`,`article_desc`,`article_content`,`article_img`,`article_guide`,`article_label`,`click_num`,`is_show`,`add_time`,`article_author` FROM `carver_article` WHERE  `article_id` < 24 ORDER BY `article_id` DESC LIMIT 1 [ RunTime:0.000528s ]
[2021-05-03T20:14:09+08:00][sql] SHOW FULL COLUMNS FROM `carver_link` [ RunTime:0.000828s ]
[2021-05-03T20:14:09+08:00][sql] SELECT * FROM `carver_link` WHERE  ( is_confirm=2 ) LIMIT 20 [ RunTime:0.000450s ]
[2021-05-03T20:14:09+08:00][sql] SELECT article_id,article_title,click_num,FROM_UNIXTIME(add_time,'%Y-%m-%d') as add_time FROM `carver_article` ORDER BY `click_num` DESC LIMIT 3 [ RunTime:0.000454s ]
[2021-05-03T20:14:09+08:00][sql] SHOW FULL COLUMNS FROM `carver_comment` [ RunTime:0.000671s ]
[2021-05-03T20:14:09+08:00][sql] SELECT `a`.*,`b`.`user_name` FROM `carver_comment` `a` INNER JOIN `carver_user` `b` ON `a`.`user_id`=`b`.`user_id` WHERE  `article_id` = 24 ORDER BY `create_time` DESC [ RunTime:0.000391s ]
[2021-05-03T20:14:09+08:00][sql] SHOW FULL COLUMNS FROM `carver_comment_to_others` [ RunTime:0.000550s ]
[2021-05-03T20:14:09+08:00][sql] SELECT * FROM `carver_comment_to_others` [ RunTime:0.000232s ]
[2021-05-03T20:14:09+08:00][sql] SHOW FULL COLUMNS FROM `carver_user` [ RunTime:0.000442s ]
[2021-05-03T20:14:09+08:00][sql] SELECT `user_name` FROM `carver_user` WHERE  `user_id` = 4 LIMIT 1 [ RunTime:0.000233s ]
[2021-05-03T20:14:09+08:00][sql] SELECT `user_name` FROM `carver_user` WHERE  `user_id` = 4 LIMIT 1 [ RunTime:0.000213s ]
[2021-05-03T20:14:09+08:00][sql] SELECT `user_name` FROM `carver_user` WHERE  `user_id` = 5 LIMIT 1 [ RunTime:0.000250s ]
[2021-05-03T20:14:09+08:00][sql] SELECT `user_name` FROM `carver_user` WHERE  `user_id` = 5 LIMIT 1 [ RunTime:0.000224s ]
[2021-05-03T20:14:09+08:00][sql] SELECT `user_name`,`user_id` FROM `carver_user` [ RunTime:0.000247s ]
[2021-05-03T20:14:09+08:00][sql] SHOW FULL COLUMNS FROM `carver_navigation` [ RunTime:0.000516s ]
[2021-05-03T20:14:09+08:00][sql] SELECT * FROM `carver_navigation` [ RunTime:0.000250s ]
[2021-05-03T20:14:09+08:00][sql] SELECT `article_label` FROM `carver_article` [ RunTime:0.000244s ]
[2021-05-03T21:55:32+08:00][sql] CONNECT:[ UseTime:0.000733s ] mysql:host=127.0.0.1;port=3306;dbname=carver;charset=utf8
[2021-05-03T21:55:32+08:00][sql] SHOW FULL COLUMNS FROM `carver_user` [ RunTime:0.000883s ]
[2021-05-03T21:55:32+08:00][sql] SHOW FULL COLUMNS FROM `carver_article` [ RunTime:0.000731s ]
[2021-05-03T21:55:32+08:00][sql] SELECT COUNT(*) AS think_count FROM `carver_article` WHERE  `delete_time` = 0  AND `is_show` = 1 [ RunTime:0.000412s ]
[2021-05-03T21:55:32+08:00][sql] SELECT `article_id`,`article_title`,`article_desc`,`article_content`,`article_img`,`article_guide`,`article_label`,`click_num`,`is_show`,`add_time`,`article_author`,`is_top_show` FROM `carver_article` WHERE  `delete_time` = 0  AND `is_show` = 1 ORDER BY `article_id` DESC LIMIT 0,6 [ RunTime:0.000758s ]
[2021-05-03T21:55:32+08:00][sql] SELECT article_id,article_title,click_num,FROM_UNIXTIME(add_time,'%Y-%m-%d') as add_time FROM `carver_article` WHERE  `is_show` = 1  AND `delete_time` = 0 ORDER BY `click_num` DESC LIMIT 3 [ RunTime:0.000405s ]
[2021-05-03T21:55:32+08:00][sql] SHOW FULL COLUMNS FROM `carver_notice` [ RunTime:0.000621s ]
[2021-05-03T21:55:32+08:00][sql] SELECT * FROM `carver_notice` ORDER BY `create_time` DESC LIMIT 3 [ RunTime:0.000305s ]
[2021-05-03T21:55:32+08:00][sql] SHOW FULL COLUMNS FROM `carver_navigation` [ RunTime:0.000529s ]
[2021-05-03T21:55:32+08:00][sql] SELECT * FROM `carver_navigation` [ RunTime:0.000247s ]
[2021-05-03T21:55:32+08:00][sql] SHOW FULL COLUMNS FROM `carver_link` [ RunTime:0.000794s ]
[2021-05-03T21:55:32+08:00][sql] SELECT * FROM `carver_link` WHERE  ( is_confirm=2 ) LIMIT 20 [ RunTime:0.000297s ]
[2021-05-03T21:55:32+08:00][sql] SELECT `article_label` FROM `carver_article` [ RunTime:0.000275s ]
[2021-05-03T21:55:32+08:00][sql] SHOW FULL COLUMNS FROM `carver_carouse` [ RunTime:0.000524s ]
[2021-05-03T21:55:32+08:00][sql] SELECT `carouse_img`,`carouse_desc` FROM `carver_carouse` WHERE  `is_show` = 1 ORDER BY `carouse_sort` DESC LIMIT 3 [ RunTime:0.000318s ]
[2021-05-03T21:55:32+08:00][sql] SHOW FULL COLUMNS FROM `carver_site` [ RunTime:0.000504s ]
[2021-05-03T21:55:32+08:00][sql] SELECT * FROM `carver_site` [ RunTime:0.000253s ]
[2021-05-03T22:03:06+08:00][sql] CONNECT:[ UseTime:0.000507s ] mysql:host=127.0.0.1;port=3306;dbname=carver;charset=utf8
[2021-05-03T22:03:06+08:00][sql] SHOW FULL COLUMNS FROM `carver_article` [ RunTime:0.000923s ]
[2021-05-03T22:03:06+08:00][sql] SELECT COUNT(*) AS think_count FROM `carver_article` WHERE  `article_guide` = 61  AND `delete_time` = 0  AND `is_show` = 1 [ RunTime:0.000434s ]
[2021-05-03T22:03:06+08:00][sql] SELECT * FROM `carver_article` WHERE  `article_guide` = 61  AND `delete_time` = 0  AND `is_show` = 1 ORDER BY `add_time` DESC LIMIT 0,6 [ RunTime:0.000414s ]
[2021-05-03T22:03:06+08:00][sql] SELECT article_id,article_title,click_num,FROM_UNIXTIME(add_time,'%Y-%m-%d') as add_time FROM `carver_article` WHERE  `is_show` = 1  AND `delete_time` = 0 ORDER BY `click_num` DESC LIMIT 3 [ RunTime:0.013211s ]
[2021-05-03T22:03:06+08:00][sql] SHOW FULL COLUMNS FROM `carver_notice` [ RunTime:0.000921s ]
[2021-05-03T22:03:06+08:00][sql] SELECT * FROM `carver_notice` ORDER BY `create_time` DESC LIMIT 3 [ RunTime:0.000441s ]
[2021-05-03T22:03:06+08:00][sql] SHOW FULL COLUMNS FROM `carver_navigation` [ RunTime:0.000689s ]
[2021-05-03T22:03:06+08:00][sql] SELECT * FROM `carver_navigation` [ RunTime:0.000349s ]
[2021-05-03T22:03:06+08:00][sql] SELECT `article_label` FROM `carver_article` [ RunTime:0.000278s ]
[2021-05-03T22:03:06+08:00][sql] SHOW FULL COLUMNS FROM `carver_carouse` [ RunTime:0.000609s ]
[2021-05-03T22:03:06+08:00][sql] SELECT `carouse_img`,`carouse_desc` FROM `carver_carouse` WHERE  `is_show` = 1 ORDER BY `carouse_sort` DESC LIMIT 3 [ RunTime:0.000458s ]
[2021-05-03T22:03:06+08:00][sql] SHOW FULL COLUMNS FROM `carver_link` [ RunTime:0.000553s ]
[2021-05-03T22:03:06+08:00][sql] SELECT * FROM `carver_link` WHERE  ( is_confirm=2 ) LIMIT 20 [ RunTime:0.000385s ]
[2021-05-03T22:03:06+08:00][sql] SHOW FULL COLUMNS FROM `carver_site` [ RunTime:0.000620s ]
[2021-05-03T22:03:06+08:00][sql] SELECT * FROM `carver_site` [ RunTime:0.000348s ]
[2021-05-03T22:39:13+08:00][sql] CONNECT:[ UseTime:0.000558s ] mysql:host=127.0.0.1;port=3306;dbname=carver;charset=utf8
[2021-05-03T22:39:13+08:00][sql] SHOW FULL COLUMNS FROM `carver_article` [ RunTime:0.001020s ]
[2021-05-03T22:39:13+08:00][sql] SELECT COUNT(*) AS think_count FROM `carver_article` WHERE  `article_guide` = 65  AND `delete_time` = 0  AND `is_show` = 1 [ RunTime:0.000430s ]
[2021-05-03T22:39:13+08:00][sql] SELECT * FROM `carver_article` WHERE  `article_guide` = 65  AND `delete_time` = 0  AND `is_show` = 1 ORDER BY `add_time` DESC LIMIT 0,6 [ RunTime:0.000432s ]
[2021-05-03T22:39:13+08:00][sql] SELECT article_id,article_title,click_num,FROM_UNIXTIME(add_time,'%Y-%m-%d') as add_time FROM `carver_article` WHERE  `is_show` = 1  AND `delete_time` = 0 ORDER BY `click_num` DESC LIMIT 3 [ RunTime:0.000508s ]
[2021-05-03T22:39:13+08:00][sql] SHOW FULL COLUMNS FROM `carver_notice` [ RunTime:0.000750s ]
[2021-05-03T22:39:13+08:00][sql] SELECT * FROM `carver_notice` ORDER BY `create_time` DESC LIMIT 3 [ RunTime:0.000311s ]
[2021-05-03T22:39:13+08:00][sql] SHOW FULL COLUMNS FROM `carver_navigation` [ RunTime:0.000582s ]
[2021-05-03T22:39:13+08:00][sql] SELECT * FROM `carver_navigation` [ RunTime:0.000300s ]
[2021-05-03T22:39:13+08:00][sql] SELECT `article_label` FROM `carver_article` [ RunTime:0.000327s ]
[2021-05-03T22:39:13+08:00][sql] SHOW FULL COLUMNS FROM `carver_carouse` [ RunTime:0.000601s ]
[2021-05-03T22:39:13+08:00][sql] SELECT `carouse_img`,`carouse_desc` FROM `carver_carouse` WHERE  `is_show` = 1 ORDER BY `carouse_sort` DESC LIMIT 3 [ RunTime:0.000378s ]
[2021-05-03T22:39:13+08:00][sql] SHOW FULL COLUMNS FROM `carver_link` [ RunTime:0.000636s ]
[2021-05-03T22:39:13+08:00][sql] SELECT * FROM `carver_link` WHERE  ( is_confirm=2 ) LIMIT 20 [ RunTime:0.000323s ]
[2021-05-03T22:39:13+08:00][sql] SHOW FULL COLUMNS FROM `carver_site` [ RunTime:0.000593s ]
[2021-05-03T22:39:13+08:00][sql] SELECT * FROM `carver_site` [ RunTime:0.000441s ]
