[2021-05-05T00:08:36+08:00][sql] CONNECT:[ UseTime:0.000581s ] mysql:host=127.0.0.1;port=3306;dbname=carver;charset=utf8
[2021-05-05T00:08:36+08:00][sql] SHOW FULL COLUMNS FROM `carver_article` [ RunTime:0.000851s ]
[2021-05-05T00:08:36+08:00][sql] SELECT COUNT(*) AS think_count FROM `carver_article` WHERE  `article_guide` = 59  AND `delete_time` = 0  AND `is_show` = 1 [ RunTime:0.000393s ]
[2021-05-05T00:08:36+08:00][sql] SELECT * FROM `carver_article` WHERE  `article_guide` = 59  AND `delete_time` = 0  AND `is_show` = 1 ORDER BY `add_time` DESC LIMIT 0,6 [ RunTime:0.000406s ]
[2021-05-05T00:08:36+08:00][sql] SELECT article_id,article_title,click_num,FROM_UNIXTIME(add_time,'%Y-%m-%d') as add_time FROM `carver_article` WHERE  `is_show` = 1  AND `delete_time` = 0 ORDER BY `click_num` DESC LIMIT 3 [ RunTime:0.000455s ]
[2021-05-05T00:08:36+08:00][sql] SHOW FULL COLUMNS FROM `carver_notice` [ RunTime:0.000580s ]
[2021-05-05T00:08:36+08:00][sql] SELECT * FROM `carver_notice` ORDER BY `create_time` DESC LIMIT 3 [ RunTime:0.000319s ]
[2021-05-05T00:08:36+08:00][sql] SHOW FULL COLUMNS FROM `carver_navigation` [ RunTime:0.000669s ]
[2021-05-05T00:08:36+08:00][sql] SELECT * FROM `carver_navigation` [ RunTime:0.000282s ]
[2021-05-05T00:08:36+08:00][sql] SELECT `article_label` FROM `carver_article` [ RunTime:0.000246s ]
[2021-05-05T00:08:36+08:00][sql] SHOW FULL COLUMNS FROM `carver_carouse` [ RunTime:0.000543s ]
[2021-05-05T00:08:36+08:00][sql] SELECT `carouse_img`,`carouse_desc` FROM `carver_carouse` WHERE  `is_show` = 1 ORDER BY `carouse_sort` DESC LIMIT 3 [ RunTime:0.000292s ]
[2021-05-05T00:08:36+08:00][sql] SHOW FULL COLUMNS FROM `carver_link` [ RunTime:0.000538s ]
[2021-05-05T00:08:36+08:00][sql] SELECT * FROM `carver_link` WHERE  ( is_confirm=2 ) LIMIT 20 [ RunTime:0.000323s ]
[2021-05-05T00:08:36+08:00][sql] SHOW FULL COLUMNS FROM `carver_site` [ RunTime:0.000554s ]
[2021-05-05T00:08:36+08:00][sql] SELECT * FROM `carver_site` [ RunTime:0.000269s ]
[2021-05-05T01:58:35+08:00][sql] CONNECT:[ UseTime:0.000929s ] mysql:host=127.0.0.1;port=3306;dbname=carver;charset=utf8
[2021-05-05T01:58:35+08:00][sql] SHOW FULL COLUMNS FROM `carver_user` [ RunTime:0.000864s ]
[2021-05-05T01:58:35+08:00][sql] SHOW FULL COLUMNS FROM `carver_article` [ RunTime:0.000827s ]
[2021-05-05T01:58:35+08:00][sql] SELECT COUNT(*) AS think_count FROM `carver_article` WHERE  `delete_time` = 0  AND `is_show` = 1 [ RunTime:0.000402s ]
[2021-05-05T01:58:35+08:00][sql] SELECT `article_id`,`article_title`,`article_desc`,`article_content`,`article_img`,`article_guide`,`article_label`,`click_num`,`is_show`,`add_time`,`article_author`,`is_top_show` FROM `carver_article` WHERE  `delete_time` = 0  AND `is_show` = 1 ORDER BY `article_id` DESC LIMIT 0,6 [ RunTime:0.000699s ]
[2021-05-05T01:58:35+08:00][sql] SELECT article_id,article_title,click_num,FROM_UNIXTIME(add_time,'%Y-%m-%d') as add_time FROM `carver_article` WHERE  `is_show` = 1  AND `delete_time` = 0 ORDER BY `click_num` DESC LIMIT 3 [ RunTime:0.000586s ]
[2021-05-05T01:58:35+08:00][sql] SHOW FULL COLUMNS FROM `carver_notice` [ RunTime:0.000612s ]
[2021-05-05T01:58:35+08:00][sql] SELECT * FROM `carver_notice` ORDER BY `create_time` DESC LIMIT 3 [ RunTime:0.000294s ]
[2021-05-05T01:58:35+08:00][sql] SHOW FULL COLUMNS FROM `carver_navigation` [ RunTime:0.000641s ]
[2021-05-05T01:58:35+08:00][sql] SELECT * FROM `carver_navigation` [ RunTime:0.000259s ]
[2021-05-05T01:58:35+08:00][sql] SHOW FULL COLUMNS FROM `carver_link` [ RunTime:0.000559s ]
[2021-05-05T01:58:35+08:00][sql] SELECT * FROM `carver_link` WHERE  ( is_confirm=2 ) LIMIT 20 [ RunTime:0.000294s ]
[2021-05-05T01:58:35+08:00][sql] SELECT `article_label` FROM `carver_article` [ RunTime:0.000271s ]
[2021-05-05T01:58:35+08:00][sql] SHOW FULL COLUMNS FROM `carver_carouse` [ RunTime:0.000554s ]
[2021-05-05T01:58:35+08:00][sql] SELECT `carouse_img`,`carouse_desc` FROM `carver_carouse` WHERE  `is_show` = 1 ORDER BY `carouse_sort` DESC LIMIT 3 [ RunTime:0.000309s ]
[2021-05-05T01:58:35+08:00][sql] SHOW FULL COLUMNS FROM `carver_site` [ RunTime:0.000523s ]
[2021-05-05T01:58:35+08:00][sql] SELECT * FROM `carver_site` [ RunTime:0.000252s ]
[2021-05-05T03:37:38+08:00][sql] CONNECT:[ UseTime:0.000605s ] mysql:host=127.0.0.1;port=3306;dbname=carver;charset=utf8
[2021-05-05T03:37:38+08:00][sql] SHOW FULL COLUMNS FROM `carver_user` [ RunTime:0.000797s ]
[2021-05-05T03:37:38+08:00][sql] SHOW FULL COLUMNS FROM `carver_article` [ RunTime:0.000685s ]
[2021-05-05T03:37:38+08:00][sql] SELECT COUNT(*) AS think_count FROM `carver_article` WHERE  `delete_time` = 0  AND `is_show` = 1 [ RunTime:0.000359s ]
[2021-05-05T03:37:38+08:00][sql] SELECT `article_id`,`article_title`,`article_desc`,`article_content`,`article_img`,`article_guide`,`article_label`,`click_num`,`is_show`,`add_time`,`article_author`,`is_top_show` FROM `carver_article` WHERE  `delete_time` = 0  AND `is_show` = 1 ORDER BY `article_id` DESC LIMIT 0,6 [ RunTime:0.000606s ]
[2021-05-05T03:37:38+08:00][sql] SELECT article_id,article_title,click_num,FROM_UNIXTIME(add_time,'%Y-%m-%d') as add_time FROM `carver_article` WHERE  `is_show` = 1  AND `delete_time` = 0 ORDER BY `click_num` DESC LIMIT 3 [ RunTime:0.000445s ]
[2021-05-05T03:37:38+08:00][sql] SHOW FULL COLUMNS FROM `carver_notice` [ RunTime:0.000530s ]
[2021-05-05T03:37:38+08:00][sql] SELECT * FROM `carver_notice` ORDER BY `create_time` DESC LIMIT 3 [ RunTime:0.000274s ]
[2021-05-05T03:37:38+08:00][sql] SHOW FULL COLUMNS FROM `carver_navigation` [ RunTime:0.000544s ]
[2021-05-05T03:37:38+08:00][sql] SELECT * FROM `carver_navigation` [ RunTime:0.000228s ]
[2021-05-05T03:37:38+08:00][sql] SHOW FULL COLUMNS FROM `carver_link` [ RunTime:0.000486s ]
[2021-05-05T03:37:38+08:00][sql] SELECT * FROM `carver_link` WHERE  ( is_confirm=2 ) LIMIT 20 [ RunTime:0.000289s ]
[2021-05-05T03:37:38+08:00][sql] SELECT `article_label` FROM `carver_article` [ RunTime:0.000265s ]
[2021-05-05T03:37:38+08:00][sql] SHOW FULL COLUMNS FROM `carver_carouse` [ RunTime:0.000531s ]
[2021-05-05T03:37:38+08:00][sql] SELECT `carouse_img`,`carouse_desc` FROM `carver_carouse` WHERE  `is_show` = 1 ORDER BY `carouse_sort` DESC LIMIT 3 [ RunTime:0.000272s ]
[2021-05-05T03:37:38+08:00][sql] SHOW FULL COLUMNS FROM `carver_site` [ RunTime:0.000498s ]
[2021-05-05T03:37:38+08:00][sql] SELECT * FROM `carver_site` [ RunTime:0.000234s ]
[2021-05-05T04:28:48+08:00][sql] CONNECT:[ UseTime:0.000628s ] mysql:host=127.0.0.1;port=3306;dbname=carver;charset=utf8
[2021-05-05T04:28:48+08:00][sql] SHOW FULL COLUMNS FROM `carver_article` [ RunTime:0.000890s ]
[2021-05-05T04:28:48+08:00][sql] SELECT COUNT(*) AS think_count FROM `carver_article` WHERE  `article_guide` = 8  AND `delete_time` = 0  AND `is_show` = 1 [ RunTime:0.000423s ]
[2021-05-05T04:28:48+08:00][sql] SELECT * FROM `carver_article` WHERE  `article_guide` = 8  AND `delete_time` = 0  AND `is_show` = 1 ORDER BY `add_time` DESC LIMIT 0,6 [ RunTime:0.000614s ]
[2021-05-05T04:28:48+08:00][sql] SELECT article_id,article_title,click_num,FROM_UNIXTIME(add_time,'%Y-%m-%d') as add_time FROM `carver_article` WHERE  `is_show` = 1  AND `delete_time` = 0 ORDER BY `click_num` DESC LIMIT 3 [ RunTime:0.000476s ]
[2021-05-05T04:28:48+08:00][sql] SHOW FULL COLUMNS FROM `carver_notice` [ RunTime:0.000651s ]
[2021-05-05T04:28:48+08:00][sql] SELECT * FROM `carver_notice` ORDER BY `create_time` DESC LIMIT 3 [ RunTime:0.000293s ]
[2021-05-05T04:28:48+08:00][sql] SHOW FULL COLUMNS FROM `carver_navigation` [ RunTime:0.000530s ]
[2021-05-05T04:28:48+08:00][sql] SELECT * FROM `carver_navigation` [ RunTime:0.000263s ]
[2021-05-05T04:28:48+08:00][sql] SELECT `article_label` FROM `carver_article` [ RunTime:0.000269s ]
[2021-05-05T04:28:48+08:00][sql] SHOW FULL COLUMNS FROM `carver_carouse` [ RunTime:0.000504s ]
[2021-05-05T04:28:48+08:00][sql] SELECT `carouse_img`,`carouse_desc` FROM `carver_carouse` WHERE  `is_show` = 1 ORDER BY `carouse_sort` DESC LIMIT 3 [ RunTime:0.000320s ]
[2021-05-05T04:28:48+08:00][sql] SHOW FULL COLUMNS FROM `carver_link` [ RunTime:0.000492s ]
[2021-05-05T04:28:48+08:00][sql] SELECT * FROM `carver_link` WHERE  ( is_confirm=2 ) LIMIT 20 [ RunTime:0.000323s ]
[2021-05-05T04:28:48+08:00][sql] SHOW FULL COLUMNS FROM `carver_site` [ RunTime:0.000538s ]
[2021-05-05T04:28:48+08:00][sql] SELECT * FROM `carver_site` [ RunTime:0.000230s ]
[2021-05-05T04:38:15+08:00][sql] CONNECT:[ UseTime:0.000673s ] mysql:host=127.0.0.1;port=3306;dbname=carver;charset=utf8
[2021-05-05T04:38:15+08:00][sql] SHOW FULL COLUMNS FROM `carver_article` [ RunTime:0.000924s ]
[2021-05-05T04:38:15+08:00][sql] SELECT COUNT(*) AS think_count FROM `carver_article` WHERE  `article_label` LIKE '%网络安全%'  AND `delete_time` = 0  AND `is_show` = 1 [ RunTime:0.000466s ]
[2021-05-05T04:38:15+08:00][sql] SELECT * FROM `carver_article` WHERE  `article_label` LIKE '%网络安全%'  AND `delete_time` = 0  AND `is_show` = 1 LIMIT 0,6 [ RunTime:0.001133s ]
[2021-05-05T04:38:15+08:00][sql] SELECT article_id,article_title,click_num,FROM_UNIXTIME(add_time,'%Y-%m-%d') as add_time FROM `carver_article` WHERE  `is_show` = 1  AND `delete_time` = 0 ORDER BY `click_num` DESC LIMIT 3 [ RunTime:0.000541s ]
[2021-05-05T04:38:15+08:00][sql] SHOW FULL COLUMNS FROM `carver_notice` [ RunTime:0.000644s ]
[2021-05-05T04:38:15+08:00][sql] SELECT * FROM `carver_notice` ORDER BY `create_time` DESC LIMIT 3 [ RunTime:0.000307s ]
[2021-05-05T04:38:15+08:00][sql] SHOW FULL COLUMNS FROM `carver_navigation` [ RunTime:0.000612s ]
[2021-05-05T04:38:15+08:00][sql] SELECT * FROM `carver_navigation` [ RunTime:0.000315s ]
[2021-05-05T04:38:15+08:00][sql] SHOW FULL COLUMNS FROM `carver_link` [ RunTime:0.000886s ]
[2021-05-05T04:38:15+08:00][sql] SELECT * FROM `carver_link` WHERE  ( is_confirm=2 ) LIMIT 20 [ RunTime:0.000336s ]
[2021-05-05T04:38:15+08:00][sql] SELECT `article_label` FROM `carver_article` [ RunTime:0.000279s ]
[2021-05-05T04:38:15+08:00][sql] SHOW FULL COLUMNS FROM `carver_carouse` [ RunTime:0.000504s ]
[2021-05-05T04:38:15+08:00][sql] SELECT `carouse_img`,`carouse_desc` FROM `carver_carouse` WHERE  `is_show` = 1 ORDER BY `carouse_sort` DESC LIMIT 3 [ RunTime:0.000334s ]
[2021-05-05T04:38:15+08:00][sql] SHOW FULL COLUMNS FROM `carver_site` [ RunTime:0.000485s ]
[2021-05-05T04:38:15+08:00][sql] SELECT * FROM `carver_site` [ RunTime:0.000275s ]
[2021-05-05T05:39:21+08:00][sql] CONNECT:[ UseTime:0.000653s ] mysql:host=127.0.0.1;port=3306;dbname=carver;charset=utf8
[2021-05-05T05:39:21+08:00][sql] SHOW FULL COLUMNS FROM `carver_article` [ RunTime:0.000926s ]
[2021-05-05T05:39:21+08:00][sql] SELECT `article_id`,`article_title`,`article_desc`,`article_content`,`article_img`,`article_guide`,`article_label`,`click_num`,`is_show`,`add_time`,`article_author` FROM `carver_article` WHERE  `article_id` = 9 LIMIT 1 [ RunTime:0.000609s ]
[2021-05-05T05:39:21+08:00][sql] SELECT `article_id`,`article_title`,`article_desc`,`article_content`,`article_img`,`article_guide`,`article_label`,`click_num`,`is_show`,`add_time`,`article_author` FROM `carver_article` WHERE  `article_id` > 9 LIMIT 1 [ RunTime:0.000466s ]
[2021-05-05T05:39:21+08:00][sql] SELECT `article_id`,`article_title`,`article_desc`,`article_content`,`article_img`,`article_guide`,`article_label`,`click_num`,`is_show`,`add_time`,`article_author` FROM `carver_article` WHERE  `article_id` < 9 ORDER BY `article_id` DESC LIMIT 1 [ RunTime:0.000367s ]
[2021-05-05T05:39:21+08:00][sql] SHOW FULL COLUMNS FROM `carver_link` [ RunTime:0.000575s ]
[2021-05-05T05:39:21+08:00][sql] SELECT * FROM `carver_link` WHERE  ( is_confirm=2 ) LIMIT 20 [ RunTime:0.000346s ]
[2021-05-05T05:39:21+08:00][sql] SELECT article_id,article_title,click_num,FROM_UNIXTIME(add_time,'%Y-%m-%d') as add_time FROM `carver_article` ORDER BY `click_num` DESC LIMIT 3 [ RunTime:0.000375s ]
[2021-05-05T05:39:21+08:00][sql] SHOW FULL COLUMNS FROM `carver_comment` [ RunTime:0.000654s ]
[2021-05-05T05:39:21+08:00][sql] SELECT `a`.*,`b`.`user_name` FROM `carver_comment` `a` INNER JOIN `carver_user` `b` ON `a`.`user_id`=`b`.`user_id` WHERE  `article_id` = 9 ORDER BY `create_time` DESC [ RunTime:0.000351s ]
[2021-05-05T05:39:21+08:00][sql] SHOW FULL COLUMNS FROM `carver_comment_to_others` [ RunTime:0.000554s ]
[2021-05-05T05:39:21+08:00][sql] SELECT * FROM `carver_comment_to_others` [ RunTime:0.000261s ]
[2021-05-05T05:39:21+08:00][sql] SHOW FULL COLUMNS FROM `carver_user` [ RunTime:0.000469s ]
[2021-05-05T05:39:21+08:00][sql] SELECT `user_name` FROM `carver_user` WHERE  `user_id` = 4 LIMIT 1 [ RunTime:0.000290s ]
[2021-05-05T05:39:21+08:00][sql] SELECT `user_name` FROM `carver_user` WHERE  `user_id` = 4 LIMIT 1 [ RunTime:0.000238s ]
[2021-05-05T05:39:21+08:00][sql] SELECT `user_name` FROM `carver_user` WHERE  `user_id` = 5 LIMIT 1 [ RunTime:0.000209s ]
[2021-05-05T05:39:21+08:00][sql] SELECT `user_name` FROM `carver_user` WHERE  `user_id` = 5 LIMIT 1 [ RunTime:0.000232s ]
[2021-05-05T05:39:21+08:00][sql] SELECT `user_name`,`user_id` FROM `carver_user` [ RunTime:0.000225s ]
[2021-05-05T05:39:21+08:00][sql] SHOW FULL COLUMNS FROM `carver_navigation` [ RunTime:0.000517s ]
[2021-05-05T05:39:21+08:00][sql] SELECT * FROM `carver_navigation` [ RunTime:0.000242s ]
[2021-05-05T05:39:21+08:00][sql] SELECT `article_label` FROM `carver_article` [ RunTime:0.000258s ]
[2021-05-05T06:25:00+08:00][sql] CONNECT:[ UseTime:0.000607s ] mysql:host=127.0.0.1;port=3306;dbname=carver;charset=utf8
[2021-05-05T06:25:00+08:00][sql] SHOW FULL COLUMNS FROM `carver_article` [ RunTime:0.000944s ]
[2021-05-05T06:25:00+08:00][sql] SELECT `article_id`,`article_title`,`article_desc`,`article_content`,`article_img`,`article_guide`,`article_label`,`click_num`,`is_show`,`add_time`,`article_author` FROM `carver_article` WHERE  `article_id` = 1 LIMIT 1 [ RunTime:0.000512s ]
[2021-05-05T06:25:00+08:00][sql] SELECT `article_id`,`article_title`,`article_desc`,`article_content`,`article_img`,`article_guide`,`article_label`,`click_num`,`is_show`,`add_time`,`article_author` FROM `carver_article` WHERE  `article_id` > 1 LIMIT 1 [ RunTime:0.000380s ]
[2021-05-05T06:25:00+08:00][sql] SELECT `article_id`,`article_title`,`article_desc`,`article_content`,`article_img`,`article_guide`,`article_label`,`click_num`,`is_show`,`add_time`,`article_author` FROM `carver_article` WHERE  `article_id` < 1 ORDER BY `article_id` DESC LIMIT 1 [ RunTime:0.000324s ]
[2021-05-05T06:25:00+08:00][sql] SHOW FULL COLUMNS FROM `carver_link` [ RunTime:0.000614s ]
[2021-05-05T06:25:00+08:00][sql] SELECT * FROM `carver_link` WHERE  ( is_confirm=2 ) LIMIT 20 [ RunTime:0.000307s ]
[2021-05-05T06:25:00+08:00][sql] SELECT article_id,article_title,click_num,FROM_UNIXTIME(add_time,'%Y-%m-%d') as add_time FROM `carver_article` ORDER BY `click_num` DESC LIMIT 3 [ RunTime:0.000399s ]
[2021-05-05T06:25:00+08:00][sql] SHOW FULL COLUMNS FROM `carver_comment` [ RunTime:0.000607s ]
[2021-05-05T06:25:00+08:00][sql] SELECT `a`.*,`b`.`user_name` FROM `carver_comment` `a` INNER JOIN `carver_user` `b` ON `a`.`user_id`=`b`.`user_id` WHERE  `article_id` = 1 ORDER BY `create_time` DESC [ RunTime:0.000436s ]
[2021-05-05T06:25:00+08:00][sql] SHOW FULL COLUMNS FROM `carver_comment_to_others` [ RunTime:0.000570s ]
[2021-05-05T06:25:00+08:00][sql] SELECT * FROM `carver_comment_to_others` [ RunTime:0.000269s ]
[2021-05-05T06:25:00+08:00][sql] SHOW FULL COLUMNS FROM `carver_user` [ RunTime:0.000497s ]
[2021-05-05T06:25:00+08:00][sql] SELECT `user_name` FROM `carver_user` WHERE  `user_id` = 4 LIMIT 1 [ RunTime:0.000240s ]
[2021-05-05T06:25:00+08:00][sql] SELECT `user_name` FROM `carver_user` WHERE  `user_id` = 4 LIMIT 1 [ RunTime:0.000247s ]
[2021-05-05T06:25:00+08:00][sql] SELECT `user_name` FROM `carver_user` WHERE  `user_id` = 5 LIMIT 1 [ RunTime:0.000225s ]
[2021-05-05T06:25:00+08:00][sql] SELECT `user_name` FROM `carver_user` WHERE  `user_id` = 5 LIMIT 1 [ RunTime:0.000206s ]
[2021-05-05T06:25:00+08:00][sql] SELECT `user_name`,`user_id` FROM `carver_user` [ RunTime:0.000240s ]
[2021-05-05T06:25:00+08:00][sql] SHOW FULL COLUMNS FROM `carver_navigation` [ RunTime:0.000571s ]
[2021-05-05T06:25:00+08:00][sql] SELECT * FROM `carver_navigation` [ RunTime:0.000238s ]
[2021-05-05T06:25:00+08:00][sql] SELECT `article_label` FROM `carver_article` [ RunTime:0.000288s ]
[2021-05-05T07:15:59+08:00][sql] CONNECT:[ UseTime:0.000642s ] mysql:host=127.0.0.1;port=3306;dbname=carver;charset=utf8
[2021-05-05T07:15:59+08:00][sql] SHOW FULL COLUMNS FROM `carver_article` [ RunTime:0.000922s ]
[2021-05-05T07:15:59+08:00][sql] SELECT `article_id`,`article_title`,`article_desc`,`article_content`,`article_img`,`article_guide`,`article_label`,`click_num`,`is_show`,`add_time`,`article_author` FROM `carver_article` WHERE  `article_id` = 18 LIMIT 1 [ RunTime:0.000510s ]
[2021-05-05T07:15:59+08:00][sql] SELECT `article_id`,`article_title`,`article_desc`,`article_content`,`article_img`,`article_guide`,`article_label`,`click_num`,`is_show`,`add_time`,`article_author` FROM `carver_article` WHERE  `article_id` > 18 LIMIT 1 [ RunTime:0.002503s ]
[2021-05-05T07:15:59+08:00][sql] SELECT `article_id`,`article_title`,`article_desc`,`article_content`,`article_img`,`article_guide`,`article_label`,`click_num`,`is_show`,`add_time`,`article_author` FROM `carver_article` WHERE  `article_id` < 18 ORDER BY `article_id` DESC LIMIT 1 [ RunTime:0.000458s ]
[2021-05-05T07:15:59+08:00][sql] SHOW FULL COLUMNS FROM `carver_link` [ RunTime:0.000601s ]
[2021-05-05T07:15:59+08:00][sql] SELECT * FROM `carver_link` WHERE  ( is_confirm=2 ) LIMIT 20 [ RunTime:0.000328s ]
[2021-05-05T07:15:59+08:00][sql] SELECT article_id,article_title,click_num,FROM_UNIXTIME(add_time,'%Y-%m-%d') as add_time FROM `carver_article` ORDER BY `click_num` DESC LIMIT 3 [ RunTime:0.000493s ]
[2021-05-05T07:15:59+08:00][sql] SHOW FULL COLUMNS FROM `carver_comment` [ RunTime:0.000581s ]
[2021-05-05T07:15:59+08:00][sql] SELECT `a`.*,`b`.`user_name` FROM `carver_comment` `a` INNER JOIN `carver_user` `b` ON `a`.`user_id`=`b`.`user_id` WHERE  `article_id` = 18 ORDER BY `create_time` DESC [ RunTime:0.000353s ]
[2021-05-05T07:15:59+08:00][sql] SHOW FULL COLUMNS FROM `carver_comment_to_others` [ RunTime:0.000545s ]
[2021-05-05T07:15:59+08:00][sql] SELECT * FROM `carver_comment_to_others` [ RunTime:0.000248s ]
[2021-05-05T07:15:59+08:00][sql] SHOW FULL COLUMNS FROM `carver_user` [ RunTime:0.000504s ]
[2021-05-05T07:15:59+08:00][sql] SELECT `user_name` FROM `carver_user` WHERE  `user_id` = 4 LIMIT 1 [ RunTime:0.000252s ]
[2021-05-05T07:15:59+08:00][sql] SELECT `user_name` FROM `carver_user` WHERE  `user_id` = 4 LIMIT 1 [ RunTime:0.000212s ]
[2021-05-05T07:15:59+08:00][sql] SELECT `user_name` FROM `carver_user` WHERE  `user_id` = 5 LIMIT 1 [ RunTime:0.000209s ]
[2021-05-05T07:15:59+08:00][sql] SELECT `user_name` FROM `carver_user` WHERE  `user_id` = 5 LIMIT 1 [ RunTime:0.000245s ]
[2021-05-05T07:15:59+08:00][sql] SELECT `user_name`,`user_id` FROM `carver_user` [ RunTime:0.000264s ]
[2021-05-05T07:15:59+08:00][sql] SHOW FULL COLUMNS FROM `carver_navigation` [ RunTime:0.000488s ]
[2021-05-05T07:15:59+08:00][sql] SELECT * FROM `carver_navigation` [ RunTime:0.000255s ]
[2021-05-05T07:15:59+08:00][sql] SELECT `article_label` FROM `carver_article` [ RunTime:0.000263s ]
[2021-05-05T07:29:22+08:00][sql] CONNECT:[ UseTime:0.000515s ] mysql:host=127.0.0.1;port=3306;dbname=carver;charset=utf8
[2021-05-05T07:29:22+08:00][sql] SHOW FULL COLUMNS FROM `carver_user` [ RunTime:0.000820s ]
[2021-05-05T07:29:22+08:00][sql] SHOW FULL COLUMNS FROM `carver_article` [ RunTime:0.000683s ]
[2021-05-05T07:29:22+08:00][sql] SELECT COUNT(*) AS think_count FROM `carver_article` WHERE  `delete_time` = 0  AND `is_show` = 1 [ RunTime:0.000366s ]
[2021-05-05T07:29:22+08:00][sql] SELECT `article_id`,`article_title`,`article_desc`,`article_content`,`article_img`,`article_guide`,`article_label`,`click_num`,`is_show`,`add_time`,`article_author`,`is_top_show` FROM `carver_article` WHERE  `delete_time` = 0  AND `is_show` = 1 ORDER BY `article_id` DESC LIMIT 0,6 [ RunTime:0.000606s ]
[2021-05-05T07:29:22+08:00][sql] SELECT article_id,article_title,click_num,FROM_UNIXTIME(add_time,'%Y-%m-%d') as add_time FROM `carver_article` WHERE  `is_show` = 1  AND `delete_time` = 0 ORDER BY `click_num` DESC LIMIT 3 [ RunTime:0.000437s ]
[2021-05-05T07:29:22+08:00][sql] SHOW FULL COLUMNS FROM `carver_notice` [ RunTime:0.000505s ]
[2021-05-05T07:29:22+08:00][sql] SELECT * FROM `carver_notice` ORDER BY `create_time` DESC LIMIT 3 [ RunTime:0.000267s ]
[2021-05-05T07:29:22+08:00][sql] SHOW FULL COLUMNS FROM `carver_navigation` [ RunTime:0.000521s ]
[2021-05-05T07:29:22+08:00][sql] SELECT * FROM `carver_navigation` [ RunTime:0.000230s ]
[2021-05-05T07:29:22+08:00][sql] SHOW FULL COLUMNS FROM `carver_link` [ RunTime:0.000514s ]
[2021-05-05T07:29:22+08:00][sql] SELECT * FROM `carver_link` WHERE  ( is_confirm=2 ) LIMIT 20 [ RunTime:0.000277s ]
[2021-05-05T07:29:22+08:00][sql] SELECT `article_label` FROM `carver_article` [ RunTime:0.000289s ]
[2021-05-05T07:29:22+08:00][sql] SHOW FULL COLUMNS FROM `carver_carouse` [ RunTime:0.000447s ]
[2021-05-05T07:29:22+08:00][sql] SELECT `carouse_img`,`carouse_desc` FROM `carver_carouse` WHERE  `is_show` = 1 ORDER BY `carouse_sort` DESC LIMIT 3 [ RunTime:0.000294s ]
[2021-05-05T07:29:22+08:00][sql] SHOW FULL COLUMNS FROM `carver_site` [ RunTime:0.000445s ]
[2021-05-05T07:29:22+08:00][sql] SELECT * FROM `carver_site` [ RunTime:0.000229s ]
[2021-05-05T07:56:12+08:00][sql] CONNECT:[ UseTime:0.000575s ] mysql:host=127.0.0.1;port=3306;dbname=carver;charset=utf8
[2021-05-05T07:56:12+08:00][sql] SHOW FULL COLUMNS FROM `carver_article` [ RunTime:0.000883s ]
[2021-05-05T07:56:12+08:00][sql] SELECT COUNT(*) AS think_count FROM `carver_article` WHERE  `article_guide` = 7  AND `delete_time` = 0  AND `is_show` = 1 [ RunTime:0.000543s ]
[2021-05-05T07:56:12+08:00][sql] SELECT * FROM `carver_article` WHERE  `article_guide` = 7  AND `delete_time` = 0  AND `is_show` = 1 ORDER BY `add_time` DESC LIMIT 0,6 [ RunTime:0.000454s ]
[2021-05-05T07:56:12+08:00][sql] SELECT article_id,article_title,click_num,FROM_UNIXTIME(add_time,'%Y-%m-%d') as add_time FROM `carver_article` WHERE  `is_show` = 1  AND `delete_time` = 0 ORDER BY `click_num` DESC LIMIT 3 [ RunTime:0.000444s ]
[2021-05-05T07:56:12+08:00][sql] SHOW FULL COLUMNS FROM `carver_notice` [ RunTime:0.000657s ]
[2021-05-05T07:56:12+08:00][sql] SELECT * FROM `carver_notice` ORDER BY `create_time` DESC LIMIT 3 [ RunTime:0.000400s ]
[2021-05-05T07:56:12+08:00][sql] SHOW FULL COLUMNS FROM `carver_navigation` [ RunTime:0.000554s ]
[2021-05-05T07:56:12+08:00][sql] SELECT * FROM `carver_navigation` [ RunTime:0.000342s ]
[2021-05-05T07:56:12+08:00][sql] SELECT `article_label` FROM `carver_article` [ RunTime:0.000345s ]
[2021-05-05T07:56:12+08:00][sql] SHOW FULL COLUMNS FROM `carver_carouse` [ RunTime:0.000867s ]
[2021-05-05T07:56:12+08:00][sql] SELECT `carouse_img`,`carouse_desc` FROM `carver_carouse` WHERE  `is_show` = 1 ORDER BY `carouse_sort` DESC LIMIT 3 [ RunTime:0.000378s ]
[2021-05-05T07:56:12+08:00][sql] SHOW FULL COLUMNS FROM `carver_link` [ RunTime:0.000710s ]
[2021-05-05T07:56:12+08:00][sql] SELECT * FROM `carver_link` WHERE  ( is_confirm=2 ) LIMIT 20 [ RunTime:0.000328s ]
[2021-05-05T07:56:12+08:00][sql] SHOW FULL COLUMNS FROM `carver_site` [ RunTime:0.000831s ]
[2021-05-05T07:56:12+08:00][sql] SELECT * FROM `carver_site` [ RunTime:0.000264s ]
[2021-05-05T08:04:31+08:00][sql] CONNECT:[ UseTime:0.000561s ] mysql:host=127.0.0.1;port=3306;dbname=carver;charset=utf8
[2021-05-05T08:04:31+08:00][sql] SHOW FULL COLUMNS FROM `carver_user` [ RunTime:0.000808s ]
[2021-05-05T08:04:31+08:00][sql] SHOW FULL COLUMNS FROM `carver_article` [ RunTime:0.000777s ]
[2021-05-05T08:04:31+08:00][sql] SELECT COUNT(*) AS think_count FROM `carver_article` WHERE  `delete_time` = 0  AND `is_show` = 1 [ RunTime:0.000394s ]
[2021-05-05T08:04:31+08:00][sql] SELECT `article_id`,`article_title`,`article_desc`,`article_content`,`article_img`,`article_guide`,`article_label`,`click_num`,`is_show`,`add_time`,`article_author`,`is_top_show` FROM `carver_article` WHERE  `delete_time` = 0  AND `is_show` = 1 ORDER BY `article_id` DESC LIMIT 0,6 [ RunTime:0.000619s ]
[2021-05-05T08:04:31+08:00][sql] SELECT article_id,article_title,click_num,FROM_UNIXTIME(add_time,'%Y-%m-%d') as add_time FROM `carver_article` WHERE  `is_show` = 1  AND `delete_time` = 0 ORDER BY `click_num` DESC LIMIT 3 [ RunTime:0.000444s ]
[2021-05-05T08:04:31+08:00][sql] SHOW FULL COLUMNS FROM `carver_notice` [ RunTime:0.000569s ]
[2021-05-05T08:04:31+08:00][sql] SELECT * FROM `carver_notice` ORDER BY `create_time` DESC LIMIT 3 [ RunTime:0.000309s ]
[2021-05-05T08:04:31+08:00][sql] SHOW FULL COLUMNS FROM `carver_navigation` [ RunTime:0.000624s ]
[2021-05-05T08:04:31+08:00][sql] SELECT * FROM `carver_navigation` [ RunTime:0.000241s ]
[2021-05-05T08:04:31+08:00][sql] SHOW FULL COLUMNS FROM `carver_link` [ RunTime:0.000516s ]
[2021-05-05T08:04:31+08:00][sql] SELECT * FROM `carver_link` WHERE  ( is_confirm=2 ) LIMIT 20 [ RunTime:0.000298s ]
[2021-05-05T08:04:31+08:00][sql] SELECT `article_label` FROM `carver_article` [ RunTime:0.000383s ]
[2021-05-05T08:04:31+08:00][sql] SHOW FULL COLUMNS FROM `carver_carouse` [ RunTime:0.000521s ]
[2021-05-05T08:04:31+08:00][sql] SELECT `carouse_img`,`carouse_desc` FROM `carver_carouse` WHERE  `is_show` = 1 ORDER BY `carouse_sort` DESC LIMIT 3 [ RunTime:0.000335s ]
[2021-05-05T08:04:31+08:00][sql] SHOW FULL COLUMNS FROM `carver_site` [ RunTime:0.000469s ]
[2021-05-05T08:04:31+08:00][sql] SELECT * FROM `carver_site` [ RunTime:0.000276s ]
[2021-05-05T08:27:45+08:00][sql] CONNECT:[ UseTime:0.000487s ] mysql:host=127.0.0.1;port=3306;dbname=carver;charset=utf8
[2021-05-05T08:27:45+08:00][sql] SHOW FULL COLUMNS FROM `carver_article` [ RunTime:0.000860s ]
[2021-05-05T08:27:45+08:00][sql] SELECT COUNT(*) AS think_count FROM `carver_article` WHERE  `article_label` LIKE '%网络安全%'  AND `delete_time` = 0  AND `is_show` = 1 [ RunTime:0.000414s ]
[2021-05-05T08:27:45+08:00][sql] SELECT * FROM `carver_article` WHERE  `article_label` LIKE '%网络安全%'  AND `delete_time` = 0  AND `is_show` = 1 LIMIT 0,6 [ RunTime:0.001090s ]
[2021-05-05T08:27:45+08:00][sql] SELECT article_id,article_title,click_num,FROM_UNIXTIME(add_time,'%Y-%m-%d') as add_time FROM `carver_article` WHERE  `is_show` = 1  AND `delete_time` = 0 ORDER BY `click_num` DESC LIMIT 3 [ RunTime:0.000400s ]
[2021-05-05T08:27:45+08:00][sql] SHOW FULL COLUMNS FROM `carver_notice` [ RunTime:0.000546s ]
[2021-05-05T08:27:45+08:00][sql] SELECT * FROM `carver_notice` ORDER BY `create_time` DESC LIMIT 3 [ RunTime:0.000266s ]
[2021-05-05T08:27:45+08:00][sql] SHOW FULL COLUMNS FROM `carver_navigation` [ RunTime:0.000560s ]
[2021-05-05T08:27:45+08:00][sql] SELECT * FROM `carver_navigation` [ RunTime:0.000263s ]
[2021-05-05T08:27:45+08:00][sql] SHOW FULL COLUMNS FROM `carver_link` [ RunTime:0.000507s ]
[2021-05-05T08:27:45+08:00][sql] SELECT * FROM `carver_link` WHERE  ( is_confirm=2 ) LIMIT 20 [ RunTime:0.000264s ]
[2021-05-05T08:27:45+08:00][sql] SELECT `article_label` FROM `carver_article` [ RunTime:0.000248s ]
[2021-05-05T08:27:45+08:00][sql] SHOW FULL COLUMNS FROM `carver_carouse` [ RunTime:0.000459s ]
[2021-05-05T08:27:45+08:00][sql] SELECT `carouse_img`,`carouse_desc` FROM `carver_carouse` WHERE  `is_show` = 1 ORDER BY `carouse_sort` DESC LIMIT 3 [ RunTime:0.000286s ]
[2021-05-05T08:27:45+08:00][sql] SHOW FULL COLUMNS FROM `carver_site` [ RunTime:0.000479s ]
[2021-05-05T08:27:45+08:00][sql] SELECT * FROM `carver_site` [ RunTime:0.000222s ]
[2021-05-05T10:26:15+08:00][sql] CONNECT:[ UseTime:0.005531s ] mysql:host=127.0.0.1;port=3306;dbname=carver;charset=utf8
[2021-05-05T10:26:15+08:00][sql] SHOW FULL COLUMNS FROM `carver_article` [ RunTime:0.000876s ]
[2021-05-05T10:26:15+08:00][sql] SELECT `article_id`,`article_title`,`article_desc`,`article_content`,`article_img`,`article_guide`,`article_label`,`click_num`,`is_show`,`add_time`,`article_author` FROM `carver_article` WHERE  `article_id` = 28 LIMIT 1 [ RunTime:0.000468s ]
[2021-05-05T10:26:15+08:00][sql] SELECT `article_id`,`article_title`,`article_desc`,`article_content`,`article_img`,`article_guide`,`article_label`,`click_num`,`is_show`,`add_time`,`article_author` FROM `carver_article` WHERE  `article_id` > 28 LIMIT 1 [ RunTime:0.000383s ]
[2021-05-05T10:26:15+08:00][sql] SELECT `article_id`,`article_title`,`article_desc`,`article_content`,`article_img`,`article_guide`,`article_label`,`click_num`,`is_show`,`add_time`,`article_author` FROM `carver_article` WHERE  `article_id` < 28 ORDER BY `article_id` DESC LIMIT 1 [ RunTime:0.000409s ]
[2021-05-05T10:26:15+08:00][sql] SHOW FULL COLUMNS FROM `carver_link` [ RunTime:0.000528s ]
[2021-05-05T10:26:15+08:00][sql] SELECT * FROM `carver_link` WHERE  ( is_confirm=2 ) LIMIT 20 [ RunTime:0.000322s ]
[2021-05-05T10:26:15+08:00][sql] SELECT article_id,article_title,click_num,FROM_UNIXTIME(add_time,'%Y-%m-%d') as add_time FROM `carver_article` ORDER BY `click_num` DESC LIMIT 3 [ RunTime:0.000355s ]
[2021-05-05T10:26:15+08:00][sql] SHOW FULL COLUMNS FROM `carver_comment` [ RunTime:0.000591s ]
[2021-05-05T10:26:15+08:00][sql] SELECT `a`.*,`b`.`user_name` FROM `carver_comment` `a` INNER JOIN `carver_user` `b` ON `a`.`user_id`=`b`.`user_id` WHERE  `article_id` = 28 ORDER BY `create_time` DESC [ RunTime:0.000357s ]
[2021-05-05T10:26:15+08:00][sql] SHOW FULL COLUMNS FROM `carver_comment_to_others` [ RunTime:0.000524s ]
[2021-05-05T10:26:15+08:00][sql] SELECT * FROM `carver_comment_to_others` [ RunTime:0.000238s ]
[2021-05-05T10:26:15+08:00][sql] SHOW FULL COLUMNS FROM `carver_user` [ RunTime:0.000440s ]
[2021-05-05T10:26:15+08:00][sql] SELECT `user_name` FROM `carver_user` WHERE  `user_id` = 4 LIMIT 1 [ RunTime:0.000269s ]
[2021-05-05T10:26:15+08:00][sql] SELECT `user_name` FROM `carver_user` WHERE  `user_id` = 4 LIMIT 1 [ RunTime:0.000227s ]
[2021-05-05T10:26:15+08:00][sql] SELECT `user_name` FROM `carver_user` WHERE  `user_id` = 5 LIMIT 1 [ RunTime:0.000219s ]
[2021-05-05T10:26:15+08:00][sql] SELECT `user_name` FROM `carver_user` WHERE  `user_id` = 5 LIMIT 1 [ RunTime:0.000223s ]
[2021-05-05T10:26:15+08:00][sql] SELECT `user_name`,`user_id` FROM `carver_user` [ RunTime:0.000239s ]
[2021-05-05T10:26:15+08:00][sql] SHOW FULL COLUMNS FROM `carver_navigation` [ RunTime:0.000491s ]
[2021-05-05T10:26:15+08:00][sql] SELECT * FROM `carver_navigation` [ RunTime:0.000230s ]
[2021-05-05T10:26:15+08:00][sql] SELECT `article_label` FROM `carver_article` [ RunTime:0.000246s ]
[2021-05-05T13:19:53+08:00][sql] CONNECT:[ UseTime:0.000454s ] mysql:host=127.0.0.1;port=3306;dbname=carver;charset=utf8
[2021-05-05T13:19:53+08:00][sql] SHOW FULL COLUMNS FROM `carver_user` [ RunTime:0.000777s ]
[2021-05-05T13:19:53+08:00][sql] SHOW FULL COLUMNS FROM `carver_article` [ RunTime:0.000696s ]
[2021-05-05T13:19:53+08:00][sql] SELECT COUNT(*) AS think_count FROM `carver_article` WHERE  `delete_time` = 0  AND `is_show` = 1 [ RunTime:0.000376s ]
[2021-05-05T13:19:53+08:00][sql] SELECT `article_id`,`article_title`,`article_desc`,`article_content`,`article_img`,`article_guide`,`article_label`,`click_num`,`is_show`,`add_time`,`article_author`,`is_top_show` FROM `carver_article` WHERE  `delete_time` = 0  AND `is_show` = 1 ORDER BY `article_id` DESC LIMIT 0,6 [ RunTime:0.000605s ]
[2021-05-05T13:19:53+08:00][sql] SELECT article_id,article_title,click_num,FROM_UNIXTIME(add_time,'%Y-%m-%d') as add_time FROM `carver_article` WHERE  `is_show` = 1  AND `delete_time` = 0 ORDER BY `click_num` DESC LIMIT 3 [ RunTime:0.000376s ]
[2021-05-05T13:19:53+08:00][sql] SHOW FULL COLUMNS FROM `carver_notice` [ RunTime:0.000563s ]
[2021-05-05T13:19:53+08:00][sql] SELECT * FROM `carver_notice` ORDER BY `create_time` DESC LIMIT 3 [ RunTime:0.000285s ]
[2021-05-05T13:19:53+08:00][sql] SHOW FULL COLUMNS FROM `carver_navigation` [ RunTime:0.000788s ]
[2021-05-05T13:19:53+08:00][sql] SELECT * FROM `carver_navigation` [ RunTime:0.000255s ]
[2021-05-05T13:19:53+08:00][sql] SHOW FULL COLUMNS FROM `carver_link` [ RunTime:0.000501s ]
[2021-05-05T13:19:53+08:00][sql] SELECT * FROM `carver_link` WHERE  ( is_confirm=2 ) LIMIT 20 [ RunTime:0.000294s ]
[2021-05-05T13:19:53+08:00][sql] SELECT `article_label` FROM `carver_article` [ RunTime:0.000315s ]
[2021-05-05T13:19:53+08:00][sql] SHOW FULL COLUMNS FROM `carver_carouse` [ RunTime:0.000466s ]
[2021-05-05T13:19:53+08:00][sql] SELECT `carouse_img`,`carouse_desc` FROM `carver_carouse` WHERE  `is_show` = 1 ORDER BY `carouse_sort` DESC LIMIT 3 [ RunTime:0.000296s ]
[2021-05-05T13:19:53+08:00][sql] SHOW FULL COLUMNS FROM `carver_site` [ RunTime:0.000499s ]
[2021-05-05T13:19:53+08:00][sql] SELECT * FROM `carver_site` [ RunTime:0.000252s ]
[2021-05-05T13:21:21+08:00][sql] CONNECT:[ UseTime:0.000609s ] mysql:host=127.0.0.1;port=3306;dbname=carver;charset=utf8
[2021-05-05T13:21:21+08:00][sql] SHOW FULL COLUMNS FROM `carver_user` [ RunTime:0.000843s ]
[2021-05-05T13:21:21+08:00][sql] SHOW FULL COLUMNS FROM `carver_article` [ RunTime:0.000696s ]
[2021-05-05T13:21:21+08:00][sql] SELECT COUNT(*) AS think_count FROM `carver_article` WHERE  `delete_time` = 0  AND `is_show` = 1 [ RunTime:0.000368s ]
[2021-05-05T13:21:21+08:00][sql] SELECT `article_id`,`article_title`,`article_desc`,`article_content`,`article_img`,`article_guide`,`article_label`,`click_num`,`is_show`,`add_time`,`article_author`,`is_top_show` FROM `carver_article` WHERE  `delete_time` = 0  AND `is_show` = 1 ORDER BY `article_id` DESC LIMIT 0,6 [ RunTime:0.000592s ]
[2021-05-05T13:21:21+08:00][sql] SELECT article_id,article_title,click_num,FROM_UNIXTIME(add_time,'%Y-%m-%d') as add_time FROM `carver_article` WHERE  `is_show` = 1  AND `delete_time` = 0 ORDER BY `click_num` DESC LIMIT 3 [ RunTime:0.005250s ]
[2021-05-05T13:21:21+08:00][sql] SHOW FULL COLUMNS FROM `carver_notice` [ RunTime:0.000529s ]
[2021-05-05T13:21:21+08:00][sql] SELECT * FROM `carver_notice` ORDER BY `create_time` DESC LIMIT 3 [ RunTime:0.000259s ]
[2021-05-05T13:21:21+08:00][sql] SHOW FULL COLUMNS FROM `carver_navigation` [ RunTime:0.000498s ]
[2021-05-05T13:21:21+08:00][sql] SELECT * FROM `carver_navigation` [ RunTime:0.000241s ]
[2021-05-05T13:21:21+08:00][sql] SHOW FULL COLUMNS FROM `carver_link` [ RunTime:0.000511s ]
[2021-05-05T13:21:21+08:00][sql] SELECT * FROM `carver_link` WHERE  ( is_confirm=2 ) LIMIT 20 [ RunTime:0.000301s ]
[2021-05-05T13:21:21+08:00][sql] SELECT `article_label` FROM `carver_article` [ RunTime:0.000282s ]
[2021-05-05T13:21:21+08:00][sql] SHOW FULL COLUMNS FROM `carver_carouse` [ RunTime:0.000471s ]
[2021-05-05T13:21:21+08:00][sql] SELECT `carouse_img`,`carouse_desc` FROM `carver_carouse` WHERE  `is_show` = 1 ORDER BY `carouse_sort` DESC LIMIT 3 [ RunTime:0.000289s ]
[2021-05-05T13:21:21+08:00][sql] SHOW FULL COLUMNS FROM `carver_site` [ RunTime:0.000485s ]
[2021-05-05T13:21:21+08:00][sql] SELECT * FROM `carver_site` [ RunTime:0.000236s ]
[2021-05-05T13:21:21+08:00][sql] CONNECT:[ UseTime:0.015731s ] mysql:host=127.0.0.1;port=3306;dbname=carver;charset=utf8
[2021-05-05T13:21:21+08:00][sql] SHOW FULL COLUMNS FROM `carver_user` [ RunTime:0.000642s ]
[2021-05-05T13:21:21+08:00][sql] SHOW FULL COLUMNS FROM `carver_article` [ RunTime:0.000639s ]
[2021-05-05T13:21:21+08:00][sql] SELECT COUNT(*) AS think_count FROM `carver_article` WHERE  `delete_time` = 0  AND `is_show` = 1 [ RunTime:0.000324s ]
[2021-05-05T13:21:21+08:00][sql] SELECT `article_id`,`article_title`,`article_desc`,`article_content`,`article_img`,`article_guide`,`article_label`,`click_num`,`is_show`,`add_time`,`article_author`,`is_top_show` FROM `carver_article` WHERE  `delete_time` = 0  AND `is_show` = 1 ORDER BY `article_id` DESC LIMIT 0,6 [ RunTime:0.000604s ]
[2021-05-05T13:21:21+08:00][sql] SELECT article_id,article_title,click_num,FROM_UNIXTIME(add_time,'%Y-%m-%d') as add_time FROM `carver_article` WHERE  `is_show` = 1  AND `delete_time` = 0 ORDER BY `click_num` DESC LIMIT 3 [ RunTime:0.001152s ]
[2021-05-05T13:21:21+08:00][sql] SHOW FULL COLUMNS FROM `carver_notice` [ RunTime:0.000530s ]
[2021-05-05T13:21:21+08:00][sql] SELECT * FROM `carver_notice` ORDER BY `create_time` DESC LIMIT 3 [ RunTime:0.000282s ]
[2021-05-05T13:21:21+08:00][sql] SHOW FULL COLUMNS FROM `carver_navigation` [ RunTime:0.000551s ]
[2021-05-05T13:21:21+08:00][sql] SELECT * FROM `carver_navigation` [ RunTime:0.000245s ]
[2021-05-05T13:21:21+08:00][sql] SHOW FULL COLUMNS FROM `carver_link` [ RunTime:0.000484s ]
[2021-05-05T13:21:21+08:00][sql] SELECT * FROM `carver_link` WHERE  ( is_confirm=2 ) LIMIT 20 [ RunTime:0.000302s ]
[2021-05-05T13:21:21+08:00][sql] SELECT `article_label` FROM `carver_article` [ RunTime:0.000251s ]
[2021-05-05T13:21:21+08:00][sql] SHOW FULL COLUMNS FROM `carver_carouse` [ RunTime:0.000466s ]
[2021-05-05T13:21:21+08:00][sql] SELECT `carouse_img`,`carouse_desc` FROM `carver_carouse` WHERE  `is_show` = 1 ORDER BY `carouse_sort` DESC LIMIT 3 [ RunTime:0.000286s ]
[2021-05-05T13:21:21+08:00][sql] SHOW FULL COLUMNS FROM `carver_site` [ RunTime:0.000461s ]
[2021-05-05T13:21:21+08:00][sql] SELECT * FROM `carver_site` [ RunTime:0.000221s ]
[2021-05-05T14:37:04+08:00][sql] CONNECT:[ UseTime:0.000475s ] mysql:host=127.0.0.1;port=3306;dbname=carver;charset=utf8
[2021-05-05T14:37:04+08:00][sql] SHOW FULL COLUMNS FROM `carver_article` [ RunTime:0.000859s ]
[2021-05-05T14:37:04+08:00][sql] SELECT COUNT(*) AS think_count FROM `carver_article` WHERE  `article_guide` = 63  AND `delete_time` = 0  AND `is_show` = 1 [ RunTime:0.000404s ]
[2021-05-05T14:37:04+08:00][sql] SELECT * FROM `carver_article` WHERE  `article_guide` = 63  AND `delete_time` = 0  AND `is_show` = 1 ORDER BY `add_time` DESC LIMIT 0,6 [ RunTime:0.000403s ]
[2021-05-05T14:37:04+08:00][sql] SELECT article_id,article_title,click_num,FROM_UNIXTIME(add_time,'%Y-%m-%d') as add_time FROM `carver_article` WHERE  `is_show` = 1  AND `delete_time` = 0 ORDER BY `click_num` DESC LIMIT 3 [ RunTime:0.000401s ]
[2021-05-05T14:37:04+08:00][sql] SHOW FULL COLUMNS FROM `carver_notice` [ RunTime:0.000635s ]
[2021-05-05T14:37:04+08:00][sql] SELECT * FROM `carver_notice` ORDER BY `create_time` DESC LIMIT 3 [ RunTime:0.000299s ]
[2021-05-05T14:37:04+08:00][sql] SHOW FULL COLUMNS FROM `carver_navigation` [ RunTime:0.000575s ]
[2021-05-05T14:37:04+08:00][sql] SELECT * FROM `carver_navigation` [ RunTime:0.000313s ]
[2021-05-05T14:37:04+08:00][sql] SELECT `article_label` FROM `carver_article` [ RunTime:0.000256s ]
[2021-05-05T14:37:04+08:00][sql] SHOW FULL COLUMNS FROM `carver_carouse` [ RunTime:0.000551s ]
[2021-05-05T14:37:04+08:00][sql] SELECT `carouse_img`,`carouse_desc` FROM `carver_carouse` WHERE  `is_show` = 1 ORDER BY `carouse_sort` DESC LIMIT 3 [ RunTime:0.000322s ]
[2021-05-05T14:37:04+08:00][sql] SHOW FULL COLUMNS FROM `carver_link` [ RunTime:0.000507s ]
[2021-05-05T14:37:04+08:00][sql] SELECT * FROM `carver_link` WHERE  ( is_confirm=2 ) LIMIT 20 [ RunTime:0.000337s ]
[2021-05-05T14:37:04+08:00][sql] SHOW FULL COLUMNS FROM `carver_site` [ RunTime:0.000627s ]
[2021-05-05T14:37:04+08:00][sql] SELECT * FROM `carver_site` [ RunTime:0.000275s ]
[2021-05-05T16:05:48+08:00][sql] CONNECT:[ UseTime:0.000683s ] mysql:host=127.0.0.1;port=3306;dbname=carver;charset=utf8
[2021-05-05T16:05:48+08:00][sql] SHOW FULL COLUMNS FROM `carver_user` [ RunTime:0.000805s ]
[2021-05-05T16:05:48+08:00][sql] SHOW FULL COLUMNS FROM `carver_article` [ RunTime:0.000755s ]
[2021-05-05T16:05:48+08:00][sql] SELECT COUNT(*) AS think_count FROM `carver_article` WHERE  `delete_time` = 0  AND `is_show` = 1 [ RunTime:0.000374s ]
[2021-05-05T16:05:48+08:00][sql] SELECT `article_id`,`article_title`,`article_desc`,`article_content`,`article_img`,`article_guide`,`article_label`,`click_num`,`is_show`,`add_time`,`article_author`,`is_top_show` FROM `carver_article` WHERE  `delete_time` = 0  AND `is_show` = 1 ORDER BY `article_id` DESC LIMIT 18,6 [ RunTime:0.001620s ]
[2021-05-05T16:05:48+08:00][sql] SELECT article_id,article_title,click_num,FROM_UNIXTIME(add_time,'%Y-%m-%d') as add_time FROM `carver_article` WHERE  `is_show` = 1  AND `delete_time` = 0 ORDER BY `click_num` DESC LIMIT 3 [ RunTime:0.000540s ]
[2021-05-05T16:05:48+08:00][sql] SHOW FULL COLUMNS FROM `carver_notice` [ RunTime:0.000615s ]
[2021-05-05T16:05:48+08:00][sql] SELECT * FROM `carver_notice` ORDER BY `create_time` DESC LIMIT 3 [ RunTime:0.000321s ]
[2021-05-05T16:05:48+08:00][sql] SHOW FULL COLUMNS FROM `carver_navigation` [ RunTime:0.000525s ]
[2021-05-05T16:05:48+08:00][sql] SELECT * FROM `carver_navigation` [ RunTime:0.000244s ]
[2021-05-05T16:05:48+08:00][sql] SHOW FULL COLUMNS FROM `carver_link` [ RunTime:0.000524s ]
[2021-05-05T16:05:48+08:00][sql] SELECT * FROM `carver_link` WHERE  ( is_confirm=2 ) LIMIT 20 [ RunTime:0.000308s ]
[2021-05-05T16:05:48+08:00][sql] SELECT `article_label` FROM `carver_article` [ RunTime:0.000286s ]
[2021-05-05T16:05:48+08:00][sql] SHOW FULL COLUMNS FROM `carver_carouse` [ RunTime:0.000476s ]
[2021-05-05T16:05:48+08:00][sql] SELECT `carouse_img`,`carouse_desc` FROM `carver_carouse` WHERE  `is_show` = 1 ORDER BY `carouse_sort` DESC LIMIT 3 [ RunTime:0.000362s ]
[2021-05-05T16:05:48+08:00][sql] SHOW FULL COLUMNS FROM `carver_site` [ RunTime:0.000500s ]
[2021-05-05T16:05:48+08:00][sql] SELECT * FROM `carver_site` [ RunTime:0.000282s ]
[2021-05-05T16:12:57+08:00][sql] CONNECT:[ UseTime:0.000515s ] mysql:host=127.0.0.1;port=3306;dbname=carver;charset=utf8
[2021-05-05T16:12:57+08:00][sql] SHOW FULL COLUMNS FROM `carver_article` [ RunTime:0.001070s ]
[2021-05-05T16:12:57+08:00][sql] SELECT COUNT(*) AS think_count FROM `carver_article` WHERE  `article_label` LIKE '%mysql%'  AND `delete_time` = 0  AND `is_show` = 1 [ RunTime:0.000500s ]
[2021-05-05T16:12:57+08:00][sql] SELECT * FROM `carver_article` WHERE  `article_label` LIKE '%mysql%'  AND `delete_time` = 0  AND `is_show` = 1 LIMIT 0,6 [ RunTime:0.001004s ]
[2021-05-05T16:12:57+08:00][sql] SELECT article_id,article_title,click_num,FROM_UNIXTIME(add_time,'%Y-%m-%d') as add_time FROM `carver_article` WHERE  `is_show` = 1  AND `delete_time` = 0 ORDER BY `click_num` DESC LIMIT 3 [ RunTime:0.000624s ]
[2021-05-05T16:12:57+08:00][sql] SHOW FULL COLUMNS FROM `carver_notice` [ RunTime:0.000590s ]
[2021-05-05T16:12:57+08:00][sql] SELECT * FROM `carver_notice` ORDER BY `create_time` DESC LIMIT 3 [ RunTime:0.000300s ]
[2021-05-05T16:12:57+08:00][sql] SHOW FULL COLUMNS FROM `carver_navigation` [ RunTime:0.000576s ]
[2021-05-05T16:12:57+08:00][sql] SELECT * FROM `carver_navigation` [ RunTime:0.000256s ]
[2021-05-05T16:12:57+08:00][sql] SHOW FULL COLUMNS FROM `carver_link` [ RunTime:0.000540s ]
[2021-05-05T16:12:57+08:00][sql] SELECT * FROM `carver_link` WHERE  ( is_confirm=2 ) LIMIT 20 [ RunTime:0.000354s ]
[2021-05-05T16:12:57+08:00][sql] SELECT `article_label` FROM `carver_article` [ RunTime:0.000272s ]
[2021-05-05T16:12:57+08:00][sql] SHOW FULL COLUMNS FROM `carver_carouse` [ RunTime:0.000588s ]
[2021-05-05T16:12:57+08:00][sql] SELECT `carouse_img`,`carouse_desc` FROM `carver_carouse` WHERE  `is_show` = 1 ORDER BY `carouse_sort` DESC LIMIT 3 [ RunTime:0.000303s ]
[2021-05-05T16:12:57+08:00][sql] SHOW FULL COLUMNS FROM `carver_site` [ RunTime:0.000508s ]
[2021-05-05T16:12:57+08:00][sql] SELECT * FROM `carver_site` [ RunTime:0.000283s ]
[2021-05-05T20:01:05+08:00][sql] CONNECT:[ UseTime:0.000500s ] mysql:host=127.0.0.1;port=3306;dbname=carver;charset=utf8
[2021-05-05T20:01:05+08:00][sql] SHOW FULL COLUMNS FROM `carver_user` [ RunTime:0.000787s ]
[2021-05-05T20:01:05+08:00][sql] SHOW FULL COLUMNS FROM `carver_article` [ RunTime:0.000677s ]
[2021-05-05T20:01:05+08:00][sql] SELECT COUNT(*) AS think_count FROM `carver_article` WHERE  `delete_time` = 0  AND `is_show` = 1 [ RunTime:0.000392s ]
[2021-05-05T20:01:05+08:00][sql] SELECT `article_id`,`article_title`,`article_desc`,`article_content`,`article_img`,`article_guide`,`article_label`,`click_num`,`is_show`,`add_time`,`article_author`,`is_top_show` FROM `carver_article` WHERE  `delete_time` = 0  AND `is_show` = 1 ORDER BY `article_id` DESC LIMIT 0,6 [ RunTime:0.000614s ]
[2021-05-05T20:01:05+08:00][sql] SELECT article_id,article_title,click_num,FROM_UNIXTIME(add_time,'%Y-%m-%d') as add_time FROM `carver_article` WHERE  `is_show` = 1  AND `delete_time` = 0 ORDER BY `click_num` DESC LIMIT 3 [ RunTime:0.000404s ]
[2021-05-05T20:01:05+08:00][sql] SHOW FULL COLUMNS FROM `carver_notice` [ RunTime:0.000613s ]
[2021-05-05T20:01:05+08:00][sql] SELECT * FROM `carver_notice` ORDER BY `create_time` DESC LIMIT 3 [ RunTime:0.000333s ]
[2021-05-05T20:01:05+08:00][sql] SHOW FULL COLUMNS FROM `carver_navigation` [ RunTime:0.000700s ]
[2021-05-05T20:01:05+08:00][sql] SELECT * FROM `carver_navigation` [ RunTime:0.000273s ]
[2021-05-05T20:01:05+08:00][sql] SHOW FULL COLUMNS FROM `carver_link` [ RunTime:0.000534s ]
[2021-05-05T20:01:05+08:00][sql] SELECT * FROM `carver_link` WHERE  ( is_confirm=2 ) LIMIT 20 [ RunTime:0.000284s ]
[2021-05-05T20:01:05+08:00][sql] SELECT `article_label` FROM `carver_article` [ RunTime:0.000270s ]
[2021-05-05T20:01:05+08:00][sql] SHOW FULL COLUMNS FROM `carver_carouse` [ RunTime:0.000511s ]
[2021-05-05T20:01:05+08:00][sql] SELECT `carouse_img`,`carouse_desc` FROM `carver_carouse` WHERE  `is_show` = 1 ORDER BY `carouse_sort` DESC LIMIT 3 [ RunTime:0.000299s ]
[2021-05-05T20:01:05+08:00][sql] SHOW FULL COLUMNS FROM `carver_site` [ RunTime:0.011196s ]
[2021-05-05T20:01:05+08:00][sql] SELECT * FROM `carver_site` [ RunTime:0.000260s ]
[2021-05-05T21:10:02+08:00][sql] CONNECT:[ UseTime:0.000522s ] mysql:host=127.0.0.1;port=3306;dbname=carver;charset=utf8
[2021-05-05T21:10:02+08:00][sql] SHOW FULL COLUMNS FROM `carver_article` [ RunTime:0.000900s ]
[2021-05-05T21:10:02+08:00][sql] SELECT COUNT(*) AS think_count FROM `carver_article` WHERE  `article_label` LIKE '%设计模式%'  AND `delete_time` = 0  AND `is_show` = 1 [ RunTime:0.000470s ]
[2021-05-05T21:10:02+08:00][sql] SELECT * FROM `carver_article` WHERE  `article_label` LIKE '%设计模式%'  AND `delete_time` = 0  AND `is_show` = 1 LIMIT 0,6 [ RunTime:0.002794s ]
[2021-05-05T21:10:02+08:00][sql] SELECT article_id,article_title,click_num,FROM_UNIXTIME(add_time,'%Y-%m-%d') as add_time FROM `carver_article` WHERE  `is_show` = 1  AND `delete_time` = 0 ORDER BY `click_num` DESC LIMIT 3 [ RunTime:0.000591s ]
[2021-05-05T21:10:02+08:00][sql] SHOW FULL COLUMNS FROM `carver_notice` [ RunTime:0.000628s ]
[2021-05-05T21:10:02+08:00][sql] SELECT * FROM `carver_notice` ORDER BY `create_time` DESC LIMIT 3 [ RunTime:0.000313s ]
[2021-05-05T21:10:02+08:00][sql] SHOW FULL COLUMNS FROM `carver_navigation` [ RunTime:0.000515s ]
[2021-05-05T21:10:02+08:00][sql] SELECT * FROM `carver_navigation` [ RunTime:0.000256s ]
[2021-05-05T21:10:02+08:00][sql] SHOW FULL COLUMNS FROM `carver_link` [ RunTime:0.000511s ]
[2021-05-05T21:10:02+08:00][sql] SELECT * FROM `carver_link` WHERE  ( is_confirm=2 ) LIMIT 20 [ RunTime:0.000328s ]
[2021-05-05T21:10:02+08:00][sql] SELECT `article_label` FROM `carver_article` [ RunTime:0.000249s ]
[2021-05-05T21:10:02+08:00][sql] SHOW FULL COLUMNS FROM `carver_carouse` [ RunTime:0.000502s ]
[2021-05-05T21:10:02+08:00][sql] SELECT `carouse_img`,`carouse_desc` FROM `carver_carouse` WHERE  `is_show` = 1 ORDER BY `carouse_sort` DESC LIMIT 3 [ RunTime:0.000326s ]
[2021-05-05T21:10:02+08:00][sql] SHOW FULL COLUMNS FROM `carver_site` [ RunTime:0.000489s ]
[2021-05-05T21:10:02+08:00][sql] SELECT * FROM `carver_site` [ RunTime:0.000226s ]
