[2021-05-06T01:32:07+08:00][sql] CONNECT:[ UseTime:0.001414s ] mysql:host=127.0.0.1;port=3306;dbname=carver;charset=utf8
[2021-05-06T01:32:07+08:00][sql] SHOW FULL COLUMNS FROM `carver_article` [ RunTime:0.001240s ]
[2021-05-06T01:32:07+08:00][sql] SELECT COUNT(*) AS think_count FROM `carver_article` WHERE  `article_label` LIKE '%angerjs%'  AND `delete_time` = 0  AND `is_show` = 1 [ RunTime:0.000642s ]
[2021-05-06T01:32:07+08:00][sql] SELECT * FROM `carver_article` WHERE  `article_label` LIKE '%angerjs%'  AND `delete_time` = 0  AND `is_show` = 1 LIMIT 0,6 [ RunTime:0.001402s ]
[2021-05-06T01:32:07+08:00][sql] SELECT article_id,article_title,click_num,FROM_UNIXTIME(add_time,'%Y-%m-%d') as add_time FROM `carver_article` WHERE  `is_show` = 1  AND `delete_time` = 0 ORDER BY `click_num` DESC LIMIT 3 [ RunTime:0.001067s ]
[2021-05-06T01:32:07+08:00][sql] SHOW FULL COLUMNS FROM `carver_notice` [ RunTime:0.001600s ]
[2021-05-06T01:32:07+08:00][sql] SELECT * FROM `carver_notice` ORDER BY `create_time` DESC LIMIT 3 [ RunTime:0.000929s ]
[2021-05-06T01:32:07+08:00][sql] SHOW FULL COLUMNS FROM `carver_navigation` [ RunTime:0.001001s ]
[2021-05-06T01:32:07+08:00][sql] SELECT * FROM `carver_navigation` [ RunTime:0.000515s ]
[2021-05-06T01:32:07+08:00][sql] SHOW FULL COLUMNS FROM `carver_link` [ RunTime:0.000727s ]
[2021-05-06T01:32:07+08:00][sql] SELECT * FROM `carver_link` WHERE  ( is_confirm=2 ) LIMIT 20 [ RunTime:0.000454s ]
[2021-05-06T01:32:07+08:00][sql] SELECT `article_label` FROM `carver_article` [ RunTime:0.000379s ]
[2021-05-06T01:32:07+08:00][sql] SHOW FULL COLUMNS FROM `carver_carouse` [ RunTime:0.000545s ]
[2021-05-06T01:32:07+08:00][sql] SELECT `carouse_img`,`carouse_desc` FROM `carver_carouse` WHERE  `is_show` = 1 ORDER BY `carouse_sort` DESC LIMIT 3 [ RunTime:0.000351s ]
[2021-05-06T01:32:07+08:00][sql] SHOW FULL COLUMNS FROM `carver_site` [ RunTime:0.000595s ]
[2021-05-06T01:32:07+08:00][sql] SELECT * FROM `carver_site` [ RunTime:0.000301s ]
[2021-05-06T01:33:02+08:00][sql] CONNECT:[ UseTime:0.000837s ] mysql:host=127.0.0.1;port=3306;dbname=carver;charset=utf8
[2021-05-06T01:33:02+08:00][sql] SHOW FULL COLUMNS FROM `carver_user` [ RunTime:0.000771s ]
[2021-05-06T01:40:50+08:00][sql] CONNECT:[ UseTime:0.000528s ] mysql:host=127.0.0.1;port=3306;dbname=carver;charset=utf8
[2021-05-06T01:40:50+08:00][sql] SHOW FULL COLUMNS FROM `carver_user` [ RunTime:0.000809s ]
[2021-05-06T01:40:50+08:00][sql] SHOW FULL COLUMNS FROM `carver_article` [ RunTime:0.000686s ]
[2021-05-06T01:40:50+08:00][sql] SELECT COUNT(*) AS think_count FROM `carver_article` WHERE  `delete_time` = 0  AND `is_show` = 1 [ RunTime:0.000382s ]
[2021-05-06T01:40:50+08:00][sql] SELECT `article_id`,`article_title`,`article_desc`,`article_content`,`article_img`,`article_guide`,`article_label`,`click_num`,`is_show`,`add_time`,`article_author`,`is_top_show` FROM `carver_article` WHERE  `delete_time` = 0  AND `is_show` = 1 ORDER BY `article_id` DESC LIMIT 0,6 [ RunTime:0.000798s ]
[2021-05-06T01:40:50+08:00][sql] SELECT article_id,article_title,click_num,FROM_UNIXTIME(add_time,'%Y-%m-%d') as add_time FROM `carver_article` WHERE  `is_show` = 1  AND `delete_time` = 0 ORDER BY `click_num` DESC LIMIT 3 [ RunTime:0.000435s ]
[2021-05-06T01:40:50+08:00][sql] SHOW FULL COLUMNS FROM `carver_notice` [ RunTime:0.000583s ]
[2021-05-06T01:40:50+08:00][sql] SELECT * FROM `carver_notice` ORDER BY `create_time` DESC LIMIT 3 [ RunTime:0.000337s ]
[2021-05-06T01:40:50+08:00][sql] SHOW FULL COLUMNS FROM `carver_navigation` [ RunTime:0.000506s ]
[2021-05-06T01:40:50+08:00][sql] SELECT * FROM `carver_navigation` [ RunTime:0.000235s ]
[2021-05-06T01:40:50+08:00][sql] SHOW FULL COLUMNS FROM `carver_link` [ RunTime:0.000500s ]
[2021-05-06T01:40:50+08:00][sql] SELECT * FROM `carver_link` WHERE  ( is_confirm=2 ) LIMIT 20 [ RunTime:0.000271s ]
[2021-05-06T01:40:50+08:00][sql] SELECT `article_label` FROM `carver_article` [ RunTime:0.000301s ]
[2021-05-06T01:40:50+08:00][sql] SHOW FULL COLUMNS FROM `carver_carouse` [ RunTime:0.000559s ]
[2021-05-06T01:40:50+08:00][sql] SELECT `carouse_img`,`carouse_desc` FROM `carver_carouse` WHERE  `is_show` = 1 ORDER BY `carouse_sort` DESC LIMIT 3 [ RunTime:0.000410s ]
[2021-05-06T01:40:50+08:00][sql] SHOW FULL COLUMNS FROM `carver_site` [ RunTime:0.000530s ]
[2021-05-06T01:40:50+08:00][sql] SELECT * FROM `carver_site` [ RunTime:0.000267s ]
[2021-05-06T02:17:12+08:00][sql] CONNECT:[ UseTime:0.000724s ] mysql:host=127.0.0.1;port=3306;dbname=carver;charset=utf8
[2021-05-06T02:17:12+08:00][sql] SHOW FULL COLUMNS FROM `carver_article` [ RunTime:0.000948s ]
[2021-05-06T02:17:12+08:00][sql] SELECT COUNT(*) AS think_count FROM `carver_article` WHERE  `article_label` LIKE '%angerjs%'  AND `delete_time` = 0  AND `is_show` = 1 [ RunTime:0.000442s ]
[2021-05-06T02:17:12+08:00][sql] SELECT * FROM `carver_article` WHERE  `article_label` LIKE '%angerjs%'  AND `delete_time` = 0  AND `is_show` = 1 LIMIT 0,6 [ RunTime:0.000992s ]
[2021-05-06T02:17:12+08:00][sql] SELECT article_id,article_title,click_num,FROM_UNIXTIME(add_time,'%Y-%m-%d') as add_time FROM `carver_article` WHERE  `is_show` = 1  AND `delete_time` = 0 ORDER BY `click_num` DESC LIMIT 3 [ RunTime:0.000525s ]
[2021-05-06T02:17:12+08:00][sql] SHOW FULL COLUMNS FROM `carver_notice` [ RunTime:0.000633s ]
[2021-05-06T02:17:12+08:00][sql] SELECT * FROM `carver_notice` ORDER BY `create_time` DESC LIMIT 3 [ RunTime:0.000363s ]
[2021-05-06T02:17:12+08:00][sql] SHOW FULL COLUMNS FROM `carver_navigation` [ RunTime:0.000619s ]
[2021-05-06T02:17:12+08:00][sql] SELECT * FROM `carver_navigation` [ RunTime:0.000319s ]
[2021-05-06T02:17:12+08:00][sql] SHOW FULL COLUMNS FROM `carver_link` [ RunTime:0.000598s ]
[2021-05-06T02:17:12+08:00][sql] SELECT * FROM `carver_link` WHERE  ( is_confirm=2 ) LIMIT 20 [ RunTime:0.000404s ]
[2021-05-06T02:17:12+08:00][sql] SELECT `article_label` FROM `carver_article` [ RunTime:0.000316s ]
[2021-05-06T02:17:12+08:00][sql] SHOW FULL COLUMNS FROM `carver_carouse` [ RunTime:0.000526s ]
[2021-05-06T02:17:12+08:00][sql] SELECT `carouse_img`,`carouse_desc` FROM `carver_carouse` WHERE  `is_show` = 1 ORDER BY `carouse_sort` DESC LIMIT 3 [ RunTime:0.000358s ]
[2021-05-06T02:17:12+08:00][sql] SHOW FULL COLUMNS FROM `carver_site` [ RunTime:0.000552s ]
[2021-05-06T02:17:12+08:00][sql] SELECT * FROM `carver_site` [ RunTime:0.000330s ]
[2021-05-06T02:31:24+08:00][sql] CONNECT:[ UseTime:0.000645s ] mysql:host=127.0.0.1;port=3306;dbname=carver;charset=utf8
[2021-05-06T02:31:24+08:00][sql] SHOW FULL COLUMNS FROM `carver_article` [ RunTime:0.000891s ]
[2021-05-06T02:31:24+08:00][sql] SELECT COUNT(*) AS think_count FROM `carver_article` WHERE  `article_label` LIKE '%mysql%'  AND `delete_time` = 0  AND `is_show` = 1 [ RunTime:0.000443s ]
[2021-05-06T02:31:24+08:00][sql] SELECT * FROM `carver_article` WHERE  `article_label` LIKE '%mysql%'  AND `delete_time` = 0  AND `is_show` = 1 LIMIT 0,6 [ RunTime:0.001190s ]
[2021-05-06T02:31:24+08:00][sql] SELECT article_id,article_title,click_num,FROM_UNIXTIME(add_time,'%Y-%m-%d') as add_time FROM `carver_article` WHERE  `is_show` = 1  AND `delete_time` = 0 ORDER BY `click_num` DESC LIMIT 3 [ RunTime:0.000502s ]
[2021-05-06T02:31:24+08:00][sql] SHOW FULL COLUMNS FROM `carver_notice` [ RunTime:0.000607s ]
[2021-05-06T02:31:24+08:00][sql] SELECT * FROM `carver_notice` ORDER BY `create_time` DESC LIMIT 3 [ RunTime:0.000270s ]
[2021-05-06T02:31:24+08:00][sql] SHOW FULL COLUMNS FROM `carver_navigation` [ RunTime:0.000593s ]
[2021-05-06T02:31:24+08:00][sql] SELECT * FROM `carver_navigation` [ RunTime:0.000250s ]
[2021-05-06T02:31:24+08:00][sql] SHOW FULL COLUMNS FROM `carver_link` [ RunTime:0.000514s ]
[2021-05-06T02:31:24+08:00][sql] SELECT * FROM `carver_link` WHERE  ( is_confirm=2 ) LIMIT 20 [ RunTime:0.000299s ]
[2021-05-06T02:31:24+08:00][sql] SELECT `article_label` FROM `carver_article` [ RunTime:0.000392s ]
[2021-05-06T02:31:24+08:00][sql] SHOW FULL COLUMNS FROM `carver_carouse` [ RunTime:0.000501s ]
[2021-05-06T02:31:24+08:00][sql] SELECT `carouse_img`,`carouse_desc` FROM `carver_carouse` WHERE  `is_show` = 1 ORDER BY `carouse_sort` DESC LIMIT 3 [ RunTime:0.000303s ]
[2021-05-06T02:31:24+08:00][sql] SHOW FULL COLUMNS FROM `carver_site` [ RunTime:0.000490s ]
[2021-05-06T02:31:24+08:00][sql] SELECT * FROM `carver_site` [ RunTime:0.000247s ]
[2021-05-06T03:10:37+08:00][sql] CONNECT:[ UseTime:0.000561s ] mysql:host=127.0.0.1;port=3306;dbname=carver;charset=utf8
[2021-05-06T03:10:37+08:00][sql] SHOW FULL COLUMNS FROM `carver_user` [ RunTime:0.000895s ]
[2021-05-06T03:10:37+08:00][sql] SHOW FULL COLUMNS FROM `carver_article` [ RunTime:0.000953s ]
[2021-05-06T03:10:37+08:00][sql] SELECT COUNT(*) AS think_count FROM `carver_article` WHERE  `delete_time` = 0  AND `is_show` = 1 [ RunTime:0.000459s ]
[2021-05-06T03:10:37+08:00][sql] SELECT `article_id`,`article_title`,`article_desc`,`article_content`,`article_img`,`article_guide`,`article_label`,`click_num`,`is_show`,`add_time`,`article_author`,`is_top_show` FROM `carver_article` WHERE  `delete_time` = 0  AND `is_show` = 1 ORDER BY `article_id` DESC LIMIT 0,6 [ RunTime:0.000934s ]
[2021-05-06T03:10:37+08:00][sql] SELECT article_id,article_title,click_num,FROM_UNIXTIME(add_time,'%Y-%m-%d') as add_time FROM `carver_article` WHERE  `is_show` = 1  AND `delete_time` = 0 ORDER BY `click_num` DESC LIMIT 3 [ RunTime:0.000642s ]
[2021-05-06T03:10:37+08:00][sql] SHOW FULL COLUMNS FROM `carver_notice` [ RunTime:0.000641s ]
[2021-05-06T03:10:37+08:00][sql] SELECT * FROM `carver_notice` ORDER BY `create_time` DESC LIMIT 3 [ RunTime:0.000303s ]
[2021-05-06T03:10:37+08:00][sql] SHOW FULL COLUMNS FROM `carver_navigation` [ RunTime:0.000590s ]
[2021-05-06T03:10:37+08:00][sql] SELECT * FROM `carver_navigation` [ RunTime:0.000291s ]
[2021-05-06T03:10:37+08:00][sql] SHOW FULL COLUMNS FROM `carver_link` [ RunTime:0.000564s ]
[2021-05-06T03:10:37+08:00][sql] SELECT * FROM `carver_link` WHERE  ( is_confirm=2 ) LIMIT 20 [ RunTime:0.000322s ]
[2021-05-06T03:10:37+08:00][sql] SELECT `article_label` FROM `carver_article` [ RunTime:0.000273s ]
[2021-05-06T03:10:37+08:00][sql] SHOW FULL COLUMNS FROM `carver_carouse` [ RunTime:0.000572s ]
[2021-05-06T03:10:37+08:00][sql] SELECT `carouse_img`,`carouse_desc` FROM `carver_carouse` WHERE  `is_show` = 1 ORDER BY `carouse_sort` DESC LIMIT 3 [ RunTime:0.000330s ]
[2021-05-06T03:10:37+08:00][sql] SHOW FULL COLUMNS FROM `carver_site` [ RunTime:0.000560s ]
[2021-05-06T03:10:37+08:00][sql] SELECT * FROM `carver_site` [ RunTime:0.000240s ]
[2021-05-06T03:21:24+08:00][sql] CONNECT:[ UseTime:0.000516s ] mysql:host=127.0.0.1;port=3306;dbname=carver;charset=utf8
[2021-05-06T03:21:24+08:00][sql] SHOW FULL COLUMNS FROM `carver_user` [ RunTime:0.000763s ]
[2021-05-06T03:21:24+08:00][sql] SHOW FULL COLUMNS FROM `carver_article` [ RunTime:0.000687s ]
[2021-05-06T03:21:24+08:00][sql] SELECT COUNT(*) AS think_count FROM `carver_article` WHERE  `delete_time` = 0  AND `is_show` = 1 [ RunTime:0.000353s ]
[2021-05-06T03:21:24+08:00][sql] SELECT `article_id`,`article_title`,`article_desc`,`article_content`,`article_img`,`article_guide`,`article_label`,`click_num`,`is_show`,`add_time`,`article_author`,`is_top_show` FROM `carver_article` WHERE  `delete_time` = 0  AND `is_show` = 1 ORDER BY `article_id` DESC LIMIT 0,6 [ RunTime:0.000605s ]
[2021-05-06T03:21:24+08:00][sql] SELECT article_id,article_title,click_num,FROM_UNIXTIME(add_time,'%Y-%m-%d') as add_time FROM `carver_article` WHERE  `is_show` = 1  AND `delete_time` = 0 ORDER BY `click_num` DESC LIMIT 3 [ RunTime:0.000398s ]
[2021-05-06T03:21:24+08:00][sql] SHOW FULL COLUMNS FROM `carver_notice` [ RunTime:0.000542s ]
[2021-05-06T03:21:24+08:00][sql] SELECT * FROM `carver_notice` ORDER BY `create_time` DESC LIMIT 3 [ RunTime:0.000272s ]
[2021-05-06T03:21:24+08:00][sql] SHOW FULL COLUMNS FROM `carver_navigation` [ RunTime:0.000504s ]
[2021-05-06T03:21:24+08:00][sql] SELECT * FROM `carver_navigation` [ RunTime:0.000230s ]
[2021-05-06T03:21:24+08:00][sql] SHOW FULL COLUMNS FROM `carver_link` [ RunTime:0.000486s ]
[2021-05-06T03:21:24+08:00][sql] SELECT * FROM `carver_link` WHERE  ( is_confirm=2 ) LIMIT 20 [ RunTime:0.000304s ]
[2021-05-06T03:21:24+08:00][sql] SELECT `article_label` FROM `carver_article` [ RunTime:0.000263s ]
[2021-05-06T03:21:24+08:00][sql] SHOW FULL COLUMNS FROM `carver_carouse` [ RunTime:0.000463s ]
[2021-05-06T03:21:24+08:00][sql] SELECT `carouse_img`,`carouse_desc` FROM `carver_carouse` WHERE  `is_show` = 1 ORDER BY `carouse_sort` DESC LIMIT 3 [ RunTime:0.000313s ]
[2021-05-06T03:21:24+08:00][sql] SHOW FULL COLUMNS FROM `carver_site` [ RunTime:0.000482s ]
[2021-05-06T03:21:24+08:00][sql] SELECT * FROM `carver_site` [ RunTime:0.000239s ]
[2021-05-06T04:01:06+08:00][sql] CONNECT:[ UseTime:0.000595s ] mysql:host=127.0.0.1;port=3306;dbname=carver;charset=utf8
[2021-05-06T04:01:06+08:00][sql] SHOW FULL COLUMNS FROM `carver_user` [ RunTime:0.000815s ]
[2021-05-06T04:01:06+08:00][sql] SHOW FULL COLUMNS FROM `carver_article` [ RunTime:0.000681s ]
[2021-05-06T04:01:06+08:00][sql] SELECT COUNT(*) AS think_count FROM `carver_article` WHERE  `delete_time` = 0  AND `is_show` = 1 [ RunTime:0.000404s ]
[2021-05-06T04:01:06+08:00][sql] SELECT `article_id`,`article_title`,`article_desc`,`article_content`,`article_img`,`article_guide`,`article_label`,`click_num`,`is_show`,`add_time`,`article_author`,`is_top_show` FROM `carver_article` WHERE  `delete_time` = 0  AND `is_show` = 1 ORDER BY `article_id` DESC LIMIT 0,6 [ RunTime:0.000625s ]
[2021-05-06T04:01:06+08:00][sql] SELECT article_id,article_title,click_num,FROM_UNIXTIME(add_time,'%Y-%m-%d') as add_time FROM `carver_article` WHERE  `is_show` = 1  AND `delete_time` = 0 ORDER BY `click_num` DESC LIMIT 3 [ RunTime:0.000614s ]
[2021-05-06T04:01:06+08:00][sql] SHOW FULL COLUMNS FROM `carver_notice` [ RunTime:0.000652s ]
[2021-05-06T04:01:06+08:00][sql] SELECT * FROM `carver_notice` ORDER BY `create_time` DESC LIMIT 3 [ RunTime:0.000301s ]
[2021-05-06T04:01:06+08:00][sql] SHOW FULL COLUMNS FROM `carver_navigation` [ RunTime:0.000517s ]
[2021-05-06T04:01:06+08:00][sql] SELECT * FROM `carver_navigation` [ RunTime:0.000258s ]
[2021-05-06T04:01:06+08:00][sql] SHOW FULL COLUMNS FROM `carver_link` [ RunTime:0.000552s ]
[2021-05-06T04:01:06+08:00][sql] SELECT * FROM `carver_link` WHERE  ( is_confirm=2 ) LIMIT 20 [ RunTime:0.000295s ]
[2021-05-06T04:01:06+08:00][sql] SELECT `article_label` FROM `carver_article` [ RunTime:0.000307s ]
[2021-05-06T04:01:06+08:00][sql] SHOW FULL COLUMNS FROM `carver_carouse` [ RunTime:0.000483s ]
[2021-05-06T04:01:06+08:00][sql] SELECT `carouse_img`,`carouse_desc` FROM `carver_carouse` WHERE  `is_show` = 1 ORDER BY `carouse_sort` DESC LIMIT 3 [ RunTime:0.000327s ]
[2021-05-06T04:01:06+08:00][sql] SHOW FULL COLUMNS FROM `carver_site` [ RunTime:0.000471s ]
[2021-05-06T04:01:06+08:00][sql] SELECT * FROM `carver_site` [ RunTime:0.000267s ]
[2021-05-06T04:01:06+08:00][sql] CONNECT:[ UseTime:0.000544s ] mysql:host=127.0.0.1;port=3306;dbname=carver;charset=utf8
[2021-05-06T04:01:06+08:00][sql] SHOW FULL COLUMNS FROM `carver_user` [ RunTime:0.000843s ]
[2021-05-06T04:01:06+08:00][sql] SHOW FULL COLUMNS FROM `carver_article` [ RunTime:0.000904s ]
[2021-05-06T04:01:06+08:00][sql] SELECT COUNT(*) AS think_count FROM `carver_article` WHERE  `delete_time` = 0  AND `is_show` = 1 [ RunTime:0.000406s ]
[2021-05-06T04:01:06+08:00][sql] SELECT `article_id`,`article_title`,`article_desc`,`article_content`,`article_img`,`article_guide`,`article_label`,`click_num`,`is_show`,`add_time`,`article_author`,`is_top_show` FROM `carver_article` WHERE  `delete_time` = 0  AND `is_show` = 1 ORDER BY `article_id` DESC LIMIT 0,6 [ RunTime:0.000684s ]
[2021-05-06T04:01:06+08:00][sql] SELECT article_id,article_title,click_num,FROM_UNIXTIME(add_time,'%Y-%m-%d') as add_time FROM `carver_article` WHERE  `is_show` = 1  AND `delete_time` = 0 ORDER BY `click_num` DESC LIMIT 3 [ RunTime:0.000480s ]
[2021-05-06T04:01:06+08:00][sql] SHOW FULL COLUMNS FROM `carver_notice` [ RunTime:0.000698s ]
[2021-05-06T04:01:06+08:00][sql] SELECT * FROM `carver_notice` ORDER BY `create_time` DESC LIMIT 3 [ RunTime:0.000337s ]
[2021-05-06T04:01:06+08:00][sql] SHOW FULL COLUMNS FROM `carver_navigation` [ RunTime:0.000575s ]
[2021-05-06T04:01:06+08:00][sql] SELECT * FROM `carver_navigation` [ RunTime:0.000248s ]
[2021-05-06T04:01:06+08:00][sql] SHOW FULL COLUMNS FROM `carver_link` [ RunTime:0.000519s ]
[2021-05-06T04:01:06+08:00][sql] SELECT * FROM `carver_link` WHERE  ( is_confirm=2 ) LIMIT 20 [ RunTime:0.000349s ]
[2021-05-06T04:01:06+08:00][sql] SELECT `article_label` FROM `carver_article` [ RunTime:0.000349s ]
[2021-05-06T04:01:06+08:00][sql] SHOW FULL COLUMNS FROM `carver_carouse` [ RunTime:0.000501s ]
[2021-05-06T04:01:06+08:00][sql] SELECT `carouse_img`,`carouse_desc` FROM `carver_carouse` WHERE  `is_show` = 1 ORDER BY `carouse_sort` DESC LIMIT 3 [ RunTime:0.000613s ]
[2021-05-06T04:01:06+08:00][sql] SHOW FULL COLUMNS FROM `carver_site` [ RunTime:0.000620s ]
[2021-05-06T04:01:06+08:00][sql] SELECT * FROM `carver_site` [ RunTime:0.000258s ]
[2021-05-06T04:01:07+08:00][sql] CONNECT:[ UseTime:0.000685s ] mysql:host=127.0.0.1;port=3306;dbname=carver;charset=utf8
[2021-05-06T04:01:07+08:00][sql] SHOW FULL COLUMNS FROM `carver_user` [ RunTime:0.000829s ]
[2021-05-06T04:01:07+08:00][sql] SHOW FULL COLUMNS FROM `carver_article` [ RunTime:0.000744s ]
[2021-05-06T04:01:07+08:00][sql] SELECT COUNT(*) AS think_count FROM `carver_article` WHERE  `delete_time` = 0  AND `is_show` = 1 [ RunTime:0.000397s ]
[2021-05-06T04:01:07+08:00][sql] SELECT `article_id`,`article_title`,`article_desc`,`article_content`,`article_img`,`article_guide`,`article_label`,`click_num`,`is_show`,`add_time`,`article_author`,`is_top_show` FROM `carver_article` WHERE  `delete_time` = 0  AND `is_show` = 1 ORDER BY `article_id` DESC LIMIT 0,6 [ RunTime:0.000763s ]
[2021-05-06T04:01:07+08:00][sql] SELECT article_id,article_title,click_num,FROM_UNIXTIME(add_time,'%Y-%m-%d') as add_time FROM `carver_article` WHERE  `is_show` = 1  AND `delete_time` = 0 ORDER BY `click_num` DESC LIMIT 3 [ RunTime:0.000490s ]
[2021-05-06T04:01:07+08:00][sql] SHOW FULL COLUMNS FROM `carver_notice` [ RunTime:0.000614s ]
[2021-05-06T04:01:07+08:00][sql] SELECT * FROM `carver_notice` ORDER BY `create_time` DESC LIMIT 3 [ RunTime:0.000282s ]
[2021-05-06T04:01:07+08:00][sql] SHOW FULL COLUMNS FROM `carver_navigation` [ RunTime:0.000584s ]
[2021-05-06T04:01:07+08:00][sql] SELECT * FROM `carver_navigation` [ RunTime:0.000269s ]
[2021-05-06T04:01:07+08:00][sql] SHOW FULL COLUMNS FROM `carver_link` [ RunTime:0.000891s ]
[2021-05-06T04:01:07+08:00][sql] SELECT * FROM `carver_link` WHERE  ( is_confirm=2 ) LIMIT 20 [ RunTime:0.000400s ]
[2021-05-06T04:01:07+08:00][sql] SELECT `article_label` FROM `carver_article` [ RunTime:0.000297s ]
[2021-05-06T04:01:07+08:00][sql] SHOW FULL COLUMNS FROM `carver_carouse` [ RunTime:0.000548s ]
[2021-05-06T04:01:07+08:00][sql] SELECT `carouse_img`,`carouse_desc` FROM `carver_carouse` WHERE  `is_show` = 1 ORDER BY `carouse_sort` DESC LIMIT 3 [ RunTime:0.000320s ]
[2021-05-06T04:01:07+08:00][sql] SHOW FULL COLUMNS FROM `carver_site` [ RunTime:0.000502s ]
[2021-05-06T04:01:07+08:00][sql] SELECT * FROM `carver_site` [ RunTime:0.000259s ]
[2021-05-06T04:01:07+08:00][sql] CONNECT:[ UseTime:0.000516s ] mysql:host=127.0.0.1;port=3306;dbname=carver;charset=utf8
[2021-05-06T04:01:07+08:00][sql] SHOW FULL COLUMNS FROM `carver_user` [ RunTime:0.000803s ]
[2021-05-06T04:01:07+08:00][sql] SHOW FULL COLUMNS FROM `carver_article` [ RunTime:0.000679s ]
[2021-05-06T04:01:07+08:00][sql] SELECT COUNT(*) AS think_count FROM `carver_article` WHERE  `delete_time` = 0  AND `is_show` = 1 [ RunTime:0.000417s ]
[2021-05-06T04:01:07+08:00][sql] SELECT `article_id`,`article_title`,`article_desc`,`article_content`,`article_img`,`article_guide`,`article_label`,`click_num`,`is_show`,`add_time`,`article_author`,`is_top_show` FROM `carver_article` WHERE  `delete_time` = 0  AND `is_show` = 1 ORDER BY `article_id` DESC LIMIT 0,6 [ RunTime:0.000753s ]
[2021-05-06T04:01:07+08:00][sql] SELECT article_id,article_title,click_num,FROM_UNIXTIME(add_time,'%Y-%m-%d') as add_time FROM `carver_article` WHERE  `is_show` = 1  AND `delete_time` = 0 ORDER BY `click_num` DESC LIMIT 3 [ RunTime:0.000430s ]
[2021-05-06T04:01:07+08:00][sql] SHOW FULL COLUMNS FROM `carver_notice` [ RunTime:0.000671s ]
[2021-05-06T04:01:07+08:00][sql] SELECT * FROM `carver_notice` ORDER BY `create_time` DESC LIMIT 3 [ RunTime:0.000296s ]
[2021-05-06T04:01:07+08:00][sql] SHOW FULL COLUMNS FROM `carver_navigation` [ RunTime:0.000547s ]
[2021-05-06T04:01:07+08:00][sql] SELECT * FROM `carver_navigation` [ RunTime:0.000234s ]
[2021-05-06T04:01:07+08:00][sql] SHOW FULL COLUMNS FROM `carver_link` [ RunTime:0.000816s ]
[2021-05-06T04:01:07+08:00][sql] SELECT * FROM `carver_link` WHERE  ( is_confirm=2 ) LIMIT 20 [ RunTime:0.000309s ]
[2021-05-06T04:01:07+08:00][sql] SELECT `article_label` FROM `carver_article` [ RunTime:0.000264s ]
[2021-05-06T04:01:07+08:00][sql] SHOW FULL COLUMNS FROM `carver_carouse` [ RunTime:0.000534s ]
[2021-05-06T04:01:07+08:00][sql] SELECT `carouse_img`,`carouse_desc` FROM `carver_carouse` WHERE  `is_show` = 1 ORDER BY `carouse_sort` DESC LIMIT 3 [ RunTime:0.000294s ]
[2021-05-06T04:01:07+08:00][sql] SHOW FULL COLUMNS FROM `carver_site` [ RunTime:0.000500s ]
[2021-05-06T04:01:07+08:00][sql] SELECT * FROM `carver_site` [ RunTime:0.000254s ]
[2021-05-06T04:01:07+08:00][sql] CONNECT:[ UseTime:0.000494s ] mysql:host=127.0.0.1;port=3306;dbname=carver;charset=utf8
[2021-05-06T04:01:07+08:00][sql] SHOW FULL COLUMNS FROM `carver_user` [ RunTime:0.000813s ]
[2021-05-06T04:01:07+08:00][sql] SHOW FULL COLUMNS FROM `carver_article` [ RunTime:0.000822s ]
[2021-05-06T04:01:07+08:00][sql] SELECT COUNT(*) AS think_count FROM `carver_article` WHERE  `delete_time` = 0  AND `is_show` = 1 [ RunTime:0.000390s ]
[2021-05-06T04:01:07+08:00][sql] SELECT `article_id`,`article_title`,`article_desc`,`article_content`,`article_img`,`article_guide`,`article_label`,`click_num`,`is_show`,`add_time`,`article_author`,`is_top_show` FROM `carver_article` WHERE  `delete_time` = 0  AND `is_show` = 1 ORDER BY `article_id` DESC LIMIT 0,6 [ RunTime:0.000609s ]
[2021-05-06T04:01:07+08:00][sql] SELECT article_id,article_title,click_num,FROM_UNIXTIME(add_time,'%Y-%m-%d') as add_time FROM `carver_article` WHERE  `is_show` = 1  AND `delete_time` = 0 ORDER BY `click_num` DESC LIMIT 3 [ RunTime:0.000472s ]
[2021-05-06T04:01:07+08:00][sql] SHOW FULL COLUMNS FROM `carver_notice` [ RunTime:0.000582s ]
[2021-05-06T04:01:07+08:00][sql] SELECT * FROM `carver_notice` ORDER BY `create_time` DESC LIMIT 3 [ RunTime:0.000292s ]
[2021-05-06T04:01:07+08:00][sql] SHOW FULL COLUMNS FROM `carver_navigation` [ RunTime:0.000570s ]
[2021-05-06T04:01:07+08:00][sql] SELECT * FROM `carver_navigation` [ RunTime:0.000235s ]
[2021-05-06T04:01:07+08:00][sql] SHOW FULL COLUMNS FROM `carver_link` [ RunTime:0.000785s ]
[2021-05-06T04:01:07+08:00][sql] SELECT * FROM `carver_link` WHERE  ( is_confirm=2 ) LIMIT 20 [ RunTime:0.000305s ]
[2021-05-06T04:01:07+08:00][sql] SELECT `article_label` FROM `carver_article` [ RunTime:0.000269s ]
[2021-05-06T04:01:07+08:00][sql] SHOW FULL COLUMNS FROM `carver_carouse` [ RunTime:0.000701s ]
[2021-05-06T04:01:07+08:00][sql] SELECT `carouse_img`,`carouse_desc` FROM `carver_carouse` WHERE  `is_show` = 1 ORDER BY `carouse_sort` DESC LIMIT 3 [ RunTime:0.000297s ]
[2021-05-06T04:01:07+08:00][sql] SHOW FULL COLUMNS FROM `carver_site` [ RunTime:0.000479s ]
[2021-05-06T04:01:07+08:00][sql] SELECT * FROM `carver_site` [ RunTime:0.000238s ]
[2021-05-06T04:01:07+08:00][sql] CONNECT:[ UseTime:0.000512s ] mysql:host=127.0.0.1;port=3306;dbname=carver;charset=utf8
[2021-05-06T04:01:07+08:00][sql] SHOW FULL COLUMNS FROM `carver_user` [ RunTime:0.000821s ]
[2021-05-06T04:01:07+08:00][sql] SHOW FULL COLUMNS FROM `carver_article` [ RunTime:0.000725s ]
[2021-05-06T04:01:07+08:00][sql] SELECT COUNT(*) AS think_count FROM `carver_article` WHERE  `delete_time` = 0  AND `is_show` = 1 [ RunTime:0.000427s ]
[2021-05-06T04:01:07+08:00][sql] SELECT `article_id`,`article_title`,`article_desc`,`article_content`,`article_img`,`article_guide`,`article_label`,`click_num`,`is_show`,`add_time`,`article_author`,`is_top_show` FROM `carver_article` WHERE  `delete_time` = 0  AND `is_show` = 1 ORDER BY `article_id` DESC LIMIT 0,6 [ RunTime:0.000757s ]
[2021-05-06T04:01:07+08:00][sql] SELECT article_id,article_title,click_num,FROM_UNIXTIME(add_time,'%Y-%m-%d') as add_time FROM `carver_article` WHERE  `is_show` = 1  AND `delete_time` = 0 ORDER BY `click_num` DESC LIMIT 3 [ RunTime:0.000490s ]
[2021-05-06T04:01:07+08:00][sql] SHOW FULL COLUMNS FROM `carver_notice` [ RunTime:0.000636s ]
[2021-05-06T04:01:07+08:00][sql] SELECT * FROM `carver_notice` ORDER BY `create_time` DESC LIMIT 3 [ RunTime:0.000354s ]
[2021-05-06T04:01:07+08:00][sql] SHOW FULL COLUMNS FROM `carver_navigation` [ RunTime:0.000874s ]
[2021-05-06T04:01:07+08:00][sql] SELECT * FROM `carver_navigation` [ RunTime:0.000274s ]
[2021-05-06T04:01:07+08:00][sql] SHOW FULL COLUMNS FROM `carver_link` [ RunTime:0.000527s ]
[2021-05-06T04:01:07+08:00][sql] SELECT * FROM `carver_link` WHERE  ( is_confirm=2 ) LIMIT 20 [ RunTime:0.000287s ]
[2021-05-06T04:01:07+08:00][sql] SELECT `article_label` FROM `carver_article` [ RunTime:0.000291s ]
[2021-05-06T04:01:07+08:00][sql] SHOW FULL COLUMNS FROM `carver_carouse` [ RunTime:0.000511s ]
[2021-05-06T04:01:07+08:00][sql] SELECT `carouse_img`,`carouse_desc` FROM `carver_carouse` WHERE  `is_show` = 1 ORDER BY `carouse_sort` DESC LIMIT 3 [ RunTime:0.000309s ]
[2021-05-06T04:01:07+08:00][sql] SHOW FULL COLUMNS FROM `carver_site` [ RunTime:0.000484s ]
[2021-05-06T04:01:07+08:00][sql] SELECT * FROM `carver_site` [ RunTime:0.000245s ]
[2021-05-06T04:01:07+08:00][sql] CONNECT:[ UseTime:0.000490s ] mysql:host=127.0.0.1;port=3306;dbname=carver;charset=utf8
[2021-05-06T04:01:07+08:00][sql] SHOW FULL COLUMNS FROM `carver_user` [ RunTime:0.000787s ]
[2021-05-06T04:01:07+08:00][sql] SHOW FULL COLUMNS FROM `carver_article` [ RunTime:0.000748s ]
[2021-05-06T04:01:07+08:00][sql] SELECT COUNT(*) AS think_count FROM `carver_article` WHERE  `delete_time` = 0  AND `is_show` = 1 [ RunTime:0.000433s ]
[2021-05-06T04:01:07+08:00][sql] SELECT `article_id`,`article_title`,`article_desc`,`article_content`,`article_img`,`article_guide`,`article_label`,`click_num`,`is_show`,`add_time`,`article_author`,`is_top_show` FROM `carver_article` WHERE  `delete_time` = 0  AND `is_show` = 1 ORDER BY `article_id` DESC LIMIT 0,6 [ RunTime:0.000614s ]
[2021-05-06T04:01:07+08:00][sql] SELECT article_id,article_title,click_num,FROM_UNIXTIME(add_time,'%Y-%m-%d') as add_time FROM `carver_article` WHERE  `is_show` = 1  AND `delete_time` = 0 ORDER BY `click_num` DESC LIMIT 3 [ RunTime:0.000628s ]
[2021-05-06T04:01:07+08:00][sql] SHOW FULL COLUMNS FROM `carver_notice` [ RunTime:0.000600s ]
[2021-05-06T04:01:07+08:00][sql] SELECT * FROM `carver_notice` ORDER BY `create_time` DESC LIMIT 3 [ RunTime:0.000351s ]
[2021-05-06T04:01:07+08:00][sql] SHOW FULL COLUMNS FROM `carver_navigation` [ RunTime:0.000855s ]
[2021-05-06T04:01:07+08:00][sql] SELECT * FROM `carver_navigation` [ RunTime:0.000283s ]
[2021-05-06T04:01:07+08:00][sql] SHOW FULL COLUMNS FROM `carver_link` [ RunTime:0.000504s ]
[2021-05-06T04:01:07+08:00][sql] SELECT * FROM `carver_link` WHERE  ( is_confirm=2 ) LIMIT 20 [ RunTime:0.000289s ]
[2021-05-06T04:01:07+08:00][sql] SELECT `article_label` FROM `carver_article` [ RunTime:0.000271s ]
[2021-05-06T04:01:07+08:00][sql] SHOW FULL COLUMNS FROM `carver_carouse` [ RunTime:0.000504s ]
[2021-05-06T04:01:07+08:00][sql] SELECT `carouse_img`,`carouse_desc` FROM `carver_carouse` WHERE  `is_show` = 1 ORDER BY `carouse_sort` DESC LIMIT 3 [ RunTime:0.000319s ]
[2021-05-06T04:01:07+08:00][sql] SHOW FULL COLUMNS FROM `carver_site` [ RunTime:0.000532s ]
[2021-05-06T04:01:07+08:00][sql] SELECT * FROM `carver_site` [ RunTime:0.000257s ]
[2021-05-06T04:01:07+08:00][sql] CONNECT:[ UseTime:0.000626s ] mysql:host=127.0.0.1;port=3306;dbname=carver;charset=utf8
[2021-05-06T04:01:07+08:00][sql] SHOW FULL COLUMNS FROM `carver_user` [ RunTime:0.000842s ]
[2021-05-06T04:01:07+08:00][sql] SHOW FULL COLUMNS FROM `carver_article` [ RunTime:0.000726s ]
[2021-05-06T04:01:07+08:00][sql] SELECT COUNT(*) AS think_count FROM `carver_article` WHERE  `delete_time` = 0  AND `is_show` = 1 [ RunTime:0.000422s ]
[2021-05-06T04:01:07+08:00][sql] SELECT `article_id`,`article_title`,`article_desc`,`article_content`,`article_img`,`article_guide`,`article_label`,`click_num`,`is_show`,`add_time`,`article_author`,`is_top_show` FROM `carver_article` WHERE  `delete_time` = 0  AND `is_show` = 1 ORDER BY `article_id` DESC LIMIT 0,6 [ RunTime:0.000642s ]
[2021-05-06T04:01:07+08:00][sql] SELECT article_id,article_title,click_num,FROM_UNIXTIME(add_time,'%Y-%m-%d') as add_time FROM `carver_article` WHERE  `is_show` = 1  AND `delete_time` = 0 ORDER BY `click_num` DESC LIMIT 3 [ RunTime:0.000496s ]
[2021-05-06T04:01:07+08:00][sql] SHOW FULL COLUMNS FROM `carver_notice` [ RunTime:0.000627s ]
[2021-05-06T04:01:07+08:00][sql] SELECT * FROM `carver_notice` ORDER BY `create_time` DESC LIMIT 3 [ RunTime:0.000321s ]
[2021-05-06T04:01:07+08:00][sql] SHOW FULL COLUMNS FROM `carver_navigation` [ RunTime:0.000580s ]
[2021-05-06T04:01:07+08:00][sql] SELECT * FROM `carver_navigation` [ RunTime:0.000270s ]
[2021-05-06T04:01:07+08:00][sql] SHOW FULL COLUMNS FROM `carver_link` [ RunTime:0.000868s ]
[2021-05-06T04:01:07+08:00][sql] SELECT * FROM `carver_link` WHERE  ( is_confirm=2 ) LIMIT 20 [ RunTime:0.000312s ]
[2021-05-06T04:01:07+08:00][sql] SELECT `article_label` FROM `carver_article` [ RunTime:0.000289s ]
[2021-05-06T04:01:07+08:00][sql] SHOW FULL COLUMNS FROM `carver_carouse` [ RunTime:0.000532s ]
[2021-05-06T04:01:07+08:00][sql] SELECT `carouse_img`,`carouse_desc` FROM `carver_carouse` WHERE  `is_show` = 1 ORDER BY `carouse_sort` DESC LIMIT 3 [ RunTime:0.000315s ]
[2021-05-06T04:01:07+08:00][sql] SHOW FULL COLUMNS FROM `carver_site` [ RunTime:0.000506s ]
[2021-05-06T04:01:07+08:00][sql] SELECT * FROM `carver_site` [ RunTime:0.000249s ]
[2021-05-06T04:01:07+08:00][sql] CONNECT:[ UseTime:0.000878s ] mysql:host=127.0.0.1;port=3306;dbname=carver;charset=utf8
[2021-05-06T04:01:07+08:00][sql] SHOW FULL COLUMNS FROM `carver_user` [ RunTime:0.001073s ]
[2021-05-06T04:01:07+08:00][sql] SHOW FULL COLUMNS FROM `carver_article` [ RunTime:0.000952s ]
[2021-05-06T04:01:07+08:00][sql] SELECT COUNT(*) AS think_count FROM `carver_article` WHERE  `delete_time` = 0  AND `is_show` = 1 [ RunTime:0.000589s ]
[2021-05-06T04:01:07+08:00][sql] SELECT `article_id`,`article_title`,`article_desc`,`article_content`,`article_img`,`article_guide`,`article_label`,`click_num`,`is_show`,`add_time`,`article_author`,`is_top_show` FROM `carver_article` WHERE  `delete_time` = 0  AND `is_show` = 1 ORDER BY `article_id` DESC LIMIT 0,6 [ RunTime:0.001039s ]
[2021-05-06T04:01:07+08:00][sql] SELECT article_id,article_title,click_num,FROM_UNIXTIME(add_time,'%Y-%m-%d') as add_time FROM `carver_article` WHERE  `is_show` = 1  AND `delete_time` = 0 ORDER BY `click_num` DESC LIMIT 3 [ RunTime:0.001057s ]
[2021-05-06T04:01:07+08:00][sql] SHOW FULL COLUMNS FROM `carver_notice` [ RunTime:0.000774s ]
[2021-05-06T04:01:07+08:00][sql] SELECT * FROM `carver_notice` ORDER BY `create_time` DESC LIMIT 3 [ RunTime:0.000407s ]
[2021-05-06T04:01:07+08:00][sql] SHOW FULL COLUMNS FROM `carver_navigation` [ RunTime:0.000698s ]
[2021-05-06T04:01:07+08:00][sql] SELECT * FROM `carver_navigation` [ RunTime:0.000341s ]
[2021-05-06T04:01:07+08:00][sql] SHOW FULL COLUMNS FROM `carver_link` [ RunTime:0.000715s ]
[2021-05-06T04:01:07+08:00][sql] SELECT * FROM `carver_link` WHERE  ( is_confirm=2 ) LIMIT 20 [ RunTime:0.000412s ]
[2021-05-06T04:01:07+08:00][sql] SELECT `article_label` FROM `carver_article` [ RunTime:0.000268s ]
[2021-05-06T04:01:07+08:00][sql] SHOW FULL COLUMNS FROM `carver_carouse` [ RunTime:0.000590s ]
[2021-05-06T04:01:07+08:00][sql] SELECT `carouse_img`,`carouse_desc` FROM `carver_carouse` WHERE  `is_show` = 1 ORDER BY `carouse_sort` DESC LIMIT 3 [ RunTime:0.000339s ]
[2021-05-06T04:01:07+08:00][sql] SHOW FULL COLUMNS FROM `carver_site` [ RunTime:0.000471s ]
[2021-05-06T04:01:07+08:00][sql] SELECT * FROM `carver_site` [ RunTime:0.000238s ]
[2021-05-06T04:01:07+08:00][sql] CONNECT:[ UseTime:0.000513s ] mysql:host=127.0.0.1;port=3306;dbname=carver;charset=utf8
[2021-05-06T04:01:07+08:00][sql] SHOW FULL COLUMNS FROM `carver_user` [ RunTime:0.001051s ]
[2021-05-06T04:01:07+08:00][sql] SHOW FULL COLUMNS FROM `carver_article` [ RunTime:0.001160s ]
[2021-05-06T04:01:07+08:00][sql] SELECT COUNT(*) AS think_count FROM `carver_article` WHERE  `delete_time` = 0  AND `is_show` = 1 [ RunTime:0.000421s ]
[2021-05-06T04:01:07+08:00][sql] SELECT `article_id`,`article_title`,`article_desc`,`article_content`,`article_img`,`article_guide`,`article_label`,`click_num`,`is_show`,`add_time`,`article_author`,`is_top_show` FROM `carver_article` WHERE  `delete_time` = 0  AND `is_show` = 1 ORDER BY `article_id` DESC LIMIT 0,6 [ RunTime:0.000791s ]
[2021-05-06T04:01:07+08:00][sql] SELECT article_id,article_title,click_num,FROM_UNIXTIME(add_time,'%Y-%m-%d') as add_time FROM `carver_article` WHERE  `is_show` = 1  AND `delete_time` = 0 ORDER BY `click_num` DESC LIMIT 3 [ RunTime:0.000547s ]
[2021-05-06T04:01:07+08:00][sql] SHOW FULL COLUMNS FROM `carver_notice` [ RunTime:0.000645s ]
[2021-05-06T04:01:07+08:00][sql] SELECT * FROM `carver_notice` ORDER BY `create_time` DESC LIMIT 3 [ RunTime:0.000326s ]
[2021-05-06T04:01:07+08:00][sql] SHOW FULL COLUMNS FROM `carver_navigation` [ RunTime:0.000562s ]
[2021-05-06T04:01:07+08:00][sql] SELECT * FROM `carver_navigation` [ RunTime:0.000255s ]
[2021-05-06T04:01:07+08:00][sql] SHOW FULL COLUMNS FROM `carver_link` [ RunTime:0.000509s ]
[2021-05-06T04:01:07+08:00][sql] SELECT * FROM `carver_link` WHERE  ( is_confirm=2 ) LIMIT 20 [ RunTime:0.000367s ]
[2021-05-06T04:01:07+08:00][sql] SELECT `article_label` FROM `carver_article` [ RunTime:0.000343s ]
[2021-05-06T04:01:07+08:00][sql] SHOW FULL COLUMNS FROM `carver_carouse` [ RunTime:0.000527s ]
[2021-05-06T04:01:07+08:00][sql] SELECT `carouse_img`,`carouse_desc` FROM `carver_carouse` WHERE  `is_show` = 1 ORDER BY `carouse_sort` DESC LIMIT 3 [ RunTime:0.000315s ]
[2021-05-06T04:01:07+08:00][sql] SHOW FULL COLUMNS FROM `carver_site` [ RunTime:0.000533s ]
[2021-05-06T04:01:07+08:00][sql] SELECT * FROM `carver_site` [ RunTime:0.000263s ]
[2021-05-06T04:01:07+08:00][sql] CONNECT:[ UseTime:0.000814s ] mysql:host=127.0.0.1;port=3306;dbname=carver;charset=utf8
[2021-05-06T04:01:07+08:00][sql] SHOW FULL COLUMNS FROM `carver_user` [ RunTime:0.001213s ]
[2021-05-06T04:01:07+08:00][sql] SHOW FULL COLUMNS FROM `carver_article` [ RunTime:0.000723s ]
[2021-05-06T04:01:07+08:00][sql] SELECT COUNT(*) AS think_count FROM `carver_article` WHERE  `delete_time` = 0  AND `is_show` = 1 [ RunTime:0.000414s ]
[2021-05-06T04:01:07+08:00][sql] SELECT `article_id`,`article_title`,`article_desc`,`article_content`,`article_img`,`article_guide`,`article_label`,`click_num`,`is_show`,`add_time`,`article_author`,`is_top_show` FROM `carver_article` WHERE  `delete_time` = 0  AND `is_show` = 1 ORDER BY `article_id` DESC LIMIT 0,6 [ RunTime:0.000679s ]
[2021-05-06T04:01:07+08:00][sql] SELECT article_id,article_title,click_num,FROM_UNIXTIME(add_time,'%Y-%m-%d') as add_time FROM `carver_article` WHERE  `is_show` = 1  AND `delete_time` = 0 ORDER BY `click_num` DESC LIMIT 3 [ RunTime:0.000434s ]
[2021-05-06T04:01:07+08:00][sql] SHOW FULL COLUMNS FROM `carver_notice` [ RunTime:0.000630s ]
[2021-05-06T04:01:07+08:00][sql] SELECT * FROM `carver_notice` ORDER BY `create_time` DESC LIMIT 3 [ RunTime:0.000300s ]
[2021-05-06T04:01:07+08:00][sql] SHOW FULL COLUMNS FROM `carver_navigation` [ RunTime:0.000621s ]
[2021-05-06T04:01:07+08:00][sql] SELECT * FROM `carver_navigation` [ RunTime:0.000265s ]
[2021-05-06T04:01:07+08:00][sql] SHOW FULL COLUMNS FROM `carver_link` [ RunTime:0.000533s ]
[2021-05-06T04:01:07+08:00][sql] SELECT * FROM `carver_link` WHERE  ( is_confirm=2 ) LIMIT 20 [ RunTime:0.000310s ]
[2021-05-06T04:01:07+08:00][sql] SELECT `article_label` FROM `carver_article` [ RunTime:0.000288s ]
[2021-05-06T04:01:07+08:00][sql] SHOW FULL COLUMNS FROM `carver_carouse` [ RunTime:0.000541s ]
[2021-05-06T04:01:07+08:00][sql] SELECT `carouse_img`,`carouse_desc` FROM `carver_carouse` WHERE  `is_show` = 1 ORDER BY `carouse_sort` DESC LIMIT 3 [ RunTime:0.000317s ]
[2021-05-06T04:01:07+08:00][sql] SHOW FULL COLUMNS FROM `carver_site` [ RunTime:0.000494s ]
[2021-05-06T04:01:07+08:00][sql] SELECT * FROM `carver_site` [ RunTime:0.000287s ]
[2021-05-06T04:01:08+08:00][sql] CONNECT:[ UseTime:0.000885s ] mysql:host=127.0.0.1;port=3306;dbname=carver;charset=utf8
[2021-05-06T04:01:08+08:00][sql] SHOW FULL COLUMNS FROM `carver_user` [ RunTime:0.001277s ]
[2021-05-06T04:01:08+08:00][sql] SHOW FULL COLUMNS FROM `carver_article` [ RunTime:0.000758s ]
[2021-05-06T04:01:08+08:00][sql] SELECT COUNT(*) AS think_count FROM `carver_article` WHERE  `delete_time` = 0  AND `is_show` = 1 [ RunTime:0.000414s ]
[2021-05-06T04:01:08+08:00][sql] SELECT `article_id`,`article_title`,`article_desc`,`article_content`,`article_img`,`article_guide`,`article_label`,`click_num`,`is_show`,`add_time`,`article_author`,`is_top_show` FROM `carver_article` WHERE  `delete_time` = 0  AND `is_show` = 1 ORDER BY `article_id` DESC LIMIT 0,6 [ RunTime:0.000865s ]
[2021-05-06T04:01:08+08:00][sql] SELECT article_id,article_title,click_num,FROM_UNIXTIME(add_time,'%Y-%m-%d') as add_time FROM `carver_article` WHERE  `is_show` = 1  AND `delete_time` = 0 ORDER BY `click_num` DESC LIMIT 3 [ RunTime:0.000536s ]
[2021-05-06T04:01:08+08:00][sql] SHOW FULL COLUMNS FROM `carver_notice` [ RunTime:0.000638s ]
[2021-05-06T04:01:08+08:00][sql] SELECT * FROM `carver_notice` ORDER BY `create_time` DESC LIMIT 3 [ RunTime:0.000352s ]
[2021-05-06T04:01:08+08:00][sql] SHOW FULL COLUMNS FROM `carver_navigation` [ RunTime:0.000569s ]
[2021-05-06T04:01:08+08:00][sql] SELECT * FROM `carver_navigation` [ RunTime:0.000262s ]
[2021-05-06T04:01:08+08:00][sql] SHOW FULL COLUMNS FROM `carver_link` [ RunTime:0.000532s ]
[2021-05-06T04:01:08+08:00][sql] SELECT * FROM `carver_link` WHERE  ( is_confirm=2 ) LIMIT 20 [ RunTime:0.000339s ]
[2021-05-06T04:01:08+08:00][sql] SELECT `article_label` FROM `carver_article` [ RunTime:0.000289s ]
[2021-05-06T04:01:08+08:00][sql] SHOW FULL COLUMNS FROM `carver_carouse` [ RunTime:0.000524s ]
[2021-05-06T04:01:08+08:00][sql] SELECT `carouse_img`,`carouse_desc` FROM `carver_carouse` WHERE  `is_show` = 1 ORDER BY `carouse_sort` DESC LIMIT 3 [ RunTime:0.000320s ]
[2021-05-06T04:01:08+08:00][sql] SHOW FULL COLUMNS FROM `carver_site` [ RunTime:0.000532s ]
[2021-05-06T04:01:08+08:00][sql] SELECT * FROM `carver_site` [ RunTime:0.000243s ]
[2021-05-06T04:01:08+08:00][sql] CONNECT:[ UseTime:0.001124s ] mysql:host=127.0.0.1;port=3306;dbname=carver;charset=utf8
[2021-05-06T04:01:08+08:00][sql] SHOW FULL COLUMNS FROM `carver_user` [ RunTime:0.000832s ]
[2021-05-06T04:01:08+08:00][sql] SHOW FULL COLUMNS FROM `carver_article` [ RunTime:0.000801s ]
[2021-05-06T04:01:08+08:00][sql] SELECT COUNT(*) AS think_count FROM `carver_article` WHERE  `delete_time` = 0  AND `is_show` = 1 [ RunTime:0.000419s ]
[2021-05-06T04:01:08+08:00][sql] SELECT `article_id`,`article_title`,`article_desc`,`article_content`,`article_img`,`article_guide`,`article_label`,`click_num`,`is_show`,`add_time`,`article_author`,`is_top_show` FROM `carver_article` WHERE  `delete_time` = 0  AND `is_show` = 1 ORDER BY `article_id` DESC LIMIT 0,6 [ RunTime:0.000632s ]
[2021-05-06T04:01:08+08:00][sql] SELECT article_id,article_title,click_num,FROM_UNIXTIME(add_time,'%Y-%m-%d') as add_time FROM `carver_article` WHERE  `is_show` = 1  AND `delete_time` = 0 ORDER BY `click_num` DESC LIMIT 3 [ RunTime:0.000504s ]
[2021-05-06T04:01:08+08:00][sql] SHOW FULL COLUMNS FROM `carver_notice` [ RunTime:0.000574s ]
[2021-05-06T04:01:08+08:00][sql] SELECT * FROM `carver_notice` ORDER BY `create_time` DESC LIMIT 3 [ RunTime:0.000327s ]
[2021-05-06T04:01:08+08:00][sql] SHOW FULL COLUMNS FROM `carver_navigation` [ RunTime:0.000554s ]
[2021-05-06T04:01:08+08:00][sql] SELECT * FROM `carver_navigation` [ RunTime:0.000256s ]
[2021-05-06T04:01:08+08:00][sql] SHOW FULL COLUMNS FROM `carver_link` [ RunTime:0.000493s ]
[2021-05-06T04:01:08+08:00][sql] SELECT * FROM `carver_link` WHERE  ( is_confirm=2 ) LIMIT 20 [ RunTime:0.000332s ]
[2021-05-06T04:01:08+08:00][sql] SELECT `article_label` FROM `carver_article` [ RunTime:0.000337s ]
[2021-05-06T04:01:08+08:00][sql] SHOW FULL COLUMNS FROM `carver_carouse` [ RunTime:0.000490s ]
[2021-05-06T04:01:08+08:00][sql] SELECT `carouse_img`,`carouse_desc` FROM `carver_carouse` WHERE  `is_show` = 1 ORDER BY `carouse_sort` DESC LIMIT 3 [ RunTime:0.000333s ]
[2021-05-06T04:01:08+08:00][sql] SHOW FULL COLUMNS FROM `carver_site` [ RunTime:0.000496s ]
[2021-05-06T04:01:08+08:00][sql] SELECT * FROM `carver_site` [ RunTime:0.000269s ]
[2021-05-06T04:01:08+08:00][sql] CONNECT:[ UseTime:0.000534s ] mysql:host=127.0.0.1;port=3306;dbname=carver;charset=utf8
[2021-05-06T04:01:08+08:00][sql] SHOW FULL COLUMNS FROM `carver_user` [ RunTime:0.000844s ]
[2021-05-06T04:01:08+08:00][sql] SHOW FULL COLUMNS FROM `carver_article` [ RunTime:0.000746s ]
[2021-05-06T04:01:08+08:00][sql] SELECT COUNT(*) AS think_count FROM `carver_article` WHERE  `delete_time` = 0  AND `is_show` = 1 [ RunTime:0.000411s ]
[2021-05-06T04:01:08+08:00][sql] SELECT `article_id`,`article_title`,`article_desc`,`article_content`,`article_img`,`article_guide`,`article_label`,`click_num`,`is_show`,`add_time`,`article_author`,`is_top_show` FROM `carver_article` WHERE  `delete_time` = 0  AND `is_show` = 1 ORDER BY `article_id` DESC LIMIT 0,6 [ RunTime:0.000699s ]
[2021-05-06T04:01:08+08:00][sql] SELECT article_id,article_title,click_num,FROM_UNIXTIME(add_time,'%Y-%m-%d') as add_time FROM `carver_article` WHERE  `is_show` = 1  AND `delete_time` = 0 ORDER BY `click_num` DESC LIMIT 3 [ RunTime:0.000435s ]
[2021-05-06T04:01:08+08:00][sql] SHOW FULL COLUMNS FROM `carver_notice` [ RunTime:0.000607s ]
[2021-05-06T04:01:08+08:00][sql] SELECT * FROM `carver_notice` ORDER BY `create_time` DESC LIMIT 3 [ RunTime:0.000288s ]
[2021-05-06T04:01:08+08:00][sql] SHOW FULL COLUMNS FROM `carver_navigation` [ RunTime:0.000619s ]
[2021-05-06T04:01:08+08:00][sql] SELECT * FROM `carver_navigation` [ RunTime:0.000275s ]
[2021-05-06T04:01:08+08:00][sql] SHOW FULL COLUMNS FROM `carver_link` [ RunTime:0.000538s ]
[2021-05-06T04:01:08+08:00][sql] SELECT * FROM `carver_link` WHERE  ( is_confirm=2 ) LIMIT 20 [ RunTime:0.000308s ]
[2021-05-06T04:01:08+08:00][sql] SELECT `article_label` FROM `carver_article` [ RunTime:0.000279s ]
[2021-05-06T04:01:08+08:00][sql] SHOW FULL COLUMNS FROM `carver_carouse` [ RunTime:0.000514s ]
[2021-05-06T04:01:08+08:00][sql] SELECT `carouse_img`,`carouse_desc` FROM `carver_carouse` WHERE  `is_show` = 1 ORDER BY `carouse_sort` DESC LIMIT 3 [ RunTime:0.000327s ]
[2021-05-06T04:01:08+08:00][sql] SHOW FULL COLUMNS FROM `carver_site` [ RunTime:0.000562s ]
[2021-05-06T04:01:08+08:00][sql] SELECT * FROM `carver_site` [ RunTime:0.000244s ]
[2021-05-06T04:01:08+08:00][sql] CONNECT:[ UseTime:0.016656s ] mysql:host=127.0.0.1;port=3306;dbname=carver;charset=utf8
[2021-05-06T04:01:08+08:00][sql] SHOW FULL COLUMNS FROM `carver_user` [ RunTime:0.000879s ]
[2021-05-06T04:01:08+08:00][sql] SHOW FULL COLUMNS FROM `carver_article` [ RunTime:0.000743s ]
[2021-05-06T04:01:08+08:00][sql] SELECT COUNT(*) AS think_count FROM `carver_article` WHERE  `delete_time` = 0  AND `is_show` = 1 [ RunTime:0.000415s ]
[2021-05-06T04:01:08+08:00][sql] SELECT `article_id`,`article_title`,`article_desc`,`article_content`,`article_img`,`article_guide`,`article_label`,`click_num`,`is_show`,`add_time`,`article_author`,`is_top_show` FROM `carver_article` WHERE  `delete_time` = 0  AND `is_show` = 1 ORDER BY `article_id` DESC LIMIT 0,6 [ RunTime:0.000800s ]
[2021-05-06T04:01:08+08:00][sql] SELECT article_id,article_title,click_num,FROM_UNIXTIME(add_time,'%Y-%m-%d') as add_time FROM `carver_article` WHERE  `is_show` = 1  AND `delete_time` = 0 ORDER BY `click_num` DESC LIMIT 3 [ RunTime:0.011641s ]
[2021-05-06T04:01:08+08:00][sql] SHOW FULL COLUMNS FROM `carver_notice` [ RunTime:0.000749s ]
[2021-05-06T04:01:08+08:00][sql] SELECT * FROM `carver_notice` ORDER BY `create_time` DESC LIMIT 3 [ RunTime:0.000356s ]
[2021-05-06T04:01:08+08:00][sql] SHOW FULL COLUMNS FROM `carver_navigation` [ RunTime:0.000571s ]
[2021-05-06T04:01:08+08:00][sql] SELECT * FROM `carver_navigation` [ RunTime:0.000267s ]
[2021-05-06T04:01:08+08:00][sql] SHOW FULL COLUMNS FROM `carver_link` [ RunTime:0.000514s ]
[2021-05-06T04:01:08+08:00][sql] SELECT * FROM `carver_link` WHERE  ( is_confirm=2 ) LIMIT 20 [ RunTime:0.000358s ]
[2021-05-06T04:01:08+08:00][sql] SELECT `article_label` FROM `carver_article` [ RunTime:0.000275s ]
[2021-05-06T04:01:08+08:00][sql] SHOW FULL COLUMNS FROM `carver_carouse` [ RunTime:0.000529s ]
[2021-05-06T04:01:08+08:00][sql] SELECT `carouse_img`,`carouse_desc` FROM `carver_carouse` WHERE  `is_show` = 1 ORDER BY `carouse_sort` DESC LIMIT 3 [ RunTime:0.000326s ]
[2021-05-06T04:01:08+08:00][sql] SHOW FULL COLUMNS FROM `carver_site` [ RunTime:0.000560s ]
[2021-05-06T04:01:08+08:00][sql] SELECT * FROM `carver_site` [ RunTime:0.000266s ]
[2021-05-06T04:01:08+08:00][sql] CONNECT:[ UseTime:0.000691s ] mysql:host=127.0.0.1;port=3306;dbname=carver;charset=utf8
[2021-05-06T04:01:08+08:00][sql] SHOW FULL COLUMNS FROM `carver_user` [ RunTime:0.001219s ]
[2021-05-06T04:01:08+08:00][sql] SHOW FULL COLUMNS FROM `carver_article` [ RunTime:0.000731s ]
[2021-05-06T04:01:08+08:00][sql] SELECT COUNT(*) AS think_count FROM `carver_article` WHERE  `delete_time` = 0  AND `is_show` = 1 [ RunTime:0.000490s ]
[2021-05-06T04:01:08+08:00][sql] SELECT `article_id`,`article_title`,`article_desc`,`article_content`,`article_img`,`article_guide`,`article_label`,`click_num`,`is_show`,`add_time`,`article_author`,`is_top_show` FROM `carver_article` WHERE  `delete_time` = 0  AND `is_show` = 1 ORDER BY `article_id` DESC LIMIT 0,6 [ RunTime:0.000731s ]
[2021-05-06T04:01:08+08:00][sql] SELECT article_id,article_title,click_num,FROM_UNIXTIME(add_time,'%Y-%m-%d') as add_time FROM `carver_article` WHERE  `is_show` = 1  AND `delete_time` = 0 ORDER BY `click_num` DESC LIMIT 3 [ RunTime:0.000501s ]
[2021-05-06T04:01:08+08:00][sql] SHOW FULL COLUMNS FROM `carver_notice` [ RunTime:0.000616s ]
[2021-05-06T04:01:08+08:00][sql] SELECT * FROM `carver_notice` ORDER BY `create_time` DESC LIMIT 3 [ RunTime:0.000287s ]
[2021-05-06T04:01:08+08:00][sql] SHOW FULL COLUMNS FROM `carver_navigation` [ RunTime:0.000567s ]
[2021-05-06T04:01:08+08:00][sql] SELECT * FROM `carver_navigation` [ RunTime:0.000250s ]
[2021-05-06T04:01:08+08:00][sql] SHOW FULL COLUMNS FROM `carver_link` [ RunTime:0.000512s ]
[2021-05-06T04:01:08+08:00][sql] SELECT * FROM `carver_link` WHERE  ( is_confirm=2 ) LIMIT 20 [ RunTime:0.000299s ]
[2021-05-06T04:01:08+08:00][sql] SELECT `article_label` FROM `carver_article` [ RunTime:0.000297s ]
[2021-05-06T04:01:08+08:00][sql] SHOW FULL COLUMNS FROM `carver_carouse` [ RunTime:0.000526s ]
[2021-05-06T04:01:08+08:00][sql] SELECT `carouse_img`,`carouse_desc` FROM `carver_carouse` WHERE  `is_show` = 1 ORDER BY `carouse_sort` DESC LIMIT 3 [ RunTime:0.000404s ]
[2021-05-06T04:01:08+08:00][sql] SHOW FULL COLUMNS FROM `carver_site` [ RunTime:0.000563s ]
[2021-05-06T04:01:08+08:00][sql] SELECT * FROM `carver_site` [ RunTime:0.000309s ]
[2021-05-06T04:01:08+08:00][sql] CONNECT:[ UseTime:0.000528s ] mysql:host=127.0.0.1;port=3306;dbname=carver;charset=utf8
[2021-05-06T04:01:08+08:00][sql] SHOW FULL COLUMNS FROM `carver_user` [ RunTime:0.000808s ]
[2021-05-06T04:01:08+08:00][sql] SHOW FULL COLUMNS FROM `carver_article` [ RunTime:0.000718s ]
[2021-05-06T04:01:08+08:00][sql] SELECT COUNT(*) AS think_count FROM `carver_article` WHERE  `delete_time` = 0  AND `is_show` = 1 [ RunTime:0.000385s ]
[2021-05-06T04:01:08+08:00][sql] SELECT `article_id`,`article_title`,`article_desc`,`article_content`,`article_img`,`article_guide`,`article_label`,`click_num`,`is_show`,`add_time`,`article_author`,`is_top_show` FROM `carver_article` WHERE  `delete_time` = 0  AND `is_show` = 1 ORDER BY `article_id` DESC LIMIT 0,6 [ RunTime:0.000679s ]
[2021-05-06T04:01:08+08:00][sql] SELECT article_id,article_title,click_num,FROM_UNIXTIME(add_time,'%Y-%m-%d') as add_time FROM `carver_article` WHERE  `is_show` = 1  AND `delete_time` = 0 ORDER BY `click_num` DESC LIMIT 3 [ RunTime:0.000496s ]
[2021-05-06T04:01:08+08:00][sql] SHOW FULL COLUMNS FROM `carver_notice` [ RunTime:0.000704s ]
[2021-05-06T04:01:08+08:00][sql] SELECT * FROM `carver_notice` ORDER BY `create_time` DESC LIMIT 3 [ RunTime:0.000303s ]
[2021-05-06T04:01:08+08:00][sql] SHOW FULL COLUMNS FROM `carver_navigation` [ RunTime:0.000512s ]
[2021-05-06T04:01:08+08:00][sql] SELECT * FROM `carver_navigation` [ RunTime:0.000242s ]
[2021-05-06T04:01:08+08:00][sql] SHOW FULL COLUMNS FROM `carver_link` [ RunTime:0.000513s ]
[2021-05-06T04:01:08+08:00][sql] SELECT * FROM `carver_link` WHERE  ( is_confirm=2 ) LIMIT 20 [ RunTime:0.000281s ]
[2021-05-06T04:01:08+08:00][sql] SELECT `article_label` FROM `carver_article` [ RunTime:0.000269s ]
[2021-05-06T04:01:08+08:00][sql] SHOW FULL COLUMNS FROM `carver_carouse` [ RunTime:0.000498s ]
[2021-05-06T04:01:08+08:00][sql] SELECT `carouse_img`,`carouse_desc` FROM `carver_carouse` WHERE  `is_show` = 1 ORDER BY `carouse_sort` DESC LIMIT 3 [ RunTime:0.000321s ]
[2021-05-06T04:01:08+08:00][sql] SHOW FULL COLUMNS FROM `carver_site` [ RunTime:0.000474s ]
[2021-05-06T04:01:08+08:00][sql] SELECT * FROM `carver_site` [ RunTime:0.000262s ]
[2021-05-06T04:01:08+08:00][sql] CONNECT:[ UseTime:0.000573s ] mysql:host=127.0.0.1;port=3306;dbname=carver;charset=utf8
[2021-05-06T04:01:08+08:00][sql] SHOW FULL COLUMNS FROM `carver_user` [ RunTime:0.000894s ]
[2021-05-06T04:01:08+08:00][sql] SHOW FULL COLUMNS FROM `carver_article` [ RunTime:0.000736s ]
[2021-05-06T04:01:08+08:00][sql] SELECT COUNT(*) AS think_count FROM `carver_article` WHERE  `delete_time` = 0  AND `is_show` = 1 [ RunTime:0.000384s ]
[2021-05-06T04:01:08+08:00][sql] SELECT `article_id`,`article_title`,`article_desc`,`article_content`,`article_img`,`article_guide`,`article_label`,`click_num`,`is_show`,`add_time`,`article_author`,`is_top_show` FROM `carver_article` WHERE  `delete_time` = 0  AND `is_show` = 1 ORDER BY `article_id` DESC LIMIT 0,6 [ RunTime:0.000777s ]
[2021-05-06T04:01:08+08:00][sql] SELECT article_id,article_title,click_num,FROM_UNIXTIME(add_time,'%Y-%m-%d') as add_time FROM `carver_article` WHERE  `is_show` = 1  AND `delete_time` = 0 ORDER BY `click_num` DESC LIMIT 3 [ RunTime:0.000455s ]
[2021-05-06T04:01:08+08:00][sql] SHOW FULL COLUMNS FROM `carver_notice` [ RunTime:0.000624s ]
[2021-05-06T04:01:08+08:00][sql] SELECT * FROM `carver_notice` ORDER BY `create_time` DESC LIMIT 3 [ RunTime:0.000278s ]
[2021-05-06T04:01:08+08:00][sql] SHOW FULL COLUMNS FROM `carver_navigation` [ RunTime:0.000514s ]
[2021-05-06T04:01:08+08:00][sql] SELECT * FROM `carver_navigation` [ RunTime:0.000275s ]
[2021-05-06T04:01:08+08:00][sql] SHOW FULL COLUMNS FROM `carver_link` [ RunTime:0.000548s ]
[2021-05-06T04:01:08+08:00][sql] SELECT * FROM `carver_link` WHERE  ( is_confirm=2 ) LIMIT 20 [ RunTime:0.000282s ]
[2021-05-06T04:01:08+08:00][sql] SELECT `article_label` FROM `carver_article` [ RunTime:0.000275s ]
[2021-05-06T04:01:08+08:00][sql] SHOW FULL COLUMNS FROM `carver_carouse` [ RunTime:0.000532s ]
[2021-05-06T04:01:08+08:00][sql] SELECT `carouse_img`,`carouse_desc` FROM `carver_carouse` WHERE  `is_show` = 1 ORDER BY `carouse_sort` DESC LIMIT 3 [ RunTime:0.000318s ]
[2021-05-06T04:01:08+08:00][sql] SHOW FULL COLUMNS FROM `carver_site` [ RunTime:0.000499s ]
[2021-05-06T04:01:08+08:00][sql] SELECT * FROM `carver_site` [ RunTime:0.000277s ]
[2021-05-06T04:01:08+08:00][sql] CONNECT:[ UseTime:0.000634s ] mysql:host=127.0.0.1;port=3306;dbname=carver;charset=utf8
[2021-05-06T04:01:08+08:00][sql] SHOW FULL COLUMNS FROM `carver_user` [ RunTime:0.000800s ]
[2021-05-06T04:01:08+08:00][sql] SHOW FULL COLUMNS FROM `carver_article` [ RunTime:0.000725s ]
[2021-05-06T04:01:08+08:00][sql] SELECT COUNT(*) AS think_count FROM `carver_article` WHERE  `delete_time` = 0  AND `is_show` = 1 [ RunTime:0.000408s ]
[2021-05-06T04:01:08+08:00][sql] SELECT `article_id`,`article_title`,`article_desc`,`article_content`,`article_img`,`article_guide`,`article_label`,`click_num`,`is_show`,`add_time`,`article_author`,`is_top_show` FROM `carver_article` WHERE  `delete_time` = 0  AND `is_show` = 1 ORDER BY `article_id` DESC LIMIT 0,6 [ RunTime:0.000626s ]
[2021-05-06T04:01:08+08:00][sql] SELECT article_id,article_title,click_num,FROM_UNIXTIME(add_time,'%Y-%m-%d') as add_time FROM `carver_article` WHERE  `is_show` = 1  AND `delete_time` = 0 ORDER BY `click_num` DESC LIMIT 3 [ RunTime:0.000548s ]
[2021-05-06T04:01:08+08:00][sql] SHOW FULL COLUMNS FROM `carver_notice` [ RunTime:0.000623s ]
[2021-05-06T04:01:08+08:00][sql] SELECT * FROM `carver_notice` ORDER BY `create_time` DESC LIMIT 3 [ RunTime:0.000300s ]
[2021-05-06T04:01:08+08:00][sql] SHOW FULL COLUMNS FROM `carver_navigation` [ RunTime:0.000562s ]
[2021-05-06T04:01:08+08:00][sql] SELECT * FROM `carver_navigation` [ RunTime:0.000242s ]
[2021-05-06T04:01:08+08:00][sql] SHOW FULL COLUMNS FROM `carver_link` [ RunTime:0.000523s ]
[2021-05-06T04:01:08+08:00][sql] SELECT * FROM `carver_link` WHERE  ( is_confirm=2 ) LIMIT 20 [ RunTime:0.000310s ]
[2021-05-06T04:01:08+08:00][sql] SELECT `article_label` FROM `carver_article` [ RunTime:0.000305s ]
[2021-05-06T04:01:08+08:00][sql] SHOW FULL COLUMNS FROM `carver_carouse` [ RunTime:0.000593s ]
[2021-05-06T04:01:08+08:00][sql] SELECT `carouse_img`,`carouse_desc` FROM `carver_carouse` WHERE  `is_show` = 1 ORDER BY `carouse_sort` DESC LIMIT 3 [ RunTime:0.000312s ]
[2021-05-06T04:01:08+08:00][sql] SHOW FULL COLUMNS FROM `carver_site` [ RunTime:0.000508s ]
[2021-05-06T04:01:08+08:00][sql] SELECT * FROM `carver_site` [ RunTime:0.000246s ]
[2021-05-06T04:01:08+08:00][sql] CONNECT:[ UseTime:0.000658s ] mysql:host=127.0.0.1;port=3306;dbname=carver;charset=utf8
[2021-05-06T04:01:08+08:00][sql] SHOW FULL COLUMNS FROM `carver_user` [ RunTime:0.000886s ]
[2021-05-06T04:01:08+08:00][sql] SHOW FULL COLUMNS FROM `carver_article` [ RunTime:0.000786s ]
[2021-05-06T04:01:08+08:00][sql] SELECT COUNT(*) AS think_count FROM `carver_article` WHERE  `delete_time` = 0  AND `is_show` = 1 [ RunTime:0.000396s ]
[2021-05-06T04:01:08+08:00][sql] SELECT `article_id`,`article_title`,`article_desc`,`article_content`,`article_img`,`article_guide`,`article_label`,`click_num`,`is_show`,`add_time`,`article_author`,`is_top_show` FROM `carver_article` WHERE  `delete_time` = 0  AND `is_show` = 1 ORDER BY `article_id` DESC LIMIT 0,6 [ RunTime:0.000649s ]
[2021-05-06T04:01:08+08:00][sql] SELECT article_id,article_title,click_num,FROM_UNIXTIME(add_time,'%Y-%m-%d') as add_time FROM `carver_article` WHERE  `is_show` = 1  AND `delete_time` = 0 ORDER BY `click_num` DESC LIMIT 3 [ RunTime:0.000457s ]
[2021-05-06T04:01:08+08:00][sql] SHOW FULL COLUMNS FROM `carver_notice` [ RunTime:0.000597s ]
[2021-05-06T04:01:08+08:00][sql] SELECT * FROM `carver_notice` ORDER BY `create_time` DESC LIMIT 3 [ RunTime:0.000375s ]
[2021-05-06T04:01:08+08:00][sql] SHOW FULL COLUMNS FROM `carver_navigation` [ RunTime:0.000550s ]
[2021-05-06T04:01:08+08:00][sql] SELECT * FROM `carver_navigation` [ RunTime:0.000273s ]
[2021-05-06T04:01:08+08:00][sql] SHOW FULL COLUMNS FROM `carver_link` [ RunTime:0.000544s ]
[2021-05-06T04:01:08+08:00][sql] SELECT * FROM `carver_link` WHERE  ( is_confirm=2 ) LIMIT 20 [ RunTime:0.000298s ]
[2021-05-06T04:01:08+08:00][sql] SELECT `article_label` FROM `carver_article` [ RunTime:0.000282s ]
[2021-05-06T04:01:08+08:00][sql] SHOW FULL COLUMNS FROM `carver_carouse` [ RunTime:0.000538s ]
[2021-05-06T04:01:08+08:00][sql] SELECT `carouse_img`,`carouse_desc` FROM `carver_carouse` WHERE  `is_show` = 1 ORDER BY `carouse_sort` DESC LIMIT 3 [ RunTime:0.000296s ]
[2021-05-06T04:01:08+08:00][sql] SHOW FULL COLUMNS FROM `carver_site` [ RunTime:0.000522s ]
[2021-05-06T04:01:08+08:00][sql] SELECT * FROM `carver_site` [ RunTime:0.000241s ]
[2021-05-06T04:28:32+08:00][sql] CONNECT:[ UseTime:0.000499s ] mysql:host=127.0.0.1;port=3306;dbname=carver;charset=utf8
[2021-05-06T04:28:32+08:00][sql] SHOW FULL COLUMNS FROM `carver_user` [ RunTime:0.000763s ]
[2021-05-06T04:28:32+08:00][sql] SHOW FULL COLUMNS FROM `carver_article` [ RunTime:0.000698s ]
[2021-05-06T04:28:32+08:00][sql] SELECT COUNT(*) AS think_count FROM `carver_article` WHERE  `delete_time` = 0  AND `is_show` = 1 [ RunTime:0.000358s ]
[2021-05-06T04:28:32+08:00][sql] SELECT `article_id`,`article_title`,`article_desc`,`article_content`,`article_img`,`article_guide`,`article_label`,`click_num`,`is_show`,`add_time`,`article_author`,`is_top_show` FROM `carver_article` WHERE  `delete_time` = 0  AND `is_show` = 1 ORDER BY `article_id` DESC LIMIT 0,6 [ RunTime:0.000679s ]
[2021-05-06T04:28:32+08:00][sql] SELECT article_id,article_title,click_num,FROM_UNIXTIME(add_time,'%Y-%m-%d') as add_time FROM `carver_article` WHERE  `is_show` = 1  AND `delete_time` = 0 ORDER BY `click_num` DESC LIMIT 3 [ RunTime:0.000406s ]
[2021-05-06T04:28:32+08:00][sql] SHOW FULL COLUMNS FROM `carver_notice` [ RunTime:0.000510s ]
[2021-05-06T04:28:32+08:00][sql] SELECT * FROM `carver_notice` ORDER BY `create_time` DESC LIMIT 3 [ RunTime:0.000274s ]
[2021-05-06T04:28:32+08:00][sql] SHOW FULL COLUMNS FROM `carver_navigation` [ RunTime:0.000498s ]
[2021-05-06T04:28:32+08:00][sql] SELECT * FROM `carver_navigation` [ RunTime:0.000232s ]
[2021-05-06T04:28:32+08:00][sql] SHOW FULL COLUMNS FROM `carver_link` [ RunTime:0.000522s ]
[2021-05-06T04:28:32+08:00][sql] SELECT * FROM `carver_link` WHERE  ( is_confirm=2 ) LIMIT 20 [ RunTime:0.000288s ]
[2021-05-06T04:28:32+08:00][sql] SELECT `article_label` FROM `carver_article` [ RunTime:0.000242s ]
[2021-05-06T04:28:32+08:00][sql] SHOW FULL COLUMNS FROM `carver_carouse` [ RunTime:0.000492s ]
[2021-05-06T04:28:32+08:00][sql] SELECT `carouse_img`,`carouse_desc` FROM `carver_carouse` WHERE  `is_show` = 1 ORDER BY `carouse_sort` DESC LIMIT 3 [ RunTime:0.000275s ]
[2021-05-06T04:28:32+08:00][sql] SHOW FULL COLUMNS FROM `carver_site` [ RunTime:0.000454s ]
[2021-05-06T04:28:32+08:00][sql] SELECT * FROM `carver_site` [ RunTime:0.000223s ]
[2021-05-06T06:20:46+08:00][sql] CONNECT:[ UseTime:0.000583s ] mysql:host=127.0.0.1;port=3306;dbname=carver;charset=utf8
[2021-05-06T06:20:46+08:00][sql] SHOW FULL COLUMNS FROM `carver_article` [ RunTime:0.000894s ]
[2021-05-06T06:20:46+08:00][sql] SELECT `article_id`,`article_title`,`article_desc`,`article_content`,`article_img`,`article_guide`,`article_label`,`click_num`,`is_show`,`add_time`,`article_author` FROM `carver_article` WHERE  `article_id` = 24 LIMIT 1 [ RunTime:0.000522s ]
[2021-05-06T06:20:46+08:00][sql] SELECT `article_id`,`article_title`,`article_desc`,`article_content`,`article_img`,`article_guide`,`article_label`,`click_num`,`is_show`,`add_time`,`article_author` FROM `carver_article` WHERE  `article_id` > 24 LIMIT 1 [ RunTime:0.000393s ]
[2021-05-06T06:20:46+08:00][sql] SELECT `article_id`,`article_title`,`article_desc`,`article_content`,`article_img`,`article_guide`,`article_label`,`click_num`,`is_show`,`add_time`,`article_author` FROM `carver_article` WHERE  `article_id` < 24 ORDER BY `article_id` DESC LIMIT 1 [ RunTime:0.000434s ]
[2021-05-06T06:20:46+08:00][sql] SHOW FULL COLUMNS FROM `carver_link` [ RunTime:0.000612s ]
[2021-05-06T06:20:46+08:00][sql] SELECT * FROM `carver_link` WHERE  ( is_confirm=2 ) LIMIT 20 [ RunTime:0.000315s ]
[2021-05-06T06:20:46+08:00][sql] SELECT article_id,article_title,click_num,FROM_UNIXTIME(add_time,'%Y-%m-%d') as add_time FROM `carver_article` ORDER BY `click_num` DESC LIMIT 3 [ RunTime:0.000352s ]
[2021-05-06T06:20:46+08:00][sql] SHOW FULL COLUMNS FROM `carver_comment` [ RunTime:0.000711s ]
[2021-05-06T06:20:46+08:00][sql] SELECT `a`.*,`b`.`user_name` FROM `carver_comment` `a` INNER JOIN `carver_user` `b` ON `a`.`user_id`=`b`.`user_id` WHERE  `article_id` = 24 ORDER BY `create_time` DESC [ RunTime:0.000398s ]
[2021-05-06T06:20:46+08:00][sql] SHOW FULL COLUMNS FROM `carver_comment_to_others` [ RunTime:0.000560s ]
[2021-05-06T06:20:46+08:00][sql] SELECT * FROM `carver_comment_to_others` [ RunTime:0.000237s ]
[2021-05-06T06:20:46+08:00][sql] SHOW FULL COLUMNS FROM `carver_user` [ RunTime:0.000510s ]
[2021-05-06T06:20:46+08:00][sql] SELECT `user_name` FROM `carver_user` WHERE  `user_id` = 4 LIMIT 1 [ RunTime:0.000250s ]
[2021-05-06T06:20:46+08:00][sql] SELECT `user_name` FROM `carver_user` WHERE  `user_id` = 4 LIMIT 1 [ RunTime:0.000218s ]
[2021-05-06T06:20:46+08:00][sql] SELECT `user_name` FROM `carver_user` WHERE  `user_id` = 5 LIMIT 1 [ RunTime:0.000221s ]
[2021-05-06T06:20:46+08:00][sql] SELECT `user_name` FROM `carver_user` WHERE  `user_id` = 5 LIMIT 1 [ RunTime:0.000229s ]
[2021-05-06T06:20:46+08:00][sql] SELECT `user_name`,`user_id` FROM `carver_user` [ RunTime:0.000262s ]
[2021-05-06T06:20:46+08:00][sql] SHOW FULL COLUMNS FROM `carver_navigation` [ RunTime:0.000520s ]
[2021-05-06T06:20:46+08:00][sql] SELECT * FROM `carver_navigation` [ RunTime:0.000251s ]
[2021-05-06T06:20:46+08:00][sql] SELECT `article_label` FROM `carver_article` [ RunTime:0.000345s ]
[2021-05-06T07:42:58+08:00][sql] CONNECT:[ UseTime:0.000524s ] mysql:host=127.0.0.1;port=3306;dbname=carver;charset=utf8
[2021-05-06T07:42:58+08:00][sql] SHOW FULL COLUMNS FROM `carver_user` [ RunTime:0.000803s ]
[2021-05-06T07:42:58+08:00][sql] SHOW FULL COLUMNS FROM `carver_article` [ RunTime:0.000740s ]
[2021-05-06T07:42:58+08:00][sql] SELECT COUNT(*) AS think_count FROM `carver_article` WHERE  `delete_time` = 0  AND `is_show` = 1 [ RunTime:0.000385s ]
[2021-05-06T07:42:58+08:00][sql] SELECT `article_id`,`article_title`,`article_desc`,`article_content`,`article_img`,`article_guide`,`article_label`,`click_num`,`is_show`,`add_time`,`article_author`,`is_top_show` FROM `carver_article` WHERE  `delete_time` = 0  AND `is_show` = 1 ORDER BY `article_id` DESC LIMIT 0,6 [ RunTime:0.000661s ]
[2021-05-06T07:42:58+08:00][sql] SELECT article_id,article_title,click_num,FROM_UNIXTIME(add_time,'%Y-%m-%d') as add_time FROM `carver_article` WHERE  `is_show` = 1  AND `delete_time` = 0 ORDER BY `click_num` DESC LIMIT 3 [ RunTime:0.000398s ]
[2021-05-06T07:42:58+08:00][sql] SHOW FULL COLUMNS FROM `carver_notice` [ RunTime:0.000532s ]
[2021-05-06T07:42:58+08:00][sql] SELECT * FROM `carver_notice` ORDER BY `create_time` DESC LIMIT 3 [ RunTime:0.000258s ]
[2021-05-06T07:42:58+08:00][sql] SHOW FULL COLUMNS FROM `carver_navigation` [ RunTime:0.000519s ]
[2021-05-06T07:42:58+08:00][sql] SELECT * FROM `carver_navigation` [ RunTime:0.000245s ]
[2021-05-06T07:42:58+08:00][sql] SHOW FULL COLUMNS FROM `carver_link` [ RunTime:0.000499s ]
[2021-05-06T07:42:58+08:00][sql] SELECT * FROM `carver_link` WHERE  ( is_confirm=2 ) LIMIT 20 [ RunTime:0.000301s ]
[2021-05-06T07:42:58+08:00][sql] SELECT `article_label` FROM `carver_article` [ RunTime:0.000291s ]
[2021-05-06T07:42:58+08:00][sql] SHOW FULL COLUMNS FROM `carver_carouse` [ RunTime:0.000458s ]
[2021-05-06T07:42:58+08:00][sql] SELECT `carouse_img`,`carouse_desc` FROM `carver_carouse` WHERE  `is_show` = 1 ORDER BY `carouse_sort` DESC LIMIT 3 [ RunTime:0.000282s ]
[2021-05-06T07:42:58+08:00][sql] SHOW FULL COLUMNS FROM `carver_site` [ RunTime:0.000468s ]
[2021-05-06T07:42:58+08:00][sql] SELECT * FROM `carver_site` [ RunTime:0.000237s ]
[2021-05-06T07:49:09+08:00][sql] CONNECT:[ UseTime:0.000487s ] mysql:host=127.0.0.1;port=3306;dbname=carver;charset=utf8
[2021-05-06T07:49:09+08:00][sql] SHOW FULL COLUMNS FROM `carver_user` [ RunTime:0.000919s ]
[2021-05-06T07:49:09+08:00][sql] SHOW FULL COLUMNS FROM `carver_article` [ RunTime:0.000700s ]
[2021-05-06T07:49:09+08:00][sql] SELECT COUNT(*) AS think_count FROM `carver_article` WHERE  `delete_time` = 0  AND `is_show` = 1 [ RunTime:0.000407s ]
[2021-05-06T07:49:09+08:00][sql] SELECT `article_id`,`article_title`,`article_desc`,`article_content`,`article_img`,`article_guide`,`article_label`,`click_num`,`is_show`,`add_time`,`article_author`,`is_top_show` FROM `carver_article` WHERE  `delete_time` = 0  AND `is_show` = 1 ORDER BY `article_id` DESC LIMIT 0,6 [ RunTime:0.000845s ]
[2021-05-06T07:49:09+08:00][sql] SELECT article_id,article_title,click_num,FROM_UNIXTIME(add_time,'%Y-%m-%d') as add_time FROM `carver_article` WHERE  `is_show` = 1  AND `delete_time` = 0 ORDER BY `click_num` DESC LIMIT 3 [ RunTime:0.000473s ]
[2021-05-06T07:49:09+08:00][sql] SHOW FULL COLUMNS FROM `carver_notice` [ RunTime:0.000558s ]
[2021-05-06T07:49:09+08:00][sql] SELECT * FROM `carver_notice` ORDER BY `create_time` DESC LIMIT 3 [ RunTime:0.000324s ]
[2021-05-06T07:49:09+08:00][sql] SHOW FULL COLUMNS FROM `carver_navigation` [ RunTime:0.000561s ]
[2021-05-06T07:49:09+08:00][sql] SELECT * FROM `carver_navigation` [ RunTime:0.000239s ]
[2021-05-06T07:49:09+08:00][sql] SHOW FULL COLUMNS FROM `carver_link` [ RunTime:0.000567s ]
[2021-05-06T07:49:09+08:00][sql] SELECT * FROM `carver_link` WHERE  ( is_confirm=2 ) LIMIT 20 [ RunTime:0.000409s ]
[2021-05-06T07:49:09+08:00][sql] SELECT `article_label` FROM `carver_article` [ RunTime:0.000327s ]
[2021-05-06T07:49:09+08:00][sql] SHOW FULL COLUMNS FROM `carver_carouse` [ RunTime:0.000468s ]
[2021-05-06T07:49:09+08:00][sql] SELECT `carouse_img`,`carouse_desc` FROM `carver_carouse` WHERE  `is_show` = 1 ORDER BY `carouse_sort` DESC LIMIT 3 [ RunTime:0.000325s ]
[2021-05-06T07:49:09+08:00][sql] SHOW FULL COLUMNS FROM `carver_site` [ RunTime:0.000481s ]
[2021-05-06T07:49:09+08:00][sql] SELECT * FROM `carver_site` [ RunTime:0.000291s ]
[2021-05-06T08:39:22+08:00][sql] CONNECT:[ UseTime:0.000550s ] mysql:host=127.0.0.1;port=3306;dbname=carver;charset=utf8
[2021-05-06T08:39:22+08:00][sql] SHOW FULL COLUMNS FROM `carver_article` [ RunTime:0.000825s ]
[2021-05-06T08:39:22+08:00][sql] SELECT COUNT(*) AS think_count FROM `carver_article` WHERE  `article_guide` = 65  AND `delete_time` = 0  AND `is_show` = 1 [ RunTime:0.000422s ]
[2021-05-06T08:39:22+08:00][sql] SELECT * FROM `carver_article` WHERE  `article_guide` = 65  AND `delete_time` = 0  AND `is_show` = 1 ORDER BY `add_time` DESC LIMIT 0,6 [ RunTime:0.000401s ]
[2021-05-06T08:39:22+08:00][sql] SELECT article_id,article_title,click_num,FROM_UNIXTIME(add_time,'%Y-%m-%d') as add_time FROM `carver_article` WHERE  `is_show` = 1  AND `delete_time` = 0 ORDER BY `click_num` DESC LIMIT 3 [ RunTime:0.000436s ]
[2021-05-06T08:39:22+08:00][sql] SHOW FULL COLUMNS FROM `carver_notice` [ RunTime:0.000571s ]
[2021-05-06T08:39:22+08:00][sql] SELECT * FROM `carver_notice` ORDER BY `create_time` DESC LIMIT 3 [ RunTime:0.000291s ]
[2021-05-06T08:39:22+08:00][sql] SHOW FULL COLUMNS FROM `carver_navigation` [ RunTime:0.000556s ]
[2021-05-06T08:39:22+08:00][sql] SELECT * FROM `carver_navigation` [ RunTime:0.000307s ]
[2021-05-06T08:39:22+08:00][sql] SELECT `article_label` FROM `carver_article` [ RunTime:0.000249s ]
[2021-05-06T08:39:22+08:00][sql] SHOW FULL COLUMNS FROM `carver_carouse` [ RunTime:0.000545s ]
[2021-05-06T08:39:22+08:00][sql] SELECT `carouse_img`,`carouse_desc` FROM `carver_carouse` WHERE  `is_show` = 1 ORDER BY `carouse_sort` DESC LIMIT 3 [ RunTime:0.000292s ]
[2021-05-06T08:39:22+08:00][sql] SHOW FULL COLUMNS FROM `carver_link` [ RunTime:0.000612s ]
[2021-05-06T08:39:22+08:00][sql] SELECT * FROM `carver_link` WHERE  ( is_confirm=2 ) LIMIT 20 [ RunTime:0.000337s ]
[2021-05-06T08:39:22+08:00][sql] SHOW FULL COLUMNS FROM `carver_site` [ RunTime:0.000563s ]
[2021-05-06T08:39:22+08:00][sql] SELECT * FROM `carver_site` [ RunTime:0.000297s ]
[2021-05-06T09:48:43+08:00][sql] CONNECT:[ UseTime:0.000752s ] mysql:host=127.0.0.1;port=3306;dbname=carver;charset=utf8
[2021-05-06T09:48:43+08:00][sql] SHOW FULL COLUMNS FROM `carver_user` [ RunTime:0.000941s ]
[2021-05-06T09:48:43+08:00][sql] SHOW FULL COLUMNS FROM `carver_article` [ RunTime:0.000782s ]
[2021-05-06T09:48:43+08:00][sql] SELECT COUNT(*) AS think_count FROM `carver_article` WHERE  `delete_time` = 0  AND `is_show` = 1 [ RunTime:0.000456s ]
[2021-05-06T09:48:43+08:00][sql] SELECT `article_id`,`article_title`,`article_desc`,`article_content`,`article_img`,`article_guide`,`article_label`,`click_num`,`is_show`,`add_time`,`article_author`,`is_top_show` FROM `carver_article` WHERE  `delete_time` = 0  AND `is_show` = 1 ORDER BY `article_id` DESC LIMIT 0,6 [ RunTime:0.000836s ]
[2021-05-06T09:48:43+08:00][sql] SELECT article_id,article_title,click_num,FROM_UNIXTIME(add_time,'%Y-%m-%d') as add_time FROM `carver_article` WHERE  `is_show` = 1  AND `delete_time` = 0 ORDER BY `click_num` DESC LIMIT 3 [ RunTime:0.000699s ]
[2021-05-06T09:48:43+08:00][sql] SHOW FULL COLUMNS FROM `carver_notice` [ RunTime:0.000681s ]
[2021-05-06T09:48:43+08:00][sql] SELECT * FROM `carver_notice` ORDER BY `create_time` DESC LIMIT 3 [ RunTime:0.000315s ]
[2021-05-06T09:48:43+08:00][sql] SHOW FULL COLUMNS FROM `carver_navigation` [ RunTime:0.000522s ]
[2021-05-06T09:48:43+08:00][sql] SELECT * FROM `carver_navigation` [ RunTime:0.000283s ]
[2021-05-06T09:48:43+08:00][sql] SHOW FULL COLUMNS FROM `carver_link` [ RunTime:0.000608s ]
[2021-05-06T09:48:43+08:00][sql] SELECT * FROM `carver_link` WHERE  ( is_confirm=2 ) LIMIT 20 [ RunTime:0.000312s ]
[2021-05-06T09:48:43+08:00][sql] SELECT `article_label` FROM `carver_article` [ RunTime:0.000345s ]
[2021-05-06T09:48:43+08:00][sql] SHOW FULL COLUMNS FROM `carver_carouse` [ RunTime:0.000569s ]
[2021-05-06T09:48:43+08:00][sql] SELECT `carouse_img`,`carouse_desc` FROM `carver_carouse` WHERE  `is_show` = 1 ORDER BY `carouse_sort` DESC LIMIT 3 [ RunTime:0.000332s ]
[2021-05-06T09:48:43+08:00][sql] SHOW FULL COLUMNS FROM `carver_site` [ RunTime:0.000542s ]
[2021-05-06T09:48:43+08:00][sql] SELECT * FROM `carver_site` [ RunTime:0.000236s ]
[2021-05-06T11:42:43+08:00][sql] CONNECT:[ UseTime:0.000592s ] mysql:host=127.0.0.1;port=3306;dbname=carver;charset=utf8
[2021-05-06T11:42:43+08:00][sql] SHOW FULL COLUMNS FROM `carver_article` [ RunTime:0.001084s ]
[2021-05-06T11:42:43+08:00][sql] SELECT COUNT(*) AS think_count FROM `carver_article` WHERE  `article_label` LIKE '%javascript%'  AND `delete_time` = 0  AND `is_show` = 1 [ RunTime:0.000457s ]
[2021-05-06T11:42:43+08:00][sql] SELECT * FROM `carver_article` WHERE  `article_label` LIKE '%javascript%'  AND `delete_time` = 0  AND `is_show` = 1 LIMIT 0,6 [ RunTime:0.000816s ]
[2021-05-06T11:42:43+08:00][sql] SELECT article_id,article_title,click_num,FROM_UNIXTIME(add_time,'%Y-%m-%d') as add_time FROM `carver_article` WHERE  `is_show` = 1  AND `delete_time` = 0 ORDER BY `click_num` DESC LIMIT 3 [ RunTime:0.000451s ]
[2021-05-06T11:42:43+08:00][sql] SHOW FULL COLUMNS FROM `carver_notice` [ RunTime:0.000564s ]
[2021-05-06T11:42:43+08:00][sql] SELECT * FROM `carver_notice` ORDER BY `create_time` DESC LIMIT 3 [ RunTime:0.000314s ]
[2021-05-06T11:42:43+08:00][sql] SHOW FULL COLUMNS FROM `carver_navigation` [ RunTime:0.000545s ]
[2021-05-06T11:42:43+08:00][sql] SELECT * FROM `carver_navigation` [ RunTime:0.000235s ]
[2021-05-06T11:42:43+08:00][sql] SHOW FULL COLUMNS FROM `carver_link` [ RunTime:0.000530s ]
[2021-05-06T11:42:43+08:00][sql] SELECT * FROM `carver_link` WHERE  ( is_confirm=2 ) LIMIT 20 [ RunTime:0.000340s ]
[2021-05-06T11:42:43+08:00][sql] SELECT `article_label` FROM `carver_article` [ RunTime:0.000295s ]
[2021-05-06T11:42:43+08:00][sql] SHOW FULL COLUMNS FROM `carver_carouse` [ RunTime:0.000458s ]
[2021-05-06T11:42:43+08:00][sql] SELECT `carouse_img`,`carouse_desc` FROM `carver_carouse` WHERE  `is_show` = 1 ORDER BY `carouse_sort` DESC LIMIT 3 [ RunTime:0.000345s ]
[2021-05-06T11:42:43+08:00][sql] SHOW FULL COLUMNS FROM `carver_site` [ RunTime:0.000492s ]
[2021-05-06T11:42:43+08:00][sql] SELECT * FROM `carver_site` [ RunTime:0.000274s ]
[2021-05-06T12:29:04+08:00][sql] CONNECT:[ UseTime:0.000565s ] mysql:host=127.0.0.1;port=3306;dbname=carver;charset=utf8
[2021-05-06T12:29:04+08:00][sql] SHOW FULL COLUMNS FROM `carver_user` [ RunTime:0.000872s ]
[2021-05-06T12:29:04+08:00][sql] SHOW FULL COLUMNS FROM `carver_article` [ RunTime:0.000727s ]
[2021-05-06T12:29:04+08:00][sql] SELECT COUNT(*) AS think_count FROM `carver_article` WHERE  `delete_time` = 0  AND `is_show` = 1 [ RunTime:0.000386s ]
[2021-05-06T12:29:04+08:00][sql] SELECT `article_id`,`article_title`,`article_desc`,`article_content`,`article_img`,`article_guide`,`article_label`,`click_num`,`is_show`,`add_time`,`article_author`,`is_top_show` FROM `carver_article` WHERE  `delete_time` = 0  AND `is_show` = 1 ORDER BY `article_id` DESC LIMIT 0,6 [ RunTime:0.000758s ]
[2021-05-06T12:29:04+08:00][sql] SELECT article_id,article_title,click_num,FROM_UNIXTIME(add_time,'%Y-%m-%d') as add_time FROM `carver_article` WHERE  `is_show` = 1  AND `delete_time` = 0 ORDER BY `click_num` DESC LIMIT 3 [ RunTime:0.000581s ]
[2021-05-06T12:29:04+08:00][sql] SHOW FULL COLUMNS FROM `carver_notice` [ RunTime:0.000689s ]
[2021-05-06T12:29:04+08:00][sql] SELECT * FROM `carver_notice` ORDER BY `create_time` DESC LIMIT 3 [ RunTime:0.000297s ]
[2021-05-06T12:29:04+08:00][sql] SHOW FULL COLUMNS FROM `carver_navigation` [ RunTime:0.000883s ]
[2021-05-06T12:29:04+08:00][sql] SELECT * FROM `carver_navigation` [ RunTime:0.000259s ]
[2021-05-06T12:29:04+08:00][sql] SHOW FULL COLUMNS FROM `carver_link` [ RunTime:0.000573s ]
[2021-05-06T12:29:04+08:00][sql] SELECT * FROM `carver_link` WHERE  ( is_confirm=2 ) LIMIT 20 [ RunTime:0.000367s ]
[2021-05-06T12:29:04+08:00][sql] SELECT `article_label` FROM `carver_article` [ RunTime:0.000336s ]
[2021-05-06T12:29:04+08:00][sql] SHOW FULL COLUMNS FROM `carver_carouse` [ RunTime:0.000581s ]
[2021-05-06T12:29:04+08:00][sql] SELECT `carouse_img`,`carouse_desc` FROM `carver_carouse` WHERE  `is_show` = 1 ORDER BY `carouse_sort` DESC LIMIT 3 [ RunTime:0.000302s ]
[2021-05-06T12:29:04+08:00][sql] SHOW FULL COLUMNS FROM `carver_site` [ RunTime:0.000568s ]
[2021-05-06T12:29:04+08:00][sql] SELECT * FROM `carver_site` [ RunTime:0.000253s ]
[2021-05-06T13:40:38+08:00][sql] CONNECT:[ UseTime:0.000822s ] mysql:host=127.0.0.1;port=3306;dbname=carver;charset=utf8
[2021-05-06T13:40:38+08:00][sql] SHOW FULL COLUMNS FROM `carver_user` [ RunTime:0.000823s ]
[2021-05-06T13:40:38+08:00][sql] SHOW FULL COLUMNS FROM `carver_article` [ RunTime:0.000720s ]
[2021-05-06T13:40:38+08:00][sql] SELECT COUNT(*) AS think_count FROM `carver_article` WHERE  `delete_time` = 0  AND `is_show` = 1 [ RunTime:0.000384s ]
[2021-05-06T13:40:38+08:00][sql] SELECT `article_id`,`article_title`,`article_desc`,`article_content`,`article_img`,`article_guide`,`article_label`,`click_num`,`is_show`,`add_time`,`article_author`,`is_top_show` FROM `carver_article` WHERE  `delete_time` = 0  AND `is_show` = 1 ORDER BY `article_id` DESC LIMIT 0,6 [ RunTime:0.000754s ]
[2021-05-06T13:40:38+08:00][sql] SELECT article_id,article_title,click_num,FROM_UNIXTIME(add_time,'%Y-%m-%d') as add_time FROM `carver_article` WHERE  `is_show` = 1  AND `delete_time` = 0 ORDER BY `click_num` DESC LIMIT 3 [ RunTime:0.000499s ]
[2021-05-06T13:40:38+08:00][sql] SHOW FULL COLUMNS FROM `carver_notice` [ RunTime:0.000535s ]
[2021-05-06T13:40:38+08:00][sql] SELECT * FROM `carver_notice` ORDER BY `create_time` DESC LIMIT 3 [ RunTime:0.000270s ]
[2021-05-06T13:40:38+08:00][sql] SHOW FULL COLUMNS FROM `carver_navigation` [ RunTime:0.000535s ]
[2021-05-06T13:40:38+08:00][sql] SELECT * FROM `carver_navigation` [ RunTime:0.000244s ]
[2021-05-06T13:40:38+08:00][sql] SHOW FULL COLUMNS FROM `carver_link` [ RunTime:0.000491s ]
[2021-05-06T13:40:38+08:00][sql] SELECT * FROM `carver_link` WHERE  ( is_confirm=2 ) LIMIT 20 [ RunTime:0.000290s ]
[2021-05-06T13:40:38+08:00][sql] SELECT `article_label` FROM `carver_article` [ RunTime:0.000277s ]
[2021-05-06T13:40:38+08:00][sql] SHOW FULL COLUMNS FROM `carver_carouse` [ RunTime:0.000465s ]
[2021-05-06T13:40:38+08:00][sql] SELECT `carouse_img`,`carouse_desc` FROM `carver_carouse` WHERE  `is_show` = 1 ORDER BY `carouse_sort` DESC LIMIT 3 [ RunTime:0.000289s ]
[2021-05-06T13:40:38+08:00][sql] SHOW FULL COLUMNS FROM `carver_site` [ RunTime:0.000467s ]
[2021-05-06T13:40:38+08:00][sql] SELECT * FROM `carver_site` [ RunTime:0.000222s ]
[2021-05-06T13:44:18+08:00][sql] CONNECT:[ UseTime:0.000508s ] mysql:host=127.0.0.1;port=3306;dbname=carver;charset=utf8
[2021-05-06T13:44:18+08:00][sql] SHOW FULL COLUMNS FROM `carver_user` [ RunTime:0.000806s ]
[2021-05-06T14:35:27+08:00][sql] CONNECT:[ UseTime:0.000537s ] mysql:host=127.0.0.1;port=3306;dbname=carver;charset=utf8
[2021-05-06T14:35:27+08:00][sql] SHOW FULL COLUMNS FROM `carver_user` [ RunTime:0.000876s ]
[2021-05-06T14:35:27+08:00][sql] SHOW FULL COLUMNS FROM `carver_article` [ RunTime:0.022458s ]
[2021-05-06T14:35:27+08:00][sql] SELECT COUNT(*) AS think_count FROM `carver_article` WHERE  `delete_time` = 0  AND `is_show` = 1 [ RunTime:0.000450s ]
[2021-05-06T14:35:27+08:00][sql] SELECT `article_id`,`article_title`,`article_desc`,`article_content`,`article_img`,`article_guide`,`article_label`,`click_num`,`is_show`,`add_time`,`article_author`,`is_top_show` FROM `carver_article` WHERE  `delete_time` = 0  AND `is_show` = 1 ORDER BY `article_id` DESC LIMIT 12,6 [ RunTime:0.001377s ]
[2021-05-06T14:35:27+08:00][sql] SELECT article_id,article_title,click_num,FROM_UNIXTIME(add_time,'%Y-%m-%d') as add_time FROM `carver_article` WHERE  `is_show` = 1  AND `delete_time` = 0 ORDER BY `click_num` DESC LIMIT 3 [ RunTime:0.000538s ]
[2021-05-06T14:35:27+08:00][sql] SHOW FULL COLUMNS FROM `carver_notice` [ RunTime:0.000678s ]
[2021-05-06T14:35:27+08:00][sql] SELECT * FROM `carver_notice` ORDER BY `create_time` DESC LIMIT 3 [ RunTime:0.000296s ]
[2021-05-06T14:35:27+08:00][sql] SHOW FULL COLUMNS FROM `carver_navigation` [ RunTime:0.012319s ]
[2021-05-06T14:35:27+08:00][sql] SELECT * FROM `carver_navigation` [ RunTime:0.000369s ]
[2021-05-06T14:35:27+08:00][sql] SHOW FULL COLUMNS FROM `carver_link` [ RunTime:0.000649s ]
[2021-05-06T14:35:27+08:00][sql] SELECT * FROM `carver_link` WHERE  ( is_confirm=2 ) LIMIT 20 [ RunTime:0.000345s ]
[2021-05-06T14:35:27+08:00][sql] SELECT `article_label` FROM `carver_article` [ RunTime:0.000308s ]
[2021-05-06T14:35:27+08:00][sql] SHOW FULL COLUMNS FROM `carver_carouse` [ RunTime:0.000549s ]
[2021-05-06T14:35:27+08:00][sql] SELECT `carouse_img`,`carouse_desc` FROM `carver_carouse` WHERE  `is_show` = 1 ORDER BY `carouse_sort` DESC LIMIT 3 [ RunTime:0.000379s ]
[2021-05-06T14:35:27+08:00][sql] SHOW FULL COLUMNS FROM `carver_site` [ RunTime:0.000541s ]
[2021-05-06T14:35:27+08:00][sql] SELECT * FROM `carver_site` [ RunTime:0.000252s ]
[2021-05-06T16:50:49+08:00][sql] CONNECT:[ UseTime:0.000482s ] mysql:host=127.0.0.1;port=3306;dbname=carver;charset=utf8
[2021-05-06T16:50:49+08:00][sql] SHOW FULL COLUMNS FROM `carver_article` [ RunTime:0.000880s ]
[2021-05-06T16:50:49+08:00][sql] SELECT COUNT(*) AS think_count FROM `carver_article` WHERE  `article_label` LIKE '%c%'  AND `delete_time` = 0  AND `is_show` = 1 [ RunTime:0.000515s ]
[2021-05-06T16:50:49+08:00][sql] SELECT * FROM `carver_article` WHERE  `article_label` LIKE '%c%'  AND `delete_time` = 0  AND `is_show` = 1 LIMIT 0,6 [ RunTime:0.000975s ]
[2021-05-06T16:50:49+08:00][sql] SELECT article_id,article_title,click_num,FROM_UNIXTIME(add_time,'%Y-%m-%d') as add_time FROM `carver_article` WHERE  `is_show` = 1  AND `delete_time` = 0 ORDER BY `click_num` DESC LIMIT 3 [ RunTime:0.000381s ]
[2021-05-06T16:50:49+08:00][sql] SHOW FULL COLUMNS FROM `carver_notice` [ RunTime:0.000561s ]
[2021-05-06T16:50:49+08:00][sql] SELECT * FROM `carver_notice` ORDER BY `create_time` DESC LIMIT 3 [ RunTime:0.000303s ]
[2021-05-06T16:50:49+08:00][sql] SHOW FULL COLUMNS FROM `carver_navigation` [ RunTime:0.000486s ]
[2021-05-06T16:50:49+08:00][sql] SELECT * FROM `carver_navigation` [ RunTime:0.000258s ]
[2021-05-06T16:50:49+08:00][sql] SHOW FULL COLUMNS FROM `carver_link` [ RunTime:0.000485s ]
[2021-05-06T16:50:49+08:00][sql] SELECT * FROM `carver_link` WHERE  ( is_confirm=2 ) LIMIT 20 [ RunTime:0.000270s ]
[2021-05-06T16:50:49+08:00][sql] SELECT `article_label` FROM `carver_article` [ RunTime:0.000232s ]
[2021-05-06T16:50:49+08:00][sql] SHOW FULL COLUMNS FROM `carver_carouse` [ RunTime:0.000466s ]
[2021-05-06T16:50:49+08:00][sql] SELECT `carouse_img`,`carouse_desc` FROM `carver_carouse` WHERE  `is_show` = 1 ORDER BY `carouse_sort` DESC LIMIT 3 [ RunTime:0.000280s ]
[2021-05-06T16:50:49+08:00][sql] SHOW FULL COLUMNS FROM `carver_site` [ RunTime:0.000514s ]
[2021-05-06T16:50:49+08:00][sql] SELECT * FROM `carver_site` [ RunTime:0.000230s ]
[2021-05-06T22:19:55+08:00][sql] CONNECT:[ UseTime:0.000732s ] mysql:host=127.0.0.1;port=3306;dbname=carver;charset=utf8
[2021-05-06T22:19:55+08:00][sql] SHOW FULL COLUMNS FROM `carver_article` [ RunTime:0.000911s ]
[2021-05-06T22:19:55+08:00][sql] SELECT COUNT(*) AS think_count FROM `carver_article` WHERE  `article_guide` = 7  AND `delete_time` = 0  AND `is_show` = 1 [ RunTime:0.000403s ]
[2021-05-06T22:19:55+08:00][sql] SELECT * FROM `carver_article` WHERE  `article_guide` = 7  AND `delete_time` = 0  AND `is_show` = 1 ORDER BY `add_time` DESC LIMIT 0,6 [ RunTime:0.000487s ]
[2021-05-06T22:19:55+08:00][sql] SELECT article_id,article_title,click_num,FROM_UNIXTIME(add_time,'%Y-%m-%d') as add_time FROM `carver_article` WHERE  `is_show` = 1  AND `delete_time` = 0 ORDER BY `click_num` DESC LIMIT 3 [ RunTime:0.000496s ]
[2021-05-06T22:19:55+08:00][sql] SHOW FULL COLUMNS FROM `carver_notice` [ RunTime:0.000630s ]
[2021-05-06T22:19:55+08:00][sql] SELECT * FROM `carver_notice` ORDER BY `create_time` DESC LIMIT 3 [ RunTime:0.000287s ]
[2021-05-06T22:19:55+08:00][sql] SHOW FULL COLUMNS FROM `carver_navigation` [ RunTime:0.000536s ]
[2021-05-06T22:19:55+08:00][sql] SELECT * FROM `carver_navigation` [ RunTime:0.000269s ]
[2021-05-06T22:19:55+08:00][sql] SELECT `article_label` FROM `carver_article` [ RunTime:0.000287s ]
[2021-05-06T22:19:55+08:00][sql] SHOW FULL COLUMNS FROM `carver_carouse` [ RunTime:0.000509s ]
[2021-05-06T22:19:55+08:00][sql] SELECT `carouse_img`,`carouse_desc` FROM `carver_carouse` WHERE  `is_show` = 1 ORDER BY `carouse_sort` DESC LIMIT 3 [ RunTime:0.000323s ]
[2021-05-06T22:19:55+08:00][sql] SHOW FULL COLUMNS FROM `carver_link` [ RunTime:0.000486s ]
[2021-05-06T22:19:55+08:00][sql] SELECT * FROM `carver_link` WHERE  ( is_confirm=2 ) LIMIT 20 [ RunTime:0.000307s ]
[2021-05-06T22:19:55+08:00][sql] SHOW FULL COLUMNS FROM `carver_site` [ RunTime:0.000539s ]
[2021-05-06T22:19:55+08:00][sql] SELECT * FROM `carver_site` [ RunTime:0.000272s ]
