[2021-05-08T00:11:09+08:00][sql] CONNECT:[ UseTime:0.000881s ] mysql:host=127.0.0.1;port=3306;dbname=carver;charset=utf8
[2021-05-08T00:11:09+08:00][sql] SHOW FULL COLUMNS FROM `carver_article` [ RunTime:0.000874s ]
[2021-05-08T00:11:09+08:00][sql] SELECT COUNT(*) AS think_count FROM `carver_article` WHERE  `article_label` LIKE '%网络安全%'  AND `delete_time` = 0  AND `is_show` = 1 [ RunTime:0.000439s ]
[2021-05-08T00:11:09+08:00][sql] SELECT * FROM `carver_article` WHERE  `article_label` LIKE '%网络安全%'  AND `delete_time` = 0  AND `is_show` = 1 LIMIT 0,6 [ RunTime:0.001175s ]
[2021-05-08T00:11:09+08:00][sql] SELECT article_id,article_title,click_num,FROM_UNIXTIME(add_time,'%Y-%m-%d') as add_time FROM `carver_article` WHERE  `is_show` = 1  AND `delete_time` = 0 ORDER BY `click_num` DESC LIMIT 3 [ RunTime:0.000434s ]
[2021-05-08T00:11:09+08:00][sql] SHOW FULL COLUMNS FROM `carver_notice` [ RunTime:0.000537s ]
[2021-05-08T00:11:09+08:00][sql] SELECT * FROM `carver_notice` ORDER BY `create_time` DESC LIMIT 3 [ RunTime:0.000261s ]
[2021-05-08T00:11:09+08:00][sql] SHOW FULL COLUMNS FROM `carver_navigation` [ RunTime:0.000562s ]
[2021-05-08T00:11:09+08:00][sql] SELECT * FROM `carver_navigation` [ RunTime:0.000244s ]
[2021-05-08T00:11:09+08:00][sql] SHOW FULL COLUMNS FROM `carver_link` [ RunTime:0.000520s ]
[2021-05-08T00:11:09+08:00][sql] SELECT * FROM `carver_link` WHERE  ( is_confirm=2 ) LIMIT 20 [ RunTime:0.000295s ]
[2021-05-08T00:11:09+08:00][sql] SELECT `article_label` FROM `carver_article` [ RunTime:0.000279s ]
[2021-05-08T00:11:09+08:00][sql] SHOW FULL COLUMNS FROM `carver_carouse` [ RunTime:0.000466s ]
[2021-05-08T00:11:09+08:00][sql] SELECT `carouse_img`,`carouse_desc` FROM `carver_carouse` WHERE  `is_show` = 1 ORDER BY `carouse_sort` DESC LIMIT 3 [ RunTime:0.000296s ]
[2021-05-08T00:11:09+08:00][sql] SHOW FULL COLUMNS FROM `carver_site` [ RunTime:0.000477s ]
[2021-05-08T00:11:09+08:00][sql] SELECT * FROM `carver_site` [ RunTime:0.000220s ]
[2021-05-08T01:10:38+08:00][sql] CONNECT:[ UseTime:0.000562s ] mysql:host=127.0.0.1;port=3306;dbname=carver;charset=utf8
[2021-05-08T01:10:38+08:00][sql] SHOW FULL COLUMNS FROM `carver_article` [ RunTime:0.000941s ]
[2021-05-08T01:10:38+08:00][sql] SELECT `article_id`,`article_title`,`article_desc`,`article_content`,`article_img`,`article_guide`,`article_label`,`click_num`,`is_show`,`add_time`,`article_author` FROM `carver_article` WHERE  `article_id` = 25 LIMIT 1 [ RunTime:0.000454s ]
[2021-05-08T01:10:38+08:00][sql] SELECT `article_id`,`article_title`,`article_desc`,`article_content`,`article_img`,`article_guide`,`article_label`,`click_num`,`is_show`,`add_time`,`article_author` FROM `carver_article` WHERE  `article_id` > 25 LIMIT 1 [ RunTime:0.000490s ]
[2021-05-08T01:10:38+08:00][sql] SELECT `article_id`,`article_title`,`article_desc`,`article_content`,`article_img`,`article_guide`,`article_label`,`click_num`,`is_show`,`add_time`,`article_author` FROM `carver_article` WHERE  `article_id` < 25 ORDER BY `article_id` DESC LIMIT 1 [ RunTime:0.000440s ]
[2021-05-08T01:10:38+08:00][sql] SHOW FULL COLUMNS FROM `carver_link` [ RunTime:0.000613s ]
[2021-05-08T01:10:38+08:00][sql] SELECT * FROM `carver_link` WHERE  ( is_confirm=2 ) LIMIT 20 [ RunTime:0.000315s ]
[2021-05-08T01:10:38+08:00][sql] SELECT article_id,article_title,click_num,FROM_UNIXTIME(add_time,'%Y-%m-%d') as add_time FROM `carver_article` ORDER BY `click_num` DESC LIMIT 3 [ RunTime:0.000390s ]
[2021-05-08T01:10:38+08:00][sql] SHOW FULL COLUMNS FROM `carver_comment` [ RunTime:0.000596s ]
[2021-05-08T01:10:38+08:00][sql] SELECT `a`.*,`b`.`user_name` FROM `carver_comment` `a` INNER JOIN `carver_user` `b` ON `a`.`user_id`=`b`.`user_id` WHERE  `article_id` = 25 ORDER BY `create_time` DESC [ RunTime:0.000367s ]
[2021-05-08T01:10:38+08:00][sql] SHOW FULL COLUMNS FROM `carver_comment_to_others` [ RunTime:0.000597s ]
[2021-05-08T01:10:38+08:00][sql] SELECT * FROM `carver_comment_to_others` [ RunTime:0.000274s ]
[2021-05-08T01:10:38+08:00][sql] SHOW FULL COLUMNS FROM `carver_user` [ RunTime:0.000453s ]
[2021-05-08T01:10:38+08:00][sql] SELECT `user_name` FROM `carver_user` WHERE  `user_id` = 4 LIMIT 1 [ RunTime:0.000230s ]
[2021-05-08T01:10:38+08:00][sql] SELECT `user_name` FROM `carver_user` WHERE  `user_id` = 4 LIMIT 1 [ RunTime:0.000235s ]
[2021-05-08T01:10:38+08:00][sql] SELECT `user_name` FROM `carver_user` WHERE  `user_id` = 5 LIMIT 1 [ RunTime:0.000214s ]
[2021-05-08T01:10:38+08:00][sql] SELECT `user_name` FROM `carver_user` WHERE  `user_id` = 5 LIMIT 1 [ RunTime:0.000214s ]
[2021-05-08T01:10:38+08:00][sql] SELECT `user_name`,`user_id` FROM `carver_user` [ RunTime:0.000224s ]
[2021-05-08T01:10:38+08:00][sql] SHOW FULL COLUMNS FROM `carver_navigation` [ RunTime:0.000515s ]
[2021-05-08T01:10:38+08:00][sql] SELECT * FROM `carver_navigation` [ RunTime:0.000256s ]
[2021-05-08T01:10:38+08:00][sql] SELECT `article_label` FROM `carver_article` [ RunTime:0.000278s ]
[2021-05-08T02:40:57+08:00][sql] CONNECT:[ UseTime:0.000638s ] mysql:host=127.0.0.1;port=3306;dbname=carver;charset=utf8
[2021-05-08T02:40:57+08:00][sql] SHOW FULL COLUMNS FROM `carver_article` [ RunTime:0.000863s ]
[2021-05-08T02:40:57+08:00][sql] SELECT `article_id`,`article_title`,`article_desc`,`article_content`,`article_img`,`article_guide`,`article_label`,`click_num`,`is_show`,`add_time`,`article_author` FROM `carver_article` WHERE  `article_id` = 26 LIMIT 1 [ RunTime:0.000542s ]
[2021-05-08T02:40:57+08:00][sql] SELECT `article_id`,`article_title`,`article_desc`,`article_content`,`article_img`,`article_guide`,`article_label`,`click_num`,`is_show`,`add_time`,`article_author` FROM `carver_article` WHERE  `article_id` > 26 LIMIT 1 [ RunTime:0.000445s ]
[2021-05-08T02:40:57+08:00][sql] SELECT `article_id`,`article_title`,`article_desc`,`article_content`,`article_img`,`article_guide`,`article_label`,`click_num`,`is_show`,`add_time`,`article_author` FROM `carver_article` WHERE  `article_id` < 26 ORDER BY `article_id` DESC LIMIT 1 [ RunTime:0.000416s ]
[2021-05-08T02:40:57+08:00][sql] SHOW FULL COLUMNS FROM `carver_link` [ RunTime:0.000553s ]
[2021-05-08T02:40:57+08:00][sql] SELECT * FROM `carver_link` WHERE  ( is_confirm=2 ) LIMIT 20 [ RunTime:0.000299s ]
[2021-05-08T02:40:57+08:00][sql] SELECT article_id,article_title,click_num,FROM_UNIXTIME(add_time,'%Y-%m-%d') as add_time FROM `carver_article` ORDER BY `click_num` DESC LIMIT 3 [ RunTime:0.000335s ]
[2021-05-08T02:40:57+08:00][sql] SHOW FULL COLUMNS FROM `carver_comment` [ RunTime:0.000498s ]
[2021-05-08T02:40:57+08:00][sql] SELECT `a`.*,`b`.`user_name` FROM `carver_comment` `a` INNER JOIN `carver_user` `b` ON `a`.`user_id`=`b`.`user_id` WHERE  `article_id` = 26 ORDER BY `create_time` DESC [ RunTime:0.000340s ]
[2021-05-08T02:40:57+08:00][sql] SHOW FULL COLUMNS FROM `carver_comment_to_others` [ RunTime:0.000497s ]
[2021-05-08T02:40:57+08:00][sql] SELECT * FROM `carver_comment_to_others` [ RunTime:0.000241s ]
[2021-05-08T02:40:57+08:00][sql] SHOW FULL COLUMNS FROM `carver_user` [ RunTime:0.000497s ]
[2021-05-08T02:40:57+08:00][sql] SELECT `user_name` FROM `carver_user` WHERE  `user_id` = 4 LIMIT 1 [ RunTime:0.000275s ]
[2021-05-08T02:40:57+08:00][sql] SELECT `user_name` FROM `carver_user` WHERE  `user_id` = 4 LIMIT 1 [ RunTime:0.000213s ]
[2021-05-08T02:40:57+08:00][sql] SELECT `user_name` FROM `carver_user` WHERE  `user_id` = 5 LIMIT 1 [ RunTime:0.000218s ]
[2021-05-08T02:40:57+08:00][sql] SELECT `user_name` FROM `carver_user` WHERE  `user_id` = 5 LIMIT 1 [ RunTime:0.000249s ]
[2021-05-08T02:40:57+08:00][sql] SELECT `user_name`,`user_id` FROM `carver_user` [ RunTime:0.000228s ]
[2021-05-08T02:40:57+08:00][sql] SHOW FULL COLUMNS FROM `carver_navigation` [ RunTime:0.000775s ]
[2021-05-08T02:40:57+08:00][sql] SELECT * FROM `carver_navigation` [ RunTime:0.000243s ]
[2021-05-08T02:40:57+08:00][sql] SELECT `article_label` FROM `carver_article` [ RunTime:0.000271s ]
[2021-05-08T03:01:37+08:00][sql] CONNECT:[ UseTime:0.000649s ] mysql:host=127.0.0.1;port=3306;dbname=carver;charset=utf8
[2021-05-08T03:01:37+08:00][sql] SHOW FULL COLUMNS FROM `carver_article` [ RunTime:0.000937s ]
[2021-05-08T03:01:37+08:00][sql] SELECT COUNT(*) AS think_count FROM `carver_article` WHERE  `article_label` LIKE '%git%'  AND `delete_time` = 0  AND `is_show` = 1 [ RunTime:0.000439s ]
[2021-05-08T03:01:37+08:00][sql] SELECT * FROM `carver_article` WHERE  `article_label` LIKE '%git%'  AND `delete_time` = 0  AND `is_show` = 1 LIMIT 0,6 [ RunTime:0.001746s ]
[2021-05-08T03:01:37+08:00][sql] SELECT article_id,article_title,click_num,FROM_UNIXTIME(add_time,'%Y-%m-%d') as add_time FROM `carver_article` WHERE  `is_show` = 1  AND `delete_time` = 0 ORDER BY `click_num` DESC LIMIT 3 [ RunTime:0.000504s ]
[2021-05-08T03:01:37+08:00][sql] SHOW FULL COLUMNS FROM `carver_notice` [ RunTime:0.000656s ]
[2021-05-08T03:01:37+08:00][sql] SELECT * FROM `carver_notice` ORDER BY `create_time` DESC LIMIT 3 [ RunTime:0.000311s ]
[2021-05-08T03:01:37+08:00][sql] SHOW FULL COLUMNS FROM `carver_navigation` [ RunTime:0.000540s ]
[2021-05-08T03:01:37+08:00][sql] SELECT * FROM `carver_navigation` [ RunTime:0.000263s ]
[2021-05-08T03:01:37+08:00][sql] SHOW FULL COLUMNS FROM `carver_link` [ RunTime:0.000541s ]
[2021-05-08T03:01:37+08:00][sql] SELECT * FROM `carver_link` WHERE  ( is_confirm=2 ) LIMIT 20 [ RunTime:0.000328s ]
[2021-05-08T03:01:37+08:00][sql] SELECT `article_label` FROM `carver_article` [ RunTime:0.000327s ]
[2021-05-08T03:01:37+08:00][sql] SHOW FULL COLUMNS FROM `carver_carouse` [ RunTime:0.000505s ]
[2021-05-08T03:01:37+08:00][sql] SELECT `carouse_img`,`carouse_desc` FROM `carver_carouse` WHERE  `is_show` = 1 ORDER BY `carouse_sort` DESC LIMIT 3 [ RunTime:0.000602s ]
[2021-05-08T03:01:37+08:00][sql] SHOW FULL COLUMNS FROM `carver_site` [ RunTime:0.000485s ]
[2021-05-08T03:01:37+08:00][sql] SELECT * FROM `carver_site` [ RunTime:0.000258s ]
[2021-05-08T03:08:16+08:00][sql] CONNECT:[ UseTime:0.000608s ] mysql:host=127.0.0.1;port=3306;dbname=carver;charset=utf8
[2021-05-08T03:08:16+08:00][sql] SHOW FULL COLUMNS FROM `carver_article` [ RunTime:0.000899s ]
[2021-05-08T03:08:16+08:00][sql] SELECT COUNT(*) AS think_count FROM `carver_article` WHERE  `article_label` LIKE '%javascript%'  AND `delete_time` = 0  AND `is_show` = 1 [ RunTime:0.000418s ]
[2021-05-08T03:08:16+08:00][sql] SELECT * FROM `carver_article` WHERE  `article_label` LIKE '%javascript%'  AND `delete_time` = 0  AND `is_show` = 1 LIMIT 0,6 [ RunTime:0.000747s ]
[2021-05-08T03:08:16+08:00][sql] SELECT article_id,article_title,click_num,FROM_UNIXTIME(add_time,'%Y-%m-%d') as add_time FROM `carver_article` WHERE  `is_show` = 1  AND `delete_time` = 0 ORDER BY `click_num` DESC LIMIT 3 [ RunTime:0.000414s ]
[2021-05-08T03:08:16+08:00][sql] SHOW FULL COLUMNS FROM `carver_notice` [ RunTime:0.000636s ]
[2021-05-08T03:08:16+08:00][sql] SELECT * FROM `carver_notice` ORDER BY `create_time` DESC LIMIT 3 [ RunTime:0.000295s ]
[2021-05-08T03:08:16+08:00][sql] SHOW FULL COLUMNS FROM `carver_navigation` [ RunTime:0.000545s ]
[2021-05-08T03:08:16+08:00][sql] SELECT * FROM `carver_navigation` [ RunTime:0.000264s ]
[2021-05-08T03:08:16+08:00][sql] SHOW FULL COLUMNS FROM `carver_link` [ RunTime:0.000536s ]
[2021-05-08T03:08:16+08:00][sql] SELECT * FROM `carver_link` WHERE  ( is_confirm=2 ) LIMIT 20 [ RunTime:0.000286s ]
[2021-05-08T03:08:16+08:00][sql] SELECT `article_label` FROM `carver_article` [ RunTime:0.000273s ]
[2021-05-08T03:08:16+08:00][sql] SHOW FULL COLUMNS FROM `carver_carouse` [ RunTime:0.000555s ]
[2021-05-08T03:08:16+08:00][sql] SELECT `carouse_img`,`carouse_desc` FROM `carver_carouse` WHERE  `is_show` = 1 ORDER BY `carouse_sort` DESC LIMIT 3 [ RunTime:0.000331s ]
[2021-05-08T03:08:16+08:00][sql] SHOW FULL COLUMNS FROM `carver_site` [ RunTime:0.000709s ]
[2021-05-08T03:08:16+08:00][sql] SELECT * FROM `carver_site` [ RunTime:0.000235s ]
[2021-05-08T03:49:13+08:00][sql] CONNECT:[ UseTime:0.000522s ] mysql:host=127.0.0.1;port=3306;dbname=carver;charset=utf8
[2021-05-08T03:49:13+08:00][sql] SHOW FULL COLUMNS FROM `carver_article` [ RunTime:0.000867s ]
[2021-05-08T03:49:13+08:00][sql] SELECT `article_id`,`article_title`,`article_desc`,`article_content`,`article_img`,`article_guide`,`article_label`,`click_num`,`is_show`,`add_time`,`article_author` FROM `carver_article` WHERE  `article_id` = 17 LIMIT 1 [ RunTime:0.000523s ]
[2021-05-08T03:49:13+08:00][sql] SELECT `article_id`,`article_title`,`article_desc`,`article_content`,`article_img`,`article_guide`,`article_label`,`click_num`,`is_show`,`add_time`,`article_author` FROM `carver_article` WHERE  `article_id` > 17 LIMIT 1 [ RunTime:0.000424s ]
[2021-05-08T03:49:13+08:00][sql] SELECT `article_id`,`article_title`,`article_desc`,`article_content`,`article_img`,`article_guide`,`article_label`,`click_num`,`is_show`,`add_time`,`article_author` FROM `carver_article` WHERE  `article_id` < 17 ORDER BY `article_id` DESC LIMIT 1 [ RunTime:0.000351s ]
[2021-05-08T03:49:13+08:00][sql] SHOW FULL COLUMNS FROM `carver_link` [ RunTime:0.000580s ]
[2021-05-08T03:49:13+08:00][sql] SELECT * FROM `carver_link` WHERE  ( is_confirm=2 ) LIMIT 20 [ RunTime:0.000283s ]
[2021-05-08T03:49:13+08:00][sql] SELECT article_id,article_title,click_num,FROM_UNIXTIME(add_time,'%Y-%m-%d') as add_time FROM `carver_article` ORDER BY `click_num` DESC LIMIT 3 [ RunTime:0.000355s ]
[2021-05-08T03:49:13+08:00][sql] SHOW FULL COLUMNS FROM `carver_comment` [ RunTime:0.000581s ]
[2021-05-08T03:49:13+08:00][sql] SELECT `a`.*,`b`.`user_name` FROM `carver_comment` `a` INNER JOIN `carver_user` `b` ON `a`.`user_id`=`b`.`user_id` WHERE  `article_id` = 17 ORDER BY `create_time` DESC [ RunTime:0.000423s ]
[2021-05-08T03:49:13+08:00][sql] SHOW FULL COLUMNS FROM `carver_comment_to_others` [ RunTime:0.000524s ]
[2021-05-08T03:49:13+08:00][sql] SELECT * FROM `carver_comment_to_others` [ RunTime:0.000238s ]
[2021-05-08T03:49:13+08:00][sql] SHOW FULL COLUMNS FROM `carver_user` [ RunTime:0.000479s ]
[2021-05-08T03:49:13+08:00][sql] SELECT `user_name` FROM `carver_user` WHERE  `user_id` = 4 LIMIT 1 [ RunTime:0.000255s ]
[2021-05-08T03:49:13+08:00][sql] SELECT `user_name` FROM `carver_user` WHERE  `user_id` = 4 LIMIT 1 [ RunTime:0.000207s ]
[2021-05-08T03:49:13+08:00][sql] SELECT `user_name` FROM `carver_user` WHERE  `user_id` = 5 LIMIT 1 [ RunTime:0.000205s ]
[2021-05-08T03:49:13+08:00][sql] SELECT `user_name` FROM `carver_user` WHERE  `user_id` = 5 LIMIT 1 [ RunTime:0.000244s ]
[2021-05-08T03:49:13+08:00][sql] SELECT `user_name`,`user_id` FROM `carver_user` [ RunTime:0.000314s ]
[2021-05-08T03:49:13+08:00][sql] SHOW FULL COLUMNS FROM `carver_navigation` [ RunTime:0.000531s ]
[2021-05-08T03:49:13+08:00][sql] SELECT * FROM `carver_navigation` [ RunTime:0.000246s ]
[2021-05-08T03:49:13+08:00][sql] SELECT `article_label` FROM `carver_article` [ RunTime:0.000322s ]
[2021-05-08T06:21:35+08:00][sql] CONNECT:[ UseTime:0.000568s ] mysql:host=127.0.0.1;port=3306;dbname=carver;charset=utf8
[2021-05-08T06:21:35+08:00][sql] SHOW FULL COLUMNS FROM `carver_article` [ RunTime:0.000865s ]
[2021-05-08T06:21:35+08:00][sql] SELECT COUNT(*) AS think_count FROM `carver_article` WHERE  `article_label` LIKE '%设计模式%'  AND `delete_time` = 0  AND `is_show` = 1 [ RunTime:0.000476s ]
[2021-05-08T06:21:35+08:00][sql] SELECT * FROM `carver_article` WHERE  `article_label` LIKE '%设计模式%'  AND `delete_time` = 0  AND `is_show` = 1 LIMIT 0,6 [ RunTime:0.003863s ]
[2021-05-08T06:21:35+08:00][sql] SELECT article_id,article_title,click_num,FROM_UNIXTIME(add_time,'%Y-%m-%d') as add_time FROM `carver_article` WHERE  `is_show` = 1  AND `delete_time` = 0 ORDER BY `click_num` DESC LIMIT 3 [ RunTime:0.000782s ]
[2021-05-08T06:21:35+08:00][sql] SHOW FULL COLUMNS FROM `carver_notice` [ RunTime:0.000652s ]
[2021-05-08T06:21:35+08:00][sql] SELECT * FROM `carver_notice` ORDER BY `create_time` DESC LIMIT 3 [ RunTime:0.000290s ]
[2021-05-08T06:21:35+08:00][sql] SHOW FULL COLUMNS FROM `carver_navigation` [ RunTime:0.000521s ]
[2021-05-08T06:21:35+08:00][sql] SELECT * FROM `carver_navigation` [ RunTime:0.000248s ]
[2021-05-08T06:21:35+08:00][sql] SHOW FULL COLUMNS FROM `carver_link` [ RunTime:0.000522s ]
[2021-05-08T06:21:35+08:00][sql] SELECT * FROM `carver_link` WHERE  ( is_confirm=2 ) LIMIT 20 [ RunTime:0.000311s ]
[2021-05-08T06:21:35+08:00][sql] SELECT `article_label` FROM `carver_article` [ RunTime:0.000272s ]
[2021-05-08T06:21:35+08:00][sql] SHOW FULL COLUMNS FROM `carver_carouse` [ RunTime:0.000529s ]
[2021-05-08T06:21:35+08:00][sql] SELECT `carouse_img`,`carouse_desc` FROM `carver_carouse` WHERE  `is_show` = 1 ORDER BY `carouse_sort` DESC LIMIT 3 [ RunTime:0.000294s ]
[2021-05-08T06:21:35+08:00][sql] SHOW FULL COLUMNS FROM `carver_site` [ RunTime:0.000492s ]
[2021-05-08T06:21:35+08:00][sql] SELECT * FROM `carver_site` [ RunTime:0.000283s ]
[2021-05-08T07:15:40+08:00][sql] CONNECT:[ UseTime:0.000544s ] mysql:host=127.0.0.1;port=3306;dbname=carver;charset=utf8
[2021-05-08T07:15:40+08:00][sql] SHOW FULL COLUMNS FROM `carver_article` [ RunTime:0.000876s ]
[2021-05-08T07:15:40+08:00][sql] SELECT COUNT(*) AS think_count FROM `carver_article` WHERE  `article_label` LIKE '%设计模式%'  AND `delete_time` = 0  AND `is_show` = 1 [ RunTime:0.000482s ]
[2021-05-08T07:15:40+08:00][sql] SELECT * FROM `carver_article` WHERE  `article_label` LIKE '%设计模式%'  AND `delete_time` = 0  AND `is_show` = 1 LIMIT 0,6 [ RunTime:0.002686s ]
[2021-05-08T07:15:40+08:00][sql] SELECT article_id,article_title,click_num,FROM_UNIXTIME(add_time,'%Y-%m-%d') as add_time FROM `carver_article` WHERE  `is_show` = 1  AND `delete_time` = 0 ORDER BY `click_num` DESC LIMIT 3 [ RunTime:0.000753s ]
[2021-05-08T07:15:40+08:00][sql] SHOW FULL COLUMNS FROM `carver_notice` [ RunTime:0.000660s ]
[2021-05-08T07:15:40+08:00][sql] SELECT * FROM `carver_notice` ORDER BY `create_time` DESC LIMIT 3 [ RunTime:0.000381s ]
[2021-05-08T07:15:40+08:00][sql] SHOW FULL COLUMNS FROM `carver_navigation` [ RunTime:0.000602s ]
[2021-05-08T07:15:40+08:00][sql] SELECT * FROM `carver_navigation` [ RunTime:0.000246s ]
[2021-05-08T07:15:40+08:00][sql] SHOW FULL COLUMNS FROM `carver_link` [ RunTime:0.000603s ]
[2021-05-08T07:15:40+08:00][sql] SELECT * FROM `carver_link` WHERE  ( is_confirm=2 ) LIMIT 20 [ RunTime:0.000322s ]
[2021-05-08T07:15:40+08:00][sql] SELECT `article_label` FROM `carver_article` [ RunTime:0.000250s ]
[2021-05-08T07:15:40+08:00][sql] SHOW FULL COLUMNS FROM `carver_carouse` [ RunTime:0.000526s ]
[2021-05-08T07:15:40+08:00][sql] SELECT `carouse_img`,`carouse_desc` FROM `carver_carouse` WHERE  `is_show` = 1 ORDER BY `carouse_sort` DESC LIMIT 3 [ RunTime:0.000318s ]
[2021-05-08T07:15:40+08:00][sql] SHOW FULL COLUMNS FROM `carver_site` [ RunTime:0.000523s ]
[2021-05-08T07:15:40+08:00][sql] SELECT * FROM `carver_site` [ RunTime:0.000248s ]
[2021-05-08T08:13:21+08:00][sql] CONNECT:[ UseTime:0.000512s ] mysql:host=127.0.0.1;port=3306;dbname=carver;charset=utf8
[2021-05-08T08:13:21+08:00][sql] SHOW FULL COLUMNS FROM `carver_article` [ RunTime:0.000952s ]
[2021-05-08T08:13:21+08:00][sql] SELECT COUNT(*) AS think_count FROM `carver_article` WHERE  `article_label` LIKE '%php%'  AND `delete_time` = 0  AND `is_show` = 1 [ RunTime:0.000478s ]
[2021-05-08T08:13:21+08:00][sql] SELECT * FROM `carver_article` WHERE  `article_label` LIKE '%php%'  AND `delete_time` = 0  AND `is_show` = 1 LIMIT 0,6 [ RunTime:0.001008s ]
[2021-05-08T08:13:21+08:00][sql] SELECT article_id,article_title,click_num,FROM_UNIXTIME(add_time,'%Y-%m-%d') as add_time FROM `carver_article` WHERE  `is_show` = 1  AND `delete_time` = 0 ORDER BY `click_num` DESC LIMIT 3 [ RunTime:0.000533s ]
[2021-05-08T08:13:21+08:00][sql] SHOW FULL COLUMNS FROM `carver_notice` [ RunTime:0.000634s ]
[2021-05-08T08:13:21+08:00][sql] SELECT * FROM `carver_notice` ORDER BY `create_time` DESC LIMIT 3 [ RunTime:0.000310s ]
[2021-05-08T08:13:21+08:00][sql] SHOW FULL COLUMNS FROM `carver_navigation` [ RunTime:0.000546s ]
[2021-05-08T08:13:21+08:00][sql] SELECT * FROM `carver_navigation` [ RunTime:0.000273s ]
[2021-05-08T08:13:21+08:00][sql] SHOW FULL COLUMNS FROM `carver_link` [ RunTime:0.000534s ]
[2021-05-08T08:13:21+08:00][sql] SELECT * FROM `carver_link` WHERE  ( is_confirm=2 ) LIMIT 20 [ RunTime:0.000293s ]
[2021-05-08T08:13:21+08:00][sql] SELECT `article_label` FROM `carver_article` [ RunTime:0.000288s ]
[2021-05-08T08:13:21+08:00][sql] SHOW FULL COLUMNS FROM `carver_carouse` [ RunTime:0.000507s ]
[2021-05-08T08:13:21+08:00][sql] SELECT `carouse_img`,`carouse_desc` FROM `carver_carouse` WHERE  `is_show` = 1 ORDER BY `carouse_sort` DESC LIMIT 3 [ RunTime:0.000312s ]
[2021-05-08T08:13:21+08:00][sql] SHOW FULL COLUMNS FROM `carver_site` [ RunTime:0.000494s ]
[2021-05-08T08:13:21+08:00][sql] SELECT * FROM `carver_site` [ RunTime:0.000243s ]
[2021-05-08T08:17:21+08:00][sql] CONNECT:[ UseTime:0.000534s ] mysql:host=127.0.0.1;port=3306;dbname=carver;charset=utf8
[2021-05-08T08:17:21+08:00][sql] SHOW FULL COLUMNS FROM `carver_user` [ RunTime:0.000907s ]
[2021-05-08T08:27:08+08:00][sql] CONNECT:[ UseTime:0.000578s ] mysql:host=127.0.0.1;port=3306;dbname=carver;charset=utf8
[2021-05-08T08:27:08+08:00][sql] SHOW FULL COLUMNS FROM `carver_article` [ RunTime:0.000962s ]
[2021-05-08T08:27:08+08:00][sql] SELECT COUNT(*) AS think_count FROM `carver_article` WHERE  `article_label` LIKE '%javascript%'  AND `delete_time` = 0  AND `is_show` = 1 [ RunTime:0.000489s ]
[2021-05-08T08:27:08+08:00][sql] SELECT * FROM `carver_article` WHERE  `article_label` LIKE '%javascript%'  AND `delete_time` = 0  AND `is_show` = 1 LIMIT 0,6 [ RunTime:0.000861s ]
[2021-05-08T08:27:08+08:00][sql] SELECT article_id,article_title,click_num,FROM_UNIXTIME(add_time,'%Y-%m-%d') as add_time FROM `carver_article` WHERE  `is_show` = 1  AND `delete_time` = 0 ORDER BY `click_num` DESC LIMIT 3 [ RunTime:0.000501s ]
[2021-05-08T08:27:08+08:00][sql] SHOW FULL COLUMNS FROM `carver_notice` [ RunTime:0.000666s ]
[2021-05-08T08:27:08+08:00][sql] SELECT * FROM `carver_notice` ORDER BY `create_time` DESC LIMIT 3 [ RunTime:0.000323s ]
[2021-05-08T08:27:08+08:00][sql] SHOW FULL COLUMNS FROM `carver_navigation` [ RunTime:0.000504s ]
[2021-05-08T08:27:08+08:00][sql] SELECT * FROM `carver_navigation` [ RunTime:0.000271s ]
[2021-05-08T08:27:08+08:00][sql] SHOW FULL COLUMNS FROM `carver_link` [ RunTime:0.000532s ]
[2021-05-08T08:27:08+08:00][sql] SELECT * FROM `carver_link` WHERE  ( is_confirm=2 ) LIMIT 20 [ RunTime:0.000330s ]
[2021-05-08T08:27:08+08:00][sql] SELECT `article_label` FROM `carver_article` [ RunTime:0.000273s ]
[2021-05-08T08:27:08+08:00][sql] SHOW FULL COLUMNS FROM `carver_carouse` [ RunTime:0.000557s ]
[2021-05-08T08:27:08+08:00][sql] SELECT `carouse_img`,`carouse_desc` FROM `carver_carouse` WHERE  `is_show` = 1 ORDER BY `carouse_sort` DESC LIMIT 3 [ RunTime:0.000314s ]
[2021-05-08T08:27:08+08:00][sql] SHOW FULL COLUMNS FROM `carver_site` [ RunTime:0.000539s ]
[2021-05-08T08:27:08+08:00][sql] SELECT * FROM `carver_site` [ RunTime:0.000232s ]
[2021-05-08T10:17:43+08:00][sql] CONNECT:[ UseTime:0.000529s ] mysql:host=127.0.0.1;port=3306;dbname=carver;charset=utf8
[2021-05-08T10:17:43+08:00][sql] SHOW FULL COLUMNS FROM `carver_article` [ RunTime:0.000965s ]
[2021-05-08T10:17:43+08:00][sql] SELECT COUNT(*) AS think_count FROM `carver_article` WHERE  `article_label` LIKE '%linux%'  AND `delete_time` = 0  AND `is_show` = 1 [ RunTime:0.000415s ]
[2021-05-08T10:17:43+08:00][sql] SELECT * FROM `carver_article` WHERE  `article_label` LIKE '%linux%'  AND `delete_time` = 0  AND `is_show` = 1 LIMIT 0,6 [ RunTime:0.001141s ]
[2021-05-08T10:17:43+08:00][sql] SELECT article_id,article_title,click_num,FROM_UNIXTIME(add_time,'%Y-%m-%d') as add_time FROM `carver_article` WHERE  `is_show` = 1  AND `delete_time` = 0 ORDER BY `click_num` DESC LIMIT 3 [ RunTime:0.000424s ]
[2021-05-08T10:17:43+08:00][sql] SHOW FULL COLUMNS FROM `carver_notice` [ RunTime:0.000652s ]
[2021-05-08T10:17:43+08:00][sql] SELECT * FROM `carver_notice` ORDER BY `create_time` DESC LIMIT 3 [ RunTime:0.000293s ]
[2021-05-08T10:17:43+08:00][sql] SHOW FULL COLUMNS FROM `carver_navigation` [ RunTime:0.000517s ]
[2021-05-08T10:17:43+08:00][sql] SELECT * FROM `carver_navigation` [ RunTime:0.000234s ]
[2021-05-08T10:17:43+08:00][sql] SHOW FULL COLUMNS FROM `carver_link` [ RunTime:0.000529s ]
[2021-05-08T10:17:43+08:00][sql] SELECT * FROM `carver_link` WHERE  ( is_confirm=2 ) LIMIT 20 [ RunTime:0.000338s ]
[2021-05-08T10:17:43+08:00][sql] SELECT `article_label` FROM `carver_article` [ RunTime:0.000313s ]
[2021-05-08T10:17:43+08:00][sql] SHOW FULL COLUMNS FROM `carver_carouse` [ RunTime:0.000561s ]
[2021-05-08T10:17:43+08:00][sql] SELECT `carouse_img`,`carouse_desc` FROM `carver_carouse` WHERE  `is_show` = 1 ORDER BY `carouse_sort` DESC LIMIT 3 [ RunTime:0.000309s ]
[2021-05-08T10:17:43+08:00][sql] SHOW FULL COLUMNS FROM `carver_site` [ RunTime:0.000503s ]
[2021-05-08T10:17:43+08:00][sql] SELECT * FROM `carver_site` [ RunTime:0.000234s ]
[2021-05-08T12:08:33+08:00][sql] CONNECT:[ UseTime:0.000563s ] mysql:host=127.0.0.1;port=3306;dbname=carver;charset=utf8
[2021-05-08T12:08:33+08:00][sql] SHOW FULL COLUMNS FROM `carver_article` [ RunTime:0.000867s ]
[2021-05-08T12:08:33+08:00][sql] SELECT COUNT(*) AS think_count FROM `carver_article` WHERE  `article_guide` = 7  AND `delete_time` = 0  AND `is_show` = 1 [ RunTime:0.000444s ]
[2021-05-08T12:08:33+08:00][sql] SELECT * FROM `carver_article` WHERE  `article_guide` = 7  AND `delete_time` = 0  AND `is_show` = 1 ORDER BY `add_time` DESC LIMIT 0,6 [ RunTime:0.000427s ]
[2021-05-08T12:08:33+08:00][sql] SELECT article_id,article_title,click_num,FROM_UNIXTIME(add_time,'%Y-%m-%d') as add_time FROM `carver_article` WHERE  `is_show` = 1  AND `delete_time` = 0 ORDER BY `click_num` DESC LIMIT 3 [ RunTime:0.000479s ]
[2021-05-08T12:08:33+08:00][sql] SHOW FULL COLUMNS FROM `carver_notice` [ RunTime:0.000662s ]
[2021-05-08T12:08:33+08:00][sql] SELECT * FROM `carver_notice` ORDER BY `create_time` DESC LIMIT 3 [ RunTime:0.000326s ]
[2021-05-08T12:08:33+08:00][sql] SHOW FULL COLUMNS FROM `carver_navigation` [ RunTime:0.000531s ]
[2021-05-08T12:08:33+08:00][sql] SELECT * FROM `carver_navigation` [ RunTime:0.000250s ]
[2021-05-08T12:08:33+08:00][sql] SELECT `article_label` FROM `carver_article` [ RunTime:0.000276s ]
[2021-05-08T12:08:33+08:00][sql] SHOW FULL COLUMNS FROM `carver_carouse` [ RunTime:0.000524s ]
[2021-05-08T12:08:33+08:00][sql] SELECT `carouse_img`,`carouse_desc` FROM `carver_carouse` WHERE  `is_show` = 1 ORDER BY `carouse_sort` DESC LIMIT 3 [ RunTime:0.000301s ]
[2021-05-08T12:08:33+08:00][sql] SHOW FULL COLUMNS FROM `carver_link` [ RunTime:0.000479s ]
[2021-05-08T12:08:33+08:00][sql] SELECT * FROM `carver_link` WHERE  ( is_confirm=2 ) LIMIT 20 [ RunTime:0.000301s ]
[2021-05-08T12:08:33+08:00][sql] SHOW FULL COLUMNS FROM `carver_site` [ RunTime:0.000577s ]
[2021-05-08T12:08:33+08:00][sql] SELECT * FROM `carver_site` [ RunTime:0.000260s ]
[2021-05-08T12:59:00+08:00][sql] CONNECT:[ UseTime:0.000868s ] mysql:host=127.0.0.1;port=3306;dbname=carver;charset=utf8
[2021-05-08T12:59:00+08:00][sql] SHOW FULL COLUMNS FROM `carver_article` [ RunTime:0.001188s ]
[2021-05-08T12:59:00+08:00][sql] SELECT `article_id`,`article_title`,`article_desc`,`article_content`,`article_img`,`article_guide`,`article_label`,`click_num`,`is_show`,`add_time`,`article_author` FROM `carver_article` WHERE  `article_id` = 20 LIMIT 1 [ RunTime:0.000564s ]
[2021-05-08T12:59:00+08:00][sql] SELECT `article_id`,`article_title`,`article_desc`,`article_content`,`article_img`,`article_guide`,`article_label`,`click_num`,`is_show`,`add_time`,`article_author` FROM `carver_article` WHERE  `article_id` > 20 LIMIT 1 [ RunTime:0.000399s ]
[2021-05-08T12:59:00+08:00][sql] SELECT `article_id`,`article_title`,`article_desc`,`article_content`,`article_img`,`article_guide`,`article_label`,`click_num`,`is_show`,`add_time`,`article_author` FROM `carver_article` WHERE  `article_id` < 20 ORDER BY `article_id` DESC LIMIT 1 [ RunTime:0.002155s ]
[2021-05-08T12:59:00+08:00][sql] SHOW FULL COLUMNS FROM `carver_link` [ RunTime:0.000677s ]
[2021-05-08T12:59:00+08:00][sql] SELECT * FROM `carver_link` WHERE  ( is_confirm=2 ) LIMIT 20 [ RunTime:0.000302s ]
[2021-05-08T12:59:00+08:00][sql] SELECT article_id,article_title,click_num,FROM_UNIXTIME(add_time,'%Y-%m-%d') as add_time FROM `carver_article` ORDER BY `click_num` DESC LIMIT 3 [ RunTime:0.000371s ]
[2021-05-08T12:59:00+08:00][sql] SHOW FULL COLUMNS FROM `carver_comment` [ RunTime:0.000565s ]
[2021-05-08T12:59:00+08:00][sql] SELECT `a`.*,`b`.`user_name` FROM `carver_comment` `a` INNER JOIN `carver_user` `b` ON `a`.`user_id`=`b`.`user_id` WHERE  `article_id` = 20 ORDER BY `create_time` DESC [ RunTime:0.000359s ]
[2021-05-08T12:59:00+08:00][sql] SHOW FULL COLUMNS FROM `carver_comment_to_others` [ RunTime:0.000545s ]
[2021-05-08T12:59:00+08:00][sql] SELECT * FROM `carver_comment_to_others` [ RunTime:0.000248s ]
[2021-05-08T12:59:00+08:00][sql] SHOW FULL COLUMNS FROM `carver_user` [ RunTime:0.000507s ]
[2021-05-08T12:59:00+08:00][sql] SELECT `user_name` FROM `carver_user` WHERE  `user_id` = 4 LIMIT 1 [ RunTime:0.000244s ]
[2021-05-08T12:59:00+08:00][sql] SELECT `user_name` FROM `carver_user` WHERE  `user_id` = 4 LIMIT 1 [ RunTime:0.000208s ]
[2021-05-08T12:59:00+08:00][sql] SELECT `user_name` FROM `carver_user` WHERE  `user_id` = 5 LIMIT 1 [ RunTime:0.000223s ]
[2021-05-08T12:59:00+08:00][sql] SELECT `user_name` FROM `carver_user` WHERE  `user_id` = 5 LIMIT 1 [ RunTime:0.000216s ]
[2021-05-08T12:59:00+08:00][sql] SELECT `user_name`,`user_id` FROM `carver_user` [ RunTime:0.000234s ]
[2021-05-08T12:59:00+08:00][sql] SHOW FULL COLUMNS FROM `carver_navigation` [ RunTime:0.000513s ]
[2021-05-08T12:59:00+08:00][sql] SELECT * FROM `carver_navigation` [ RunTime:0.000246s ]
[2021-05-08T12:59:00+08:00][sql] SELECT `article_label` FROM `carver_article` [ RunTime:0.000249s ]
[2021-05-08T13:35:08+08:00][sql] CONNECT:[ UseTime:0.000562s ] mysql:host=127.0.0.1;port=3306;dbname=carver;charset=utf8
[2021-05-08T13:35:08+08:00][sql] SHOW FULL COLUMNS FROM `carver_article` [ RunTime:0.000947s ]
[2021-05-08T13:35:08+08:00][sql] SELECT `article_id`,`article_title`,`article_desc`,`article_content`,`article_img`,`article_guide`,`article_label`,`click_num`,`is_show`,`add_time`,`article_author` FROM `carver_article` WHERE  `article_id` = 23 LIMIT 1 [ RunTime:0.000622s ]
[2021-05-08T13:35:08+08:00][sql] SELECT `article_id`,`article_title`,`article_desc`,`article_content`,`article_img`,`article_guide`,`article_label`,`click_num`,`is_show`,`add_time`,`article_author` FROM `carver_article` WHERE  `article_id` > 23 LIMIT 1 [ RunTime:0.000481s ]
[2021-05-08T13:35:08+08:00][sql] SELECT `article_id`,`article_title`,`article_desc`,`article_content`,`article_img`,`article_guide`,`article_label`,`click_num`,`is_show`,`add_time`,`article_author` FROM `carver_article` WHERE  `article_id` < 23 ORDER BY `article_id` DESC LIMIT 1 [ RunTime:0.000414s ]
[2021-05-08T13:35:08+08:00][sql] SHOW FULL COLUMNS FROM `carver_link` [ RunTime:0.000591s ]
[2021-05-08T13:35:08+08:00][sql] SELECT * FROM `carver_link` WHERE  ( is_confirm=2 ) LIMIT 20 [ RunTime:0.000314s ]
[2021-05-08T13:35:08+08:00][sql] SELECT article_id,article_title,click_num,FROM_UNIXTIME(add_time,'%Y-%m-%d') as add_time FROM `carver_article` ORDER BY `click_num` DESC LIMIT 3 [ RunTime:0.000366s ]
[2021-05-08T13:35:08+08:00][sql] SHOW FULL COLUMNS FROM `carver_comment` [ RunTime:0.000597s ]
[2021-05-08T13:35:08+08:00][sql] SELECT `a`.*,`b`.`user_name` FROM `carver_comment` `a` INNER JOIN `carver_user` `b` ON `a`.`user_id`=`b`.`user_id` WHERE  `article_id` = 23 ORDER BY `create_time` DESC [ RunTime:0.000375s ]
[2021-05-08T13:35:08+08:00][sql] SHOW FULL COLUMNS FROM `carver_comment_to_others` [ RunTime:0.000552s ]
[2021-05-08T13:35:08+08:00][sql] SELECT * FROM `carver_comment_to_others` [ RunTime:0.000276s ]
[2021-05-08T13:35:08+08:00][sql] SHOW FULL COLUMNS FROM `carver_user` [ RunTime:0.000464s ]
[2021-05-08T13:35:08+08:00][sql] SELECT `user_name` FROM `carver_user` WHERE  `user_id` = 4 LIMIT 1 [ RunTime:0.000265s ]
[2021-05-08T13:35:08+08:00][sql] SELECT `user_name` FROM `carver_user` WHERE  `user_id` = 4 LIMIT 1 [ RunTime:0.000239s ]
[2021-05-08T13:35:08+08:00][sql] SELECT `user_name` FROM `carver_user` WHERE  `user_id` = 5 LIMIT 1 [ RunTime:0.000205s ]
[2021-05-08T13:35:08+08:00][sql] SELECT `user_name` FROM `carver_user` WHERE  `user_id` = 5 LIMIT 1 [ RunTime:0.000240s ]
[2021-05-08T13:35:08+08:00][sql] SELECT `user_name`,`user_id` FROM `carver_user` [ RunTime:0.000279s ]
[2021-05-08T13:35:08+08:00][sql] SHOW FULL COLUMNS FROM `carver_navigation` [ RunTime:0.000501s ]
[2021-05-08T13:35:08+08:00][sql] SELECT * FROM `carver_navigation` [ RunTime:0.019499s ]
[2021-05-08T13:35:08+08:00][sql] SELECT `article_label` FROM `carver_article` [ RunTime:0.000404s ]
[2021-05-08T16:28:53+08:00][sql] CONNECT:[ UseTime:0.000668s ] mysql:host=127.0.0.1;port=3306;dbname=carver;charset=utf8
[2021-05-08T16:28:53+08:00][sql] SHOW FULL COLUMNS FROM `carver_article` [ RunTime:0.000879s ]
[2021-05-08T16:28:53+08:00][sql] SELECT COUNT(*) AS think_count FROM `carver_article` WHERE  `article_label` LIKE '%mysql%'  AND `delete_time` = 0  AND `is_show` = 1 [ RunTime:0.000413s ]
[2021-05-08T16:28:53+08:00][sql] SELECT * FROM `carver_article` WHERE  `article_label` LIKE '%mysql%'  AND `delete_time` = 0  AND `is_show` = 1 LIMIT 0,6 [ RunTime:0.001093s ]
[2021-05-08T16:28:53+08:00][sql] SELECT article_id,article_title,click_num,FROM_UNIXTIME(add_time,'%Y-%m-%d') as add_time FROM `carver_article` WHERE  `is_show` = 1  AND `delete_time` = 0 ORDER BY `click_num` DESC LIMIT 3 [ RunTime:0.000501s ]
[2021-05-08T16:28:53+08:00][sql] SHOW FULL COLUMNS FROM `carver_notice` [ RunTime:0.000630s ]
[2021-05-08T16:28:53+08:00][sql] SELECT * FROM `carver_notice` ORDER BY `create_time` DESC LIMIT 3 [ RunTime:0.000382s ]
[2021-05-08T16:28:53+08:00][sql] SHOW FULL COLUMNS FROM `carver_navigation` [ RunTime:0.000643s ]
[2021-05-08T16:28:53+08:00][sql] SELECT * FROM `carver_navigation` [ RunTime:0.000246s ]
[2021-05-08T16:28:53+08:00][sql] SHOW FULL COLUMNS FROM `carver_link` [ RunTime:0.000519s ]
[2021-05-08T16:28:53+08:00][sql] SELECT * FROM `carver_link` WHERE  ( is_confirm=2 ) LIMIT 20 [ RunTime:0.000351s ]
[2021-05-08T16:28:53+08:00][sql] SELECT `article_label` FROM `carver_article` [ RunTime:0.000304s ]
[2021-05-08T16:28:53+08:00][sql] SHOW FULL COLUMNS FROM `carver_carouse` [ RunTime:0.000474s ]
[2021-05-08T16:28:53+08:00][sql] SELECT `carouse_img`,`carouse_desc` FROM `carver_carouse` WHERE  `is_show` = 1 ORDER BY `carouse_sort` DESC LIMIT 3 [ RunTime:0.000345s ]
[2021-05-08T16:28:53+08:00][sql] SHOW FULL COLUMNS FROM `carver_site` [ RunTime:0.000485s ]
[2021-05-08T16:28:53+08:00][sql] SELECT * FROM `carver_site` [ RunTime:0.000281s ]
[2021-05-08T16:41:12+08:00][sql] CONNECT:[ UseTime:0.000504s ] mysql:host=127.0.0.1;port=3306;dbname=carver;charset=utf8
[2021-05-08T16:41:12+08:00][sql] SHOW FULL COLUMNS FROM `carver_article` [ RunTime:0.000863s ]
[2021-05-08T16:41:12+08:00][sql] SELECT COUNT(*) AS think_count FROM `carver_article` WHERE  `article_label` LIKE '%php%'  AND `delete_time` = 0  AND `is_show` = 1 [ RunTime:0.000423s ]
[2021-05-08T16:41:12+08:00][sql] SELECT * FROM `carver_article` WHERE  `article_label` LIKE '%php%'  AND `delete_time` = 0  AND `is_show` = 1 LIMIT 0,6 [ RunTime:0.000897s ]
[2021-05-08T16:41:12+08:00][sql] SELECT article_id,article_title,click_num,FROM_UNIXTIME(add_time,'%Y-%m-%d') as add_time FROM `carver_article` WHERE  `is_show` = 1  AND `delete_time` = 0 ORDER BY `click_num` DESC LIMIT 3 [ RunTime:0.000410s ]
[2021-05-08T16:41:12+08:00][sql] SHOW FULL COLUMNS FROM `carver_notice` [ RunTime:0.000591s ]
[2021-05-08T16:41:12+08:00][sql] SELECT * FROM `carver_notice` ORDER BY `create_time` DESC LIMIT 3 [ RunTime:0.000289s ]
[2021-05-08T16:41:12+08:00][sql] SHOW FULL COLUMNS FROM `carver_navigation` [ RunTime:0.000525s ]
[2021-05-08T16:41:12+08:00][sql] SELECT * FROM `carver_navigation` [ RunTime:0.000234s ]
[2021-05-08T16:41:12+08:00][sql] SHOW FULL COLUMNS FROM `carver_link` [ RunTime:0.000499s ]
[2021-05-08T16:41:12+08:00][sql] SELECT * FROM `carver_link` WHERE  ( is_confirm=2 ) LIMIT 20 [ RunTime:0.000293s ]
[2021-05-08T16:41:12+08:00][sql] SELECT `article_label` FROM `carver_article` [ RunTime:0.000237s ]
[2021-05-08T16:41:12+08:00][sql] SHOW FULL COLUMNS FROM `carver_carouse` [ RunTime:0.000614s ]
[2021-05-08T16:41:12+08:00][sql] SELECT `carouse_img`,`carouse_desc` FROM `carver_carouse` WHERE  `is_show` = 1 ORDER BY `carouse_sort` DESC LIMIT 3 [ RunTime:0.000287s ]
[2021-05-08T16:41:12+08:00][sql] SHOW FULL COLUMNS FROM `carver_site` [ RunTime:0.000519s ]
[2021-05-08T16:41:12+08:00][sql] SELECT * FROM `carver_site` [ RunTime:0.000223s ]
[2021-05-08T17:08:59+08:00][sql] CONNECT:[ UseTime:0.000703s ] mysql:host=127.0.0.1;port=3306;dbname=carver;charset=utf8
[2021-05-08T17:08:59+08:00][sql] SHOW FULL COLUMNS FROM `carver_article` [ RunTime:0.000869s ]
[2021-05-08T17:08:59+08:00][sql] SELECT COUNT(*) AS think_count FROM `carver_article` WHERE  `article_label` LIKE '%设计模式%'  AND `delete_time` = 0  AND `is_show` = 1 [ RunTime:0.000433s ]
[2021-05-08T17:08:59+08:00][sql] SELECT * FROM `carver_article` WHERE  `article_label` LIKE '%设计模式%'  AND `delete_time` = 0  AND `is_show` = 1 LIMIT 0,6 [ RunTime:0.002840s ]
[2021-05-08T17:08:59+08:00][sql] SELECT article_id,article_title,click_num,FROM_UNIXTIME(add_time,'%Y-%m-%d') as add_time FROM `carver_article` WHERE  `is_show` = 1  AND `delete_time` = 0 ORDER BY `click_num` DESC LIMIT 3 [ RunTime:0.000515s ]
[2021-05-08T17:08:59+08:00][sql] SHOW FULL COLUMNS FROM `carver_notice` [ RunTime:0.000635s ]
[2021-05-08T17:08:59+08:00][sql] SELECT * FROM `carver_notice` ORDER BY `create_time` DESC LIMIT 3 [ RunTime:0.000306s ]
[2021-05-08T17:08:59+08:00][sql] SHOW FULL COLUMNS FROM `carver_navigation` [ RunTime:0.000552s ]
[2021-05-08T17:08:59+08:00][sql] SELECT * FROM `carver_navigation` [ RunTime:0.000271s ]
[2021-05-08T17:08:59+08:00][sql] SHOW FULL COLUMNS FROM `carver_link` [ RunTime:0.000520s ]
[2021-05-08T17:08:59+08:00][sql] SELECT * FROM `carver_link` WHERE  ( is_confirm=2 ) LIMIT 20 [ RunTime:0.000336s ]
[2021-05-08T17:08:59+08:00][sql] SELECT `article_label` FROM `carver_article` [ RunTime:0.000264s ]
[2021-05-08T17:08:59+08:00][sql] SHOW FULL COLUMNS FROM `carver_carouse` [ RunTime:0.000528s ]
[2021-05-08T17:08:59+08:00][sql] SELECT `carouse_img`,`carouse_desc` FROM `carver_carouse` WHERE  `is_show` = 1 ORDER BY `carouse_sort` DESC LIMIT 3 [ RunTime:0.000299s ]
[2021-05-08T17:08:59+08:00][sql] SHOW FULL COLUMNS FROM `carver_site` [ RunTime:0.000520s ]
[2021-05-08T17:08:59+08:00][sql] SELECT * FROM `carver_site` [ RunTime:0.000264s ]
[2021-05-08T17:49:57+08:00][sql] CONNECT:[ UseTime:0.000687s ] mysql:host=127.0.0.1;port=3306;dbname=carver;charset=utf8
[2021-05-08T17:49:57+08:00][sql] SHOW FULL COLUMNS FROM `carver_article` [ RunTime:0.000862s ]
[2021-05-08T17:49:57+08:00][sql] SELECT COUNT(*) AS think_count FROM `carver_article` WHERE  `article_label` LIKE '%javascript%'  AND `delete_time` = 0  AND `is_show` = 1 [ RunTime:0.000433s ]
[2021-05-08T17:49:57+08:00][sql] SELECT * FROM `carver_article` WHERE  `article_label` LIKE '%javascript%'  AND `delete_time` = 0  AND `is_show` = 1 LIMIT 0,6 [ RunTime:0.000886s ]
[2021-05-08T17:49:57+08:00][sql] SELECT article_id,article_title,click_num,FROM_UNIXTIME(add_time,'%Y-%m-%d') as add_time FROM `carver_article` WHERE  `is_show` = 1  AND `delete_time` = 0 ORDER BY `click_num` DESC LIMIT 3 [ RunTime:0.000513s ]
[2021-05-08T17:49:57+08:00][sql] SHOW FULL COLUMNS FROM `carver_notice` [ RunTime:0.000915s ]
[2021-05-08T17:49:57+08:00][sql] SELECT * FROM `carver_notice` ORDER BY `create_time` DESC LIMIT 3 [ RunTime:0.000310s ]
[2021-05-08T17:49:57+08:00][sql] SHOW FULL COLUMNS FROM `carver_navigation` [ RunTime:0.000581s ]
[2021-05-08T17:49:57+08:00][sql] SELECT * FROM `carver_navigation` [ RunTime:0.000249s ]
[2021-05-08T17:49:57+08:00][sql] SHOW FULL COLUMNS FROM `carver_link` [ RunTime:0.000909s ]
[2021-05-08T17:49:57+08:00][sql] SELECT * FROM `carver_link` WHERE  ( is_confirm=2 ) LIMIT 20 [ RunTime:0.000310s ]
[2021-05-08T17:49:57+08:00][sql] SELECT `article_label` FROM `carver_article` [ RunTime:0.000249s ]
[2021-05-08T17:49:57+08:00][sql] SHOW FULL COLUMNS FROM `carver_carouse` [ RunTime:0.000521s ]
[2021-05-08T17:49:57+08:00][sql] SELECT `carouse_img`,`carouse_desc` FROM `carver_carouse` WHERE  `is_show` = 1 ORDER BY `carouse_sort` DESC LIMIT 3 [ RunTime:0.000297s ]
[2021-05-08T17:49:57+08:00][sql] SHOW FULL COLUMNS FROM `carver_site` [ RunTime:0.000536s ]
[2021-05-08T17:49:57+08:00][sql] SELECT * FROM `carver_site` [ RunTime:0.000237s ]
[2021-05-08T17:49:58+08:00][sql] CONNECT:[ UseTime:0.000555s ] mysql:host=127.0.0.1;port=3306;dbname=carver;charset=utf8
[2021-05-08T17:49:58+08:00][sql] SHOW FULL COLUMNS FROM `carver_article` [ RunTime:0.000957s ]
[2021-05-08T17:49:58+08:00][sql] SELECT COUNT(*) AS think_count FROM `carver_article` WHERE  `article_label` LIKE '%javascript%'  AND `delete_time` = 0  AND `is_show` = 1 [ RunTime:0.000465s ]
[2021-05-08T17:49:58+08:00][sql] SELECT * FROM `carver_article` WHERE  `article_label` LIKE '%javascript%'  AND `delete_time` = 0  AND `is_show` = 1 LIMIT 0,6 [ RunTime:0.000787s ]
[2021-05-08T17:49:58+08:00][sql] SELECT article_id,article_title,click_num,FROM_UNIXTIME(add_time,'%Y-%m-%d') as add_time FROM `carver_article` WHERE  `is_show` = 1  AND `delete_time` = 0 ORDER BY `click_num` DESC LIMIT 3 [ RunTime:0.000527s ]
[2021-05-08T17:49:58+08:00][sql] SHOW FULL COLUMNS FROM `carver_notice` [ RunTime:0.000648s ]
[2021-05-08T17:49:58+08:00][sql] SELECT * FROM `carver_notice` ORDER BY `create_time` DESC LIMIT 3 [ RunTime:0.000289s ]
[2021-05-08T17:49:58+08:00][sql] SHOW FULL COLUMNS FROM `carver_navigation` [ RunTime:0.000550s ]
[2021-05-08T17:49:58+08:00][sql] SELECT * FROM `carver_navigation` [ RunTime:0.000302s ]
[2021-05-08T17:49:58+08:00][sql] SHOW FULL COLUMNS FROM `carver_link` [ RunTime:0.000553s ]
[2021-05-08T17:49:58+08:00][sql] SELECT * FROM `carver_link` WHERE  ( is_confirm=2 ) LIMIT 20 [ RunTime:0.000316s ]
[2021-05-08T17:49:58+08:00][sql] SELECT `article_label` FROM `carver_article` [ RunTime:0.000263s ]
[2021-05-08T17:49:58+08:00][sql] SHOW FULL COLUMNS FROM `carver_carouse` [ RunTime:0.000532s ]
[2021-05-08T17:49:58+08:00][sql] SELECT `carouse_img`,`carouse_desc` FROM `carver_carouse` WHERE  `is_show` = 1 ORDER BY `carouse_sort` DESC LIMIT 3 [ RunTime:0.000299s ]
[2021-05-08T17:49:58+08:00][sql] SHOW FULL COLUMNS FROM `carver_site` [ RunTime:0.000541s ]
[2021-05-08T17:49:58+08:00][sql] SELECT * FROM `carver_site` [ RunTime:0.000244s ]
[2021-05-08T17:49:59+08:00][sql] CONNECT:[ UseTime:0.000759s ] mysql:host=127.0.0.1;port=3306;dbname=carver;charset=utf8
[2021-05-08T17:49:59+08:00][sql] SHOW FULL COLUMNS FROM `carver_article` [ RunTime:0.000916s ]
[2021-05-08T17:49:59+08:00][sql] SELECT COUNT(*) AS think_count FROM `carver_article` WHERE  `article_label` LIKE '%javascript%'  AND `delete_time` = 0  AND `is_show` = 1 [ RunTime:0.000467s ]
[2021-05-08T17:49:59+08:00][sql] SELECT * FROM `carver_article` WHERE  `article_label` LIKE '%javascript%'  AND `delete_time` = 0  AND `is_show` = 1 LIMIT 0,6 [ RunTime:0.000828s ]
[2021-05-08T17:49:59+08:00][sql] SELECT article_id,article_title,click_num,FROM_UNIXTIME(add_time,'%Y-%m-%d') as add_time FROM `carver_article` WHERE  `is_show` = 1  AND `delete_time` = 0 ORDER BY `click_num` DESC LIMIT 3 [ RunTime:0.000858s ]
[2021-05-08T17:49:59+08:00][sql] SHOW FULL COLUMNS FROM `carver_notice` [ RunTime:0.000636s ]
[2021-05-08T17:49:59+08:00][sql] SELECT * FROM `carver_notice` ORDER BY `create_time` DESC LIMIT 3 [ RunTime:0.000352s ]
[2021-05-08T17:49:59+08:00][sql] SHOW FULL COLUMNS FROM `carver_navigation` [ RunTime:0.000515s ]
[2021-05-08T17:49:59+08:00][sql] SELECT * FROM `carver_navigation` [ RunTime:0.000248s ]
[2021-05-08T17:49:59+08:00][sql] SHOW FULL COLUMNS FROM `carver_link` [ RunTime:0.000520s ]
[2021-05-08T17:49:59+08:00][sql] SELECT * FROM `carver_link` WHERE  ( is_confirm=2 ) LIMIT 20 [ RunTime:0.000284s ]
[2021-05-08T17:49:59+08:00][sql] SELECT `article_label` FROM `carver_article` [ RunTime:0.000262s ]
[2021-05-08T17:49:59+08:00][sql] SHOW FULL COLUMNS FROM `carver_carouse` [ RunTime:0.000535s ]
[2021-05-08T17:49:59+08:00][sql] SELECT `carouse_img`,`carouse_desc` FROM `carver_carouse` WHERE  `is_show` = 1 ORDER BY `carouse_sort` DESC LIMIT 3 [ RunTime:0.000322s ]
[2021-05-08T17:49:59+08:00][sql] SHOW FULL COLUMNS FROM `carver_site` [ RunTime:0.000490s ]
[2021-05-08T17:49:59+08:00][sql] SELECT * FROM `carver_site` [ RunTime:0.000245s ]
[2021-05-08T17:50:04+08:00][sql] CONNECT:[ UseTime:0.000621s ] mysql:host=127.0.0.1;port=3306;dbname=carver;charset=utf8
[2021-05-08T17:50:04+08:00][sql] SHOW FULL COLUMNS FROM `carver_article` [ RunTime:0.000914s ]
[2021-05-08T17:50:04+08:00][sql] SELECT COUNT(*) AS think_count FROM `carver_article` WHERE  `article_label` LIKE '%javascript%'  AND `delete_time` = 0  AND `is_show` = 1 [ RunTime:0.000405s ]
[2021-05-08T17:50:04+08:00][sql] SELECT * FROM `carver_article` WHERE  `article_label` LIKE '%javascript%'  AND `delete_time` = 0  AND `is_show` = 1 LIMIT 0,6 [ RunTime:0.000758s ]
[2021-05-08T17:50:04+08:00][sql] SELECT article_id,article_title,click_num,FROM_UNIXTIME(add_time,'%Y-%m-%d') as add_time FROM `carver_article` WHERE  `is_show` = 1  AND `delete_time` = 0 ORDER BY `click_num` DESC LIMIT 3 [ RunTime:0.000463s ]
[2021-05-08T17:50:04+08:00][sql] SHOW FULL COLUMNS FROM `carver_notice` [ RunTime:0.000614s ]
[2021-05-08T17:50:04+08:00][sql] SELECT * FROM `carver_notice` ORDER BY `create_time` DESC LIMIT 3 [ RunTime:0.000330s ]
[2021-05-08T17:50:04+08:00][sql] SHOW FULL COLUMNS FROM `carver_navigation` [ RunTime:0.000516s ]
[2021-05-08T17:50:04+08:00][sql] SELECT * FROM `carver_navigation` [ RunTime:0.000268s ]
[2021-05-08T17:50:04+08:00][sql] SHOW FULL COLUMNS FROM `carver_link` [ RunTime:0.000584s ]
[2021-05-08T17:50:04+08:00][sql] SELECT * FROM `carver_link` WHERE  ( is_confirm=2 ) LIMIT 20 [ RunTime:0.000313s ]
[2021-05-08T17:50:04+08:00][sql] SELECT `article_label` FROM `carver_article` [ RunTime:0.000259s ]
[2021-05-08T17:50:04+08:00][sql] SHOW FULL COLUMNS FROM `carver_carouse` [ RunTime:0.000514s ]
[2021-05-08T17:50:04+08:00][sql] SELECT `carouse_img`,`carouse_desc` FROM `carver_carouse` WHERE  `is_show` = 1 ORDER BY `carouse_sort` DESC LIMIT 3 [ RunTime:0.000304s ]
[2021-05-08T17:50:04+08:00][sql] SHOW FULL COLUMNS FROM `carver_site` [ RunTime:0.000500s ]
[2021-05-08T17:50:04+08:00][sql] SELECT * FROM `carver_site` [ RunTime:0.000237s ]
[2021-05-08T18:08:29+08:00][sql] CONNECT:[ UseTime:0.000532s ] mysql:host=127.0.0.1;port=3306;dbname=carver;charset=utf8
[2021-05-08T18:08:29+08:00][sql] SHOW FULL COLUMNS FROM `carver_user` [ RunTime:0.000852s ]
[2021-05-08T18:10:47+08:00][sql] CONNECT:[ UseTime:0.000629s ] mysql:host=127.0.0.1;port=3306;dbname=carver;charset=utf8
[2021-05-08T18:10:47+08:00][sql] SHOW FULL COLUMNS FROM `carver_article` [ RunTime:0.000895s ]
[2021-05-08T18:10:47+08:00][sql] SELECT `article_id`,`article_title`,`article_desc`,`article_content`,`article_img`,`article_guide`,`article_label`,`click_num`,`is_show`,`add_time`,`article_author` FROM `carver_article` WHERE  `article_id` = 18' LIMIT 1 [ RunTime:0.000627s ]
[2021-05-08T18:10:47+08:00][sql] SELECT `article_id`,`article_title`,`article_desc`,`article_content`,`article_img`,`article_guide`,`article_label`,`click_num`,`is_show`,`add_time`,`article_author` FROM `carver_article` WHERE  `article_id` > 18' LIMIT 1 [ RunTime:0.002384s ]
[2021-05-08T18:10:47+08:00][sql] SELECT `article_id`,`article_title`,`article_desc`,`article_content`,`article_img`,`article_guide`,`article_label`,`click_num`,`is_show`,`add_time`,`article_author` FROM `carver_article` WHERE  `article_id` < 18' ORDER BY `article_id` DESC LIMIT 1 [ RunTime:0.000496s ]
[2021-05-08T18:10:47+08:00][sql] SHOW FULL COLUMNS FROM `carver_link` [ RunTime:0.000602s ]
[2021-05-08T18:10:47+08:00][sql] SELECT * FROM `carver_link` WHERE  ( is_confirm=2 ) LIMIT 20 [ RunTime:0.000345s ]
[2021-05-08T18:10:47+08:00][sql] SELECT article_id,article_title,click_num,FROM_UNIXTIME(add_time,'%Y-%m-%d') as add_time FROM `carver_article` ORDER BY `click_num` DESC LIMIT 3 [ RunTime:0.000372s ]
[2021-05-08T18:10:47+08:00][sql] SHOW FULL COLUMNS FROM `carver_comment` [ RunTime:0.000568s ]
[2021-05-08T18:10:47+08:00][sql] SELECT `a`.*,`b`.`user_name` FROM `carver_comment` `a` INNER JOIN `carver_user` `b` ON `a`.`user_id`=`b`.`user_id` WHERE  `article_id` = 18' ORDER BY `create_time` DESC [ RunTime:0.000497s ]
[2021-05-08T18:10:47+08:00][sql] SHOW FULL COLUMNS FROM `carver_comment_to_others` [ RunTime:0.000675s ]
[2021-05-08T18:10:47+08:00][sql] SELECT * FROM `carver_comment_to_others` [ RunTime:0.000281s ]
[2021-05-08T18:10:47+08:00][sql] SHOW FULL COLUMNS FROM `carver_user` [ RunTime:0.000565s ]
[2021-05-08T18:10:47+08:00][sql] SELECT `user_name` FROM `carver_user` WHERE  `user_id` = 4 LIMIT 1 [ RunTime:0.000462s ]
[2021-05-08T18:10:47+08:00][sql] SELECT `user_name` FROM `carver_user` WHERE  `user_id` = 4 LIMIT 1 [ RunTime:0.000316s ]
[2021-05-08T18:10:47+08:00][sql] SELECT `user_name` FROM `carver_user` WHERE  `user_id` = 5 LIMIT 1 [ RunTime:0.000263s ]
[2021-05-08T18:10:47+08:00][sql] SELECT `user_name` FROM `carver_user` WHERE  `user_id` = 5 LIMIT 1 [ RunTime:0.000254s ]
[2021-05-08T18:10:47+08:00][sql] SELECT `user_name`,`user_id` FROM `carver_user` [ RunTime:0.000312s ]
[2021-05-08T18:10:47+08:00][sql] SHOW FULL COLUMNS FROM `carver_navigation` [ RunTime:0.000670s ]
[2021-05-08T18:10:47+08:00][sql] SELECT * FROM `carver_navigation` [ RunTime:0.000292s ]
[2021-05-08T18:10:47+08:00][sql] SELECT `article_label` FROM `carver_article` [ RunTime:0.000269s ]
[2021-05-08T18:38:55+08:00][sql] CONNECT:[ UseTime:0.000677s ] mysql:host=127.0.0.1;port=3306;dbname=carver;charset=utf8
[2021-05-08T18:38:55+08:00][sql] SHOW FULL COLUMNS FROM `carver_article` [ RunTime:0.000899s ]
[2021-05-08T18:38:55+08:00][sql] SELECT COUNT(*) AS think_count FROM `carver_article` WHERE  `article_label` LIKE '%网络安全%'  AND `delete_time` = 0  AND `is_show` = 1 [ RunTime:0.000409s ]
[2021-05-08T18:38:55+08:00][sql] SELECT * FROM `carver_article` WHERE  `article_label` LIKE '%网络安全%'  AND `delete_time` = 0  AND `is_show` = 1 LIMIT 0,6 [ RunTime:0.001064s ]
[2021-05-08T18:38:55+08:00][sql] SELECT article_id,article_title,click_num,FROM_UNIXTIME(add_time,'%Y-%m-%d') as add_time FROM `carver_article` WHERE  `is_show` = 1  AND `delete_time` = 0 ORDER BY `click_num` DESC LIMIT 3 [ RunTime:0.000453s ]
[2021-05-08T18:38:55+08:00][sql] SHOW FULL COLUMNS FROM `carver_notice` [ RunTime:0.000658s ]
[2021-05-08T18:38:55+08:00][sql] SELECT * FROM `carver_notice` ORDER BY `create_time` DESC LIMIT 3 [ RunTime:0.000310s ]
[2021-05-08T18:38:55+08:00][sql] SHOW FULL COLUMNS FROM `carver_navigation` [ RunTime:0.000521s ]
[2021-05-08T18:38:55+08:00][sql] SELECT * FROM `carver_navigation` [ RunTime:0.000256s ]
[2021-05-08T18:38:55+08:00][sql] SHOW FULL COLUMNS FROM `carver_link` [ RunTime:0.000534s ]
[2021-05-08T18:38:55+08:00][sql] SELECT * FROM `carver_link` WHERE  ( is_confirm=2 ) LIMIT 20 [ RunTime:0.000314s ]
[2021-05-08T18:38:55+08:00][sql] SELECT `article_label` FROM `carver_article` [ RunTime:0.000363s ]
[2021-05-08T18:38:55+08:00][sql] SHOW FULL COLUMNS FROM `carver_carouse` [ RunTime:0.000519s ]
[2021-05-08T18:38:55+08:00][sql] SELECT `carouse_img`,`carouse_desc` FROM `carver_carouse` WHERE  `is_show` = 1 ORDER BY `carouse_sort` DESC LIMIT 3 [ RunTime:0.000621s ]
[2021-05-08T18:38:55+08:00][sql] SHOW FULL COLUMNS FROM `carver_site` [ RunTime:0.000545s ]
[2021-05-08T18:38:55+08:00][sql] SELECT * FROM `carver_site` [ RunTime:0.000238s ]
[2021-05-08T20:48:22+08:00][sql] CONNECT:[ UseTime:0.000584s ] mysql:host=127.0.0.1;port=3306;dbname=carver;charset=utf8
[2021-05-08T20:48:22+08:00][sql] SHOW FULL COLUMNS FROM `carver_user` [ RunTime:0.000775s ]
[2021-05-08T20:48:22+08:00][sql] SHOW FULL COLUMNS FROM `carver_article` [ RunTime:0.000727s ]
[2021-05-08T20:48:22+08:00][sql] SELECT COUNT(*) AS think_count FROM `carver_article` WHERE  `delete_time` = 0  AND `is_show` = 1 [ RunTime:0.000441s ]
[2021-05-08T20:48:22+08:00][sql] SELECT `article_id`,`article_title`,`article_desc`,`article_content`,`article_img`,`article_guide`,`article_label`,`click_num`,`is_show`,`add_time`,`article_author`,`is_top_show` FROM `carver_article` WHERE  `delete_time` = 0  AND `is_show` = 1 ORDER BY `article_id` DESC LIMIT 0,6 [ RunTime:0.000644s ]
[2021-05-08T20:48:22+08:00][sql] SELECT article_id,article_title,click_num,FROM_UNIXTIME(add_time,'%Y-%m-%d') as add_time FROM `carver_article` WHERE  `is_show` = 1  AND `delete_time` = 0 ORDER BY `click_num` DESC LIMIT 3 [ RunTime:0.000478s ]
[2021-05-08T20:48:22+08:00][sql] SHOW FULL COLUMNS FROM `carver_notice` [ RunTime:0.000587s ]
[2021-05-08T20:48:22+08:00][sql] SELECT * FROM `carver_notice` ORDER BY `create_time` DESC LIMIT 3 [ RunTime:0.000307s ]
[2021-05-08T20:48:22+08:00][sql] SHOW FULL COLUMNS FROM `carver_navigation` [ RunTime:0.000561s ]
[2021-05-08T20:48:22+08:00][sql] SELECT * FROM `carver_navigation` [ RunTime:0.000257s ]
[2021-05-08T20:48:22+08:00][sql] SHOW FULL COLUMNS FROM `carver_link` [ RunTime:0.000714s ]
[2021-05-08T20:48:22+08:00][sql] SELECT * FROM `carver_link` WHERE  ( is_confirm=2 ) LIMIT 20 [ RunTime:0.000332s ]
[2021-05-08T20:48:22+08:00][sql] SELECT `article_label` FROM `carver_article` [ RunTime:0.000316s ]
[2021-05-08T20:48:22+08:00][sql] SHOW FULL COLUMNS FROM `carver_carouse` [ RunTime:0.000532s ]
[2021-05-08T20:48:22+08:00][sql] SELECT `carouse_img`,`carouse_desc` FROM `carver_carouse` WHERE  `is_show` = 1 ORDER BY `carouse_sort` DESC LIMIT 3 [ RunTime:0.000307s ]
[2021-05-08T20:48:22+08:00][sql] SHOW FULL COLUMNS FROM `carver_site` [ RunTime:0.000515s ]
[2021-05-08T20:48:22+08:00][sql] SELECT * FROM `carver_site` [ RunTime:0.000229s ]
[2021-05-08T20:48:25+08:00][sql] CONNECT:[ UseTime:0.000483s ] mysql:host=127.0.0.1;port=3306;dbname=carver;charset=utf8
[2021-05-08T20:48:25+08:00][sql] SHOW FULL COLUMNS FROM `carver_article` [ RunTime:0.000943s ]
[2021-05-08T20:48:25+08:00][sql] SELECT `article_id`,`article_title`,`article_desc`,`article_content`,`article_img`,`article_guide`,`article_label`,`click_num`,`is_show`,`add_time`,`article_author` FROM `carver_article` WHERE  `article_id` = 28 LIMIT 1 [ RunTime:0.000452s ]
[2021-05-08T20:48:25+08:00][sql] SELECT `article_id`,`article_title`,`article_desc`,`article_content`,`article_img`,`article_guide`,`article_label`,`click_num`,`is_show`,`add_time`,`article_author` FROM `carver_article` WHERE  `article_id` > 28 LIMIT 1 [ RunTime:0.000358s ]
[2021-05-08T20:48:25+08:00][sql] SELECT `article_id`,`article_title`,`article_desc`,`article_content`,`article_img`,`article_guide`,`article_label`,`click_num`,`is_show`,`add_time`,`article_author` FROM `carver_article` WHERE  `article_id` < 28 ORDER BY `article_id` DESC LIMIT 1 [ RunTime:0.000428s ]
[2021-05-08T20:48:25+08:00][sql] SHOW FULL COLUMNS FROM `carver_link` [ RunTime:0.000672s ]
[2021-05-08T20:48:25+08:00][sql] SELECT * FROM `carver_link` WHERE  ( is_confirm=2 ) LIMIT 20 [ RunTime:0.000387s ]
[2021-05-08T20:48:25+08:00][sql] SELECT article_id,article_title,click_num,FROM_UNIXTIME(add_time,'%Y-%m-%d') as add_time FROM `carver_article` ORDER BY `click_num` DESC LIMIT 3 [ RunTime:0.000375s ]
[2021-05-08T20:48:25+08:00][sql] SHOW FULL COLUMNS FROM `carver_comment` [ RunTime:0.000630s ]
[2021-05-08T20:48:25+08:00][sql] SELECT `a`.*,`b`.`user_name` FROM `carver_comment` `a` INNER JOIN `carver_user` `b` ON `a`.`user_id`=`b`.`user_id` WHERE  `article_id` = 28 ORDER BY `create_time` DESC [ RunTime:0.000478s ]
[2021-05-08T20:48:25+08:00][sql] SHOW FULL COLUMNS FROM `carver_comment_to_others` [ RunTime:0.000638s ]
[2021-05-08T20:48:25+08:00][sql] SELECT * FROM `carver_comment_to_others` [ RunTime:0.000245s ]
[2021-05-08T20:48:25+08:00][sql] SHOW FULL COLUMNS FROM `carver_user` [ RunTime:0.000457s ]
[2021-05-08T20:48:25+08:00][sql] SELECT `user_name` FROM `carver_user` WHERE  `user_id` = 4 LIMIT 1 [ RunTime:0.000257s ]
[2021-05-08T20:48:25+08:00][sql] SELECT `user_name` FROM `carver_user` WHERE  `user_id` = 4 LIMIT 1 [ RunTime:0.000234s ]
[2021-05-08T20:48:25+08:00][sql] SELECT `user_name` FROM `carver_user` WHERE  `user_id` = 5 LIMIT 1 [ RunTime:0.000244s ]
[2021-05-08T20:48:25+08:00][sql] SELECT `user_name` FROM `carver_user` WHERE  `user_id` = 5 LIMIT 1 [ RunTime:0.000227s ]
[2021-05-08T20:48:25+08:00][sql] SELECT `user_name`,`user_id` FROM `carver_user` [ RunTime:0.000359s ]
[2021-05-08T20:48:25+08:00][sql] SHOW FULL COLUMNS FROM `carver_navigation` [ RunTime:0.000568s ]
[2021-05-08T20:48:25+08:00][sql] SELECT * FROM `carver_navigation` [ RunTime:0.000275s ]
[2021-05-08T20:48:25+08:00][sql] SELECT `article_label` FROM `carver_article` [ RunTime:0.000265s ]
[2021-05-08T20:48:39+08:00][sql] CONNECT:[ UseTime:0.000598s ] mysql:host=127.0.0.1;port=3306;dbname=carver;charset=utf8
[2021-05-08T20:48:39+08:00][sql] SHOW FULL COLUMNS FROM `carver_user` [ RunTime:0.000834s ]
[2021-05-08T20:48:45+08:00][sql] CONNECT:[ UseTime:0.000536s ] mysql:host=127.0.0.1;port=3306;dbname=carver;charset=utf8
[2021-05-08T20:48:45+08:00][sql] SHOW FULL COLUMNS FROM `carver_user` [ RunTime:0.000885s ]
[2021-05-08T20:48:45+08:00][sql] SHOW FULL COLUMNS FROM `carver_article` [ RunTime:0.000734s ]
[2021-05-08T20:48:45+08:00][sql] SELECT COUNT(*) AS think_count FROM `carver_article` WHERE  `delete_time` = 0  AND `is_show` = 1 [ RunTime:0.000431s ]
[2021-05-08T20:48:45+08:00][sql] SELECT `article_id`,`article_title`,`article_desc`,`article_content`,`article_img`,`article_guide`,`article_label`,`click_num`,`is_show`,`add_time`,`article_author`,`is_top_show` FROM `carver_article` WHERE  `delete_time` = 0  AND `is_show` = 1 ORDER BY `article_id` DESC LIMIT 0,6 [ RunTime:0.000759s ]
[2021-05-08T20:48:45+08:00][sql] SELECT article_id,article_title,click_num,FROM_UNIXTIME(add_time,'%Y-%m-%d') as add_time FROM `carver_article` WHERE  `is_show` = 1  AND `delete_time` = 0 ORDER BY `click_num` DESC LIMIT 3 [ RunTime:0.000590s ]
[2021-05-08T20:48:45+08:00][sql] SHOW FULL COLUMNS FROM `carver_notice` [ RunTime:0.000608s ]
[2021-05-08T20:48:45+08:00][sql] SELECT * FROM `carver_notice` ORDER BY `create_time` DESC LIMIT 3 [ RunTime:0.000302s ]
[2021-05-08T20:48:45+08:00][sql] SHOW FULL COLUMNS FROM `carver_navigation` [ RunTime:0.000527s ]
[2021-05-08T20:48:45+08:00][sql] SELECT * FROM `carver_navigation` [ RunTime:0.000274s ]
[2021-05-08T20:48:45+08:00][sql] SHOW FULL COLUMNS FROM `carver_link` [ RunTime:0.000592s ]
[2021-05-08T20:48:45+08:00][sql] SELECT * FROM `carver_link` WHERE  ( is_confirm=2 ) LIMIT 20 [ RunTime:0.000287s ]
[2021-05-08T20:48:45+08:00][sql] SELECT `article_label` FROM `carver_article` [ RunTime:0.000297s ]
[2021-05-08T20:48:45+08:00][sql] SHOW FULL COLUMNS FROM `carver_carouse` [ RunTime:0.000537s ]
[2021-05-08T20:48:45+08:00][sql] SELECT `carouse_img`,`carouse_desc` FROM `carver_carouse` WHERE  `is_show` = 1 ORDER BY `carouse_sort` DESC LIMIT 3 [ RunTime:0.000293s ]
[2021-05-08T20:48:45+08:00][sql] SHOW FULL COLUMNS FROM `carver_site` [ RunTime:0.000501s ]
[2021-05-08T20:48:45+08:00][sql] SELECT * FROM `carver_site` [ RunTime:0.000240s ]
[2021-05-08T20:48:50+08:00][sql] CONNECT:[ UseTime:0.000527s ] mysql:host=127.0.0.1;port=3306;dbname=carver;charset=utf8
[2021-05-08T20:48:50+08:00][sql] SHOW FULL COLUMNS FROM `carver_article` [ RunTime:0.000920s ]
[2021-05-08T20:48:50+08:00][sql] SELECT COUNT(*) AS think_count FROM `carver_article` WHERE  `article_title` LIKE '%git%'  AND `delete_time` = 0  AND `is_show` = 1 [ RunTime:0.000492s ]
[2021-05-08T20:48:50+08:00][sql] SELECT * FROM `carver_article` WHERE  `article_title` LIKE '%git%'  AND `delete_time` = 0  AND `is_show` = 1 LIMIT 0,6 [ RunTime:0.001113s ]
[2021-05-08T20:48:50+08:00][sql] SELECT article_id,article_title,click_num,FROM_UNIXTIME(add_time,'%Y-%m-%d') as add_time FROM `carver_article` WHERE  `delete_time` = 0  AND `is_show` = 1 ORDER BY `click_num` DESC LIMIT 3 [ RunTime:0.001010s ]
[2021-05-08T20:48:50+08:00][sql] SHOW FULL COLUMNS FROM `carver_notice` [ RunTime:0.000928s ]
[2021-05-08T20:48:50+08:00][sql] SELECT * FROM `carver_notice` ORDER BY `create_time` DESC LIMIT 3 [ RunTime:0.000369s ]
[2021-05-08T20:48:50+08:00][sql] SHOW FULL COLUMNS FROM `carver_navigation` [ RunTime:0.000681s ]
[2021-05-08T20:48:50+08:00][sql] SELECT * FROM `carver_navigation` [ RunTime:0.000327s ]
[2021-05-08T20:48:50+08:00][sql] SHOW FULL COLUMNS FROM `carver_link` [ RunTime:0.000576s ]
[2021-05-08T20:48:50+08:00][sql] SELECT * FROM `carver_link` WHERE  ( is_confirm=2 ) LIMIT 20 [ RunTime:0.000406s ]
[2021-05-08T20:48:50+08:00][sql] SELECT `article_label` FROM `carver_article` [ RunTime:0.000528s ]
[2021-05-08T20:48:50+08:00][sql] SHOW FULL COLUMNS FROM `carver_carouse` [ RunTime:0.000554s ]
[2021-05-08T20:48:50+08:00][sql] SELECT `carouse_img`,`carouse_desc` FROM `carver_carouse` WHERE  `is_show` = 1 ORDER BY `carouse_sort` DESC LIMIT 3 [ RunTime:0.000318s ]
[2021-05-08T20:48:50+08:00][sql] SHOW FULL COLUMNS FROM `carver_site` [ RunTime:0.000563s ]
[2021-05-08T20:48:50+08:00][sql] SELECT * FROM `carver_site` [ RunTime:0.000305s ]
[2021-05-08T20:48:52+08:00][sql] CONNECT:[ UseTime:0.000835s ] mysql:host=127.0.0.1;port=3306;dbname=carver;charset=utf8
[2021-05-08T20:48:52+08:00][sql] SHOW FULL COLUMNS FROM `carver_article` [ RunTime:0.000890s ]
[2021-05-08T20:48:52+08:00][sql] SELECT COUNT(*) AS think_count FROM `carver_article` WHERE  `article_title` LIKE '%git%'  AND `delete_time` = 0  AND `is_show` = 1 [ RunTime:0.000411s ]
[2021-05-08T20:48:52+08:00][sql] SELECT * FROM `carver_article` WHERE  `article_title` LIKE '%git%'  AND `delete_time` = 0  AND `is_show` = 1 LIMIT 0,6 [ RunTime:0.000953s ]
[2021-05-08T20:48:52+08:00][sql] SELECT article_id,article_title,click_num,FROM_UNIXTIME(add_time,'%Y-%m-%d') as add_time FROM `carver_article` WHERE  `delete_time` = 0  AND `is_show` = 1 ORDER BY `click_num` DESC LIMIT 3 [ RunTime:0.000468s ]
[2021-05-08T20:48:52+08:00][sql] SHOW FULL COLUMNS FROM `carver_notice` [ RunTime:0.000662s ]
[2021-05-08T20:48:52+08:00][sql] SELECT * FROM `carver_notice` ORDER BY `create_time` DESC LIMIT 3 [ RunTime:0.000367s ]
[2021-05-08T20:48:52+08:00][sql] SHOW FULL COLUMNS FROM `carver_navigation` [ RunTime:0.000583s ]
[2021-05-08T20:48:52+08:00][sql] SELECT * FROM `carver_navigation` [ RunTime:0.000289s ]
[2021-05-08T20:48:52+08:00][sql] SHOW FULL COLUMNS FROM `carver_link` [ RunTime:0.000548s ]
[2021-05-08T20:48:52+08:00][sql] SELECT * FROM `carver_link` WHERE  ( is_confirm=2 ) LIMIT 20 [ RunTime:0.000365s ]
[2021-05-08T20:48:52+08:00][sql] SELECT `article_label` FROM `carver_article` [ RunTime:0.000272s ]
[2021-05-08T20:48:52+08:00][sql] SHOW FULL COLUMNS FROM `carver_carouse` [ RunTime:0.000529s ]
[2021-05-08T20:48:52+08:00][sql] SELECT `carouse_img`,`carouse_desc` FROM `carver_carouse` WHERE  `is_show` = 1 ORDER BY `carouse_sort` DESC LIMIT 3 [ RunTime:0.000299s ]
[2021-05-08T20:48:52+08:00][sql] SHOW FULL COLUMNS FROM `carver_site` [ RunTime:0.000514s ]
[2021-05-08T20:48:52+08:00][sql] SELECT * FROM `carver_site` [ RunTime:0.000352s ]
[2021-05-08T20:48:54+08:00][sql] CONNECT:[ UseTime:0.000518s ] mysql:host=127.0.0.1;port=3306;dbname=carver;charset=utf8
[2021-05-08T20:48:54+08:00][sql] SHOW FULL COLUMNS FROM `carver_user` [ RunTime:0.000835s ]
[2021-05-08T20:48:54+08:00][sql] SHOW FULL COLUMNS FROM `carver_article` [ RunTime:0.000883s ]
[2021-05-08T20:48:54+08:00][sql] SELECT COUNT(*) AS think_count FROM `carver_article` WHERE  `delete_time` = 0  AND `is_show` = 1 [ RunTime:0.000392s ]
[2021-05-08T20:48:54+08:00][sql] SELECT `article_id`,`article_title`,`article_desc`,`article_content`,`article_img`,`article_guide`,`article_label`,`click_num`,`is_show`,`add_time`,`article_author`,`is_top_show` FROM `carver_article` WHERE  `delete_time` = 0  AND `is_show` = 1 ORDER BY `article_id` DESC LIMIT 0,6 [ RunTime:0.000633s ]
[2021-05-08T20:48:54+08:00][sql] SELECT article_id,article_title,click_num,FROM_UNIXTIME(add_time,'%Y-%m-%d') as add_time FROM `carver_article` WHERE  `is_show` = 1  AND `delete_time` = 0 ORDER BY `click_num` DESC LIMIT 3 [ RunTime:0.000533s ]
[2021-05-08T20:48:54+08:00][sql] SHOW FULL COLUMNS FROM `carver_notice` [ RunTime:0.000587s ]
[2021-05-08T20:48:54+08:00][sql] SELECT * FROM `carver_notice` ORDER BY `create_time` DESC LIMIT 3 [ RunTime:0.000285s ]
[2021-05-08T20:48:54+08:00][sql] SHOW FULL COLUMNS FROM `carver_navigation` [ RunTime:0.000499s ]
[2021-05-08T20:48:54+08:00][sql] SELECT * FROM `carver_navigation` [ RunTime:0.000237s ]
[2021-05-08T20:48:54+08:00][sql] SHOW FULL COLUMNS FROM `carver_link` [ RunTime:0.000630s ]
[2021-05-08T20:48:54+08:00][sql] SELECT * FROM `carver_link` WHERE  ( is_confirm=2 ) LIMIT 20 [ RunTime:0.000341s ]
[2021-05-08T20:48:54+08:00][sql] SELECT `article_label` FROM `carver_article` [ RunTime:0.000290s ]
[2021-05-08T20:48:54+08:00][sql] SHOW FULL COLUMNS FROM `carver_carouse` [ RunTime:0.000587s ]
[2021-05-08T20:48:54+08:00][sql] SELECT `carouse_img`,`carouse_desc` FROM `carver_carouse` WHERE  `is_show` = 1 ORDER BY `carouse_sort` DESC LIMIT 3 [ RunTime:0.000288s ]
[2021-05-08T20:48:54+08:00][sql] SHOW FULL COLUMNS FROM `carver_site` [ RunTime:0.000505s ]
[2021-05-08T20:48:54+08:00][sql] SELECT * FROM `carver_site` [ RunTime:0.000228s ]
[2021-05-08T20:48:55+08:00][sql] CONNECT:[ UseTime:0.000505s ] mysql:host=127.0.0.1;port=3306;dbname=carver;charset=utf8
[2021-05-08T20:48:55+08:00][sql] SHOW FULL COLUMNS FROM `carver_article` [ RunTime:0.000930s ]
[2021-05-08T20:48:55+08:00][sql] SELECT COUNT(*) AS think_count FROM `carver_article` WHERE  `article_guide` = 5  AND `delete_time` = 0  AND `is_show` = 1 [ RunTime:0.000434s ]
[2021-05-08T20:48:55+08:00][sql] SELECT * FROM `carver_article` WHERE  `article_guide` = 5  AND `delete_time` = 0  AND `is_show` = 1 ORDER BY `add_time` DESC LIMIT 0,6 [ RunTime:0.002839s ]
[2021-05-08T20:48:55+08:00][sql] SELECT article_id,article_title,click_num,FROM_UNIXTIME(add_time,'%Y-%m-%d') as add_time FROM `carver_article` WHERE  `is_show` = 1  AND `delete_time` = 0 ORDER BY `click_num` DESC LIMIT 3 [ RunTime:0.000636s ]
[2021-05-08T20:48:55+08:00][sql] SHOW FULL COLUMNS FROM `carver_notice` [ RunTime:0.000714s ]
[2021-05-08T20:48:55+08:00][sql] SELECT * FROM `carver_notice` ORDER BY `create_time` DESC LIMIT 3 [ RunTime:0.000310s ]
[2021-05-08T20:48:55+08:00][sql] SHOW FULL COLUMNS FROM `carver_navigation` [ RunTime:0.000527s ]
[2021-05-08T20:48:55+08:00][sql] SELECT * FROM `carver_navigation` [ RunTime:0.000265s ]
[2021-05-08T20:48:55+08:00][sql] SELECT `article_label` FROM `carver_article` [ RunTime:0.000273s ]
[2021-05-08T20:48:55+08:00][sql] SHOW FULL COLUMNS FROM `carver_carouse` [ RunTime:0.000519s ]
[2021-05-08T20:48:55+08:00][sql] SELECT `carouse_img`,`carouse_desc` FROM `carver_carouse` WHERE  `is_show` = 1 ORDER BY `carouse_sort` DESC LIMIT 3 [ RunTime:0.000306s ]
[2021-05-08T20:48:55+08:00][sql] SHOW FULL COLUMNS FROM `carver_link` [ RunTime:0.000615s ]
[2021-05-08T20:48:55+08:00][sql] SELECT * FROM `carver_link` WHERE  ( is_confirm=2 ) LIMIT 20 [ RunTime:0.000298s ]
[2021-05-08T20:48:55+08:00][sql] SHOW FULL COLUMNS FROM `carver_site` [ RunTime:0.000538s ]
[2021-05-08T20:48:55+08:00][sql] SELECT * FROM `carver_site` [ RunTime:0.000238s ]
[2021-05-08T20:48:57+08:00][sql] CONNECT:[ UseTime:0.000731s ] mysql:host=127.0.0.1;port=3306;dbname=carver;charset=utf8
[2021-05-08T20:48:57+08:00][sql] SHOW FULL COLUMNS FROM `carver_article` [ RunTime:0.000966s ]
[2021-05-08T20:48:57+08:00][sql] SELECT COUNT(*) AS think_count FROM `carver_article` WHERE  `article_guide` = 6  AND `delete_time` = 0  AND `is_show` = 1 [ RunTime:0.000423s ]
[2021-05-08T20:48:57+08:00][sql] SELECT * FROM `carver_article` WHERE  `article_guide` = 6  AND `delete_time` = 0  AND `is_show` = 1 ORDER BY `add_time` DESC LIMIT 0,6 [ RunTime:0.000764s ]
[2021-05-08T20:48:57+08:00][sql] SELECT article_id,article_title,click_num,FROM_UNIXTIME(add_time,'%Y-%m-%d') as add_time FROM `carver_article` WHERE  `is_show` = 1  AND `delete_time` = 0 ORDER BY `click_num` DESC LIMIT 3 [ RunTime:0.000489s ]
[2021-05-08T20:48:57+08:00][sql] SHOW FULL COLUMNS FROM `carver_notice` [ RunTime:0.000668s ]
[2021-05-08T20:48:57+08:00][sql] SELECT * FROM `carver_notice` ORDER BY `create_time` DESC LIMIT 3 [ RunTime:0.000300s ]
[2021-05-08T20:48:57+08:00][sql] SHOW FULL COLUMNS FROM `carver_navigation` [ RunTime:0.000571s ]
[2021-05-08T20:48:57+08:00][sql] SELECT * FROM `carver_navigation` [ RunTime:0.000251s ]
[2021-05-08T20:48:57+08:00][sql] SELECT `article_label` FROM `carver_article` [ RunTime:0.000297s ]
[2021-05-08T20:48:57+08:00][sql] SHOW FULL COLUMNS FROM `carver_carouse` [ RunTime:0.000570s ]
[2021-05-08T20:48:57+08:00][sql] SELECT `carouse_img`,`carouse_desc` FROM `carver_carouse` WHERE  `is_show` = 1 ORDER BY `carouse_sort` DESC LIMIT 3 [ RunTime:0.000343s ]
[2021-05-08T20:48:57+08:00][sql] SHOW FULL COLUMNS FROM `carver_link` [ RunTime:0.000506s ]
[2021-05-08T20:48:57+08:00][sql] SELECT * FROM `carver_link` WHERE  ( is_confirm=2 ) LIMIT 20 [ RunTime:0.000314s ]
[2021-05-08T20:48:57+08:00][sql] SHOW FULL COLUMNS FROM `carver_site` [ RunTime:0.000592s ]
[2021-05-08T20:48:57+08:00][sql] SELECT * FROM `carver_site` [ RunTime:0.000249s ]
[2021-05-08T20:48:58+08:00][sql] CONNECT:[ UseTime:0.011102s ] mysql:host=127.0.0.1;port=3306;dbname=carver;charset=utf8
[2021-05-08T20:48:58+08:00][sql] SHOW FULL COLUMNS FROM `carver_article` [ RunTime:0.000931s ]
[2021-05-08T20:48:58+08:00][sql] SELECT COUNT(*) AS think_count FROM `carver_article` WHERE  `article_guide` = 8  AND `delete_time` = 0  AND `is_show` = 1 [ RunTime:0.000423s ]
[2021-05-08T20:48:58+08:00][sql] SELECT * FROM `carver_article` WHERE  `article_guide` = 8  AND `delete_time` = 0  AND `is_show` = 1 ORDER BY `add_time` DESC LIMIT 0,6 [ RunTime:0.000584s ]
[2021-05-08T20:48:58+08:00][sql] SELECT article_id,article_title,click_num,FROM_UNIXTIME(add_time,'%Y-%m-%d') as add_time FROM `carver_article` WHERE  `is_show` = 1  AND `delete_time` = 0 ORDER BY `click_num` DESC LIMIT 3 [ RunTime:0.000559s ]
[2021-05-08T20:48:58+08:00][sql] SHOW FULL COLUMNS FROM `carver_notice` [ RunTime:0.000612s ]
[2021-05-08T20:48:58+08:00][sql] SELECT * FROM `carver_notice` ORDER BY `create_time` DESC LIMIT 3 [ RunTime:0.000341s ]
[2021-05-08T20:48:58+08:00][sql] SHOW FULL COLUMNS FROM `carver_navigation` [ RunTime:0.000501s ]
[2021-05-08T20:48:58+08:00][sql] SELECT * FROM `carver_navigation` [ RunTime:0.000247s ]
[2021-05-08T20:48:58+08:00][sql] SELECT `article_label` FROM `carver_article` [ RunTime:0.000542s ]
[2021-05-08T20:48:58+08:00][sql] SHOW FULL COLUMNS FROM `carver_carouse` [ RunTime:0.000564s ]
[2021-05-08T20:48:58+08:00][sql] SELECT `carouse_img`,`carouse_desc` FROM `carver_carouse` WHERE  `is_show` = 1 ORDER BY `carouse_sort` DESC LIMIT 3 [ RunTime:0.000315s ]
[2021-05-08T20:48:58+08:00][sql] SHOW FULL COLUMNS FROM `carver_link` [ RunTime:0.000535s ]
[2021-05-08T20:48:58+08:00][sql] SELECT * FROM `carver_link` WHERE  ( is_confirm=2 ) LIMIT 20 [ RunTime:0.000275s ]
[2021-05-08T20:48:58+08:00][sql] SHOW FULL COLUMNS FROM `carver_site` [ RunTime:0.016824s ]
[2021-05-08T20:48:58+08:00][sql] SELECT * FROM `carver_site` [ RunTime:0.000785s ]
[2021-05-08T20:48:59+08:00][sql] CONNECT:[ UseTime:0.000909s ] mysql:host=127.0.0.1;port=3306;dbname=carver;charset=utf8
[2021-05-08T20:48:59+08:00][sql] SHOW FULL COLUMNS FROM `carver_user` [ RunTime:0.001066s ]
[2021-05-08T20:48:59+08:00][sql] SHOW FULL COLUMNS FROM `carver_article` [ RunTime:0.000845s ]
[2021-05-08T20:48:59+08:00][sql] SELECT COUNT(*) AS think_count FROM `carver_article` WHERE  `delete_time` = 0  AND `is_show` = 1 [ RunTime:0.000440s ]
[2021-05-08T20:48:59+08:00][sql] SELECT `article_id`,`article_title`,`article_desc`,`article_content`,`article_img`,`article_guide`,`article_label`,`click_num`,`is_show`,`add_time`,`article_author`,`is_top_show` FROM `carver_article` WHERE  `delete_time` = 0  AND `is_show` = 1 ORDER BY `article_id` DESC LIMIT 0,6 [ RunTime:0.000788s ]
[2021-05-08T20:48:59+08:00][sql] SELECT article_id,article_title,click_num,FROM_UNIXTIME(add_time,'%Y-%m-%d') as add_time FROM `carver_article` WHERE  `is_show` = 1  AND `delete_time` = 0 ORDER BY `click_num` DESC LIMIT 3 [ RunTime:0.000587s ]
[2021-05-08T20:48:59+08:00][sql] SHOW FULL COLUMNS FROM `carver_notice` [ RunTime:0.000763s ]
[2021-05-08T20:48:59+08:00][sql] SELECT * FROM `carver_notice` ORDER BY `create_time` DESC LIMIT 3 [ RunTime:0.000365s ]
[2021-05-08T20:48:59+08:00][sql] SHOW FULL COLUMNS FROM `carver_navigation` [ RunTime:0.000646s ]
[2021-05-08T20:48:59+08:00][sql] SELECT * FROM `carver_navigation` [ RunTime:0.000306s ]
[2021-05-08T20:48:59+08:00][sql] SHOW FULL COLUMNS FROM `carver_link` [ RunTime:0.000624s ]
[2021-05-08T20:48:59+08:00][sql] SELECT * FROM `carver_link` WHERE  ( is_confirm=2 ) LIMIT 20 [ RunTime:0.000365s ]
[2021-05-08T20:48:59+08:00][sql] SELECT `article_label` FROM `carver_article` [ RunTime:0.000383s ]
[2021-05-08T20:48:59+08:00][sql] SHOW FULL COLUMNS FROM `carver_carouse` [ RunTime:0.000577s ]
[2021-05-08T20:48:59+08:00][sql] SELECT `carouse_img`,`carouse_desc` FROM `carver_carouse` WHERE  `is_show` = 1 ORDER BY `carouse_sort` DESC LIMIT 3 [ RunTime:0.000374s ]
[2021-05-08T20:48:59+08:00][sql] SHOW FULL COLUMNS FROM `carver_site` [ RunTime:0.000593s ]
[2021-05-08T20:48:59+08:00][sql] SELECT * FROM `carver_site` [ RunTime:0.000282s ]
[2021-05-08T20:49:01+08:00][sql] CONNECT:[ UseTime:0.000661s ] mysql:host=127.0.0.1;port=3306;dbname=carver;charset=utf8
[2021-05-08T20:49:01+08:00][sql] SHOW FULL COLUMNS FROM `carver_user` [ RunTime:0.001126s ]
[2021-05-08T20:49:01+08:00][sql] SHOW FULL COLUMNS FROM `carver_article` [ RunTime:0.000923s ]
[2021-05-08T20:49:01+08:00][sql] SELECT COUNT(*) AS think_count FROM `carver_article` WHERE  `delete_time` = 0  AND `is_show` = 1 [ RunTime:0.000429s ]
[2021-05-08T20:49:01+08:00][sql] SELECT `article_id`,`article_title`,`article_desc`,`article_content`,`article_img`,`article_guide`,`article_label`,`click_num`,`is_show`,`add_time`,`article_author`,`is_top_show` FROM `carver_article` WHERE  `delete_time` = 0  AND `is_show` = 1 ORDER BY `article_id` DESC LIMIT 0,6 [ RunTime:0.000700s ]
[2021-05-08T20:49:01+08:00][sql] SELECT article_id,article_title,click_num,FROM_UNIXTIME(add_time,'%Y-%m-%d') as add_time FROM `carver_article` WHERE  `is_show` = 1  AND `delete_time` = 0 ORDER BY `click_num` DESC LIMIT 3 [ RunTime:0.000535s ]
[2021-05-08T20:49:01+08:00][sql] SHOW FULL COLUMNS FROM `carver_notice` [ RunTime:0.000790s ]
[2021-05-08T20:49:01+08:00][sql] SELECT * FROM `carver_notice` ORDER BY `create_time` DESC LIMIT 3 [ RunTime:0.000353s ]
[2021-05-08T20:49:01+08:00][sql] SHOW FULL COLUMNS FROM `carver_navigation` [ RunTime:0.000727s ]
[2021-05-08T20:49:01+08:00][sql] SELECT * FROM `carver_navigation` [ RunTime:0.000361s ]
[2021-05-08T20:49:01+08:00][sql] SHOW FULL COLUMNS FROM `carver_link` [ RunTime:0.000906s ]
[2021-05-08T20:49:01+08:00][sql] SELECT * FROM `carver_link` WHERE  ( is_confirm=2 ) LIMIT 20 [ RunTime:0.000336s ]
[2021-05-08T20:49:01+08:00][sql] SELECT `article_label` FROM `carver_article` [ RunTime:0.000386s ]
[2021-05-08T20:49:01+08:00][sql] SHOW FULL COLUMNS FROM `carver_carouse` [ RunTime:0.000677s ]
[2021-05-08T20:49:01+08:00][sql] SELECT `carouse_img`,`carouse_desc` FROM `carver_carouse` WHERE  `is_show` = 1 ORDER BY `carouse_sort` DESC LIMIT 3 [ RunTime:0.000432s ]
[2021-05-08T20:49:01+08:00][sql] SHOW FULL COLUMNS FROM `carver_site` [ RunTime:0.000635s ]
[2021-05-08T20:49:01+08:00][sql] SELECT * FROM `carver_site` [ RunTime:0.000350s ]
[2021-05-08T20:49:03+08:00][sql] CONNECT:[ UseTime:0.000506s ] mysql:host=127.0.0.1;port=3306;dbname=carver;charset=utf8
[2021-05-08T20:49:03+08:00][sql] SHOW FULL COLUMNS FROM `carver_article` [ RunTime:0.000843s ]
[2021-05-08T20:49:03+08:00][sql] SELECT COUNT(*) AS think_count FROM `carver_article` WHERE  `article_guide` = 7  AND `delete_time` = 0  AND `is_show` = 1 [ RunTime:0.000422s ]
[2021-05-08T20:49:03+08:00][sql] SELECT * FROM `carver_article` WHERE  `article_guide` = 7  AND `delete_time` = 0  AND `is_show` = 1 ORDER BY `add_time` DESC LIMIT 0,6 [ RunTime:0.000442s ]
[2021-05-08T20:49:03+08:00][sql] SELECT article_id,article_title,click_num,FROM_UNIXTIME(add_time,'%Y-%m-%d') as add_time FROM `carver_article` WHERE  `is_show` = 1  AND `delete_time` = 0 ORDER BY `click_num` DESC LIMIT 3 [ RunTime:0.000458s ]
[2021-05-08T20:49:03+08:00][sql] SHOW FULL COLUMNS FROM `carver_notice` [ RunTime:0.000593s ]
[2021-05-08T20:49:03+08:00][sql] SELECT * FROM `carver_notice` ORDER BY `create_time` DESC LIMIT 3 [ RunTime:0.000295s ]
[2021-05-08T20:49:03+08:00][sql] SHOW FULL COLUMNS FROM `carver_navigation` [ RunTime:0.000569s ]
[2021-05-08T20:49:03+08:00][sql] SELECT * FROM `carver_navigation` [ RunTime:0.000256s ]
[2021-05-08T20:49:03+08:00][sql] SELECT `article_label` FROM `carver_article` [ RunTime:0.000289s ]
[2021-05-08T20:49:03+08:00][sql] SHOW FULL COLUMNS FROM `carver_carouse` [ RunTime:0.000535s ]
[2021-05-08T20:49:03+08:00][sql] SELECT `carouse_img`,`carouse_desc` FROM `carver_carouse` WHERE  `is_show` = 1 ORDER BY `carouse_sort` DESC LIMIT 3 [ RunTime:0.000331s ]
[2021-05-08T20:49:03+08:00][sql] SHOW FULL COLUMNS FROM `carver_link` [ RunTime:0.000827s ]
[2021-05-08T20:49:03+08:00][sql] SELECT * FROM `carver_link` WHERE  ( is_confirm=2 ) LIMIT 20 [ RunTime:0.000296s ]
[2021-05-08T20:49:03+08:00][sql] SHOW FULL COLUMNS FROM `carver_site` [ RunTime:0.000516s ]
[2021-05-08T20:49:03+08:00][sql] SELECT * FROM `carver_site` [ RunTime:0.000247s ]
[2021-05-08T20:49:04+08:00][sql] CONNECT:[ UseTime:0.000808s ] mysql:host=127.0.0.1;port=3306;dbname=carver;charset=utf8
[2021-05-08T20:49:04+08:00][sql] SHOW FULL COLUMNS FROM `carver_user` [ RunTime:0.000878s ]
[2021-05-08T20:49:04+08:00][sql] SHOW FULL COLUMNS FROM `carver_article` [ RunTime:0.000681s ]
[2021-05-08T20:49:04+08:00][sql] SELECT COUNT(*) AS think_count FROM `carver_article` WHERE  `delete_time` = 0  AND `is_show` = 1 [ RunTime:0.000401s ]
[2021-05-08T20:49:04+08:00][sql] SELECT `article_id`,`article_title`,`article_desc`,`article_content`,`article_img`,`article_guide`,`article_label`,`click_num`,`is_show`,`add_time`,`article_author`,`is_top_show` FROM `carver_article` WHERE  `delete_time` = 0  AND `is_show` = 1 ORDER BY `article_id` DESC LIMIT 0,6 [ RunTime:0.000672s ]
[2021-05-08T20:49:04+08:00][sql] SELECT article_id,article_title,click_num,FROM_UNIXTIME(add_time,'%Y-%m-%d') as add_time FROM `carver_article` WHERE  `is_show` = 1  AND `delete_time` = 0 ORDER BY `click_num` DESC LIMIT 3 [ RunTime:0.000525s ]
[2021-05-08T20:49:04+08:00][sql] SHOW FULL COLUMNS FROM `carver_notice` [ RunTime:0.000669s ]
[2021-05-08T20:49:04+08:00][sql] SELECT * FROM `carver_notice` ORDER BY `create_time` DESC LIMIT 3 [ RunTime:0.000291s ]
[2021-05-08T20:49:04+08:00][sql] SHOW FULL COLUMNS FROM `carver_navigation` [ RunTime:0.000535s ]
[2021-05-08T20:49:04+08:00][sql] SELECT * FROM `carver_navigation` [ RunTime:0.000268s ]
[2021-05-08T20:49:04+08:00][sql] SHOW FULL COLUMNS FROM `carver_link` [ RunTime:0.000528s ]
[2021-05-08T20:49:04+08:00][sql] SELECT * FROM `carver_link` WHERE  ( is_confirm=2 ) LIMIT 20 [ RunTime:0.000297s ]
[2021-05-08T20:49:04+08:00][sql] SELECT `article_label` FROM `carver_article` [ RunTime:0.000304s ]
[2021-05-08T20:49:04+08:00][sql] SHOW FULL COLUMNS FROM `carver_carouse` [ RunTime:0.000533s ]
[2021-05-08T20:49:04+08:00][sql] SELECT `carouse_img`,`carouse_desc` FROM `carver_carouse` WHERE  `is_show` = 1 ORDER BY `carouse_sort` DESC LIMIT 3 [ RunTime:0.000324s ]
[2021-05-08T20:49:04+08:00][sql] SHOW FULL COLUMNS FROM `carver_site` [ RunTime:0.000546s ]
[2021-05-08T20:49:04+08:00][sql] SELECT * FROM `carver_site` [ RunTime:0.000255s ]
[2021-05-08T21:19:31+08:00][sql] CONNECT:[ UseTime:0.000640s ] mysql:host=127.0.0.1;port=3306;dbname=carver;charset=utf8
[2021-05-08T21:19:31+08:00][sql] SHOW FULL COLUMNS FROM `carver_user` [ RunTime:0.000976s ]
[2021-05-08T21:19:31+08:00][sql] SHOW FULL COLUMNS FROM `carver_article` [ RunTime:0.000820s ]
[2021-05-08T21:19:31+08:00][sql] SELECT COUNT(*) AS think_count FROM `carver_article` WHERE  `delete_time` = 0  AND `is_show` = 1 [ RunTime:0.000456s ]
[2021-05-08T21:19:31+08:00][sql] SELECT `article_id`,`article_title`,`article_desc`,`article_content`,`article_img`,`article_guide`,`article_label`,`click_num`,`is_show`,`add_time`,`article_author`,`is_top_show` FROM `carver_article` WHERE  `delete_time` = 0  AND `is_show` = 1 ORDER BY `article_id` DESC LIMIT 0,6 [ RunTime:0.000678s ]
[2021-05-08T21:19:31+08:00][sql] SELECT article_id,article_title,click_num,FROM_UNIXTIME(add_time,'%Y-%m-%d') as add_time FROM `carver_article` WHERE  `is_show` = 1  AND `delete_time` = 0 ORDER BY `click_num` DESC LIMIT 3 [ RunTime:0.000579s ]
[2021-05-08T21:19:31+08:00][sql] SHOW FULL COLUMNS FROM `carver_notice` [ RunTime:0.000708s ]
[2021-05-08T21:19:31+08:00][sql] SELECT * FROM `carver_notice` ORDER BY `create_time` DESC LIMIT 3 [ RunTime:0.000387s ]
[2021-05-08T21:19:31+08:00][sql] SHOW FULL COLUMNS FROM `carver_navigation` [ RunTime:0.000666s ]
[2021-05-08T21:19:31+08:00][sql] SELECT * FROM `carver_navigation` [ RunTime:0.000327s ]
[2021-05-08T21:19:31+08:00][sql] SHOW FULL COLUMNS FROM `carver_link` [ RunTime:0.000632s ]
[2021-05-08T21:19:31+08:00][sql] SELECT * FROM `carver_link` WHERE  ( is_confirm=2 ) LIMIT 20 [ RunTime:0.000334s ]
[2021-05-08T21:19:31+08:00][sql] SELECT `article_label` FROM `carver_article` [ RunTime:0.000316s ]
[2021-05-08T21:19:31+08:00][sql] SHOW FULL COLUMNS FROM `carver_carouse` [ RunTime:0.000535s ]
[2021-05-08T21:19:31+08:00][sql] SELECT `carouse_img`,`carouse_desc` FROM `carver_carouse` WHERE  `is_show` = 1 ORDER BY `carouse_sort` DESC LIMIT 3 [ RunTime:0.000319s ]
[2021-05-08T21:19:31+08:00][sql] SHOW FULL COLUMNS FROM `carver_site` [ RunTime:0.000476s ]
[2021-05-08T21:19:31+08:00][sql] SELECT * FROM `carver_site` [ RunTime:0.000229s ]
[2021-05-08T22:20:56+08:00][sql] CONNECT:[ UseTime:0.000540s ] mysql:host=127.0.0.1;port=3306;dbname=carver;charset=utf8
[2021-05-08T22:20:56+08:00][sql] SHOW FULL COLUMNS FROM `carver_user` [ RunTime:0.000862s ]
[2021-05-08T22:20:56+08:00][sql] SHOW FULL COLUMNS FROM `carver_article` [ RunTime:0.000729s ]
[2021-05-08T22:20:56+08:00][sql] SELECT COUNT(*) AS think_count FROM `carver_article` WHERE  `delete_time` = 0  AND `is_show` = 1 [ RunTime:0.000376s ]
[2021-05-08T22:20:56+08:00][sql] SELECT `article_id`,`article_title`,`article_desc`,`article_content`,`article_img`,`article_guide`,`article_label`,`click_num`,`is_show`,`add_time`,`article_author`,`is_top_show` FROM `carver_article` WHERE  `delete_time` = 0  AND `is_show` = 1 ORDER BY `article_id` DESC LIMIT 0,6 [ RunTime:0.000636s ]
[2021-05-08T22:20:56+08:00][sql] SELECT article_id,article_title,click_num,FROM_UNIXTIME(add_time,'%Y-%m-%d') as add_time FROM `carver_article` WHERE  `is_show` = 1  AND `delete_time` = 0 ORDER BY `click_num` DESC LIMIT 3 [ RunTime:0.000494s ]
[2021-05-08T22:20:56+08:00][sql] SHOW FULL COLUMNS FROM `carver_notice` [ RunTime:0.000570s ]
[2021-05-08T22:20:56+08:00][sql] SELECT * FROM `carver_notice` ORDER BY `create_time` DESC LIMIT 3 [ RunTime:0.000287s ]
[2021-05-08T22:20:56+08:00][sql] SHOW FULL COLUMNS FROM `carver_navigation` [ RunTime:0.000549s ]
[2021-05-08T22:20:56+08:00][sql] SELECT * FROM `carver_navigation` [ RunTime:0.000246s ]
[2021-05-08T22:20:56+08:00][sql] SHOW FULL COLUMNS FROM `carver_link` [ RunTime:0.000489s ]
[2021-05-08T22:20:56+08:00][sql] SELECT * FROM `carver_link` WHERE  ( is_confirm=2 ) LIMIT 20 [ RunTime:0.000325s ]
[2021-05-08T22:20:56+08:00][sql] SELECT `article_label` FROM `carver_article` [ RunTime:0.000340s ]
[2021-05-08T22:20:56+08:00][sql] SHOW FULL COLUMNS FROM `carver_carouse` [ RunTime:0.000525s ]
[2021-05-08T22:20:56+08:00][sql] SELECT `carouse_img`,`carouse_desc` FROM `carver_carouse` WHERE  `is_show` = 1 ORDER BY `carouse_sort` DESC LIMIT 3 [ RunTime:0.000291s ]
[2021-05-08T22:20:56+08:00][sql] SHOW FULL COLUMNS FROM `carver_site` [ RunTime:0.000523s ]
[2021-05-08T22:20:56+08:00][sql] SELECT * FROM `carver_site` [ RunTime:0.000224s ]
[2021-05-08T23:04:44+08:00][sql] CONNECT:[ UseTime:0.015703s ] mysql:host=127.0.0.1;port=3306;dbname=carver;charset=utf8
[2021-05-08T23:04:44+08:00][sql] SHOW FULL COLUMNS FROM `carver_article` [ RunTime:0.001007s ]
[2021-05-08T23:04:44+08:00][sql] SELECT COUNT(*) AS think_count FROM `carver_article` WHERE  `article_guide` = 5  AND `delete_time` = 0  AND `is_show` = 1 [ RunTime:0.000450s ]
[2021-05-08T23:04:44+08:00][sql] SELECT * FROM `carver_article` WHERE  `article_guide` = 5  AND `delete_time` = 0  AND `is_show` = 1 ORDER BY `add_time` DESC LIMIT 0,6 [ RunTime:0.002929s ]
[2021-05-08T23:04:44+08:00][sql] SELECT article_id,article_title,click_num,FROM_UNIXTIME(add_time,'%Y-%m-%d') as add_time FROM `carver_article` WHERE  `is_show` = 1  AND `delete_time` = 0 ORDER BY `click_num` DESC LIMIT 3 [ RunTime:0.000566s ]
[2021-05-08T23:04:44+08:00][sql] SHOW FULL COLUMNS FROM `carver_notice` [ RunTime:0.000691s ]
[2021-05-08T23:04:44+08:00][sql] SELECT * FROM `carver_notice` ORDER BY `create_time` DESC LIMIT 3 [ RunTime:0.000368s ]
[2021-05-08T23:04:44+08:00][sql] SHOW FULL COLUMNS FROM `carver_navigation` [ RunTime:0.000539s ]
[2021-05-08T23:04:44+08:00][sql] SELECT * FROM `carver_navigation` [ RunTime:0.000267s ]
[2021-05-08T23:04:44+08:00][sql] SELECT `article_label` FROM `carver_article` [ RunTime:0.000279s ]
[2021-05-08T23:04:44+08:00][sql] SHOW FULL COLUMNS FROM `carver_carouse` [ RunTime:0.000501s ]
[2021-05-08T23:04:44+08:00][sql] SELECT `carouse_img`,`carouse_desc` FROM `carver_carouse` WHERE  `is_show` = 1 ORDER BY `carouse_sort` DESC LIMIT 3 [ RunTime:0.000323s ]
[2021-05-08T23:04:44+08:00][sql] SHOW FULL COLUMNS FROM `carver_link` [ RunTime:0.000540s ]
[2021-05-08T23:04:44+08:00][sql] SELECT * FROM `carver_link` WHERE  ( is_confirm=2 ) LIMIT 20 [ RunTime:0.000277s ]
[2021-05-08T23:04:44+08:00][sql] SHOW FULL COLUMNS FROM `carver_site` [ RunTime:0.000718s ]
[2021-05-08T23:04:44+08:00][sql] SELECT * FROM `carver_site` [ RunTime:0.000242s ]
[2021-05-08T23:55:08+08:00][sql] CONNECT:[ UseTime:0.000584s ] mysql:host=127.0.0.1;port=3306;dbname=carver;charset=utf8
[2021-05-08T23:55:08+08:00][sql] SHOW FULL COLUMNS FROM `carver_user` [ RunTime:0.000844s ]
[2021-05-08T23:55:08+08:00][sql] SHOW FULL COLUMNS FROM `carver_article` [ RunTime:0.000717s ]
[2021-05-08T23:55:08+08:00][sql] SELECT COUNT(*) AS think_count FROM `carver_article` WHERE  `delete_time` = 0  AND `is_show` = 1 [ RunTime:0.000392s ]
[2021-05-08T23:55:08+08:00][sql] SELECT `article_id`,`article_title`,`article_desc`,`article_content`,`article_img`,`article_guide`,`article_label`,`click_num`,`is_show`,`add_time`,`article_author`,`is_top_show` FROM `carver_article` WHERE  `delete_time` = 0  AND `is_show` = 1 ORDER BY `article_id` DESC LIMIT 0,6 [ RunTime:0.000641s ]
[2021-05-08T23:55:08+08:00][sql] SELECT article_id,article_title,click_num,FROM_UNIXTIME(add_time,'%Y-%m-%d') as add_time FROM `carver_article` WHERE  `is_show` = 1  AND `delete_time` = 0 ORDER BY `click_num` DESC LIMIT 3 [ RunTime:0.000587s ]
[2021-05-08T23:55:08+08:00][sql] SHOW FULL COLUMNS FROM `carver_notice` [ RunTime:0.000641s ]
[2021-05-08T23:55:08+08:00][sql] SELECT * FROM `carver_notice` ORDER BY `create_time` DESC LIMIT 3 [ RunTime:0.000298s ]
[2021-05-08T23:55:08+08:00][sql] SHOW FULL COLUMNS FROM `carver_navigation` [ RunTime:0.000522s ]
[2021-05-08T23:55:08+08:00][sql] SELECT * FROM `carver_navigation` [ RunTime:0.000254s ]
[2021-05-08T23:55:08+08:00][sql] SHOW FULL COLUMNS FROM `carver_link` [ RunTime:0.000593s ]
[2021-05-08T23:55:08+08:00][sql] SELECT * FROM `carver_link` WHERE  ( is_confirm=2 ) LIMIT 20 [ RunTime:0.000300s ]
[2021-05-08T23:55:08+08:00][sql] SELECT `article_label` FROM `carver_article` [ RunTime:0.000302s ]
[2021-05-08T23:55:08+08:00][sql] SHOW FULL COLUMNS FROM `carver_carouse` [ RunTime:0.000532s ]
[2021-05-08T23:55:08+08:00][sql] SELECT `carouse_img`,`carouse_desc` FROM `carver_carouse` WHERE  `is_show` = 1 ORDER BY `carouse_sort` DESC LIMIT 3 [ RunTime:0.000317s ]
[2021-05-08T23:55:08+08:00][sql] SHOW FULL COLUMNS FROM `carver_site` [ RunTime:0.000515s ]
[2021-05-08T23:55:08+08:00][sql] SELECT * FROM `carver_site` [ RunTime:0.000258s ]
