[2021-05-11T00:02:40+08:00][sql] CONNECT:[ UseTime:0.000563s ] mysql:host=127.0.0.1;port=3306;dbname=carver;charset=utf8
[2021-05-11T00:02:40+08:00][sql] SHOW FULL COLUMNS FROM `carver_user` [ RunTime:0.000838s ]
[2021-05-11T00:02:40+08:00][sql] SHOW FULL COLUMNS FROM `carver_article` [ RunTime:0.000758s ]
[2021-05-11T00:02:40+08:00][sql] SELECT COUNT(*) AS think_count FROM `carver_article` WHERE  `delete_time` = 0  AND `is_show` = 1 [ RunTime:0.000382s ]
[2021-05-11T00:02:40+08:00][sql] SELECT `article_id`,`article_title`,`article_desc`,`article_content`,`article_img`,`article_guide`,`article_label`,`click_num`,`is_show`,`add_time`,`article_author`,`is_top_show` FROM `carver_article` WHERE  `delete_time` = 0  AND `is_show` = 1 ORDER BY `article_id` DESC LIMIT 0,6 [ RunTime:0.000627s ]
[2021-05-11T00:02:40+08:00][sql] SELECT article_id,article_title,click_num,FROM_UNIXTIME(add_time,'%Y-%m-%d') as add_time FROM `carver_article` WHERE  `is_show` = 1  AND `delete_time` = 0 ORDER BY `click_num` DESC LIMIT 3 [ RunTime:0.000530s ]
[2021-05-11T00:02:40+08:00][sql] SHOW FULL COLUMNS FROM `carver_notice` [ RunTime:0.000560s ]
[2021-05-11T00:02:40+08:00][sql] SELECT * FROM `carver_notice` ORDER BY `create_time` DESC LIMIT 3 [ RunTime:0.000272s ]
[2021-05-11T00:02:40+08:00][sql] SHOW FULL COLUMNS FROM `carver_navigation` [ RunTime:0.000511s ]
[2021-05-11T00:02:40+08:00][sql] SELECT * FROM `carver_navigation` [ RunTime:0.000248s ]
[2021-05-11T00:02:40+08:00][sql] SHOW FULL COLUMNS FROM `carver_link` [ RunTime:0.000533s ]
[2021-05-11T00:02:40+08:00][sql] SELECT * FROM `carver_link` WHERE  ( is_confirm=2 ) LIMIT 20 [ RunTime:0.000311s ]
[2021-05-11T00:02:40+08:00][sql] SELECT `article_label` FROM `carver_article` [ RunTime:0.000294s ]
[2021-05-11T00:02:40+08:00][sql] SHOW FULL COLUMNS FROM `carver_carouse` [ RunTime:0.000512s ]
[2021-05-11T00:02:40+08:00][sql] SELECT `carouse_img`,`carouse_desc` FROM `carver_carouse` WHERE  `is_show` = 1 ORDER BY `carouse_sort` DESC LIMIT 3 [ RunTime:0.000307s ]
[2021-05-11T00:02:40+08:00][sql] SHOW FULL COLUMNS FROM `carver_site` [ RunTime:0.000981s ]
[2021-05-11T00:02:40+08:00][sql] SELECT * FROM `carver_site` [ RunTime:0.000239s ]
[2021-05-11T00:02:46+08:00][sql] CONNECT:[ UseTime:0.000667s ] mysql:host=127.0.0.1;port=3306;dbname=carver;charset=utf8
[2021-05-11T00:02:46+08:00][sql] SHOW FULL COLUMNS FROM `carver_user` [ RunTime:0.000777s ]
[2021-05-11T00:03:06+08:00][sql] CONNECT:[ UseTime:0.000594s ] mysql:host=127.0.0.1;port=3306;dbname=carver;charset=utf8
[2021-05-11T00:03:06+08:00][sql] SHOW FULL COLUMNS FROM `carver_article` [ RunTime:0.001095s ]
[2021-05-11T00:03:06+08:00][sql] SELECT COUNT(*) AS think_count FROM `carver_article` WHERE  `article_guide` = 7  AND `delete_time` = 0  AND `is_show` = 1 [ RunTime:0.000438s ]
[2021-05-11T00:03:06+08:00][sql] SELECT * FROM `carver_article` WHERE  `article_guide` = 7  AND `delete_time` = 0  AND `is_show` = 1 ORDER BY `add_time` DESC LIMIT 0,6 [ RunTime:0.000479s ]
[2021-05-11T00:03:06+08:00][sql] SELECT article_id,article_title,click_num,FROM_UNIXTIME(add_time,'%Y-%m-%d') as add_time FROM `carver_article` WHERE  `is_show` = 1  AND `delete_time` = 0 ORDER BY `click_num` DESC LIMIT 3 [ RunTime:0.000857s ]
[2021-05-11T00:03:06+08:00][sql] SHOW FULL COLUMNS FROM `carver_notice` [ RunTime:0.000702s ]
[2021-05-11T00:03:06+08:00][sql] SELECT * FROM `carver_notice` ORDER BY `create_time` DESC LIMIT 3 [ RunTime:0.000354s ]
[2021-05-11T00:03:06+08:00][sql] SHOW FULL COLUMNS FROM `carver_navigation` [ RunTime:0.000530s ]
[2021-05-11T00:03:06+08:00][sql] SELECT * FROM `carver_navigation` [ RunTime:0.000291s ]
[2021-05-11T00:03:06+08:00][sql] SELECT `article_label` FROM `carver_article` [ RunTime:0.000259s ]
[2021-05-11T00:03:06+08:00][sql] SHOW FULL COLUMNS FROM `carver_carouse` [ RunTime:0.000539s ]
[2021-05-11T00:03:06+08:00][sql] SELECT `carouse_img`,`carouse_desc` FROM `carver_carouse` WHERE  `is_show` = 1 ORDER BY `carouse_sort` DESC LIMIT 3 [ RunTime:0.000283s ]
[2021-05-11T00:03:06+08:00][sql] SHOW FULL COLUMNS FROM `carver_link` [ RunTime:0.000533s ]
[2021-05-11T00:03:06+08:00][sql] SELECT * FROM `carver_link` WHERE  ( is_confirm=2 ) LIMIT 20 [ RunTime:0.000331s ]
[2021-05-11T00:03:06+08:00][sql] SHOW FULL COLUMNS FROM `carver_site` [ RunTime:0.000568s ]
[2021-05-11T00:03:06+08:00][sql] SELECT * FROM `carver_site` [ RunTime:0.000267s ]
[2021-05-11T00:23:46+08:00][sql] CONNECT:[ UseTime:0.000575s ] mysql:host=127.0.0.1;port=3306;dbname=carver;charset=utf8
[2021-05-11T00:23:46+08:00][sql] SHOW FULL COLUMNS FROM `carver_article` [ RunTime:0.000987s ]
[2021-05-11T00:23:46+08:00][sql] SELECT COUNT(*) AS think_count FROM `carver_article` WHERE  `article_label` LIKE '%js%'  AND `delete_time` = 0  AND `is_show` = 1 [ RunTime:0.000479s ]
[2021-05-11T00:23:46+08:00][sql] SELECT * FROM `carver_article` WHERE  `article_label` LIKE '%js%'  AND `delete_time` = 0  AND `is_show` = 1 LIMIT 0,6 [ RunTime:0.001016s ]
[2021-05-11T00:23:46+08:00][sql] SELECT article_id,article_title,click_num,FROM_UNIXTIME(add_time,'%Y-%m-%d') as add_time FROM `carver_article` WHERE  `is_show` = 1  AND `delete_time` = 0 ORDER BY `click_num` DESC LIMIT 3 [ RunTime:0.000524s ]
[2021-05-11T00:23:46+08:00][sql] SHOW FULL COLUMNS FROM `carver_notice` [ RunTime:0.000685s ]
[2021-05-11T00:23:46+08:00][sql] SELECT * FROM `carver_notice` ORDER BY `create_time` DESC LIMIT 3 [ RunTime:0.000321s ]
[2021-05-11T00:23:46+08:00][sql] SHOW FULL COLUMNS FROM `carver_navigation` [ RunTime:0.000574s ]
[2021-05-11T00:23:46+08:00][sql] SELECT * FROM `carver_navigation` [ RunTime:0.000326s ]
[2021-05-11T00:23:46+08:00][sql] SHOW FULL COLUMNS FROM `carver_link` [ RunTime:0.000671s ]
[2021-05-11T00:23:46+08:00][sql] SELECT * FROM `carver_link` WHERE  ( is_confirm=2 ) LIMIT 20 [ RunTime:0.000371s ]
[2021-05-11T00:23:46+08:00][sql] SELECT `article_label` FROM `carver_article` [ RunTime:0.000280s ]
[2021-05-11T00:23:46+08:00][sql] SHOW FULL COLUMNS FROM `carver_carouse` [ RunTime:0.000587s ]
[2021-05-11T00:23:46+08:00][sql] SELECT `carouse_img`,`carouse_desc` FROM `carver_carouse` WHERE  `is_show` = 1 ORDER BY `carouse_sort` DESC LIMIT 3 [ RunTime:0.000329s ]
[2021-05-11T00:23:46+08:00][sql] SHOW FULL COLUMNS FROM `carver_site` [ RunTime:0.000621s ]
[2021-05-11T00:23:46+08:00][sql] SELECT * FROM `carver_site` [ RunTime:0.000282s ]
[2021-05-11T01:43:45+08:00][sql] CONNECT:[ UseTime:0.001203s ] mysql:host=127.0.0.1;port=3306;dbname=carver;charset=utf8
[2021-05-11T01:43:45+08:00][sql] SHOW FULL COLUMNS FROM `carver_user` [ RunTime:0.000789s ]
[2021-05-11T01:43:45+08:00][sql] SHOW FULL COLUMNS FROM `carver_article` [ RunTime:0.000679s ]
[2021-05-11T01:43:45+08:00][sql] SELECT COUNT(*) AS think_count FROM `carver_article` WHERE  `delete_time` = 0  AND `is_show` = 1 [ RunTime:0.000400s ]
[2021-05-11T01:43:45+08:00][sql] SELECT `article_id`,`article_title`,`article_desc`,`article_content`,`article_img`,`article_guide`,`article_label`,`click_num`,`is_show`,`add_time`,`article_author`,`is_top_show` FROM `carver_article` WHERE  `delete_time` = 0  AND `is_show` = 1 ORDER BY `article_id` DESC LIMIT 0,6 [ RunTime:0.000624s ]
[2021-05-11T01:43:45+08:00][sql] SELECT article_id,article_title,click_num,FROM_UNIXTIME(add_time,'%Y-%m-%d') as add_time FROM `carver_article` WHERE  `is_show` = 1  AND `delete_time` = 0 ORDER BY `click_num` DESC LIMIT 3 [ RunTime:0.000456s ]
[2021-05-11T01:43:45+08:00][sql] SHOW FULL COLUMNS FROM `carver_notice` [ RunTime:0.000537s ]
[2021-05-11T01:43:45+08:00][sql] SELECT * FROM `carver_notice` ORDER BY `create_time` DESC LIMIT 3 [ RunTime:0.000284s ]
[2021-05-11T01:43:45+08:00][sql] SHOW FULL COLUMNS FROM `carver_navigation` [ RunTime:0.000529s ]
[2021-05-11T01:43:45+08:00][sql] SELECT * FROM `carver_navigation` [ RunTime:0.000243s ]
[2021-05-11T01:43:45+08:00][sql] SHOW FULL COLUMNS FROM `carver_link` [ RunTime:0.000516s ]
[2021-05-11T01:43:45+08:00][sql] SELECT * FROM `carver_link` WHERE  ( is_confirm=2 ) LIMIT 20 [ RunTime:0.000282s ]
[2021-05-11T01:43:45+08:00][sql] SELECT `article_label` FROM `carver_article` [ RunTime:0.000297s ]
[2021-05-11T01:43:45+08:00][sql] SHOW FULL COLUMNS FROM `carver_carouse` [ RunTime:0.000461s ]
[2021-05-11T01:43:45+08:00][sql] SELECT `carouse_img`,`carouse_desc` FROM `carver_carouse` WHERE  `is_show` = 1 ORDER BY `carouse_sort` DESC LIMIT 3 [ RunTime:0.000291s ]
[2021-05-11T01:43:45+08:00][sql] SHOW FULL COLUMNS FROM `carver_site` [ RunTime:0.000458s ]
[2021-05-11T01:43:45+08:00][sql] SELECT * FROM `carver_site` [ RunTime:0.000237s ]
[2021-05-11T01:46:29+08:00][sql] CONNECT:[ UseTime:0.000840s ] mysql:host=127.0.0.1;port=3306;dbname=carver;charset=utf8
[2021-05-11T01:46:29+08:00][sql] SHOW FULL COLUMNS FROM `carver_user` [ RunTime:0.000878s ]
[2021-05-11T01:46:29+08:00][sql] SHOW FULL COLUMNS FROM `carver_article` [ RunTime:0.000722s ]
[2021-05-11T01:46:29+08:00][sql] SELECT COUNT(*) AS think_count FROM `carver_article` WHERE  `delete_time` = 0  AND `is_show` = 1 [ RunTime:0.000424s ]
[2021-05-11T01:46:29+08:00][sql] SELECT `article_id`,`article_title`,`article_desc`,`article_content`,`article_img`,`article_guide`,`article_label`,`click_num`,`is_show`,`add_time`,`article_author`,`is_top_show` FROM `carver_article` WHERE  `delete_time` = 0  AND `is_show` = 1 ORDER BY `article_id` DESC LIMIT 0,6 [ RunTime:0.000634s ]
[2021-05-11T01:46:29+08:00][sql] SELECT article_id,article_title,click_num,FROM_UNIXTIME(add_time,'%Y-%m-%d') as add_time FROM `carver_article` WHERE  `is_show` = 1  AND `delete_time` = 0 ORDER BY `click_num` DESC LIMIT 3 [ RunTime:0.000497s ]
[2021-05-11T01:46:29+08:00][sql] SHOW FULL COLUMNS FROM `carver_notice` [ RunTime:0.000594s ]
[2021-05-11T01:46:29+08:00][sql] SELECT * FROM `carver_notice` ORDER BY `create_time` DESC LIMIT 3 [ RunTime:0.000299s ]
[2021-05-11T01:46:29+08:00][sql] SHOW FULL COLUMNS FROM `carver_navigation` [ RunTime:0.000552s ]
[2021-05-11T01:46:29+08:00][sql] SELECT * FROM `carver_navigation` [ RunTime:0.000236s ]
[2021-05-11T01:46:29+08:00][sql] SHOW FULL COLUMNS FROM `carver_link` [ RunTime:0.000477s ]
[2021-05-11T01:46:29+08:00][sql] SELECT * FROM `carver_link` WHERE  ( is_confirm=2 ) LIMIT 20 [ RunTime:0.000293s ]
[2021-05-11T01:46:29+08:00][sql] SELECT `article_label` FROM `carver_article` [ RunTime:0.000355s ]
[2021-05-11T01:46:29+08:00][sql] SHOW FULL COLUMNS FROM `carver_carouse` [ RunTime:0.000470s ]
[2021-05-11T01:46:29+08:00][sql] SELECT `carouse_img`,`carouse_desc` FROM `carver_carouse` WHERE  `is_show` = 1 ORDER BY `carouse_sort` DESC LIMIT 3 [ RunTime:0.000329s ]
[2021-05-11T01:46:29+08:00][sql] SHOW FULL COLUMNS FROM `carver_site` [ RunTime:0.000467s ]
[2021-05-11T01:46:29+08:00][sql] SELECT * FROM `carver_site` [ RunTime:0.000261s ]
[2021-05-11T03:23:21+08:00][sql] CONNECT:[ UseTime:0.000496s ] mysql:host=127.0.0.1;port=3306;dbname=carver;charset=utf8
[2021-05-11T03:23:21+08:00][sql] SHOW FULL COLUMNS FROM `carver_user` [ RunTime:0.000823s ]
[2021-05-11T03:23:21+08:00][sql] SHOW FULL COLUMNS FROM `carver_article` [ RunTime:0.000760s ]
[2021-05-11T03:23:21+08:00][sql] SELECT COUNT(*) AS think_count FROM `carver_article` WHERE  `delete_time` = 0  AND `is_show` = 1 [ RunTime:0.000389s ]
[2021-05-11T03:23:21+08:00][sql] SELECT `article_id`,`article_title`,`article_desc`,`article_content`,`article_img`,`article_guide`,`article_label`,`click_num`,`is_show`,`add_time`,`article_author`,`is_top_show` FROM `carver_article` WHERE  `delete_time` = 0  AND `is_show` = 1 ORDER BY `article_id` DESC LIMIT 0,6 [ RunTime:0.000612s ]
[2021-05-11T03:23:21+08:00][sql] SELECT article_id,article_title,click_num,FROM_UNIXTIME(add_time,'%Y-%m-%d') as add_time FROM `carver_article` WHERE  `is_show` = 1  AND `delete_time` = 0 ORDER BY `click_num` DESC LIMIT 3 [ RunTime:0.000414s ]
[2021-05-11T03:23:21+08:00][sql] SHOW FULL COLUMNS FROM `carver_notice` [ RunTime:0.000479s ]
[2021-05-11T03:23:21+08:00][sql] SELECT * FROM `carver_notice` ORDER BY `create_time` DESC LIMIT 3 [ RunTime:0.000270s ]
[2021-05-11T03:23:21+08:00][sql] SHOW FULL COLUMNS FROM `carver_navigation` [ RunTime:0.000517s ]
[2021-05-11T03:23:21+08:00][sql] SELECT * FROM `carver_navigation` [ RunTime:0.000252s ]
[2021-05-11T03:23:21+08:00][sql] SHOW FULL COLUMNS FROM `carver_link` [ RunTime:0.000578s ]
[2021-05-11T03:23:21+08:00][sql] SELECT * FROM `carver_link` WHERE  ( is_confirm=2 ) LIMIT 20 [ RunTime:0.000292s ]
[2021-05-11T03:23:21+08:00][sql] SELECT `article_label` FROM `carver_article` [ RunTime:0.000295s ]
[2021-05-11T03:23:21+08:00][sql] SHOW FULL COLUMNS FROM `carver_carouse` [ RunTime:0.000463s ]
[2021-05-11T03:23:21+08:00][sql] SELECT `carouse_img`,`carouse_desc` FROM `carver_carouse` WHERE  `is_show` = 1 ORDER BY `carouse_sort` DESC LIMIT 3 [ RunTime:0.000290s ]
[2021-05-11T03:23:21+08:00][sql] SHOW FULL COLUMNS FROM `carver_site` [ RunTime:0.000463s ]
[2021-05-11T03:23:21+08:00][sql] SELECT * FROM `carver_site` [ RunTime:0.000244s ]
[2021-05-11T04:52:34+08:00][sql] CONNECT:[ UseTime:0.001084s ] mysql:host=127.0.0.1;port=3306;dbname=carver;charset=utf8
[2021-05-11T04:52:34+08:00][sql] SHOW FULL COLUMNS FROM `carver_user` [ RunTime:0.000789s ]
[2021-05-11T04:52:34+08:00][sql] SHOW FULL COLUMNS FROM `carver_article` [ RunTime:0.000772s ]
[2021-05-11T04:52:34+08:00][sql] SELECT COUNT(*) AS think_count FROM `carver_article` WHERE  `delete_time` = 0  AND `is_show` = 1 [ RunTime:0.000388s ]
[2021-05-11T04:52:34+08:00][sql] SELECT `article_id`,`article_title`,`article_desc`,`article_content`,`article_img`,`article_guide`,`article_label`,`click_num`,`is_show`,`add_time`,`article_author`,`is_top_show` FROM `carver_article` WHERE  `delete_time` = 0  AND `is_show` = 1 ORDER BY `article_id` DESC LIMIT 0,6 [ RunTime:0.000620s ]
[2021-05-11T04:52:34+08:00][sql] SELECT article_id,article_title,click_num,FROM_UNIXTIME(add_time,'%Y-%m-%d') as add_time FROM `carver_article` WHERE  `is_show` = 1  AND `delete_time` = 0 ORDER BY `click_num` DESC LIMIT 3 [ RunTime:0.000496s ]
[2021-05-11T04:52:34+08:00][sql] SHOW FULL COLUMNS FROM `carver_notice` [ RunTime:0.000606s ]
[2021-05-11T04:52:34+08:00][sql] SELECT * FROM `carver_notice` ORDER BY `create_time` DESC LIMIT 3 [ RunTime:0.000274s ]
[2021-05-11T04:52:34+08:00][sql] SHOW FULL COLUMNS FROM `carver_navigation` [ RunTime:0.000659s ]
[2021-05-11T04:52:34+08:00][sql] SELECT * FROM `carver_navigation` [ RunTime:0.000486s ]
[2021-05-11T04:52:34+08:00][sql] SHOW FULL COLUMNS FROM `carver_link` [ RunTime:0.000677s ]
[2021-05-11T04:52:34+08:00][sql] SELECT * FROM `carver_link` WHERE  ( is_confirm=2 ) LIMIT 20 [ RunTime:0.000717s ]
[2021-05-11T04:52:34+08:00][sql] SELECT `article_label` FROM `carver_article` [ RunTime:0.000513s ]
[2021-05-11T04:52:34+08:00][sql] SHOW FULL COLUMNS FROM `carver_carouse` [ RunTime:0.000865s ]
[2021-05-11T04:52:34+08:00][sql] SELECT `carouse_img`,`carouse_desc` FROM `carver_carouse` WHERE  `is_show` = 1 ORDER BY `carouse_sort` DESC LIMIT 3 [ RunTime:0.000534s ]
[2021-05-11T04:52:34+08:00][sql] SHOW FULL COLUMNS FROM `carver_site` [ RunTime:0.001121s ]
[2021-05-11T04:52:34+08:00][sql] SELECT * FROM `carver_site` [ RunTime:0.000468s ]
[2021-05-11T08:28:18+08:00][sql] CONNECT:[ UseTime:0.000729s ] mysql:host=127.0.0.1;port=3306;dbname=carver;charset=utf8
[2021-05-11T08:28:18+08:00][sql] SHOW FULL COLUMNS FROM `carver_article` [ RunTime:0.000895s ]
[2021-05-11T08:28:18+08:00][sql] SELECT COUNT(*) AS think_count FROM `carver_article` WHERE  `article_guide` = 6  AND `delete_time` = 0  AND `is_show` = 1 [ RunTime:0.000412s ]
[2021-05-11T08:28:18+08:00][sql] SELECT * FROM `carver_article` WHERE  `article_guide` = 6  AND `delete_time` = 0  AND `is_show` = 1 ORDER BY `add_time` DESC LIMIT 6,6 [ RunTime:0.000488s ]
[2021-05-11T08:28:18+08:00][sql] SELECT article_id,article_title,click_num,FROM_UNIXTIME(add_time,'%Y-%m-%d') as add_time FROM `carver_article` WHERE  `is_show` = 1  AND `delete_time` = 0 ORDER BY `click_num` DESC LIMIT 3 [ RunTime:0.000474s ]
[2021-05-11T08:28:18+08:00][sql] SHOW FULL COLUMNS FROM `carver_notice` [ RunTime:0.000622s ]
[2021-05-11T08:28:18+08:00][sql] SELECT * FROM `carver_notice` ORDER BY `create_time` DESC LIMIT 3 [ RunTime:0.000308s ]
[2021-05-11T08:28:18+08:00][sql] SHOW FULL COLUMNS FROM `carver_navigation` [ RunTime:0.000593s ]
[2021-05-11T08:28:18+08:00][sql] SELECT * FROM `carver_navigation` [ RunTime:0.000280s ]
[2021-05-11T08:28:18+08:00][sql] SELECT `article_label` FROM `carver_article` [ RunTime:0.000269s ]
[2021-05-11T08:28:18+08:00][sql] SHOW FULL COLUMNS FROM `carver_carouse` [ RunTime:0.000551s ]
[2021-05-11T08:28:18+08:00][sql] SELECT `carouse_img`,`carouse_desc` FROM `carver_carouse` WHERE  `is_show` = 1 ORDER BY `carouse_sort` DESC LIMIT 3 [ RunTime:0.000337s ]
[2021-05-11T08:28:18+08:00][sql] SHOW FULL COLUMNS FROM `carver_link` [ RunTime:0.000539s ]
[2021-05-11T08:28:18+08:00][sql] SELECT * FROM `carver_link` WHERE  ( is_confirm=2 ) LIMIT 20 [ RunTime:0.000345s ]
[2021-05-11T08:28:18+08:00][sql] SHOW FULL COLUMNS FROM `carver_site` [ RunTime:0.000574s ]
[2021-05-11T08:28:18+08:00][sql] SELECT * FROM `carver_site` [ RunTime:0.000279s ]
[2021-05-11T12:43:45+08:00][sql] CONNECT:[ UseTime:0.000538s ] mysql:host=127.0.0.1;port=3306;dbname=carver;charset=utf8
[2021-05-11T12:43:45+08:00][sql] SHOW FULL COLUMNS FROM `carver_user` [ RunTime:0.000870s ]
[2021-05-11T12:43:45+08:00][sql] SHOW FULL COLUMNS FROM `carver_article` [ RunTime:0.000752s ]
[2021-05-11T12:43:45+08:00][sql] SELECT COUNT(*) AS think_count FROM `carver_article` WHERE  `delete_time` = 0  AND `is_show` = 1 [ RunTime:0.000385s ]
[2021-05-11T12:43:45+08:00][sql] SELECT `article_id`,`article_title`,`article_desc`,`article_content`,`article_img`,`article_guide`,`article_label`,`click_num`,`is_show`,`add_time`,`article_author`,`is_top_show` FROM `carver_article` WHERE  `delete_time` = 0  AND `is_show` = 1 ORDER BY `article_id` DESC LIMIT 0,6 [ RunTime:0.000625s ]
[2021-05-11T12:43:45+08:00][sql] SELECT article_id,article_title,click_num,FROM_UNIXTIME(add_time,'%Y-%m-%d') as add_time FROM `carver_article` WHERE  `is_show` = 1  AND `delete_time` = 0 ORDER BY `click_num` DESC LIMIT 3 [ RunTime:0.000609s ]
[2021-05-11T12:43:45+08:00][sql] SHOW FULL COLUMNS FROM `carver_notice` [ RunTime:0.000603s ]
[2021-05-11T12:43:45+08:00][sql] SELECT * FROM `carver_notice` ORDER BY `create_time` DESC LIMIT 3 [ RunTime:0.000307s ]
[2021-05-11T12:43:45+08:00][sql] SHOW FULL COLUMNS FROM `carver_navigation` [ RunTime:0.000565s ]
[2021-05-11T12:43:45+08:00][sql] SELECT * FROM `carver_navigation` [ RunTime:0.000248s ]
[2021-05-11T12:43:45+08:00][sql] SHOW FULL COLUMNS FROM `carver_link` [ RunTime:0.000495s ]
[2021-05-11T12:43:45+08:00][sql] SELECT * FROM `carver_link` WHERE  ( is_confirm=2 ) LIMIT 20 [ RunTime:0.000295s ]
[2021-05-11T12:43:45+08:00][sql] SELECT `article_label` FROM `carver_article` [ RunTime:0.000292s ]
[2021-05-11T12:43:45+08:00][sql] SHOW FULL COLUMNS FROM `carver_carouse` [ RunTime:0.000510s ]
[2021-05-11T12:43:45+08:00][sql] SELECT `carouse_img`,`carouse_desc` FROM `carver_carouse` WHERE  `is_show` = 1 ORDER BY `carouse_sort` DESC LIMIT 3 [ RunTime:0.000296s ]
[2021-05-11T12:43:45+08:00][sql] SHOW FULL COLUMNS FROM `carver_site` [ RunTime:0.000496s ]
[2021-05-11T12:43:45+08:00][sql] SELECT * FROM `carver_site` [ RunTime:0.000226s ]
[2021-05-11T13:56:34+08:00][sql] CONNECT:[ UseTime:0.000634s ] mysql:host=127.0.0.1;port=3306;dbname=carver;charset=utf8
[2021-05-11T13:56:34+08:00][sql] SHOW FULL COLUMNS FROM `carver_user` [ RunTime:0.000846s ]
[2021-05-11T13:56:34+08:00][sql] SHOW FULL COLUMNS FROM `carver_article` [ RunTime:0.000778s ]
[2021-05-11T13:56:34+08:00][sql] SELECT COUNT(*) AS think_count FROM `carver_article` WHERE  `delete_time` = 0  AND `is_show` = 1 [ RunTime:0.000400s ]
[2021-05-11T13:56:34+08:00][sql] SELECT `article_id`,`article_title`,`article_desc`,`article_content`,`article_img`,`article_guide`,`article_label`,`click_num`,`is_show`,`add_time`,`article_author`,`is_top_show` FROM `carver_article` WHERE  `delete_time` = 0  AND `is_show` = 1 ORDER BY `article_id` DESC LIMIT 0,6 [ RunTime:0.000601s ]
[2021-05-11T13:56:34+08:00][sql] SELECT article_id,article_title,click_num,FROM_UNIXTIME(add_time,'%Y-%m-%d') as add_time FROM `carver_article` WHERE  `is_show` = 1  AND `delete_time` = 0 ORDER BY `click_num` DESC LIMIT 3 [ RunTime:0.000451s ]
[2021-05-11T13:56:34+08:00][sql] SHOW FULL COLUMNS FROM `carver_notice` [ RunTime:0.000556s ]
[2021-05-11T13:56:34+08:00][sql] SELECT * FROM `carver_notice` ORDER BY `create_time` DESC LIMIT 3 [ RunTime:0.000312s ]
[2021-05-11T13:56:34+08:00][sql] SHOW FULL COLUMNS FROM `carver_navigation` [ RunTime:0.000556s ]
[2021-05-11T13:56:34+08:00][sql] SELECT * FROM `carver_navigation` [ RunTime:0.000294s ]
[2021-05-11T13:56:34+08:00][sql] SHOW FULL COLUMNS FROM `carver_link` [ RunTime:0.000504s ]
[2021-05-11T13:56:34+08:00][sql] SELECT * FROM `carver_link` WHERE  ( is_confirm=2 ) LIMIT 20 [ RunTime:0.000287s ]
[2021-05-11T13:56:34+08:00][sql] SELECT `article_label` FROM `carver_article` [ RunTime:0.000303s ]
[2021-05-11T13:56:34+08:00][sql] SHOW FULL COLUMNS FROM `carver_carouse` [ RunTime:0.000487s ]
[2021-05-11T13:56:34+08:00][sql] SELECT `carouse_img`,`carouse_desc` FROM `carver_carouse` WHERE  `is_show` = 1 ORDER BY `carouse_sort` DESC LIMIT 3 [ RunTime:0.000322s ]
[2021-05-11T13:56:34+08:00][sql] SHOW FULL COLUMNS FROM `carver_site` [ RunTime:0.000472s ]
[2021-05-11T13:56:34+08:00][sql] SELECT * FROM `carver_site` [ RunTime:0.000246s ]
[2021-05-11T14:44:02+08:00][sql] CONNECT:[ UseTime:0.000514s ] mysql:host=127.0.0.1;port=3306;dbname=carver;charset=utf8
[2021-05-11T14:44:02+08:00][sql] SHOW FULL COLUMNS FROM `carver_user` [ RunTime:0.000889s ]
[2021-05-11T14:44:02+08:00][sql] SHOW FULL COLUMNS FROM `carver_article` [ RunTime:0.000717s ]
[2021-05-11T14:44:02+08:00][sql] SELECT COUNT(*) AS think_count FROM `carver_article` WHERE  `delete_time` = 0  AND `is_show` = 1 [ RunTime:0.000361s ]
[2021-05-11T14:44:02+08:00][sql] SELECT `article_id`,`article_title`,`article_desc`,`article_content`,`article_img`,`article_guide`,`article_label`,`click_num`,`is_show`,`add_time`,`article_author`,`is_top_show` FROM `carver_article` WHERE  `delete_time` = 0  AND `is_show` = 1 ORDER BY `article_id` DESC LIMIT 0,6 [ RunTime:0.000652s ]
[2021-05-11T14:44:02+08:00][sql] SELECT article_id,article_title,click_num,FROM_UNIXTIME(add_time,'%Y-%m-%d') as add_time FROM `carver_article` WHERE  `is_show` = 1  AND `delete_time` = 0 ORDER BY `click_num` DESC LIMIT 3 [ RunTime:0.000574s ]
[2021-05-11T14:44:02+08:00][sql] SHOW FULL COLUMNS FROM `carver_notice` [ RunTime:0.000680s ]
[2021-05-11T14:44:02+08:00][sql] SELECT * FROM `carver_notice` ORDER BY `create_time` DESC LIMIT 3 [ RunTime:0.000268s ]
[2021-05-11T14:44:02+08:00][sql] SHOW FULL COLUMNS FROM `carver_navigation` [ RunTime:0.000509s ]
[2021-05-11T14:44:02+08:00][sql] SELECT * FROM `carver_navigation` [ RunTime:0.000267s ]
[2021-05-11T14:44:02+08:00][sql] SHOW FULL COLUMNS FROM `carver_link` [ RunTime:0.000513s ]
[2021-05-11T14:44:02+08:00][sql] SELECT * FROM `carver_link` WHERE  ( is_confirm=2 ) LIMIT 20 [ RunTime:0.000304s ]
[2021-05-11T14:44:02+08:00][sql] SELECT `article_label` FROM `carver_article` [ RunTime:0.000337s ]
[2021-05-11T14:44:02+08:00][sql] SHOW FULL COLUMNS FROM `carver_carouse` [ RunTime:0.000622s ]
[2021-05-11T14:44:02+08:00][sql] SELECT `carouse_img`,`carouse_desc` FROM `carver_carouse` WHERE  `is_show` = 1 ORDER BY `carouse_sort` DESC LIMIT 3 [ RunTime:0.000304s ]
[2021-05-11T14:44:02+08:00][sql] SHOW FULL COLUMNS FROM `carver_site` [ RunTime:0.000519s ]
[2021-05-11T14:44:02+08:00][sql] SELECT * FROM `carver_site` [ RunTime:0.000239s ]
[2021-05-11T18:04:18+08:00][sql] CONNECT:[ UseTime:0.000641s ] mysql:host=127.0.0.1;port=3306;dbname=carver;charset=utf8
[2021-05-11T18:04:18+08:00][sql] SHOW FULL COLUMNS FROM `carver_user` [ RunTime:0.000768s ]
[2021-05-11T18:04:18+08:00][sql] SHOW FULL COLUMNS FROM `carver_article` [ RunTime:0.000670s ]
[2021-05-11T18:04:18+08:00][sql] SELECT COUNT(*) AS think_count FROM `carver_article` WHERE  `delete_time` = 0  AND `is_show` = 1 [ RunTime:0.000358s ]
[2021-05-11T18:04:18+08:00][sql] SELECT `article_id`,`article_title`,`article_desc`,`article_content`,`article_img`,`article_guide`,`article_label`,`click_num`,`is_show`,`add_time`,`article_author`,`is_top_show` FROM `carver_article` WHERE  `delete_time` = 0  AND `is_show` = 1 ORDER BY `article_id` DESC LIMIT 0,6 [ RunTime:0.000605s ]
[2021-05-11T18:04:18+08:00][sql] SELECT article_id,article_title,click_num,FROM_UNIXTIME(add_time,'%Y-%m-%d') as add_time FROM `carver_article` WHERE  `is_show` = 1  AND `delete_time` = 0 ORDER BY `click_num` DESC LIMIT 3 [ RunTime:0.000401s ]
[2021-05-11T18:04:18+08:00][sql] SHOW FULL COLUMNS FROM `carver_notice` [ RunTime:0.000502s ]
[2021-05-11T18:04:18+08:00][sql] SELECT * FROM `carver_notice` ORDER BY `create_time` DESC LIMIT 3 [ RunTime:0.000277s ]
[2021-05-11T18:04:18+08:00][sql] SHOW FULL COLUMNS FROM `carver_navigation` [ RunTime:0.000520s ]
[2021-05-11T18:04:18+08:00][sql] SELECT * FROM `carver_navigation` [ RunTime:0.000238s ]
[2021-05-11T18:04:18+08:00][sql] SHOW FULL COLUMNS FROM `carver_link` [ RunTime:0.000486s ]
[2021-05-11T18:04:18+08:00][sql] SELECT * FROM `carver_link` WHERE  ( is_confirm=2 ) LIMIT 20 [ RunTime:0.000296s ]
[2021-05-11T18:04:18+08:00][sql] SELECT `article_label` FROM `carver_article` [ RunTime:0.000282s ]
[2021-05-11T18:04:18+08:00][sql] SHOW FULL COLUMNS FROM `carver_carouse` [ RunTime:0.000485s ]
[2021-05-11T18:04:18+08:00][sql] SELECT `carouse_img`,`carouse_desc` FROM `carver_carouse` WHERE  `is_show` = 1 ORDER BY `carouse_sort` DESC LIMIT 3 [ RunTime:0.000290s ]
[2021-05-11T18:04:18+08:00][sql] SHOW FULL COLUMNS FROM `carver_site` [ RunTime:0.000470s ]
[2021-05-11T18:04:18+08:00][sql] SELECT * FROM `carver_site` [ RunTime:0.000233s ]
[2021-05-11T18:05:31+08:00][sql] CONNECT:[ UseTime:0.000880s ] mysql:host=127.0.0.1;port=3306;dbname=carver;charset=utf8
[2021-05-11T18:05:31+08:00][sql] SHOW FULL COLUMNS FROM `carver_user` [ RunTime:0.000816s ]
[2021-05-11T18:05:31+08:00][sql] SHOW FULL COLUMNS FROM `carver_article` [ RunTime:0.000707s ]
[2021-05-11T18:05:31+08:00][sql] SELECT COUNT(*) AS think_count FROM `carver_article` WHERE  `delete_time` = 0  AND `is_show` = 1 [ RunTime:0.000364s ]
[2021-05-11T18:05:31+08:00][sql] SELECT `article_id`,`article_title`,`article_desc`,`article_content`,`article_img`,`article_guide`,`article_label`,`click_num`,`is_show`,`add_time`,`article_author`,`is_top_show` FROM `carver_article` WHERE  `delete_time` = 0  AND `is_show` = 1 ORDER BY `article_id` DESC LIMIT 18,6 [ RunTime:0.001361s ]
[2021-05-11T18:05:31+08:00][sql] SELECT article_id,article_title,click_num,FROM_UNIXTIME(add_time,'%Y-%m-%d') as add_time FROM `carver_article` WHERE  `is_show` = 1  AND `delete_time` = 0 ORDER BY `click_num` DESC LIMIT 3 [ RunTime:0.000390s ]
[2021-05-11T18:05:31+08:00][sql] SHOW FULL COLUMNS FROM `carver_notice` [ RunTime:0.000516s ]
[2021-05-11T18:05:31+08:00][sql] SELECT * FROM `carver_notice` ORDER BY `create_time` DESC LIMIT 3 [ RunTime:0.000454s ]
[2021-05-11T18:05:31+08:00][sql] SHOW FULL COLUMNS FROM `carver_navigation` [ RunTime:0.000517s ]
[2021-05-11T18:05:31+08:00][sql] SELECT * FROM `carver_navigation` [ RunTime:0.000245s ]
[2021-05-11T18:05:31+08:00][sql] SHOW FULL COLUMNS FROM `carver_link` [ RunTime:0.000506s ]
[2021-05-11T18:05:31+08:00][sql] SELECT * FROM `carver_link` WHERE  ( is_confirm=2 ) LIMIT 20 [ RunTime:0.000280s ]
[2021-05-11T18:05:31+08:00][sql] SELECT `article_label` FROM `carver_article` [ RunTime:0.000262s ]
[2021-05-11T18:05:31+08:00][sql] SHOW FULL COLUMNS FROM `carver_carouse` [ RunTime:0.000466s ]
[2021-05-11T18:05:31+08:00][sql] SELECT `carouse_img`,`carouse_desc` FROM `carver_carouse` WHERE  `is_show` = 1 ORDER BY `carouse_sort` DESC LIMIT 3 [ RunTime:0.000282s ]
[2021-05-11T18:05:31+08:00][sql] SHOW FULL COLUMNS FROM `carver_site` [ RunTime:0.000462s ]
[2021-05-11T18:05:31+08:00][sql] SELECT * FROM `carver_site` [ RunTime:0.000223s ]
[2021-05-11T18:14:40+08:00][sql] CONNECT:[ UseTime:0.000527s ] mysql:host=127.0.0.1;port=3306;dbname=carver;charset=utf8
[2021-05-11T18:14:40+08:00][sql] SHOW FULL COLUMNS FROM `carver_article` [ RunTime:0.000826s ]
[2021-05-11T18:14:40+08:00][sql] SELECT `article_id`,`article_title`,`article_desc`,`article_content`,`article_img`,`article_guide`,`article_label`,`click_num`,`is_show`,`add_time`,`article_author` FROM `carver_article` WHERE  `article_id` = 14 LIMIT 1 [ RunTime:0.000439s ]
[2021-05-11T18:14:40+08:00][sql] SELECT `article_id`,`article_title`,`article_desc`,`article_content`,`article_img`,`article_guide`,`article_label`,`click_num`,`is_show`,`add_time`,`article_author` FROM `carver_article` WHERE  `article_id` > 14 LIMIT 1 [ RunTime:0.001154s ]
[2021-05-11T18:14:40+08:00][sql] SELECT `article_id`,`article_title`,`article_desc`,`article_content`,`article_img`,`article_guide`,`article_label`,`click_num`,`is_show`,`add_time`,`article_author` FROM `carver_article` WHERE  `article_id` < 14 ORDER BY `article_id` DESC LIMIT 1 [ RunTime:0.000355s ]
[2021-05-11T18:14:40+08:00][sql] SHOW FULL COLUMNS FROM `carver_link` [ RunTime:0.000557s ]
[2021-05-11T18:14:40+08:00][sql] SELECT * FROM `carver_link` WHERE  ( is_confirm=2 ) LIMIT 20 [ RunTime:0.000300s ]
[2021-05-11T18:14:40+08:00][sql] SELECT article_id,article_title,click_num,FROM_UNIXTIME(add_time,'%Y-%m-%d') as add_time FROM `carver_article` ORDER BY `click_num` DESC LIMIT 3 [ RunTime:0.000375s ]
[2021-05-11T18:14:40+08:00][sql] SHOW FULL COLUMNS FROM `carver_comment` [ RunTime:0.000688s ]
[2021-05-11T18:14:40+08:00][sql] SELECT `a`.*,`b`.`user_name` FROM `carver_comment` `a` INNER JOIN `carver_user` `b` ON `a`.`user_id`=`b`.`user_id` WHERE  `article_id` = 14 ORDER BY `create_time` DESC [ RunTime:0.000367s ]
[2021-05-11T18:14:40+08:00][sql] SHOW FULL COLUMNS FROM `carver_comment_to_others` [ RunTime:0.000546s ]
[2021-05-11T18:14:40+08:00][sql] SELECT * FROM `carver_comment_to_others` [ RunTime:0.000233s ]
[2021-05-11T18:14:40+08:00][sql] SHOW FULL COLUMNS FROM `carver_user` [ RunTime:0.000488s ]
[2021-05-11T18:14:40+08:00][sql] SELECT `user_name` FROM `carver_user` WHERE  `user_id` = 4 LIMIT 1 [ RunTime:0.000228s ]
[2021-05-11T18:14:40+08:00][sql] SELECT `user_name` FROM `carver_user` WHERE  `user_id` = 4 LIMIT 1 [ RunTime:0.000220s ]
[2021-05-11T18:14:40+08:00][sql] SELECT `user_name` FROM `carver_user` WHERE  `user_id` = 5 LIMIT 1 [ RunTime:0.000221s ]
[2021-05-11T18:14:40+08:00][sql] SELECT `user_name` FROM `carver_user` WHERE  `user_id` = 5 LIMIT 1 [ RunTime:0.000204s ]
[2021-05-11T18:14:40+08:00][sql] SELECT `user_name` FROM `carver_user` WHERE  `user_id` = 37 LIMIT 1 [ RunTime:0.000219s ]
[2021-05-11T18:14:40+08:00][sql] SELECT `user_name`,`user_id` FROM `carver_user` [ RunTime:0.000251s ]
[2021-05-11T18:14:40+08:00][sql] SHOW FULL COLUMNS FROM `carver_navigation` [ RunTime:0.000548s ]
[2021-05-11T18:14:40+08:00][sql] SELECT * FROM `carver_navigation` [ RunTime:0.000242s ]
[2021-05-11T18:14:40+08:00][sql] SELECT `article_label` FROM `carver_article` [ RunTime:0.000288s ]
[2021-05-11T20:47:37+08:00][sql] CONNECT:[ UseTime:0.000539s ] mysql:host=127.0.0.1;port=3306;dbname=carver;charset=utf8
[2021-05-11T20:47:37+08:00][sql] SHOW FULL COLUMNS FROM `carver_user` [ RunTime:0.000840s ]
[2021-05-11T20:47:37+08:00][sql] SHOW FULL COLUMNS FROM `carver_article` [ RunTime:0.000683s ]
[2021-05-11T20:47:37+08:00][sql] SELECT COUNT(*) AS think_count FROM `carver_article` WHERE  `delete_time` = 0  AND `is_show` = 1 [ RunTime:0.000386s ]
[2021-05-11T20:47:37+08:00][sql] SELECT `article_id`,`article_title`,`article_desc`,`article_content`,`article_img`,`article_guide`,`article_label`,`click_num`,`is_show`,`add_time`,`article_author`,`is_top_show` FROM `carver_article` WHERE  `delete_time` = 0  AND `is_show` = 1 ORDER BY `article_id` DESC LIMIT 6,6 [ RunTime:0.002558s ]
[2021-05-11T20:47:37+08:00][sql] SELECT article_id,article_title,click_num,FROM_UNIXTIME(add_time,'%Y-%m-%d') as add_time FROM `carver_article` WHERE  `is_show` = 1  AND `delete_time` = 0 ORDER BY `click_num` DESC LIMIT 3 [ RunTime:0.000758s ]
[2021-05-11T20:47:37+08:00][sql] SHOW FULL COLUMNS FROM `carver_notice` [ RunTime:0.000641s ]
[2021-05-11T20:47:37+08:00][sql] SELECT * FROM `carver_notice` ORDER BY `create_time` DESC LIMIT 3 [ RunTime:0.000306s ]
[2021-05-11T20:47:37+08:00][sql] SHOW FULL COLUMNS FROM `carver_navigation` [ RunTime:0.000527s ]
[2021-05-11T20:47:37+08:00][sql] SELECT * FROM `carver_navigation` [ RunTime:0.000253s ]
[2021-05-11T20:47:37+08:00][sql] SHOW FULL COLUMNS FROM `carver_link` [ RunTime:0.000543s ]
[2021-05-11T20:47:37+08:00][sql] SELECT * FROM `carver_link` WHERE  ( is_confirm=2 ) LIMIT 20 [ RunTime:0.000290s ]
[2021-05-11T20:47:37+08:00][sql] SELECT `article_label` FROM `carver_article` [ RunTime:0.000334s ]
[2021-05-11T20:47:37+08:00][sql] SHOW FULL COLUMNS FROM `carver_carouse` [ RunTime:0.000527s ]
[2021-05-11T20:47:37+08:00][sql] SELECT `carouse_img`,`carouse_desc` FROM `carver_carouse` WHERE  `is_show` = 1 ORDER BY `carouse_sort` DESC LIMIT 3 [ RunTime:0.000312s ]
[2021-05-11T20:47:37+08:00][sql] SHOW FULL COLUMNS FROM `carver_site` [ RunTime:0.000495s ]
[2021-05-11T20:47:37+08:00][sql] SELECT * FROM `carver_site` [ RunTime:0.000241s ]
[2021-05-11T23:18:49+08:00][sql] CONNECT:[ UseTime:0.000520s ] mysql:host=127.0.0.1;port=3306;dbname=carver;charset=utf8
[2021-05-11T23:18:49+08:00][sql] SHOW FULL COLUMNS FROM `carver_user` [ RunTime:0.000807s ]
[2021-05-11T23:18:49+08:00][sql] SHOW FULL COLUMNS FROM `carver_article` [ RunTime:0.000686s ]
[2021-05-11T23:18:49+08:00][sql] SELECT COUNT(*) AS think_count FROM `carver_article` WHERE  `delete_time` = 0  AND `is_show` = 1 [ RunTime:0.000367s ]
[2021-05-11T23:18:49+08:00][sql] SELECT `article_id`,`article_title`,`article_desc`,`article_content`,`article_img`,`article_guide`,`article_label`,`click_num`,`is_show`,`add_time`,`article_author`,`is_top_show` FROM `carver_article` WHERE  `delete_time` = 0  AND `is_show` = 1 ORDER BY `article_id` DESC LIMIT 0,6 [ RunTime:0.000634s ]
[2021-05-11T23:18:49+08:00][sql] SELECT article_id,article_title,click_num,FROM_UNIXTIME(add_time,'%Y-%m-%d') as add_time FROM `carver_article` WHERE  `is_show` = 1  AND `delete_time` = 0 ORDER BY `click_num` DESC LIMIT 3 [ RunTime:0.000392s ]
[2021-05-11T23:18:49+08:00][sql] SHOW FULL COLUMNS FROM `carver_notice` [ RunTime:0.000552s ]
[2021-05-11T23:18:49+08:00][sql] SELECT * FROM `carver_notice` ORDER BY `create_time` DESC LIMIT 3 [ RunTime:0.000275s ]
[2021-05-11T23:18:49+08:00][sql] SHOW FULL COLUMNS FROM `carver_navigation` [ RunTime:0.000516s ]
[2021-05-11T23:18:49+08:00][sql] SELECT * FROM `carver_navigation` [ RunTime:0.000259s ]
[2021-05-11T23:18:49+08:00][sql] SHOW FULL COLUMNS FROM `carver_link` [ RunTime:0.000499s ]
[2021-05-11T23:18:49+08:00][sql] SELECT * FROM `carver_link` WHERE  ( is_confirm=2 ) LIMIT 20 [ RunTime:0.000269s ]
[2021-05-11T23:18:49+08:00][sql] SELECT `article_label` FROM `carver_article` [ RunTime:0.000275s ]
[2021-05-11T23:18:49+08:00][sql] SHOW FULL COLUMNS FROM `carver_carouse` [ RunTime:0.000509s ]
[2021-05-11T23:18:49+08:00][sql] SELECT `carouse_img`,`carouse_desc` FROM `carver_carouse` WHERE  `is_show` = 1 ORDER BY `carouse_sort` DESC LIMIT 3 [ RunTime:0.000281s ]
[2021-05-11T23:18:49+08:00][sql] SHOW FULL COLUMNS FROM `carver_site` [ RunTime:0.000449s ]
[2021-05-11T23:18:49+08:00][sql] SELECT * FROM `carver_site` [ RunTime:0.000222s ]
[2021-05-11T23:24:35+08:00][sql] CONNECT:[ UseTime:0.000478s ] mysql:host=127.0.0.1;port=3306;dbname=carver;charset=utf8
[2021-05-11T23:24:35+08:00][sql] SHOW FULL COLUMNS FROM `carver_article` [ RunTime:0.000841s ]
[2021-05-11T23:24:35+08:00][sql] SELECT COUNT(*) AS think_count FROM `carver_article` WHERE  `article_label` LIKE '%excel%'  AND `delete_time` = 0  AND `is_show` = 1 [ RunTime:0.000382s ]
[2021-05-11T23:24:35+08:00][sql] SELECT * FROM `carver_article` WHERE  `article_label` LIKE '%excel%'  AND `delete_time` = 0  AND `is_show` = 1 LIMIT 0,6 [ RunTime:0.001231s ]
[2021-05-11T23:24:35+08:00][sql] SELECT article_id,article_title,click_num,FROM_UNIXTIME(add_time,'%Y-%m-%d') as add_time FROM `carver_article` WHERE  `is_show` = 1  AND `delete_time` = 0 ORDER BY `click_num` DESC LIMIT 3 [ RunTime:0.001810s ]
[2021-05-11T23:24:35+08:00][sql] SHOW FULL COLUMNS FROM `carver_notice` [ RunTime:0.000573s ]
[2021-05-11T23:24:35+08:00][sql] SELECT * FROM `carver_notice` ORDER BY `create_time` DESC LIMIT 3 [ RunTime:0.000300s ]
[2021-05-11T23:24:35+08:00][sql] SHOW FULL COLUMNS FROM `carver_navigation` [ RunTime:0.000600s ]
[2021-05-11T23:24:35+08:00][sql] SELECT * FROM `carver_navigation` [ RunTime:0.000249s ]
[2021-05-11T23:24:35+08:00][sql] SHOW FULL COLUMNS FROM `carver_link` [ RunTime:0.000492s ]
[2021-05-11T23:24:35+08:00][sql] SELECT * FROM `carver_link` WHERE  ( is_confirm=2 ) LIMIT 20 [ RunTime:0.000271s ]
[2021-05-11T23:24:35+08:00][sql] SELECT `article_label` FROM `carver_article` [ RunTime:0.000265s ]
[2021-05-11T23:24:35+08:00][sql] SHOW FULL COLUMNS FROM `carver_carouse` [ RunTime:0.000454s ]
[2021-05-11T23:24:35+08:00][sql] SELECT `carouse_img`,`carouse_desc` FROM `carver_carouse` WHERE  `is_show` = 1 ORDER BY `carouse_sort` DESC LIMIT 3 [ RunTime:0.000273s ]
[2021-05-11T23:24:35+08:00][sql] SHOW FULL COLUMNS FROM `carver_site` [ RunTime:0.000539s ]
[2021-05-11T23:24:35+08:00][sql] SELECT * FROM `carver_site` [ RunTime:0.000231s ]
