[2021-05-12T00:12:33+08:00][sql] CONNECT:[ UseTime:0.000644s ] mysql:host=127.0.0.1;port=3306;dbname=carver;charset=utf8
[2021-05-12T00:12:33+08:00][sql] SHOW FULL COLUMNS FROM `carver_user` [ RunTime:0.000798s ]
[2021-05-12T00:12:33+08:00][sql] SHOW FULL COLUMNS FROM `carver_article` [ RunTime:0.000678s ]
[2021-05-12T00:12:33+08:00][sql] SELECT COUNT(*) AS think_count FROM `carver_article` WHERE  `delete_time` = 0  AND `is_show` = 1 [ RunTime:0.000380s ]
[2021-05-12T00:12:33+08:00][sql] SELECT `article_id`,`article_title`,`article_desc`,`article_content`,`article_img`,`article_guide`,`article_label`,`click_num`,`is_show`,`add_time`,`article_author`,`is_top_show` FROM `carver_article` WHERE  `delete_time` = 0  AND `is_show` = 1 ORDER BY `article_id` DESC LIMIT 0,6 [ RunTime:0.000597s ]
[2021-05-12T00:12:33+08:00][sql] SELECT article_id,article_title,click_num,FROM_UNIXTIME(add_time,'%Y-%m-%d') as add_time FROM `carver_article` WHERE  `is_show` = 1  AND `delete_time` = 0 ORDER BY `click_num` DESC LIMIT 3 [ RunTime:0.000402s ]
[2021-05-12T00:12:33+08:00][sql] SHOW FULL COLUMNS FROM `carver_notice` [ RunTime:0.000492s ]
[2021-05-12T00:12:33+08:00][sql] SELECT * FROM `carver_notice` ORDER BY `create_time` DESC LIMIT 3 [ RunTime:0.000276s ]
[2021-05-12T00:12:33+08:00][sql] SHOW FULL COLUMNS FROM `carver_navigation` [ RunTime:0.000490s ]
[2021-05-12T00:12:33+08:00][sql] SELECT * FROM `carver_navigation` [ RunTime:0.000232s ]
[2021-05-12T00:12:33+08:00][sql] SHOW FULL COLUMNS FROM `carver_link` [ RunTime:0.000488s ]
[2021-05-12T00:12:33+08:00][sql] SELECT * FROM `carver_link` WHERE  ( is_confirm=2 ) LIMIT 20 [ RunTime:0.000273s ]
[2021-05-12T00:12:33+08:00][sql] SELECT `article_label` FROM `carver_article` [ RunTime:0.000272s ]
[2021-05-12T00:12:33+08:00][sql] SHOW FULL COLUMNS FROM `carver_carouse` [ RunTime:0.000473s ]
[2021-05-12T00:12:33+08:00][sql] SELECT `carouse_img`,`carouse_desc` FROM `carver_carouse` WHERE  `is_show` = 1 ORDER BY `carouse_sort` DESC LIMIT 3 [ RunTime:0.000263s ]
[2021-05-12T00:12:33+08:00][sql] SHOW FULL COLUMNS FROM `carver_site` [ RunTime:0.000471s ]
[2021-05-12T00:12:33+08:00][sql] SELECT * FROM `carver_site` [ RunTime:0.000225s ]
[2021-05-12T02:15:14+08:00][sql] CONNECT:[ UseTime:0.000976s ] mysql:host=127.0.0.1;port=3306;dbname=carver;charset=utf8
[2021-05-12T02:15:14+08:00][sql] SHOW FULL COLUMNS FROM `carver_article` [ RunTime:0.001083s ]
[2021-05-12T02:15:14+08:00][sql] SELECT COUNT(*) AS think_count FROM `carver_article` WHERE  `article_label` LIKE '%nginx%'  AND `delete_time` = 0  AND `is_show` = 1 [ RunTime:0.000448s ]
[2021-05-12T02:15:14+08:00][sql] SELECT * FROM `carver_article` WHERE  `article_label` LIKE '%nginx%'  AND `delete_time` = 0  AND `is_show` = 1 LIMIT 0,6 [ RunTime:0.001094s ]
[2021-05-12T02:15:14+08:00][sql] SELECT article_id,article_title,click_num,FROM_UNIXTIME(add_time,'%Y-%m-%d') as add_time FROM `carver_article` WHERE  `is_show` = 1  AND `delete_time` = 0 ORDER BY `click_num` DESC LIMIT 3 [ RunTime:0.000457s ]
[2021-05-12T02:15:14+08:00][sql] SHOW FULL COLUMNS FROM `carver_notice` [ RunTime:0.000656s ]
[2021-05-12T02:15:14+08:00][sql] SELECT * FROM `carver_notice` ORDER BY `create_time` DESC LIMIT 3 [ RunTime:0.000285s ]
[2021-05-12T02:15:14+08:00][sql] SHOW FULL COLUMNS FROM `carver_navigation` [ RunTime:0.000526s ]
[2021-05-12T02:15:14+08:00][sql] SELECT * FROM `carver_navigation` [ RunTime:0.000255s ]
[2021-05-12T02:15:14+08:00][sql] SHOW FULL COLUMNS FROM `carver_link` [ RunTime:0.000533s ]
[2021-05-12T02:15:14+08:00][sql] SELECT * FROM `carver_link` WHERE  ( is_confirm=2 ) LIMIT 20 [ RunTime:0.000361s ]
[2021-05-12T02:15:14+08:00][sql] SELECT `article_label` FROM `carver_article` [ RunTime:0.000591s ]
[2021-05-12T02:15:14+08:00][sql] SHOW FULL COLUMNS FROM `carver_carouse` [ RunTime:0.000537s ]
[2021-05-12T02:15:14+08:00][sql] SELECT `carouse_img`,`carouse_desc` FROM `carver_carouse` WHERE  `is_show` = 1 ORDER BY `carouse_sort` DESC LIMIT 3 [ RunTime:0.000313s ]
[2021-05-12T02:15:14+08:00][sql] SHOW FULL COLUMNS FROM `carver_site` [ RunTime:0.000519s ]
[2021-05-12T02:15:14+08:00][sql] SELECT * FROM `carver_site` [ RunTime:0.000243s ]
[2021-05-12T05:43:39+08:00][sql] CONNECT:[ UseTime:0.000758s ] mysql:host=127.0.0.1;port=3306;dbname=carver;charset=utf8
[2021-05-12T05:43:39+08:00][sql] SHOW FULL COLUMNS FROM `carver_article` [ RunTime:0.001032s ]
[2021-05-12T05:43:39+08:00][sql] SELECT COUNT(*) AS think_count FROM `carver_article` WHERE  `article_title` LIKE '%%'  AND `delete_time` = 0  AND `is_show` = 1 [ RunTime:0.000455s ]
[2021-05-12T05:43:39+08:00][sql] SELECT * FROM `carver_article` WHERE  `article_title` LIKE '%%'  AND `delete_time` = 0  AND `is_show` = 1 LIMIT 6,6 [ RunTime:0.000914s ]
[2021-05-12T05:43:39+08:00][sql] SELECT article_id,article_title,click_num,FROM_UNIXTIME(add_time,'%Y-%m-%d') as add_time FROM `carver_article` WHERE  `delete_time` = 0  AND `is_show` = 1 ORDER BY `click_num` DESC LIMIT 3 [ RunTime:0.000400s ]
[2021-05-12T05:43:39+08:00][sql] SHOW FULL COLUMNS FROM `carver_notice` [ RunTime:0.000525s ]
[2021-05-12T05:43:39+08:00][sql] SELECT * FROM `carver_notice` ORDER BY `create_time` DESC LIMIT 3 [ RunTime:0.000272s ]
[2021-05-12T05:43:39+08:00][sql] SHOW FULL COLUMNS FROM `carver_navigation` [ RunTime:0.000563s ]
[2021-05-12T05:43:39+08:00][sql] SELECT * FROM `carver_navigation` [ RunTime:0.000234s ]
[2021-05-12T05:43:39+08:00][sql] SHOW FULL COLUMNS FROM `carver_link` [ RunTime:0.000863s ]
[2021-05-12T05:43:39+08:00][sql] SELECT * FROM `carver_link` WHERE  ( is_confirm=2 ) LIMIT 20 [ RunTime:0.000282s ]
[2021-05-12T05:43:39+08:00][sql] SELECT `article_label` FROM `carver_article` [ RunTime:0.000259s ]
[2021-05-12T05:43:39+08:00][sql] SHOW FULL COLUMNS FROM `carver_carouse` [ RunTime:0.000465s ]
[2021-05-12T05:43:39+08:00][sql] SELECT `carouse_img`,`carouse_desc` FROM `carver_carouse` WHERE  `is_show` = 1 ORDER BY `carouse_sort` DESC LIMIT 3 [ RunTime:0.000291s ]
[2021-05-12T05:43:39+08:00][sql] SHOW FULL COLUMNS FROM `carver_site` [ RunTime:0.000514s ]
[2021-05-12T05:43:39+08:00][sql] SELECT * FROM `carver_site` [ RunTime:0.000234s ]
[2021-05-12T07:48:14+08:00][sql] CONNECT:[ UseTime:0.000591s ] mysql:host=127.0.0.1;port=3306;dbname=carver;charset=utf8
[2021-05-12T07:48:14+08:00][sql] SHOW FULL COLUMNS FROM `carver_user` [ RunTime:0.000829s ]
[2021-05-12T08:50:49+08:00][sql] CONNECT:[ UseTime:0.000595s ] mysql:host=127.0.0.1;port=3306;dbname=carver;charset=utf8
[2021-05-12T08:50:49+08:00][sql] SHOW FULL COLUMNS FROM `carver_user` [ RunTime:0.000826s ]
[2021-05-12T08:50:49+08:00][sql] SHOW FULL COLUMNS FROM `carver_article` [ RunTime:0.000658s ]
[2021-05-12T08:50:49+08:00][sql] SELECT COUNT(*) AS think_count FROM `carver_article` WHERE  `delete_time` = 0  AND `is_show` = 1 [ RunTime:0.000362s ]
[2021-05-12T08:50:49+08:00][sql] SELECT `article_id`,`article_title`,`article_desc`,`article_content`,`article_img`,`article_guide`,`article_label`,`click_num`,`is_show`,`add_time`,`article_author`,`is_top_show` FROM `carver_article` WHERE  `delete_time` = 0  AND `is_show` = 1 ORDER BY `article_id` DESC LIMIT 0,6 [ RunTime:0.000602s ]
[2021-05-12T08:50:49+08:00][sql] SELECT article_id,article_title,click_num,FROM_UNIXTIME(add_time,'%Y-%m-%d') as add_time FROM `carver_article` WHERE  `is_show` = 1  AND `delete_time` = 0 ORDER BY `click_num` DESC LIMIT 3 [ RunTime:0.000379s ]
[2021-05-12T08:50:49+08:00][sql] SHOW FULL COLUMNS FROM `carver_notice` [ RunTime:0.000495s ]
[2021-05-12T08:50:49+08:00][sql] SELECT * FROM `carver_notice` ORDER BY `create_time` DESC LIMIT 3 [ RunTime:0.000252s ]
[2021-05-12T08:50:49+08:00][sql] SHOW FULL COLUMNS FROM `carver_navigation` [ RunTime:0.000507s ]
[2021-05-12T08:50:49+08:00][sql] SELECT * FROM `carver_navigation` [ RunTime:0.000239s ]
[2021-05-12T08:50:49+08:00][sql] SHOW FULL COLUMNS FROM `carver_link` [ RunTime:0.000491s ]
[2021-05-12T08:50:49+08:00][sql] SELECT * FROM `carver_link` WHERE  ( is_confirm=2 ) LIMIT 20 [ RunTime:0.000281s ]
[2021-05-12T08:50:49+08:00][sql] SELECT `article_label` FROM `carver_article` [ RunTime:0.000281s ]
[2021-05-12T08:50:49+08:00][sql] SHOW FULL COLUMNS FROM `carver_carouse` [ RunTime:0.000450s ]
[2021-05-12T08:50:49+08:00][sql] SELECT `carouse_img`,`carouse_desc` FROM `carver_carouse` WHERE  `is_show` = 1 ORDER BY `carouse_sort` DESC LIMIT 3 [ RunTime:0.000274s ]
[2021-05-12T08:50:49+08:00][sql] SHOW FULL COLUMNS FROM `carver_site` [ RunTime:0.000459s ]
[2021-05-12T08:50:49+08:00][sql] SELECT * FROM `carver_site` [ RunTime:0.000235s ]
[2021-05-12T09:34:56+08:00][sql] CONNECT:[ UseTime:0.000636s ] mysql:host=127.0.0.1;port=3306;dbname=carver;charset=utf8
[2021-05-12T09:34:56+08:00][sql] SHOW FULL COLUMNS FROM `carver_user` [ RunTime:0.000861s ]
[2021-05-12T09:34:56+08:00][sql] SHOW FULL COLUMNS FROM `carver_article` [ RunTime:0.000794s ]
[2021-05-12T09:34:56+08:00][sql] SELECT COUNT(*) AS think_count FROM `carver_article` WHERE  `delete_time` = 0  AND `is_show` = 1 [ RunTime:0.000366s ]
[2021-05-12T09:34:56+08:00][sql] SELECT `article_id`,`article_title`,`article_desc`,`article_content`,`article_img`,`article_guide`,`article_label`,`click_num`,`is_show`,`add_time`,`article_author`,`is_top_show` FROM `carver_article` WHERE  `delete_time` = 0  AND `is_show` = 1 ORDER BY `article_id` DESC LIMIT 6,6 [ RunTime:0.002602s ]
[2021-05-12T09:34:56+08:00][sql] SELECT article_id,article_title,click_num,FROM_UNIXTIME(add_time,'%Y-%m-%d') as add_time FROM `carver_article` WHERE  `is_show` = 1  AND `delete_time` = 0 ORDER BY `click_num` DESC LIMIT 3 [ RunTime:0.000980s ]
[2021-05-12T09:34:56+08:00][sql] SHOW FULL COLUMNS FROM `carver_notice` [ RunTime:0.000644s ]
[2021-05-12T09:34:56+08:00][sql] SELECT * FROM `carver_notice` ORDER BY `create_time` DESC LIMIT 3 [ RunTime:0.000372s ]
[2021-05-12T09:34:56+08:00][sql] SHOW FULL COLUMNS FROM `carver_navigation` [ RunTime:0.000539s ]
[2021-05-12T09:34:56+08:00][sql] SELECT * FROM `carver_navigation` [ RunTime:0.000260s ]
[2021-05-12T09:34:56+08:00][sql] SHOW FULL COLUMNS FROM `carver_link` [ RunTime:0.000546s ]
[2021-05-12T09:34:56+08:00][sql] SELECT * FROM `carver_link` WHERE  ( is_confirm=2 ) LIMIT 20 [ RunTime:0.000342s ]
[2021-05-12T09:34:56+08:00][sql] SELECT `article_label` FROM `carver_article` [ RunTime:0.000312s ]
[2021-05-12T09:34:56+08:00][sql] SHOW FULL COLUMNS FROM `carver_carouse` [ RunTime:0.000508s ]
[2021-05-12T09:34:56+08:00][sql] SELECT `carouse_img`,`carouse_desc` FROM `carver_carouse` WHERE  `is_show` = 1 ORDER BY `carouse_sort` DESC LIMIT 3 [ RunTime:0.000372s ]
[2021-05-12T09:34:56+08:00][sql] SHOW FULL COLUMNS FROM `carver_site` [ RunTime:0.000503s ]
[2021-05-12T09:34:56+08:00][sql] SELECT * FROM `carver_site` [ RunTime:0.000263s ]
[2021-05-12T10:21:59+08:00][sql] CONNECT:[ UseTime:0.000568s ] mysql:host=127.0.0.1;port=3306;dbname=carver;charset=utf8
[2021-05-12T10:21:59+08:00][sql] SHOW FULL COLUMNS FROM `carver_user` [ RunTime:0.000891s ]
[2021-05-12T10:21:59+08:00][sql] SHOW FULL COLUMNS FROM `carver_article` [ RunTime:0.000738s ]
[2021-05-12T10:21:59+08:00][sql] SELECT COUNT(*) AS think_count FROM `carver_article` WHERE  `delete_time` = 0  AND `is_show` = 1 [ RunTime:0.000467s ]
[2021-05-12T10:21:59+08:00][sql] SELECT `article_id`,`article_title`,`article_desc`,`article_content`,`article_img`,`article_guide`,`article_label`,`click_num`,`is_show`,`add_time`,`article_author`,`is_top_show` FROM `carver_article` WHERE  `delete_time` = 0  AND `is_show` = 1 ORDER BY `article_id` DESC LIMIT 0,6 [ RunTime:0.000760s ]
[2021-05-12T10:21:59+08:00][sql] SELECT article_id,article_title,click_num,FROM_UNIXTIME(add_time,'%Y-%m-%d') as add_time FROM `carver_article` WHERE  `is_show` = 1  AND `delete_time` = 0 ORDER BY `click_num` DESC LIMIT 3 [ RunTime:0.000556s ]
[2021-05-12T10:21:59+08:00][sql] SHOW FULL COLUMNS FROM `carver_notice` [ RunTime:0.000609s ]
[2021-05-12T10:21:59+08:00][sql] SELECT * FROM `carver_notice` ORDER BY `create_time` DESC LIMIT 3 [ RunTime:0.000274s ]
[2021-05-12T10:21:59+08:00][sql] SHOW FULL COLUMNS FROM `carver_navigation` [ RunTime:0.000530s ]
[2021-05-12T10:21:59+08:00][sql] SELECT * FROM `carver_navigation` [ RunTime:0.000247s ]
[2021-05-12T10:21:59+08:00][sql] SHOW FULL COLUMNS FROM `carver_link` [ RunTime:0.000574s ]
[2021-05-12T10:21:59+08:00][sql] SELECT * FROM `carver_link` WHERE  ( is_confirm=2 ) LIMIT 20 [ RunTime:0.000291s ]
[2021-05-12T10:21:59+08:00][sql] SELECT `article_label` FROM `carver_article` [ RunTime:0.000286s ]
[2021-05-12T10:21:59+08:00][sql] SHOW FULL COLUMNS FROM `carver_carouse` [ RunTime:0.000524s ]
[2021-05-12T10:21:59+08:00][sql] SELECT `carouse_img`,`carouse_desc` FROM `carver_carouse` WHERE  `is_show` = 1 ORDER BY `carouse_sort` DESC LIMIT 3 [ RunTime:0.000301s ]
[2021-05-12T10:21:59+08:00][sql] SHOW FULL COLUMNS FROM `carver_site` [ RunTime:0.000527s ]
[2021-05-12T10:21:59+08:00][sql] SELECT * FROM `carver_site` [ RunTime:0.000240s ]
[2021-05-12T10:36:16+08:00][sql] CONNECT:[ UseTime:0.000689s ] mysql:host=127.0.0.1;port=3306;dbname=carver;charset=utf8
[2021-05-12T10:36:16+08:00][sql] SHOW FULL COLUMNS FROM `carver_article` [ RunTime:0.000858s ]
[2021-05-12T10:36:16+08:00][sql] SELECT COUNT(*) AS think_count FROM `carver_article` WHERE  `article_guide` = 6  AND `delete_time` = 0  AND `is_show` = 1 [ RunTime:0.000386s ]
[2021-05-12T10:36:16+08:00][sql] SELECT * FROM `carver_article` WHERE  `article_guide` = 6  AND `delete_time` = 0  AND `is_show` = 1 ORDER BY `add_time` DESC LIMIT 0,6 [ RunTime:0.000722s ]
[2021-05-12T10:36:16+08:00][sql] SELECT article_id,article_title,click_num,FROM_UNIXTIME(add_time,'%Y-%m-%d') as add_time FROM `carver_article` WHERE  `is_show` = 1  AND `delete_time` = 0 ORDER BY `click_num` DESC LIMIT 3 [ RunTime:0.000413s ]
[2021-05-12T10:36:16+08:00][sql] SHOW FULL COLUMNS FROM `carver_notice` [ RunTime:0.000981s ]
[2021-05-12T10:36:16+08:00][sql] SELECT * FROM `carver_notice` ORDER BY `create_time` DESC LIMIT 3 [ RunTime:0.000258s ]
[2021-05-12T10:36:16+08:00][sql] SHOW FULL COLUMNS FROM `carver_navigation` [ RunTime:0.000479s ]
[2021-05-12T10:36:16+08:00][sql] SELECT * FROM `carver_navigation` [ RunTime:0.000240s ]
[2021-05-12T10:36:16+08:00][sql] SELECT `article_label` FROM `carver_article` [ RunTime:0.000234s ]
[2021-05-12T10:36:16+08:00][sql] SHOW FULL COLUMNS FROM `carver_carouse` [ RunTime:0.000517s ]
[2021-05-12T10:36:16+08:00][sql] SELECT `carouse_img`,`carouse_desc` FROM `carver_carouse` WHERE  `is_show` = 1 ORDER BY `carouse_sort` DESC LIMIT 3 [ RunTime:0.000295s ]
[2021-05-12T10:36:16+08:00][sql] SHOW FULL COLUMNS FROM `carver_link` [ RunTime:0.000482s ]
[2021-05-12T10:36:16+08:00][sql] SELECT * FROM `carver_link` WHERE  ( is_confirm=2 ) LIMIT 20 [ RunTime:0.000266s ]
[2021-05-12T10:36:16+08:00][sql] SHOW FULL COLUMNS FROM `carver_site` [ RunTime:0.000530s ]
[2021-05-12T10:36:16+08:00][sql] SELECT * FROM `carver_site` [ RunTime:0.000242s ]
[2021-05-12T10:57:57+08:00][sql] CONNECT:[ UseTime:0.000596s ] mysql:host=127.0.0.1;port=3306;dbname=carver;charset=utf8
[2021-05-12T10:57:57+08:00][sql] SHOW FULL COLUMNS FROM `carver_user` [ RunTime:0.000875s ]
[2021-05-12T10:57:57+08:00][sql] SHOW FULL COLUMNS FROM `carver_article` [ RunTime:0.000812s ]
[2021-05-12T10:57:57+08:00][sql] SELECT COUNT(*) AS think_count FROM `carver_article` WHERE  `delete_time` = 0  AND `is_show` = 1 [ RunTime:0.000378s ]
[2021-05-12T10:57:57+08:00][sql] SELECT `article_id`,`article_title`,`article_desc`,`article_content`,`article_img`,`article_guide`,`article_label`,`click_num`,`is_show`,`add_time`,`article_author`,`is_top_show` FROM `carver_article` WHERE  `delete_time` = 0  AND `is_show` = 1 ORDER BY `article_id` DESC LIMIT 0,6 [ RunTime:0.000618s ]
[2021-05-12T10:57:57+08:00][sql] SELECT article_id,article_title,click_num,FROM_UNIXTIME(add_time,'%Y-%m-%d') as add_time FROM `carver_article` WHERE  `is_show` = 1  AND `delete_time` = 0 ORDER BY `click_num` DESC LIMIT 3 [ RunTime:0.000574s ]
[2021-05-12T10:57:57+08:00][sql] SHOW FULL COLUMNS FROM `carver_notice` [ RunTime:0.000629s ]
[2021-05-12T10:57:57+08:00][sql] SELECT * FROM `carver_notice` ORDER BY `create_time` DESC LIMIT 3 [ RunTime:0.000310s ]
[2021-05-12T10:57:57+08:00][sql] SHOW FULL COLUMNS FROM `carver_navigation` [ RunTime:0.000538s ]
[2021-05-12T10:57:57+08:00][sql] SELECT * FROM `carver_navigation` [ RunTime:0.000273s ]
[2021-05-12T10:57:57+08:00][sql] SHOW FULL COLUMNS FROM `carver_link` [ RunTime:0.000500s ]
[2021-05-12T10:57:57+08:00][sql] SELECT * FROM `carver_link` WHERE  ( is_confirm=2 ) LIMIT 20 [ RunTime:0.000324s ]
[2021-05-12T10:57:57+08:00][sql] SELECT `article_label` FROM `carver_article` [ RunTime:0.000315s ]
[2021-05-12T10:57:57+08:00][sql] SHOW FULL COLUMNS FROM `carver_carouse` [ RunTime:0.000550s ]
[2021-05-12T10:57:57+08:00][sql] SELECT `carouse_img`,`carouse_desc` FROM `carver_carouse` WHERE  `is_show` = 1 ORDER BY `carouse_sort` DESC LIMIT 3 [ RunTime:0.000350s ]
[2021-05-12T10:57:57+08:00][sql] SHOW FULL COLUMNS FROM `carver_site` [ RunTime:0.000497s ]
[2021-05-12T10:57:57+08:00][sql] SELECT * FROM `carver_site` [ RunTime:0.000230s ]
[2021-05-12T10:57:59+08:00][sql] CONNECT:[ UseTime:0.000741s ] mysql:host=127.0.0.1;port=3306;dbname=carver;charset=utf8
[2021-05-12T10:57:59+08:00][sql] SHOW FULL COLUMNS FROM `carver_article` [ RunTime:0.001027s ]
[2021-05-12T10:57:59+08:00][sql] SELECT `article_id`,`article_title`,`article_desc`,`article_content`,`article_img`,`article_guide`,`article_label`,`click_num`,`is_show`,`add_time`,`article_author` FROM `carver_article` WHERE  `article_id` = 28 LIMIT 1 [ RunTime:0.000551s ]
[2021-05-12T10:57:59+08:00][sql] SELECT `article_id`,`article_title`,`article_desc`,`article_content`,`article_img`,`article_guide`,`article_label`,`click_num`,`is_show`,`add_time`,`article_author` FROM `carver_article` WHERE  `article_id` > 28 LIMIT 1 [ RunTime:0.000441s ]
[2021-05-12T10:57:59+08:00][sql] SELECT `article_id`,`article_title`,`article_desc`,`article_content`,`article_img`,`article_guide`,`article_label`,`click_num`,`is_show`,`add_time`,`article_author` FROM `carver_article` WHERE  `article_id` < 28 ORDER BY `article_id` DESC LIMIT 1 [ RunTime:0.000446s ]
[2021-05-12T10:57:59+08:00][sql] SHOW FULL COLUMNS FROM `carver_link` [ RunTime:0.000723s ]
[2021-05-12T10:57:59+08:00][sql] SELECT * FROM `carver_link` WHERE  ( is_confirm=2 ) LIMIT 20 [ RunTime:0.000397s ]
[2021-05-12T10:57:59+08:00][sql] SELECT article_id,article_title,click_num,FROM_UNIXTIME(add_time,'%Y-%m-%d') as add_time FROM `carver_article` ORDER BY `click_num` DESC LIMIT 3 [ RunTime:0.000566s ]
[2021-05-12T10:57:59+08:00][sql] SHOW FULL COLUMNS FROM `carver_comment` [ RunTime:0.000894s ]
[2021-05-12T10:57:59+08:00][sql] SELECT `a`.*,`b`.`user_name` FROM `carver_comment` `a` INNER JOIN `carver_user` `b` ON `a`.`user_id`=`b`.`user_id` WHERE  `article_id` = 28 ORDER BY `create_time` DESC [ RunTime:0.000450s ]
[2021-05-12T10:57:59+08:00][sql] SHOW FULL COLUMNS FROM `carver_comment_to_others` [ RunTime:0.000678s ]
[2021-05-12T10:57:59+08:00][sql] SELECT * FROM `carver_comment_to_others` [ RunTime:0.000269s ]
[2021-05-12T10:57:59+08:00][sql] SHOW FULL COLUMNS FROM `carver_user` [ RunTime:0.000587s ]
[2021-05-12T10:57:59+08:00][sql] SELECT `user_name` FROM `carver_user` WHERE  `user_id` = 4 LIMIT 1 [ RunTime:0.000269s ]
[2021-05-12T10:57:59+08:00][sql] SELECT `user_name` FROM `carver_user` WHERE  `user_id` = 4 LIMIT 1 [ RunTime:0.000266s ]
[2021-05-12T10:57:59+08:00][sql] SELECT `user_name` FROM `carver_user` WHERE  `user_id` = 5 LIMIT 1 [ RunTime:0.000301s ]
[2021-05-12T10:57:59+08:00][sql] SELECT `user_name` FROM `carver_user` WHERE  `user_id` = 5 LIMIT 1 [ RunTime:0.000243s ]
[2021-05-12T10:57:59+08:00][sql] SELECT `user_name` FROM `carver_user` WHERE  `user_id` = 37 LIMIT 1 [ RunTime:0.000248s ]
[2021-05-12T10:57:59+08:00][sql] SELECT `user_name`,`user_id` FROM `carver_user` [ RunTime:0.000318s ]
[2021-05-12T10:57:59+08:00][sql] SHOW FULL COLUMNS FROM `carver_navigation` [ RunTime:0.000653s ]
[2021-05-12T10:57:59+08:00][sql] SELECT * FROM `carver_navigation` [ RunTime:0.000332s ]
[2021-05-12T10:57:59+08:00][sql] SELECT `article_label` FROM `carver_article` [ RunTime:0.000306s ]
[2021-05-12T10:59:08+08:00][sql] CONNECT:[ UseTime:0.000543s ] mysql:host=127.0.0.1;port=3306;dbname=carver;charset=utf8
[2021-05-12T10:59:08+08:00][sql] SHOW FULL COLUMNS FROM `carver_user` [ RunTime:0.000862s ]
[2021-05-12T10:59:08+08:00][sql] SHOW FULL COLUMNS FROM `carver_article` [ RunTime:0.000703s ]
[2021-05-12T10:59:08+08:00][sql] SELECT COUNT(*) AS think_count FROM `carver_article` WHERE  `delete_time` = 0  AND `is_show` = 1 [ RunTime:0.000434s ]
[2021-05-12T10:59:08+08:00][sql] SELECT `article_id`,`article_title`,`article_desc`,`article_content`,`article_img`,`article_guide`,`article_label`,`click_num`,`is_show`,`add_time`,`article_author`,`is_top_show` FROM `carver_article` WHERE  `delete_time` = 0  AND `is_show` = 1 ORDER BY `article_id` DESC LIMIT 0,6 [ RunTime:0.000594s ]
[2021-05-12T10:59:08+08:00][sql] SELECT article_id,article_title,click_num,FROM_UNIXTIME(add_time,'%Y-%m-%d') as add_time FROM `carver_article` WHERE  `is_show` = 1  AND `delete_time` = 0 ORDER BY `click_num` DESC LIMIT 3 [ RunTime:0.000450s ]
[2021-05-12T10:59:08+08:00][sql] SHOW FULL COLUMNS FROM `carver_notice` [ RunTime:0.000557s ]
[2021-05-12T10:59:08+08:00][sql] SELECT * FROM `carver_notice` ORDER BY `create_time` DESC LIMIT 3 [ RunTime:0.000275s ]
[2021-05-12T10:59:08+08:00][sql] SHOW FULL COLUMNS FROM `carver_navigation` [ RunTime:0.000516s ]
[2021-05-12T10:59:08+08:00][sql] SELECT * FROM `carver_navigation` [ RunTime:0.000262s ]
[2021-05-12T10:59:08+08:00][sql] SHOW FULL COLUMNS FROM `carver_link` [ RunTime:0.000517s ]
[2021-05-12T10:59:08+08:00][sql] SELECT * FROM `carver_link` WHERE  ( is_confirm=2 ) LIMIT 20 [ RunTime:0.000280s ]
[2021-05-12T10:59:08+08:00][sql] SELECT `article_label` FROM `carver_article` [ RunTime:0.000294s ]
[2021-05-12T10:59:08+08:00][sql] SHOW FULL COLUMNS FROM `carver_carouse` [ RunTime:0.000523s ]
[2021-05-12T10:59:08+08:00][sql] SELECT `carouse_img`,`carouse_desc` FROM `carver_carouse` WHERE  `is_show` = 1 ORDER BY `carouse_sort` DESC LIMIT 3 [ RunTime:0.000313s ]
[2021-05-12T10:59:08+08:00][sql] SHOW FULL COLUMNS FROM `carver_site` [ RunTime:0.000461s ]
[2021-05-12T10:59:08+08:00][sql] SELECT * FROM `carver_site` [ RunTime:0.000245s ]
[2021-05-12T11:00:29+08:00][error] [8]Undefined index: article_id[/www/wwwroot/101.200.121.249/carver_tp_blog/app/web/controller/ArticleUser.php:28]
[2021-05-12T11:00:46+08:00][error] [8]Undefined index: article_id[/www/wwwroot/101.200.121.249/carver_tp_blog/app/web/controller/ArticleUser.php:28]
[2021-05-12T11:00:47+08:00][error] [8]Undefined index: article_id[/www/wwwroot/101.200.121.249/carver_tp_blog/app/web/controller/ArticleUser.php:28]
[2021-05-12T11:10:54+08:00][sql] CONNECT:[ UseTime:0.000613s ] mysql:host=127.0.0.1;port=3306;dbname=carver;charset=utf8
[2021-05-12T11:10:54+08:00][sql] SHOW FULL COLUMNS FROM `carver_user` [ RunTime:0.000875s ]
[2021-05-12T11:10:54+08:00][sql] SHOW FULL COLUMNS FROM `carver_article` [ RunTime:0.000803s ]
[2021-05-12T11:10:54+08:00][sql] SELECT COUNT(*) AS think_count FROM `carver_article` WHERE  `delete_time` = 0  AND `is_show` = 1 [ RunTime:0.000429s ]
[2021-05-12T11:10:54+08:00][sql] SELECT `article_id`,`article_title`,`article_desc`,`article_content`,`article_img`,`article_guide`,`article_label`,`click_num`,`is_show`,`add_time`,`article_author`,`is_top_show` FROM `carver_article` WHERE  `delete_time` = 0  AND `is_show` = 1 ORDER BY `article_id` DESC LIMIT 24,6 [ RunTime:0.001073s ]
[2021-05-12T11:10:54+08:00][sql] SELECT article_id,article_title,click_num,FROM_UNIXTIME(add_time,'%Y-%m-%d') as add_time FROM `carver_article` WHERE  `is_show` = 1  AND `delete_time` = 0 ORDER BY `click_num` DESC LIMIT 3 [ RunTime:0.000553s ]
[2021-05-12T11:10:54+08:00][sql] SHOW FULL COLUMNS FROM `carver_notice` [ RunTime:0.000643s ]
[2021-05-12T11:10:54+08:00][sql] SELECT * FROM `carver_notice` ORDER BY `create_time` DESC LIMIT 3 [ RunTime:0.000272s ]
[2021-05-12T11:10:54+08:00][sql] SHOW FULL COLUMNS FROM `carver_navigation` [ RunTime:0.000614s ]
[2021-05-12T11:10:54+08:00][sql] SELECT * FROM `carver_navigation` [ RunTime:0.000253s ]
[2021-05-12T11:10:54+08:00][sql] SHOW FULL COLUMNS FROM `carver_link` [ RunTime:0.000524s ]
[2021-05-12T11:10:54+08:00][sql] SELECT * FROM `carver_link` WHERE  ( is_confirm=2 ) LIMIT 20 [ RunTime:0.000305s ]
[2021-05-12T11:10:54+08:00][sql] SELECT `article_label` FROM `carver_article` [ RunTime:0.000300s ]
[2021-05-12T11:10:54+08:00][sql] SHOW FULL COLUMNS FROM `carver_carouse` [ RunTime:0.000511s ]
[2021-05-12T11:10:54+08:00][sql] SELECT `carouse_img`,`carouse_desc` FROM `carver_carouse` WHERE  `is_show` = 1 ORDER BY `carouse_sort` DESC LIMIT 3 [ RunTime:0.000339s ]
[2021-05-12T11:10:54+08:00][sql] SHOW FULL COLUMNS FROM `carver_site` [ RunTime:0.000511s ]
[2021-05-12T11:10:54+08:00][sql] SELECT * FROM `carver_site` [ RunTime:0.000278s ]
[2021-05-12T11:34:50+08:00][sql] CONNECT:[ UseTime:0.000577s ] mysql:host=127.0.0.1;port=3306;dbname=carver;charset=utf8
[2021-05-12T11:34:50+08:00][sql] SHOW FULL COLUMNS FROM `carver_user` [ RunTime:0.000809s ]
[2021-05-12T11:34:50+08:00][sql] SHOW FULL COLUMNS FROM `carver_article` [ RunTime:0.000686s ]
[2021-05-12T11:34:50+08:00][sql] SELECT COUNT(*) AS think_count FROM `carver_article` WHERE  `delete_time` = 0  AND `is_show` = 1 [ RunTime:0.000406s ]
[2021-05-12T11:34:50+08:00][sql] SELECT `article_id`,`article_title`,`article_desc`,`article_content`,`article_img`,`article_guide`,`article_label`,`click_num`,`is_show`,`add_time`,`article_author`,`is_top_show` FROM `carver_article` WHERE  `delete_time` = 0  AND `is_show` = 1 ORDER BY `article_id` DESC LIMIT 0,6 [ RunTime:0.000741s ]
[2021-05-12T11:34:50+08:00][sql] SELECT article_id,article_title,click_num,FROM_UNIXTIME(add_time,'%Y-%m-%d') as add_time FROM `carver_article` WHERE  `is_show` = 1  AND `delete_time` = 0 ORDER BY `click_num` DESC LIMIT 3 [ RunTime:0.000533s ]
[2021-05-12T11:34:50+08:00][sql] SHOW FULL COLUMNS FROM `carver_notice` [ RunTime:0.000507s ]
[2021-05-12T11:34:50+08:00][sql] SELECT * FROM `carver_notice` ORDER BY `create_time` DESC LIMIT 3 [ RunTime:0.000269s ]
[2021-05-12T11:34:50+08:00][sql] SHOW FULL COLUMNS FROM `carver_navigation` [ RunTime:0.000503s ]
[2021-05-12T11:34:50+08:00][sql] SELECT * FROM `carver_navigation` [ RunTime:0.000235s ]
[2021-05-12T11:34:50+08:00][sql] SHOW FULL COLUMNS FROM `carver_link` [ RunTime:0.000530s ]
[2021-05-12T11:34:50+08:00][sql] SELECT * FROM `carver_link` WHERE  ( is_confirm=2 ) LIMIT 20 [ RunTime:0.000300s ]
[2021-05-12T11:34:50+08:00][sql] SELECT `article_label` FROM `carver_article` [ RunTime:0.000288s ]
[2021-05-12T11:34:50+08:00][sql] SHOW FULL COLUMNS FROM `carver_carouse` [ RunTime:0.000453s ]
[2021-05-12T11:34:50+08:00][sql] SELECT `carouse_img`,`carouse_desc` FROM `carver_carouse` WHERE  `is_show` = 1 ORDER BY `carouse_sort` DESC LIMIT 3 [ RunTime:0.000298s ]
[2021-05-12T11:34:50+08:00][sql] SHOW FULL COLUMNS FROM `carver_site` [ RunTime:0.000464s ]
[2021-05-12T11:34:50+08:00][sql] SELECT * FROM `carver_site` [ RunTime:0.000242s ]
[2021-05-12T12:10:25+08:00][sql] CONNECT:[ UseTime:0.000519s ] mysql:host=127.0.0.1;port=3306;dbname=carver;charset=utf8
[2021-05-12T12:10:25+08:00][sql] SHOW FULL COLUMNS FROM `carver_user` [ RunTime:0.000928s ]
[2021-05-12T12:10:25+08:00][sql] SHOW FULL COLUMNS FROM `carver_article` [ RunTime:0.000694s ]
[2021-05-12T12:10:25+08:00][sql] SELECT COUNT(*) AS think_count FROM `carver_article` WHERE  `delete_time` = 0  AND `is_show` = 1 [ RunTime:0.000372s ]
[2021-05-12T12:10:25+08:00][sql] SELECT `article_id`,`article_title`,`article_desc`,`article_content`,`article_img`,`article_guide`,`article_label`,`click_num`,`is_show`,`add_time`,`article_author`,`is_top_show` FROM `carver_article` WHERE  `delete_time` = 0  AND `is_show` = 1 ORDER BY `article_id` DESC LIMIT 18,6 [ RunTime:0.001402s ]
[2021-05-12T12:10:25+08:00][sql] SELECT article_id,article_title,click_num,FROM_UNIXTIME(add_time,'%Y-%m-%d') as add_time FROM `carver_article` WHERE  `is_show` = 1  AND `delete_time` = 0 ORDER BY `click_num` DESC LIMIT 3 [ RunTime:0.000405s ]
[2021-05-12T12:10:25+08:00][sql] SHOW FULL COLUMNS FROM `carver_notice` [ RunTime:0.000506s ]
[2021-05-12T12:10:25+08:00][sql] SELECT * FROM `carver_notice` ORDER BY `create_time` DESC LIMIT 3 [ RunTime:0.000281s ]
[2021-05-12T12:10:25+08:00][sql] SHOW FULL COLUMNS FROM `carver_navigation` [ RunTime:0.000565s ]
[2021-05-12T12:10:25+08:00][sql] SELECT * FROM `carver_navigation` [ RunTime:0.000237s ]
[2021-05-12T12:10:25+08:00][sql] SHOW FULL COLUMNS FROM `carver_link` [ RunTime:0.000509s ]
[2021-05-12T12:10:25+08:00][sql] SELECT * FROM `carver_link` WHERE  ( is_confirm=2 ) LIMIT 20 [ RunTime:0.000277s ]
[2021-05-12T12:10:25+08:00][sql] SELECT `article_label` FROM `carver_article` [ RunTime:0.000261s ]
[2021-05-12T12:10:25+08:00][sql] SHOW FULL COLUMNS FROM `carver_carouse` [ RunTime:0.000463s ]
[2021-05-12T12:10:25+08:00][sql] SELECT `carouse_img`,`carouse_desc` FROM `carver_carouse` WHERE  `is_show` = 1 ORDER BY `carouse_sort` DESC LIMIT 3 [ RunTime:0.000280s ]
[2021-05-12T12:10:25+08:00][sql] SHOW FULL COLUMNS FROM `carver_site` [ RunTime:0.000484s ]
[2021-05-12T12:10:25+08:00][sql] SELECT * FROM `carver_site` [ RunTime:0.000233s ]
[2021-05-12T12:51:42+08:00][sql] CONNECT:[ UseTime:0.000461s ] mysql:host=127.0.0.1;port=3306;dbname=carver;charset=utf8
[2021-05-12T12:51:42+08:00][sql] SHOW FULL COLUMNS FROM `carver_user` [ RunTime:0.000886s ]
[2021-05-12T12:51:42+08:00][sql] SHOW FULL COLUMNS FROM `carver_article` [ RunTime:0.000654s ]
[2021-05-12T12:51:42+08:00][sql] SELECT COUNT(*) AS think_count FROM `carver_article` WHERE  `delete_time` = 0  AND `is_show` = 1 [ RunTime:0.000360s ]
[2021-05-12T12:51:42+08:00][sql] SELECT `article_id`,`article_title`,`article_desc`,`article_content`,`article_img`,`article_guide`,`article_label`,`click_num`,`is_show`,`add_time`,`article_author`,`is_top_show` FROM `carver_article` WHERE  `delete_time` = 0  AND `is_show` = 1 ORDER BY `article_id` DESC LIMIT 0,6 [ RunTime:0.000743s ]
[2021-05-12T12:51:42+08:00][sql] SELECT article_id,article_title,click_num,FROM_UNIXTIME(add_time,'%Y-%m-%d') as add_time FROM `carver_article` WHERE  `is_show` = 1  AND `delete_time` = 0 ORDER BY `click_num` DESC LIMIT 3 [ RunTime:0.000415s ]
[2021-05-12T12:51:42+08:00][sql] SHOW FULL COLUMNS FROM `carver_notice` [ RunTime:0.000493s ]
[2021-05-12T12:51:42+08:00][sql] SELECT * FROM `carver_notice` ORDER BY `create_time` DESC LIMIT 3 [ RunTime:0.000267s ]
[2021-05-12T12:51:42+08:00][sql] SHOW FULL COLUMNS FROM `carver_navigation` [ RunTime:0.000551s ]
[2021-05-12T12:51:42+08:00][sql] SELECT * FROM `carver_navigation` [ RunTime:0.000244s ]
[2021-05-12T12:51:42+08:00][sql] SHOW FULL COLUMNS FROM `carver_link` [ RunTime:0.000478s ]
[2021-05-12T12:51:42+08:00][sql] SELECT * FROM `carver_link` WHERE  ( is_confirm=2 ) LIMIT 20 [ RunTime:0.000269s ]
[2021-05-12T12:51:42+08:00][sql] SELECT `article_label` FROM `carver_article` [ RunTime:0.000277s ]
[2021-05-12T12:51:42+08:00][sql] SHOW FULL COLUMNS FROM `carver_carouse` [ RunTime:0.000460s ]
[2021-05-12T12:51:42+08:00][sql] SELECT `carouse_img`,`carouse_desc` FROM `carver_carouse` WHERE  `is_show` = 1 ORDER BY `carouse_sort` DESC LIMIT 3 [ RunTime:0.000257s ]
[2021-05-12T12:51:42+08:00][sql] SHOW FULL COLUMNS FROM `carver_site` [ RunTime:0.000468s ]
[2021-05-12T12:51:42+08:00][sql] SELECT * FROM `carver_site` [ RunTime:0.000220s ]
[2021-05-12T13:29:05+08:00][sql] CONNECT:[ UseTime:0.000692s ] mysql:host=127.0.0.1;port=3306;dbname=carver;charset=utf8
[2021-05-12T13:29:05+08:00][sql] SHOW FULL COLUMNS FROM `carver_user` [ RunTime:0.000919s ]
[2021-05-12T13:29:05+08:00][sql] SHOW FULL COLUMNS FROM `carver_article` [ RunTime:0.001162s ]
[2021-05-12T13:29:05+08:00][sql] SELECT COUNT(*) AS think_count FROM `carver_article` WHERE  `delete_time` = 0  AND `is_show` = 1 [ RunTime:0.000413s ]
[2021-05-12T13:29:05+08:00][sql] SELECT `article_id`,`article_title`,`article_desc`,`article_content`,`article_img`,`article_guide`,`article_label`,`click_num`,`is_show`,`add_time`,`article_author`,`is_top_show` FROM `carver_article` WHERE  `delete_time` = 0  AND `is_show` = 1 ORDER BY `article_id` DESC LIMIT 0,6 [ RunTime:0.000794s ]
[2021-05-12T13:29:05+08:00][sql] SELECT article_id,article_title,click_num,FROM_UNIXTIME(add_time,'%Y-%m-%d') as add_time FROM `carver_article` WHERE  `is_show` = 1  AND `delete_time` = 0 ORDER BY `click_num` DESC LIMIT 3 [ RunTime:0.000592s ]
[2021-05-12T13:29:05+08:00][sql] SHOW FULL COLUMNS FROM `carver_notice` [ RunTime:0.000645s ]
[2021-05-12T13:29:05+08:00][sql] SELECT * FROM `carver_notice` ORDER BY `create_time` DESC LIMIT 3 [ RunTime:0.000282s ]
[2021-05-12T13:29:05+08:00][sql] SHOW FULL COLUMNS FROM `carver_navigation` [ RunTime:0.000982s ]
[2021-05-12T13:29:05+08:00][sql] SELECT * FROM `carver_navigation` [ RunTime:0.000318s ]
[2021-05-12T13:29:05+08:00][sql] SHOW FULL COLUMNS FROM `carver_link` [ RunTime:0.000531s ]
[2021-05-12T13:29:05+08:00][sql] SELECT * FROM `carver_link` WHERE  ( is_confirm=2 ) LIMIT 20 [ RunTime:0.000344s ]
[2021-05-12T13:29:05+08:00][sql] SELECT `article_label` FROM `carver_article` [ RunTime:0.000289s ]
[2021-05-12T13:29:05+08:00][sql] SHOW FULL COLUMNS FROM `carver_carouse` [ RunTime:0.000548s ]
[2021-05-12T13:29:05+08:00][sql] SELECT `carouse_img`,`carouse_desc` FROM `carver_carouse` WHERE  `is_show` = 1 ORDER BY `carouse_sort` DESC LIMIT 3 [ RunTime:0.000309s ]
[2021-05-12T13:29:05+08:00][sql] SHOW FULL COLUMNS FROM `carver_site` [ RunTime:0.000550s ]
[2021-05-12T13:29:05+08:00][sql] SELECT * FROM `carver_site` [ RunTime:0.000254s ]
[2021-05-12T13:38:53+08:00][sql] CONNECT:[ UseTime:0.000516s ] mysql:host=127.0.0.1;port=3306;dbname=carver;charset=utf8
[2021-05-12T13:38:53+08:00][sql] SHOW FULL COLUMNS FROM `carver_user` [ RunTime:0.000819s ]
[2021-05-12T13:38:53+08:00][sql] SHOW FULL COLUMNS FROM `carver_article` [ RunTime:0.000698s ]
[2021-05-12T13:38:53+08:00][sql] SELECT COUNT(*) AS think_count FROM `carver_article` WHERE  `delete_time` = 0  AND `is_show` = 1 [ RunTime:0.000384s ]
[2021-05-12T13:38:53+08:00][sql] SELECT `article_id`,`article_title`,`article_desc`,`article_content`,`article_img`,`article_guide`,`article_label`,`click_num`,`is_show`,`add_time`,`article_author`,`is_top_show` FROM `carver_article` WHERE  `delete_time` = 0  AND `is_show` = 1 ORDER BY `article_id` DESC LIMIT 0,6 [ RunTime:0.000780s ]
[2021-05-12T13:38:53+08:00][sql] SELECT article_id,article_title,click_num,FROM_UNIXTIME(add_time,'%Y-%m-%d') as add_time FROM `carver_article` WHERE  `is_show` = 1  AND `delete_time` = 0 ORDER BY `click_num` DESC LIMIT 3 [ RunTime:0.000415s ]
[2021-05-12T13:38:53+08:00][sql] SHOW FULL COLUMNS FROM `carver_notice` [ RunTime:0.000520s ]
[2021-05-12T13:38:53+08:00][sql] SELECT * FROM `carver_notice` ORDER BY `create_time` DESC LIMIT 3 [ RunTime:0.000265s ]
[2021-05-12T13:38:53+08:00][sql] SHOW FULL COLUMNS FROM `carver_navigation` [ RunTime:0.000527s ]
[2021-05-12T13:38:53+08:00][sql] SELECT * FROM `carver_navigation` [ RunTime:0.000249s ]
[2021-05-12T13:38:53+08:00][sql] SHOW FULL COLUMNS FROM `carver_link` [ RunTime:0.000493s ]
[2021-05-12T13:38:53+08:00][sql] SELECT * FROM `carver_link` WHERE  ( is_confirm=2 ) LIMIT 20 [ RunTime:0.000288s ]
[2021-05-12T13:38:53+08:00][sql] SELECT `article_label` FROM `carver_article` [ RunTime:0.000270s ]
[2021-05-12T13:38:53+08:00][sql] SHOW FULL COLUMNS FROM `carver_carouse` [ RunTime:0.000465s ]
[2021-05-12T13:38:53+08:00][sql] SELECT `carouse_img`,`carouse_desc` FROM `carver_carouse` WHERE  `is_show` = 1 ORDER BY `carouse_sort` DESC LIMIT 3 [ RunTime:0.000284s ]
[2021-05-12T13:38:53+08:00][sql] SHOW FULL COLUMNS FROM `carver_site` [ RunTime:0.000485s ]
[2021-05-12T13:38:53+08:00][sql] SELECT * FROM `carver_site` [ RunTime:0.000272s ]
[2021-05-12T14:17:36+08:00][sql] CONNECT:[ UseTime:0.000548s ] mysql:host=127.0.0.1;port=3306;dbname=carver;charset=utf8
[2021-05-12T14:17:36+08:00][sql] SHOW FULL COLUMNS FROM `carver_article` [ RunTime:0.000857s ]
[2021-05-12T14:17:36+08:00][sql] SELECT `article_id`,`article_title`,`article_desc`,`article_content`,`article_img`,`article_guide`,`article_label`,`click_num`,`is_show`,`add_time`,`article_author` FROM `carver_article` WHERE  `article_id` = 3 LIMIT 1 [ RunTime:0.000666s ]
[2021-05-12T14:17:36+08:00][sql] SELECT `article_id`,`article_title`,`article_desc`,`article_content`,`article_img`,`article_guide`,`article_label`,`click_num`,`is_show`,`add_time`,`article_author` FROM `carver_article` WHERE  `article_id` > 3 LIMIT 1 [ RunTime:0.000446s ]
[2021-05-12T14:17:36+08:00][sql] SELECT `article_id`,`article_title`,`article_desc`,`article_content`,`article_img`,`article_guide`,`article_label`,`click_num`,`is_show`,`add_time`,`article_author` FROM `carver_article` WHERE  `article_id` < 3 ORDER BY `article_id` DESC LIMIT 1 [ RunTime:0.000332s ]
[2021-05-12T14:17:36+08:00][sql] SHOW FULL COLUMNS FROM `carver_link` [ RunTime:0.000576s ]
[2021-05-12T14:17:36+08:00][sql] SELECT * FROM `carver_link` WHERE  ( is_confirm=2 ) LIMIT 20 [ RunTime:0.000304s ]
[2021-05-12T14:17:36+08:00][sql] SELECT article_id,article_title,click_num,FROM_UNIXTIME(add_time,'%Y-%m-%d') as add_time FROM `carver_article` ORDER BY `click_num` DESC LIMIT 3 [ RunTime:0.000392s ]
[2021-05-12T14:17:36+08:00][sql] SHOW FULL COLUMNS FROM `carver_comment` [ RunTime:0.000587s ]
[2021-05-12T14:17:36+08:00][sql] SELECT `a`.*,`b`.`user_name` FROM `carver_comment` `a` INNER JOIN `carver_user` `b` ON `a`.`user_id`=`b`.`user_id` WHERE  `article_id` = 3 ORDER BY `create_time` DESC [ RunTime:0.000360s ]
[2021-05-12T14:17:36+08:00][sql] SHOW FULL COLUMNS FROM `carver_comment_to_others` [ RunTime:0.000531s ]
[2021-05-12T14:17:36+08:00][sql] SELECT * FROM `carver_comment_to_others` [ RunTime:0.000244s ]
[2021-05-12T14:17:36+08:00][sql] SHOW FULL COLUMNS FROM `carver_user` [ RunTime:0.000448s ]
[2021-05-12T14:17:36+08:00][sql] SELECT `user_name` FROM `carver_user` WHERE  `user_id` = 4 LIMIT 1 [ RunTime:0.000231s ]
[2021-05-12T14:17:36+08:00][sql] SELECT `user_name` FROM `carver_user` WHERE  `user_id` = 4 LIMIT 1 [ RunTime:0.000217s ]
[2021-05-12T14:17:36+08:00][sql] SELECT `user_name` FROM `carver_user` WHERE  `user_id` = 5 LIMIT 1 [ RunTime:0.000241s ]
[2021-05-12T14:17:36+08:00][sql] SELECT `user_name` FROM `carver_user` WHERE  `user_id` = 5 LIMIT 1 [ RunTime:0.000206s ]
[2021-05-12T14:17:36+08:00][sql] SELECT `user_name` FROM `carver_user` WHERE  `user_id` = 37 LIMIT 1 [ RunTime:0.000225s ]
[2021-05-12T14:17:36+08:00][sql] SELECT `user_name`,`user_id` FROM `carver_user` [ RunTime:0.000239s ]
[2021-05-12T14:17:36+08:00][sql] SHOW FULL COLUMNS FROM `carver_navigation` [ RunTime:0.000532s ]
[2021-05-12T14:17:36+08:00][sql] SELECT * FROM `carver_navigation` [ RunTime:0.000232s ]
[2021-05-12T14:17:36+08:00][sql] SELECT `article_label` FROM `carver_article` [ RunTime:0.000258s ]
[2021-05-12T14:17:38+08:00][sql] CONNECT:[ UseTime:0.000700s ] mysql:host=127.0.0.1;port=3306;dbname=carver;charset=utf8
[2021-05-12T14:17:38+08:00][sql] SHOW FULL COLUMNS FROM `carver_article` [ RunTime:0.000945s ]
[2021-05-12T14:17:38+08:00][sql] SELECT `article_id`,`article_title`,`article_desc`,`article_content`,`article_img`,`article_guide`,`article_label`,`click_num`,`is_show`,`add_time`,`article_author` FROM `carver_article` WHERE  `article_id` = 8 LIMIT 1 [ RunTime:0.000457s ]
[2021-05-12T14:17:38+08:00][sql] SELECT `article_id`,`article_title`,`article_desc`,`article_content`,`article_img`,`article_guide`,`article_label`,`click_num`,`is_show`,`add_time`,`article_author` FROM `carver_article` WHERE  `article_id` > 8 LIMIT 1 [ RunTime:0.000622s ]
[2021-05-12T14:17:38+08:00][sql] SELECT `article_id`,`article_title`,`article_desc`,`article_content`,`article_img`,`article_guide`,`article_label`,`click_num`,`is_show`,`add_time`,`article_author` FROM `carver_article` WHERE  `article_id` < 8 ORDER BY `article_id` DESC LIMIT 1 [ RunTime:0.000752s ]
[2021-05-12T14:17:38+08:00][sql] SHOW FULL COLUMNS FROM `carver_link` [ RunTime:0.000567s ]
[2021-05-12T14:17:38+08:00][sql] SELECT * FROM `carver_link` WHERE  ( is_confirm=2 ) LIMIT 20 [ RunTime:0.000313s ]
[2021-05-12T14:17:38+08:00][sql] SELECT article_id,article_title,click_num,FROM_UNIXTIME(add_time,'%Y-%m-%d') as add_time FROM `carver_article` ORDER BY `click_num` DESC LIMIT 3 [ RunTime:0.000378s ]
[2021-05-12T14:17:38+08:00][sql] SHOW FULL COLUMNS FROM `carver_comment` [ RunTime:0.000607s ]
[2021-05-12T14:17:38+08:00][sql] SELECT `a`.*,`b`.`user_name` FROM `carver_comment` `a` INNER JOIN `carver_user` `b` ON `a`.`user_id`=`b`.`user_id` WHERE  `article_id` = 8 ORDER BY `create_time` DESC [ RunTime:0.000368s ]
[2021-05-12T14:17:38+08:00][sql] SHOW FULL COLUMNS FROM `carver_comment_to_others` [ RunTime:0.000563s ]
[2021-05-12T14:17:38+08:00][sql] SELECT * FROM `carver_comment_to_others` [ RunTime:0.000242s ]
[2021-05-12T14:17:38+08:00][sql] SHOW FULL COLUMNS FROM `carver_user` [ RunTime:0.000498s ]
[2021-05-12T14:17:38+08:00][sql] SELECT `user_name` FROM `carver_user` WHERE  `user_id` = 4 LIMIT 1 [ RunTime:0.000285s ]
[2021-05-12T14:17:38+08:00][sql] SELECT `user_name` FROM `carver_user` WHERE  `user_id` = 4 LIMIT 1 [ RunTime:0.000212s ]
[2021-05-12T14:17:38+08:00][sql] SELECT `user_name` FROM `carver_user` WHERE  `user_id` = 5 LIMIT 1 [ RunTime:0.000210s ]
[2021-05-12T14:17:38+08:00][sql] SELECT `user_name` FROM `carver_user` WHERE  `user_id` = 5 LIMIT 1 [ RunTime:0.000224s ]
[2021-05-12T14:17:38+08:00][sql] SELECT `user_name` FROM `carver_user` WHERE  `user_id` = 37 LIMIT 1 [ RunTime:0.000215s ]
[2021-05-12T14:17:38+08:00][sql] SHOW FULL COLUMNS FROM `carver_navigation` [ RunTime:0.000524s ]
[2021-05-12T14:17:38+08:00][sql] SELECT * FROM `carver_navigation` [ RunTime:0.000236s ]
[2021-05-12T14:17:38+08:00][sql] SELECT `article_label` FROM `carver_article` [ RunTime:0.000273s ]
[2021-05-12T14:41:26+08:00][sql] CONNECT:[ UseTime:0.000538s ] mysql:host=127.0.0.1;port=3306;dbname=carver;charset=utf8
[2021-05-12T14:41:26+08:00][sql] SHOW FULL COLUMNS FROM `carver_user` [ RunTime:0.000854s ]
[2021-05-12T14:41:26+08:00][sql] SHOW FULL COLUMNS FROM `carver_article` [ RunTime:0.000777s ]
[2021-05-12T14:41:26+08:00][sql] SELECT COUNT(*) AS think_count FROM `carver_article` WHERE  `delete_time` = 0  AND `is_show` = 1 [ RunTime:0.000381s ]
[2021-05-12T14:41:26+08:00][sql] SELECT `article_id`,`article_title`,`article_desc`,`article_content`,`article_img`,`article_guide`,`article_label`,`click_num`,`is_show`,`add_time`,`article_author`,`is_top_show` FROM `carver_article` WHERE  `delete_time` = 0  AND `is_show` = 1 ORDER BY `article_id` DESC LIMIT 0,6 [ RunTime:0.001033s ]
[2021-05-12T14:41:26+08:00][sql] SELECT article_id,article_title,click_num,FROM_UNIXTIME(add_time,'%Y-%m-%d') as add_time FROM `carver_article` WHERE  `is_show` = 1  AND `delete_time` = 0 ORDER BY `click_num` DESC LIMIT 3 [ RunTime:0.000506s ]
[2021-05-12T14:41:26+08:00][sql] SHOW FULL COLUMNS FROM `carver_notice` [ RunTime:0.000550s ]
[2021-05-12T14:41:26+08:00][sql] SELECT * FROM `carver_notice` ORDER BY `create_time` DESC LIMIT 3 [ RunTime:0.000294s ]
[2021-05-12T14:41:26+08:00][sql] SHOW FULL COLUMNS FROM `carver_navigation` [ RunTime:0.000492s ]
[2021-05-12T14:41:26+08:00][sql] SELECT * FROM `carver_navigation` [ RunTime:0.000240s ]
[2021-05-12T14:41:26+08:00][sql] SHOW FULL COLUMNS FROM `carver_link` [ RunTime:0.000533s ]
[2021-05-12T14:41:26+08:00][sql] SELECT * FROM `carver_link` WHERE  ( is_confirm=2 ) LIMIT 20 [ RunTime:0.000280s ]
[2021-05-12T14:41:26+08:00][sql] SELECT `article_label` FROM `carver_article` [ RunTime:0.000288s ]
[2021-05-12T14:41:26+08:00][sql] SHOW FULL COLUMNS FROM `carver_carouse` [ RunTime:0.000490s ]
[2021-05-12T14:41:26+08:00][sql] SELECT `carouse_img`,`carouse_desc` FROM `carver_carouse` WHERE  `is_show` = 1 ORDER BY `carouse_sort` DESC LIMIT 3 [ RunTime:0.000288s ]
[2021-05-12T14:41:26+08:00][sql] SHOW FULL COLUMNS FROM `carver_site` [ RunTime:0.000494s ]
[2021-05-12T14:41:26+08:00][sql] SELECT * FROM `carver_site` [ RunTime:0.000227s ]
[2021-05-12T15:20:12+08:00][sql] CONNECT:[ UseTime:0.000996s ] mysql:host=127.0.0.1;port=3306;dbname=carver;charset=utf8
[2021-05-12T15:20:12+08:00][sql] SHOW FULL COLUMNS FROM `carver_user` [ RunTime:0.000854s ]
[2021-05-12T15:20:12+08:00][sql] SHOW FULL COLUMNS FROM `carver_article` [ RunTime:0.000725s ]
[2021-05-12T15:20:12+08:00][sql] SELECT COUNT(*) AS think_count FROM `carver_article` WHERE  `delete_time` = 0  AND `is_show` = 1 [ RunTime:0.000388s ]
[2021-05-12T15:20:12+08:00][sql] SELECT `article_id`,`article_title`,`article_desc`,`article_content`,`article_img`,`article_guide`,`article_label`,`click_num`,`is_show`,`add_time`,`article_author`,`is_top_show` FROM `carver_article` WHERE  `delete_time` = 0  AND `is_show` = 1 ORDER BY `article_id` DESC LIMIT 0,6 [ RunTime:0.000824s ]
[2021-05-12T15:20:12+08:00][sql] SELECT article_id,article_title,click_num,FROM_UNIXTIME(add_time,'%Y-%m-%d') as add_time FROM `carver_article` WHERE  `is_show` = 1  AND `delete_time` = 0 ORDER BY `click_num` DESC LIMIT 3 [ RunTime:0.000513s ]
[2021-05-12T15:20:12+08:00][sql] SHOW FULL COLUMNS FROM `carver_notice` [ RunTime:0.000597s ]
[2021-05-12T15:20:12+08:00][sql] SELECT * FROM `carver_notice` ORDER BY `create_time` DESC LIMIT 3 [ RunTime:0.000296s ]
[2021-05-12T15:20:12+08:00][sql] SHOW FULL COLUMNS FROM `carver_navigation` [ RunTime:0.000548s ]
[2021-05-12T15:20:12+08:00][sql] SELECT * FROM `carver_navigation` [ RunTime:0.000414s ]
[2021-05-12T15:20:12+08:00][sql] SHOW FULL COLUMNS FROM `carver_link` [ RunTime:0.000548s ]
[2021-05-12T15:20:12+08:00][sql] SELECT * FROM `carver_link` WHERE  ( is_confirm=2 ) LIMIT 20 [ RunTime:0.000294s ]
[2021-05-12T15:20:12+08:00][sql] SELECT `article_label` FROM `carver_article` [ RunTime:0.000298s ]
[2021-05-12T15:20:12+08:00][sql] SHOW FULL COLUMNS FROM `carver_carouse` [ RunTime:0.000511s ]
[2021-05-12T15:20:12+08:00][sql] SELECT `carouse_img`,`carouse_desc` FROM `carver_carouse` WHERE  `is_show` = 1 ORDER BY `carouse_sort` DESC LIMIT 3 [ RunTime:0.000320s ]
[2021-05-12T15:20:12+08:00][sql] SHOW FULL COLUMNS FROM `carver_site` [ RunTime:0.000484s ]
[2021-05-12T15:20:12+08:00][sql] SELECT * FROM `carver_site` [ RunTime:0.000252s ]
[2021-05-12T15:35:37+08:00][sql] CONNECT:[ UseTime:0.000632s ] mysql:host=127.0.0.1;port=3306;dbname=carver;charset=utf8
[2021-05-12T15:35:37+08:00][sql] SHOW FULL COLUMNS FROM `carver_article` [ RunTime:0.000891s ]
[2021-05-12T15:35:37+08:00][sql] SELECT `article_id`,`article_title`,`article_desc`,`article_content`,`article_img`,`article_guide`,`article_label`,`click_num`,`is_show`,`add_time`,`article_author` FROM `carver_article` WHERE  `article_id` = 1 LIMIT 1 [ RunTime:0.000512s ]
[2021-05-12T15:35:37+08:00][sql] SELECT `article_id`,`article_title`,`article_desc`,`article_content`,`article_img`,`article_guide`,`article_label`,`click_num`,`is_show`,`add_time`,`article_author` FROM `carver_article` WHERE  `article_id` > 1 LIMIT 1 [ RunTime:0.000383s ]
[2021-05-12T15:35:37+08:00][sql] SELECT `article_id`,`article_title`,`article_desc`,`article_content`,`article_img`,`article_guide`,`article_label`,`click_num`,`is_show`,`add_time`,`article_author` FROM `carver_article` WHERE  `article_id` < 1 ORDER BY `article_id` DESC LIMIT 1 [ RunTime:0.000304s ]
[2021-05-12T15:35:37+08:00][sql] SHOW FULL COLUMNS FROM `carver_link` [ RunTime:0.000538s ]
[2021-05-12T15:35:37+08:00][sql] SELECT * FROM `carver_link` WHERE  ( is_confirm=2 ) LIMIT 20 [ RunTime:0.000301s ]
[2021-05-12T15:35:37+08:00][sql] SELECT article_id,article_title,click_num,FROM_UNIXTIME(add_time,'%Y-%m-%d') as add_time FROM `carver_article` ORDER BY `click_num` DESC LIMIT 3 [ RunTime:0.000327s ]
[2021-05-12T15:35:37+08:00][sql] SHOW FULL COLUMNS FROM `carver_comment` [ RunTime:0.000547s ]
[2021-05-12T15:35:37+08:00][sql] SELECT `a`.*,`b`.`user_name` FROM `carver_comment` `a` INNER JOIN `carver_user` `b` ON `a`.`user_id`=`b`.`user_id` WHERE  `article_id` = 1 ORDER BY `create_time` DESC [ RunTime:0.000380s ]
[2021-05-12T15:35:37+08:00][sql] SHOW FULL COLUMNS FROM `carver_comment_to_others` [ RunTime:0.000538s ]
[2021-05-12T15:35:37+08:00][sql] SELECT * FROM `carver_comment_to_others` [ RunTime:0.000233s ]
[2021-05-12T15:35:37+08:00][sql] SHOW FULL COLUMNS FROM `carver_user` [ RunTime:0.000480s ]
[2021-05-12T15:35:37+08:00][sql] SELECT `user_name` FROM `carver_user` WHERE  `user_id` = 4 LIMIT 1 [ RunTime:0.000587s ]
[2021-05-12T15:35:37+08:00][sql] SELECT `user_name` FROM `carver_user` WHERE  `user_id` = 4 LIMIT 1 [ RunTime:0.000214s ]
[2021-05-12T15:35:37+08:00][sql] SELECT `user_name` FROM `carver_user` WHERE  `user_id` = 5 LIMIT 1 [ RunTime:0.000219s ]
[2021-05-12T15:35:37+08:00][sql] SELECT `user_name` FROM `carver_user` WHERE  `user_id` = 5 LIMIT 1 [ RunTime:0.000222s ]
[2021-05-12T15:35:37+08:00][sql] SELECT `user_name` FROM `carver_user` WHERE  `user_id` = 37 LIMIT 1 [ RunTime:0.000214s ]
[2021-05-12T15:35:37+08:00][sql] SELECT `user_name`,`user_id` FROM `carver_user` [ RunTime:0.000228s ]
[2021-05-12T15:35:37+08:00][sql] SHOW FULL COLUMNS FROM `carver_navigation` [ RunTime:0.000535s ]
[2021-05-12T15:35:37+08:00][sql] SELECT * FROM `carver_navigation` [ RunTime:0.000232s ]
[2021-05-12T15:35:37+08:00][sql] SELECT `article_label` FROM `carver_article` [ RunTime:0.000263s ]
[2021-05-12T15:35:39+08:00][sql] CONNECT:[ UseTime:0.000800s ] mysql:host=127.0.0.1;port=3306;dbname=carver;charset=utf8
[2021-05-12T15:35:39+08:00][sql] SHOW FULL COLUMNS FROM `carver_user` [ RunTime:0.000750s ]
[2021-05-12T15:35:39+08:00][sql] SHOW FULL COLUMNS FROM `carver_article` [ RunTime:0.000645s ]
[2021-05-12T15:35:39+08:00][sql] SELECT COUNT(*) AS think_count FROM `carver_article` WHERE  `delete_time` = 0  AND `is_show` = 1 [ RunTime:0.000347s ]
[2021-05-12T15:35:39+08:00][sql] SELECT `article_id`,`article_title`,`article_desc`,`article_content`,`article_img`,`article_guide`,`article_label`,`click_num`,`is_show`,`add_time`,`article_author`,`is_top_show` FROM `carver_article` WHERE  `delete_time` = 0  AND `is_show` = 1 ORDER BY `article_id` DESC LIMIT 0,6 [ RunTime:0.000696s ]
[2021-05-12T15:35:39+08:00][sql] SELECT article_id,article_title,click_num,FROM_UNIXTIME(add_time,'%Y-%m-%d') as add_time FROM `carver_article` WHERE  `is_show` = 1  AND `delete_time` = 0 ORDER BY `click_num` DESC LIMIT 3 [ RunTime:0.000397s ]
[2021-05-12T15:35:39+08:00][sql] SHOW FULL COLUMNS FROM `carver_notice` [ RunTime:0.000507s ]
[2021-05-12T15:35:39+08:00][sql] SELECT * FROM `carver_notice` ORDER BY `create_time` DESC LIMIT 3 [ RunTime:0.000259s ]
[2021-05-12T15:35:39+08:00][sql] SHOW FULL COLUMNS FROM `carver_navigation` [ RunTime:0.000491s ]
[2021-05-12T15:35:39+08:00][sql] SELECT * FROM `carver_navigation` [ RunTime:0.000231s ]
[2021-05-12T15:35:39+08:00][sql] SHOW FULL COLUMNS FROM `carver_link` [ RunTime:0.000465s ]
[2021-05-12T15:35:39+08:00][sql] SELECT * FROM `carver_link` WHERE  ( is_confirm=2 ) LIMIT 20 [ RunTime:0.000286s ]
[2021-05-12T15:35:39+08:00][sql] SELECT `article_label` FROM `carver_article` [ RunTime:0.000290s ]
[2021-05-12T15:35:39+08:00][sql] SHOW FULL COLUMNS FROM `carver_carouse` [ RunTime:0.000554s ]
[2021-05-12T15:35:39+08:00][sql] SELECT `carouse_img`,`carouse_desc` FROM `carver_carouse` WHERE  `is_show` = 1 ORDER BY `carouse_sort` DESC LIMIT 3 [ RunTime:0.000395s ]
[2021-05-12T15:35:39+08:00][sql] SHOW FULL COLUMNS FROM `carver_site` [ RunTime:0.000884s ]
[2021-05-12T15:35:39+08:00][sql] SELECT * FROM `carver_site` [ RunTime:0.000315s ]
[2021-05-12T16:21:30+08:00][sql] CONNECT:[ UseTime:0.000669s ] mysql:host=127.0.0.1;port=3306;dbname=carver;charset=utf8
[2021-05-12T16:21:30+08:00][sql] SHOW FULL COLUMNS FROM `carver_article` [ RunTime:0.001007s ]
[2021-05-12T16:21:30+08:00][sql] SELECT `article_id`,`article_title`,`article_desc`,`article_content`,`article_img`,`article_guide`,`article_label`,`click_num`,`is_show`,`add_time`,`article_author` FROM `carver_article` WHERE  `article_id` = 14 LIMIT 1 [ RunTime:0.000466s ]
[2021-05-12T16:21:30+08:00][sql] SELECT `article_id`,`article_title`,`article_desc`,`article_content`,`article_img`,`article_guide`,`article_label`,`click_num`,`is_show`,`add_time`,`article_author` FROM `carver_article` WHERE  `article_id` > 14 LIMIT 1 [ RunTime:0.001160s ]
[2021-05-12T16:21:30+08:00][sql] SELECT `article_id`,`article_title`,`article_desc`,`article_content`,`article_img`,`article_guide`,`article_label`,`click_num`,`is_show`,`add_time`,`article_author` FROM `carver_article` WHERE  `article_id` < 14 ORDER BY `article_id` DESC LIMIT 1 [ RunTime:0.000451s ]
[2021-05-12T16:21:30+08:00][sql] SHOW FULL COLUMNS FROM `carver_link` [ RunTime:0.000633s ]
[2021-05-12T16:21:30+08:00][sql] SELECT * FROM `carver_link` WHERE  ( is_confirm=2 ) LIMIT 20 [ RunTime:0.000366s ]
[2021-05-12T16:21:30+08:00][sql] SELECT article_id,article_title,click_num,FROM_UNIXTIME(add_time,'%Y-%m-%d') as add_time FROM `carver_article` ORDER BY `click_num` DESC LIMIT 3 [ RunTime:0.000407s ]
[2021-05-12T16:21:30+08:00][sql] SHOW FULL COLUMNS FROM `carver_comment` [ RunTime:0.000584s ]
[2021-05-12T16:21:30+08:00][sql] SELECT `a`.*,`b`.`user_name` FROM `carver_comment` `a` INNER JOIN `carver_user` `b` ON `a`.`user_id`=`b`.`user_id` WHERE  `article_id` = 14 ORDER BY `create_time` DESC [ RunTime:0.000393s ]
[2021-05-12T16:21:30+08:00][sql] SHOW FULL COLUMNS FROM `carver_comment_to_others` [ RunTime:0.000563s ]
[2021-05-12T16:21:30+08:00][sql] SELECT * FROM `carver_comment_to_others` [ RunTime:0.000243s ]
[2021-05-12T16:21:30+08:00][sql] SHOW FULL COLUMNS FROM `carver_user` [ RunTime:0.000555s ]
[2021-05-12T16:21:30+08:00][sql] SELECT `user_name` FROM `carver_user` WHERE  `user_id` = 4 LIMIT 1 [ RunTime:0.000258s ]
[2021-05-12T16:21:30+08:00][sql] SELECT `user_name` FROM `carver_user` WHERE  `user_id` = 4 LIMIT 1 [ RunTime:0.000269s ]
[2021-05-12T16:21:30+08:00][sql] SELECT `user_name` FROM `carver_user` WHERE  `user_id` = 5 LIMIT 1 [ RunTime:0.000212s ]
[2021-05-12T16:21:30+08:00][sql] SELECT `user_name` FROM `carver_user` WHERE  `user_id` = 5 LIMIT 1 [ RunTime:0.000214s ]
[2021-05-12T16:21:30+08:00][sql] SELECT `user_name` FROM `carver_user` WHERE  `user_id` = 37 LIMIT 1 [ RunTime:0.000245s ]
[2021-05-12T16:21:30+08:00][sql] SELECT `user_name`,`user_id` FROM `carver_user` [ RunTime:0.000252s ]
[2021-05-12T16:21:30+08:00][sql] SHOW FULL COLUMNS FROM `carver_navigation` [ RunTime:0.000590s ]
[2021-05-12T16:21:30+08:00][sql] SELECT * FROM `carver_navigation` [ RunTime:0.000258s ]
[2021-05-12T16:21:30+08:00][sql] SELECT `article_label` FROM `carver_article` [ RunTime:0.000317s ]
[2021-05-12T17:17:04+08:00][sql] CONNECT:[ UseTime:0.000534s ] mysql:host=127.0.0.1;port=3306;dbname=carver;charset=utf8
[2021-05-12T17:17:04+08:00][sql] SHOW FULL COLUMNS FROM `carver_article` [ RunTime:0.000971s ]
[2021-05-12T17:17:04+08:00][sql] SELECT COUNT(*) AS think_count FROM `carver_article` WHERE  `article_label` LIKE '%c  %'  AND `delete_time` = 0  AND `is_show` = 1 [ RunTime:0.000450s ]
[2021-05-12T17:17:04+08:00][sql] SELECT * FROM `carver_article` WHERE  `article_label` LIKE '%c  %'  AND `delete_time` = 0  AND `is_show` = 1 LIMIT 0,6 [ RunTime:0.001016s ]
[2021-05-12T17:17:04+08:00][sql] SELECT article_id,article_title,click_num,FROM_UNIXTIME(add_time,'%Y-%m-%d') as add_time FROM `carver_article` WHERE  `is_show` = 1  AND `delete_time` = 0 ORDER BY `click_num` DESC LIMIT 3 [ RunTime:0.000492s ]
[2021-05-12T17:17:04+08:00][sql] SHOW FULL COLUMNS FROM `carver_notice` [ RunTime:0.000674s ]
[2021-05-12T17:17:04+08:00][sql] SELECT * FROM `carver_notice` ORDER BY `create_time` DESC LIMIT 3 [ RunTime:0.000345s ]
[2021-05-12T17:17:04+08:00][sql] SHOW FULL COLUMNS FROM `carver_navigation` [ RunTime:0.000640s ]
[2021-05-12T17:17:04+08:00][sql] SELECT * FROM `carver_navigation` [ RunTime:0.000297s ]
[2021-05-12T17:17:04+08:00][sql] SHOW FULL COLUMNS FROM `carver_link` [ RunTime:0.000570s ]
[2021-05-12T17:17:04+08:00][sql] SELECT * FROM `carver_link` WHERE  ( is_confirm=2 ) LIMIT 20 [ RunTime:0.000328s ]
[2021-05-12T17:17:04+08:00][sql] SELECT `article_label` FROM `carver_article` [ RunTime:0.000294s ]
[2021-05-12T17:17:04+08:00][sql] SHOW FULL COLUMNS FROM `carver_carouse` [ RunTime:0.000586s ]
[2021-05-12T17:17:04+08:00][sql] SELECT `carouse_img`,`carouse_desc` FROM `carver_carouse` WHERE  `is_show` = 1 ORDER BY `carouse_sort` DESC LIMIT 3 [ RunTime:0.000300s ]
[2021-05-12T17:17:04+08:00][sql] SHOW FULL COLUMNS FROM `carver_site` [ RunTime:0.000571s ]
[2021-05-12T17:17:04+08:00][sql] SELECT * FROM `carver_site` [ RunTime:0.000262s ]
[2021-05-12T17:42:01+08:00][sql] CONNECT:[ UseTime:0.000593s ] mysql:host=127.0.0.1;port=3306;dbname=carver;charset=utf8
[2021-05-12T17:42:01+08:00][sql] SHOW FULL COLUMNS FROM `carver_article` [ RunTime:0.000964s ]
[2021-05-12T17:42:01+08:00][sql] SELECT `article_id`,`article_title`,`article_desc`,`article_content`,`article_img`,`article_guide`,`article_label`,`click_num`,`is_show`,`add_time`,`article_author` FROM `carver_article` WHERE  `article_id` = 10 LIMIT 1 [ RunTime:0.000534s ]
[2021-05-12T17:42:01+08:00][sql] SELECT `article_id`,`article_title`,`article_desc`,`article_content`,`article_img`,`article_guide`,`article_label`,`click_num`,`is_show`,`add_time`,`article_author` FROM `carver_article` WHERE  `article_id` > 10 LIMIT 1 [ RunTime:0.000388s ]
[2021-05-12T17:42:01+08:00][sql] SELECT `article_id`,`article_title`,`article_desc`,`article_content`,`article_img`,`article_guide`,`article_label`,`click_num`,`is_show`,`add_time`,`article_author` FROM `carver_article` WHERE  `article_id` < 10 ORDER BY `article_id` DESC LIMIT 1 [ RunTime:0.000541s ]
[2021-05-12T17:42:01+08:00][sql] SHOW FULL COLUMNS FROM `carver_link` [ RunTime:0.000648s ]
[2021-05-12T17:42:01+08:00][sql] SELECT * FROM `carver_link` WHERE  ( is_confirm=2 ) LIMIT 20 [ RunTime:0.000337s ]
[2021-05-12T17:42:01+08:00][sql] SELECT article_id,article_title,click_num,FROM_UNIXTIME(add_time,'%Y-%m-%d') as add_time FROM `carver_article` ORDER BY `click_num` DESC LIMIT 3 [ RunTime:0.000402s ]
[2021-05-12T17:42:01+08:00][sql] SHOW FULL COLUMNS FROM `carver_comment` [ RunTime:0.000631s ]
[2021-05-12T17:42:01+08:00][sql] SELECT `a`.*,`b`.`user_name` FROM `carver_comment` `a` INNER JOIN `carver_user` `b` ON `a`.`user_id`=`b`.`user_id` WHERE  `article_id` = 10 ORDER BY `create_time` DESC [ RunTime:0.000375s ]
[2021-05-12T17:42:01+08:00][sql] SHOW FULL COLUMNS FROM `carver_comment_to_others` [ RunTime:0.000646s ]
[2021-05-12T17:42:01+08:00][sql] SELECT * FROM `carver_comment_to_others` [ RunTime:0.000239s ]
[2021-05-12T17:42:01+08:00][sql] SHOW FULL COLUMNS FROM `carver_user` [ RunTime:0.000513s ]
[2021-05-12T17:42:01+08:00][sql] SELECT `user_name` FROM `carver_user` WHERE  `user_id` = 4 LIMIT 1 [ RunTime:0.000245s ]
[2021-05-12T17:42:01+08:00][sql] SELECT `user_name` FROM `carver_user` WHERE  `user_id` = 4 LIMIT 1 [ RunTime:0.000268s ]
[2021-05-12T17:42:01+08:00][sql] SELECT `user_name` FROM `carver_user` WHERE  `user_id` = 5 LIMIT 1 [ RunTime:0.000229s ]
[2021-05-12T17:42:01+08:00][sql] SELECT `user_name` FROM `carver_user` WHERE  `user_id` = 5 LIMIT 1 [ RunTime:0.000221s ]
[2021-05-12T17:42:01+08:00][sql] SELECT `user_name` FROM `carver_user` WHERE  `user_id` = 37 LIMIT 1 [ RunTime:0.000233s ]
[2021-05-12T17:42:01+08:00][sql] SELECT `user_name`,`user_id` FROM `carver_user` [ RunTime:0.000289s ]
[2021-05-12T17:42:01+08:00][sql] SHOW FULL COLUMNS FROM `carver_navigation` [ RunTime:0.000638s ]
[2021-05-12T17:42:01+08:00][sql] SELECT * FROM `carver_navigation` [ RunTime:0.000242s ]
[2021-05-12T17:42:01+08:00][sql] SELECT `article_label` FROM `carver_article` [ RunTime:0.000284s ]
[2021-05-12T18:13:44+08:00][sql] CONNECT:[ UseTime:0.000532s ] mysql:host=127.0.0.1;port=3306;dbname=carver;charset=utf8
[2021-05-12T18:13:44+08:00][sql] SHOW FULL COLUMNS FROM `carver_article` [ RunTime:0.000922s ]
[2021-05-12T18:13:44+08:00][sql] SELECT `article_id`,`article_title`,`article_desc`,`article_content`,`article_img`,`article_guide`,`article_label`,`click_num`,`is_show`,`add_time`,`article_author` FROM `carver_article` WHERE  `article_id` = 13 LIMIT 1 [ RunTime:0.000453s ]
[2021-05-12T18:13:44+08:00][sql] SELECT `article_id`,`article_title`,`article_desc`,`article_content`,`article_img`,`article_guide`,`article_label`,`click_num`,`is_show`,`add_time`,`article_author` FROM `carver_article` WHERE  `article_id` > 13 LIMIT 1 [ RunTime:0.000430s ]
[2021-05-12T18:13:44+08:00][sql] SELECT `article_id`,`article_title`,`article_desc`,`article_content`,`article_img`,`article_guide`,`article_label`,`click_num`,`is_show`,`add_time`,`article_author` FROM `carver_article` WHERE  `article_id` < 13 ORDER BY `article_id` DESC LIMIT 1 [ RunTime:0.000394s ]
[2021-05-12T18:13:44+08:00][sql] SHOW FULL COLUMNS FROM `carver_link` [ RunTime:0.000569s ]
[2021-05-12T18:13:44+08:00][sql] SELECT * FROM `carver_link` WHERE  ( is_confirm=2 ) LIMIT 20 [ RunTime:0.000321s ]
[2021-05-12T18:13:44+08:00][sql] SELECT article_id,article_title,click_num,FROM_UNIXTIME(add_time,'%Y-%m-%d') as add_time FROM `carver_article` ORDER BY `click_num` DESC LIMIT 3 [ RunTime:0.000352s ]
[2021-05-12T18:13:44+08:00][sql] SHOW FULL COLUMNS FROM `carver_comment` [ RunTime:0.000565s ]
[2021-05-12T18:13:44+08:00][sql] SELECT `a`.*,`b`.`user_name` FROM `carver_comment` `a` INNER JOIN `carver_user` `b` ON `a`.`user_id`=`b`.`user_id` WHERE  `article_id` = 13 ORDER BY `create_time` DESC [ RunTime:0.000407s ]
[2021-05-12T18:13:44+08:00][sql] SHOW FULL COLUMNS FROM `carver_comment_to_others` [ RunTime:0.000588s ]
[2021-05-12T18:13:44+08:00][sql] SELECT * FROM `carver_comment_to_others` [ RunTime:0.000277s ]
[2021-05-12T18:13:44+08:00][sql] SHOW FULL COLUMNS FROM `carver_user` [ RunTime:0.000451s ]
[2021-05-12T18:13:44+08:00][sql] SELECT `user_name` FROM `carver_user` WHERE  `user_id` = 4 LIMIT 1 [ RunTime:0.000277s ]
[2021-05-12T18:13:44+08:00][sql] SELECT `user_name` FROM `carver_user` WHERE  `user_id` = 4 LIMIT 1 [ RunTime:0.000231s ]
[2021-05-12T18:13:44+08:00][sql] SELECT `user_name` FROM `carver_user` WHERE  `user_id` = 5 LIMIT 1 [ RunTime:0.000208s ]
[2021-05-12T18:13:44+08:00][sql] SELECT `user_name` FROM `carver_user` WHERE  `user_id` = 5 LIMIT 1 [ RunTime:0.000516s ]
[2021-05-12T18:13:44+08:00][sql] SELECT `user_name` FROM `carver_user` WHERE  `user_id` = 37 LIMIT 1 [ RunTime:0.000221s ]
[2021-05-12T18:13:44+08:00][sql] SELECT `user_name`,`user_id` FROM `carver_user` [ RunTime:0.000232s ]
[2021-05-12T18:13:44+08:00][sql] SHOW FULL COLUMNS FROM `carver_navigation` [ RunTime:0.000572s ]
[2021-05-12T18:13:44+08:00][sql] SELECT * FROM `carver_navigation` [ RunTime:0.000265s ]
[2021-05-12T18:13:44+08:00][sql] SELECT `article_label` FROM `carver_article` [ RunTime:0.000255s ]
[2021-05-12T19:18:09+08:00][sql] CONNECT:[ UseTime:0.000601s ] mysql:host=127.0.0.1;port=3306;dbname=carver;charset=utf8
[2021-05-12T19:18:09+08:00][sql] SHOW FULL COLUMNS FROM `carver_article` [ RunTime:0.000878s ]
[2021-05-12T19:18:09+08:00][sql] SELECT `article_id`,`article_title`,`article_desc`,`article_content`,`article_img`,`article_guide`,`article_label`,`click_num`,`is_show`,`add_time`,`article_author` FROM `carver_article` WHERE  `article_id` = 12 LIMIT 1 [ RunTime:0.000449s ]
[2021-05-12T19:18:09+08:00][sql] SELECT `article_id`,`article_title`,`article_desc`,`article_content`,`article_img`,`article_guide`,`article_label`,`click_num`,`is_show`,`add_time`,`article_author` FROM `carver_article` WHERE  `article_id` > 12 LIMIT 1 [ RunTime:0.000381s ]
[2021-05-12T19:18:09+08:00][sql] SELECT `article_id`,`article_title`,`article_desc`,`article_content`,`article_img`,`article_guide`,`article_label`,`click_num`,`is_show`,`add_time`,`article_author` FROM `carver_article` WHERE  `article_id` < 12 ORDER BY `article_id` DESC LIMIT 1 [ RunTime:0.000344s ]
[2021-05-12T19:18:09+08:00][sql] SHOW FULL COLUMNS FROM `carver_link` [ RunTime:0.000564s ]
[2021-05-12T19:18:09+08:00][sql] SELECT * FROM `carver_link` WHERE  ( is_confirm=2 ) LIMIT 20 [ RunTime:0.000334s ]
[2021-05-12T19:18:09+08:00][sql] SELECT article_id,article_title,click_num,FROM_UNIXTIME(add_time,'%Y-%m-%d') as add_time FROM `carver_article` ORDER BY `click_num` DESC LIMIT 3 [ RunTime:0.000358s ]
[2021-05-12T19:18:09+08:00][sql] SHOW FULL COLUMNS FROM `carver_comment` [ RunTime:0.000585s ]
[2021-05-12T19:18:09+08:00][sql] SELECT `a`.*,`b`.`user_name` FROM `carver_comment` `a` INNER JOIN `carver_user` `b` ON `a`.`user_id`=`b`.`user_id` WHERE  `article_id` = 12 ORDER BY `create_time` DESC [ RunTime:0.000468s ]
[2021-05-12T19:18:09+08:00][sql] SHOW FULL COLUMNS FROM `carver_comment_to_others` [ RunTime:0.000587s ]
[2021-05-12T19:18:09+08:00][sql] SELECT * FROM `carver_comment_to_others` [ RunTime:0.000266s ]
[2021-05-12T19:18:09+08:00][sql] SHOW FULL COLUMNS FROM `carver_user` [ RunTime:0.000503s ]
[2021-05-12T19:18:09+08:00][sql] SELECT `user_name` FROM `carver_user` WHERE  `user_id` = 4 LIMIT 1 [ RunTime:0.000249s ]
[2021-05-12T19:18:09+08:00][sql] SELECT `user_name` FROM `carver_user` WHERE  `user_id` = 4 LIMIT 1 [ RunTime:0.000232s ]
[2021-05-12T19:18:09+08:00][sql] SELECT `user_name` FROM `carver_user` WHERE  `user_id` = 5 LIMIT 1 [ RunTime:0.000222s ]
[2021-05-12T19:18:09+08:00][sql] SELECT `user_name` FROM `carver_user` WHERE  `user_id` = 5 LIMIT 1 [ RunTime:0.000244s ]
[2021-05-12T19:18:09+08:00][sql] SELECT `user_name` FROM `carver_user` WHERE  `user_id` = 37 LIMIT 1 [ RunTime:0.000230s ]
[2021-05-12T19:18:09+08:00][sql] SELECT `user_name`,`user_id` FROM `carver_user` [ RunTime:0.000253s ]
[2021-05-12T19:18:09+08:00][sql] SHOW FULL COLUMNS FROM `carver_navigation` [ RunTime:0.000525s ]
[2021-05-12T19:18:09+08:00][sql] SELECT * FROM `carver_navigation` [ RunTime:0.000291s ]
[2021-05-12T19:18:09+08:00][sql] SELECT `article_label` FROM `carver_article` [ RunTime:0.000274s ]
[2021-05-12T19:53:46+08:00][sql] CONNECT:[ UseTime:0.000716s ] mysql:host=127.0.0.1;port=3306;dbname=carver;charset=utf8
[2021-05-12T19:53:46+08:00][sql] SHOW FULL COLUMNS FROM `carver_article` [ RunTime:0.000907s ]
[2021-05-12T19:53:46+08:00][sql] SELECT COUNT(*) AS think_count FROM `carver_article` WHERE  `article_label` LIKE '%c%'  AND `delete_time` = 0  AND `is_show` = 1 [ RunTime:0.000414s ]
[2021-05-12T19:53:46+08:00][sql] SELECT * FROM `carver_article` WHERE  `article_label` LIKE '%c%'  AND `delete_time` = 0  AND `is_show` = 1 LIMIT 0,6 [ RunTime:0.001270s ]
[2021-05-12T19:53:46+08:00][sql] SELECT article_id,article_title,click_num,FROM_UNIXTIME(add_time,'%Y-%m-%d') as add_time FROM `carver_article` WHERE  `is_show` = 1  AND `delete_time` = 0 ORDER BY `click_num` DESC LIMIT 3 [ RunTime:0.000409s ]
[2021-05-12T19:53:46+08:00][sql] SHOW FULL COLUMNS FROM `carver_notice` [ RunTime:0.000625s ]
[2021-05-12T19:53:46+08:00][sql] SELECT * FROM `carver_notice` ORDER BY `create_time` DESC LIMIT 3 [ RunTime:0.000261s ]
[2021-05-12T19:53:46+08:00][sql] SHOW FULL COLUMNS FROM `carver_navigation` [ RunTime:0.000869s ]
[2021-05-12T19:53:46+08:00][sql] SELECT * FROM `carver_navigation` [ RunTime:0.000247s ]
[2021-05-12T19:53:46+08:00][sql] SHOW FULL COLUMNS FROM `carver_link` [ RunTime:0.000496s ]
[2021-05-12T19:53:46+08:00][sql] SELECT * FROM `carver_link` WHERE  ( is_confirm=2 ) LIMIT 20 [ RunTime:0.000261s ]
[2021-05-12T19:53:46+08:00][sql] SELECT `article_label` FROM `carver_article` [ RunTime:0.000257s ]
[2021-05-12T19:53:46+08:00][sql] SHOW FULL COLUMNS FROM `carver_carouse` [ RunTime:0.000489s ]
[2021-05-12T19:53:46+08:00][sql] SELECT `carouse_img`,`carouse_desc` FROM `carver_carouse` WHERE  `is_show` = 1 ORDER BY `carouse_sort` DESC LIMIT 3 [ RunTime:0.000285s ]
[2021-05-12T19:53:46+08:00][sql] SHOW FULL COLUMNS FROM `carver_site` [ RunTime:0.000490s ]
[2021-05-12T19:53:46+08:00][sql] SELECT * FROM `carver_site` [ RunTime:0.000228s ]
[2021-05-12T20:02:27+08:00][sql] CONNECT:[ UseTime:0.000546s ] mysql:host=127.0.0.1;port=3306;dbname=carver;charset=utf8
[2021-05-12T20:02:27+08:00][sql] SHOW FULL COLUMNS FROM `carver_user` [ RunTime:0.000901s ]
[2021-05-12T20:02:27+08:00][sql] SHOW FULL COLUMNS FROM `carver_article` [ RunTime:0.000707s ]
[2021-05-12T20:02:27+08:00][sql] SELECT COUNT(*) AS think_count FROM `carver_article` WHERE  `delete_time` = 0  AND `is_show` = 1 [ RunTime:0.000398s ]
[2021-05-12T20:02:27+08:00][sql] SELECT `article_id`,`article_title`,`article_desc`,`article_content`,`article_img`,`article_guide`,`article_label`,`click_num`,`is_show`,`add_time`,`article_author`,`is_top_show` FROM `carver_article` WHERE  `delete_time` = 0  AND `is_show` = 1 ORDER BY `article_id` DESC LIMIT 0,6 [ RunTime:0.000668s ]
[2021-05-12T20:02:27+08:00][sql] SELECT article_id,article_title,click_num,FROM_UNIXTIME(add_time,'%Y-%m-%d') as add_time FROM `carver_article` WHERE  `is_show` = 1  AND `delete_time` = 0 ORDER BY `click_num` DESC LIMIT 3 [ RunTime:0.000581s ]
[2021-05-12T20:02:27+08:00][sql] SHOW FULL COLUMNS FROM `carver_notice` [ RunTime:0.000674s ]
[2021-05-12T20:02:27+08:00][sql] SELECT * FROM `carver_notice` ORDER BY `create_time` DESC LIMIT 3 [ RunTime:0.000289s ]
[2021-05-12T20:02:27+08:00][sql] SHOW FULL COLUMNS FROM `carver_navigation` [ RunTime:0.000516s ]
[2021-05-12T20:02:27+08:00][sql] SELECT * FROM `carver_navigation` [ RunTime:0.000302s ]
[2021-05-12T20:02:27+08:00][sql] SHOW FULL COLUMNS FROM `carver_link` [ RunTime:0.000644s ]
[2021-05-12T20:02:27+08:00][sql] SELECT * FROM `carver_link` WHERE  ( is_confirm=2 ) LIMIT 20 [ RunTime:0.000300s ]
[2021-05-12T20:02:27+08:00][sql] SELECT `article_label` FROM `carver_article` [ RunTime:0.000304s ]
[2021-05-12T20:02:27+08:00][sql] SHOW FULL COLUMNS FROM `carver_carouse` [ RunTime:0.000562s ]
[2021-05-12T20:02:27+08:00][sql] SELECT `carouse_img`,`carouse_desc` FROM `carver_carouse` WHERE  `is_show` = 1 ORDER BY `carouse_sort` DESC LIMIT 3 [ RunTime:0.000343s ]
[2021-05-12T20:02:27+08:00][sql] SHOW FULL COLUMNS FROM `carver_site` [ RunTime:0.000531s ]
[2021-05-12T20:02:27+08:00][sql] SELECT * FROM `carver_site` [ RunTime:0.000291s ]
[2021-05-12T22:50:12+08:00][sql] CONNECT:[ UseTime:0.000554s ] mysql:host=127.0.0.1;port=3306;dbname=carver;charset=utf8
[2021-05-12T22:50:12+08:00][sql] SHOW FULL COLUMNS FROM `carver_user` [ RunTime:0.000835s ]
[2021-05-12T22:50:12+08:00][sql] SHOW FULL COLUMNS FROM `carver_article` [ RunTime:0.000769s ]
[2021-05-12T22:50:12+08:00][sql] SELECT COUNT(*) AS think_count FROM `carver_article` WHERE  `delete_time` = 0  AND `is_show` = 1 [ RunTime:0.000404s ]
[2021-05-12T22:50:12+08:00][sql] SELECT `article_id`,`article_title`,`article_desc`,`article_content`,`article_img`,`article_guide`,`article_label`,`click_num`,`is_show`,`add_time`,`article_author`,`is_top_show` FROM `carver_article` WHERE  `delete_time` = 0  AND `is_show` = 1 ORDER BY `article_id` DESC LIMIT 0,6 [ RunTime:0.000632s ]
[2021-05-12T22:50:12+08:00][sql] SELECT article_id,article_title,click_num,FROM_UNIXTIME(add_time,'%Y-%m-%d') as add_time FROM `carver_article` WHERE  `is_show` = 1  AND `delete_time` = 0 ORDER BY `click_num` DESC LIMIT 3 [ RunTime:0.000514s ]
[2021-05-12T22:50:12+08:00][sql] SHOW FULL COLUMNS FROM `carver_notice` [ RunTime:0.000623s ]
[2021-05-12T22:50:12+08:00][sql] SELECT * FROM `carver_notice` ORDER BY `create_time` DESC LIMIT 3 [ RunTime:0.000278s ]
[2021-05-12T22:50:12+08:00][sql] SHOW FULL COLUMNS FROM `carver_navigation` [ RunTime:0.000535s ]
[2021-05-12T22:50:12+08:00][sql] SELECT * FROM `carver_navigation` [ RunTime:0.000270s ]
[2021-05-12T22:50:12+08:00][sql] SHOW FULL COLUMNS FROM `carver_link` [ RunTime:0.000585s ]
[2021-05-12T22:50:12+08:00][sql] SELECT * FROM `carver_link` WHERE  ( is_confirm=2 ) LIMIT 20 [ RunTime:0.000306s ]
[2021-05-12T22:50:12+08:00][sql] SELECT `article_label` FROM `carver_article` [ RunTime:0.000293s ]
[2021-05-12T22:50:12+08:00][sql] SHOW FULL COLUMNS FROM `carver_carouse` [ RunTime:0.000503s ]
[2021-05-12T22:50:12+08:00][sql] SELECT `carouse_img`,`carouse_desc` FROM `carver_carouse` WHERE  `is_show` = 1 ORDER BY `carouse_sort` DESC LIMIT 3 [ RunTime:0.000320s ]
[2021-05-12T22:50:12+08:00][sql] SHOW FULL COLUMNS FROM `carver_site` [ RunTime:0.000485s ]
[2021-05-12T22:50:12+08:00][sql] SELECT * FROM `carver_site` [ RunTime:0.000257s ]
[2021-05-12T22:50:39+08:00][sql] CONNECT:[ UseTime:0.000565s ] mysql:host=127.0.0.1;port=3306;dbname=carver;charset=utf8
[2021-05-12T22:50:39+08:00][sql] SHOW FULL COLUMNS FROM `carver_article` [ RunTime:0.000914s ]
[2021-05-12T22:50:39+08:00][sql] SELECT COUNT(*) AS think_count FROM `carver_article` WHERE  `article_guide` = 6  AND `delete_time` = 0  AND `is_show` = 1 [ RunTime:0.000392s ]
[2021-05-12T22:50:39+08:00][sql] SELECT * FROM `carver_article` WHERE  `article_guide` = 6  AND `delete_time` = 0  AND `is_show` = 1 ORDER BY `add_time` DESC LIMIT 0,6 [ RunTime:0.000732s ]
[2021-05-12T22:50:39+08:00][sql] SELECT article_id,article_title,click_num,FROM_UNIXTIME(add_time,'%Y-%m-%d') as add_time FROM `carver_article` WHERE  `is_show` = 1  AND `delete_time` = 0 ORDER BY `click_num` DESC LIMIT 3 [ RunTime:0.000406s ]
[2021-05-12T22:50:39+08:00][sql] SHOW FULL COLUMNS FROM `carver_notice` [ RunTime:0.000566s ]
[2021-05-12T22:50:39+08:00][sql] SELECT * FROM `carver_notice` ORDER BY `create_time` DESC LIMIT 3 [ RunTime:0.000269s ]
[2021-05-12T22:50:39+08:00][sql] SHOW FULL COLUMNS FROM `carver_navigation` [ RunTime:0.000494s ]
[2021-05-12T22:50:39+08:00][sql] SELECT * FROM `carver_navigation` [ RunTime:0.000235s ]
[2021-05-12T22:50:39+08:00][sql] SELECT `article_label` FROM `carver_article` [ RunTime:0.000246s ]
[2021-05-12T22:50:39+08:00][sql] SHOW FULL COLUMNS FROM `carver_carouse` [ RunTime:0.000484s ]
[2021-05-12T22:50:39+08:00][sql] SELECT `carouse_img`,`carouse_desc` FROM `carver_carouse` WHERE  `is_show` = 1 ORDER BY `carouse_sort` DESC LIMIT 3 [ RunTime:0.000275s ]
[2021-05-12T22:50:39+08:00][sql] SHOW FULL COLUMNS FROM `carver_link` [ RunTime:0.000511s ]
[2021-05-12T22:50:39+08:00][sql] SELECT * FROM `carver_link` WHERE  ( is_confirm=2 ) LIMIT 20 [ RunTime:0.000336s ]
[2021-05-12T22:50:39+08:00][sql] SHOW FULL COLUMNS FROM `carver_site` [ RunTime:0.000569s ]
[2021-05-12T22:50:39+08:00][sql] SELECT * FROM `carver_site` [ RunTime:0.000240s ]
