[2021-05-13T02:32:45+08:00][sql] CONNECT:[ UseTime:0.000567s ] mysql:host=127.0.0.1;port=3306;dbname=carver;charset=utf8
[2021-05-13T02:32:45+08:00][sql] SHOW FULL COLUMNS FROM `carver_article` [ RunTime:0.000940s ]
[2021-05-13T02:32:45+08:00][sql] SELECT `article_id`,`article_title`,`article_desc`,`article_content`,`article_img`,`article_guide`,`article_label`,`click_num`,`is_show`,`add_time`,`article_author` FROM `carver_article` WHERE  `article_id` = 1 LIMIT 1 [ RunTime:0.000503s ]
[2021-05-13T02:32:45+08:00][sql] SELECT `article_id`,`article_title`,`article_desc`,`article_content`,`article_img`,`article_guide`,`article_label`,`click_num`,`is_show`,`add_time`,`article_author` FROM `carver_article` WHERE  `article_id` > 1 LIMIT 1 [ RunTime:0.000380s ]
[2021-05-13T02:32:45+08:00][sql] SELECT `article_id`,`article_title`,`article_desc`,`article_content`,`article_img`,`article_guide`,`article_label`,`click_num`,`is_show`,`add_time`,`article_author` FROM `carver_article` WHERE  `article_id` < 1 ORDER BY `article_id` DESC LIMIT 1 [ RunTime:0.000298s ]
[2021-05-13T02:32:45+08:00][sql] SHOW FULL COLUMNS FROM `carver_link` [ RunTime:0.000542s ]
[2021-05-13T02:32:45+08:00][sql] SELECT * FROM `carver_link` WHERE  ( is_confirm=2 ) LIMIT 20 [ RunTime:0.000324s ]
[2021-05-13T02:32:45+08:00][sql] SELECT article_id,article_title,click_num,FROM_UNIXTIME(add_time,'%Y-%m-%d') as add_time FROM `carver_article` ORDER BY `click_num` DESC LIMIT 3 [ RunTime:0.000555s ]
[2021-05-13T02:32:45+08:00][sql] SHOW FULL COLUMNS FROM `carver_comment` [ RunTime:0.000531s ]
[2021-05-13T02:32:45+08:00][sql] SELECT `a`.*,`b`.`user_name` FROM `carver_comment` `a` INNER JOIN `carver_user` `b` ON `a`.`user_id`=`b`.`user_id` WHERE  `article_id` = 1 ORDER BY `create_time` DESC [ RunTime:0.000339s ]
[2021-05-13T02:32:45+08:00][sql] SHOW FULL COLUMNS FROM `carver_comment_to_others` [ RunTime:0.000489s ]
[2021-05-13T02:32:45+08:00][sql] SELECT * FROM `carver_comment_to_others` [ RunTime:0.000227s ]
[2021-05-13T02:32:45+08:00][sql] SHOW FULL COLUMNS FROM `carver_user` [ RunTime:0.000508s ]
[2021-05-13T02:32:45+08:00][sql] SELECT `user_name` FROM `carver_user` WHERE  `user_id` = 4 LIMIT 1 [ RunTime:0.000224s ]
[2021-05-13T02:32:45+08:00][sql] SELECT `user_name` FROM `carver_user` WHERE  `user_id` = 4 LIMIT 1 [ RunTime:0.000216s ]
[2021-05-13T02:32:45+08:00][sql] SELECT `user_name` FROM `carver_user` WHERE  `user_id` = 5 LIMIT 1 [ RunTime:0.000202s ]
[2021-05-13T02:32:45+08:00][sql] SELECT `user_name` FROM `carver_user` WHERE  `user_id` = 5 LIMIT 1 [ RunTime:0.000212s ]
[2021-05-13T02:32:45+08:00][sql] SELECT `user_name` FROM `carver_user` WHERE  `user_id` = 37 LIMIT 1 [ RunTime:0.000222s ]
[2021-05-13T02:32:45+08:00][sql] SELECT `user_name`,`user_id` FROM `carver_user` [ RunTime:0.000237s ]
[2021-05-13T02:32:45+08:00][sql] SHOW FULL COLUMNS FROM `carver_navigation` [ RunTime:0.000477s ]
[2021-05-13T02:32:45+08:00][sql] SELECT * FROM `carver_navigation` [ RunTime:0.000246s ]
[2021-05-13T02:32:45+08:00][sql] SELECT `article_label` FROM `carver_article` [ RunTime:0.000252s ]
[2021-05-13T03:26:46+08:00][sql] CONNECT:[ UseTime:0.000587s ] mysql:host=127.0.0.1;port=3306;dbname=carver;charset=utf8
[2021-05-13T03:26:46+08:00][sql] SHOW FULL COLUMNS FROM `carver_user` [ RunTime:0.000828s ]
[2021-05-13T03:35:13+08:00][sql] CONNECT:[ UseTime:0.000629s ] mysql:host=127.0.0.1;port=3306;dbname=carver;charset=utf8
[2021-05-13T03:35:13+08:00][sql] SHOW FULL COLUMNS FROM `carver_article` [ RunTime:0.000948s ]
[2021-05-13T03:35:13+08:00][sql] SELECT COUNT(*) AS think_count FROM `carver_article` WHERE  `article_label` LIKE '%php%'  AND `delete_time` = 0  AND `is_show` = 1 [ RunTime:0.000524s ]
[2021-05-13T03:35:13+08:00][sql] SELECT * FROM `carver_article` WHERE  `article_label` LIKE '%php%'  AND `delete_time` = 0  AND `is_show` = 1 LIMIT 0,6 [ RunTime:0.000922s ]
[2021-05-13T03:35:13+08:00][sql] SELECT article_id,article_title,click_num,FROM_UNIXTIME(add_time,'%Y-%m-%d') as add_time FROM `carver_article` WHERE  `is_show` = 1  AND `delete_time` = 0 ORDER BY `click_num` DESC LIMIT 3 [ RunTime:0.000484s ]
[2021-05-13T03:35:13+08:00][sql] SHOW FULL COLUMNS FROM `carver_notice` [ RunTime:0.000768s ]
[2021-05-13T03:35:13+08:00][sql] SELECT * FROM `carver_notice` ORDER BY `create_time` DESC LIMIT 3 [ RunTime:0.000370s ]
[2021-05-13T03:35:13+08:00][sql] SHOW FULL COLUMNS FROM `carver_navigation` [ RunTime:0.000683s ]
[2021-05-13T03:35:13+08:00][sql] SELECT * FROM `carver_navigation` [ RunTime:0.000267s ]
[2021-05-13T03:35:13+08:00][sql] SHOW FULL COLUMNS FROM `carver_link` [ RunTime:0.000525s ]
[2021-05-13T03:35:13+08:00][sql] SELECT * FROM `carver_link` WHERE  ( is_confirm=2 ) LIMIT 20 [ RunTime:0.000276s ]
[2021-05-13T03:35:13+08:00][sql] SELECT `article_label` FROM `carver_article` [ RunTime:0.000257s ]
[2021-05-13T03:35:13+08:00][sql] SHOW FULL COLUMNS FROM `carver_carouse` [ RunTime:0.000525s ]
[2021-05-13T03:35:13+08:00][sql] SELECT `carouse_img`,`carouse_desc` FROM `carver_carouse` WHERE  `is_show` = 1 ORDER BY `carouse_sort` DESC LIMIT 3 [ RunTime:0.000287s ]
[2021-05-13T03:35:13+08:00][sql] SHOW FULL COLUMNS FROM `carver_site` [ RunTime:0.000446s ]
[2021-05-13T03:35:13+08:00][sql] SELECT * FROM `carver_site` [ RunTime:0.000228s ]
[2021-05-13T05:30:55+08:00][sql] CONNECT:[ UseTime:0.000575s ] mysql:host=127.0.0.1;port=3306;dbname=carver;charset=utf8
[2021-05-13T05:30:55+08:00][sql] SHOW FULL COLUMNS FROM `carver_user` [ RunTime:0.000867s ]
[2021-05-13T05:30:55+08:00][sql] SHOW FULL COLUMNS FROM `carver_article` [ RunTime:0.000753s ]
[2021-05-13T05:30:55+08:00][sql] SELECT COUNT(*) AS think_count FROM `carver_article` WHERE  `delete_time` = 0  AND `is_show` = 1 [ RunTime:0.000395s ]
[2021-05-13T05:30:55+08:00][sql] SELECT `article_id`,`article_title`,`article_desc`,`article_content`,`article_img`,`article_guide`,`article_label`,`click_num`,`is_show`,`add_time`,`article_author`,`is_top_show` FROM `carver_article` WHERE  `delete_time` = 0  AND `is_show` = 1 ORDER BY `article_id` DESC LIMIT 0,6 [ RunTime:0.000643s ]
[2021-05-13T05:30:55+08:00][sql] SELECT article_id,article_title,click_num,FROM_UNIXTIME(add_time,'%Y-%m-%d') as add_time FROM `carver_article` WHERE  `is_show` = 1  AND `delete_time` = 0 ORDER BY `click_num` DESC LIMIT 3 [ RunTime:0.000488s ]
[2021-05-13T05:30:55+08:00][sql] SHOW FULL COLUMNS FROM `carver_notice` [ RunTime:0.000645s ]
[2021-05-13T05:30:55+08:00][sql] SELECT * FROM `carver_notice` ORDER BY `create_time` DESC LIMIT 3 [ RunTime:0.000274s ]
[2021-05-13T05:30:55+08:00][sql] SHOW FULL COLUMNS FROM `carver_navigation` [ RunTime:0.000559s ]
[2021-05-13T05:30:55+08:00][sql] SELECT * FROM `carver_navigation` [ RunTime:0.000254s ]
[2021-05-13T05:30:55+08:00][sql] SHOW FULL COLUMNS FROM `carver_link` [ RunTime:0.000508s ]
[2021-05-13T05:30:55+08:00][sql] SELECT * FROM `carver_link` WHERE  ( is_confirm=2 ) LIMIT 20 [ RunTime:0.000306s ]
[2021-05-13T05:30:55+08:00][sql] SELECT `article_label` FROM `carver_article` [ RunTime:0.000287s ]
[2021-05-13T05:30:55+08:00][sql] SHOW FULL COLUMNS FROM `carver_carouse` [ RunTime:0.000560s ]
[2021-05-13T05:30:55+08:00][sql] SELECT `carouse_img`,`carouse_desc` FROM `carver_carouse` WHERE  `is_show` = 1 ORDER BY `carouse_sort` DESC LIMIT 3 [ RunTime:0.000302s ]
[2021-05-13T05:30:55+08:00][sql] SHOW FULL COLUMNS FROM `carver_site` [ RunTime:0.000549s ]
[2021-05-13T05:30:55+08:00][sql] SELECT * FROM `carver_site` [ RunTime:0.000250s ]
[2021-05-13T06:24:21+08:00][sql] CONNECT:[ UseTime:0.000519s ] mysql:host=127.0.0.1;port=3306;dbname=carver;charset=utf8
[2021-05-13T06:24:21+08:00][sql] SHOW FULL COLUMNS FROM `carver_user` [ RunTime:0.000844s ]
[2021-05-13T06:24:21+08:00][sql] SHOW FULL COLUMNS FROM `carver_article` [ RunTime:0.000679s ]
[2021-05-13T06:24:21+08:00][sql] SELECT COUNT(*) AS think_count FROM `carver_article` WHERE  `delete_time` = 0  AND `is_show` = 1 [ RunTime:0.000374s ]
[2021-05-13T06:24:21+08:00][sql] SELECT `article_id`,`article_title`,`article_desc`,`article_content`,`article_img`,`article_guide`,`article_label`,`click_num`,`is_show`,`add_time`,`article_author`,`is_top_show` FROM `carver_article` WHERE  `delete_time` = 0  AND `is_show` = 1 ORDER BY `article_id` DESC LIMIT 0,6 [ RunTime:0.000653s ]
[2021-05-13T06:24:21+08:00][sql] SELECT article_id,article_title,click_num,FROM_UNIXTIME(add_time,'%Y-%m-%d') as add_time FROM `carver_article` WHERE  `is_show` = 1  AND `delete_time` = 0 ORDER BY `click_num` DESC LIMIT 3 [ RunTime:0.000500s ]
[2021-05-13T06:24:21+08:00][sql] SHOW FULL COLUMNS FROM `carver_notice` [ RunTime:0.000572s ]
[2021-05-13T06:24:21+08:00][sql] SELECT * FROM `carver_notice` ORDER BY `create_time` DESC LIMIT 3 [ RunTime:0.000272s ]
[2021-05-13T06:24:21+08:00][sql] SHOW FULL COLUMNS FROM `carver_navigation` [ RunTime:0.000542s ]
[2021-05-13T06:24:21+08:00][sql] SELECT * FROM `carver_navigation` [ RunTime:0.000235s ]
[2021-05-13T06:24:21+08:00][sql] SHOW FULL COLUMNS FROM `carver_link` [ RunTime:0.000537s ]
[2021-05-13T06:24:21+08:00][sql] SELECT * FROM `carver_link` WHERE  ( is_confirm=2 ) LIMIT 20 [ RunTime:0.000334s ]
[2021-05-13T06:24:21+08:00][sql] SELECT `article_label` FROM `carver_article` [ RunTime:0.000298s ]
[2021-05-13T06:24:21+08:00][sql] SHOW FULL COLUMNS FROM `carver_carouse` [ RunTime:0.000593s ]
[2021-05-13T06:24:21+08:00][sql] SELECT `carouse_img`,`carouse_desc` FROM `carver_carouse` WHERE  `is_show` = 1 ORDER BY `carouse_sort` DESC LIMIT 3 [ RunTime:0.000327s ]
[2021-05-13T06:24:21+08:00][sql] SHOW FULL COLUMNS FROM `carver_site` [ RunTime:0.000517s ]
[2021-05-13T06:24:21+08:00][sql] SELECT * FROM `carver_site` [ RunTime:0.000329s ]
[2021-05-13T09:44:05+08:00][sql] CONNECT:[ UseTime:0.000560s ] mysql:host=127.0.0.1;port=3306;dbname=carver;charset=utf8
[2021-05-13T09:44:05+08:00][sql] SHOW FULL COLUMNS FROM `carver_article` [ RunTime:0.000900s ]
[2021-05-13T09:44:05+08:00][sql] SELECT `article_id`,`article_title`,`article_desc`,`article_content`,`article_img`,`article_guide`,`article_label`,`click_num`,`is_show`,`add_time`,`article_author` FROM `carver_article` WHERE  `article_id` = 17/ LIMIT 1 [ RunTime:0.000584s ]
[2021-05-13T09:44:05+08:00][sql] SELECT `article_id`,`article_title`,`article_desc`,`article_content`,`article_img`,`article_guide`,`article_label`,`click_num`,`is_show`,`add_time`,`article_author` FROM `carver_article` WHERE  `article_id` > 17/ LIMIT 1 [ RunTime:0.000432s ]
[2021-05-13T09:44:05+08:00][sql] SELECT `article_id`,`article_title`,`article_desc`,`article_content`,`article_img`,`article_guide`,`article_label`,`click_num`,`is_show`,`add_time`,`article_author` FROM `carver_article` WHERE  `article_id` < 17/ ORDER BY `article_id` DESC LIMIT 1 [ RunTime:0.000461s ]
[2021-05-13T09:44:05+08:00][sql] SHOW FULL COLUMNS FROM `carver_link` [ RunTime:0.000618s ]
[2021-05-13T09:44:05+08:00][sql] SELECT * FROM `carver_link` WHERE  ( is_confirm=2 ) LIMIT 20 [ RunTime:0.000294s ]
[2021-05-13T09:44:05+08:00][sql] SELECT article_id,article_title,click_num,FROM_UNIXTIME(add_time,'%Y-%m-%d') as add_time FROM `carver_article` ORDER BY `click_num` DESC LIMIT 3 [ RunTime:0.000434s ]
[2021-05-13T09:44:05+08:00][sql] SHOW FULL COLUMNS FROM `carver_comment` [ RunTime:0.000583s ]
[2021-05-13T09:44:05+08:00][sql] SELECT `a`.*,`b`.`user_name` FROM `carver_comment` `a` INNER JOIN `carver_user` `b` ON `a`.`user_id`=`b`.`user_id` WHERE  `article_id` = 17/ ORDER BY `create_time` DESC [ RunTime:0.000368s ]
[2021-05-13T09:44:05+08:00][sql] SHOW FULL COLUMNS FROM `carver_comment_to_others` [ RunTime:0.000646s ]
[2021-05-13T09:44:05+08:00][sql] SELECT * FROM `carver_comment_to_others` [ RunTime:0.000230s ]
[2021-05-13T09:44:05+08:00][sql] SHOW FULL COLUMNS FROM `carver_user` [ RunTime:0.000552s ]
[2021-05-13T09:44:05+08:00][sql] SELECT `user_name` FROM `carver_user` WHERE  `user_id` = 4 LIMIT 1 [ RunTime:0.000237s ]
[2021-05-13T09:44:05+08:00][sql] SELECT `user_name` FROM `carver_user` WHERE  `user_id` = 4 LIMIT 1 [ RunTime:0.000334s ]
[2021-05-13T09:44:05+08:00][sql] SELECT `user_name` FROM `carver_user` WHERE  `user_id` = 5 LIMIT 1 [ RunTime:0.000213s ]
[2021-05-13T09:44:05+08:00][sql] SELECT `user_name` FROM `carver_user` WHERE  `user_id` = 5 LIMIT 1 [ RunTime:0.000236s ]
[2021-05-13T09:44:05+08:00][sql] SELECT `user_name` FROM `carver_user` WHERE  `user_id` = 37 LIMIT 1 [ RunTime:0.000277s ]
[2021-05-13T09:44:05+08:00][sql] SELECT `user_name`,`user_id` FROM `carver_user` [ RunTime:0.000333s ]
[2021-05-13T09:44:05+08:00][sql] SHOW FULL COLUMNS FROM `carver_navigation` [ RunTime:0.000631s ]
[2021-05-13T09:44:05+08:00][sql] SELECT * FROM `carver_navigation` [ RunTime:0.000270s ]
[2021-05-13T09:44:05+08:00][sql] SELECT `article_label` FROM `carver_article` [ RunTime:0.000715s ]
[2021-05-13T09:44:08+08:00][sql] CONNECT:[ UseTime:0.000536s ] mysql:host=127.0.0.1;port=3306;dbname=carver;charset=utf8
[2021-05-13T09:44:08+08:00][sql] SHOW FULL COLUMNS FROM `carver_article` [ RunTime:0.000977s ]
[2021-05-13T09:44:08+08:00][sql] SELECT `article_id`,`article_title`,`article_desc`,`article_content`,`article_img`,`article_guide`,`article_label`,`click_num`,`is_show`,`add_time`,`article_author` FROM `carver_article` WHERE  `article_id` = 18/ LIMIT 1 [ RunTime:0.000565s ]
[2021-05-13T09:44:08+08:00][sql] SELECT `article_id`,`article_title`,`article_desc`,`article_content`,`article_img`,`article_guide`,`article_label`,`click_num`,`is_show`,`add_time`,`article_author` FROM `carver_article` WHERE  `article_id` > 18/ LIMIT 1 [ RunTime:0.002175s ]
[2021-05-13T09:44:08+08:00][sql] SELECT `article_id`,`article_title`,`article_desc`,`article_content`,`article_img`,`article_guide`,`article_label`,`click_num`,`is_show`,`add_time`,`article_author` FROM `carver_article` WHERE  `article_id` < 18/ ORDER BY `article_id` DESC LIMIT 1 [ RunTime:0.000564s ]
[2021-05-13T09:44:08+08:00][sql] SHOW FULL COLUMNS FROM `carver_link` [ RunTime:0.000670s ]
[2021-05-13T09:44:08+08:00][sql] SELECT * FROM `carver_link` WHERE  ( is_confirm=2 ) LIMIT 20 [ RunTime:0.000331s ]
[2021-05-13T09:44:08+08:00][sql] SELECT article_id,article_title,click_num,FROM_UNIXTIME(add_time,'%Y-%m-%d') as add_time FROM `carver_article` ORDER BY `click_num` DESC LIMIT 3 [ RunTime:0.000381s ]
[2021-05-13T09:44:08+08:00][sql] SHOW FULL COLUMNS FROM `carver_comment` [ RunTime:0.000617s ]
[2021-05-13T09:44:08+08:00][sql] SELECT `a`.*,`b`.`user_name` FROM `carver_comment` `a` INNER JOIN `carver_user` `b` ON `a`.`user_id`=`b`.`user_id` WHERE  `article_id` = 18/ ORDER BY `create_time` DESC [ RunTime:0.000388s ]
[2021-05-13T09:44:08+08:00][sql] SHOW FULL COLUMNS FROM `carver_comment_to_others` [ RunTime:0.000593s ]
[2021-05-13T09:44:08+08:00][sql] SELECT * FROM `carver_comment_to_others` [ RunTime:0.000251s ]
[2021-05-13T09:44:08+08:00][sql] SHOW FULL COLUMNS FROM `carver_user` [ RunTime:0.000467s ]
[2021-05-13T09:44:08+08:00][sql] SELECT `user_name` FROM `carver_user` WHERE  `user_id` = 4 LIMIT 1 [ RunTime:0.000267s ]
[2021-05-13T09:44:08+08:00][sql] SELECT `user_name` FROM `carver_user` WHERE  `user_id` = 4 LIMIT 1 [ RunTime:0.000222s ]
[2021-05-13T09:44:08+08:00][sql] SELECT `user_name` FROM `carver_user` WHERE  `user_id` = 5 LIMIT 1 [ RunTime:0.000217s ]
[2021-05-13T09:44:08+08:00][sql] SELECT `user_name` FROM `carver_user` WHERE  `user_id` = 5 LIMIT 1 [ RunTime:0.000240s ]
[2021-05-13T09:44:08+08:00][sql] SELECT `user_name` FROM `carver_user` WHERE  `user_id` = 37 LIMIT 1 [ RunTime:0.000228s ]
[2021-05-13T09:44:08+08:00][sql] SHOW FULL COLUMNS FROM `carver_navigation` [ RunTime:0.000539s ]
[2021-05-13T09:44:08+08:00][sql] SELECT * FROM `carver_navigation` [ RunTime:0.000271s ]
[2021-05-13T09:44:08+08:00][sql] SELECT `article_label` FROM `carver_article` [ RunTime:0.000294s ]
[2021-05-13T09:44:14+08:00][sql] CONNECT:[ UseTime:0.005934s ] mysql:host=127.0.0.1;port=3306;dbname=carver;charset=utf8
[2021-05-13T09:44:14+08:00][sql] SHOW FULL COLUMNS FROM `carver_article` [ RunTime:0.000847s ]
[2021-05-13T09:44:14+08:00][sql] SELECT `article_id`,`article_title`,`article_desc`,`article_content`,`article_img`,`article_guide`,`article_label`,`click_num`,`is_show`,`add_time`,`article_author` FROM `carver_article` WHERE  `article_id` = 24/ LIMIT 1 [ RunTime:0.000491s ]
[2021-05-13T09:44:14+08:00][sql] SELECT `article_id`,`article_title`,`article_desc`,`article_content`,`article_img`,`article_guide`,`article_label`,`click_num`,`is_show`,`add_time`,`article_author` FROM `carver_article` WHERE  `article_id` > 24/ LIMIT 1 [ RunTime:0.000378s ]
[2021-05-13T09:44:14+08:00][sql] SELECT `article_id`,`article_title`,`article_desc`,`article_content`,`article_img`,`article_guide`,`article_label`,`click_num`,`is_show`,`add_time`,`article_author` FROM `carver_article` WHERE  `article_id` < 24/ ORDER BY `article_id` DESC LIMIT 1 [ RunTime:0.000351s ]
[2021-05-13T09:44:14+08:00][sql] SHOW FULL COLUMNS FROM `carver_link` [ RunTime:0.000565s ]
[2021-05-13T09:44:14+08:00][sql] SELECT * FROM `carver_link` WHERE  ( is_confirm=2 ) LIMIT 20 [ RunTime:0.000281s ]
[2021-05-13T09:44:14+08:00][sql] SELECT article_id,article_title,click_num,FROM_UNIXTIME(add_time,'%Y-%m-%d') as add_time FROM `carver_article` ORDER BY `click_num` DESC LIMIT 3 [ RunTime:0.000385s ]
[2021-05-13T09:44:14+08:00][sql] SHOW FULL COLUMNS FROM `carver_comment` [ RunTime:0.000566s ]
[2021-05-13T09:44:14+08:00][sql] SELECT `a`.*,`b`.`user_name` FROM `carver_comment` `a` INNER JOIN `carver_user` `b` ON `a`.`user_id`=`b`.`user_id` WHERE  `article_id` = 24/ ORDER BY `create_time` DESC [ RunTime:0.000356s ]
[2021-05-13T09:44:14+08:00][sql] SHOW FULL COLUMNS FROM `carver_comment_to_others` [ RunTime:0.000547s ]
[2021-05-13T09:44:14+08:00][sql] SELECT * FROM `carver_comment_to_others` [ RunTime:0.000231s ]
[2021-05-13T09:44:14+08:00][sql] SHOW FULL COLUMNS FROM `carver_user` [ RunTime:0.000532s ]
[2021-05-13T09:44:14+08:00][sql] SELECT `user_name` FROM `carver_user` WHERE  `user_id` = 4 LIMIT 1 [ RunTime:0.000239s ]
[2021-05-13T09:44:14+08:00][sql] SELECT `user_name` FROM `carver_user` WHERE  `user_id` = 4 LIMIT 1 [ RunTime:0.000223s ]
[2021-05-13T09:44:14+08:00][sql] SELECT `user_name` FROM `carver_user` WHERE  `user_id` = 5 LIMIT 1 [ RunTime:0.000209s ]
[2021-05-13T09:44:14+08:00][sql] SELECT `user_name` FROM `carver_user` WHERE  `user_id` = 5 LIMIT 1 [ RunTime:0.000221s ]
[2021-05-13T09:44:14+08:00][sql] SELECT `user_name` FROM `carver_user` WHERE  `user_id` = 37 LIMIT 1 [ RunTime:0.000210s ]
[2021-05-13T09:44:14+08:00][sql] SHOW FULL COLUMNS FROM `carver_navigation` [ RunTime:0.000525s ]
[2021-05-13T09:44:14+08:00][sql] SELECT * FROM `carver_navigation` [ RunTime:0.000235s ]
[2021-05-13T09:44:14+08:00][sql] SELECT `article_label` FROM `carver_article` [ RunTime:0.000266s ]
[2021-05-13T09:44:20+08:00][sql] CONNECT:[ UseTime:0.022163s ] mysql:host=127.0.0.1;port=3306;dbname=carver;charset=utf8
[2021-05-13T09:44:20+08:00][sql] SHOW FULL COLUMNS FROM `carver_article` [ RunTime:0.000951s ]
[2021-05-13T09:44:20+08:00][sql] SELECT COUNT(*) AS think_count FROM `carver_article` WHERE  `article_label` LIKE '%git/%'  AND `delete_time` = 0  AND `is_show` = 1 [ RunTime:0.000453s ]
[2021-05-13T09:44:20+08:00][sql] SELECT * FROM `carver_article` WHERE  `article_label` LIKE '%git/%'  AND `delete_time` = 0  AND `is_show` = 1 LIMIT 0,6 [ RunTime:0.000985s ]
[2021-05-13T09:44:20+08:00][sql] SELECT article_id,article_title,click_num,FROM_UNIXTIME(add_time,'%Y-%m-%d') as add_time FROM `carver_article` WHERE  `is_show` = 1  AND `delete_time` = 0 ORDER BY `click_num` DESC LIMIT 3 [ RunTime:0.000573s ]
[2021-05-13T09:44:20+08:00][sql] SHOW FULL COLUMNS FROM `carver_notice` [ RunTime:0.001113s ]
[2021-05-13T09:44:20+08:00][sql] SELECT * FROM `carver_notice` ORDER BY `create_time` DESC LIMIT 3 [ RunTime:0.000335s ]
[2021-05-13T09:44:20+08:00][sql] SHOW FULL COLUMNS FROM `carver_navigation` [ RunTime:0.000573s ]
[2021-05-13T09:44:20+08:00][sql] SELECT * FROM `carver_navigation` [ RunTime:0.000280s ]
[2021-05-13T09:44:20+08:00][sql] SHOW FULL COLUMNS FROM `carver_link` [ RunTime:0.000628s ]
[2021-05-13T09:44:20+08:00][sql] SELECT * FROM `carver_link` WHERE  ( is_confirm=2 ) LIMIT 20 [ RunTime:0.000335s ]
[2021-05-13T09:44:20+08:00][sql] SELECT `article_label` FROM `carver_article` [ RunTime:0.000268s ]
[2021-05-13T09:44:20+08:00][sql] SHOW FULL COLUMNS FROM `carver_carouse` [ RunTime:0.000577s ]
[2021-05-13T09:44:20+08:00][sql] SELECT `carouse_img`,`carouse_desc` FROM `carver_carouse` WHERE  `is_show` = 1 ORDER BY `carouse_sort` DESC LIMIT 3 [ RunTime:0.000306s ]
[2021-05-13T09:44:20+08:00][sql] SHOW FULL COLUMNS FROM `carver_site` [ RunTime:0.000584s ]
[2021-05-13T09:44:20+08:00][sql] SELECT * FROM `carver_site` [ RunTime:0.000263s ]
[2021-05-13T09:44:25+08:00][sql] CONNECT:[ UseTime:0.012290s ] mysql:host=127.0.0.1;port=3306;dbname=carver;charset=utf8
[2021-05-13T09:44:25+08:00][sql] SHOW FULL COLUMNS FROM `carver_article` [ RunTime:0.007693s ]
[2021-05-13T09:44:25+08:00][sql] SELECT COUNT(*) AS think_count FROM `carver_article` WHERE  `article_label` LIKE '%linux/%'  AND `delete_time` = 0  AND `is_show` = 1 [ RunTime:0.000426s ]
[2021-05-13T09:44:25+08:00][sql] SELECT * FROM `carver_article` WHERE  `article_label` LIKE '%linux/%'  AND `delete_time` = 0  AND `is_show` = 1 LIMIT 0,6 [ RunTime:0.001034s ]
[2021-05-13T09:44:25+08:00][sql] SELECT article_id,article_title,click_num,FROM_UNIXTIME(add_time,'%Y-%m-%d') as add_time FROM `carver_article` WHERE  `is_show` = 1  AND `delete_time` = 0 ORDER BY `click_num` DESC LIMIT 3 [ RunTime:0.000471s ]
[2021-05-13T09:44:25+08:00][sql] SHOW FULL COLUMNS FROM `carver_notice` [ RunTime:0.000608s ]
[2021-05-13T09:44:25+08:00][sql] SELECT * FROM `carver_notice` ORDER BY `create_time` DESC LIMIT 3 [ RunTime:0.000312s ]
[2021-05-13T09:44:25+08:00][sql] SHOW FULL COLUMNS FROM `carver_navigation` [ RunTime:0.000621s ]
[2021-05-13T09:44:25+08:00][sql] SELECT * FROM `carver_navigation` [ RunTime:0.000275s ]
[2021-05-13T09:44:25+08:00][sql] SHOW FULL COLUMNS FROM `carver_link` [ RunTime:0.000530s ]
[2021-05-13T09:44:25+08:00][sql] SELECT * FROM `carver_link` WHERE  ( is_confirm=2 ) LIMIT 20 [ RunTime:0.000362s ]
[2021-05-13T09:44:25+08:00][sql] SELECT `article_label` FROM `carver_article` [ RunTime:0.000277s ]
[2021-05-13T09:44:25+08:00][sql] SHOW FULL COLUMNS FROM `carver_carouse` [ RunTime:0.000535s ]
[2021-05-13T09:44:25+08:00][sql] SELECT `carouse_img`,`carouse_desc` FROM `carver_carouse` WHERE  `is_show` = 1 ORDER BY `carouse_sort` DESC LIMIT 3 [ RunTime:0.000296s ]
[2021-05-13T09:44:25+08:00][sql] SHOW FULL COLUMNS FROM `carver_site` [ RunTime:0.000549s ]
[2021-05-13T09:44:25+08:00][sql] SELECT * FROM `carver_site` [ RunTime:0.000264s ]
[2021-05-13T09:44:29+08:00][sql] CONNECT:[ UseTime:0.000603s ] mysql:host=127.0.0.1;port=3306;dbname=carver;charset=utf8
[2021-05-13T09:44:29+08:00][sql] SHOW FULL COLUMNS FROM `carver_article` [ RunTime:0.001092s ]
[2021-05-13T09:44:29+08:00][sql] SELECT COUNT(*) AS think_count FROM `carver_article` WHERE  `article_label` LIKE '%mysql/%'  AND `delete_time` = 0  AND `is_show` = 1 [ RunTime:0.000426s ]
[2021-05-13T09:44:29+08:00][sql] SELECT * FROM `carver_article` WHERE  `article_label` LIKE '%mysql/%'  AND `delete_time` = 0  AND `is_show` = 1 LIMIT 0,6 [ RunTime:0.000994s ]
[2021-05-13T09:44:29+08:00][sql] SELECT article_id,article_title,click_num,FROM_UNIXTIME(add_time,'%Y-%m-%d') as add_time FROM `carver_article` WHERE  `is_show` = 1  AND `delete_time` = 0 ORDER BY `click_num` DESC LIMIT 3 [ RunTime:0.000496s ]
[2021-05-13T09:44:29+08:00][sql] SHOW FULL COLUMNS FROM `carver_notice` [ RunTime:0.000624s ]
[2021-05-13T09:44:29+08:00][sql] SELECT * FROM `carver_notice` ORDER BY `create_time` DESC LIMIT 3 [ RunTime:0.000311s ]
[2021-05-13T09:44:29+08:00][sql] SHOW FULL COLUMNS FROM `carver_navigation` [ RunTime:0.000577s ]
[2021-05-13T09:44:29+08:00][sql] SELECT * FROM `carver_navigation` [ RunTime:0.000297s ]
[2021-05-13T09:44:29+08:00][sql] SHOW FULL COLUMNS FROM `carver_link` [ RunTime:0.000602s ]
[2021-05-13T09:44:29+08:00][sql] SELECT * FROM `carver_link` WHERE  ( is_confirm=2 ) LIMIT 20 [ RunTime:0.000410s ]
[2021-05-13T09:44:29+08:00][sql] SELECT `article_label` FROM `carver_article` [ RunTime:0.000264s ]
[2021-05-13T09:44:29+08:00][sql] SHOW FULL COLUMNS FROM `carver_carouse` [ RunTime:0.000561s ]
[2021-05-13T09:44:29+08:00][sql] SELECT `carouse_img`,`carouse_desc` FROM `carver_carouse` WHERE  `is_show` = 1 ORDER BY `carouse_sort` DESC LIMIT 3 [ RunTime:0.000298s ]
[2021-05-13T09:44:29+08:00][sql] SHOW FULL COLUMNS FROM `carver_site` [ RunTime:0.000535s ]
[2021-05-13T09:44:29+08:00][sql] SELECT * FROM `carver_site` [ RunTime:0.000259s ]
[2021-05-13T09:44:35+08:00][sql] CONNECT:[ UseTime:0.000541s ] mysql:host=127.0.0.1;port=3306;dbname=carver;charset=utf8
[2021-05-13T09:44:35+08:00][sql] SHOW FULL COLUMNS FROM `carver_article` [ RunTime:0.001030s ]
[2021-05-13T09:44:35+08:00][sql] SELECT COUNT(*) AS think_count FROM `carver_article` WHERE  `article_label` LIKE '%nginx/%'  AND `delete_time` = 0  AND `is_show` = 1 [ RunTime:0.000483s ]
[2021-05-13T09:44:35+08:00][sql] SELECT * FROM `carver_article` WHERE  `article_label` LIKE '%nginx/%'  AND `delete_time` = 0  AND `is_show` = 1 LIMIT 0,6 [ RunTime:0.000977s ]
[2021-05-13T09:44:35+08:00][sql] SELECT article_id,article_title,click_num,FROM_UNIXTIME(add_time,'%Y-%m-%d') as add_time FROM `carver_article` WHERE  `is_show` = 1  AND `delete_time` = 0 ORDER BY `click_num` DESC LIMIT 3 [ RunTime:0.000572s ]
[2021-05-13T09:44:35+08:00][sql] SHOW FULL COLUMNS FROM `carver_notice` [ RunTime:0.000734s ]
[2021-05-13T09:44:35+08:00][sql] SELECT * FROM `carver_notice` ORDER BY `create_time` DESC LIMIT 3 [ RunTime:0.000339s ]
[2021-05-13T09:44:35+08:00][sql] SHOW FULL COLUMNS FROM `carver_navigation` [ RunTime:0.000558s ]
[2021-05-13T09:44:35+08:00][sql] SELECT * FROM `carver_navigation` [ RunTime:0.000305s ]
[2021-05-13T09:44:35+08:00][sql] SHOW FULL COLUMNS FROM `carver_link` [ RunTime:0.000573s ]
[2021-05-13T09:44:35+08:00][sql] SELECT * FROM `carver_link` WHERE  ( is_confirm=2 ) LIMIT 20 [ RunTime:0.000444s ]
[2021-05-13T09:44:35+08:00][sql] SELECT `article_label` FROM `carver_article` [ RunTime:0.000301s ]
[2021-05-13T09:44:35+08:00][sql] SHOW FULL COLUMNS FROM `carver_carouse` [ RunTime:0.000563s ]
[2021-05-13T09:44:35+08:00][sql] SELECT `carouse_img`,`carouse_desc` FROM `carver_carouse` WHERE  `is_show` = 1 ORDER BY `carouse_sort` DESC LIMIT 3 [ RunTime:0.000376s ]
[2021-05-13T09:44:35+08:00][sql] SHOW FULL COLUMNS FROM `carver_site` [ RunTime:0.000596s ]
[2021-05-13T09:44:35+08:00][sql] SELECT * FROM `carver_site` [ RunTime:0.000343s ]
[2021-05-13T09:44:39+08:00][sql] CONNECT:[ UseTime:0.000589s ] mysql:host=127.0.0.1;port=3306;dbname=carver;charset=utf8
[2021-05-13T09:44:39+08:00][sql] SHOW FULL COLUMNS FROM `carver_article` [ RunTime:0.000864s ]
[2021-05-13T09:44:39+08:00][sql] SELECT COUNT(*) AS think_count FROM `carver_article` WHERE  `article_label` LIKE '%网络安全/%'  AND `delete_time` = 0  AND `is_show` = 1 [ RunTime:0.000430s ]
[2021-05-13T09:44:39+08:00][sql] SELECT * FROM `carver_article` WHERE  `article_label` LIKE '%网络安全/%'  AND `delete_time` = 0  AND `is_show` = 1 LIMIT 0,6 [ RunTime:0.000988s ]
[2021-05-13T09:44:39+08:00][sql] SELECT article_id,article_title,click_num,FROM_UNIXTIME(add_time,'%Y-%m-%d') as add_time FROM `carver_article` WHERE  `is_show` = 1  AND `delete_time` = 0 ORDER BY `click_num` DESC LIMIT 3 [ RunTime:0.000426s ]
[2021-05-13T09:44:39+08:00][sql] SHOW FULL COLUMNS FROM `carver_notice` [ RunTime:0.000585s ]
[2021-05-13T09:44:39+08:00][sql] SELECT * FROM `carver_notice` ORDER BY `create_time` DESC LIMIT 3 [ RunTime:0.000306s ]
[2021-05-13T09:44:39+08:00][sql] SHOW FULL COLUMNS FROM `carver_navigation` [ RunTime:0.000537s ]
[2021-05-13T09:44:39+08:00][sql] SELECT * FROM `carver_navigation` [ RunTime:0.000273s ]
[2021-05-13T09:44:39+08:00][sql] SHOW FULL COLUMNS FROM `carver_link` [ RunTime:0.000541s ]
[2021-05-13T09:44:39+08:00][sql] SELECT * FROM `carver_link` WHERE  ( is_confirm=2 ) LIMIT 20 [ RunTime:0.000311s ]
[2021-05-13T09:44:39+08:00][sql] SELECT `article_label` FROM `carver_article` [ RunTime:0.000311s ]
[2021-05-13T09:44:39+08:00][sql] SHOW FULL COLUMNS FROM `carver_carouse` [ RunTime:0.000515s ]
[2021-05-13T09:44:39+08:00][sql] SELECT `carouse_img`,`carouse_desc` FROM `carver_carouse` WHERE  `is_show` = 1 ORDER BY `carouse_sort` DESC LIMIT 3 [ RunTime:0.000295s ]
[2021-05-13T09:44:39+08:00][sql] SHOW FULL COLUMNS FROM `carver_site` [ RunTime:0.000572s ]
[2021-05-13T09:44:39+08:00][sql] SELECT * FROM `carver_site` [ RunTime:0.000272s ]
[2021-05-13T09:44:42+08:00][sql] CONNECT:[ UseTime:0.000542s ] mysql:host=127.0.0.1;port=3306;dbname=carver;charset=utf8
[2021-05-13T09:44:42+08:00][sql] SHOW FULL COLUMNS FROM `carver_article` [ RunTime:0.001074s ]
[2021-05-13T09:44:42+08:00][sql] SELECT COUNT(*) AS think_count FROM `carver_article` WHERE  `article_label` LIKE '%设计模式/%'  AND `delete_time` = 0  AND `is_show` = 1 [ RunTime:0.000501s ]
[2021-05-13T09:44:42+08:00][sql] SELECT * FROM `carver_article` WHERE  `article_label` LIKE '%设计模式/%'  AND `delete_time` = 0  AND `is_show` = 1 LIMIT 0,6 [ RunTime:0.001062s ]
[2021-05-13T09:44:42+08:00][sql] SELECT article_id,article_title,click_num,FROM_UNIXTIME(add_time,'%Y-%m-%d') as add_time FROM `carver_article` WHERE  `is_show` = 1  AND `delete_time` = 0 ORDER BY `click_num` DESC LIMIT 3 [ RunTime:0.000522s ]
[2021-05-13T09:44:42+08:00][sql] SHOW FULL COLUMNS FROM `carver_notice` [ RunTime:0.000761s ]
[2021-05-13T09:44:42+08:00][sql] SELECT * FROM `carver_notice` ORDER BY `create_time` DESC LIMIT 3 [ RunTime:0.000350s ]
[2021-05-13T09:44:42+08:00][sql] SHOW FULL COLUMNS FROM `carver_navigation` [ RunTime:0.000566s ]
[2021-05-13T09:44:42+08:00][sql] SELECT * FROM `carver_navigation` [ RunTime:0.000309s ]
[2021-05-13T09:44:42+08:00][sql] SHOW FULL COLUMNS FROM `carver_link` [ RunTime:0.000572s ]
[2021-05-13T09:44:42+08:00][sql] SELECT * FROM `carver_link` WHERE  ( is_confirm=2 ) LIMIT 20 [ RunTime:0.000393s ]
[2021-05-13T09:44:42+08:00][sql] SELECT `article_label` FROM `carver_article` [ RunTime:0.000360s ]
[2021-05-13T09:44:42+08:00][sql] SHOW FULL COLUMNS FROM `carver_carouse` [ RunTime:0.000546s ]
[2021-05-13T09:44:42+08:00][sql] SELECT `carouse_img`,`carouse_desc` FROM `carver_carouse` WHERE  `is_show` = 1 ORDER BY `carouse_sort` DESC LIMIT 3 [ RunTime:0.000401s ]
[2021-05-13T09:44:42+08:00][sql] SHOW FULL COLUMNS FROM `carver_site` [ RunTime:0.000582s ]
[2021-05-13T09:44:42+08:00][sql] SELECT * FROM `carver_site` [ RunTime:0.000284s ]
[2021-05-13T09:44:46+08:00][sql] CONNECT:[ UseTime:0.000978s ] mysql:host=127.0.0.1;port=3306;dbname=carver;charset=utf8
[2021-05-13T09:44:46+08:00][sql] SHOW FULL COLUMNS FROM `carver_article` [ RunTime:0.000839s ]
[2021-05-13T09:44:46+08:00][sql] SELECT COUNT(*) AS think_count FROM `carver_article` WHERE  `article_guide` = 8/  AND `delete_time` = 0  AND `is_show` = 1 [ RunTime:0.000399s ]
[2021-05-13T09:44:46+08:00][sql] SELECT * FROM `carver_article` WHERE  `article_guide` = 8/  AND `delete_time` = 0  AND `is_show` = 1 ORDER BY `add_time` DESC LIMIT 0,6 [ RunTime:0.000582s ]
[2021-05-13T09:44:46+08:00][sql] SELECT article_id,article_title,click_num,FROM_UNIXTIME(add_time,'%Y-%m-%d') as add_time FROM `carver_article` WHERE  `is_show` = 1  AND `delete_time` = 0 ORDER BY `click_num` DESC LIMIT 3 [ RunTime:0.000400s ]
[2021-05-13T09:44:46+08:00][sql] SHOW FULL COLUMNS FROM `carver_notice` [ RunTime:0.000514s ]
[2021-05-13T09:44:46+08:00][sql] SELECT * FROM `carver_notice` ORDER BY `create_time` DESC LIMIT 3 [ RunTime:0.000262s ]
[2021-05-13T09:44:46+08:00][sql] SHOW FULL COLUMNS FROM `carver_navigation` [ RunTime:0.000483s ]
[2021-05-13T09:44:46+08:00][sql] SELECT * FROM `carver_navigation` [ RunTime:0.000250s ]
[2021-05-13T09:44:46+08:00][sql] SELECT `article_label` FROM `carver_article` [ RunTime:0.000238s ]
[2021-05-13T09:44:46+08:00][sql] SHOW FULL COLUMNS FROM `carver_carouse` [ RunTime:0.000505s ]
[2021-05-13T09:44:46+08:00][sql] SELECT `carouse_img`,`carouse_desc` FROM `carver_carouse` WHERE  `is_show` = 1 ORDER BY `carouse_sort` DESC LIMIT 3 [ RunTime:0.000274s ]
[2021-05-13T09:44:46+08:00][sql] SHOW FULL COLUMNS FROM `carver_link` [ RunTime:0.000497s ]
[2021-05-13T09:44:46+08:00][sql] SELECT * FROM `carver_link` WHERE  ( is_confirm=2 ) LIMIT 20 [ RunTime:0.000291s ]
[2021-05-13T09:44:46+08:00][sql] SHOW FULL COLUMNS FROM `carver_site` [ RunTime:0.000489s ]
[2021-05-13T09:44:46+08:00][sql] SELECT * FROM `carver_site` [ RunTime:0.000223s ]
[2021-05-13T10:40:37+08:00][sql] CONNECT:[ UseTime:0.000506s ] mysql:host=127.0.0.1;port=3306;dbname=carver;charset=utf8
[2021-05-13T10:40:37+08:00][sql] SHOW FULL COLUMNS FROM `carver_user` [ RunTime:0.000886s ]
[2021-05-13T10:40:37+08:00][sql] SHOW FULL COLUMNS FROM `carver_article` [ RunTime:0.000719s ]
[2021-05-13T10:40:37+08:00][sql] SELECT COUNT(*) AS think_count FROM `carver_article` WHERE  `delete_time` = 0  AND `is_show` = 1 [ RunTime:0.000427s ]
[2021-05-13T10:40:37+08:00][sql] SELECT `article_id`,`article_title`,`article_desc`,`article_content`,`article_img`,`article_guide`,`article_label`,`click_num`,`is_show`,`add_time`,`article_author`,`is_top_show` FROM `carver_article` WHERE  `delete_time` = 0  AND `is_show` = 1 ORDER BY `article_id` DESC LIMIT 0,6 [ RunTime:0.000633s ]
[2021-05-13T10:40:37+08:00][sql] SELECT article_id,article_title,click_num,FROM_UNIXTIME(add_time,'%Y-%m-%d') as add_time FROM `carver_article` WHERE  `is_show` = 1  AND `delete_time` = 0 ORDER BY `click_num` DESC LIMIT 3 [ RunTime:0.000489s ]
[2021-05-13T10:40:37+08:00][sql] SHOW FULL COLUMNS FROM `carver_notice` [ RunTime:0.000599s ]
[2021-05-13T10:40:37+08:00][sql] SELECT * FROM `carver_notice` ORDER BY `create_time` DESC LIMIT 3 [ RunTime:0.000303s ]
[2021-05-13T10:40:37+08:00][sql] SHOW FULL COLUMNS FROM `carver_navigation` [ RunTime:0.000569s ]
[2021-05-13T10:40:37+08:00][sql] SELECT * FROM `carver_navigation` [ RunTime:0.000237s ]
[2021-05-13T10:40:37+08:00][sql] SHOW FULL COLUMNS FROM `carver_link` [ RunTime:0.000633s ]
[2021-05-13T10:40:37+08:00][sql] SELECT * FROM `carver_link` WHERE  ( is_confirm=2 ) LIMIT 20 [ RunTime:0.000321s ]
[2021-05-13T10:40:37+08:00][sql] SELECT `article_label` FROM `carver_article` [ RunTime:0.000311s ]
[2021-05-13T10:40:37+08:00][sql] SHOW FULL COLUMNS FROM `carver_carouse` [ RunTime:0.000502s ]
[2021-05-13T10:40:37+08:00][sql] SELECT `carouse_img`,`carouse_desc` FROM `carver_carouse` WHERE  `is_show` = 1 ORDER BY `carouse_sort` DESC LIMIT 3 [ RunTime:0.000330s ]
[2021-05-13T10:40:37+08:00][sql] SHOW FULL COLUMNS FROM `carver_site` [ RunTime:0.000490s ]
[2021-05-13T10:40:37+08:00][sql] SELECT * FROM `carver_site` [ RunTime:0.000276s ]
[2021-05-13T11:01:57+08:00][sql] CONNECT:[ UseTime:0.000627s ] mysql:host=127.0.0.1;port=3306;dbname=carver;charset=utf8
[2021-05-13T11:01:57+08:00][sql] SHOW FULL COLUMNS FROM `carver_user` [ RunTime:0.000898s ]
[2021-05-13T11:01:57+08:00][sql] SHOW FULL COLUMNS FROM `carver_article` [ RunTime:0.000740s ]
[2021-05-13T11:01:57+08:00][sql] SELECT COUNT(*) AS think_count FROM `carver_article` WHERE  `delete_time` = 0  AND `is_show` = 1 [ RunTime:0.000363s ]
[2021-05-13T11:01:57+08:00][sql] SELECT `article_id`,`article_title`,`article_desc`,`article_content`,`article_img`,`article_guide`,`article_label`,`click_num`,`is_show`,`add_time`,`article_author`,`is_top_show` FROM `carver_article` WHERE  `delete_time` = 0  AND `is_show` = 1 ORDER BY `article_id` DESC LIMIT 0,6 [ RunTime:0.000639s ]
[2021-05-13T11:01:57+08:00][sql] SELECT article_id,article_title,click_num,FROM_UNIXTIME(add_time,'%Y-%m-%d') as add_time FROM `carver_article` WHERE  `is_show` = 1  AND `delete_time` = 0 ORDER BY `click_num` DESC LIMIT 3 [ RunTime:0.000560s ]
[2021-05-13T11:01:57+08:00][sql] SHOW FULL COLUMNS FROM `carver_notice` [ RunTime:0.000591s ]
[2021-05-13T11:01:57+08:00][sql] SELECT * FROM `carver_notice` ORDER BY `create_time` DESC LIMIT 3 [ RunTime:0.000320s ]
[2021-05-13T11:01:57+08:00][sql] SHOW FULL COLUMNS FROM `carver_navigation` [ RunTime:0.000508s ]
[2021-05-13T11:01:57+08:00][sql] SELECT * FROM `carver_navigation` [ RunTime:0.000257s ]
[2021-05-13T11:01:57+08:00][sql] SHOW FULL COLUMNS FROM `carver_link` [ RunTime:0.000660s ]
[2021-05-13T11:01:57+08:00][sql] SELECT * FROM `carver_link` WHERE  ( is_confirm=2 ) LIMIT 20 [ RunTime:0.000331s ]
[2021-05-13T11:01:57+08:00][sql] SELECT `article_label` FROM `carver_article` [ RunTime:0.000311s ]
[2021-05-13T11:01:57+08:00][sql] SHOW FULL COLUMNS FROM `carver_carouse` [ RunTime:0.000497s ]
[2021-05-13T11:01:57+08:00][sql] SELECT `carouse_img`,`carouse_desc` FROM `carver_carouse` WHERE  `is_show` = 1 ORDER BY `carouse_sort` DESC LIMIT 3 [ RunTime:0.000302s ]
[2021-05-13T11:01:57+08:00][sql] SHOW FULL COLUMNS FROM `carver_site` [ RunTime:0.000488s ]
[2021-05-13T11:01:57+08:00][sql] SELECT * FROM `carver_site` [ RunTime:0.000240s ]
[2021-05-13T12:00:27+08:00][sql] CONNECT:[ UseTime:0.001062s ] mysql:host=127.0.0.1;port=3306;dbname=carver;charset=utf8
[2021-05-13T12:00:27+08:00][sql] SHOW FULL COLUMNS FROM `carver_user` [ RunTime:0.000871s ]
[2021-05-13T12:00:27+08:00][sql] SHOW FULL COLUMNS FROM `carver_article` [ RunTime:0.007539s ]
[2021-05-13T12:00:27+08:00][sql] SELECT COUNT(*) AS think_count FROM `carver_article` WHERE  `delete_time` = 0  AND `is_show` = 1 [ RunTime:0.000457s ]
[2021-05-13T12:00:27+08:00][sql] SELECT `article_id`,`article_title`,`article_desc`,`article_content`,`article_img`,`article_guide`,`article_label`,`click_num`,`is_show`,`add_time`,`article_author`,`is_top_show` FROM `carver_article` WHERE  `delete_time` = 0  AND `is_show` = 1 ORDER BY `article_id` DESC LIMIT 0,6 [ RunTime:0.000651s ]
[2021-05-13T12:00:27+08:00][sql] SELECT article_id,article_title,click_num,FROM_UNIXTIME(add_time,'%Y-%m-%d') as add_time FROM `carver_article` WHERE  `is_show` = 1  AND `delete_time` = 0 ORDER BY `click_num` DESC LIMIT 3 [ RunTime:0.000504s ]
[2021-05-13T12:00:27+08:00][sql] SHOW FULL COLUMNS FROM `carver_notice` [ RunTime:0.000657s ]
[2021-05-13T12:00:27+08:00][sql] SELECT * FROM `carver_notice` ORDER BY `create_time` DESC LIMIT 3 [ RunTime:0.000281s ]
[2021-05-13T12:00:27+08:00][sql] SHOW FULL COLUMNS FROM `carver_navigation` [ RunTime:0.000584s ]
[2021-05-13T12:00:27+08:00][sql] SELECT * FROM `carver_navigation` [ RunTime:0.000255s ]
[2021-05-13T12:00:27+08:00][sql] SHOW FULL COLUMNS FROM `carver_link` [ RunTime:0.000515s ]
[2021-05-13T12:00:27+08:00][sql] SELECT * FROM `carver_link` WHERE  ( is_confirm=2 ) LIMIT 20 [ RunTime:0.000311s ]
[2021-05-13T12:00:27+08:00][sql] SELECT `article_label` FROM `carver_article` [ RunTime:0.000300s ]
[2021-05-13T12:00:27+08:00][sql] SHOW FULL COLUMNS FROM `carver_carouse` [ RunTime:0.000566s ]
[2021-05-13T12:00:27+08:00][sql] SELECT `carouse_img`,`carouse_desc` FROM `carver_carouse` WHERE  `is_show` = 1 ORDER BY `carouse_sort` DESC LIMIT 3 [ RunTime:0.000299s ]
[2021-05-13T12:00:27+08:00][sql] SHOW FULL COLUMNS FROM `carver_site` [ RunTime:0.000609s ]
[2021-05-13T12:00:27+08:00][sql] SELECT * FROM `carver_site` [ RunTime:0.000237s ]
[2021-05-13T15:08:55+08:00][sql] CONNECT:[ UseTime:0.000551s ] mysql:host=127.0.0.1;port=3306;dbname=carver;charset=utf8
[2021-05-13T15:08:55+08:00][sql] SHOW FULL COLUMNS FROM `carver_article` [ RunTime:0.000966s ]
[2021-05-13T15:08:55+08:00][sql] SELECT COUNT(*) AS think_count FROM `carver_article` WHERE  `article_guide` = 7  AND `delete_time` = 0  AND `is_show` = 1 [ RunTime:0.000457s ]
[2021-05-13T15:08:55+08:00][sql] SELECT * FROM `carver_article` WHERE  `article_guide` = 7  AND `delete_time` = 0  AND `is_show` = 1 ORDER BY `add_time` DESC LIMIT 0,6 [ RunTime:0.000449s ]
[2021-05-13T15:08:55+08:00][sql] SELECT article_id,article_title,click_num,FROM_UNIXTIME(add_time,'%Y-%m-%d') as add_time FROM `carver_article` WHERE  `is_show` = 1  AND `delete_time` = 0 ORDER BY `click_num` DESC LIMIT 3 [ RunTime:0.000495s ]
[2021-05-13T15:08:55+08:00][sql] SHOW FULL COLUMNS FROM `carver_notice` [ RunTime:0.000734s ]
[2021-05-13T15:08:55+08:00][sql] SELECT * FROM `carver_notice` ORDER BY `create_time` DESC LIMIT 3 [ RunTime:0.000350s ]
[2021-05-13T15:08:55+08:00][sql] SHOW FULL COLUMNS FROM `carver_navigation` [ RunTime:0.000609s ]
[2021-05-13T15:08:55+08:00][sql] SELECT * FROM `carver_navigation` [ RunTime:0.000291s ]
[2021-05-13T15:08:55+08:00][sql] SELECT `article_label` FROM `carver_article` [ RunTime:0.000296s ]
[2021-05-13T15:08:55+08:00][sql] SHOW FULL COLUMNS FROM `carver_carouse` [ RunTime:0.000699s ]
[2021-05-13T15:08:55+08:00][sql] SELECT `carouse_img`,`carouse_desc` FROM `carver_carouse` WHERE  `is_show` = 1 ORDER BY `carouse_sort` DESC LIMIT 3 [ RunTime:0.000431s ]
[2021-05-13T15:08:55+08:00][sql] SHOW FULL COLUMNS FROM `carver_link` [ RunTime:0.000629s ]
[2021-05-13T15:08:55+08:00][sql] SELECT * FROM `carver_link` WHERE  ( is_confirm=2 ) LIMIT 20 [ RunTime:0.000330s ]
[2021-05-13T15:08:55+08:00][sql] SHOW FULL COLUMNS FROM `carver_site` [ RunTime:0.000633s ]
[2021-05-13T15:08:55+08:00][sql] SELECT * FROM `carver_site` [ RunTime:0.000267s ]
[2021-05-13T15:34:25+08:00][sql] CONNECT:[ UseTime:0.000486s ] mysql:host=127.0.0.1;port=3306;dbname=carver;charset=utf8
[2021-05-13T15:34:25+08:00][sql] SHOW FULL COLUMNS FROM `carver_article` [ RunTime:0.000952s ]
[2021-05-13T15:34:25+08:00][sql] SELECT `article_id`,`article_title`,`article_desc`,`article_content`,`article_img`,`article_guide`,`article_label`,`click_num`,`is_show`,`add_time`,`article_author` FROM `carver_article` WHERE  `article_id` = 25 LIMIT 1 [ RunTime:0.000470s ]
[2021-05-13T15:34:25+08:00][sql] SELECT `article_id`,`article_title`,`article_desc`,`article_content`,`article_img`,`article_guide`,`article_label`,`click_num`,`is_show`,`add_time`,`article_author` FROM `carver_article` WHERE  `article_id` > 25 LIMIT 1 [ RunTime:0.000493s ]
[2021-05-13T15:34:25+08:00][sql] SELECT `article_id`,`article_title`,`article_desc`,`article_content`,`article_img`,`article_guide`,`article_label`,`click_num`,`is_show`,`add_time`,`article_author` FROM `carver_article` WHERE  `article_id` < 25 ORDER BY `article_id` DESC LIMIT 1 [ RunTime:0.000412s ]
[2021-05-13T15:34:25+08:00][sql] SHOW FULL COLUMNS FROM `carver_link` [ RunTime:0.000583s ]
[2021-05-13T15:34:25+08:00][sql] SELECT * FROM `carver_link` WHERE  ( is_confirm=2 ) LIMIT 20 [ RunTime:0.000306s ]
[2021-05-13T15:34:25+08:00][sql] SELECT article_id,article_title,click_num,FROM_UNIXTIME(add_time,'%Y-%m-%d') as add_time FROM `carver_article` ORDER BY `click_num` DESC LIMIT 3 [ RunTime:0.000362s ]
[2021-05-13T15:34:25+08:00][sql] SHOW FULL COLUMNS FROM `carver_comment` [ RunTime:0.000608s ]
[2021-05-13T15:34:25+08:00][sql] SELECT `a`.*,`b`.`user_name` FROM `carver_comment` `a` INNER JOIN `carver_user` `b` ON `a`.`user_id`=`b`.`user_id` WHERE  `article_id` = 25 ORDER BY `create_time` DESC [ RunTime:0.000365s ]
[2021-05-13T15:34:25+08:00][sql] SHOW FULL COLUMNS FROM `carver_comment_to_others` [ RunTime:0.000560s ]
[2021-05-13T15:34:25+08:00][sql] SELECT * FROM `carver_comment_to_others` [ RunTime:0.000236s ]
[2021-05-13T15:34:25+08:00][sql] SHOW FULL COLUMNS FROM `carver_user` [ RunTime:0.000523s ]
[2021-05-13T15:34:25+08:00][sql] SELECT `user_name` FROM `carver_user` WHERE  `user_id` = 4 LIMIT 1 [ RunTime:0.000247s ]
[2021-05-13T15:34:25+08:00][sql] SELECT `user_name` FROM `carver_user` WHERE  `user_id` = 4 LIMIT 1 [ RunTime:0.000223s ]
[2021-05-13T15:34:25+08:00][sql] SELECT `user_name` FROM `carver_user` WHERE  `user_id` = 5 LIMIT 1 [ RunTime:0.000204s ]
[2021-05-13T15:34:25+08:00][sql] SELECT `user_name` FROM `carver_user` WHERE  `user_id` = 5 LIMIT 1 [ RunTime:0.000222s ]
[2021-05-13T15:34:25+08:00][sql] SELECT `user_name` FROM `carver_user` WHERE  `user_id` = 37 LIMIT 1 [ RunTime:0.000228s ]
[2021-05-13T15:34:25+08:00][sql] SELECT `user_name`,`user_id` FROM `carver_user` [ RunTime:0.000243s ]
[2021-05-13T15:34:25+08:00][sql] SHOW FULL COLUMNS FROM `carver_navigation` [ RunTime:0.000529s ]
[2021-05-13T15:34:25+08:00][sql] SELECT * FROM `carver_navigation` [ RunTime:0.000267s ]
[2021-05-13T15:34:25+08:00][sql] SELECT `article_label` FROM `carver_article` [ RunTime:0.000282s ]
[2021-05-13T16:10:57+08:00][sql] CONNECT:[ UseTime:0.000519s ] mysql:host=127.0.0.1;port=3306;dbname=carver;charset=utf8
[2021-05-13T16:10:57+08:00][sql] SHOW FULL COLUMNS FROM `carver_article` [ RunTime:0.000813s ]
[2021-05-13T16:10:57+08:00][sql] SELECT `article_id`,`article_title`,`article_desc`,`article_content`,`article_img`,`article_guide`,`article_label`,`click_num`,`is_show`,`add_time`,`article_author` FROM `carver_article` WHERE  `article_id` = 25/ LIMIT 1 [ RunTime:0.000433s ]
[2021-05-13T16:10:57+08:00][sql] SELECT `article_id`,`article_title`,`article_desc`,`article_content`,`article_img`,`article_guide`,`article_label`,`click_num`,`is_show`,`add_time`,`article_author` FROM `carver_article` WHERE  `article_id` > 25/ LIMIT 1 [ RunTime:0.000499s ]
[2021-05-13T16:10:57+08:00][sql] SELECT `article_id`,`article_title`,`article_desc`,`article_content`,`article_img`,`article_guide`,`article_label`,`click_num`,`is_show`,`add_time`,`article_author` FROM `carver_article` WHERE  `article_id` < 25/ ORDER BY `article_id` DESC LIMIT 1 [ RunTime:0.000426s ]
[2021-05-13T16:10:57+08:00][sql] SHOW FULL COLUMNS FROM `carver_link` [ RunTime:0.000560s ]
[2021-05-13T16:10:57+08:00][sql] SELECT * FROM `carver_link` WHERE  ( is_confirm=2 ) LIMIT 20 [ RunTime:0.000288s ]
[2021-05-13T16:10:57+08:00][sql] SELECT article_id,article_title,click_num,FROM_UNIXTIME(add_time,'%Y-%m-%d') as add_time FROM `carver_article` ORDER BY `click_num` DESC LIMIT 3 [ RunTime:0.000471s ]
[2021-05-13T16:10:57+08:00][sql] SHOW FULL COLUMNS FROM `carver_comment` [ RunTime:0.000581s ]
[2021-05-13T16:10:57+08:00][sql] SELECT `a`.*,`b`.`user_name` FROM `carver_comment` `a` INNER JOIN `carver_user` `b` ON `a`.`user_id`=`b`.`user_id` WHERE  `article_id` = 25/ ORDER BY `create_time` DESC [ RunTime:0.000384s ]
[2021-05-13T16:10:57+08:00][sql] SHOW FULL COLUMNS FROM `carver_comment_to_others` [ RunTime:0.000535s ]
[2021-05-13T16:10:57+08:00][sql] SELECT * FROM `carver_comment_to_others` [ RunTime:0.000245s ]
[2021-05-13T16:10:57+08:00][sql] SHOW FULL COLUMNS FROM `carver_user` [ RunTime:0.000509s ]
[2021-05-13T16:10:57+08:00][sql] SELECT `user_name` FROM `carver_user` WHERE  `user_id` = 4 LIMIT 1 [ RunTime:0.000246s ]
[2021-05-13T16:10:57+08:00][sql] SELECT `user_name` FROM `carver_user` WHERE  `user_id` = 4 LIMIT 1 [ RunTime:0.000226s ]
[2021-05-13T16:10:57+08:00][sql] SELECT `user_name` FROM `carver_user` WHERE  `user_id` = 5 LIMIT 1 [ RunTime:0.000205s ]
[2021-05-13T16:10:57+08:00][sql] SELECT `user_name` FROM `carver_user` WHERE  `user_id` = 5 LIMIT 1 [ RunTime:0.000223s ]
[2021-05-13T16:10:57+08:00][sql] SELECT `user_name` FROM `carver_user` WHERE  `user_id` = 37 LIMIT 1 [ RunTime:0.000228s ]
[2021-05-13T16:10:57+08:00][sql] SELECT `user_name`,`user_id` FROM `carver_user` [ RunTime:0.000231s ]
[2021-05-13T16:10:57+08:00][sql] SHOW FULL COLUMNS FROM `carver_navigation` [ RunTime:0.000534s ]
[2021-05-13T16:10:57+08:00][sql] SELECT * FROM `carver_navigation` [ RunTime:0.000255s ]
[2021-05-13T16:10:57+08:00][sql] SELECT `article_label` FROM `carver_article` [ RunTime:0.000242s ]
[2021-05-13T16:11:04+08:00][sql] CONNECT:[ UseTime:0.000604s ] mysql:host=127.0.0.1;port=3306;dbname=carver;charset=utf8
[2021-05-13T16:11:04+08:00][sql] SHOW FULL COLUMNS FROM `carver_article` [ RunTime:0.000908s ]
[2021-05-13T16:11:04+08:00][sql] SELECT `article_id`,`article_title`,`article_desc`,`article_content`,`article_img`,`article_guide`,`article_label`,`click_num`,`is_show`,`add_time`,`article_author` FROM `carver_article` WHERE  `article_id` = 26/ LIMIT 1 [ RunTime:0.000547s ]
[2021-05-13T16:11:04+08:00][sql] SELECT `article_id`,`article_title`,`article_desc`,`article_content`,`article_img`,`article_guide`,`article_label`,`click_num`,`is_show`,`add_time`,`article_author` FROM `carver_article` WHERE  `article_id` > 26/ LIMIT 1 [ RunTime:0.000381s ]
[2021-05-13T16:11:04+08:00][sql] SELECT `article_id`,`article_title`,`article_desc`,`article_content`,`article_img`,`article_guide`,`article_label`,`click_num`,`is_show`,`add_time`,`article_author` FROM `carver_article` WHERE  `article_id` < 26/ ORDER BY `article_id` DESC LIMIT 1 [ RunTime:0.000353s ]
[2021-05-13T16:11:04+08:00][sql] SHOW FULL COLUMNS FROM `carver_link` [ RunTime:0.000650s ]
[2021-05-13T16:11:04+08:00][sql] SELECT * FROM `carver_link` WHERE  ( is_confirm=2 ) LIMIT 20 [ RunTime:0.000353s ]
[2021-05-13T16:11:04+08:00][sql] SELECT article_id,article_title,click_num,FROM_UNIXTIME(add_time,'%Y-%m-%d') as add_time FROM `carver_article` ORDER BY `click_num` DESC LIMIT 3 [ RunTime:0.000444s ]
[2021-05-13T16:11:04+08:00][sql] SHOW FULL COLUMNS FROM `carver_comment` [ RunTime:0.000584s ]
[2021-05-13T16:11:04+08:00][sql] SELECT `a`.*,`b`.`user_name` FROM `carver_comment` `a` INNER JOIN `carver_user` `b` ON `a`.`user_id`=`b`.`user_id` WHERE  `article_id` = 26/ ORDER BY `create_time` DESC [ RunTime:0.000358s ]
[2021-05-13T16:11:04+08:00][sql] SHOW FULL COLUMNS FROM `carver_comment_to_others` [ RunTime:0.000516s ]
[2021-05-13T16:11:04+08:00][sql] SELECT * FROM `carver_comment_to_others` [ RunTime:0.000293s ]
[2021-05-13T16:11:04+08:00][sql] SHOW FULL COLUMNS FROM `carver_user` [ RunTime:0.000504s ]
[2021-05-13T16:11:04+08:00][sql] SELECT `user_name` FROM `carver_user` WHERE  `user_id` = 4 LIMIT 1 [ RunTime:0.000285s ]
[2021-05-13T16:11:04+08:00][sql] SELECT `user_name` FROM `carver_user` WHERE  `user_id` = 4 LIMIT 1 [ RunTime:0.000298s ]
[2021-05-13T16:11:04+08:00][sql] SELECT `user_name` FROM `carver_user` WHERE  `user_id` = 5 LIMIT 1 [ RunTime:0.000225s ]
[2021-05-13T16:11:04+08:00][sql] SELECT `user_name` FROM `carver_user` WHERE  `user_id` = 5 LIMIT 1 [ RunTime:0.000206s ]
[2021-05-13T16:11:04+08:00][sql] SELECT `user_name` FROM `carver_user` WHERE  `user_id` = 37 LIMIT 1 [ RunTime:0.000227s ]
[2021-05-13T16:11:04+08:00][sql] SHOW FULL COLUMNS FROM `carver_navigation` [ RunTime:0.000644s ]
[2021-05-13T16:11:04+08:00][sql] SELECT * FROM `carver_navigation` [ RunTime:0.000274s ]
[2021-05-13T16:11:04+08:00][sql] SELECT `article_label` FROM `carver_article` [ RunTime:0.000360s ]
[2021-05-13T16:11:13+08:00][sql] CONNECT:[ UseTime:0.000521s ] mysql:host=127.0.0.1;port=3306;dbname=carver;charset=utf8
[2021-05-13T16:11:13+08:00][sql] SHOW FULL COLUMNS FROM `carver_article` [ RunTime:0.000871s ]
[2021-05-13T16:11:13+08:00][sql] SELECT COUNT(*) AS think_count FROM `carver_article` WHERE  `article_label` LIKE '%javascript;c%'  AND `delete_time` = 0  AND `is_show` = 1 [ RunTime:0.000414s ]
[2021-05-13T16:11:13+08:00][sql] SELECT * FROM `carver_article` WHERE  `article_label` LIKE '%javascript;c%'  AND `delete_time` = 0  AND `is_show` = 1 LIMIT 0,6 [ RunTime:0.001026s ]
[2021-05-13T16:11:13+08:00][sql] SELECT article_id,article_title,click_num,FROM_UNIXTIME(add_time,'%Y-%m-%d') as add_time FROM `carver_article` WHERE  `is_show` = 1  AND `delete_time` = 0 ORDER BY `click_num` DESC LIMIT 3 [ RunTime:0.000531s ]
[2021-05-13T16:11:13+08:00][sql] SHOW FULL COLUMNS FROM `carver_notice` [ RunTime:0.000707s ]
[2021-05-13T16:11:13+08:00][sql] SELECT * FROM `carver_notice` ORDER BY `create_time` DESC LIMIT 3 [ RunTime:0.000358s ]
[2021-05-13T16:11:13+08:00][sql] SHOW FULL COLUMNS FROM `carver_navigation` [ RunTime:0.000687s ]
[2021-05-13T16:11:13+08:00][sql] SELECT * FROM `carver_navigation` [ RunTime:0.000288s ]
[2021-05-13T16:11:13+08:00][sql] SHOW FULL COLUMNS FROM `carver_link` [ RunTime:0.000541s ]
[2021-05-13T16:11:13+08:00][sql] SELECT * FROM `carver_link` WHERE  ( is_confirm=2 ) LIMIT 20 [ RunTime:0.000332s ]
[2021-05-13T16:11:13+08:00][sql] SELECT `article_label` FROM `carver_article` [ RunTime:0.000278s ]
[2021-05-13T16:11:13+08:00][sql] SHOW FULL COLUMNS FROM `carver_carouse` [ RunTime:0.000601s ]
[2021-05-13T16:11:13+08:00][sql] SELECT `carouse_img`,`carouse_desc` FROM `carver_carouse` WHERE  `is_show` = 1 ORDER BY `carouse_sort` DESC LIMIT 3 [ RunTime:0.000327s ]
[2021-05-13T16:11:13+08:00][sql] SHOW FULL COLUMNS FROM `carver_site` [ RunTime:0.000619s ]
[2021-05-13T16:11:13+08:00][sql] SELECT * FROM `carver_site` [ RunTime:0.000269s ]
[2021-05-13T16:11:18+08:00][sql] CONNECT:[ UseTime:0.000821s ] mysql:host=127.0.0.1;port=3306;dbname=carver;charset=utf8
[2021-05-13T16:11:18+08:00][sql] SHOW FULL COLUMNS FROM `carver_article` [ RunTime:0.000835s ]
[2021-05-13T16:11:18+08:00][sql] SELECT COUNT(*) AS think_count FROM `carver_article` WHERE  `article_label` LIKE '%php;c%'  AND `delete_time` = 0  AND `is_show` = 1 [ RunTime:0.000404s ]
[2021-05-13T16:11:18+08:00][sql] SELECT * FROM `carver_article` WHERE  `article_label` LIKE '%php;c%'  AND `delete_time` = 0  AND `is_show` = 1 LIMIT 0,6 [ RunTime:0.000927s ]
[2021-05-13T16:11:18+08:00][sql] SELECT article_id,article_title,click_num,FROM_UNIXTIME(add_time,'%Y-%m-%d') as add_time FROM `carver_article` WHERE  `is_show` = 1  AND `delete_time` = 0 ORDER BY `click_num` DESC LIMIT 3 [ RunTime:0.000467s ]
[2021-05-13T16:11:18+08:00][sql] SHOW FULL COLUMNS FROM `carver_notice` [ RunTime:0.000678s ]
[2021-05-13T16:11:18+08:00][sql] SELECT * FROM `carver_notice` ORDER BY `create_time` DESC LIMIT 3 [ RunTime:0.000310s ]
[2021-05-13T16:11:18+08:00][sql] SHOW FULL COLUMNS FROM `carver_navigation` [ RunTime:0.000559s ]
[2021-05-13T16:11:18+08:00][sql] SELECT * FROM `carver_navigation` [ RunTime:0.000317s ]
[2021-05-13T16:11:18+08:00][sql] SHOW FULL COLUMNS FROM `carver_link` [ RunTime:0.000571s ]
[2021-05-13T16:11:18+08:00][sql] SELECT * FROM `carver_link` WHERE  ( is_confirm=2 ) LIMIT 20 [ RunTime:0.000381s ]
[2021-05-13T16:11:18+08:00][sql] SELECT `article_label` FROM `carver_article` [ RunTime:0.000275s ]
[2021-05-13T16:11:18+08:00][sql] SHOW FULL COLUMNS FROM `carver_carouse` [ RunTime:0.000602s ]
[2021-05-13T16:11:18+08:00][sql] SELECT `carouse_img`,`carouse_desc` FROM `carver_carouse` WHERE  `is_show` = 1 ORDER BY `carouse_sort` DESC LIMIT 3 [ RunTime:0.000318s ]
[2021-05-13T16:11:18+08:00][sql] SHOW FULL COLUMNS FROM `carver_site` [ RunTime:0.000552s ]
[2021-05-13T16:11:18+08:00][sql] SELECT * FROM `carver_site` [ RunTime:0.000265s ]
[2021-05-13T16:11:27+08:00][sql] CONNECT:[ UseTime:0.000964s ] mysql:host=127.0.0.1;port=3306;dbname=carver;charset=utf8
[2021-05-13T16:11:27+08:00][sql] SHOW FULL COLUMNS FROM `carver_article` [ RunTime:0.000975s ]
[2021-05-13T16:11:27+08:00][sql] SELECT COUNT(*) AS think_count FROM `carver_article` WHERE  `article_label` LIKE '%php;git/%'  AND `delete_time` = 0  AND `is_show` = 1 [ RunTime:0.000569s ]
[2021-05-13T16:11:27+08:00][sql] SELECT * FROM `carver_article` WHERE  `article_label` LIKE '%php;git/%'  AND `delete_time` = 0  AND `is_show` = 1 LIMIT 0,6 [ RunTime:0.001256s ]
[2021-05-13T16:11:27+08:00][sql] SELECT article_id,article_title,click_num,FROM_UNIXTIME(add_time,'%Y-%m-%d') as add_time FROM `carver_article` WHERE  `is_show` = 1  AND `delete_time` = 0 ORDER BY `click_num` DESC LIMIT 3 [ RunTime:0.000570s ]
[2021-05-13T16:11:27+08:00][sql] SHOW FULL COLUMNS FROM `carver_notice` [ RunTime:0.000666s ]
[2021-05-13T16:11:27+08:00][sql] SELECT * FROM `carver_notice` ORDER BY `create_time` DESC LIMIT 3 [ RunTime:0.000332s ]
[2021-05-13T16:11:27+08:00][sql] SHOW FULL COLUMNS FROM `carver_navigation` [ RunTime:0.000703s ]
[2021-05-13T16:11:27+08:00][sql] SELECT * FROM `carver_navigation` [ RunTime:0.000297s ]
[2021-05-13T16:11:27+08:00][sql] SHOW FULL COLUMNS FROM `carver_link` [ RunTime:0.000636s ]
[2021-05-13T16:11:27+08:00][sql] SELECT * FROM `carver_link` WHERE  ( is_confirm=2 ) LIMIT 20 [ RunTime:0.000348s ]
[2021-05-13T16:11:27+08:00][sql] SELECT `article_label` FROM `carver_article` [ RunTime:0.000265s ]
[2021-05-13T16:11:27+08:00][sql] SHOW FULL COLUMNS FROM `carver_carouse` [ RunTime:0.000566s ]
[2021-05-13T16:11:27+08:00][sql] SELECT `carouse_img`,`carouse_desc` FROM `carver_carouse` WHERE  `is_show` = 1 ORDER BY `carouse_sort` DESC LIMIT 3 [ RunTime:0.000335s ]
[2021-05-13T16:11:27+08:00][sql] SHOW FULL COLUMNS FROM `carver_site` [ RunTime:0.000530s ]
[2021-05-13T16:11:27+08:00][sql] SELECT * FROM `carver_site` [ RunTime:0.000288s ]
[2021-05-13T16:11:33+08:00][sql] CONNECT:[ UseTime:0.000712s ] mysql:host=127.0.0.1;port=3306;dbname=carver;charset=utf8
[2021-05-13T16:11:33+08:00][sql] SHOW FULL COLUMNS FROM `carver_article` [ RunTime:0.000905s ]
[2021-05-13T16:11:33+08:00][sql] SELECT COUNT(*) AS think_count FROM `carver_article` WHERE  `article_label` LIKE '%php;javascript;c%'  AND `delete_time` = 0  AND `is_show` = 1 [ RunTime:0.000513s ]
[2021-05-13T16:11:33+08:00][sql] SELECT * FROM `carver_article` WHERE  `article_label` LIKE '%php;javascript;c%'  AND `delete_time` = 0  AND `is_show` = 1 LIMIT 0,6 [ RunTime:0.001061s ]
[2021-05-13T16:11:33+08:00][sql] SELECT article_id,article_title,click_num,FROM_UNIXTIME(add_time,'%Y-%m-%d') as add_time FROM `carver_article` WHERE  `is_show` = 1  AND `delete_time` = 0 ORDER BY `click_num` DESC LIMIT 3 [ RunTime:0.000536s ]
[2021-05-13T16:11:33+08:00][sql] SHOW FULL COLUMNS FROM `carver_notice` [ RunTime:0.000715s ]
[2021-05-13T16:11:33+08:00][sql] SELECT * FROM `carver_notice` ORDER BY `create_time` DESC LIMIT 3 [ RunTime:0.000337s ]
[2021-05-13T16:11:33+08:00][sql] SHOW FULL COLUMNS FROM `carver_navigation` [ RunTime:0.000568s ]
[2021-05-13T16:11:33+08:00][sql] SELECT * FROM `carver_navigation` [ RunTime:0.000312s ]
[2021-05-13T16:11:33+08:00][sql] SHOW FULL COLUMNS FROM `carver_link` [ RunTime:0.000563s ]
[2021-05-13T16:11:33+08:00][sql] SELECT * FROM `carver_link` WHERE  ( is_confirm=2 ) LIMIT 20 [ RunTime:0.000353s ]
[2021-05-13T16:11:33+08:00][sql] SELECT `article_label` FROM `carver_article` [ RunTime:0.000279s ]
[2021-05-13T16:11:33+08:00][sql] SHOW FULL COLUMNS FROM `carver_carouse` [ RunTime:0.000626s ]
[2021-05-13T16:11:33+08:00][sql] SELECT `carouse_img`,`carouse_desc` FROM `carver_carouse` WHERE  `is_show` = 1 ORDER BY `carouse_sort` DESC LIMIT 3 [ RunTime:0.000303s ]
[2021-05-13T16:11:33+08:00][sql] SHOW FULL COLUMNS FROM `carver_site` [ RunTime:0.000535s ]
[2021-05-13T16:11:33+08:00][sql] SELECT * FROM `carver_site` [ RunTime:0.000264s ]
[2021-05-13T16:11:40+08:00][sql] CONNECT:[ UseTime:0.000697s ] mysql:host=127.0.0.1;port=3306;dbname=carver;charset=utf8
[2021-05-13T16:11:40+08:00][sql] SHOW FULL COLUMNS FROM `carver_article` [ RunTime:0.000910s ]
[2021-05-13T16:11:40+08:00][sql] SELECT COUNT(*) AS think_count FROM `carver_article` WHERE  `article_label` LIKE '%php;linux/%'  AND `delete_time` = 0  AND `is_show` = 1 [ RunTime:0.000456s ]
[2021-05-13T16:11:40+08:00][sql] SELECT * FROM `carver_article` WHERE  `article_label` LIKE '%php;linux/%'  AND `delete_time` = 0  AND `is_show` = 1 LIMIT 0,6 [ RunTime:0.001016s ]
[2021-05-13T16:11:40+08:00][sql] SELECT article_id,article_title,click_num,FROM_UNIXTIME(add_time,'%Y-%m-%d') as add_time FROM `carver_article` WHERE  `is_show` = 1  AND `delete_time` = 0 ORDER BY `click_num` DESC LIMIT 3 [ RunTime:0.000576s ]
[2021-05-13T16:11:40+08:00][sql] SHOW FULL COLUMNS FROM `carver_notice` [ RunTime:0.000688s ]
[2021-05-13T16:11:40+08:00][sql] SELECT * FROM `carver_notice` ORDER BY `create_time` DESC LIMIT 3 [ RunTime:0.000370s ]
[2021-05-13T16:11:40+08:00][sql] SHOW FULL COLUMNS FROM `carver_navigation` [ RunTime:0.000673s ]
[2021-05-13T16:11:40+08:00][sql] SELECT * FROM `carver_navigation` [ RunTime:0.000306s ]
[2021-05-13T16:11:40+08:00][sql] SHOW FULL COLUMNS FROM `carver_link` [ RunTime:0.000642s ]
[2021-05-13T16:11:40+08:00][sql] SELECT * FROM `carver_link` WHERE  ( is_confirm=2 ) LIMIT 20 [ RunTime:0.000359s ]
[2021-05-13T16:11:40+08:00][sql] SELECT `article_label` FROM `carver_article` [ RunTime:0.000299s ]
[2021-05-13T16:11:40+08:00][sql] SHOW FULL COLUMNS FROM `carver_carouse` [ RunTime:0.000556s ]
[2021-05-13T16:11:40+08:00][sql] SELECT `carouse_img`,`carouse_desc` FROM `carver_carouse` WHERE  `is_show` = 1 ORDER BY `carouse_sort` DESC LIMIT 3 [ RunTime:0.000345s ]
[2021-05-13T16:11:40+08:00][sql] SHOW FULL COLUMNS FROM `carver_site` [ RunTime:0.000566s ]
[2021-05-13T16:11:40+08:00][sql] SELECT * FROM `carver_site` [ RunTime:0.000287s ]
[2021-05-13T16:11:50+08:00][sql] CONNECT:[ UseTime:0.000756s ] mysql:host=127.0.0.1;port=3306;dbname=carver;charset=utf8
[2021-05-13T16:11:50+08:00][sql] SHOW FULL COLUMNS FROM `carver_article` [ RunTime:0.000957s ]
[2021-05-13T16:11:50+08:00][sql] SELECT COUNT(*) AS think_count FROM `carver_article` WHERE  `article_label` LIKE '%php;mysql/%'  AND `delete_time` = 0  AND `is_show` = 1 [ RunTime:0.000441s ]
[2021-05-13T16:11:50+08:00][sql] SELECT * FROM `carver_article` WHERE  `article_label` LIKE '%php;mysql/%'  AND `delete_time` = 0  AND `is_show` = 1 LIMIT 0,6 [ RunTime:0.000983s ]
[2021-05-13T16:11:50+08:00][sql] SELECT article_id,article_title,click_num,FROM_UNIXTIME(add_time,'%Y-%m-%d') as add_time FROM `carver_article` WHERE  `is_show` = 1  AND `delete_time` = 0 ORDER BY `click_num` DESC LIMIT 3 [ RunTime:0.000496s ]
[2021-05-13T16:11:50+08:00][sql] SHOW FULL COLUMNS FROM `carver_notice` [ RunTime:0.000619s ]
[2021-05-13T16:11:50+08:00][sql] SELECT * FROM `carver_notice` ORDER BY `create_time` DESC LIMIT 3 [ RunTime:0.000333s ]
[2021-05-13T16:11:50+08:00][sql] SHOW FULL COLUMNS FROM `carver_navigation` [ RunTime:0.000618s ]
[2021-05-13T16:11:50+08:00][sql] SELECT * FROM `carver_navigation` [ RunTime:0.000291s ]
[2021-05-13T16:11:50+08:00][sql] SHOW FULL COLUMNS FROM `carver_link` [ RunTime:0.000548s ]
[2021-05-13T16:11:50+08:00][sql] SELECT * FROM `carver_link` WHERE  ( is_confirm=2 ) LIMIT 20 [ RunTime:0.000380s ]
[2021-05-13T16:11:50+08:00][sql] SELECT `article_label` FROM `carver_article` [ RunTime:0.000284s ]
[2021-05-13T16:11:50+08:00][sql] SHOW FULL COLUMNS FROM `carver_carouse` [ RunTime:0.000552s ]
[2021-05-13T16:11:50+08:00][sql] SELECT `carouse_img`,`carouse_desc` FROM `carver_carouse` WHERE  `is_show` = 1 ORDER BY `carouse_sort` DESC LIMIT 3 [ RunTime:0.000313s ]
[2021-05-13T16:11:50+08:00][sql] SHOW FULL COLUMNS FROM `carver_site` [ RunTime:0.000555s ]
[2021-05-13T16:11:50+08:00][sql] SELECT * FROM `carver_site` [ RunTime:0.000261s ]
[2021-05-13T16:11:54+08:00][sql] CONNECT:[ UseTime:0.000542s ] mysql:host=127.0.0.1;port=3306;dbname=carver;charset=utf8
[2021-05-13T16:11:54+08:00][sql] SHOW FULL COLUMNS FROM `carver_article` [ RunTime:0.001055s ]
[2021-05-13T16:11:54+08:00][sql] SELECT COUNT(*) AS think_count FROM `carver_article` WHERE  `article_label` LIKE '%php;nginx/%'  AND `delete_time` = 0  AND `is_show` = 1 [ RunTime:0.000864s ]
[2021-05-13T16:11:54+08:00][sql] SELECT * FROM `carver_article` WHERE  `article_label` LIKE '%php;nginx/%'  AND `delete_time` = 0  AND `is_show` = 1 LIMIT 0,6 [ RunTime:0.001009s ]
[2021-05-13T16:11:54+08:00][sql] SELECT article_id,article_title,click_num,FROM_UNIXTIME(add_time,'%Y-%m-%d') as add_time FROM `carver_article` WHERE  `is_show` = 1  AND `delete_time` = 0 ORDER BY `click_num` DESC LIMIT 3 [ RunTime:0.000645s ]
[2021-05-13T16:11:54+08:00][sql] SHOW FULL COLUMNS FROM `carver_notice` [ RunTime:0.000706s ]
[2021-05-13T16:11:54+08:00][sql] SELECT * FROM `carver_notice` ORDER BY `create_time` DESC LIMIT 3 [ RunTime:0.000347s ]
[2021-05-13T16:11:54+08:00][sql] SHOW FULL COLUMNS FROM `carver_navigation` [ RunTime:0.000605s ]
[2021-05-13T16:11:54+08:00][sql] SELECT * FROM `carver_navigation` [ RunTime:0.000327s ]
[2021-05-13T16:11:54+08:00][sql] SHOW FULL COLUMNS FROM `carver_link` [ RunTime:0.000803s ]
[2021-05-13T16:11:54+08:00][sql] SELECT * FROM `carver_link` WHERE  ( is_confirm=2 ) LIMIT 20 [ RunTime:0.000429s ]
[2021-05-13T16:11:54+08:00][sql] SELECT `article_label` FROM `carver_article` [ RunTime:0.000345s ]
[2021-05-13T16:11:54+08:00][sql] SHOW FULL COLUMNS FROM `carver_carouse` [ RunTime:0.000546s ]
[2021-05-13T16:11:54+08:00][sql] SELECT `carouse_img`,`carouse_desc` FROM `carver_carouse` WHERE  `is_show` = 1 ORDER BY `carouse_sort` DESC LIMIT 3 [ RunTime:0.000330s ]
[2021-05-13T16:11:54+08:00][sql] SHOW FULL COLUMNS FROM `carver_site` [ RunTime:0.000571s ]
[2021-05-13T16:11:54+08:00][sql] SELECT * FROM `carver_site` [ RunTime:0.000293s ]
[2021-05-13T16:12:01+08:00][sql] CONNECT:[ UseTime:0.000544s ] mysql:host=127.0.0.1;port=3306;dbname=carver;charset=utf8
[2021-05-13T16:12:01+08:00][sql] SHOW FULL COLUMNS FROM `carver_article` [ RunTime:0.001041s ]
[2021-05-13T16:12:01+08:00][sql] SELECT COUNT(*) AS think_count FROM `carver_article` WHERE  `article_label` LIKE '%php;swoole/%'  AND `delete_time` = 0  AND `is_show` = 1 [ RunTime:0.000456s ]
[2021-05-13T16:12:01+08:00][sql] SELECT * FROM `carver_article` WHERE  `article_label` LIKE '%php;swoole/%'  AND `delete_time` = 0  AND `is_show` = 1 LIMIT 0,6 [ RunTime:0.000932s ]
[2021-05-13T16:12:01+08:00][sql] SELECT article_id,article_title,click_num,FROM_UNIXTIME(add_time,'%Y-%m-%d') as add_time FROM `carver_article` WHERE  `is_show` = 1  AND `delete_time` = 0 ORDER BY `click_num` DESC LIMIT 3 [ RunTime:0.000518s ]
[2021-05-13T16:12:01+08:00][sql] SHOW FULL COLUMNS FROM `carver_notice` [ RunTime:0.000740s ]
[2021-05-13T16:12:01+08:00][sql] SELECT * FROM `carver_notice` ORDER BY `create_time` DESC LIMIT 3 [ RunTime:0.000364s ]
[2021-05-13T16:12:01+08:00][sql] SHOW FULL COLUMNS FROM `carver_navigation` [ RunTime:0.000567s ]
[2021-05-13T16:12:01+08:00][sql] SELECT * FROM `carver_navigation` [ RunTime:0.000283s ]
[2021-05-13T16:12:01+08:00][sql] SHOW FULL COLUMNS FROM `carver_link` [ RunTime:0.000611s ]
[2021-05-13T16:12:01+08:00][sql] SELECT * FROM `carver_link` WHERE  ( is_confirm=2 ) LIMIT 20 [ RunTime:0.000348s ]
[2021-05-13T16:12:01+08:00][sql] SELECT `article_label` FROM `carver_article` [ RunTime:0.000345s ]
[2021-05-13T16:12:01+08:00][sql] SHOW FULL COLUMNS FROM `carver_carouse` [ RunTime:0.000615s ]
[2021-05-13T16:12:01+08:00][sql] SELECT `carouse_img`,`carouse_desc` FROM `carver_carouse` WHERE  `is_show` = 1 ORDER BY `carouse_sort` DESC LIMIT 3 [ RunTime:0.000325s ]
[2021-05-13T16:12:01+08:00][sql] SHOW FULL COLUMNS FROM `carver_site` [ RunTime:0.000530s ]
[2021-05-13T16:12:01+08:00][sql] SELECT * FROM `carver_site` [ RunTime:0.000270s ]
[2021-05-13T16:12:07+08:00][sql] CONNECT:[ UseTime:0.000625s ] mysql:host=127.0.0.1;port=3306;dbname=carver;charset=utf8
[2021-05-13T16:12:07+08:00][sql] SHOW FULL COLUMNS FROM `carver_article` [ RunTime:0.000934s ]
[2021-05-13T16:12:07+08:00][sql] SELECT COUNT(*) AS think_count FROM `carver_article` WHERE  `article_label` LIKE '%php;网络安全/%'  AND `delete_time` = 0  AND `is_show` = 1 [ RunTime:0.000454s ]
[2021-05-13T16:12:07+08:00][sql] SELECT * FROM `carver_article` WHERE  `article_label` LIKE '%php;网络安全/%'  AND `delete_time` = 0  AND `is_show` = 1 LIMIT 0,6 [ RunTime:0.000982s ]
[2021-05-13T16:12:07+08:00][sql] SELECT article_id,article_title,click_num,FROM_UNIXTIME(add_time,'%Y-%m-%d') as add_time FROM `carver_article` WHERE  `is_show` = 1  AND `delete_time` = 0 ORDER BY `click_num` DESC LIMIT 3 [ RunTime:0.000524s ]
[2021-05-13T16:12:07+08:00][sql] SHOW FULL COLUMNS FROM `carver_notice` [ RunTime:0.000776s ]
[2021-05-13T16:12:07+08:00][sql] SELECT * FROM `carver_notice` ORDER BY `create_time` DESC LIMIT 3 [ RunTime:0.000308s ]
[2021-05-13T16:12:07+08:00][sql] SHOW FULL COLUMNS FROM `carver_navigation` [ RunTime:0.000586s ]
[2021-05-13T16:12:07+08:00][sql] SELECT * FROM `carver_navigation` [ RunTime:0.000286s ]
[2021-05-13T16:12:07+08:00][sql] SHOW FULL COLUMNS FROM `carver_link` [ RunTime:0.000551s ]
[2021-05-13T16:12:07+08:00][sql] SELECT * FROM `carver_link` WHERE  ( is_confirm=2 ) LIMIT 20 [ RunTime:0.000393s ]
[2021-05-13T16:12:07+08:00][sql] SELECT `article_label` FROM `carver_article` [ RunTime:0.000284s ]
[2021-05-13T16:12:07+08:00][sql] SHOW FULL COLUMNS FROM `carver_carouse` [ RunTime:0.000555s ]
[2021-05-13T16:12:07+08:00][sql] SELECT `carouse_img`,`carouse_desc` FROM `carver_carouse` WHERE  `is_show` = 1 ORDER BY `carouse_sort` DESC LIMIT 3 [ RunTime:0.000340s ]
[2021-05-13T16:12:07+08:00][sql] SHOW FULL COLUMNS FROM `carver_site` [ RunTime:0.000565s ]
[2021-05-13T16:12:07+08:00][sql] SELECT * FROM `carver_site` [ RunTime:0.000305s ]
[2021-05-13T16:12:12+08:00][sql] CONNECT:[ UseTime:0.000606s ] mysql:host=127.0.0.1;port=3306;dbname=carver;charset=utf8
[2021-05-13T16:12:12+08:00][sql] SHOW FULL COLUMNS FROM `carver_article` [ RunTime:0.000935s ]
[2021-05-13T16:12:12+08:00][sql] SELECT COUNT(*) AS think_count FROM `carver_article` WHERE  `article_label` LIKE '%php;设计模式/%'  AND `delete_time` = 0  AND `is_show` = 1 [ RunTime:0.000460s ]
[2021-05-13T16:12:12+08:00][sql] SELECT * FROM `carver_article` WHERE  `article_label` LIKE '%php;设计模式/%'  AND `delete_time` = 0  AND `is_show` = 1 LIMIT 0,6 [ RunTime:0.001030s ]
[2021-05-13T16:12:12+08:00][sql] SELECT article_id,article_title,click_num,FROM_UNIXTIME(add_time,'%Y-%m-%d') as add_time FROM `carver_article` WHERE  `is_show` = 1  AND `delete_time` = 0 ORDER BY `click_num` DESC LIMIT 3 [ RunTime:0.000852s ]
[2021-05-13T16:12:12+08:00][sql] SHOW FULL COLUMNS FROM `carver_notice` [ RunTime:0.000685s ]
[2021-05-13T16:12:12+08:00][sql] SELECT * FROM `carver_notice` ORDER BY `create_time` DESC LIMIT 3 [ RunTime:0.000312s ]
[2021-05-13T16:12:12+08:00][sql] SHOW FULL COLUMNS FROM `carver_navigation` [ RunTime:0.000578s ]
[2021-05-13T16:12:12+08:00][sql] SELECT * FROM `carver_navigation` [ RunTime:0.000331s ]
[2021-05-13T16:12:12+08:00][sql] SHOW FULL COLUMNS FROM `carver_link` [ RunTime:0.000595s ]
[2021-05-13T16:12:12+08:00][sql] SELECT * FROM `carver_link` WHERE  ( is_confirm=2 ) LIMIT 20 [ RunTime:0.000350s ]
[2021-05-13T16:12:12+08:00][sql] SELECT `article_label` FROM `carver_article` [ RunTime:0.000289s ]
[2021-05-13T16:12:12+08:00][sql] SHOW FULL COLUMNS FROM `carver_carouse` [ RunTime:0.000567s ]
[2021-05-13T16:12:12+08:00][sql] SELECT `carouse_img`,`carouse_desc` FROM `carver_carouse` WHERE  `is_show` = 1 ORDER BY `carouse_sort` DESC LIMIT 3 [ RunTime:0.000299s ]
[2021-05-13T16:12:12+08:00][sql] SHOW FULL COLUMNS FROM `carver_site` [ RunTime:0.000606s ]
[2021-05-13T16:12:12+08:00][sql] SELECT * FROM `carver_site` [ RunTime:0.000261s ]
[2021-05-13T16:12:17+08:00][sql] CONNECT:[ UseTime:0.000662s ] mysql:host=127.0.0.1;port=3306;dbname=carver;charset=utf8
[2021-05-13T16:12:17+08:00][sql] SHOW FULL COLUMNS FROM `carver_article` [ RunTime:0.000966s ]
[2021-05-13T16:12:17+08:00][sql] SELECT COUNT(*) AS think_count FROM `carver_article` WHERE  `article_label` LIKE '%网络安全//%'  AND `delete_time` = 0  AND `is_show` = 1 [ RunTime:0.000441s ]
[2021-05-13T16:12:17+08:00][sql] SELECT * FROM `carver_article` WHERE  `article_label` LIKE '%网络安全//%'  AND `delete_time` = 0  AND `is_show` = 1 LIMIT 0,6 [ RunTime:0.000947s ]
[2021-05-13T16:12:17+08:00][sql] SELECT article_id,article_title,click_num,FROM_UNIXTIME(add_time,'%Y-%m-%d') as add_time FROM `carver_article` WHERE  `is_show` = 1  AND `delete_time` = 0 ORDER BY `click_num` DESC LIMIT 3 [ RunTime:0.000473s ]
[2021-05-13T16:12:17+08:00][sql] SHOW FULL COLUMNS FROM `carver_notice` [ RunTime:0.000610s ]
[2021-05-13T16:12:17+08:00][sql] SELECT * FROM `carver_notice` ORDER BY `create_time` DESC LIMIT 3 [ RunTime:0.000320s ]
[2021-05-13T16:12:17+08:00][sql] SHOW FULL COLUMNS FROM `carver_navigation` [ RunTime:0.000581s ]
[2021-05-13T16:12:17+08:00][sql] SELECT * FROM `carver_navigation` [ RunTime:0.000293s ]
[2021-05-13T16:12:17+08:00][sql] SHOW FULL COLUMNS FROM `carver_link` [ RunTime:0.000599s ]
[2021-05-13T16:12:17+08:00][sql] SELECT * FROM `carver_link` WHERE  ( is_confirm=2 ) LIMIT 20 [ RunTime:0.000368s ]
[2021-05-13T16:12:17+08:00][sql] SELECT `article_label` FROM `carver_article` [ RunTime:0.000260s ]
[2021-05-13T16:12:17+08:00][sql] SHOW FULL COLUMNS FROM `carver_carouse` [ RunTime:0.000660s ]
[2021-05-13T16:12:17+08:00][sql] SELECT `carouse_img`,`carouse_desc` FROM `carver_carouse` WHERE  `is_show` = 1 ORDER BY `carouse_sort` DESC LIMIT 3 [ RunTime:0.000349s ]
[2021-05-13T16:12:17+08:00][sql] SHOW FULL COLUMNS FROM `carver_site` [ RunTime:0.000527s ]
[2021-05-13T16:12:17+08:00][sql] SELECT * FROM `carver_site` [ RunTime:0.000260s ]
[2021-05-13T16:12:25+08:00][sql] CONNECT:[ UseTime:0.000522s ] mysql:host=127.0.0.1;port=3306;dbname=carver;charset=utf8
[2021-05-13T16:12:25+08:00][sql] SHOW FULL COLUMNS FROM `carver_article` [ RunTime:0.000925s ]
[2021-05-13T16:12:25+08:00][sql] SELECT COUNT(*) AS think_count FROM `carver_article` WHERE  `article_label` LIKE '%设计模式//%'  AND `delete_time` = 0  AND `is_show` = 1 [ RunTime:0.000423s ]
[2021-05-13T16:12:25+08:00][sql] SELECT * FROM `carver_article` WHERE  `article_label` LIKE '%设计模式//%'  AND `delete_time` = 0  AND `is_show` = 1 LIMIT 0,6 [ RunTime:0.000985s ]
[2021-05-13T16:12:25+08:00][sql] SELECT article_id,article_title,click_num,FROM_UNIXTIME(add_time,'%Y-%m-%d') as add_time FROM `carver_article` WHERE  `is_show` = 1  AND `delete_time` = 0 ORDER BY `click_num` DESC LIMIT 3 [ RunTime:0.000476s ]
[2021-05-13T16:12:25+08:00][sql] SHOW FULL COLUMNS FROM `carver_notice` [ RunTime:0.000647s ]
[2021-05-13T16:12:25+08:00][sql] SELECT * FROM `carver_notice` ORDER BY `create_time` DESC LIMIT 3 [ RunTime:0.000339s ]
[2021-05-13T16:12:25+08:00][sql] SHOW FULL COLUMNS FROM `carver_navigation` [ RunTime:0.000642s ]
[2021-05-13T16:12:25+08:00][sql] SELECT * FROM `carver_navigation` [ RunTime:0.000314s ]
[2021-05-13T16:12:25+08:00][sql] SHOW FULL COLUMNS FROM `carver_link` [ RunTime:0.000586s ]
[2021-05-13T16:12:25+08:00][sql] SELECT * FROM `carver_link` WHERE  ( is_confirm=2 ) LIMIT 20 [ RunTime:0.000352s ]
[2021-05-13T16:12:25+08:00][sql] SELECT `article_label` FROM `carver_article` [ RunTime:0.000293s ]
[2021-05-13T16:12:25+08:00][sql] SHOW FULL COLUMNS FROM `carver_carouse` [ RunTime:0.000523s ]
[2021-05-13T16:12:25+08:00][sql] SELECT `carouse_img`,`carouse_desc` FROM `carver_carouse` WHERE  `is_show` = 1 ORDER BY `carouse_sort` DESC LIMIT 3 [ RunTime:0.000321s ]
[2021-05-13T16:12:25+08:00][sql] SHOW FULL COLUMNS FROM `carver_site` [ RunTime:0.000521s ]
[2021-05-13T16:12:25+08:00][sql] SELECT * FROM `carver_site` [ RunTime:0.000441s ]
[2021-05-13T16:25:59+08:00][sql] CONNECT:[ UseTime:0.000581s ] mysql:host=127.0.0.1;port=3306;dbname=carver;charset=utf8
[2021-05-13T16:25:59+08:00][sql] SHOW FULL COLUMNS FROM `carver_article` [ RunTime:0.000865s ]
[2021-05-13T16:25:59+08:00][sql] SELECT COUNT(*) AS think_count FROM `carver_article` WHERE  `article_title` LIKE '%%'  AND `delete_time` = 0  AND `is_show` = 1 [ RunTime:0.000429s ]
[2021-05-13T16:25:59+08:00][sql] SELECT * FROM `carver_article` WHERE  `article_title` LIKE '%%'  AND `delete_time` = 0  AND `is_show` = 1 LIMIT 12,6 [ RunTime:0.002829s ]
[2021-05-13T16:25:59+08:00][sql] SELECT article_id,article_title,click_num,FROM_UNIXTIME(add_time,'%Y-%m-%d') as add_time FROM `carver_article` WHERE  `delete_time` = 0  AND `is_show` = 1 ORDER BY `click_num` DESC LIMIT 3 [ RunTime:0.000465s ]
[2021-05-13T16:25:59+08:00][sql] SHOW FULL COLUMNS FROM `carver_notice` [ RunTime:0.000650s ]
[2021-05-13T16:25:59+08:00][sql] SELECT * FROM `carver_notice` ORDER BY `create_time` DESC LIMIT 3 [ RunTime:0.000271s ]
[2021-05-13T16:25:59+08:00][sql] SHOW FULL COLUMNS FROM `carver_navigation` [ RunTime:0.000516s ]
[2021-05-13T16:25:59+08:00][sql] SELECT * FROM `carver_navigation` [ RunTime:0.000242s ]
[2021-05-13T16:25:59+08:00][sql] SHOW FULL COLUMNS FROM `carver_link` [ RunTime:0.000515s ]
[2021-05-13T16:25:59+08:00][sql] SELECT * FROM `carver_link` WHERE  ( is_confirm=2 ) LIMIT 20 [ RunTime:0.000289s ]
[2021-05-13T16:25:59+08:00][sql] SELECT `article_label` FROM `carver_article` [ RunTime:0.000266s ]
[2021-05-13T16:25:59+08:00][sql] SHOW FULL COLUMNS FROM `carver_carouse` [ RunTime:0.000450s ]
[2021-05-13T16:25:59+08:00][sql] SELECT `carouse_img`,`carouse_desc` FROM `carver_carouse` WHERE  `is_show` = 1 ORDER BY `carouse_sort` DESC LIMIT 3 [ RunTime:0.000287s ]
[2021-05-13T16:25:59+08:00][sql] SHOW FULL COLUMNS FROM `carver_site` [ RunTime:0.000452s ]
[2021-05-13T16:25:59+08:00][sql] SELECT * FROM `carver_site` [ RunTime:0.000233s ]
[2021-05-13T16:37:49+08:00][sql] CONNECT:[ UseTime:0.000702s ] mysql:host=127.0.0.1;port=3306;dbname=carver;charset=utf8
[2021-05-13T16:37:49+08:00][sql] SHOW FULL COLUMNS FROM `carver_user` [ RunTime:0.000856s ]
[2021-05-13T16:37:49+08:00][sql] SHOW FULL COLUMNS FROM `carver_article` [ RunTime:0.000714s ]
[2021-05-13T16:37:49+08:00][sql] SELECT COUNT(*) AS think_count FROM `carver_article` WHERE  `delete_time` = 0  AND `is_show` = 1 [ RunTime:0.000396s ]
[2021-05-13T16:37:49+08:00][sql] SELECT `article_id`,`article_title`,`article_desc`,`article_content`,`article_img`,`article_guide`,`article_label`,`click_num`,`is_show`,`add_time`,`article_author`,`is_top_show` FROM `carver_article` WHERE  `delete_time` = 0  AND `is_show` = 1 ORDER BY `article_id` DESC LIMIT 0,6 [ RunTime:0.000675s ]
[2021-05-13T16:37:49+08:00][sql] SELECT article_id,article_title,click_num,FROM_UNIXTIME(add_time,'%Y-%m-%d') as add_time FROM `carver_article` WHERE  `is_show` = 1  AND `delete_time` = 0 ORDER BY `click_num` DESC LIMIT 3 [ RunTime:0.000663s ]
[2021-05-13T16:37:49+08:00][sql] SHOW FULL COLUMNS FROM `carver_notice` [ RunTime:0.000679s ]
[2021-05-13T16:37:49+08:00][sql] SELECT * FROM `carver_notice` ORDER BY `create_time` DESC LIMIT 3 [ RunTime:0.000285s ]
[2021-05-13T16:37:49+08:00][sql] SHOW FULL COLUMNS FROM `carver_navigation` [ RunTime:0.000537s ]
[2021-05-13T16:37:49+08:00][sql] SELECT * FROM `carver_navigation` [ RunTime:0.000251s ]
[2021-05-13T16:37:49+08:00][sql] SHOW FULL COLUMNS FROM `carver_link` [ RunTime:0.000521s ]
[2021-05-13T16:37:49+08:00][sql] SELECT * FROM `carver_link` WHERE  ( is_confirm=2 ) LIMIT 20 [ RunTime:0.000305s ]
[2021-05-13T16:37:49+08:00][sql] SELECT `article_label` FROM `carver_article` [ RunTime:0.000291s ]
[2021-05-13T16:37:49+08:00][sql] SHOW FULL COLUMNS FROM `carver_carouse` [ RunTime:0.000653s ]
[2021-05-13T16:37:49+08:00][sql] SELECT `carouse_img`,`carouse_desc` FROM `carver_carouse` WHERE  `is_show` = 1 ORDER BY `carouse_sort` DESC LIMIT 3 [ RunTime:0.000302s ]
[2021-05-13T16:37:49+08:00][sql] SHOW FULL COLUMNS FROM `carver_site` [ RunTime:0.000598s ]
[2021-05-13T16:37:49+08:00][sql] SELECT * FROM `carver_site` [ RunTime:0.000274s ]
[2021-05-13T17:27:46+08:00][sql] CONNECT:[ UseTime:0.000707s ] mysql:host=127.0.0.1;port=3306;dbname=carver;charset=utf8
[2021-05-13T17:27:46+08:00][sql] SHOW FULL COLUMNS FROM `carver_article` [ RunTime:0.001034s ]
[2021-05-13T17:27:46+08:00][sql] SELECT COUNT(*) AS think_count FROM `carver_article` WHERE  `article_label` LIKE '%php;javascript%'  AND `delete_time` = 0  AND `is_show` = 1 [ RunTime:0.000490s ]
[2021-05-13T17:27:46+08:00][sql] SELECT * FROM `carver_article` WHERE  `article_label` LIKE '%php;javascript%'  AND `delete_time` = 0  AND `is_show` = 1 LIMIT 0,6 [ RunTime:0.001189s ]
[2021-05-13T17:27:46+08:00][sql] SELECT article_id,article_title,click_num,FROM_UNIXTIME(add_time,'%Y-%m-%d') as add_time FROM `carver_article` WHERE  `is_show` = 1  AND `delete_time` = 0 ORDER BY `click_num` DESC LIMIT 3 [ RunTime:0.000557s ]
[2021-05-13T17:27:46+08:00][sql] SHOW FULL COLUMNS FROM `carver_notice` [ RunTime:0.000785s ]
[2021-05-13T17:27:46+08:00][sql] SELECT * FROM `carver_notice` ORDER BY `create_time` DESC LIMIT 3 [ RunTime:0.000323s ]
[2021-05-13T17:27:46+08:00][sql] SHOW FULL COLUMNS FROM `carver_navigation` [ RunTime:0.000576s ]
[2021-05-13T17:27:46+08:00][sql] SELECT * FROM `carver_navigation` [ RunTime:0.000296s ]
[2021-05-13T17:27:46+08:00][sql] SHOW FULL COLUMNS FROM `carver_link` [ RunTime:0.000620s ]
[2021-05-13T17:27:46+08:00][sql] SELECT * FROM `carver_link` WHERE  ( is_confirm=2 ) LIMIT 20 [ RunTime:0.000324s ]
[2021-05-13T17:27:46+08:00][sql] SELECT `article_label` FROM `carver_article` [ RunTime:0.000296s ]
[2021-05-13T17:27:46+08:00][sql] SHOW FULL COLUMNS FROM `carver_carouse` [ RunTime:0.000600s ]
[2021-05-13T17:27:46+08:00][sql] SELECT `carouse_img`,`carouse_desc` FROM `carver_carouse` WHERE  `is_show` = 1 ORDER BY `carouse_sort` DESC LIMIT 3 [ RunTime:0.000324s ]
[2021-05-13T17:27:46+08:00][sql] SHOW FULL COLUMNS FROM `carver_site` [ RunTime:0.000603s ]
[2021-05-13T17:27:46+08:00][sql] SELECT * FROM `carver_site` [ RunTime:0.000307s ]
[2021-05-13T19:12:05+08:00][sql] CONNECT:[ UseTime:0.000622s ] mysql:host=127.0.0.1;port=3306;dbname=carver;charset=utf8
[2021-05-13T19:12:05+08:00][sql] SHOW FULL COLUMNS FROM `carver_user` [ RunTime:0.000763s ]
[2021-05-13T19:12:05+08:00][sql] SHOW FULL COLUMNS FROM `carver_article` [ RunTime:0.000689s ]
[2021-05-13T19:12:05+08:00][sql] SELECT COUNT(*) AS think_count FROM `carver_article` WHERE  `delete_time` = 0  AND `is_show` = 1 [ RunTime:0.000415s ]
[2021-05-13T19:12:05+08:00][sql] SELECT `article_id`,`article_title`,`article_desc`,`article_content`,`article_img`,`article_guide`,`article_label`,`click_num`,`is_show`,`add_time`,`article_author`,`is_top_show` FROM `carver_article` WHERE  `delete_time` = 0  AND `is_show` = 1 ORDER BY `article_id` DESC LIMIT 0,6 [ RunTime:0.000612s ]
[2021-05-13T19:12:05+08:00][sql] SELECT article_id,article_title,click_num,FROM_UNIXTIME(add_time,'%Y-%m-%d') as add_time FROM `carver_article` WHERE  `is_show` = 1  AND `delete_time` = 0 ORDER BY `click_num` DESC LIMIT 3 [ RunTime:0.000507s ]
[2021-05-13T19:12:05+08:00][sql] SHOW FULL COLUMNS FROM `carver_notice` [ RunTime:0.000663s ]
[2021-05-13T19:12:05+08:00][sql] SELECT * FROM `carver_notice` ORDER BY `create_time` DESC LIMIT 3 [ RunTime:0.000283s ]
[2021-05-13T19:12:05+08:00][sql] SHOW FULL COLUMNS FROM `carver_navigation` [ RunTime:0.000496s ]
[2021-05-13T19:12:05+08:00][sql] SELECT * FROM `carver_navigation` [ RunTime:0.000271s ]
[2021-05-13T19:12:05+08:00][sql] SHOW FULL COLUMNS FROM `carver_link` [ RunTime:0.000525s ]
[2021-05-13T19:12:05+08:00][sql] SELECT * FROM `carver_link` WHERE  ( is_confirm=2 ) LIMIT 20 [ RunTime:0.000289s ]
[2021-05-13T19:12:05+08:00][sql] SELECT `article_label` FROM `carver_article` [ RunTime:0.000294s ]
[2021-05-13T19:12:05+08:00][sql] SHOW FULL COLUMNS FROM `carver_carouse` [ RunTime:0.000544s ]
[2021-05-13T19:12:05+08:00][sql] SELECT `carouse_img`,`carouse_desc` FROM `carver_carouse` WHERE  `is_show` = 1 ORDER BY `carouse_sort` DESC LIMIT 3 [ RunTime:0.000298s ]
[2021-05-13T19:12:05+08:00][sql] SHOW FULL COLUMNS FROM `carver_site` [ RunTime:0.000513s ]
[2021-05-13T19:12:05+08:00][sql] SELECT * FROM `carver_site` [ RunTime:0.000237s ]
[2021-05-13T19:19:32+08:00][sql] CONNECT:[ UseTime:0.000680s ] mysql:host=127.0.0.1;port=3306;dbname=carver;charset=utf8
[2021-05-13T19:19:32+08:00][sql] SHOW FULL COLUMNS FROM `carver_article` [ RunTime:0.000944s ]
[2021-05-13T19:19:32+08:00][sql] SELECT COUNT(*) AS think_count FROM `carver_article` WHERE  `article_label` LIKE '%php;excel%'  AND `delete_time` = 0  AND `is_show` = 1 [ RunTime:0.000447s ]
[2021-05-13T19:19:32+08:00][sql] SELECT * FROM `carver_article` WHERE  `article_label` LIKE '%php;excel%'  AND `delete_time` = 0  AND `is_show` = 1 LIMIT 0,6 [ RunTime:0.001281s ]
[2021-05-13T19:19:32+08:00][sql] SELECT article_id,article_title,click_num,FROM_UNIXTIME(add_time,'%Y-%m-%d') as add_time FROM `carver_article` WHERE  `is_show` = 1  AND `delete_time` = 0 ORDER BY `click_num` DESC LIMIT 3 [ RunTime:0.000535s ]
[2021-05-13T19:19:32+08:00][sql] SHOW FULL COLUMNS FROM `carver_notice` [ RunTime:0.000619s ]
[2021-05-13T19:19:32+08:00][sql] SELECT * FROM `carver_notice` ORDER BY `create_time` DESC LIMIT 3 [ RunTime:0.000340s ]
[2021-05-13T19:19:32+08:00][sql] SHOW FULL COLUMNS FROM `carver_navigation` [ RunTime:0.000592s ]
[2021-05-13T19:19:32+08:00][sql] SELECT * FROM `carver_navigation` [ RunTime:0.000264s ]
[2021-05-13T19:19:32+08:00][sql] SHOW FULL COLUMNS FROM `carver_link` [ RunTime:0.000569s ]
[2021-05-13T19:19:32+08:00][sql] SELECT * FROM `carver_link` WHERE  ( is_confirm=2 ) LIMIT 20 [ RunTime:0.000374s ]
[2021-05-13T19:19:32+08:00][sql] SELECT `article_label` FROM `carver_article` [ RunTime:0.000312s ]
[2021-05-13T19:19:32+08:00][sql] SHOW FULL COLUMNS FROM `carver_carouse` [ RunTime:0.000526s ]
[2021-05-13T19:19:32+08:00][sql] SELECT `carouse_img`,`carouse_desc` FROM `carver_carouse` WHERE  `is_show` = 1 ORDER BY `carouse_sort` DESC LIMIT 3 [ RunTime:0.000319s ]
[2021-05-13T19:19:32+08:00][sql] SHOW FULL COLUMNS FROM `carver_site` [ RunTime:0.000541s ]
[2021-05-13T19:19:32+08:00][sql] SELECT * FROM `carver_site` [ RunTime:0.000243s ]
[2021-05-13T20:35:16+08:00][sql] CONNECT:[ UseTime:0.000689s ] mysql:host=127.0.0.1;port=3306;dbname=carver;charset=utf8
[2021-05-13T20:35:16+08:00][sql] SHOW FULL COLUMNS FROM `carver_article` [ RunTime:0.000884s ]
[2021-05-13T20:35:16+08:00][sql] SELECT COUNT(*) AS think_count FROM `carver_article` WHERE  `article_label` LIKE '%php;网络安全//%'  AND `delete_time` = 0  AND `is_show` = 1 [ RunTime:0.000434s ]
[2021-05-13T20:35:16+08:00][sql] SELECT * FROM `carver_article` WHERE  `article_label` LIKE '%php;网络安全//%'  AND `delete_time` = 0  AND `is_show` = 1 LIMIT 0,6 [ RunTime:0.000941s ]
[2021-05-13T20:35:16+08:00][sql] SELECT article_id,article_title,click_num,FROM_UNIXTIME(add_time,'%Y-%m-%d') as add_time FROM `carver_article` WHERE  `is_show` = 1  AND `delete_time` = 0 ORDER BY `click_num` DESC LIMIT 3 [ RunTime:0.000503s ]
[2021-05-13T20:35:16+08:00][sql] SHOW FULL COLUMNS FROM `carver_notice` [ RunTime:0.000649s ]
[2021-05-13T20:35:16+08:00][sql] SELECT * FROM `carver_notice` ORDER BY `create_time` DESC LIMIT 3 [ RunTime:0.000311s ]
[2021-05-13T20:35:16+08:00][sql] SHOW FULL COLUMNS FROM `carver_navigation` [ RunTime:0.000557s ]
[2021-05-13T20:35:16+08:00][sql] SELECT * FROM `carver_navigation` [ RunTime:0.000274s ]
[2021-05-13T20:35:16+08:00][sql] SHOW FULL COLUMNS FROM `carver_link` [ RunTime:0.000554s ]
[2021-05-13T20:35:16+08:00][sql] SELECT * FROM `carver_link` WHERE  ( is_confirm=2 ) LIMIT 20 [ RunTime:0.000405s ]
[2021-05-13T20:35:16+08:00][sql] SELECT `article_label` FROM `carver_article` [ RunTime:0.000272s ]
[2021-05-13T20:35:16+08:00][sql] SHOW FULL COLUMNS FROM `carver_carouse` [ RunTime:0.000544s ]
[2021-05-13T20:35:16+08:00][sql] SELECT `carouse_img`,`carouse_desc` FROM `carver_carouse` WHERE  `is_show` = 1 ORDER BY `carouse_sort` DESC LIMIT 3 [ RunTime:0.000323s ]
[2021-05-13T20:35:16+08:00][sql] SHOW FULL COLUMNS FROM `carver_site` [ RunTime:0.000528s ]
[2021-05-13T20:35:16+08:00][sql] SELECT * FROM `carver_site` [ RunTime:0.000279s ]
[2021-05-13T20:35:19+08:00][sql] CONNECT:[ UseTime:0.000972s ] mysql:host=127.0.0.1;port=3306;dbname=carver;charset=utf8
[2021-05-13T20:35:19+08:00][sql] SHOW FULL COLUMNS FROM `carver_article` [ RunTime:0.000866s ]
[2021-05-13T20:35:19+08:00][sql] SELECT COUNT(*) AS think_count FROM `carver_article` WHERE  `article_label` LIKE '%php;设计模式//%'  AND `delete_time` = 0  AND `is_show` = 1 [ RunTime:0.000424s ]
[2021-05-13T20:35:19+08:00][sql] SELECT * FROM `carver_article` WHERE  `article_label` LIKE '%php;设计模式//%'  AND `delete_time` = 0  AND `is_show` = 1 LIMIT 0,6 [ RunTime:0.001000s ]
[2021-05-13T20:35:19+08:00][sql] SELECT article_id,article_title,click_num,FROM_UNIXTIME(add_time,'%Y-%m-%d') as add_time FROM `carver_article` WHERE  `is_show` = 1  AND `delete_time` = 0 ORDER BY `click_num` DESC LIMIT 3 [ RunTime:0.000426s ]
[2021-05-13T20:35:19+08:00][sql] SHOW FULL COLUMNS FROM `carver_notice` [ RunTime:0.000600s ]
[2021-05-13T20:35:19+08:00][sql] SELECT * FROM `carver_notice` ORDER BY `create_time` DESC LIMIT 3 [ RunTime:0.000294s ]
[2021-05-13T20:35:19+08:00][sql] SHOW FULL COLUMNS FROM `carver_navigation` [ RunTime:0.000571s ]
[2021-05-13T20:35:19+08:00][sql] SELECT * FROM `carver_navigation` [ RunTime:0.000288s ]
[2021-05-13T20:35:19+08:00][sql] SHOW FULL COLUMNS FROM `carver_link` [ RunTime:0.000587s ]
[2021-05-13T20:35:19+08:00][sql] SELECT * FROM `carver_link` WHERE  ( is_confirm=2 ) LIMIT 20 [ RunTime:0.000332s ]
[2021-05-13T20:35:19+08:00][sql] SELECT `article_label` FROM `carver_article` [ RunTime:0.000302s ]
[2021-05-13T20:35:19+08:00][sql] SHOW FULL COLUMNS FROM `carver_carouse` [ RunTime:0.000511s ]
[2021-05-13T20:35:19+08:00][sql] SELECT `carouse_img`,`carouse_desc` FROM `carver_carouse` WHERE  `is_show` = 1 ORDER BY `carouse_sort` DESC LIMIT 3 [ RunTime:0.000312s ]
[2021-05-13T20:35:19+08:00][sql] SHOW FULL COLUMNS FROM `carver_site` [ RunTime:0.000516s ]
[2021-05-13T20:35:19+08:00][sql] SELECT * FROM `carver_site` [ RunTime:0.000275s ]
[2021-05-13T21:08:32+08:00][sql] CONNECT:[ UseTime:0.000622s ] mysql:host=127.0.0.1;port=3306;dbname=carver;charset=utf8
[2021-05-13T21:08:32+08:00][sql] SHOW FULL COLUMNS FROM `carver_article` [ RunTime:0.000901s ]
[2021-05-13T21:08:32+08:00][sql] SELECT COUNT(*) AS think_count FROM `carver_article` WHERE  `article_label` LIKE '%swoole;php%'  AND `delete_time` = 0  AND `is_show` = 1 [ RunTime:0.000447s ]
[2021-05-13T21:08:32+08:00][sql] SELECT * FROM `carver_article` WHERE  `article_label` LIKE '%swoole;php%'  AND `delete_time` = 0  AND `is_show` = 1 LIMIT 0,6 [ RunTime:0.001072s ]
[2021-05-13T21:08:32+08:00][sql] SELECT article_id,article_title,click_num,FROM_UNIXTIME(add_time,'%Y-%m-%d') as add_time FROM `carver_article` WHERE  `is_show` = 1  AND `delete_time` = 0 ORDER BY `click_num` DESC LIMIT 3 [ RunTime:0.000517s ]
[2021-05-13T21:08:32+08:00][sql] SHOW FULL COLUMNS FROM `carver_notice` [ RunTime:0.000741s ]
[2021-05-13T21:08:32+08:00][sql] SELECT * FROM `carver_notice` ORDER BY `create_time` DESC LIMIT 3 [ RunTime:0.000308s ]
[2021-05-13T21:08:32+08:00][sql] SHOW FULL COLUMNS FROM `carver_navigation` [ RunTime:0.000547s ]
[2021-05-13T21:08:32+08:00][sql] SELECT * FROM `carver_navigation` [ RunTime:0.000251s ]
[2021-05-13T21:08:32+08:00][sql] SHOW FULL COLUMNS FROM `carver_link` [ RunTime:0.000546s ]
[2021-05-13T21:08:32+08:00][sql] SELECT * FROM `carver_link` WHERE  ( is_confirm=2 ) LIMIT 20 [ RunTime:0.000341s ]
[2021-05-13T21:08:32+08:00][sql] SELECT `article_label` FROM `carver_article` [ RunTime:0.000272s ]
[2021-05-13T21:08:32+08:00][sql] SHOW FULL COLUMNS FROM `carver_carouse` [ RunTime:0.000583s ]
[2021-05-13T21:08:32+08:00][sql] SELECT `carouse_img`,`carouse_desc` FROM `carver_carouse` WHERE  `is_show` = 1 ORDER BY `carouse_sort` DESC LIMIT 3 [ RunTime:0.000315s ]
[2021-05-13T21:08:32+08:00][sql] SHOW FULL COLUMNS FROM `carver_site` [ RunTime:0.000545s ]
[2021-05-13T21:08:32+08:00][sql] SELECT * FROM `carver_site` [ RunTime:0.000244s ]
