[2021-05-15T00:42:42+08:00][sql] CONNECT:[ UseTime:0.012025s ] mysql:host=127.0.0.1;port=3306;dbname=carver;charset=utf8
[2021-05-15T00:42:42+08:00][sql] SHOW FULL COLUMNS FROM `carver_article` [ RunTime:0.001032s ]
[2021-05-15T00:42:42+08:00][sql] SELECT COUNT(*) AS think_count FROM `carver_article` WHERE  `article_label` LIKE '%excel%'  AND `delete_time` = 0  AND `is_show` = 1 [ RunTime:0.000470s ]
[2021-05-15T00:42:42+08:00][sql] SELECT * FROM `carver_article` WHERE  `article_label` LIKE '%excel%'  AND `delete_time` = 0  AND `is_show` = 1 LIMIT 0,6 [ RunTime:0.001222s ]
[2021-05-15T00:42:42+08:00][sql] SELECT article_id,article_title,click_num,FROM_UNIXTIME(add_time,'%Y-%m-%d') as add_time FROM `carver_article` WHERE  `is_show` = 1  AND `delete_time` = 0 ORDER BY `click_num` DESC LIMIT 3 [ RunTime:0.000444s ]
[2021-05-15T00:42:42+08:00][sql] SHOW FULL COLUMNS FROM `carver_notice` [ RunTime:0.000639s ]
[2021-05-15T00:42:42+08:00][sql] SELECT * FROM `carver_notice` ORDER BY `create_time` DESC LIMIT 3 [ RunTime:0.000275s ]
[2021-05-15T00:42:42+08:00][sql] SHOW FULL COLUMNS FROM `carver_navigation` [ RunTime:0.000545s ]
[2021-05-15T00:42:42+08:00][sql] SELECT * FROM `carver_navigation` [ RunTime:0.000239s ]
[2021-05-15T00:42:42+08:00][sql] SHOW FULL COLUMNS FROM `carver_link` [ RunTime:0.000498s ]
[2021-05-15T00:42:42+08:00][sql] SELECT * FROM `carver_link` WHERE  ( is_confirm=2 ) LIMIT 20 [ RunTime:0.000276s ]
[2021-05-15T00:42:42+08:00][sql] SELECT `article_label` FROM `carver_article` [ RunTime:0.000288s ]
[2021-05-15T00:42:42+08:00][sql] SHOW FULL COLUMNS FROM `carver_carouse` [ RunTime:0.000479s ]
[2021-05-15T00:42:42+08:00][sql] SELECT `carouse_img`,`carouse_desc` FROM `carver_carouse` WHERE  `is_show` = 1 ORDER BY `carouse_sort` DESC LIMIT 3 [ RunTime:0.000336s ]
[2021-05-15T00:42:42+08:00][sql] SHOW FULL COLUMNS FROM `carver_site` [ RunTime:0.000468s ]
[2021-05-15T00:42:42+08:00][sql] SELECT * FROM `carver_site` [ RunTime:0.000239s ]
[2021-05-15T01:52:37+08:00][sql] CONNECT:[ UseTime:0.001053s ] mysql:host=127.0.0.1;port=3306;dbname=carver;charset=utf8
[2021-05-15T01:52:37+08:00][sql] SHOW FULL COLUMNS FROM `carver_user` [ RunTime:0.000791s ]
[2021-05-15T01:52:37+08:00][sql] SHOW FULL COLUMNS FROM `carver_article` [ RunTime:0.000710s ]
[2021-05-15T01:52:37+08:00][sql] SELECT COUNT(*) AS think_count FROM `carver_article` WHERE  `delete_time` = 0  AND `is_show` = 1 [ RunTime:0.000382s ]
[2021-05-15T01:52:37+08:00][sql] SELECT `article_id`,`article_title`,`article_desc`,`article_content`,`article_img`,`article_guide`,`article_label`,`click_num`,`is_show`,`add_time`,`article_author`,`is_top_show` FROM `carver_article` WHERE  `delete_time` = 0  AND `is_show` = 1 ORDER BY `article_id` DESC LIMIT 0,6 [ RunTime:0.000647s ]
[2021-05-15T01:52:37+08:00][sql] SELECT article_id,article_title,click_num,FROM_UNIXTIME(add_time,'%Y-%m-%d') as add_time FROM `carver_article` WHERE  `is_show` = 1  AND `delete_time` = 0 ORDER BY `click_num` DESC LIMIT 3 [ RunTime:0.000482s ]
[2021-05-15T01:52:37+08:00][sql] SHOW FULL COLUMNS FROM `carver_notice` [ RunTime:0.000587s ]
[2021-05-15T01:52:37+08:00][sql] SELECT * FROM `carver_notice` ORDER BY `create_time` DESC LIMIT 3 [ RunTime:0.000300s ]
[2021-05-15T01:52:37+08:00][sql] SHOW FULL COLUMNS FROM `carver_navigation` [ RunTime:0.000579s ]
[2021-05-15T01:52:37+08:00][sql] SELECT * FROM `carver_navigation` [ RunTime:0.000239s ]
[2021-05-15T01:52:37+08:00][sql] SHOW FULL COLUMNS FROM `carver_link` [ RunTime:0.000495s ]
[2021-05-15T01:52:37+08:00][sql] SELECT * FROM `carver_link` WHERE  ( is_confirm=2 ) LIMIT 20 [ RunTime:0.000305s ]
[2021-05-15T01:52:37+08:00][sql] SELECT `article_label` FROM `carver_article` [ RunTime:0.000303s ]
[2021-05-15T01:52:37+08:00][sql] SHOW FULL COLUMNS FROM `carver_carouse` [ RunTime:0.000637s ]
[2021-05-15T01:52:37+08:00][sql] SELECT `carouse_img`,`carouse_desc` FROM `carver_carouse` WHERE  `is_show` = 1 ORDER BY `carouse_sort` DESC LIMIT 3 [ RunTime:0.000310s ]
[2021-05-15T01:52:37+08:00][sql] SHOW FULL COLUMNS FROM `carver_site` [ RunTime:0.000511s ]
[2021-05-15T01:52:37+08:00][sql] SELECT * FROM `carver_site` [ RunTime:0.000816s ]
[2021-05-15T02:59:41+08:00][sql] CONNECT:[ UseTime:0.001040s ] mysql:host=127.0.0.1;port=3306;dbname=carver;charset=utf8
[2021-05-15T02:59:41+08:00][sql] SHOW FULL COLUMNS FROM `carver_article` [ RunTime:0.001013s ]
[2021-05-15T02:59:41+08:00][sql] SELECT `article_id`,`article_title`,`article_desc`,`article_content`,`article_img`,`article_guide`,`article_label`,`click_num`,`is_show`,`add_time`,`article_author` FROM `carver_article` WHERE  `article_id` = 10 LIMIT 1 [ RunTime:0.000584s ]
[2021-05-15T02:59:41+08:00][sql] SELECT `article_id`,`article_title`,`article_desc`,`article_content`,`article_img`,`article_guide`,`article_label`,`click_num`,`is_show`,`add_time`,`article_author` FROM `carver_article` WHERE  `article_id` > 10 LIMIT 1 [ RunTime:0.000416s ]
[2021-05-15T02:59:41+08:00][sql] SELECT `article_id`,`article_title`,`article_desc`,`article_content`,`article_img`,`article_guide`,`article_label`,`click_num`,`is_show`,`add_time`,`article_author` FROM `carver_article` WHERE  `article_id` < 10 ORDER BY `article_id` DESC LIMIT 1 [ RunTime:0.000565s ]
[2021-05-15T02:59:41+08:00][sql] SHOW FULL COLUMNS FROM `carver_link` [ RunTime:0.000684s ]
[2021-05-15T02:59:41+08:00][sql] SELECT * FROM `carver_link` WHERE  ( is_confirm=2 ) LIMIT 20 [ RunTime:0.000375s ]
[2021-05-15T02:59:41+08:00][sql] SELECT article_id,article_title,click_num,FROM_UNIXTIME(add_time,'%Y-%m-%d') as add_time FROM `carver_article` ORDER BY `click_num` DESC LIMIT 3 [ RunTime:0.000405s ]
[2021-05-15T02:59:41+08:00][sql] SHOW FULL COLUMNS FROM `carver_comment` [ RunTime:0.000613s ]
[2021-05-15T02:59:41+08:00][sql] SELECT `a`.*,`b`.`user_name` FROM `carver_comment` `a` INNER JOIN `carver_user` `b` ON `a`.`user_id`=`b`.`user_id` WHERE  `article_id` = 10 ORDER BY `create_time` DESC [ RunTime:0.000394s ]
[2021-05-15T02:59:41+08:00][sql] SHOW FULL COLUMNS FROM `carver_comment_to_others` [ RunTime:0.000538s ]
[2021-05-15T02:59:41+08:00][sql] SELECT * FROM `carver_comment_to_others` [ RunTime:0.000260s ]
[2021-05-15T02:59:41+08:00][sql] SHOW FULL COLUMNS FROM `carver_user` [ RunTime:0.000478s ]
[2021-05-15T02:59:41+08:00][sql] SELECT `user_name` FROM `carver_user` WHERE  `user_id` = 4 LIMIT 1 [ RunTime:0.000264s ]
[2021-05-15T02:59:41+08:00][sql] SELECT `user_name` FROM `carver_user` WHERE  `user_id` = 4 LIMIT 1 [ RunTime:0.000234s ]
[2021-05-15T02:59:41+08:00][sql] SELECT `user_name` FROM `carver_user` WHERE  `user_id` = 5 LIMIT 1 [ RunTime:0.000217s ]
[2021-05-15T02:59:41+08:00][sql] SELECT `user_name` FROM `carver_user` WHERE  `user_id` = 5 LIMIT 1 [ RunTime:0.000256s ]
[2021-05-15T02:59:41+08:00][sql] SELECT `user_name` FROM `carver_user` WHERE  `user_id` = 37 LIMIT 1 [ RunTime:0.000268s ]
[2021-05-15T02:59:41+08:00][sql] SELECT `user_name`,`user_id` FROM `carver_user` [ RunTime:0.000255s ]
[2021-05-15T02:59:41+08:00][sql] SHOW FULL COLUMNS FROM `carver_navigation` [ RunTime:0.001009s ]
[2021-05-15T02:59:41+08:00][sql] SELECT * FROM `carver_navigation` [ RunTime:0.000309s ]
[2021-05-15T02:59:41+08:00][sql] SELECT `article_label` FROM `carver_article` [ RunTime:0.000311s ]
[2021-05-15T03:00:05+08:00][sql] CONNECT:[ UseTime:0.000591s ] mysql:host=127.0.0.1;port=3306;dbname=carver;charset=utf8
[2021-05-15T03:00:05+08:00][sql] SHOW FULL COLUMNS FROM `carver_article` [ RunTime:0.000948s ]
[2021-05-15T03:00:05+08:00][sql] SELECT COUNT(*) AS think_count FROM `carver_article` WHERE  `article_label` LIKE '%javascript%'  AND `delete_time` = 0  AND `is_show` = 1 [ RunTime:0.000468s ]
[2021-05-15T03:00:05+08:00][sql] SELECT * FROM `carver_article` WHERE  `article_label` LIKE '%javascript%'  AND `delete_time` = 0  AND `is_show` = 1 LIMIT 0,6 [ RunTime:0.000847s ]
[2021-05-15T03:00:05+08:00][sql] SELECT article_id,article_title,click_num,FROM_UNIXTIME(add_time,'%Y-%m-%d') as add_time FROM `carver_article` WHERE  `is_show` = 1  AND `delete_time` = 0 ORDER BY `click_num` DESC LIMIT 3 [ RunTime:0.000481s ]
[2021-05-15T03:00:05+08:00][sql] SHOW FULL COLUMNS FROM `carver_notice` [ RunTime:0.000637s ]
[2021-05-15T03:00:05+08:00][sql] SELECT * FROM `carver_notice` ORDER BY `create_time` DESC LIMIT 3 [ RunTime:0.000311s ]
[2021-05-15T03:00:05+08:00][sql] SHOW FULL COLUMNS FROM `carver_navigation` [ RunTime:0.000560s ]
[2021-05-15T03:00:05+08:00][sql] SELECT * FROM `carver_navigation` [ RunTime:0.000253s ]
[2021-05-15T03:00:05+08:00][sql] SHOW FULL COLUMNS FROM `carver_link` [ RunTime:0.000531s ]
[2021-05-15T03:00:05+08:00][sql] SELECT * FROM `carver_link` WHERE  ( is_confirm=2 ) LIMIT 20 [ RunTime:0.000353s ]
[2021-05-15T03:00:05+08:00][sql] SELECT `article_label` FROM `carver_article` [ RunTime:0.000252s ]
[2021-05-15T03:00:05+08:00][sql] SHOW FULL COLUMNS FROM `carver_carouse` [ RunTime:0.000515s ]
[2021-05-15T03:00:05+08:00][sql] SELECT `carouse_img`,`carouse_desc` FROM `carver_carouse` WHERE  `is_show` = 1 ORDER BY `carouse_sort` DESC LIMIT 3 [ RunTime:0.000288s ]
[2021-05-15T03:00:05+08:00][sql] SHOW FULL COLUMNS FROM `carver_site` [ RunTime:0.000566s ]
[2021-05-15T03:00:05+08:00][sql] SELECT * FROM `carver_site` [ RunTime:0.000339s ]
[2021-05-15T04:03:19+08:00][sql] CONNECT:[ UseTime:0.000710s ] mysql:host=127.0.0.1;port=3306;dbname=carver;charset=utf8
[2021-05-15T04:03:19+08:00][sql] SHOW FULL COLUMNS FROM `carver_article` [ RunTime:0.000886s ]
[2021-05-15T04:03:19+08:00][sql] SELECT `article_id`,`article_title`,`article_desc`,`article_content`,`article_img`,`article_guide`,`article_label`,`click_num`,`is_show`,`add_time`,`article_author` FROM `carver_article` WHERE  `article_id` = 28 LIMIT 1 [ RunTime:0.000457s ]
[2021-05-15T04:03:19+08:00][sql] SELECT `article_id`,`article_title`,`article_desc`,`article_content`,`article_img`,`article_guide`,`article_label`,`click_num`,`is_show`,`add_time`,`article_author` FROM `carver_article` WHERE  `article_id` > 28 LIMIT 1 [ RunTime:0.000344s ]
[2021-05-15T04:03:19+08:00][sql] SELECT `article_id`,`article_title`,`article_desc`,`article_content`,`article_img`,`article_guide`,`article_label`,`click_num`,`is_show`,`add_time`,`article_author` FROM `carver_article` WHERE  `article_id` < 28 ORDER BY `article_id` DESC LIMIT 1 [ RunTime:0.000393s ]
[2021-05-15T04:03:19+08:00][sql] SHOW FULL COLUMNS FROM `carver_link` [ RunTime:0.000680s ]
[2021-05-15T04:03:19+08:00][sql] SELECT * FROM `carver_link` WHERE  ( is_confirm=2 ) LIMIT 20 [ RunTime:0.000327s ]
[2021-05-15T04:03:19+08:00][sql] SELECT article_id,article_title,click_num,FROM_UNIXTIME(add_time,'%Y-%m-%d') as add_time FROM `carver_article` ORDER BY `click_num` DESC LIMIT 3 [ RunTime:0.000385s ]
[2021-05-15T04:03:19+08:00][sql] SHOW FULL COLUMNS FROM `carver_comment` [ RunTime:0.000602s ]
[2021-05-15T04:03:19+08:00][sql] SELECT `a`.*,`b`.`user_name` FROM `carver_comment` `a` INNER JOIN `carver_user` `b` ON `a`.`user_id`=`b`.`user_id` WHERE  `article_id` = 28 ORDER BY `create_time` DESC [ RunTime:0.000413s ]
[2021-05-15T04:03:19+08:00][sql] SHOW FULL COLUMNS FROM `carver_comment_to_others` [ RunTime:0.000608s ]
[2021-05-15T04:03:19+08:00][sql] SELECT * FROM `carver_comment_to_others` [ RunTime:0.000259s ]
[2021-05-15T04:03:19+08:00][sql] SHOW FULL COLUMNS FROM `carver_user` [ RunTime:0.000492s ]
[2021-05-15T04:03:19+08:00][sql] SELECT `user_name` FROM `carver_user` WHERE  `user_id` = 4 LIMIT 1 [ RunTime:0.000243s ]
[2021-05-15T04:03:19+08:00][sql] SELECT `user_name` FROM `carver_user` WHERE  `user_id` = 4 LIMIT 1 [ RunTime:0.000236s ]
[2021-05-15T04:03:19+08:00][sql] SELECT `user_name` FROM `carver_user` WHERE  `user_id` = 5 LIMIT 1 [ RunTime:0.000258s ]
[2021-05-15T04:03:19+08:00][sql] SELECT `user_name` FROM `carver_user` WHERE  `user_id` = 5 LIMIT 1 [ RunTime:0.000206s ]
[2021-05-15T04:03:19+08:00][sql] SELECT `user_name` FROM `carver_user` WHERE  `user_id` = 37 LIMIT 1 [ RunTime:0.000214s ]
[2021-05-15T04:03:19+08:00][sql] SELECT `user_name`,`user_id` FROM `carver_user` [ RunTime:0.000231s ]
[2021-05-15T04:03:19+08:00][sql] SHOW FULL COLUMNS FROM `carver_navigation` [ RunTime:0.000514s ]
[2021-05-15T04:03:19+08:00][sql] SELECT * FROM `carver_navigation` [ RunTime:0.000237s ]
[2021-05-15T04:03:19+08:00][sql] SELECT `article_label` FROM `carver_article` [ RunTime:0.000278s ]
[2021-05-15T04:27:40+08:00][sql] CONNECT:[ UseTime:0.000595s ] mysql:host=127.0.0.1;port=3306;dbname=carver;charset=utf8
[2021-05-15T04:27:40+08:00][sql] SHOW FULL COLUMNS FROM `carver_user` [ RunTime:0.000861s ]
[2021-05-15T04:27:40+08:00][sql] SHOW FULL COLUMNS FROM `carver_article` [ RunTime:0.000714s ]
[2021-05-15T04:27:40+08:00][sql] SELECT COUNT(*) AS think_count FROM `carver_article` WHERE  `delete_time` = 0  AND `is_show` = 1 [ RunTime:0.000431s ]
[2021-05-15T04:27:40+08:00][sql] SELECT `article_id`,`article_title`,`article_desc`,`article_content`,`article_img`,`article_guide`,`article_label`,`click_num`,`is_show`,`add_time`,`article_author`,`is_top_show` FROM `carver_article` WHERE  `delete_time` = 0  AND `is_show` = 1 ORDER BY `article_id` DESC LIMIT 0,6 [ RunTime:0.000648s ]
[2021-05-15T04:27:40+08:00][sql] SELECT article_id,article_title,click_num,FROM_UNIXTIME(add_time,'%Y-%m-%d') as add_time FROM `carver_article` WHERE  `is_show` = 1  AND `delete_time` = 0 ORDER BY `click_num` DESC LIMIT 3 [ RunTime:0.000720s ]
[2021-05-15T04:27:40+08:00][sql] SHOW FULL COLUMNS FROM `carver_notice` [ RunTime:0.000628s ]
[2021-05-15T04:27:40+08:00][sql] SELECT * FROM `carver_notice` ORDER BY `create_time` DESC LIMIT 3 [ RunTime:0.000330s ]
[2021-05-15T04:27:40+08:00][sql] SHOW FULL COLUMNS FROM `carver_navigation` [ RunTime:0.000568s ]
[2021-05-15T04:27:40+08:00][sql] SELECT * FROM `carver_navigation` [ RunTime:0.000274s ]
[2021-05-15T04:27:40+08:00][sql] SHOW FULL COLUMNS FROM `carver_link` [ RunTime:0.000487s ]
[2021-05-15T04:27:40+08:00][sql] SELECT * FROM `carver_link` WHERE  ( is_confirm=2 ) LIMIT 20 [ RunTime:0.000328s ]
[2021-05-15T04:27:40+08:00][sql] SELECT `article_label` FROM `carver_article` [ RunTime:0.000285s ]
[2021-05-15T04:27:40+08:00][sql] SHOW FULL COLUMNS FROM `carver_carouse` [ RunTime:0.000459s ]
[2021-05-15T04:27:40+08:00][sql] SELECT `carouse_img`,`carouse_desc` FROM `carver_carouse` WHERE  `is_show` = 1 ORDER BY `carouse_sort` DESC LIMIT 3 [ RunTime:0.000309s ]
[2021-05-15T04:27:40+08:00][sql] SHOW FULL COLUMNS FROM `carver_site` [ RunTime:0.000492s ]
[2021-05-15T04:27:40+08:00][sql] SELECT * FROM `carver_site` [ RunTime:0.000263s ]
[2021-05-15T04:41:58+08:00][sql] CONNECT:[ UseTime:0.000842s ] mysql:host=127.0.0.1;port=3306;dbname=carver;charset=utf8
[2021-05-15T04:41:58+08:00][sql] SHOW FULL COLUMNS FROM `carver_user` [ RunTime:0.000879s ]
[2021-05-15T04:41:58+08:00][sql] SHOW FULL COLUMNS FROM `carver_article` [ RunTime:0.000772s ]
[2021-05-15T04:41:58+08:00][sql] SELECT COUNT(*) AS think_count FROM `carver_article` WHERE  `delete_time` = 0  AND `is_show` = 1 [ RunTime:0.000427s ]
[2021-05-15T04:41:58+08:00][sql] SELECT `article_id`,`article_title`,`article_desc`,`article_content`,`article_img`,`article_guide`,`article_label`,`click_num`,`is_show`,`add_time`,`article_author`,`is_top_show` FROM `carver_article` WHERE  `delete_time` = 0  AND `is_show` = 1 ORDER BY `article_id` DESC LIMIT 0,6 [ RunTime:0.000699s ]
[2021-05-15T04:41:58+08:00][sql] SELECT article_id,article_title,click_num,FROM_UNIXTIME(add_time,'%Y-%m-%d') as add_time FROM `carver_article` WHERE  `is_show` = 1  AND `delete_time` = 0 ORDER BY `click_num` DESC LIMIT 3 [ RunTime:0.000567s ]
[2021-05-15T04:41:58+08:00][sql] SHOW FULL COLUMNS FROM `carver_notice` [ RunTime:0.000643s ]
[2021-05-15T04:41:58+08:00][sql] SELECT * FROM `carver_notice` ORDER BY `create_time` DESC LIMIT 3 [ RunTime:0.000291s ]
[2021-05-15T04:41:58+08:00][sql] SHOW FULL COLUMNS FROM `carver_navigation` [ RunTime:0.000509s ]
[2021-05-15T04:41:58+08:00][sql] SELECT * FROM `carver_navigation` [ RunTime:0.000313s ]
[2021-05-15T04:41:58+08:00][sql] SHOW FULL COLUMNS FROM `carver_link` [ RunTime:0.000560s ]
[2021-05-15T04:41:58+08:00][sql] SELECT * FROM `carver_link` WHERE  ( is_confirm=2 ) LIMIT 20 [ RunTime:0.000300s ]
[2021-05-15T04:41:58+08:00][sql] SELECT `article_label` FROM `carver_article` [ RunTime:0.000343s ]
[2021-05-15T04:41:58+08:00][sql] SHOW FULL COLUMNS FROM `carver_carouse` [ RunTime:0.000498s ]
[2021-05-15T04:41:58+08:00][sql] SELECT `carouse_img`,`carouse_desc` FROM `carver_carouse` WHERE  `is_show` = 1 ORDER BY `carouse_sort` DESC LIMIT 3 [ RunTime:0.000343s ]
[2021-05-15T04:41:58+08:00][sql] SHOW FULL COLUMNS FROM `carver_site` [ RunTime:0.000489s ]
[2021-05-15T04:41:58+08:00][sql] SELECT * FROM `carver_site` [ RunTime:0.000264s ]
[2021-05-15T05:08:35+08:00][sql] CONNECT:[ UseTime:0.000519s ] mysql:host=127.0.0.1;port=3306;dbname=carver;charset=utf8
[2021-05-15T05:08:35+08:00][sql] SHOW FULL COLUMNS FROM `carver_user` [ RunTime:0.000805s ]
[2021-05-15T05:08:35+08:00][sql] SHOW FULL COLUMNS FROM `carver_article` [ RunTime:0.000692s ]
[2021-05-15T05:08:35+08:00][sql] SELECT COUNT(*) AS think_count FROM `carver_article` WHERE  `delete_time` = 0  AND `is_show` = 1 [ RunTime:0.000366s ]
[2021-05-15T05:08:35+08:00][sql] SELECT `article_id`,`article_title`,`article_desc`,`article_content`,`article_img`,`article_guide`,`article_label`,`click_num`,`is_show`,`add_time`,`article_author`,`is_top_show` FROM `carver_article` WHERE  `delete_time` = 0  AND `is_show` = 1 ORDER BY `article_id` DESC LIMIT 0,6 [ RunTime:0.000668s ]
[2021-05-15T05:08:35+08:00][sql] SELECT article_id,article_title,click_num,FROM_UNIXTIME(add_time,'%Y-%m-%d') as add_time FROM `carver_article` WHERE  `is_show` = 1  AND `delete_time` = 0 ORDER BY `click_num` DESC LIMIT 3 [ RunTime:0.000437s ]
[2021-05-15T05:08:35+08:00][sql] SHOW FULL COLUMNS FROM `carver_notice` [ RunTime:0.000559s ]
[2021-05-15T05:08:35+08:00][sql] SELECT * FROM `carver_notice` ORDER BY `create_time` DESC LIMIT 3 [ RunTime:0.000259s ]
[2021-05-15T05:08:35+08:00][sql] SHOW FULL COLUMNS FROM `carver_navigation` [ RunTime:0.000554s ]
[2021-05-15T05:08:35+08:00][sql] SELECT * FROM `carver_navigation` [ RunTime:0.000263s ]
[2021-05-15T05:08:35+08:00][sql] SHOW FULL COLUMNS FROM `carver_link` [ RunTime:0.000504s ]
[2021-05-15T05:08:35+08:00][sql] SELECT * FROM `carver_link` WHERE  ( is_confirm=2 ) LIMIT 20 [ RunTime:0.000310s ]
[2021-05-15T05:08:35+08:00][sql] SELECT `article_label` FROM `carver_article` [ RunTime:0.000254s ]
[2021-05-15T05:08:35+08:00][sql] SHOW FULL COLUMNS FROM `carver_carouse` [ RunTime:0.000642s ]
[2021-05-15T05:08:35+08:00][sql] SELECT `carouse_img`,`carouse_desc` FROM `carver_carouse` WHERE  `is_show` = 1 ORDER BY `carouse_sort` DESC LIMIT 3 [ RunTime:0.000303s ]
[2021-05-15T05:08:35+08:00][sql] SHOW FULL COLUMNS FROM `carver_site` [ RunTime:0.000569s ]
[2021-05-15T05:08:35+08:00][sql] SELECT * FROM `carver_site` [ RunTime:0.000224s ]
[2021-05-15T05:13:52+08:00][sql] CONNECT:[ UseTime:0.000675s ] mysql:host=127.0.0.1;port=3306;dbname=carver;charset=utf8
[2021-05-15T05:13:52+08:00][sql] SHOW FULL COLUMNS FROM `carver_user` [ RunTime:0.000784s ]
[2021-05-15T05:13:52+08:00][sql] SHOW FULL COLUMNS FROM `carver_article` [ RunTime:0.000705s ]
[2021-05-15T05:13:52+08:00][sql] SELECT COUNT(*) AS think_count FROM `carver_article` WHERE  `delete_time` = 0  AND `is_show` = 1 [ RunTime:0.000381s ]
[2021-05-15T05:13:52+08:00][sql] SELECT `article_id`,`article_title`,`article_desc`,`article_content`,`article_img`,`article_guide`,`article_label`,`click_num`,`is_show`,`add_time`,`article_author`,`is_top_show` FROM `carver_article` WHERE  `delete_time` = 0  AND `is_show` = 1 ORDER BY `article_id` DESC LIMIT 0,6 [ RunTime:0.000595s ]
[2021-05-15T05:13:52+08:00][sql] SELECT article_id,article_title,click_num,FROM_UNIXTIME(add_time,'%Y-%m-%d') as add_time FROM `carver_article` WHERE  `is_show` = 1  AND `delete_time` = 0 ORDER BY `click_num` DESC LIMIT 3 [ RunTime:0.000585s ]
[2021-05-15T05:13:52+08:00][sql] SHOW FULL COLUMNS FROM `carver_notice` [ RunTime:0.000545s ]
[2021-05-15T05:13:52+08:00][sql] SELECT * FROM `carver_notice` ORDER BY `create_time` DESC LIMIT 3 [ RunTime:0.000302s ]
[2021-05-15T05:13:52+08:00][sql] SHOW FULL COLUMNS FROM `carver_navigation` [ RunTime:0.000569s ]
[2021-05-15T05:13:52+08:00][sql] SELECT * FROM `carver_navigation` [ RunTime:0.000239s ]
[2021-05-15T05:13:52+08:00][sql] SHOW FULL COLUMNS FROM `carver_link` [ RunTime:0.000484s ]
[2021-05-15T05:13:52+08:00][sql] SELECT * FROM `carver_link` WHERE  ( is_confirm=2 ) LIMIT 20 [ RunTime:0.000292s ]
[2021-05-15T05:13:52+08:00][sql] SELECT `article_label` FROM `carver_article` [ RunTime:0.000300s ]
[2021-05-15T05:13:52+08:00][sql] SHOW FULL COLUMNS FROM `carver_carouse` [ RunTime:0.000464s ]
[2021-05-15T05:13:52+08:00][sql] SELECT `carouse_img`,`carouse_desc` FROM `carver_carouse` WHERE  `is_show` = 1 ORDER BY `carouse_sort` DESC LIMIT 3 [ RunTime:0.000311s ]
[2021-05-15T05:13:52+08:00][sql] SHOW FULL COLUMNS FROM `carver_site` [ RunTime:0.000446s ]
[2021-05-15T05:13:52+08:00][sql] SELECT * FROM `carver_site` [ RunTime:0.000219s ]
[2021-05-15T05:15:38+08:00][sql] CONNECT:[ UseTime:0.000607s ] mysql:host=127.0.0.1;port=3306;dbname=carver;charset=utf8
[2021-05-15T05:15:38+08:00][sql] SHOW FULL COLUMNS FROM `carver_article` [ RunTime:0.001052s ]
[2021-05-15T05:15:38+08:00][sql] SELECT COUNT(*) AS think_count FROM `carver_article` WHERE  `article_label` LIKE '%angerjs%'  AND `delete_time` = 0  AND `is_show` = 1 [ RunTime:0.000444s ]
[2021-05-15T05:15:38+08:00][sql] SELECT * FROM `carver_article` WHERE  `article_label` LIKE '%angerjs%'  AND `delete_time` = 0  AND `is_show` = 1 LIMIT 0,6 [ RunTime:0.000996s ]
[2021-05-15T05:15:38+08:00][sql] SELECT article_id,article_title,click_num,FROM_UNIXTIME(add_time,'%Y-%m-%d') as add_time FROM `carver_article` WHERE  `is_show` = 1  AND `delete_time` = 0 ORDER BY `click_num` DESC LIMIT 3 [ RunTime:0.000549s ]
[2021-05-15T05:15:38+08:00][sql] SHOW FULL COLUMNS FROM `carver_notice` [ RunTime:0.000708s ]
[2021-05-15T05:15:38+08:00][sql] SELECT * FROM `carver_notice` ORDER BY `create_time` DESC LIMIT 3 [ RunTime:0.000363s ]
[2021-05-15T05:15:38+08:00][sql] SHOW FULL COLUMNS FROM `carver_navigation` [ RunTime:0.000655s ]
[2021-05-15T05:15:38+08:00][sql] SELECT * FROM `carver_navigation` [ RunTime:0.000313s ]
[2021-05-15T05:15:38+08:00][sql] SHOW FULL COLUMNS FROM `carver_link` [ RunTime:0.000887s ]
[2021-05-15T05:15:38+08:00][sql] SELECT * FROM `carver_link` WHERE  ( is_confirm=2 ) LIMIT 20 [ RunTime:0.000361s ]
[2021-05-15T05:15:38+08:00][sql] SELECT `article_label` FROM `carver_article` [ RunTime:0.000314s ]
[2021-05-15T05:15:38+08:00][sql] SHOW FULL COLUMNS FROM `carver_carouse` [ RunTime:0.000593s ]
[2021-05-15T05:15:38+08:00][sql] SELECT `carouse_img`,`carouse_desc` FROM `carver_carouse` WHERE  `is_show` = 1 ORDER BY `carouse_sort` DESC LIMIT 3 [ RunTime:0.000331s ]
[2021-05-15T05:15:38+08:00][sql] SHOW FULL COLUMNS FROM `carver_site` [ RunTime:0.000663s ]
[2021-05-15T05:15:38+08:00][sql] SELECT * FROM `carver_site` [ RunTime:0.000303s ]
[2021-05-15T06:28:24+08:00][sql] CONNECT:[ UseTime:0.000563s ] mysql:host=127.0.0.1;port=3306;dbname=carver;charset=utf8
[2021-05-15T06:28:24+08:00][sql] SHOW FULL COLUMNS FROM `carver_article` [ RunTime:0.000915s ]
[2021-05-15T06:28:24+08:00][sql] SELECT COUNT(*) AS think_count FROM `carver_article` WHERE  `article_label` LIKE '%linux%'  AND `delete_time` = 0  AND `is_show` = 1 [ RunTime:0.000451s ]
[2021-05-15T06:28:24+08:00][sql] SELECT * FROM `carver_article` WHERE  `article_label` LIKE '%linux%'  AND `delete_time` = 0  AND `is_show` = 1 LIMIT 0,6 [ RunTime:0.001096s ]
[2021-05-15T06:28:24+08:00][sql] SELECT article_id,article_title,click_num,FROM_UNIXTIME(add_time,'%Y-%m-%d') as add_time FROM `carver_article` WHERE  `is_show` = 1  AND `delete_time` = 0 ORDER BY `click_num` DESC LIMIT 3 [ RunTime:0.000713s ]
[2021-05-15T06:28:24+08:00][sql] SHOW FULL COLUMNS FROM `carver_notice` [ RunTime:0.000612s ]
[2021-05-15T06:28:24+08:00][sql] SELECT * FROM `carver_notice` ORDER BY `create_time` DESC LIMIT 3 [ RunTime:0.000300s ]
[2021-05-15T06:28:24+08:00][sql] SHOW FULL COLUMNS FROM `carver_navigation` [ RunTime:0.000582s ]
[2021-05-15T06:28:24+08:00][sql] SELECT * FROM `carver_navigation` [ RunTime:0.000252s ]
[2021-05-15T06:28:24+08:00][sql] SHOW FULL COLUMNS FROM `carver_link` [ RunTime:0.000661s ]
[2021-05-15T06:28:24+08:00][sql] SELECT * FROM `carver_link` WHERE  ( is_confirm=2 ) LIMIT 20 [ RunTime:0.000322s ]
[2021-05-15T06:28:24+08:00][sql] SELECT `article_label` FROM `carver_article` [ RunTime:0.000256s ]
[2021-05-15T06:28:24+08:00][sql] SHOW FULL COLUMNS FROM `carver_carouse` [ RunTime:0.000521s ]
[2021-05-15T06:28:24+08:00][sql] SELECT `carouse_img`,`carouse_desc` FROM `carver_carouse` WHERE  `is_show` = 1 ORDER BY `carouse_sort` DESC LIMIT 3 [ RunTime:0.000284s ]
[2021-05-15T06:28:24+08:00][sql] SHOW FULL COLUMNS FROM `carver_site` [ RunTime:0.000542s ]
[2021-05-15T06:28:24+08:00][sql] SELECT * FROM `carver_site` [ RunTime:0.000227s ]
[2021-05-15T06:49:48+08:00][sql] CONNECT:[ UseTime:0.000564s ] mysql:host=127.0.0.1;port=3306;dbname=carver;charset=utf8
[2021-05-15T06:49:48+08:00][sql] SHOW FULL COLUMNS FROM `carver_article` [ RunTime:0.000911s ]
[2021-05-15T06:49:48+08:00][sql] SELECT `article_id`,`article_title`,`article_desc`,`article_content`,`article_img`,`article_guide`,`article_label`,`click_num`,`is_show`,`add_time`,`article_author` FROM `carver_article` WHERE  `article_id` = 3 LIMIT 1 [ RunTime:0.000637s ]
[2021-05-15T06:49:48+08:00][sql] SELECT `article_id`,`article_title`,`article_desc`,`article_content`,`article_img`,`article_guide`,`article_label`,`click_num`,`is_show`,`add_time`,`article_author` FROM `carver_article` WHERE  `article_id` > 3 LIMIT 1 [ RunTime:0.000454s ]
[2021-05-15T06:49:48+08:00][sql] SELECT `article_id`,`article_title`,`article_desc`,`article_content`,`article_img`,`article_guide`,`article_label`,`click_num`,`is_show`,`add_time`,`article_author` FROM `carver_article` WHERE  `article_id` < 3 ORDER BY `article_id` DESC LIMIT 1 [ RunTime:0.000359s ]
[2021-05-15T06:49:48+08:00][sql] SHOW FULL COLUMNS FROM `carver_link` [ RunTime:0.000566s ]
[2021-05-15T06:49:48+08:00][sql] SELECT * FROM `carver_link` WHERE  ( is_confirm=2 ) LIMIT 20 [ RunTime:0.000306s ]
[2021-05-15T06:49:48+08:00][sql] SELECT article_id,article_title,click_num,FROM_UNIXTIME(add_time,'%Y-%m-%d') as add_time FROM `carver_article` ORDER BY `click_num` DESC LIMIT 3 [ RunTime:0.000396s ]
[2021-05-15T06:49:48+08:00][sql] SHOW FULL COLUMNS FROM `carver_comment` [ RunTime:0.000613s ]
[2021-05-15T06:49:48+08:00][sql] SELECT `a`.*,`b`.`user_name` FROM `carver_comment` `a` INNER JOIN `carver_user` `b` ON `a`.`user_id`=`b`.`user_id` WHERE  `article_id` = 3 ORDER BY `create_time` DESC [ RunTime:0.000366s ]
[2021-05-15T06:49:48+08:00][sql] SHOW FULL COLUMNS FROM `carver_comment_to_others` [ RunTime:0.000542s ]
[2021-05-15T06:49:48+08:00][sql] SELECT * FROM `carver_comment_to_others` [ RunTime:0.000237s ]
[2021-05-15T06:49:48+08:00][sql] SHOW FULL COLUMNS FROM `carver_user` [ RunTime:0.000500s ]
[2021-05-15T06:49:48+08:00][sql] SELECT `user_name` FROM `carver_user` WHERE  `user_id` = 4 LIMIT 1 [ RunTime:0.000558s ]
[2021-05-15T06:49:48+08:00][sql] SELECT `user_name` FROM `carver_user` WHERE  `user_id` = 4 LIMIT 1 [ RunTime:0.000226s ]
[2021-05-15T06:49:48+08:00][sql] SELECT `user_name` FROM `carver_user` WHERE  `user_id` = 5 LIMIT 1 [ RunTime:0.000207s ]
[2021-05-15T06:49:48+08:00][sql] SELECT `user_name` FROM `carver_user` WHERE  `user_id` = 5 LIMIT 1 [ RunTime:0.000274s ]
[2021-05-15T06:49:48+08:00][sql] SELECT `user_name` FROM `carver_user` WHERE  `user_id` = 37 LIMIT 1 [ RunTime:0.000219s ]
[2021-05-15T06:49:48+08:00][sql] SELECT `user_name`,`user_id` FROM `carver_user` [ RunTime:0.000259s ]
[2021-05-15T06:49:48+08:00][sql] SHOW FULL COLUMNS FROM `carver_navigation` [ RunTime:0.000550s ]
[2021-05-15T06:49:48+08:00][sql] SELECT * FROM `carver_navigation` [ RunTime:0.000244s ]
[2021-05-15T06:49:48+08:00][sql] SELECT `article_label` FROM `carver_article` [ RunTime:0.000271s ]
[2021-05-15T07:34:28+08:00][sql] CONNECT:[ UseTime:0.000903s ] mysql:host=127.0.0.1;port=3306;dbname=carver;charset=utf8
[2021-05-15T07:34:28+08:00][sql] SHOW FULL COLUMNS FROM `carver_article` [ RunTime:0.000957s ]
[2021-05-15T07:34:28+08:00][sql] SELECT `article_id`,`article_title`,`article_desc`,`article_content`,`article_img`,`article_guide`,`article_label`,`click_num`,`is_show`,`add_time`,`article_author` FROM `carver_article` WHERE  `article_id` = 23 LIMIT 1 [ RunTime:0.000747s ]
[2021-05-15T07:34:28+08:00][sql] SELECT `article_id`,`article_title`,`article_desc`,`article_content`,`article_img`,`article_guide`,`article_label`,`click_num`,`is_show`,`add_time`,`article_author` FROM `carver_article` WHERE  `article_id` > 23 LIMIT 1 [ RunTime:0.000526s ]
[2021-05-15T07:34:28+08:00][sql] SELECT `article_id`,`article_title`,`article_desc`,`article_content`,`article_img`,`article_guide`,`article_label`,`click_num`,`is_show`,`add_time`,`article_author` FROM `carver_article` WHERE  `article_id` < 23 ORDER BY `article_id` DESC LIMIT 1 [ RunTime:0.000514s ]
[2021-05-15T07:34:28+08:00][sql] SHOW FULL COLUMNS FROM `carver_link` [ RunTime:0.000618s ]
[2021-05-15T07:34:28+08:00][sql] SELECT * FROM `carver_link` WHERE  ( is_confirm=2 ) LIMIT 20 [ RunTime:0.000331s ]
[2021-05-15T07:34:28+08:00][sql] SELECT article_id,article_title,click_num,FROM_UNIXTIME(add_time,'%Y-%m-%d') as add_time FROM `carver_article` ORDER BY `click_num` DESC LIMIT 3 [ RunTime:0.000395s ]
[2021-05-15T07:34:28+08:00][sql] SHOW FULL COLUMNS FROM `carver_comment` [ RunTime:0.000672s ]
[2021-05-15T07:34:28+08:00][sql] SELECT `a`.*,`b`.`user_name` FROM `carver_comment` `a` INNER JOIN `carver_user` `b` ON `a`.`user_id`=`b`.`user_id` WHERE  `article_id` = 23 ORDER BY `create_time` DESC [ RunTime:0.000431s ]
[2021-05-15T07:34:28+08:00][sql] SHOW FULL COLUMNS FROM `carver_comment_to_others` [ RunTime:0.000676s ]
[2021-05-15T07:34:28+08:00][sql] SELECT * FROM `carver_comment_to_others` [ RunTime:0.000257s ]
[2021-05-15T07:34:28+08:00][sql] SHOW FULL COLUMNS FROM `carver_user` [ RunTime:0.000510s ]
[2021-05-15T07:34:28+08:00][sql] SELECT `user_name` FROM `carver_user` WHERE  `user_id` = 4 LIMIT 1 [ RunTime:0.000283s ]
[2021-05-15T07:34:28+08:00][sql] SELECT `user_name` FROM `carver_user` WHERE  `user_id` = 4 LIMIT 1 [ RunTime:0.000275s ]
[2021-05-15T07:34:28+08:00][sql] SELECT `user_name` FROM `carver_user` WHERE  `user_id` = 5 LIMIT 1 [ RunTime:0.000243s ]
[2021-05-15T07:34:28+08:00][sql] SELECT `user_name` FROM `carver_user` WHERE  `user_id` = 5 LIMIT 1 [ RunTime:0.000218s ]
[2021-05-15T07:34:28+08:00][sql] SELECT `user_name` FROM `carver_user` WHERE  `user_id` = 37 LIMIT 1 [ RunTime:0.000277s ]
[2021-05-15T07:34:28+08:00][sql] SELECT `user_name`,`user_id` FROM `carver_user` [ RunTime:0.000285s ]
[2021-05-15T07:34:28+08:00][sql] SHOW FULL COLUMNS FROM `carver_navigation` [ RunTime:0.000637s ]
[2021-05-15T07:34:28+08:00][sql] SELECT * FROM `carver_navigation` [ RunTime:0.000276s ]
[2021-05-15T07:34:28+08:00][sql] SELECT `article_label` FROM `carver_article` [ RunTime:0.000318s ]
[2021-05-15T08:19:29+08:00][sql] CONNECT:[ UseTime:0.000583s ] mysql:host=127.0.0.1;port=3306;dbname=carver;charset=utf8
[2021-05-15T08:19:29+08:00][sql] SHOW FULL COLUMNS FROM `carver_article` [ RunTime:0.000885s ]
[2021-05-15T08:19:29+08:00][sql] SELECT `article_id`,`article_title`,`article_desc`,`article_content`,`article_img`,`article_guide`,`article_label`,`click_num`,`is_show`,`add_time`,`article_author` FROM `carver_article` WHERE  `article_id` = 1 LIMIT 1 [ RunTime:0.000513s ]
[2021-05-15T08:19:29+08:00][sql] SELECT `article_id`,`article_title`,`article_desc`,`article_content`,`article_img`,`article_guide`,`article_label`,`click_num`,`is_show`,`add_time`,`article_author` FROM `carver_article` WHERE  `article_id` > 1 LIMIT 1 [ RunTime:0.000408s ]
[2021-05-15T08:19:29+08:00][sql] SELECT `article_id`,`article_title`,`article_desc`,`article_content`,`article_img`,`article_guide`,`article_label`,`click_num`,`is_show`,`add_time`,`article_author` FROM `carver_article` WHERE  `article_id` < 1 ORDER BY `article_id` DESC LIMIT 1 [ RunTime:0.000317s ]
[2021-05-15T08:19:29+08:00][sql] SHOW FULL COLUMNS FROM `carver_link` [ RunTime:0.000551s ]
[2021-05-15T08:19:29+08:00][sql] SELECT * FROM `carver_link` WHERE  ( is_confirm=2 ) LIMIT 20 [ RunTime:0.000356s ]
[2021-05-15T08:19:29+08:00][sql] SELECT article_id,article_title,click_num,FROM_UNIXTIME(add_time,'%Y-%m-%d') as add_time FROM `carver_article` ORDER BY `click_num` DESC LIMIT 3 [ RunTime:0.000390s ]
[2021-05-15T08:19:29+08:00][sql] SHOW FULL COLUMNS FROM `carver_comment` [ RunTime:0.000597s ]
[2021-05-15T08:19:29+08:00][sql] SELECT `a`.*,`b`.`user_name` FROM `carver_comment` `a` INNER JOIN `carver_user` `b` ON `a`.`user_id`=`b`.`user_id` WHERE  `article_id` = 1 ORDER BY `create_time` DESC [ RunTime:0.000356s ]
[2021-05-15T08:19:29+08:00][sql] SHOW FULL COLUMNS FROM `carver_comment_to_others` [ RunTime:0.000619s ]
[2021-05-15T08:19:29+08:00][sql] SELECT * FROM `carver_comment_to_others` [ RunTime:0.000233s ]
[2021-05-15T08:19:29+08:00][sql] SHOW FULL COLUMNS FROM `carver_user` [ RunTime:0.000549s ]
[2021-05-15T08:19:29+08:00][sql] SELECT `user_name` FROM `carver_user` WHERE  `user_id` = 4 LIMIT 1 [ RunTime:0.000238s ]
[2021-05-15T08:19:29+08:00][sql] SELECT `user_name` FROM `carver_user` WHERE  `user_id` = 4 LIMIT 1 [ RunTime:0.000255s ]
[2021-05-15T08:19:29+08:00][sql] SELECT `user_name` FROM `carver_user` WHERE  `user_id` = 5 LIMIT 1 [ RunTime:0.000232s ]
[2021-05-15T08:19:29+08:00][sql] SELECT `user_name` FROM `carver_user` WHERE  `user_id` = 5 LIMIT 1 [ RunTime:0.000206s ]
[2021-05-15T08:19:29+08:00][sql] SELECT `user_name` FROM `carver_user` WHERE  `user_id` = 37 LIMIT 1 [ RunTime:0.000261s ]
[2021-05-15T08:19:29+08:00][sql] SELECT `user_name`,`user_id` FROM `carver_user` [ RunTime:0.000278s ]
[2021-05-15T08:19:29+08:00][sql] SHOW FULL COLUMNS FROM `carver_navigation` [ RunTime:0.000620s ]
[2021-05-15T08:19:29+08:00][sql] SELECT * FROM `carver_navigation` [ RunTime:0.000266s ]
[2021-05-15T08:19:29+08:00][sql] SELECT `article_label` FROM `carver_article` [ RunTime:0.000312s ]
[2021-05-15T08:37:25+08:00][sql] CONNECT:[ UseTime:0.000571s ] mysql:host=127.0.0.1;port=3306;dbname=carver;charset=utf8
[2021-05-15T08:37:25+08:00][sql] SHOW FULL COLUMNS FROM `carver_user` [ RunTime:0.000857s ]
[2021-05-15T08:37:25+08:00][sql] SHOW FULL COLUMNS FROM `carver_article` [ RunTime:0.001110s ]
[2021-05-15T08:37:25+08:00][sql] SELECT COUNT(*) AS think_count FROM `carver_article` WHERE  `delete_time` = 0  AND `is_show` = 1 [ RunTime:0.000400s ]
[2021-05-15T08:37:25+08:00][sql] SELECT `article_id`,`article_title`,`article_desc`,`article_content`,`article_img`,`article_guide`,`article_label`,`click_num`,`is_show`,`add_time`,`article_author`,`is_top_show` FROM `carver_article` WHERE  `delete_time` = 0  AND `is_show` = 1 ORDER BY `article_id` DESC LIMIT 24,6 [ RunTime:0.001097s ]
[2021-05-15T08:37:25+08:00][sql] SELECT article_id,article_title,click_num,FROM_UNIXTIME(add_time,'%Y-%m-%d') as add_time FROM `carver_article` WHERE  `is_show` = 1  AND `delete_time` = 0 ORDER BY `click_num` DESC LIMIT 3 [ RunTime:0.000488s ]
[2021-05-15T08:37:25+08:00][sql] SHOW FULL COLUMNS FROM `carver_notice` [ RunTime:0.000571s ]
[2021-05-15T08:37:25+08:00][sql] SELECT * FROM `carver_notice` ORDER BY `create_time` DESC LIMIT 3 [ RunTime:0.000277s ]
[2021-05-15T08:37:25+08:00][sql] SHOW FULL COLUMNS FROM `carver_navigation` [ RunTime:0.000600s ]
[2021-05-15T08:37:25+08:00][sql] SELECT * FROM `carver_navigation` [ RunTime:0.000234s ]
[2021-05-15T08:37:25+08:00][sql] SHOW FULL COLUMNS FROM `carver_link` [ RunTime:0.000556s ]
[2021-05-15T08:37:25+08:00][sql] SELECT * FROM `carver_link` WHERE  ( is_confirm=2 ) LIMIT 20 [ RunTime:0.000316s ]
[2021-05-15T08:37:25+08:00][sql] SELECT `article_label` FROM `carver_article` [ RunTime:0.000268s ]
[2021-05-15T08:37:25+08:00][sql] SHOW FULL COLUMNS FROM `carver_carouse` [ RunTime:0.000471s ]
[2021-05-15T08:37:25+08:00][sql] SELECT `carouse_img`,`carouse_desc` FROM `carver_carouse` WHERE  `is_show` = 1 ORDER BY `carouse_sort` DESC LIMIT 3 [ RunTime:0.000310s ]
[2021-05-15T08:37:25+08:00][sql] SHOW FULL COLUMNS FROM `carver_site` [ RunTime:0.000528s ]
[2021-05-15T08:37:25+08:00][sql] SELECT * FROM `carver_site` [ RunTime:0.000282s ]
[2021-05-15T09:37:22+08:00][sql] CONNECT:[ UseTime:0.000512s ] mysql:host=127.0.0.1;port=3306;dbname=carver;charset=utf8
[2021-05-15T09:37:22+08:00][sql] SHOW FULL COLUMNS FROM `carver_article` [ RunTime:0.001034s ]
[2021-05-15T09:37:22+08:00][sql] SELECT `article_id`,`article_title`,`article_desc`,`article_content`,`article_img`,`article_guide`,`article_label`,`click_num`,`is_show`,`add_time`,`article_author` FROM `carver_article` WHERE  `article_id` = 25 LIMIT 1 [ RunTime:0.000462s ]
[2021-05-15T09:37:22+08:00][sql] SELECT `article_id`,`article_title`,`article_desc`,`article_content`,`article_img`,`article_guide`,`article_label`,`click_num`,`is_show`,`add_time`,`article_author` FROM `carver_article` WHERE  `article_id` > 25 LIMIT 1 [ RunTime:0.000484s ]
[2021-05-15T09:37:22+08:00][sql] SELECT `article_id`,`article_title`,`article_desc`,`article_content`,`article_img`,`article_guide`,`article_label`,`click_num`,`is_show`,`add_time`,`article_author` FROM `carver_article` WHERE  `article_id` < 25 ORDER BY `article_id` DESC LIMIT 1 [ RunTime:0.000409s ]
[2021-05-15T09:37:22+08:00][sql] SHOW FULL COLUMNS FROM `carver_link` [ RunTime:0.000577s ]
[2021-05-15T09:37:22+08:00][sql] SELECT * FROM `carver_link` WHERE  ( is_confirm=2 ) LIMIT 20 [ RunTime:0.000302s ]
[2021-05-15T09:37:22+08:00][sql] SELECT article_id,article_title,click_num,FROM_UNIXTIME(add_time,'%Y-%m-%d') as add_time FROM `carver_article` ORDER BY `click_num` DESC LIMIT 3 [ RunTime:0.000378s ]
[2021-05-15T09:37:22+08:00][sql] SHOW FULL COLUMNS FROM `carver_comment` [ RunTime:0.000588s ]
[2021-05-15T09:37:22+08:00][sql] SELECT `a`.*,`b`.`user_name` FROM `carver_comment` `a` INNER JOIN `carver_user` `b` ON `a`.`user_id`=`b`.`user_id` WHERE  `article_id` = 25 ORDER BY `create_time` DESC [ RunTime:0.000350s ]
[2021-05-15T09:37:22+08:00][sql] SHOW FULL COLUMNS FROM `carver_comment_to_others` [ RunTime:0.000543s ]
[2021-05-15T09:37:22+08:00][sql] SELECT * FROM `carver_comment_to_others` [ RunTime:0.000234s ]
[2021-05-15T09:37:22+08:00][sql] SHOW FULL COLUMNS FROM `carver_user` [ RunTime:0.000462s ]
[2021-05-15T09:37:22+08:00][sql] SELECT `user_name` FROM `carver_user` WHERE  `user_id` = 4 LIMIT 1 [ RunTime:0.000252s ]
[2021-05-15T09:37:22+08:00][sql] SELECT `user_name` FROM `carver_user` WHERE  `user_id` = 4 LIMIT 1 [ RunTime:0.000256s ]
[2021-05-15T09:37:22+08:00][sql] SELECT `user_name` FROM `carver_user` WHERE  `user_id` = 5 LIMIT 1 [ RunTime:0.000225s ]
[2021-05-15T09:37:22+08:00][sql] SELECT `user_name` FROM `carver_user` WHERE  `user_id` = 5 LIMIT 1 [ RunTime:0.000225s ]
[2021-05-15T09:37:22+08:00][sql] SELECT `user_name` FROM `carver_user` WHERE  `user_id` = 37 LIMIT 1 [ RunTime:0.000227s ]
[2021-05-15T09:37:22+08:00][sql] SELECT `user_name`,`user_id` FROM `carver_user` [ RunTime:0.000278s ]
[2021-05-15T09:37:22+08:00][sql] SHOW FULL COLUMNS FROM `carver_navigation` [ RunTime:0.000525s ]
[2021-05-15T09:37:22+08:00][sql] SELECT * FROM `carver_navigation` [ RunTime:0.000254s ]
[2021-05-15T09:37:22+08:00][sql] SELECT `article_label` FROM `carver_article` [ RunTime:0.000269s ]
[2021-05-15T09:52:15+08:00][sql] CONNECT:[ UseTime:0.000568s ] mysql:host=127.0.0.1;port=3306;dbname=carver;charset=utf8
[2021-05-15T09:52:15+08:00][sql] SHOW FULL COLUMNS FROM `carver_user` [ RunTime:0.000913s ]
[2021-05-15T09:52:15+08:00][sql] SHOW FULL COLUMNS FROM `carver_article` [ RunTime:0.000749s ]
[2021-05-15T09:52:15+08:00][sql] SELECT COUNT(*) AS think_count FROM `carver_article` WHERE  `delete_time` = 0  AND `is_show` = 1 [ RunTime:0.000400s ]
[2021-05-15T09:52:15+08:00][sql] SELECT `article_id`,`article_title`,`article_desc`,`article_content`,`article_img`,`article_guide`,`article_label`,`click_num`,`is_show`,`add_time`,`article_author`,`is_top_show` FROM `carver_article` WHERE  `delete_time` = 0  AND `is_show` = 1 ORDER BY `article_id` DESC LIMIT 0,6 [ RunTime:0.000717s ]
[2021-05-15T09:52:15+08:00][sql] SELECT article_id,article_title,click_num,FROM_UNIXTIME(add_time,'%Y-%m-%d') as add_time FROM `carver_article` WHERE  `is_show` = 1  AND `delete_time` = 0 ORDER BY `click_num` DESC LIMIT 3 [ RunTime:0.000891s ]
[2021-05-15T09:52:15+08:00][sql] SHOW FULL COLUMNS FROM `carver_notice` [ RunTime:0.000601s ]
[2021-05-15T09:52:15+08:00][sql] SELECT * FROM `carver_notice` ORDER BY `create_time` DESC LIMIT 3 [ RunTime:0.000313s ]
[2021-05-15T09:52:15+08:00][sql] SHOW FULL COLUMNS FROM `carver_navigation` [ RunTime:0.000603s ]
[2021-05-15T09:52:15+08:00][sql] SELECT * FROM `carver_navigation` [ RunTime:0.000253s ]
[2021-05-15T09:52:15+08:00][sql] SHOW FULL COLUMNS FROM `carver_link` [ RunTime:0.000511s ]
[2021-05-15T09:52:15+08:00][sql] SELECT * FROM `carver_link` WHERE  ( is_confirm=2 ) LIMIT 20 [ RunTime:0.000329s ]
[2021-05-15T09:52:15+08:00][sql] SELECT `article_label` FROM `carver_article` [ RunTime:0.000258s ]
[2021-05-15T09:52:15+08:00][sql] SHOW FULL COLUMNS FROM `carver_carouse` [ RunTime:0.000627s ]
[2021-05-15T09:52:15+08:00][sql] SELECT `carouse_img`,`carouse_desc` FROM `carver_carouse` WHERE  `is_show` = 1 ORDER BY `carouse_sort` DESC LIMIT 3 [ RunTime:0.000288s ]
[2021-05-15T09:52:15+08:00][sql] SHOW FULL COLUMNS FROM `carver_site` [ RunTime:0.000478s ]
[2021-05-15T09:52:15+08:00][sql] SELECT * FROM `carver_site` [ RunTime:0.000224s ]
[2021-05-15T10:42:09+08:00][sql] CONNECT:[ UseTime:0.000547s ] mysql:host=127.0.0.1;port=3306;dbname=carver;charset=utf8
[2021-05-15T10:42:09+08:00][sql] SHOW FULL COLUMNS FROM `carver_article` [ RunTime:0.000872s ]
[2021-05-15T10:42:09+08:00][sql] SELECT COUNT(*) AS think_count FROM `carver_article` WHERE  `article_label` LIKE '%c  %'  AND `delete_time` = 0  AND `is_show` = 1 [ RunTime:0.000477s ]
[2021-05-15T10:42:09+08:00][sql] SELECT * FROM `carver_article` WHERE  `article_label` LIKE '%c  %'  AND `delete_time` = 0  AND `is_show` = 1 LIMIT 0,6 [ RunTime:0.000992s ]
[2021-05-15T10:42:09+08:00][sql] SELECT article_id,article_title,click_num,FROM_UNIXTIME(add_time,'%Y-%m-%d') as add_time FROM `carver_article` WHERE  `is_show` = 1  AND `delete_time` = 0 ORDER BY `click_num` DESC LIMIT 3 [ RunTime:0.000505s ]
[2021-05-15T10:42:09+08:00][sql] SHOW FULL COLUMNS FROM `carver_notice` [ RunTime:0.000719s ]
[2021-05-15T10:42:09+08:00][sql] SELECT * FROM `carver_notice` ORDER BY `create_time` DESC LIMIT 3 [ RunTime:0.000715s ]
[2021-05-15T10:42:09+08:00][sql] SHOW FULL COLUMNS FROM `carver_navigation` [ RunTime:0.000651s ]
[2021-05-15T10:42:09+08:00][sql] SELECT * FROM `carver_navigation` [ RunTime:0.000344s ]
[2021-05-15T10:42:09+08:00][sql] SHOW FULL COLUMNS FROM `carver_link` [ RunTime:0.000679s ]
[2021-05-15T10:42:09+08:00][sql] SELECT * FROM `carver_link` WHERE  ( is_confirm=2 ) LIMIT 20 [ RunTime:0.000332s ]
[2021-05-15T10:42:09+08:00][sql] SELECT `article_label` FROM `carver_article` [ RunTime:0.000282s ]
[2021-05-15T10:42:09+08:00][sql] SHOW FULL COLUMNS FROM `carver_carouse` [ RunTime:0.000605s ]
[2021-05-15T10:42:09+08:00][sql] SELECT `carouse_img`,`carouse_desc` FROM `carver_carouse` WHERE  `is_show` = 1 ORDER BY `carouse_sort` DESC LIMIT 3 [ RunTime:0.000303s ]
[2021-05-15T10:42:09+08:00][sql] SHOW FULL COLUMNS FROM `carver_site` [ RunTime:0.000630s ]
[2021-05-15T10:42:09+08:00][sql] SELECT * FROM `carver_site` [ RunTime:0.000270s ]
[2021-05-15T11:33:36+08:00][sql] CONNECT:[ UseTime:0.000540s ] mysql:host=127.0.0.1;port=3306;dbname=carver;charset=utf8
[2021-05-15T11:33:36+08:00][sql] SHOW FULL COLUMNS FROM `carver_article` [ RunTime:0.000961s ]
[2021-05-15T11:33:36+08:00][sql] SELECT `article_id`,`article_title`,`article_desc`,`article_content`,`article_img`,`article_guide`,`article_label`,`click_num`,`is_show`,`add_time`,`article_author` FROM `carver_article` WHERE  `article_id` = 13 LIMIT 1 [ RunTime:0.000417s ]
[2021-05-15T11:33:36+08:00][sql] SELECT `article_id`,`article_title`,`article_desc`,`article_content`,`article_img`,`article_guide`,`article_label`,`click_num`,`is_show`,`add_time`,`article_author` FROM `carver_article` WHERE  `article_id` > 13 LIMIT 1 [ RunTime:0.000378s ]
[2021-05-15T11:33:36+08:00][sql] SELECT `article_id`,`article_title`,`article_desc`,`article_content`,`article_img`,`article_guide`,`article_label`,`click_num`,`is_show`,`add_time`,`article_author` FROM `carver_article` WHERE  `article_id` < 13 ORDER BY `article_id` DESC LIMIT 1 [ RunTime:0.000349s ]
[2021-05-15T11:33:36+08:00][sql] SHOW FULL COLUMNS FROM `carver_link` [ RunTime:0.000511s ]
[2021-05-15T11:33:36+08:00][sql] SELECT * FROM `carver_link` WHERE  ( is_confirm=2 ) LIMIT 20 [ RunTime:0.000300s ]
[2021-05-15T11:33:36+08:00][sql] SELECT article_id,article_title,click_num,FROM_UNIXTIME(add_time,'%Y-%m-%d') as add_time FROM `carver_article` ORDER BY `click_num` DESC LIMIT 3 [ RunTime:0.000372s ]
[2021-05-15T11:33:36+08:00][sql] SHOW FULL COLUMNS FROM `carver_comment` [ RunTime:0.000524s ]
[2021-05-15T11:33:36+08:00][sql] SELECT `a`.*,`b`.`user_name` FROM `carver_comment` `a` INNER JOIN `carver_user` `b` ON `a`.`user_id`=`b`.`user_id` WHERE  `article_id` = 13 ORDER BY `create_time` DESC [ RunTime:0.000387s ]
[2021-05-15T11:33:36+08:00][sql] SHOW FULL COLUMNS FROM `carver_comment_to_others` [ RunTime:0.000529s ]
[2021-05-15T11:33:36+08:00][sql] SELECT * FROM `carver_comment_to_others` [ RunTime:0.000234s ]
[2021-05-15T11:33:36+08:00][sql] SHOW FULL COLUMNS FROM `carver_user` [ RunTime:0.000437s ]
[2021-05-15T11:33:36+08:00][sql] SELECT `user_name` FROM `carver_user` WHERE  `user_id` = 4 LIMIT 1 [ RunTime:0.000251s ]
[2021-05-15T11:33:36+08:00][sql] SELECT `user_name` FROM `carver_user` WHERE  `user_id` = 4 LIMIT 1 [ RunTime:0.000207s ]
[2021-05-15T11:33:36+08:00][sql] SELECT `user_name` FROM `carver_user` WHERE  `user_id` = 5 LIMIT 1 [ RunTime:0.000255s ]
[2021-05-15T11:33:36+08:00][sql] SELECT `user_name` FROM `carver_user` WHERE  `user_id` = 5 LIMIT 1 [ RunTime:0.000221s ]
[2021-05-15T11:33:36+08:00][sql] SELECT `user_name` FROM `carver_user` WHERE  `user_id` = 37 LIMIT 1 [ RunTime:0.000210s ]
[2021-05-15T11:33:36+08:00][sql] SELECT `user_name`,`user_id` FROM `carver_user` [ RunTime:0.000282s ]
[2021-05-15T11:33:36+08:00][sql] SHOW FULL COLUMNS FROM `carver_navigation` [ RunTime:0.000496s ]
[2021-05-15T11:33:36+08:00][sql] SELECT * FROM `carver_navigation` [ RunTime:0.000246s ]
[2021-05-15T11:33:36+08:00][sql] SELECT `article_label` FROM `carver_article` [ RunTime:0.000262s ]
[2021-05-15T11:33:39+08:00][sql] CONNECT:[ UseTime:0.000589s ] mysql:host=127.0.0.1;port=3306;dbname=carver;charset=utf8
[2021-05-15T11:33:39+08:00][sql] SHOW FULL COLUMNS FROM `carver_article` [ RunTime:0.001437s ]
[2021-05-15T11:33:39+08:00][sql] SELECT `article_id`,`article_title`,`article_desc`,`article_content`,`article_img`,`article_guide`,`article_label`,`click_num`,`is_show`,`add_time`,`article_author` FROM `carver_article` WHERE  `article_id` = 14 LIMIT 1 [ RunTime:0.000752s ]
[2021-05-15T11:33:39+08:00][sql] SELECT `article_id`,`article_title`,`article_desc`,`article_content`,`article_img`,`article_guide`,`article_label`,`click_num`,`is_show`,`add_time`,`article_author` FROM `carver_article` WHERE  `article_id` > 14 LIMIT 1 [ RunTime:0.001322s ]
[2021-05-15T11:33:39+08:00][sql] SELECT `article_id`,`article_title`,`article_desc`,`article_content`,`article_img`,`article_guide`,`article_label`,`click_num`,`is_show`,`add_time`,`article_author` FROM `carver_article` WHERE  `article_id` < 14 ORDER BY `article_id` DESC LIMIT 1 [ RunTime:0.000421s ]
[2021-05-15T11:33:39+08:00][sql] SHOW FULL COLUMNS FROM `carver_link` [ RunTime:0.000672s ]
[2021-05-15T11:33:39+08:00][sql] SELECT * FROM `carver_link` WHERE  ( is_confirm=2 ) LIMIT 20 [ RunTime:0.000350s ]
[2021-05-15T11:33:39+08:00][sql] SELECT article_id,article_title,click_num,FROM_UNIXTIME(add_time,'%Y-%m-%d') as add_time FROM `carver_article` ORDER BY `click_num` DESC LIMIT 3 [ RunTime:0.000412s ]
[2021-05-15T11:33:39+08:00][sql] SHOW FULL COLUMNS FROM `carver_comment` [ RunTime:0.000514s ]
[2021-05-15T11:33:39+08:00][sql] SELECT `a`.*,`b`.`user_name` FROM `carver_comment` `a` INNER JOIN `carver_user` `b` ON `a`.`user_id`=`b`.`user_id` WHERE  `article_id` = 14 ORDER BY `create_time` DESC [ RunTime:0.000354s ]
[2021-05-15T11:33:39+08:00][sql] SHOW FULL COLUMNS FROM `carver_comment_to_others` [ RunTime:0.000497s ]
[2021-05-15T11:33:39+08:00][sql] SELECT * FROM `carver_comment_to_others` [ RunTime:0.000243s ]
[2021-05-15T11:33:39+08:00][sql] SHOW FULL COLUMNS FROM `carver_user` [ RunTime:0.000487s ]
[2021-05-15T11:33:39+08:00][sql] SELECT `user_name` FROM `carver_user` WHERE  `user_id` = 4 LIMIT 1 [ RunTime:0.000237s ]
[2021-05-15T11:33:39+08:00][sql] SELECT `user_name` FROM `carver_user` WHERE  `user_id` = 4 LIMIT 1 [ RunTime:0.000221s ]
[2021-05-15T11:33:39+08:00][sql] SELECT `user_name` FROM `carver_user` WHERE  `user_id` = 5 LIMIT 1 [ RunTime:0.000228s ]
[2021-05-15T11:33:39+08:00][sql] SELECT `user_name` FROM `carver_user` WHERE  `user_id` = 5 LIMIT 1 [ RunTime:0.000290s ]
[2021-05-15T11:33:39+08:00][sql] SELECT `user_name` FROM `carver_user` WHERE  `user_id` = 37 LIMIT 1 [ RunTime:0.000294s ]
[2021-05-15T11:33:39+08:00][sql] SHOW FULL COLUMNS FROM `carver_navigation` [ RunTime:0.000599s ]
[2021-05-15T11:33:39+08:00][sql] SELECT * FROM `carver_navigation` [ RunTime:0.000320s ]
[2021-05-15T11:33:39+08:00][sql] SELECT `article_label` FROM `carver_article` [ RunTime:0.000305s ]
[2021-05-15T12:45:37+08:00][sql] CONNECT:[ UseTime:0.000576s ] mysql:host=127.0.0.1;port=3306;dbname=carver;charset=utf8
[2021-05-15T12:45:37+08:00][sql] SHOW FULL COLUMNS FROM `carver_article` [ RunTime:0.000903s ]
[2021-05-15T12:45:37+08:00][sql] SELECT `article_id`,`article_title`,`article_desc`,`article_content`,`article_img`,`article_guide`,`article_label`,`click_num`,`is_show`,`add_time`,`article_author` FROM `carver_article` WHERE  `article_id` = 12 LIMIT 1 [ RunTime:0.000475s ]
[2021-05-15T12:45:37+08:00][sql] SELECT `article_id`,`article_title`,`article_desc`,`article_content`,`article_img`,`article_guide`,`article_label`,`click_num`,`is_show`,`add_time`,`article_author` FROM `carver_article` WHERE  `article_id` > 12 LIMIT 1 [ RunTime:0.000358s ]
[2021-05-15T12:45:37+08:00][sql] SELECT `article_id`,`article_title`,`article_desc`,`article_content`,`article_img`,`article_guide`,`article_label`,`click_num`,`is_show`,`add_time`,`article_author` FROM `carver_article` WHERE  `article_id` < 12 ORDER BY `article_id` DESC LIMIT 1 [ RunTime:0.000361s ]
[2021-05-15T12:45:37+08:00][sql] SHOW FULL COLUMNS FROM `carver_link` [ RunTime:0.000577s ]
[2021-05-15T12:45:37+08:00][sql] SELECT * FROM `carver_link` WHERE  ( is_confirm=2 ) LIMIT 20 [ RunTime:0.000317s ]
[2021-05-15T12:45:37+08:00][sql] SELECT article_id,article_title,click_num,FROM_UNIXTIME(add_time,'%Y-%m-%d') as add_time FROM `carver_article` ORDER BY `click_num` DESC LIMIT 3 [ RunTime:0.000411s ]
[2021-05-15T12:45:37+08:00][sql] SHOW FULL COLUMNS FROM `carver_comment` [ RunTime:0.000609s ]
[2021-05-15T12:45:37+08:00][sql] SELECT `a`.*,`b`.`user_name` FROM `carver_comment` `a` INNER JOIN `carver_user` `b` ON `a`.`user_id`=`b`.`user_id` WHERE  `article_id` = 12 ORDER BY `create_time` DESC [ RunTime:0.000517s ]
[2021-05-15T12:45:37+08:00][sql] SHOW FULL COLUMNS FROM `carver_comment_to_others` [ RunTime:0.000546s ]
[2021-05-15T12:45:37+08:00][sql] SELECT * FROM `carver_comment_to_others` [ RunTime:0.000256s ]
[2021-05-15T12:45:37+08:00][sql] SHOW FULL COLUMNS FROM `carver_user` [ RunTime:0.000489s ]
[2021-05-15T12:45:37+08:00][sql] SELECT `user_name` FROM `carver_user` WHERE  `user_id` = 4 LIMIT 1 [ RunTime:0.000261s ]
[2021-05-15T12:45:37+08:00][sql] SELECT `user_name` FROM `carver_user` WHERE  `user_id` = 4 LIMIT 1 [ RunTime:0.000211s ]
[2021-05-15T12:45:37+08:00][sql] SELECT `user_name` FROM `carver_user` WHERE  `user_id` = 5 LIMIT 1 [ RunTime:0.000224s ]
[2021-05-15T12:45:37+08:00][sql] SELECT `user_name` FROM `carver_user` WHERE  `user_id` = 5 LIMIT 1 [ RunTime:0.000232s ]
[2021-05-15T12:45:37+08:00][sql] SELECT `user_name` FROM `carver_user` WHERE  `user_id` = 37 LIMIT 1 [ RunTime:0.000228s ]
[2021-05-15T12:45:37+08:00][sql] SELECT `user_name`,`user_id` FROM `carver_user` [ RunTime:0.000248s ]
[2021-05-15T12:45:37+08:00][sql] SHOW FULL COLUMNS FROM `carver_navigation` [ RunTime:0.000621s ]
[2021-05-15T12:45:37+08:00][sql] SELECT * FROM `carver_navigation` [ RunTime:0.000245s ]
[2021-05-15T12:45:37+08:00][sql] SELECT `article_label` FROM `carver_article` [ RunTime:0.000307s ]
[2021-05-15T14:02:47+08:00][sql] CONNECT:[ UseTime:0.000683s ] mysql:host=127.0.0.1;port=3306;dbname=carver;charset=utf8
[2021-05-15T14:02:47+08:00][sql] SHOW FULL COLUMNS FROM `carver_article` [ RunTime:0.000863s ]
[2021-05-15T14:02:47+08:00][sql] SELECT COUNT(*) AS think_count FROM `carver_article` WHERE  `article_label` LIKE '%php%'  AND `delete_time` = 0  AND `is_show` = 1 [ RunTime:0.000414s ]
[2021-05-15T14:02:47+08:00][sql] SELECT * FROM `carver_article` WHERE  `article_label` LIKE '%php%'  AND `delete_time` = 0  AND `is_show` = 1 LIMIT 0,6 [ RunTime:0.000926s ]
[2021-05-15T14:02:47+08:00][sql] SELECT article_id,article_title,click_num,FROM_UNIXTIME(add_time,'%Y-%m-%d') as add_time FROM `carver_article` WHERE  `is_show` = 1  AND `delete_time` = 0 ORDER BY `click_num` DESC LIMIT 3 [ RunTime:0.000428s ]
[2021-05-15T14:02:47+08:00][sql] SHOW FULL COLUMNS FROM `carver_notice` [ RunTime:0.000531s ]
[2021-05-15T14:02:47+08:00][sql] SELECT * FROM `carver_notice` ORDER BY `create_time` DESC LIMIT 3 [ RunTime:0.000260s ]
[2021-05-15T14:02:47+08:00][sql] SHOW FULL COLUMNS FROM `carver_navigation` [ RunTime:0.000544s ]
[2021-05-15T14:02:47+08:00][sql] SELECT * FROM `carver_navigation` [ RunTime:0.000232s ]
[2021-05-15T14:02:47+08:00][sql] SHOW FULL COLUMNS FROM `carver_link` [ RunTime:0.000495s ]
[2021-05-15T14:02:47+08:00][sql] SELECT * FROM `carver_link` WHERE  ( is_confirm=2 ) LIMIT 20 [ RunTime:0.000265s ]
[2021-05-15T14:02:47+08:00][sql] SELECT `article_label` FROM `carver_article` [ RunTime:0.000260s ]
[2021-05-15T14:02:47+08:00][sql] SHOW FULL COLUMNS FROM `carver_carouse` [ RunTime:0.000473s ]
[2021-05-15T14:02:47+08:00][sql] SELECT `carouse_img`,`carouse_desc` FROM `carver_carouse` WHERE  `is_show` = 1 ORDER BY `carouse_sort` DESC LIMIT 3 [ RunTime:0.000272s ]
[2021-05-15T14:02:47+08:00][sql] SHOW FULL COLUMNS FROM `carver_site` [ RunTime:0.000465s ]
[2021-05-15T14:02:47+08:00][sql] SELECT * FROM `carver_site` [ RunTime:0.000218s ]
[2021-05-15T14:27:07+08:00][sql] CONNECT:[ UseTime:0.000552s ] mysql:host=127.0.0.1;port=3306;dbname=carver;charset=utf8
[2021-05-15T14:27:07+08:00][sql] SHOW FULL COLUMNS FROM `carver_article` [ RunTime:0.000838s ]
[2021-05-15T14:27:07+08:00][sql] SELECT COUNT(*) AS think_count FROM `carver_article` WHERE  `article_label` LIKE '%%'  AND `delete_time` = 0  AND `is_show` = 1 [ RunTime:0.000422s ]
[2021-05-15T14:27:07+08:00][sql] SELECT * FROM `carver_article` WHERE  `article_label` LIKE '%%'  AND `delete_time` = 0  AND `is_show` = 1 LIMIT 0,6 [ RunTime:0.000681s ]
[2021-05-15T14:27:07+08:00][sql] SELECT article_id,article_title,click_num,FROM_UNIXTIME(add_time,'%Y-%m-%d') as add_time FROM `carver_article` WHERE  `is_show` = 1  AND `delete_time` = 0 ORDER BY `click_num` DESC LIMIT 3 [ RunTime:0.000440s ]
[2021-05-15T14:27:07+08:00][sql] SHOW FULL COLUMNS FROM `carver_notice` [ RunTime:0.000548s ]
[2021-05-15T14:27:07+08:00][sql] SELECT * FROM `carver_notice` ORDER BY `create_time` DESC LIMIT 3 [ RunTime:0.000262s ]
[2021-05-15T14:27:07+08:00][sql] SHOW FULL COLUMNS FROM `carver_navigation` [ RunTime:0.000485s ]
[2021-05-15T14:27:07+08:00][sql] SELECT * FROM `carver_navigation` [ RunTime:0.000259s ]
[2021-05-15T14:27:07+08:00][sql] SHOW FULL COLUMNS FROM `carver_link` [ RunTime:0.000522s ]
[2021-05-15T14:27:07+08:00][sql] SELECT * FROM `carver_link` WHERE  ( is_confirm=2 ) LIMIT 20 [ RunTime:0.000262s ]
[2021-05-15T14:27:07+08:00][sql] SELECT `article_label` FROM `carver_article` [ RunTime:0.000354s ]
[2021-05-15T14:27:07+08:00][sql] SHOW FULL COLUMNS FROM `carver_carouse` [ RunTime:0.000471s ]
[2021-05-15T14:27:07+08:00][sql] SELECT `carouse_img`,`carouse_desc` FROM `carver_carouse` WHERE  `is_show` = 1 ORDER BY `carouse_sort` DESC LIMIT 3 [ RunTime:0.000279s ]
[2021-05-15T14:27:07+08:00][sql] SHOW FULL COLUMNS FROM `carver_site` [ RunTime:0.000469s ]
[2021-05-15T14:27:07+08:00][sql] SELECT * FROM `carver_site` [ RunTime:0.000239s ]
[2021-05-15T17:31:14+08:00][sql] CONNECT:[ UseTime:0.000878s ] mysql:host=127.0.0.1;port=3306;dbname=carver;charset=utf8
[2021-05-15T17:31:14+08:00][sql] SHOW FULL COLUMNS FROM `carver_user` [ RunTime:0.001014s ]
[2021-05-15T17:31:14+08:00][sql] SHOW FULL COLUMNS FROM `carver_article` [ RunTime:0.000710s ]
[2021-05-15T17:31:14+08:00][sql] SELECT COUNT(*) AS think_count FROM `carver_article` WHERE  `delete_time` = 0  AND `is_show` = 1 [ RunTime:0.000370s ]
[2021-05-15T17:31:14+08:00][sql] SELECT `article_id`,`article_title`,`article_desc`,`article_content`,`article_img`,`article_guide`,`article_label`,`click_num`,`is_show`,`add_time`,`article_author`,`is_top_show` FROM `carver_article` WHERE  `delete_time` = 0  AND `is_show` = 1 ORDER BY `article_id` DESC LIMIT 0,6 [ RunTime:0.000691s ]
[2021-05-15T17:31:14+08:00][sql] SELECT article_id,article_title,click_num,FROM_UNIXTIME(add_time,'%Y-%m-%d') as add_time FROM `carver_article` WHERE  `is_show` = 1  AND `delete_time` = 0 ORDER BY `click_num` DESC LIMIT 3 [ RunTime:0.000465s ]
[2021-05-15T17:31:14+08:00][sql] SHOW FULL COLUMNS FROM `carver_notice` [ RunTime:0.000532s ]
[2021-05-15T17:31:14+08:00][sql] SELECT * FROM `carver_notice` ORDER BY `create_time` DESC LIMIT 3 [ RunTime:0.000289s ]
[2021-05-15T17:31:14+08:00][sql] SHOW FULL COLUMNS FROM `carver_navigation` [ RunTime:0.000516s ]
[2021-05-15T17:31:14+08:00][sql] SELECT * FROM `carver_navigation` [ RunTime:0.000233s ]
[2021-05-15T17:31:14+08:00][sql] SHOW FULL COLUMNS FROM `carver_link` [ RunTime:0.000519s ]
[2021-05-15T17:31:14+08:00][sql] SELECT * FROM `carver_link` WHERE  ( is_confirm=2 ) LIMIT 20 [ RunTime:0.000307s ]
[2021-05-15T17:31:14+08:00][sql] SELECT `article_label` FROM `carver_article` [ RunTime:0.000347s ]
[2021-05-15T17:31:14+08:00][sql] SHOW FULL COLUMNS FROM `carver_carouse` [ RunTime:0.000639s ]
[2021-05-15T17:31:14+08:00][sql] SELECT `carouse_img`,`carouse_desc` FROM `carver_carouse` WHERE  `is_show` = 1 ORDER BY `carouse_sort` DESC LIMIT 3 [ RunTime:0.000285s ]
[2021-05-15T17:31:14+08:00][sql] SHOW FULL COLUMNS FROM `carver_site` [ RunTime:0.000495s ]
[2021-05-15T17:31:14+08:00][sql] SELECT * FROM `carver_site` [ RunTime:0.000224s ]
[2021-05-15T17:49:42+08:00][sql] CONNECT:[ UseTime:0.000703s ] mysql:host=127.0.0.1;port=3306;dbname=carver;charset=utf8
[2021-05-15T17:49:42+08:00][sql] SHOW FULL COLUMNS FROM `carver_user` [ RunTime:0.000787s ]
[2021-05-15T17:49:42+08:00][sql] SHOW FULL COLUMNS FROM `carver_article` [ RunTime:0.000658s ]
[2021-05-15T17:49:42+08:00][sql] SELECT COUNT(*) AS think_count FROM `carver_article` WHERE  `delete_time` = 0  AND `is_show` = 1 [ RunTime:0.000367s ]
[2021-05-15T17:49:42+08:00][sql] SELECT `article_id`,`article_title`,`article_desc`,`article_content`,`article_img`,`article_guide`,`article_label`,`click_num`,`is_show`,`add_time`,`article_author`,`is_top_show` FROM `carver_article` WHERE  `delete_time` = 0  AND `is_show` = 1 ORDER BY `article_id` DESC LIMIT 0,6 [ RunTime:0.000597s ]
[2021-05-15T17:49:42+08:00][sql] SELECT article_id,article_title,click_num,FROM_UNIXTIME(add_time,'%Y-%m-%d') as add_time FROM `carver_article` WHERE  `is_show` = 1  AND `delete_time` = 0 ORDER BY `click_num` DESC LIMIT 3 [ RunTime:0.000390s ]
[2021-05-15T17:49:42+08:00][sql] SHOW FULL COLUMNS FROM `carver_notice` [ RunTime:0.000471s ]
[2021-05-15T17:49:42+08:00][sql] SELECT * FROM `carver_notice` ORDER BY `create_time` DESC LIMIT 3 [ RunTime:0.000274s ]
[2021-05-15T17:49:42+08:00][sql] SHOW FULL COLUMNS FROM `carver_navigation` [ RunTime:0.000520s ]
[2021-05-15T17:49:42+08:00][sql] SELECT * FROM `carver_navigation` [ RunTime:0.000509s ]
[2021-05-15T17:49:42+08:00][sql] SHOW FULL COLUMNS FROM `carver_link` [ RunTime:0.000467s ]
[2021-05-15T17:49:42+08:00][sql] SELECT * FROM `carver_link` WHERE  ( is_confirm=2 ) LIMIT 20 [ RunTime:0.000284s ]
[2021-05-15T17:49:42+08:00][sql] SELECT `article_label` FROM `carver_article` [ RunTime:0.000268s ]
[2021-05-15T17:49:42+08:00][sql] SHOW FULL COLUMNS FROM `carver_carouse` [ RunTime:0.000444s ]
[2021-05-15T17:49:42+08:00][sql] SELECT `carouse_img`,`carouse_desc` FROM `carver_carouse` WHERE  `is_show` = 1 ORDER BY `carouse_sort` DESC LIMIT 3 [ RunTime:0.000276s ]
[2021-05-15T17:49:42+08:00][sql] SHOW FULL COLUMNS FROM `carver_site` [ RunTime:0.000457s ]
[2021-05-15T17:49:42+08:00][sql] SELECT * FROM `carver_site` [ RunTime:0.000235s ]
[2021-05-15T22:35:13+08:00][sql] CONNECT:[ UseTime:0.000563s ] mysql:host=127.0.0.1;port=3306;dbname=carver;charset=utf8
[2021-05-15T22:35:13+08:00][sql] SHOW FULL COLUMNS FROM `carver_article` [ RunTime:0.000884s ]
[2021-05-15T22:35:13+08:00][sql] SELECT COUNT(*) AS think_count FROM `carver_article` WHERE  `article_label` LIKE '%c%'  AND `delete_time` = 0  AND `is_show` = 1 [ RunTime:0.000449s ]
[2021-05-15T22:35:13+08:00][sql] SELECT * FROM `carver_article` WHERE  `article_label` LIKE '%c%'  AND `delete_time` = 0  AND `is_show` = 1 LIMIT 0,6 [ RunTime:0.000941s ]
[2021-05-15T22:35:13+08:00][sql] SELECT article_id,article_title,click_num,FROM_UNIXTIME(add_time,'%Y-%m-%d') as add_time FROM `carver_article` WHERE  `is_show` = 1  AND `delete_time` = 0 ORDER BY `click_num` DESC LIMIT 3 [ RunTime:0.000464s ]
[2021-05-15T22:35:13+08:00][sql] SHOW FULL COLUMNS FROM `carver_notice` [ RunTime:0.000608s ]
[2021-05-15T22:35:13+08:00][sql] SELECT * FROM `carver_notice` ORDER BY `create_time` DESC LIMIT 3 [ RunTime:0.000340s ]
[2021-05-15T22:35:13+08:00][sql] SHOW FULL COLUMNS FROM `carver_navigation` [ RunTime:0.000526s ]
[2021-05-15T22:35:13+08:00][sql] SELECT * FROM `carver_navigation` [ RunTime:0.000237s ]
[2021-05-15T22:35:13+08:00][sql] SHOW FULL COLUMNS FROM `carver_link` [ RunTime:0.000516s ]
[2021-05-15T22:35:13+08:00][sql] SELECT * FROM `carver_link` WHERE  ( is_confirm=2 ) LIMIT 20 [ RunTime:0.000290s ]
[2021-05-15T22:35:13+08:00][sql] SELECT `article_label` FROM `carver_article` [ RunTime:0.000339s ]
[2021-05-15T22:35:13+08:00][sql] SHOW FULL COLUMNS FROM `carver_carouse` [ RunTime:0.000525s ]
[2021-05-15T22:35:13+08:00][sql] SELECT `carouse_img`,`carouse_desc` FROM `carver_carouse` WHERE  `is_show` = 1 ORDER BY `carouse_sort` DESC LIMIT 3 [ RunTime:0.000606s ]
[2021-05-15T22:35:13+08:00][sql] SHOW FULL COLUMNS FROM `carver_site` [ RunTime:0.000509s ]
[2021-05-15T22:35:13+08:00][sql] SELECT * FROM `carver_site` [ RunTime:0.000430s ]
[2021-05-15T22:44:24+08:00][sql] CONNECT:[ UseTime:0.001251s ] mysql:host=127.0.0.1;port=3306;dbname=carver;charset=utf8
[2021-05-15T22:44:24+08:00][sql] SHOW FULL COLUMNS FROM `carver_article` [ RunTime:0.000910s ]
[2021-05-15T22:44:24+08:00][sql] SELECT COUNT(*) AS think_count FROM `carver_article` WHERE  `article_label` LIKE '%c++%'  AND `delete_time` = 0  AND `is_show` = 1 [ RunTime:0.000477s ]
[2021-05-15T22:44:24+08:00][sql] SELECT * FROM `carver_article` WHERE  `article_label` LIKE '%c++%'  AND `delete_time` = 0  AND `is_show` = 1 LIMIT 0,6 [ RunTime:0.001022s ]
[2021-05-15T22:44:24+08:00][sql] SELECT article_id,article_title,click_num,FROM_UNIXTIME(add_time,'%Y-%m-%d') as add_time FROM `carver_article` WHERE  `is_show` = 1  AND `delete_time` = 0 ORDER BY `click_num` DESC LIMIT 3 [ RunTime:0.000432s ]
[2021-05-15T22:44:24+08:00][sql] SHOW FULL COLUMNS FROM `carver_notice` [ RunTime:0.000628s ]
[2021-05-15T22:44:24+08:00][sql] SELECT * FROM `carver_notice` ORDER BY `create_time` DESC LIMIT 3 [ RunTime:0.000326s ]
[2021-05-15T22:44:24+08:00][sql] SHOW FULL COLUMNS FROM `carver_navigation` [ RunTime:0.000567s ]
[2021-05-15T22:44:24+08:00][sql] SELECT * FROM `carver_navigation` [ RunTime:0.000273s ]
[2021-05-15T22:44:24+08:00][sql] SHOW FULL COLUMNS FROM `carver_link` [ RunTime:0.000539s ]
[2021-05-15T22:44:24+08:00][sql] SELECT * FROM `carver_link` WHERE  ( is_confirm=2 ) LIMIT 20 [ RunTime:0.000426s ]
[2021-05-15T22:44:24+08:00][sql] SELECT `article_label` FROM `carver_article` [ RunTime:0.000273s ]
[2021-05-15T22:44:24+08:00][sql] SHOW FULL COLUMNS FROM `carver_carouse` [ RunTime:0.000529s ]
[2021-05-15T22:44:24+08:00][sql] SELECT `carouse_img`,`carouse_desc` FROM `carver_carouse` WHERE  `is_show` = 1 ORDER BY `carouse_sort` DESC LIMIT 3 [ RunTime:0.000342s ]
[2021-05-15T22:44:24+08:00][sql] SHOW FULL COLUMNS FROM `carver_site` [ RunTime:0.000541s ]
[2021-05-15T22:44:24+08:00][sql] SELECT * FROM `carver_site` [ RunTime:0.000295s ]
