[2021-05-16T01:57:47+08:00][sql] CONNECT:[ UseTime:0.000598s ] mysql:host=127.0.0.1;port=3306;dbname=carver;charset=utf8
[2021-05-16T01:57:47+08:00][sql] SHOW FULL COLUMNS FROM `carver_user` [ RunTime:0.000796s ]
[2021-05-16T01:57:47+08:00][sql] SHOW FULL COLUMNS FROM `carver_article` [ RunTime:0.000696s ]
[2021-05-16T01:57:47+08:00][sql] SELECT COUNT(*) AS think_count FROM `carver_article` WHERE  `delete_time` = 0  AND `is_show` = 1 [ RunTime:0.000402s ]
[2021-05-16T01:57:47+08:00][sql] SELECT `article_id`,`article_title`,`article_desc`,`article_content`,`article_img`,`article_guide`,`article_label`,`click_num`,`is_show`,`add_time`,`article_author`,`is_top_show` FROM `carver_article` WHERE  `delete_time` = 0  AND `is_show` = 1 ORDER BY `article_id` DESC LIMIT 0,6 [ RunTime:0.000678s ]
[2021-05-16T01:57:47+08:00][sql] SELECT article_id,article_title,click_num,FROM_UNIXTIME(add_time,'%Y-%m-%d') as add_time FROM `carver_article` WHERE  `is_show` = 1  AND `delete_time` = 0 ORDER BY `click_num` DESC LIMIT 3 [ RunTime:0.000427s ]
[2021-05-16T01:57:47+08:00][sql] SHOW FULL COLUMNS FROM `carver_notice` [ RunTime:0.000546s ]
[2021-05-16T01:57:47+08:00][sql] SELECT * FROM `carver_notice` ORDER BY `create_time` DESC LIMIT 3 [ RunTime:0.000281s ]
[2021-05-16T01:57:47+08:00][sql] SHOW FULL COLUMNS FROM `carver_navigation` [ RunTime:0.000496s ]
[2021-05-16T01:57:47+08:00][sql] SELECT * FROM `carver_navigation` [ RunTime:0.000242s ]
[2021-05-16T01:57:47+08:00][sql] SHOW FULL COLUMNS FROM `carver_link` [ RunTime:0.000548s ]
[2021-05-16T01:57:47+08:00][sql] SELECT * FROM `carver_link` WHERE  ( is_confirm=2 ) LIMIT 20 [ RunTime:0.000291s ]
[2021-05-16T01:57:47+08:00][sql] SELECT `article_label` FROM `carver_article` [ RunTime:0.000270s ]
[2021-05-16T01:57:47+08:00][sql] SHOW FULL COLUMNS FROM `carver_carouse` [ RunTime:0.000498s ]
[2021-05-16T01:57:47+08:00][sql] SELECT `carouse_img`,`carouse_desc` FROM `carver_carouse` WHERE  `is_show` = 1 ORDER BY `carouse_sort` DESC LIMIT 3 [ RunTime:0.000304s ]
[2021-05-16T01:57:47+08:00][sql] SHOW FULL COLUMNS FROM `carver_site` [ RunTime:0.000533s ]
[2021-05-16T01:57:47+08:00][sql] SELECT * FROM `carver_site` [ RunTime:0.000230s ]
[2021-05-16T06:15:16+08:00][sql] CONNECT:[ UseTime:0.001144s ] mysql:host=127.0.0.1;port=3306;dbname=carver;charset=utf8
[2021-05-16T06:15:16+08:00][sql] SHOW FULL COLUMNS FROM `carver_article` [ RunTime:0.000954s ]
[2021-05-16T06:15:16+08:00][sql] SELECT COUNT(*) AS think_count FROM `carver_article` WHERE  `article_label` LIKE '%%'  AND `delete_time` = 0  AND `is_show` = 1 [ RunTime:0.000447s ]
[2021-05-16T06:15:16+08:00][sql] SELECT * FROM `carver_article` WHERE  `article_label` LIKE '%%'  AND `delete_time` = 0  AND `is_show` = 1 LIMIT 12,6 [ RunTime:0.002916s ]
[2021-05-16T06:15:16+08:00][sql] SELECT article_id,article_title,click_num,FROM_UNIXTIME(add_time,'%Y-%m-%d') as add_time FROM `carver_article` WHERE  `is_show` = 1  AND `delete_time` = 0 ORDER BY `click_num` DESC LIMIT 3 [ RunTime:0.000642s ]
[2021-05-16T06:15:16+08:00][sql] SHOW FULL COLUMNS FROM `carver_notice` [ RunTime:0.000676s ]
[2021-05-16T06:15:16+08:00][sql] SELECT * FROM `carver_notice` ORDER BY `create_time` DESC LIMIT 3 [ RunTime:0.000339s ]
[2021-05-16T06:15:16+08:00][sql] SHOW FULL COLUMNS FROM `carver_navigation` [ RunTime:0.000536s ]
[2021-05-16T06:15:16+08:00][sql] SELECT * FROM `carver_navigation` [ RunTime:0.000247s ]
[2021-05-16T06:15:16+08:00][sql] SHOW FULL COLUMNS FROM `carver_link` [ RunTime:0.000525s ]
[2021-05-16T06:15:16+08:00][sql] SELECT * FROM `carver_link` WHERE  ( is_confirm=2 ) LIMIT 20 [ RunTime:0.000296s ]
[2021-05-16T06:15:16+08:00][sql] SELECT `article_label` FROM `carver_article` [ RunTime:0.000251s ]
[2021-05-16T06:15:16+08:00][sql] SHOW FULL COLUMNS FROM `carver_carouse` [ RunTime:0.000573s ]
[2021-05-16T06:15:16+08:00][sql] SELECT `carouse_img`,`carouse_desc` FROM `carver_carouse` WHERE  `is_show` = 1 ORDER BY `carouse_sort` DESC LIMIT 3 [ RunTime:0.000297s ]
[2021-05-16T06:15:16+08:00][sql] SHOW FULL COLUMNS FROM `carver_site` [ RunTime:0.000535s ]
[2021-05-16T06:15:16+08:00][sql] SELECT * FROM `carver_site` [ RunTime:0.000235s ]
[2021-05-16T07:53:03+08:00][sql] CONNECT:[ UseTime:0.000556s ] mysql:host=127.0.0.1;port=3306;dbname=carver;charset=utf8
[2021-05-16T07:53:03+08:00][sql] SHOW FULL COLUMNS FROM `carver_user` [ RunTime:0.000831s ]
[2021-05-16T07:53:03+08:00][sql] SHOW FULL COLUMNS FROM `carver_article` [ RunTime:0.000724s ]
[2021-05-16T07:53:03+08:00][sql] SELECT COUNT(*) AS think_count FROM `carver_article` WHERE  `delete_time` = 0  AND `is_show` = 1 [ RunTime:0.000371s ]
[2021-05-16T07:53:03+08:00][sql] SELECT `article_id`,`article_title`,`article_desc`,`article_content`,`article_img`,`article_guide`,`article_label`,`click_num`,`is_show`,`add_time`,`article_author`,`is_top_show` FROM `carver_article` WHERE  `delete_time` = 0  AND `is_show` = 1 ORDER BY `article_id` DESC LIMIT 0,6 [ RunTime:0.000633s ]
[2021-05-16T07:53:03+08:00][sql] SELECT article_id,article_title,click_num,FROM_UNIXTIME(add_time,'%Y-%m-%d') as add_time FROM `carver_article` WHERE  `is_show` = 1  AND `delete_time` = 0 ORDER BY `click_num` DESC LIMIT 3 [ RunTime:0.000482s ]
[2021-05-16T07:53:03+08:00][sql] SHOW FULL COLUMNS FROM `carver_notice` [ RunTime:0.000545s ]
[2021-05-16T07:53:03+08:00][sql] SELECT * FROM `carver_notice` ORDER BY `create_time` DESC LIMIT 3 [ RunTime:0.000282s ]
[2021-05-16T07:53:03+08:00][sql] SHOW FULL COLUMNS FROM `carver_navigation` [ RunTime:0.000533s ]
[2021-05-16T07:53:03+08:00][sql] SELECT * FROM `carver_navigation` [ RunTime:0.000234s ]
[2021-05-16T07:53:03+08:00][sql] SHOW FULL COLUMNS FROM `carver_link` [ RunTime:0.000468s ]
[2021-05-16T07:53:03+08:00][sql] SELECT * FROM `carver_link` WHERE  ( is_confirm=2 ) LIMIT 20 [ RunTime:0.000301s ]
[2021-05-16T07:53:03+08:00][sql] SELECT `article_label` FROM `carver_article` [ RunTime:0.000262s ]
[2021-05-16T07:53:03+08:00][sql] SHOW FULL COLUMNS FROM `carver_carouse` [ RunTime:0.000488s ]
[2021-05-16T07:53:03+08:00][sql] SELECT `carouse_img`,`carouse_desc` FROM `carver_carouse` WHERE  `is_show` = 1 ORDER BY `carouse_sort` DESC LIMIT 3 [ RunTime:0.000296s ]
[2021-05-16T07:53:03+08:00][sql] SHOW FULL COLUMNS FROM `carver_site` [ RunTime:0.000493s ]
[2021-05-16T07:53:03+08:00][sql] SELECT * FROM `carver_site` [ RunTime:0.000227s ]
[2021-05-16T09:51:45+08:00][sql] CONNECT:[ UseTime:0.000538s ] mysql:host=127.0.0.1;port=3306;dbname=carver;charset=utf8
[2021-05-16T09:51:45+08:00][sql] SHOW FULL COLUMNS FROM `carver_article` [ RunTime:0.000934s ]
[2021-05-16T09:51:45+08:00][sql] SELECT `article_id`,`article_title`,`article_desc`,`article_content`,`article_img`,`article_guide`,`article_label`,`click_num`,`is_show`,`add_time`,`article_author` FROM `carver_article` WHERE  `article_id` = 17/ LIMIT 1 [ RunTime:0.000628s ]
[2021-05-16T09:51:45+08:00][sql] SELECT `article_id`,`article_title`,`article_desc`,`article_content`,`article_img`,`article_guide`,`article_label`,`click_num`,`is_show`,`add_time`,`article_author` FROM `carver_article` WHERE  `article_id` > 17/ LIMIT 1 [ RunTime:0.000620s ]
[2021-05-16T09:51:45+08:00][sql] SELECT `article_id`,`article_title`,`article_desc`,`article_content`,`article_img`,`article_guide`,`article_label`,`click_num`,`is_show`,`add_time`,`article_author` FROM `carver_article` WHERE  `article_id` < 17/ ORDER BY `article_id` DESC LIMIT 1 [ RunTime:0.000369s ]
[2021-05-16T09:51:45+08:00][sql] SHOW FULL COLUMNS FROM `carver_link` [ RunTime:0.000541s ]
[2021-05-16T09:51:45+08:00][sql] SELECT * FROM `carver_link` WHERE  ( is_confirm=2 ) LIMIT 20 [ RunTime:0.000319s ]
[2021-05-16T09:51:45+08:00][sql] SELECT article_id,article_title,click_num,FROM_UNIXTIME(add_time,'%Y-%m-%d') as add_time FROM `carver_article` ORDER BY `click_num` DESC LIMIT 3 [ RunTime:0.000402s ]
[2021-05-16T09:51:45+08:00][sql] SHOW FULL COLUMNS FROM `carver_comment` [ RunTime:0.000663s ]
[2021-05-16T09:51:45+08:00][sql] SELECT `a`.*,`b`.`user_name` FROM `carver_comment` `a` INNER JOIN `carver_user` `b` ON `a`.`user_id`=`b`.`user_id` WHERE  `article_id` = 17/ ORDER BY `create_time` DESC [ RunTime:0.000504s ]
[2021-05-16T09:51:45+08:00][sql] SHOW FULL COLUMNS FROM `carver_comment_to_others` [ RunTime:0.000851s ]
[2021-05-16T09:51:45+08:00][sql] SELECT * FROM `carver_comment_to_others` [ RunTime:0.000462s ]
[2021-05-16T09:51:45+08:00][sql] SHOW FULL COLUMNS FROM `carver_user` [ RunTime:0.000951s ]
[2021-05-16T09:51:45+08:00][sql] SELECT `user_name` FROM `carver_user` WHERE  `user_id` = 4 LIMIT 1 [ RunTime:0.000515s ]
[2021-05-16T09:51:45+08:00][sql] SELECT `user_name` FROM `carver_user` WHERE  `user_id` = 4 LIMIT 1 [ RunTime:0.000402s ]
[2021-05-16T09:51:45+08:00][sql] SELECT `user_name` FROM `carver_user` WHERE  `user_id` = 5 LIMIT 1 [ RunTime:0.000259s ]
[2021-05-16T09:51:45+08:00][sql] SELECT `user_name` FROM `carver_user` WHERE  `user_id` = 5 LIMIT 1 [ RunTime:0.000245s ]
[2021-05-16T09:51:45+08:00][sql] SELECT `user_name` FROM `carver_user` WHERE  `user_id` = 37 LIMIT 1 [ RunTime:0.000280s ]
[2021-05-16T09:51:45+08:00][sql] SELECT `user_name`,`user_id` FROM `carver_user` [ RunTime:0.000242s ]
[2021-05-16T09:51:45+08:00][sql] SHOW FULL COLUMNS FROM `carver_navigation` [ RunTime:0.000531s ]
[2021-05-16T09:51:45+08:00][sql] SELECT * FROM `carver_navigation` [ RunTime:0.000266s ]
[2021-05-16T09:51:45+08:00][sql] SELECT `article_label` FROM `carver_article` [ RunTime:0.000318s ]
[2021-05-16T09:51:49+08:00][sql] CONNECT:[ UseTime:0.000536s ] mysql:host=127.0.0.1;port=3306;dbname=carver;charset=utf8
[2021-05-16T09:51:49+08:00][sql] SHOW FULL COLUMNS FROM `carver_article` [ RunTime:0.000966s ]
[2021-05-16T09:51:49+08:00][sql] SELECT `article_id`,`article_title`,`article_desc`,`article_content`,`article_img`,`article_guide`,`article_label`,`click_num`,`is_show`,`add_time`,`article_author` FROM `carver_article` WHERE  `article_id` = 18/ LIMIT 1 [ RunTime:0.000532s ]
[2021-05-16T09:51:49+08:00][sql] SELECT `article_id`,`article_title`,`article_desc`,`article_content`,`article_img`,`article_guide`,`article_label`,`click_num`,`is_show`,`add_time`,`article_author` FROM `carver_article` WHERE  `article_id` > 18/ LIMIT 1 [ RunTime:0.002120s ]
[2021-05-16T09:51:49+08:00][sql] SELECT `article_id`,`article_title`,`article_desc`,`article_content`,`article_img`,`article_guide`,`article_label`,`click_num`,`is_show`,`add_time`,`article_author` FROM `carver_article` WHERE  `article_id` < 18/ ORDER BY `article_id` DESC LIMIT 1 [ RunTime:0.000542s ]
[2021-05-16T09:51:49+08:00][sql] SHOW FULL COLUMNS FROM `carver_link` [ RunTime:0.000723s ]
[2021-05-16T09:51:49+08:00][sql] SELECT * FROM `carver_link` WHERE  ( is_confirm=2 ) LIMIT 20 [ RunTime:0.000403s ]
[2021-05-16T09:51:49+08:00][sql] SELECT article_id,article_title,click_num,FROM_UNIXTIME(add_time,'%Y-%m-%d') as add_time FROM `carver_article` ORDER BY `click_num` DESC LIMIT 3 [ RunTime:0.000827s ]
[2021-05-16T09:51:49+08:00][sql] SHOW FULL COLUMNS FROM `carver_comment` [ RunTime:0.000644s ]
[2021-05-16T09:51:49+08:00][sql] SELECT `a`.*,`b`.`user_name` FROM `carver_comment` `a` INNER JOIN `carver_user` `b` ON `a`.`user_id`=`b`.`user_id` WHERE  `article_id` = 18/ ORDER BY `create_time` DESC [ RunTime:0.000403s ]
[2021-05-16T09:51:49+08:00][sql] SHOW FULL COLUMNS FROM `carver_comment_to_others` [ RunTime:0.000535s ]
[2021-05-16T09:51:49+08:00][sql] SELECT * FROM `carver_comment_to_others` [ RunTime:0.000261s ]
[2021-05-16T09:51:49+08:00][sql] SHOW FULL COLUMNS FROM `carver_user` [ RunTime:0.000478s ]
[2021-05-16T09:51:49+08:00][sql] SELECT `user_name` FROM `carver_user` WHERE  `user_id` = 4 LIMIT 1 [ RunTime:0.000267s ]
[2021-05-16T09:51:49+08:00][sql] SELECT `user_name` FROM `carver_user` WHERE  `user_id` = 4 LIMIT 1 [ RunTime:0.000244s ]
[2021-05-16T09:51:49+08:00][sql] SELECT `user_name` FROM `carver_user` WHERE  `user_id` = 5 LIMIT 1 [ RunTime:0.000285s ]
[2021-05-16T09:51:49+08:00][sql] SELECT `user_name` FROM `carver_user` WHERE  `user_id` = 5 LIMIT 1 [ RunTime:0.000245s ]
[2021-05-16T09:51:49+08:00][sql] SELECT `user_name` FROM `carver_user` WHERE  `user_id` = 37 LIMIT 1 [ RunTime:0.000235s ]
[2021-05-16T09:51:49+08:00][sql] SHOW FULL COLUMNS FROM `carver_navigation` [ RunTime:0.000656s ]
[2021-05-16T09:51:49+08:00][sql] SELECT * FROM `carver_navigation` [ RunTime:0.000262s ]
[2021-05-16T09:51:49+08:00][sql] SELECT `article_label` FROM `carver_article` [ RunTime:0.000278s ]
[2021-05-16T09:51:55+08:00][sql] CONNECT:[ UseTime:0.016930s ] mysql:host=127.0.0.1;port=3306;dbname=carver;charset=utf8
[2021-05-16T09:51:55+08:00][sql] SHOW FULL COLUMNS FROM `carver_article` [ RunTime:0.002841s ]
[2021-05-16T09:51:55+08:00][sql] SELECT `article_id`,`article_title`,`article_desc`,`article_content`,`article_img`,`article_guide`,`article_label`,`click_num`,`is_show`,`add_time`,`article_author` FROM `carver_article` WHERE  `article_id` = 24/ LIMIT 1 [ RunTime:0.001525s ]
[2021-05-16T09:51:55+08:00][sql] SELECT `article_id`,`article_title`,`article_desc`,`article_content`,`article_img`,`article_guide`,`article_label`,`click_num`,`is_show`,`add_time`,`article_author` FROM `carver_article` WHERE  `article_id` > 24/ LIMIT 1 [ RunTime:0.001274s ]
[2021-05-16T09:51:55+08:00][sql] SELECT `article_id`,`article_title`,`article_desc`,`article_content`,`article_img`,`article_guide`,`article_label`,`click_num`,`is_show`,`add_time`,`article_author` FROM `carver_article` WHERE  `article_id` < 24/ ORDER BY `article_id` DESC LIMIT 1 [ RunTime:0.000396s ]
[2021-05-16T09:51:55+08:00][sql] SHOW FULL COLUMNS FROM `carver_link` [ RunTime:0.001295s ]
[2021-05-16T09:51:55+08:00][sql] SELECT * FROM `carver_link` WHERE  ( is_confirm=2 ) LIMIT 20 [ RunTime:0.000478s ]
[2021-05-16T09:51:55+08:00][sql] SELECT article_id,article_title,click_num,FROM_UNIXTIME(add_time,'%Y-%m-%d') as add_time FROM `carver_article` ORDER BY `click_num` DESC LIMIT 3 [ RunTime:0.002801s ]
[2021-05-16T09:51:55+08:00][sql] SHOW FULL COLUMNS FROM `carver_comment` [ RunTime:0.001240s ]
[2021-05-16T09:51:55+08:00][sql] SELECT `a`.*,`b`.`user_name` FROM `carver_comment` `a` INNER JOIN `carver_user` `b` ON `a`.`user_id`=`b`.`user_id` WHERE  `article_id` = 24/ ORDER BY `create_time` DESC [ RunTime:0.003602s ]
[2021-05-16T09:51:55+08:00][sql] SHOW FULL COLUMNS FROM `carver_comment_to_others` [ RunTime:0.000653s ]
[2021-05-16T09:51:55+08:00][sql] SELECT * FROM `carver_comment_to_others` [ RunTime:0.000265s ]
[2021-05-16T09:51:55+08:00][sql] SHOW FULL COLUMNS FROM `carver_user` [ RunTime:0.000485s ]
[2021-05-16T09:51:55+08:00][sql] SELECT `user_name` FROM `carver_user` WHERE  `user_id` = 4 LIMIT 1 [ RunTime:0.000807s ]
[2021-05-16T09:51:55+08:00][sql] SELECT `user_name` FROM `carver_user` WHERE  `user_id` = 4 LIMIT 1 [ RunTime:0.001760s ]
[2021-05-16T09:51:55+08:00][sql] SELECT `user_name` FROM `carver_user` WHERE  `user_id` = 5 LIMIT 1 [ RunTime:0.000274s ]
[2021-05-16T09:51:55+08:00][sql] SELECT `user_name` FROM `carver_user` WHERE  `user_id` = 5 LIMIT 1 [ RunTime:0.000244s ]
[2021-05-16T09:51:55+08:00][sql] SELECT `user_name` FROM `carver_user` WHERE  `user_id` = 37 LIMIT 1 [ RunTime:0.000244s ]
[2021-05-16T09:51:55+08:00][sql] SHOW FULL COLUMNS FROM `carver_navigation` [ RunTime:0.000737s ]
[2021-05-16T09:51:55+08:00][sql] SELECT * FROM `carver_navigation` [ RunTime:0.001453s ]
[2021-05-16T09:51:55+08:00][sql] SELECT `article_label` FROM `carver_article` [ RunTime:0.000529s ]
[2021-05-16T09:51:58+08:00][sql] CONNECT:[ UseTime:0.000559s ] mysql:host=127.0.0.1;port=3306;dbname=carver;charset=utf8
[2021-05-16T09:51:58+08:00][sql] SHOW FULL COLUMNS FROM `carver_article` [ RunTime:0.000903s ]
[2021-05-16T09:51:58+08:00][sql] SELECT COUNT(*) AS think_count FROM `carver_article` WHERE  `article_label` LIKE '%git/%'  AND `delete_time` = 0  AND `is_show` = 1 [ RunTime:0.000452s ]
[2021-05-16T09:51:58+08:00][sql] SELECT * FROM `carver_article` WHERE  `article_label` LIKE '%git/%'  AND `delete_time` = 0  AND `is_show` = 1 LIMIT 0,6 [ RunTime:0.000953s ]
[2021-05-16T09:51:58+08:00][sql] SELECT article_id,article_title,click_num,FROM_UNIXTIME(add_time,'%Y-%m-%d') as add_time FROM `carver_article` WHERE  `is_show` = 1  AND `delete_time` = 0 ORDER BY `click_num` DESC LIMIT 3 [ RunTime:0.000454s ]
[2021-05-16T09:51:58+08:00][sql] SHOW FULL COLUMNS FROM `carver_notice` [ RunTime:0.000710s ]
[2021-05-16T09:51:58+08:00][sql] SELECT * FROM `carver_notice` ORDER BY `create_time` DESC LIMIT 3 [ RunTime:0.000342s ]
[2021-05-16T09:51:58+08:00][sql] SHOW FULL COLUMNS FROM `carver_navigation` [ RunTime:0.000621s ]
[2021-05-16T09:51:58+08:00][sql] SELECT * FROM `carver_navigation` [ RunTime:0.000289s ]
[2021-05-16T09:51:58+08:00][sql] SHOW FULL COLUMNS FROM `carver_link` [ RunTime:0.000627s ]
[2021-05-16T09:51:58+08:00][sql] SELECT * FROM `carver_link` WHERE  ( is_confirm=2 ) LIMIT 20 [ RunTime:0.000336s ]
[2021-05-16T09:51:58+08:00][sql] SELECT `article_label` FROM `carver_article` [ RunTime:0.000280s ]
[2021-05-16T09:51:58+08:00][sql] SHOW FULL COLUMNS FROM `carver_carouse` [ RunTime:0.000602s ]
[2021-05-16T09:51:58+08:00][sql] SELECT `carouse_img`,`carouse_desc` FROM `carver_carouse` WHERE  `is_show` = 1 ORDER BY `carouse_sort` DESC LIMIT 3 [ RunTime:0.000417s ]
[2021-05-16T09:51:58+08:00][sql] SHOW FULL COLUMNS FROM `carver_site` [ RunTime:0.000634s ]
[2021-05-16T09:51:58+08:00][sql] SELECT * FROM `carver_site` [ RunTime:0.000318s ]
[2021-05-16T09:52:02+08:00][sql] CONNECT:[ UseTime:0.000567s ] mysql:host=127.0.0.1;port=3306;dbname=carver;charset=utf8
[2021-05-16T09:52:02+08:00][sql] SHOW FULL COLUMNS FROM `carver_article` [ RunTime:0.000960s ]
[2021-05-16T09:52:02+08:00][sql] SELECT COUNT(*) AS think_count FROM `carver_article` WHERE  `article_label` LIKE '%linux/%'  AND `delete_time` = 0  AND `is_show` = 1 [ RunTime:0.000441s ]
[2021-05-16T09:52:02+08:00][sql] SELECT * FROM `carver_article` WHERE  `article_label` LIKE '%linux/%'  AND `delete_time` = 0  AND `is_show` = 1 LIMIT 0,6 [ RunTime:0.000954s ]
[2021-05-16T09:52:02+08:00][sql] SELECT article_id,article_title,click_num,FROM_UNIXTIME(add_time,'%Y-%m-%d') as add_time FROM `carver_article` WHERE  `is_show` = 1  AND `delete_time` = 0 ORDER BY `click_num` DESC LIMIT 3 [ RunTime:0.000438s ]
[2021-05-16T09:52:02+08:00][sql] SHOW FULL COLUMNS FROM `carver_notice` [ RunTime:0.000643s ]
[2021-05-16T09:52:02+08:00][sql] SELECT * FROM `carver_notice` ORDER BY `create_time` DESC LIMIT 3 [ RunTime:0.000317s ]
[2021-05-16T09:52:02+08:00][sql] SHOW FULL COLUMNS FROM `carver_navigation` [ RunTime:0.000583s ]
[2021-05-16T09:52:02+08:00][sql] SELECT * FROM `carver_navigation` [ RunTime:0.000305s ]
[2021-05-16T09:52:02+08:00][sql] SHOW FULL COLUMNS FROM `carver_link` [ RunTime:0.000579s ]
[2021-05-16T09:52:02+08:00][sql] SELECT * FROM `carver_link` WHERE  ( is_confirm=2 ) LIMIT 20 [ RunTime:0.000508s ]
[2021-05-16T09:52:02+08:00][sql] SELECT `article_label` FROM `carver_article` [ RunTime:0.000331s ]
[2021-05-16T09:52:02+08:00][sql] SHOW FULL COLUMNS FROM `carver_carouse` [ RunTime:0.000580s ]
[2021-05-16T09:52:02+08:00][sql] SELECT `carouse_img`,`carouse_desc` FROM `carver_carouse` WHERE  `is_show` = 1 ORDER BY `carouse_sort` DESC LIMIT 3 [ RunTime:0.000342s ]
[2021-05-16T09:52:02+08:00][sql] SHOW FULL COLUMNS FROM `carver_site` [ RunTime:0.000551s ]
[2021-05-16T09:52:02+08:00][sql] SELECT * FROM `carver_site` [ RunTime:0.000298s ]
[2021-05-16T09:52:05+08:00][sql] CONNECT:[ UseTime:0.000493s ] mysql:host=127.0.0.1;port=3306;dbname=carver;charset=utf8
[2021-05-16T09:52:05+08:00][sql] SHOW FULL COLUMNS FROM `carver_article` [ RunTime:0.000919s ]
[2021-05-16T09:52:05+08:00][sql] SELECT COUNT(*) AS think_count FROM `carver_article` WHERE  `article_label` LIKE '%mysql/%'  AND `delete_time` = 0  AND `is_show` = 1 [ RunTime:0.000415s ]
[2021-05-16T09:52:05+08:00][sql] SELECT * FROM `carver_article` WHERE  `article_label` LIKE '%mysql/%'  AND `delete_time` = 0  AND `is_show` = 1 LIMIT 0,6 [ RunTime:0.000957s ]
[2021-05-16T09:52:05+08:00][sql] SELECT article_id,article_title,click_num,FROM_UNIXTIME(add_time,'%Y-%m-%d') as add_time FROM `carver_article` WHERE  `is_show` = 1  AND `delete_time` = 0 ORDER BY `click_num` DESC LIMIT 3 [ RunTime:0.000452s ]
[2021-05-16T09:52:05+08:00][sql] SHOW FULL COLUMNS FROM `carver_notice` [ RunTime:0.000694s ]
[2021-05-16T09:52:05+08:00][sql] SELECT * FROM `carver_notice` ORDER BY `create_time` DESC LIMIT 3 [ RunTime:0.000325s ]
[2021-05-16T09:52:05+08:00][sql] SHOW FULL COLUMNS FROM `carver_navigation` [ RunTime:0.000577s ]
[2021-05-16T09:52:05+08:00][sql] SELECT * FROM `carver_navigation` [ RunTime:0.000303s ]
[2021-05-16T09:52:05+08:00][sql] SHOW FULL COLUMNS FROM `carver_link` [ RunTime:0.000675s ]
[2021-05-16T09:52:05+08:00][sql] SELECT * FROM `carver_link` WHERE  ( is_confirm=2 ) LIMIT 20 [ RunTime:0.000357s ]
[2021-05-16T09:52:05+08:00][sql] SELECT `article_label` FROM `carver_article` [ RunTime:0.000306s ]
[2021-05-16T09:52:05+08:00][sql] SHOW FULL COLUMNS FROM `carver_carouse` [ RunTime:0.000591s ]
[2021-05-16T09:52:05+08:00][sql] SELECT `carouse_img`,`carouse_desc` FROM `carver_carouse` WHERE  `is_show` = 1 ORDER BY `carouse_sort` DESC LIMIT 3 [ RunTime:0.000343s ]
[2021-05-16T09:52:05+08:00][sql] SHOW FULL COLUMNS FROM `carver_site` [ RunTime:0.000527s ]
[2021-05-16T09:52:05+08:00][sql] SELECT * FROM `carver_site` [ RunTime:0.000308s ]
[2021-05-16T09:52:07+08:00][sql] CONNECT:[ UseTime:0.000611s ] mysql:host=127.0.0.1;port=3306;dbname=carver;charset=utf8
[2021-05-16T09:52:07+08:00][sql] SHOW FULL COLUMNS FROM `carver_article` [ RunTime:0.000947s ]
[2021-05-16T09:52:07+08:00][sql] SELECT COUNT(*) AS think_count FROM `carver_article` WHERE  `article_label` LIKE '%nginx/%'  AND `delete_time` = 0  AND `is_show` = 1 [ RunTime:0.000430s ]
[2021-05-16T09:52:07+08:00][sql] SELECT * FROM `carver_article` WHERE  `article_label` LIKE '%nginx/%'  AND `delete_time` = 0  AND `is_show` = 1 LIMIT 0,6 [ RunTime:0.000966s ]
[2021-05-16T09:52:07+08:00][sql] SELECT article_id,article_title,click_num,FROM_UNIXTIME(add_time,'%Y-%m-%d') as add_time FROM `carver_article` WHERE  `is_show` = 1  AND `delete_time` = 0 ORDER BY `click_num` DESC LIMIT 3 [ RunTime:0.000551s ]
[2021-05-16T09:52:07+08:00][sql] SHOW FULL COLUMNS FROM `carver_notice` [ RunTime:0.000665s ]
[2021-05-16T09:52:07+08:00][sql] SELECT * FROM `carver_notice` ORDER BY `create_time` DESC LIMIT 3 [ RunTime:0.000350s ]
[2021-05-16T09:52:07+08:00][sql] SHOW FULL COLUMNS FROM `carver_navigation` [ RunTime:0.000603s ]
[2021-05-16T09:52:07+08:00][sql] SELECT * FROM `carver_navigation` [ RunTime:0.000293s ]
[2021-05-16T09:52:07+08:00][sql] SHOW FULL COLUMNS FROM `carver_link` [ RunTime:0.000652s ]
[2021-05-16T09:52:07+08:00][sql] SELECT * FROM `carver_link` WHERE  ( is_confirm=2 ) LIMIT 20 [ RunTime:0.000355s ]
[2021-05-16T09:52:07+08:00][sql] SELECT `article_label` FROM `carver_article` [ RunTime:0.000689s ]
[2021-05-16T09:52:07+08:00][sql] SHOW FULL COLUMNS FROM `carver_carouse` [ RunTime:0.000559s ]
[2021-05-16T09:52:07+08:00][sql] SELECT `carouse_img`,`carouse_desc` FROM `carver_carouse` WHERE  `is_show` = 1 ORDER BY `carouse_sort` DESC LIMIT 3 [ RunTime:0.000350s ]
[2021-05-16T09:52:07+08:00][sql] SHOW FULL COLUMNS FROM `carver_site` [ RunTime:0.000549s ]
[2021-05-16T09:52:07+08:00][sql] SELECT * FROM `carver_site` [ RunTime:0.000359s ]
[2021-05-16T09:52:10+08:00][sql] CONNECT:[ UseTime:0.000624s ] mysql:host=127.0.0.1;port=3306;dbname=carver;charset=utf8
[2021-05-16T09:52:10+08:00][sql] SHOW FULL COLUMNS FROM `carver_article` [ RunTime:0.000914s ]
[2021-05-16T09:52:10+08:00][sql] SELECT COUNT(*) AS think_count FROM `carver_article` WHERE  `article_label` LIKE '%网络安全/%'  AND `delete_time` = 0  AND `is_show` = 1 [ RunTime:0.000408s ]
[2021-05-16T09:52:10+08:00][sql] SELECT * FROM `carver_article` WHERE  `article_label` LIKE '%网络安全/%'  AND `delete_time` = 0  AND `is_show` = 1 LIMIT 0,6 [ RunTime:0.000943s ]
[2021-05-16T09:52:10+08:00][sql] SELECT article_id,article_title,click_num,FROM_UNIXTIME(add_time,'%Y-%m-%d') as add_time FROM `carver_article` WHERE  `is_show` = 1  AND `delete_time` = 0 ORDER BY `click_num` DESC LIMIT 3 [ RunTime:0.000621s ]
[2021-05-16T09:52:10+08:00][sql] SHOW FULL COLUMNS FROM `carver_notice` [ RunTime:0.000855s ]
[2021-05-16T09:52:10+08:00][sql] SELECT * FROM `carver_notice` ORDER BY `create_time` DESC LIMIT 3 [ RunTime:0.000418s ]
[2021-05-16T09:52:10+08:00][sql] SHOW FULL COLUMNS FROM `carver_navigation` [ RunTime:0.000834s ]
[2021-05-16T09:52:10+08:00][sql] SELECT * FROM `carver_navigation` [ RunTime:0.000414s ]
[2021-05-16T09:52:10+08:00][sql] SHOW FULL COLUMNS FROM `carver_link` [ RunTime:0.000762s ]
[2021-05-16T09:52:10+08:00][sql] SELECT * FROM `carver_link` WHERE  ( is_confirm=2 ) LIMIT 20 [ RunTime:0.000468s ]
[2021-05-16T09:52:10+08:00][sql] SELECT `article_label` FROM `carver_article` [ RunTime:0.000355s ]
[2021-05-16T09:52:10+08:00][sql] SHOW FULL COLUMNS FROM `carver_carouse` [ RunTime:0.000734s ]
[2021-05-16T09:52:10+08:00][sql] SELECT `carouse_img`,`carouse_desc` FROM `carver_carouse` WHERE  `is_show` = 1 ORDER BY `carouse_sort` DESC LIMIT 3 [ RunTime:0.000428s ]
[2021-05-16T09:52:10+08:00][sql] SHOW FULL COLUMNS FROM `carver_site` [ RunTime:0.000780s ]
[2021-05-16T09:52:10+08:00][sql] SELECT * FROM `carver_site` [ RunTime:0.000414s ]
[2021-05-16T09:52:14+08:00][sql] CONNECT:[ UseTime:0.000601s ] mysql:host=127.0.0.1;port=3306;dbname=carver;charset=utf8
[2021-05-16T09:52:14+08:00][sql] SHOW FULL COLUMNS FROM `carver_article` [ RunTime:0.000886s ]
[2021-05-16T09:52:14+08:00][sql] SELECT COUNT(*) AS think_count FROM `carver_article` WHERE  `article_label` LIKE '%设计模式/%'  AND `delete_time` = 0  AND `is_show` = 1 [ RunTime:0.000481s ]
[2021-05-16T09:52:14+08:00][sql] SELECT * FROM `carver_article` WHERE  `article_label` LIKE '%设计模式/%'  AND `delete_time` = 0  AND `is_show` = 1 LIMIT 0,6 [ RunTime:0.000973s ]
[2021-05-16T09:52:14+08:00][sql] SELECT article_id,article_title,click_num,FROM_UNIXTIME(add_time,'%Y-%m-%d') as add_time FROM `carver_article` WHERE  `is_show` = 1  AND `delete_time` = 0 ORDER BY `click_num` DESC LIMIT 3 [ RunTime:0.000610s ]
[2021-05-16T09:52:14+08:00][sql] SHOW FULL COLUMNS FROM `carver_notice` [ RunTime:0.000686s ]
[2021-05-16T09:52:14+08:00][sql] SELECT * FROM `carver_notice` ORDER BY `create_time` DESC LIMIT 3 [ RunTime:0.000324s ]
[2021-05-16T09:52:14+08:00][sql] SHOW FULL COLUMNS FROM `carver_navigation` [ RunTime:0.000625s ]
[2021-05-16T09:52:14+08:00][sql] SELECT * FROM `carver_navigation` [ RunTime:0.000298s ]
[2021-05-16T09:52:14+08:00][sql] SHOW FULL COLUMNS FROM `carver_link` [ RunTime:0.000575s ]
[2021-05-16T09:52:14+08:00][sql] SELECT * FROM `carver_link` WHERE  ( is_confirm=2 ) LIMIT 20 [ RunTime:0.000376s ]
[2021-05-16T09:52:14+08:00][sql] SELECT `article_label` FROM `carver_article` [ RunTime:0.000280s ]
[2021-05-16T09:52:14+08:00][sql] SHOW FULL COLUMNS FROM `carver_carouse` [ RunTime:0.000548s ]
[2021-05-16T09:52:14+08:00][sql] SELECT `carouse_img`,`carouse_desc` FROM `carver_carouse` WHERE  `is_show` = 1 ORDER BY `carouse_sort` DESC LIMIT 3 [ RunTime:0.000317s ]
[2021-05-16T09:52:14+08:00][sql] SHOW FULL COLUMNS FROM `carver_site` [ RunTime:0.000549s ]
[2021-05-16T09:52:14+08:00][sql] SELECT * FROM `carver_site` [ RunTime:0.000270s ]
[2021-05-16T09:52:16+08:00][sql] CONNECT:[ UseTime:0.000516s ] mysql:host=127.0.0.1;port=3306;dbname=carver;charset=utf8
[2021-05-16T09:52:16+08:00][sql] SHOW FULL COLUMNS FROM `carver_article` [ RunTime:0.000969s ]
[2021-05-16T09:52:16+08:00][sql] SELECT COUNT(*) AS think_count FROM `carver_article` WHERE  `article_guide` = 8/  AND `delete_time` = 0  AND `is_show` = 1 [ RunTime:0.000403s ]
[2021-05-16T09:52:16+08:00][sql] SELECT * FROM `carver_article` WHERE  `article_guide` = 8/  AND `delete_time` = 0  AND `is_show` = 1 ORDER BY `add_time` DESC LIMIT 0,6 [ RunTime:0.000682s ]
[2021-05-16T09:52:16+08:00][sql] SELECT article_id,article_title,click_num,FROM_UNIXTIME(add_time,'%Y-%m-%d') as add_time FROM `carver_article` WHERE  `is_show` = 1  AND `delete_time` = 0 ORDER BY `click_num` DESC LIMIT 3 [ RunTime:0.000474s ]
[2021-05-16T09:52:16+08:00][sql] SHOW FULL COLUMNS FROM `carver_notice` [ RunTime:0.000668s ]
[2021-05-16T09:52:16+08:00][sql] SELECT * FROM `carver_notice` ORDER BY `create_time` DESC LIMIT 3 [ RunTime:0.000350s ]
[2021-05-16T09:52:16+08:00][sql] SHOW FULL COLUMNS FROM `carver_navigation` [ RunTime:0.000516s ]
[2021-05-16T09:52:16+08:00][sql] SELECT * FROM `carver_navigation` [ RunTime:0.000287s ]
[2021-05-16T09:52:16+08:00][sql] SELECT `article_label` FROM `carver_article` [ RunTime:0.000273s ]
[2021-05-16T09:52:16+08:00][sql] SHOW FULL COLUMNS FROM `carver_carouse` [ RunTime:0.000482s ]
[2021-05-16T09:52:16+08:00][sql] SELECT `carouse_img`,`carouse_desc` FROM `carver_carouse` WHERE  `is_show` = 1 ORDER BY `carouse_sort` DESC LIMIT 3 [ RunTime:0.000309s ]
[2021-05-16T09:52:16+08:00][sql] SHOW FULL COLUMNS FROM `carver_link` [ RunTime:0.000482s ]
[2021-05-16T09:52:16+08:00][sql] SELECT * FROM `carver_link` WHERE  ( is_confirm=2 ) LIMIT 20 [ RunTime:0.000340s ]
[2021-05-16T09:52:16+08:00][sql] SHOW FULL COLUMNS FROM `carver_site` [ RunTime:0.000522s ]
[2021-05-16T09:52:16+08:00][sql] SELECT * FROM `carver_site` [ RunTime:0.000230s ]
[2021-05-16T12:17:22+08:00][sql] CONNECT:[ UseTime:0.000549s ] mysql:host=127.0.0.1;port=3306;dbname=carver;charset=utf8
[2021-05-16T12:17:22+08:00][sql] SHOW FULL COLUMNS FROM `carver_user` [ RunTime:0.000794s ]
[2021-05-16T12:17:22+08:00][sql] SHOW FULL COLUMNS FROM `carver_article` [ RunTime:0.000693s ]
[2021-05-16T12:17:22+08:00][sql] SELECT COUNT(*) AS think_count FROM `carver_article` WHERE  `delete_time` = 0  AND `is_show` = 1 [ RunTime:0.000383s ]
[2021-05-16T12:17:22+08:00][sql] SELECT `article_id`,`article_title`,`article_desc`,`article_content`,`article_img`,`article_guide`,`article_label`,`click_num`,`is_show`,`add_time`,`article_author`,`is_top_show` FROM `carver_article` WHERE  `delete_time` = 0  AND `is_show` = 1 ORDER BY `article_id` DESC LIMIT 12,6 [ RunTime:0.001275s ]
[2021-05-16T12:17:22+08:00][sql] SELECT article_id,article_title,click_num,FROM_UNIXTIME(add_time,'%Y-%m-%d') as add_time FROM `carver_article` WHERE  `is_show` = 1  AND `delete_time` = 0 ORDER BY `click_num` DESC LIMIT 3 [ RunTime:0.000414s ]
[2021-05-16T12:17:22+08:00][sql] SHOW FULL COLUMNS FROM `carver_notice` [ RunTime:0.000517s ]
[2021-05-16T12:17:22+08:00][sql] SELECT * FROM `carver_notice` ORDER BY `create_time` DESC LIMIT 3 [ RunTime:0.000295s ]
[2021-05-16T12:17:22+08:00][sql] SHOW FULL COLUMNS FROM `carver_navigation` [ RunTime:0.000488s ]
[2021-05-16T12:17:22+08:00][sql] SELECT * FROM `carver_navigation` [ RunTime:0.000245s ]
[2021-05-16T12:17:22+08:00][sql] SHOW FULL COLUMNS FROM `carver_link` [ RunTime:0.000490s ]
[2021-05-16T12:17:22+08:00][sql] SELECT * FROM `carver_link` WHERE  ( is_confirm=2 ) LIMIT 20 [ RunTime:0.000288s ]
[2021-05-16T12:17:22+08:00][sql] SELECT `article_label` FROM `carver_article` [ RunTime:0.000278s ]
[2021-05-16T12:17:22+08:00][sql] SHOW FULL COLUMNS FROM `carver_carouse` [ RunTime:0.000508s ]
[2021-05-16T12:17:22+08:00][sql] SELECT `carouse_img`,`carouse_desc` FROM `carver_carouse` WHERE  `is_show` = 1 ORDER BY `carouse_sort` DESC LIMIT 3 [ RunTime:0.000336s ]
[2021-05-16T12:17:22+08:00][sql] SHOW FULL COLUMNS FROM `carver_site` [ RunTime:0.000467s ]
[2021-05-16T12:17:22+08:00][sql] SELECT * FROM `carver_site` [ RunTime:0.000235s ]
[2021-05-16T15:32:25+08:00][sql] CONNECT:[ UseTime:0.000646s ] mysql:host=127.0.0.1;port=3306;dbname=carver;charset=utf8
[2021-05-16T15:32:25+08:00][sql] SHOW FULL COLUMNS FROM `carver_article` [ RunTime:0.001033s ]
[2021-05-16T15:32:25+08:00][sql] SELECT `article_id`,`article_title`,`article_desc`,`article_content`,`article_img`,`article_guide`,`article_label`,`click_num`,`is_show`,`add_time`,`article_author` FROM `carver_article` WHERE  `article_id` = 16 LIMIT 1 [ RunTime:0.000551s ]
[2021-05-16T15:32:25+08:00][sql] SELECT `article_id`,`article_title`,`article_desc`,`article_content`,`article_img`,`article_guide`,`article_label`,`click_num`,`is_show`,`add_time`,`article_author` FROM `carver_article` WHERE  `article_id` > 16 LIMIT 1 [ RunTime:0.000537s ]
[2021-05-16T15:32:25+08:00][sql] SELECT `article_id`,`article_title`,`article_desc`,`article_content`,`article_img`,`article_guide`,`article_label`,`click_num`,`is_show`,`add_time`,`article_author` FROM `carver_article` WHERE  `article_id` < 16 ORDER BY `article_id` DESC LIMIT 1 [ RunTime:0.001295s ]
[2021-05-16T15:32:25+08:00][sql] SHOW FULL COLUMNS FROM `carver_link` [ RunTime:0.000808s ]
[2021-05-16T15:32:25+08:00][sql] SELECT * FROM `carver_link` WHERE  ( is_confirm=2 ) LIMIT 20 [ RunTime:0.000393s ]
[2021-05-16T15:32:25+08:00][sql] SELECT article_id,article_title,click_num,FROM_UNIXTIME(add_time,'%Y-%m-%d') as add_time FROM `carver_article` ORDER BY `click_num` DESC LIMIT 3 [ RunTime:0.000481s ]
[2021-05-16T15:32:25+08:00][sql] SHOW FULL COLUMNS FROM `carver_comment` [ RunTime:0.000805s ]
[2021-05-16T15:32:25+08:00][sql] SELECT `a`.*,`b`.`user_name` FROM `carver_comment` `a` INNER JOIN `carver_user` `b` ON `a`.`user_id`=`b`.`user_id` WHERE  `article_id` = 16 ORDER BY `create_time` DESC [ RunTime:0.000488s ]
[2021-05-16T15:32:25+08:00][sql] SHOW FULL COLUMNS FROM `carver_comment_to_others` [ RunTime:0.000733s ]
[2021-05-16T15:32:25+08:00][sql] SELECT * FROM `carver_comment_to_others` [ RunTime:0.000353s ]
[2021-05-16T15:32:25+08:00][sql] SHOW FULL COLUMNS FROM `carver_user` [ RunTime:0.000601s ]
[2021-05-16T15:32:25+08:00][sql] SELECT `user_name` FROM `carver_user` WHERE  `user_id` = 4 LIMIT 1 [ RunTime:0.000295s ]
[2021-05-16T15:32:25+08:00][sql] SELECT `user_name` FROM `carver_user` WHERE  `user_id` = 4 LIMIT 1 [ RunTime:0.000272s ]
[2021-05-16T15:32:25+08:00][sql] SELECT `user_name` FROM `carver_user` WHERE  `user_id` = 5 LIMIT 1 [ RunTime:0.000264s ]
[2021-05-16T15:32:25+08:00][sql] SELECT `user_name` FROM `carver_user` WHERE  `user_id` = 5 LIMIT 1 [ RunTime:0.000295s ]
[2021-05-16T15:32:25+08:00][sql] SELECT `user_name` FROM `carver_user` WHERE  `user_id` = 37 LIMIT 1 [ RunTime:0.000256s ]
[2021-05-16T15:32:25+08:00][sql] SELECT `user_name`,`user_id` FROM `carver_user` [ RunTime:0.000277s ]
[2021-05-16T15:32:25+08:00][sql] SHOW FULL COLUMNS FROM `carver_navigation` [ RunTime:0.000639s ]
[2021-05-16T15:32:25+08:00][sql] SELECT * FROM `carver_navigation` [ RunTime:0.000298s ]
[2021-05-16T15:32:25+08:00][sql] SELECT `article_label` FROM `carver_article` [ RunTime:0.000313s ]
[2021-05-16T16:02:58+08:00][sql] CONNECT:[ UseTime:0.000491s ] mysql:host=127.0.0.1;port=3306;dbname=carver;charset=utf8
[2021-05-16T16:02:58+08:00][sql] SHOW FULL COLUMNS FROM `carver_user` [ RunTime:0.000873s ]
[2021-05-16T16:02:58+08:00][sql] SHOW FULL COLUMNS FROM `carver_article` [ RunTime:0.000729s ]
[2021-05-16T16:02:58+08:00][sql] SELECT COUNT(*) AS think_count FROM `carver_article` WHERE  `delete_time` = 0  AND `is_show` = 1 [ RunTime:0.000406s ]
[2021-05-16T16:02:58+08:00][sql] SELECT `article_id`,`article_title`,`article_desc`,`article_content`,`article_img`,`article_guide`,`article_label`,`click_num`,`is_show`,`add_time`,`article_author`,`is_top_show` FROM `carver_article` WHERE  `delete_time` = 0  AND `is_show` = 1 ORDER BY `article_id` DESC LIMIT 0,6 [ RunTime:0.000744s ]
[2021-05-16T16:02:58+08:00][sql] SELECT article_id,article_title,click_num,FROM_UNIXTIME(add_time,'%Y-%m-%d') as add_time FROM `carver_article` WHERE  `is_show` = 1  AND `delete_time` = 0 ORDER BY `click_num` DESC LIMIT 3 [ RunTime:0.000425s ]
[2021-05-16T16:02:58+08:00][sql] SHOW FULL COLUMNS FROM `carver_notice` [ RunTime:0.000497s ]
[2021-05-16T16:02:58+08:00][sql] SELECT * FROM `carver_notice` ORDER BY `create_time` DESC LIMIT 3 [ RunTime:0.000273s ]
[2021-05-16T16:02:58+08:00][sql] SHOW FULL COLUMNS FROM `carver_navigation` [ RunTime:0.000498s ]
[2021-05-16T16:02:58+08:00][sql] SELECT * FROM `carver_navigation` [ RunTime:0.000236s ]
[2021-05-16T16:02:58+08:00][sql] SHOW FULL COLUMNS FROM `carver_link` [ RunTime:0.000500s ]
[2021-05-16T16:02:58+08:00][sql] SELECT * FROM `carver_link` WHERE  ( is_confirm=2 ) LIMIT 20 [ RunTime:0.000269s ]
[2021-05-16T16:02:58+08:00][sql] SELECT `article_label` FROM `carver_article` [ RunTime:0.000305s ]
[2021-05-16T16:02:58+08:00][sql] SHOW FULL COLUMNS FROM `carver_carouse` [ RunTime:0.000464s ]
[2021-05-16T16:02:58+08:00][sql] SELECT `carouse_img`,`carouse_desc` FROM `carver_carouse` WHERE  `is_show` = 1 ORDER BY `carouse_sort` DESC LIMIT 3 [ RunTime:0.000292s ]
[2021-05-16T16:02:58+08:00][sql] SHOW FULL COLUMNS FROM `carver_site` [ RunTime:0.000464s ]
[2021-05-16T16:02:58+08:00][sql] SELECT * FROM `carver_site` [ RunTime:0.000221s ]
[2021-05-16T16:19:11+08:00][sql] CONNECT:[ UseTime:0.000603s ] mysql:host=127.0.0.1;port=3306;dbname=carver;charset=utf8
[2021-05-16T16:19:11+08:00][sql] SHOW FULL COLUMNS FROM `carver_user` [ RunTime:0.001061s ]
[2021-05-16T16:19:11+08:00][sql] SHOW FULL COLUMNS FROM `carver_article` [ RunTime:0.000743s ]
[2021-05-16T16:19:11+08:00][sql] SELECT COUNT(*) AS think_count FROM `carver_article` WHERE  `delete_time` = 0  AND `is_show` = 1 [ RunTime:0.000393s ]
[2021-05-16T16:19:11+08:00][sql] SELECT `article_id`,`article_title`,`article_desc`,`article_content`,`article_img`,`article_guide`,`article_label`,`click_num`,`is_show`,`add_time`,`article_author`,`is_top_show` FROM `carver_article` WHERE  `delete_time` = 0  AND `is_show` = 1 ORDER BY `article_id` DESC LIMIT 0,6 [ RunTime:0.000742s ]
[2021-05-16T16:19:11+08:00][sql] SELECT article_id,article_title,click_num,FROM_UNIXTIME(add_time,'%Y-%m-%d') as add_time FROM `carver_article` WHERE  `is_show` = 1  AND `delete_time` = 0 ORDER BY `click_num` DESC LIMIT 3 [ RunTime:0.000544s ]
[2021-05-16T16:19:11+08:00][sql] SHOW FULL COLUMNS FROM `carver_notice` [ RunTime:0.000617s ]
[2021-05-16T16:19:11+08:00][sql] SELECT * FROM `carver_notice` ORDER BY `create_time` DESC LIMIT 3 [ RunTime:0.000365s ]
[2021-05-16T16:19:11+08:00][sql] SHOW FULL COLUMNS FROM `carver_navigation` [ RunTime:0.000619s ]
[2021-05-16T16:19:11+08:00][sql] SELECT * FROM `carver_navigation` [ RunTime:0.000261s ]
[2021-05-16T16:19:11+08:00][sql] SHOW FULL COLUMNS FROM `carver_link` [ RunTime:0.000549s ]
[2021-05-16T16:19:11+08:00][sql] SELECT * FROM `carver_link` WHERE  ( is_confirm=2 ) LIMIT 20 [ RunTime:0.000383s ]
[2021-05-16T16:19:11+08:00][sql] SELECT `article_label` FROM `carver_article` [ RunTime:0.000283s ]
[2021-05-16T16:19:11+08:00][sql] SHOW FULL COLUMNS FROM `carver_carouse` [ RunTime:0.000685s ]
[2021-05-16T16:19:11+08:00][sql] SELECT `carouse_img`,`carouse_desc` FROM `carver_carouse` WHERE  `is_show` = 1 ORDER BY `carouse_sort` DESC LIMIT 3 [ RunTime:0.000326s ]
[2021-05-16T16:19:11+08:00][sql] SHOW FULL COLUMNS FROM `carver_site` [ RunTime:0.000567s ]
[2021-05-16T16:19:11+08:00][sql] SELECT * FROM `carver_site` [ RunTime:0.000256s ]
[2021-05-16T16:21:29+08:00][sql] CONNECT:[ UseTime:0.000638s ] mysql:host=127.0.0.1;port=3306;dbname=carver;charset=utf8
[2021-05-16T16:21:29+08:00][sql] SHOW FULL COLUMNS FROM `carver_article` [ RunTime:0.000881s ]
[2021-05-16T16:21:29+08:00][sql] SELECT `article_id`,`article_title`,`article_desc`,`article_content`,`article_img`,`article_guide`,`article_label`,`click_num`,`is_show`,`add_time`,`article_author` FROM `carver_article` WHERE  `article_id` = 25/ LIMIT 1 [ RunTime:0.000445s ]
[2021-05-16T16:21:29+08:00][sql] SELECT `article_id`,`article_title`,`article_desc`,`article_content`,`article_img`,`article_guide`,`article_label`,`click_num`,`is_show`,`add_time`,`article_author` FROM `carver_article` WHERE  `article_id` > 25/ LIMIT 1 [ RunTime:0.000465s ]
[2021-05-16T16:21:29+08:00][sql] SELECT `article_id`,`article_title`,`article_desc`,`article_content`,`article_img`,`article_guide`,`article_label`,`click_num`,`is_show`,`add_time`,`article_author` FROM `carver_article` WHERE  `article_id` < 25/ ORDER BY `article_id` DESC LIMIT 1 [ RunTime:0.000436s ]
[2021-05-16T16:21:29+08:00][sql] SHOW FULL COLUMNS FROM `carver_link` [ RunTime:0.000507s ]
[2021-05-16T16:21:29+08:00][sql] SELECT * FROM `carver_link` WHERE  ( is_confirm=2 ) LIMIT 20 [ RunTime:0.000282s ]
[2021-05-16T16:21:29+08:00][sql] SELECT article_id,article_title,click_num,FROM_UNIXTIME(add_time,'%Y-%m-%d') as add_time FROM `carver_article` ORDER BY `click_num` DESC LIMIT 3 [ RunTime:0.000368s ]
[2021-05-16T16:21:29+08:00][sql] SHOW FULL COLUMNS FROM `carver_comment` [ RunTime:0.000549s ]
[2021-05-16T16:21:29+08:00][sql] SELECT `a`.*,`b`.`user_name` FROM `carver_comment` `a` INNER JOIN `carver_user` `b` ON `a`.`user_id`=`b`.`user_id` WHERE  `article_id` = 25/ ORDER BY `create_time` DESC [ RunTime:0.000339s ]
[2021-05-16T16:21:29+08:00][sql] SHOW FULL COLUMNS FROM `carver_comment_to_others` [ RunTime:0.000517s ]
[2021-05-16T16:21:29+08:00][sql] SELECT * FROM `carver_comment_to_others` [ RunTime:0.000232s ]
[2021-05-16T16:21:29+08:00][sql] SHOW FULL COLUMNS FROM `carver_user` [ RunTime:0.000481s ]
[2021-05-16T16:21:29+08:00][sql] SELECT `user_name` FROM `carver_user` WHERE  `user_id` = 4 LIMIT 1 [ RunTime:0.000228s ]
[2021-05-16T16:21:29+08:00][sql] SELECT `user_name` FROM `carver_user` WHERE  `user_id` = 4 LIMIT 1 [ RunTime:0.000231s ]
[2021-05-16T16:21:29+08:00][sql] SELECT `user_name` FROM `carver_user` WHERE  `user_id` = 5 LIMIT 1 [ RunTime:0.000225s ]
[2021-05-16T16:21:29+08:00][sql] SELECT `user_name` FROM `carver_user` WHERE  `user_id` = 5 LIMIT 1 [ RunTime:0.000203s ]
[2021-05-16T16:21:29+08:00][sql] SELECT `user_name` FROM `carver_user` WHERE  `user_id` = 37 LIMIT 1 [ RunTime:0.000223s ]
[2021-05-16T16:21:29+08:00][sql] SELECT `user_name`,`user_id` FROM `carver_user` [ RunTime:0.000241s ]
[2021-05-16T16:21:29+08:00][sql] SHOW FULL COLUMNS FROM `carver_navigation` [ RunTime:0.000500s ]
[2021-05-16T16:21:29+08:00][sql] SELECT * FROM `carver_navigation` [ RunTime:0.000242s ]
[2021-05-16T16:21:29+08:00][sql] SELECT `article_label` FROM `carver_article` [ RunTime:0.000239s ]
[2021-05-16T16:21:32+08:00][sql] CONNECT:[ UseTime:0.000572s ] mysql:host=127.0.0.1;port=3306;dbname=carver;charset=utf8
[2021-05-16T16:21:32+08:00][sql] SHOW FULL COLUMNS FROM `carver_article` [ RunTime:0.000851s ]
[2021-05-16T16:21:32+08:00][sql] SELECT `article_id`,`article_title`,`article_desc`,`article_content`,`article_img`,`article_guide`,`article_label`,`click_num`,`is_show`,`add_time`,`article_author` FROM `carver_article` WHERE  `article_id` = 26/ LIMIT 1 [ RunTime:0.000517s ]
[2021-05-16T16:21:32+08:00][sql] SELECT `article_id`,`article_title`,`article_desc`,`article_content`,`article_img`,`article_guide`,`article_label`,`click_num`,`is_show`,`add_time`,`article_author` FROM `carver_article` WHERE  `article_id` > 26/ LIMIT 1 [ RunTime:0.000367s ]
[2021-05-16T16:21:32+08:00][sql] SELECT `article_id`,`article_title`,`article_desc`,`article_content`,`article_img`,`article_guide`,`article_label`,`click_num`,`is_show`,`add_time`,`article_author` FROM `carver_article` WHERE  `article_id` < 26/ ORDER BY `article_id` DESC LIMIT 1 [ RunTime:0.000351s ]
[2021-05-16T16:21:32+08:00][sql] SHOW FULL COLUMNS FROM `carver_link` [ RunTime:0.000516s ]
[2021-05-16T16:21:32+08:00][sql] SELECT * FROM `carver_link` WHERE  ( is_confirm=2 ) LIMIT 20 [ RunTime:0.000360s ]
[2021-05-16T16:21:32+08:00][sql] SELECT article_id,article_title,click_num,FROM_UNIXTIME(add_time,'%Y-%m-%d') as add_time FROM `carver_article` ORDER BY `click_num` DESC LIMIT 3 [ RunTime:0.000343s ]
[2021-05-16T16:21:32+08:00][sql] SHOW FULL COLUMNS FROM `carver_comment` [ RunTime:0.000551s ]
[2021-05-16T16:21:32+08:00][sql] SELECT `a`.*,`b`.`user_name` FROM `carver_comment` `a` INNER JOIN `carver_user` `b` ON `a`.`user_id`=`b`.`user_id` WHERE  `article_id` = 26/ ORDER BY `create_time` DESC [ RunTime:0.000330s ]
[2021-05-16T16:21:32+08:00][sql] SHOW FULL COLUMNS FROM `carver_comment_to_others` [ RunTime:0.000494s ]
[2021-05-16T16:21:32+08:00][sql] SELECT * FROM `carver_comment_to_others` [ RunTime:0.000228s ]
[2021-05-16T16:21:32+08:00][sql] SHOW FULL COLUMNS FROM `carver_user` [ RunTime:0.000433s ]
[2021-05-16T16:21:32+08:00][sql] SELECT `user_name` FROM `carver_user` WHERE  `user_id` = 4 LIMIT 1 [ RunTime:0.000240s ]
[2021-05-16T16:21:32+08:00][sql] SELECT `user_name` FROM `carver_user` WHERE  `user_id` = 4 LIMIT 1 [ RunTime:0.000238s ]
[2021-05-16T16:21:32+08:00][sql] SELECT `user_name` FROM `carver_user` WHERE  `user_id` = 5 LIMIT 1 [ RunTime:0.000219s ]
[2021-05-16T16:21:32+08:00][sql] SELECT `user_name` FROM `carver_user` WHERE  `user_id` = 5 LIMIT 1 [ RunTime:0.000223s ]
[2021-05-16T16:21:32+08:00][sql] SELECT `user_name` FROM `carver_user` WHERE  `user_id` = 37 LIMIT 1 [ RunTime:0.000213s ]
[2021-05-16T16:21:32+08:00][sql] SHOW FULL COLUMNS FROM `carver_navigation` [ RunTime:0.000464s ]
[2021-05-16T16:21:32+08:00][sql] SELECT * FROM `carver_navigation` [ RunTime:0.000251s ]
[2021-05-16T16:21:32+08:00][sql] SELECT `article_label` FROM `carver_article` [ RunTime:0.000257s ]
[2021-05-16T16:21:34+08:00][sql] CONNECT:[ UseTime:0.000667s ] mysql:host=127.0.0.1;port=3306;dbname=carver;charset=utf8
[2021-05-16T16:21:34+08:00][sql] SHOW FULL COLUMNS FROM `carver_article` [ RunTime:0.000958s ]
[2021-05-16T16:21:34+08:00][sql] SELECT COUNT(*) AS think_count FROM `carver_article` WHERE  `article_label` LIKE '%javascript;c%'  AND `delete_time` = 0  AND `is_show` = 1 [ RunTime:0.000462s ]
[2021-05-16T16:21:34+08:00][sql] SELECT * FROM `carver_article` WHERE  `article_label` LIKE '%javascript;c%'  AND `delete_time` = 0  AND `is_show` = 1 LIMIT 0,6 [ RunTime:0.001025s ]
[2021-05-16T16:21:34+08:00][sql] SELECT article_id,article_title,click_num,FROM_UNIXTIME(add_time,'%Y-%m-%d') as add_time FROM `carver_article` WHERE  `is_show` = 1  AND `delete_time` = 0 ORDER BY `click_num` DESC LIMIT 3 [ RunTime:0.000601s ]
[2021-05-16T16:21:34+08:00][sql] SHOW FULL COLUMNS FROM `carver_notice` [ RunTime:0.000769s ]
[2021-05-16T16:21:34+08:00][sql] SELECT * FROM `carver_notice` ORDER BY `create_time` DESC LIMIT 3 [ RunTime:0.000341s ]
[2021-05-16T16:21:34+08:00][sql] SHOW FULL COLUMNS FROM `carver_navigation` [ RunTime:0.000613s ]
[2021-05-16T16:21:34+08:00][sql] SELECT * FROM `carver_navigation` [ RunTime:0.000288s ]
[2021-05-16T16:21:34+08:00][sql] SHOW FULL COLUMNS FROM `carver_link` [ RunTime:0.000575s ]
[2021-05-16T16:21:34+08:00][sql] SELECT * FROM `carver_link` WHERE  ( is_confirm=2 ) LIMIT 20 [ RunTime:0.000375s ]
[2021-05-16T16:21:34+08:00][sql] SELECT `article_label` FROM `carver_article` [ RunTime:0.000282s ]
[2021-05-16T16:21:34+08:00][sql] SHOW FULL COLUMNS FROM `carver_carouse` [ RunTime:0.000606s ]
[2021-05-16T16:21:34+08:00][sql] SELECT `carouse_img`,`carouse_desc` FROM `carver_carouse` WHERE  `is_show` = 1 ORDER BY `carouse_sort` DESC LIMIT 3 [ RunTime:0.000329s ]
[2021-05-16T16:21:34+08:00][sql] SHOW FULL COLUMNS FROM `carver_site` [ RunTime:0.000667s ]
[2021-05-16T16:21:34+08:00][sql] SELECT * FROM `carver_site` [ RunTime:0.000272s ]
[2021-05-16T16:21:37+08:00][sql] CONNECT:[ UseTime:0.001203s ] mysql:host=127.0.0.1;port=3306;dbname=carver;charset=utf8
[2021-05-16T16:21:37+08:00][sql] SHOW FULL COLUMNS FROM `carver_article` [ RunTime:0.000931s ]
[2021-05-16T16:21:37+08:00][sql] SELECT COUNT(*) AS think_count FROM `carver_article` WHERE  `article_label` LIKE '%php;c%'  AND `delete_time` = 0  AND `is_show` = 1 [ RunTime:0.000423s ]
[2021-05-16T16:21:37+08:00][sql] SELECT * FROM `carver_article` WHERE  `article_label` LIKE '%php;c%'  AND `delete_time` = 0  AND `is_show` = 1 LIMIT 0,6 [ RunTime:0.001016s ]
[2021-05-16T16:21:37+08:00][sql] SELECT article_id,article_title,click_num,FROM_UNIXTIME(add_time,'%Y-%m-%d') as add_time FROM `carver_article` WHERE  `is_show` = 1  AND `delete_time` = 0 ORDER BY `click_num` DESC LIMIT 3 [ RunTime:0.000532s ]
[2021-05-16T16:21:37+08:00][sql] SHOW FULL COLUMNS FROM `carver_notice` [ RunTime:0.000724s ]
[2021-05-16T16:21:37+08:00][sql] SELECT * FROM `carver_notice` ORDER BY `create_time` DESC LIMIT 3 [ RunTime:0.000329s ]
[2021-05-16T16:21:37+08:00][sql] SHOW FULL COLUMNS FROM `carver_navigation` [ RunTime:0.000600s ]
[2021-05-16T16:21:37+08:00][sql] SELECT * FROM `carver_navigation` [ RunTime:0.000397s ]
[2021-05-16T16:21:37+08:00][sql] SHOW FULL COLUMNS FROM `carver_link` [ RunTime:0.000634s ]
[2021-05-16T16:21:37+08:00][sql] SELECT * FROM `carver_link` WHERE  ( is_confirm=2 ) LIMIT 20 [ RunTime:0.000410s ]
[2021-05-16T16:21:37+08:00][sql] SELECT `article_label` FROM `carver_article` [ RunTime:0.000283s ]
[2021-05-16T16:21:37+08:00][sql] SHOW FULL COLUMNS FROM `carver_carouse` [ RunTime:0.000591s ]
[2021-05-16T16:21:37+08:00][sql] SELECT `carouse_img`,`carouse_desc` FROM `carver_carouse` WHERE  `is_show` = 1 ORDER BY `carouse_sort` DESC LIMIT 3 [ RunTime:0.000351s ]
[2021-05-16T16:21:37+08:00][sql] SHOW FULL COLUMNS FROM `carver_site` [ RunTime:0.000614s ]
[2021-05-16T16:21:37+08:00][sql] SELECT * FROM `carver_site` [ RunTime:0.000298s ]
[2021-05-16T16:21:39+08:00][sql] CONNECT:[ UseTime:0.000530s ] mysql:host=127.0.0.1;port=3306;dbname=carver;charset=utf8
[2021-05-16T16:21:39+08:00][sql] SHOW FULL COLUMNS FROM `carver_article` [ RunTime:0.000863s ]
[2021-05-16T16:21:39+08:00][sql] SELECT COUNT(*) AS think_count FROM `carver_article` WHERE  `article_label` LIKE '%php;git/%'  AND `delete_time` = 0  AND `is_show` = 1 [ RunTime:0.000436s ]
[2021-05-16T16:21:39+08:00][sql] SELECT * FROM `carver_article` WHERE  `article_label` LIKE '%php;git/%'  AND `delete_time` = 0  AND `is_show` = 1 LIMIT 0,6 [ RunTime:0.001032s ]
[2021-05-16T16:21:39+08:00][sql] SELECT article_id,article_title,click_num,FROM_UNIXTIME(add_time,'%Y-%m-%d') as add_time FROM `carver_article` WHERE  `is_show` = 1  AND `delete_time` = 0 ORDER BY `click_num` DESC LIMIT 3 [ RunTime:0.000423s ]
[2021-05-16T16:21:39+08:00][sql] SHOW FULL COLUMNS FROM `carver_notice` [ RunTime:0.000661s ]
[2021-05-16T16:21:39+08:00][sql] SELECT * FROM `carver_notice` ORDER BY `create_time` DESC LIMIT 3 [ RunTime:0.000321s ]
[2021-05-16T16:21:39+08:00][sql] SHOW FULL COLUMNS FROM `carver_navigation` [ RunTime:0.000539s ]
[2021-05-16T16:21:39+08:00][sql] SELECT * FROM `carver_navigation` [ RunTime:0.000308s ]
[2021-05-16T16:21:39+08:00][sql] SHOW FULL COLUMNS FROM `carver_link` [ RunTime:0.000625s ]
[2021-05-16T16:21:39+08:00][sql] SELECT * FROM `carver_link` WHERE  ( is_confirm=2 ) LIMIT 20 [ RunTime:0.000319s ]
[2021-05-16T16:21:39+08:00][sql] SELECT `article_label` FROM `carver_article` [ RunTime:0.000261s ]
[2021-05-16T16:21:39+08:00][sql] SHOW FULL COLUMNS FROM `carver_carouse` [ RunTime:0.000573s ]
[2021-05-16T16:21:39+08:00][sql] SELECT `carouse_img`,`carouse_desc` FROM `carver_carouse` WHERE  `is_show` = 1 ORDER BY `carouse_sort` DESC LIMIT 3 [ RunTime:0.000300s ]
[2021-05-16T16:21:39+08:00][sql] SHOW FULL COLUMNS FROM `carver_site` [ RunTime:0.000527s ]
[2021-05-16T16:21:39+08:00][sql] SELECT * FROM `carver_site` [ RunTime:0.000275s ]
[2021-05-16T16:21:42+08:00][sql] CONNECT:[ UseTime:0.000767s ] mysql:host=127.0.0.1;port=3306;dbname=carver;charset=utf8
[2021-05-16T16:21:42+08:00][sql] SHOW FULL COLUMNS FROM `carver_article` [ RunTime:0.000845s ]
[2021-05-16T16:21:42+08:00][sql] SELECT COUNT(*) AS think_count FROM `carver_article` WHERE  `article_label` LIKE '%php;javascript;c%'  AND `delete_time` = 0  AND `is_show` = 1 [ RunTime:0.000417s ]
[2021-05-16T16:21:42+08:00][sql] SELECT * FROM `carver_article` WHERE  `article_label` LIKE '%php;javascript;c%'  AND `delete_time` = 0  AND `is_show` = 1 LIMIT 0,6 [ RunTime:0.000930s ]
[2021-05-16T16:21:42+08:00][sql] SELECT article_id,article_title,click_num,FROM_UNIXTIME(add_time,'%Y-%m-%d') as add_time FROM `carver_article` WHERE  `is_show` = 1  AND `delete_time` = 0 ORDER BY `click_num` DESC LIMIT 3 [ RunTime:0.000404s ]
[2021-05-16T16:21:42+08:00][sql] SHOW FULL COLUMNS FROM `carver_notice` [ RunTime:0.000575s ]
[2021-05-16T16:21:42+08:00][sql] SELECT * FROM `carver_notice` ORDER BY `create_time` DESC LIMIT 3 [ RunTime:0.000281s ]
[2021-05-16T16:21:42+08:00][sql] SHOW FULL COLUMNS FROM `carver_navigation` [ RunTime:0.000546s ]
[2021-05-16T16:21:42+08:00][sql] SELECT * FROM `carver_navigation` [ RunTime:0.000269s ]
[2021-05-16T16:21:42+08:00][sql] SHOW FULL COLUMNS FROM `carver_link` [ RunTime:0.000521s ]
[2021-05-16T16:21:42+08:00][sql] SELECT * FROM `carver_link` WHERE  ( is_confirm=2 ) LIMIT 20 [ RunTime:0.000328s ]
[2021-05-16T16:21:42+08:00][sql] SELECT `article_label` FROM `carver_article` [ RunTime:0.000278s ]
[2021-05-16T16:21:42+08:00][sql] SHOW FULL COLUMNS FROM `carver_carouse` [ RunTime:0.000489s ]
[2021-05-16T16:21:42+08:00][sql] SELECT `carouse_img`,`carouse_desc` FROM `carver_carouse` WHERE  `is_show` = 1 ORDER BY `carouse_sort` DESC LIMIT 3 [ RunTime:0.000307s ]
[2021-05-16T16:21:42+08:00][sql] SHOW FULL COLUMNS FROM `carver_site` [ RunTime:0.000511s ]
[2021-05-16T16:21:42+08:00][sql] SELECT * FROM `carver_site` [ RunTime:0.000281s ]
[2021-05-16T16:21:46+08:00][sql] CONNECT:[ UseTime:0.000514s ] mysql:host=127.0.0.1;port=3306;dbname=carver;charset=utf8
[2021-05-16T16:21:46+08:00][sql] SHOW FULL COLUMNS FROM `carver_article` [ RunTime:0.000861s ]
[2021-05-16T16:21:46+08:00][sql] SELECT COUNT(*) AS think_count FROM `carver_article` WHERE  `article_label` LIKE '%php;linux/%'  AND `delete_time` = 0  AND `is_show` = 1 [ RunTime:0.000445s ]
[2021-05-16T16:21:46+08:00][sql] SELECT * FROM `carver_article` WHERE  `article_label` LIKE '%php;linux/%'  AND `delete_time` = 0  AND `is_show` = 1 LIMIT 0,6 [ RunTime:0.000933s ]
[2021-05-16T16:21:46+08:00][sql] SELECT article_id,article_title,click_num,FROM_UNIXTIME(add_time,'%Y-%m-%d') as add_time FROM `carver_article` WHERE  `is_show` = 1  AND `delete_time` = 0 ORDER BY `click_num` DESC LIMIT 3 [ RunTime:0.000402s ]
[2021-05-16T16:21:46+08:00][sql] SHOW FULL COLUMNS FROM `carver_notice` [ RunTime:0.000591s ]
[2021-05-16T16:21:46+08:00][sql] SELECT * FROM `carver_notice` ORDER BY `create_time` DESC LIMIT 3 [ RunTime:0.000327s ]
[2021-05-16T16:21:46+08:00][sql] SHOW FULL COLUMNS FROM `carver_navigation` [ RunTime:0.000600s ]
[2021-05-16T16:21:46+08:00][sql] SELECT * FROM `carver_navigation` [ RunTime:0.000272s ]
[2021-05-16T16:21:46+08:00][sql] SHOW FULL COLUMNS FROM `carver_link` [ RunTime:0.000575s ]
[2021-05-16T16:21:46+08:00][sql] SELECT * FROM `carver_link` WHERE  ( is_confirm=2 ) LIMIT 20 [ RunTime:0.000335s ]
[2021-05-16T16:21:46+08:00][sql] SELECT `article_label` FROM `carver_article` [ RunTime:0.000256s ]
[2021-05-16T16:21:46+08:00][sql] SHOW FULL COLUMNS FROM `carver_carouse` [ RunTime:0.000492s ]
[2021-05-16T16:21:46+08:00][sql] SELECT `carouse_img`,`carouse_desc` FROM `carver_carouse` WHERE  `is_show` = 1 ORDER BY `carouse_sort` DESC LIMIT 3 [ RunTime:0.000313s ]
[2021-05-16T16:21:46+08:00][sql] SHOW FULL COLUMNS FROM `carver_site` [ RunTime:0.000528s ]
[2021-05-16T16:21:46+08:00][sql] SELECT * FROM `carver_site` [ RunTime:0.000281s ]
[2021-05-16T16:21:48+08:00][sql] CONNECT:[ UseTime:0.000617s ] mysql:host=127.0.0.1;port=3306;dbname=carver;charset=utf8
[2021-05-16T16:21:48+08:00][sql] SHOW FULL COLUMNS FROM `carver_article` [ RunTime:0.000846s ]
[2021-05-16T16:21:48+08:00][sql] SELECT COUNT(*) AS think_count FROM `carver_article` WHERE  `article_label` LIKE '%php;mysql/%'  AND `delete_time` = 0  AND `is_show` = 1 [ RunTime:0.000415s ]
[2021-05-16T16:21:48+08:00][sql] SELECT * FROM `carver_article` WHERE  `article_label` LIKE '%php;mysql/%'  AND `delete_time` = 0  AND `is_show` = 1 LIMIT 0,6 [ RunTime:0.000947s ]
[2021-05-16T16:21:48+08:00][sql] SELECT article_id,article_title,click_num,FROM_UNIXTIME(add_time,'%Y-%m-%d') as add_time FROM `carver_article` WHERE  `is_show` = 1  AND `delete_time` = 0 ORDER BY `click_num` DESC LIMIT 3 [ RunTime:0.000446s ]
[2021-05-16T16:21:48+08:00][sql] SHOW FULL COLUMNS FROM `carver_notice` [ RunTime:0.000651s ]
[2021-05-16T16:21:48+08:00][sql] SELECT * FROM `carver_notice` ORDER BY `create_time` DESC LIMIT 3 [ RunTime:0.000294s ]
[2021-05-16T16:21:48+08:00][sql] SHOW FULL COLUMNS FROM `carver_navigation` [ RunTime:0.000555s ]
[2021-05-16T16:21:48+08:00][sql] SELECT * FROM `carver_navigation` [ RunTime:0.000275s ]
[2021-05-16T16:21:48+08:00][sql] SHOW FULL COLUMNS FROM `carver_link` [ RunTime:0.000605s ]
[2021-05-16T16:21:48+08:00][sql] SELECT * FROM `carver_link` WHERE  ( is_confirm=2 ) LIMIT 20 [ RunTime:0.000325s ]
[2021-05-16T16:21:48+08:00][sql] SELECT `article_label` FROM `carver_article` [ RunTime:0.000264s ]
[2021-05-16T16:21:48+08:00][sql] SHOW FULL COLUMNS FROM `carver_carouse` [ RunTime:0.000649s ]
[2021-05-16T16:21:48+08:00][sql] SELECT `carouse_img`,`carouse_desc` FROM `carver_carouse` WHERE  `is_show` = 1 ORDER BY `carouse_sort` DESC LIMIT 3 [ RunTime:0.000301s ]
[2021-05-16T16:21:48+08:00][sql] SHOW FULL COLUMNS FROM `carver_site` [ RunTime:0.000533s ]
[2021-05-16T16:21:48+08:00][sql] SELECT * FROM `carver_site` [ RunTime:0.000275s ]
[2021-05-16T16:21:51+08:00][sql] CONNECT:[ UseTime:0.000590s ] mysql:host=127.0.0.1;port=3306;dbname=carver;charset=utf8
[2021-05-16T16:21:51+08:00][sql] SHOW FULL COLUMNS FROM `carver_article` [ RunTime:0.000893s ]
[2021-05-16T16:21:51+08:00][sql] SELECT COUNT(*) AS think_count FROM `carver_article` WHERE  `article_label` LIKE '%php;nginx/%'  AND `delete_time` = 0  AND `is_show` = 1 [ RunTime:0.000423s ]
[2021-05-16T16:21:51+08:00][sql] SELECT * FROM `carver_article` WHERE  `article_label` LIKE '%php;nginx/%'  AND `delete_time` = 0  AND `is_show` = 1 LIMIT 0,6 [ RunTime:0.000933s ]
[2021-05-16T16:21:51+08:00][sql] SELECT article_id,article_title,click_num,FROM_UNIXTIME(add_time,'%Y-%m-%d') as add_time FROM `carver_article` WHERE  `is_show` = 1  AND `delete_time` = 0 ORDER BY `click_num` DESC LIMIT 3 [ RunTime:0.000420s ]
[2021-05-16T16:21:51+08:00][sql] SHOW FULL COLUMNS FROM `carver_notice` [ RunTime:0.000592s ]
[2021-05-16T16:21:51+08:00][sql] SELECT * FROM `carver_notice` ORDER BY `create_time` DESC LIMIT 3 [ RunTime:0.000279s ]
[2021-05-16T16:21:51+08:00][sql] SHOW FULL COLUMNS FROM `carver_navigation` [ RunTime:0.000546s ]
[2021-05-16T16:21:51+08:00][sql] SELECT * FROM `carver_navigation` [ RunTime:0.000282s ]
[2021-05-16T16:21:51+08:00][sql] SHOW FULL COLUMNS FROM `carver_link` [ RunTime:0.000559s ]
[2021-05-16T16:21:51+08:00][sql] SELECT * FROM `carver_link` WHERE  ( is_confirm=2 ) LIMIT 20 [ RunTime:0.000314s ]
[2021-05-16T16:21:51+08:00][sql] SELECT `article_label` FROM `carver_article` [ RunTime:0.000281s ]
[2021-05-16T16:21:51+08:00][sql] SHOW FULL COLUMNS FROM `carver_carouse` [ RunTime:0.000497s ]
[2021-05-16T16:21:51+08:00][sql] SELECT `carouse_img`,`carouse_desc` FROM `carver_carouse` WHERE  `is_show` = 1 ORDER BY `carouse_sort` DESC LIMIT 3 [ RunTime:0.000325s ]
[2021-05-16T16:21:51+08:00][sql] SHOW FULL COLUMNS FROM `carver_site` [ RunTime:0.000515s ]
[2021-05-16T16:21:51+08:00][sql] SELECT * FROM `carver_site` [ RunTime:0.000277s ]
[2021-05-16T16:21:53+08:00][sql] CONNECT:[ UseTime:0.000542s ] mysql:host=127.0.0.1;port=3306;dbname=carver;charset=utf8
[2021-05-16T16:21:53+08:00][sql] SHOW FULL COLUMNS FROM `carver_article` [ RunTime:0.000847s ]
[2021-05-16T16:21:53+08:00][sql] SELECT COUNT(*) AS think_count FROM `carver_article` WHERE  `article_label` LIKE '%php;swoole/%'  AND `delete_time` = 0  AND `is_show` = 1 [ RunTime:0.000417s ]
[2021-05-16T16:21:53+08:00][sql] SELECT * FROM `carver_article` WHERE  `article_label` LIKE '%php;swoole/%'  AND `delete_time` = 0  AND `is_show` = 1 LIMIT 0,6 [ RunTime:0.000946s ]
[2021-05-16T16:21:53+08:00][sql] SELECT article_id,article_title,click_num,FROM_UNIXTIME(add_time,'%Y-%m-%d') as add_time FROM `carver_article` WHERE  `is_show` = 1  AND `delete_time` = 0 ORDER BY `click_num` DESC LIMIT 3 [ RunTime:0.000409s ]
[2021-05-16T16:21:53+08:00][sql] SHOW FULL COLUMNS FROM `carver_notice` [ RunTime:0.000598s ]
[2021-05-16T16:21:53+08:00][sql] SELECT * FROM `carver_notice` ORDER BY `create_time` DESC LIMIT 3 [ RunTime:0.000300s ]
[2021-05-16T16:21:53+08:00][sql] SHOW FULL COLUMNS FROM `carver_navigation` [ RunTime:0.000551s ]
[2021-05-16T16:21:53+08:00][sql] SELECT * FROM `carver_navigation` [ RunTime:0.000276s ]
[2021-05-16T16:21:53+08:00][sql] SHOW FULL COLUMNS FROM `carver_link` [ RunTime:0.000534s ]
[2021-05-16T16:21:53+08:00][sql] SELECT * FROM `carver_link` WHERE  ( is_confirm=2 ) LIMIT 20 [ RunTime:0.000330s ]
[2021-05-16T16:21:53+08:00][sql] SELECT `article_label` FROM `carver_article` [ RunTime:0.000313s ]
[2021-05-16T16:21:53+08:00][sql] SHOW FULL COLUMNS FROM `carver_carouse` [ RunTime:0.000553s ]
[2021-05-16T16:21:53+08:00][sql] SELECT `carouse_img`,`carouse_desc` FROM `carver_carouse` WHERE  `is_show` = 1 ORDER BY `carouse_sort` DESC LIMIT 3 [ RunTime:0.000358s ]
[2021-05-16T16:21:53+08:00][sql] SHOW FULL COLUMNS FROM `carver_site` [ RunTime:0.000507s ]
[2021-05-16T16:21:53+08:00][sql] SELECT * FROM `carver_site` [ RunTime:0.000284s ]
[2021-05-16T16:21:55+08:00][sql] CONNECT:[ UseTime:0.000976s ] mysql:host=127.0.0.1;port=3306;dbname=carver;charset=utf8
[2021-05-16T16:21:55+08:00][sql] SHOW FULL COLUMNS FROM `carver_article` [ RunTime:0.000838s ]
[2021-05-16T16:21:55+08:00][sql] SELECT COUNT(*) AS think_count FROM `carver_article` WHERE  `article_label` LIKE '%php;网络安全/%'  AND `delete_time` = 0  AND `is_show` = 1 [ RunTime:0.000428s ]
[2021-05-16T16:21:55+08:00][sql] SELECT * FROM `carver_article` WHERE  `article_label` LIKE '%php;网络安全/%'  AND `delete_time` = 0  AND `is_show` = 1 LIMIT 0,6 [ RunTime:0.000976s ]
[2021-05-16T16:21:55+08:00][sql] SELECT article_id,article_title,click_num,FROM_UNIXTIME(add_time,'%Y-%m-%d') as add_time FROM `carver_article` WHERE  `is_show` = 1  AND `delete_time` = 0 ORDER BY `click_num` DESC LIMIT 3 [ RunTime:0.000450s ]
[2021-05-16T16:21:55+08:00][sql] SHOW FULL COLUMNS FROM `carver_notice` [ RunTime:0.000631s ]
[2021-05-16T16:21:55+08:00][sql] SELECT * FROM `carver_notice` ORDER BY `create_time` DESC LIMIT 3 [ RunTime:0.000292s ]
[2021-05-16T16:21:55+08:00][sql] SHOW FULL COLUMNS FROM `carver_navigation` [ RunTime:0.000573s ]
[2021-05-16T16:21:55+08:00][sql] SELECT * FROM `carver_navigation` [ RunTime:0.000301s ]
[2021-05-16T16:21:55+08:00][sql] SHOW FULL COLUMNS FROM `carver_link` [ RunTime:0.000569s ]
[2021-05-16T16:21:55+08:00][sql] SELECT * FROM `carver_link` WHERE  ( is_confirm=2 ) LIMIT 20 [ RunTime:0.000349s ]
[2021-05-16T16:21:55+08:00][sql] SELECT `article_label` FROM `carver_article` [ RunTime:0.000276s ]
[2021-05-16T16:21:55+08:00][sql] SHOW FULL COLUMNS FROM `carver_carouse` [ RunTime:0.000535s ]
[2021-05-16T16:21:55+08:00][sql] SELECT `carouse_img`,`carouse_desc` FROM `carver_carouse` WHERE  `is_show` = 1 ORDER BY `carouse_sort` DESC LIMIT 3 [ RunTime:0.000309s ]
[2021-05-16T16:21:55+08:00][sql] SHOW FULL COLUMNS FROM `carver_site` [ RunTime:0.000560s ]
[2021-05-16T16:21:55+08:00][sql] SELECT * FROM `carver_site` [ RunTime:0.000283s ]
[2021-05-16T16:21:58+08:00][sql] CONNECT:[ UseTime:0.000929s ] mysql:host=127.0.0.1;port=3306;dbname=carver;charset=utf8
[2021-05-16T16:21:58+08:00][sql] SHOW FULL COLUMNS FROM `carver_article` [ RunTime:0.000838s ]
[2021-05-16T16:21:58+08:00][sql] SELECT COUNT(*) AS think_count FROM `carver_article` WHERE  `article_label` LIKE '%php;设计模式/%'  AND `delete_time` = 0  AND `is_show` = 1 [ RunTime:0.000428s ]
[2021-05-16T16:21:58+08:00][sql] SELECT * FROM `carver_article` WHERE  `article_label` LIKE '%php;设计模式/%'  AND `delete_time` = 0  AND `is_show` = 1 LIMIT 0,6 [ RunTime:0.000927s ]
[2021-05-16T16:21:58+08:00][sql] SELECT article_id,article_title,click_num,FROM_UNIXTIME(add_time,'%Y-%m-%d') as add_time FROM `carver_article` WHERE  `is_show` = 1  AND `delete_time` = 0 ORDER BY `click_num` DESC LIMIT 3 [ RunTime:0.000420s ]
[2021-05-16T16:21:58+08:00][sql] SHOW FULL COLUMNS FROM `carver_notice` [ RunTime:0.000586s ]
[2021-05-16T16:21:58+08:00][sql] SELECT * FROM `carver_notice` ORDER BY `create_time` DESC LIMIT 3 [ RunTime:0.000287s ]
[2021-05-16T16:21:58+08:00][sql] SHOW FULL COLUMNS FROM `carver_navigation` [ RunTime:0.000640s ]
[2021-05-16T16:21:58+08:00][sql] SELECT * FROM `carver_navigation` [ RunTime:0.000286s ]
[2021-05-16T16:21:58+08:00][sql] SHOW FULL COLUMNS FROM `carver_link` [ RunTime:0.000568s ]
[2021-05-16T16:21:58+08:00][sql] SELECT * FROM `carver_link` WHERE  ( is_confirm=2 ) LIMIT 20 [ RunTime:0.000311s ]
[2021-05-16T16:21:58+08:00][sql] SELECT `article_label` FROM `carver_article` [ RunTime:0.000268s ]
[2021-05-16T16:21:58+08:00][sql] SHOW FULL COLUMNS FROM `carver_carouse` [ RunTime:0.000511s ]
[2021-05-16T16:21:58+08:00][sql] SELECT `carouse_img`,`carouse_desc` FROM `carver_carouse` WHERE  `is_show` = 1 ORDER BY `carouse_sort` DESC LIMIT 3 [ RunTime:0.000296s ]
[2021-05-16T16:21:58+08:00][sql] SHOW FULL COLUMNS FROM `carver_site` [ RunTime:0.000516s ]
[2021-05-16T16:21:58+08:00][sql] SELECT * FROM `carver_site` [ RunTime:0.000271s ]
[2021-05-16T16:22:00+08:00][sql] CONNECT:[ UseTime:0.001052s ] mysql:host=127.0.0.1;port=3306;dbname=carver;charset=utf8
[2021-05-16T16:22:00+08:00][sql] SHOW FULL COLUMNS FROM `carver_article` [ RunTime:0.001136s ]
[2021-05-16T16:22:00+08:00][sql] SELECT COUNT(*) AS think_count FROM `carver_article` WHERE  `article_label` LIKE '%网络安全//%'  AND `delete_time` = 0  AND `is_show` = 1 [ RunTime:0.000429s ]
[2021-05-16T16:22:00+08:00][sql] SELECT * FROM `carver_article` WHERE  `article_label` LIKE '%网络安全//%'  AND `delete_time` = 0  AND `is_show` = 1 LIMIT 0,6 [ RunTime:0.000940s ]
[2021-05-16T16:22:00+08:00][sql] SELECT article_id,article_title,click_num,FROM_UNIXTIME(add_time,'%Y-%m-%d') as add_time FROM `carver_article` WHERE  `is_show` = 1  AND `delete_time` = 0 ORDER BY `click_num` DESC LIMIT 3 [ RunTime:0.000628s ]
[2021-05-16T16:22:00+08:00][sql] SHOW FULL COLUMNS FROM `carver_notice` [ RunTime:0.000745s ]
[2021-05-16T16:22:00+08:00][sql] SELECT * FROM `carver_notice` ORDER BY `create_time` DESC LIMIT 3 [ RunTime:0.000371s ]
[2021-05-16T16:22:00+08:00][sql] SHOW FULL COLUMNS FROM `carver_navigation` [ RunTime:0.000535s ]
[2021-05-16T16:22:00+08:00][sql] SELECT * FROM `carver_navigation` [ RunTime:0.000298s ]
[2021-05-16T16:22:00+08:00][sql] SHOW FULL COLUMNS FROM `carver_link` [ RunTime:0.000586s ]
[2021-05-16T16:22:00+08:00][sql] SELECT * FROM `carver_link` WHERE  ( is_confirm=2 ) LIMIT 20 [ RunTime:0.000326s ]
[2021-05-16T16:22:00+08:00][sql] SELECT `article_label` FROM `carver_article` [ RunTime:0.000269s ]
[2021-05-16T16:22:00+08:00][sql] SHOW FULL COLUMNS FROM `carver_carouse` [ RunTime:0.000521s ]
[2021-05-16T16:22:00+08:00][sql] SELECT `carouse_img`,`carouse_desc` FROM `carver_carouse` WHERE  `is_show` = 1 ORDER BY `carouse_sort` DESC LIMIT 3 [ RunTime:0.000347s ]
[2021-05-16T16:22:00+08:00][sql] SHOW FULL COLUMNS FROM `carver_site` [ RunTime:0.000518s ]
[2021-05-16T16:22:00+08:00][sql] SELECT * FROM `carver_site` [ RunTime:0.000277s ]
[2021-05-16T16:22:04+08:00][sql] CONNECT:[ UseTime:0.000512s ] mysql:host=127.0.0.1;port=3306;dbname=carver;charset=utf8
[2021-05-16T16:22:04+08:00][sql] SHOW FULL COLUMNS FROM `carver_article` [ RunTime:0.000888s ]
[2021-05-16T16:22:04+08:00][sql] SELECT COUNT(*) AS think_count FROM `carver_article` WHERE  `article_label` LIKE '%设计模式//%'  AND `delete_time` = 0  AND `is_show` = 1 [ RunTime:0.000502s ]
[2021-05-16T16:22:04+08:00][sql] SELECT * FROM `carver_article` WHERE  `article_label` LIKE '%设计模式//%'  AND `delete_time` = 0  AND `is_show` = 1 LIMIT 0,6 [ RunTime:0.000922s ]
[2021-05-16T16:22:04+08:00][sql] SELECT article_id,article_title,click_num,FROM_UNIXTIME(add_time,'%Y-%m-%d') as add_time FROM `carver_article` WHERE  `is_show` = 1  AND `delete_time` = 0 ORDER BY `click_num` DESC LIMIT 3 [ RunTime:0.000416s ]
[2021-05-16T16:22:04+08:00][sql] SHOW FULL COLUMNS FROM `carver_notice` [ RunTime:0.000623s ]
[2021-05-16T16:22:04+08:00][sql] SELECT * FROM `carver_notice` ORDER BY `create_time` DESC LIMIT 3 [ RunTime:0.000299s ]
[2021-05-16T16:22:04+08:00][sql] SHOW FULL COLUMNS FROM `carver_navigation` [ RunTime:0.000569s ]
[2021-05-16T16:22:04+08:00][sql] SELECT * FROM `carver_navigation` [ RunTime:0.000268s ]
[2021-05-16T16:22:04+08:00][sql] SHOW FULL COLUMNS FROM `carver_link` [ RunTime:0.000510s ]
[2021-05-16T16:22:04+08:00][sql] SELECT * FROM `carver_link` WHERE  ( is_confirm=2 ) LIMIT 20 [ RunTime:0.000325s ]
[2021-05-16T16:22:04+08:00][sql] SELECT `article_label` FROM `carver_article` [ RunTime:0.000268s ]
[2021-05-16T16:22:04+08:00][sql] SHOW FULL COLUMNS FROM `carver_carouse` [ RunTime:0.000542s ]
[2021-05-16T16:22:04+08:00][sql] SELECT `carouse_img`,`carouse_desc` FROM `carver_carouse` WHERE  `is_show` = 1 ORDER BY `carouse_sort` DESC LIMIT 3 [ RunTime:0.000310s ]
[2021-05-16T16:22:04+08:00][sql] SHOW FULL COLUMNS FROM `carver_site` [ RunTime:0.000551s ]
[2021-05-16T16:22:04+08:00][sql] SELECT * FROM `carver_site` [ RunTime:0.000319s ]
[2021-05-16T16:45:25+08:00][sql] CONNECT:[ UseTime:0.000624s ] mysql:host=127.0.0.1;port=3306;dbname=carver;charset=utf8
[2021-05-16T16:45:25+08:00][sql] SHOW FULL COLUMNS FROM `carver_article` [ RunTime:0.000927s ]
[2021-05-16T16:45:25+08:00][sql] SELECT `article_id`,`article_title`,`article_desc`,`article_content`,`article_img`,`article_guide`,`article_label`,`click_num`,`is_show`,`add_time`,`article_author` FROM `carver_article` WHERE  `article_id` = 21 LIMIT 1 [ RunTime:0.000505s ]
[2021-05-16T16:45:25+08:00][sql] SELECT `article_id`,`article_title`,`article_desc`,`article_content`,`article_img`,`article_guide`,`article_label`,`click_num`,`is_show`,`add_time`,`article_author` FROM `carver_article` WHERE  `article_id` > 21 LIMIT 1 [ RunTime:0.000480s ]
[2021-05-16T16:45:25+08:00][sql] SELECT `article_id`,`article_title`,`article_desc`,`article_content`,`article_img`,`article_guide`,`article_label`,`click_num`,`is_show`,`add_time`,`article_author` FROM `carver_article` WHERE  `article_id` < 21 ORDER BY `article_id` DESC LIMIT 1 [ RunTime:0.000516s ]
[2021-05-16T16:45:25+08:00][sql] SHOW FULL COLUMNS FROM `carver_link` [ RunTime:0.000597s ]
[2021-05-16T16:45:25+08:00][sql] SELECT * FROM `carver_link` WHERE  ( is_confirm=2 ) LIMIT 20 [ RunTime:0.000308s ]
[2021-05-16T16:45:25+08:00][sql] SELECT article_id,article_title,click_num,FROM_UNIXTIME(add_time,'%Y-%m-%d') as add_time FROM `carver_article` ORDER BY `click_num` DESC LIMIT 3 [ RunTime:0.000428s ]
[2021-05-16T16:45:25+08:00][sql] SHOW FULL COLUMNS FROM `carver_comment` [ RunTime:0.000636s ]
[2021-05-16T16:45:25+08:00][sql] SELECT `a`.*,`b`.`user_name` FROM `carver_comment` `a` INNER JOIN `carver_user` `b` ON `a`.`user_id`=`b`.`user_id` WHERE  `article_id` = 21 ORDER BY `create_time` DESC [ RunTime:0.000453s ]
[2021-05-16T16:45:25+08:00][sql] SHOW FULL COLUMNS FROM `carver_comment_to_others` [ RunTime:0.000622s ]
[2021-05-16T16:45:25+08:00][sql] SELECT * FROM `carver_comment_to_others` [ RunTime:0.000282s ]
[2021-05-16T16:45:25+08:00][sql] SHOW FULL COLUMNS FROM `carver_user` [ RunTime:0.000555s ]
[2021-05-16T16:45:25+08:00][sql] SELECT `user_name` FROM `carver_user` WHERE  `user_id` = 4 LIMIT 1 [ RunTime:0.000261s ]
[2021-05-16T16:45:25+08:00][sql] SELECT `user_name` FROM `carver_user` WHERE  `user_id` = 4 LIMIT 1 [ RunTime:0.000272s ]
[2021-05-16T16:45:25+08:00][sql] SELECT `user_name` FROM `carver_user` WHERE  `user_id` = 5 LIMIT 1 [ RunTime:0.000244s ]
[2021-05-16T16:45:25+08:00][sql] SELECT `user_name` FROM `carver_user` WHERE  `user_id` = 5 LIMIT 1 [ RunTime:0.000234s ]
[2021-05-16T16:45:25+08:00][sql] SELECT `user_name` FROM `carver_user` WHERE  `user_id` = 37 LIMIT 1 [ RunTime:0.000260s ]
[2021-05-16T16:45:25+08:00][sql] SELECT `user_name`,`user_id` FROM `carver_user` [ RunTime:0.000364s ]
[2021-05-16T16:45:25+08:00][sql] SHOW FULL COLUMNS FROM `carver_navigation` [ RunTime:0.000690s ]
[2021-05-16T16:45:25+08:00][sql] SELECT * FROM `carver_navigation` [ RunTime:0.000302s ]
[2021-05-16T16:45:25+08:00][sql] SELECT `article_label` FROM `carver_article` [ RunTime:0.000303s ]
[2021-05-16T16:50:50+08:00][sql] CONNECT:[ UseTime:0.000547s ] mysql:host=127.0.0.1;port=3306;dbname=carver;charset=utf8
[2021-05-16T16:50:50+08:00][sql] SHOW FULL COLUMNS FROM `carver_article` [ RunTime:0.000939s ]
[2021-05-16T16:50:50+08:00][sql] SELECT COUNT(*) AS think_count FROM `carver_article` WHERE  `article_guide` = 53  AND `delete_time` = 0  AND `is_show` = 1 [ RunTime:0.000451s ]
[2021-05-16T16:50:50+08:00][sql] SELECT * FROM `carver_article` WHERE  `article_guide` = 53  AND `delete_time` = 0  AND `is_show` = 1 ORDER BY `add_time` DESC LIMIT 0,6 [ RunTime:0.000442s ]
[2021-05-16T16:50:50+08:00][sql] SELECT article_id,article_title,click_num,FROM_UNIXTIME(add_time,'%Y-%m-%d') as add_time FROM `carver_article` WHERE  `is_show` = 1  AND `delete_time` = 0 ORDER BY `click_num` DESC LIMIT 3 [ RunTime:0.000546s ]
[2021-05-16T16:50:50+08:00][sql] SHOW FULL COLUMNS FROM `carver_notice` [ RunTime:0.000656s ]
[2021-05-16T16:50:50+08:00][sql] SELECT * FROM `carver_notice` ORDER BY `create_time` DESC LIMIT 3 [ RunTime:0.000325s ]
[2021-05-16T16:50:50+08:00][sql] SHOW FULL COLUMNS FROM `carver_navigation` [ RunTime:0.000553s ]
[2021-05-16T16:50:50+08:00][sql] SELECT * FROM `carver_navigation` [ RunTime:0.000294s ]
[2021-05-16T16:50:50+08:00][sql] SELECT `article_label` FROM `carver_article` [ RunTime:0.000286s ]
[2021-05-16T16:50:50+08:00][sql] SHOW FULL COLUMNS FROM `carver_carouse` [ RunTime:0.000537s ]
[2021-05-16T16:50:50+08:00][sql] SELECT `carouse_img`,`carouse_desc` FROM `carver_carouse` WHERE  `is_show` = 1 ORDER BY `carouse_sort` DESC LIMIT 3 [ RunTime:0.000321s ]
[2021-05-16T16:50:50+08:00][sql] SHOW FULL COLUMNS FROM `carver_link` [ RunTime:0.000520s ]
[2021-05-16T16:50:50+08:00][sql] SELECT * FROM `carver_link` WHERE  ( is_confirm=2 ) LIMIT 20 [ RunTime:0.000394s ]
[2021-05-16T16:50:50+08:00][sql] SHOW FULL COLUMNS FROM `carver_site` [ RunTime:0.000592s ]
[2021-05-16T16:50:50+08:00][sql] SELECT * FROM `carver_site` [ RunTime:0.000277s ]
[2021-05-16T17:38:22+08:00][sql] CONNECT:[ UseTime:0.000517s ] mysql:host=127.0.0.1;port=3306;dbname=carver;charset=utf8
[2021-05-16T17:38:22+08:00][sql] SHOW FULL COLUMNS FROM `carver_article` [ RunTime:0.000889s ]
[2021-05-16T17:38:22+08:00][sql] SELECT COUNT(*) AS think_count FROM `carver_article` WHERE  `article_guide` = 6  AND `delete_time` = 0  AND `is_show` = 1 [ RunTime:0.000408s ]
[2021-05-16T17:38:22+08:00][sql] SELECT * FROM `carver_article` WHERE  `article_guide` = 6  AND `delete_time` = 0  AND `is_show` = 1 ORDER BY `add_time` DESC LIMIT 12,6 [ RunTime:0.000491s ]
[2021-05-16T17:38:22+08:00][sql] SELECT article_id,article_title,click_num,FROM_UNIXTIME(add_time,'%Y-%m-%d') as add_time FROM `carver_article` WHERE  `is_show` = 1  AND `delete_time` = 0 ORDER BY `click_num` DESC LIMIT 3 [ RunTime:0.000447s ]
[2021-05-16T17:38:22+08:00][sql] SHOW FULL COLUMNS FROM `carver_notice` [ RunTime:0.000708s ]
[2021-05-16T17:38:22+08:00][sql] SELECT * FROM `carver_notice` ORDER BY `create_time` DESC LIMIT 3 [ RunTime:0.000310s ]
[2021-05-16T17:38:22+08:00][sql] SHOW FULL COLUMNS FROM `carver_navigation` [ RunTime:0.000625s ]
[2021-05-16T17:38:22+08:00][sql] SELECT * FROM `carver_navigation` [ RunTime:0.000279s ]
[2021-05-16T17:38:22+08:00][sql] SELECT `article_label` FROM `carver_article` [ RunTime:0.000269s ]
[2021-05-16T17:38:22+08:00][sql] SHOW FULL COLUMNS FROM `carver_carouse` [ RunTime:0.000580s ]
[2021-05-16T17:38:22+08:00][sql] SELECT `carouse_img`,`carouse_desc` FROM `carver_carouse` WHERE  `is_show` = 1 ORDER BY `carouse_sort` DESC LIMIT 3 [ RunTime:0.000308s ]
[2021-05-16T17:38:22+08:00][sql] SHOW FULL COLUMNS FROM `carver_link` [ RunTime:0.000520s ]
[2021-05-16T17:38:22+08:00][sql] SELECT * FROM `carver_link` WHERE  ( is_confirm=2 ) LIMIT 20 [ RunTime:0.000347s ]
[2021-05-16T17:38:22+08:00][sql] SHOW FULL COLUMNS FROM `carver_site` [ RunTime:0.000630s ]
[2021-05-16T17:38:22+08:00][sql] SELECT * FROM `carver_site` [ RunTime:0.000336s ]
[2021-05-16T18:30:51+08:00][sql] CONNECT:[ UseTime:0.000903s ] mysql:host=127.0.0.1;port=3306;dbname=carver;charset=utf8
[2021-05-16T18:30:51+08:00][sql] SHOW FULL COLUMNS FROM `carver_article` [ RunTime:0.000859s ]
[2021-05-16T18:30:51+08:00][sql] SELECT `article_id`,`article_title`,`article_desc`,`article_content`,`article_img`,`article_guide`,`article_label`,`click_num`,`is_show`,`add_time`,`article_author` FROM `carver_article` WHERE  `article_id` = 4 LIMIT 1 [ RunTime:0.000547s ]
[2021-05-16T18:30:51+08:00][sql] SELECT `article_id`,`article_title`,`article_desc`,`article_content`,`article_img`,`article_guide`,`article_label`,`click_num`,`is_show`,`add_time`,`article_author` FROM `carver_article` WHERE  `article_id` > 4 LIMIT 1 [ RunTime:0.000397s ]
[2021-05-16T18:30:51+08:00][sql] SELECT `article_id`,`article_title`,`article_desc`,`article_content`,`article_img`,`article_guide`,`article_label`,`click_num`,`is_show`,`add_time`,`article_author` FROM `carver_article` WHERE  `article_id` < 4 ORDER BY `article_id` DESC LIMIT 1 [ RunTime:0.000883s ]
[2021-05-16T18:30:51+08:00][sql] SHOW FULL COLUMNS FROM `carver_link` [ RunTime:0.000532s ]
[2021-05-16T18:30:51+08:00][sql] SELECT * FROM `carver_link` WHERE  ( is_confirm=2 ) LIMIT 20 [ RunTime:0.000281s ]
[2021-05-16T18:30:51+08:00][sql] SELECT article_id,article_title,click_num,FROM_UNIXTIME(add_time,'%Y-%m-%d') as add_time FROM `carver_article` ORDER BY `click_num` DESC LIMIT 3 [ RunTime:0.000336s ]
[2021-05-16T18:30:51+08:00][sql] SHOW FULL COLUMNS FROM `carver_comment` [ RunTime:0.000534s ]
[2021-05-16T18:30:51+08:00][sql] SELECT `a`.*,`b`.`user_name` FROM `carver_comment` `a` INNER JOIN `carver_user` `b` ON `a`.`user_id`=`b`.`user_id` WHERE  `article_id` = 4 ORDER BY `create_time` DESC [ RunTime:0.000342s ]
[2021-05-16T18:30:51+08:00][sql] SHOW FULL COLUMNS FROM `carver_comment_to_others` [ RunTime:0.000516s ]
[2021-05-16T18:30:51+08:00][sql] SELECT * FROM `carver_comment_to_others` [ RunTime:0.000238s ]
[2021-05-16T18:30:51+08:00][sql] SHOW FULL COLUMNS FROM `carver_user` [ RunTime:0.000436s ]
[2021-05-16T18:30:51+08:00][sql] SELECT `user_name` FROM `carver_user` WHERE  `user_id` = 4 LIMIT 1 [ RunTime:0.000250s ]
[2021-05-16T18:30:51+08:00][sql] SELECT `user_name` FROM `carver_user` WHERE  `user_id` = 4 LIMIT 1 [ RunTime:0.000223s ]
[2021-05-16T18:30:51+08:00][sql] SELECT `user_name` FROM `carver_user` WHERE  `user_id` = 5 LIMIT 1 [ RunTime:0.000202s ]
[2021-05-16T18:30:51+08:00][sql] SELECT `user_name` FROM `carver_user` WHERE  `user_id` = 5 LIMIT 1 [ RunTime:0.000225s ]
[2021-05-16T18:30:51+08:00][sql] SELECT `user_name` FROM `carver_user` WHERE  `user_id` = 37 LIMIT 1 [ RunTime:0.000225s ]
[2021-05-16T18:30:51+08:00][sql] SELECT `user_name`,`user_id` FROM `carver_user` [ RunTime:0.000245s ]
[2021-05-16T18:30:51+08:00][sql] SHOW FULL COLUMNS FROM `carver_navigation` [ RunTime:0.000456s ]
[2021-05-16T18:30:51+08:00][sql] SELECT * FROM `carver_navigation` [ RunTime:0.000256s ]
[2021-05-16T18:30:51+08:00][sql] SELECT `article_label` FROM `carver_article` [ RunTime:0.000249s ]
[2021-05-16T18:44:11+08:00][sql] CONNECT:[ UseTime:0.000577s ] mysql:host=127.0.0.1;port=3306;dbname=carver;charset=utf8
[2021-05-16T18:44:11+08:00][sql] SHOW FULL COLUMNS FROM `carver_user` [ RunTime:0.000862s ]
[2021-05-16T18:44:11+08:00][sql] SHOW FULL COLUMNS FROM `carver_article` [ RunTime:0.000727s ]
[2021-05-16T18:44:11+08:00][sql] SELECT COUNT(*) AS think_count FROM `carver_article` WHERE  `delete_time` = 0  AND `is_show` = 1 [ RunTime:0.000380s ]
[2021-05-16T18:44:11+08:00][sql] SELECT `article_id`,`article_title`,`article_desc`,`article_content`,`article_img`,`article_guide`,`article_label`,`click_num`,`is_show`,`add_time`,`article_author`,`is_top_show` FROM `carver_article` WHERE  `delete_time` = 0  AND `is_show` = 1 ORDER BY `article_id` DESC LIMIT 0,6 [ RunTime:0.000884s ]
[2021-05-16T18:44:11+08:00][sql] SELECT article_id,article_title,click_num,FROM_UNIXTIME(add_time,'%Y-%m-%d') as add_time FROM `carver_article` WHERE  `is_show` = 1  AND `delete_time` = 0 ORDER BY `click_num` DESC LIMIT 3 [ RunTime:0.000474s ]
[2021-05-16T18:44:11+08:00][sql] SHOW FULL COLUMNS FROM `carver_notice` [ RunTime:0.000540s ]
[2021-05-16T18:44:11+08:00][sql] SELECT * FROM `carver_notice` ORDER BY `create_time` DESC LIMIT 3 [ RunTime:0.000278s ]
[2021-05-16T18:44:11+08:00][sql] SHOW FULL COLUMNS FROM `carver_navigation` [ RunTime:0.000494s ]
[2021-05-16T18:44:11+08:00][sql] SELECT * FROM `carver_navigation` [ RunTime:0.000250s ]
[2021-05-16T18:44:11+08:00][sql] SHOW FULL COLUMNS FROM `carver_link` [ RunTime:0.000511s ]
[2021-05-16T18:44:11+08:00][sql] SELECT * FROM `carver_link` WHERE  ( is_confirm=2 ) LIMIT 20 [ RunTime:0.000326s ]
[2021-05-16T18:44:11+08:00][sql] SELECT `article_label` FROM `carver_article` [ RunTime:0.000302s ]
[2021-05-16T18:44:11+08:00][sql] SHOW FULL COLUMNS FROM `carver_carouse` [ RunTime:0.000472s ]
[2021-05-16T18:44:11+08:00][sql] SELECT `carouse_img`,`carouse_desc` FROM `carver_carouse` WHERE  `is_show` = 1 ORDER BY `carouse_sort` DESC LIMIT 3 [ RunTime:0.000344s ]
[2021-05-16T18:44:11+08:00][sql] SHOW FULL COLUMNS FROM `carver_site` [ RunTime:0.000466s ]
[2021-05-16T18:44:11+08:00][sql] SELECT * FROM `carver_site` [ RunTime:0.000356s ]
[2021-05-16T19:53:06+08:00][sql] CONNECT:[ UseTime:0.000483s ] mysql:host=127.0.0.1;port=3306;dbname=carver;charset=utf8
[2021-05-16T19:53:06+08:00][sql] SHOW FULL COLUMNS FROM `carver_article` [ RunTime:0.000973s ]
[2021-05-16T19:53:06+08:00][sql] SELECT COUNT(*) AS think_count FROM `carver_article` WHERE  `article_title` LIKE '%%'  AND `delete_time` = 0  AND `is_show` = 1 [ RunTime:0.000470s ]
[2021-05-16T19:53:06+08:00][sql] SELECT * FROM `carver_article` WHERE  `article_title` LIKE '%%'  AND `delete_time` = 0  AND `is_show` = 1 LIMIT 0,6 [ RunTime:0.000924s ]
[2021-05-16T19:53:06+08:00][sql] SELECT article_id,article_title,click_num,FROM_UNIXTIME(add_time,'%Y-%m-%d') as add_time FROM `carver_article` WHERE  `delete_time` = 0  AND `is_show` = 1 ORDER BY `click_num` DESC LIMIT 3 [ RunTime:0.000503s ]
[2021-05-16T19:53:06+08:00][sql] SHOW FULL COLUMNS FROM `carver_notice` [ RunTime:0.000689s ]
[2021-05-16T19:53:06+08:00][sql] SELECT * FROM `carver_notice` ORDER BY `create_time` DESC LIMIT 3 [ RunTime:0.000273s ]
[2021-05-16T19:53:06+08:00][sql] SHOW FULL COLUMNS FROM `carver_navigation` [ RunTime:0.000607s ]
[2021-05-16T19:53:06+08:00][sql] SELECT * FROM `carver_navigation` [ RunTime:0.000297s ]
[2021-05-16T19:53:06+08:00][sql] SHOW FULL COLUMNS FROM `carver_link` [ RunTime:0.000581s ]
[2021-05-16T19:53:06+08:00][sql] SELECT * FROM `carver_link` WHERE  ( is_confirm=2 ) LIMIT 20 [ RunTime:0.000273s ]
[2021-05-16T19:53:06+08:00][sql] SELECT `article_label` FROM `carver_article` [ RunTime:0.000249s ]
[2021-05-16T19:53:06+08:00][sql] SHOW FULL COLUMNS FROM `carver_carouse` [ RunTime:0.000547s ]
[2021-05-16T19:53:06+08:00][sql] SELECT `carouse_img`,`carouse_desc` FROM `carver_carouse` WHERE  `is_show` = 1 ORDER BY `carouse_sort` DESC LIMIT 3 [ RunTime:0.000277s ]
[2021-05-16T19:53:06+08:00][sql] SHOW FULL COLUMNS FROM `carver_site` [ RunTime:0.000499s ]
[2021-05-16T19:53:06+08:00][sql] SELECT * FROM `carver_site` [ RunTime:0.000222s ]
[2021-05-16T20:23:13+08:00][sql] CONNECT:[ UseTime:0.000568s ] mysql:host=127.0.0.1;port=3306;dbname=carver;charset=utf8
[2021-05-16T20:23:13+08:00][sql] SHOW FULL COLUMNS FROM `carver_article` [ RunTime:0.001120s ]
[2021-05-16T20:23:13+08:00][sql] SELECT COUNT(*) AS think_count FROM `carver_article` WHERE  `article_guide` = 5  AND `delete_time` = 0  AND `is_show` = 1 [ RunTime:0.000854s ]
[2021-05-16T20:23:13+08:00][sql] SELECT * FROM `carver_article` WHERE  `article_guide` = 5  AND `delete_time` = 0  AND `is_show` = 1 ORDER BY `add_time` DESC LIMIT 0,6 [ RunTime:0.003685s ]
[2021-05-16T20:23:13+08:00][sql] SELECT article_id,article_title,click_num,FROM_UNIXTIME(add_time,'%Y-%m-%d') as add_time FROM `carver_article` WHERE  `is_show` = 1  AND `delete_time` = 0 ORDER BY `click_num` DESC LIMIT 3 [ RunTime:0.000731s ]
[2021-05-16T20:23:13+08:00][sql] SHOW FULL COLUMNS FROM `carver_notice` [ RunTime:0.000628s ]
[2021-05-16T20:23:13+08:00][sql] SELECT * FROM `carver_notice` ORDER BY `create_time` DESC LIMIT 3 [ RunTime:0.000316s ]
[2021-05-16T20:23:13+08:00][sql] SHOW FULL COLUMNS FROM `carver_navigation` [ RunTime:0.000506s ]
[2021-05-16T20:23:13+08:00][sql] SELECT * FROM `carver_navigation` [ RunTime:0.000254s ]
[2021-05-16T20:23:13+08:00][sql] SELECT `article_label` FROM `carver_article` [ RunTime:0.000242s ]
[2021-05-16T20:23:13+08:00][sql] SHOW FULL COLUMNS FROM `carver_carouse` [ RunTime:0.000499s ]
[2021-05-16T20:23:13+08:00][sql] SELECT `carouse_img`,`carouse_desc` FROM `carver_carouse` WHERE  `is_show` = 1 ORDER BY `carouse_sort` DESC LIMIT 3 [ RunTime:0.000305s ]
[2021-05-16T20:23:13+08:00][sql] SHOW FULL COLUMNS FROM `carver_link` [ RunTime:0.000495s ]
[2021-05-16T20:23:13+08:00][sql] SELECT * FROM `carver_link` WHERE  ( is_confirm=2 ) LIMIT 20 [ RunTime:0.000308s ]
[2021-05-16T20:23:13+08:00][sql] SHOW FULL COLUMNS FROM `carver_site` [ RunTime:0.000544s ]
[2021-05-16T20:23:13+08:00][sql] SELECT * FROM `carver_site` [ RunTime:0.000270s ]
[2021-05-16T22:55:01+08:00][sql] CONNECT:[ UseTime:0.000600s ] mysql:host=127.0.0.1;port=3306;dbname=carver;charset=utf8
[2021-05-16T22:55:01+08:00][sql] SHOW FULL COLUMNS FROM `carver_article` [ RunTime:0.000819s ]
[2021-05-16T22:55:01+08:00][sql] SELECT `article_id`,`article_title`,`article_desc`,`article_content`,`article_img`,`article_guide`,`article_label`,`click_num`,`is_show`,`add_time`,`article_author` FROM `carver_article` WHERE  `article_id` = 3 LIMIT 1 [ RunTime:0.000710s ]
[2021-05-16T22:55:01+08:00][sql] SELECT `article_id`,`article_title`,`article_desc`,`article_content`,`article_img`,`article_guide`,`article_label`,`click_num`,`is_show`,`add_time`,`article_author` FROM `carver_article` WHERE  `article_id` > 3 LIMIT 1 [ RunTime:0.000420s ]
[2021-05-16T22:55:01+08:00][sql] SELECT `article_id`,`article_title`,`article_desc`,`article_content`,`article_img`,`article_guide`,`article_label`,`click_num`,`is_show`,`add_time`,`article_author` FROM `carver_article` WHERE  `article_id` < 3 ORDER BY `article_id` DESC LIMIT 1 [ RunTime:0.000328s ]
[2021-05-16T22:55:01+08:00][sql] SHOW FULL COLUMNS FROM `carver_link` [ RunTime:0.000611s ]
[2021-05-16T22:55:01+08:00][sql] SELECT * FROM `carver_link` WHERE  ( is_confirm=2 ) LIMIT 20 [ RunTime:0.000280s ]
[2021-05-16T22:55:01+08:00][sql] SELECT article_id,article_title,click_num,FROM_UNIXTIME(add_time,'%Y-%m-%d') as add_time FROM `carver_article` ORDER BY `click_num` DESC LIMIT 3 [ RunTime:0.000388s ]
[2021-05-16T22:55:01+08:00][sql] SHOW FULL COLUMNS FROM `carver_comment` [ RunTime:0.000534s ]
[2021-05-16T22:55:01+08:00][sql] SELECT `a`.*,`b`.`user_name` FROM `carver_comment` `a` INNER JOIN `carver_user` `b` ON `a`.`user_id`=`b`.`user_id` WHERE  `article_id` = 3 ORDER BY `create_time` DESC [ RunTime:0.000349s ]
[2021-05-16T22:55:01+08:00][sql] SHOW FULL COLUMNS FROM `carver_comment_to_others` [ RunTime:0.000510s ]
[2021-05-16T22:55:01+08:00][sql] SELECT * FROM `carver_comment_to_others` [ RunTime:0.000243s ]
[2021-05-16T22:55:01+08:00][sql] SHOW FULL COLUMNS FROM `carver_user` [ RunTime:0.000488s ]
[2021-05-16T22:55:01+08:00][sql] SELECT `user_name` FROM `carver_user` WHERE  `user_id` = 4 LIMIT 1 [ RunTime:0.000238s ]
[2021-05-16T22:55:01+08:00][sql] SELECT `user_name` FROM `carver_user` WHERE  `user_id` = 4 LIMIT 1 [ RunTime:0.000223s ]
[2021-05-16T22:55:01+08:00][sql] SELECT `user_name` FROM `carver_user` WHERE  `user_id` = 5 LIMIT 1 [ RunTime:0.000203s ]
[2021-05-16T22:55:01+08:00][sql] SELECT `user_name` FROM `carver_user` WHERE  `user_id` = 5 LIMIT 1 [ RunTime:0.000210s ]
[2021-05-16T22:55:01+08:00][sql] SELECT `user_name` FROM `carver_user` WHERE  `user_id` = 37 LIMIT 1 [ RunTime:0.000212s ]
[2021-05-16T22:55:01+08:00][sql] SELECT `user_name`,`user_id` FROM `carver_user` [ RunTime:0.000235s ]
[2021-05-16T22:55:01+08:00][sql] SHOW FULL COLUMNS FROM `carver_navigation` [ RunTime:0.000482s ]
[2021-05-16T22:55:01+08:00][sql] SELECT * FROM `carver_navigation` [ RunTime:0.000230s ]
[2021-05-16T22:55:01+08:00][sql] SELECT `article_label` FROM `carver_article` [ RunTime:0.000252s ]
