[2021-05-17T00:10:11+08:00][sql] CONNECT:[ UseTime:0.000514s ] mysql:host=127.0.0.1;port=3306;dbname=carver;charset=utf8
[2021-05-17T00:10:11+08:00][sql] SHOW FULL COLUMNS FROM `carver_article` [ RunTime:0.000932s ]
[2021-05-17T00:10:11+08:00][sql] SELECT COUNT(*) AS think_count FROM `carver_article` WHERE  `article_label` LIKE '%%'  AND `delete_time` = 0  AND `is_show` = 1 [ RunTime:0.000453s ]
[2021-05-17T00:10:11+08:00][sql] SELECT * FROM `carver_article` WHERE  `article_label` LIKE '%%'  AND `delete_time` = 0  AND `is_show` = 1 LIMIT 6,6 [ RunTime:0.001257s ]
[2021-05-17T00:10:11+08:00][sql] SELECT article_id,article_title,click_num,FROM_UNIXTIME(add_time,'%Y-%m-%d') as add_time FROM `carver_article` WHERE  `is_show` = 1  AND `delete_time` = 0 ORDER BY `click_num` DESC LIMIT 3 [ RunTime:0.000564s ]
[2021-05-17T00:10:11+08:00][sql] SHOW FULL COLUMNS FROM `carver_notice` [ RunTime:0.000639s ]
[2021-05-17T00:10:11+08:00][sql] SELECT * FROM `carver_notice` ORDER BY `create_time` DESC LIMIT 3 [ RunTime:0.000425s ]
[2021-05-17T00:10:11+08:00][sql] SHOW FULL COLUMNS FROM `carver_navigation` [ RunTime:0.000576s ]
[2021-05-17T00:10:11+08:00][sql] SELECT * FROM `carver_navigation` [ RunTime:0.000276s ]
[2021-05-17T00:10:11+08:00][sql] SHOW FULL COLUMNS FROM `carver_link` [ RunTime:0.000532s ]
[2021-05-17T00:10:11+08:00][sql] SELECT * FROM `carver_link` WHERE  ( is_confirm=2 ) LIMIT 20 [ RunTime:0.000327s ]
[2021-05-17T00:10:11+08:00][sql] SELECT `article_label` FROM `carver_article` [ RunTime:0.000252s ]
[2021-05-17T00:10:11+08:00][sql] SHOW FULL COLUMNS FROM `carver_carouse` [ RunTime:0.000548s ]
[2021-05-17T00:10:11+08:00][sql] SELECT `carouse_img`,`carouse_desc` FROM `carver_carouse` WHERE  `is_show` = 1 ORDER BY `carouse_sort` DESC LIMIT 3 [ RunTime:0.000314s ]
[2021-05-17T00:10:11+08:00][sql] SHOW FULL COLUMNS FROM `carver_site` [ RunTime:0.000488s ]
[2021-05-17T00:10:11+08:00][sql] SELECT * FROM `carver_site` [ RunTime:0.000225s ]
[2021-05-17T00:20:56+08:00][sql] CONNECT:[ UseTime:0.000723s ] mysql:host=127.0.0.1;port=3306;dbname=carver;charset=utf8
[2021-05-17T00:20:56+08:00][sql] SHOW FULL COLUMNS FROM `carver_article` [ RunTime:0.000879s ]
[2021-05-17T00:20:56+08:00][sql] SELECT COUNT(*) AS think_count FROM `carver_article` WHERE  `article_label` LIKE '%php;网络安全//%'  AND `delete_time` = 0  AND `is_show` = 1 [ RunTime:0.000431s ]
[2021-05-17T00:20:56+08:00][sql] SELECT * FROM `carver_article` WHERE  `article_label` LIKE '%php;网络安全//%'  AND `delete_time` = 0  AND `is_show` = 1 LIMIT 0,6 [ RunTime:0.001007s ]
[2021-05-17T00:20:56+08:00][sql] SELECT article_id,article_title,click_num,FROM_UNIXTIME(add_time,'%Y-%m-%d') as add_time FROM `carver_article` WHERE  `is_show` = 1  AND `delete_time` = 0 ORDER BY `click_num` DESC LIMIT 3 [ RunTime:0.000467s ]
[2021-05-17T00:20:56+08:00][sql] SHOW FULL COLUMNS FROM `carver_notice` [ RunTime:0.000610s ]
[2021-05-17T00:20:56+08:00][sql] SELECT * FROM `carver_notice` ORDER BY `create_time` DESC LIMIT 3 [ RunTime:0.000316s ]
[2021-05-17T00:20:56+08:00][sql] SHOW FULL COLUMNS FROM `carver_navigation` [ RunTime:0.000542s ]
[2021-05-17T00:20:56+08:00][sql] SELECT * FROM `carver_navigation` [ RunTime:0.000288s ]
[2021-05-17T00:20:56+08:00][sql] SHOW FULL COLUMNS FROM `carver_link` [ RunTime:0.000557s ]
[2021-05-17T00:20:56+08:00][sql] SELECT * FROM `carver_link` WHERE  ( is_confirm=2 ) LIMIT 20 [ RunTime:0.000381s ]
[2021-05-17T00:20:56+08:00][sql] SELECT `article_label` FROM `carver_article` [ RunTime:0.000296s ]
[2021-05-17T00:20:56+08:00][sql] SHOW FULL COLUMNS FROM `carver_carouse` [ RunTime:0.000623s ]
[2021-05-17T00:20:56+08:00][sql] SELECT `carouse_img`,`carouse_desc` FROM `carver_carouse` WHERE  `is_show` = 1 ORDER BY `carouse_sort` DESC LIMIT 3 [ RunTime:0.000309s ]
[2021-05-17T00:20:56+08:00][sql] SHOW FULL COLUMNS FROM `carver_site` [ RunTime:0.000538s ]
[2021-05-17T00:20:56+08:00][sql] SELECT * FROM `carver_site` [ RunTime:0.000287s ]
[2021-05-17T00:23:30+08:00][sql] CONNECT:[ UseTime:0.000514s ] mysql:host=127.0.0.1;port=3306;dbname=carver;charset=utf8
[2021-05-17T00:23:30+08:00][sql] SHOW FULL COLUMNS FROM `carver_article` [ RunTime:0.001070s ]
[2021-05-17T00:23:30+08:00][sql] SELECT COUNT(*) AS think_count FROM `carver_article` WHERE  `article_label` LIKE '%php;设计模式//%'  AND `delete_time` = 0  AND `is_show` = 1 [ RunTime:0.000451s ]
[2021-05-17T00:23:30+08:00][sql] SELECT * FROM `carver_article` WHERE  `article_label` LIKE '%php;设计模式//%'  AND `delete_time` = 0  AND `is_show` = 1 LIMIT 0,6 [ RunTime:0.000976s ]
[2021-05-17T00:23:30+08:00][sql] SELECT article_id,article_title,click_num,FROM_UNIXTIME(add_time,'%Y-%m-%d') as add_time FROM `carver_article` WHERE  `is_show` = 1  AND `delete_time` = 0 ORDER BY `click_num` DESC LIMIT 3 [ RunTime:0.000971s ]
[2021-05-17T00:23:30+08:00][sql] SHOW FULL COLUMNS FROM `carver_notice` [ RunTime:0.000691s ]
[2021-05-17T00:23:30+08:00][sql] SELECT * FROM `carver_notice` ORDER BY `create_time` DESC LIMIT 3 [ RunTime:0.000309s ]
[2021-05-17T00:23:30+08:00][sql] SHOW FULL COLUMNS FROM `carver_navigation` [ RunTime:0.000581s ]
[2021-05-17T00:23:30+08:00][sql] SELECT * FROM `carver_navigation` [ RunTime:0.000291s ]
[2021-05-17T00:23:30+08:00][sql] SHOW FULL COLUMNS FROM `carver_link` [ RunTime:0.000589s ]
[2021-05-17T00:23:30+08:00][sql] SELECT * FROM `carver_link` WHERE  ( is_confirm=2 ) LIMIT 20 [ RunTime:0.000387s ]
[2021-05-17T00:23:30+08:00][sql] SELECT `article_label` FROM `carver_article` [ RunTime:0.000273s ]
[2021-05-17T00:23:30+08:00][sql] SHOW FULL COLUMNS FROM `carver_carouse` [ RunTime:0.000610s ]
[2021-05-17T00:23:30+08:00][sql] SELECT `carouse_img`,`carouse_desc` FROM `carver_carouse` WHERE  `is_show` = 1 ORDER BY `carouse_sort` DESC LIMIT 3 [ RunTime:0.000326s ]
[2021-05-17T00:23:30+08:00][sql] SHOW FULL COLUMNS FROM `carver_site` [ RunTime:0.000555s ]
[2021-05-17T00:23:30+08:00][sql] SELECT * FROM `carver_site` [ RunTime:0.000302s ]
[2021-05-17T01:58:59+08:00][sql] CONNECT:[ UseTime:0.003335s ] mysql:host=127.0.0.1;port=3306;dbname=carver;charset=utf8
[2021-05-17T01:58:59+08:00][sql] SHOW FULL COLUMNS FROM `carver_user` [ RunTime:0.003663s ]
[2021-05-17T01:58:59+08:00][sql] SHOW FULL COLUMNS FROM `carver_article` [ RunTime:0.003219s ]
[2021-05-17T01:58:59+08:00][sql] SELECT COUNT(*) AS think_count FROM `carver_article` WHERE  `delete_time` = 0  AND `is_show` = 1 [ RunTime:0.000450s ]
[2021-05-17T01:58:59+08:00][sql] SELECT `article_id`,`article_title`,`article_desc`,`article_content`,`article_img`,`article_guide`,`article_label`,`click_num`,`is_show`,`add_time`,`article_author`,`is_top_show` FROM `carver_article` WHERE  `delete_time` = 0  AND `is_show` = 1 ORDER BY `article_id` DESC LIMIT 0,6 [ RunTime:0.000901s ]
[2021-05-17T01:58:59+08:00][sql] SELECT article_id,article_title,click_num,FROM_UNIXTIME(add_time,'%Y-%m-%d') as add_time FROM `carver_article` WHERE  `is_show` = 1  AND `delete_time` = 0 ORDER BY `click_num` DESC LIMIT 3 [ RunTime:0.000701s ]
[2021-05-17T01:58:59+08:00][sql] SHOW FULL COLUMNS FROM `carver_notice` [ RunTime:0.003004s ]
[2021-05-17T01:58:59+08:00][sql] SELECT * FROM `carver_notice` ORDER BY `create_time` DESC LIMIT 3 [ RunTime:0.000351s ]
[2021-05-17T01:58:59+08:00][sql] SHOW FULL COLUMNS FROM `carver_navigation` [ RunTime:0.001249s ]
[2021-05-17T01:58:59+08:00][sql] SELECT * FROM `carver_navigation` [ RunTime:0.000274s ]
[2021-05-17T01:58:59+08:00][sql] SHOW FULL COLUMNS FROM `carver_link` [ RunTime:0.001341s ]
[2021-05-17T01:58:59+08:00][sql] SELECT * FROM `carver_link` WHERE  ( is_confirm=2 ) LIMIT 20 [ RunTime:0.000354s ]
[2021-05-17T01:58:59+08:00][sql] SELECT `article_label` FROM `carver_article` [ RunTime:0.000309s ]
[2021-05-17T01:58:59+08:00][sql] SHOW FULL COLUMNS FROM `carver_carouse` [ RunTime:0.001198s ]
[2021-05-17T01:58:59+08:00][sql] SELECT `carouse_img`,`carouse_desc` FROM `carver_carouse` WHERE  `is_show` = 1 ORDER BY `carouse_sort` DESC LIMIT 3 [ RunTime:0.000354s ]
[2021-05-17T01:58:59+08:00][sql] SHOW FULL COLUMNS FROM `carver_site` [ RunTime:0.001148s ]
[2021-05-17T01:58:59+08:00][sql] SELECT * FROM `carver_site` [ RunTime:0.000234s ]
[2021-05-17T01:59:38+08:00][sql] CONNECT:[ UseTime:0.000812s ] mysql:host=127.0.0.1;port=3306;dbname=carver;charset=utf8
[2021-05-17T01:59:38+08:00][sql] SHOW FULL COLUMNS FROM `carver_user` [ RunTime:0.000942s ]
[2021-05-17T01:59:38+08:00][sql] SHOW FULL COLUMNS FROM `carver_article` [ RunTime:0.000734s ]
[2021-05-17T01:59:38+08:00][sql] SELECT COUNT(*) AS think_count FROM `carver_article` WHERE  `delete_time` = 0  AND `is_show` = 1 [ RunTime:0.000403s ]
[2021-05-17T01:59:38+08:00][sql] SELECT `article_id`,`article_title`,`article_desc`,`article_content`,`article_img`,`article_guide`,`article_label`,`click_num`,`is_show`,`add_time`,`article_author`,`is_top_show` FROM `carver_article` WHERE  `delete_time` = 0  AND `is_show` = 1 ORDER BY `article_id` DESC LIMIT 0,6 [ RunTime:0.000783s ]
[2021-05-17T01:59:38+08:00][sql] SELECT article_id,article_title,click_num,FROM_UNIXTIME(add_time,'%Y-%m-%d') as add_time FROM `carver_article` WHERE  `is_show` = 1  AND `delete_time` = 0 ORDER BY `click_num` DESC LIMIT 3 [ RunTime:0.000542s ]
[2021-05-17T01:59:38+08:00][sql] SHOW FULL COLUMNS FROM `carver_notice` [ RunTime:0.000645s ]
[2021-05-17T01:59:38+08:00][sql] SELECT * FROM `carver_notice` ORDER BY `create_time` DESC LIMIT 3 [ RunTime:0.000313s ]
[2021-05-17T01:59:38+08:00][sql] SHOW FULL COLUMNS FROM `carver_navigation` [ RunTime:0.000564s ]
[2021-05-17T01:59:38+08:00][sql] SELECT * FROM `carver_navigation` [ RunTime:0.000245s ]
[2021-05-17T01:59:38+08:00][sql] SHOW FULL COLUMNS FROM `carver_link` [ RunTime:0.000571s ]
[2021-05-17T01:59:38+08:00][sql] SELECT * FROM `carver_link` WHERE  ( is_confirm=2 ) LIMIT 20 [ RunTime:0.000308s ]
[2021-05-17T01:59:38+08:00][sql] SELECT `article_label` FROM `carver_article` [ RunTime:0.000281s ]
[2021-05-17T01:59:38+08:00][sql] SHOW FULL COLUMNS FROM `carver_carouse` [ RunTime:0.000591s ]
[2021-05-17T01:59:38+08:00][sql] SELECT `carouse_img`,`carouse_desc` FROM `carver_carouse` WHERE  `is_show` = 1 ORDER BY `carouse_sort` DESC LIMIT 3 [ RunTime:0.000309s ]
[2021-05-17T01:59:38+08:00][sql] SHOW FULL COLUMNS FROM `carver_site` [ RunTime:0.000504s ]
[2021-05-17T01:59:38+08:00][sql] SELECT * FROM `carver_site` [ RunTime:0.000227s ]
[2021-05-17T02:34:01+08:00][sql] CONNECT:[ UseTime:0.000821s ] mysql:host=127.0.0.1;port=3306;dbname=carver;charset=utf8
[2021-05-17T02:34:01+08:00][sql] SHOW FULL COLUMNS FROM `carver_user` [ RunTime:0.000980s ]
[2021-05-17T02:34:01+08:00][sql] SHOW FULL COLUMNS FROM `carver_article` [ RunTime:0.001248s ]
[2021-05-17T02:34:01+08:00][sql] SELECT COUNT(*) AS think_count FROM `carver_article` WHERE  `delete_time` = 0  AND `is_show` = 1 [ RunTime:0.000535s ]
[2021-05-17T02:34:01+08:00][sql] SELECT `article_id`,`article_title`,`article_desc`,`article_content`,`article_img`,`article_guide`,`article_label`,`click_num`,`is_show`,`add_time`,`article_author`,`is_top_show` FROM `carver_article` WHERE  `delete_time` = 0  AND `is_show` = 1 ORDER BY `article_id` DESC LIMIT 0,6 [ RunTime:0.000846s ]
[2021-05-17T02:34:01+08:00][sql] SELECT article_id,article_title,click_num,FROM_UNIXTIME(add_time,'%Y-%m-%d') as add_time FROM `carver_article` WHERE  `is_show` = 1  AND `delete_time` = 0 ORDER BY `click_num` DESC LIMIT 3 [ RunTime:0.000631s ]
[2021-05-17T02:34:01+08:00][sql] SHOW FULL COLUMNS FROM `carver_notice` [ RunTime:0.000720s ]
[2021-05-17T02:34:01+08:00][sql] SELECT * FROM `carver_notice` ORDER BY `create_time` DESC LIMIT 3 [ RunTime:0.000341s ]
[2021-05-17T02:34:01+08:00][sql] SHOW FULL COLUMNS FROM `carver_navigation` [ RunTime:0.000566s ]
[2021-05-17T02:34:01+08:00][sql] SELECT * FROM `carver_navigation` [ RunTime:0.000247s ]
[2021-05-17T02:34:01+08:00][sql] SHOW FULL COLUMNS FROM `carver_link` [ RunTime:0.000548s ]
[2021-05-17T02:34:01+08:00][sql] SELECT * FROM `carver_link` WHERE  ( is_confirm=2 ) LIMIT 20 [ RunTime:0.000398s ]
[2021-05-17T02:34:01+08:00][sql] SELECT `article_label` FROM `carver_article` [ RunTime:0.000334s ]
[2021-05-17T02:34:01+08:00][sql] SHOW FULL COLUMNS FROM `carver_carouse` [ RunTime:0.000550s ]
[2021-05-17T02:34:01+08:00][sql] SELECT `carouse_img`,`carouse_desc` FROM `carver_carouse` WHERE  `is_show` = 1 ORDER BY `carouse_sort` DESC LIMIT 3 [ RunTime:0.000313s ]
[2021-05-17T02:34:01+08:00][sql] SHOW FULL COLUMNS FROM `carver_site` [ RunTime:0.000551s ]
[2021-05-17T02:34:01+08:00][sql] SELECT * FROM `carver_site` [ RunTime:0.000234s ]
[2021-05-17T02:34:08+08:00][sql] CONNECT:[ UseTime:0.001077s ] mysql:host=127.0.0.1;port=3306;dbname=carver;charset=utf8
[2021-05-17T02:34:08+08:00][sql] SHOW FULL COLUMNS FROM `carver_user` [ RunTime:0.001189s ]
[2021-05-17T02:34:08+08:00][sql] SHOW FULL COLUMNS FROM `carver_article` [ RunTime:0.000993s ]
[2021-05-17T02:34:08+08:00][sql] SELECT COUNT(*) AS think_count FROM `carver_article` WHERE  `delete_time` = 0  AND `is_show` = 1 [ RunTime:0.000557s ]
[2021-05-17T02:34:08+08:00][sql] SELECT `article_id`,`article_title`,`article_desc`,`article_content`,`article_img`,`article_guide`,`article_label`,`click_num`,`is_show`,`add_time`,`article_author`,`is_top_show` FROM `carver_article` WHERE  `delete_time` = 0  AND `is_show` = 1 ORDER BY `article_id` DESC LIMIT 0,6 [ RunTime:0.000832s ]
[2021-05-17T02:34:08+08:00][sql] SELECT article_id,article_title,click_num,FROM_UNIXTIME(add_time,'%Y-%m-%d') as add_time FROM `carver_article` WHERE  `is_show` = 1  AND `delete_time` = 0 ORDER BY `click_num` DESC LIMIT 3 [ RunTime:0.000478s ]
[2021-05-17T02:34:08+08:00][sql] SHOW FULL COLUMNS FROM `carver_notice` [ RunTime:0.000689s ]
[2021-05-17T02:34:08+08:00][sql] SELECT * FROM `carver_notice` ORDER BY `create_time` DESC LIMIT 3 [ RunTime:0.000273s ]
[2021-05-17T02:34:08+08:00][sql] SHOW FULL COLUMNS FROM `carver_navigation` [ RunTime:0.000596s ]
[2021-05-17T02:34:08+08:00][sql] SELECT * FROM `carver_navigation` [ RunTime:0.000240s ]
[2021-05-17T02:34:08+08:00][sql] SHOW FULL COLUMNS FROM `carver_link` [ RunTime:0.000516s ]
[2021-05-17T02:34:08+08:00][sql] SELECT * FROM `carver_link` WHERE  ( is_confirm=2 ) LIMIT 20 [ RunTime:0.000294s ]
[2021-05-17T02:34:08+08:00][sql] SELECT `article_label` FROM `carver_article` [ RunTime:0.000466s ]
[2021-05-17T02:34:08+08:00][sql] SHOW FULL COLUMNS FROM `carver_carouse` [ RunTime:0.000791s ]
[2021-05-17T02:34:08+08:00][sql] SELECT `carouse_img`,`carouse_desc` FROM `carver_carouse` WHERE  `is_show` = 1 ORDER BY `carouse_sort` DESC LIMIT 3 [ RunTime:0.000471s ]
[2021-05-17T02:34:08+08:00][sql] SHOW FULL COLUMNS FROM `carver_site` [ RunTime:0.000536s ]
[2021-05-17T02:34:08+08:00][sql] SELECT * FROM `carver_site` [ RunTime:0.000233s ]
[2021-05-17T04:02:26+08:00][sql] CONNECT:[ UseTime:0.000817s ] mysql:host=127.0.0.1;port=3306;dbname=carver;charset=utf8
[2021-05-17T04:02:26+08:00][sql] SHOW FULL COLUMNS FROM `carver_user` [ RunTime:0.000925s ]
[2021-05-17T04:02:26+08:00][sql] SHOW FULL COLUMNS FROM `carver_article` [ RunTime:0.000727s ]
[2021-05-17T04:02:26+08:00][sql] SELECT COUNT(*) AS think_count FROM `carver_article` WHERE  `delete_time` = 0  AND `is_show` = 1 [ RunTime:0.000411s ]
[2021-05-17T04:02:26+08:00][sql] SELECT `article_id`,`article_title`,`article_desc`,`article_content`,`article_img`,`article_guide`,`article_label`,`click_num`,`is_show`,`add_time`,`article_author`,`is_top_show` FROM `carver_article` WHERE  `delete_time` = 0  AND `is_show` = 1 ORDER BY `article_id` DESC LIMIT 0,6 [ RunTime:0.000812s ]
[2021-05-17T04:02:26+08:00][sql] SELECT article_id,article_title,click_num,FROM_UNIXTIME(add_time,'%Y-%m-%d') as add_time FROM `carver_article` WHERE  `is_show` = 1  AND `delete_time` = 0 ORDER BY `click_num` DESC LIMIT 3 [ RunTime:0.000492s ]
[2021-05-17T04:02:26+08:00][sql] SHOW FULL COLUMNS FROM `carver_notice` [ RunTime:0.000604s ]
[2021-05-17T04:02:26+08:00][sql] SELECT * FROM `carver_notice` ORDER BY `create_time` DESC LIMIT 3 [ RunTime:0.000276s ]
[2021-05-17T04:02:26+08:00][sql] SHOW FULL COLUMNS FROM `carver_navigation` [ RunTime:0.000570s ]
[2021-05-17T04:02:26+08:00][sql] SELECT * FROM `carver_navigation` [ RunTime:0.000278s ]
[2021-05-17T04:02:26+08:00][sql] SHOW FULL COLUMNS FROM `carver_link` [ RunTime:0.000536s ]
[2021-05-17T04:02:26+08:00][sql] SELECT * FROM `carver_link` WHERE  ( is_confirm=2 ) LIMIT 20 [ RunTime:0.000300s ]
[2021-05-17T04:02:26+08:00][sql] SELECT `article_label` FROM `carver_article` [ RunTime:0.000303s ]
[2021-05-17T04:02:26+08:00][sql] SHOW FULL COLUMNS FROM `carver_carouse` [ RunTime:0.000516s ]
[2021-05-17T04:02:26+08:00][sql] SELECT `carouse_img`,`carouse_desc` FROM `carver_carouse` WHERE  `is_show` = 1 ORDER BY `carouse_sort` DESC LIMIT 3 [ RunTime:0.000336s ]
[2021-05-17T04:02:26+08:00][sql] SHOW FULL COLUMNS FROM `carver_site` [ RunTime:0.000568s ]
[2021-05-17T04:02:26+08:00][sql] SELECT * FROM `carver_site` [ RunTime:0.000248s ]
[2021-05-17T04:41:52+08:00][sql] CONNECT:[ UseTime:0.000788s ] mysql:host=127.0.0.1;port=3306;dbname=carver;charset=utf8
[2021-05-17T04:41:52+08:00][sql] SHOW FULL COLUMNS FROM `carver_user` [ RunTime:0.000918s ]
[2021-05-17T04:41:52+08:00][sql] SHOW FULL COLUMNS FROM `carver_article` [ RunTime:0.000710s ]
[2021-05-17T04:41:52+08:00][sql] SELECT COUNT(*) AS think_count FROM `carver_article` WHERE  `delete_time` = 0  AND `is_show` = 1 [ RunTime:0.000388s ]
[2021-05-17T04:41:52+08:00][sql] SELECT `article_id`,`article_title`,`article_desc`,`article_content`,`article_img`,`article_guide`,`article_label`,`click_num`,`is_show`,`add_time`,`article_author`,`is_top_show` FROM `carver_article` WHERE  `delete_time` = 0  AND `is_show` = 1 ORDER BY `article_id` DESC LIMIT 0,6 [ RunTime:0.000834s ]
[2021-05-17T04:41:52+08:00][sql] SELECT article_id,article_title,click_num,FROM_UNIXTIME(add_time,'%Y-%m-%d') as add_time FROM `carver_article` WHERE  `is_show` = 1  AND `delete_time` = 0 ORDER BY `click_num` DESC LIMIT 3 [ RunTime:0.000519s ]
[2021-05-17T04:41:52+08:00][sql] SHOW FULL COLUMNS FROM `carver_notice` [ RunTime:0.000545s ]
[2021-05-17T04:41:52+08:00][sql] SELECT * FROM `carver_notice` ORDER BY `create_time` DESC LIMIT 3 [ RunTime:0.000274s ]
[2021-05-17T04:41:52+08:00][sql] SHOW FULL COLUMNS FROM `carver_navigation` [ RunTime:0.000539s ]
[2021-05-17T04:41:52+08:00][sql] SELECT * FROM `carver_navigation` [ RunTime:0.000235s ]
[2021-05-17T04:41:52+08:00][sql] SHOW FULL COLUMNS FROM `carver_link` [ RunTime:0.000507s ]
[2021-05-17T04:41:52+08:00][sql] SELECT * FROM `carver_link` WHERE  ( is_confirm=2 ) LIMIT 20 [ RunTime:0.000288s ]
[2021-05-17T04:41:52+08:00][sql] SELECT `article_label` FROM `carver_article` [ RunTime:0.000283s ]
[2021-05-17T04:41:52+08:00][sql] SHOW FULL COLUMNS FROM `carver_carouse` [ RunTime:0.000494s ]
[2021-05-17T04:41:52+08:00][sql] SELECT `carouse_img`,`carouse_desc` FROM `carver_carouse` WHERE  `is_show` = 1 ORDER BY `carouse_sort` DESC LIMIT 3 [ RunTime:0.000293s ]
[2021-05-17T04:41:52+08:00][sql] SHOW FULL COLUMNS FROM `carver_site` [ RunTime:0.000467s ]
[2021-05-17T04:41:52+08:00][sql] SELECT * FROM `carver_site` [ RunTime:0.000238s ]
[2021-05-17T04:49:15+08:00][sql] CONNECT:[ UseTime:0.000511s ] mysql:host=127.0.0.1;port=3306;dbname=carver;charset=utf8
[2021-05-17T04:49:15+08:00][sql] SHOW FULL COLUMNS FROM `carver_article` [ RunTime:0.000909s ]
[2021-05-17T04:49:15+08:00][sql] SELECT COUNT(*) AS think_count FROM `carver_article` WHERE  `article_label` LIKE '%php%'  AND `delete_time` = 0  AND `is_show` = 1 [ RunTime:0.000430s ]
[2021-05-17T04:49:15+08:00][sql] SELECT * FROM `carver_article` WHERE  `article_label` LIKE '%php%'  AND `delete_time` = 0  AND `is_show` = 1 LIMIT 0,6 [ RunTime:0.001190s ]
[2021-05-17T04:49:15+08:00][sql] SELECT article_id,article_title,click_num,FROM_UNIXTIME(add_time,'%Y-%m-%d') as add_time FROM `carver_article` WHERE  `is_show` = 1  AND `delete_time` = 0 ORDER BY `click_num` DESC LIMIT 3 [ RunTime:0.000411s ]
[2021-05-17T04:49:15+08:00][sql] SHOW FULL COLUMNS FROM `carver_notice` [ RunTime:0.000568s ]
[2021-05-17T04:49:15+08:00][sql] SELECT * FROM `carver_notice` ORDER BY `create_time` DESC LIMIT 3 [ RunTime:0.000275s ]
[2021-05-17T04:49:15+08:00][sql] SHOW FULL COLUMNS FROM `carver_navigation` [ RunTime:0.000563s ]
[2021-05-17T04:49:15+08:00][sql] SELECT * FROM `carver_navigation` [ RunTime:0.000252s ]
[2021-05-17T04:49:15+08:00][sql] SHOW FULL COLUMNS FROM `carver_link` [ RunTime:0.000551s ]
[2021-05-17T04:49:15+08:00][sql] SELECT * FROM `carver_link` WHERE  ( is_confirm=2 ) LIMIT 20 [ RunTime:0.000269s ]
[2021-05-17T04:49:15+08:00][sql] SELECT `article_label` FROM `carver_article` [ RunTime:0.000264s ]
[2021-05-17T04:49:15+08:00][sql] SHOW FULL COLUMNS FROM `carver_carouse` [ RunTime:0.000542s ]
[2021-05-17T04:49:15+08:00][sql] SELECT `carouse_img`,`carouse_desc` FROM `carver_carouse` WHERE  `is_show` = 1 ORDER BY `carouse_sort` DESC LIMIT 3 [ RunTime:0.000284s ]
[2021-05-17T04:49:15+08:00][sql] SHOW FULL COLUMNS FROM `carver_site` [ RunTime:0.000483s ]
[2021-05-17T04:49:15+08:00][sql] SELECT * FROM `carver_site` [ RunTime:0.000236s ]
[2021-05-17T05:43:31+08:00][sql] CONNECT:[ UseTime:0.000505s ] mysql:host=127.0.0.1;port=3306;dbname=carver;charset=utf8
[2021-05-17T05:43:31+08:00][sql] SHOW FULL COLUMNS FROM `carver_user` [ RunTime:0.000818s ]
[2021-05-17T05:43:31+08:00][sql] SHOW FULL COLUMNS FROM `carver_article` [ RunTime:0.000720s ]
[2021-05-17T05:43:31+08:00][sql] SELECT COUNT(*) AS think_count FROM `carver_article` WHERE  `delete_time` = 0  AND `is_show` = 1 [ RunTime:0.000358s ]
[2021-05-17T05:43:31+08:00][sql] SELECT `article_id`,`article_title`,`article_desc`,`article_content`,`article_img`,`article_guide`,`article_label`,`click_num`,`is_show`,`add_time`,`article_author`,`is_top_show` FROM `carver_article` WHERE  `delete_time` = 0  AND `is_show` = 1 ORDER BY `article_id` DESC LIMIT 0,6 [ RunTime:0.000744s ]
[2021-05-17T05:43:31+08:00][sql] SELECT article_id,article_title,click_num,FROM_UNIXTIME(add_time,'%Y-%m-%d') as add_time FROM `carver_article` WHERE  `is_show` = 1  AND `delete_time` = 0 ORDER BY `click_num` DESC LIMIT 3 [ RunTime:0.000400s ]
[2021-05-17T05:43:31+08:00][sql] SHOW FULL COLUMNS FROM `carver_notice` [ RunTime:0.000575s ]
[2021-05-17T05:43:31+08:00][sql] SELECT * FROM `carver_notice` ORDER BY `create_time` DESC LIMIT 3 [ RunTime:0.000258s ]
[2021-05-17T05:43:31+08:00][sql] SHOW FULL COLUMNS FROM `carver_navigation` [ RunTime:0.000533s ]
[2021-05-17T05:43:31+08:00][sql] SELECT * FROM `carver_navigation` [ RunTime:0.000248s ]
[2021-05-17T05:43:31+08:00][sql] SHOW FULL COLUMNS FROM `carver_link` [ RunTime:0.000506s ]
[2021-05-17T05:43:31+08:00][sql] SELECT * FROM `carver_link` WHERE  ( is_confirm=2 ) LIMIT 20 [ RunTime:0.000345s ]
[2021-05-17T05:43:31+08:00][sql] SELECT `article_label` FROM `carver_article` [ RunTime:0.000644s ]
[2021-05-17T05:43:31+08:00][sql] SHOW FULL COLUMNS FROM `carver_carouse` [ RunTime:0.000499s ]
[2021-05-17T05:43:31+08:00][sql] SELECT `carouse_img`,`carouse_desc` FROM `carver_carouse` WHERE  `is_show` = 1 ORDER BY `carouse_sort` DESC LIMIT 3 [ RunTime:0.000286s ]
[2021-05-17T05:43:31+08:00][sql] SHOW FULL COLUMNS FROM `carver_site` [ RunTime:0.000534s ]
[2021-05-17T05:43:31+08:00][sql] SELECT * FROM `carver_site` [ RunTime:0.000228s ]
[2021-05-17T06:24:06+08:00][sql] CONNECT:[ UseTime:0.000603s ] mysql:host=127.0.0.1;port=3306;dbname=carver;charset=utf8
[2021-05-17T06:24:06+08:00][sql] SHOW FULL COLUMNS FROM `carver_user` [ RunTime:0.000821s ]
[2021-05-17T06:24:06+08:00][sql] SHOW FULL COLUMNS FROM `carver_article` [ RunTime:0.000749s ]
[2021-05-17T06:24:06+08:00][sql] SELECT COUNT(*) AS think_count FROM `carver_article` WHERE  `delete_time` = 0  AND `is_show` = 1 [ RunTime:0.000418s ]
[2021-05-17T06:24:06+08:00][sql] SELECT `article_id`,`article_title`,`article_desc`,`article_content`,`article_img`,`article_guide`,`article_label`,`click_num`,`is_show`,`add_time`,`article_author`,`is_top_show` FROM `carver_article` WHERE  `delete_time` = 0  AND `is_show` = 1 ORDER BY `article_id` DESC LIMIT 0,6 [ RunTime:0.000770s ]
[2021-05-17T06:24:06+08:00][sql] SELECT article_id,article_title,click_num,FROM_UNIXTIME(add_time,'%Y-%m-%d') as add_time FROM `carver_article` WHERE  `is_show` = 1  AND `delete_time` = 0 ORDER BY `click_num` DESC LIMIT 3 [ RunTime:0.000530s ]
[2021-05-17T06:24:06+08:00][sql] SHOW FULL COLUMNS FROM `carver_notice` [ RunTime:0.000623s ]
[2021-05-17T06:24:06+08:00][sql] SELECT * FROM `carver_notice` ORDER BY `create_time` DESC LIMIT 3 [ RunTime:0.000271s ]
[2021-05-17T06:24:06+08:00][sql] SHOW FULL COLUMNS FROM `carver_navigation` [ RunTime:0.000644s ]
[2021-05-17T06:24:06+08:00][sql] SELECT * FROM `carver_navigation` [ RunTime:0.000407s ]
[2021-05-17T06:24:06+08:00][sql] SHOW FULL COLUMNS FROM `carver_link` [ RunTime:0.000551s ]
[2021-05-17T06:24:06+08:00][sql] SELECT * FROM `carver_link` WHERE  ( is_confirm=2 ) LIMIT 20 [ RunTime:0.000306s ]
[2021-05-17T06:24:06+08:00][sql] SELECT `article_label` FROM `carver_article` [ RunTime:0.000337s ]
[2021-05-17T06:24:06+08:00][sql] SHOW FULL COLUMNS FROM `carver_carouse` [ RunTime:0.000513s ]
[2021-05-17T06:24:06+08:00][sql] SELECT `carouse_img`,`carouse_desc` FROM `carver_carouse` WHERE  `is_show` = 1 ORDER BY `carouse_sort` DESC LIMIT 3 [ RunTime:0.000307s ]
[2021-05-17T06:24:06+08:00][sql] SHOW FULL COLUMNS FROM `carver_site` [ RunTime:0.000533s ]
[2021-05-17T06:24:06+08:00][sql] SELECT * FROM `carver_site` [ RunTime:0.000252s ]
[2021-05-17T06:41:50+08:00][sql] CONNECT:[ UseTime:0.000617s ] mysql:host=127.0.0.1;port=3306;dbname=carver;charset=utf8
[2021-05-17T06:41:50+08:00][sql] SHOW FULL COLUMNS FROM `carver_user` [ RunTime:0.000829s ]
[2021-05-17T06:41:50+08:00][sql] SHOW FULL COLUMNS FROM `carver_article` [ RunTime:0.000708s ]
[2021-05-17T06:41:50+08:00][sql] SELECT COUNT(*) AS think_count FROM `carver_article` WHERE  `delete_time` = 0  AND `is_show` = 1 [ RunTime:0.000428s ]
[2021-05-17T06:41:50+08:00][sql] SELECT `article_id`,`article_title`,`article_desc`,`article_content`,`article_img`,`article_guide`,`article_label`,`click_num`,`is_show`,`add_time`,`article_author`,`is_top_show` FROM `carver_article` WHERE  `delete_time` = 0  AND `is_show` = 1 ORDER BY `article_id` DESC LIMIT 0,6 [ RunTime:0.000763s ]
[2021-05-17T06:41:50+08:00][sql] SELECT article_id,article_title,click_num,FROM_UNIXTIME(add_time,'%Y-%m-%d') as add_time FROM `carver_article` WHERE  `is_show` = 1  AND `delete_time` = 0 ORDER BY `click_num` DESC LIMIT 3 [ RunTime:0.000547s ]
[2021-05-17T06:41:50+08:00][sql] SHOW FULL COLUMNS FROM `carver_notice` [ RunTime:0.000641s ]
[2021-05-17T06:41:50+08:00][sql] SELECT * FROM `carver_notice` ORDER BY `create_time` DESC LIMIT 3 [ RunTime:0.000284s ]
[2021-05-17T06:41:50+08:00][sql] SHOW FULL COLUMNS FROM `carver_navigation` [ RunTime:0.000574s ]
[2021-05-17T06:41:50+08:00][sql] SELECT * FROM `carver_navigation` [ RunTime:0.000257s ]
[2021-05-17T06:41:50+08:00][sql] SHOW FULL COLUMNS FROM `carver_link` [ RunTime:0.000919s ]
[2021-05-17T06:41:50+08:00][sql] SELECT * FROM `carver_link` WHERE  ( is_confirm=2 ) LIMIT 20 [ RunTime:0.000448s ]
[2021-05-17T06:41:50+08:00][sql] SELECT `article_label` FROM `carver_article` [ RunTime:0.000263s ]
[2021-05-17T06:41:50+08:00][sql] SHOW FULL COLUMNS FROM `carver_carouse` [ RunTime:0.000514s ]
[2021-05-17T06:41:50+08:00][sql] SELECT `carouse_img`,`carouse_desc` FROM `carver_carouse` WHERE  `is_show` = 1 ORDER BY `carouse_sort` DESC LIMIT 3 [ RunTime:0.000284s ]
[2021-05-17T06:41:50+08:00][sql] SHOW FULL COLUMNS FROM `carver_site` [ RunTime:0.000507s ]
[2021-05-17T06:41:50+08:00][sql] SELECT * FROM `carver_site` [ RunTime:0.000230s ]
[2021-05-17T07:32:05+08:00][sql] CONNECT:[ UseTime:0.000563s ] mysql:host=127.0.0.1;port=3306;dbname=carver;charset=utf8
[2021-05-17T07:32:05+08:00][sql] SHOW FULL COLUMNS FROM `carver_article` [ RunTime:0.000964s ]
[2021-05-17T07:32:05+08:00][sql] SELECT COUNT(*) AS think_count FROM `carver_article` WHERE  `article_label` LIKE '%swoole%'  AND `delete_time` = 0  AND `is_show` = 1 [ RunTime:0.000411s ]
[2021-05-17T07:32:05+08:00][sql] SELECT * FROM `carver_article` WHERE  `article_label` LIKE '%swoole%'  AND `delete_time` = 0  AND `is_show` = 1 LIMIT 0,6 [ RunTime:0.001376s ]
[2021-05-17T07:32:05+08:00][sql] SELECT article_id,article_title,click_num,FROM_UNIXTIME(add_time,'%Y-%m-%d') as add_time FROM `carver_article` WHERE  `is_show` = 1  AND `delete_time` = 0 ORDER BY `click_num` DESC LIMIT 3 [ RunTime:0.000441s ]
[2021-05-17T07:32:05+08:00][sql] SHOW FULL COLUMNS FROM `carver_notice` [ RunTime:0.000634s ]
[2021-05-17T07:32:05+08:00][sql] SELECT * FROM `carver_notice` ORDER BY `create_time` DESC LIMIT 3 [ RunTime:0.000301s ]
[2021-05-17T07:32:05+08:00][sql] SHOW FULL COLUMNS FROM `carver_navigation` [ RunTime:0.001024s ]
[2021-05-17T07:32:05+08:00][sql] SELECT * FROM `carver_navigation` [ RunTime:0.000246s ]
[2021-05-17T07:32:05+08:00][sql] SHOW FULL COLUMNS FROM `carver_link` [ RunTime:0.000532s ]
[2021-05-17T07:32:05+08:00][sql] SELECT * FROM `carver_link` WHERE  ( is_confirm=2 ) LIMIT 20 [ RunTime:0.000296s ]
[2021-05-17T07:32:05+08:00][sql] SELECT `article_label` FROM `carver_article` [ RunTime:0.000276s ]
[2021-05-17T07:32:05+08:00][sql] SHOW FULL COLUMNS FROM `carver_carouse` [ RunTime:0.000523s ]
[2021-05-17T07:32:05+08:00][sql] SELECT `carouse_img`,`carouse_desc` FROM `carver_carouse` WHERE  `is_show` = 1 ORDER BY `carouse_sort` DESC LIMIT 3 [ RunTime:0.000376s ]
[2021-05-17T07:32:05+08:00][sql] SHOW FULL COLUMNS FROM `carver_site` [ RunTime:0.000534s ]
[2021-05-17T07:32:05+08:00][sql] SELECT * FROM `carver_site` [ RunTime:0.000283s ]
[2021-05-17T10:00:25+08:00][sql] CONNECT:[ UseTime:0.000542s ] mysql:host=127.0.0.1;port=3306;dbname=carver;charset=utf8
[2021-05-17T10:00:25+08:00][sql] SHOW FULL COLUMNS FROM `carver_user` [ RunTime:0.000961s ]
[2021-05-17T10:00:25+08:00][sql] SHOW FULL COLUMNS FROM `carver_article` [ RunTime:0.000698s ]
[2021-05-17T10:00:25+08:00][sql] SELECT COUNT(*) AS think_count FROM `carver_article` WHERE  `delete_time` = 0  AND `is_show` = 1 [ RunTime:0.000384s ]
[2021-05-17T10:00:25+08:00][sql] SELECT `article_id`,`article_title`,`article_desc`,`article_content`,`article_img`,`article_guide`,`article_label`,`click_num`,`is_show`,`add_time`,`article_author`,`is_top_show` FROM `carver_article` WHERE  `delete_time` = 0  AND `is_show` = 1 ORDER BY `article_id` DESC LIMIT 0,6 [ RunTime:0.000759s ]
[2021-05-17T10:00:25+08:00][sql] SELECT article_id,article_title,click_num,FROM_UNIXTIME(add_time,'%Y-%m-%d') as add_time FROM `carver_article` WHERE  `is_show` = 1  AND `delete_time` = 0 ORDER BY `click_num` DESC LIMIT 3 [ RunTime:0.000397s ]
[2021-05-17T10:00:25+08:00][sql] SHOW FULL COLUMNS FROM `carver_notice` [ RunTime:0.000573s ]
[2021-05-17T10:00:25+08:00][sql] SELECT * FROM `carver_notice` ORDER BY `create_time` DESC LIMIT 3 [ RunTime:0.000255s ]
[2021-05-17T10:00:25+08:00][sql] SHOW FULL COLUMNS FROM `carver_navigation` [ RunTime:0.000538s ]
[2021-05-17T10:00:25+08:00][sql] SELECT * FROM `carver_navigation` [ RunTime:0.000304s ]
[2021-05-17T10:00:25+08:00][sql] SHOW FULL COLUMNS FROM `carver_link` [ RunTime:0.000532s ]
[2021-05-17T10:00:25+08:00][sql] SELECT * FROM `carver_link` WHERE  ( is_confirm=2 ) LIMIT 20 [ RunTime:0.000274s ]
[2021-05-17T10:00:25+08:00][sql] SELECT `article_label` FROM `carver_article` [ RunTime:0.000264s ]
[2021-05-17T10:00:25+08:00][sql] SHOW FULL COLUMNS FROM `carver_carouse` [ RunTime:0.000519s ]
[2021-05-17T10:00:25+08:00][sql] SELECT `carouse_img`,`carouse_desc` FROM `carver_carouse` WHERE  `is_show` = 1 ORDER BY `carouse_sort` DESC LIMIT 3 [ RunTime:0.000303s ]
[2021-05-17T10:00:25+08:00][sql] SHOW FULL COLUMNS FROM `carver_site` [ RunTime:0.000510s ]
[2021-05-17T10:00:25+08:00][sql] SELECT * FROM `carver_site` [ RunTime:0.000238s ]
[2021-05-17T10:14:03+08:00][sql] CONNECT:[ UseTime:0.000668s ] mysql:host=127.0.0.1;port=3306;dbname=carver;charset=utf8
[2021-05-17T10:14:03+08:00][sql] SHOW FULL COLUMNS FROM `carver_article` [ RunTime:0.000993s ]
[2021-05-17T10:14:03+08:00][sql] SELECT `article_id`,`article_title`,`article_desc`,`article_content`,`article_img`,`article_guide`,`article_label`,`click_num`,`is_show`,`add_time`,`article_author` FROM `carver_article` WHERE  `article_id` = 11 LIMIT 1 [ RunTime:0.000466s ]
[2021-05-17T10:14:03+08:00][sql] SELECT `article_id`,`article_title`,`article_desc`,`article_content`,`article_img`,`article_guide`,`article_label`,`click_num`,`is_show`,`add_time`,`article_author` FROM `carver_article` WHERE  `article_id` > 11 LIMIT 1 [ RunTime:0.000411s ]
[2021-05-17T10:14:03+08:00][sql] SELECT `article_id`,`article_title`,`article_desc`,`article_content`,`article_img`,`article_guide`,`article_label`,`click_num`,`is_show`,`add_time`,`article_author` FROM `carver_article` WHERE  `article_id` < 11 ORDER BY `article_id` DESC LIMIT 1 [ RunTime:0.000562s ]
[2021-05-17T10:14:03+08:00][sql] SHOW FULL COLUMNS FROM `carver_link` [ RunTime:0.000650s ]
[2021-05-17T10:14:03+08:00][sql] SELECT * FROM `carver_link` WHERE  ( is_confirm=2 ) LIMIT 20 [ RunTime:0.000328s ]
[2021-05-17T10:14:03+08:00][sql] SELECT article_id,article_title,click_num,FROM_UNIXTIME(add_time,'%Y-%m-%d') as add_time FROM `carver_article` ORDER BY `click_num` DESC LIMIT 3 [ RunTime:0.000410s ]
[2021-05-17T10:14:03+08:00][sql] SHOW FULL COLUMNS FROM `carver_comment` [ RunTime:0.003752s ]
[2021-05-17T10:14:03+08:00][sql] SELECT `a`.*,`b`.`user_name` FROM `carver_comment` `a` INNER JOIN `carver_user` `b` ON `a`.`user_id`=`b`.`user_id` WHERE  `article_id` = 11 ORDER BY `create_time` DESC [ RunTime:0.000546s ]
[2021-05-17T10:14:03+08:00][sql] SHOW FULL COLUMNS FROM `carver_comment_to_others` [ RunTime:0.002818s ]
[2021-05-17T10:14:03+08:00][sql] SELECT * FROM `carver_comment_to_others` [ RunTime:0.000307s ]
[2021-05-17T10:14:03+08:00][sql] SHOW FULL COLUMNS FROM `carver_user` [ RunTime:0.000543s ]
[2021-05-17T10:14:03+08:00][sql] SELECT `user_name` FROM `carver_user` WHERE  `user_id` = 4 LIMIT 1 [ RunTime:0.000268s ]
[2021-05-17T10:14:03+08:00][sql] SELECT `user_name` FROM `carver_user` WHERE  `user_id` = 4 LIMIT 1 [ RunTime:0.000229s ]
[2021-05-17T10:14:03+08:00][sql] SELECT `user_name` FROM `carver_user` WHERE  `user_id` = 5 LIMIT 1 [ RunTime:0.000224s ]
[2021-05-17T10:14:03+08:00][sql] SELECT `user_name` FROM `carver_user` WHERE  `user_id` = 5 LIMIT 1 [ RunTime:0.000249s ]
[2021-05-17T10:14:03+08:00][sql] SELECT `user_name` FROM `carver_user` WHERE  `user_id` = 37 LIMIT 1 [ RunTime:0.000254s ]
[2021-05-17T10:14:03+08:00][sql] SELECT `user_name`,`user_id` FROM `carver_user` [ RunTime:0.000431s ]
[2021-05-17T10:14:03+08:00][sql] SHOW FULL COLUMNS FROM `carver_navigation` [ RunTime:0.000661s ]
[2021-05-17T10:14:03+08:00][sql] SELECT * FROM `carver_navigation` [ RunTime:0.000264s ]
[2021-05-17T10:14:03+08:00][sql] SELECT `article_label` FROM `carver_article` [ RunTime:0.000309s ]
[2021-05-17T10:57:49+08:00][sql] CONNECT:[ UseTime:0.000666s ] mysql:host=127.0.0.1;port=3306;dbname=carver;charset=utf8
[2021-05-17T10:57:49+08:00][sql] SHOW FULL COLUMNS FROM `carver_article` [ RunTime:0.000940s ]
[2021-05-17T10:57:49+08:00][sql] SELECT COUNT(*) AS think_count FROM `carver_article` WHERE  `article_guide` = 6  AND `delete_time` = 0  AND `is_show` = 1 [ RunTime:0.000468s ]
[2021-05-17T10:57:49+08:00][sql] SELECT * FROM `carver_article` WHERE  `article_guide` = 6  AND `delete_time` = 0  AND `is_show` = 1 ORDER BY `add_time` DESC LIMIT 0,6 [ RunTime:0.000904s ]
[2021-05-17T10:57:49+08:00][sql] SELECT article_id,article_title,click_num,FROM_UNIXTIME(add_time,'%Y-%m-%d') as add_time FROM `carver_article` WHERE  `is_show` = 1  AND `delete_time` = 0 ORDER BY `click_num` DESC LIMIT 3 [ RunTime:0.000548s ]
[2021-05-17T10:57:49+08:00][sql] SHOW FULL COLUMNS FROM `carver_notice` [ RunTime:0.000659s ]
[2021-05-17T10:57:49+08:00][sql] SELECT * FROM `carver_notice` ORDER BY `create_time` DESC LIMIT 3 [ RunTime:0.000308s ]
[2021-05-17T10:57:49+08:00][sql] SHOW FULL COLUMNS FROM `carver_navigation` [ RunTime:0.001109s ]
[2021-05-17T10:57:49+08:00][sql] SELECT * FROM `carver_navigation` [ RunTime:0.000330s ]
[2021-05-17T10:57:49+08:00][sql] SELECT `article_label` FROM `carver_article` [ RunTime:0.000319s ]
[2021-05-17T10:57:49+08:00][sql] SHOW FULL COLUMNS FROM `carver_carouse` [ RunTime:0.000528s ]
[2021-05-17T10:57:49+08:00][sql] SELECT `carouse_img`,`carouse_desc` FROM `carver_carouse` WHERE  `is_show` = 1 ORDER BY `carouse_sort` DESC LIMIT 3 [ RunTime:0.000315s ]
[2021-05-17T10:57:49+08:00][sql] SHOW FULL COLUMNS FROM `carver_link` [ RunTime:0.000526s ]
[2021-05-17T10:57:49+08:00][sql] SELECT * FROM `carver_link` WHERE  ( is_confirm=2 ) LIMIT 20 [ RunTime:0.000305s ]
[2021-05-17T10:57:49+08:00][sql] SHOW FULL COLUMNS FROM `carver_site` [ RunTime:0.000527s ]
[2021-05-17T10:57:49+08:00][sql] SELECT * FROM `carver_site` [ RunTime:0.000256s ]
[2021-05-17T11:44:19+08:00][sql] CONNECT:[ UseTime:0.000494s ] mysql:host=127.0.0.1;port=3306;dbname=carver;charset=utf8
[2021-05-17T11:44:19+08:00][sql] SHOW FULL COLUMNS FROM `carver_user` [ RunTime:0.000896s ]
[2021-05-17T11:44:19+08:00][sql] SHOW FULL COLUMNS FROM `carver_article` [ RunTime:0.000765s ]
[2021-05-17T11:44:19+08:00][sql] SELECT COUNT(*) AS think_count FROM `carver_article` WHERE  `delete_time` = 0  AND `is_show` = 1 [ RunTime:0.000503s ]
[2021-05-17T11:44:19+08:00][sql] SELECT `article_id`,`article_title`,`article_desc`,`article_content`,`article_img`,`article_guide`,`article_label`,`click_num`,`is_show`,`add_time`,`article_author`,`is_top_show` FROM `carver_article` WHERE  `delete_time` = 0  AND `is_show` = 1 ORDER BY `article_id` DESC LIMIT 0,6 [ RunTime:0.000860s ]
[2021-05-17T11:44:19+08:00][sql] SELECT article_id,article_title,click_num,FROM_UNIXTIME(add_time,'%Y-%m-%d') as add_time FROM `carver_article` WHERE  `is_show` = 1  AND `delete_time` = 0 ORDER BY `click_num` DESC LIMIT 3 [ RunTime:0.000524s ]
[2021-05-17T11:44:19+08:00][sql] SHOW FULL COLUMNS FROM `carver_notice` [ RunTime:0.000567s ]
[2021-05-17T11:44:19+08:00][sql] SELECT * FROM `carver_notice` ORDER BY `create_time` DESC LIMIT 3 [ RunTime:0.000307s ]
[2021-05-17T11:44:19+08:00][sql] SHOW FULL COLUMNS FROM `carver_navigation` [ RunTime:0.000536s ]
[2021-05-17T11:44:19+08:00][sql] SELECT * FROM `carver_navigation` [ RunTime:0.000244s ]
[2021-05-17T11:44:19+08:00][sql] SHOW FULL COLUMNS FROM `carver_link` [ RunTime:0.000540s ]
[2021-05-17T11:44:19+08:00][sql] SELECT * FROM `carver_link` WHERE  ( is_confirm=2 ) LIMIT 20 [ RunTime:0.000345s ]
[2021-05-17T11:44:19+08:00][sql] SELECT `article_label` FROM `carver_article` [ RunTime:0.000354s ]
[2021-05-17T11:44:19+08:00][sql] SHOW FULL COLUMNS FROM `carver_carouse` [ RunTime:0.000553s ]
[2021-05-17T11:44:19+08:00][sql] SELECT `carouse_img`,`carouse_desc` FROM `carver_carouse` WHERE  `is_show` = 1 ORDER BY `carouse_sort` DESC LIMIT 3 [ RunTime:0.000293s ]
[2021-05-17T11:44:19+08:00][sql] SHOW FULL COLUMNS FROM `carver_site` [ RunTime:0.000620s ]
[2021-05-17T11:44:19+08:00][sql] SELECT * FROM `carver_site` [ RunTime:0.000347s ]
[2021-05-17T13:55:52+08:00][sql] CONNECT:[ UseTime:0.000468s ] mysql:host=127.0.0.1;port=3306;dbname=carver;charset=utf8
[2021-05-17T13:55:52+08:00][sql] SHOW FULL COLUMNS FROM `carver_user` [ RunTime:0.000866s ]
[2021-05-17T13:55:52+08:00][sql] SHOW FULL COLUMNS FROM `carver_article` [ RunTime:0.000661s ]
[2021-05-17T13:55:52+08:00][sql] SELECT COUNT(*) AS think_count FROM `carver_article` WHERE  `delete_time` = 0  AND `is_show` = 1 [ RunTime:0.000378s ]
[2021-05-17T13:55:52+08:00][sql] SELECT `article_id`,`article_title`,`article_desc`,`article_content`,`article_img`,`article_guide`,`article_label`,`click_num`,`is_show`,`add_time`,`article_author`,`is_top_show` FROM `carver_article` WHERE  `delete_time` = 0  AND `is_show` = 1 ORDER BY `article_id` DESC LIMIT 0,6 [ RunTime:0.000701s ]
[2021-05-17T13:55:52+08:00][sql] SELECT article_id,article_title,click_num,FROM_UNIXTIME(add_time,'%Y-%m-%d') as add_time FROM `carver_article` WHERE  `is_show` = 1  AND `delete_time` = 0 ORDER BY `click_num` DESC LIMIT 3 [ RunTime:0.000404s ]
[2021-05-17T13:55:52+08:00][sql] SHOW FULL COLUMNS FROM `carver_notice` [ RunTime:0.000545s ]
[2021-05-17T13:55:52+08:00][sql] SELECT * FROM `carver_notice` ORDER BY `create_time` DESC LIMIT 3 [ RunTime:0.000267s ]
[2021-05-17T13:55:52+08:00][sql] SHOW FULL COLUMNS FROM `carver_navigation` [ RunTime:0.000496s ]
[2021-05-17T13:55:52+08:00][sql] SELECT * FROM `carver_navigation` [ RunTime:0.000246s ]
[2021-05-17T13:55:52+08:00][sql] SHOW FULL COLUMNS FROM `carver_link` [ RunTime:0.000492s ]
[2021-05-17T13:55:52+08:00][sql] SELECT * FROM `carver_link` WHERE  ( is_confirm=2 ) LIMIT 20 [ RunTime:0.000273s ]
[2021-05-17T13:55:52+08:00][sql] SELECT `article_label` FROM `carver_article` [ RunTime:0.000278s ]
[2021-05-17T13:55:52+08:00][sql] SHOW FULL COLUMNS FROM `carver_carouse` [ RunTime:0.000459s ]
[2021-05-17T13:55:52+08:00][sql] SELECT `carouse_img`,`carouse_desc` FROM `carver_carouse` WHERE  `is_show` = 1 ORDER BY `carouse_sort` DESC LIMIT 3 [ RunTime:0.000309s ]
[2021-05-17T13:55:52+08:00][sql] SHOW FULL COLUMNS FROM `carver_site` [ RunTime:0.000458s ]
[2021-05-17T13:55:52+08:00][sql] SELECT * FROM `carver_site` [ RunTime:0.000216s ]
[2021-05-17T15:24:17+08:00][sql] CONNECT:[ UseTime:0.000680s ] mysql:host=127.0.0.1;port=3306;dbname=carver;charset=utf8
[2021-05-17T15:24:17+08:00][sql] SHOW FULL COLUMNS FROM `carver_user` [ RunTime:0.000867s ]
[2021-05-17T15:24:17+08:00][sql] SHOW FULL COLUMNS FROM `carver_article` [ RunTime:0.000757s ]
[2021-05-17T15:24:17+08:00][sql] SELECT COUNT(*) AS think_count FROM `carver_article` WHERE  `delete_time` = 0  AND `is_show` = 1 [ RunTime:0.000396s ]
[2021-05-17T15:24:17+08:00][sql] SELECT `article_id`,`article_title`,`article_desc`,`article_content`,`article_img`,`article_guide`,`article_label`,`click_num`,`is_show`,`add_time`,`article_author`,`is_top_show` FROM `carver_article` WHERE  `delete_time` = 0  AND `is_show` = 1 ORDER BY `article_id` DESC LIMIT 0,6 [ RunTime:0.000802s ]
[2021-05-17T15:24:17+08:00][sql] SELECT article_id,article_title,click_num,FROM_UNIXTIME(add_time,'%Y-%m-%d') as add_time FROM `carver_article` WHERE  `is_show` = 1  AND `delete_time` = 0 ORDER BY `click_num` DESC LIMIT 3 [ RunTime:0.000469s ]
[2021-05-17T15:24:17+08:00][sql] SHOW FULL COLUMNS FROM `carver_notice` [ RunTime:0.000579s ]
[2021-05-17T15:24:17+08:00][sql] SELECT * FROM `carver_notice` ORDER BY `create_time` DESC LIMIT 3 [ RunTime:0.000301s ]
[2021-05-17T15:24:17+08:00][sql] SHOW FULL COLUMNS FROM `carver_navigation` [ RunTime:0.000504s ]
[2021-05-17T15:24:17+08:00][sql] SELECT * FROM `carver_navigation` [ RunTime:0.000248s ]
[2021-05-17T15:24:17+08:00][sql] SHOW FULL COLUMNS FROM `carver_link` [ RunTime:0.000490s ]
[2021-05-17T15:24:17+08:00][sql] SELECT * FROM `carver_link` WHERE  ( is_confirm=2 ) LIMIT 20 [ RunTime:0.000291s ]
[2021-05-17T15:24:17+08:00][sql] SELECT `article_label` FROM `carver_article` [ RunTime:0.000332s ]
[2021-05-17T15:24:17+08:00][sql] SHOW FULL COLUMNS FROM `carver_carouse` [ RunTime:0.000529s ]
[2021-05-17T15:24:17+08:00][sql] SELECT `carouse_img`,`carouse_desc` FROM `carver_carouse` WHERE  `is_show` = 1 ORDER BY `carouse_sort` DESC LIMIT 3 [ RunTime:0.000316s ]
[2021-05-17T15:24:17+08:00][sql] SHOW FULL COLUMNS FROM `carver_site` [ RunTime:0.000475s ]
[2021-05-17T15:24:17+08:00][sql] SELECT * FROM `carver_site` [ RunTime:0.000224s ]
[2021-05-17T16:50:44+08:00][sql] CONNECT:[ UseTime:0.000617s ] mysql:host=127.0.0.1;port=3306;dbname=carver;charset=utf8
[2021-05-17T16:50:44+08:00][sql] SHOW FULL COLUMNS FROM `carver_article` [ RunTime:0.000973s ]
[2021-05-17T16:50:44+08:00][sql] SELECT `article_id`,`article_title`,`article_desc`,`article_content`,`article_img`,`article_guide`,`article_label`,`click_num`,`is_show`,`add_time`,`article_author` FROM `carver_article` WHERE  `article_id` = 26 LIMIT 1 [ RunTime:0.000603s ]
[2021-05-17T16:50:44+08:00][sql] SELECT `article_id`,`article_title`,`article_desc`,`article_content`,`article_img`,`article_guide`,`article_label`,`click_num`,`is_show`,`add_time`,`article_author` FROM `carver_article` WHERE  `article_id` > 26 LIMIT 1 [ RunTime:0.000452s ]
[2021-05-17T16:50:44+08:00][sql] SELECT `article_id`,`article_title`,`article_desc`,`article_content`,`article_img`,`article_guide`,`article_label`,`click_num`,`is_show`,`add_time`,`article_author` FROM `carver_article` WHERE  `article_id` < 26 ORDER BY `article_id` DESC LIMIT 1 [ RunTime:0.000416s ]
[2021-05-17T16:50:44+08:00][sql] SHOW FULL COLUMNS FROM `carver_link` [ RunTime:0.000647s ]
[2021-05-17T16:50:44+08:00][sql] SELECT * FROM `carver_link` WHERE  ( is_confirm=2 ) LIMIT 20 [ RunTime:0.000298s ]
[2021-05-17T16:50:44+08:00][sql] SELECT article_id,article_title,click_num,FROM_UNIXTIME(add_time,'%Y-%m-%d') as add_time FROM `carver_article` ORDER BY `click_num` DESC LIMIT 3 [ RunTime:0.000450s ]
[2021-05-17T16:50:44+08:00][sql] SHOW FULL COLUMNS FROM `carver_comment` [ RunTime:0.000717s ]
[2021-05-17T16:50:44+08:00][sql] SELECT `a`.*,`b`.`user_name` FROM `carver_comment` `a` INNER JOIN `carver_user` `b` ON `a`.`user_id`=`b`.`user_id` WHERE  `article_id` = 26 ORDER BY `create_time` DESC [ RunTime:0.000471s ]
[2021-05-17T16:50:44+08:00][sql] SHOW FULL COLUMNS FROM `carver_comment_to_others` [ RunTime:0.000566s ]
[2021-05-17T16:50:44+08:00][sql] SELECT * FROM `carver_comment_to_others` [ RunTime:0.000272s ]
[2021-05-17T16:50:44+08:00][sql] SHOW FULL COLUMNS FROM `carver_user` [ RunTime:0.000465s ]
[2021-05-17T16:50:44+08:00][sql] SELECT `user_name` FROM `carver_user` WHERE  `user_id` = 4 LIMIT 1 [ RunTime:0.000300s ]
[2021-05-17T16:50:44+08:00][sql] SELECT `user_name` FROM `carver_user` WHERE  `user_id` = 4 LIMIT 1 [ RunTime:0.000240s ]
[2021-05-17T16:50:44+08:00][sql] SELECT `user_name` FROM `carver_user` WHERE  `user_id` = 5 LIMIT 1 [ RunTime:0.000210s ]
[2021-05-17T16:50:44+08:00][sql] SELECT `user_name` FROM `carver_user` WHERE  `user_id` = 5 LIMIT 1 [ RunTime:0.000230s ]
[2021-05-17T16:50:44+08:00][sql] SELECT `user_name` FROM `carver_user` WHERE  `user_id` = 37 LIMIT 1 [ RunTime:0.000236s ]
[2021-05-17T16:50:44+08:00][sql] SELECT `user_name`,`user_id` FROM `carver_user` [ RunTime:0.000272s ]
[2021-05-17T16:50:44+08:00][sql] SHOW FULL COLUMNS FROM `carver_navigation` [ RunTime:0.000629s ]
[2021-05-17T16:50:44+08:00][sql] SELECT * FROM `carver_navigation` [ RunTime:0.000255s ]
[2021-05-17T16:50:44+08:00][sql] SELECT `article_label` FROM `carver_article` [ RunTime:0.000266s ]
[2021-05-17T17:13:55+08:00][sql] CONNECT:[ UseTime:0.000525s ] mysql:host=127.0.0.1;port=3306;dbname=carver;charset=utf8
[2021-05-17T17:13:55+08:00][sql] SHOW FULL COLUMNS FROM `carver_article` [ RunTime:0.000888s ]
[2021-05-17T17:13:55+08:00][sql] SELECT COUNT(*) AS think_count FROM `carver_article` WHERE  `article_label` LIKE '%php%'  AND `delete_time` = 0  AND `is_show` = 1 [ RunTime:0.000437s ]
[2021-05-17T17:13:55+08:00][sql] SELECT * FROM `carver_article` WHERE  `article_label` LIKE '%php%'  AND `delete_time` = 0  AND `is_show` = 1 LIMIT 0,6 [ RunTime:0.001189s ]
[2021-05-17T17:13:55+08:00][sql] SELECT article_id,article_title,click_num,FROM_UNIXTIME(add_time,'%Y-%m-%d') as add_time FROM `carver_article` WHERE  `is_show` = 1  AND `delete_time` = 0 ORDER BY `click_num` DESC LIMIT 3 [ RunTime:0.000517s ]
[2021-05-17T17:13:55+08:00][sql] SHOW FULL COLUMNS FROM `carver_notice` [ RunTime:0.000843s ]
[2021-05-17T17:13:55+08:00][sql] SELECT * FROM `carver_notice` ORDER BY `create_time` DESC LIMIT 3 [ RunTime:0.000287s ]
[2021-05-17T17:13:55+08:00][sql] SHOW FULL COLUMNS FROM `carver_navigation` [ RunTime:0.000542s ]
[2021-05-17T17:13:55+08:00][sql] SELECT * FROM `carver_navigation` [ RunTime:0.000285s ]
[2021-05-17T17:13:55+08:00][sql] SHOW FULL COLUMNS FROM `carver_link` [ RunTime:0.000552s ]
[2021-05-17T17:13:55+08:00][sql] SELECT * FROM `carver_link` WHERE  ( is_confirm=2 ) LIMIT 20 [ RunTime:0.000305s ]
[2021-05-17T17:13:55+08:00][sql] SELECT `article_label` FROM `carver_article` [ RunTime:0.000254s ]
[2021-05-17T17:13:55+08:00][sql] SHOW FULL COLUMNS FROM `carver_carouse` [ RunTime:0.000546s ]
[2021-05-17T17:13:55+08:00][sql] SELECT `carouse_img`,`carouse_desc` FROM `carver_carouse` WHERE  `is_show` = 1 ORDER BY `carouse_sort` DESC LIMIT 3 [ RunTime:0.000287s ]
[2021-05-17T17:13:55+08:00][sql] SHOW FULL COLUMNS FROM `carver_site` [ RunTime:0.000522s ]
[2021-05-17T17:13:55+08:00][sql] SELECT * FROM `carver_site` [ RunTime:0.000225s ]
[2021-05-17T17:47:00+08:00][sql] CONNECT:[ UseTime:0.000821s ] mysql:host=127.0.0.1;port=3306;dbname=carver;charset=utf8
[2021-05-17T17:47:00+08:00][sql] SHOW FULL COLUMNS FROM `carver_article` [ RunTime:0.000893s ]
[2021-05-17T17:47:00+08:00][sql] SELECT COUNT(*) AS think_count FROM `carver_article` WHERE  `article_label` LIKE '%php%'  AND `delete_time` = 0  AND `is_show` = 1 [ RunTime:0.000418s ]
[2021-05-17T17:47:00+08:00][sql] SELECT * FROM `carver_article` WHERE  `article_label` LIKE '%php%'  AND `delete_time` = 0  AND `is_show` = 1 LIMIT 6,6 [ RunTime:0.005428s ]
[2021-05-17T17:47:00+08:00][sql] SELECT article_id,article_title,click_num,FROM_UNIXTIME(add_time,'%Y-%m-%d') as add_time FROM `carver_article` WHERE  `is_show` = 1  AND `delete_time` = 0 ORDER BY `click_num` DESC LIMIT 3 [ RunTime:0.000642s ]
[2021-05-17T17:47:00+08:00][sql] SHOW FULL COLUMNS FROM `carver_notice` [ RunTime:0.000643s ]
[2021-05-17T17:47:00+08:00][sql] SELECT * FROM `carver_notice` ORDER BY `create_time` DESC LIMIT 3 [ RunTime:0.000311s ]
[2021-05-17T17:47:00+08:00][sql] SHOW FULL COLUMNS FROM `carver_navigation` [ RunTime:0.000520s ]
[2021-05-17T17:47:00+08:00][sql] SELECT * FROM `carver_navigation` [ RunTime:0.000252s ]
[2021-05-17T17:47:00+08:00][sql] SHOW FULL COLUMNS FROM `carver_link` [ RunTime:0.000584s ]
[2021-05-17T17:47:00+08:00][sql] SELECT * FROM `carver_link` WHERE  ( is_confirm=2 ) LIMIT 20 [ RunTime:0.000318s ]
[2021-05-17T17:47:00+08:00][sql] SELECT `article_label` FROM `carver_article` [ RunTime:0.000264s ]
[2021-05-17T17:47:00+08:00][sql] SHOW FULL COLUMNS FROM `carver_carouse` [ RunTime:0.000482s ]
[2021-05-17T17:47:00+08:00][sql] SELECT `carouse_img`,`carouse_desc` FROM `carver_carouse` WHERE  `is_show` = 1 ORDER BY `carouse_sort` DESC LIMIT 3 [ RunTime:0.000366s ]
[2021-05-17T17:47:00+08:00][sql] SHOW FULL COLUMNS FROM `carver_site` [ RunTime:0.000774s ]
[2021-05-17T17:47:00+08:00][sql] SELECT * FROM `carver_site` [ RunTime:0.000406s ]
[2021-05-17T22:47:44+08:00][sql] CONNECT:[ UseTime:0.000570s ] mysql:host=127.0.0.1;port=3306;dbname=carver;charset=utf8
[2021-05-17T22:47:44+08:00][sql] SHOW FULL COLUMNS FROM `carver_user` [ RunTime:0.000894s ]
[2021-05-17T22:47:44+08:00][sql] SHOW FULL COLUMNS FROM `carver_article` [ RunTime:0.000813s ]
[2021-05-17T22:47:44+08:00][sql] SELECT COUNT(*) AS think_count FROM `carver_article` WHERE  `delete_time` = 0  AND `is_show` = 1 [ RunTime:0.000437s ]
[2021-05-17T22:47:44+08:00][sql] SELECT `article_id`,`article_title`,`article_desc`,`article_content`,`article_img`,`article_guide`,`article_label`,`click_num`,`is_show`,`add_time`,`article_author`,`is_top_show` FROM `carver_article` WHERE  `delete_time` = 0  AND `is_show` = 1 ORDER BY `article_id` DESC LIMIT 0,6 [ RunTime:0.000797s ]
[2021-05-17T22:47:44+08:00][sql] SELECT article_id,article_title,click_num,FROM_UNIXTIME(add_time,'%Y-%m-%d') as add_time FROM `carver_article` WHERE  `is_show` = 1  AND `delete_time` = 0 ORDER BY `click_num` DESC LIMIT 3 [ RunTime:0.000505s ]
[2021-05-17T22:47:44+08:00][sql] SHOW FULL COLUMNS FROM `carver_notice` [ RunTime:0.000608s ]
[2021-05-17T22:47:44+08:00][sql] SELECT * FROM `carver_notice` ORDER BY `create_time` DESC LIMIT 3 [ RunTime:0.000302s ]
[2021-05-17T22:47:44+08:00][sql] SHOW FULL COLUMNS FROM `carver_navigation` [ RunTime:0.000539s ]
[2021-05-17T22:47:44+08:00][sql] SELECT * FROM `carver_navigation` [ RunTime:0.000278s ]
[2021-05-17T22:47:44+08:00][sql] SHOW FULL COLUMNS FROM `carver_link` [ RunTime:0.000673s ]
[2021-05-17T22:47:44+08:00][sql] SELECT * FROM `carver_link` WHERE  ( is_confirm=2 ) LIMIT 20 [ RunTime:0.000321s ]
[2021-05-17T22:47:44+08:00][sql] SELECT `article_label` FROM `carver_article` [ RunTime:0.000353s ]
[2021-05-17T22:47:44+08:00][sql] SHOW FULL COLUMNS FROM `carver_carouse` [ RunTime:0.000538s ]
[2021-05-17T22:47:44+08:00][sql] SELECT `carouse_img`,`carouse_desc` FROM `carver_carouse` WHERE  `is_show` = 1 ORDER BY `carouse_sort` DESC LIMIT 3 [ RunTime:0.000303s ]
[2021-05-17T22:47:44+08:00][sql] SHOW FULL COLUMNS FROM `carver_site` [ RunTime:0.000549s ]
[2021-05-17T22:47:44+08:00][sql] SELECT * FROM `carver_site` [ RunTime:0.000407s ]
[2021-05-17T23:47:13+08:00][sql] CONNECT:[ UseTime:0.000497s ] mysql:host=127.0.0.1;port=3306;dbname=carver;charset=utf8
[2021-05-17T23:47:13+08:00][sql] SHOW FULL COLUMNS FROM `carver_user` [ RunTime:0.000853s ]
[2021-05-17T23:47:13+08:00][sql] SHOW FULL COLUMNS FROM `carver_article` [ RunTime:0.000713s ]
[2021-05-17T23:47:13+08:00][sql] SELECT COUNT(*) AS think_count FROM `carver_article` WHERE  `delete_time` = 0  AND `is_show` = 1 [ RunTime:0.000398s ]
[2021-05-17T23:47:13+08:00][sql] SELECT `article_id`,`article_title`,`article_desc`,`article_content`,`article_img`,`article_guide`,`article_label`,`click_num`,`is_show`,`add_time`,`article_author`,`is_top_show` FROM `carver_article` WHERE  `delete_time` = 0  AND `is_show` = 1 ORDER BY `article_id` DESC LIMIT 24,6 [ RunTime:0.001079s ]
[2021-05-17T23:47:13+08:00][sql] SELECT article_id,article_title,click_num,FROM_UNIXTIME(add_time,'%Y-%m-%d') as add_time FROM `carver_article` WHERE  `is_show` = 1  AND `delete_time` = 0 ORDER BY `click_num` DESC LIMIT 3 [ RunTime:0.000410s ]
[2021-05-17T23:47:13+08:00][sql] SHOW FULL COLUMNS FROM `carver_notice` [ RunTime:0.000632s ]
[2021-05-17T23:47:13+08:00][sql] SELECT * FROM `carver_notice` ORDER BY `create_time` DESC LIMIT 3 [ RunTime:0.000259s ]
[2021-05-17T23:47:13+08:00][sql] SHOW FULL COLUMNS FROM `carver_navigation` [ RunTime:0.000579s ]
[2021-05-17T23:47:13+08:00][sql] SELECT * FROM `carver_navigation` [ RunTime:0.000246s ]
[2021-05-17T23:47:13+08:00][sql] SHOW FULL COLUMNS FROM `carver_link` [ RunTime:0.000525s ]
[2021-05-17T23:47:13+08:00][sql] SELECT * FROM `carver_link` WHERE  ( is_confirm=2 ) LIMIT 20 [ RunTime:0.000286s ]
[2021-05-17T23:47:13+08:00][sql] SELECT `article_label` FROM `carver_article` [ RunTime:0.000275s ]
[2021-05-17T23:47:13+08:00][sql] SHOW FULL COLUMNS FROM `carver_carouse` [ RunTime:0.000494s ]
[2021-05-17T23:47:13+08:00][sql] SELECT `carouse_img`,`carouse_desc` FROM `carver_carouse` WHERE  `is_show` = 1 ORDER BY `carouse_sort` DESC LIMIT 3 [ RunTime:0.000286s ]
[2021-05-17T23:47:13+08:00][sql] SHOW FULL COLUMNS FROM `carver_site` [ RunTime:0.000489s ]
[2021-05-17T23:47:13+08:00][sql] SELECT * FROM `carver_site` [ RunTime:0.000270s ]
