[2021-05-18T05:30:23+08:00][sql] CONNECT:[ UseTime:0.000615s ] mysql:host=127.0.0.1;port=3306;dbname=carver;charset=utf8
[2021-05-18T05:30:23+08:00][sql] SHOW FULL COLUMNS FROM `carver_article` [ RunTime:0.000925s ]
[2021-05-18T05:30:23+08:00][sql] SELECT `article_id`,`article_title`,`article_desc`,`article_content`,`article_img`,`article_guide`,`article_label`,`click_num`,`is_show`,`add_time`,`article_author` FROM `carver_article` WHERE  `article_id` = 7 LIMIT 1 [ RunTime:0.000953s ]
[2021-05-18T05:30:23+08:00][sql] SELECT `article_id`,`article_title`,`article_desc`,`article_content`,`article_img`,`article_guide`,`article_label`,`click_num`,`is_show`,`add_time`,`article_author` FROM `carver_article` WHERE  `article_id` > 7 LIMIT 1 [ RunTime:0.000446s ]
[2021-05-18T05:30:23+08:00][sql] SELECT `article_id`,`article_title`,`article_desc`,`article_content`,`article_img`,`article_guide`,`article_label`,`click_num`,`is_show`,`add_time`,`article_author` FROM `carver_article` WHERE  `article_id` < 7 ORDER BY `article_id` DESC LIMIT 1 [ RunTime:0.000389s ]
[2021-05-18T05:30:23+08:00][sql] SHOW FULL COLUMNS FROM `carver_link` [ RunTime:0.000630s ]
[2021-05-18T05:30:23+08:00][sql] SELECT * FROM `carver_link` WHERE  ( is_confirm=2 ) LIMIT 20 [ RunTime:0.000322s ]
[2021-05-18T05:30:23+08:00][sql] SELECT article_id,article_title,click_num,FROM_UNIXTIME(add_time,'%Y-%m-%d') as add_time FROM `carver_article` ORDER BY `click_num` DESC LIMIT 3 [ RunTime:0.000355s ]
[2021-05-18T05:30:23+08:00][sql] SHOW FULL COLUMNS FROM `carver_comment` [ RunTime:0.000583s ]
[2021-05-18T05:30:23+08:00][sql] SELECT `a`.*,`b`.`user_name` FROM `carver_comment` `a` INNER JOIN `carver_user` `b` ON `a`.`user_id`=`b`.`user_id` WHERE  `article_id` = 7 ORDER BY `create_time` DESC [ RunTime:0.000373s ]
[2021-05-18T05:30:23+08:00][sql] SHOW FULL COLUMNS FROM `carver_comment_to_others` [ RunTime:0.000632s ]
[2021-05-18T05:30:23+08:00][sql] SELECT * FROM `carver_comment_to_others` [ RunTime:0.000241s ]
[2021-05-18T05:30:23+08:00][sql] SHOW FULL COLUMNS FROM `carver_user` [ RunTime:0.000511s ]
[2021-05-18T05:30:23+08:00][sql] SELECT `user_name` FROM `carver_user` WHERE  `user_id` = 4 LIMIT 1 [ RunTime:0.000259s ]
[2021-05-18T05:30:23+08:00][sql] SELECT `user_name` FROM `carver_user` WHERE  `user_id` = 4 LIMIT 1 [ RunTime:0.000224s ]
[2021-05-18T05:30:23+08:00][sql] SELECT `user_name` FROM `carver_user` WHERE  `user_id` = 5 LIMIT 1 [ RunTime:0.000220s ]
[2021-05-18T05:30:23+08:00][sql] SELECT `user_name` FROM `carver_user` WHERE  `user_id` = 5 LIMIT 1 [ RunTime:0.000237s ]
[2021-05-18T05:30:23+08:00][sql] SELECT `user_name` FROM `carver_user` WHERE  `user_id` = 37 LIMIT 1 [ RunTime:0.000227s ]
[2021-05-18T05:30:23+08:00][sql] SELECT `user_name`,`user_id` FROM `carver_user` [ RunTime:0.000245s ]
[2021-05-18T05:30:23+08:00][sql] SHOW FULL COLUMNS FROM `carver_navigation` [ RunTime:0.000527s ]
[2021-05-18T05:30:23+08:00][sql] SELECT * FROM `carver_navigation` [ RunTime:0.000299s ]
[2021-05-18T05:30:23+08:00][sql] SELECT `article_label` FROM `carver_article` [ RunTime:0.000287s ]
[2021-05-18T06:03:07+08:00][sql] CONNECT:[ UseTime:0.000597s ] mysql:host=127.0.0.1;port=3306;dbname=carver;charset=utf8
[2021-05-18T06:03:07+08:00][sql] SHOW FULL COLUMNS FROM `carver_user` [ RunTime:0.000800s ]
[2021-05-18T06:03:07+08:00][sql] SHOW FULL COLUMNS FROM `carver_article` [ RunTime:0.000745s ]
[2021-05-18T06:03:07+08:00][sql] SELECT COUNT(*) AS think_count FROM `carver_article` WHERE  `delete_time` = 0  AND `is_show` = 1 [ RunTime:0.000647s ]
[2021-05-18T06:03:07+08:00][sql] SELECT `article_id`,`article_title`,`article_desc`,`article_content`,`article_img`,`article_guide`,`article_label`,`click_num`,`is_show`,`add_time`,`article_author`,`is_top_show` FROM `carver_article` WHERE  `delete_time` = 0  AND `is_show` = 1 ORDER BY `article_id` DESC LIMIT 0,6 [ RunTime:0.000776s ]
[2021-05-18T06:03:07+08:00][sql] SELECT article_id,article_title,click_num,FROM_UNIXTIME(add_time,'%Y-%m-%d') as add_time FROM `carver_article` WHERE  `is_show` = 1  AND `delete_time` = 0 ORDER BY `click_num` DESC LIMIT 3 [ RunTime:0.000568s ]
[2021-05-18T06:03:07+08:00][sql] SHOW FULL COLUMNS FROM `carver_notice` [ RunTime:0.000587s ]
[2021-05-18T06:03:07+08:00][sql] SELECT * FROM `carver_notice` ORDER BY `create_time` DESC LIMIT 3 [ RunTime:0.000272s ]
[2021-05-18T06:03:07+08:00][sql] SHOW FULL COLUMNS FROM `carver_navigation` [ RunTime:0.000546s ]
[2021-05-18T06:03:07+08:00][sql] SELECT * FROM `carver_navigation` [ RunTime:0.000248s ]
[2021-05-18T06:03:07+08:00][sql] SHOW FULL COLUMNS FROM `carver_link` [ RunTime:0.000517s ]
[2021-05-18T06:03:07+08:00][sql] SELECT * FROM `carver_link` WHERE  ( is_confirm=2 ) LIMIT 20 [ RunTime:0.000298s ]
[2021-05-18T06:03:07+08:00][sql] SELECT `article_label` FROM `carver_article` [ RunTime:0.000292s ]
[2021-05-18T06:03:07+08:00][sql] SHOW FULL COLUMNS FROM `carver_carouse` [ RunTime:0.000517s ]
[2021-05-18T06:03:07+08:00][sql] SELECT `carouse_img`,`carouse_desc` FROM `carver_carouse` WHERE  `is_show` = 1 ORDER BY `carouse_sort` DESC LIMIT 3 [ RunTime:0.000299s ]
[2021-05-18T06:03:07+08:00][sql] SHOW FULL COLUMNS FROM `carver_site` [ RunTime:0.000481s ]
[2021-05-18T06:03:07+08:00][sql] SELECT * FROM `carver_site` [ RunTime:0.000241s ]
[2021-05-18T07:07:35+08:00][sql] CONNECT:[ UseTime:0.000484s ] mysql:host=127.0.0.1;port=3306;dbname=carver;charset=utf8
[2021-05-18T07:07:35+08:00][sql] SHOW FULL COLUMNS FROM `carver_article` [ RunTime:0.001005s ]
[2021-05-18T07:07:35+08:00][sql] SELECT COUNT(*) AS think_count FROM `carver_article` WHERE  `article_label` LIKE '%php;设计模式%'  AND `delete_time` = 0  AND `is_show` = 1 [ RunTime:0.000451s ]
[2021-05-18T07:07:35+08:00][sql] SELECT * FROM `carver_article` WHERE  `article_label` LIKE '%php;设计模式%'  AND `delete_time` = 0  AND `is_show` = 1 LIMIT 0,6 [ RunTime:0.003864s ]
[2021-05-18T07:07:35+08:00][sql] SELECT article_id,article_title,click_num,FROM_UNIXTIME(add_time,'%Y-%m-%d') as add_time FROM `carver_article` WHERE  `is_show` = 1  AND `delete_time` = 0 ORDER BY `click_num` DESC LIMIT 3 [ RunTime:0.000628s ]
[2021-05-18T07:07:35+08:00][sql] SHOW FULL COLUMNS FROM `carver_notice` [ RunTime:0.002110s ]
[2021-05-18T07:07:35+08:00][sql] SELECT * FROM `carver_notice` ORDER BY `create_time` DESC LIMIT 3 [ RunTime:0.000318s ]
[2021-05-18T07:07:35+08:00][sql] SHOW FULL COLUMNS FROM `carver_navigation` [ RunTime:0.000517s ]
[2021-05-18T07:07:35+08:00][sql] SELECT * FROM `carver_navigation` [ RunTime:0.000297s ]
[2021-05-18T07:07:35+08:00][sql] SHOW FULL COLUMNS FROM `carver_link` [ RunTime:0.000506s ]
[2021-05-18T07:07:35+08:00][sql] SELECT * FROM `carver_link` WHERE  ( is_confirm=2 ) LIMIT 20 [ RunTime:0.000306s ]
[2021-05-18T07:07:35+08:00][sql] SELECT `article_label` FROM `carver_article` [ RunTime:0.000295s ]
[2021-05-18T07:07:35+08:00][sql] SHOW FULL COLUMNS FROM `carver_carouse` [ RunTime:0.000491s ]
[2021-05-18T07:07:35+08:00][sql] SELECT `carouse_img`,`carouse_desc` FROM `carver_carouse` WHERE  `is_show` = 1 ORDER BY `carouse_sort` DESC LIMIT 3 [ RunTime:0.000287s ]
[2021-05-18T07:07:35+08:00][sql] SHOW FULL COLUMNS FROM `carver_site` [ RunTime:0.000546s ]
[2021-05-18T07:07:35+08:00][sql] SELECT * FROM `carver_site` [ RunTime:0.000253s ]
[2021-05-18T07:38:17+08:00][sql] CONNECT:[ UseTime:0.000568s ] mysql:host=127.0.0.1;port=3306;dbname=carver;charset=utf8
[2021-05-18T07:38:17+08:00][sql] SHOW FULL COLUMNS FROM `carver_user` [ RunTime:0.000970s ]
[2021-05-18T07:38:17+08:00][sql] SHOW FULL COLUMNS FROM `carver_article` [ RunTime:0.000750s ]
[2021-05-18T07:38:17+08:00][sql] SELECT COUNT(*) AS think_count FROM `carver_article` WHERE  `delete_time` = 0  AND `is_show` = 1 [ RunTime:0.000383s ]
[2021-05-18T07:38:17+08:00][sql] SELECT `article_id`,`article_title`,`article_desc`,`article_content`,`article_img`,`article_guide`,`article_label`,`click_num`,`is_show`,`add_time`,`article_author`,`is_top_show` FROM `carver_article` WHERE  `delete_time` = 0  AND `is_show` = 1 ORDER BY `article_id` DESC LIMIT 0,6 [ RunTime:0.000668s ]
[2021-05-18T07:38:17+08:00][sql] SELECT article_id,article_title,click_num,FROM_UNIXTIME(add_time,'%Y-%m-%d') as add_time FROM `carver_article` WHERE  `is_show` = 1  AND `delete_time` = 0 ORDER BY `click_num` DESC LIMIT 3 [ RunTime:0.000473s ]
[2021-05-18T07:38:17+08:00][sql] SHOW FULL COLUMNS FROM `carver_notice` [ RunTime:0.000594s ]
[2021-05-18T07:38:17+08:00][sql] SELECT * FROM `carver_notice` ORDER BY `create_time` DESC LIMIT 3 [ RunTime:0.000331s ]
[2021-05-18T07:38:17+08:00][sql] SHOW FULL COLUMNS FROM `carver_navigation` [ RunTime:0.000570s ]
[2021-05-18T07:38:17+08:00][sql] SELECT * FROM `carver_navigation` [ RunTime:0.000263s ]
[2021-05-18T07:38:17+08:00][sql] SHOW FULL COLUMNS FROM `carver_link` [ RunTime:0.000556s ]
[2021-05-18T07:38:17+08:00][sql] SELECT * FROM `carver_link` WHERE  ( is_confirm=2 ) LIMIT 20 [ RunTime:0.000333s ]
[2021-05-18T07:38:17+08:00][sql] SELECT `article_label` FROM `carver_article` [ RunTime:0.000338s ]
[2021-05-18T07:38:17+08:00][sql] SHOW FULL COLUMNS FROM `carver_carouse` [ RunTime:0.000574s ]
[2021-05-18T07:38:17+08:00][sql] SELECT `carouse_img`,`carouse_desc` FROM `carver_carouse` WHERE  `is_show` = 1 ORDER BY `carouse_sort` DESC LIMIT 3 [ RunTime:0.000361s ]
[2021-05-18T07:38:17+08:00][sql] SHOW FULL COLUMNS FROM `carver_site` [ RunTime:0.000521s ]
[2021-05-18T07:38:17+08:00][sql] SELECT * FROM `carver_site` [ RunTime:0.000252s ]
[2021-05-18T08:36:20+08:00][sql] CONNECT:[ UseTime:0.000527s ] mysql:host=127.0.0.1;port=3306;dbname=carver;charset=utf8
[2021-05-18T08:36:20+08:00][sql] SHOW FULL COLUMNS FROM `carver_user` [ RunTime:0.000884s ]
[2021-05-18T09:44:06+08:00][sql] CONNECT:[ UseTime:0.001059s ] mysql:host=127.0.0.1;port=3306;dbname=carver;charset=utf8
[2021-05-18T09:44:06+08:00][sql] SHOW FULL COLUMNS FROM `carver_user` [ RunTime:0.000766s ]
[2021-05-18T09:44:06+08:00][sql] SHOW FULL COLUMNS FROM `carver_article` [ RunTime:0.000684s ]
[2021-05-18T09:44:06+08:00][sql] SELECT COUNT(*) AS think_count FROM `carver_article` WHERE  `delete_time` = 0  AND `is_show` = 1 [ RunTime:0.000371s ]
[2021-05-18T09:44:06+08:00][sql] SELECT `article_id`,`article_title`,`article_desc`,`article_content`,`article_img`,`article_guide`,`article_label`,`click_num`,`is_show`,`add_time`,`article_author`,`is_top_show` FROM `carver_article` WHERE  `delete_time` = 0  AND `is_show` = 1 ORDER BY `article_id` DESC LIMIT 12,6 [ RunTime:0.001269s ]
[2021-05-18T09:44:06+08:00][sql] SELECT article_id,article_title,click_num,FROM_UNIXTIME(add_time,'%Y-%m-%d') as add_time FROM `carver_article` WHERE  `is_show` = 1  AND `delete_time` = 0 ORDER BY `click_num` DESC LIMIT 3 [ RunTime:0.000424s ]
[2021-05-18T09:44:06+08:00][sql] SHOW FULL COLUMNS FROM `carver_notice` [ RunTime:0.000544s ]
[2021-05-18T09:44:06+08:00][sql] SELECT * FROM `carver_notice` ORDER BY `create_time` DESC LIMIT 3 [ RunTime:0.000260s ]
[2021-05-18T09:44:06+08:00][sql] SHOW FULL COLUMNS FROM `carver_navigation` [ RunTime:0.000570s ]
[2021-05-18T09:44:06+08:00][sql] SELECT * FROM `carver_navigation` [ RunTime:0.000232s ]
[2021-05-18T09:44:06+08:00][sql] SHOW FULL COLUMNS FROM `carver_link` [ RunTime:0.000507s ]
[2021-05-18T09:44:06+08:00][sql] SELECT * FROM `carver_link` WHERE  ( is_confirm=2 ) LIMIT 20 [ RunTime:0.000284s ]
[2021-05-18T09:44:06+08:00][sql] SELECT `article_label` FROM `carver_article` [ RunTime:0.000270s ]
[2021-05-18T09:44:06+08:00][sql] SHOW FULL COLUMNS FROM `carver_carouse` [ RunTime:0.000480s ]
[2021-05-18T09:44:06+08:00][sql] SELECT `carouse_img`,`carouse_desc` FROM `carver_carouse` WHERE  `is_show` = 1 ORDER BY `carouse_sort` DESC LIMIT 3 [ RunTime:0.000280s ]
[2021-05-18T09:44:06+08:00][sql] SHOW FULL COLUMNS FROM `carver_site` [ RunTime:0.000501s ]
[2021-05-18T09:44:06+08:00][sql] SELECT * FROM `carver_site` [ RunTime:0.000237s ]
[2021-05-18T09:53:05+08:00][sql] CONNECT:[ UseTime:0.000552s ] mysql:host=127.0.0.1;port=3306;dbname=carver;charset=utf8
[2021-05-18T09:53:05+08:00][sql] SHOW FULL COLUMNS FROM `carver_article` [ RunTime:0.000871s ]
[2021-05-18T09:53:05+08:00][sql] SELECT COUNT(*) AS think_count FROM `carver_article` WHERE  `article_label` LIKE '%php;git%'  AND `delete_time` = 0  AND `is_show` = 1 [ RunTime:0.000432s ]
[2021-05-18T09:53:05+08:00][sql] SELECT * FROM `carver_article` WHERE  `article_label` LIKE '%php;git%'  AND `delete_time` = 0  AND `is_show` = 1 LIMIT 0,6 [ RunTime:0.000933s ]
[2021-05-18T09:53:05+08:00][sql] SELECT article_id,article_title,click_num,FROM_UNIXTIME(add_time,'%Y-%m-%d') as add_time FROM `carver_article` WHERE  `is_show` = 1  AND `delete_time` = 0 ORDER BY `click_num` DESC LIMIT 3 [ RunTime:0.000392s ]
[2021-05-18T09:53:05+08:00][sql] SHOW FULL COLUMNS FROM `carver_notice` [ RunTime:0.000598s ]
[2021-05-18T09:53:05+08:00][sql] SELECT * FROM `carver_notice` ORDER BY `create_time` DESC LIMIT 3 [ RunTime:0.000272s ]
[2021-05-18T09:53:05+08:00][sql] SHOW FULL COLUMNS FROM `carver_navigation` [ RunTime:0.000509s ]
[2021-05-18T09:53:05+08:00][sql] SELECT * FROM `carver_navigation` [ RunTime:0.000251s ]
[2021-05-18T09:53:05+08:00][sql] SHOW FULL COLUMNS FROM `carver_link` [ RunTime:0.000501s ]
[2021-05-18T09:53:05+08:00][sql] SELECT * FROM `carver_link` WHERE  ( is_confirm=2 ) LIMIT 20 [ RunTime:0.000283s ]
[2021-05-18T09:53:05+08:00][sql] SELECT `article_label` FROM `carver_article` [ RunTime:0.000255s ]
[2021-05-18T09:53:05+08:00][sql] SHOW FULL COLUMNS FROM `carver_carouse` [ RunTime:0.000487s ]
[2021-05-18T09:53:05+08:00][sql] SELECT `carouse_img`,`carouse_desc` FROM `carver_carouse` WHERE  `is_show` = 1 ORDER BY `carouse_sort` DESC LIMIT 3 [ RunTime:0.000310s ]
[2021-05-18T09:53:05+08:00][sql] SHOW FULL COLUMNS FROM `carver_site` [ RunTime:0.000579s ]
[2021-05-18T09:53:05+08:00][sql] SELECT * FROM `carver_site` [ RunTime:0.000321s ]
[2021-05-18T10:05:43+08:00][sql] CONNECT:[ UseTime:0.000695s ] mysql:host=127.0.0.1;port=3306;dbname=carver;charset=utf8
[2021-05-18T10:05:43+08:00][sql] SHOW FULL COLUMNS FROM `carver_user` [ RunTime:0.000925s ]
[2021-05-18T10:05:43+08:00][sql] SHOW FULL COLUMNS FROM `carver_article` [ RunTime:0.000698s ]
[2021-05-18T10:05:43+08:00][sql] SELECT COUNT(*) AS think_count FROM `carver_article` WHERE  `delete_time` = 0  AND `is_show` = 1 [ RunTime:0.000452s ]
[2021-05-18T10:05:43+08:00][sql] SELECT `article_id`,`article_title`,`article_desc`,`article_content`,`article_img`,`article_guide`,`article_label`,`click_num`,`is_show`,`add_time`,`article_author`,`is_top_show` FROM `carver_article` WHERE  `delete_time` = 0  AND `is_show` = 1 ORDER BY `article_id` DESC LIMIT 6,6 [ RunTime:0.004003s ]
[2021-05-18T10:05:43+08:00][sql] SELECT article_id,article_title,click_num,FROM_UNIXTIME(add_time,'%Y-%m-%d') as add_time FROM `carver_article` WHERE  `is_show` = 1  AND `delete_time` = 0 ORDER BY `click_num` DESC LIMIT 3 [ RunTime:0.000731s ]
[2021-05-18T10:05:43+08:00][sql] SHOW FULL COLUMNS FROM `carver_notice` [ RunTime:0.000664s ]
[2021-05-18T10:05:43+08:00][sql] SELECT * FROM `carver_notice` ORDER BY `create_time` DESC LIMIT 3 [ RunTime:0.000303s ]
[2021-05-18T10:05:43+08:00][sql] SHOW FULL COLUMNS FROM `carver_navigation` [ RunTime:0.000516s ]
[2021-05-18T10:05:43+08:00][sql] SELECT * FROM `carver_navigation` [ RunTime:0.000278s ]
[2021-05-18T10:05:43+08:00][sql] SHOW FULL COLUMNS FROM `carver_link` [ RunTime:0.000558s ]
[2021-05-18T10:05:43+08:00][sql] SELECT * FROM `carver_link` WHERE  ( is_confirm=2 ) LIMIT 20 [ RunTime:0.000337s ]
[2021-05-18T10:05:43+08:00][sql] SELECT `article_label` FROM `carver_article` [ RunTime:0.000288s ]
[2021-05-18T10:05:43+08:00][sql] SHOW FULL COLUMNS FROM `carver_carouse` [ RunTime:0.000588s ]
[2021-05-18T10:05:43+08:00][sql] SELECT `carouse_img`,`carouse_desc` FROM `carver_carouse` WHERE  `is_show` = 1 ORDER BY `carouse_sort` DESC LIMIT 3 [ RunTime:0.000346s ]
[2021-05-18T10:05:43+08:00][sql] SHOW FULL COLUMNS FROM `carver_site` [ RunTime:0.000484s ]
[2021-05-18T10:05:43+08:00][sql] SELECT * FROM `carver_site` [ RunTime:0.000293s ]
[2021-05-18T11:34:16+08:00][sql] CONNECT:[ UseTime:0.000536s ] mysql:host=127.0.0.1;port=3306;dbname=carver;charset=utf8
[2021-05-18T11:34:16+08:00][sql] SHOW FULL COLUMNS FROM `carver_user` [ RunTime:0.000776s ]
[2021-05-18T11:34:16+08:00][sql] SHOW FULL COLUMNS FROM `carver_article` [ RunTime:0.000663s ]
[2021-05-18T11:34:16+08:00][sql] SELECT COUNT(*) AS think_count FROM `carver_article` WHERE  `delete_time` = 0  AND `is_show` = 1 [ RunTime:0.000359s ]
[2021-05-18T11:34:16+08:00][sql] SELECT `article_id`,`article_title`,`article_desc`,`article_content`,`article_img`,`article_guide`,`article_label`,`click_num`,`is_show`,`add_time`,`article_author`,`is_top_show` FROM `carver_article` WHERE  `delete_time` = 0  AND `is_show` = 1 ORDER BY `article_id` DESC LIMIT 0,6 [ RunTime:0.000649s ]
[2021-05-18T11:34:16+08:00][sql] SELECT article_id,article_title,click_num,FROM_UNIXTIME(add_time,'%Y-%m-%d') as add_time FROM `carver_article` WHERE  `is_show` = 1  AND `delete_time` = 0 ORDER BY `click_num` DESC LIMIT 3 [ RunTime:0.000404s ]
[2021-05-18T11:34:16+08:00][sql] SHOW FULL COLUMNS FROM `carver_notice` [ RunTime:0.000508s ]
[2021-05-18T11:34:16+08:00][sql] SELECT * FROM `carver_notice` ORDER BY `create_time` DESC LIMIT 3 [ RunTime:0.000300s ]
[2021-05-18T11:34:16+08:00][sql] SHOW FULL COLUMNS FROM `carver_navigation` [ RunTime:0.000534s ]
[2021-05-18T11:34:16+08:00][sql] SELECT * FROM `carver_navigation` [ RunTime:0.000234s ]
[2021-05-18T11:34:16+08:00][sql] SHOW FULL COLUMNS FROM `carver_link` [ RunTime:0.000503s ]
[2021-05-18T11:34:16+08:00][sql] SELECT * FROM `carver_link` WHERE  ( is_confirm=2 ) LIMIT 20 [ RunTime:0.000284s ]
[2021-05-18T11:34:16+08:00][sql] SELECT `article_label` FROM `carver_article` [ RunTime:0.000279s ]
[2021-05-18T11:34:16+08:00][sql] SHOW FULL COLUMNS FROM `carver_carouse` [ RunTime:0.000455s ]
[2021-05-18T11:34:16+08:00][sql] SELECT `carouse_img`,`carouse_desc` FROM `carver_carouse` WHERE  `is_show` = 1 ORDER BY `carouse_sort` DESC LIMIT 3 [ RunTime:0.000293s ]
[2021-05-18T11:34:16+08:00][sql] SHOW FULL COLUMNS FROM `carver_site` [ RunTime:0.000452s ]
[2021-05-18T11:34:16+08:00][sql] SELECT * FROM `carver_site` [ RunTime:0.000232s ]
[2021-05-18T12:42:21+08:00][sql] CONNECT:[ UseTime:0.000489s ] mysql:host=127.0.0.1;port=3306;dbname=carver;charset=utf8
[2021-05-18T12:42:21+08:00][sql] SHOW FULL COLUMNS FROM `carver_user` [ RunTime:0.000814s ]
[2021-05-18T12:42:21+08:00][sql] SHOW FULL COLUMNS FROM `carver_article` [ RunTime:0.000753s ]
[2021-05-18T12:42:21+08:00][sql] SELECT COUNT(*) AS think_count FROM `carver_article` WHERE  `delete_time` = 0  AND `is_show` = 1 [ RunTime:0.000407s ]
[2021-05-18T12:42:21+08:00][sql] SELECT `article_id`,`article_title`,`article_desc`,`article_content`,`article_img`,`article_guide`,`article_label`,`click_num`,`is_show`,`add_time`,`article_author`,`is_top_show` FROM `carver_article` WHERE  `delete_time` = 0  AND `is_show` = 1 ORDER BY `article_id` DESC LIMIT 24,6 [ RunTime:0.001043s ]
[2021-05-18T12:42:21+08:00][sql] SELECT article_id,article_title,click_num,FROM_UNIXTIME(add_time,'%Y-%m-%d') as add_time FROM `carver_article` WHERE  `is_show` = 1  AND `delete_time` = 0 ORDER BY `click_num` DESC LIMIT 3 [ RunTime:0.000556s ]
[2021-05-18T12:42:21+08:00][sql] SHOW FULL COLUMNS FROM `carver_notice` [ RunTime:0.001041s ]
[2021-05-18T12:42:21+08:00][sql] SELECT * FROM `carver_notice` ORDER BY `create_time` DESC LIMIT 3 [ RunTime:0.000299s ]
[2021-05-18T12:42:21+08:00][sql] SHOW FULL COLUMNS FROM `carver_navigation` [ RunTime:0.000532s ]
[2021-05-18T12:42:21+08:00][sql] SELECT * FROM `carver_navigation` [ RunTime:0.000233s ]
[2021-05-18T12:42:21+08:00][sql] SHOW FULL COLUMNS FROM `carver_link` [ RunTime:0.000477s ]
[2021-05-18T12:42:21+08:00][sql] SELECT * FROM `carver_link` WHERE  ( is_confirm=2 ) LIMIT 20 [ RunTime:0.000286s ]
[2021-05-18T12:42:21+08:00][sql] SELECT `article_label` FROM `carver_article` [ RunTime:0.000268s ]
[2021-05-18T12:42:21+08:00][sql] SHOW FULL COLUMNS FROM `carver_carouse` [ RunTime:0.000546s ]
[2021-05-18T12:42:21+08:00][sql] SELECT `carouse_img`,`carouse_desc` FROM `carver_carouse` WHERE  `is_show` = 1 ORDER BY `carouse_sort` DESC LIMIT 3 [ RunTime:0.000300s ]
[2021-05-18T12:42:21+08:00][sql] SHOW FULL COLUMNS FROM `carver_site` [ RunTime:0.000513s ]
[2021-05-18T12:42:21+08:00][sql] SELECT * FROM `carver_site` [ RunTime:0.000243s ]
[2021-05-18T13:03:33+08:00][sql] CONNECT:[ UseTime:0.000729s ] mysql:host=127.0.0.1;port=3306;dbname=carver;charset=utf8
[2021-05-18T13:03:33+08:00][sql] SHOW FULL COLUMNS FROM `carver_user` [ RunTime:0.000804s ]
[2021-05-18T13:10:37+08:00][sql] CONNECT:[ UseTime:0.001084s ] mysql:host=127.0.0.1;port=3306;dbname=carver;charset=utf8
[2021-05-18T13:10:37+08:00][sql] SHOW FULL COLUMNS FROM `carver_user` [ RunTime:0.000906s ]
[2021-05-18T13:10:37+08:00][sql] SHOW FULL COLUMNS FROM `carver_article` [ RunTime:0.000821s ]
[2021-05-18T13:10:37+08:00][sql] SELECT COUNT(*) AS think_count FROM `carver_article` WHERE  `delete_time` = 0  AND `is_show` = 1 [ RunTime:0.000461s ]
[2021-05-18T13:10:37+08:00][sql] SELECT `article_id`,`article_title`,`article_desc`,`article_content`,`article_img`,`article_guide`,`article_label`,`click_num`,`is_show`,`add_time`,`article_author`,`is_top_show` FROM `carver_article` WHERE  `delete_time` = 0  AND `is_show` = 1 ORDER BY `article_id` DESC LIMIT 0,6 [ RunTime:0.000871s ]
[2021-05-18T13:10:37+08:00][sql] SELECT article_id,article_title,click_num,FROM_UNIXTIME(add_time,'%Y-%m-%d') as add_time FROM `carver_article` WHERE  `is_show` = 1  AND `delete_time` = 0 ORDER BY `click_num` DESC LIMIT 3 [ RunTime:0.000591s ]
[2021-05-18T13:10:37+08:00][sql] SHOW FULL COLUMNS FROM `carver_notice` [ RunTime:0.000655s ]
[2021-05-18T13:10:37+08:00][sql] SELECT * FROM `carver_notice` ORDER BY `create_time` DESC LIMIT 3 [ RunTime:0.000343s ]
[2021-05-18T13:10:37+08:00][sql] SHOW FULL COLUMNS FROM `carver_navigation` [ RunTime:0.000605s ]
[2021-05-18T13:10:37+08:00][sql] SELECT * FROM `carver_navigation` [ RunTime:0.000255s ]
[2021-05-18T13:10:37+08:00][sql] SHOW FULL COLUMNS FROM `carver_link` [ RunTime:0.000525s ]
[2021-05-18T13:10:37+08:00][sql] SELECT * FROM `carver_link` WHERE  ( is_confirm=2 ) LIMIT 20 [ RunTime:0.000353s ]
[2021-05-18T13:10:37+08:00][sql] SELECT `article_label` FROM `carver_article` [ RunTime:0.000293s ]
[2021-05-18T13:10:37+08:00][sql] SHOW FULL COLUMNS FROM `carver_carouse` [ RunTime:0.000710s ]
[2021-05-18T13:10:37+08:00][sql] SELECT `carouse_img`,`carouse_desc` FROM `carver_carouse` WHERE  `is_show` = 1 ORDER BY `carouse_sort` DESC LIMIT 3 [ RunTime:0.000373s ]
[2021-05-18T13:10:37+08:00][sql] SHOW FULL COLUMNS FROM `carver_site` [ RunTime:0.000679s ]
[2021-05-18T13:10:37+08:00][sql] SELECT * FROM `carver_site` [ RunTime:0.000289s ]
[2021-05-18T14:24:42+08:00][sql] CONNECT:[ UseTime:0.000495s ] mysql:host=127.0.0.1;port=3306;dbname=carver;charset=utf8
[2021-05-18T14:24:42+08:00][sql] SHOW FULL COLUMNS FROM `carver_article` [ RunTime:0.000885s ]
[2021-05-18T14:24:42+08:00][sql] SELECT COUNT(*) AS think_count FROM `carver_article` WHERE  `article_label` LIKE '%php;linux%'  AND `delete_time` = 0  AND `is_show` = 1 [ RunTime:0.000411s ]
[2021-05-18T14:24:42+08:00][sql] SELECT * FROM `carver_article` WHERE  `article_label` LIKE '%php;linux%'  AND `delete_time` = 0  AND `is_show` = 1 LIMIT 0,6 [ RunTime:0.001144s ]
[2021-05-18T14:24:42+08:00][sql] SELECT article_id,article_title,click_num,FROM_UNIXTIME(add_time,'%Y-%m-%d') as add_time FROM `carver_article` WHERE  `is_show` = 1  AND `delete_time` = 0 ORDER BY `click_num` DESC LIMIT 3 [ RunTime:0.000424s ]
[2021-05-18T14:24:42+08:00][sql] SHOW FULL COLUMNS FROM `carver_notice` [ RunTime:0.000552s ]
[2021-05-18T14:24:42+08:00][sql] SELECT * FROM `carver_notice` ORDER BY `create_time` DESC LIMIT 3 [ RunTime:0.000267s ]
[2021-05-18T14:24:42+08:00][sql] SHOW FULL COLUMNS FROM `carver_navigation` [ RunTime:0.000505s ]
[2021-05-18T14:24:42+08:00][sql] SELECT * FROM `carver_navigation` [ RunTime:0.000271s ]
[2021-05-18T14:24:42+08:00][sql] SHOW FULL COLUMNS FROM `carver_link` [ RunTime:0.000481s ]
[2021-05-18T14:24:42+08:00][sql] SELECT * FROM `carver_link` WHERE  ( is_confirm=2 ) LIMIT 20 [ RunTime:0.000281s ]
[2021-05-18T14:24:42+08:00][sql] SELECT `article_label` FROM `carver_article` [ RunTime:0.000251s ]
[2021-05-18T14:24:42+08:00][sql] SHOW FULL COLUMNS FROM `carver_carouse` [ RunTime:0.000513s ]
[2021-05-18T14:24:42+08:00][sql] SELECT `carouse_img`,`carouse_desc` FROM `carver_carouse` WHERE  `is_show` = 1 ORDER BY `carouse_sort` DESC LIMIT 3 [ RunTime:0.000277s ]
[2021-05-18T14:24:42+08:00][sql] SHOW FULL COLUMNS FROM `carver_site` [ RunTime:0.000495s ]
[2021-05-18T14:24:42+08:00][sql] SELECT * FROM `carver_site` [ RunTime:0.000231s ]
[2021-05-18T15:40:31+08:00][sql] CONNECT:[ UseTime:0.018769s ] mysql:host=127.0.0.1;port=3306;dbname=carver;charset=utf8
[2021-05-18T15:40:31+08:00][sql] SHOW FULL COLUMNS FROM `carver_article` [ RunTime:0.002182s ]
[2021-05-18T15:40:31+08:00][sql] SELECT COUNT(*) AS think_count FROM `carver_article` WHERE  `article_label` LIKE '%nginx%'  AND `delete_time` = 0  AND `is_show` = 1 [ RunTime:0.000734s ]
[2021-05-18T15:40:31+08:00][sql] SELECT * FROM `carver_article` WHERE  `article_label` LIKE '%nginx%'  AND `delete_time` = 0  AND `is_show` = 1 LIMIT 0,6 [ RunTime:0.001354s ]
[2021-05-18T15:40:31+08:00][sql] SELECT article_id,article_title,click_num,FROM_UNIXTIME(add_time,'%Y-%m-%d') as add_time FROM `carver_article` WHERE  `is_show` = 1  AND `delete_time` = 0 ORDER BY `click_num` DESC LIMIT 3 [ RunTime:0.003303s ]
[2021-05-18T15:40:31+08:00][sql] SHOW FULL COLUMNS FROM `carver_notice` [ RunTime:0.000675s ]
[2021-05-18T15:40:31+08:00][sql] SELECT * FROM `carver_notice` ORDER BY `create_time` DESC LIMIT 3 [ RunTime:0.000351s ]
[2021-05-18T15:40:31+08:00][sql] SHOW FULL COLUMNS FROM `carver_navigation` [ RunTime:0.000594s ]
[2021-05-18T15:40:31+08:00][sql] SELECT * FROM `carver_navigation` [ RunTime:0.000245s ]
[2021-05-18T15:40:31+08:00][sql] SHOW FULL COLUMNS FROM `carver_link` [ RunTime:0.000512s ]
[2021-05-18T15:40:31+08:00][sql] SELECT * FROM `carver_link` WHERE  ( is_confirm=2 ) LIMIT 20 [ RunTime:0.000290s ]
[2021-05-18T15:40:31+08:00][sql] SELECT `article_label` FROM `carver_article` [ RunTime:0.000291s ]
[2021-05-18T15:40:31+08:00][sql] SHOW FULL COLUMNS FROM `carver_carouse` [ RunTime:0.000530s ]
[2021-05-18T15:40:31+08:00][sql] SELECT `carouse_img`,`carouse_desc` FROM `carver_carouse` WHERE  `is_show` = 1 ORDER BY `carouse_sort` DESC LIMIT 3 [ RunTime:0.000327s ]
[2021-05-18T15:40:31+08:00][sql] SHOW FULL COLUMNS FROM `carver_site` [ RunTime:0.000500s ]
[2021-05-18T15:40:31+08:00][sql] SELECT * FROM `carver_site` [ RunTime:0.000229s ]
[2021-05-18T15:45:26+08:00][sql] CONNECT:[ UseTime:0.000541s ] mysql:host=127.0.0.1;port=3306;dbname=carver;charset=utf8
[2021-05-18T15:45:26+08:00][sql] SHOW FULL COLUMNS FROM `carver_user` [ RunTime:0.000831s ]
[2021-05-18T15:45:26+08:00][sql] SHOW FULL COLUMNS FROM `carver_article` [ RunTime:0.000806s ]
[2021-05-18T15:45:26+08:00][sql] SELECT COUNT(*) AS think_count FROM `carver_article` WHERE  `delete_time` = 0  AND `is_show` = 1 [ RunTime:0.000422s ]
[2021-05-18T15:45:26+08:00][sql] SELECT `article_id`,`article_title`,`article_desc`,`article_content`,`article_img`,`article_guide`,`article_label`,`click_num`,`is_show`,`add_time`,`article_author`,`is_top_show` FROM `carver_article` WHERE  `delete_time` = 0  AND `is_show` = 1 ORDER BY `article_id` DESC LIMIT 0,6 [ RunTime:0.000656s ]
[2021-05-18T15:45:26+08:00][sql] SELECT article_id,article_title,click_num,FROM_UNIXTIME(add_time,'%Y-%m-%d') as add_time FROM `carver_article` WHERE  `is_show` = 1  AND `delete_time` = 0 ORDER BY `click_num` DESC LIMIT 3 [ RunTime:0.000628s ]
[2021-05-18T15:45:26+08:00][sql] SHOW FULL COLUMNS FROM `carver_notice` [ RunTime:0.000690s ]
[2021-05-18T15:45:26+08:00][sql] SELECT * FROM `carver_notice` ORDER BY `create_time` DESC LIMIT 3 [ RunTime:0.000297s ]
[2021-05-18T15:45:26+08:00][sql] SHOW FULL COLUMNS FROM `carver_navigation` [ RunTime:0.000533s ]
[2021-05-18T15:45:26+08:00][sql] SELECT * FROM `carver_navigation` [ RunTime:0.000290s ]
[2021-05-18T15:45:26+08:00][sql] SHOW FULL COLUMNS FROM `carver_link` [ RunTime:0.000583s ]
[2021-05-18T15:45:26+08:00][sql] SELECT * FROM `carver_link` WHERE  ( is_confirm=2 ) LIMIT 20 [ RunTime:0.000297s ]
[2021-05-18T15:45:26+08:00][sql] SELECT `article_label` FROM `carver_article` [ RunTime:0.000289s ]
[2021-05-18T15:45:26+08:00][sql] SHOW FULL COLUMNS FROM `carver_carouse` [ RunTime:0.000558s ]
[2021-05-18T15:45:26+08:00][sql] SELECT `carouse_img`,`carouse_desc` FROM `carver_carouse` WHERE  `is_show` = 1 ORDER BY `carouse_sort` DESC LIMIT 3 [ RunTime:0.000385s ]
[2021-05-18T15:45:26+08:00][sql] SHOW FULL COLUMNS FROM `carver_site` [ RunTime:0.000473s ]
[2021-05-18T15:45:26+08:00][sql] SELECT * FROM `carver_site` [ RunTime:0.000260s ]
[2021-05-18T18:01:08+08:00][sql] CONNECT:[ UseTime:0.000512s ] mysql:host=127.0.0.1;port=3306;dbname=carver;charset=utf8
[2021-05-18T18:01:08+08:00][sql] SHOW FULL COLUMNS FROM `carver_article` [ RunTime:0.000859s ]
[2021-05-18T18:01:08+08:00][sql] SELECT COUNT(*) AS think_count FROM `carver_article` WHERE  `article_label` LIKE '%php;swoole%'  AND `delete_time` = 0  AND `is_show` = 1 [ RunTime:0.000449s ]
[2021-05-18T18:01:08+08:00][sql] SELECT * FROM `carver_article` WHERE  `article_label` LIKE '%php;swoole%'  AND `delete_time` = 0  AND `is_show` = 1 LIMIT 0,6 [ RunTime:0.001081s ]
[2021-05-18T18:01:08+08:00][sql] SELECT article_id,article_title,click_num,FROM_UNIXTIME(add_time,'%Y-%m-%d') as add_time FROM `carver_article` WHERE  `is_show` = 1  AND `delete_time` = 0 ORDER BY `click_num` DESC LIMIT 3 [ RunTime:0.000425s ]
[2021-05-18T18:01:08+08:00][sql] SHOW FULL COLUMNS FROM `carver_notice` [ RunTime:0.000600s ]
[2021-05-18T18:01:08+08:00][sql] SELECT * FROM `carver_notice` ORDER BY `create_time` DESC LIMIT 3 [ RunTime:0.000302s ]
[2021-05-18T18:01:08+08:00][sql] SHOW FULL COLUMNS FROM `carver_navigation` [ RunTime:0.000512s ]
[2021-05-18T18:01:08+08:00][sql] SELECT * FROM `carver_navigation` [ RunTime:0.000290s ]
[2021-05-18T18:01:08+08:00][sql] SHOW FULL COLUMNS FROM `carver_link` [ RunTime:0.000502s ]
[2021-05-18T18:01:08+08:00][sql] SELECT * FROM `carver_link` WHERE  ( is_confirm=2 ) LIMIT 20 [ RunTime:0.000669s ]
[2021-05-18T18:01:08+08:00][sql] SELECT `article_label` FROM `carver_article` [ RunTime:0.000247s ]
[2021-05-18T18:01:08+08:00][sql] SHOW FULL COLUMNS FROM `carver_carouse` [ RunTime:0.000546s ]
[2021-05-18T18:01:08+08:00][sql] SELECT `carouse_img`,`carouse_desc` FROM `carver_carouse` WHERE  `is_show` = 1 ORDER BY `carouse_sort` DESC LIMIT 3 [ RunTime:0.000315s ]
[2021-05-18T18:01:08+08:00][sql] SHOW FULL COLUMNS FROM `carver_site` [ RunTime:0.000486s ]
[2021-05-18T18:01:08+08:00][sql] SELECT * FROM `carver_site` [ RunTime:0.000222s ]
[2021-05-18T19:51:55+08:00][sql] CONNECT:[ UseTime:0.000563s ] mysql:host=127.0.0.1;port=3306;dbname=carver;charset=utf8
[2021-05-18T19:51:55+08:00][sql] SHOW FULL COLUMNS FROM `carver_article` [ RunTime:0.000847s ]
[2021-05-18T19:51:55+08:00][sql] SELECT COUNT(*) AS think_count FROM `carver_article` WHERE  `article_label` LIKE '%php;网络安全%'  AND `delete_time` = 0  AND `is_show` = 1 [ RunTime:0.000428s ]
[2021-05-18T19:51:55+08:00][sql] SELECT * FROM `carver_article` WHERE  `article_label` LIKE '%php;网络安全%'  AND `delete_time` = 0  AND `is_show` = 1 LIMIT 0,6 [ RunTime:0.001082s ]
[2021-05-18T19:51:55+08:00][sql] SELECT article_id,article_title,click_num,FROM_UNIXTIME(add_time,'%Y-%m-%d') as add_time FROM `carver_article` WHERE  `is_show` = 1  AND `delete_time` = 0 ORDER BY `click_num` DESC LIMIT 3 [ RunTime:0.000383s ]
[2021-05-18T19:51:55+08:00][sql] SHOW FULL COLUMNS FROM `carver_notice` [ RunTime:0.000550s ]
[2021-05-18T19:51:55+08:00][sql] SELECT * FROM `carver_notice` ORDER BY `create_time` DESC LIMIT 3 [ RunTime:0.000256s ]
[2021-05-18T19:51:55+08:00][sql] SHOW FULL COLUMNS FROM `carver_navigation` [ RunTime:0.000496s ]
[2021-05-18T19:51:55+08:00][sql] SELECT * FROM `carver_navigation` [ RunTime:0.000242s ]
[2021-05-18T19:51:55+08:00][sql] SHOW FULL COLUMNS FROM `carver_link` [ RunTime:0.000496s ]
[2021-05-18T19:51:55+08:00][sql] SELECT * FROM `carver_link` WHERE  ( is_confirm=2 ) LIMIT 20 [ RunTime:0.000280s ]
[2021-05-18T19:51:55+08:00][sql] SELECT `article_label` FROM `carver_article` [ RunTime:0.000240s ]
[2021-05-18T19:51:55+08:00][sql] SHOW FULL COLUMNS FROM `carver_carouse` [ RunTime:0.000450s ]
[2021-05-18T19:51:55+08:00][sql] SELECT `carouse_img`,`carouse_desc` FROM `carver_carouse` WHERE  `is_show` = 1 ORDER BY `carouse_sort` DESC LIMIT 3 [ RunTime:0.000277s ]
[2021-05-18T19:51:55+08:00][sql] SHOW FULL COLUMNS FROM `carver_site` [ RunTime:0.000475s ]
[2021-05-18T19:51:55+08:00][sql] SELECT * FROM `carver_site` [ RunTime:0.000229s ]
[2021-05-18T20:41:53+08:00][sql] CONNECT:[ UseTime:0.000606s ] mysql:host=127.0.0.1;port=3306;dbname=carver;charset=utf8
[2021-05-18T20:41:53+08:00][sql] SHOW FULL COLUMNS FROM `carver_user` [ RunTime:0.000794s ]
[2021-05-18T20:41:53+08:00][sql] SHOW FULL COLUMNS FROM `carver_article` [ RunTime:0.000711s ]
[2021-05-18T20:41:53+08:00][sql] SELECT COUNT(*) AS think_count FROM `carver_article` WHERE  `delete_time` = 0  AND `is_show` = 1 [ RunTime:0.000426s ]
[2021-05-18T20:41:53+08:00][sql] SELECT `article_id`,`article_title`,`article_desc`,`article_content`,`article_img`,`article_guide`,`article_label`,`click_num`,`is_show`,`add_time`,`article_author`,`is_top_show` FROM `carver_article` WHERE  `delete_time` = 0  AND `is_show` = 1 ORDER BY `article_id` DESC LIMIT 12,6 [ RunTime:0.001189s ]
[2021-05-18T20:41:53+08:00][sql] SELECT article_id,article_title,click_num,FROM_UNIXTIME(add_time,'%Y-%m-%d') as add_time FROM `carver_article` WHERE  `is_show` = 1  AND `delete_time` = 0 ORDER BY `click_num` DESC LIMIT 3 [ RunTime:0.000451s ]
[2021-05-18T20:41:53+08:00][sql] SHOW FULL COLUMNS FROM `carver_notice` [ RunTime:0.000572s ]
[2021-05-18T20:41:53+08:00][sql] SELECT * FROM `carver_notice` ORDER BY `create_time` DESC LIMIT 3 [ RunTime:0.000283s ]
[2021-05-18T20:41:53+08:00][sql] SHOW FULL COLUMNS FROM `carver_navigation` [ RunTime:0.000531s ]
[2021-05-18T20:41:53+08:00][sql] SELECT * FROM `carver_navigation` [ RunTime:0.000246s ]
[2021-05-18T20:41:53+08:00][sql] SHOW FULL COLUMNS FROM `carver_link` [ RunTime:0.000488s ]
[2021-05-18T20:41:53+08:00][sql] SELECT * FROM `carver_link` WHERE  ( is_confirm=2 ) LIMIT 20 [ RunTime:0.000337s ]
[2021-05-18T20:41:53+08:00][sql] SELECT `article_label` FROM `carver_article` [ RunTime:0.000405s ]
[2021-05-18T20:41:53+08:00][sql] SHOW FULL COLUMNS FROM `carver_carouse` [ RunTime:0.000517s ]
[2021-05-18T20:41:53+08:00][sql] SELECT `carouse_img`,`carouse_desc` FROM `carver_carouse` WHERE  `is_show` = 1 ORDER BY `carouse_sort` DESC LIMIT 3 [ RunTime:0.000288s ]
[2021-05-18T20:41:53+08:00][sql] SHOW FULL COLUMNS FROM `carver_site` [ RunTime:0.000492s ]
[2021-05-18T20:41:53+08:00][sql] SELECT * FROM `carver_site` [ RunTime:0.000229s ]
[2021-05-18T21:36:56+08:00][sql] CONNECT:[ UseTime:0.000564s ] mysql:host=127.0.0.1;port=3306;dbname=carver;charset=utf8
[2021-05-18T21:36:56+08:00][sql] SHOW FULL COLUMNS FROM `carver_article` [ RunTime:0.001029s ]
[2021-05-18T21:36:56+08:00][sql] SELECT COUNT(*) AS think_count FROM `carver_article` WHERE  `article_label` LIKE '%php;mysql%'  AND `delete_time` = 0  AND `is_show` = 1 [ RunTime:0.000447s ]
[2021-05-18T21:36:56+08:00][sql] SELECT * FROM `carver_article` WHERE  `article_label` LIKE '%php;mysql%'  AND `delete_time` = 0  AND `is_show` = 1 LIMIT 0,6 [ RunTime:0.001016s ]
[2021-05-18T21:36:56+08:00][sql] SELECT article_id,article_title,click_num,FROM_UNIXTIME(add_time,'%Y-%m-%d') as add_time FROM `carver_article` WHERE  `is_show` = 1  AND `delete_time` = 0 ORDER BY `click_num` DESC LIMIT 3 [ RunTime:0.000735s ]
[2021-05-18T21:36:56+08:00][sql] SHOW FULL COLUMNS FROM `carver_notice` [ RunTime:0.000649s ]
[2021-05-18T21:36:56+08:00][sql] SELECT * FROM `carver_notice` ORDER BY `create_time` DESC LIMIT 3 [ RunTime:0.000332s ]
[2021-05-18T21:36:56+08:00][sql] SHOW FULL COLUMNS FROM `carver_navigation` [ RunTime:0.000571s ]
[2021-05-18T21:36:56+08:00][sql] SELECT * FROM `carver_navigation` [ RunTime:0.000283s ]
[2021-05-18T21:36:56+08:00][sql] SHOW FULL COLUMNS FROM `carver_link` [ RunTime:0.000554s ]
[2021-05-18T21:36:56+08:00][sql] SELECT * FROM `carver_link` WHERE  ( is_confirm=2 ) LIMIT 20 [ RunTime:0.000355s ]
[2021-05-18T21:36:56+08:00][sql] SELECT `article_label` FROM `carver_article` [ RunTime:0.000277s ]
[2021-05-18T21:36:56+08:00][sql] SHOW FULL COLUMNS FROM `carver_carouse` [ RunTime:0.000539s ]
[2021-05-18T21:36:56+08:00][sql] SELECT `carouse_img`,`carouse_desc` FROM `carver_carouse` WHERE  `is_show` = 1 ORDER BY `carouse_sort` DESC LIMIT 3 [ RunTime:0.000319s ]
[2021-05-18T21:36:56+08:00][sql] SHOW FULL COLUMNS FROM `carver_site` [ RunTime:0.000560s ]
[2021-05-18T21:36:56+08:00][sql] SELECT * FROM `carver_site` [ RunTime:0.000241s ]
[2021-05-18T22:11:40+08:00][sql] CONNECT:[ UseTime:0.000623s ] mysql:host=127.0.0.1;port=3306;dbname=carver;charset=utf8
[2021-05-18T22:11:40+08:00][sql] SHOW FULL COLUMNS FROM `carver_article` [ RunTime:0.000878s ]
[2021-05-18T22:11:40+08:00][sql] SELECT COUNT(*) AS think_count FROM `carver_article` WHERE  `article_guide` = 6  AND `delete_time` = 0  AND `is_show` = 1 [ RunTime:0.000407s ]
[2021-05-18T22:11:40+08:00][sql] SELECT * FROM `carver_article` WHERE  `article_guide` = 6  AND `delete_time` = 0  AND `is_show` = 1 ORDER BY `add_time` DESC LIMIT 0,6 [ RunTime:0.000728s ]
[2021-05-18T22:11:40+08:00][sql] SELECT article_id,article_title,click_num,FROM_UNIXTIME(add_time,'%Y-%m-%d') as add_time FROM `carver_article` WHERE  `is_show` = 1  AND `delete_time` = 0 ORDER BY `click_num` DESC LIMIT 3 [ RunTime:0.000496s ]
[2021-05-18T22:11:40+08:00][sql] SHOW FULL COLUMNS FROM `carver_notice` [ RunTime:0.000626s ]
[2021-05-18T22:11:40+08:00][sql] SELECT * FROM `carver_notice` ORDER BY `create_time` DESC LIMIT 3 [ RunTime:0.000289s ]
[2021-05-18T22:11:40+08:00][sql] SHOW FULL COLUMNS FROM `carver_navigation` [ RunTime:0.000535s ]
[2021-05-18T22:11:40+08:00][sql] SELECT * FROM `carver_navigation` [ RunTime:0.000253s ]
[2021-05-18T22:11:40+08:00][sql] SELECT `article_label` FROM `carver_article` [ RunTime:0.000252s ]
[2021-05-18T22:11:40+08:00][sql] SHOW FULL COLUMNS FROM `carver_carouse` [ RunTime:0.000521s ]
[2021-05-18T22:11:40+08:00][sql] SELECT `carouse_img`,`carouse_desc` FROM `carver_carouse` WHERE  `is_show` = 1 ORDER BY `carouse_sort` DESC LIMIT 3 [ RunTime:0.000292s ]
[2021-05-18T22:11:40+08:00][sql] SHOW FULL COLUMNS FROM `carver_link` [ RunTime:0.000507s ]
[2021-05-18T22:11:40+08:00][sql] SELECT * FROM `carver_link` WHERE  ( is_confirm=2 ) LIMIT 20 [ RunTime:0.000317s ]
[2021-05-18T22:11:40+08:00][sql] SHOW FULL COLUMNS FROM `carver_site` [ RunTime:0.000494s ]
[2021-05-18T22:11:40+08:00][sql] SELECT * FROM `carver_site` [ RunTime:0.000222s ]
[2021-05-18T22:50:06+08:00][sql] CONNECT:[ UseTime:0.000737s ] mysql:host=127.0.0.1;port=3306;dbname=carver;charset=utf8
[2021-05-18T22:50:06+08:00][sql] SHOW FULL COLUMNS FROM `carver_article` [ RunTime:0.001019s ]
[2021-05-18T22:50:06+08:00][sql] SELECT COUNT(*) AS think_count FROM `carver_article` WHERE  `article_label` LIKE '%c%'  AND `delete_time` = 0  AND `is_show` = 1 [ RunTime:0.000436s ]
[2021-05-18T22:50:06+08:00][sql] SELECT * FROM `carver_article` WHERE  `article_label` LIKE '%c%'  AND `delete_time` = 0  AND `is_show` = 1 LIMIT 0,6 [ RunTime:0.000997s ]
[2021-05-18T22:50:06+08:00][sql] SELECT article_id,article_title,click_num,FROM_UNIXTIME(add_time,'%Y-%m-%d') as add_time FROM `carver_article` WHERE  `is_show` = 1  AND `delete_time` = 0 ORDER BY `click_num` DESC LIMIT 3 [ RunTime:0.000568s ]
[2021-05-18T22:50:06+08:00][sql] SHOW FULL COLUMNS FROM `carver_notice` [ RunTime:0.000633s ]
[2021-05-18T22:50:06+08:00][sql] SELECT * FROM `carver_notice` ORDER BY `create_time` DESC LIMIT 3 [ RunTime:0.000362s ]
[2021-05-18T22:50:06+08:00][sql] SHOW FULL COLUMNS FROM `carver_navigation` [ RunTime:0.000577s ]
[2021-05-18T22:50:06+08:00][sql] SELECT * FROM `carver_navigation` [ RunTime:0.000264s ]
[2021-05-18T22:50:06+08:00][sql] SHOW FULL COLUMNS FROM `carver_link` [ RunTime:0.000573s ]
[2021-05-18T22:50:06+08:00][sql] SELECT * FROM `carver_link` WHERE  ( is_confirm=2 ) LIMIT 20 [ RunTime:0.000351s ]
[2021-05-18T22:50:06+08:00][sql] SELECT `article_label` FROM `carver_article` [ RunTime:0.000274s ]
[2021-05-18T22:50:06+08:00][sql] SHOW FULL COLUMNS FROM `carver_carouse` [ RunTime:0.000538s ]
[2021-05-18T22:50:06+08:00][sql] SELECT `carouse_img`,`carouse_desc` FROM `carver_carouse` WHERE  `is_show` = 1 ORDER BY `carouse_sort` DESC LIMIT 3 [ RunTime:0.000331s ]
[2021-05-18T22:50:06+08:00][sql] SHOW FULL COLUMNS FROM `carver_site` [ RunTime:0.000483s ]
[2021-05-18T22:50:06+08:00][sql] SELECT * FROM `carver_site` [ RunTime:0.000266s ]
[2021-05-18T23:52:46+08:00][sql] CONNECT:[ UseTime:0.000594s ] mysql:host=127.0.0.1;port=3306;dbname=carver;charset=utf8
[2021-05-18T23:52:46+08:00][sql] SHOW FULL COLUMNS FROM `carver_user` [ RunTime:0.000770s ]
[2021-05-18T23:52:46+08:00][sql] SHOW FULL COLUMNS FROM `carver_article` [ RunTime:0.000676s ]
[2021-05-18T23:52:46+08:00][sql] SELECT COUNT(*) AS think_count FROM `carver_article` WHERE  `delete_time` = 0  AND `is_show` = 1 [ RunTime:0.000366s ]
[2021-05-18T23:52:46+08:00][sql] SELECT `article_id`,`article_title`,`article_desc`,`article_content`,`article_img`,`article_guide`,`article_label`,`click_num`,`is_show`,`add_time`,`article_author`,`is_top_show` FROM `carver_article` WHERE  `delete_time` = 0  AND `is_show` = 1 ORDER BY `article_id` DESC LIMIT 0,6 [ RunTime:0.000619s ]
[2021-05-18T23:52:46+08:00][sql] SELECT article_id,article_title,click_num,FROM_UNIXTIME(add_time,'%Y-%m-%d') as add_time FROM `carver_article` WHERE  `is_show` = 1  AND `delete_time` = 0 ORDER BY `click_num` DESC LIMIT 3 [ RunTime:0.000438s ]
[2021-05-18T23:52:46+08:00][sql] SHOW FULL COLUMNS FROM `carver_notice` [ RunTime:0.000513s ]
[2021-05-18T23:52:46+08:00][sql] SELECT * FROM `carver_notice` ORDER BY `create_time` DESC LIMIT 3 [ RunTime:0.000320s ]
[2021-05-18T23:52:46+08:00][sql] SHOW FULL COLUMNS FROM `carver_navigation` [ RunTime:0.000516s ]
[2021-05-18T23:52:46+08:00][sql] SELECT * FROM `carver_navigation` [ RunTime:0.000246s ]
[2021-05-18T23:52:46+08:00][sql] SHOW FULL COLUMNS FROM `carver_link` [ RunTime:0.000497s ]
[2021-05-18T23:52:46+08:00][sql] SELECT * FROM `carver_link` WHERE  ( is_confirm=2 ) LIMIT 20 [ RunTime:0.000302s ]
[2021-05-18T23:52:46+08:00][sql] SELECT `article_label` FROM `carver_article` [ RunTime:0.000302s ]
[2021-05-18T23:52:46+08:00][sql] SHOW FULL COLUMNS FROM `carver_carouse` [ RunTime:0.000468s ]
[2021-05-18T23:52:46+08:00][sql] SELECT `carouse_img`,`carouse_desc` FROM `carver_carouse` WHERE  `is_show` = 1 ORDER BY `carouse_sort` DESC LIMIT 3 [ RunTime:0.000314s ]
[2021-05-18T23:52:46+08:00][sql] SHOW FULL COLUMNS FROM `carver_site` [ RunTime:0.000496s ]
[2021-05-18T23:52:46+08:00][sql] SELECT * FROM `carver_site` [ RunTime:0.000250s ]
