[2021-05-19T00:11:35+08:00][sql] CONNECT:[ UseTime:0.000673s ] mysql:host=127.0.0.1;port=3306;dbname=carver;charset=utf8
[2021-05-19T00:11:35+08:00][sql] SHOW FULL COLUMNS FROM `carver_user` [ RunTime:0.000865s ]
[2021-05-19T00:11:35+08:00][sql] SHOW FULL COLUMNS FROM `carver_article` [ RunTime:0.000683s ]
[2021-05-19T00:11:35+08:00][sql] SELECT COUNT(*) AS think_count FROM `carver_article` WHERE  `delete_time` = 0  AND `is_show` = 1 [ RunTime:0.000363s ]
[2021-05-19T00:11:35+08:00][sql] SELECT `article_id`,`article_title`,`article_desc`,`article_content`,`article_img`,`article_guide`,`article_label`,`click_num`,`is_show`,`add_time`,`article_author`,`is_top_show` FROM `carver_article` WHERE  `delete_time` = 0  AND `is_show` = 1 ORDER BY `article_id` DESC LIMIT 0,6 [ RunTime:0.000621s ]
[2021-05-19T00:11:35+08:00][sql] SELECT article_id,article_title,click_num,FROM_UNIXTIME(add_time,'%Y-%m-%d') as add_time FROM `carver_article` WHERE  `is_show` = 1  AND `delete_time` = 0 ORDER BY `click_num` DESC LIMIT 3 [ RunTime:0.000446s ]
[2021-05-19T00:11:35+08:00][sql] SHOW FULL COLUMNS FROM `carver_notice` [ RunTime:0.000623s ]
[2021-05-19T00:11:35+08:00][sql] SELECT * FROM `carver_notice` ORDER BY `create_time` DESC LIMIT 3 [ RunTime:0.000455s ]
[2021-05-19T00:11:35+08:00][sql] SHOW FULL COLUMNS FROM `carver_navigation` [ RunTime:0.000489s ]
[2021-05-19T00:11:35+08:00][sql] SELECT * FROM `carver_navigation` [ RunTime:0.000249s ]
[2021-05-19T00:11:35+08:00][sql] SHOW FULL COLUMNS FROM `carver_link` [ RunTime:0.000544s ]
[2021-05-19T00:11:35+08:00][sql] SELECT * FROM `carver_link` WHERE  ( is_confirm=2 ) LIMIT 20 [ RunTime:0.000295s ]
[2021-05-19T00:11:35+08:00][sql] SELECT `article_label` FROM `carver_article` [ RunTime:0.000269s ]
[2021-05-19T00:11:35+08:00][sql] SHOW FULL COLUMNS FROM `carver_carouse` [ RunTime:0.000462s ]
[2021-05-19T00:11:35+08:00][sql] SELECT `carouse_img`,`carouse_desc` FROM `carver_carouse` WHERE  `is_show` = 1 ORDER BY `carouse_sort` DESC LIMIT 3 [ RunTime:0.000277s ]
[2021-05-19T00:11:35+08:00][sql] SHOW FULL COLUMNS FROM `carver_site` [ RunTime:0.000466s ]
[2021-05-19T00:11:35+08:00][sql] SELECT * FROM `carver_site` [ RunTime:0.000221s ]
[2021-05-19T00:22:51+08:00][sql] CONNECT:[ UseTime:0.000642s ] mysql:host=127.0.0.1;port=3306;dbname=carver;charset=utf8
[2021-05-19T00:22:51+08:00][sql] SHOW FULL COLUMNS FROM `carver_user` [ RunTime:0.000825s ]
[2021-05-19T00:22:51+08:00][sql] SHOW FULL COLUMNS FROM `carver_article` [ RunTime:0.000713s ]
[2021-05-19T00:22:51+08:00][sql] SELECT COUNT(*) AS think_count FROM `carver_article` WHERE  `delete_time` = 0  AND `is_show` = 1 [ RunTime:0.000365s ]
[2021-05-19T00:22:51+08:00][sql] SELECT `article_id`,`article_title`,`article_desc`,`article_content`,`article_img`,`article_guide`,`article_label`,`click_num`,`is_show`,`add_time`,`article_author`,`is_top_show` FROM `carver_article` WHERE  `delete_time` = 0  AND `is_show` = 1 ORDER BY `article_id` DESC LIMIT 0,6 [ RunTime:0.000635s ]
[2021-05-19T00:22:51+08:00][sql] SELECT article_id,article_title,click_num,FROM_UNIXTIME(add_time,'%Y-%m-%d') as add_time FROM `carver_article` WHERE  `is_show` = 1  AND `delete_time` = 0 ORDER BY `click_num` DESC LIMIT 3 [ RunTime:0.000431s ]
[2021-05-19T00:22:51+08:00][sql] SHOW FULL COLUMNS FROM `carver_notice` [ RunTime:0.000571s ]
[2021-05-19T00:22:51+08:00][sql] SELECT * FROM `carver_notice` ORDER BY `create_time` DESC LIMIT 3 [ RunTime:0.000259s ]
[2021-05-19T00:22:51+08:00][sql] SHOW FULL COLUMNS FROM `carver_navigation` [ RunTime:0.000554s ]
[2021-05-19T00:22:51+08:00][sql] SELECT * FROM `carver_navigation` [ RunTime:0.000244s ]
[2021-05-19T00:22:51+08:00][sql] SHOW FULL COLUMNS FROM `carver_link` [ RunTime:0.000539s ]
[2021-05-19T00:22:51+08:00][sql] SELECT * FROM `carver_link` WHERE  ( is_confirm=2 ) LIMIT 20 [ RunTime:0.000299s ]
[2021-05-19T00:22:51+08:00][sql] SELECT `article_label` FROM `carver_article` [ RunTime:0.000263s ]
[2021-05-19T00:22:51+08:00][sql] SHOW FULL COLUMNS FROM `carver_carouse` [ RunTime:0.000499s ]
[2021-05-19T00:22:51+08:00][sql] SELECT `carouse_img`,`carouse_desc` FROM `carver_carouse` WHERE  `is_show` = 1 ORDER BY `carouse_sort` DESC LIMIT 3 [ RunTime:0.000348s ]
[2021-05-19T00:22:51+08:00][sql] SHOW FULL COLUMNS FROM `carver_site` [ RunTime:0.000467s ]
[2021-05-19T00:22:51+08:00][sql] SELECT * FROM `carver_site` [ RunTime:0.000225s ]
[2021-05-19T02:53:56+08:00][sql] CONNECT:[ UseTime:0.000637s ] mysql:host=127.0.0.1;port=3306;dbname=carver;charset=utf8
[2021-05-19T02:53:56+08:00][sql] SHOW FULL COLUMNS FROM `carver_article` [ RunTime:0.000861s ]
[2021-05-19T02:53:56+08:00][sql] SELECT COUNT(*) AS think_count FROM `carver_article` WHERE  `article_label` LIKE '%php;nginx%'  AND `delete_time` = 0  AND `is_show` = 1 [ RunTime:0.000439s ]
[2021-05-19T02:53:56+08:00][sql] SELECT * FROM `carver_article` WHERE  `article_label` LIKE '%php;nginx%'  AND `delete_time` = 0  AND `is_show` = 1 LIMIT 0,6 [ RunTime:0.001055s ]
[2021-05-19T02:53:56+08:00][sql] SELECT article_id,article_title,click_num,FROM_UNIXTIME(add_time,'%Y-%m-%d') as add_time FROM `carver_article` WHERE  `is_show` = 1  AND `delete_time` = 0 ORDER BY `click_num` DESC LIMIT 3 [ RunTime:0.000697s ]
[2021-05-19T02:53:56+08:00][sql] SHOW FULL COLUMNS FROM `carver_notice` [ RunTime:0.000534s ]
[2021-05-19T02:53:56+08:00][sql] SELECT * FROM `carver_notice` ORDER BY `create_time` DESC LIMIT 3 [ RunTime:0.000272s ]
[2021-05-19T02:53:56+08:00][sql] SHOW FULL COLUMNS FROM `carver_navigation` [ RunTime:0.000497s ]
[2021-05-19T02:53:56+08:00][sql] SELECT * FROM `carver_navigation` [ RunTime:0.000278s ]
[2021-05-19T02:53:56+08:00][sql] SHOW FULL COLUMNS FROM `carver_link` [ RunTime:0.000538s ]
[2021-05-19T02:53:56+08:00][sql] SELECT * FROM `carver_link` WHERE  ( is_confirm=2 ) LIMIT 20 [ RunTime:0.000274s ]
[2021-05-19T02:53:56+08:00][sql] SELECT `article_label` FROM `carver_article` [ RunTime:0.000644s ]
[2021-05-19T02:53:56+08:00][sql] SHOW FULL COLUMNS FROM `carver_carouse` [ RunTime:0.000475s ]
[2021-05-19T02:53:56+08:00][sql] SELECT `carouse_img`,`carouse_desc` FROM `carver_carouse` WHERE  `is_show` = 1 ORDER BY `carouse_sort` DESC LIMIT 3 [ RunTime:0.000277s ]
[2021-05-19T02:53:56+08:00][sql] SHOW FULL COLUMNS FROM `carver_site` [ RunTime:0.000456s ]
[2021-05-19T02:53:56+08:00][sql] SELECT * FROM `carver_site` [ RunTime:0.000258s ]
[2021-05-19T06:41:42+08:00][sql] CONNECT:[ UseTime:0.000582s ] mysql:host=127.0.0.1;port=3306;dbname=carver;charset=utf8
[2021-05-19T06:41:42+08:00][sql] SHOW FULL COLUMNS FROM `carver_user` [ RunTime:0.000816s ]
[2021-05-19T06:41:42+08:00][sql] SHOW FULL COLUMNS FROM `carver_article` [ RunTime:0.000659s ]
[2021-05-19T06:41:42+08:00][sql] SELECT COUNT(*) AS think_count FROM `carver_article` WHERE  `delete_time` = 0  AND `is_show` = 1 [ RunTime:0.000359s ]
[2021-05-19T06:41:42+08:00][sql] SELECT `article_id`,`article_title`,`article_desc`,`article_content`,`article_img`,`article_guide`,`article_label`,`click_num`,`is_show`,`add_time`,`article_author`,`is_top_show` FROM `carver_article` WHERE  `delete_time` = 0  AND `is_show` = 1 ORDER BY `article_id` DESC LIMIT 0,6 [ RunTime:0.000590s ]
[2021-05-19T06:41:42+08:00][sql] SELECT article_id,article_title,click_num,FROM_UNIXTIME(add_time,'%Y-%m-%d') as add_time FROM `carver_article` WHERE  `is_show` = 1  AND `delete_time` = 0 ORDER BY `click_num` DESC LIMIT 3 [ RunTime:0.000510s ]
[2021-05-19T06:41:42+08:00][sql] SHOW FULL COLUMNS FROM `carver_notice` [ RunTime:0.000481s ]
[2021-05-19T06:41:42+08:00][sql] SELECT * FROM `carver_notice` ORDER BY `create_time` DESC LIMIT 3 [ RunTime:0.000267s ]
[2021-05-19T06:41:42+08:00][sql] SHOW FULL COLUMNS FROM `carver_navigation` [ RunTime:0.000493s ]
[2021-05-19T06:41:42+08:00][sql] SELECT * FROM `carver_navigation` [ RunTime:0.000248s ]
[2021-05-19T06:41:42+08:00][sql] SHOW FULL COLUMNS FROM `carver_link` [ RunTime:0.000488s ]
[2021-05-19T06:41:42+08:00][sql] SELECT * FROM `carver_link` WHERE  ( is_confirm=2 ) LIMIT 20 [ RunTime:0.000264s ]
[2021-05-19T06:41:42+08:00][sql] SELECT `article_label` FROM `carver_article` [ RunTime:0.000275s ]
[2021-05-19T06:41:42+08:00][sql] SHOW FULL COLUMNS FROM `carver_carouse` [ RunTime:0.000481s ]
[2021-05-19T06:41:42+08:00][sql] SELECT `carouse_img`,`carouse_desc` FROM `carver_carouse` WHERE  `is_show` = 1 ORDER BY `carouse_sort` DESC LIMIT 3 [ RunTime:0.000261s ]
[2021-05-19T06:41:42+08:00][sql] SHOW FULL COLUMNS FROM `carver_site` [ RunTime:0.000473s ]
[2021-05-19T06:41:42+08:00][sql] SELECT * FROM `carver_site` [ RunTime:0.000229s ]
[2021-05-19T06:47:37+08:00][sql] CONNECT:[ UseTime:0.000502s ] mysql:host=127.0.0.1;port=3306;dbname=carver;charset=utf8
[2021-05-19T06:47:37+08:00][sql] SHOW FULL COLUMNS FROM `carver_user` [ RunTime:0.000793s ]
[2021-05-19T06:47:37+08:00][sql] SHOW FULL COLUMNS FROM `carver_article` [ RunTime:0.000656s ]
[2021-05-19T06:47:37+08:00][sql] SELECT COUNT(*) AS think_count FROM `carver_article` WHERE  `delete_time` = 0  AND `is_show` = 1 [ RunTime:0.000366s ]
[2021-05-19T06:47:37+08:00][sql] SELECT `article_id`,`article_title`,`article_desc`,`article_content`,`article_img`,`article_guide`,`article_label`,`click_num`,`is_show`,`add_time`,`article_author`,`is_top_show` FROM `carver_article` WHERE  `delete_time` = 0  AND `is_show` = 1 ORDER BY `article_id` DESC LIMIT 0,6 [ RunTime:0.000630s ]
[2021-05-19T06:47:37+08:00][sql] SELECT article_id,article_title,click_num,FROM_UNIXTIME(add_time,'%Y-%m-%d') as add_time FROM `carver_article` WHERE  `is_show` = 1  AND `delete_time` = 0 ORDER BY `click_num` DESC LIMIT 3 [ RunTime:0.000399s ]
[2021-05-19T06:47:37+08:00][sql] SHOW FULL COLUMNS FROM `carver_notice` [ RunTime:0.000503s ]
[2021-05-19T06:47:37+08:00][sql] SELECT * FROM `carver_notice` ORDER BY `create_time` DESC LIMIT 3 [ RunTime:0.000278s ]
[2021-05-19T06:47:37+08:00][sql] SHOW FULL COLUMNS FROM `carver_navigation` [ RunTime:0.000560s ]
[2021-05-19T06:47:37+08:00][sql] SELECT * FROM `carver_navigation` [ RunTime:0.000263s ]
[2021-05-19T06:47:37+08:00][sql] SHOW FULL COLUMNS FROM `carver_link` [ RunTime:0.000490s ]
[2021-05-19T06:47:37+08:00][sql] SELECT * FROM `carver_link` WHERE  ( is_confirm=2 ) LIMIT 20 [ RunTime:0.000298s ]
[2021-05-19T06:47:37+08:00][sql] SELECT `article_label` FROM `carver_article` [ RunTime:0.000249s ]
[2021-05-19T06:47:37+08:00][sql] SHOW FULL COLUMNS FROM `carver_carouse` [ RunTime:0.000462s ]
[2021-05-19T06:47:37+08:00][sql] SELECT `carouse_img`,`carouse_desc` FROM `carver_carouse` WHERE  `is_show` = 1 ORDER BY `carouse_sort` DESC LIMIT 3 [ RunTime:0.000266s ]
[2021-05-19T06:47:37+08:00][sql] SHOW FULL COLUMNS FROM `carver_site` [ RunTime:0.000459s ]
[2021-05-19T06:47:37+08:00][sql] SELECT * FROM `carver_site` [ RunTime:0.000235s ]
[2021-05-19T06:49:00+08:00][sql] CONNECT:[ UseTime:0.000635s ] mysql:host=127.0.0.1;port=3306;dbname=carver;charset=utf8
[2021-05-19T06:49:00+08:00][sql] SHOW FULL COLUMNS FROM `carver_user` [ RunTime:0.000845s ]
[2021-05-19T06:49:00+08:00][sql] SHOW FULL COLUMNS FROM `carver_article` [ RunTime:0.000791s ]
[2021-05-19T06:49:00+08:00][sql] SELECT COUNT(*) AS think_count FROM `carver_article` WHERE  `delete_time` = 0  AND `is_show` = 1 [ RunTime:0.000470s ]
[2021-05-19T06:49:00+08:00][sql] SELECT `article_id`,`article_title`,`article_desc`,`article_content`,`article_img`,`article_guide`,`article_label`,`click_num`,`is_show`,`add_time`,`article_author`,`is_top_show` FROM `carver_article` WHERE  `delete_time` = 0  AND `is_show` = 1 ORDER BY `article_id` DESC LIMIT 0,6 [ RunTime:0.000694s ]
[2021-05-19T06:49:00+08:00][sql] SELECT article_id,article_title,click_num,FROM_UNIXTIME(add_time,'%Y-%m-%d') as add_time FROM `carver_article` WHERE  `is_show` = 1  AND `delete_time` = 0 ORDER BY `click_num` DESC LIMIT 3 [ RunTime:0.000806s ]
[2021-05-19T06:49:00+08:00][sql] SHOW FULL COLUMNS FROM `carver_notice` [ RunTime:0.000711s ]
[2021-05-19T06:49:00+08:00][sql] SELECT * FROM `carver_notice` ORDER BY `create_time` DESC LIMIT 3 [ RunTime:0.000330s ]
[2021-05-19T06:49:00+08:00][sql] SHOW FULL COLUMNS FROM `carver_navigation` [ RunTime:0.000617s ]
[2021-05-19T06:49:00+08:00][sql] SELECT * FROM `carver_navigation` [ RunTime:0.000271s ]
[2021-05-19T06:49:00+08:00][sql] SHOW FULL COLUMNS FROM `carver_link` [ RunTime:0.000578s ]
[2021-05-19T06:49:00+08:00][sql] SELECT * FROM `carver_link` WHERE  ( is_confirm=2 ) LIMIT 20 [ RunTime:0.000345s ]
[2021-05-19T06:49:00+08:00][sql] SELECT `article_label` FROM `carver_article` [ RunTime:0.000382s ]
[2021-05-19T06:49:00+08:00][sql] SHOW FULL COLUMNS FROM `carver_carouse` [ RunTime:0.000532s ]
[2021-05-19T06:49:00+08:00][sql] SELECT `carouse_img`,`carouse_desc` FROM `carver_carouse` WHERE  `is_show` = 1 ORDER BY `carouse_sort` DESC LIMIT 3 [ RunTime:0.000363s ]
[2021-05-19T06:49:00+08:00][sql] SHOW FULL COLUMNS FROM `carver_site` [ RunTime:0.000491s ]
[2021-05-19T06:49:00+08:00][sql] SELECT * FROM `carver_site` [ RunTime:0.000269s ]
[2021-05-19T09:07:44+08:00][sql] CONNECT:[ UseTime:0.000644s ] mysql:host=127.0.0.1;port=3306;dbname=carver;charset=utf8
[2021-05-19T09:07:44+08:00][sql] SHOW FULL COLUMNS FROM `carver_user` [ RunTime:0.000852s ]
[2021-05-19T09:07:44+08:00][sql] SHOW FULL COLUMNS FROM `carver_article` [ RunTime:0.000741s ]
[2021-05-19T09:07:44+08:00][sql] SELECT COUNT(*) AS think_count FROM `carver_article` WHERE  `delete_time` = 0  AND `is_show` = 1 [ RunTime:0.000436s ]
[2021-05-19T09:07:44+08:00][sql] SELECT `article_id`,`article_title`,`article_desc`,`article_content`,`article_img`,`article_guide`,`article_label`,`click_num`,`is_show`,`add_time`,`article_author`,`is_top_show` FROM `carver_article` WHERE  `delete_time` = 0  AND `is_show` = 1 ORDER BY `article_id` DESC LIMIT 0,6 [ RunTime:0.000631s ]
[2021-05-19T09:07:44+08:00][sql] SELECT article_id,article_title,click_num,FROM_UNIXTIME(add_time,'%Y-%m-%d') as add_time FROM `carver_article` WHERE  `is_show` = 1  AND `delete_time` = 0 ORDER BY `click_num` DESC LIMIT 3 [ RunTime:0.000522s ]
[2021-05-19T09:07:44+08:00][sql] SHOW FULL COLUMNS FROM `carver_notice` [ RunTime:0.000586s ]
[2021-05-19T09:07:44+08:00][sql] SELECT * FROM `carver_notice` ORDER BY `create_time` DESC LIMIT 3 [ RunTime:0.000319s ]
[2021-05-19T09:07:44+08:00][sql] SHOW FULL COLUMNS FROM `carver_navigation` [ RunTime:0.000564s ]
[2021-05-19T09:07:44+08:00][sql] SELECT * FROM `carver_navigation` [ RunTime:0.000241s ]
[2021-05-19T09:07:44+08:00][sql] SHOW FULL COLUMNS FROM `carver_link` [ RunTime:0.000522s ]
[2021-05-19T09:07:44+08:00][sql] SELECT * FROM `carver_link` WHERE  ( is_confirm=2 ) LIMIT 20 [ RunTime:0.000334s ]
[2021-05-19T09:07:44+08:00][sql] SELECT `article_label` FROM `carver_article` [ RunTime:0.000301s ]
[2021-05-19T09:07:44+08:00][sql] SHOW FULL COLUMNS FROM `carver_carouse` [ RunTime:0.000555s ]
[2021-05-19T09:07:44+08:00][sql] SELECT `carouse_img`,`carouse_desc` FROM `carver_carouse` WHERE  `is_show` = 1 ORDER BY `carouse_sort` DESC LIMIT 3 [ RunTime:0.000444s ]
[2021-05-19T09:07:44+08:00][sql] SHOW FULL COLUMNS FROM `carver_site` [ RunTime:0.000539s ]
[2021-05-19T09:07:44+08:00][sql] SELECT * FROM `carver_site` [ RunTime:0.000250s ]
[2021-05-19T11:29:43+08:00][sql] CONNECT:[ UseTime:0.000663s ] mysql:host=127.0.0.1;port=3306;dbname=carver;charset=utf8
[2021-05-19T11:29:43+08:00][sql] SHOW FULL COLUMNS FROM `carver_user` [ RunTime:0.001702s ]
[2021-05-19T11:29:43+08:00][sql] SHOW FULL COLUMNS FROM `carver_article` [ RunTime:0.001436s ]
[2021-05-19T11:29:43+08:00][sql] SELECT COUNT(*) AS think_count FROM `carver_article` WHERE  `delete_time` = 0  AND `is_show` = 1 [ RunTime:0.000501s ]
[2021-05-19T11:29:43+08:00][sql] SELECT `article_id`,`article_title`,`article_desc`,`article_content`,`article_img`,`article_guide`,`article_label`,`click_num`,`is_show`,`add_time`,`article_author`,`is_top_show` FROM `carver_article` WHERE  `delete_time` = 0  AND `is_show` = 1 ORDER BY `article_id` DESC LIMIT 0,6 [ RunTime:0.000759s ]
[2021-05-19T11:29:43+08:00][sql] SELECT article_id,article_title,click_num,FROM_UNIXTIME(add_time,'%Y-%m-%d') as add_time FROM `carver_article` WHERE  `is_show` = 1  AND `delete_time` = 0 ORDER BY `click_num` DESC LIMIT 3 [ RunTime:0.000487s ]
[2021-05-19T11:29:43+08:00][sql] SHOW FULL COLUMNS FROM `carver_notice` [ RunTime:0.000644s ]
[2021-05-19T11:29:43+08:00][sql] SELECT * FROM `carver_notice` ORDER BY `create_time` DESC LIMIT 3 [ RunTime:0.000302s ]
[2021-05-19T11:29:43+08:00][sql] SHOW FULL COLUMNS FROM `carver_navigation` [ RunTime:0.000630s ]
[2021-05-19T11:29:43+08:00][sql] SELECT * FROM `carver_navigation` [ RunTime:0.000260s ]
[2021-05-19T11:29:43+08:00][sql] SHOW FULL COLUMNS FROM `carver_link` [ RunTime:0.000905s ]
[2021-05-19T11:29:43+08:00][sql] SELECT * FROM `carver_link` WHERE  ( is_confirm=2 ) LIMIT 20 [ RunTime:0.000350s ]
[2021-05-19T11:29:43+08:00][sql] SELECT `article_label` FROM `carver_article` [ RunTime:0.000290s ]
[2021-05-19T11:29:43+08:00][sql] SHOW FULL COLUMNS FROM `carver_carouse` [ RunTime:0.000505s ]
[2021-05-19T11:29:43+08:00][sql] SELECT `carouse_img`,`carouse_desc` FROM `carver_carouse` WHERE  `is_show` = 1 ORDER BY `carouse_sort` DESC LIMIT 3 [ RunTime:0.000319s ]
[2021-05-19T11:29:43+08:00][sql] SHOW FULL COLUMNS FROM `carver_site` [ RunTime:0.000469s ]
[2021-05-19T11:29:43+08:00][sql] SELECT * FROM `carver_site` [ RunTime:0.000255s ]
[2021-05-19T12:29:00+08:00][sql] CONNECT:[ UseTime:0.000596s ] mysql:host=127.0.0.1;port=3306;dbname=carver;charset=utf8
[2021-05-19T12:29:00+08:00][sql] SHOW FULL COLUMNS FROM `carver_article` [ RunTime:0.000933s ]
[2021-05-19T12:29:00+08:00][sql] SELECT `article_id`,`article_title`,`article_desc`,`article_content`,`article_img`,`article_guide`,`article_label`,`click_num`,`is_show`,`add_time`,`article_author` FROM `carver_article` WHERE  `article_id` = 17/ LIMIT 1 [ RunTime:0.000527s ]
[2021-05-19T12:29:00+08:00][sql] SELECT `article_id`,`article_title`,`article_desc`,`article_content`,`article_img`,`article_guide`,`article_label`,`click_num`,`is_show`,`add_time`,`article_author` FROM `carver_article` WHERE  `article_id` > 17/ LIMIT 1 [ RunTime:0.000443s ]
[2021-05-19T12:29:00+08:00][sql] SELECT `article_id`,`article_title`,`article_desc`,`article_content`,`article_img`,`article_guide`,`article_label`,`click_num`,`is_show`,`add_time`,`article_author` FROM `carver_article` WHERE  `article_id` < 17/ ORDER BY `article_id` DESC LIMIT 1 [ RunTime:0.000397s ]
[2021-05-19T12:29:00+08:00][sql] SHOW FULL COLUMNS FROM `carver_link` [ RunTime:0.000585s ]
[2021-05-19T12:29:00+08:00][sql] SELECT * FROM `carver_link` WHERE  ( is_confirm=2 ) LIMIT 20 [ RunTime:0.000288s ]
[2021-05-19T12:29:00+08:00][sql] SELECT article_id,article_title,click_num,FROM_UNIXTIME(add_time,'%Y-%m-%d') as add_time FROM `carver_article` ORDER BY `click_num` DESC LIMIT 3 [ RunTime:0.000371s ]
[2021-05-19T12:29:00+08:00][sql] SHOW FULL COLUMNS FROM `carver_comment` [ RunTime:0.000741s ]
[2021-05-19T12:29:00+08:00][sql] SELECT `a`.*,`b`.`user_name` FROM `carver_comment` `a` INNER JOIN `carver_user` `b` ON `a`.`user_id`=`b`.`user_id` WHERE  `article_id` = 17/ ORDER BY `create_time` DESC [ RunTime:0.000373s ]
[2021-05-19T12:29:00+08:00][sql] SHOW FULL COLUMNS FROM `carver_comment_to_others` [ RunTime:0.000526s ]
[2021-05-19T12:29:00+08:00][sql] SELECT * FROM `carver_comment_to_others` [ RunTime:0.000267s ]
[2021-05-19T12:29:00+08:00][sql] SHOW FULL COLUMNS FROM `carver_user` [ RunTime:0.000441s ]
[2021-05-19T12:29:00+08:00][sql] SELECT `user_name` FROM `carver_user` WHERE  `user_id` = 4 LIMIT 1 [ RunTime:0.000255s ]
[2021-05-19T12:29:00+08:00][sql] SELECT `user_name` FROM `carver_user` WHERE  `user_id` = 4 LIMIT 1 [ RunTime:0.000237s ]
[2021-05-19T12:29:00+08:00][sql] SELECT `user_name` FROM `carver_user` WHERE  `user_id` = 5 LIMIT 1 [ RunTime:0.000208s ]
[2021-05-19T12:29:00+08:00][sql] SELECT `user_name` FROM `carver_user` WHERE  `user_id` = 5 LIMIT 1 [ RunTime:0.000229s ]
[2021-05-19T12:29:00+08:00][sql] SELECT `user_name` FROM `carver_user` WHERE  `user_id` = 37 LIMIT 1 [ RunTime:0.000246s ]
[2021-05-19T12:29:00+08:00][sql] SELECT `user_name`,`user_id` FROM `carver_user` [ RunTime:0.000267s ]
[2021-05-19T12:29:00+08:00][sql] SHOW FULL COLUMNS FROM `carver_navigation` [ RunTime:0.000560s ]
[2021-05-19T12:29:00+08:00][sql] SELECT * FROM `carver_navigation` [ RunTime:0.000240s ]
[2021-05-19T12:29:00+08:00][sql] SELECT `article_label` FROM `carver_article` [ RunTime:0.000318s ]
[2021-05-19T12:29:03+08:00][sql] CONNECT:[ UseTime:0.000536s ] mysql:host=127.0.0.1;port=3306;dbname=carver;charset=utf8
[2021-05-19T12:29:03+08:00][sql] SHOW FULL COLUMNS FROM `carver_article` [ RunTime:0.001052s ]
[2021-05-19T12:29:03+08:00][sql] SELECT `article_id`,`article_title`,`article_desc`,`article_content`,`article_img`,`article_guide`,`article_label`,`click_num`,`is_show`,`add_time`,`article_author` FROM `carver_article` WHERE  `article_id` = 18/ LIMIT 1 [ RunTime:0.000545s ]
[2021-05-19T12:29:03+08:00][sql] SELECT `article_id`,`article_title`,`article_desc`,`article_content`,`article_img`,`article_guide`,`article_label`,`click_num`,`is_show`,`add_time`,`article_author` FROM `carver_article` WHERE  `article_id` > 18/ LIMIT 1 [ RunTime:0.002242s ]
[2021-05-19T12:29:03+08:00][sql] SELECT `article_id`,`article_title`,`article_desc`,`article_content`,`article_img`,`article_guide`,`article_label`,`click_num`,`is_show`,`add_time`,`article_author` FROM `carver_article` WHERE  `article_id` < 18/ ORDER BY `article_id` DESC LIMIT 1 [ RunTime:0.000638s ]
[2021-05-19T12:29:03+08:00][sql] SHOW FULL COLUMNS FROM `carver_link` [ RunTime:0.000643s ]
[2021-05-19T12:29:03+08:00][sql] SELECT * FROM `carver_link` WHERE  ( is_confirm=2 ) LIMIT 20 [ RunTime:0.000347s ]
[2021-05-19T12:29:03+08:00][sql] SELECT article_id,article_title,click_num,FROM_UNIXTIME(add_time,'%Y-%m-%d') as add_time FROM `carver_article` ORDER BY `click_num` DESC LIMIT 3 [ RunTime:0.000376s ]
[2021-05-19T12:29:03+08:00][sql] SHOW FULL COLUMNS FROM `carver_comment` [ RunTime:0.000619s ]
[2021-05-19T12:29:03+08:00][sql] SELECT `a`.*,`b`.`user_name` FROM `carver_comment` `a` INNER JOIN `carver_user` `b` ON `a`.`user_id`=`b`.`user_id` WHERE  `article_id` = 18/ ORDER BY `create_time` DESC [ RunTime:0.000381s ]
[2021-05-19T12:29:03+08:00][sql] SHOW FULL COLUMNS FROM `carver_comment_to_others` [ RunTime:0.000550s ]
[2021-05-19T12:29:03+08:00][sql] SELECT * FROM `carver_comment_to_others` [ RunTime:0.000254s ]
[2021-05-19T12:29:03+08:00][sql] SHOW FULL COLUMNS FROM `carver_user` [ RunTime:0.000458s ]
[2021-05-19T12:29:03+08:00][sql] SELECT `user_name` FROM `carver_user` WHERE  `user_id` = 4 LIMIT 1 [ RunTime:0.000259s ]
[2021-05-19T12:29:03+08:00][sql] SELECT `user_name` FROM `carver_user` WHERE  `user_id` = 4 LIMIT 1 [ RunTime:0.000219s ]
[2021-05-19T12:29:03+08:00][sql] SELECT `user_name` FROM `carver_user` WHERE  `user_id` = 5 LIMIT 1 [ RunTime:0.000223s ]
[2021-05-19T12:29:03+08:00][sql] SELECT `user_name` FROM `carver_user` WHERE  `user_id` = 5 LIMIT 1 [ RunTime:0.000247s ]
[2021-05-19T12:29:03+08:00][sql] SELECT `user_name` FROM `carver_user` WHERE  `user_id` = 37 LIMIT 1 [ RunTime:0.000228s ]
[2021-05-19T12:29:03+08:00][sql] SHOW FULL COLUMNS FROM `carver_navigation` [ RunTime:0.000579s ]
[2021-05-19T12:29:03+08:00][sql] SELECT * FROM `carver_navigation` [ RunTime:0.000257s ]
[2021-05-19T12:29:03+08:00][sql] SELECT `article_label` FROM `carver_article` [ RunTime:0.000260s ]
[2021-05-19T12:29:09+08:00][sql] CONNECT:[ UseTime:0.000553s ] mysql:host=127.0.0.1;port=3306;dbname=carver;charset=utf8
[2021-05-19T12:29:09+08:00][sql] SHOW FULL COLUMNS FROM `carver_article` [ RunTime:0.000902s ]
[2021-05-19T12:29:09+08:00][sql] SELECT `article_id`,`article_title`,`article_desc`,`article_content`,`article_img`,`article_guide`,`article_label`,`click_num`,`is_show`,`add_time`,`article_author` FROM `carver_article` WHERE  `article_id` = 24/ LIMIT 1 [ RunTime:0.000507s ]
[2021-05-19T12:29:09+08:00][sql] SELECT `article_id`,`article_title`,`article_desc`,`article_content`,`article_img`,`article_guide`,`article_label`,`click_num`,`is_show`,`add_time`,`article_author` FROM `carver_article` WHERE  `article_id` > 24/ LIMIT 1 [ RunTime:0.000427s ]
[2021-05-19T12:29:09+08:00][sql] SELECT `article_id`,`article_title`,`article_desc`,`article_content`,`article_img`,`article_guide`,`article_label`,`click_num`,`is_show`,`add_time`,`article_author` FROM `carver_article` WHERE  `article_id` < 24/ ORDER BY `article_id` DESC LIMIT 1 [ RunTime:0.000400s ]
[2021-05-19T12:29:09+08:00][sql] SHOW FULL COLUMNS FROM `carver_link` [ RunTime:0.000552s ]
[2021-05-19T12:29:09+08:00][sql] SELECT * FROM `carver_link` WHERE  ( is_confirm=2 ) LIMIT 20 [ RunTime:0.000308s ]
[2021-05-19T12:29:09+08:00][sql] SELECT article_id,article_title,click_num,FROM_UNIXTIME(add_time,'%Y-%m-%d') as add_time FROM `carver_article` ORDER BY `click_num` DESC LIMIT 3 [ RunTime:0.000399s ]
[2021-05-19T12:29:09+08:00][sql] SHOW FULL COLUMNS FROM `carver_comment` [ RunTime:0.000667s ]
[2021-05-19T12:29:09+08:00][sql] SELECT `a`.*,`b`.`user_name` FROM `carver_comment` `a` INNER JOIN `carver_user` `b` ON `a`.`user_id`=`b`.`user_id` WHERE  `article_id` = 24/ ORDER BY `create_time` DESC [ RunTime:0.000400s ]
[2021-05-19T12:29:09+08:00][sql] SHOW FULL COLUMNS FROM `carver_comment_to_others` [ RunTime:0.000619s ]
[2021-05-19T12:29:09+08:00][sql] SELECT * FROM `carver_comment_to_others` [ RunTime:0.000236s ]
[2021-05-19T12:29:09+08:00][sql] SHOW FULL COLUMNS FROM `carver_user` [ RunTime:0.000480s ]
[2021-05-19T12:29:09+08:00][sql] SELECT `user_name` FROM `carver_user` WHERE  `user_id` = 4 LIMIT 1 [ RunTime:0.000242s ]
[2021-05-19T12:29:09+08:00][sql] SELECT `user_name` FROM `carver_user` WHERE  `user_id` = 4 LIMIT 1 [ RunTime:0.000252s ]
[2021-05-19T12:29:09+08:00][sql] SELECT `user_name` FROM `carver_user` WHERE  `user_id` = 5 LIMIT 1 [ RunTime:0.000238s ]
[2021-05-19T12:29:09+08:00][sql] SELECT `user_name` FROM `carver_user` WHERE  `user_id` = 5 LIMIT 1 [ RunTime:0.000209s ]
[2021-05-19T12:29:09+08:00][sql] SELECT `user_name` FROM `carver_user` WHERE  `user_id` = 37 LIMIT 1 [ RunTime:0.000259s ]
[2021-05-19T12:29:09+08:00][sql] SHOW FULL COLUMNS FROM `carver_navigation` [ RunTime:0.000587s ]
[2021-05-19T12:29:09+08:00][sql] SELECT * FROM `carver_navigation` [ RunTime:0.000271s ]
[2021-05-19T12:29:09+08:00][sql] SELECT `article_label` FROM `carver_article` [ RunTime:0.000256s ]
[2021-05-19T12:29:13+08:00][sql] CONNECT:[ UseTime:0.000578s ] mysql:host=127.0.0.1;port=3306;dbname=carver;charset=utf8
[2021-05-19T12:29:13+08:00][sql] SHOW FULL COLUMNS FROM `carver_article` [ RunTime:0.000883s ]
[2021-05-19T12:29:13+08:00][sql] SELECT COUNT(*) AS think_count FROM `carver_article` WHERE  `article_label` LIKE '%git/%'  AND `delete_time` = 0  AND `is_show` = 1 [ RunTime:0.000431s ]
[2021-05-19T12:29:13+08:00][sql] SELECT * FROM `carver_article` WHERE  `article_label` LIKE '%git/%'  AND `delete_time` = 0  AND `is_show` = 1 LIMIT 0,6 [ RunTime:0.000997s ]
[2021-05-19T12:29:13+08:00][sql] SELECT article_id,article_title,click_num,FROM_UNIXTIME(add_time,'%Y-%m-%d') as add_time FROM `carver_article` WHERE  `is_show` = 1  AND `delete_time` = 0 ORDER BY `click_num` DESC LIMIT 3 [ RunTime:0.000497s ]
[2021-05-19T12:29:13+08:00][sql] SHOW FULL COLUMNS FROM `carver_notice` [ RunTime:0.000659s ]
[2021-05-19T12:29:13+08:00][sql] SELECT * FROM `carver_notice` ORDER BY `create_time` DESC LIMIT 3 [ RunTime:0.000332s ]
[2021-05-19T12:29:13+08:00][sql] SHOW FULL COLUMNS FROM `carver_navigation` [ RunTime:0.000551s ]
[2021-05-19T12:29:13+08:00][sql] SELECT * FROM `carver_navigation` [ RunTime:0.000307s ]
[2021-05-19T12:29:13+08:00][sql] SHOW FULL COLUMNS FROM `carver_link` [ RunTime:0.000643s ]
[2021-05-19T12:29:13+08:00][sql] SELECT * FROM `carver_link` WHERE  ( is_confirm=2 ) LIMIT 20 [ RunTime:0.000370s ]
[2021-05-19T12:29:13+08:00][sql] SELECT `article_label` FROM `carver_article` [ RunTime:0.000267s ]
[2021-05-19T12:29:13+08:00][sql] SHOW FULL COLUMNS FROM `carver_carouse` [ RunTime:0.000563s ]
[2021-05-19T12:29:13+08:00][sql] SELECT `carouse_img`,`carouse_desc` FROM `carver_carouse` WHERE  `is_show` = 1 ORDER BY `carouse_sort` DESC LIMIT 3 [ RunTime:0.000315s ]
[2021-05-19T12:29:13+08:00][sql] SHOW FULL COLUMNS FROM `carver_site` [ RunTime:0.000559s ]
[2021-05-19T12:29:13+08:00][sql] SELECT * FROM `carver_site` [ RunTime:0.000271s ]
[2021-05-19T12:29:17+08:00][sql] CONNECT:[ UseTime:0.000660s ] mysql:host=127.0.0.1;port=3306;dbname=carver;charset=utf8
[2021-05-19T12:29:17+08:00][sql] SHOW FULL COLUMNS FROM `carver_article` [ RunTime:0.000864s ]
[2021-05-19T12:29:17+08:00][sql] SELECT COUNT(*) AS think_count FROM `carver_article` WHERE  `article_label` LIKE '%linux/%'  AND `delete_time` = 0  AND `is_show` = 1 [ RunTime:0.000442s ]
[2021-05-19T12:29:17+08:00][sql] SELECT * FROM `carver_article` WHERE  `article_label` LIKE '%linux/%'  AND `delete_time` = 0  AND `is_show` = 1 LIMIT 0,6 [ RunTime:0.000930s ]
[2021-05-19T12:29:17+08:00][sql] SELECT article_id,article_title,click_num,FROM_UNIXTIME(add_time,'%Y-%m-%d') as add_time FROM `carver_article` WHERE  `is_show` = 1  AND `delete_time` = 0 ORDER BY `click_num` DESC LIMIT 3 [ RunTime:0.000499s ]
[2021-05-19T12:29:17+08:00][sql] SHOW FULL COLUMNS FROM `carver_notice` [ RunTime:0.000742s ]
[2021-05-19T12:29:17+08:00][sql] SELECT * FROM `carver_notice` ORDER BY `create_time` DESC LIMIT 3 [ RunTime:0.000364s ]
[2021-05-19T12:29:17+08:00][sql] SHOW FULL COLUMNS FROM `carver_navigation` [ RunTime:0.000557s ]
[2021-05-19T12:29:17+08:00][sql] SELECT * FROM `carver_navigation` [ RunTime:0.000278s ]
[2021-05-19T12:29:17+08:00][sql] SHOW FULL COLUMNS FROM `carver_link` [ RunTime:0.000539s ]
[2021-05-19T12:29:17+08:00][sql] SELECT * FROM `carver_link` WHERE  ( is_confirm=2 ) LIMIT 20 [ RunTime:0.000383s ]
[2021-05-19T12:29:17+08:00][sql] SELECT `article_label` FROM `carver_article` [ RunTime:0.000279s ]
[2021-05-19T12:29:17+08:00][sql] SHOW FULL COLUMNS FROM `carver_carouse` [ RunTime:0.000549s ]
[2021-05-19T12:29:17+08:00][sql] SELECT `carouse_img`,`carouse_desc` FROM `carver_carouse` WHERE  `is_show` = 1 ORDER BY `carouse_sort` DESC LIMIT 3 [ RunTime:0.000332s ]
[2021-05-19T12:29:17+08:00][sql] SHOW FULL COLUMNS FROM `carver_site` [ RunTime:0.000514s ]
[2021-05-19T12:29:17+08:00][sql] SELECT * FROM `carver_site` [ RunTime:0.000297s ]
[2021-05-19T12:29:24+08:00][sql] CONNECT:[ UseTime:0.000997s ] mysql:host=127.0.0.1;port=3306;dbname=carver;charset=utf8
[2021-05-19T12:29:24+08:00][sql] SHOW FULL COLUMNS FROM `carver_article` [ RunTime:0.000962s ]
[2021-05-19T12:29:24+08:00][sql] SELECT COUNT(*) AS think_count FROM `carver_article` WHERE  `article_label` LIKE '%mysql/%'  AND `delete_time` = 0  AND `is_show` = 1 [ RunTime:0.000455s ]
[2021-05-19T12:29:24+08:00][sql] SELECT * FROM `carver_article` WHERE  `article_label` LIKE '%mysql/%'  AND `delete_time` = 0  AND `is_show` = 1 LIMIT 0,6 [ RunTime:0.001143s ]
[2021-05-19T12:29:24+08:00][sql] SELECT article_id,article_title,click_num,FROM_UNIXTIME(add_time,'%Y-%m-%d') as add_time FROM `carver_article` WHERE  `is_show` = 1  AND `delete_time` = 0 ORDER BY `click_num` DESC LIMIT 3 [ RunTime:0.000574s ]
[2021-05-19T12:29:24+08:00][sql] SHOW FULL COLUMNS FROM `carver_notice` [ RunTime:0.000688s ]
[2021-05-19T12:29:24+08:00][sql] SELECT * FROM `carver_notice` ORDER BY `create_time` DESC LIMIT 3 [ RunTime:0.000353s ]
[2021-05-19T12:29:24+08:00][sql] SHOW FULL COLUMNS FROM `carver_navigation` [ RunTime:0.000601s ]
[2021-05-19T12:29:24+08:00][sql] SELECT * FROM `carver_navigation` [ RunTime:0.000306s ]
[2021-05-19T12:29:24+08:00][sql] SHOW FULL COLUMNS FROM `carver_link` [ RunTime:0.000626s ]
[2021-05-19T12:29:24+08:00][sql] SELECT * FROM `carver_link` WHERE  ( is_confirm=2 ) LIMIT 20 [ RunTime:0.000384s ]
[2021-05-19T12:29:24+08:00][sql] SELECT `article_label` FROM `carver_article` [ RunTime:0.000305s ]
[2021-05-19T12:29:24+08:00][sql] SHOW FULL COLUMNS FROM `carver_carouse` [ RunTime:0.000552s ]
[2021-05-19T12:29:24+08:00][sql] SELECT `carouse_img`,`carouse_desc` FROM `carver_carouse` WHERE  `is_show` = 1 ORDER BY `carouse_sort` DESC LIMIT 3 [ RunTime:0.000333s ]
[2021-05-19T12:29:24+08:00][sql] SHOW FULL COLUMNS FROM `carver_site` [ RunTime:0.000572s ]
[2021-05-19T12:29:24+08:00][sql] SELECT * FROM `carver_site` [ RunTime:0.000290s ]
[2021-05-19T12:29:27+08:00][sql] CONNECT:[ UseTime:0.001027s ] mysql:host=127.0.0.1;port=3306;dbname=carver;charset=utf8
[2021-05-19T12:29:27+08:00][sql] SHOW FULL COLUMNS FROM `carver_article` [ RunTime:0.000846s ]
[2021-05-19T12:29:27+08:00][sql] SELECT COUNT(*) AS think_count FROM `carver_article` WHERE  `article_label` LIKE '%nginx/%'  AND `delete_time` = 0  AND `is_show` = 1 [ RunTime:0.000421s ]
[2021-05-19T12:29:27+08:00][sql] SELECT * FROM `carver_article` WHERE  `article_label` LIKE '%nginx/%'  AND `delete_time` = 0  AND `is_show` = 1 LIMIT 0,6 [ RunTime:0.000948s ]
[2021-05-19T12:29:27+08:00][sql] SELECT article_id,article_title,click_num,FROM_UNIXTIME(add_time,'%Y-%m-%d') as add_time FROM `carver_article` WHERE  `is_show` = 1  AND `delete_time` = 0 ORDER BY `click_num` DESC LIMIT 3 [ RunTime:0.000548s ]
[2021-05-19T12:29:27+08:00][sql] SHOW FULL COLUMNS FROM `carver_notice` [ RunTime:0.000652s ]
[2021-05-19T12:29:27+08:00][sql] SELECT * FROM `carver_notice` ORDER BY `create_time` DESC LIMIT 3 [ RunTime:0.000284s ]
[2021-05-19T12:29:27+08:00][sql] SHOW FULL COLUMNS FROM `carver_navigation` [ RunTime:0.000537s ]
[2021-05-19T12:29:27+08:00][sql] SELECT * FROM `carver_navigation` [ RunTime:0.000296s ]
[2021-05-19T12:29:27+08:00][sql] SHOW FULL COLUMNS FROM `carver_link` [ RunTime:0.000578s ]
[2021-05-19T12:29:27+08:00][sql] SELECT * FROM `carver_link` WHERE  ( is_confirm=2 ) LIMIT 20 [ RunTime:0.000406s ]
[2021-05-19T12:29:27+08:00][sql] SELECT `article_label` FROM `carver_article` [ RunTime:0.000290s ]
[2021-05-19T12:29:27+08:00][sql] SHOW FULL COLUMNS FROM `carver_carouse` [ RunTime:0.000543s ]
[2021-05-19T12:29:27+08:00][sql] SELECT `carouse_img`,`carouse_desc` FROM `carver_carouse` WHERE  `is_show` = 1 ORDER BY `carouse_sort` DESC LIMIT 3 [ RunTime:0.000303s ]
[2021-05-19T12:29:27+08:00][sql] SHOW FULL COLUMNS FROM `carver_site` [ RunTime:0.000566s ]
[2021-05-19T12:29:27+08:00][sql] SELECT * FROM `carver_site` [ RunTime:0.000279s ]
[2021-05-19T12:29:33+08:00][sql] CONNECT:[ UseTime:0.000534s ] mysql:host=127.0.0.1;port=3306;dbname=carver;charset=utf8
[2021-05-19T12:29:33+08:00][sql] SHOW FULL COLUMNS FROM `carver_article` [ RunTime:0.000917s ]
[2021-05-19T12:29:33+08:00][sql] SELECT COUNT(*) AS think_count FROM `carver_article` WHERE  `article_label` LIKE '%网络安全/%'  AND `delete_time` = 0  AND `is_show` = 1 [ RunTime:0.000444s ]
[2021-05-19T12:29:33+08:00][sql] SELECT * FROM `carver_article` WHERE  `article_label` LIKE '%网络安全/%'  AND `delete_time` = 0  AND `is_show` = 1 LIMIT 0,6 [ RunTime:0.001011s ]
[2021-05-19T12:29:33+08:00][sql] SELECT article_id,article_title,click_num,FROM_UNIXTIME(add_time,'%Y-%m-%d') as add_time FROM `carver_article` WHERE  `is_show` = 1  AND `delete_time` = 0 ORDER BY `click_num` DESC LIMIT 3 [ RunTime:0.000498s ]
[2021-05-19T12:29:33+08:00][sql] SHOW FULL COLUMNS FROM `carver_notice` [ RunTime:0.000741s ]
[2021-05-19T12:29:33+08:00][sql] SELECT * FROM `carver_notice` ORDER BY `create_time` DESC LIMIT 3 [ RunTime:0.000329s ]
[2021-05-19T12:29:33+08:00][sql] SHOW FULL COLUMNS FROM `carver_navigation` [ RunTime:0.000542s ]
[2021-05-19T12:29:33+08:00][sql] SELECT * FROM `carver_navigation` [ RunTime:0.000305s ]
[2021-05-19T12:29:33+08:00][sql] SHOW FULL COLUMNS FROM `carver_link` [ RunTime:0.000579s ]
[2021-05-19T12:29:33+08:00][sql] SELECT * FROM `carver_link` WHERE  ( is_confirm=2 ) LIMIT 20 [ RunTime:0.000386s ]
[2021-05-19T12:29:33+08:00][sql] SELECT `article_label` FROM `carver_article` [ RunTime:0.000273s ]
[2021-05-19T12:29:33+08:00][sql] SHOW FULL COLUMNS FROM `carver_carouse` [ RunTime:0.000608s ]
[2021-05-19T12:29:33+08:00][sql] SELECT `carouse_img`,`carouse_desc` FROM `carver_carouse` WHERE  `is_show` = 1 ORDER BY `carouse_sort` DESC LIMIT 3 [ RunTime:0.000323s ]
[2021-05-19T12:29:33+08:00][sql] SHOW FULL COLUMNS FROM `carver_site` [ RunTime:0.000529s ]
[2021-05-19T12:29:33+08:00][sql] SELECT * FROM `carver_site` [ RunTime:0.000288s ]
[2021-05-19T12:29:36+08:00][sql] CONNECT:[ UseTime:0.000620s ] mysql:host=127.0.0.1;port=3306;dbname=carver;charset=utf8
[2021-05-19T12:29:36+08:00][sql] SHOW FULL COLUMNS FROM `carver_article` [ RunTime:0.000856s ]
[2021-05-19T12:29:36+08:00][sql] SELECT COUNT(*) AS think_count FROM `carver_article` WHERE  `article_label` LIKE '%设计模式/%'  AND `delete_time` = 0  AND `is_show` = 1 [ RunTime:0.000420s ]
[2021-05-19T12:29:36+08:00][sql] SELECT * FROM `carver_article` WHERE  `article_label` LIKE '%设计模式/%'  AND `delete_time` = 0  AND `is_show` = 1 LIMIT 0,6 [ RunTime:0.000925s ]
[2021-05-19T12:29:36+08:00][sql] SELECT article_id,article_title,click_num,FROM_UNIXTIME(add_time,'%Y-%m-%d') as add_time FROM `carver_article` WHERE  `is_show` = 1  AND `delete_time` = 0 ORDER BY `click_num` DESC LIMIT 3 [ RunTime:0.000469s ]
[2021-05-19T12:29:36+08:00][sql] SHOW FULL COLUMNS FROM `carver_notice` [ RunTime:0.000619s ]
[2021-05-19T12:29:36+08:00][sql] SELECT * FROM `carver_notice` ORDER BY `create_time` DESC LIMIT 3 [ RunTime:0.000301s ]
[2021-05-19T12:29:36+08:00][sql] SHOW FULL COLUMNS FROM `carver_navigation` [ RunTime:0.000546s ]
[2021-05-19T12:29:36+08:00][sql] SELECT * FROM `carver_navigation` [ RunTime:0.000285s ]
[2021-05-19T12:29:36+08:00][sql] SHOW FULL COLUMNS FROM `carver_link` [ RunTime:0.000538s ]
[2021-05-19T12:29:36+08:00][sql] SELECT * FROM `carver_link` WHERE  ( is_confirm=2 ) LIMIT 20 [ RunTime:0.000334s ]
[2021-05-19T12:29:36+08:00][sql] SELECT `article_label` FROM `carver_article` [ RunTime:0.000280s ]
[2021-05-19T12:29:36+08:00][sql] SHOW FULL COLUMNS FROM `carver_carouse` [ RunTime:0.000522s ]
[2021-05-19T12:29:36+08:00][sql] SELECT `carouse_img`,`carouse_desc` FROM `carver_carouse` WHERE  `is_show` = 1 ORDER BY `carouse_sort` DESC LIMIT 3 [ RunTime:0.000459s ]
[2021-05-19T12:29:36+08:00][sql] SHOW FULL COLUMNS FROM `carver_site` [ RunTime:0.000607s ]
[2021-05-19T12:29:36+08:00][sql] SELECT * FROM `carver_site` [ RunTime:0.000300s ]
[2021-05-19T12:29:40+08:00][sql] CONNECT:[ UseTime:0.001081s ] mysql:host=127.0.0.1;port=3306;dbname=carver;charset=utf8
[2021-05-19T12:29:40+08:00][sql] SHOW FULL COLUMNS FROM `carver_article` [ RunTime:0.000915s ]
[2021-05-19T12:29:40+08:00][sql] SELECT COUNT(*) AS think_count FROM `carver_article` WHERE  `article_guide` = 8/  AND `delete_time` = 0  AND `is_show` = 1 [ RunTime:0.000413s ]
[2021-05-19T12:29:40+08:00][sql] SELECT * FROM `carver_article` WHERE  `article_guide` = 8/  AND `delete_time` = 0  AND `is_show` = 1 ORDER BY `add_time` DESC LIMIT 0,6 [ RunTime:0.000669s ]
[2021-05-19T12:29:40+08:00][sql] SELECT article_id,article_title,click_num,FROM_UNIXTIME(add_time,'%Y-%m-%d') as add_time FROM `carver_article` WHERE  `is_show` = 1  AND `delete_time` = 0 ORDER BY `click_num` DESC LIMIT 3 [ RunTime:0.000431s ]
[2021-05-19T12:29:40+08:00][sql] SHOW FULL COLUMNS FROM `carver_notice` [ RunTime:0.000619s ]
[2021-05-19T12:29:40+08:00][sql] SELECT * FROM `carver_notice` ORDER BY `create_time` DESC LIMIT 3 [ RunTime:0.000269s ]
[2021-05-19T12:29:40+08:00][sql] SHOW FULL COLUMNS FROM `carver_navigation` [ RunTime:0.000564s ]
[2021-05-19T12:29:40+08:00][sql] SELECT * FROM `carver_navigation` [ RunTime:0.000273s ]
[2021-05-19T12:29:40+08:00][sql] SELECT `article_label` FROM `carver_article` [ RunTime:0.000260s ]
[2021-05-19T12:29:40+08:00][sql] SHOW FULL COLUMNS FROM `carver_carouse` [ RunTime:0.000551s ]
[2021-05-19T12:29:40+08:00][sql] SELECT `carouse_img`,`carouse_desc` FROM `carver_carouse` WHERE  `is_show` = 1 ORDER BY `carouse_sort` DESC LIMIT 3 [ RunTime:0.000335s ]
[2021-05-19T12:29:40+08:00][sql] SHOW FULL COLUMNS FROM `carver_link` [ RunTime:0.000495s ]
[2021-05-19T12:29:40+08:00][sql] SELECT * FROM `carver_link` WHERE  ( is_confirm=2 ) LIMIT 20 [ RunTime:0.000319s ]
[2021-05-19T12:29:40+08:00][sql] SHOW FULL COLUMNS FROM `carver_site` [ RunTime:0.000558s ]
[2021-05-19T12:29:40+08:00][sql] SELECT * FROM `carver_site` [ RunTime:0.000231s ]
[2021-05-19T12:45:14+08:00][sql] CONNECT:[ UseTime:0.000891s ] mysql:host=127.0.0.1;port=3306;dbname=carver;charset=utf8
[2021-05-19T12:45:14+08:00][sql] SHOW FULL COLUMNS FROM `carver_user` [ RunTime:0.000837s ]
[2021-05-19T12:45:14+08:00][sql] SHOW FULL COLUMNS FROM `carver_article` [ RunTime:0.000742s ]
[2021-05-19T12:45:14+08:00][sql] SELECT COUNT(*) AS think_count FROM `carver_article` WHERE  `delete_time` = 0  AND `is_show` = 1 [ RunTime:0.000382s ]
[2021-05-19T12:45:14+08:00][sql] SELECT `article_id`,`article_title`,`article_desc`,`article_content`,`article_img`,`article_guide`,`article_label`,`click_num`,`is_show`,`add_time`,`article_author`,`is_top_show` FROM `carver_article` WHERE  `delete_time` = 0  AND `is_show` = 1 ORDER BY `article_id` DESC LIMIT 0,6 [ RunTime:0.000648s ]
[2021-05-19T12:45:14+08:00][sql] SELECT article_id,article_title,click_num,FROM_UNIXTIME(add_time,'%Y-%m-%d') as add_time FROM `carver_article` WHERE  `is_show` = 1  AND `delete_time` = 0 ORDER BY `click_num` DESC LIMIT 3 [ RunTime:0.000492s ]
[2021-05-19T12:45:14+08:00][sql] SHOW FULL COLUMNS FROM `carver_notice` [ RunTime:0.000597s ]
[2021-05-19T12:45:14+08:00][sql] SELECT * FROM `carver_notice` ORDER BY `create_time` DESC LIMIT 3 [ RunTime:0.000287s ]
[2021-05-19T12:45:14+08:00][sql] SHOW FULL COLUMNS FROM `carver_navigation` [ RunTime:0.000513s ]
[2021-05-19T12:45:14+08:00][sql] SELECT * FROM `carver_navigation` [ RunTime:0.000255s ]
[2021-05-19T12:45:14+08:00][sql] SHOW FULL COLUMNS FROM `carver_link` [ RunTime:0.000533s ]
[2021-05-19T12:45:14+08:00][sql] SELECT * FROM `carver_link` WHERE  ( is_confirm=2 ) LIMIT 20 [ RunTime:0.000298s ]
[2021-05-19T12:45:14+08:00][sql] SELECT `article_label` FROM `carver_article` [ RunTime:0.000292s ]
[2021-05-19T12:45:14+08:00][sql] SHOW FULL COLUMNS FROM `carver_carouse` [ RunTime:0.000474s ]
[2021-05-19T12:45:14+08:00][sql] SELECT `carouse_img`,`carouse_desc` FROM `carver_carouse` WHERE  `is_show` = 1 ORDER BY `carouse_sort` DESC LIMIT 3 [ RunTime:0.000306s ]
[2021-05-19T12:45:14+08:00][sql] SHOW FULL COLUMNS FROM `carver_site` [ RunTime:0.000526s ]
[2021-05-19T12:45:14+08:00][sql] SELECT * FROM `carver_site` [ RunTime:0.000241s ]
[2021-05-19T14:21:28+08:00][sql] CONNECT:[ UseTime:0.001036s ] mysql:host=127.0.0.1;port=3306;dbname=carver;charset=utf8
[2021-05-19T14:21:28+08:00][sql] SHOW FULL COLUMNS FROM `carver_article` [ RunTime:0.000854s ]
[2021-05-19T14:21:28+08:00][sql] SELECT COUNT(*) AS think_count FROM `carver_article` WHERE  `article_guide` = 6  AND `delete_time` = 0  AND `is_show` = 1 [ RunTime:0.000418s ]
[2021-05-19T14:21:28+08:00][sql] SELECT * FROM `carver_article` WHERE  `article_guide` = 6  AND `delete_time` = 0  AND `is_show` = 1 ORDER BY `add_time` DESC LIMIT 18,6 [ RunTime:0.000467s ]
[2021-05-19T14:21:28+08:00][sql] SELECT article_id,article_title,click_num,FROM_UNIXTIME(add_time,'%Y-%m-%d') as add_time FROM `carver_article` WHERE  `is_show` = 1  AND `delete_time` = 0 ORDER BY `click_num` DESC LIMIT 3 [ RunTime:0.000478s ]
[2021-05-19T14:21:28+08:00][sql] SHOW FULL COLUMNS FROM `carver_notice` [ RunTime:0.000635s ]
[2021-05-19T14:21:28+08:00][sql] SELECT * FROM `carver_notice` ORDER BY `create_time` DESC LIMIT 3 [ RunTime:0.000359s ]
[2021-05-19T14:21:28+08:00][sql] SHOW FULL COLUMNS FROM `carver_navigation` [ RunTime:0.000634s ]
[2021-05-19T14:21:28+08:00][sql] SELECT * FROM `carver_navigation` [ RunTime:0.000294s ]
[2021-05-19T14:21:28+08:00][sql] SELECT `article_label` FROM `carver_article` [ RunTime:0.000257s ]
[2021-05-19T14:21:28+08:00][sql] SHOW FULL COLUMNS FROM `carver_carouse` [ RunTime:0.000531s ]
[2021-05-19T14:21:28+08:00][sql] SELECT `carouse_img`,`carouse_desc` FROM `carver_carouse` WHERE  `is_show` = 1 ORDER BY `carouse_sort` DESC LIMIT 3 [ RunTime:0.000324s ]
[2021-05-19T14:21:28+08:00][sql] SHOW FULL COLUMNS FROM `carver_link` [ RunTime:0.000513s ]
[2021-05-19T14:21:28+08:00][sql] SELECT * FROM `carver_link` WHERE  ( is_confirm=2 ) LIMIT 20 [ RunTime:0.000349s ]
[2021-05-19T14:21:28+08:00][sql] SHOW FULL COLUMNS FROM `carver_site` [ RunTime:0.000617s ]
[2021-05-19T14:21:28+08:00][sql] SELECT * FROM `carver_site` [ RunTime:0.000272s ]
[2021-05-19T16:32:48+08:00][sql] CONNECT:[ UseTime:0.000802s ] mysql:host=127.0.0.1;port=3306;dbname=carver;charset=utf8
[2021-05-19T16:32:48+08:00][sql] SHOW FULL COLUMNS FROM `carver_article` [ RunTime:0.000884s ]
[2021-05-19T16:32:48+08:00][sql] SELECT `article_id`,`article_title`,`article_desc`,`article_content`,`article_img`,`article_guide`,`article_label`,`click_num`,`is_show`,`add_time`,`article_author` FROM `carver_article` WHERE  `article_id` = 25/ LIMIT 1 [ RunTime:0.000558s ]
[2021-05-19T16:32:48+08:00][sql] SELECT `article_id`,`article_title`,`article_desc`,`article_content`,`article_img`,`article_guide`,`article_label`,`click_num`,`is_show`,`add_time`,`article_author` FROM `carver_article` WHERE  `article_id` > 25/ LIMIT 1 [ RunTime:0.000504s ]
[2021-05-19T16:32:48+08:00][sql] SELECT `article_id`,`article_title`,`article_desc`,`article_content`,`article_img`,`article_guide`,`article_label`,`click_num`,`is_show`,`add_time`,`article_author` FROM `carver_article` WHERE  `article_id` < 25/ ORDER BY `article_id` DESC LIMIT 1 [ RunTime:0.000499s ]
[2021-05-19T16:32:48+08:00][sql] SHOW FULL COLUMNS FROM `carver_link` [ RunTime:0.000570s ]
[2021-05-19T16:32:48+08:00][sql] SELECT * FROM `carver_link` WHERE  ( is_confirm=2 ) LIMIT 20 [ RunTime:0.000307s ]
[2021-05-19T16:32:48+08:00][sql] SELECT article_id,article_title,click_num,FROM_UNIXTIME(add_time,'%Y-%m-%d') as add_time FROM `carver_article` ORDER BY `click_num` DESC LIMIT 3 [ RunTime:0.000342s ]
[2021-05-19T16:32:48+08:00][sql] SHOW FULL COLUMNS FROM `carver_comment` [ RunTime:0.000653s ]
[2021-05-19T16:32:48+08:00][sql] SELECT `a`.*,`b`.`user_name` FROM `carver_comment` `a` INNER JOIN `carver_user` `b` ON `a`.`user_id`=`b`.`user_id` WHERE  `article_id` = 25/ ORDER BY `create_time` DESC [ RunTime:0.000407s ]
[2021-05-19T16:32:48+08:00][sql] SHOW FULL COLUMNS FROM `carver_comment_to_others` [ RunTime:0.000630s ]
[2021-05-19T16:32:48+08:00][sql] SELECT * FROM `carver_comment_to_others` [ RunTime:0.000248s ]
[2021-05-19T16:32:48+08:00][sql] SHOW FULL COLUMNS FROM `carver_user` [ RunTime:0.000429s ]
[2021-05-19T16:32:48+08:00][sql] SELECT `user_name` FROM `carver_user` WHERE  `user_id` = 4 LIMIT 1 [ RunTime:0.000250s ]
[2021-05-19T16:32:48+08:00][sql] SELECT `user_name` FROM `carver_user` WHERE  `user_id` = 4 LIMIT 1 [ RunTime:0.000238s ]
[2021-05-19T16:32:48+08:00][sql] SELECT `user_name` FROM `carver_user` WHERE  `user_id` = 5 LIMIT 1 [ RunTime:0.000217s ]
[2021-05-19T16:32:48+08:00][sql] SELECT `user_name` FROM `carver_user` WHERE  `user_id` = 5 LIMIT 1 [ RunTime:0.000225s ]
[2021-05-19T16:32:48+08:00][sql] SELECT `user_name` FROM `carver_user` WHERE  `user_id` = 37 LIMIT 1 [ RunTime:0.000251s ]
[2021-05-19T16:32:48+08:00][sql] SELECT `user_name`,`user_id` FROM `carver_user` [ RunTime:0.000286s ]
[2021-05-19T16:32:48+08:00][sql] SHOW FULL COLUMNS FROM `carver_navigation` [ RunTime:0.000921s ]
[2021-05-19T16:32:48+08:00][sql] SELECT * FROM `carver_navigation` [ RunTime:0.000293s ]
[2021-05-19T16:32:48+08:00][sql] SELECT `article_label` FROM `carver_article` [ RunTime:0.000282s ]
[2021-05-19T16:32:52+08:00][sql] CONNECT:[ UseTime:0.000561s ] mysql:host=127.0.0.1;port=3306;dbname=carver;charset=utf8
[2021-05-19T16:32:52+08:00][sql] SHOW FULL COLUMNS FROM `carver_article` [ RunTime:0.000893s ]
[2021-05-19T16:32:52+08:00][sql] SELECT `article_id`,`article_title`,`article_desc`,`article_content`,`article_img`,`article_guide`,`article_label`,`click_num`,`is_show`,`add_time`,`article_author` FROM `carver_article` WHERE  `article_id` = 26/ LIMIT 1 [ RunTime:0.000648s ]
[2021-05-19T16:32:52+08:00][sql] SELECT `article_id`,`article_title`,`article_desc`,`article_content`,`article_img`,`article_guide`,`article_label`,`click_num`,`is_show`,`add_time`,`article_author` FROM `carver_article` WHERE  `article_id` > 26/ LIMIT 1 [ RunTime:0.000401s ]
[2021-05-19T16:32:52+08:00][sql] SELECT `article_id`,`article_title`,`article_desc`,`article_content`,`article_img`,`article_guide`,`article_label`,`click_num`,`is_show`,`add_time`,`article_author` FROM `carver_article` WHERE  `article_id` < 26/ ORDER BY `article_id` DESC LIMIT 1 [ RunTime:0.000344s ]
[2021-05-19T16:32:52+08:00][sql] SHOW FULL COLUMNS FROM `carver_link` [ RunTime:0.000526s ]
[2021-05-19T16:32:52+08:00][sql] SELECT * FROM `carver_link` WHERE  ( is_confirm=2 ) LIMIT 20 [ RunTime:0.000317s ]
[2021-05-19T16:32:52+08:00][sql] SELECT article_id,article_title,click_num,FROM_UNIXTIME(add_time,'%Y-%m-%d') as add_time FROM `carver_article` ORDER BY `click_num` DESC LIMIT 3 [ RunTime:0.000489s ]
[2021-05-19T16:32:52+08:00][sql] SHOW FULL COLUMNS FROM `carver_comment` [ RunTime:0.000566s ]
[2021-05-19T16:32:52+08:00][sql] SELECT `a`.*,`b`.`user_name` FROM `carver_comment` `a` INNER JOIN `carver_user` `b` ON `a`.`user_id`=`b`.`user_id` WHERE  `article_id` = 26/ ORDER BY `create_time` DESC [ RunTime:0.000350s ]
[2021-05-19T16:32:52+08:00][sql] SHOW FULL COLUMNS FROM `carver_comment_to_others` [ RunTime:0.000557s ]
[2021-05-19T16:32:52+08:00][sql] SELECT * FROM `carver_comment_to_others` [ RunTime:0.000233s ]
[2021-05-19T16:32:52+08:00][sql] SHOW FULL COLUMNS FROM `carver_user` [ RunTime:0.000472s ]
[2021-05-19T16:32:52+08:00][sql] SELECT `user_name` FROM `carver_user` WHERE  `user_id` = 4 LIMIT 1 [ RunTime:0.000251s ]
[2021-05-19T16:32:52+08:00][sql] SELECT `user_name` FROM `carver_user` WHERE  `user_id` = 4 LIMIT 1 [ RunTime:0.000224s ]
[2021-05-19T16:32:52+08:00][sql] SELECT `user_name` FROM `carver_user` WHERE  `user_id` = 5 LIMIT 1 [ RunTime:0.000219s ]
[2021-05-19T16:32:52+08:00][sql] SELECT `user_name` FROM `carver_user` WHERE  `user_id` = 5 LIMIT 1 [ RunTime:0.000222s ]
[2021-05-19T16:32:52+08:00][sql] SELECT `user_name` FROM `carver_user` WHERE  `user_id` = 37 LIMIT 1 [ RunTime:0.000225s ]
[2021-05-19T16:32:52+08:00][sql] SHOW FULL COLUMNS FROM `carver_navigation` [ RunTime:0.000519s ]
[2021-05-19T16:32:52+08:00][sql] SELECT * FROM `carver_navigation` [ RunTime:0.000284s ]
[2021-05-19T16:32:52+08:00][sql] SELECT `article_label` FROM `carver_article` [ RunTime:0.000265s ]
[2021-05-19T16:32:55+08:00][sql] CONNECT:[ UseTime:0.000518s ] mysql:host=127.0.0.1;port=3306;dbname=carver;charset=utf8
[2021-05-19T16:32:55+08:00][sql] SHOW FULL COLUMNS FROM `carver_article` [ RunTime:0.000919s ]
[2021-05-19T16:32:55+08:00][sql] SELECT COUNT(*) AS think_count FROM `carver_article` WHERE  `article_label` LIKE '%javascript;c%'  AND `delete_time` = 0  AND `is_show` = 1 [ RunTime:0.000421s ]
[2021-05-19T16:32:55+08:00][sql] SELECT * FROM `carver_article` WHERE  `article_label` LIKE '%javascript;c%'  AND `delete_time` = 0  AND `is_show` = 1 LIMIT 0,6 [ RunTime:0.000999s ]
[2021-05-19T16:32:55+08:00][sql] SELECT article_id,article_title,click_num,FROM_UNIXTIME(add_time,'%Y-%m-%d') as add_time FROM `carver_article` WHERE  `is_show` = 1  AND `delete_time` = 0 ORDER BY `click_num` DESC LIMIT 3 [ RunTime:0.000537s ]
[2021-05-19T16:32:55+08:00][sql] SHOW FULL COLUMNS FROM `carver_notice` [ RunTime:0.000648s ]
[2021-05-19T16:32:55+08:00][sql] SELECT * FROM `carver_notice` ORDER BY `create_time` DESC LIMIT 3 [ RunTime:0.000346s ]
[2021-05-19T16:32:55+08:00][sql] SHOW FULL COLUMNS FROM `carver_navigation` [ RunTime:0.000645s ]
[2021-05-19T16:32:55+08:00][sql] SELECT * FROM `carver_navigation` [ RunTime:0.000319s ]
[2021-05-19T16:32:55+08:00][sql] SHOW FULL COLUMNS FROM `carver_link` [ RunTime:0.000560s ]
[2021-05-19T16:32:55+08:00][sql] SELECT * FROM `carver_link` WHERE  ( is_confirm=2 ) LIMIT 20 [ RunTime:0.000374s ]
[2021-05-19T16:32:55+08:00][sql] SELECT `article_label` FROM `carver_article` [ RunTime:0.000320s ]
[2021-05-19T16:32:55+08:00][sql] SHOW FULL COLUMNS FROM `carver_carouse` [ RunTime:0.000542s ]
[2021-05-19T16:32:55+08:00][sql] SELECT `carouse_img`,`carouse_desc` FROM `carver_carouse` WHERE  `is_show` = 1 ORDER BY `carouse_sort` DESC LIMIT 3 [ RunTime:0.000340s ]
[2021-05-19T16:32:55+08:00][sql] SHOW FULL COLUMNS FROM `carver_site` [ RunTime:0.000526s ]
[2021-05-19T16:32:55+08:00][sql] SELECT * FROM `carver_site` [ RunTime:0.000356s ]
[2021-05-19T16:32:57+08:00][sql] CONNECT:[ UseTime:0.000881s ] mysql:host=127.0.0.1;port=3306;dbname=carver;charset=utf8
[2021-05-19T16:32:57+08:00][sql] SHOW FULL COLUMNS FROM `carver_article` [ RunTime:0.000896s ]
[2021-05-19T16:32:57+08:00][sql] SELECT COUNT(*) AS think_count FROM `carver_article` WHERE  `article_label` LIKE '%php;c%'  AND `delete_time` = 0  AND `is_show` = 1 [ RunTime:0.000441s ]
[2021-05-19T16:32:57+08:00][sql] SELECT * FROM `carver_article` WHERE  `article_label` LIKE '%php;c%'  AND `delete_time` = 0  AND `is_show` = 1 LIMIT 0,6 [ RunTime:0.001237s ]
[2021-05-19T16:32:57+08:00][sql] SELECT article_id,article_title,click_num,FROM_UNIXTIME(add_time,'%Y-%m-%d') as add_time FROM `carver_article` WHERE  `is_show` = 1  AND `delete_time` = 0 ORDER BY `click_num` DESC LIMIT 3 [ RunTime:0.000471s ]
[2021-05-19T16:32:57+08:00][sql] SHOW FULL COLUMNS FROM `carver_notice` [ RunTime:0.000677s ]
[2021-05-19T16:32:57+08:00][sql] SELECT * FROM `carver_notice` ORDER BY `create_time` DESC LIMIT 3 [ RunTime:0.000319s ]
[2021-05-19T16:32:57+08:00][sql] SHOW FULL COLUMNS FROM `carver_navigation` [ RunTime:0.000546s ]
[2021-05-19T16:32:57+08:00][sql] SELECT * FROM `carver_navigation` [ RunTime:0.000282s ]
[2021-05-19T16:32:57+08:00][sql] SHOW FULL COLUMNS FROM `carver_link` [ RunTime:0.000554s ]
[2021-05-19T16:32:57+08:00][sql] SELECT * FROM `carver_link` WHERE  ( is_confirm=2 ) LIMIT 20 [ RunTime:0.000372s ]
[2021-05-19T16:32:57+08:00][sql] SELECT `article_label` FROM `carver_article` [ RunTime:0.000280s ]
[2021-05-19T16:32:57+08:00][sql] SHOW FULL COLUMNS FROM `carver_carouse` [ RunTime:0.000556s ]
[2021-05-19T16:32:57+08:00][sql] SELECT `carouse_img`,`carouse_desc` FROM `carver_carouse` WHERE  `is_show` = 1 ORDER BY `carouse_sort` DESC LIMIT 3 [ RunTime:0.000304s ]
[2021-05-19T16:32:57+08:00][sql] SHOW FULL COLUMNS FROM `carver_site` [ RunTime:0.000604s ]
[2021-05-19T16:32:57+08:00][sql] SELECT * FROM `carver_site` [ RunTime:0.000283s ]
[2021-05-19T16:33:00+08:00][sql] CONNECT:[ UseTime:0.000560s ] mysql:host=127.0.0.1;port=3306;dbname=carver;charset=utf8
[2021-05-19T16:33:00+08:00][sql] SHOW FULL COLUMNS FROM `carver_article` [ RunTime:0.000962s ]
[2021-05-19T16:33:00+08:00][sql] SELECT COUNT(*) AS think_count FROM `carver_article` WHERE  `article_label` LIKE '%php;git/%'  AND `delete_time` = 0  AND `is_show` = 1 [ RunTime:0.000471s ]
[2021-05-19T16:33:00+08:00][sql] SELECT * FROM `carver_article` WHERE  `article_label` LIKE '%php;git/%'  AND `delete_time` = 0  AND `is_show` = 1 LIMIT 0,6 [ RunTime:0.001021s ]
[2021-05-19T16:33:00+08:00][sql] SELECT article_id,article_title,click_num,FROM_UNIXTIME(add_time,'%Y-%m-%d') as add_time FROM `carver_article` WHERE  `is_show` = 1  AND `delete_time` = 0 ORDER BY `click_num` DESC LIMIT 3 [ RunTime:0.000501s ]
[2021-05-19T16:33:00+08:00][sql] SHOW FULL COLUMNS FROM `carver_notice` [ RunTime:0.000755s ]
[2021-05-19T16:33:00+08:00][sql] SELECT * FROM `carver_notice` ORDER BY `create_time` DESC LIMIT 3 [ RunTime:0.000340s ]
[2021-05-19T16:33:00+08:00][sql] SHOW FULL COLUMNS FROM `carver_navigation` [ RunTime:0.000669s ]
[2021-05-19T16:33:00+08:00][sql] SELECT * FROM `carver_navigation` [ RunTime:0.000379s ]
[2021-05-19T16:33:00+08:00][sql] SHOW FULL COLUMNS FROM `carver_link` [ RunTime:0.000973s ]
[2021-05-19T16:33:00+08:00][sql] SELECT * FROM `carver_link` WHERE  ( is_confirm=2 ) LIMIT 20 [ RunTime:0.000396s ]
[2021-05-19T16:33:00+08:00][sql] SELECT `article_label` FROM `carver_article` [ RunTime:0.000357s ]
[2021-05-19T16:33:00+08:00][sql] SHOW FULL COLUMNS FROM `carver_carouse` [ RunTime:0.000642s ]
[2021-05-19T16:33:00+08:00][sql] SELECT `carouse_img`,`carouse_desc` FROM `carver_carouse` WHERE  `is_show` = 1 ORDER BY `carouse_sort` DESC LIMIT 3 [ RunTime:0.000353s ]
[2021-05-19T16:33:00+08:00][sql] SHOW FULL COLUMNS FROM `carver_site` [ RunTime:0.000627s ]
[2021-05-19T16:33:00+08:00][sql] SELECT * FROM `carver_site` [ RunTime:0.000315s ]
[2021-05-19T16:33:02+08:00][sql] CONNECT:[ UseTime:0.000563s ] mysql:host=127.0.0.1;port=3306;dbname=carver;charset=utf8
[2021-05-19T16:33:02+08:00][sql] SHOW FULL COLUMNS FROM `carver_article` [ RunTime:0.000897s ]
[2021-05-19T16:33:02+08:00][sql] SELECT COUNT(*) AS think_count FROM `carver_article` WHERE  `article_label` LIKE '%php;javascript;c%'  AND `delete_time` = 0  AND `is_show` = 1 [ RunTime:0.000447s ]
[2021-05-19T16:33:02+08:00][sql] SELECT * FROM `carver_article` WHERE  `article_label` LIKE '%php;javascript;c%'  AND `delete_time` = 0  AND `is_show` = 1 LIMIT 0,6 [ RunTime:0.001087s ]
[2021-05-19T16:33:02+08:00][sql] SELECT article_id,article_title,click_num,FROM_UNIXTIME(add_time,'%Y-%m-%d') as add_time FROM `carver_article` WHERE  `is_show` = 1  AND `delete_time` = 0 ORDER BY `click_num` DESC LIMIT 3 [ RunTime:0.000600s ]
[2021-05-19T16:33:02+08:00][sql] SHOW FULL COLUMNS FROM `carver_notice` [ RunTime:0.000705s ]
[2021-05-19T16:33:02+08:00][sql] SELECT * FROM `carver_notice` ORDER BY `create_time` DESC LIMIT 3 [ RunTime:0.000334s ]
[2021-05-19T16:33:02+08:00][sql] SHOW FULL COLUMNS FROM `carver_navigation` [ RunTime:0.000592s ]
[2021-05-19T16:33:02+08:00][sql] SELECT * FROM `carver_navigation` [ RunTime:0.000289s ]
[2021-05-19T16:33:02+08:00][sql] SHOW FULL COLUMNS FROM `carver_link` [ RunTime:0.000648s ]
[2021-05-19T16:33:02+08:00][sql] SELECT * FROM `carver_link` WHERE  ( is_confirm=2 ) LIMIT 20 [ RunTime:0.000343s ]
[2021-05-19T16:33:02+08:00][sql] SELECT `article_label` FROM `carver_article` [ RunTime:0.000269s ]
[2021-05-19T16:33:02+08:00][sql] SHOW FULL COLUMNS FROM `carver_carouse` [ RunTime:0.000601s ]
[2021-05-19T16:33:02+08:00][sql] SELECT `carouse_img`,`carouse_desc` FROM `carver_carouse` WHERE  `is_show` = 1 ORDER BY `carouse_sort` DESC LIMIT 3 [ RunTime:0.000322s ]
[2021-05-19T16:33:02+08:00][sql] SHOW FULL COLUMNS FROM `carver_site` [ RunTime:0.000574s ]
[2021-05-19T16:33:02+08:00][sql] SELECT * FROM `carver_site` [ RunTime:0.000298s ]
[2021-05-19T16:33:04+08:00][sql] CONNECT:[ UseTime:0.008622s ] mysql:host=127.0.0.1;port=3306;dbname=carver;charset=utf8
[2021-05-19T16:33:04+08:00][sql] SHOW FULL COLUMNS FROM `carver_article` [ RunTime:0.002419s ]
[2021-05-19T16:33:04+08:00][sql] SELECT COUNT(*) AS think_count FROM `carver_article` WHERE  `article_label` LIKE '%php;linux/%'  AND `delete_time` = 0  AND `is_show` = 1 [ RunTime:0.000722s ]
[2021-05-19T16:33:04+08:00][sql] SELECT * FROM `carver_article` WHERE  `article_label` LIKE '%php;linux/%'  AND `delete_time` = 0  AND `is_show` = 1 LIMIT 0,6 [ RunTime:0.001652s ]
[2021-05-19T16:33:04+08:00][sql] SELECT article_id,article_title,click_num,FROM_UNIXTIME(add_time,'%Y-%m-%d') as add_time FROM `carver_article` WHERE  `is_show` = 1  AND `delete_time` = 0 ORDER BY `click_num` DESC LIMIT 3 [ RunTime:0.002502s ]
[2021-05-19T16:33:04+08:00][sql] SHOW FULL COLUMNS FROM `carver_notice` [ RunTime:0.001695s ]
[2021-05-19T16:33:04+08:00][sql] SELECT * FROM `carver_notice` ORDER BY `create_time` DESC LIMIT 3 [ RunTime:0.001402s ]
[2021-05-19T16:33:04+08:00][sql] SHOW FULL COLUMNS FROM `carver_navigation` [ RunTime:0.000598s ]
[2021-05-19T16:33:04+08:00][sql] SELECT * FROM `carver_navigation` [ RunTime:0.000869s ]
[2021-05-19T16:33:04+08:00][sql] SHOW FULL COLUMNS FROM `carver_link` [ RunTime:0.001496s ]
[2021-05-19T16:33:04+08:00][sql] SELECT * FROM `carver_link` WHERE  ( is_confirm=2 ) LIMIT 20 [ RunTime:0.000374s ]
[2021-05-19T16:33:04+08:00][sql] SELECT `article_label` FROM `carver_article` [ RunTime:0.001102s ]
[2021-05-19T16:33:04+08:00][sql] SHOW FULL COLUMNS FROM `carver_carouse` [ RunTime:0.001857s ]
[2021-05-19T16:33:04+08:00][sql] SELECT `carouse_img`,`carouse_desc` FROM `carver_carouse` WHERE  `is_show` = 1 ORDER BY `carouse_sort` DESC LIMIT 3 [ RunTime:0.000412s ]
[2021-05-19T16:33:04+08:00][sql] SHOW FULL COLUMNS FROM `carver_site` [ RunTime:0.000546s ]
[2021-05-19T16:33:04+08:00][sql] SELECT * FROM `carver_site` [ RunTime:0.000298s ]
[2021-05-19T16:33:06+08:00][sql] CONNECT:[ UseTime:0.000689s ] mysql:host=127.0.0.1;port=3306;dbname=carver;charset=utf8
[2021-05-19T16:33:06+08:00][sql] SHOW FULL COLUMNS FROM `carver_article` [ RunTime:0.000850s ]
[2021-05-19T16:33:06+08:00][sql] SELECT COUNT(*) AS think_count FROM `carver_article` WHERE  `article_label` LIKE '%php;mysql/%'  AND `delete_time` = 0  AND `is_show` = 1 [ RunTime:0.000429s ]
[2021-05-19T16:33:06+08:00][sql] SELECT * FROM `carver_article` WHERE  `article_label` LIKE '%php;mysql/%'  AND `delete_time` = 0  AND `is_show` = 1 LIMIT 0,6 [ RunTime:0.000977s ]
[2021-05-19T16:33:06+08:00][sql] SELECT article_id,article_title,click_num,FROM_UNIXTIME(add_time,'%Y-%m-%d') as add_time FROM `carver_article` WHERE  `is_show` = 1  AND `delete_time` = 0 ORDER BY `click_num` DESC LIMIT 3 [ RunTime:0.000423s ]
[2021-05-19T16:33:06+08:00][sql] SHOW FULL COLUMNS FROM `carver_notice` [ RunTime:0.000629s ]
[2021-05-19T16:33:06+08:00][sql] SELECT * FROM `carver_notice` ORDER BY `create_time` DESC LIMIT 3 [ RunTime:0.000310s ]
[2021-05-19T16:33:06+08:00][sql] SHOW FULL COLUMNS FROM `carver_navigation` [ RunTime:0.000563s ]
[2021-05-19T16:33:06+08:00][sql] SELECT * FROM `carver_navigation` [ RunTime:0.000350s ]
[2021-05-19T16:33:06+08:00][sql] SHOW FULL COLUMNS FROM `carver_link` [ RunTime:0.000544s ]
[2021-05-19T16:33:06+08:00][sql] SELECT * FROM `carver_link` WHERE  ( is_confirm=2 ) LIMIT 20 [ RunTime:0.000347s ]
[2021-05-19T16:33:06+08:00][sql] SELECT `article_label` FROM `carver_article` [ RunTime:0.000272s ]
[2021-05-19T16:33:06+08:00][sql] SHOW FULL COLUMNS FROM `carver_carouse` [ RunTime:0.000510s ]
[2021-05-19T16:33:06+08:00][sql] SELECT `carouse_img`,`carouse_desc` FROM `carver_carouse` WHERE  `is_show` = 1 ORDER BY `carouse_sort` DESC LIMIT 3 [ RunTime:0.000314s ]
[2021-05-19T16:33:06+08:00][sql] SHOW FULL COLUMNS FROM `carver_site` [ RunTime:0.000514s ]
[2021-05-19T16:33:06+08:00][sql] SELECT * FROM `carver_site` [ RunTime:0.000270s ]
[2021-05-19T16:33:09+08:00][sql] CONNECT:[ UseTime:0.000522s ] mysql:host=127.0.0.1;port=3306;dbname=carver;charset=utf8
[2021-05-19T16:33:09+08:00][sql] SHOW FULL COLUMNS FROM `carver_article` [ RunTime:0.000861s ]
[2021-05-19T16:33:09+08:00][sql] SELECT COUNT(*) AS think_count FROM `carver_article` WHERE  `article_label` LIKE '%php;nginx/%'  AND `delete_time` = 0  AND `is_show` = 1 [ RunTime:0.000414s ]
[2021-05-19T16:33:09+08:00][sql] SELECT * FROM `carver_article` WHERE  `article_label` LIKE '%php;nginx/%'  AND `delete_time` = 0  AND `is_show` = 1 LIMIT 0,6 [ RunTime:0.000938s ]
[2021-05-19T16:33:09+08:00][sql] SELECT article_id,article_title,click_num,FROM_UNIXTIME(add_time,'%Y-%m-%d') as add_time FROM `carver_article` WHERE  `is_show` = 1  AND `delete_time` = 0 ORDER BY `click_num` DESC LIMIT 3 [ RunTime:0.000469s ]
[2021-05-19T16:33:09+08:00][sql] SHOW FULL COLUMNS FROM `carver_notice` [ RunTime:0.000582s ]
[2021-05-19T16:33:09+08:00][sql] SELECT * FROM `carver_notice` ORDER BY `create_time` DESC LIMIT 3 [ RunTime:0.000320s ]
[2021-05-19T16:33:09+08:00][sql] SHOW FULL COLUMNS FROM `carver_navigation` [ RunTime:0.000560s ]
[2021-05-19T16:33:09+08:00][sql] SELECT * FROM `carver_navigation` [ RunTime:0.000282s ]
[2021-05-19T16:33:09+08:00][sql] SHOW FULL COLUMNS FROM `carver_link` [ RunTime:0.000549s ]
[2021-05-19T16:33:09+08:00][sql] SELECT * FROM `carver_link` WHERE  ( is_confirm=2 ) LIMIT 20 [ RunTime:0.000330s ]
[2021-05-19T16:33:09+08:00][sql] SELECT `article_label` FROM `carver_article` [ RunTime:0.000292s ]
[2021-05-19T16:33:09+08:00][sql] SHOW FULL COLUMNS FROM `carver_carouse` [ RunTime:0.000543s ]
[2021-05-19T16:33:09+08:00][sql] SELECT `carouse_img`,`carouse_desc` FROM `carver_carouse` WHERE  `is_show` = 1 ORDER BY `carouse_sort` DESC LIMIT 3 [ RunTime:0.000298s ]
[2021-05-19T16:33:09+08:00][sql] SHOW FULL COLUMNS FROM `carver_site` [ RunTime:0.000622s ]
[2021-05-19T16:33:09+08:00][sql] SELECT * FROM `carver_site` [ RunTime:0.000269s ]
[2021-05-19T16:33:11+08:00][sql] CONNECT:[ UseTime:0.000973s ] mysql:host=127.0.0.1;port=3306;dbname=carver;charset=utf8
[2021-05-19T16:33:11+08:00][sql] SHOW FULL COLUMNS FROM `carver_article` [ RunTime:0.000858s ]
[2021-05-19T16:33:11+08:00][sql] SELECT COUNT(*) AS think_count FROM `carver_article` WHERE  `article_label` LIKE '%php;swoole/%'  AND `delete_time` = 0  AND `is_show` = 1 [ RunTime:0.000390s ]
[2021-05-19T16:33:11+08:00][sql] SELECT * FROM `carver_article` WHERE  `article_label` LIKE '%php;swoole/%'  AND `delete_time` = 0  AND `is_show` = 1 LIMIT 0,6 [ RunTime:0.000889s ]
[2021-05-19T16:33:11+08:00][sql] SELECT article_id,article_title,click_num,FROM_UNIXTIME(add_time,'%Y-%m-%d') as add_time FROM `carver_article` WHERE  `is_show` = 1  AND `delete_time` = 0 ORDER BY `click_num` DESC LIMIT 3 [ RunTime:0.000413s ]
[2021-05-19T16:33:11+08:00][sql] SHOW FULL COLUMNS FROM `carver_notice` [ RunTime:0.000551s ]
[2021-05-19T16:33:11+08:00][sql] SELECT * FROM `carver_notice` ORDER BY `create_time` DESC LIMIT 3 [ RunTime:0.000281s ]
[2021-05-19T16:33:11+08:00][sql] SHOW FULL COLUMNS FROM `carver_navigation` [ RunTime:0.000536s ]
[2021-05-19T16:33:11+08:00][sql] SELECT * FROM `carver_navigation` [ RunTime:0.000280s ]
[2021-05-19T16:33:11+08:00][sql] SHOW FULL COLUMNS FROM `carver_link` [ RunTime:0.000512s ]
[2021-05-19T16:33:11+08:00][sql] SELECT * FROM `carver_link` WHERE  ( is_confirm=2 ) LIMIT 20 [ RunTime:0.000334s ]
[2021-05-19T16:33:11+08:00][sql] SELECT `article_label` FROM `carver_article` [ RunTime:0.000263s ]
[2021-05-19T16:33:11+08:00][sql] SHOW FULL COLUMNS FROM `carver_carouse` [ RunTime:0.000500s ]
[2021-05-19T16:33:11+08:00][sql] SELECT `carouse_img`,`carouse_desc` FROM `carver_carouse` WHERE  `is_show` = 1 ORDER BY `carouse_sort` DESC LIMIT 3 [ RunTime:0.000296s ]
[2021-05-19T16:33:11+08:00][sql] SHOW FULL COLUMNS FROM `carver_site` [ RunTime:0.000496s ]
[2021-05-19T16:33:11+08:00][sql] SELECT * FROM `carver_site` [ RunTime:0.000256s ]
[2021-05-19T16:33:15+08:00][sql] CONNECT:[ UseTime:0.000541s ] mysql:host=127.0.0.1;port=3306;dbname=carver;charset=utf8
[2021-05-19T16:33:15+08:00][sql] SHOW FULL COLUMNS FROM `carver_article` [ RunTime:0.000932s ]
[2021-05-19T16:33:15+08:00][sql] SELECT COUNT(*) AS think_count FROM `carver_article` WHERE  `article_label` LIKE '%php;网络安全/%'  AND `delete_time` = 0  AND `is_show` = 1 [ RunTime:0.000472s ]
[2021-05-19T16:33:15+08:00][sql] SELECT * FROM `carver_article` WHERE  `article_label` LIKE '%php;网络安全/%'  AND `delete_time` = 0  AND `is_show` = 1 LIMIT 0,6 [ RunTime:0.001067s ]
[2021-05-19T16:33:15+08:00][sql] SELECT article_id,article_title,click_num,FROM_UNIXTIME(add_time,'%Y-%m-%d') as add_time FROM `carver_article` WHERE  `is_show` = 1  AND `delete_time` = 0 ORDER BY `click_num` DESC LIMIT 3 [ RunTime:0.000508s ]
[2021-05-19T16:33:15+08:00][sql] SHOW FULL COLUMNS FROM `carver_notice` [ RunTime:0.000694s ]
[2021-05-19T16:33:15+08:00][sql] SELECT * FROM `carver_notice` ORDER BY `create_time` DESC LIMIT 3 [ RunTime:0.000349s ]
[2021-05-19T16:33:15+08:00][sql] SHOW FULL COLUMNS FROM `carver_navigation` [ RunTime:0.000549s ]
[2021-05-19T16:33:15+08:00][sql] SELECT * FROM `carver_navigation` [ RunTime:0.000375s ]
[2021-05-19T16:33:15+08:00][sql] SHOW FULL COLUMNS FROM `carver_link` [ RunTime:0.000631s ]
[2021-05-19T16:33:15+08:00][sql] SELECT * FROM `carver_link` WHERE  ( is_confirm=2 ) LIMIT 20 [ RunTime:0.000363s ]
[2021-05-19T16:33:15+08:00][sql] SELECT `article_label` FROM `carver_article` [ RunTime:0.000288s ]
[2021-05-19T16:33:15+08:00][sql] SHOW FULL COLUMNS FROM `carver_carouse` [ RunTime:0.000543s ]
[2021-05-19T16:33:15+08:00][sql] SELECT `carouse_img`,`carouse_desc` FROM `carver_carouse` WHERE  `is_show` = 1 ORDER BY `carouse_sort` DESC LIMIT 3 [ RunTime:0.000374s ]
[2021-05-19T16:33:15+08:00][sql] SHOW FULL COLUMNS FROM `carver_site` [ RunTime:0.000524s ]
[2021-05-19T16:33:15+08:00][sql] SELECT * FROM `carver_site` [ RunTime:0.000351s ]
[2021-05-19T16:33:17+08:00][sql] CONNECT:[ UseTime:0.000910s ] mysql:host=127.0.0.1;port=3306;dbname=carver;charset=utf8
[2021-05-19T16:33:17+08:00][sql] SHOW FULL COLUMNS FROM `carver_article` [ RunTime:0.001125s ]
[2021-05-19T16:33:17+08:00][sql] SELECT COUNT(*) AS think_count FROM `carver_article` WHERE  `article_label` LIKE '%php;设计模式/%'  AND `delete_time` = 0  AND `is_show` = 1 [ RunTime:0.000483s ]
[2021-05-19T16:33:17+08:00][sql] SELECT * FROM `carver_article` WHERE  `article_label` LIKE '%php;设计模式/%'  AND `delete_time` = 0  AND `is_show` = 1 LIMIT 0,6 [ RunTime:0.000985s ]
[2021-05-19T16:33:17+08:00][sql] SELECT article_id,article_title,click_num,FROM_UNIXTIME(add_time,'%Y-%m-%d') as add_time FROM `carver_article` WHERE  `is_show` = 1  AND `delete_time` = 0 ORDER BY `click_num` DESC LIMIT 3 [ RunTime:0.000624s ]
[2021-05-19T16:33:17+08:00][sql] SHOW FULL COLUMNS FROM `carver_notice` [ RunTime:0.000691s ]
[2021-05-19T16:33:17+08:00][sql] SELECT * FROM `carver_notice` ORDER BY `create_time` DESC LIMIT 3 [ RunTime:0.000355s ]
[2021-05-19T16:33:17+08:00][sql] SHOW FULL COLUMNS FROM `carver_navigation` [ RunTime:0.000581s ]
[2021-05-19T16:33:17+08:00][sql] SELECT * FROM `carver_navigation` [ RunTime:0.000315s ]
[2021-05-19T16:33:17+08:00][sql] SHOW FULL COLUMNS FROM `carver_link` [ RunTime:0.000609s ]
[2021-05-19T16:33:17+08:00][sql] SELECT * FROM `carver_link` WHERE  ( is_confirm=2 ) LIMIT 20 [ RunTime:0.000391s ]
[2021-05-19T16:33:17+08:00][sql] SELECT `article_label` FROM `carver_article` [ RunTime:0.000309s ]
[2021-05-19T16:33:17+08:00][sql] SHOW FULL COLUMNS FROM `carver_carouse` [ RunTime:0.000557s ]
[2021-05-19T16:33:17+08:00][sql] SELECT `carouse_img`,`carouse_desc` FROM `carver_carouse` WHERE  `is_show` = 1 ORDER BY `carouse_sort` DESC LIMIT 3 [ RunTime:0.000348s ]
[2021-05-19T16:33:17+08:00][sql] SHOW FULL COLUMNS FROM `carver_site` [ RunTime:0.000632s ]
[2021-05-19T16:33:17+08:00][sql] SELECT * FROM `carver_site` [ RunTime:0.000847s ]
[2021-05-19T16:33:19+08:00][sql] CONNECT:[ UseTime:0.000834s ] mysql:host=127.0.0.1;port=3306;dbname=carver;charset=utf8
[2021-05-19T16:33:19+08:00][sql] SHOW FULL COLUMNS FROM `carver_article` [ RunTime:0.000921s ]
[2021-05-19T16:33:19+08:00][sql] SELECT COUNT(*) AS think_count FROM `carver_article` WHERE  `article_label` LIKE '%网络安全//%'  AND `delete_time` = 0  AND `is_show` = 1 [ RunTime:0.000620s ]
[2021-05-19T16:33:19+08:00][sql] SELECT * FROM `carver_article` WHERE  `article_label` LIKE '%网络安全//%'  AND `delete_time` = 0  AND `is_show` = 1 LIMIT 0,6 [ RunTime:0.001077s ]
[2021-05-19T16:33:19+08:00][sql] SELECT article_id,article_title,click_num,FROM_UNIXTIME(add_time,'%Y-%m-%d') as add_time FROM `carver_article` WHERE  `is_show` = 1  AND `delete_time` = 0 ORDER BY `click_num` DESC LIMIT 3 [ RunTime:0.000441s ]
[2021-05-19T16:33:19+08:00][sql] SHOW FULL COLUMNS FROM `carver_notice` [ RunTime:0.000656s ]
[2021-05-19T16:33:19+08:00][sql] SELECT * FROM `carver_notice` ORDER BY `create_time` DESC LIMIT 3 [ RunTime:0.000325s ]
[2021-05-19T16:33:19+08:00][sql] SHOW FULL COLUMNS FROM `carver_navigation` [ RunTime:0.000599s ]
[2021-05-19T16:33:19+08:00][sql] SELECT * FROM `carver_navigation` [ RunTime:0.000302s ]
[2021-05-19T16:33:19+08:00][sql] SHOW FULL COLUMNS FROM `carver_link` [ RunTime:0.000591s ]
[2021-05-19T16:33:19+08:00][sql] SELECT * FROM `carver_link` WHERE  ( is_confirm=2 ) LIMIT 20 [ RunTime:0.000394s ]
[2021-05-19T16:33:19+08:00][sql] SELECT `article_label` FROM `carver_article` [ RunTime:0.000315s ]
[2021-05-19T16:33:19+08:00][sql] SHOW FULL COLUMNS FROM `carver_carouse` [ RunTime:0.000579s ]
[2021-05-19T16:33:19+08:00][sql] SELECT `carouse_img`,`carouse_desc` FROM `carver_carouse` WHERE  `is_show` = 1 ORDER BY `carouse_sort` DESC LIMIT 3 [ RunTime:0.000502s ]
[2021-05-19T16:33:19+08:00][sql] SHOW FULL COLUMNS FROM `carver_site` [ RunTime:0.000562s ]
[2021-05-19T16:33:19+08:00][sql] SELECT * FROM `carver_site` [ RunTime:0.000343s ]
[2021-05-19T16:33:21+08:00][sql] CONNECT:[ UseTime:0.000478s ] mysql:host=127.0.0.1;port=3306;dbname=carver;charset=utf8
[2021-05-19T16:33:21+08:00][sql] SHOW FULL COLUMNS FROM `carver_article` [ RunTime:0.000848s ]
[2021-05-19T16:33:21+08:00][sql] SELECT COUNT(*) AS think_count FROM `carver_article` WHERE  `article_label` LIKE '%设计模式//%'  AND `delete_time` = 0  AND `is_show` = 1 [ RunTime:0.000406s ]
[2021-05-19T16:33:21+08:00][sql] SELECT * FROM `carver_article` WHERE  `article_label` LIKE '%设计模式//%'  AND `delete_time` = 0  AND `is_show` = 1 LIMIT 0,6 [ RunTime:0.000923s ]
[2021-05-19T16:33:21+08:00][sql] SELECT article_id,article_title,click_num,FROM_UNIXTIME(add_time,'%Y-%m-%d') as add_time FROM `carver_article` WHERE  `is_show` = 1  AND `delete_time` = 0 ORDER BY `click_num` DESC LIMIT 3 [ RunTime:0.000416s ]
[2021-05-19T16:33:21+08:00][sql] SHOW FULL COLUMNS FROM `carver_notice` [ RunTime:0.000612s ]
[2021-05-19T16:33:21+08:00][sql] SELECT * FROM `carver_notice` ORDER BY `create_time` DESC LIMIT 3 [ RunTime:0.000287s ]
[2021-05-19T16:33:21+08:00][sql] SHOW FULL COLUMNS FROM `carver_navigation` [ RunTime:0.000530s ]
[2021-05-19T16:33:21+08:00][sql] SELECT * FROM `carver_navigation` [ RunTime:0.000268s ]
[2021-05-19T16:33:21+08:00][sql] SHOW FULL COLUMNS FROM `carver_link` [ RunTime:0.000523s ]
[2021-05-19T16:33:21+08:00][sql] SELECT * FROM `carver_link` WHERE  ( is_confirm=2 ) LIMIT 20 [ RunTime:0.000315s ]
[2021-05-19T16:33:21+08:00][sql] SELECT `article_label` FROM `carver_article` [ RunTime:0.000281s ]
[2021-05-19T16:33:21+08:00][sql] SHOW FULL COLUMNS FROM `carver_carouse` [ RunTime:0.000499s ]
[2021-05-19T16:33:21+08:00][sql] SELECT `carouse_img`,`carouse_desc` FROM `carver_carouse` WHERE  `is_show` = 1 ORDER BY `carouse_sort` DESC LIMIT 3 [ RunTime:0.000308s ]
[2021-05-19T16:33:21+08:00][sql] SHOW FULL COLUMNS FROM `carver_site` [ RunTime:0.000552s ]
[2021-05-19T16:33:21+08:00][sql] SELECT * FROM `carver_site` [ RunTime:0.000273s ]
[2021-05-19T18:28:15+08:00][sql] CONNECT:[ UseTime:0.000468s ] mysql:host=127.0.0.1;port=3306;dbname=carver;charset=utf8
[2021-05-19T18:28:15+08:00][sql] SHOW FULL COLUMNS FROM `carver_user` [ RunTime:0.000784s ]
[2021-05-19T18:28:15+08:00][sql] SHOW FULL COLUMNS FROM `carver_article` [ RunTime:0.000665s ]
[2021-05-19T18:28:15+08:00][sql] SELECT COUNT(*) AS think_count FROM `carver_article` WHERE  `delete_time` = 0  AND `is_show` = 1 [ RunTime:0.000371s ]
[2021-05-19T18:28:15+08:00][sql] SELECT `article_id`,`article_title`,`article_desc`,`article_content`,`article_img`,`article_guide`,`article_label`,`click_num`,`is_show`,`add_time`,`article_author`,`is_top_show` FROM `carver_article` WHERE  `delete_time` = 0  AND `is_show` = 1 ORDER BY `article_id` DESC LIMIT 0,6 [ RunTime:0.000590s ]
[2021-05-19T18:28:15+08:00][sql] SELECT article_id,article_title,click_num,FROM_UNIXTIME(add_time,'%Y-%m-%d') as add_time FROM `carver_article` WHERE  `is_show` = 1  AND `delete_time` = 0 ORDER BY `click_num` DESC LIMIT 3 [ RunTime:0.000395s ]
[2021-05-19T18:28:15+08:00][sql] SHOW FULL COLUMNS FROM `carver_notice` [ RunTime:0.000506s ]
[2021-05-19T18:28:15+08:00][sql] SELECT * FROM `carver_notice` ORDER BY `create_time` DESC LIMIT 3 [ RunTime:0.000254s ]
[2021-05-19T18:28:15+08:00][sql] SHOW FULL COLUMNS FROM `carver_navigation` [ RunTime:0.000524s ]
[2021-05-19T18:28:15+08:00][sql] SELECT * FROM `carver_navigation` [ RunTime:0.000245s ]
[2021-05-19T18:28:15+08:00][sql] SHOW FULL COLUMNS FROM `carver_link` [ RunTime:0.000492s ]
[2021-05-19T18:28:15+08:00][sql] SELECT * FROM `carver_link` WHERE  ( is_confirm=2 ) LIMIT 20 [ RunTime:0.000279s ]
[2021-05-19T18:28:15+08:00][sql] SELECT `article_label` FROM `carver_article` [ RunTime:0.000288s ]
[2021-05-19T18:28:15+08:00][sql] SHOW FULL COLUMNS FROM `carver_carouse` [ RunTime:0.000456s ]
[2021-05-19T18:28:15+08:00][sql] SELECT `carouse_img`,`carouse_desc` FROM `carver_carouse` WHERE  `is_show` = 1 ORDER BY `carouse_sort` DESC LIMIT 3 [ RunTime:0.000295s ]
[2021-05-19T18:28:15+08:00][sql] SHOW FULL COLUMNS FROM `carver_site` [ RunTime:0.000471s ]
[2021-05-19T18:28:15+08:00][sql] SELECT * FROM `carver_site` [ RunTime:0.000248s ]
[2021-05-19T23:42:39+08:00][sql] CONNECT:[ UseTime:0.011208s ] mysql:host=127.0.0.1;port=3306;dbname=carver;charset=utf8
[2021-05-19T23:42:39+08:00][sql] SHOW FULL COLUMNS FROM `carver_user` [ RunTime:0.001951s ]
[2021-05-19T23:42:39+08:00][sql] SHOW FULL COLUMNS FROM `carver_article` [ RunTime:0.000841s ]
[2021-05-19T23:42:39+08:00][sql] SELECT COUNT(*) AS think_count FROM `carver_article` WHERE  `delete_time` = 0  AND `is_show` = 1 [ RunTime:0.002694s ]
[2021-05-19T23:42:39+08:00][sql] SELECT `article_id`,`article_title`,`article_desc`,`article_content`,`article_img`,`article_guide`,`article_label`,`click_num`,`is_show`,`add_time`,`article_author`,`is_top_show` FROM `carver_article` WHERE  `delete_time` = 0  AND `is_show` = 1 ORDER BY `article_id` DESC LIMIT 0,6 [ RunTime:0.001652s ]
[2021-05-19T23:42:39+08:00][sql] SELECT article_id,article_title,click_num,FROM_UNIXTIME(add_time,'%Y-%m-%d') as add_time FROM `carver_article` WHERE  `is_show` = 1  AND `delete_time` = 0 ORDER BY `click_num` DESC LIMIT 3 [ RunTime:0.004193s ]
[2021-05-19T23:42:39+08:00][sql] SHOW FULL COLUMNS FROM `carver_notice` [ RunTime:0.001435s ]
[2021-05-19T23:42:39+08:00][sql] SELECT * FROM `carver_notice` ORDER BY `create_time` DESC LIMIT 3 [ RunTime:0.001059s ]
[2021-05-19T23:42:39+08:00][sql] SHOW FULL COLUMNS FROM `carver_navigation` [ RunTime:0.001631s ]
[2021-05-19T23:42:39+08:00][sql] SELECT * FROM `carver_navigation` [ RunTime:0.000355s ]
[2021-05-19T23:42:39+08:00][sql] SHOW FULL COLUMNS FROM `carver_link` [ RunTime:0.001932s ]
[2021-05-19T23:42:39+08:00][sql] SELECT * FROM `carver_link` WHERE  ( is_confirm=2 ) LIMIT 20 [ RunTime:0.001423s ]
[2021-05-19T23:42:39+08:00][sql] SELECT `article_label` FROM `carver_article` [ RunTime:0.000779s ]
[2021-05-19T23:42:39+08:00][sql] SHOW FULL COLUMNS FROM `carver_carouse` [ RunTime:0.001193s ]
[2021-05-19T23:42:39+08:00][sql] SELECT `carouse_img`,`carouse_desc` FROM `carver_carouse` WHERE  `is_show` = 1 ORDER BY `carouse_sort` DESC LIMIT 3 [ RunTime:0.000774s ]
[2021-05-19T23:42:39+08:00][sql] SHOW FULL COLUMNS FROM `carver_site` [ RunTime:0.001020s ]
[2021-05-19T23:42:39+08:00][sql] SELECT * FROM `carver_site` [ RunTime:0.000358s ]
[2021-05-19T23:42:39+08:00][sql] CONNECT:[ UseTime:0.003162s ] mysql:host=127.0.0.1;port=3306;dbname=carver;charset=utf8
[2021-05-19T23:42:39+08:00][sql] SHOW FULL COLUMNS FROM `carver_user` [ RunTime:0.002871s ]
[2021-05-19T23:42:39+08:00][sql] SHOW FULL COLUMNS FROM `carver_article` [ RunTime:0.002988s ]
[2021-05-19T23:42:39+08:00][sql] SELECT COUNT(*) AS think_count FROM `carver_article` WHERE  `delete_time` = 0  AND `is_show` = 1 [ RunTime:0.003717s ]
[2021-05-19T23:42:39+08:00][sql] SELECT `article_id`,`article_title`,`article_desc`,`article_content`,`article_img`,`article_guide`,`article_label`,`click_num`,`is_show`,`add_time`,`article_author`,`is_top_show` FROM `carver_article` WHERE  `delete_time` = 0  AND `is_show` = 1 ORDER BY `article_id` DESC LIMIT 0,6 [ RunTime:0.000626s ]
[2021-05-19T23:42:39+08:00][sql] SELECT article_id,article_title,click_num,FROM_UNIXTIME(add_time,'%Y-%m-%d') as add_time FROM `carver_article` WHERE  `is_show` = 1  AND `delete_time` = 0 ORDER BY `click_num` DESC LIMIT 3 [ RunTime:0.001376s ]
[2021-05-19T23:42:39+08:00][sql] SHOW FULL COLUMNS FROM `carver_notice` [ RunTime:0.001317s ]
[2021-05-19T23:42:39+08:00][sql] SELECT * FROM `carver_notice` ORDER BY `create_time` DESC LIMIT 3 [ RunTime:0.001031s ]
[2021-05-19T23:42:39+08:00][sql] SHOW FULL COLUMNS FROM `carver_navigation` [ RunTime:0.000780s ]
[2021-05-19T23:42:39+08:00][sql] SELECT * FROM `carver_navigation` [ RunTime:0.001460s ]
[2021-05-19T23:42:39+08:00][sql] SHOW FULL COLUMNS FROM `carver_link` [ RunTime:0.000840s ]
[2021-05-19T23:42:39+08:00][sql] SELECT * FROM `carver_link` WHERE  ( is_confirm=2 ) LIMIT 20 [ RunTime:0.000727s ]
[2021-05-19T23:42:39+08:00][sql] SELECT `article_label` FROM `carver_article` [ RunTime:0.001402s ]
[2021-05-19T23:42:39+08:00][sql] SHOW FULL COLUMNS FROM `carver_carouse` [ RunTime:0.001241s ]
[2021-05-19T23:42:39+08:00][sql] SELECT `carouse_img`,`carouse_desc` FROM `carver_carouse` WHERE  `is_show` = 1 ORDER BY `carouse_sort` DESC LIMIT 3 [ RunTime:0.000745s ]
[2021-05-19T23:42:39+08:00][sql] SHOW FULL COLUMNS FROM `carver_site` [ RunTime:0.001146s ]
[2021-05-19T23:42:39+08:00][sql] SELECT * FROM `carver_site` [ RunTime:0.008774s ]
