[2021-05-21T00:46:09+08:00][sql] CONNECT:[ UseTime:0.000529s ] mysql:host=127.0.0.1;port=3306;dbname=carver;charset=utf8
[2021-05-21T00:46:09+08:00][sql] SHOW FULL COLUMNS FROM `carver_user` [ RunTime:0.000797s ]
[2021-05-21T00:46:09+08:00][sql] SHOW FULL COLUMNS FROM `carver_article` [ RunTime:0.000679s ]
[2021-05-21T00:46:09+08:00][sql] SELECT COUNT(*) AS think_count FROM `carver_article` WHERE  `delete_time` = 0  AND `is_show` = 1 [ RunTime:0.000383s ]
[2021-05-21T00:46:09+08:00][sql] SELECT `article_id`,`article_title`,`article_desc`,`article_content`,`article_img`,`article_guide`,`article_label`,`click_num`,`is_show`,`add_time`,`article_author`,`is_top_show` FROM `carver_article` WHERE  `delete_time` = 0  AND `is_show` = 1 ORDER BY `article_id` DESC LIMIT 0,6 [ RunTime:0.000596s ]
[2021-05-21T00:46:09+08:00][sql] SELECT article_id,article_title,click_num,FROM_UNIXTIME(add_time,'%Y-%m-%d') as add_time FROM `carver_article` WHERE  `is_show` = 1  AND `delete_time` = 0 ORDER BY `click_num` DESC LIMIT 3 [ RunTime:0.000431s ]
[2021-05-21T00:46:09+08:00][sql] SHOW FULL COLUMNS FROM `carver_notice` [ RunTime:0.000516s ]
[2021-05-21T00:46:09+08:00][sql] SELECT * FROM `carver_notice` ORDER BY `create_time` DESC LIMIT 3 [ RunTime:0.000258s ]
[2021-05-21T00:46:09+08:00][sql] SHOW FULL COLUMNS FROM `carver_navigation` [ RunTime:0.000496s ]
[2021-05-21T00:46:09+08:00][sql] SELECT * FROM `carver_navigation` [ RunTime:0.000233s ]
[2021-05-21T00:46:09+08:00][sql] SHOW FULL COLUMNS FROM `carver_link` [ RunTime:0.000480s ]
[2021-05-21T00:46:09+08:00][sql] SELECT * FROM `carver_link` WHERE  ( is_confirm=2 ) LIMIT 20 [ RunTime:0.000283s ]
[2021-05-21T00:46:09+08:00][sql] SELECT `article_label` FROM `carver_article` [ RunTime:0.000310s ]
[2021-05-21T00:46:09+08:00][sql] SHOW FULL COLUMNS FROM `carver_carouse` [ RunTime:0.000463s ]
[2021-05-21T00:46:09+08:00][sql] SELECT `carouse_img`,`carouse_desc` FROM `carver_carouse` WHERE  `is_show` = 1 ORDER BY `carouse_sort` DESC LIMIT 3 [ RunTime:0.000294s ]
[2021-05-21T00:46:09+08:00][sql] SHOW FULL COLUMNS FROM `carver_site` [ RunTime:0.000477s ]
[2021-05-21T00:46:09+08:00][sql] SELECT * FROM `carver_site` [ RunTime:0.000377s ]
[2021-05-21T00:56:15+08:00][sql] CONNECT:[ UseTime:0.000535s ] mysql:host=127.0.0.1;port=3306;dbname=carver;charset=utf8
[2021-05-21T00:56:15+08:00][sql] SHOW FULL COLUMNS FROM `carver_article` [ RunTime:0.000824s ]
[2021-05-21T00:56:15+08:00][sql] SELECT `article_id`,`article_title`,`article_desc`,`article_content`,`article_img`,`article_guide`,`article_label`,`click_num`,`is_show`,`add_time`,`article_author` FROM `carver_article` WHERE  `article_id` = 26 LIMIT 1 [ RunTime:0.000610s ]
[2021-05-21T00:56:15+08:00][sql] SELECT `article_id`,`article_title`,`article_desc`,`article_content`,`article_img`,`article_guide`,`article_label`,`click_num`,`is_show`,`add_time`,`article_author` FROM `carver_article` WHERE  `article_id` > 26 LIMIT 1 [ RunTime:0.000408s ]
[2021-05-21T00:56:15+08:00][sql] SELECT `article_id`,`article_title`,`article_desc`,`article_content`,`article_img`,`article_guide`,`article_label`,`click_num`,`is_show`,`add_time`,`article_author` FROM `carver_article` WHERE  `article_id` < 26 ORDER BY `article_id` DESC LIMIT 1 [ RunTime:0.000358s ]
[2021-05-21T00:56:15+08:00][sql] SHOW FULL COLUMNS FROM `carver_link` [ RunTime:0.000515s ]
[2021-05-21T00:56:15+08:00][sql] SELECT * FROM `carver_link` WHERE  ( is_confirm=2 ) LIMIT 20 [ RunTime:0.000294s ]
[2021-05-21T00:56:15+08:00][sql] SELECT article_id,article_title,click_num,FROM_UNIXTIME(add_time,'%Y-%m-%d') as add_time FROM `carver_article` ORDER BY `click_num` DESC LIMIT 3 [ RunTime:0.000349s ]
[2021-05-21T00:56:15+08:00][sql] SHOW FULL COLUMNS FROM `carver_comment` [ RunTime:0.000504s ]
[2021-05-21T00:56:15+08:00][sql] SELECT `a`.*,`b`.`user_name` FROM `carver_comment` `a` INNER JOIN `carver_user` `b` ON `a`.`user_id`=`b`.`user_id` WHERE  `article_id` = 26 ORDER BY `create_time` DESC [ RunTime:0.000362s ]
[2021-05-21T00:56:15+08:00][sql] SHOW FULL COLUMNS FROM `carver_comment_to_others` [ RunTime:0.000522s ]
[2021-05-21T00:56:15+08:00][sql] SELECT * FROM `carver_comment_to_others` [ RunTime:0.000240s ]
[2021-05-21T00:56:15+08:00][sql] SHOW FULL COLUMNS FROM `carver_user` [ RunTime:0.000420s ]
[2021-05-21T00:56:15+08:00][sql] SELECT `user_name` FROM `carver_user` WHERE  `user_id` = 4 LIMIT 1 [ RunTime:0.000253s ]
[2021-05-21T00:56:15+08:00][sql] SELECT `user_name` FROM `carver_user` WHERE  `user_id` = 4 LIMIT 1 [ RunTime:0.000210s ]
[2021-05-21T00:56:15+08:00][sql] SELECT `user_name` FROM `carver_user` WHERE  `user_id` = 5 LIMIT 1 [ RunTime:0.000206s ]
[2021-05-21T00:56:15+08:00][sql] SELECT `user_name` FROM `carver_user` WHERE  `user_id` = 5 LIMIT 1 [ RunTime:0.000231s ]
[2021-05-21T00:56:15+08:00][sql] SELECT `user_name` FROM `carver_user` WHERE  `user_id` = 37 LIMIT 1 [ RunTime:0.000215s ]
[2021-05-21T00:56:15+08:00][sql] SELECT `user_name`,`user_id` FROM `carver_user` [ RunTime:0.000253s ]
[2021-05-21T00:56:15+08:00][sql] SHOW FULL COLUMNS FROM `carver_navigation` [ RunTime:0.000510s ]
[2021-05-21T00:56:15+08:00][sql] SELECT * FROM `carver_navigation` [ RunTime:0.000265s ]
[2021-05-21T00:56:15+08:00][sql] SELECT `article_label` FROM `carver_article` [ RunTime:0.000252s ]
[2021-05-21T02:40:57+08:00][sql] CONNECT:[ UseTime:0.000574s ] mysql:host=127.0.0.1;port=3306;dbname=carver;charset=utf8
[2021-05-21T02:40:57+08:00][sql] SHOW FULL COLUMNS FROM `carver_article` [ RunTime:0.000902s ]
[2021-05-21T02:40:57+08:00][sql] SELECT `article_id`,`article_title`,`article_desc`,`article_content`,`article_img`,`article_guide`,`article_label`,`click_num`,`is_show`,`add_time`,`article_author` FROM `carver_article` WHERE  `article_id` = 3 LIMIT 1 [ RunTime:0.000648s ]
[2021-05-21T02:40:57+08:00][sql] SELECT `article_id`,`article_title`,`article_desc`,`article_content`,`article_img`,`article_guide`,`article_label`,`click_num`,`is_show`,`add_time`,`article_author` FROM `carver_article` WHERE  `article_id` > 3 LIMIT 1 [ RunTime:0.000471s ]
[2021-05-21T02:40:57+08:00][sql] SELECT `article_id`,`article_title`,`article_desc`,`article_content`,`article_img`,`article_guide`,`article_label`,`click_num`,`is_show`,`add_time`,`article_author` FROM `carver_article` WHERE  `article_id` < 3 ORDER BY `article_id` DESC LIMIT 1 [ RunTime:0.000345s ]
[2021-05-21T02:40:57+08:00][sql] SHOW FULL COLUMNS FROM `carver_link` [ RunTime:0.000582s ]
[2021-05-21T02:40:57+08:00][sql] SELECT * FROM `carver_link` WHERE  ( is_confirm=2 ) LIMIT 20 [ RunTime:0.000452s ]
[2021-05-21T02:40:57+08:00][sql] SELECT article_id,article_title,click_num,FROM_UNIXTIME(add_time,'%Y-%m-%d') as add_time FROM `carver_article` ORDER BY `click_num` DESC LIMIT 3 [ RunTime:0.000391s ]
[2021-05-21T02:40:57+08:00][sql] SHOW FULL COLUMNS FROM `carver_comment` [ RunTime:0.000596s ]
[2021-05-21T02:40:57+08:00][sql] SELECT `a`.*,`b`.`user_name` FROM `carver_comment` `a` INNER JOIN `carver_user` `b` ON `a`.`user_id`=`b`.`user_id` WHERE  `article_id` = 3 ORDER BY `create_time` DESC [ RunTime:0.000427s ]
[2021-05-21T02:40:57+08:00][sql] SHOW FULL COLUMNS FROM `carver_comment_to_others` [ RunTime:0.000536s ]
[2021-05-21T02:40:57+08:00][sql] SELECT * FROM `carver_comment_to_others` [ RunTime:0.000271s ]
[2021-05-21T02:40:57+08:00][sql] SHOW FULL COLUMNS FROM `carver_user` [ RunTime:0.000443s ]
[2021-05-21T02:40:57+08:00][sql] SELECT `user_name` FROM `carver_user` WHERE  `user_id` = 4 LIMIT 1 [ RunTime:0.000255s ]
[2021-05-21T02:40:57+08:00][sql] SELECT `user_name` FROM `carver_user` WHERE  `user_id` = 4 LIMIT 1 [ RunTime:0.000223s ]
[2021-05-21T02:40:57+08:00][sql] SELECT `user_name` FROM `carver_user` WHERE  `user_id` = 5 LIMIT 1 [ RunTime:0.000214s ]
[2021-05-21T02:40:57+08:00][sql] SELECT `user_name` FROM `carver_user` WHERE  `user_id` = 5 LIMIT 1 [ RunTime:0.000222s ]
[2021-05-21T02:40:57+08:00][sql] SELECT `user_name` FROM `carver_user` WHERE  `user_id` = 37 LIMIT 1 [ RunTime:0.000229s ]
[2021-05-21T02:40:57+08:00][sql] SELECT `user_name`,`user_id` FROM `carver_user` [ RunTime:0.000394s ]
[2021-05-21T02:40:57+08:00][sql] SHOW FULL COLUMNS FROM `carver_navigation` [ RunTime:0.000566s ]
[2021-05-21T02:40:57+08:00][sql] SELECT * FROM `carver_navigation` [ RunTime:0.000244s ]
[2021-05-21T02:40:57+08:00][sql] SELECT `article_label` FROM `carver_article` [ RunTime:0.000287s ]
[2021-05-21T03:07:43+08:00][sql] CONNECT:[ UseTime:0.000739s ] mysql:host=127.0.0.1;port=3306;dbname=carver;charset=utf8
[2021-05-21T03:07:43+08:00][sql] SHOW FULL COLUMNS FROM `carver_article` [ RunTime:0.001100s ]
[2021-05-21T03:07:43+08:00][sql] SELECT COUNT(*) AS think_count FROM `carver_article` WHERE  `article_guide` = 8  AND `delete_time` = 0  AND `is_show` = 1 [ RunTime:0.000431s ]
[2021-05-21T03:07:43+08:00][sql] SELECT * FROM `carver_article` WHERE  `article_guide` = 8  AND `delete_time` = 0  AND `is_show` = 1 ORDER BY `add_time` DESC LIMIT 0,6 [ RunTime:0.000678s ]
[2021-05-21T03:07:43+08:00][sql] SELECT article_id,article_title,click_num,FROM_UNIXTIME(add_time,'%Y-%m-%d') as add_time FROM `carver_article` WHERE  `is_show` = 1  AND `delete_time` = 0 ORDER BY `click_num` DESC LIMIT 3 [ RunTime:0.000675s ]
[2021-05-21T03:07:43+08:00][sql] SHOW FULL COLUMNS FROM `carver_notice` [ RunTime:0.000889s ]
[2021-05-21T03:07:43+08:00][sql] SELECT * FROM `carver_notice` ORDER BY `create_time` DESC LIMIT 3 [ RunTime:0.000359s ]
[2021-05-21T03:07:43+08:00][sql] SHOW FULL COLUMNS FROM `carver_navigation` [ RunTime:0.000667s ]
[2021-05-21T03:07:43+08:00][sql] SELECT * FROM `carver_navigation` [ RunTime:0.000318s ]
[2021-05-21T03:07:43+08:00][sql] SELECT `article_label` FROM `carver_article` [ RunTime:0.000361s ]
[2021-05-21T03:07:43+08:00][sql] SHOW FULL COLUMNS FROM `carver_carouse` [ RunTime:0.000556s ]
[2021-05-21T03:07:43+08:00][sql] SELECT `carouse_img`,`carouse_desc` FROM `carver_carouse` WHERE  `is_show` = 1 ORDER BY `carouse_sort` DESC LIMIT 3 [ RunTime:0.000873s ]
[2021-05-21T03:07:43+08:00][sql] SHOW FULL COLUMNS FROM `carver_link` [ RunTime:0.000682s ]
[2021-05-21T03:07:43+08:00][sql] SELECT * FROM `carver_link` WHERE  ( is_confirm=2 ) LIMIT 20 [ RunTime:0.000408s ]
[2021-05-21T03:07:43+08:00][sql] SHOW FULL COLUMNS FROM `carver_site` [ RunTime:0.000775s ]
[2021-05-21T03:07:43+08:00][sql] SELECT * FROM `carver_site` [ RunTime:0.000327s ]
[2021-05-21T05:14:10+08:00][sql] CONNECT:[ UseTime:0.000648s ] mysql:host=127.0.0.1;port=3306;dbname=carver;charset=utf8
[2021-05-21T05:14:10+08:00][sql] SHOW FULL COLUMNS FROM `carver_article` [ RunTime:0.000840s ]
[2021-05-21T05:14:10+08:00][sql] SELECT `article_id`,`article_title`,`article_desc`,`article_content`,`article_img`,`article_guide`,`article_label`,`click_num`,`is_show`,`add_time`,`article_author` FROM `carver_article` WHERE  `article_id` = 22 LIMIT 1 [ RunTime:0.000492s ]
[2021-05-21T05:14:10+08:00][sql] SELECT `article_id`,`article_title`,`article_desc`,`article_content`,`article_img`,`article_guide`,`article_label`,`click_num`,`is_show`,`add_time`,`article_author` FROM `carver_article` WHERE  `article_id` > 22 LIMIT 1 [ RunTime:0.000372s ]
[2021-05-21T05:14:10+08:00][sql] SELECT `article_id`,`article_title`,`article_desc`,`article_content`,`article_img`,`article_guide`,`article_label`,`click_num`,`is_show`,`add_time`,`article_author` FROM `carver_article` WHERE  `article_id` < 22 ORDER BY `article_id` DESC LIMIT 1 [ RunTime:0.000392s ]
[2021-05-21T05:14:10+08:00][sql] SHOW FULL COLUMNS FROM `carver_link` [ RunTime:0.000521s ]
[2021-05-21T05:14:10+08:00][sql] SELECT * FROM `carver_link` WHERE  ( is_confirm=2 ) LIMIT 20 [ RunTime:0.000317s ]
[2021-05-21T05:14:10+08:00][sql] SELECT article_id,article_title,click_num,FROM_UNIXTIME(add_time,'%Y-%m-%d') as add_time FROM `carver_article` ORDER BY `click_num` DESC LIMIT 3 [ RunTime:0.000336s ]
[2021-05-21T05:14:10+08:00][sql] SHOW FULL COLUMNS FROM `carver_comment` [ RunTime:0.000509s ]
[2021-05-21T05:14:10+08:00][sql] SELECT `a`.*,`b`.`user_name` FROM `carver_comment` `a` INNER JOIN `carver_user` `b` ON `a`.`user_id`=`b`.`user_id` WHERE  `article_id` = 22 ORDER BY `create_time` DESC [ RunTime:0.000346s ]
[2021-05-21T05:14:10+08:00][sql] SHOW FULL COLUMNS FROM `carver_comment_to_others` [ RunTime:0.000500s ]
[2021-05-21T05:14:10+08:00][sql] SELECT * FROM `carver_comment_to_others` [ RunTime:0.000233s ]
[2021-05-21T05:14:10+08:00][sql] SHOW FULL COLUMNS FROM `carver_user` [ RunTime:0.000469s ]
[2021-05-21T05:14:10+08:00][sql] SELECT `user_name` FROM `carver_user` WHERE  `user_id` = 4 LIMIT 1 [ RunTime:0.000225s ]
[2021-05-21T05:14:10+08:00][sql] SELECT `user_name` FROM `carver_user` WHERE  `user_id` = 4 LIMIT 1 [ RunTime:0.000240s ]
[2021-05-21T05:14:10+08:00][sql] SELECT `user_name` FROM `carver_user` WHERE  `user_id` = 5 LIMIT 1 [ RunTime:0.000205s ]
[2021-05-21T05:14:10+08:00][sql] SELECT `user_name` FROM `carver_user` WHERE  `user_id` = 5 LIMIT 1 [ RunTime:0.000207s ]
[2021-05-21T05:14:10+08:00][sql] SELECT `user_name` FROM `carver_user` WHERE  `user_id` = 37 LIMIT 1 [ RunTime:0.000223s ]
[2021-05-21T05:14:10+08:00][sql] SELECT `user_name`,`user_id` FROM `carver_user` [ RunTime:0.000261s ]
[2021-05-21T05:14:10+08:00][sql] SHOW FULL COLUMNS FROM `carver_navigation` [ RunTime:0.000475s ]
[2021-05-21T05:14:10+08:00][sql] SELECT * FROM `carver_navigation` [ RunTime:0.000284s ]
[2021-05-21T05:14:10+08:00][sql] SELECT `article_label` FROM `carver_article` [ RunTime:0.000236s ]
[2021-05-21T05:48:55+08:00][sql] CONNECT:[ UseTime:0.000566s ] mysql:host=127.0.0.1;port=3306;dbname=carver;charset=utf8
[2021-05-21T05:48:55+08:00][sql] SHOW FULL COLUMNS FROM `carver_user` [ RunTime:0.001219s ]
[2021-05-21T05:48:55+08:00][sql] SHOW FULL COLUMNS FROM `carver_article` [ RunTime:0.000909s ]
[2021-05-21T05:48:55+08:00][sql] SELECT COUNT(*) AS think_count FROM `carver_article` WHERE  `delete_time` = 0  AND `is_show` = 1 [ RunTime:0.000400s ]
[2021-05-21T05:48:55+08:00][sql] SELECT `article_id`,`article_title`,`article_desc`,`article_content`,`article_img`,`article_guide`,`article_label`,`click_num`,`is_show`,`add_time`,`article_author`,`is_top_show` FROM `carver_article` WHERE  `delete_time` = 0  AND `is_show` = 1 ORDER BY `article_id` DESC LIMIT 0,6 [ RunTime:0.000616s ]
[2021-05-21T05:48:55+08:00][sql] SELECT article_id,article_title,click_num,FROM_UNIXTIME(add_time,'%Y-%m-%d') as add_time FROM `carver_article` WHERE  `is_show` = 1  AND `delete_time` = 0 ORDER BY `click_num` DESC LIMIT 3 [ RunTime:0.000573s ]
[2021-05-21T05:48:55+08:00][sql] SHOW FULL COLUMNS FROM `carver_notice` [ RunTime:0.000562s ]
[2021-05-21T05:48:55+08:00][sql] SELECT * FROM `carver_notice` ORDER BY `create_time` DESC LIMIT 3 [ RunTime:0.000266s ]
[2021-05-21T05:48:55+08:00][sql] SHOW FULL COLUMNS FROM `carver_navigation` [ RunTime:0.000501s ]
[2021-05-21T05:48:55+08:00][sql] SELECT * FROM `carver_navigation` [ RunTime:0.000234s ]
[2021-05-21T05:48:55+08:00][sql] SHOW FULL COLUMNS FROM `carver_link` [ RunTime:0.000523s ]
[2021-05-21T05:48:55+08:00][sql] SELECT * FROM `carver_link` WHERE  ( is_confirm=2 ) LIMIT 20 [ RunTime:0.000323s ]
[2021-05-21T05:48:55+08:00][sql] SELECT `article_label` FROM `carver_article` [ RunTime:0.000307s ]
[2021-05-21T05:48:55+08:00][sql] SHOW FULL COLUMNS FROM `carver_carouse` [ RunTime:0.000495s ]
[2021-05-21T05:48:55+08:00][sql] SELECT `carouse_img`,`carouse_desc` FROM `carver_carouse` WHERE  `is_show` = 1 ORDER BY `carouse_sort` DESC LIMIT 3 [ RunTime:0.000291s ]
[2021-05-21T05:48:55+08:00][sql] SHOW FULL COLUMNS FROM `carver_site` [ RunTime:0.000498s ]
[2021-05-21T05:48:55+08:00][sql] SELECT * FROM `carver_site` [ RunTime:0.000228s ]
[2021-05-21T06:20:07+08:00][sql] CONNECT:[ UseTime:0.000574s ] mysql:host=127.0.0.1;port=3306;dbname=carver;charset=utf8
[2021-05-21T06:20:07+08:00][sql] SHOW FULL COLUMNS FROM `carver_article` [ RunTime:0.000867s ]
[2021-05-21T06:20:07+08:00][sql] SELECT COUNT(*) AS think_count FROM `carver_article` WHERE  `article_guide` = 6  AND `delete_time` = 0  AND `is_show` = 1 [ RunTime:0.000420s ]
[2021-05-21T06:20:07+08:00][sql] SELECT * FROM `carver_article` WHERE  `article_guide` = 6  AND `delete_time` = 0  AND `is_show` = 1 ORDER BY `add_time` DESC LIMIT 0,6 [ RunTime:0.000704s ]
[2021-05-21T06:20:07+08:00][sql] SELECT article_id,article_title,click_num,FROM_UNIXTIME(add_time,'%Y-%m-%d') as add_time FROM `carver_article` WHERE  `is_show` = 1  AND `delete_time` = 0 ORDER BY `click_num` DESC LIMIT 3 [ RunTime:0.000442s ]
[2021-05-21T06:20:07+08:00][sql] SHOW FULL COLUMNS FROM `carver_notice` [ RunTime:0.000619s ]
[2021-05-21T06:20:07+08:00][sql] SELECT * FROM `carver_notice` ORDER BY `create_time` DESC LIMIT 3 [ RunTime:0.000287s ]
[2021-05-21T06:20:07+08:00][sql] SHOW FULL COLUMNS FROM `carver_navigation` [ RunTime:0.000504s ]
[2021-05-21T06:20:07+08:00][sql] SELECT * FROM `carver_navigation` [ RunTime:0.000250s ]
[2021-05-21T06:20:07+08:00][sql] SELECT `article_label` FROM `carver_article` [ RunTime:0.000267s ]
[2021-05-21T06:20:07+08:00][sql] SHOW FULL COLUMNS FROM `carver_carouse` [ RunTime:0.000502s ]
[2021-05-21T06:20:07+08:00][sql] SELECT `carouse_img`,`carouse_desc` FROM `carver_carouse` WHERE  `is_show` = 1 ORDER BY `carouse_sort` DESC LIMIT 3 [ RunTime:0.000324s ]
[2021-05-21T06:20:07+08:00][sql] SHOW FULL COLUMNS FROM `carver_link` [ RunTime:0.000472s ]
[2021-05-21T06:20:07+08:00][sql] SELECT * FROM `carver_link` WHERE  ( is_confirm=2 ) LIMIT 20 [ RunTime:0.000280s ]
[2021-05-21T06:20:07+08:00][sql] SHOW FULL COLUMNS FROM `carver_site` [ RunTime:0.000504s ]
[2021-05-21T06:20:07+08:00][sql] SELECT * FROM `carver_site` [ RunTime:0.000228s ]
[2021-05-21T06:58:40+08:00][sql] CONNECT:[ UseTime:0.012789s ] mysql:host=127.0.0.1;port=3306;dbname=carver;charset=utf8
[2021-05-21T06:58:40+08:00][sql] SHOW FULL COLUMNS FROM `carver_user` [ RunTime:0.000926s ]
[2021-05-21T06:58:40+08:00][sql] SHOW FULL COLUMNS FROM `carver_article` [ RunTime:0.000790s ]
[2021-05-21T06:58:40+08:00][sql] SELECT COUNT(*) AS think_count FROM `carver_article` WHERE  `delete_time` = 0  AND `is_show` = 1 [ RunTime:0.000449s ]
[2021-05-21T06:58:40+08:00][sql] SELECT `article_id`,`article_title`,`article_desc`,`article_content`,`article_img`,`article_guide`,`article_label`,`click_num`,`is_show`,`add_time`,`article_author`,`is_top_show` FROM `carver_article` WHERE  `delete_time` = 0  AND `is_show` = 1 ORDER BY `article_id` DESC LIMIT 0,6 [ RunTime:0.000665s ]
[2021-05-21T06:58:40+08:00][sql] SELECT article_id,article_title,click_num,FROM_UNIXTIME(add_time,'%Y-%m-%d') as add_time FROM `carver_article` WHERE  `is_show` = 1  AND `delete_time` = 0 ORDER BY `click_num` DESC LIMIT 3 [ RunTime:0.000547s ]
[2021-05-21T06:58:40+08:00][sql] SHOW FULL COLUMNS FROM `carver_notice` [ RunTime:0.000677s ]
[2021-05-21T06:58:40+08:00][sql] SELECT * FROM `carver_notice` ORDER BY `create_time` DESC LIMIT 3 [ RunTime:0.000299s ]
[2021-05-21T06:58:40+08:00][sql] SHOW FULL COLUMNS FROM `carver_navigation` [ RunTime:0.000560s ]
[2021-05-21T06:58:40+08:00][sql] SELECT * FROM `carver_navigation` [ RunTime:0.000296s ]
[2021-05-21T06:58:40+08:00][sql] SHOW FULL COLUMNS FROM `carver_link` [ RunTime:0.000607s ]
[2021-05-21T06:58:40+08:00][sql] SELECT * FROM `carver_link` WHERE  ( is_confirm=2 ) LIMIT 20 [ RunTime:0.000308s ]
[2021-05-21T06:58:40+08:00][sql] SELECT `article_label` FROM `carver_article` [ RunTime:0.000345s ]
[2021-05-21T06:58:40+08:00][sql] SHOW FULL COLUMNS FROM `carver_carouse` [ RunTime:0.000560s ]
[2021-05-21T06:58:40+08:00][sql] SELECT `carouse_img`,`carouse_desc` FROM `carver_carouse` WHERE  `is_show` = 1 ORDER BY `carouse_sort` DESC LIMIT 3 [ RunTime:0.000341s ]
[2021-05-21T06:58:40+08:00][sql] SHOW FULL COLUMNS FROM `carver_site` [ RunTime:0.011429s ]
[2021-05-21T06:58:40+08:00][sql] SELECT * FROM `carver_site` [ RunTime:0.000330s ]
[2021-05-21T08:20:22+08:00][sql] CONNECT:[ UseTime:0.000762s ] mysql:host=127.0.0.1;port=3306;dbname=carver;charset=utf8
[2021-05-21T08:20:22+08:00][sql] SHOW FULL COLUMNS FROM `carver_user` [ RunTime:0.000835s ]
[2021-05-21T08:20:22+08:00][sql] SHOW FULL COLUMNS FROM `carver_article` [ RunTime:0.000685s ]
[2021-05-21T08:20:22+08:00][sql] SELECT COUNT(*) AS think_count FROM `carver_article` WHERE  `delete_time` = 0  AND `is_show` = 1 [ RunTime:0.000395s ]
[2021-05-21T08:20:22+08:00][sql] SELECT `article_id`,`article_title`,`article_desc`,`article_content`,`article_img`,`article_guide`,`article_label`,`click_num`,`is_show`,`add_time`,`article_author`,`is_top_show` FROM `carver_article` WHERE  `delete_time` = 0  AND `is_show` = 1 ORDER BY `article_id` DESC LIMIT 18,6 [ RunTime:0.001416s ]
[2021-05-21T08:20:22+08:00][sql] SELECT article_id,article_title,click_num,FROM_UNIXTIME(add_time,'%Y-%m-%d') as add_time FROM `carver_article` WHERE  `is_show` = 1  AND `delete_time` = 0 ORDER BY `click_num` DESC LIMIT 3 [ RunTime:0.000520s ]
[2021-05-21T08:20:22+08:00][sql] SHOW FULL COLUMNS FROM `carver_notice` [ RunTime:0.000612s ]
[2021-05-21T08:20:22+08:00][sql] SELECT * FROM `carver_notice` ORDER BY `create_time` DESC LIMIT 3 [ RunTime:0.000359s ]
[2021-05-21T08:20:22+08:00][sql] SHOW FULL COLUMNS FROM `carver_navigation` [ RunTime:0.000550s ]
[2021-05-21T08:20:22+08:00][sql] SELECT * FROM `carver_navigation` [ RunTime:0.000260s ]
[2021-05-21T08:20:22+08:00][sql] SHOW FULL COLUMNS FROM `carver_link` [ RunTime:0.000540s ]
[2021-05-21T08:20:22+08:00][sql] SELECT * FROM `carver_link` WHERE  ( is_confirm=2 ) LIMIT 20 [ RunTime:0.000289s ]
[2021-05-21T08:20:22+08:00][sql] SELECT `article_label` FROM `carver_article` [ RunTime:0.000285s ]
[2021-05-21T08:20:22+08:00][sql] SHOW FULL COLUMNS FROM `carver_carouse` [ RunTime:0.000518s ]
[2021-05-21T08:20:22+08:00][sql] SELECT `carouse_img`,`carouse_desc` FROM `carver_carouse` WHERE  `is_show` = 1 ORDER BY `carouse_sort` DESC LIMIT 3 [ RunTime:0.000317s ]
[2021-05-21T08:20:22+08:00][sql] SHOW FULL COLUMNS FROM `carver_site` [ RunTime:0.000511s ]
[2021-05-21T08:20:22+08:00][sql] SELECT * FROM `carver_site` [ RunTime:0.000286s ]
[2021-05-21T08:22:41+08:00][sql] CONNECT:[ UseTime:0.000534s ] mysql:host=127.0.0.1;port=3306;dbname=carver;charset=utf8
[2021-05-21T08:22:41+08:00][sql] SHOW FULL COLUMNS FROM `carver_article` [ RunTime:0.000859s ]
[2021-05-21T08:22:41+08:00][sql] SELECT `article_id`,`article_title`,`article_desc`,`article_content`,`article_img`,`article_guide`,`article_label`,`click_num`,`is_show`,`add_time`,`article_author` FROM `carver_article` WHERE  `article_id` = 18 LIMIT 1 [ RunTime:0.000477s ]
[2021-05-21T08:22:41+08:00][sql] SELECT `article_id`,`article_title`,`article_desc`,`article_content`,`article_img`,`article_guide`,`article_label`,`click_num`,`is_show`,`add_time`,`article_author` FROM `carver_article` WHERE  `article_id` > 18 LIMIT 1 [ RunTime:0.002066s ]
[2021-05-21T08:22:41+08:00][sql] SELECT `article_id`,`article_title`,`article_desc`,`article_content`,`article_img`,`article_guide`,`article_label`,`click_num`,`is_show`,`add_time`,`article_author` FROM `carver_article` WHERE  `article_id` < 18 ORDER BY `article_id` DESC LIMIT 1 [ RunTime:0.000476s ]
[2021-05-21T08:22:41+08:00][sql] SHOW FULL COLUMNS FROM `carver_link` [ RunTime:0.000531s ]
[2021-05-21T08:22:41+08:00][sql] SELECT * FROM `carver_link` WHERE  ( is_confirm=2 ) LIMIT 20 [ RunTime:0.000284s ]
[2021-05-21T08:22:41+08:00][sql] SELECT article_id,article_title,click_num,FROM_UNIXTIME(add_time,'%Y-%m-%d') as add_time FROM `carver_article` ORDER BY `click_num` DESC LIMIT 3 [ RunTime:0.000345s ]
[2021-05-21T08:22:41+08:00][sql] SHOW FULL COLUMNS FROM `carver_comment` [ RunTime:0.000617s ]
[2021-05-21T08:22:41+08:00][sql] SELECT `a`.*,`b`.`user_name` FROM `carver_comment` `a` INNER JOIN `carver_user` `b` ON `a`.`user_id`=`b`.`user_id` WHERE  `article_id` = 18 ORDER BY `create_time` DESC [ RunTime:0.000351s ]
[2021-05-21T08:22:41+08:00][sql] SHOW FULL COLUMNS FROM `carver_comment_to_others` [ RunTime:0.000513s ]
[2021-05-21T08:22:41+08:00][sql] SELECT * FROM `carver_comment_to_others` [ RunTime:0.000244s ]
[2021-05-21T08:22:41+08:00][sql] SHOW FULL COLUMNS FROM `carver_user` [ RunTime:0.000477s ]
[2021-05-21T08:22:41+08:00][sql] SELECT `user_name` FROM `carver_user` WHERE  `user_id` = 4 LIMIT 1 [ RunTime:0.000229s ]
[2021-05-21T08:22:41+08:00][sql] SELECT `user_name` FROM `carver_user` WHERE  `user_id` = 4 LIMIT 1 [ RunTime:0.000218s ]
[2021-05-21T08:22:41+08:00][sql] SELECT `user_name` FROM `carver_user` WHERE  `user_id` = 5 LIMIT 1 [ RunTime:0.000218s ]
[2021-05-21T08:22:41+08:00][sql] SELECT `user_name` FROM `carver_user` WHERE  `user_id` = 5 LIMIT 1 [ RunTime:0.000203s ]
[2021-05-21T08:22:41+08:00][sql] SELECT `user_name` FROM `carver_user` WHERE  `user_id` = 37 LIMIT 1 [ RunTime:0.000230s ]
[2021-05-21T08:22:41+08:00][sql] SELECT `user_name`,`user_id` FROM `carver_user` [ RunTime:0.000223s ]
[2021-05-21T08:22:41+08:00][sql] SHOW FULL COLUMNS FROM `carver_navigation` [ RunTime:0.000494s ]
[2021-05-21T08:22:41+08:00][sql] SELECT * FROM `carver_navigation` [ RunTime:0.000247s ]
[2021-05-21T08:22:41+08:00][sql] SELECT `article_label` FROM `carver_article` [ RunTime:0.000257s ]
[2021-05-21T09:36:23+08:00][sql] CONNECT:[ UseTime:0.000548s ] mysql:host=127.0.0.1;port=3306;dbname=carver;charset=utf8
[2021-05-21T09:36:23+08:00][sql] SHOW FULL COLUMNS FROM `carver_article` [ RunTime:0.000894s ]
[2021-05-21T09:36:23+08:00][sql] SELECT COUNT(*) AS think_count FROM `carver_article` WHERE  `article_label` LIKE '%网络安全%'  AND `delete_time` = 0  AND `is_show` = 1 [ RunTime:0.000498s ]
[2021-05-21T09:36:23+08:00][sql] SELECT * FROM `carver_article` WHERE  `article_label` LIKE '%网络安全%'  AND `delete_time` = 0  AND `is_show` = 1 LIMIT 0,6 [ RunTime:0.001040s ]
[2021-05-21T09:36:23+08:00][sql] SELECT article_id,article_title,click_num,FROM_UNIXTIME(add_time,'%Y-%m-%d') as add_time FROM `carver_article` WHERE  `is_show` = 1  AND `delete_time` = 0 ORDER BY `click_num` DESC LIMIT 3 [ RunTime:0.000396s ]
[2021-05-21T09:36:23+08:00][sql] SHOW FULL COLUMNS FROM `carver_notice` [ RunTime:0.000571s ]
[2021-05-21T09:36:23+08:00][sql] SELECT * FROM `carver_notice` ORDER BY `create_time` DESC LIMIT 3 [ RunTime:0.000260s ]
[2021-05-21T09:36:23+08:00][sql] SHOW FULL COLUMNS FROM `carver_navigation` [ RunTime:0.000518s ]
[2021-05-21T09:36:23+08:00][sql] SELECT * FROM `carver_navigation` [ RunTime:0.000241s ]
[2021-05-21T09:36:23+08:00][sql] SHOW FULL COLUMNS FROM `carver_link` [ RunTime:0.000486s ]
[2021-05-21T09:36:23+08:00][sql] SELECT * FROM `carver_link` WHERE  ( is_confirm=2 ) LIMIT 20 [ RunTime:0.000275s ]
[2021-05-21T09:36:23+08:00][sql] SELECT `article_label` FROM `carver_article` [ RunTime:0.000251s ]
[2021-05-21T09:36:23+08:00][sql] SHOW FULL COLUMNS FROM `carver_carouse` [ RunTime:0.000499s ]
[2021-05-21T09:36:23+08:00][sql] SELECT `carouse_img`,`carouse_desc` FROM `carver_carouse` WHERE  `is_show` = 1 ORDER BY `carouse_sort` DESC LIMIT 3 [ RunTime:0.000283s ]
[2021-05-21T09:36:23+08:00][sql] SHOW FULL COLUMNS FROM `carver_site` [ RunTime:0.000501s ]
[2021-05-21T09:36:23+08:00][sql] SELECT * FROM `carver_site` [ RunTime:0.000236s ]
[2021-05-21T10:41:40+08:00][sql] CONNECT:[ UseTime:0.000594s ] mysql:host=127.0.0.1;port=3306;dbname=carver;charset=utf8
[2021-05-21T10:41:40+08:00][sql] SHOW FULL COLUMNS FROM `carver_user` [ RunTime:0.000806s ]
[2021-05-21T10:41:40+08:00][sql] SHOW FULL COLUMNS FROM `carver_article` [ RunTime:0.000669s ]
[2021-05-21T10:41:40+08:00][sql] SELECT COUNT(*) AS think_count FROM `carver_article` WHERE  `delete_time` = 0  AND `is_show` = 1 [ RunTime:0.000356s ]
[2021-05-21T10:41:40+08:00][sql] SELECT `article_id`,`article_title`,`article_desc`,`article_content`,`article_img`,`article_guide`,`article_label`,`click_num`,`is_show`,`add_time`,`article_author`,`is_top_show` FROM `carver_article` WHERE  `delete_time` = 0  AND `is_show` = 1 ORDER BY `article_id` DESC LIMIT 0,6 [ RunTime:0.000672s ]
[2021-05-21T10:41:40+08:00][sql] SELECT article_id,article_title,click_num,FROM_UNIXTIME(add_time,'%Y-%m-%d') as add_time FROM `carver_article` WHERE  `is_show` = 1  AND `delete_time` = 0 ORDER BY `click_num` DESC LIMIT 3 [ RunTime:0.000404s ]
[2021-05-21T10:41:40+08:00][sql] SHOW FULL COLUMNS FROM `carver_notice` [ RunTime:0.000497s ]
[2021-05-21T10:41:40+08:00][sql] SELECT * FROM `carver_notice` ORDER BY `create_time` DESC LIMIT 3 [ RunTime:0.000276s ]
[2021-05-21T10:41:40+08:00][sql] SHOW FULL COLUMNS FROM `carver_navigation` [ RunTime:0.000521s ]
[2021-05-21T10:41:40+08:00][sql] SELECT * FROM `carver_navigation` [ RunTime:0.000246s ]
[2021-05-21T10:41:40+08:00][sql] SHOW FULL COLUMNS FROM `carver_link` [ RunTime:0.000507s ]
[2021-05-21T10:41:40+08:00][sql] SELECT * FROM `carver_link` WHERE  ( is_confirm=2 ) LIMIT 20 [ RunTime:0.000348s ]
[2021-05-21T10:41:40+08:00][sql] SELECT `article_label` FROM `carver_article` [ RunTime:0.000281s ]
[2021-05-21T10:41:40+08:00][sql] SHOW FULL COLUMNS FROM `carver_carouse` [ RunTime:0.000469s ]
[2021-05-21T10:41:40+08:00][sql] SELECT `carouse_img`,`carouse_desc` FROM `carver_carouse` WHERE  `is_show` = 1 ORDER BY `carouse_sort` DESC LIMIT 3 [ RunTime:0.000336s ]
[2021-05-21T10:41:40+08:00][sql] SHOW FULL COLUMNS FROM `carver_site` [ RunTime:0.000483s ]
[2021-05-21T10:41:40+08:00][sql] SELECT * FROM `carver_site` [ RunTime:0.000226s ]
[2021-05-21T11:48:56+08:00][sql] CONNECT:[ UseTime:0.000507s ] mysql:host=127.0.0.1;port=3306;dbname=carver;charset=utf8
[2021-05-21T11:48:56+08:00][sql] SHOW FULL COLUMNS FROM `carver_user` [ RunTime:0.000803s ]
[2021-05-21T11:48:56+08:00][sql] SHOW FULL COLUMNS FROM `carver_article` [ RunTime:0.000662s ]
[2021-05-21T11:48:56+08:00][sql] SELECT COUNT(*) AS think_count FROM `carver_article` WHERE  `delete_time` = 0  AND `is_show` = 1 [ RunTime:0.000377s ]
[2021-05-21T11:48:56+08:00][sql] SELECT `article_id`,`article_title`,`article_desc`,`article_content`,`article_img`,`article_guide`,`article_label`,`click_num`,`is_show`,`add_time`,`article_author`,`is_top_show` FROM `carver_article` WHERE  `delete_time` = 0  AND `is_show` = 1 ORDER BY `article_id` DESC LIMIT 24,6 [ RunTime:0.000982s ]
[2021-05-21T11:48:56+08:00][sql] SELECT article_id,article_title,click_num,FROM_UNIXTIME(add_time,'%Y-%m-%d') as add_time FROM `carver_article` WHERE  `is_show` = 1  AND `delete_time` = 0 ORDER BY `click_num` DESC LIMIT 3 [ RunTime:0.000393s ]
[2021-05-21T11:48:56+08:00][sql] SHOW FULL COLUMNS FROM `carver_notice` [ RunTime:0.000539s ]
[2021-05-21T11:48:56+08:00][sql] SELECT * FROM `carver_notice` ORDER BY `create_time` DESC LIMIT 3 [ RunTime:0.000262s ]
[2021-05-21T11:48:56+08:00][sql] SHOW FULL COLUMNS FROM `carver_navigation` [ RunTime:0.000490s ]
[2021-05-21T11:48:56+08:00][sql] SELECT * FROM `carver_navigation` [ RunTime:0.000239s ]
[2021-05-21T11:48:56+08:00][sql] SHOW FULL COLUMNS FROM `carver_link` [ RunTime:0.000496s ]
[2021-05-21T11:48:56+08:00][sql] SELECT * FROM `carver_link` WHERE  ( is_confirm=2 ) LIMIT 20 [ RunTime:0.000276s ]
[2021-05-21T11:48:56+08:00][sql] SELECT `article_label` FROM `carver_article` [ RunTime:0.000270s ]
[2021-05-21T11:48:56+08:00][sql] SHOW FULL COLUMNS FROM `carver_carouse` [ RunTime:0.000459s ]
[2021-05-21T11:48:56+08:00][sql] SELECT `carouse_img`,`carouse_desc` FROM `carver_carouse` WHERE  `is_show` = 1 ORDER BY `carouse_sort` DESC LIMIT 3 [ RunTime:0.000327s ]
[2021-05-21T11:48:56+08:00][sql] SHOW FULL COLUMNS FROM `carver_site` [ RunTime:0.000566s ]
[2021-05-21T11:48:56+08:00][sql] SELECT * FROM `carver_site` [ RunTime:0.000255s ]
[2021-05-21T12:37:58+08:00][sql] CONNECT:[ UseTime:0.000605s ] mysql:host=127.0.0.1;port=3306;dbname=carver;charset=utf8
[2021-05-21T12:37:58+08:00][sql] SHOW FULL COLUMNS FROM `carver_article` [ RunTime:0.000895s ]
[2021-05-21T12:37:58+08:00][sql] SELECT COUNT(*) AS think_count FROM `carver_article` WHERE  `article_label` LIKE '%git%'  AND `delete_time` = 0  AND `is_show` = 1 [ RunTime:0.000432s ]
[2021-05-21T12:37:58+08:00][sql] SELECT * FROM `carver_article` WHERE  `article_label` LIKE '%git%'  AND `delete_time` = 0  AND `is_show` = 1 LIMIT 0,6 [ RunTime:0.001040s ]
[2021-05-21T12:37:58+08:00][sql] SELECT article_id,article_title,click_num,FROM_UNIXTIME(add_time,'%Y-%m-%d') as add_time FROM `carver_article` WHERE  `is_show` = 1  AND `delete_time` = 0 ORDER BY `click_num` DESC LIMIT 3 [ RunTime:0.000468s ]
[2021-05-21T12:37:58+08:00][sql] SHOW FULL COLUMNS FROM `carver_notice` [ RunTime:0.000604s ]
[2021-05-21T12:37:58+08:00][sql] SELECT * FROM `carver_notice` ORDER BY `create_time` DESC LIMIT 3 [ RunTime:0.000293s ]
[2021-05-21T12:37:58+08:00][sql] SHOW FULL COLUMNS FROM `carver_navigation` [ RunTime:0.000576s ]
[2021-05-21T12:37:58+08:00][sql] SELECT * FROM `carver_navigation` [ RunTime:0.000236s ]
[2021-05-21T12:37:58+08:00][sql] SHOW FULL COLUMNS FROM `carver_link` [ RunTime:0.000488s ]
[2021-05-21T12:37:58+08:00][sql] SELECT * FROM `carver_link` WHERE  ( is_confirm=2 ) LIMIT 20 [ RunTime:0.000287s ]
[2021-05-21T12:37:58+08:00][sql] SELECT `article_label` FROM `carver_article` [ RunTime:0.000291s ]
[2021-05-21T12:37:58+08:00][sql] SHOW FULL COLUMNS FROM `carver_carouse` [ RunTime:0.000519s ]
[2021-05-21T12:37:58+08:00][sql] SELECT `carouse_img`,`carouse_desc` FROM `carver_carouse` WHERE  `is_show` = 1 ORDER BY `carouse_sort` DESC LIMIT 3 [ RunTime:0.000300s ]
[2021-05-21T12:37:58+08:00][sql] SHOW FULL COLUMNS FROM `carver_site` [ RunTime:0.000522s ]
[2021-05-21T12:37:58+08:00][sql] SELECT * FROM `carver_site` [ RunTime:0.000273s ]
[2021-05-21T12:46:52+08:00][sql] CONNECT:[ UseTime:0.000678s ] mysql:host=127.0.0.1;port=3306;dbname=carver;charset=utf8
[2021-05-21T12:46:52+08:00][sql] SHOW FULL COLUMNS FROM `carver_user` [ RunTime:0.001008s ]
[2021-05-21T12:46:52+08:00][sql] SHOW FULL COLUMNS FROM `carver_article` [ RunTime:0.000719s ]
[2021-05-21T12:46:52+08:00][sql] SELECT COUNT(*) AS think_count FROM `carver_article` WHERE  `delete_time` = 0  AND `is_show` = 1 [ RunTime:0.000464s ]
[2021-05-21T12:46:52+08:00][sql] SELECT `article_id`,`article_title`,`article_desc`,`article_content`,`article_img`,`article_guide`,`article_label`,`click_num`,`is_show`,`add_time`,`article_author`,`is_top_show` FROM `carver_article` WHERE  `delete_time` = 0  AND `is_show` = 1 ORDER BY `article_id` DESC LIMIT 0,6 [ RunTime:0.001038s ]
[2021-05-21T12:46:52+08:00][sql] SELECT article_id,article_title,click_num,FROM_UNIXTIME(add_time,'%Y-%m-%d') as add_time FROM `carver_article` WHERE  `is_show` = 1  AND `delete_time` = 0 ORDER BY `click_num` DESC LIMIT 3 [ RunTime:0.000900s ]
[2021-05-21T12:46:52+08:00][sql] SHOW FULL COLUMNS FROM `carver_notice` [ RunTime:0.000824s ]
[2021-05-21T12:46:52+08:00][sql] SELECT * FROM `carver_notice` ORDER BY `create_time` DESC LIMIT 3 [ RunTime:0.000400s ]
[2021-05-21T12:46:52+08:00][sql] SHOW FULL COLUMNS FROM `carver_navigation` [ RunTime:0.000571s ]
[2021-05-21T12:46:52+08:00][sql] SELECT * FROM `carver_navigation` [ RunTime:0.000264s ]
[2021-05-21T12:46:52+08:00][sql] SHOW FULL COLUMNS FROM `carver_link` [ RunTime:0.000694s ]
[2021-05-21T12:46:52+08:00][sql] SELECT * FROM `carver_link` WHERE  ( is_confirm=2 ) LIMIT 20 [ RunTime:0.000420s ]
[2021-05-21T12:46:52+08:00][sql] SELECT `article_label` FROM `carver_article` [ RunTime:0.000408s ]
[2021-05-21T12:46:52+08:00][sql] SHOW FULL COLUMNS FROM `carver_carouse` [ RunTime:0.000733s ]
[2021-05-21T12:46:52+08:00][sql] SELECT `carouse_img`,`carouse_desc` FROM `carver_carouse` WHERE  `is_show` = 1 ORDER BY `carouse_sort` DESC LIMIT 3 [ RunTime:0.000422s ]
[2021-05-21T12:46:52+08:00][sql] SHOW FULL COLUMNS FROM `carver_site` [ RunTime:0.000722s ]
[2021-05-21T12:46:52+08:00][sql] SELECT * FROM `carver_site` [ RunTime:0.000334s ]
[2021-05-21T14:19:19+08:00][sql] CONNECT:[ UseTime:0.000555s ] mysql:host=127.0.0.1;port=3306;dbname=carver;charset=utf8
[2021-05-21T14:19:19+08:00][sql] SHOW FULL COLUMNS FROM `carver_article` [ RunTime:0.000874s ]
[2021-05-21T14:19:19+08:00][sql] SELECT COUNT(*) AS think_count FROM `carver_article` WHERE  `article_label` LIKE '%excel%'  AND `delete_time` = 0  AND `is_show` = 1 [ RunTime:0.000411s ]
[2021-05-21T14:19:19+08:00][sql] SELECT * FROM `carver_article` WHERE  `article_label` LIKE '%excel%'  AND `delete_time` = 0  AND `is_show` = 1 LIMIT 0,6 [ RunTime:0.001229s ]
[2021-05-21T14:19:19+08:00][sql] SELECT article_id,article_title,click_num,FROM_UNIXTIME(add_time,'%Y-%m-%d') as add_time FROM `carver_article` WHERE  `is_show` = 1  AND `delete_time` = 0 ORDER BY `click_num` DESC LIMIT 3 [ RunTime:0.000389s ]
[2021-05-21T14:19:19+08:00][sql] SHOW FULL COLUMNS FROM `carver_notice` [ RunTime:0.000581s ]
[2021-05-21T14:19:19+08:00][sql] SELECT * FROM `carver_notice` ORDER BY `create_time` DESC LIMIT 3 [ RunTime:0.000268s ]
[2021-05-21T14:19:19+08:00][sql] SHOW FULL COLUMNS FROM `carver_navigation` [ RunTime:0.000571s ]
[2021-05-21T14:19:19+08:00][sql] SELECT * FROM `carver_navigation` [ RunTime:0.000238s ]
[2021-05-21T14:19:19+08:00][sql] SHOW FULL COLUMNS FROM `carver_link` [ RunTime:0.000477s ]
[2021-05-21T14:19:19+08:00][sql] SELECT * FROM `carver_link` WHERE  ( is_confirm=2 ) LIMIT 20 [ RunTime:0.000283s ]
[2021-05-21T14:19:19+08:00][sql] SELECT `article_label` FROM `carver_article` [ RunTime:0.000251s ]
[2021-05-21T14:19:19+08:00][sql] SHOW FULL COLUMNS FROM `carver_carouse` [ RunTime:0.000492s ]
[2021-05-21T14:19:19+08:00][sql] SELECT `carouse_img`,`carouse_desc` FROM `carver_carouse` WHERE  `is_show` = 1 ORDER BY `carouse_sort` DESC LIMIT 3 [ RunTime:0.000262s ]
[2021-05-21T14:19:19+08:00][sql] SHOW FULL COLUMNS FROM `carver_site` [ RunTime:0.000501s ]
[2021-05-21T14:19:19+08:00][sql] SELECT * FROM `carver_site` [ RunTime:0.000222s ]
[2021-05-21T14:21:36+08:00][sql] CONNECT:[ UseTime:0.000569s ] mysql:host=127.0.0.1;port=3306;dbname=carver;charset=utf8
[2021-05-21T14:21:36+08:00][sql] SHOW FULL COLUMNS FROM `carver_user` [ RunTime:0.000811s ]
[2021-05-21T14:21:36+08:00][sql] SHOW FULL COLUMNS FROM `carver_article` [ RunTime:0.000750s ]
[2021-05-21T14:21:36+08:00][sql] SELECT COUNT(*) AS think_count FROM `carver_article` WHERE  `delete_time` = 0  AND `is_show` = 1 [ RunTime:0.000398s ]
[2021-05-21T14:21:36+08:00][sql] SELECT `article_id`,`article_title`,`article_desc`,`article_content`,`article_img`,`article_guide`,`article_label`,`click_num`,`is_show`,`add_time`,`article_author`,`is_top_show` FROM `carver_article` WHERE  `delete_time` = 0  AND `is_show` = 1 ORDER BY `article_id` DESC LIMIT 0,6 [ RunTime:0.000677s ]
[2021-05-21T14:21:36+08:00][sql] SELECT article_id,article_title,click_num,FROM_UNIXTIME(add_time,'%Y-%m-%d') as add_time FROM `carver_article` WHERE  `is_show` = 1  AND `delete_time` = 0 ORDER BY `click_num` DESC LIMIT 3 [ RunTime:0.000493s ]
[2021-05-21T14:21:36+08:00][sql] SHOW FULL COLUMNS FROM `carver_notice` [ RunTime:0.000690s ]
[2021-05-21T14:21:36+08:00][sql] SELECT * FROM `carver_notice` ORDER BY `create_time` DESC LIMIT 3 [ RunTime:0.000312s ]
[2021-05-21T14:21:36+08:00][sql] SHOW FULL COLUMNS FROM `carver_navigation` [ RunTime:0.000517s ]
[2021-05-21T14:21:36+08:00][sql] SELECT * FROM `carver_navigation` [ RunTime:0.000286s ]
[2021-05-21T14:21:36+08:00][sql] SHOW FULL COLUMNS FROM `carver_link` [ RunTime:0.000490s ]
[2021-05-21T14:21:36+08:00][sql] SELECT * FROM `carver_link` WHERE  ( is_confirm=2 ) LIMIT 20 [ RunTime:0.000300s ]
[2021-05-21T14:21:36+08:00][sql] SELECT `article_label` FROM `carver_article` [ RunTime:0.000274s ]
[2021-05-21T14:21:36+08:00][sql] SHOW FULL COLUMNS FROM `carver_carouse` [ RunTime:0.000512s ]
[2021-05-21T14:21:36+08:00][sql] SELECT `carouse_img`,`carouse_desc` FROM `carver_carouse` WHERE  `is_show` = 1 ORDER BY `carouse_sort` DESC LIMIT 3 [ RunTime:0.000285s ]
[2021-05-21T14:21:36+08:00][sql] SHOW FULL COLUMNS FROM `carver_site` [ RunTime:0.000547s ]
[2021-05-21T14:21:36+08:00][sql] SELECT * FROM `carver_site` [ RunTime:0.000228s ]
[2021-05-21T15:51:12+08:00][sql] CONNECT:[ UseTime:0.000537s ] mysql:host=127.0.0.1;port=3306;dbname=carver;charset=utf8
[2021-05-21T15:51:12+08:00][sql] SHOW FULL COLUMNS FROM `carver_article` [ RunTime:0.000920s ]
[2021-05-21T15:51:12+08:00][sql] SELECT COUNT(*) AS think_count FROM `carver_article` WHERE  `article_label` LIKE '%设计模式%'  AND `delete_time` = 0  AND `is_show` = 1 [ RunTime:0.000437s ]
[2021-05-21T15:51:12+08:00][sql] SELECT * FROM `carver_article` WHERE  `article_label` LIKE '%设计模式%'  AND `delete_time` = 0  AND `is_show` = 1 LIMIT 0,6 [ RunTime:0.002732s ]
[2021-05-21T15:51:12+08:00][sql] SELECT article_id,article_title,click_num,FROM_UNIXTIME(add_time,'%Y-%m-%d') as add_time FROM `carver_article` WHERE  `is_show` = 1  AND `delete_time` = 0 ORDER BY `click_num` DESC LIMIT 3 [ RunTime:0.000524s ]
[2021-05-21T15:51:12+08:00][sql] SHOW FULL COLUMNS FROM `carver_notice` [ RunTime:0.000652s ]
[2021-05-21T15:51:12+08:00][sql] SELECT * FROM `carver_notice` ORDER BY `create_time` DESC LIMIT 3 [ RunTime:0.000401s ]
[2021-05-21T15:51:12+08:00][sql] SHOW FULL COLUMNS FROM `carver_navigation` [ RunTime:0.000705s ]
[2021-05-21T15:51:12+08:00][sql] SELECT * FROM `carver_navigation` [ RunTime:0.000251s ]
[2021-05-21T15:51:12+08:00][sql] SHOW FULL COLUMNS FROM `carver_link` [ RunTime:0.000537s ]
[2021-05-21T15:51:12+08:00][sql] SELECT * FROM `carver_link` WHERE  ( is_confirm=2 ) LIMIT 20 [ RunTime:0.000287s ]
[2021-05-21T15:51:12+08:00][sql] SELECT `article_label` FROM `carver_article` [ RunTime:0.000268s ]
[2021-05-21T15:51:12+08:00][sql] SHOW FULL COLUMNS FROM `carver_carouse` [ RunTime:0.000507s ]
[2021-05-21T15:51:12+08:00][sql] SELECT `carouse_img`,`carouse_desc` FROM `carver_carouse` WHERE  `is_show` = 1 ORDER BY `carouse_sort` DESC LIMIT 3 [ RunTime:0.000312s ]
[2021-05-21T15:51:12+08:00][sql] SHOW FULL COLUMNS FROM `carver_site` [ RunTime:0.000472s ]
[2021-05-21T15:51:12+08:00][sql] SELECT * FROM `carver_site` [ RunTime:0.000245s ]
[2021-05-21T17:19:23+08:00][sql] CONNECT:[ UseTime:0.000523s ] mysql:host=127.0.0.1;port=3306;dbname=carver;charset=utf8
[2021-05-21T17:19:23+08:00][sql] SHOW FULL COLUMNS FROM `carver_user` [ RunTime:0.000788s ]
[2021-05-21T17:19:23+08:00][sql] SHOW FULL COLUMNS FROM `carver_article` [ RunTime:0.000666s ]
[2021-05-21T17:19:23+08:00][sql] SELECT COUNT(*) AS think_count FROM `carver_article` WHERE  `delete_time` = 0  AND `is_show` = 1 [ RunTime:0.000368s ]
[2021-05-21T17:19:23+08:00][sql] SELECT `article_id`,`article_title`,`article_desc`,`article_content`,`article_img`,`article_guide`,`article_label`,`click_num`,`is_show`,`add_time`,`article_author`,`is_top_show` FROM `carver_article` WHERE  `delete_time` = 0  AND `is_show` = 1 ORDER BY `article_id` DESC LIMIT 0,6 [ RunTime:0.000597s ]
[2021-05-21T17:19:23+08:00][sql] SELECT article_id,article_title,click_num,FROM_UNIXTIME(add_time,'%Y-%m-%d') as add_time FROM `carver_article` WHERE  `is_show` = 1  AND `delete_time` = 0 ORDER BY `click_num` DESC LIMIT 3 [ RunTime:0.000457s ]
[2021-05-21T17:19:23+08:00][sql] SHOW FULL COLUMNS FROM `carver_notice` [ RunTime:0.000500s ]
[2021-05-21T17:19:23+08:00][sql] SELECT * FROM `carver_notice` ORDER BY `create_time` DESC LIMIT 3 [ RunTime:0.000257s ]
[2021-05-21T17:19:23+08:00][sql] SHOW FULL COLUMNS FROM `carver_navigation` [ RunTime:0.000548s ]
[2021-05-21T17:19:23+08:00][sql] SELECT * FROM `carver_navigation` [ RunTime:0.000244s ]
[2021-05-21T17:19:23+08:00][sql] SHOW FULL COLUMNS FROM `carver_link` [ RunTime:0.000477s ]
[2021-05-21T17:19:23+08:00][sql] SELECT * FROM `carver_link` WHERE  ( is_confirm=2 ) LIMIT 20 [ RunTime:0.000290s ]
[2021-05-21T17:19:23+08:00][sql] SELECT `article_label` FROM `carver_article` [ RunTime:0.000282s ]
[2021-05-21T17:19:23+08:00][sql] SHOW FULL COLUMNS FROM `carver_carouse` [ RunTime:0.000463s ]
[2021-05-21T17:19:23+08:00][sql] SELECT `carouse_img`,`carouse_desc` FROM `carver_carouse` WHERE  `is_show` = 1 ORDER BY `carouse_sort` DESC LIMIT 3 [ RunTime:0.000320s ]
[2021-05-21T17:19:23+08:00][sql] SHOW FULL COLUMNS FROM `carver_site` [ RunTime:0.000460s ]
[2021-05-21T17:19:23+08:00][sql] SELECT * FROM `carver_site` [ RunTime:0.000260s ]
[2021-05-21T19:28:21+08:00][sql] CONNECT:[ UseTime:0.000576s ] mysql:host=127.0.0.1;port=3306;dbname=carver;charset=utf8
[2021-05-21T19:28:21+08:00][sql] SHOW FULL COLUMNS FROM `carver_article` [ RunTime:0.001079s ]
[2021-05-21T19:28:21+08:00][sql] SELECT COUNT(*) AS think_count FROM `carver_article` WHERE  `article_label` LIKE '%javascript%'  AND `delete_time` = 0  AND `is_show` = 1 [ RunTime:0.000452s ]
[2021-05-21T19:28:21+08:00][sql] SELECT * FROM `carver_article` WHERE  `article_label` LIKE '%javascript%'  AND `delete_time` = 0  AND `is_show` = 1 LIMIT 0,6 [ RunTime:0.000778s ]
[2021-05-21T19:28:21+08:00][sql] SELECT article_id,article_title,click_num,FROM_UNIXTIME(add_time,'%Y-%m-%d') as add_time FROM `carver_article` WHERE  `is_show` = 1  AND `delete_time` = 0 ORDER BY `click_num` DESC LIMIT 3 [ RunTime:0.000505s ]
[2021-05-21T19:28:21+08:00][sql] SHOW FULL COLUMNS FROM `carver_notice` [ RunTime:0.000636s ]
[2021-05-21T19:28:21+08:00][sql] SELECT * FROM `carver_notice` ORDER BY `create_time` DESC LIMIT 3 [ RunTime:0.000310s ]
[2021-05-21T19:28:21+08:00][sql] SHOW FULL COLUMNS FROM `carver_navigation` [ RunTime:0.000525s ]
[2021-05-21T19:28:21+08:00][sql] SELECT * FROM `carver_navigation` [ RunTime:0.000235s ]
[2021-05-21T19:28:21+08:00][sql] SHOW FULL COLUMNS FROM `carver_link` [ RunTime:0.000534s ]
[2021-05-21T19:28:21+08:00][sql] SELECT * FROM `carver_link` WHERE  ( is_confirm=2 ) LIMIT 20 [ RunTime:0.000293s ]
[2021-05-21T19:28:21+08:00][sql] SELECT `article_label` FROM `carver_article` [ RunTime:0.000311s ]
[2021-05-21T19:28:21+08:00][sql] SHOW FULL COLUMNS FROM `carver_carouse` [ RunTime:0.000518s ]
[2021-05-21T19:28:21+08:00][sql] SELECT `carouse_img`,`carouse_desc` FROM `carver_carouse` WHERE  `is_show` = 1 ORDER BY `carouse_sort` DESC LIMIT 3 [ RunTime:0.000304s ]
[2021-05-21T19:28:21+08:00][sql] SHOW FULL COLUMNS FROM `carver_site` [ RunTime:0.000501s ]
[2021-05-21T19:28:21+08:00][sql] SELECT * FROM `carver_site` [ RunTime:0.000253s ]
[2021-05-21T20:54:53+08:00][sql] CONNECT:[ UseTime:0.000581s ] mysql:host=127.0.0.1;port=3306;dbname=carver;charset=utf8
[2021-05-21T20:54:53+08:00][sql] SHOW FULL COLUMNS FROM `carver_article` [ RunTime:0.000960s ]
[2021-05-21T20:54:53+08:00][sql] SELECT COUNT(*) AS think_count FROM `carver_article` WHERE  `article_label` LIKE '%git%'  AND `delete_time` = 0  AND `is_show` = 1 [ RunTime:0.000446s ]
[2021-05-21T20:54:53+08:00][sql] SELECT * FROM `carver_article` WHERE  `article_label` LIKE '%git%'  AND `delete_time` = 0  AND `is_show` = 1 LIMIT 0,6 [ RunTime:0.000996s ]
[2021-05-21T20:54:53+08:00][sql] SELECT article_id,article_title,click_num,FROM_UNIXTIME(add_time,'%Y-%m-%d') as add_time FROM `carver_article` WHERE  `is_show` = 1  AND `delete_time` = 0 ORDER BY `click_num` DESC LIMIT 3 [ RunTime:0.000507s ]
[2021-05-21T20:54:53+08:00][sql] SHOW FULL COLUMNS FROM `carver_notice` [ RunTime:0.000589s ]
[2021-05-21T20:54:53+08:00][sql] SELECT * FROM `carver_notice` ORDER BY `create_time` DESC LIMIT 3 [ RunTime:0.000305s ]
[2021-05-21T20:54:53+08:00][sql] SHOW FULL COLUMNS FROM `carver_navigation` [ RunTime:0.000648s ]
[2021-05-21T20:54:53+08:00][sql] SELECT * FROM `carver_navigation` [ RunTime:0.000266s ]
[2021-05-21T20:54:53+08:00][sql] SHOW FULL COLUMNS FROM `carver_link` [ RunTime:0.000675s ]
[2021-05-21T20:54:53+08:00][sql] SELECT * FROM `carver_link` WHERE  ( is_confirm=2 ) LIMIT 20 [ RunTime:0.000358s ]
[2021-05-21T20:54:53+08:00][sql] SELECT `article_label` FROM `carver_article` [ RunTime:0.000290s ]
[2021-05-21T20:54:53+08:00][sql] SHOW FULL COLUMNS FROM `carver_carouse` [ RunTime:0.000525s ]
[2021-05-21T20:54:53+08:00][sql] SELECT `carouse_img`,`carouse_desc` FROM `carver_carouse` WHERE  `is_show` = 1 ORDER BY `carouse_sort` DESC LIMIT 3 [ RunTime:0.000319s ]
[2021-05-21T20:54:53+08:00][sql] SHOW FULL COLUMNS FROM `carver_site` [ RunTime:0.000512s ]
[2021-05-21T20:54:53+08:00][sql] SELECT * FROM `carver_site` [ RunTime:0.000251s ]
[2021-05-21T22:12:03+08:00][sql] CONNECT:[ UseTime:0.003207s ] mysql:host=127.0.0.1;port=3306;dbname=carver;charset=utf8
[2021-05-21T22:12:03+08:00][sql] SHOW FULL COLUMNS FROM `carver_article` [ RunTime:0.000890s ]
[2021-05-21T22:12:03+08:00][sql] SELECT COUNT(*) AS think_count FROM `carver_article` WHERE  `article_label` LIKE '%%'  AND `delete_time` = 0  AND `is_show` = 1 [ RunTime:0.000458s ]
[2021-05-21T22:12:03+08:00][sql] SELECT * FROM `carver_article` WHERE  `article_label` LIKE '%%'  AND `delete_time` = 0  AND `is_show` = 1 LIMIT 24,6 [ RunTime:0.000962s ]
[2021-05-21T22:12:03+08:00][sql] SELECT article_id,article_title,click_num,FROM_UNIXTIME(add_time,'%Y-%m-%d') as add_time FROM `carver_article` WHERE  `is_show` = 1  AND `delete_time` = 0 ORDER BY `click_num` DESC LIMIT 3 [ RunTime:0.000457s ]
[2021-05-21T22:12:03+08:00][sql] SHOW FULL COLUMNS FROM `carver_notice` [ RunTime:0.000538s ]
[2021-05-21T22:12:03+08:00][sql] SELECT * FROM `carver_notice` ORDER BY `create_time` DESC LIMIT 3 [ RunTime:0.000317s ]
[2021-05-21T22:12:03+08:00][sql] SHOW FULL COLUMNS FROM `carver_navigation` [ RunTime:0.000507s ]
[2021-05-21T22:12:03+08:00][sql] SELECT * FROM `carver_navigation` [ RunTime:0.000236s ]
[2021-05-21T22:12:03+08:00][sql] SHOW FULL COLUMNS FROM `carver_link` [ RunTime:0.000493s ]
[2021-05-21T22:12:03+08:00][sql] SELECT * FROM `carver_link` WHERE  ( is_confirm=2 ) LIMIT 20 [ RunTime:0.000297s ]
[2021-05-21T22:12:03+08:00][sql] SELECT `article_label` FROM `carver_article` [ RunTime:0.000252s ]
[2021-05-21T22:12:03+08:00][sql] SHOW FULL COLUMNS FROM `carver_carouse` [ RunTime:0.000521s ]
[2021-05-21T22:12:03+08:00][sql] SELECT `carouse_img`,`carouse_desc` FROM `carver_carouse` WHERE  `is_show` = 1 ORDER BY `carouse_sort` DESC LIMIT 3 [ RunTime:0.000283s ]
[2021-05-21T22:12:03+08:00][sql] SHOW FULL COLUMNS FROM `carver_site` [ RunTime:0.000502s ]
[2021-05-21T22:12:03+08:00][sql] SELECT * FROM `carver_site` [ RunTime:0.000263s ]
