[2021-05-23T00:15:22+08:00][sql] CONNECT:[ UseTime:0.000573s ] mysql:host=127.0.0.1;port=3306;dbname=carver;charset=utf8
[2021-05-23T00:15:22+08:00][sql] SHOW FULL COLUMNS FROM `carver_user` [ RunTime:0.000821s ]
[2021-05-23T00:15:22+08:00][sql] SHOW FULL COLUMNS FROM `carver_article` [ RunTime:0.000843s ]
[2021-05-23T00:15:22+08:00][sql] SELECT COUNT(*) AS think_count FROM `carver_article` WHERE  `delete_time` = 0  AND `is_show` = 1 [ RunTime:0.000399s ]
[2021-05-23T00:15:22+08:00][sql] SELECT `article_id`,`article_title`,`article_desc`,`article_content`,`article_img`,`article_guide`,`article_label`,`click_num`,`is_show`,`add_time`,`article_author`,`is_top_show` FROM `carver_article` WHERE  `delete_time` = 0  AND `is_show` = 1 ORDER BY `article_id` DESC LIMIT 0,6 [ RunTime:0.000671s ]
[2021-05-23T00:15:22+08:00][sql] SELECT article_id,article_title,click_num,FROM_UNIXTIME(add_time,'%Y-%m-%d') as add_time FROM `carver_article` WHERE  `is_show` = 1  AND `delete_time` = 0 ORDER BY `click_num` DESC LIMIT 3 [ RunTime:0.000538s ]
[2021-05-23T00:15:22+08:00][sql] SHOW FULL COLUMNS FROM `carver_notice` [ RunTime:0.000648s ]
[2021-05-23T00:15:22+08:00][sql] SELECT * FROM `carver_notice` ORDER BY `create_time` DESC LIMIT 3 [ RunTime:0.000302s ]
[2021-05-23T00:15:22+08:00][sql] SHOW FULL COLUMNS FROM `carver_navigation` [ RunTime:0.000570s ]
[2021-05-23T00:15:22+08:00][sql] SELECT * FROM `carver_navigation` [ RunTime:0.000242s ]
[2021-05-23T00:15:22+08:00][sql] SHOW FULL COLUMNS FROM `carver_link` [ RunTime:0.000509s ]
[2021-05-23T00:15:22+08:00][sql] SELECT * FROM `carver_link` WHERE  ( is_confirm=2 ) LIMIT 20 [ RunTime:0.000320s ]
[2021-05-23T00:15:22+08:00][sql] SELECT `article_label` FROM `carver_article` [ RunTime:0.000317s ]
[2021-05-23T00:15:22+08:00][sql] SHOW FULL COLUMNS FROM `carver_carouse` [ RunTime:0.000546s ]
[2021-05-23T00:15:22+08:00][sql] SELECT `carouse_img`,`carouse_desc` FROM `carver_carouse` WHERE  `is_show` = 1 ORDER BY `carouse_sort` DESC LIMIT 3 [ RunTime:0.000303s ]
[2021-05-23T00:15:22+08:00][sql] SHOW FULL COLUMNS FROM `carver_site` [ RunTime:0.000540s ]
[2021-05-23T00:15:22+08:00][sql] SELECT * FROM `carver_site` [ RunTime:0.000256s ]
[2021-05-23T00:34:32+08:00][sql] CONNECT:[ UseTime:0.000543s ] mysql:host=127.0.0.1;port=3306;dbname=carver;charset=utf8
[2021-05-23T00:34:32+08:00][sql] SHOW FULL COLUMNS FROM `carver_article` [ RunTime:0.000871s ]
[2021-05-23T00:34:32+08:00][sql] SELECT COUNT(*) AS think_count FROM `carver_article` WHERE  `article_label` LIKE '%php;网络安全//%'  AND `delete_time` = 0  AND `is_show` = 1 [ RunTime:0.000449s ]
[2021-05-23T00:34:32+08:00][sql] SELECT * FROM `carver_article` WHERE  `article_label` LIKE '%php;网络安全//%'  AND `delete_time` = 0  AND `is_show` = 1 LIMIT 0,6 [ RunTime:0.000969s ]
[2021-05-23T00:34:32+08:00][sql] SELECT article_id,article_title,click_num,FROM_UNIXTIME(add_time,'%Y-%m-%d') as add_time FROM `carver_article` WHERE  `is_show` = 1  AND `delete_time` = 0 ORDER BY `click_num` DESC LIMIT 3 [ RunTime:0.000524s ]
[2021-05-23T00:34:32+08:00][sql] SHOW FULL COLUMNS FROM `carver_notice` [ RunTime:0.000658s ]
[2021-05-23T00:34:32+08:00][sql] SELECT * FROM `carver_notice` ORDER BY `create_time` DESC LIMIT 3 [ RunTime:0.000321s ]
[2021-05-23T00:34:32+08:00][sql] SHOW FULL COLUMNS FROM `carver_navigation` [ RunTime:0.000550s ]
[2021-05-23T00:34:32+08:00][sql] SELECT * FROM `carver_navigation` [ RunTime:0.000287s ]
[2021-05-23T00:34:32+08:00][sql] SHOW FULL COLUMNS FROM `carver_link` [ RunTime:0.000526s ]
[2021-05-23T00:34:32+08:00][sql] SELECT * FROM `carver_link` WHERE  ( is_confirm=2 ) LIMIT 20 [ RunTime:0.000331s ]
[2021-05-23T00:34:32+08:00][sql] SELECT `article_label` FROM `carver_article` [ RunTime:0.000265s ]
[2021-05-23T00:34:32+08:00][sql] SHOW FULL COLUMNS FROM `carver_carouse` [ RunTime:0.000592s ]
[2021-05-23T00:34:32+08:00][sql] SELECT `carouse_img`,`carouse_desc` FROM `carver_carouse` WHERE  `is_show` = 1 ORDER BY `carouse_sort` DESC LIMIT 3 [ RunTime:0.000310s ]
[2021-05-23T00:34:32+08:00][sql] SHOW FULL COLUMNS FROM `carver_site` [ RunTime:0.000579s ]
[2021-05-23T00:34:32+08:00][sql] SELECT * FROM `carver_site` [ RunTime:0.000289s ]
[2021-05-23T00:34:57+08:00][sql] CONNECT:[ UseTime:0.000570s ] mysql:host=127.0.0.1;port=3306;dbname=carver;charset=utf8
[2021-05-23T00:34:57+08:00][sql] SHOW FULL COLUMNS FROM `carver_article` [ RunTime:0.001050s ]
[2021-05-23T00:34:57+08:00][sql] SELECT COUNT(*) AS think_count FROM `carver_article` WHERE  `article_label` LIKE '%php;设计模式//%'  AND `delete_time` = 0  AND `is_show` = 1 [ RunTime:0.000492s ]
[2021-05-23T00:34:57+08:00][sql] SELECT * FROM `carver_article` WHERE  `article_label` LIKE '%php;设计模式//%'  AND `delete_time` = 0  AND `is_show` = 1 LIMIT 0,6 [ RunTime:0.001061s ]
[2021-05-23T00:34:57+08:00][sql] SELECT article_id,article_title,click_num,FROM_UNIXTIME(add_time,'%Y-%m-%d') as add_time FROM `carver_article` WHERE  `is_show` = 1  AND `delete_time` = 0 ORDER BY `click_num` DESC LIMIT 3 [ RunTime:0.000534s ]
[2021-05-23T00:34:57+08:00][sql] SHOW FULL COLUMNS FROM `carver_notice` [ RunTime:0.000985s ]
[2021-05-23T00:34:57+08:00][sql] SELECT * FROM `carver_notice` ORDER BY `create_time` DESC LIMIT 3 [ RunTime:0.000430s ]
[2021-05-23T00:34:57+08:00][sql] SHOW FULL COLUMNS FROM `carver_navigation` [ RunTime:0.000804s ]
[2021-05-23T00:34:57+08:00][sql] SELECT * FROM `carver_navigation` [ RunTime:0.000412s ]
[2021-05-23T00:34:57+08:00][sql] SHOW FULL COLUMNS FROM `carver_link` [ RunTime:0.000808s ]
[2021-05-23T00:34:57+08:00][sql] SELECT * FROM `carver_link` WHERE  ( is_confirm=2 ) LIMIT 20 [ RunTime:0.000473s ]
[2021-05-23T00:34:57+08:00][sql] SELECT `article_label` FROM `carver_article` [ RunTime:0.000383s ]
[2021-05-23T00:34:57+08:00][sql] SHOW FULL COLUMNS FROM `carver_carouse` [ RunTime:0.000603s ]
[2021-05-23T00:34:57+08:00][sql] SELECT `carouse_img`,`carouse_desc` FROM `carver_carouse` WHERE  `is_show` = 1 ORDER BY `carouse_sort` DESC LIMIT 3 [ RunTime:0.000340s ]
[2021-05-23T00:34:57+08:00][sql] SHOW FULL COLUMNS FROM `carver_site` [ RunTime:0.000572s ]
[2021-05-23T00:34:57+08:00][sql] SELECT * FROM `carver_site` [ RunTime:0.000300s ]
[2021-05-23T01:07:59+08:00][sql] CONNECT:[ UseTime:0.000516s ] mysql:host=127.0.0.1;port=3306;dbname=carver;charset=utf8
[2021-05-23T01:07:59+08:00][sql] SHOW FULL COLUMNS FROM `carver_user` [ RunTime:0.000834s ]
[2021-05-23T01:07:59+08:00][sql] SHOW FULL COLUMNS FROM `carver_article` [ RunTime:0.000724s ]
[2021-05-23T01:07:59+08:00][sql] SELECT COUNT(*) AS think_count FROM `carver_article` WHERE  `delete_time` = 0  AND `is_show` = 1 [ RunTime:0.000374s ]
[2021-05-23T01:07:59+08:00][sql] SELECT `article_id`,`article_title`,`article_desc`,`article_content`,`article_img`,`article_guide`,`article_label`,`click_num`,`is_show`,`add_time`,`article_author`,`is_top_show` FROM `carver_article` WHERE  `delete_time` = 0  AND `is_show` = 1 ORDER BY `article_id` DESC LIMIT 0,6 [ RunTime:0.000609s ]
[2021-05-23T01:07:59+08:00][sql] SELECT article_id,article_title,click_num,FROM_UNIXTIME(add_time,'%Y-%m-%d') as add_time FROM `carver_article` WHERE  `is_show` = 1  AND `delete_time` = 0 ORDER BY `click_num` DESC LIMIT 3 [ RunTime:0.000500s ]
[2021-05-23T01:07:59+08:00][sql] SHOW FULL COLUMNS FROM `carver_notice` [ RunTime:0.000585s ]
[2021-05-23T01:07:59+08:00][sql] SELECT * FROM `carver_notice` ORDER BY `create_time` DESC LIMIT 3 [ RunTime:0.000388s ]
[2021-05-23T01:07:59+08:00][sql] SHOW FULL COLUMNS FROM `carver_navigation` [ RunTime:0.000512s ]
[2021-05-23T01:07:59+08:00][sql] SELECT * FROM `carver_navigation` [ RunTime:0.000250s ]
[2021-05-23T01:07:59+08:00][sql] SHOW FULL COLUMNS FROM `carver_link` [ RunTime:0.000491s ]
[2021-05-23T01:07:59+08:00][sql] SELECT * FROM `carver_link` WHERE  ( is_confirm=2 ) LIMIT 20 [ RunTime:0.000314s ]
[2021-05-23T01:07:59+08:00][sql] SELECT `article_label` FROM `carver_article` [ RunTime:0.000321s ]
[2021-05-23T01:07:59+08:00][sql] SHOW FULL COLUMNS FROM `carver_carouse` [ RunTime:0.000474s ]
[2021-05-23T01:07:59+08:00][sql] SELECT `carouse_img`,`carouse_desc` FROM `carver_carouse` WHERE  `is_show` = 1 ORDER BY `carouse_sort` DESC LIMIT 3 [ RunTime:0.000300s ]
[2021-05-23T01:07:59+08:00][sql] SHOW FULL COLUMNS FROM `carver_site` [ RunTime:0.000461s ]
[2021-05-23T01:07:59+08:00][sql] SELECT * FROM `carver_site` [ RunTime:0.000260s ]
[2021-05-23T01:42:19+08:00][sql] CONNECT:[ UseTime:0.001053s ] mysql:host=127.0.0.1;port=3306;dbname=carver;charset=utf8
[2021-05-23T01:42:19+08:00][sql] SHOW FULL COLUMNS FROM `carver_user` [ RunTime:0.000813s ]
[2021-05-23T01:42:19+08:00][sql] SHOW FULL COLUMNS FROM `carver_article` [ RunTime:0.000673s ]
[2021-05-23T01:42:19+08:00][sql] SELECT COUNT(*) AS think_count FROM `carver_article` WHERE  `delete_time` = 0  AND `is_show` = 1 [ RunTime:0.000367s ]
[2021-05-23T01:42:19+08:00][sql] SELECT `article_id`,`article_title`,`article_desc`,`article_content`,`article_img`,`article_guide`,`article_label`,`click_num`,`is_show`,`add_time`,`article_author`,`is_top_show` FROM `carver_article` WHERE  `delete_time` = 0  AND `is_show` = 1 ORDER BY `article_id` DESC LIMIT 0,6 [ RunTime:0.000586s ]
[2021-05-23T01:42:19+08:00][sql] SELECT article_id,article_title,click_num,FROM_UNIXTIME(add_time,'%Y-%m-%d') as add_time FROM `carver_article` WHERE  `is_show` = 1  AND `delete_time` = 0 ORDER BY `click_num` DESC LIMIT 3 [ RunTime:0.000404s ]
[2021-05-23T01:42:19+08:00][sql] SHOW FULL COLUMNS FROM `carver_notice` [ RunTime:0.000522s ]
[2021-05-23T01:42:19+08:00][sql] SELECT * FROM `carver_notice` ORDER BY `create_time` DESC LIMIT 3 [ RunTime:0.000258s ]
[2021-05-23T01:42:19+08:00][sql] SHOW FULL COLUMNS FROM `carver_navigation` [ RunTime:0.000490s ]
[2021-05-23T01:42:19+08:00][sql] SELECT * FROM `carver_navigation` [ RunTime:0.000245s ]
[2021-05-23T01:42:19+08:00][sql] SHOW FULL COLUMNS FROM `carver_link` [ RunTime:0.000479s ]
[2021-05-23T01:42:19+08:00][sql] SELECT * FROM `carver_link` WHERE  ( is_confirm=2 ) LIMIT 20 [ RunTime:0.000290s ]
[2021-05-23T01:42:19+08:00][sql] SELECT `article_label` FROM `carver_article` [ RunTime:0.000269s ]
[2021-05-23T01:42:19+08:00][sql] SHOW FULL COLUMNS FROM `carver_carouse` [ RunTime:0.000529s ]
[2021-05-23T01:42:19+08:00][sql] SELECT `carouse_img`,`carouse_desc` FROM `carver_carouse` WHERE  `is_show` = 1 ORDER BY `carouse_sort` DESC LIMIT 3 [ RunTime:0.000309s ]
[2021-05-23T01:42:19+08:00][sql] SHOW FULL COLUMNS FROM `carver_site` [ RunTime:0.000567s ]
[2021-05-23T01:42:19+08:00][sql] SELECT * FROM `carver_site` [ RunTime:0.000228s ]
[2021-05-23T02:40:35+08:00][sql] CONNECT:[ UseTime:0.000625s ] mysql:host=127.0.0.1;port=3306;dbname=carver;charset=utf8
[2021-05-23T02:40:35+08:00][sql] SHOW FULL COLUMNS FROM `carver_user` [ RunTime:0.000872s ]
[2021-05-23T02:40:35+08:00][sql] SHOW FULL COLUMNS FROM `carver_article` [ RunTime:0.000759s ]
[2021-05-23T02:40:35+08:00][sql] SELECT COUNT(*) AS think_count FROM `carver_article` WHERE  `delete_time` = 0  AND `is_show` = 1 [ RunTime:0.000429s ]
[2021-05-23T02:40:35+08:00][sql] SELECT `article_id`,`article_title`,`article_desc`,`article_content`,`article_img`,`article_guide`,`article_label`,`click_num`,`is_show`,`add_time`,`article_author`,`is_top_show` FROM `carver_article` WHERE  `delete_time` = 0  AND `is_show` = 1 ORDER BY `article_id` DESC LIMIT 0,6 [ RunTime:0.000669s ]
[2021-05-23T02:40:35+08:00][sql] SELECT article_id,article_title,click_num,FROM_UNIXTIME(add_time,'%Y-%m-%d') as add_time FROM `carver_article` WHERE  `is_show` = 1  AND `delete_time` = 0 ORDER BY `click_num` DESC LIMIT 3 [ RunTime:0.000632s ]
[2021-05-23T02:40:35+08:00][sql] SHOW FULL COLUMNS FROM `carver_notice` [ RunTime:0.000668s ]
[2021-05-23T02:40:35+08:00][sql] SELECT * FROM `carver_notice` ORDER BY `create_time` DESC LIMIT 3 [ RunTime:0.000284s ]
[2021-05-23T02:40:35+08:00][sql] SHOW FULL COLUMNS FROM `carver_navigation` [ RunTime:0.000532s ]
[2021-05-23T02:40:35+08:00][sql] SELECT * FROM `carver_navigation` [ RunTime:0.000263s ]
[2021-05-23T02:40:35+08:00][sql] SHOW FULL COLUMNS FROM `carver_link` [ RunTime:0.000548s ]
[2021-05-23T02:40:35+08:00][sql] SELECT * FROM `carver_link` WHERE  ( is_confirm=2 ) LIMIT 20 [ RunTime:0.000294s ]
[2021-05-23T02:40:35+08:00][sql] SELECT `article_label` FROM `carver_article` [ RunTime:0.000361s ]
[2021-05-23T02:40:35+08:00][sql] SHOW FULL COLUMNS FROM `carver_carouse` [ RunTime:0.000507s ]
[2021-05-23T02:40:35+08:00][sql] SELECT `carouse_img`,`carouse_desc` FROM `carver_carouse` WHERE  `is_show` = 1 ORDER BY `carouse_sort` DESC LIMIT 3 [ RunTime:0.000312s ]
[2021-05-23T02:40:35+08:00][sql] SHOW FULL COLUMNS FROM `carver_site` [ RunTime:0.000456s ]
[2021-05-23T02:40:35+08:00][sql] SELECT * FROM `carver_site` [ RunTime:0.000248s ]
[2021-05-23T03:42:57+08:00][sql] CONNECT:[ UseTime:0.000661s ] mysql:host=127.0.0.1;port=3306;dbname=carver;charset=utf8
[2021-05-23T03:42:57+08:00][sql] SHOW FULL COLUMNS FROM `carver_user` [ RunTime:0.000782s ]
[2021-05-23T03:42:57+08:00][sql] SHOW FULL COLUMNS FROM `carver_article` [ RunTime:0.000864s ]
[2021-05-23T03:42:57+08:00][sql] SELECT COUNT(*) AS think_count FROM `carver_article` WHERE  `delete_time` = 0  AND `is_show` = 1 [ RunTime:0.000380s ]
[2021-05-23T03:42:57+08:00][sql] SELECT `article_id`,`article_title`,`article_desc`,`article_content`,`article_img`,`article_guide`,`article_label`,`click_num`,`is_show`,`add_time`,`article_author`,`is_top_show` FROM `carver_article` WHERE  `delete_time` = 0  AND `is_show` = 1 ORDER BY `article_id` DESC LIMIT 0,6 [ RunTime:0.000624s ]
[2021-05-23T03:42:57+08:00][sql] SELECT article_id,article_title,click_num,FROM_UNIXTIME(add_time,'%Y-%m-%d') as add_time FROM `carver_article` WHERE  `is_show` = 1  AND `delete_time` = 0 ORDER BY `click_num` DESC LIMIT 3 [ RunTime:0.000515s ]
[2021-05-23T03:42:57+08:00][sql] SHOW FULL COLUMNS FROM `carver_notice` [ RunTime:0.000553s ]
[2021-05-23T03:42:57+08:00][sql] SELECT * FROM `carver_notice` ORDER BY `create_time` DESC LIMIT 3 [ RunTime:0.000275s ]
[2021-05-23T03:42:57+08:00][sql] SHOW FULL COLUMNS FROM `carver_navigation` [ RunTime:0.000568s ]
[2021-05-23T03:42:57+08:00][sql] SELECT * FROM `carver_navigation` [ RunTime:0.000320s ]
[2021-05-23T03:42:57+08:00][sql] SHOW FULL COLUMNS FROM `carver_link` [ RunTime:0.000518s ]
[2021-05-23T03:42:57+08:00][sql] SELECT * FROM `carver_link` WHERE  ( is_confirm=2 ) LIMIT 20 [ RunTime:0.000301s ]
[2021-05-23T03:42:57+08:00][sql] SELECT `article_label` FROM `carver_article` [ RunTime:0.000309s ]
[2021-05-23T03:42:57+08:00][sql] SHOW FULL COLUMNS FROM `carver_carouse` [ RunTime:0.000522s ]
[2021-05-23T03:42:57+08:00][sql] SELECT `carouse_img`,`carouse_desc` FROM `carver_carouse` WHERE  `is_show` = 1 ORDER BY `carouse_sort` DESC LIMIT 3 [ RunTime:0.000351s ]
[2021-05-23T03:42:57+08:00][sql] SHOW FULL COLUMNS FROM `carver_site` [ RunTime:0.000657s ]
[2021-05-23T03:42:57+08:00][sql] SELECT * FROM `carver_site` [ RunTime:0.000280s ]
[2021-05-23T04:52:46+08:00][sql] CONNECT:[ UseTime:0.000850s ] mysql:host=127.0.0.1;port=3306;dbname=carver;charset=utf8
[2021-05-23T04:52:46+08:00][sql] SHOW FULL COLUMNS FROM `carver_article` [ RunTime:0.000962s ]
[2021-05-23T04:52:46+08:00][sql] SELECT COUNT(*) AS think_count FROM `carver_article` WHERE  `article_label` LIKE '%excel%'  AND `delete_time` = 0  AND `is_show` = 1 [ RunTime:0.000453s ]
[2021-05-23T04:52:46+08:00][sql] SELECT * FROM `carver_article` WHERE  `article_label` LIKE '%excel%'  AND `delete_time` = 0  AND `is_show` = 1 LIMIT 0,6 [ RunTime:0.001478s ]
[2021-05-23T04:52:46+08:00][sql] SELECT article_id,article_title,click_num,FROM_UNIXTIME(add_time,'%Y-%m-%d') as add_time FROM `carver_article` WHERE  `is_show` = 1  AND `delete_time` = 0 ORDER BY `click_num` DESC LIMIT 3 [ RunTime:0.000765s ]
[2021-05-23T04:52:46+08:00][sql] SHOW FULL COLUMNS FROM `carver_notice` [ RunTime:0.000694s ]
[2021-05-23T04:52:46+08:00][sql] SELECT * FROM `carver_notice` ORDER BY `create_time` DESC LIMIT 3 [ RunTime:0.000379s ]
[2021-05-23T04:52:46+08:00][sql] SHOW FULL COLUMNS FROM `carver_navigation` [ RunTime:0.000579s ]
[2021-05-23T04:52:46+08:00][sql] SELECT * FROM `carver_navigation` [ RunTime:0.000348s ]
[2021-05-23T04:52:46+08:00][sql] SHOW FULL COLUMNS FROM `carver_link` [ RunTime:0.000608s ]
[2021-05-23T04:52:46+08:00][sql] SELECT * FROM `carver_link` WHERE  ( is_confirm=2 ) LIMIT 20 [ RunTime:0.000336s ]
[2021-05-23T04:52:46+08:00][sql] SELECT `article_label` FROM `carver_article` [ RunTime:0.000278s ]
[2021-05-23T04:52:46+08:00][sql] SHOW FULL COLUMNS FROM `carver_carouse` [ RunTime:0.000599s ]
[2021-05-23T04:52:46+08:00][sql] SELECT `carouse_img`,`carouse_desc` FROM `carver_carouse` WHERE  `is_show` = 1 ORDER BY `carouse_sort` DESC LIMIT 3 [ RunTime:0.000387s ]
[2021-05-23T04:52:46+08:00][sql] SHOW FULL COLUMNS FROM `carver_site` [ RunTime:0.000696s ]
[2021-05-23T04:52:46+08:00][sql] SELECT * FROM `carver_site` [ RunTime:0.000346s ]
[2021-05-23T05:58:52+08:00][sql] CONNECT:[ UseTime:0.000622s ] mysql:host=127.0.0.1;port=3306;dbname=carver;charset=utf8
[2021-05-23T05:58:52+08:00][sql] SHOW FULL COLUMNS FROM `carver_article` [ RunTime:0.000903s ]
[2021-05-23T05:58:52+08:00][sql] SELECT COUNT(*) AS think_count FROM `carver_article` WHERE  `article_guide` = 5  AND `delete_time` = 0  AND `is_show` = 1 [ RunTime:0.000421s ]
[2021-05-23T05:58:52+08:00][sql] SELECT * FROM `carver_article` WHERE  `article_guide` = 5  AND `delete_time` = 0  AND `is_show` = 1 ORDER BY `add_time` DESC LIMIT 0,6 [ RunTime:0.002861s ]
[2021-05-23T05:58:52+08:00][sql] SELECT article_id,article_title,click_num,FROM_UNIXTIME(add_time,'%Y-%m-%d') as add_time FROM `carver_article` WHERE  `is_show` = 1  AND `delete_time` = 0 ORDER BY `click_num` DESC LIMIT 3 [ RunTime:0.000615s ]
[2021-05-23T05:58:52+08:00][sql] SHOW FULL COLUMNS FROM `carver_notice` [ RunTime:0.000653s ]
[2021-05-23T05:58:52+08:00][sql] SELECT * FROM `carver_notice` ORDER BY `create_time` DESC LIMIT 3 [ RunTime:0.000356s ]
[2021-05-23T05:58:52+08:00][sql] SHOW FULL COLUMNS FROM `carver_navigation` [ RunTime:0.000555s ]
[2021-05-23T05:58:52+08:00][sql] SELECT * FROM `carver_navigation` [ RunTime:0.000271s ]
[2021-05-23T05:58:52+08:00][sql] SELECT `article_label` FROM `carver_article` [ RunTime:0.000263s ]
[2021-05-23T05:58:52+08:00][sql] SHOW FULL COLUMNS FROM `carver_carouse` [ RunTime:0.000585s ]
[2021-05-23T05:58:52+08:00][sql] SELECT `carouse_img`,`carouse_desc` FROM `carver_carouse` WHERE  `is_show` = 1 ORDER BY `carouse_sort` DESC LIMIT 3 [ RunTime:0.000311s ]
[2021-05-23T05:58:52+08:00][sql] SHOW FULL COLUMNS FROM `carver_link` [ RunTime:0.000580s ]
[2021-05-23T05:58:52+08:00][sql] SELECT * FROM `carver_link` WHERE  ( is_confirm=2 ) LIMIT 20 [ RunTime:0.000287s ]
[2021-05-23T05:58:52+08:00][sql] SHOW FULL COLUMNS FROM `carver_site` [ RunTime:0.000561s ]
[2021-05-23T05:58:52+08:00][sql] SELECT * FROM `carver_site` [ RunTime:0.000234s ]
[2021-05-23T06:40:32+08:00][sql] CONNECT:[ UseTime:0.000550s ] mysql:host=127.0.0.1;port=3306;dbname=carver;charset=utf8
[2021-05-23T06:40:32+08:00][sql] SHOW FULL COLUMNS FROM `carver_article` [ RunTime:0.000942s ]
[2021-05-23T06:40:32+08:00][sql] SELECT COUNT(*) AS think_count FROM `carver_article` WHERE  `article_label` LIKE '%php%'  AND `delete_time` = 0  AND `is_show` = 1 [ RunTime:0.000457s ]
[2021-05-23T06:40:32+08:00][sql] SELECT * FROM `carver_article` WHERE  `article_label` LIKE '%php%'  AND `delete_time` = 0  AND `is_show` = 1 LIMIT 0,6 [ RunTime:0.000934s ]
[2021-05-23T06:40:32+08:00][sql] SELECT article_id,article_title,click_num,FROM_UNIXTIME(add_time,'%Y-%m-%d') as add_time FROM `carver_article` WHERE  `is_show` = 1  AND `delete_time` = 0 ORDER BY `click_num` DESC LIMIT 3 [ RunTime:0.000576s ]
[2021-05-23T06:40:32+08:00][sql] SHOW FULL COLUMNS FROM `carver_notice` [ RunTime:0.000661s ]
[2021-05-23T06:40:32+08:00][sql] SELECT * FROM `carver_notice` ORDER BY `create_time` DESC LIMIT 3 [ RunTime:0.000318s ]
[2021-05-23T06:40:32+08:00][sql] SHOW FULL COLUMNS FROM `carver_navigation` [ RunTime:0.000587s ]
[2021-05-23T06:40:32+08:00][sql] SELECT * FROM `carver_navigation` [ RunTime:0.000281s ]
[2021-05-23T06:40:32+08:00][sql] SHOW FULL COLUMNS FROM `carver_link` [ RunTime:0.000628s ]
[2021-05-23T06:40:32+08:00][sql] SELECT * FROM `carver_link` WHERE  ( is_confirm=2 ) LIMIT 20 [ RunTime:0.000303s ]
[2021-05-23T06:40:32+08:00][sql] SELECT `article_label` FROM `carver_article` [ RunTime:0.000292s ]
[2021-05-23T06:40:32+08:00][sql] SHOW FULL COLUMNS FROM `carver_carouse` [ RunTime:0.000543s ]
[2021-05-23T06:40:32+08:00][sql] SELECT `carouse_img`,`carouse_desc` FROM `carver_carouse` WHERE  `is_show` = 1 ORDER BY `carouse_sort` DESC LIMIT 3 [ RunTime:0.000407s ]
[2021-05-23T06:40:32+08:00][sql] SHOW FULL COLUMNS FROM `carver_site` [ RunTime:0.000533s ]
[2021-05-23T06:40:32+08:00][sql] SELECT * FROM `carver_site` [ RunTime:0.000244s ]
[2021-05-23T06:40:50+08:00][sql] CONNECT:[ UseTime:0.000483s ] mysql:host=127.0.0.1;port=3306;dbname=carver;charset=utf8
[2021-05-23T06:40:50+08:00][sql] SHOW FULL COLUMNS FROM `carver_user` [ RunTime:0.000816s ]
[2021-05-23T06:40:50+08:00][sql] SHOW FULL COLUMNS FROM `carver_article` [ RunTime:0.000714s ]
[2021-05-23T06:40:50+08:00][sql] SELECT COUNT(*) AS think_count FROM `carver_article` WHERE  `delete_time` = 0  AND `is_show` = 1 [ RunTime:0.000400s ]
[2021-05-23T06:40:50+08:00][sql] SELECT `article_id`,`article_title`,`article_desc`,`article_content`,`article_img`,`article_guide`,`article_label`,`click_num`,`is_show`,`add_time`,`article_author`,`is_top_show` FROM `carver_article` WHERE  `delete_time` = 0  AND `is_show` = 1 ORDER BY `article_id` DESC LIMIT 0,6 [ RunTime:0.000599s ]
[2021-05-23T06:40:50+08:00][sql] SELECT article_id,article_title,click_num,FROM_UNIXTIME(add_time,'%Y-%m-%d') as add_time FROM `carver_article` WHERE  `is_show` = 1  AND `delete_time` = 0 ORDER BY `click_num` DESC LIMIT 3 [ RunTime:0.000407s ]
[2021-05-23T06:40:50+08:00][sql] SHOW FULL COLUMNS FROM `carver_notice` [ RunTime:0.000565s ]
[2021-05-23T06:40:50+08:00][sql] SELECT * FROM `carver_notice` ORDER BY `create_time` DESC LIMIT 3 [ RunTime:0.000356s ]
[2021-05-23T06:40:50+08:00][sql] SHOW FULL COLUMNS FROM `carver_navigation` [ RunTime:0.000516s ]
[2021-05-23T06:40:50+08:00][sql] SELECT * FROM `carver_navigation` [ RunTime:0.000253s ]
[2021-05-23T06:40:50+08:00][sql] SHOW FULL COLUMNS FROM `carver_link` [ RunTime:0.000535s ]
[2021-05-23T06:40:50+08:00][sql] SELECT * FROM `carver_link` WHERE  ( is_confirm=2 ) LIMIT 20 [ RunTime:0.000271s ]
[2021-05-23T06:40:50+08:00][sql] SELECT `article_label` FROM `carver_article` [ RunTime:0.000656s ]
[2021-05-23T06:40:50+08:00][sql] SHOW FULL COLUMNS FROM `carver_carouse` [ RunTime:0.000472s ]
[2021-05-23T06:40:50+08:00][sql] SELECT `carouse_img`,`carouse_desc` FROM `carver_carouse` WHERE  `is_show` = 1 ORDER BY `carouse_sort` DESC LIMIT 3 [ RunTime:0.000292s ]
[2021-05-23T06:40:50+08:00][sql] SHOW FULL COLUMNS FROM `carver_site` [ RunTime:0.000500s ]
[2021-05-23T06:40:50+08:00][sql] SELECT * FROM `carver_site` [ RunTime:0.000243s ]
[2021-05-23T09:27:50+08:00][sql] CONNECT:[ UseTime:0.000558s ] mysql:host=127.0.0.1;port=3306;dbname=carver;charset=utf8
[2021-05-23T09:27:50+08:00][sql] SHOW FULL COLUMNS FROM `carver_user` [ RunTime:0.000807s ]
[2021-05-23T09:27:50+08:00][sql] SHOW FULL COLUMNS FROM `carver_article` [ RunTime:0.000796s ]
[2021-05-23T09:27:50+08:00][sql] SELECT COUNT(*) AS think_count FROM `carver_article` WHERE  `delete_time` = 0  AND `is_show` = 1 [ RunTime:0.000456s ]
[2021-05-23T09:27:50+08:00][sql] SELECT `article_id`,`article_title`,`article_desc`,`article_content`,`article_img`,`article_guide`,`article_label`,`click_num`,`is_show`,`add_time`,`article_author`,`is_top_show` FROM `carver_article` WHERE  `delete_time` = 0  AND `is_show` = 1 ORDER BY `article_id` DESC LIMIT 0,6 [ RunTime:0.000635s ]
[2021-05-23T09:27:50+08:00][sql] SELECT article_id,article_title,click_num,FROM_UNIXTIME(add_time,'%Y-%m-%d') as add_time FROM `carver_article` WHERE  `is_show` = 1  AND `delete_time` = 0 ORDER BY `click_num` DESC LIMIT 3 [ RunTime:0.000423s ]
[2021-05-23T09:27:50+08:00][sql] SHOW FULL COLUMNS FROM `carver_notice` [ RunTime:0.000599s ]
[2021-05-23T09:27:50+08:00][sql] SELECT * FROM `carver_notice` ORDER BY `create_time` DESC LIMIT 3 [ RunTime:0.000321s ]
[2021-05-23T09:27:50+08:00][sql] SHOW FULL COLUMNS FROM `carver_navigation` [ RunTime:0.000639s ]
[2021-05-23T09:27:50+08:00][sql] SELECT * FROM `carver_navigation` [ RunTime:0.000239s ]
[2021-05-23T09:27:50+08:00][sql] SHOW FULL COLUMNS FROM `carver_link` [ RunTime:0.000905s ]
[2021-05-23T09:27:50+08:00][sql] SELECT * FROM `carver_link` WHERE  ( is_confirm=2 ) LIMIT 20 [ RunTime:0.000296s ]
[2021-05-23T09:27:50+08:00][sql] SELECT `article_label` FROM `carver_article` [ RunTime:0.000285s ]
[2021-05-23T09:27:50+08:00][sql] SHOW FULL COLUMNS FROM `carver_carouse` [ RunTime:0.000554s ]
[2021-05-23T09:27:50+08:00][sql] SELECT `carouse_img`,`carouse_desc` FROM `carver_carouse` WHERE  `is_show` = 1 ORDER BY `carouse_sort` DESC LIMIT 3 [ RunTime:0.000329s ]
[2021-05-23T09:27:50+08:00][sql] SHOW FULL COLUMNS FROM `carver_site` [ RunTime:0.000527s ]
[2021-05-23T09:27:50+08:00][sql] SELECT * FROM `carver_site` [ RunTime:0.000280s ]
[2021-05-23T10:37:40+08:00][sql] CONNECT:[ UseTime:0.007695s ] mysql:host=127.0.0.1;port=3306;dbname=carver;charset=utf8
[2021-05-23T10:37:40+08:00][sql] SHOW FULL COLUMNS FROM `carver_user` [ RunTime:0.002027s ]
[2021-05-23T10:37:40+08:00][sql] SHOW FULL COLUMNS FROM `carver_article` [ RunTime:0.000707s ]
[2021-05-23T10:37:40+08:00][sql] SELECT COUNT(*) AS think_count FROM `carver_article` WHERE  `delete_time` = 0  AND `is_show` = 1 [ RunTime:0.001408s ]
[2021-05-23T10:37:40+08:00][sql] SELECT `article_id`,`article_title`,`article_desc`,`article_content`,`article_img`,`article_guide`,`article_label`,`click_num`,`is_show`,`add_time`,`article_author`,`is_top_show` FROM `carver_article` WHERE  `delete_time` = 0  AND `is_show` = 1 ORDER BY `article_id` DESC LIMIT 0,6 [ RunTime:0.001498s ]
[2021-05-23T10:37:40+08:00][sql] SELECT article_id,article_title,click_num,FROM_UNIXTIME(add_time,'%Y-%m-%d') as add_time FROM `carver_article` WHERE  `is_show` = 1  AND `delete_time` = 0 ORDER BY `click_num` DESC LIMIT 3 [ RunTime:0.003733s ]
[2021-05-23T10:37:40+08:00][sql] SHOW FULL COLUMNS FROM `carver_notice` [ RunTime:0.000522s ]
[2021-05-23T10:37:40+08:00][sql] SELECT * FROM `carver_notice` ORDER BY `create_time` DESC LIMIT 3 [ RunTime:0.000982s ]
[2021-05-23T10:37:40+08:00][sql] SHOW FULL COLUMNS FROM `carver_navigation` [ RunTime:0.001046s ]
[2021-05-23T10:37:40+08:00][sql] SELECT * FROM `carver_navigation` [ RunTime:0.000961s ]
[2021-05-23T10:37:40+08:00][sql] SHOW FULL COLUMNS FROM `carver_link` [ RunTime:0.001981s ]
[2021-05-23T10:37:40+08:00][sql] SELECT * FROM `carver_link` WHERE  ( is_confirm=2 ) LIMIT 20 [ RunTime:0.000269s ]
[2021-05-23T10:37:40+08:00][sql] SELECT `article_label` FROM `carver_article` [ RunTime:0.001926s ]
[2021-05-23T10:37:40+08:00][sql] SHOW FULL COLUMNS FROM `carver_carouse` [ RunTime:0.000452s ]
[2021-05-23T10:37:40+08:00][sql] SELECT `carouse_img`,`carouse_desc` FROM `carver_carouse` WHERE  `is_show` = 1 ORDER BY `carouse_sort` DESC LIMIT 3 [ RunTime:0.000295s ]
[2021-05-23T10:37:40+08:00][sql] SHOW FULL COLUMNS FROM `carver_site` [ RunTime:0.000938s ]
[2021-05-23T10:37:40+08:00][sql] SELECT * FROM `carver_site` [ RunTime:0.000773s ]
[2021-05-23T10:37:40+08:00][sql] CONNECT:[ UseTime:0.001773s ] mysql:host=127.0.0.1;port=3306;dbname=carver;charset=utf8
[2021-05-23T10:37:40+08:00][sql] SHOW FULL COLUMNS FROM `carver_user` [ RunTime:0.002747s ]
[2021-05-23T10:37:40+08:00][sql] SHOW FULL COLUMNS FROM `carver_article` [ RunTime:0.001214s ]
[2021-05-23T10:37:40+08:00][sql] SELECT COUNT(*) AS think_count FROM `carver_article` WHERE  `delete_time` = 0  AND `is_show` = 1 [ RunTime:0.003310s ]
[2021-05-23T10:37:40+08:00][sql] SELECT `article_id`,`article_title`,`article_desc`,`article_content`,`article_img`,`article_guide`,`article_label`,`click_num`,`is_show`,`add_time`,`article_author`,`is_top_show` FROM `carver_article` WHERE  `delete_time` = 0  AND `is_show` = 1 ORDER BY `article_id` DESC LIMIT 0,6 [ RunTime:0.000616s ]
[2021-05-23T10:37:40+08:00][sql] SELECT article_id,article_title,click_num,FROM_UNIXTIME(add_time,'%Y-%m-%d') as add_time FROM `carver_article` WHERE  `is_show` = 1  AND `delete_time` = 0 ORDER BY `click_num` DESC LIMIT 3 [ RunTime:0.001652s ]
[2021-05-23T10:37:40+08:00][sql] SHOW FULL COLUMNS FROM `carver_notice` [ RunTime:0.001211s ]
[2021-05-23T10:37:40+08:00][sql] SELECT * FROM `carver_notice` ORDER BY `create_time` DESC LIMIT 3 [ RunTime:0.000781s ]
[2021-05-23T10:37:40+08:00][sql] SHOW FULL COLUMNS FROM `carver_navigation` [ RunTime:0.001477s ]
[2021-05-23T10:37:40+08:00][sql] SELECT * FROM `carver_navigation` [ RunTime:0.000245s ]
[2021-05-23T10:37:40+08:00][sql] SHOW FULL COLUMNS FROM `carver_link` [ RunTime:0.002150s ]
[2021-05-23T10:37:40+08:00][sql] SELECT * FROM `carver_link` WHERE  ( is_confirm=2 ) LIMIT 20 [ RunTime:0.000317s ]
[2021-05-23T10:37:40+08:00][sql] SELECT `article_label` FROM `carver_article` [ RunTime:0.001656s ]
[2021-05-23T10:37:40+08:00][sql] SHOW FULL COLUMNS FROM `carver_carouse` [ RunTime:0.000982s ]
[2021-05-23T10:37:40+08:00][sql] SELECT `carouse_img`,`carouse_desc` FROM `carver_carouse` WHERE  `is_show` = 1 ORDER BY `carouse_sort` DESC LIMIT 3 [ RunTime:0.008284s ]
[2021-05-23T10:37:40+08:00][sql] SHOW FULL COLUMNS FROM `carver_site` [ RunTime:0.000479s ]
[2021-05-23T10:37:40+08:00][sql] SELECT * FROM `carver_site` [ RunTime:0.000245s ]
[2021-05-23T10:49:40+08:00][sql] CONNECT:[ UseTime:0.006185s ] mysql:host=127.0.0.1;port=3306;dbname=carver;charset=utf8
[2021-05-23T10:49:40+08:00][sql] SHOW FULL COLUMNS FROM `carver_user` [ RunTime:0.000870s ]
[2021-05-23T10:49:40+08:00][sql] SHOW FULL COLUMNS FROM `carver_article` [ RunTime:0.000710s ]
[2021-05-23T10:49:40+08:00][sql] SELECT COUNT(*) AS think_count FROM `carver_article` WHERE  `delete_time` = 0  AND `is_show` = 1 [ RunTime:0.000408s ]
[2021-05-23T10:49:40+08:00][sql] SELECT `article_id`,`article_title`,`article_desc`,`article_content`,`article_img`,`article_guide`,`article_label`,`click_num`,`is_show`,`add_time`,`article_author`,`is_top_show` FROM `carver_article` WHERE  `delete_time` = 0  AND `is_show` = 1 ORDER BY `article_id` DESC LIMIT 0,6 [ RunTime:0.000663s ]
[2021-05-23T10:49:40+08:00][sql] SELECT article_id,article_title,click_num,FROM_UNIXTIME(add_time,'%Y-%m-%d') as add_time FROM `carver_article` WHERE  `is_show` = 1  AND `delete_time` = 0 ORDER BY `click_num` DESC LIMIT 3 [ RunTime:0.000544s ]
[2021-05-23T10:49:40+08:00][sql] SHOW FULL COLUMNS FROM `carver_notice` [ RunTime:0.000610s ]
[2021-05-23T10:49:40+08:00][sql] SELECT * FROM `carver_notice` ORDER BY `create_time` DESC LIMIT 3 [ RunTime:0.000271s ]
[2021-05-23T10:49:40+08:00][sql] SHOW FULL COLUMNS FROM `carver_navigation` [ RunTime:0.000688s ]
[2021-05-23T10:49:40+08:00][sql] SELECT * FROM `carver_navigation` [ RunTime:0.000267s ]
[2021-05-23T10:49:40+08:00][sql] SHOW FULL COLUMNS FROM `carver_link` [ RunTime:0.000972s ]
[2021-05-23T10:49:40+08:00][sql] SELECT * FROM `carver_link` WHERE  ( is_confirm=2 ) LIMIT 20 [ RunTime:0.000358s ]
[2021-05-23T10:49:40+08:00][sql] SELECT `article_label` FROM `carver_article` [ RunTime:0.000398s ]
[2021-05-23T10:49:40+08:00][sql] SHOW FULL COLUMNS FROM `carver_carouse` [ RunTime:0.011417s ]
[2021-05-23T10:49:40+08:00][sql] SELECT `carouse_img`,`carouse_desc` FROM `carver_carouse` WHERE  `is_show` = 1 ORDER BY `carouse_sort` DESC LIMIT 3 [ RunTime:0.000575s ]
[2021-05-23T10:49:40+08:00][sql] SHOW FULL COLUMNS FROM `carver_site` [ RunTime:0.000648s ]
[2021-05-23T10:49:40+08:00][sql] SELECT * FROM `carver_site` [ RunTime:0.000272s ]
[2021-05-23T11:22:25+08:00][sql] CONNECT:[ UseTime:0.000512s ] mysql:host=127.0.0.1;port=3306;dbname=carver;charset=utf8
[2021-05-23T11:22:25+08:00][sql] SHOW FULL COLUMNS FROM `carver_article` [ RunTime:0.001015s ]
[2021-05-23T11:22:25+08:00][sql] SELECT COUNT(*) AS think_count FROM `carver_article` WHERE  `article_label` LIKE '%js%'  AND `delete_time` = 0  AND `is_show` = 1 [ RunTime:0.000450s ]
[2021-05-23T11:22:25+08:00][sql] SELECT * FROM `carver_article` WHERE  `article_label` LIKE '%js%'  AND `delete_time` = 0  AND `is_show` = 1 LIMIT 0,6 [ RunTime:0.001003s ]
[2021-05-23T11:22:25+08:00][sql] SELECT article_id,article_title,click_num,FROM_UNIXTIME(add_time,'%Y-%m-%d') as add_time FROM `carver_article` WHERE  `is_show` = 1  AND `delete_time` = 0 ORDER BY `click_num` DESC LIMIT 3 [ RunTime:0.000450s ]
[2021-05-23T11:22:25+08:00][sql] SHOW FULL COLUMNS FROM `carver_notice` [ RunTime:0.000617s ]
[2021-05-23T11:22:25+08:00][sql] SELECT * FROM `carver_notice` ORDER BY `create_time` DESC LIMIT 3 [ RunTime:0.000303s ]
[2021-05-23T11:22:25+08:00][sql] SHOW FULL COLUMNS FROM `carver_navigation` [ RunTime:0.000579s ]
[2021-05-23T11:22:25+08:00][sql] SELECT * FROM `carver_navigation` [ RunTime:0.000309s ]
[2021-05-23T11:22:25+08:00][sql] SHOW FULL COLUMNS FROM `carver_link` [ RunTime:0.000577s ]
[2021-05-23T11:22:25+08:00][sql] SELECT * FROM `carver_link` WHERE  ( is_confirm=2 ) LIMIT 20 [ RunTime:0.000338s ]
[2021-05-23T11:22:25+08:00][sql] SELECT `article_label` FROM `carver_article` [ RunTime:0.000273s ]
[2021-05-23T11:22:25+08:00][sql] SHOW FULL COLUMNS FROM `carver_carouse` [ RunTime:0.000566s ]
[2021-05-23T11:22:25+08:00][sql] SELECT `carouse_img`,`carouse_desc` FROM `carver_carouse` WHERE  `is_show` = 1 ORDER BY `carouse_sort` DESC LIMIT 3 [ RunTime:0.000324s ]
[2021-05-23T11:22:25+08:00][sql] SHOW FULL COLUMNS FROM `carver_site` [ RunTime:0.000543s ]
[2021-05-23T11:22:25+08:00][sql] SELECT * FROM `carver_site` [ RunTime:0.000280s ]
[2021-05-23T12:07:31+08:00][sql] CONNECT:[ UseTime:0.000619s ] mysql:host=127.0.0.1;port=3306;dbname=carver;charset=utf8
[2021-05-23T12:07:31+08:00][sql] SHOW FULL COLUMNS FROM `carver_article` [ RunTime:0.000877s ]
[2021-05-23T12:07:31+08:00][sql] SELECT COUNT(*) AS think_count FROM `carver_article` WHERE  `article_label` LIKE '%js%'  AND `delete_time` = 0  AND `is_show` = 1 [ RunTime:0.000435s ]
[2021-05-23T12:07:31+08:00][sql] SELECT * FROM `carver_article` WHERE  `article_label` LIKE '%js%'  AND `delete_time` = 0  AND `is_show` = 1 LIMIT 0,6 [ RunTime:0.001010s ]
[2021-05-23T12:07:31+08:00][sql] SELECT article_id,article_title,click_num,FROM_UNIXTIME(add_time,'%Y-%m-%d') as add_time FROM `carver_article` WHERE  `is_show` = 1  AND `delete_time` = 0 ORDER BY `click_num` DESC LIMIT 3 [ RunTime:0.000466s ]
[2021-05-23T12:07:31+08:00][sql] SHOW FULL COLUMNS FROM `carver_notice` [ RunTime:0.000709s ]
[2021-05-23T12:07:31+08:00][sql] SELECT * FROM `carver_notice` ORDER BY `create_time` DESC LIMIT 3 [ RunTime:0.000320s ]
[2021-05-23T12:07:31+08:00][sql] SHOW FULL COLUMNS FROM `carver_navigation` [ RunTime:0.000552s ]
[2021-05-23T12:07:31+08:00][sql] SELECT * FROM `carver_navigation` [ RunTime:0.000302s ]
[2021-05-23T12:07:31+08:00][sql] SHOW FULL COLUMNS FROM `carver_link` [ RunTime:0.000565s ]
[2021-05-23T12:07:31+08:00][sql] SELECT * FROM `carver_link` WHERE  ( is_confirm=2 ) LIMIT 20 [ RunTime:0.000377s ]
[2021-05-23T12:07:31+08:00][sql] SELECT `article_label` FROM `carver_article` [ RunTime:0.000274s ]
[2021-05-23T12:07:31+08:00][sql] SHOW FULL COLUMNS FROM `carver_carouse` [ RunTime:0.000543s ]
[2021-05-23T12:07:31+08:00][sql] SELECT `carouse_img`,`carouse_desc` FROM `carver_carouse` WHERE  `is_show` = 1 ORDER BY `carouse_sort` DESC LIMIT 3 [ RunTime:0.000326s ]
[2021-05-23T12:07:31+08:00][sql] SHOW FULL COLUMNS FROM `carver_site` [ RunTime:0.000593s ]
[2021-05-23T12:07:31+08:00][sql] SELECT * FROM `carver_site` [ RunTime:0.000286s ]
[2021-05-23T12:37:29+08:00][sql] CONNECT:[ UseTime:0.000728s ] mysql:host=127.0.0.1;port=3306;dbname=carver;charset=utf8
[2021-05-23T12:37:29+08:00][sql] SHOW FULL COLUMNS FROM `carver_user` [ RunTime:0.000775s ]
[2021-05-23T12:37:29+08:00][sql] SHOW FULL COLUMNS FROM `carver_article` [ RunTime:0.000667s ]
[2021-05-23T12:37:29+08:00][sql] SELECT COUNT(*) AS think_count FROM `carver_article` WHERE  `delete_time` = 0  AND `is_show` = 1 [ RunTime:0.000373s ]
[2021-05-23T12:37:29+08:00][sql] SELECT `article_id`,`article_title`,`article_desc`,`article_content`,`article_img`,`article_guide`,`article_label`,`click_num`,`is_show`,`add_time`,`article_author`,`is_top_show` FROM `carver_article` WHERE  `delete_time` = 0  AND `is_show` = 1 ORDER BY `article_id` DESC LIMIT 78,6 [ RunTime:0.000949s ]
[2021-05-23T12:37:29+08:00][sql] SELECT article_id,article_title,click_num,FROM_UNIXTIME(add_time,'%Y-%m-%d') as add_time FROM `carver_article` WHERE  `is_show` = 1  AND `delete_time` = 0 ORDER BY `click_num` DESC LIMIT 3 [ RunTime:0.000497s ]
[2021-05-23T12:37:29+08:00][sql] SHOW FULL COLUMNS FROM `carver_notice` [ RunTime:0.000665s ]
[2021-05-23T12:37:29+08:00][sql] SELECT * FROM `carver_notice` ORDER BY `create_time` DESC LIMIT 3 [ RunTime:0.000296s ]
[2021-05-23T12:37:29+08:00][sql] SHOW FULL COLUMNS FROM `carver_navigation` [ RunTime:0.000538s ]
[2021-05-23T12:37:29+08:00][sql] SELECT * FROM `carver_navigation` [ RunTime:0.000308s ]
[2021-05-23T12:37:29+08:00][sql] SHOW FULL COLUMNS FROM `carver_link` [ RunTime:0.000595s ]
[2021-05-23T12:37:29+08:00][sql] SELECT * FROM `carver_link` WHERE  ( is_confirm=2 ) LIMIT 20 [ RunTime:0.000326s ]
[2021-05-23T12:37:29+08:00][sql] SELECT `article_label` FROM `carver_article` [ RunTime:0.000304s ]
[2021-05-23T12:37:29+08:00][sql] SHOW FULL COLUMNS FROM `carver_carouse` [ RunTime:0.000596s ]
[2021-05-23T12:37:29+08:00][sql] SELECT `carouse_img`,`carouse_desc` FROM `carver_carouse` WHERE  `is_show` = 1 ORDER BY `carouse_sort` DESC LIMIT 3 [ RunTime:0.000317s ]
[2021-05-23T12:37:29+08:00][sql] SHOW FULL COLUMNS FROM `carver_site` [ RunTime:0.000519s ]
[2021-05-23T12:37:29+08:00][sql] SELECT * FROM `carver_site` [ RunTime:0.000274s ]
[2021-05-23T13:39:48+08:00][sql] CONNECT:[ UseTime:0.000526s ] mysql:host=127.0.0.1;port=3306;dbname=carver;charset=utf8
[2021-05-23T13:39:48+08:00][sql] SHOW FULL COLUMNS FROM `carver_user` [ RunTime:0.000768s ]
[2021-05-23T13:39:48+08:00][sql] SHOW FULL COLUMNS FROM `carver_article` [ RunTime:0.000647s ]
[2021-05-23T13:39:48+08:00][sql] SELECT COUNT(*) AS think_count FROM `carver_article` WHERE  `delete_time` = 0  AND `is_show` = 1 [ RunTime:0.000373s ]
[2021-05-23T13:39:48+08:00][sql] SELECT `article_id`,`article_title`,`article_desc`,`article_content`,`article_img`,`article_guide`,`article_label`,`click_num`,`is_show`,`add_time`,`article_author`,`is_top_show` FROM `carver_article` WHERE  `delete_time` = 0  AND `is_show` = 1 ORDER BY `article_id` DESC LIMIT 12,6 [ RunTime:0.001114s ]
[2021-05-23T13:39:48+08:00][sql] SELECT article_id,article_title,click_num,FROM_UNIXTIME(add_time,'%Y-%m-%d') as add_time FROM `carver_article` WHERE  `is_show` = 1  AND `delete_time` = 0 ORDER BY `click_num` DESC LIMIT 3 [ RunTime:0.000372s ]
[2021-05-23T13:39:48+08:00][sql] SHOW FULL COLUMNS FROM `carver_notice` [ RunTime:0.000534s ]
[2021-05-23T13:39:48+08:00][sql] SELECT * FROM `carver_notice` ORDER BY `create_time` DESC LIMIT 3 [ RunTime:0.000373s ]
[2021-05-23T13:39:48+08:00][sql] SHOW FULL COLUMNS FROM `carver_navigation` [ RunTime:0.000462s ]
[2021-05-23T13:39:48+08:00][sql] SELECT * FROM `carver_navigation` [ RunTime:0.000318s ]
[2021-05-23T13:39:48+08:00][sql] SHOW FULL COLUMNS FROM `carver_link` [ RunTime:0.000486s ]
[2021-05-23T13:39:48+08:00][sql] SELECT * FROM `carver_link` WHERE  ( is_confirm=2 ) LIMIT 20 [ RunTime:0.000267s ]
[2021-05-23T13:39:48+08:00][sql] SELECT `article_label` FROM `carver_article` [ RunTime:0.000250s ]
[2021-05-23T13:39:48+08:00][sql] SHOW FULL COLUMNS FROM `carver_carouse` [ RunTime:0.000457s ]
[2021-05-23T13:39:48+08:00][sql] SELECT `carouse_img`,`carouse_desc` FROM `carver_carouse` WHERE  `is_show` = 1 ORDER BY `carouse_sort` DESC LIMIT 3 [ RunTime:0.000258s ]
[2021-05-23T13:39:48+08:00][sql] SHOW FULL COLUMNS FROM `carver_site` [ RunTime:0.000473s ]
[2021-05-23T13:39:48+08:00][sql] SELECT * FROM `carver_site` [ RunTime:0.000219s ]
[2021-05-23T13:41:36+08:00][sql] CONNECT:[ UseTime:0.000518s ] mysql:host=127.0.0.1;port=3306;dbname=carver;charset=utf8
[2021-05-23T13:41:36+08:00][sql] SHOW FULL COLUMNS FROM `carver_user` [ RunTime:0.000835s ]
[2021-05-23T13:41:36+08:00][sql] SHOW FULL COLUMNS FROM `carver_article` [ RunTime:0.000701s ]
[2021-05-23T13:41:36+08:00][sql] SELECT COUNT(*) AS think_count FROM `carver_article` WHERE  `delete_time` = 0  AND `is_show` = 1 [ RunTime:0.000386s ]
[2021-05-23T13:41:36+08:00][sql] SELECT `article_id`,`article_title`,`article_desc`,`article_content`,`article_img`,`article_guide`,`article_label`,`click_num`,`is_show`,`add_time`,`article_author`,`is_top_show` FROM `carver_article` WHERE  `delete_time` = 0  AND `is_show` = 1 ORDER BY `article_id` DESC LIMIT 0,6 [ RunTime:0.000664s ]
[2021-05-23T13:41:36+08:00][sql] SELECT article_id,article_title,click_num,FROM_UNIXTIME(add_time,'%Y-%m-%d') as add_time FROM `carver_article` WHERE  `is_show` = 1  AND `delete_time` = 0 ORDER BY `click_num` DESC LIMIT 3 [ RunTime:0.000427s ]
[2021-05-23T13:41:36+08:00][sql] SHOW FULL COLUMNS FROM `carver_notice` [ RunTime:0.000539s ]
[2021-05-23T13:41:36+08:00][sql] SELECT * FROM `carver_notice` ORDER BY `create_time` DESC LIMIT 3 [ RunTime:0.000266s ]
[2021-05-23T13:41:36+08:00][sql] SHOW FULL COLUMNS FROM `carver_navigation` [ RunTime:0.000588s ]
[2021-05-23T13:41:36+08:00][sql] SELECT * FROM `carver_navigation` [ RunTime:0.000235s ]
[2021-05-23T13:41:36+08:00][sql] SHOW FULL COLUMNS FROM `carver_link` [ RunTime:0.000499s ]
[2021-05-23T13:41:36+08:00][sql] SELECT * FROM `carver_link` WHERE  ( is_confirm=2 ) LIMIT 20 [ RunTime:0.000307s ]
[2021-05-23T13:41:36+08:00][sql] SELECT `article_label` FROM `carver_article` [ RunTime:0.000253s ]
[2021-05-23T13:41:36+08:00][sql] SHOW FULL COLUMNS FROM `carver_carouse` [ RunTime:0.000513s ]
[2021-05-23T13:41:36+08:00][sql] SELECT `carouse_img`,`carouse_desc` FROM `carver_carouse` WHERE  `is_show` = 1 ORDER BY `carouse_sort` DESC LIMIT 3 [ RunTime:0.000302s ]
[2021-05-23T13:41:36+08:00][sql] SHOW FULL COLUMNS FROM `carver_site` [ RunTime:0.000481s ]
[2021-05-23T13:41:36+08:00][sql] SELECT * FROM `carver_site` [ RunTime:0.000269s ]
[2021-05-23T14:10:13+08:00][sql] CONNECT:[ UseTime:0.000628s ] mysql:host=127.0.0.1;port=3306;dbname=carver;charset=utf8
[2021-05-23T14:10:13+08:00][sql] SHOW FULL COLUMNS FROM `carver_user` [ RunTime:0.000884s ]
[2021-05-23T14:10:13+08:00][sql] SHOW FULL COLUMNS FROM `carver_article` [ RunTime:0.000670s ]
[2021-05-23T14:10:13+08:00][sql] SELECT COUNT(*) AS think_count FROM `carver_article` WHERE  `delete_time` = 0  AND `is_show` = 1 [ RunTime:0.000385s ]
[2021-05-23T14:10:13+08:00][sql] SELECT `article_id`,`article_title`,`article_desc`,`article_content`,`article_img`,`article_guide`,`article_label`,`click_num`,`is_show`,`add_time`,`article_author`,`is_top_show` FROM `carver_article` WHERE  `delete_time` = 0  AND `is_show` = 1 ORDER BY `article_id` DESC LIMIT 18,6 [ RunTime:0.001402s ]
[2021-05-23T14:10:13+08:00][sql] SELECT article_id,article_title,click_num,FROM_UNIXTIME(add_time,'%Y-%m-%d') as add_time FROM `carver_article` WHERE  `is_show` = 1  AND `delete_time` = 0 ORDER BY `click_num` DESC LIMIT 3 [ RunTime:0.000662s ]
[2021-05-23T14:10:13+08:00][sql] SHOW FULL COLUMNS FROM `carver_notice` [ RunTime:0.000614s ]
[2021-05-23T14:10:13+08:00][sql] SELECT * FROM `carver_notice` ORDER BY `create_time` DESC LIMIT 3 [ RunTime:0.000313s ]
[2021-05-23T14:10:13+08:00][sql] SHOW FULL COLUMNS FROM `carver_navigation` [ RunTime:0.000545s ]
[2021-05-23T14:10:13+08:00][sql] SELECT * FROM `carver_navigation` [ RunTime:0.000261s ]
[2021-05-23T14:10:13+08:00][sql] SHOW FULL COLUMNS FROM `carver_link` [ RunTime:0.000508s ]
[2021-05-23T14:10:13+08:00][sql] SELECT * FROM `carver_link` WHERE  ( is_confirm=2 ) LIMIT 20 [ RunTime:0.000321s ]
[2021-05-23T14:10:13+08:00][sql] SELECT `article_label` FROM `carver_article` [ RunTime:0.000320s ]
[2021-05-23T14:10:13+08:00][sql] SHOW FULL COLUMNS FROM `carver_carouse` [ RunTime:0.000526s ]
[2021-05-23T14:10:13+08:00][sql] SELECT `carouse_img`,`carouse_desc` FROM `carver_carouse` WHERE  `is_show` = 1 ORDER BY `carouse_sort` DESC LIMIT 3 [ RunTime:0.000303s ]
[2021-05-23T14:10:13+08:00][sql] SHOW FULL COLUMNS FROM `carver_site` [ RunTime:0.000542s ]
[2021-05-23T14:10:13+08:00][sql] SELECT * FROM `carver_site` [ RunTime:0.000312s ]
[2021-05-23T15:42:23+08:00][sql] CONNECT:[ UseTime:0.000822s ] mysql:host=127.0.0.1;port=3306;dbname=carver;charset=utf8
[2021-05-23T15:42:23+08:00][sql] SHOW FULL COLUMNS FROM `carver_article` [ RunTime:0.000846s ]
[2021-05-23T15:42:23+08:00][sql] SELECT COUNT(*) AS think_count FROM `carver_article` WHERE  `article_label` LIKE '%swoole%'  AND `delete_time` = 0  AND `is_show` = 1 [ RunTime:0.000418s ]
[2021-05-23T15:42:23+08:00][sql] SELECT * FROM `carver_article` WHERE  `article_label` LIKE '%swoole%'  AND `delete_time` = 0  AND `is_show` = 1 LIMIT 0,6 [ RunTime:0.001076s ]
[2021-05-23T15:42:23+08:00][sql] SELECT article_id,article_title,click_num,FROM_UNIXTIME(add_time,'%Y-%m-%d') as add_time FROM `carver_article` WHERE  `is_show` = 1  AND `delete_time` = 0 ORDER BY `click_num` DESC LIMIT 3 [ RunTime:0.000479s ]
[2021-05-23T15:42:23+08:00][sql] SHOW FULL COLUMNS FROM `carver_notice` [ RunTime:0.000619s ]
[2021-05-23T15:42:23+08:00][sql] SELECT * FROM `carver_notice` ORDER BY `create_time` DESC LIMIT 3 [ RunTime:0.000334s ]
[2021-05-23T15:42:23+08:00][sql] SHOW FULL COLUMNS FROM `carver_navigation` [ RunTime:0.000500s ]
[2021-05-23T15:42:23+08:00][sql] SELECT * FROM `carver_navigation` [ RunTime:0.000246s ]
[2021-05-23T15:42:23+08:00][sql] SHOW FULL COLUMNS FROM `carver_link` [ RunTime:0.000506s ]
[2021-05-23T15:42:23+08:00][sql] SELECT * FROM `carver_link` WHERE  ( is_confirm=2 ) LIMIT 20 [ RunTime:0.000285s ]
[2021-05-23T15:42:23+08:00][sql] SELECT `article_label` FROM `carver_article` [ RunTime:0.000259s ]
[2021-05-23T15:42:23+08:00][sql] SHOW FULL COLUMNS FROM `carver_carouse` [ RunTime:0.000524s ]
[2021-05-23T15:42:23+08:00][sql] SELECT `carouse_img`,`carouse_desc` FROM `carver_carouse` WHERE  `is_show` = 1 ORDER BY `carouse_sort` DESC LIMIT 3 [ RunTime:0.000280s ]
[2021-05-23T15:42:23+08:00][sql] SHOW FULL COLUMNS FROM `carver_site` [ RunTime:0.000455s ]
[2021-05-23T15:42:23+08:00][sql] SELECT * FROM `carver_site` [ RunTime:0.000219s ]
[2021-05-23T17:43:50+08:00][sql] CONNECT:[ UseTime:0.000583s ] mysql:host=127.0.0.1;port=3306;dbname=carver;charset=utf8
[2021-05-23T17:43:50+08:00][sql] SHOW FULL COLUMNS FROM `carver_user` [ RunTime:0.000842s ]
[2021-05-23T17:43:50+08:00][sql] SHOW FULL COLUMNS FROM `carver_article` [ RunTime:0.000718s ]
[2021-05-23T17:43:50+08:00][sql] SELECT COUNT(*) AS think_count FROM `carver_article` WHERE  `delete_time` = 0  AND `is_show` = 1 [ RunTime:0.000402s ]
[2021-05-23T17:43:50+08:00][sql] SELECT `article_id`,`article_title`,`article_desc`,`article_content`,`article_img`,`article_guide`,`article_label`,`click_num`,`is_show`,`add_time`,`article_author`,`is_top_show` FROM `carver_article` WHERE  `delete_time` = 0  AND `is_show` = 1 ORDER BY `article_id` DESC LIMIT 0,6 [ RunTime:0.000606s ]
[2021-05-23T17:43:50+08:00][sql] SELECT article_id,article_title,click_num,FROM_UNIXTIME(add_time,'%Y-%m-%d') as add_time FROM `carver_article` WHERE  `is_show` = 1  AND `delete_time` = 0 ORDER BY `click_num` DESC LIMIT 3 [ RunTime:0.000461s ]
[2021-05-23T17:43:50+08:00][sql] SHOW FULL COLUMNS FROM `carver_notice` [ RunTime:0.000590s ]
[2021-05-23T17:43:50+08:00][sql] SELECT * FROM `carver_notice` ORDER BY `create_time` DESC LIMIT 3 [ RunTime:0.000293s ]
[2021-05-23T17:43:50+08:00][sql] SHOW FULL COLUMNS FROM `carver_navigation` [ RunTime:0.000526s ]
[2021-05-23T17:43:50+08:00][sql] SELECT * FROM `carver_navigation` [ RunTime:0.000239s ]
[2021-05-23T17:43:50+08:00][sql] SHOW FULL COLUMNS FROM `carver_link` [ RunTime:0.000549s ]
[2021-05-23T17:43:50+08:00][sql] SELECT * FROM `carver_link` WHERE  ( is_confirm=2 ) LIMIT 20 [ RunTime:0.000322s ]
[2021-05-23T17:43:50+08:00][sql] SELECT `article_label` FROM `carver_article` [ RunTime:0.000290s ]
[2021-05-23T17:43:50+08:00][sql] SHOW FULL COLUMNS FROM `carver_carouse` [ RunTime:0.000519s ]
[2021-05-23T17:43:50+08:00][sql] SELECT `carouse_img`,`carouse_desc` FROM `carver_carouse` WHERE  `is_show` = 1 ORDER BY `carouse_sort` DESC LIMIT 3 [ RunTime:0.000322s ]
[2021-05-23T17:43:50+08:00][sql] SHOW FULL COLUMNS FROM `carver_site` [ RunTime:0.000483s ]
[2021-05-23T17:43:50+08:00][sql] SELECT * FROM `carver_site` [ RunTime:0.000259s ]
[2021-05-23T18:12:17+08:00][sql] CONNECT:[ UseTime:0.000658s ] mysql:host=127.0.0.1;port=3306;dbname=carver;charset=utf8
[2021-05-23T18:12:17+08:00][sql] SHOW FULL COLUMNS FROM `carver_article` [ RunTime:0.000895s ]
[2021-05-23T18:12:17+08:00][sql] SELECT COUNT(*) AS think_count FROM `carver_article` WHERE  `article_label` LIKE '%excel%'  AND `delete_time` = 0  AND `is_show` = 1 [ RunTime:0.000439s ]
[2021-05-23T18:12:17+08:00][sql] SELECT * FROM `carver_article` WHERE  `article_label` LIKE '%excel%'  AND `delete_time` = 0  AND `is_show` = 1 LIMIT 0,6 [ RunTime:0.001257s ]
[2021-05-23T18:12:17+08:00][sql] SELECT article_id,article_title,click_num,FROM_UNIXTIME(add_time,'%Y-%m-%d') as add_time FROM `carver_article` WHERE  `is_show` = 1  AND `delete_time` = 0 ORDER BY `click_num` DESC LIMIT 3 [ RunTime:0.000772s ]
[2021-05-23T18:12:17+08:00][sql] SHOW FULL COLUMNS FROM `carver_notice` [ RunTime:0.000521s ]
[2021-05-23T18:12:17+08:00][sql] SELECT * FROM `carver_notice` ORDER BY `create_time` DESC LIMIT 3 [ RunTime:0.000261s ]
[2021-05-23T18:12:17+08:00][sql] SHOW FULL COLUMNS FROM `carver_navigation` [ RunTime:0.000498s ]
[2021-05-23T18:12:17+08:00][sql] SELECT * FROM `carver_navigation` [ RunTime:0.000244s ]
[2021-05-23T18:12:17+08:00][sql] SHOW FULL COLUMNS FROM `carver_link` [ RunTime:0.000506s ]
[2021-05-23T18:12:17+08:00][sql] SELECT * FROM `carver_link` WHERE  ( is_confirm=2 ) LIMIT 20 [ RunTime:0.000261s ]
[2021-05-23T18:12:17+08:00][sql] SELECT `article_label` FROM `carver_article` [ RunTime:0.000251s ]
[2021-05-23T18:12:17+08:00][sql] SHOW FULL COLUMNS FROM `carver_carouse` [ RunTime:0.000464s ]
[2021-05-23T18:12:17+08:00][sql] SELECT `carouse_img`,`carouse_desc` FROM `carver_carouse` WHERE  `is_show` = 1 ORDER BY `carouse_sort` DESC LIMIT 3 [ RunTime:0.000281s ]
[2021-05-23T18:12:17+08:00][sql] SHOW FULL COLUMNS FROM `carver_site` [ RunTime:0.000494s ]
[2021-05-23T18:12:17+08:00][sql] SELECT * FROM `carver_site` [ RunTime:0.000230s ]
[2021-05-23T19:09:59+08:00][sql] CONNECT:[ UseTime:0.000538s ] mysql:host=127.0.0.1;port=3306;dbname=carver;charset=utf8
[2021-05-23T19:09:59+08:00][sql] SHOW FULL COLUMNS FROM `carver_article` [ RunTime:0.000897s ]
[2021-05-23T19:09:59+08:00][sql] SELECT COUNT(*) AS think_count FROM `carver_article` WHERE  `article_label` LIKE '%angerjs%'  AND `delete_time` = 0  AND `is_show` = 1 [ RunTime:0.000497s ]
[2021-05-23T19:09:59+08:00][sql] SELECT * FROM `carver_article` WHERE  `article_label` LIKE '%angerjs%'  AND `delete_time` = 0  AND `is_show` = 1 LIMIT 0,6 [ RunTime:0.001045s ]
[2021-05-23T19:09:59+08:00][sql] SELECT article_id,article_title,click_num,FROM_UNIXTIME(add_time,'%Y-%m-%d') as add_time FROM `carver_article` WHERE  `is_show` = 1  AND `delete_time` = 0 ORDER BY `click_num` DESC LIMIT 3 [ RunTime:0.000566s ]
[2021-05-23T19:09:59+08:00][sql] SHOW FULL COLUMNS FROM `carver_notice` [ RunTime:0.000782s ]
[2021-05-23T19:09:59+08:00][sql] SELECT * FROM `carver_notice` ORDER BY `create_time` DESC LIMIT 3 [ RunTime:0.000394s ]
[2021-05-23T19:09:59+08:00][sql] SHOW FULL COLUMNS FROM `carver_navigation` [ RunTime:0.000684s ]
[2021-05-23T19:09:59+08:00][sql] SELECT * FROM `carver_navigation` [ RunTime:0.000307s ]
[2021-05-23T19:09:59+08:00][sql] SHOW FULL COLUMNS FROM `carver_link` [ RunTime:0.000565s ]
[2021-05-23T19:09:59+08:00][sql] SELECT * FROM `carver_link` WHERE  ( is_confirm=2 ) LIMIT 20 [ RunTime:0.000373s ]
[2021-05-23T19:09:59+08:00][sql] SELECT `article_label` FROM `carver_article` [ RunTime:0.000360s ]
[2021-05-23T19:09:59+08:00][sql] SHOW FULL COLUMNS FROM `carver_carouse` [ RunTime:0.000606s ]
[2021-05-23T19:09:59+08:00][sql] SELECT `carouse_img`,`carouse_desc` FROM `carver_carouse` WHERE  `is_show` = 1 ORDER BY `carouse_sort` DESC LIMIT 3 [ RunTime:0.000344s ]
[2021-05-23T19:09:59+08:00][sql] SHOW FULL COLUMNS FROM `carver_site` [ RunTime:0.000577s ]
[2021-05-23T19:09:59+08:00][sql] SELECT * FROM `carver_site` [ RunTime:0.000275s ]
[2021-05-23T19:35:30+08:00][sql] CONNECT:[ UseTime:0.000552s ] mysql:host=127.0.0.1;port=3306;dbname=carver;charset=utf8
[2021-05-23T19:35:30+08:00][sql] SHOW FULL COLUMNS FROM `carver_user` [ RunTime:0.000815s ]
[2021-05-23T19:35:30+08:00][sql] SHOW FULL COLUMNS FROM `carver_article` [ RunTime:0.000678s ]
[2021-05-23T19:35:30+08:00][sql] SELECT COUNT(*) AS think_count FROM `carver_article` WHERE  `delete_time` = 0  AND `is_show` = 1 [ RunTime:0.000389s ]
[2021-05-23T19:35:30+08:00][sql] SELECT `article_id`,`article_title`,`article_desc`,`article_content`,`article_img`,`article_guide`,`article_label`,`click_num`,`is_show`,`add_time`,`article_author`,`is_top_show` FROM `carver_article` WHERE  `delete_time` = 0  AND `is_show` = 1 ORDER BY `article_id` DESC LIMIT 0,6 [ RunTime:0.000605s ]
[2021-05-23T19:35:30+08:00][sql] SELECT article_id,article_title,click_num,FROM_UNIXTIME(add_time,'%Y-%m-%d') as add_time FROM `carver_article` WHERE  `is_show` = 1  AND `delete_time` = 0 ORDER BY `click_num` DESC LIMIT 3 [ RunTime:0.000407s ]
[2021-05-23T19:35:30+08:00][sql] SHOW FULL COLUMNS FROM `carver_notice` [ RunTime:0.000523s ]
[2021-05-23T19:35:30+08:00][sql] SELECT * FROM `carver_notice` ORDER BY `create_time` DESC LIMIT 3 [ RunTime:0.000260s ]
[2021-05-23T19:35:30+08:00][sql] SHOW FULL COLUMNS FROM `carver_navigation` [ RunTime:0.000508s ]
[2021-05-23T19:35:30+08:00][sql] SELECT * FROM `carver_navigation` [ RunTime:0.000248s ]
[2021-05-23T19:35:30+08:00][sql] SHOW FULL COLUMNS FROM `carver_link` [ RunTime:0.000497s ]
[2021-05-23T19:35:30+08:00][sql] SELECT * FROM `carver_link` WHERE  ( is_confirm=2 ) LIMIT 20 [ RunTime:0.000271s ]
[2021-05-23T19:35:30+08:00][sql] SELECT `article_label` FROM `carver_article` [ RunTime:0.000398s ]
[2021-05-23T19:35:30+08:00][sql] SHOW FULL COLUMNS FROM `carver_carouse` [ RunTime:0.000511s ]
[2021-05-23T19:35:30+08:00][sql] SELECT `carouse_img`,`carouse_desc` FROM `carver_carouse` WHERE  `is_show` = 1 ORDER BY `carouse_sort` DESC LIMIT 3 [ RunTime:0.000280s ]
[2021-05-23T19:35:30+08:00][sql] SHOW FULL COLUMNS FROM `carver_site` [ RunTime:0.000508s ]
[2021-05-23T19:35:30+08:00][sql] SELECT * FROM `carver_site` [ RunTime:0.000246s ]
[2021-05-23T20:35:33+08:00][sql] CONNECT:[ UseTime:0.000667s ] mysql:host=127.0.0.1;port=3306;dbname=carver;charset=utf8
[2021-05-23T20:35:33+08:00][sql] SHOW FULL COLUMNS FROM `carver_article` [ RunTime:0.000845s ]
[2021-05-23T20:35:33+08:00][sql] SELECT `article_id`,`article_title`,`article_desc`,`article_content`,`article_img`,`article_guide`,`article_label`,`click_num`,`is_show`,`add_time`,`article_author` FROM `carver_article` WHERE  `article_id` = 13 LIMIT 1 [ RunTime:0.000419s ]
[2021-05-23T20:35:33+08:00][sql] SELECT `article_id`,`article_title`,`article_desc`,`article_content`,`article_img`,`article_guide`,`article_label`,`click_num`,`is_show`,`add_time`,`article_author` FROM `carver_article` WHERE  `article_id` > 13 LIMIT 1 [ RunTime:0.000396s ]
[2021-05-23T20:35:33+08:00][sql] SELECT `article_id`,`article_title`,`article_desc`,`article_content`,`article_img`,`article_guide`,`article_label`,`click_num`,`is_show`,`add_time`,`article_author` FROM `carver_article` WHERE  `article_id` < 13 ORDER BY `article_id` DESC LIMIT 1 [ RunTime:0.000343s ]
[2021-05-23T20:35:33+08:00][sql] SHOW FULL COLUMNS FROM `carver_link` [ RunTime:0.000519s ]
[2021-05-23T20:35:33+08:00][sql] SELECT * FROM `carver_link` WHERE  ( is_confirm=2 ) LIMIT 20 [ RunTime:0.000326s ]
[2021-05-23T20:35:33+08:00][sql] SELECT article_id,article_title,click_num,FROM_UNIXTIME(add_time,'%Y-%m-%d') as add_time FROM `carver_article` ORDER BY `click_num` DESC LIMIT 3 [ RunTime:0.000334s ]
[2021-05-23T20:35:33+08:00][sql] SHOW FULL COLUMNS FROM `carver_comment` [ RunTime:0.000622s ]
[2021-05-23T20:35:33+08:00][sql] SELECT `a`.*,`b`.`user_name` FROM `carver_comment` `a` INNER JOIN `carver_user` `b` ON `a`.`user_id`=`b`.`user_id` WHERE  `article_id` = 13 ORDER BY `create_time` DESC [ RunTime:0.000461s ]
[2021-05-23T20:35:33+08:00][sql] SHOW FULL COLUMNS FROM `carver_comment_to_others` [ RunTime:0.000501s ]
[2021-05-23T20:35:33+08:00][sql] SELECT * FROM `carver_comment_to_others` [ RunTime:0.000250s ]
[2021-05-23T20:35:33+08:00][sql] SHOW FULL COLUMNS FROM `carver_user` [ RunTime:0.000477s ]
[2021-05-23T20:35:33+08:00][sql] SELECT `user_name` FROM `carver_user` WHERE  `user_id` = 4 LIMIT 1 [ RunTime:0.000272s ]
[2021-05-23T20:35:33+08:00][sql] SELECT `user_name` FROM `carver_user` WHERE  `user_id` = 4 LIMIT 1 [ RunTime:0.000222s ]
[2021-05-23T20:35:33+08:00][sql] SELECT `user_name` FROM `carver_user` WHERE  `user_id` = 5 LIMIT 1 [ RunTime:0.000204s ]
[2021-05-23T20:35:33+08:00][sql] SELECT `user_name` FROM `carver_user` WHERE  `user_id` = 5 LIMIT 1 [ RunTime:0.000610s ]
[2021-05-23T20:35:33+08:00][sql] SELECT `user_name` FROM `carver_user` WHERE  `user_id` = 37 LIMIT 1 [ RunTime:0.000218s ]
[2021-05-23T20:35:33+08:00][sql] SELECT `user_name`,`user_id` FROM `carver_user` [ RunTime:0.000251s ]
[2021-05-23T20:35:33+08:00][sql] SHOW FULL COLUMNS FROM `carver_navigation` [ RunTime:0.000477s ]
[2021-05-23T20:35:33+08:00][sql] SELECT * FROM `carver_navigation` [ RunTime:0.000244s ]
[2021-05-23T20:35:33+08:00][sql] SELECT `article_label` FROM `carver_article` [ RunTime:0.000253s ]
[2021-05-23T20:37:55+08:00][sql] CONNECT:[ UseTime:0.000769s ] mysql:host=127.0.0.1;port=3306;dbname=carver;charset=utf8
[2021-05-23T20:37:55+08:00][sql] SHOW FULL COLUMNS FROM `carver_article` [ RunTime:0.000871s ]
[2021-05-23T20:37:55+08:00][sql] SELECT `article_id`,`article_title`,`article_desc`,`article_content`,`article_img`,`article_guide`,`article_label`,`click_num`,`is_show`,`add_time`,`article_author` FROM `carver_article` WHERE  `article_id` = 6 LIMIT 1 [ RunTime:0.000474s ]
[2021-05-23T20:37:55+08:00][sql] SELECT `article_id`,`article_title`,`article_desc`,`article_content`,`article_img`,`article_guide`,`article_label`,`click_num`,`is_show`,`add_time`,`article_author` FROM `carver_article` WHERE  `article_id` > 6 LIMIT 1 [ RunTime:0.000658s ]
[2021-05-23T20:37:55+08:00][sql] SELECT `article_id`,`article_title`,`article_desc`,`article_content`,`article_img`,`article_guide`,`article_label`,`click_num`,`is_show`,`add_time`,`article_author` FROM `carver_article` WHERE  `article_id` < 6 ORDER BY `article_id` DESC LIMIT 1 [ RunTime:0.000398s ]
[2021-05-23T20:37:55+08:00][sql] SHOW FULL COLUMNS FROM `carver_link` [ RunTime:0.000624s ]
[2021-05-23T20:37:55+08:00][sql] SELECT * FROM `carver_link` WHERE  ( is_confirm=2 ) LIMIT 20 [ RunTime:0.000299s ]
[2021-05-23T20:37:55+08:00][sql] SELECT article_id,article_title,click_num,FROM_UNIXTIME(add_time,'%Y-%m-%d') as add_time FROM `carver_article` ORDER BY `click_num` DESC LIMIT 3 [ RunTime:0.000340s ]
[2021-05-23T20:37:55+08:00][sql] SHOW FULL COLUMNS FROM `carver_comment` [ RunTime:0.000648s ]
[2021-05-23T20:37:55+08:00][sql] SELECT `a`.*,`b`.`user_name` FROM `carver_comment` `a` INNER JOIN `carver_user` `b` ON `a`.`user_id`=`b`.`user_id` WHERE  `article_id` = 6 ORDER BY `create_time` DESC [ RunTime:0.000370s ]
[2021-05-23T20:37:55+08:00][sql] SHOW FULL COLUMNS FROM `carver_comment_to_others` [ RunTime:0.000565s ]
[2021-05-23T20:37:55+08:00][sql] SELECT * FROM `carver_comment_to_others` [ RunTime:0.000335s ]
[2021-05-23T20:37:55+08:00][sql] SHOW FULL COLUMNS FROM `carver_user` [ RunTime:0.000448s ]
[2021-05-23T20:37:55+08:00][sql] SELECT `user_name` FROM `carver_user` WHERE  `user_id` = 4 LIMIT 1 [ RunTime:0.000252s ]
[2021-05-23T20:37:55+08:00][sql] SELECT `user_name` FROM `carver_user` WHERE  `user_id` = 4 LIMIT 1 [ RunTime:0.000235s ]
[2021-05-23T20:37:55+08:00][sql] SELECT `user_name` FROM `carver_user` WHERE  `user_id` = 5 LIMIT 1 [ RunTime:0.000222s ]
[2021-05-23T20:37:55+08:00][sql] SELECT `user_name` FROM `carver_user` WHERE  `user_id` = 5 LIMIT 1 [ RunTime:0.000240s ]
[2021-05-23T20:37:55+08:00][sql] SELECT `user_name` FROM `carver_user` WHERE  `user_id` = 37 LIMIT 1 [ RunTime:0.000223s ]
[2021-05-23T20:37:55+08:00][sql] SELECT `user_name`,`user_id` FROM `carver_user` [ RunTime:0.000294s ]
[2021-05-23T20:37:55+08:00][sql] SHOW FULL COLUMNS FROM `carver_navigation` [ RunTime:0.000648s ]
[2021-05-23T20:37:55+08:00][sql] SELECT * FROM `carver_navigation` [ RunTime:0.000286s ]
[2021-05-23T20:37:55+08:00][sql] SELECT `article_label` FROM `carver_article` [ RunTime:0.000302s ]
[2021-05-23T20:38:58+08:00][sql] CONNECT:[ UseTime:0.000569s ] mysql:host=127.0.0.1;port=3306;dbname=carver;charset=utf8
[2021-05-23T20:38:58+08:00][sql] SHOW FULL COLUMNS FROM `carver_user` [ RunTime:0.000790s ]
[2021-05-23T20:38:58+08:00][sql] SHOW FULL COLUMNS FROM `carver_article` [ RunTime:0.000726s ]
[2021-05-23T20:38:58+08:00][sql] SELECT COUNT(*) AS think_count FROM `carver_article` WHERE  `delete_time` = 0  AND `is_show` = 1 [ RunTime:0.000439s ]
[2021-05-23T20:38:58+08:00][sql] SELECT `article_id`,`article_title`,`article_desc`,`article_content`,`article_img`,`article_guide`,`article_label`,`click_num`,`is_show`,`add_time`,`article_author`,`is_top_show` FROM `carver_article` WHERE  `delete_time` = 0  AND `is_show` = 1 ORDER BY `article_id` DESC LIMIT 0,6 [ RunTime:0.000658s ]
[2021-05-23T20:38:58+08:00][sql] SELECT article_id,article_title,click_num,FROM_UNIXTIME(add_time,'%Y-%m-%d') as add_time FROM `carver_article` WHERE  `is_show` = 1  AND `delete_time` = 0 ORDER BY `click_num` DESC LIMIT 3 [ RunTime:0.000477s ]
[2021-05-23T20:38:58+08:00][sql] SHOW FULL COLUMNS FROM `carver_notice` [ RunTime:0.000533s ]
[2021-05-23T20:38:58+08:00][sql] SELECT * FROM `carver_notice` ORDER BY `create_time` DESC LIMIT 3 [ RunTime:0.000278s ]
[2021-05-23T20:38:58+08:00][sql] SHOW FULL COLUMNS FROM `carver_navigation` [ RunTime:0.000502s ]
[2021-05-23T20:38:58+08:00][sql] SELECT * FROM `carver_navigation` [ RunTime:0.000247s ]
[2021-05-23T20:38:58+08:00][sql] SHOW FULL COLUMNS FROM `carver_link` [ RunTime:0.000524s ]
[2021-05-23T20:38:58+08:00][sql] SELECT * FROM `carver_link` WHERE  ( is_confirm=2 ) LIMIT 20 [ RunTime:0.000299s ]
[2021-05-23T20:38:58+08:00][sql] SELECT `article_label` FROM `carver_article` [ RunTime:0.000312s ]
[2021-05-23T20:38:58+08:00][sql] SHOW FULL COLUMNS FROM `carver_carouse` [ RunTime:0.000527s ]
[2021-05-23T20:38:58+08:00][sql] SELECT `carouse_img`,`carouse_desc` FROM `carver_carouse` WHERE  `is_show` = 1 ORDER BY `carouse_sort` DESC LIMIT 3 [ RunTime:0.000287s ]
[2021-05-23T20:38:58+08:00][sql] SHOW FULL COLUMNS FROM `carver_site` [ RunTime:0.000522s ]
[2021-05-23T20:38:58+08:00][sql] SELECT * FROM `carver_site` [ RunTime:0.000237s ]
[2021-05-23T20:45:23+08:00][sql] CONNECT:[ UseTime:0.000568s ] mysql:host=127.0.0.1;port=3306;dbname=carver;charset=utf8
[2021-05-23T20:45:23+08:00][sql] SHOW FULL COLUMNS FROM `carver_user` [ RunTime:0.000858s ]
[2021-05-23T20:45:23+08:00][sql] SHOW FULL COLUMNS FROM `carver_article` [ RunTime:0.000790s ]
[2021-05-23T20:45:23+08:00][sql] SELECT COUNT(*) AS think_count FROM `carver_article` WHERE  `delete_time` = 0  AND `is_show` = 1 [ RunTime:0.000462s ]
[2021-05-23T20:45:23+08:00][sql] SELECT `article_id`,`article_title`,`article_desc`,`article_content`,`article_img`,`article_guide`,`article_label`,`click_num`,`is_show`,`add_time`,`article_author`,`is_top_show` FROM `carver_article` WHERE  `delete_time` = 0  AND `is_show` = 1 ORDER BY `article_id` DESC LIMIT 0,6 [ RunTime:0.000754s ]
[2021-05-23T20:45:23+08:00][sql] SELECT article_id,article_title,click_num,FROM_UNIXTIME(add_time,'%Y-%m-%d') as add_time FROM `carver_article` WHERE  `is_show` = 1  AND `delete_time` = 0 ORDER BY `click_num` DESC LIMIT 3 [ RunTime:0.000442s ]
[2021-05-23T20:45:23+08:00][sql] SHOW FULL COLUMNS FROM `carver_notice` [ RunTime:0.000546s ]
[2021-05-23T20:45:23+08:00][sql] SELECT * FROM `carver_notice` ORDER BY `create_time` DESC LIMIT 3 [ RunTime:0.000260s ]
[2021-05-23T20:45:23+08:00][sql] SHOW FULL COLUMNS FROM `carver_navigation` [ RunTime:0.000579s ]
[2021-05-23T20:45:23+08:00][sql] SELECT * FROM `carver_navigation` [ RunTime:0.000246s ]
[2021-05-23T20:45:23+08:00][sql] SHOW FULL COLUMNS FROM `carver_link` [ RunTime:0.000624s ]
[2021-05-23T20:45:23+08:00][sql] SELECT * FROM `carver_link` WHERE  ( is_confirm=2 ) LIMIT 20 [ RunTime:0.000287s ]
[2021-05-23T20:45:23+08:00][sql] SELECT `article_label` FROM `carver_article` [ RunTime:0.000280s ]
[2021-05-23T20:45:23+08:00][sql] SHOW FULL COLUMNS FROM `carver_carouse` [ RunTime:0.000554s ]
[2021-05-23T20:45:23+08:00][sql] SELECT `carouse_img`,`carouse_desc` FROM `carver_carouse` WHERE  `is_show` = 1 ORDER BY `carouse_sort` DESC LIMIT 3 [ RunTime:0.000291s ]
[2021-05-23T20:45:23+08:00][sql] SHOW FULL COLUMNS FROM `carver_site` [ RunTime:0.000465s ]
[2021-05-23T20:45:23+08:00][sql] SELECT * FROM `carver_site` [ RunTime:0.000232s ]
[2021-05-23T22:45:37+08:00][sql] CONNECT:[ UseTime:0.001079s ] mysql:host=127.0.0.1;port=3306;dbname=carver;charset=utf8
[2021-05-23T22:45:37+08:00][sql] SHOW FULL COLUMNS FROM `carver_article` [ RunTime:0.000865s ]
[2021-05-23T22:45:37+08:00][sql] SELECT COUNT(*) AS think_count FROM `carver_article` WHERE  `article_guide` = 6  AND `delete_time` = 0  AND `is_show` = 1 [ RunTime:0.000392s ]
[2021-05-23T22:45:37+08:00][sql] SELECT * FROM `carver_article` WHERE  `article_guide` = 6  AND `delete_time` = 0  AND `is_show` = 1 ORDER BY `add_time` DESC LIMIT 0,6 [ RunTime:0.000705s ]
[2021-05-23T22:45:37+08:00][sql] SELECT article_id,article_title,click_num,FROM_UNIXTIME(add_time,'%Y-%m-%d') as add_time FROM `carver_article` WHERE  `is_show` = 1  AND `delete_time` = 0 ORDER BY `click_num` DESC LIMIT 3 [ RunTime:0.000408s ]
[2021-05-23T22:45:37+08:00][sql] SHOW FULL COLUMNS FROM `carver_notice` [ RunTime:0.000558s ]
[2021-05-23T22:45:37+08:00][sql] SELECT * FROM `carver_notice` ORDER BY `create_time` DESC LIMIT 3 [ RunTime:0.000383s ]
[2021-05-23T22:45:37+08:00][sql] SHOW FULL COLUMNS FROM `carver_navigation` [ RunTime:0.000645s ]
[2021-05-23T22:45:37+08:00][sql] SELECT * FROM `carver_navigation` [ RunTime:0.000322s ]
[2021-05-23T22:45:37+08:00][sql] SELECT `article_label` FROM `carver_article` [ RunTime:0.000320s ]
[2021-05-23T22:45:37+08:00][sql] SHOW FULL COLUMNS FROM `carver_carouse` [ RunTime:0.000692s ]
[2021-05-23T22:45:37+08:00][sql] SELECT `carouse_img`,`carouse_desc` FROM `carver_carouse` WHERE  `is_show` = 1 ORDER BY `carouse_sort` DESC LIMIT 3 [ RunTime:0.000314s ]
[2021-05-23T22:45:37+08:00][sql] SHOW FULL COLUMNS FROM `carver_link` [ RunTime:0.000562s ]
[2021-05-23T22:45:37+08:00][sql] SELECT * FROM `carver_link` WHERE  ( is_confirm=2 ) LIMIT 20 [ RunTime:0.000345s ]
[2021-05-23T22:45:37+08:00][sql] SHOW FULL COLUMNS FROM `carver_site` [ RunTime:0.000576s ]
[2021-05-23T22:45:37+08:00][sql] SELECT * FROM `carver_site` [ RunTime:0.000273s ]
