[2021-05-24T00:28:22+08:00][sql] CONNECT:[ UseTime:0.000690s ] mysql:host=127.0.0.1;port=3306;dbname=carver;charset=utf8
[2021-05-24T00:28:22+08:00][sql] SHOW FULL COLUMNS FROM `carver_user` [ RunTime:0.000868s ]
[2021-05-24T04:16:38+08:00][sql] CONNECT:[ UseTime:0.003169s ] mysql:host=127.0.0.1;port=3306;dbname=carver;charset=utf8
[2021-05-24T04:16:38+08:00][sql] SHOW FULL COLUMNS FROM `carver_user` [ RunTime:0.003382s ]
[2021-05-24T04:16:38+08:00][sql] SHOW FULL COLUMNS FROM `carver_article` [ RunTime:0.001486s ]
[2021-05-24T04:16:38+08:00][sql] SELECT COUNT(*) AS think_count FROM `carver_article` WHERE  `delete_time` = 0  AND `is_show` = 1 [ RunTime:0.000462s ]
[2021-05-24T04:16:38+08:00][sql] SELECT `article_id`,`article_title`,`article_desc`,`article_content`,`article_img`,`article_guide`,`article_label`,`click_num`,`is_show`,`add_time`,`article_author`,`is_top_show` FROM `carver_article` WHERE  `delete_time` = 0  AND `is_show` = 1 ORDER BY `article_id` DESC LIMIT 0,6 [ RunTime:0.001122s ]
[2021-05-24T04:16:38+08:00][sql] SELECT article_id,article_title,click_num,FROM_UNIXTIME(add_time,'%Y-%m-%d') as add_time FROM `carver_article` WHERE  `is_show` = 1  AND `delete_time` = 0 ORDER BY `click_num` DESC LIMIT 3 [ RunTime:0.000816s ]
[2021-05-24T04:16:38+08:00][sql] SHOW FULL COLUMNS FROM `carver_notice` [ RunTime:0.001488s ]
[2021-05-24T04:16:38+08:00][sql] SELECT * FROM `carver_notice` ORDER BY `create_time` DESC LIMIT 3 [ RunTime:0.000354s ]
[2021-05-24T04:16:38+08:00][sql] SHOW FULL COLUMNS FROM `carver_navigation` [ RunTime:0.001325s ]
[2021-05-24T04:16:38+08:00][sql] SELECT * FROM `carver_navigation` [ RunTime:0.000307s ]
[2021-05-24T04:16:38+08:00][sql] SHOW FULL COLUMNS FROM `carver_link` [ RunTime:0.001270s ]
[2021-05-24T04:16:38+08:00][sql] SELECT * FROM `carver_link` WHERE  ( is_confirm=2 ) LIMIT 20 [ RunTime:0.000332s ]
[2021-05-24T04:16:38+08:00][sql] SELECT `article_label` FROM `carver_article` [ RunTime:0.000287s ]
[2021-05-24T04:16:38+08:00][sql] SHOW FULL COLUMNS FROM `carver_carouse` [ RunTime:0.001353s ]
[2021-05-24T04:16:38+08:00][sql] SELECT `carouse_img`,`carouse_desc` FROM `carver_carouse` WHERE  `is_show` = 1 ORDER BY `carouse_sort` DESC LIMIT 3 [ RunTime:0.000440s ]
[2021-05-24T04:16:38+08:00][sql] SHOW FULL COLUMNS FROM `carver_site` [ RunTime:0.001273s ]
[2021-05-24T04:16:38+08:00][sql] SELECT * FROM `carver_site` [ RunTime:0.000249s ]
[2021-05-24T04:44:21+08:00][sql] CONNECT:[ UseTime:0.000804s ] mysql:host=127.0.0.1;port=3306;dbname=carver;charset=utf8
[2021-05-24T04:44:21+08:00][sql] SHOW FULL COLUMNS FROM `carver_article` [ RunTime:0.000974s ]
[2021-05-24T04:44:21+08:00][sql] SELECT COUNT(*) AS think_count FROM `carver_article` WHERE  `article_label` LIKE '%git%'  AND `delete_time` = 0  AND `is_show` = 1 [ RunTime:0.000443s ]
[2021-05-24T04:44:21+08:00][sql] SELECT * FROM `carver_article` WHERE  `article_label` LIKE '%git%'  AND `delete_time` = 0  AND `is_show` = 1 LIMIT 0,6 [ RunTime:0.000923s ]
[2021-05-24T04:44:21+08:00][sql] SELECT article_id,article_title,click_num,FROM_UNIXTIME(add_time,'%Y-%m-%d') as add_time FROM `carver_article` WHERE  `is_show` = 1  AND `delete_time` = 0 ORDER BY `click_num` DESC LIMIT 3 [ RunTime:0.000455s ]
[2021-05-24T04:44:21+08:00][sql] SHOW FULL COLUMNS FROM `carver_notice` [ RunTime:0.000684s ]
[2021-05-24T04:44:21+08:00][sql] SELECT * FROM `carver_notice` ORDER BY `create_time` DESC LIMIT 3 [ RunTime:0.000318s ]
[2021-05-24T04:44:21+08:00][sql] SHOW FULL COLUMNS FROM `carver_navigation` [ RunTime:0.000547s ]
[2021-05-24T04:44:21+08:00][sql] SELECT * FROM `carver_navigation` [ RunTime:0.000251s ]
[2021-05-24T04:44:21+08:00][sql] SHOW FULL COLUMNS FROM `carver_link` [ RunTime:0.000545s ]
[2021-05-24T04:44:21+08:00][sql] SELECT * FROM `carver_link` WHERE  ( is_confirm=2 ) LIMIT 20 [ RunTime:0.000307s ]
[2021-05-24T04:44:21+08:00][sql] SELECT `article_label` FROM `carver_article` [ RunTime:0.000264s ]
[2021-05-24T04:44:21+08:00][sql] SHOW FULL COLUMNS FROM `carver_carouse` [ RunTime:0.000496s ]
[2021-05-24T04:44:21+08:00][sql] SELECT `carouse_img`,`carouse_desc` FROM `carver_carouse` WHERE  `is_show` = 1 ORDER BY `carouse_sort` DESC LIMIT 3 [ RunTime:0.000303s ]
[2021-05-24T04:44:21+08:00][sql] SHOW FULL COLUMNS FROM `carver_site` [ RunTime:0.000577s ]
[2021-05-24T04:44:21+08:00][sql] SELECT * FROM `carver_site` [ RunTime:0.000283s ]
[2021-05-24T06:52:49+08:00][sql] CONNECT:[ UseTime:0.008617s ] mysql:host=127.0.0.1;port=3306;dbname=carver;charset=utf8
[2021-05-24T06:52:49+08:00][sql] SHOW FULL COLUMNS FROM `carver_user` [ RunTime:0.001218s ]
[2021-05-24T06:52:49+08:00][sql] SHOW FULL COLUMNS FROM `carver_article` [ RunTime:0.001012s ]
[2021-05-24T06:52:49+08:00][sql] SELECT COUNT(*) AS think_count FROM `carver_article` WHERE  `delete_time` = 0  AND `is_show` = 1 [ RunTime:0.000548s ]
[2021-05-24T06:52:49+08:00][sql] SELECT `article_id`,`article_title`,`article_desc`,`article_content`,`article_img`,`article_guide`,`article_label`,`click_num`,`is_show`,`add_time`,`article_author`,`is_top_show` FROM `carver_article` WHERE  `delete_time` = 0  AND `is_show` = 1 ORDER BY `article_id` DESC LIMIT 0,6 [ RunTime:0.000974s ]
[2021-05-24T06:52:49+08:00][sql] SELECT article_id,article_title,click_num,FROM_UNIXTIME(add_time,'%Y-%m-%d') as add_time FROM `carver_article` WHERE  `is_show` = 1  AND `delete_time` = 0 ORDER BY `click_num` DESC LIMIT 3 [ RunTime:0.011144s ]
[2021-05-24T06:52:49+08:00][sql] SHOW FULL COLUMNS FROM `carver_notice` [ RunTime:0.000943s ]
[2021-05-24T06:52:49+08:00][sql] SELECT * FROM `carver_notice` ORDER BY `create_time` DESC LIMIT 3 [ RunTime:0.000416s ]
[2021-05-24T06:52:49+08:00][sql] SHOW FULL COLUMNS FROM `carver_navigation` [ RunTime:0.000683s ]
[2021-05-24T06:52:49+08:00][sql] SELECT * FROM `carver_navigation` [ RunTime:0.000489s ]
[2021-05-24T06:52:49+08:00][sql] SHOW FULL COLUMNS FROM `carver_link` [ RunTime:0.000795s ]
[2021-05-24T06:52:49+08:00][sql] SELECT * FROM `carver_link` WHERE  ( is_confirm=2 ) LIMIT 20 [ RunTime:0.000398s ]
[2021-05-24T06:52:49+08:00][sql] SELECT `article_label` FROM `carver_article` [ RunTime:0.000337s ]
[2021-05-24T06:52:49+08:00][sql] SHOW FULL COLUMNS FROM `carver_carouse` [ RunTime:0.000655s ]
[2021-05-24T06:52:49+08:00][sql] SELECT `carouse_img`,`carouse_desc` FROM `carver_carouse` WHERE  `is_show` = 1 ORDER BY `carouse_sort` DESC LIMIT 3 [ RunTime:0.000360s ]
[2021-05-24T06:52:49+08:00][sql] SHOW FULL COLUMNS FROM `carver_site` [ RunTime:0.000553s ]
[2021-05-24T06:52:49+08:00][sql] SELECT * FROM `carver_site` [ RunTime:0.016065s ]
[2021-05-24T06:56:52+08:00][sql] CONNECT:[ UseTime:0.000949s ] mysql:host=127.0.0.1;port=3306;dbname=carver;charset=utf8
[2021-05-24T06:56:52+08:00][sql] SHOW FULL COLUMNS FROM `carver_user` [ RunTime:0.000980s ]
[2021-05-24T06:56:52+08:00][sql] SHOW FULL COLUMNS FROM `carver_article` [ RunTime:0.000729s ]
[2021-05-24T06:56:52+08:00][sql] SELECT COUNT(*) AS think_count FROM `carver_article` WHERE  `delete_time` = 0  AND `is_show` = 1 [ RunTime:0.000412s ]
[2021-05-24T06:56:52+08:00][sql] SELECT `article_id`,`article_title`,`article_desc`,`article_content`,`article_img`,`article_guide`,`article_label`,`click_num`,`is_show`,`add_time`,`article_author`,`is_top_show` FROM `carver_article` WHERE  `delete_time` = 0  AND `is_show` = 1 ORDER BY `article_id` DESC LIMIT 0,6 [ RunTime:0.000807s ]
[2021-05-24T06:56:52+08:00][sql] SELECT article_id,article_title,click_num,FROM_UNIXTIME(add_time,'%Y-%m-%d') as add_time FROM `carver_article` WHERE  `is_show` = 1  AND `delete_time` = 0 ORDER BY `click_num` DESC LIMIT 3 [ RunTime:0.000550s ]
[2021-05-24T06:56:52+08:00][sql] SHOW FULL COLUMNS FROM `carver_notice` [ RunTime:0.000710s ]
[2021-05-24T06:56:52+08:00][sql] SELECT * FROM `carver_notice` ORDER BY `create_time` DESC LIMIT 3 [ RunTime:0.000319s ]
[2021-05-24T06:56:52+08:00][sql] SHOW FULL COLUMNS FROM `carver_navigation` [ RunTime:0.000576s ]
[2021-05-24T06:56:52+08:00][sql] SELECT * FROM `carver_navigation` [ RunTime:0.000276s ]
[2021-05-24T06:56:52+08:00][sql] SHOW FULL COLUMNS FROM `carver_link` [ RunTime:0.000664s ]
[2021-05-24T06:56:52+08:00][sql] SELECT * FROM `carver_link` WHERE  ( is_confirm=2 ) LIMIT 20 [ RunTime:0.000317s ]
[2021-05-24T06:56:52+08:00][sql] SELECT `article_label` FROM `carver_article` [ RunTime:0.000297s ]
[2021-05-24T06:56:52+08:00][sql] SHOW FULL COLUMNS FROM `carver_carouse` [ RunTime:0.000581s ]
[2021-05-24T06:56:52+08:00][sql] SELECT `carouse_img`,`carouse_desc` FROM `carver_carouse` WHERE  `is_show` = 1 ORDER BY `carouse_sort` DESC LIMIT 3 [ RunTime:0.000309s ]
[2021-05-24T06:56:52+08:00][sql] SHOW FULL COLUMNS FROM `carver_site` [ RunTime:0.000506s ]
[2021-05-24T06:56:52+08:00][sql] SELECT * FROM `carver_site` [ RunTime:0.000247s ]
[2021-05-24T06:58:25+08:00][sql] CONNECT:[ UseTime:0.000943s ] mysql:host=127.0.0.1;port=3306;dbname=carver;charset=utf8
[2021-05-24T06:58:25+08:00][sql] SHOW FULL COLUMNS FROM `carver_user` [ RunTime:0.000939s ]
[2021-05-24T06:58:25+08:00][sql] SHOW FULL COLUMNS FROM `carver_article` [ RunTime:0.000770s ]
[2021-05-24T06:58:25+08:00][sql] SELECT COUNT(*) AS think_count FROM `carver_article` WHERE  `delete_time` = 0  AND `is_show` = 1 [ RunTime:0.000391s ]
[2021-05-24T06:58:25+08:00][sql] SELECT `article_id`,`article_title`,`article_desc`,`article_content`,`article_img`,`article_guide`,`article_label`,`click_num`,`is_show`,`add_time`,`article_author`,`is_top_show` FROM `carver_article` WHERE  `delete_time` = 0  AND `is_show` = 1 ORDER BY `article_id` DESC LIMIT 0,6 [ RunTime:0.000820s ]
[2021-05-24T06:58:25+08:00][sql] SELECT article_id,article_title,click_num,FROM_UNIXTIME(add_time,'%Y-%m-%d') as add_time FROM `carver_article` WHERE  `is_show` = 1  AND `delete_time` = 0 ORDER BY `click_num` DESC LIMIT 3 [ RunTime:0.002017s ]
[2021-05-24T06:58:25+08:00][sql] SHOW FULL COLUMNS FROM `carver_notice` [ RunTime:0.000646s ]
[2021-05-24T06:58:25+08:00][sql] SELECT * FROM `carver_notice` ORDER BY `create_time` DESC LIMIT 3 [ RunTime:0.000298s ]
[2021-05-24T06:58:25+08:00][sql] SHOW FULL COLUMNS FROM `carver_navigation` [ RunTime:0.000573s ]
[2021-05-24T06:58:25+08:00][sql] SELECT * FROM `carver_navigation` [ RunTime:0.000245s ]
[2021-05-24T06:58:25+08:00][sql] SHOW FULL COLUMNS FROM `carver_link` [ RunTime:0.000560s ]
[2021-05-24T06:58:25+08:00][sql] SELECT * FROM `carver_link` WHERE  ( is_confirm=2 ) LIMIT 20 [ RunTime:0.000290s ]
[2021-05-24T06:58:25+08:00][sql] SELECT `article_label` FROM `carver_article` [ RunTime:0.000322s ]
[2021-05-24T06:58:25+08:00][sql] SHOW FULL COLUMNS FROM `carver_carouse` [ RunTime:0.000544s ]
[2021-05-24T06:58:25+08:00][sql] SELECT `carouse_img`,`carouse_desc` FROM `carver_carouse` WHERE  `is_show` = 1 ORDER BY `carouse_sort` DESC LIMIT 3 [ RunTime:0.000444s ]
[2021-05-24T06:58:25+08:00][sql] SHOW FULL COLUMNS FROM `carver_site` [ RunTime:0.000501s ]
[2021-05-24T06:58:25+08:00][sql] SELECT * FROM `carver_site` [ RunTime:0.000253s ]
[2021-05-24T08:15:13+08:00][sql] CONNECT:[ UseTime:0.000630s ] mysql:host=127.0.0.1;port=3306;dbname=carver;charset=utf8
[2021-05-24T08:15:13+08:00][sql] SHOW FULL COLUMNS FROM `carver_article` [ RunTime:0.001003s ]
[2021-05-24T08:15:13+08:00][sql] SELECT `article_id`,`article_title`,`article_desc`,`article_content`,`article_img`,`article_guide`,`article_label`,`click_num`,`is_show`,`add_time`,`article_author` FROM `carver_article` WHERE  `article_id` = 17' LIMIT 1 [ RunTime:0.000623s ]
[2021-05-24T08:15:13+08:00][sql] SELECT `article_id`,`article_title`,`article_desc`,`article_content`,`article_img`,`article_guide`,`article_label`,`click_num`,`is_show`,`add_time`,`article_author` FROM `carver_article` WHERE  `article_id` > 17' LIMIT 1 [ RunTime:0.000807s ]
[2021-05-24T08:15:13+08:00][sql] SELECT `article_id`,`article_title`,`article_desc`,`article_content`,`article_img`,`article_guide`,`article_label`,`click_num`,`is_show`,`add_time`,`article_author` FROM `carver_article` WHERE  `article_id` < 17' ORDER BY `article_id` DESC LIMIT 1 [ RunTime:0.000388s ]
[2021-05-24T08:15:13+08:00][sql] SHOW FULL COLUMNS FROM `carver_link` [ RunTime:0.000613s ]
[2021-05-24T08:15:13+08:00][sql] SELECT * FROM `carver_link` WHERE  ( is_confirm=2 ) LIMIT 20 [ RunTime:0.000316s ]
[2021-05-24T08:15:13+08:00][sql] SELECT article_id,article_title,click_num,FROM_UNIXTIME(add_time,'%Y-%m-%d') as add_time FROM `carver_article` ORDER BY `click_num` DESC LIMIT 3 [ RunTime:0.000389s ]
[2021-05-24T08:15:13+08:00][sql] SHOW FULL COLUMNS FROM `carver_comment` [ RunTime:0.001524s ]
[2021-05-24T08:15:13+08:00][sql] SELECT `a`.*,`b`.`user_name` FROM `carver_comment` `a` INNER JOIN `carver_user` `b` ON `a`.`user_id`=`b`.`user_id` WHERE  `article_id` = 17' ORDER BY `create_time` DESC [ RunTime:0.000470s ]
[2021-05-24T08:15:13+08:00][sql] SHOW FULL COLUMNS FROM `carver_comment_to_others` [ RunTime:0.002032s ]
[2021-05-24T08:15:13+08:00][sql] SELECT * FROM `carver_comment_to_others` [ RunTime:0.000299s ]
[2021-05-24T08:15:13+08:00][sql] SHOW FULL COLUMNS FROM `carver_user` [ RunTime:0.000472s ]
[2021-05-24T08:15:13+08:00][sql] SELECT `user_name` FROM `carver_user` WHERE  `user_id` = 4 LIMIT 1 [ RunTime:0.000321s ]
[2021-05-24T08:15:13+08:00][sql] SELECT `user_name` FROM `carver_user` WHERE  `user_id` = 4 LIMIT 1 [ RunTime:0.000233s ]
[2021-05-24T08:15:13+08:00][sql] SELECT `user_name` FROM `carver_user` WHERE  `user_id` = 5 LIMIT 1 [ RunTime:0.000247s ]
[2021-05-24T08:15:13+08:00][sql] SELECT `user_name` FROM `carver_user` WHERE  `user_id` = 5 LIMIT 1 [ RunTime:0.000209s ]
[2021-05-24T08:15:13+08:00][sql] SELECT `user_name` FROM `carver_user` WHERE  `user_id` = 37 LIMIT 1 [ RunTime:0.000229s ]
[2021-05-24T08:15:13+08:00][sql] SELECT `user_name`,`user_id` FROM `carver_user` [ RunTime:0.000602s ]
[2021-05-24T08:15:13+08:00][sql] SHOW FULL COLUMNS FROM `carver_navigation` [ RunTime:0.000836s ]
[2021-05-24T08:15:13+08:00][sql] SELECT * FROM `carver_navigation` [ RunTime:0.000321s ]
[2021-05-24T08:15:13+08:00][sql] SELECT `article_label` FROM `carver_article` [ RunTime:0.000298s ]
[2021-05-24T08:22:45+08:00][sql] CONNECT:[ UseTime:0.000664s ] mysql:host=127.0.0.1;port=3306;dbname=carver;charset=utf8
[2021-05-24T08:22:45+08:00][sql] SHOW FULL COLUMNS FROM `carver_article` [ RunTime:0.000896s ]
[2021-05-24T08:22:45+08:00][sql] SELECT `article_id`,`article_title`,`article_desc`,`article_content`,`article_img`,`article_guide`,`article_label`,`click_num`,`is_show`,`add_time`,`article_author` FROM `carver_article` WHERE  `article_id` = 3 LIMIT 1 [ RunTime:0.000761s ]
[2021-05-24T08:22:45+08:00][sql] SELECT `article_id`,`article_title`,`article_desc`,`article_content`,`article_img`,`article_guide`,`article_label`,`click_num`,`is_show`,`add_time`,`article_author` FROM `carver_article` WHERE  `article_id` > 3 LIMIT 1 [ RunTime:0.000422s ]
[2021-05-24T08:22:45+08:00][sql] SELECT `article_id`,`article_title`,`article_desc`,`article_content`,`article_img`,`article_guide`,`article_label`,`click_num`,`is_show`,`add_time`,`article_author` FROM `carver_article` WHERE  `article_id` < 3 ORDER BY `article_id` DESC LIMIT 1 [ RunTime:0.000344s ]
[2021-05-24T08:22:45+08:00][sql] SHOW FULL COLUMNS FROM `carver_link` [ RunTime:0.000623s ]
[2021-05-24T08:22:45+08:00][sql] SELECT * FROM `carver_link` WHERE  ( is_confirm=2 ) LIMIT 20 [ RunTime:0.000318s ]
[2021-05-24T08:22:45+08:00][sql] SELECT article_id,article_title,click_num,FROM_UNIXTIME(add_time,'%Y-%m-%d') as add_time FROM `carver_article` ORDER BY `click_num` DESC LIMIT 3 [ RunTime:0.000339s ]
[2021-05-24T08:22:45+08:00][sql] SHOW FULL COLUMNS FROM `carver_comment` [ RunTime:0.000619s ]
[2021-05-24T08:22:45+08:00][sql] SELECT `a`.*,`b`.`user_name` FROM `carver_comment` `a` INNER JOIN `carver_user` `b` ON `a`.`user_id`=`b`.`user_id` WHERE  `article_id` = 3 ORDER BY `create_time` DESC [ RunTime:0.000388s ]
[2021-05-24T08:22:45+08:00][sql] SHOW FULL COLUMNS FROM `carver_comment_to_others` [ RunTime:0.000545s ]
[2021-05-24T08:22:45+08:00][sql] SELECT * FROM `carver_comment_to_others` [ RunTime:0.000245s ]
[2021-05-24T08:22:45+08:00][sql] SHOW FULL COLUMNS FROM `carver_user` [ RunTime:0.000470s ]
[2021-05-24T08:22:45+08:00][sql] SELECT `user_name` FROM `carver_user` WHERE  `user_id` = 4 LIMIT 1 [ RunTime:0.000248s ]
[2021-05-24T08:22:45+08:00][sql] SELECT `user_name` FROM `carver_user` WHERE  `user_id` = 4 LIMIT 1 [ RunTime:0.000234s ]
[2021-05-24T08:22:45+08:00][sql] SELECT `user_name` FROM `carver_user` WHERE  `user_id` = 5 LIMIT 1 [ RunTime:0.000226s ]
[2021-05-24T08:22:45+08:00][sql] SELECT `user_name` FROM `carver_user` WHERE  `user_id` = 5 LIMIT 1 [ RunTime:0.000246s ]
[2021-05-24T08:22:45+08:00][sql] SELECT `user_name` FROM `carver_user` WHERE  `user_id` = 37 LIMIT 1 [ RunTime:0.000224s ]
[2021-05-24T08:22:45+08:00][sql] SELECT `user_name`,`user_id` FROM `carver_user` [ RunTime:0.000244s ]
[2021-05-24T08:22:45+08:00][sql] SHOW FULL COLUMNS FROM `carver_navigation` [ RunTime:0.000530s ]
[2021-05-24T08:22:45+08:00][sql] SELECT * FROM `carver_navigation` [ RunTime:0.000238s ]
[2021-05-24T08:22:45+08:00][sql] SELECT `article_label` FROM `carver_article` [ RunTime:0.000285s ]
[2021-05-24T08:36:18+08:00][sql] CONNECT:[ UseTime:0.000542s ] mysql:host=127.0.0.1;port=3306;dbname=carver;charset=utf8
[2021-05-24T08:36:18+08:00][sql] SHOW FULL COLUMNS FROM `carver_user` [ RunTime:0.000955s ]
[2021-05-24T08:36:18+08:00][sql] SHOW FULL COLUMNS FROM `carver_article` [ RunTime:0.000750s ]
[2021-05-24T08:36:18+08:00][sql] SELECT COUNT(*) AS think_count FROM `carver_article` WHERE  `delete_time` = 0  AND `is_show` = 1 [ RunTime:0.000396s ]
[2021-05-24T08:36:18+08:00][sql] SELECT `article_id`,`article_title`,`article_desc`,`article_content`,`article_img`,`article_guide`,`article_label`,`click_num`,`is_show`,`add_time`,`article_author`,`is_top_show` FROM `carver_article` WHERE  `delete_time` = 0  AND `is_show` = 1 ORDER BY `article_id` DESC LIMIT 0,6 [ RunTime:0.000824s ]
[2021-05-24T08:36:18+08:00][sql] SELECT article_id,article_title,click_num,FROM_UNIXTIME(add_time,'%Y-%m-%d') as add_time FROM `carver_article` WHERE  `is_show` = 1  AND `delete_time` = 0 ORDER BY `click_num` DESC LIMIT 3 [ RunTime:0.000527s ]
[2021-05-24T08:36:18+08:00][sql] SHOW FULL COLUMNS FROM `carver_notice` [ RunTime:0.000654s ]
[2021-05-24T08:36:18+08:00][sql] SELECT * FROM `carver_notice` ORDER BY `create_time` DESC LIMIT 3 [ RunTime:0.000288s ]
[2021-05-24T08:36:18+08:00][sql] SHOW FULL COLUMNS FROM `carver_navigation` [ RunTime:0.000568s ]
[2021-05-24T08:36:18+08:00][sql] SELECT * FROM `carver_navigation` [ RunTime:0.000265s ]
[2021-05-24T08:36:18+08:00][sql] SHOW FULL COLUMNS FROM `carver_link` [ RunTime:0.000582s ]
[2021-05-24T08:36:18+08:00][sql] SELECT * FROM `carver_link` WHERE  ( is_confirm=2 ) LIMIT 20 [ RunTime:0.000305s ]
[2021-05-24T08:36:18+08:00][sql] SELECT `article_label` FROM `carver_article` [ RunTime:0.000353s ]
[2021-05-24T08:36:18+08:00][sql] SHOW FULL COLUMNS FROM `carver_carouse` [ RunTime:0.000537s ]
[2021-05-24T08:36:18+08:00][sql] SELECT `carouse_img`,`carouse_desc` FROM `carver_carouse` WHERE  `is_show` = 1 ORDER BY `carouse_sort` DESC LIMIT 3 [ RunTime:0.000325s ]
[2021-05-24T08:36:18+08:00][sql] SHOW FULL COLUMNS FROM `carver_site` [ RunTime:0.000586s ]
[2021-05-24T08:36:18+08:00][sql] SELECT * FROM `carver_site` [ RunTime:0.000267s ]
[2021-05-24T08:37:36+08:00][sql] CONNECT:[ UseTime:0.001323s ] mysql:host=127.0.0.1;port=3306;dbname=carver;charset=utf8
[2021-05-24T08:37:36+08:00][sql] SHOW FULL COLUMNS FROM `carver_user` [ RunTime:0.000788s ]
[2021-05-24T08:37:36+08:00][sql] SHOW FULL COLUMNS FROM `carver_article` [ RunTime:0.000734s ]
[2021-05-24T08:37:36+08:00][sql] SELECT COUNT(*) AS think_count FROM `carver_article` WHERE  `delete_time` = 0  AND `is_show` = 1 [ RunTime:0.000375s ]
[2021-05-24T08:37:36+08:00][sql] SELECT `article_id`,`article_title`,`article_desc`,`article_content`,`article_img`,`article_guide`,`article_label`,`click_num`,`is_show`,`add_time`,`article_author`,`is_top_show` FROM `carver_article` WHERE  `delete_time` = 0  AND `is_show` = 1 ORDER BY `article_id` DESC LIMIT 0,6 [ RunTime:0.000767s ]
[2021-05-24T08:37:36+08:00][sql] SELECT article_id,article_title,click_num,FROM_UNIXTIME(add_time,'%Y-%m-%d') as add_time FROM `carver_article` WHERE  `is_show` = 1  AND `delete_time` = 0 ORDER BY `click_num` DESC LIMIT 3 [ RunTime:0.000373s ]
[2021-05-24T08:37:36+08:00][sql] SHOW FULL COLUMNS FROM `carver_notice` [ RunTime:0.000545s ]
[2021-05-24T08:37:36+08:00][sql] SELECT * FROM `carver_notice` ORDER BY `create_time` DESC LIMIT 3 [ RunTime:0.000275s ]
[2021-05-24T08:37:36+08:00][sql] SHOW FULL COLUMNS FROM `carver_navigation` [ RunTime:0.000553s ]
[2021-05-24T08:37:36+08:00][sql] SELECT * FROM `carver_navigation` [ RunTime:0.000236s ]
[2021-05-24T08:37:36+08:00][sql] SHOW FULL COLUMNS FROM `carver_link` [ RunTime:0.000511s ]
[2021-05-24T08:37:36+08:00][sql] SELECT * FROM `carver_link` WHERE  ( is_confirm=2 ) LIMIT 20 [ RunTime:0.000309s ]
[2021-05-24T08:37:36+08:00][sql] SELECT `article_label` FROM `carver_article` [ RunTime:0.000272s ]
[2021-05-24T08:37:36+08:00][sql] SHOW FULL COLUMNS FROM `carver_carouse` [ RunTime:0.000532s ]
[2021-05-24T08:37:36+08:00][sql] SELECT `carouse_img`,`carouse_desc` FROM `carver_carouse` WHERE  `is_show` = 1 ORDER BY `carouse_sort` DESC LIMIT 3 [ RunTime:0.000282s ]
[2021-05-24T08:37:36+08:00][sql] SHOW FULL COLUMNS FROM `carver_site` [ RunTime:0.000882s ]
[2021-05-24T08:37:36+08:00][sql] SELECT * FROM `carver_site` [ RunTime:0.000242s ]
[2021-05-24T09:34:11+08:00][sql] CONNECT:[ UseTime:0.000475s ] mysql:host=127.0.0.1;port=3306;dbname=carver;charset=utf8
[2021-05-24T09:34:11+08:00][sql] SHOW FULL COLUMNS FROM `carver_article` [ RunTime:0.000845s ]
[2021-05-24T09:34:11+08:00][sql] SELECT COUNT(*) AS think_count FROM `carver_article` WHERE  `article_guide` = 5  AND `delete_time` = 0  AND `is_show` = 1 [ RunTime:0.000435s ]
[2021-05-24T09:34:11+08:00][sql] SELECT * FROM `carver_article` WHERE  `article_guide` = 5  AND `delete_time` = 0  AND `is_show` = 1 ORDER BY `add_time` DESC LIMIT 6,6 [ RunTime:0.001601s ]
[2021-05-24T09:34:11+08:00][sql] SELECT article_id,article_title,click_num,FROM_UNIXTIME(add_time,'%Y-%m-%d') as add_time FROM `carver_article` WHERE  `is_show` = 1  AND `delete_time` = 0 ORDER BY `click_num` DESC LIMIT 3 [ RunTime:0.000393s ]
[2021-05-24T09:34:11+08:00][sql] SHOW FULL COLUMNS FROM `carver_notice` [ RunTime:0.000610s ]
[2021-05-24T09:34:11+08:00][sql] SELECT * FROM `carver_notice` ORDER BY `create_time` DESC LIMIT 3 [ RunTime:0.000411s ]
[2021-05-24T09:34:11+08:00][sql] SHOW FULL COLUMNS FROM `carver_navigation` [ RunTime:0.000575s ]
[2021-05-24T09:34:11+08:00][sql] SELECT * FROM `carver_navigation` [ RunTime:0.000241s ]
[2021-05-24T09:34:11+08:00][sql] SELECT `article_label` FROM `carver_article` [ RunTime:0.000255s ]
[2021-05-24T09:34:11+08:00][sql] SHOW FULL COLUMNS FROM `carver_carouse` [ RunTime:0.000492s ]
[2021-05-24T09:34:11+08:00][sql] SELECT `carouse_img`,`carouse_desc` FROM `carver_carouse` WHERE  `is_show` = 1 ORDER BY `carouse_sort` DESC LIMIT 3 [ RunTime:0.000297s ]
[2021-05-24T09:34:11+08:00][sql] SHOW FULL COLUMNS FROM `carver_link` [ RunTime:0.000490s ]
[2021-05-24T09:34:11+08:00][sql] SELECT * FROM `carver_link` WHERE  ( is_confirm=2 ) LIMIT 20 [ RunTime:0.000288s ]
[2021-05-24T09:34:11+08:00][sql] SHOW FULL COLUMNS FROM `carver_site` [ RunTime:0.000513s ]
[2021-05-24T09:34:11+08:00][sql] SELECT * FROM `carver_site` [ RunTime:0.000233s ]
[2021-05-24T09:39:53+08:00][sql] CONNECT:[ UseTime:0.000503s ] mysql:host=127.0.0.1;port=3306;dbname=carver;charset=utf8
[2021-05-24T09:39:53+08:00][sql] SHOW FULL COLUMNS FROM `carver_user` [ RunTime:0.000827s ]
[2021-05-24T09:39:53+08:00][sql] SHOW FULL COLUMNS FROM `carver_article` [ RunTime:0.000787s ]
[2021-05-24T09:39:53+08:00][sql] SELECT COUNT(*) AS think_count FROM `carver_article` WHERE  `delete_time` = 0  AND `is_show` = 1 [ RunTime:0.000407s ]
[2021-05-24T09:39:53+08:00][sql] SELECT `article_id`,`article_title`,`article_desc`,`article_content`,`article_img`,`article_guide`,`article_label`,`click_num`,`is_show`,`add_time`,`article_author`,`is_top_show` FROM `carver_article` WHERE  `delete_time` = 0  AND `is_show` = 1 ORDER BY `article_id` DESC LIMIT 0,6 [ RunTime:0.000782s ]
[2021-05-24T09:39:53+08:00][sql] SELECT article_id,article_title,click_num,FROM_UNIXTIME(add_time,'%Y-%m-%d') as add_time FROM `carver_article` WHERE  `is_show` = 1  AND `delete_time` = 0 ORDER BY `click_num` DESC LIMIT 3 [ RunTime:0.000572s ]
[2021-05-24T09:39:53+08:00][sql] SHOW FULL COLUMNS FROM `carver_notice` [ RunTime:0.000727s ]
[2021-05-24T09:39:53+08:00][sql] SELECT * FROM `carver_notice` ORDER BY `create_time` DESC LIMIT 3 [ RunTime:0.000295s ]
[2021-05-24T09:39:53+08:00][sql] SHOW FULL COLUMNS FROM `carver_navigation` [ RunTime:0.000529s ]
[2021-05-24T09:39:53+08:00][sql] SELECT * FROM `carver_navigation` [ RunTime:0.000242s ]
[2021-05-24T09:39:53+08:00][sql] SHOW FULL COLUMNS FROM `carver_link` [ RunTime:0.000548s ]
[2021-05-24T09:39:53+08:00][sql] SELECT * FROM `carver_link` WHERE  ( is_confirm=2 ) LIMIT 20 [ RunTime:0.000277s ]
[2021-05-24T09:39:53+08:00][sql] SELECT `article_label` FROM `carver_article` [ RunTime:0.000296s ]
[2021-05-24T09:39:53+08:00][sql] SHOW FULL COLUMNS FROM `carver_carouse` [ RunTime:0.000530s ]
[2021-05-24T09:39:53+08:00][sql] SELECT `carouse_img`,`carouse_desc` FROM `carver_carouse` WHERE  `is_show` = 1 ORDER BY `carouse_sort` DESC LIMIT 3 [ RunTime:0.000293s ]
[2021-05-24T09:39:53+08:00][sql] SHOW FULL COLUMNS FROM `carver_site` [ RunTime:0.000553s ]
[2021-05-24T09:39:53+08:00][sql] SELECT * FROM `carver_site` [ RunTime:0.000237s ]
[2021-05-24T10:09:14+08:00][sql] CONNECT:[ UseTime:0.000535s ] mysql:host=127.0.0.1;port=3306;dbname=carver;charset=utf8
[2021-05-24T10:09:14+08:00][sql] SHOW FULL COLUMNS FROM `carver_article` [ RunTime:0.000876s ]
[2021-05-24T10:09:14+08:00][sql] SELECT COUNT(*) AS think_count FROM `carver_article` WHERE  `article_label` LIKE '%excel%'  AND `delete_time` = 0  AND `is_show` = 1 [ RunTime:0.000417s ]
[2021-05-24T10:09:14+08:00][sql] SELECT * FROM `carver_article` WHERE  `article_label` LIKE '%excel%'  AND `delete_time` = 0  AND `is_show` = 1 LIMIT 0,6 [ RunTime:0.001414s ]
[2021-05-24T10:09:14+08:00][sql] SELECT article_id,article_title,click_num,FROM_UNIXTIME(add_time,'%Y-%m-%d') as add_time FROM `carver_article` WHERE  `is_show` = 1  AND `delete_time` = 0 ORDER BY `click_num` DESC LIMIT 3 [ RunTime:0.000512s ]
[2021-05-24T10:09:14+08:00][sql] SHOW FULL COLUMNS FROM `carver_notice` [ RunTime:0.000595s ]
[2021-05-24T10:09:14+08:00][sql] SELECT * FROM `carver_notice` ORDER BY `create_time` DESC LIMIT 3 [ RunTime:0.000272s ]
[2021-05-24T10:09:14+08:00][sql] SHOW FULL COLUMNS FROM `carver_navigation` [ RunTime:0.000527s ]
[2021-05-24T10:09:14+08:00][sql] SELECT * FROM `carver_navigation` [ RunTime:0.000242s ]
[2021-05-24T10:09:14+08:00][sql] SHOW FULL COLUMNS FROM `carver_link` [ RunTime:0.000534s ]
[2021-05-24T10:09:14+08:00][sql] SELECT * FROM `carver_link` WHERE  ( is_confirm=2 ) LIMIT 20 [ RunTime:0.000273s ]
[2021-05-24T10:09:14+08:00][sql] SELECT `article_label` FROM `carver_article` [ RunTime:0.000268s ]
[2021-05-24T10:09:14+08:00][sql] SHOW FULL COLUMNS FROM `carver_carouse` [ RunTime:0.000499s ]
[2021-05-24T10:09:14+08:00][sql] SELECT `carouse_img`,`carouse_desc` FROM `carver_carouse` WHERE  `is_show` = 1 ORDER BY `carouse_sort` DESC LIMIT 3 [ RunTime:0.000282s ]
[2021-05-24T10:09:14+08:00][sql] SHOW FULL COLUMNS FROM `carver_site` [ RunTime:0.000498s ]
[2021-05-24T10:09:14+08:00][sql] SELECT * FROM `carver_site` [ RunTime:0.000251s ]
[2021-05-24T10:39:13+08:00][sql] CONNECT:[ UseTime:0.000901s ] mysql:host=127.0.0.1;port=3306;dbname=carver;charset=utf8
[2021-05-24T10:39:13+08:00][sql] SHOW FULL COLUMNS FROM `carver_article` [ RunTime:0.001307s ]
[2021-05-24T10:39:13+08:00][sql] SELECT COUNT(*) AS think_count FROM `carver_article` WHERE  `article_guide` = 5  AND `delete_time` = 0  AND `is_show` = 1 [ RunTime:0.000630s ]
[2021-05-24T10:39:13+08:00][sql] SELECT * FROM `carver_article` WHERE  `article_guide` = 5  AND `delete_time` = 0  AND `is_show` = 1 ORDER BY `add_time` DESC LIMIT 12,6 [ RunTime:0.001274s ]
[2021-05-24T10:39:13+08:00][sql] SELECT article_id,article_title,click_num,FROM_UNIXTIME(add_time,'%Y-%m-%d') as add_time FROM `carver_article` WHERE  `is_show` = 1  AND `delete_time` = 0 ORDER BY `click_num` DESC LIMIT 3 [ RunTime:0.000708s ]
[2021-05-24T10:39:13+08:00][sql] SHOW FULL COLUMNS FROM `carver_notice` [ RunTime:0.000937s ]
[2021-05-24T10:39:13+08:00][sql] SELECT * FROM `carver_notice` ORDER BY `create_time` DESC LIMIT 3 [ RunTime:0.000396s ]
[2021-05-24T10:39:13+08:00][sql] SHOW FULL COLUMNS FROM `carver_navigation` [ RunTime:0.000803s ]
[2021-05-24T10:39:13+08:00][sql] SELECT * FROM `carver_navigation` [ RunTime:0.000395s ]
[2021-05-24T10:39:13+08:00][sql] SELECT `article_label` FROM `carver_article` [ RunTime:0.000498s ]
[2021-05-24T10:39:13+08:00][sql] SHOW FULL COLUMNS FROM `carver_carouse` [ RunTime:0.000854s ]
[2021-05-24T10:39:13+08:00][sql] SELECT `carouse_img`,`carouse_desc` FROM `carver_carouse` WHERE  `is_show` = 1 ORDER BY `carouse_sort` DESC LIMIT 3 [ RunTime:0.000415s ]
[2021-05-24T10:39:13+08:00][sql] SHOW FULL COLUMNS FROM `carver_link` [ RunTime:0.000728s ]
[2021-05-24T10:39:13+08:00][sql] SELECT * FROM `carver_link` WHERE  ( is_confirm=2 ) LIMIT 20 [ RunTime:0.000514s ]
[2021-05-24T10:39:13+08:00][sql] SHOW FULL COLUMNS FROM `carver_site` [ RunTime:0.000892s ]
[2021-05-24T10:39:13+08:00][sql] SELECT * FROM `carver_site` [ RunTime:0.000438s ]
[2021-05-24T13:16:10+08:00][sql] CONNECT:[ UseTime:0.000527s ] mysql:host=127.0.0.1;port=3306;dbname=carver;charset=utf8
[2021-05-24T13:16:10+08:00][sql] SHOW FULL COLUMNS FROM `carver_article` [ RunTime:0.000930s ]
[2021-05-24T13:16:10+08:00][sql] SELECT COUNT(*) AS think_count FROM `carver_article` WHERE  `article_label` LIKE '%php%'  AND `delete_time` = 0  AND `is_show` = 1 [ RunTime:0.000415s ]
[2021-05-24T13:16:10+08:00][sql] SELECT * FROM `carver_article` WHERE  `article_label` LIKE '%php%'  AND `delete_time` = 0  AND `is_show` = 1 LIMIT 0,6 [ RunTime:0.001133s ]
[2021-05-24T13:16:10+08:00][sql] SELECT article_id,article_title,click_num,FROM_UNIXTIME(add_time,'%Y-%m-%d') as add_time FROM `carver_article` WHERE  `is_show` = 1  AND `delete_time` = 0 ORDER BY `click_num` DESC LIMIT 3 [ RunTime:0.000412s ]
[2021-05-24T13:16:10+08:00][sql] SHOW FULL COLUMNS FROM `carver_notice` [ RunTime:0.000557s ]
[2021-05-24T13:16:10+08:00][sql] SELECT * FROM `carver_notice` ORDER BY `create_time` DESC LIMIT 3 [ RunTime:0.000255s ]
[2021-05-24T13:16:10+08:00][sql] SHOW FULL COLUMNS FROM `carver_navigation` [ RunTime:0.000545s ]
[2021-05-24T13:16:10+08:00][sql] SELECT * FROM `carver_navigation` [ RunTime:0.000255s ]
[2021-05-24T13:16:10+08:00][sql] SHOW FULL COLUMNS FROM `carver_link` [ RunTime:0.000509s ]
[2021-05-24T13:16:10+08:00][sql] SELECT * FROM `carver_link` WHERE  ( is_confirm=2 ) LIMIT 20 [ RunTime:0.000282s ]
[2021-05-24T13:16:10+08:00][sql] SELECT `article_label` FROM `carver_article` [ RunTime:0.000254s ]
[2021-05-24T13:16:10+08:00][sql] SHOW FULL COLUMNS FROM `carver_carouse` [ RunTime:0.000488s ]
[2021-05-24T13:16:10+08:00][sql] SELECT `carouse_img`,`carouse_desc` FROM `carver_carouse` WHERE  `is_show` = 1 ORDER BY `carouse_sort` DESC LIMIT 3 [ RunTime:0.000269s ]
[2021-05-24T13:16:10+08:00][sql] SHOW FULL COLUMNS FROM `carver_site` [ RunTime:0.000477s ]
[2021-05-24T13:16:10+08:00][sql] SELECT * FROM `carver_site` [ RunTime:0.000231s ]
[2021-05-24T15:27:23+08:00][sql] CONNECT:[ UseTime:0.000672s ] mysql:host=127.0.0.1;port=3306;dbname=carver;charset=utf8
[2021-05-24T15:27:23+08:00][sql] SHOW FULL COLUMNS FROM `carver_user` [ RunTime:0.000876s ]
[2021-05-24T15:27:23+08:00][error] [8]Undefined index: user_email[/www/wwwroot/101.200.121.249/carver_tp_blog/app/web/controller/LoginUser.php:83]
[2021-05-24T18:25:56+08:00][sql] CONNECT:[ UseTime:0.000481s ] mysql:host=127.0.0.1;port=3306;dbname=carver;charset=utf8
[2021-05-24T18:25:56+08:00][sql] SHOW FULL COLUMNS FROM `carver_user` [ RunTime:0.000863s ]
[2021-05-24T18:25:56+08:00][sql] SHOW FULL COLUMNS FROM `carver_article` [ RunTime:0.000726s ]
[2021-05-24T18:25:56+08:00][sql] SELECT COUNT(*) AS think_count FROM `carver_article` WHERE  `delete_time` = 0  AND `is_show` = 1 [ RunTime:0.000390s ]
[2021-05-24T18:25:56+08:00][sql] SELECT `article_id`,`article_title`,`article_desc`,`article_content`,`article_img`,`article_guide`,`article_label`,`click_num`,`is_show`,`add_time`,`article_author`,`is_top_show` FROM `carver_article` WHERE  `delete_time` = 0  AND `is_show` = 1 ORDER BY `article_id` DESC LIMIT 0,6 [ RunTime:0.000750s ]
[2021-05-24T18:25:56+08:00][sql] SELECT article_id,article_title,click_num,FROM_UNIXTIME(add_time,'%Y-%m-%d') as add_time FROM `carver_article` WHERE  `is_show` = 1  AND `delete_time` = 0 ORDER BY `click_num` DESC LIMIT 3 [ RunTime:0.000388s ]
[2021-05-24T18:25:56+08:00][sql] SHOW FULL COLUMNS FROM `carver_notice` [ RunTime:0.000532s ]
[2021-05-24T18:25:56+08:00][sql] SELECT * FROM `carver_notice` ORDER BY `create_time` DESC LIMIT 3 [ RunTime:0.000277s ]
[2021-05-24T18:25:56+08:00][sql] SHOW FULL COLUMNS FROM `carver_navigation` [ RunTime:0.000516s ]
[2021-05-24T18:25:56+08:00][sql] SELECT * FROM `carver_navigation` [ RunTime:0.000233s ]
[2021-05-24T18:25:56+08:00][sql] SHOW FULL COLUMNS FROM `carver_link` [ RunTime:0.000487s ]
[2021-05-24T18:25:56+08:00][sql] SELECT * FROM `carver_link` WHERE  ( is_confirm=2 ) LIMIT 20 [ RunTime:0.000287s ]
[2021-05-24T18:25:56+08:00][sql] SELECT `article_label` FROM `carver_article` [ RunTime:0.000262s ]
[2021-05-24T18:25:56+08:00][sql] SHOW FULL COLUMNS FROM `carver_carouse` [ RunTime:0.000496s ]
[2021-05-24T18:25:56+08:00][sql] SELECT `carouse_img`,`carouse_desc` FROM `carver_carouse` WHERE  `is_show` = 1 ORDER BY `carouse_sort` DESC LIMIT 3 [ RunTime:0.000300s ]
[2021-05-24T18:25:56+08:00][sql] SHOW FULL COLUMNS FROM `carver_site` [ RunTime:0.000470s ]
[2021-05-24T18:25:56+08:00][sql] SELECT * FROM `carver_site` [ RunTime:0.000220s ]
[2021-05-24T19:26:48+08:00][sql] CONNECT:[ UseTime:0.000493s ] mysql:host=127.0.0.1;port=3306;dbname=carver;charset=utf8
[2021-05-24T19:26:48+08:00][sql] SHOW FULL COLUMNS FROM `carver_user` [ RunTime:0.000856s ]
[2021-05-24T19:26:48+08:00][sql] SHOW FULL COLUMNS FROM `carver_article` [ RunTime:0.000709s ]
[2021-05-24T19:26:48+08:00][sql] SELECT COUNT(*) AS think_count FROM `carver_article` WHERE  `delete_time` = 0  AND `is_show` = 1 [ RunTime:0.000424s ]
[2021-05-24T19:26:48+08:00][sql] SELECT `article_id`,`article_title`,`article_desc`,`article_content`,`article_img`,`article_guide`,`article_label`,`click_num`,`is_show`,`add_time`,`article_author`,`is_top_show` FROM `carver_article` WHERE  `delete_time` = 0  AND `is_show` = 1 ORDER BY `article_id` DESC LIMIT 0,6 [ RunTime:0.000811s ]
[2021-05-24T19:26:48+08:00][sql] SELECT article_id,article_title,click_num,FROM_UNIXTIME(add_time,'%Y-%m-%d') as add_time FROM `carver_article` WHERE  `is_show` = 1  AND `delete_time` = 0 ORDER BY `click_num` DESC LIMIT 3 [ RunTime:0.000481s ]
[2021-05-24T19:26:48+08:00][sql] SHOW FULL COLUMNS FROM `carver_notice` [ RunTime:0.000583s ]
[2021-05-24T19:26:48+08:00][sql] SELECT * FROM `carver_notice` ORDER BY `create_time` DESC LIMIT 3 [ RunTime:0.000254s ]
[2021-05-24T19:26:48+08:00][sql] SHOW FULL COLUMNS FROM `carver_navigation` [ RunTime:0.000525s ]
[2021-05-24T19:26:48+08:00][sql] SELECT * FROM `carver_navigation` [ RunTime:0.000270s ]
[2021-05-24T19:26:48+08:00][sql] SHOW FULL COLUMNS FROM `carver_link` [ RunTime:0.000507s ]
[2021-05-24T19:26:48+08:00][sql] SELECT * FROM `carver_link` WHERE  ( is_confirm=2 ) LIMIT 20 [ RunTime:0.000287s ]
[2021-05-24T19:26:48+08:00][sql] SELECT `article_label` FROM `carver_article` [ RunTime:0.000241s ]
[2021-05-24T19:26:48+08:00][sql] SHOW FULL COLUMNS FROM `carver_carouse` [ RunTime:0.000498s ]
[2021-05-24T19:26:48+08:00][sql] SELECT `carouse_img`,`carouse_desc` FROM `carver_carouse` WHERE  `is_show` = 1 ORDER BY `carouse_sort` DESC LIMIT 3 [ RunTime:0.000297s ]
[2021-05-24T19:26:48+08:00][sql] SHOW FULL COLUMNS FROM `carver_site` [ RunTime:0.000500s ]
[2021-05-24T19:26:48+08:00][sql] SELECT * FROM `carver_site` [ RunTime:0.000224s ]
[2021-05-24T21:35:45+08:00][sql] CONNECT:[ UseTime:0.000592s ] mysql:host=127.0.0.1;port=3306;dbname=carver;charset=utf8
[2021-05-24T21:35:45+08:00][sql] SHOW FULL COLUMNS FROM `carver_article` [ RunTime:0.000865s ]
[2021-05-24T21:35:45+08:00][sql] SELECT COUNT(*) AS think_count FROM `carver_article` WHERE  `article_guide` = 5  AND `delete_time` = 0  AND `is_show` = 1 [ RunTime:0.000415s ]
[2021-05-24T21:35:45+08:00][sql] SELECT * FROM `carver_article` WHERE  `article_guide` = 5  AND `delete_time` = 0  AND `is_show` = 1 ORDER BY `add_time` DESC LIMIT 0,6 [ RunTime:0.004045s ]
[2021-05-24T21:35:45+08:00][sql] SELECT article_id,article_title,click_num,FROM_UNIXTIME(add_time,'%Y-%m-%d') as add_time FROM `carver_article` WHERE  `is_show` = 1  AND `delete_time` = 0 ORDER BY `click_num` DESC LIMIT 3 [ RunTime:0.000846s ]
[2021-05-24T21:35:45+08:00][sql] SHOW FULL COLUMNS FROM `carver_notice` [ RunTime:0.001021s ]
[2021-05-24T21:35:45+08:00][sql] SELECT * FROM `carver_notice` ORDER BY `create_time` DESC LIMIT 3 [ RunTime:0.000309s ]
[2021-05-24T21:35:45+08:00][sql] SHOW FULL COLUMNS FROM `carver_navigation` [ RunTime:0.000528s ]
[2021-05-24T21:35:45+08:00][sql] SELECT * FROM `carver_navigation` [ RunTime:0.000250s ]
[2021-05-24T21:35:45+08:00][sql] SELECT `article_label` FROM `carver_article` [ RunTime:0.000292s ]
[2021-05-24T21:35:45+08:00][sql] SHOW FULL COLUMNS FROM `carver_carouse` [ RunTime:0.000510s ]
[2021-05-24T21:35:45+08:00][sql] SELECT `carouse_img`,`carouse_desc` FROM `carver_carouse` WHERE  `is_show` = 1 ORDER BY `carouse_sort` DESC LIMIT 3 [ RunTime:0.000338s ]
[2021-05-24T21:35:45+08:00][sql] SHOW FULL COLUMNS FROM `carver_link` [ RunTime:0.000473s ]
[2021-05-24T21:35:45+08:00][sql] SELECT * FROM `carver_link` WHERE  ( is_confirm=2 ) LIMIT 20 [ RunTime:0.000302s ]
[2021-05-24T21:35:45+08:00][sql] SHOW FULL COLUMNS FROM `carver_site` [ RunTime:0.000493s ]
[2021-05-24T21:35:45+08:00][sql] SELECT * FROM `carver_site` [ RunTime:0.000274s ]
[2021-05-24T22:21:58+08:00][sql] CONNECT:[ UseTime:0.000550s ] mysql:host=127.0.0.1;port=3306;dbname=carver;charset=utf8
[2021-05-24T22:21:58+08:00][sql] SHOW FULL COLUMNS FROM `carver_article` [ RunTime:0.000950s ]
[2021-05-24T22:21:58+08:00][sql] SELECT COUNT(*) AS think_count FROM `carver_article` WHERE  `article_label` LIKE '%excel%'  AND `delete_time` = 0  AND `is_show` = 1 [ RunTime:0.000430s ]
[2021-05-24T22:21:58+08:00][sql] SELECT * FROM `carver_article` WHERE  `article_label` LIKE '%excel%'  AND `delete_time` = 0  AND `is_show` = 1 LIMIT 0,6 [ RunTime:0.001392s ]
[2021-05-24T22:21:58+08:00][sql] SELECT article_id,article_title,click_num,FROM_UNIXTIME(add_time,'%Y-%m-%d') as add_time FROM `carver_article` WHERE  `is_show` = 1  AND `delete_time` = 0 ORDER BY `click_num` DESC LIMIT 3 [ RunTime:0.000513s ]
[2021-05-24T22:21:58+08:00][sql] SHOW FULL COLUMNS FROM `carver_notice` [ RunTime:0.000589s ]
[2021-05-24T22:21:58+08:00][sql] SELECT * FROM `carver_notice` ORDER BY `create_time` DESC LIMIT 3 [ RunTime:0.000316s ]
[2021-05-24T22:21:58+08:00][sql] SHOW FULL COLUMNS FROM `carver_navigation` [ RunTime:0.000510s ]
[2021-05-24T22:21:58+08:00][sql] SELECT * FROM `carver_navigation` [ RunTime:0.000245s ]
[2021-05-24T22:21:58+08:00][sql] SHOW FULL COLUMNS FROM `carver_link` [ RunTime:0.000520s ]
[2021-05-24T22:21:58+08:00][sql] SELECT * FROM `carver_link` WHERE  ( is_confirm=2 ) LIMIT 20 [ RunTime:0.000337s ]
[2021-05-24T22:21:58+08:00][sql] SELECT `article_label` FROM `carver_article` [ RunTime:0.000289s ]
[2021-05-24T22:21:58+08:00][sql] SHOW FULL COLUMNS FROM `carver_carouse` [ RunTime:0.000512s ]
[2021-05-24T22:21:58+08:00][sql] SELECT `carouse_img`,`carouse_desc` FROM `carver_carouse` WHERE  `is_show` = 1 ORDER BY `carouse_sort` DESC LIMIT 3 [ RunTime:0.000285s ]
[2021-05-24T22:21:58+08:00][sql] SHOW FULL COLUMNS FROM `carver_site` [ RunTime:0.000504s ]
[2021-05-24T22:21:58+08:00][sql] SELECT * FROM `carver_site` [ RunTime:0.000230s ]
[2021-05-24T23:15:32+08:00][sql] CONNECT:[ UseTime:0.000493s ] mysql:host=127.0.0.1;port=3306;dbname=carver;charset=utf8
[2021-05-24T23:15:32+08:00][sql] SHOW FULL COLUMNS FROM `carver_article` [ RunTime:0.000966s ]
[2021-05-24T23:15:32+08:00][sql] SELECT `article_id`,`article_title`,`article_desc`,`article_content`,`article_img`,`article_guide`,`article_label`,`click_num`,`is_show`,`add_time`,`article_author` FROM `carver_article` WHERE  `article_id` = 21 LIMIT 1 [ RunTime:0.000499s ]
[2021-05-24T23:15:32+08:00][sql] SELECT `article_id`,`article_title`,`article_desc`,`article_content`,`article_img`,`article_guide`,`article_label`,`click_num`,`is_show`,`add_time`,`article_author` FROM `carver_article` WHERE  `article_id` > 21 LIMIT 1 [ RunTime:0.000479s ]
[2021-05-24T23:15:32+08:00][sql] SELECT `article_id`,`article_title`,`article_desc`,`article_content`,`article_img`,`article_guide`,`article_label`,`click_num`,`is_show`,`add_time`,`article_author` FROM `carver_article` WHERE  `article_id` < 21 ORDER BY `article_id` DESC LIMIT 1 [ RunTime:0.000528s ]
[2021-05-24T23:15:32+08:00][sql] SHOW FULL COLUMNS FROM `carver_link` [ RunTime:0.000485s ]
[2021-05-24T23:15:32+08:00][sql] SELECT * FROM `carver_link` WHERE  ( is_confirm=2 ) LIMIT 20 [ RunTime:0.000307s ]
[2021-05-24T23:15:32+08:00][sql] SELECT article_id,article_title,click_num,FROM_UNIXTIME(add_time,'%Y-%m-%d') as add_time FROM `carver_article` ORDER BY `click_num` DESC LIMIT 3 [ RunTime:0.000378s ]
[2021-05-24T23:15:32+08:00][sql] SHOW FULL COLUMNS FROM `carver_comment` [ RunTime:0.000528s ]
[2021-05-24T23:15:32+08:00][sql] SELECT `a`.*,`b`.`user_name` FROM `carver_comment` `a` INNER JOIN `carver_user` `b` ON `a`.`user_id`=`b`.`user_id` WHERE  `article_id` = 21 ORDER BY `create_time` DESC [ RunTime:0.000343s ]
[2021-05-24T23:15:32+08:00][sql] SHOW FULL COLUMNS FROM `carver_comment_to_others` [ RunTime:0.000528s ]
[2021-05-24T23:15:32+08:00][sql] SELECT * FROM `carver_comment_to_others` [ RunTime:0.000232s ]
[2021-05-24T23:15:32+08:00][sql] SHOW FULL COLUMNS FROM `carver_user` [ RunTime:0.000471s ]
[2021-05-24T23:15:32+08:00][sql] SELECT `user_name` FROM `carver_user` WHERE  `user_id` = 4 LIMIT 1 [ RunTime:0.000255s ]
[2021-05-24T23:15:32+08:00][sql] SELECT `user_name` FROM `carver_user` WHERE  `user_id` = 4 LIMIT 1 [ RunTime:0.000206s ]
[2021-05-24T23:15:32+08:00][sql] SELECT `user_name` FROM `carver_user` WHERE  `user_id` = 5 LIMIT 1 [ RunTime:0.000215s ]
[2021-05-24T23:15:32+08:00][sql] SELECT `user_name` FROM `carver_user` WHERE  `user_id` = 5 LIMIT 1 [ RunTime:0.000233s ]
[2021-05-24T23:15:32+08:00][sql] SELECT `user_name` FROM `carver_user` WHERE  `user_id` = 37 LIMIT 1 [ RunTime:0.000210s ]
[2021-05-24T23:15:32+08:00][sql] SELECT `user_name`,`user_id` FROM `carver_user` [ RunTime:0.000249s ]
[2021-05-24T23:15:32+08:00][sql] SHOW FULL COLUMNS FROM `carver_navigation` [ RunTime:0.000501s ]
[2021-05-24T23:15:32+08:00][sql] SELECT * FROM `carver_navigation` [ RunTime:0.000244s ]
[2021-05-24T23:15:32+08:00][sql] SELECT `article_label` FROM `carver_article` [ RunTime:0.000269s ]
