[2021-05-25T00:42:19+08:00][sql] CONNECT:[ UseTime:0.000465s ] mysql:host=127.0.0.1;port=3306;dbname=carver;charset=utf8
[2021-05-25T00:42:19+08:00][sql] SHOW FULL COLUMNS FROM `carver_article` [ RunTime:0.000847s ]
[2021-05-25T00:42:19+08:00][sql] SELECT COUNT(*) AS think_count FROM `carver_article` WHERE  `article_label` LIKE '%c%'  AND `delete_time` = 0  AND `is_show` = 1 [ RunTime:0.000440s ]
[2021-05-25T00:42:19+08:00][sql] SELECT * FROM `carver_article` WHERE  `article_label` LIKE '%c%'  AND `delete_time` = 0  AND `is_show` = 1 LIMIT 0,6 [ RunTime:0.001314s ]
[2021-05-25T00:42:19+08:00][sql] SELECT article_id,article_title,click_num,FROM_UNIXTIME(add_time,'%Y-%m-%d') as add_time FROM `carver_article` WHERE  `is_show` = 1  AND `delete_time` = 0 ORDER BY `click_num` DESC LIMIT 3 [ RunTime:0.000431s ]
[2021-05-25T00:42:19+08:00][sql] SHOW FULL COLUMNS FROM `carver_notice` [ RunTime:0.000545s ]
[2021-05-25T00:42:19+08:00][sql] SELECT * FROM `carver_notice` ORDER BY `create_time` DESC LIMIT 3 [ RunTime:0.000249s ]
[2021-05-25T00:42:19+08:00][sql] SHOW FULL COLUMNS FROM `carver_navigation` [ RunTime:0.000495s ]
[2021-05-25T00:42:19+08:00][sql] SELECT * FROM `carver_navigation` [ RunTime:0.000243s ]
[2021-05-25T00:42:19+08:00][sql] SHOW FULL COLUMNS FROM `carver_link` [ RunTime:0.000483s ]
[2021-05-25T00:42:19+08:00][sql] SELECT * FROM `carver_link` WHERE  ( is_confirm=2 ) LIMIT 20 [ RunTime:0.000274s ]
[2021-05-25T00:42:19+08:00][sql] SELECT `article_label` FROM `carver_article` [ RunTime:0.000270s ]
[2021-05-25T00:42:19+08:00][sql] SHOW FULL COLUMNS FROM `carver_carouse` [ RunTime:0.000442s ]
[2021-05-25T00:42:19+08:00][sql] SELECT `carouse_img`,`carouse_desc` FROM `carver_carouse` WHERE  `is_show` = 1 ORDER BY `carouse_sort` DESC LIMIT 3 [ RunTime:0.000291s ]
[2021-05-25T00:42:19+08:00][sql] SHOW FULL COLUMNS FROM `carver_site` [ RunTime:0.000464s ]
[2021-05-25T00:42:19+08:00][sql] SELECT * FROM `carver_site` [ RunTime:0.000227s ]
[2021-05-25T00:48:22+08:00][sql] CONNECT:[ UseTime:0.000485s ] mysql:host=127.0.0.1;port=3306;dbname=carver;charset=utf8
[2021-05-25T00:48:22+08:00][sql] SHOW FULL COLUMNS FROM `carver_article` [ RunTime:0.000842s ]
[2021-05-25T00:48:22+08:00][sql] SELECT COUNT(*) AS think_count FROM `carver_article` WHERE  `article_label` LIKE '%nginx%'  AND `delete_time` = 0  AND `is_show` = 1 [ RunTime:0.000421s ]
[2021-05-25T00:48:22+08:00][sql] SELECT * FROM `carver_article` WHERE  `article_label` LIKE '%nginx%'  AND `delete_time` = 0  AND `is_show` = 1 LIMIT 0,6 [ RunTime:0.001071s ]
[2021-05-25T00:48:22+08:00][sql] SELECT article_id,article_title,click_num,FROM_UNIXTIME(add_time,'%Y-%m-%d') as add_time FROM `carver_article` WHERE  `is_show` = 1  AND `delete_time` = 0 ORDER BY `click_num` DESC LIMIT 3 [ RunTime:0.000409s ]
[2021-05-25T00:48:22+08:00][sql] SHOW FULL COLUMNS FROM `carver_notice` [ RunTime:0.000591s ]
[2021-05-25T00:48:22+08:00][sql] SELECT * FROM `carver_notice` ORDER BY `create_time` DESC LIMIT 3 [ RunTime:0.000281s ]
[2021-05-25T00:48:22+08:00][sql] SHOW FULL COLUMNS FROM `carver_navigation` [ RunTime:0.000556s ]
[2021-05-25T00:48:22+08:00][sql] SELECT * FROM `carver_navigation` [ RunTime:0.000229s ]
[2021-05-25T00:48:22+08:00][sql] SHOW FULL COLUMNS FROM `carver_link` [ RunTime:0.000476s ]
[2021-05-25T00:48:22+08:00][sql] SELECT * FROM `carver_link` WHERE  ( is_confirm=2 ) LIMIT 20 [ RunTime:0.000278s ]
[2021-05-25T00:48:22+08:00][sql] SELECT `article_label` FROM `carver_article` [ RunTime:0.000275s ]
[2021-05-25T00:48:22+08:00][sql] SHOW FULL COLUMNS FROM `carver_carouse` [ RunTime:0.000473s ]
[2021-05-25T00:48:22+08:00][sql] SELECT `carouse_img`,`carouse_desc` FROM `carver_carouse` WHERE  `is_show` = 1 ORDER BY `carouse_sort` DESC LIMIT 3 [ RunTime:0.000298s ]
[2021-05-25T00:48:22+08:00][sql] SHOW FULL COLUMNS FROM `carver_site` [ RunTime:0.000466s ]
[2021-05-25T00:48:22+08:00][sql] SELECT * FROM `carver_site` [ RunTime:0.000279s ]
[2021-05-25T02:32:57+08:00][sql] CONNECT:[ UseTime:0.001520s ] mysql:host=127.0.0.1;port=3306;dbname=carver;charset=utf8
[2021-05-25T02:32:57+08:00][sql] SHOW FULL COLUMNS FROM `carver_user` [ RunTime:0.001656s ]
[2021-05-25T02:32:57+08:00][sql] SHOW FULL COLUMNS FROM `carver_article` [ RunTime:0.000944s ]
[2021-05-25T02:32:57+08:00][sql] SELECT COUNT(*) AS think_count FROM `carver_article` WHERE  `delete_time` = 0  AND `is_show` = 1 [ RunTime:0.000824s ]
[2021-05-25T02:32:57+08:00][sql] SELECT `article_id`,`article_title`,`article_desc`,`article_content`,`article_img`,`article_guide`,`article_label`,`click_num`,`is_show`,`add_time`,`article_author`,`is_top_show` FROM `carver_article` WHERE  `delete_time` = 0  AND `is_show` = 1 ORDER BY `article_id` DESC LIMIT 0,6 [ RunTime:0.000989s ]
[2021-05-25T02:32:57+08:00][sql] SELECT article_id,article_title,click_num,FROM_UNIXTIME(add_time,'%Y-%m-%d') as add_time FROM `carver_article` WHERE  `is_show` = 1  AND `delete_time` = 0 ORDER BY `click_num` DESC LIMIT 3 [ RunTime:0.001292s ]
[2021-05-25T02:32:57+08:00][sql] SHOW FULL COLUMNS FROM `carver_notice` [ RunTime:0.001422s ]
[2021-05-25T02:32:57+08:00][sql] SELECT * FROM `carver_notice` ORDER BY `create_time` DESC LIMIT 3 [ RunTime:0.000502s ]
[2021-05-25T02:32:57+08:00][sql] SHOW FULL COLUMNS FROM `carver_navigation` [ RunTime:0.001709s ]
[2021-05-25T02:32:57+08:00][sql] SELECT * FROM `carver_navigation` [ RunTime:0.000402s ]
[2021-05-25T02:32:57+08:00][sql] SHOW FULL COLUMNS FROM `carver_link` [ RunTime:0.000885s ]
[2021-05-25T02:32:57+08:00][sql] SELECT * FROM `carver_link` WHERE  ( is_confirm=2 ) LIMIT 20 [ RunTime:0.000580s ]
[2021-05-25T02:32:57+08:00][sql] SELECT `article_label` FROM `carver_article` [ RunTime:0.000300s ]
[2021-05-25T02:32:57+08:00][sql] SHOW FULL COLUMNS FROM `carver_carouse` [ RunTime:0.000583s ]
[2021-05-25T02:32:57+08:00][sql] SELECT `carouse_img`,`carouse_desc` FROM `carver_carouse` WHERE  `is_show` = 1 ORDER BY `carouse_sort` DESC LIMIT 3 [ RunTime:0.000334s ]
[2021-05-25T02:32:57+08:00][sql] SHOW FULL COLUMNS FROM `carver_site` [ RunTime:0.000584s ]
[2021-05-25T02:32:57+08:00][sql] SELECT * FROM `carver_site` [ RunTime:0.000288s ]
[2021-05-25T03:51:16+08:00][sql] CONNECT:[ UseTime:0.000482s ] mysql:host=127.0.0.1;port=3306;dbname=carver;charset=utf8
[2021-05-25T03:51:16+08:00][sql] SHOW FULL COLUMNS FROM `carver_user` [ RunTime:0.000797s ]
[2021-05-25T03:51:16+08:00][sql] SHOW FULL COLUMNS FROM `carver_article` [ RunTime:0.000672s ]
[2021-05-25T03:51:16+08:00][sql] SELECT COUNT(*) AS think_count FROM `carver_article` WHERE  `delete_time` = 0  AND `is_show` = 1 [ RunTime:0.000391s ]
[2021-05-25T03:51:16+08:00][sql] SELECT `article_id`,`article_title`,`article_desc`,`article_content`,`article_img`,`article_guide`,`article_label`,`click_num`,`is_show`,`add_time`,`article_author`,`is_top_show` FROM `carver_article` WHERE  `delete_time` = 0  AND `is_show` = 1 ORDER BY `article_id` DESC LIMIT 0,6 [ RunTime:0.000782s ]
[2021-05-25T03:51:16+08:00][sql] SELECT article_id,article_title,click_num,FROM_UNIXTIME(add_time,'%Y-%m-%d') as add_time FROM `carver_article` WHERE  `is_show` = 1  AND `delete_time` = 0 ORDER BY `click_num` DESC LIMIT 3 [ RunTime:0.000720s ]
[2021-05-25T03:51:16+08:00][sql] SHOW FULL COLUMNS FROM `carver_notice` [ RunTime:0.000514s ]
[2021-05-25T03:51:16+08:00][sql] SELECT * FROM `carver_notice` ORDER BY `create_time` DESC LIMIT 3 [ RunTime:0.000254s ]
[2021-05-25T03:51:16+08:00][sql] SHOW FULL COLUMNS FROM `carver_navigation` [ RunTime:0.000499s ]
[2021-05-25T03:51:16+08:00][sql] SELECT * FROM `carver_navigation` [ RunTime:0.000243s ]
[2021-05-25T03:51:16+08:00][sql] SHOW FULL COLUMNS FROM `carver_link` [ RunTime:0.000481s ]
[2021-05-25T03:51:16+08:00][sql] SELECT * FROM `carver_link` WHERE  ( is_confirm=2 ) LIMIT 20 [ RunTime:0.000298s ]
[2021-05-25T03:51:16+08:00][sql] SELECT `article_label` FROM `carver_article` [ RunTime:0.000278s ]
[2021-05-25T03:51:16+08:00][sql] SHOW FULL COLUMNS FROM `carver_carouse` [ RunTime:0.000493s ]
[2021-05-25T03:51:16+08:00][sql] SELECT `carouse_img`,`carouse_desc` FROM `carver_carouse` WHERE  `is_show` = 1 ORDER BY `carouse_sort` DESC LIMIT 3 [ RunTime:0.000291s ]
[2021-05-25T03:51:16+08:00][sql] SHOW FULL COLUMNS FROM `carver_site` [ RunTime:0.000475s ]
[2021-05-25T03:51:16+08:00][sql] SELECT * FROM `carver_site` [ RunTime:0.000233s ]
[2021-05-25T05:16:05+08:00][sql] CONNECT:[ UseTime:0.000709s ] mysql:host=127.0.0.1;port=3306;dbname=carver;charset=utf8
[2021-05-25T05:16:05+08:00][sql] SHOW FULL COLUMNS FROM `carver_user` [ RunTime:0.000876s ]
[2021-05-25T05:16:05+08:00][sql] SHOW FULL COLUMNS FROM `carver_article` [ RunTime:0.000735s ]
[2021-05-25T05:16:05+08:00][sql] SELECT COUNT(*) AS think_count FROM `carver_article` WHERE  `delete_time` = 0  AND `is_show` = 1 [ RunTime:0.000393s ]
[2021-05-25T05:16:05+08:00][sql] SELECT `article_id`,`article_title`,`article_desc`,`article_content`,`article_img`,`article_guide`,`article_label`,`click_num`,`is_show`,`add_time`,`article_author`,`is_top_show` FROM `carver_article` WHERE  `delete_time` = 0  AND `is_show` = 1 ORDER BY `article_id` DESC LIMIT 0,6 [ RunTime:0.000800s ]
[2021-05-25T05:16:05+08:00][sql] SELECT article_id,article_title,click_num,FROM_UNIXTIME(add_time,'%Y-%m-%d') as add_time FROM `carver_article` WHERE  `is_show` = 1  AND `delete_time` = 0 ORDER BY `click_num` DESC LIMIT 3 [ RunTime:0.000586s ]
[2021-05-25T05:16:05+08:00][sql] SHOW FULL COLUMNS FROM `carver_notice` [ RunTime:0.000647s ]
[2021-05-25T05:16:05+08:00][sql] SELECT * FROM `carver_notice` ORDER BY `create_time` DESC LIMIT 3 [ RunTime:0.000281s ]
[2021-05-25T05:16:05+08:00][sql] SHOW FULL COLUMNS FROM `carver_navigation` [ RunTime:0.000536s ]
[2021-05-25T05:16:05+08:00][sql] SELECT * FROM `carver_navigation` [ RunTime:0.000255s ]
[2021-05-25T05:16:05+08:00][sql] SHOW FULL COLUMNS FROM `carver_link` [ RunTime:0.000534s ]
[2021-05-25T05:16:05+08:00][sql] SELECT * FROM `carver_link` WHERE  ( is_confirm=2 ) LIMIT 20 [ RunTime:0.000330s ]
[2021-05-25T05:16:05+08:00][sql] SELECT `article_label` FROM `carver_article` [ RunTime:0.000295s ]
[2021-05-25T05:16:05+08:00][sql] SHOW FULL COLUMNS FROM `carver_carouse` [ RunTime:0.000536s ]
[2021-05-25T05:16:05+08:00][sql] SELECT `carouse_img`,`carouse_desc` FROM `carver_carouse` WHERE  `is_show` = 1 ORDER BY `carouse_sort` DESC LIMIT 3 [ RunTime:0.000300s ]
[2021-05-25T05:16:05+08:00][sql] SHOW FULL COLUMNS FROM `carver_site` [ RunTime:0.000511s ]
[2021-05-25T05:16:05+08:00][sql] SELECT * FROM `carver_site` [ RunTime:0.000228s ]
[2021-05-25T05:16:07+08:00][sql] CONNECT:[ UseTime:0.000596s ] mysql:host=127.0.0.1;port=3306;dbname=carver;charset=utf8
[2021-05-25T05:16:07+08:00][sql] SHOW FULL COLUMNS FROM `carver_user` [ RunTime:0.000851s ]
[2021-05-25T05:16:07+08:00][sql] SHOW FULL COLUMNS FROM `carver_article` [ RunTime:0.000716s ]
[2021-05-25T05:16:07+08:00][sql] SELECT COUNT(*) AS think_count FROM `carver_article` WHERE  `delete_time` = 0  AND `is_show` = 1 [ RunTime:0.000367s ]
[2021-05-25T05:16:07+08:00][sql] SELECT `article_id`,`article_title`,`article_desc`,`article_content`,`article_img`,`article_guide`,`article_label`,`click_num`,`is_show`,`add_time`,`article_author`,`is_top_show` FROM `carver_article` WHERE  `delete_time` = 0  AND `is_show` = 1 ORDER BY `article_id` DESC LIMIT 0,6 [ RunTime:0.000688s ]
[2021-05-25T05:16:07+08:00][sql] SELECT article_id,article_title,click_num,FROM_UNIXTIME(add_time,'%Y-%m-%d') as add_time FROM `carver_article` WHERE  `is_show` = 1  AND `delete_time` = 0 ORDER BY `click_num` DESC LIMIT 3 [ RunTime:0.000516s ]
[2021-05-25T05:16:07+08:00][sql] SHOW FULL COLUMNS FROM `carver_notice` [ RunTime:0.000708s ]
[2021-05-25T05:16:07+08:00][sql] SELECT * FROM `carver_notice` ORDER BY `create_time` DESC LIMIT 3 [ RunTime:0.000408s ]
[2021-05-25T05:16:07+08:00][sql] SHOW FULL COLUMNS FROM `carver_navigation` [ RunTime:0.000558s ]
[2021-05-25T05:16:07+08:00][sql] SELECT * FROM `carver_navigation` [ RunTime:0.000241s ]
[2021-05-25T05:16:07+08:00][sql] SHOW FULL COLUMNS FROM `carver_link` [ RunTime:0.000502s ]
[2021-05-25T05:16:07+08:00][sql] SELECT * FROM `carver_link` WHERE  ( is_confirm=2 ) LIMIT 20 [ RunTime:0.000319s ]
[2021-05-25T05:16:07+08:00][sql] SELECT `article_label` FROM `carver_article` [ RunTime:0.000283s ]
[2021-05-25T05:16:07+08:00][sql] SHOW FULL COLUMNS FROM `carver_carouse` [ RunTime:0.000561s ]
[2021-05-25T05:16:07+08:00][sql] SELECT `carouse_img`,`carouse_desc` FROM `carver_carouse` WHERE  `is_show` = 1 ORDER BY `carouse_sort` DESC LIMIT 3 [ RunTime:0.000305s ]
[2021-05-25T05:16:07+08:00][sql] SHOW FULL COLUMNS FROM `carver_site` [ RunTime:0.000506s ]
[2021-05-25T05:16:07+08:00][sql] SELECT * FROM `carver_site` [ RunTime:0.000226s ]
[2021-05-25T05:57:51+08:00][sql] CONNECT:[ UseTime:0.000534s ] mysql:host=127.0.0.1;port=3306;dbname=carver;charset=utf8
[2021-05-25T05:57:51+08:00][sql] SHOW FULL COLUMNS FROM `carver_article` [ RunTime:0.000930s ]
[2021-05-25T05:57:51+08:00][sql] SELECT `article_id`,`article_title`,`article_desc`,`article_content`,`article_img`,`article_guide`,`article_label`,`click_num`,`is_show`,`add_time`,`article_author` FROM `carver_article` WHERE  `article_id` = 17'A=0 LIMIT 1 [ RunTime:0.000547s ]
[2021-05-25T05:57:51+08:00][sql] SELECT `article_id`,`article_title`,`article_desc`,`article_content`,`article_img`,`article_guide`,`article_label`,`click_num`,`is_show`,`add_time`,`article_author` FROM `carver_article` WHERE  `article_id` > 17'A=0 LIMIT 1 [ RunTime:0.000475s ]
[2021-05-25T05:57:51+08:00][sql] SELECT `article_id`,`article_title`,`article_desc`,`article_content`,`article_img`,`article_guide`,`article_label`,`click_num`,`is_show`,`add_time`,`article_author` FROM `carver_article` WHERE  `article_id` < 17'A=0 ORDER BY `article_id` DESC LIMIT 1 [ RunTime:0.000379s ]
[2021-05-25T05:57:51+08:00][sql] SHOW FULL COLUMNS FROM `carver_link` [ RunTime:0.000600s ]
[2021-05-25T05:57:51+08:00][sql] SELECT * FROM `carver_link` WHERE  ( is_confirm=2 ) LIMIT 20 [ RunTime:0.000319s ]
[2021-05-25T05:57:51+08:00][sql] SELECT article_id,article_title,click_num,FROM_UNIXTIME(add_time,'%Y-%m-%d') as add_time FROM `carver_article` ORDER BY `click_num` DESC LIMIT 3 [ RunTime:0.000416s ]
[2021-05-25T05:57:51+08:00][sql] SHOW FULL COLUMNS FROM `carver_comment` [ RunTime:0.000640s ]
[2021-05-25T05:57:51+08:00][sql] SELECT `a`.*,`b`.`user_name` FROM `carver_comment` `a` INNER JOIN `carver_user` `b` ON `a`.`user_id`=`b`.`user_id` WHERE  `article_id` = 17'A=0 ORDER BY `create_time` DESC [ RunTime:0.000374s ]
[2021-05-25T05:57:51+08:00][sql] SHOW FULL COLUMNS FROM `carver_comment_to_others` [ RunTime:0.000560s ]
[2021-05-25T05:57:51+08:00][sql] SELECT * FROM `carver_comment_to_others` [ RunTime:0.000261s ]
[2021-05-25T05:57:51+08:00][sql] SHOW FULL COLUMNS FROM `carver_user` [ RunTime:0.000468s ]
[2021-05-25T05:57:51+08:00][sql] SELECT `user_name` FROM `carver_user` WHERE  `user_id` = 4 LIMIT 1 [ RunTime:0.000271s ]
[2021-05-25T05:57:51+08:00][sql] SELECT `user_name` FROM `carver_user` WHERE  `user_id` = 4 LIMIT 1 [ RunTime:0.000244s ]
[2021-05-25T05:57:51+08:00][sql] SELECT `user_name` FROM `carver_user` WHERE  `user_id` = 5 LIMIT 1 [ RunTime:0.000229s ]
[2021-05-25T05:57:51+08:00][sql] SELECT `user_name` FROM `carver_user` WHERE  `user_id` = 5 LIMIT 1 [ RunTime:0.000244s ]
[2021-05-25T05:57:51+08:00][sql] SELECT `user_name` FROM `carver_user` WHERE  `user_id` = 37 LIMIT 1 [ RunTime:0.000253s ]
[2021-05-25T05:57:51+08:00][sql] SELECT `user_name`,`user_id` FROM `carver_user` [ RunTime:0.000278s ]
[2021-05-25T05:57:51+08:00][sql] SHOW FULL COLUMNS FROM `carver_navigation` [ RunTime:0.000595s ]
[2021-05-25T05:57:51+08:00][sql] SELECT * FROM `carver_navigation` [ RunTime:0.000242s ]
[2021-05-25T05:57:51+08:00][sql] SELECT `article_label` FROM `carver_article` [ RunTime:0.000320s ]
[2021-05-25T07:42:51+08:00][sql] CONNECT:[ UseTime:0.000507s ] mysql:host=127.0.0.1;port=3306;dbname=carver;charset=utf8
[2021-05-25T07:42:51+08:00][sql] SHOW FULL COLUMNS FROM `carver_user` [ RunTime:0.000776s ]
[2021-05-25T07:42:51+08:00][sql] SHOW FULL COLUMNS FROM `carver_article` [ RunTime:0.000689s ]
[2021-05-25T07:42:51+08:00][sql] SELECT COUNT(*) AS think_count FROM `carver_article` WHERE  `delete_time` = 0  AND `is_show` = 1 [ RunTime:0.000413s ]
[2021-05-25T07:42:51+08:00][sql] SELECT `article_id`,`article_title`,`article_desc`,`article_content`,`article_img`,`article_guide`,`article_label`,`click_num`,`is_show`,`add_time`,`article_author`,`is_top_show` FROM `carver_article` WHERE  `delete_time` = 0  AND `is_show` = 1 ORDER BY `article_id` DESC LIMIT 0,6 [ RunTime:0.000594s ]
[2021-05-25T07:42:51+08:00][sql] SELECT article_id,article_title,click_num,FROM_UNIXTIME(add_time,'%Y-%m-%d') as add_time FROM `carver_article` WHERE  `is_show` = 1  AND `delete_time` = 0 ORDER BY `click_num` DESC LIMIT 3 [ RunTime:0.002656s ]
[2021-05-25T07:42:51+08:00][sql] SHOW FULL COLUMNS FROM `carver_notice` [ RunTime:0.001909s ]
[2021-05-25T07:42:51+08:00][sql] SELECT * FROM `carver_notice` ORDER BY `create_time` DESC LIMIT 3 [ RunTime:0.000289s ]
[2021-05-25T07:42:51+08:00][sql] SHOW FULL COLUMNS FROM `carver_navigation` [ RunTime:0.000617s ]
[2021-05-25T07:42:51+08:00][sql] SELECT * FROM `carver_navigation` [ RunTime:0.000231s ]
[2021-05-25T07:42:51+08:00][sql] SHOW FULL COLUMNS FROM `carver_link` [ RunTime:0.000536s ]
[2021-05-25T07:42:51+08:00][sql] SELECT * FROM `carver_link` WHERE  ( is_confirm=2 ) LIMIT 20 [ RunTime:0.000280s ]
[2021-05-25T07:42:51+08:00][sql] SELECT `article_label` FROM `carver_article` [ RunTime:0.000259s ]
[2021-05-25T07:42:51+08:00][sql] SHOW FULL COLUMNS FROM `carver_carouse` [ RunTime:0.000449s ]
[2021-05-25T07:42:51+08:00][sql] SELECT `carouse_img`,`carouse_desc` FROM `carver_carouse` WHERE  `is_show` = 1 ORDER BY `carouse_sort` DESC LIMIT 3 [ RunTime:0.000287s ]
[2021-05-25T07:42:51+08:00][sql] SHOW FULL COLUMNS FROM `carver_site` [ RunTime:0.000495s ]
[2021-05-25T07:42:51+08:00][sql] SELECT * FROM `carver_site` [ RunTime:0.000263s ]
[2021-05-25T08:32:53+08:00][sql] CONNECT:[ UseTime:0.000516s ] mysql:host=127.0.0.1;port=3306;dbname=carver;charset=utf8
[2021-05-25T08:32:53+08:00][sql] SHOW FULL COLUMNS FROM `carver_article` [ RunTime:0.001055s ]
[2021-05-25T08:32:53+08:00][sql] SELECT COUNT(*) AS think_count FROM `carver_article` WHERE  `article_label` LIKE '%excel%'  AND `delete_time` = 0  AND `is_show` = 1 [ RunTime:0.000477s ]
[2021-05-25T08:32:53+08:00][sql] SELECT * FROM `carver_article` WHERE  `article_label` LIKE '%excel%'  AND `delete_time` = 0  AND `is_show` = 1 LIMIT 0,6 [ RunTime:0.001341s ]
[2021-05-25T08:32:53+08:00][sql] SELECT article_id,article_title,click_num,FROM_UNIXTIME(add_time,'%Y-%m-%d') as add_time FROM `carver_article` WHERE  `is_show` = 1  AND `delete_time` = 0 ORDER BY `click_num` DESC LIMIT 3 [ RunTime:0.000610s ]
[2021-05-25T08:32:53+08:00][sql] SHOW FULL COLUMNS FROM `carver_notice` [ RunTime:0.000667s ]
[2021-05-25T08:32:53+08:00][sql] SELECT * FROM `carver_notice` ORDER BY `create_time` DESC LIMIT 3 [ RunTime:0.000346s ]
[2021-05-25T08:32:53+08:00][sql] SHOW FULL COLUMNS FROM `carver_navigation` [ RunTime:0.000575s ]
[2021-05-25T08:32:53+08:00][sql] SELECT * FROM `carver_navigation` [ RunTime:0.000264s ]
[2021-05-25T08:32:53+08:00][sql] SHOW FULL COLUMNS FROM `carver_link` [ RunTime:0.000520s ]
[2021-05-25T08:32:53+08:00][sql] SELECT * FROM `carver_link` WHERE  ( is_confirm=2 ) LIMIT 20 [ RunTime:0.000326s ]
[2021-05-25T08:32:53+08:00][sql] SELECT `article_label` FROM `carver_article` [ RunTime:0.000277s ]
[2021-05-25T08:32:53+08:00][sql] SHOW FULL COLUMNS FROM `carver_carouse` [ RunTime:0.000543s ]
[2021-05-25T08:32:53+08:00][sql] SELECT `carouse_img`,`carouse_desc` FROM `carver_carouse` WHERE  `is_show` = 1 ORDER BY `carouse_sort` DESC LIMIT 3 [ RunTime:0.000332s ]
[2021-05-25T08:32:53+08:00][sql] SHOW FULL COLUMNS FROM `carver_site` [ RunTime:0.000543s ]
[2021-05-25T08:32:53+08:00][sql] SELECT * FROM `carver_site` [ RunTime:0.000250s ]
[2021-05-25T14:51:09+08:00][sql] CONNECT:[ UseTime:0.000485s ] mysql:host=127.0.0.1;port=3306;dbname=carver;charset=utf8
[2021-05-25T14:51:09+08:00][sql] SHOW FULL COLUMNS FROM `carver_user` [ RunTime:0.000789s ]
[2021-05-25T14:51:09+08:00][sql] SHOW FULL COLUMNS FROM `carver_article` [ RunTime:0.000729s ]
[2021-05-25T14:51:09+08:00][sql] SELECT COUNT(*) AS think_count FROM `carver_article` WHERE  `delete_time` = 0  AND `is_show` = 1 [ RunTime:0.000364s ]
[2021-05-25T14:51:09+08:00][sql] SELECT `article_id`,`article_title`,`article_desc`,`article_content`,`article_img`,`article_guide`,`article_label`,`click_num`,`is_show`,`add_time`,`article_author`,`is_top_show` FROM `carver_article` WHERE  `delete_time` = 0  AND `is_show` = 1 ORDER BY `article_id` DESC LIMIT 0,6 [ RunTime:0.000598s ]
[2021-05-25T14:51:09+08:00][sql] SELECT article_id,article_title,click_num,FROM_UNIXTIME(add_time,'%Y-%m-%d') as add_time FROM `carver_article` WHERE  `is_show` = 1  AND `delete_time` = 0 ORDER BY `click_num` DESC LIMIT 3 [ RunTime:0.000400s ]
[2021-05-25T14:51:09+08:00][sql] SHOW FULL COLUMNS FROM `carver_notice` [ RunTime:0.000489s ]
[2021-05-25T14:51:09+08:00][sql] SELECT * FROM `carver_notice` ORDER BY `create_time` DESC LIMIT 3 [ RunTime:0.000311s ]
[2021-05-25T14:51:09+08:00][sql] SHOW FULL COLUMNS FROM `carver_navigation` [ RunTime:0.000508s ]
[2021-05-25T14:51:09+08:00][sql] SELECT * FROM `carver_navigation` [ RunTime:0.000232s ]
[2021-05-25T14:51:09+08:00][sql] SHOW FULL COLUMNS FROM `carver_link` [ RunTime:0.000468s ]
[2021-05-25T14:51:09+08:00][sql] SELECT * FROM `carver_link` WHERE  ( is_confirm=2 ) LIMIT 20 [ RunTime:0.000285s ]
[2021-05-25T14:51:09+08:00][sql] SELECT `article_label` FROM `carver_article` [ RunTime:0.000275s ]
[2021-05-25T14:51:09+08:00][sql] SHOW FULL COLUMNS FROM `carver_carouse` [ RunTime:0.000451s ]
[2021-05-25T14:51:09+08:00][sql] SELECT `carouse_img`,`carouse_desc` FROM `carver_carouse` WHERE  `is_show` = 1 ORDER BY `carouse_sort` DESC LIMIT 3 [ RunTime:0.000262s ]
[2021-05-25T14:51:09+08:00][sql] SHOW FULL COLUMNS FROM `carver_site` [ RunTime:0.000480s ]
[2021-05-25T14:51:09+08:00][sql] SELECT * FROM `carver_site` [ RunTime:0.000244s ]
[2021-05-25T16:08:48+08:00][sql] CONNECT:[ UseTime:0.000655s ] mysql:host=127.0.0.1;port=3306;dbname=carver;charset=utf8
[2021-05-25T16:08:48+08:00][sql] SHOW FULL COLUMNS FROM `carver_article` [ RunTime:0.000995s ]
[2021-05-25T16:08:48+08:00][sql] SELECT COUNT(*) AS think_count FROM `carver_article` WHERE  `article_guide` = 43  AND `delete_time` = 0  AND `is_show` = 1 [ RunTime:0.000445s ]
[2021-05-25T16:08:48+08:00][sql] SELECT * FROM `carver_article` WHERE  `article_guide` = 43  AND `delete_time` = 0  AND `is_show` = 1 ORDER BY `add_time` DESC LIMIT 0,6 [ RunTime:0.000428s ]
[2021-05-25T16:08:48+08:00][sql] SELECT article_id,article_title,click_num,FROM_UNIXTIME(add_time,'%Y-%m-%d') as add_time FROM `carver_article` WHERE  `is_show` = 1  AND `delete_time` = 0 ORDER BY `click_num` DESC LIMIT 3 [ RunTime:0.000480s ]
[2021-05-25T16:08:48+08:00][sql] SHOW FULL COLUMNS FROM `carver_notice` [ RunTime:0.000683s ]
[2021-05-25T16:08:48+08:00][sql] SELECT * FROM `carver_notice` ORDER BY `create_time` DESC LIMIT 3 [ RunTime:0.000363s ]
[2021-05-25T16:08:48+08:00][sql] SHOW FULL COLUMNS FROM `carver_navigation` [ RunTime:0.000707s ]
[2021-05-25T16:08:48+08:00][sql] SELECT * FROM `carver_navigation` [ RunTime:0.000314s ]
[2021-05-25T16:08:48+08:00][sql] SELECT `article_label` FROM `carver_article` [ RunTime:0.000354s ]
[2021-05-25T16:08:48+08:00][sql] SHOW FULL COLUMNS FROM `carver_carouse` [ RunTime:0.000649s ]
[2021-05-25T16:08:48+08:00][sql] SELECT `carouse_img`,`carouse_desc` FROM `carver_carouse` WHERE  `is_show` = 1 ORDER BY `carouse_sort` DESC LIMIT 3 [ RunTime:0.000346s ]
[2021-05-25T16:08:48+08:00][sql] SHOW FULL COLUMNS FROM `carver_link` [ RunTime:0.000557s ]
[2021-05-25T16:08:48+08:00][sql] SELECT * FROM `carver_link` WHERE  ( is_confirm=2 ) LIMIT 20 [ RunTime:0.000360s ]
[2021-05-25T16:08:48+08:00][sql] SHOW FULL COLUMNS FROM `carver_site` [ RunTime:0.000640s ]
[2021-05-25T16:08:48+08:00][sql] SELECT * FROM `carver_site` [ RunTime:0.000289s ]
[2021-05-25T16:10:33+08:00][sql] CONNECT:[ UseTime:0.001171s ] mysql:host=127.0.0.1;port=3306;dbname=carver;charset=utf8
[2021-05-25T16:10:33+08:00][sql] SHOW FULL COLUMNS FROM `carver_article` [ RunTime:0.000845s ]
[2021-05-25T16:10:33+08:00][sql] SELECT `article_id`,`article_title`,`article_desc`,`article_content`,`article_img`,`article_guide`,`article_label`,`click_num`,`is_show`,`add_time`,`article_author` FROM `carver_article` WHERE  `article_id` = 17/ LIMIT 1 [ RunTime:0.000514s ]
[2021-05-25T16:10:33+08:00][sql] SELECT `article_id`,`article_title`,`article_desc`,`article_content`,`article_img`,`article_guide`,`article_label`,`click_num`,`is_show`,`add_time`,`article_author` FROM `carver_article` WHERE  `article_id` > 17/ LIMIT 1 [ RunTime:0.000416s ]
[2021-05-25T16:10:33+08:00][sql] SELECT `article_id`,`article_title`,`article_desc`,`article_content`,`article_img`,`article_guide`,`article_label`,`click_num`,`is_show`,`add_time`,`article_author` FROM `carver_article` WHERE  `article_id` < 17/ ORDER BY `article_id` DESC LIMIT 1 [ RunTime:0.000365s ]
[2021-05-25T16:10:33+08:00][sql] SHOW FULL COLUMNS FROM `carver_link` [ RunTime:0.000572s ]
[2021-05-25T16:10:33+08:00][sql] SELECT * FROM `carver_link` WHERE  ( is_confirm=2 ) LIMIT 20 [ RunTime:0.000295s ]
[2021-05-25T16:10:33+08:00][sql] SELECT article_id,article_title,click_num,FROM_UNIXTIME(add_time,'%Y-%m-%d') as add_time FROM `carver_article` ORDER BY `click_num` DESC LIMIT 3 [ RunTime:0.000394s ]
[2021-05-25T16:10:33+08:00][sql] SHOW FULL COLUMNS FROM `carver_comment` [ RunTime:0.000509s ]
[2021-05-25T16:10:33+08:00][sql] SELECT `a`.*,`b`.`user_name` FROM `carver_comment` `a` INNER JOIN `carver_user` `b` ON `a`.`user_id`=`b`.`user_id` WHERE  `article_id` = 17/ ORDER BY `create_time` DESC [ RunTime:0.000331s ]
[2021-05-25T16:10:33+08:00][sql] SHOW FULL COLUMNS FROM `carver_comment_to_others` [ RunTime:0.000503s ]
[2021-05-25T16:10:33+08:00][sql] SELECT * FROM `carver_comment_to_others` [ RunTime:0.000229s ]
[2021-05-25T16:10:33+08:00][sql] SHOW FULL COLUMNS FROM `carver_user` [ RunTime:0.000463s ]
[2021-05-25T16:10:33+08:00][sql] SELECT `user_name` FROM `carver_user` WHERE  `user_id` = 4 LIMIT 1 [ RunTime:0.000254s ]
[2021-05-25T16:10:33+08:00][sql] SELECT `user_name` FROM `carver_user` WHERE  `user_id` = 4 LIMIT 1 [ RunTime:0.000210s ]
[2021-05-25T16:10:33+08:00][sql] SELECT `user_name` FROM `carver_user` WHERE  `user_id` = 5 LIMIT 1 [ RunTime:0.000210s ]
[2021-05-25T16:10:33+08:00][sql] SELECT `user_name` FROM `carver_user` WHERE  `user_id` = 5 LIMIT 1 [ RunTime:0.000232s ]
[2021-05-25T16:10:33+08:00][sql] SELECT `user_name` FROM `carver_user` WHERE  `user_id` = 37 LIMIT 1 [ RunTime:0.000215s ]
[2021-05-25T16:10:33+08:00][sql] SELECT `user_name`,`user_id` FROM `carver_user` [ RunTime:0.000251s ]
[2021-05-25T16:10:33+08:00][sql] SHOW FULL COLUMNS FROM `carver_navigation` [ RunTime:0.000519s ]
[2021-05-25T16:10:33+08:00][sql] SELECT * FROM `carver_navigation` [ RunTime:0.000247s ]
[2021-05-25T16:10:33+08:00][sql] SELECT `article_label` FROM `carver_article` [ RunTime:0.000251s ]
[2021-05-25T16:10:36+08:00][sql] CONNECT:[ UseTime:0.000683s ] mysql:host=127.0.0.1;port=3306;dbname=carver;charset=utf8
[2021-05-25T16:10:36+08:00][sql] SHOW FULL COLUMNS FROM `carver_article` [ RunTime:0.001198s ]
[2021-05-25T16:10:36+08:00][sql] SELECT `article_id`,`article_title`,`article_desc`,`article_content`,`article_img`,`article_guide`,`article_label`,`click_num`,`is_show`,`add_time`,`article_author` FROM `carver_article` WHERE  `article_id` = 18/ LIMIT 1 [ RunTime:0.000664s ]
[2021-05-25T16:10:36+08:00][sql] SELECT `article_id`,`article_title`,`article_desc`,`article_content`,`article_img`,`article_guide`,`article_label`,`click_num`,`is_show`,`add_time`,`article_author` FROM `carver_article` WHERE  `article_id` > 18/ LIMIT 1 [ RunTime:0.002494s ]
[2021-05-25T16:10:36+08:00][sql] SELECT `article_id`,`article_title`,`article_desc`,`article_content`,`article_img`,`article_guide`,`article_label`,`click_num`,`is_show`,`add_time`,`article_author` FROM `carver_article` WHERE  `article_id` < 18/ ORDER BY `article_id` DESC LIMIT 1 [ RunTime:0.000521s ]
[2021-05-25T16:10:36+08:00][sql] SHOW FULL COLUMNS FROM `carver_link` [ RunTime:0.000598s ]
[2021-05-25T16:10:36+08:00][sql] SELECT * FROM `carver_link` WHERE  ( is_confirm=2 ) LIMIT 20 [ RunTime:0.000364s ]
[2021-05-25T16:10:36+08:00][sql] SELECT article_id,article_title,click_num,FROM_UNIXTIME(add_time,'%Y-%m-%d') as add_time FROM `carver_article` ORDER BY `click_num` DESC LIMIT 3 [ RunTime:0.000517s ]
[2021-05-25T16:10:36+08:00][sql] SHOW FULL COLUMNS FROM `carver_comment` [ RunTime:0.000766s ]
[2021-05-25T16:10:36+08:00][sql] SELECT `a`.*,`b`.`user_name` FROM `carver_comment` `a` INNER JOIN `carver_user` `b` ON `a`.`user_id`=`b`.`user_id` WHERE  `article_id` = 18/ ORDER BY `create_time` DESC [ RunTime:0.000403s ]
[2021-05-25T16:10:36+08:00][sql] SHOW FULL COLUMNS FROM `carver_comment_to_others` [ RunTime:0.000504s ]
[2021-05-25T16:10:36+08:00][sql] SELECT * FROM `carver_comment_to_others` [ RunTime:0.000241s ]
[2021-05-25T16:10:36+08:00][sql] SHOW FULL COLUMNS FROM `carver_user` [ RunTime:0.000519s ]
[2021-05-25T16:10:36+08:00][sql] SELECT `user_name` FROM `carver_user` WHERE  `user_id` = 4 LIMIT 1 [ RunTime:0.000255s ]
[2021-05-25T16:10:36+08:00][sql] SELECT `user_name` FROM `carver_user` WHERE  `user_id` = 4 LIMIT 1 [ RunTime:0.000227s ]
[2021-05-25T16:10:36+08:00][sql] SELECT `user_name` FROM `carver_user` WHERE  `user_id` = 5 LIMIT 1 [ RunTime:0.000251s ]
[2021-05-25T16:10:36+08:00][sql] SELECT `user_name` FROM `carver_user` WHERE  `user_id` = 5 LIMIT 1 [ RunTime:0.000235s ]
[2021-05-25T16:10:36+08:00][sql] SELECT `user_name` FROM `carver_user` WHERE  `user_id` = 37 LIMIT 1 [ RunTime:0.000228s ]
[2021-05-25T16:10:36+08:00][sql] SHOW FULL COLUMNS FROM `carver_navigation` [ RunTime:0.000576s ]
[2021-05-25T16:10:36+08:00][sql] SELECT * FROM `carver_navigation` [ RunTime:0.000243s ]
[2021-05-25T16:10:36+08:00][sql] SELECT `article_label` FROM `carver_article` [ RunTime:0.000283s ]
[2021-05-25T16:10:38+08:00][sql] CONNECT:[ UseTime:0.000586s ] mysql:host=127.0.0.1;port=3306;dbname=carver;charset=utf8
[2021-05-25T16:10:38+08:00][sql] SHOW FULL COLUMNS FROM `carver_article` [ RunTime:0.000894s ]
[2021-05-25T16:10:38+08:00][sql] SELECT `article_id`,`article_title`,`article_desc`,`article_content`,`article_img`,`article_guide`,`article_label`,`click_num`,`is_show`,`add_time`,`article_author` FROM `carver_article` WHERE  `article_id` = 24/ LIMIT 1 [ RunTime:0.000513s ]
[2021-05-25T16:10:38+08:00][sql] SELECT `article_id`,`article_title`,`article_desc`,`article_content`,`article_img`,`article_guide`,`article_label`,`click_num`,`is_show`,`add_time`,`article_author` FROM `carver_article` WHERE  `article_id` > 24/ LIMIT 1 [ RunTime:0.000444s ]
[2021-05-25T16:10:38+08:00][sql] SELECT `article_id`,`article_title`,`article_desc`,`article_content`,`article_img`,`article_guide`,`article_label`,`click_num`,`is_show`,`add_time`,`article_author` FROM `carver_article` WHERE  `article_id` < 24/ ORDER BY `article_id` DESC LIMIT 1 [ RunTime:0.000386s ]
[2021-05-25T16:10:38+08:00][sql] SHOW FULL COLUMNS FROM `carver_link` [ RunTime:0.000614s ]
[2021-05-25T16:10:38+08:00][sql] SELECT * FROM `carver_link` WHERE  ( is_confirm=2 ) LIMIT 20 [ RunTime:0.000299s ]
[2021-05-25T16:10:38+08:00][sql] SELECT article_id,article_title,click_num,FROM_UNIXTIME(add_time,'%Y-%m-%d') as add_time FROM `carver_article` ORDER BY `click_num` DESC LIMIT 3 [ RunTime:0.000361s ]
[2021-05-25T16:10:38+08:00][sql] SHOW FULL COLUMNS FROM `carver_comment` [ RunTime:0.000619s ]
[2021-05-25T16:10:38+08:00][sql] SELECT `a`.*,`b`.`user_name` FROM `carver_comment` `a` INNER JOIN `carver_user` `b` ON `a`.`user_id`=`b`.`user_id` WHERE  `article_id` = 24/ ORDER BY `create_time` DESC [ RunTime:0.000408s ]
[2021-05-25T16:10:38+08:00][sql] SHOW FULL COLUMNS FROM `carver_comment_to_others` [ RunTime:0.000528s ]
[2021-05-25T16:10:38+08:00][sql] SELECT * FROM `carver_comment_to_others` [ RunTime:0.000290s ]
[2021-05-25T16:10:38+08:00][sql] SHOW FULL COLUMNS FROM `carver_user` [ RunTime:0.000487s ]
[2021-05-25T16:10:38+08:00][sql] SELECT `user_name` FROM `carver_user` WHERE  `user_id` = 4 LIMIT 1 [ RunTime:0.000267s ]
[2021-05-25T16:10:38+08:00][sql] SELECT `user_name` FROM `carver_user` WHERE  `user_id` = 4 LIMIT 1 [ RunTime:0.000211s ]
[2021-05-25T16:10:38+08:00][sql] SELECT `user_name` FROM `carver_user` WHERE  `user_id` = 5 LIMIT 1 [ RunTime:0.000209s ]
[2021-05-25T16:10:38+08:00][sql] SELECT `user_name` FROM `carver_user` WHERE  `user_id` = 5 LIMIT 1 [ RunTime:0.000242s ]
[2021-05-25T16:10:38+08:00][sql] SELECT `user_name` FROM `carver_user` WHERE  `user_id` = 37 LIMIT 1 [ RunTime:0.000213s ]
[2021-05-25T16:10:38+08:00][sql] SHOW FULL COLUMNS FROM `carver_navigation` [ RunTime:0.000504s ]
[2021-05-25T16:10:38+08:00][sql] SELECT * FROM `carver_navigation` [ RunTime:0.000280s ]
[2021-05-25T16:10:38+08:00][sql] SELECT `article_label` FROM `carver_article` [ RunTime:0.000262s ]
[2021-05-25T16:10:40+08:00][sql] CONNECT:[ UseTime:0.000693s ] mysql:host=127.0.0.1;port=3306;dbname=carver;charset=utf8
[2021-05-25T16:10:40+08:00][sql] SHOW FULL COLUMNS FROM `carver_article` [ RunTime:0.000853s ]
[2021-05-25T16:10:40+08:00][sql] SELECT COUNT(*) AS think_count FROM `carver_article` WHERE  `article_label` LIKE '%git/%'  AND `delete_time` = 0  AND `is_show` = 1 [ RunTime:0.000462s ]
[2021-05-25T16:10:40+08:00][sql] SELECT * FROM `carver_article` WHERE  `article_label` LIKE '%git/%'  AND `delete_time` = 0  AND `is_show` = 1 LIMIT 0,6 [ RunTime:0.001036s ]
[2021-05-25T16:10:40+08:00][sql] SELECT article_id,article_title,click_num,FROM_UNIXTIME(add_time,'%Y-%m-%d') as add_time FROM `carver_article` WHERE  `is_show` = 1  AND `delete_time` = 0 ORDER BY `click_num` DESC LIMIT 3 [ RunTime:0.000608s ]
[2021-05-25T16:10:40+08:00][sql] SHOW FULL COLUMNS FROM `carver_notice` [ RunTime:0.000681s ]
[2021-05-25T16:10:40+08:00][sql] SELECT * FROM `carver_notice` ORDER BY `create_time` DESC LIMIT 3 [ RunTime:0.000328s ]
[2021-05-25T16:10:40+08:00][sql] SHOW FULL COLUMNS FROM `carver_navigation` [ RunTime:0.000583s ]
[2021-05-25T16:10:40+08:00][sql] SELECT * FROM `carver_navigation` [ RunTime:0.000282s ]
[2021-05-25T16:10:40+08:00][sql] SHOW FULL COLUMNS FROM `carver_link` [ RunTime:0.000534s ]
[2021-05-25T16:10:40+08:00][sql] SELECT * FROM `carver_link` WHERE  ( is_confirm=2 ) LIMIT 20 [ RunTime:0.000374s ]
[2021-05-25T16:10:40+08:00][sql] SELECT `article_label` FROM `carver_article` [ RunTime:0.000294s ]
[2021-05-25T16:10:40+08:00][sql] SHOW FULL COLUMNS FROM `carver_carouse` [ RunTime:0.000502s ]
[2021-05-25T16:10:40+08:00][sql] SELECT `carouse_img`,`carouse_desc` FROM `carver_carouse` WHERE  `is_show` = 1 ORDER BY `carouse_sort` DESC LIMIT 3 [ RunTime:0.000354s ]
[2021-05-25T16:10:40+08:00][sql] SHOW FULL COLUMNS FROM `carver_site` [ RunTime:0.000535s ]
[2021-05-25T16:10:40+08:00][sql] SELECT * FROM `carver_site` [ RunTime:0.000315s ]
[2021-05-25T16:10:45+08:00][sql] CONNECT:[ UseTime:0.000602s ] mysql:host=127.0.0.1;port=3306;dbname=carver;charset=utf8
[2021-05-25T16:10:45+08:00][sql] SHOW FULL COLUMNS FROM `carver_article` [ RunTime:0.000844s ]
[2021-05-25T16:10:45+08:00][sql] SELECT COUNT(*) AS think_count FROM `carver_article` WHERE  `article_label` LIKE '%linux/%'  AND `delete_time` = 0  AND `is_show` = 1 [ RunTime:0.000435s ]
[2021-05-25T16:10:45+08:00][sql] SELECT * FROM `carver_article` WHERE  `article_label` LIKE '%linux/%'  AND `delete_time` = 0  AND `is_show` = 1 LIMIT 0,6 [ RunTime:0.000952s ]
[2021-05-25T16:10:45+08:00][sql] SELECT article_id,article_title,click_num,FROM_UNIXTIME(add_time,'%Y-%m-%d') as add_time FROM `carver_article` WHERE  `is_show` = 1  AND `delete_time` = 0 ORDER BY `click_num` DESC LIMIT 3 [ RunTime:0.000479s ]
[2021-05-25T16:10:45+08:00][sql] SHOW FULL COLUMNS FROM `carver_notice` [ RunTime:0.000713s ]
[2021-05-25T16:10:45+08:00][sql] SELECT * FROM `carver_notice` ORDER BY `create_time` DESC LIMIT 3 [ RunTime:0.000344s ]
[2021-05-25T16:10:45+08:00][sql] SHOW FULL COLUMNS FROM `carver_navigation` [ RunTime:0.000605s ]
[2021-05-25T16:10:45+08:00][sql] SELECT * FROM `carver_navigation` [ RunTime:0.000286s ]
[2021-05-25T16:10:45+08:00][sql] SHOW FULL COLUMNS FROM `carver_link` [ RunTime:0.000555s ]
[2021-05-25T16:10:45+08:00][sql] SELECT * FROM `carver_link` WHERE  ( is_confirm=2 ) LIMIT 20 [ RunTime:0.000401s ]
[2021-05-25T16:10:45+08:00][sql] SELECT `article_label` FROM `carver_article` [ RunTime:0.000299s ]
[2021-05-25T16:10:45+08:00][sql] SHOW FULL COLUMNS FROM `carver_carouse` [ RunTime:0.000515s ]
[2021-05-25T16:10:45+08:00][sql] SELECT `carouse_img`,`carouse_desc` FROM `carver_carouse` WHERE  `is_show` = 1 ORDER BY `carouse_sort` DESC LIMIT 3 [ RunTime:0.000330s ]
[2021-05-25T16:10:45+08:00][sql] SHOW FULL COLUMNS FROM `carver_site` [ RunTime:0.000511s ]
[2021-05-25T16:10:45+08:00][sql] SELECT * FROM `carver_site` [ RunTime:0.000307s ]
[2021-05-25T16:10:52+08:00][sql] CONNECT:[ UseTime:0.000517s ] mysql:host=127.0.0.1;port=3306;dbname=carver;charset=utf8
[2021-05-25T16:10:52+08:00][sql] SHOW FULL COLUMNS FROM `carver_article` [ RunTime:0.000906s ]
[2021-05-25T16:10:52+08:00][sql] SELECT COUNT(*) AS think_count FROM `carver_article` WHERE  `article_label` LIKE '%mysql/%'  AND `delete_time` = 0  AND `is_show` = 1 [ RunTime:0.000417s ]
[2021-05-25T16:10:52+08:00][sql] SELECT * FROM `carver_article` WHERE  `article_label` LIKE '%mysql/%'  AND `delete_time` = 0  AND `is_show` = 1 LIMIT 0,6 [ RunTime:0.000967s ]
[2021-05-25T16:10:52+08:00][sql] SELECT article_id,article_title,click_num,FROM_UNIXTIME(add_time,'%Y-%m-%d') as add_time FROM `carver_article` WHERE  `is_show` = 1  AND `delete_time` = 0 ORDER BY `click_num` DESC LIMIT 3 [ RunTime:0.000424s ]
[2021-05-25T16:10:52+08:00][sql] SHOW FULL COLUMNS FROM `carver_notice` [ RunTime:0.000593s ]
[2021-05-25T16:10:52+08:00][sql] SELECT * FROM `carver_notice` ORDER BY `create_time` DESC LIMIT 3 [ RunTime:0.000285s ]
[2021-05-25T16:10:52+08:00][sql] SHOW FULL COLUMNS FROM `carver_navigation` [ RunTime:0.000537s ]
[2021-05-25T16:10:52+08:00][sql] SELECT * FROM `carver_navigation` [ RunTime:0.000282s ]
[2021-05-25T16:10:52+08:00][sql] SHOW FULL COLUMNS FROM `carver_link` [ RunTime:0.000550s ]
[2021-05-25T16:10:52+08:00][sql] SELECT * FROM `carver_link` WHERE  ( is_confirm=2 ) LIMIT 20 [ RunTime:0.000359s ]
[2021-05-25T16:10:52+08:00][sql] SELECT `article_label` FROM `carver_article` [ RunTime:0.000273s ]
[2021-05-25T16:10:52+08:00][sql] SHOW FULL COLUMNS FROM `carver_carouse` [ RunTime:0.000503s ]
[2021-05-25T16:10:52+08:00][sql] SELECT `carouse_img`,`carouse_desc` FROM `carver_carouse` WHERE  `is_show` = 1 ORDER BY `carouse_sort` DESC LIMIT 3 [ RunTime:0.000308s ]
[2021-05-25T16:10:52+08:00][sql] SHOW FULL COLUMNS FROM `carver_site` [ RunTime:0.000513s ]
[2021-05-25T16:10:52+08:00][sql] SELECT * FROM `carver_site` [ RunTime:0.000273s ]
[2021-05-25T16:10:54+08:00][sql] CONNECT:[ UseTime:0.000592s ] mysql:host=127.0.0.1;port=3306;dbname=carver;charset=utf8
[2021-05-25T16:10:54+08:00][sql] SHOW FULL COLUMNS FROM `carver_article` [ RunTime:0.000876s ]
[2021-05-25T16:10:54+08:00][sql] SELECT COUNT(*) AS think_count FROM `carver_article` WHERE  `article_label` LIKE '%nginx/%'  AND `delete_time` = 0  AND `is_show` = 1 [ RunTime:0.000411s ]
[2021-05-25T16:10:54+08:00][sql] SELECT * FROM `carver_article` WHERE  `article_label` LIKE '%nginx/%'  AND `delete_time` = 0  AND `is_show` = 1 LIMIT 0,6 [ RunTime:0.000897s ]
[2021-05-25T16:10:54+08:00][sql] SELECT article_id,article_title,click_num,FROM_UNIXTIME(add_time,'%Y-%m-%d') as add_time FROM `carver_article` WHERE  `is_show` = 1  AND `delete_time` = 0 ORDER BY `click_num` DESC LIMIT 3 [ RunTime:0.000669s ]
[2021-05-25T16:10:54+08:00][sql] SHOW FULL COLUMNS FROM `carver_notice` [ RunTime:0.000575s ]
[2021-05-25T16:10:54+08:00][sql] SELECT * FROM `carver_notice` ORDER BY `create_time` DESC LIMIT 3 [ RunTime:0.000284s ]
[2021-05-25T16:10:54+08:00][sql] SHOW FULL COLUMNS FROM `carver_navigation` [ RunTime:0.000545s ]
[2021-05-25T16:10:54+08:00][sql] SELECT * FROM `carver_navigation` [ RunTime:0.000340s ]
[2021-05-25T16:10:54+08:00][sql] SHOW FULL COLUMNS FROM `carver_link` [ RunTime:0.000513s ]
[2021-05-25T16:10:54+08:00][sql] SELECT * FROM `carver_link` WHERE  ( is_confirm=2 ) LIMIT 20 [ RunTime:0.000336s ]
[2021-05-25T16:10:54+08:00][sql] SELECT `article_label` FROM `carver_article` [ RunTime:0.000269s ]
[2021-05-25T16:10:54+08:00][sql] SHOW FULL COLUMNS FROM `carver_carouse` [ RunTime:0.000498s ]
[2021-05-25T16:10:54+08:00][sql] SELECT `carouse_img`,`carouse_desc` FROM `carver_carouse` WHERE  `is_show` = 1 ORDER BY `carouse_sort` DESC LIMIT 3 [ RunTime:0.000307s ]
[2021-05-25T16:10:54+08:00][sql] SHOW FULL COLUMNS FROM `carver_site` [ RunTime:0.000510s ]
[2021-05-25T16:10:54+08:00][sql] SELECT * FROM `carver_site` [ RunTime:0.000254s ]
[2021-05-25T16:10:59+08:00][sql] CONNECT:[ UseTime:0.000758s ] mysql:host=127.0.0.1;port=3306;dbname=carver;charset=utf8
[2021-05-25T16:10:59+08:00][sql] SHOW FULL COLUMNS FROM `carver_article` [ RunTime:0.000883s ]
[2021-05-25T16:10:59+08:00][sql] SELECT COUNT(*) AS think_count FROM `carver_article` WHERE  `article_label` LIKE '%网络安全/%'  AND `delete_time` = 0  AND `is_show` = 1 [ RunTime:0.000422s ]
[2021-05-25T16:10:59+08:00][sql] SELECT * FROM `carver_article` WHERE  `article_label` LIKE '%网络安全/%'  AND `delete_time` = 0  AND `is_show` = 1 LIMIT 0,6 [ RunTime:0.000901s ]
[2021-05-25T16:10:59+08:00][sql] SELECT article_id,article_title,click_num,FROM_UNIXTIME(add_time,'%Y-%m-%d') as add_time FROM `carver_article` WHERE  `is_show` = 1  AND `delete_time` = 0 ORDER BY `click_num` DESC LIMIT 3 [ RunTime:0.000688s ]
[2021-05-25T16:10:59+08:00][sql] SHOW FULL COLUMNS FROM `carver_notice` [ RunTime:0.000626s ]
[2021-05-25T16:10:59+08:00][sql] SELECT * FROM `carver_notice` ORDER BY `create_time` DESC LIMIT 3 [ RunTime:0.000310s ]
[2021-05-25T16:10:59+08:00][sql] SHOW FULL COLUMNS FROM `carver_navigation` [ RunTime:0.000544s ]
[2021-05-25T16:10:59+08:00][sql] SELECT * FROM `carver_navigation` [ RunTime:0.000288s ]
[2021-05-25T16:10:59+08:00][sql] SHOW FULL COLUMNS FROM `carver_link` [ RunTime:0.000549s ]
[2021-05-25T16:10:59+08:00][sql] SELECT * FROM `carver_link` WHERE  ( is_confirm=2 ) LIMIT 20 [ RunTime:0.000336s ]
[2021-05-25T16:10:59+08:00][sql] SELECT `article_label` FROM `carver_article` [ RunTime:0.000254s ]
[2021-05-25T16:10:59+08:00][sql] SHOW FULL COLUMNS FROM `carver_carouse` [ RunTime:0.000599s ]
[2021-05-25T16:10:59+08:00][sql] SELECT `carouse_img`,`carouse_desc` FROM `carver_carouse` WHERE  `is_show` = 1 ORDER BY `carouse_sort` DESC LIMIT 3 [ RunTime:0.000297s ]
[2021-05-25T16:10:59+08:00][sql] SHOW FULL COLUMNS FROM `carver_site` [ RunTime:0.000514s ]
[2021-05-25T16:10:59+08:00][sql] SELECT * FROM `carver_site` [ RunTime:0.000268s ]
[2021-05-25T16:11:03+08:00][sql] CONNECT:[ UseTime:0.000629s ] mysql:host=127.0.0.1;port=3306;dbname=carver;charset=utf8
[2021-05-25T16:11:03+08:00][sql] SHOW FULL COLUMNS FROM `carver_article` [ RunTime:0.000888s ]
[2021-05-25T16:11:03+08:00][sql] SELECT COUNT(*) AS think_count FROM `carver_article` WHERE  `article_label` LIKE '%设计模式/%'  AND `delete_time` = 0  AND `is_show` = 1 [ RunTime:0.000423s ]
[2021-05-25T16:11:03+08:00][sql] SELECT * FROM `carver_article` WHERE  `article_label` LIKE '%设计模式/%'  AND `delete_time` = 0  AND `is_show` = 1 LIMIT 0,6 [ RunTime:0.000919s ]
[2021-05-25T16:11:03+08:00][sql] SELECT article_id,article_title,click_num,FROM_UNIXTIME(add_time,'%Y-%m-%d') as add_time FROM `carver_article` WHERE  `is_show` = 1  AND `delete_time` = 0 ORDER BY `click_num` DESC LIMIT 3 [ RunTime:0.000460s ]
[2021-05-25T16:11:03+08:00][sql] SHOW FULL COLUMNS FROM `carver_notice` [ RunTime:0.000580s ]
[2021-05-25T16:11:03+08:00][sql] SELECT * FROM `carver_notice` ORDER BY `create_time` DESC LIMIT 3 [ RunTime:0.000287s ]
[2021-05-25T16:11:03+08:00][sql] SHOW FULL COLUMNS FROM `carver_navigation` [ RunTime:0.000538s ]
[2021-05-25T16:11:03+08:00][sql] SELECT * FROM `carver_navigation` [ RunTime:0.000314s ]
[2021-05-25T16:11:03+08:00][sql] SHOW FULL COLUMNS FROM `carver_link` [ RunTime:0.000562s ]
[2021-05-25T16:11:03+08:00][sql] SELECT * FROM `carver_link` WHERE  ( is_confirm=2 ) LIMIT 20 [ RunTime:0.000334s ]
[2021-05-25T16:11:03+08:00][sql] SELECT `article_label` FROM `carver_article` [ RunTime:0.000286s ]
[2021-05-25T16:11:03+08:00][sql] SHOW FULL COLUMNS FROM `carver_carouse` [ RunTime:0.000544s ]
[2021-05-25T16:11:03+08:00][sql] SELECT `carouse_img`,`carouse_desc` FROM `carver_carouse` WHERE  `is_show` = 1 ORDER BY `carouse_sort` DESC LIMIT 3 [ RunTime:0.000316s ]
[2021-05-25T16:11:03+08:00][sql] SHOW FULL COLUMNS FROM `carver_site` [ RunTime:0.000565s ]
[2021-05-25T16:11:03+08:00][sql] SELECT * FROM `carver_site` [ RunTime:0.000270s ]
[2021-05-25T16:11:07+08:00][sql] CONNECT:[ UseTime:0.000574s ] mysql:host=127.0.0.1;port=3306;dbname=carver;charset=utf8
[2021-05-25T16:11:07+08:00][sql] SHOW FULL COLUMNS FROM `carver_article` [ RunTime:0.000881s ]
[2021-05-25T16:11:07+08:00][sql] SELECT COUNT(*) AS think_count FROM `carver_article` WHERE  `article_guide` = 8/  AND `delete_time` = 0  AND `is_show` = 1 [ RunTime:0.000397s ]
[2021-05-25T16:11:07+08:00][sql] SELECT * FROM `carver_article` WHERE  `article_guide` = 8/  AND `delete_time` = 0  AND `is_show` = 1 ORDER BY `add_time` DESC LIMIT 0,6 [ RunTime:0.000578s ]
[2021-05-25T16:11:07+08:00][sql] SELECT article_id,article_title,click_num,FROM_UNIXTIME(add_time,'%Y-%m-%d') as add_time FROM `carver_article` WHERE  `is_show` = 1  AND `delete_time` = 0 ORDER BY `click_num` DESC LIMIT 3 [ RunTime:0.000404s ]
[2021-05-25T16:11:07+08:00][sql] SHOW FULL COLUMNS FROM `carver_notice` [ RunTime:0.001405s ]
[2021-05-25T16:11:07+08:00][sql] SELECT * FROM `carver_notice` ORDER BY `create_time` DESC LIMIT 3 [ RunTime:0.000273s ]
[2021-05-25T16:11:07+08:00][sql] SHOW FULL COLUMNS FROM `carver_navigation` [ RunTime:0.000527s ]
[2021-05-25T16:11:07+08:00][sql] SELECT * FROM `carver_navigation` [ RunTime:0.000233s ]
[2021-05-25T16:11:07+08:00][sql] SELECT `article_label` FROM `carver_article` [ RunTime:0.000265s ]
[2021-05-25T16:11:07+08:00][sql] SHOW FULL COLUMNS FROM `carver_carouse` [ RunTime:0.000568s ]
[2021-05-25T16:11:07+08:00][sql] SELECT `carouse_img`,`carouse_desc` FROM `carver_carouse` WHERE  `is_show` = 1 ORDER BY `carouse_sort` DESC LIMIT 3 [ RunTime:0.000285s ]
[2021-05-25T16:11:07+08:00][sql] SHOW FULL COLUMNS FROM `carver_link` [ RunTime:0.000472s ]
[2021-05-25T16:11:07+08:00][sql] SELECT * FROM `carver_link` WHERE  ( is_confirm=2 ) LIMIT 20 [ RunTime:0.000285s ]
[2021-05-25T16:11:07+08:00][sql] SHOW FULL COLUMNS FROM `carver_site` [ RunTime:0.000518s ]
[2021-05-25T16:11:07+08:00][sql] SELECT * FROM `carver_site` [ RunTime:0.000233s ]
[2021-05-25T16:59:00+08:00][sql] CONNECT:[ UseTime:0.000498s ] mysql:host=127.0.0.1;port=3306;dbname=carver;charset=utf8
[2021-05-25T16:59:00+08:00][sql] SHOW FULL COLUMNS FROM `carver_user` [ RunTime:0.000813s ]
[2021-05-25T16:59:00+08:00][sql] SHOW FULL COLUMNS FROM `carver_article` [ RunTime:0.000700s ]
[2021-05-25T16:59:00+08:00][sql] SELECT COUNT(*) AS think_count FROM `carver_article` WHERE  `delete_time` = 0  AND `is_show` = 1 [ RunTime:0.000495s ]
[2021-05-25T16:59:00+08:00][sql] SELECT `article_id`,`article_title`,`article_desc`,`article_content`,`article_img`,`article_guide`,`article_label`,`click_num`,`is_show`,`add_time`,`article_author`,`is_top_show` FROM `carver_article` WHERE  `delete_time` = 0  AND `is_show` = 1 ORDER BY `article_id` DESC LIMIT 0,6 [ RunTime:0.000698s ]
[2021-05-25T16:59:00+08:00][sql] SELECT article_id,article_title,click_num,FROM_UNIXTIME(add_time,'%Y-%m-%d') as add_time FROM `carver_article` WHERE  `is_show` = 1  AND `delete_time` = 0 ORDER BY `click_num` DESC LIMIT 3 [ RunTime:0.000560s ]
[2021-05-25T16:59:00+08:00][sql] SHOW FULL COLUMNS FROM `carver_notice` [ RunTime:0.000577s ]
[2021-05-25T16:59:00+08:00][sql] SELECT * FROM `carver_notice` ORDER BY `create_time` DESC LIMIT 3 [ RunTime:0.000279s ]
[2021-05-25T16:59:00+08:00][sql] SHOW FULL COLUMNS FROM `carver_navigation` [ RunTime:0.000523s ]
[2021-05-25T16:59:00+08:00][sql] SELECT * FROM `carver_navigation` [ RunTime:0.000256s ]
[2021-05-25T16:59:00+08:00][sql] SHOW FULL COLUMNS FROM `carver_link` [ RunTime:0.000488s ]
[2021-05-25T16:59:00+08:00][sql] SELECT * FROM `carver_link` WHERE  ( is_confirm=2 ) LIMIT 20 [ RunTime:0.000297s ]
[2021-05-25T16:59:00+08:00][sql] SELECT `article_label` FROM `carver_article` [ RunTime:0.000289s ]
[2021-05-25T16:59:00+08:00][sql] SHOW FULL COLUMNS FROM `carver_carouse` [ RunTime:0.000495s ]
[2021-05-25T16:59:00+08:00][sql] SELECT `carouse_img`,`carouse_desc` FROM `carver_carouse` WHERE  `is_show` = 1 ORDER BY `carouse_sort` DESC LIMIT 3 [ RunTime:0.000583s ]
[2021-05-25T16:59:00+08:00][sql] SHOW FULL COLUMNS FROM `carver_site` [ RunTime:0.000476s ]
[2021-05-25T16:59:00+08:00][sql] SELECT * FROM `carver_site` [ RunTime:0.000221s ]
[2021-05-25T18:39:44+08:00][sql] CONNECT:[ UseTime:0.000508s ] mysql:host=127.0.0.1;port=3306;dbname=carver;charset=utf8
[2021-05-25T18:39:44+08:00][sql] SHOW FULL COLUMNS FROM `carver_article` [ RunTime:0.000845s ]
[2021-05-25T18:39:44+08:00][sql] SELECT `article_id`,`article_title`,`article_desc`,`article_content`,`article_img`,`article_guide`,`article_label`,`click_num`,`is_show`,`add_time`,`article_author` FROM `carver_article` WHERE  `article_id` = 17'A=0 LIMIT 1 [ RunTime:0.000520s ]
[2021-05-25T18:39:44+08:00][sql] SELECT `article_id`,`article_title`,`article_desc`,`article_content`,`article_img`,`article_guide`,`article_label`,`click_num`,`is_show`,`add_time`,`article_author` FROM `carver_article` WHERE  `article_id` > 17'A=0 LIMIT 1 [ RunTime:0.000423s ]
[2021-05-25T18:39:44+08:00][sql] SELECT `article_id`,`article_title`,`article_desc`,`article_content`,`article_img`,`article_guide`,`article_label`,`click_num`,`is_show`,`add_time`,`article_author` FROM `carver_article` WHERE  `article_id` < 17'A=0 ORDER BY `article_id` DESC LIMIT 1 [ RunTime:0.000355s ]
[2021-05-25T18:39:44+08:00][sql] SHOW FULL COLUMNS FROM `carver_link` [ RunTime:0.000513s ]
[2021-05-25T18:39:44+08:00][sql] SELECT * FROM `carver_link` WHERE  ( is_confirm=2 ) LIMIT 20 [ RunTime:0.000284s ]
[2021-05-25T18:39:44+08:00][sql] SELECT article_id,article_title,click_num,FROM_UNIXTIME(add_time,'%Y-%m-%d') as add_time FROM `carver_article` ORDER BY `click_num` DESC LIMIT 3 [ RunTime:0.000336s ]
[2021-05-25T18:39:44+08:00][sql] SHOW FULL COLUMNS FROM `carver_comment` [ RunTime:0.000488s ]
[2021-05-25T18:39:44+08:00][sql] SELECT `a`.*,`b`.`user_name` FROM `carver_comment` `a` INNER JOIN `carver_user` `b` ON `a`.`user_id`=`b`.`user_id` WHERE  `article_id` = 17'A=0 ORDER BY `create_time` DESC [ RunTime:0.000366s ]
[2021-05-25T18:39:44+08:00][sql] SHOW FULL COLUMNS FROM `carver_comment_to_others` [ RunTime:0.000512s ]
[2021-05-25T18:39:44+08:00][sql] SELECT * FROM `carver_comment_to_others` [ RunTime:0.000227s ]
[2021-05-25T18:39:44+08:00][sql] SHOW FULL COLUMNS FROM `carver_user` [ RunTime:0.000421s ]
[2021-05-25T18:39:44+08:00][sql] SELECT `user_name` FROM `carver_user` WHERE  `user_id` = 4 LIMIT 1 [ RunTime:0.000240s ]
[2021-05-25T18:39:44+08:00][sql] SELECT `user_name` FROM `carver_user` WHERE  `user_id` = 4 LIMIT 1 [ RunTime:0.000219s ]
[2021-05-25T18:39:44+08:00][sql] SELECT `user_name` FROM `carver_user` WHERE  `user_id` = 5 LIMIT 1 [ RunTime:0.000202s ]
[2021-05-25T18:39:44+08:00][sql] SELECT `user_name` FROM `carver_user` WHERE  `user_id` = 5 LIMIT 1 [ RunTime:0.000235s ]
[2021-05-25T18:39:44+08:00][sql] SELECT `user_name` FROM `carver_user` WHERE  `user_id` = 37 LIMIT 1 [ RunTime:0.000223s ]
[2021-05-25T18:39:44+08:00][sql] SELECT `user_name`,`user_id` FROM `carver_user` [ RunTime:0.000219s ]
[2021-05-25T18:39:44+08:00][sql] SHOW FULL COLUMNS FROM `carver_navigation` [ RunTime:0.000471s ]
[2021-05-25T18:39:44+08:00][sql] SELECT * FROM `carver_navigation` [ RunTime:0.000282s ]
[2021-05-25T18:39:44+08:00][sql] SELECT `article_label` FROM `carver_article` [ RunTime:0.000250s ]
[2021-05-25T18:50:58+08:00][sql] CONNECT:[ UseTime:0.000655s ] mysql:host=127.0.0.1;port=3306;dbname=carver;charset=utf8
[2021-05-25T18:50:58+08:00][sql] SHOW FULL COLUMNS FROM `carver_article` [ RunTime:0.000967s ]
[2021-05-25T18:50:58+08:00][sql] SELECT `article_id`,`article_title`,`article_desc`,`article_content`,`article_img`,`article_guide`,`article_label`,`click_num`,`is_show`,`add_time`,`article_author` FROM `carver_article` WHERE  `article_id` = 25/ LIMIT 1 [ RunTime:0.000510s ]
[2021-05-25T18:50:58+08:00][sql] SELECT `article_id`,`article_title`,`article_desc`,`article_content`,`article_img`,`article_guide`,`article_label`,`click_num`,`is_show`,`add_time`,`article_author` FROM `carver_article` WHERE  `article_id` > 25/ LIMIT 1 [ RunTime:0.000612s ]
[2021-05-25T18:50:58+08:00][sql] SELECT `article_id`,`article_title`,`article_desc`,`article_content`,`article_img`,`article_guide`,`article_label`,`click_num`,`is_show`,`add_time`,`article_author` FROM `carver_article` WHERE  `article_id` < 25/ ORDER BY `article_id` DESC LIMIT 1 [ RunTime:0.000562s ]
[2021-05-25T18:50:58+08:00][sql] SHOW FULL COLUMNS FROM `carver_link` [ RunTime:0.000612s ]
[2021-05-25T18:50:58+08:00][sql] SELECT * FROM `carver_link` WHERE  ( is_confirm=2 ) LIMIT 20 [ RunTime:0.000332s ]
[2021-05-25T18:50:58+08:00][sql] SELECT article_id,article_title,click_num,FROM_UNIXTIME(add_time,'%Y-%m-%d') as add_time FROM `carver_article` ORDER BY `click_num` DESC LIMIT 3 [ RunTime:0.000393s ]
[2021-05-25T18:50:58+08:00][sql] SHOW FULL COLUMNS FROM `carver_comment` [ RunTime:0.000632s ]
[2021-05-25T18:50:58+08:00][sql] SELECT `a`.*,`b`.`user_name` FROM `carver_comment` `a` INNER JOIN `carver_user` `b` ON `a`.`user_id`=`b`.`user_id` WHERE  `article_id` = 25/ ORDER BY `create_time` DESC [ RunTime:0.000383s ]
[2021-05-25T18:50:58+08:00][sql] SHOW FULL COLUMNS FROM `carver_comment_to_others` [ RunTime:0.000646s ]
[2021-05-25T18:50:58+08:00][sql] SELECT * FROM `carver_comment_to_others` [ RunTime:0.000260s ]
[2021-05-25T18:50:58+08:00][sql] SHOW FULL COLUMNS FROM `carver_user` [ RunTime:0.000479s ]
[2021-05-25T18:50:58+08:00][sql] SELECT `user_name` FROM `carver_user` WHERE  `user_id` = 4 LIMIT 1 [ RunTime:0.000280s ]
[2021-05-25T18:50:58+08:00][sql] SELECT `user_name` FROM `carver_user` WHERE  `user_id` = 4 LIMIT 1 [ RunTime:0.000270s ]
[2021-05-25T18:50:58+08:00][sql] SELECT `user_name` FROM `carver_user` WHERE  `user_id` = 5 LIMIT 1 [ RunTime:0.000223s ]
[2021-05-25T18:50:58+08:00][sql] SELECT `user_name` FROM `carver_user` WHERE  `user_id` = 5 LIMIT 1 [ RunTime:0.000243s ]
[2021-05-25T18:50:58+08:00][sql] SELECT `user_name` FROM `carver_user` WHERE  `user_id` = 37 LIMIT 1 [ RunTime:0.000237s ]
[2021-05-25T18:50:58+08:00][sql] SELECT `user_name`,`user_id` FROM `carver_user` [ RunTime:0.000238s ]
[2021-05-25T18:50:58+08:00][sql] SHOW FULL COLUMNS FROM `carver_navigation` [ RunTime:0.000566s ]
[2021-05-25T18:50:58+08:00][sql] SELECT * FROM `carver_navigation` [ RunTime:0.000269s ]
[2021-05-25T18:50:58+08:00][sql] SELECT `article_label` FROM `carver_article` [ RunTime:0.000273s ]
[2021-05-25T18:51:01+08:00][sql] CONNECT:[ UseTime:0.000667s ] mysql:host=127.0.0.1;port=3306;dbname=carver;charset=utf8
[2021-05-25T18:51:01+08:00][sql] SHOW FULL COLUMNS FROM `carver_article` [ RunTime:0.000852s ]
[2021-05-25T18:51:01+08:00][sql] SELECT `article_id`,`article_title`,`article_desc`,`article_content`,`article_img`,`article_guide`,`article_label`,`click_num`,`is_show`,`add_time`,`article_author` FROM `carver_article` WHERE  `article_id` = 26/ LIMIT 1 [ RunTime:0.000548s ]
[2021-05-25T18:51:01+08:00][sql] SELECT `article_id`,`article_title`,`article_desc`,`article_content`,`article_img`,`article_guide`,`article_label`,`click_num`,`is_show`,`add_time`,`article_author` FROM `carver_article` WHERE  `article_id` > 26/ LIMIT 1 [ RunTime:0.000380s ]
[2021-05-25T18:51:01+08:00][sql] SELECT `article_id`,`article_title`,`article_desc`,`article_content`,`article_img`,`article_guide`,`article_label`,`click_num`,`is_show`,`add_time`,`article_author` FROM `carver_article` WHERE  `article_id` < 26/ ORDER BY `article_id` DESC LIMIT 1 [ RunTime:0.000354s ]
[2021-05-25T18:51:01+08:00][sql] SHOW FULL COLUMNS FROM `carver_link` [ RunTime:0.000641s ]
[2021-05-25T18:51:01+08:00][sql] SELECT * FROM `carver_link` WHERE  ( is_confirm=2 ) LIMIT 20 [ RunTime:0.000298s ]
[2021-05-25T18:51:01+08:00][sql] SELECT article_id,article_title,click_num,FROM_UNIXTIME(add_time,'%Y-%m-%d') as add_time FROM `carver_article` ORDER BY `click_num` DESC LIMIT 3 [ RunTime:0.000377s ]
[2021-05-25T18:51:01+08:00][sql] SHOW FULL COLUMNS FROM `carver_comment` [ RunTime:0.000633s ]
[2021-05-25T18:51:01+08:00][sql] SELECT `a`.*,`b`.`user_name` FROM `carver_comment` `a` INNER JOIN `carver_user` `b` ON `a`.`user_id`=`b`.`user_id` WHERE  `article_id` = 26/ ORDER BY `create_time` DESC [ RunTime:0.000378s ]
[2021-05-25T18:51:01+08:00][sql] SHOW FULL COLUMNS FROM `carver_comment_to_others` [ RunTime:0.000551s ]
[2021-05-25T18:51:01+08:00][sql] SELECT * FROM `carver_comment_to_others` [ RunTime:0.000335s ]
[2021-05-25T18:51:01+08:00][sql] SHOW FULL COLUMNS FROM `carver_user` [ RunTime:0.000474s ]
[2021-05-25T18:51:01+08:00][sql] SELECT `user_name` FROM `carver_user` WHERE  `user_id` = 4 LIMIT 1 [ RunTime:0.000276s ]
[2021-05-25T18:51:01+08:00][sql] SELECT `user_name` FROM `carver_user` WHERE  `user_id` = 4 LIMIT 1 [ RunTime:0.000247s ]
[2021-05-25T18:51:01+08:00][sql] SELECT `user_name` FROM `carver_user` WHERE  `user_id` = 5 LIMIT 1 [ RunTime:0.000208s ]
[2021-05-25T18:51:01+08:00][sql] SELECT `user_name` FROM `carver_user` WHERE  `user_id` = 5 LIMIT 1 [ RunTime:0.000220s ]
[2021-05-25T18:51:01+08:00][sql] SELECT `user_name` FROM `carver_user` WHERE  `user_id` = 37 LIMIT 1 [ RunTime:0.000226s ]
[2021-05-25T18:51:01+08:00][sql] SHOW FULL COLUMNS FROM `carver_navigation` [ RunTime:0.000564s ]
[2021-05-25T18:51:01+08:00][sql] SELECT * FROM `carver_navigation` [ RunTime:0.000254s ]
[2021-05-25T18:51:01+08:00][sql] SELECT `article_label` FROM `carver_article` [ RunTime:0.000260s ]
[2021-05-25T18:51:04+08:00][sql] CONNECT:[ UseTime:0.000738s ] mysql:host=127.0.0.1;port=3306;dbname=carver;charset=utf8
[2021-05-25T18:51:04+08:00][sql] SHOW FULL COLUMNS FROM `carver_article` [ RunTime:0.001020s ]
[2021-05-25T18:51:04+08:00][sql] SELECT COUNT(*) AS think_count FROM `carver_article` WHERE  `article_label` LIKE '%javascript;c%'  AND `delete_time` = 0  AND `is_show` = 1 [ RunTime:0.000448s ]
[2021-05-25T18:51:04+08:00][sql] SELECT * FROM `carver_article` WHERE  `article_label` LIKE '%javascript;c%'  AND `delete_time` = 0  AND `is_show` = 1 LIMIT 0,6 [ RunTime:0.001013s ]
[2021-05-25T18:51:04+08:00][sql] SELECT article_id,article_title,click_num,FROM_UNIXTIME(add_time,'%Y-%m-%d') as add_time FROM `carver_article` WHERE  `is_show` = 1  AND `delete_time` = 0 ORDER BY `click_num` DESC LIMIT 3 [ RunTime:0.000613s ]
[2021-05-25T18:51:04+08:00][sql] SHOW FULL COLUMNS FROM `carver_notice` [ RunTime:0.000790s ]
[2021-05-25T18:51:04+08:00][sql] SELECT * FROM `carver_notice` ORDER BY `create_time` DESC LIMIT 3 [ RunTime:0.000321s ]
[2021-05-25T18:51:04+08:00][sql] SHOW FULL COLUMNS FROM `carver_navigation` [ RunTime:0.000605s ]
[2021-05-25T18:51:04+08:00][sql] SELECT * FROM `carver_navigation` [ RunTime:0.000330s ]
[2021-05-25T18:51:04+08:00][sql] SHOW FULL COLUMNS FROM `carver_link` [ RunTime:0.000614s ]
[2021-05-25T18:51:04+08:00][sql] SELECT * FROM `carver_link` WHERE  ( is_confirm=2 ) LIMIT 20 [ RunTime:0.000395s ]
[2021-05-25T18:51:04+08:00][sql] SELECT `article_label` FROM `carver_article` [ RunTime:0.000314s ]
[2021-05-25T18:51:04+08:00][sql] SHOW FULL COLUMNS FROM `carver_carouse` [ RunTime:0.000581s ]
[2021-05-25T18:51:04+08:00][sql] SELECT `carouse_img`,`carouse_desc` FROM `carver_carouse` WHERE  `is_show` = 1 ORDER BY `carouse_sort` DESC LIMIT 3 [ RunTime:0.000353s ]
[2021-05-25T18:51:04+08:00][sql] SHOW FULL COLUMNS FROM `carver_site` [ RunTime:0.000595s ]
[2021-05-25T18:51:04+08:00][sql] SELECT * FROM `carver_site` [ RunTime:0.000786s ]
[2021-05-25T18:51:07+08:00][sql] CONNECT:[ UseTime:0.000698s ] mysql:host=127.0.0.1;port=3306;dbname=carver;charset=utf8
[2021-05-25T18:51:07+08:00][sql] SHOW FULL COLUMNS FROM `carver_article` [ RunTime:0.000917s ]
[2021-05-25T18:51:07+08:00][sql] SELECT COUNT(*) AS think_count FROM `carver_article` WHERE  `article_label` LIKE '%php;c%'  AND `delete_time` = 0  AND `is_show` = 1 [ RunTime:0.000432s ]
[2021-05-25T18:51:07+08:00][sql] SELECT * FROM `carver_article` WHERE  `article_label` LIKE '%php;c%'  AND `delete_time` = 0  AND `is_show` = 1 LIMIT 0,6 [ RunTime:0.000942s ]
[2021-05-25T18:51:07+08:00][sql] SELECT article_id,article_title,click_num,FROM_UNIXTIME(add_time,'%Y-%m-%d') as add_time FROM `carver_article` WHERE  `is_show` = 1  AND `delete_time` = 0 ORDER BY `click_num` DESC LIMIT 3 [ RunTime:0.000464s ]
[2021-05-25T18:51:07+08:00][sql] SHOW FULL COLUMNS FROM `carver_notice` [ RunTime:0.000682s ]
[2021-05-25T18:51:07+08:00][sql] SELECT * FROM `carver_notice` ORDER BY `create_time` DESC LIMIT 3 [ RunTime:0.000326s ]
[2021-05-25T18:51:07+08:00][sql] SHOW FULL COLUMNS FROM `carver_navigation` [ RunTime:0.000572s ]
[2021-05-25T18:51:07+08:00][sql] SELECT * FROM `carver_navigation` [ RunTime:0.000316s ]
[2021-05-25T18:51:07+08:00][sql] SHOW FULL COLUMNS FROM `carver_link` [ RunTime:0.000766s ]
[2021-05-25T18:51:07+08:00][sql] SELECT * FROM `carver_link` WHERE  ( is_confirm=2 ) LIMIT 20 [ RunTime:0.000375s ]
[2021-05-25T18:51:07+08:00][sql] SELECT `article_label` FROM `carver_article` [ RunTime:0.000270s ]
[2021-05-25T18:51:07+08:00][sql] SHOW FULL COLUMNS FROM `carver_carouse` [ RunTime:0.000596s ]
[2021-05-25T18:51:07+08:00][sql] SELECT `carouse_img`,`carouse_desc` FROM `carver_carouse` WHERE  `is_show` = 1 ORDER BY `carouse_sort` DESC LIMIT 3 [ RunTime:0.000323s ]
[2021-05-25T18:51:07+08:00][sql] SHOW FULL COLUMNS FROM `carver_site` [ RunTime:0.000570s ]
[2021-05-25T18:51:07+08:00][sql] SELECT * FROM `carver_site` [ RunTime:0.000326s ]
[2021-05-25T18:51:11+08:00][sql] CONNECT:[ UseTime:0.000952s ] mysql:host=127.0.0.1;port=3306;dbname=carver;charset=utf8
[2021-05-25T18:51:11+08:00][sql] SHOW FULL COLUMNS FROM `carver_article` [ RunTime:0.000835s ]
[2021-05-25T18:51:11+08:00][sql] SELECT COUNT(*) AS think_count FROM `carver_article` WHERE  `article_label` LIKE '%php;git/%'  AND `delete_time` = 0  AND `is_show` = 1 [ RunTime:0.000429s ]
[2021-05-25T18:51:11+08:00][sql] SELECT * FROM `carver_article` WHERE  `article_label` LIKE '%php;git/%'  AND `delete_time` = 0  AND `is_show` = 1 LIMIT 0,6 [ RunTime:0.000984s ]
[2021-05-25T18:51:11+08:00][sql] SELECT article_id,article_title,click_num,FROM_UNIXTIME(add_time,'%Y-%m-%d') as add_time FROM `carver_article` WHERE  `is_show` = 1  AND `delete_time` = 0 ORDER BY `click_num` DESC LIMIT 3 [ RunTime:0.000419s ]
[2021-05-25T18:51:11+08:00][sql] SHOW FULL COLUMNS FROM `carver_notice` [ RunTime:0.000616s ]
[2021-05-25T18:51:11+08:00][sql] SELECT * FROM `carver_notice` ORDER BY `create_time` DESC LIMIT 3 [ RunTime:0.000319s ]
[2021-05-25T18:51:11+08:00][sql] SHOW FULL COLUMNS FROM `carver_navigation` [ RunTime:0.000811s ]
[2021-05-25T18:51:11+08:00][sql] SELECT * FROM `carver_navigation` [ RunTime:0.000299s ]
[2021-05-25T18:51:11+08:00][sql] SHOW FULL COLUMNS FROM `carver_link` [ RunTime:0.000525s ]
[2021-05-25T18:51:11+08:00][sql] SELECT * FROM `carver_link` WHERE  ( is_confirm=2 ) LIMIT 20 [ RunTime:0.000360s ]
[2021-05-25T18:51:11+08:00][sql] SELECT `article_label` FROM `carver_article` [ RunTime:0.000274s ]
[2021-05-25T18:51:11+08:00][sql] SHOW FULL COLUMNS FROM `carver_carouse` [ RunTime:0.000530s ]
[2021-05-25T18:51:11+08:00][sql] SELECT `carouse_img`,`carouse_desc` FROM `carver_carouse` WHERE  `is_show` = 1 ORDER BY `carouse_sort` DESC LIMIT 3 [ RunTime:0.000287s ]
[2021-05-25T18:51:11+08:00][sql] SHOW FULL COLUMNS FROM `carver_site` [ RunTime:0.000553s ]
[2021-05-25T18:51:11+08:00][sql] SELECT * FROM `carver_site` [ RunTime:0.000272s ]
[2021-05-25T18:51:15+08:00][sql] CONNECT:[ UseTime:0.000516s ] mysql:host=127.0.0.1;port=3306;dbname=carver;charset=utf8
[2021-05-25T18:51:15+08:00][sql] SHOW FULL COLUMNS FROM `carver_article` [ RunTime:0.000845s ]
[2021-05-25T18:51:15+08:00][sql] SELECT COUNT(*) AS think_count FROM `carver_article` WHERE  `article_label` LIKE '%php;javascript;c%'  AND `delete_time` = 0  AND `is_show` = 1 [ RunTime:0.000412s ]
[2021-05-25T18:51:15+08:00][sql] SELECT * FROM `carver_article` WHERE  `article_label` LIKE '%php;javascript;c%'  AND `delete_time` = 0  AND `is_show` = 1 LIMIT 0,6 [ RunTime:0.000906s ]
[2021-05-25T18:51:15+08:00][sql] SELECT article_id,article_title,click_num,FROM_UNIXTIME(add_time,'%Y-%m-%d') as add_time FROM `carver_article` WHERE  `is_show` = 1  AND `delete_time` = 0 ORDER BY `click_num` DESC LIMIT 3 [ RunTime:0.000431s ]
[2021-05-25T18:51:15+08:00][sql] SHOW FULL COLUMNS FROM `carver_notice` [ RunTime:0.000661s ]
[2021-05-25T18:51:15+08:00][sql] SELECT * FROM `carver_notice` ORDER BY `create_time` DESC LIMIT 3 [ RunTime:0.000283s ]
[2021-05-25T18:51:15+08:00][sql] SHOW FULL COLUMNS FROM `carver_navigation` [ RunTime:0.000541s ]
[2021-05-25T18:51:15+08:00][sql] SELECT * FROM `carver_navigation` [ RunTime:0.000296s ]
[2021-05-25T18:51:15+08:00][sql] SHOW FULL COLUMNS FROM `carver_link` [ RunTime:0.000583s ]
[2021-05-25T18:51:15+08:00][sql] SELECT * FROM `carver_link` WHERE  ( is_confirm=2 ) LIMIT 20 [ RunTime:0.000317s ]
[2021-05-25T18:51:15+08:00][sql] SELECT `article_label` FROM `carver_article` [ RunTime:0.000285s ]
[2021-05-25T18:51:15+08:00][sql] SHOW FULL COLUMNS FROM `carver_carouse` [ RunTime:0.000610s ]
[2021-05-25T18:51:15+08:00][sql] SELECT `carouse_img`,`carouse_desc` FROM `carver_carouse` WHERE  `is_show` = 1 ORDER BY `carouse_sort` DESC LIMIT 3 [ RunTime:0.000300s ]
[2021-05-25T18:51:15+08:00][sql] SHOW FULL COLUMNS FROM `carver_site` [ RunTime:0.000558s ]
[2021-05-25T18:51:15+08:00][sql] SELECT * FROM `carver_site` [ RunTime:0.000294s ]
[2021-05-25T18:51:19+08:00][sql] CONNECT:[ UseTime:0.000625s ] mysql:host=127.0.0.1;port=3306;dbname=carver;charset=utf8
[2021-05-25T18:51:19+08:00][sql] SHOW FULL COLUMNS FROM `carver_article` [ RunTime:0.000870s ]
[2021-05-25T18:51:19+08:00][sql] SELECT COUNT(*) AS think_count FROM `carver_article` WHERE  `article_label` LIKE '%php;linux/%'  AND `delete_time` = 0  AND `is_show` = 1 [ RunTime:0.000551s ]
[2021-05-25T18:51:19+08:00][sql] SELECT * FROM `carver_article` WHERE  `article_label` LIKE '%php;linux/%'  AND `delete_time` = 0  AND `is_show` = 1 LIMIT 0,6 [ RunTime:0.001002s ]
[2021-05-25T18:51:19+08:00][sql] SELECT article_id,article_title,click_num,FROM_UNIXTIME(add_time,'%Y-%m-%d') as add_time FROM `carver_article` WHERE  `is_show` = 1  AND `delete_time` = 0 ORDER BY `click_num` DESC LIMIT 3 [ RunTime:0.000857s ]
[2021-05-25T18:51:19+08:00][sql] SHOW FULL COLUMNS FROM `carver_notice` [ RunTime:0.000628s ]
[2021-05-25T18:51:19+08:00][sql] SELECT * FROM `carver_notice` ORDER BY `create_time` DESC LIMIT 3 [ RunTime:0.000304s ]
[2021-05-25T18:51:19+08:00][sql] SHOW FULL COLUMNS FROM `carver_navigation` [ RunTime:0.000549s ]
[2021-05-25T18:51:19+08:00][sql] SELECT * FROM `carver_navigation` [ RunTime:0.000279s ]
[2021-05-25T18:51:19+08:00][sql] SHOW FULL COLUMNS FROM `carver_link` [ RunTime:0.000596s ]
[2021-05-25T18:51:19+08:00][sql] SELECT * FROM `carver_link` WHERE  ( is_confirm=2 ) LIMIT 20 [ RunTime:0.000385s ]
[2021-05-25T18:51:19+08:00][sql] SELECT `article_label` FROM `carver_article` [ RunTime:0.000276s ]
[2021-05-25T18:51:19+08:00][sql] SHOW FULL COLUMNS FROM `carver_carouse` [ RunTime:0.000553s ]
[2021-05-25T18:51:19+08:00][sql] SELECT `carouse_img`,`carouse_desc` FROM `carver_carouse` WHERE  `is_show` = 1 ORDER BY `carouse_sort` DESC LIMIT 3 [ RunTime:0.000305s ]
[2021-05-25T18:51:19+08:00][sql] SHOW FULL COLUMNS FROM `carver_site` [ RunTime:0.000519s ]
[2021-05-25T18:51:19+08:00][sql] SELECT * FROM `carver_site` [ RunTime:0.000281s ]
[2021-05-25T18:51:22+08:00][sql] CONNECT:[ UseTime:0.000631s ] mysql:host=127.0.0.1;port=3306;dbname=carver;charset=utf8
[2021-05-25T18:51:22+08:00][sql] SHOW FULL COLUMNS FROM `carver_article` [ RunTime:0.000887s ]
[2021-05-25T18:51:22+08:00][sql] SELECT COUNT(*) AS think_count FROM `carver_article` WHERE  `article_label` LIKE '%php;mysql/%'  AND `delete_time` = 0  AND `is_show` = 1 [ RunTime:0.000474s ]
[2021-05-25T18:51:22+08:00][sql] SELECT * FROM `carver_article` WHERE  `article_label` LIKE '%php;mysql/%'  AND `delete_time` = 0  AND `is_show` = 1 LIMIT 0,6 [ RunTime:0.001019s ]
[2021-05-25T18:51:22+08:00][sql] SELECT article_id,article_title,click_num,FROM_UNIXTIME(add_time,'%Y-%m-%d') as add_time FROM `carver_article` WHERE  `is_show` = 1  AND `delete_time` = 0 ORDER BY `click_num` DESC LIMIT 3 [ RunTime:0.000533s ]
[2021-05-25T18:51:22+08:00][sql] SHOW FULL COLUMNS FROM `carver_notice` [ RunTime:0.000652s ]
[2021-05-25T18:51:22+08:00][sql] SELECT * FROM `carver_notice` ORDER BY `create_time` DESC LIMIT 3 [ RunTime:0.000357s ]
[2021-05-25T18:51:22+08:00][sql] SHOW FULL COLUMNS FROM `carver_navigation` [ RunTime:0.000661s ]
[2021-05-25T18:51:22+08:00][sql] SELECT * FROM `carver_navigation` [ RunTime:0.000294s ]
[2021-05-25T18:51:22+08:00][sql] SHOW FULL COLUMNS FROM `carver_link` [ RunTime:0.000574s ]
[2021-05-25T18:51:22+08:00][sql] SELECT * FROM `carver_link` WHERE  ( is_confirm=2 ) LIMIT 20 [ RunTime:0.000348s ]
[2021-05-25T18:51:22+08:00][sql] SELECT `article_label` FROM `carver_article` [ RunTime:0.000287s ]
[2021-05-25T18:51:22+08:00][sql] SHOW FULL COLUMNS FROM `carver_carouse` [ RunTime:0.000549s ]
[2021-05-25T18:51:22+08:00][sql] SELECT `carouse_img`,`carouse_desc` FROM `carver_carouse` WHERE  `is_show` = 1 ORDER BY `carouse_sort` DESC LIMIT 3 [ RunTime:0.000349s ]
[2021-05-25T18:51:22+08:00][sql] SHOW FULL COLUMNS FROM `carver_site` [ RunTime:0.000550s ]
[2021-05-25T18:51:22+08:00][sql] SELECT * FROM `carver_site` [ RunTime:0.000288s ]
[2021-05-25T18:51:25+08:00][sql] CONNECT:[ UseTime:0.000482s ] mysql:host=127.0.0.1;port=3306;dbname=carver;charset=utf8
[2021-05-25T18:51:25+08:00][sql] SHOW FULL COLUMNS FROM `carver_article` [ RunTime:0.000887s ]
[2021-05-25T18:51:25+08:00][sql] SELECT COUNT(*) AS think_count FROM `carver_article` WHERE  `article_label` LIKE '%php;nginx/%'  AND `delete_time` = 0  AND `is_show` = 1 [ RunTime:0.000436s ]
[2021-05-25T18:51:25+08:00][sql] SELECT * FROM `carver_article` WHERE  `article_label` LIKE '%php;nginx/%'  AND `delete_time` = 0  AND `is_show` = 1 LIMIT 0,6 [ RunTime:0.000963s ]
[2021-05-25T18:51:25+08:00][sql] SELECT article_id,article_title,click_num,FROM_UNIXTIME(add_time,'%Y-%m-%d') as add_time FROM `carver_article` WHERE  `is_show` = 1  AND `delete_time` = 0 ORDER BY `click_num` DESC LIMIT 3 [ RunTime:0.000445s ]
[2021-05-25T18:51:25+08:00][sql] SHOW FULL COLUMNS FROM `carver_notice` [ RunTime:0.000679s ]
[2021-05-25T18:51:25+08:00][sql] SELECT * FROM `carver_notice` ORDER BY `create_time` DESC LIMIT 3 [ RunTime:0.000362s ]
[2021-05-25T18:51:25+08:00][sql] SHOW FULL COLUMNS FROM `carver_navigation` [ RunTime:0.000596s ]
[2021-05-25T18:51:25+08:00][sql] SELECT * FROM `carver_navigation` [ RunTime:0.000294s ]
[2021-05-25T18:51:25+08:00][sql] SHOW FULL COLUMNS FROM `carver_link` [ RunTime:0.000558s ]
[2021-05-25T18:51:25+08:00][sql] SELECT * FROM `carver_link` WHERE  ( is_confirm=2 ) LIMIT 20 [ RunTime:0.000334s ]
[2021-05-25T18:51:25+08:00][sql] SELECT `article_label` FROM `carver_article` [ RunTime:0.000282s ]
[2021-05-25T18:51:25+08:00][sql] SHOW FULL COLUMNS FROM `carver_carouse` [ RunTime:0.000587s ]
[2021-05-25T18:51:25+08:00][sql] SELECT `carouse_img`,`carouse_desc` FROM `carver_carouse` WHERE  `is_show` = 1 ORDER BY `carouse_sort` DESC LIMIT 3 [ RunTime:0.000308s ]
[2021-05-25T18:51:25+08:00][sql] SHOW FULL COLUMNS FROM `carver_site` [ RunTime:0.000522s ]
[2021-05-25T18:51:25+08:00][sql] SELECT * FROM `carver_site` [ RunTime:0.000325s ]
[2021-05-25T18:51:29+08:00][sql] CONNECT:[ UseTime:0.000520s ] mysql:host=127.0.0.1;port=3306;dbname=carver;charset=utf8
[2021-05-25T18:51:29+08:00][sql] SHOW FULL COLUMNS FROM `carver_article` [ RunTime:0.000918s ]
[2021-05-25T18:51:29+08:00][sql] SELECT COUNT(*) AS think_count FROM `carver_article` WHERE  `article_label` LIKE '%php;swoole/%'  AND `delete_time` = 0  AND `is_show` = 1 [ RunTime:0.000417s ]
[2021-05-25T18:51:29+08:00][sql] SELECT * FROM `carver_article` WHERE  `article_label` LIKE '%php;swoole/%'  AND `delete_time` = 0  AND `is_show` = 1 LIMIT 0,6 [ RunTime:0.000948s ]
[2021-05-25T18:51:29+08:00][sql] SELECT article_id,article_title,click_num,FROM_UNIXTIME(add_time,'%Y-%m-%d') as add_time FROM `carver_article` WHERE  `is_show` = 1  AND `delete_time` = 0 ORDER BY `click_num` DESC LIMIT 3 [ RunTime:0.000412s ]
[2021-05-25T18:51:29+08:00][sql] SHOW FULL COLUMNS FROM `carver_notice` [ RunTime:0.000603s ]
[2021-05-25T18:51:29+08:00][sql] SELECT * FROM `carver_notice` ORDER BY `create_time` DESC LIMIT 3 [ RunTime:0.000279s ]
[2021-05-25T18:51:29+08:00][sql] SHOW FULL COLUMNS FROM `carver_navigation` [ RunTime:0.000536s ]
[2021-05-25T18:51:29+08:00][sql] SELECT * FROM `carver_navigation` [ RunTime:0.000288s ]
[2021-05-25T18:51:29+08:00][sql] SHOW FULL COLUMNS FROM `carver_link` [ RunTime:0.000523s ]
[2021-05-25T18:51:29+08:00][sql] SELECT * FROM `carver_link` WHERE  ( is_confirm=2 ) LIMIT 20 [ RunTime:0.000324s ]
[2021-05-25T18:51:29+08:00][sql] SELECT `article_label` FROM `carver_article` [ RunTime:0.000259s ]
[2021-05-25T18:51:29+08:00][sql] SHOW FULL COLUMNS FROM `carver_carouse` [ RunTime:0.000531s ]
[2021-05-25T18:51:29+08:00][sql] SELECT `carouse_img`,`carouse_desc` FROM `carver_carouse` WHERE  `is_show` = 1 ORDER BY `carouse_sort` DESC LIMIT 3 [ RunTime:0.000309s ]
[2021-05-25T18:51:29+08:00][sql] SHOW FULL COLUMNS FROM `carver_site` [ RunTime:0.000518s ]
[2021-05-25T18:51:29+08:00][sql] SELECT * FROM `carver_site` [ RunTime:0.000264s ]
[2021-05-25T18:51:32+08:00][sql] CONNECT:[ UseTime:0.000530s ] mysql:host=127.0.0.1;port=3306;dbname=carver;charset=utf8
[2021-05-25T18:51:32+08:00][sql] SHOW FULL COLUMNS FROM `carver_article` [ RunTime:0.000821s ]
[2021-05-25T18:51:32+08:00][sql] SELECT COUNT(*) AS think_count FROM `carver_article` WHERE  `article_label` LIKE '%php;网络安全/%'  AND `delete_time` = 0  AND `is_show` = 1 [ RunTime:0.000420s ]
[2021-05-25T18:51:32+08:00][sql] SELECT * FROM `carver_article` WHERE  `article_label` LIKE '%php;网络安全/%'  AND `delete_time` = 0  AND `is_show` = 1 LIMIT 0,6 [ RunTime:0.000943s ]
[2021-05-25T18:51:32+08:00][sql] SELECT article_id,article_title,click_num,FROM_UNIXTIME(add_time,'%Y-%m-%d') as add_time FROM `carver_article` WHERE  `is_show` = 1  AND `delete_time` = 0 ORDER BY `click_num` DESC LIMIT 3 [ RunTime:0.000416s ]
[2021-05-25T18:51:32+08:00][sql] SHOW FULL COLUMNS FROM `carver_notice` [ RunTime:0.000561s ]
[2021-05-25T18:51:32+08:00][sql] SELECT * FROM `carver_notice` ORDER BY `create_time` DESC LIMIT 3 [ RunTime:0.000299s ]
[2021-05-25T18:51:32+08:00][sql] SHOW FULL COLUMNS FROM `carver_navigation` [ RunTime:0.000540s ]
[2021-05-25T18:51:32+08:00][sql] SELECT * FROM `carver_navigation` [ RunTime:0.000307s ]
[2021-05-25T18:51:32+08:00][sql] SHOW FULL COLUMNS FROM `carver_link` [ RunTime:0.000525s ]
[2021-05-25T18:51:32+08:00][sql] SELECT * FROM `carver_link` WHERE  ( is_confirm=2 ) LIMIT 20 [ RunTime:0.000337s ]
[2021-05-25T18:51:32+08:00][sql] SELECT `article_label` FROM `carver_article` [ RunTime:0.000276s ]
[2021-05-25T18:51:32+08:00][sql] SHOW FULL COLUMNS FROM `carver_carouse` [ RunTime:0.000558s ]
[2021-05-25T18:51:32+08:00][sql] SELECT `carouse_img`,`carouse_desc` FROM `carver_carouse` WHERE  `is_show` = 1 ORDER BY `carouse_sort` DESC LIMIT 3 [ RunTime:0.000300s ]
[2021-05-25T18:51:32+08:00][sql] SHOW FULL COLUMNS FROM `carver_site` [ RunTime:0.000513s ]
[2021-05-25T18:51:32+08:00][sql] SELECT * FROM `carver_site` [ RunTime:0.000257s ]
[2021-05-25T18:55:44+08:00][sql] CONNECT:[ UseTime:0.000519s ] mysql:host=127.0.0.1;port=3306;dbname=carver;charset=utf8
[2021-05-25T18:55:44+08:00][sql] SHOW FULL COLUMNS FROM `carver_article` [ RunTime:0.000915s ]
[2021-05-25T18:55:44+08:00][sql] SELECT COUNT(*) AS think_count FROM `carver_article` WHERE  `article_label` LIKE '%php;设计模式/%'  AND `delete_time` = 0  AND `is_show` = 1 [ RunTime:0.000440s ]
[2021-05-25T18:55:44+08:00][sql] SELECT * FROM `carver_article` WHERE  `article_label` LIKE '%php;设计模式/%'  AND `delete_time` = 0  AND `is_show` = 1 LIMIT 0,6 [ RunTime:0.001060s ]
[2021-05-25T18:55:44+08:00][sql] SELECT article_id,article_title,click_num,FROM_UNIXTIME(add_time,'%Y-%m-%d') as add_time FROM `carver_article` WHERE  `is_show` = 1  AND `delete_time` = 0 ORDER BY `click_num` DESC LIMIT 3 [ RunTime:0.000516s ]
[2021-05-25T18:55:44+08:00][sql] SHOW FULL COLUMNS FROM `carver_notice` [ RunTime:0.000612s ]
[2021-05-25T18:55:44+08:00][sql] SELECT * FROM `carver_notice` ORDER BY `create_time` DESC LIMIT 3 [ RunTime:0.000334s ]
[2021-05-25T18:55:44+08:00][sql] SHOW FULL COLUMNS FROM `carver_navigation` [ RunTime:0.000617s ]
[2021-05-25T18:55:44+08:00][sql] SELECT * FROM `carver_navigation` [ RunTime:0.000275s ]
[2021-05-25T18:55:44+08:00][sql] SHOW FULL COLUMNS FROM `carver_link` [ RunTime:0.000536s ]
[2021-05-25T18:55:44+08:00][sql] SELECT * FROM `carver_link` WHERE  ( is_confirm=2 ) LIMIT 20 [ RunTime:0.000344s ]
[2021-05-25T18:55:44+08:00][sql] SELECT `article_label` FROM `carver_article` [ RunTime:0.000335s ]
[2021-05-25T18:55:44+08:00][sql] SHOW FULL COLUMNS FROM `carver_carouse` [ RunTime:0.000524s ]
[2021-05-25T18:55:44+08:00][sql] SELECT `carouse_img`,`carouse_desc` FROM `carver_carouse` WHERE  `is_show` = 1 ORDER BY `carouse_sort` DESC LIMIT 3 [ RunTime:0.000340s ]
[2021-05-25T18:55:44+08:00][sql] SHOW FULL COLUMNS FROM `carver_site` [ RunTime:0.000541s ]
[2021-05-25T18:55:44+08:00][sql] SELECT * FROM `carver_site` [ RunTime:0.000288s ]
[2021-05-25T18:55:48+08:00][sql] CONNECT:[ UseTime:0.000644s ] mysql:host=127.0.0.1;port=3306;dbname=carver;charset=utf8
[2021-05-25T18:55:48+08:00][sql] SHOW FULL COLUMNS FROM `carver_article` [ RunTime:0.001077s ]
[2021-05-25T18:55:48+08:00][sql] SELECT COUNT(*) AS think_count FROM `carver_article` WHERE  `article_label` LIKE '%网络安全//%'  AND `delete_time` = 0  AND `is_show` = 1 [ RunTime:0.000543s ]
[2021-05-25T18:55:48+08:00][sql] SELECT * FROM `carver_article` WHERE  `article_label` LIKE '%网络安全//%'  AND `delete_time` = 0  AND `is_show` = 1 LIMIT 0,6 [ RunTime:0.001190s ]
[2021-05-25T18:55:48+08:00][sql] SELECT article_id,article_title,click_num,FROM_UNIXTIME(add_time,'%Y-%m-%d') as add_time FROM `carver_article` WHERE  `is_show` = 1  AND `delete_time` = 0 ORDER BY `click_num` DESC LIMIT 3 [ RunTime:0.000736s ]
[2021-05-25T18:55:48+08:00][sql] SHOW FULL COLUMNS FROM `carver_notice` [ RunTime:0.000873s ]
[2021-05-25T18:55:48+08:00][sql] SELECT * FROM `carver_notice` ORDER BY `create_time` DESC LIMIT 3 [ RunTime:0.000466s ]
[2021-05-25T18:55:48+08:00][sql] SHOW FULL COLUMNS FROM `carver_navigation` [ RunTime:0.000929s ]
[2021-05-25T18:55:48+08:00][sql] SELECT * FROM `carver_navigation` [ RunTime:0.000450s ]
[2021-05-25T18:55:48+08:00][sql] SHOW FULL COLUMNS FROM `carver_link` [ RunTime:0.000745s ]
[2021-05-25T18:55:48+08:00][sql] SELECT * FROM `carver_link` WHERE  ( is_confirm=2 ) LIMIT 20 [ RunTime:0.000458s ]
[2021-05-25T18:55:48+08:00][sql] SELECT `article_label` FROM `carver_article` [ RunTime:0.000372s ]
[2021-05-25T18:55:48+08:00][sql] SHOW FULL COLUMNS FROM `carver_carouse` [ RunTime:0.000708s ]
[2021-05-25T18:55:48+08:00][sql] SELECT `carouse_img`,`carouse_desc` FROM `carver_carouse` WHERE  `is_show` = 1 ORDER BY `carouse_sort` DESC LIMIT 3 [ RunTime:0.000441s ]
[2021-05-25T18:55:48+08:00][sql] SHOW FULL COLUMNS FROM `carver_site` [ RunTime:0.000718s ]
[2021-05-25T18:55:48+08:00][sql] SELECT * FROM `carver_site` [ RunTime:0.000349s ]
[2021-05-25T18:55:51+08:00][sql] CONNECT:[ UseTime:0.000508s ] mysql:host=127.0.0.1;port=3306;dbname=carver;charset=utf8
[2021-05-25T18:55:51+08:00][sql] SHOW FULL COLUMNS FROM `carver_article` [ RunTime:0.000915s ]
[2021-05-25T18:55:51+08:00][sql] SELECT COUNT(*) AS think_count FROM `carver_article` WHERE  `article_label` LIKE '%设计模式//%'  AND `delete_time` = 0  AND `is_show` = 1 [ RunTime:0.000438s ]
[2021-05-25T18:55:51+08:00][sql] SELECT * FROM `carver_article` WHERE  `article_label` LIKE '%设计模式//%'  AND `delete_time` = 0  AND `is_show` = 1 LIMIT 0,6 [ RunTime:0.000930s ]
[2021-05-25T18:55:51+08:00][sql] SELECT article_id,article_title,click_num,FROM_UNIXTIME(add_time,'%Y-%m-%d') as add_time FROM `carver_article` WHERE  `is_show` = 1  AND `delete_time` = 0 ORDER BY `click_num` DESC LIMIT 3 [ RunTime:0.000450s ]
[2021-05-25T18:55:51+08:00][sql] SHOW FULL COLUMNS FROM `carver_notice` [ RunTime:0.000674s ]
[2021-05-25T18:55:51+08:00][sql] SELECT * FROM `carver_notice` ORDER BY `create_time` DESC LIMIT 3 [ RunTime:0.000322s ]
[2021-05-25T18:55:51+08:00][sql] SHOW FULL COLUMNS FROM `carver_navigation` [ RunTime:0.000740s ]
[2021-05-25T18:55:51+08:00][sql] SELECT * FROM `carver_navigation` [ RunTime:0.000312s ]
[2021-05-25T18:55:51+08:00][sql] SHOW FULL COLUMNS FROM `carver_link` [ RunTime:0.000579s ]
[2021-05-25T18:55:51+08:00][sql] SELECT * FROM `carver_link` WHERE  ( is_confirm=2 ) LIMIT 20 [ RunTime:0.000361s ]
[2021-05-25T18:55:51+08:00][sql] SELECT `article_label` FROM `carver_article` [ RunTime:0.000292s ]
[2021-05-25T18:55:51+08:00][sql] SHOW FULL COLUMNS FROM `carver_carouse` [ RunTime:0.000618s ]
[2021-05-25T18:55:51+08:00][sql] SELECT `carouse_img`,`carouse_desc` FROM `carver_carouse` WHERE  `is_show` = 1 ORDER BY `carouse_sort` DESC LIMIT 3 [ RunTime:0.000308s ]
[2021-05-25T18:55:51+08:00][sql] SHOW FULL COLUMNS FROM `carver_site` [ RunTime:0.000546s ]
[2021-05-25T18:55:51+08:00][sql] SELECT * FROM `carver_site` [ RunTime:0.000264s ]
[2021-05-25T19:33:52+08:00][sql] CONNECT:[ UseTime:0.000623s ] mysql:host=127.0.0.1;port=3306;dbname=carver;charset=utf8
[2021-05-25T19:33:52+08:00][sql] SHOW FULL COLUMNS FROM `carver_article` [ RunTime:0.001190s ]
[2021-05-25T19:33:52+08:00][sql] SELECT COUNT(*) AS think_count FROM `carver_article` WHERE  `article_label` LIKE '%excel%'  AND `delete_time` = 0  AND `is_show` = 1 [ RunTime:0.000582s ]
[2021-05-25T19:33:52+08:00][sql] SELECT * FROM `carver_article` WHERE  `article_label` LIKE '%excel%'  AND `delete_time` = 0  AND `is_show` = 1 LIMIT 0,6 [ RunTime:0.001681s ]
[2021-05-25T19:33:52+08:00][sql] SELECT article_id,article_title,click_num,FROM_UNIXTIME(add_time,'%Y-%m-%d') as add_time FROM `carver_article` WHERE  `is_show` = 1  AND `delete_time` = 0 ORDER BY `click_num` DESC LIMIT 3 [ RunTime:0.000771s ]
[2021-05-25T19:33:52+08:00][sql] SHOW FULL COLUMNS FROM `carver_notice` [ RunTime:0.001040s ]
[2021-05-25T19:33:52+08:00][sql] SELECT * FROM `carver_notice` ORDER BY `create_time` DESC LIMIT 3 [ RunTime:0.000358s ]
[2021-05-25T19:33:52+08:00][sql] SHOW FULL COLUMNS FROM `carver_navigation` [ RunTime:0.000759s ]
[2021-05-25T19:33:52+08:00][sql] SELECT * FROM `carver_navigation` [ RunTime:0.000372s ]
[2021-05-25T19:33:52+08:00][sql] SHOW FULL COLUMNS FROM `carver_link` [ RunTime:0.000555s ]
[2021-05-25T19:33:52+08:00][sql] SELECT * FROM `carver_link` WHERE  ( is_confirm=2 ) LIMIT 20 [ RunTime:0.000434s ]
[2021-05-25T19:33:52+08:00][sql] SELECT `article_label` FROM `carver_article` [ RunTime:0.000285s ]
[2021-05-25T19:33:52+08:00][sql] SHOW FULL COLUMNS FROM `carver_carouse` [ RunTime:0.000688s ]
[2021-05-25T19:33:52+08:00][sql] SELECT `carouse_img`,`carouse_desc` FROM `carver_carouse` WHERE  `is_show` = 1 ORDER BY `carouse_sort` DESC LIMIT 3 [ RunTime:0.000445s ]
[2021-05-25T19:33:52+08:00][sql] SHOW FULL COLUMNS FROM `carver_site` [ RunTime:0.000694s ]
[2021-05-25T19:33:52+08:00][sql] SELECT * FROM `carver_site` [ RunTime:0.000341s ]
[2021-05-25T20:25:13+08:00][sql] CONNECT:[ UseTime:0.000530s ] mysql:host=127.0.0.1;port=3306;dbname=carver;charset=utf8
[2021-05-25T20:25:13+08:00][sql] SHOW FULL COLUMNS FROM `carver_article` [ RunTime:0.000887s ]
[2021-05-25T20:25:13+08:00][sql] SELECT `article_id`,`article_title`,`article_desc`,`article_content`,`article_img`,`article_guide`,`article_label`,`click_num`,`is_show`,`add_time`,`article_author` FROM `carver_article` WHERE  `article_id` = 1 LIMIT 1 [ RunTime:0.000475s ]
[2021-05-25T20:25:13+08:00][sql] SELECT `article_id`,`article_title`,`article_desc`,`article_content`,`article_img`,`article_guide`,`article_label`,`click_num`,`is_show`,`add_time`,`article_author` FROM `carver_article` WHERE  `article_id` > 1 LIMIT 1 [ RunTime:0.000714s ]
[2021-05-25T20:25:13+08:00][sql] SELECT `article_id`,`article_title`,`article_desc`,`article_content`,`article_img`,`article_guide`,`article_label`,`click_num`,`is_show`,`add_time`,`article_author` FROM `carver_article` WHERE  `article_id` < 1 ORDER BY `article_id` DESC LIMIT 1 [ RunTime:0.000369s ]
[2021-05-25T20:25:13+08:00][sql] SHOW FULL COLUMNS FROM `carver_link` [ RunTime:0.000507s ]
[2021-05-25T20:25:13+08:00][sql] SELECT * FROM `carver_link` WHERE  ( is_confirm=2 ) LIMIT 20 [ RunTime:0.000280s ]
[2021-05-25T20:25:13+08:00][sql] SELECT article_id,article_title,click_num,FROM_UNIXTIME(add_time,'%Y-%m-%d') as add_time FROM `carver_article` ORDER BY `click_num` DESC LIMIT 3 [ RunTime:0.000336s ]
[2021-05-25T20:25:13+08:00][sql] SHOW FULL COLUMNS FROM `carver_comment` [ RunTime:0.000474s ]
[2021-05-25T20:25:13+08:00][sql] SELECT `a`.*,`b`.`user_name` FROM `carver_comment` `a` INNER JOIN `carver_user` `b` ON `a`.`user_id`=`b`.`user_id` WHERE  `article_id` = 1 ORDER BY `create_time` DESC [ RunTime:0.000362s ]
[2021-05-25T20:25:13+08:00][sql] SHOW FULL COLUMNS FROM `carver_comment_to_others` [ RunTime:0.000491s ]
[2021-05-25T20:25:13+08:00][sql] SELECT * FROM `carver_comment_to_others` [ RunTime:0.000230s ]
[2021-05-25T20:25:13+08:00][sql] SHOW FULL COLUMNS FROM `carver_user` [ RunTime:0.000472s ]
[2021-05-25T20:25:13+08:00][sql] SELECT `user_name` FROM `carver_user` WHERE  `user_id` = 4 LIMIT 1 [ RunTime:0.000239s ]
[2021-05-25T20:25:13+08:00][sql] SELECT `user_name` FROM `carver_user` WHERE  `user_id` = 4 LIMIT 1 [ RunTime:0.000218s ]
[2021-05-25T20:25:13+08:00][sql] SELECT `user_name` FROM `carver_user` WHERE  `user_id` = 5 LIMIT 1 [ RunTime:0.000229s ]
[2021-05-25T20:25:13+08:00][sql] SELECT `user_name` FROM `carver_user` WHERE  `user_id` = 5 LIMIT 1 [ RunTime:0.000231s ]
[2021-05-25T20:25:13+08:00][sql] SELECT `user_name` FROM `carver_user` WHERE  `user_id` = 37 LIMIT 1 [ RunTime:0.000271s ]
[2021-05-25T20:25:13+08:00][sql] SELECT `user_name`,`user_id` FROM `carver_user` [ RunTime:0.000236s ]
[2021-05-25T20:25:13+08:00][sql] SHOW FULL COLUMNS FROM `carver_navigation` [ RunTime:0.000501s ]
[2021-05-25T20:25:13+08:00][sql] SELECT * FROM `carver_navigation` [ RunTime:0.000249s ]
[2021-05-25T20:25:13+08:00][sql] SELECT `article_label` FROM `carver_article` [ RunTime:0.000263s ]
