[2021-05-26T00:25:53+08:00][sql] CONNECT:[ UseTime:0.000666s ] mysql:host=127.0.0.1;port=3306;dbname=carver;charset=utf8
[2021-05-26T00:25:53+08:00][sql] SHOW FULL COLUMNS FROM `carver_user` [ RunTime:0.000822s ]
[2021-05-26T00:25:53+08:00][sql] SHOW FULL COLUMNS FROM `carver_article` [ RunTime:0.000785s ]
[2021-05-26T00:25:53+08:00][sql] SELECT COUNT(*) AS think_count FROM `carver_article` WHERE  `delete_time` = 0  AND `is_show` = 1 [ RunTime:0.000389s ]
[2021-05-26T00:25:53+08:00][sql] SELECT `article_id`,`article_title`,`article_desc`,`article_content`,`article_img`,`article_guide`,`article_label`,`click_num`,`is_show`,`add_time`,`article_author`,`is_top_show` FROM `carver_article` WHERE  `delete_time` = 0  AND `is_show` = 1 ORDER BY `article_id` DESC LIMIT 24,6 [ RunTime:0.001036s ]
[2021-05-26T00:25:53+08:00][sql] SELECT article_id,article_title,click_num,FROM_UNIXTIME(add_time,'%Y-%m-%d') as add_time FROM `carver_article` WHERE  `is_show` = 1  AND `delete_time` = 0 ORDER BY `click_num` DESC LIMIT 3 [ RunTime:0.000520s ]
[2021-05-26T00:25:53+08:00][sql] SHOW FULL COLUMNS FROM `carver_notice` [ RunTime:0.000668s ]
[2021-05-26T00:25:53+08:00][sql] SELECT * FROM `carver_notice` ORDER BY `create_time` DESC LIMIT 3 [ RunTime:0.000296s ]
[2021-05-26T00:25:53+08:00][sql] SHOW FULL COLUMNS FROM `carver_navigation` [ RunTime:0.000566s ]
[2021-05-26T00:25:53+08:00][sql] SELECT * FROM `carver_navigation` [ RunTime:0.000274s ]
[2021-05-26T00:25:53+08:00][sql] SHOW FULL COLUMNS FROM `carver_link` [ RunTime:0.000506s ]
[2021-05-26T00:25:53+08:00][sql] SELECT * FROM `carver_link` WHERE  ( is_confirm=2 ) LIMIT 20 [ RunTime:0.000301s ]
[2021-05-26T00:25:53+08:00][sql] SELECT `article_label` FROM `carver_article` [ RunTime:0.000269s ]
[2021-05-26T00:25:53+08:00][sql] SHOW FULL COLUMNS FROM `carver_carouse` [ RunTime:0.000564s ]
[2021-05-26T00:25:53+08:00][sql] SELECT `carouse_img`,`carouse_desc` FROM `carver_carouse` WHERE  `is_show` = 1 ORDER BY `carouse_sort` DESC LIMIT 3 [ RunTime:0.000335s ]
[2021-05-26T00:25:53+08:00][sql] SHOW FULL COLUMNS FROM `carver_site` [ RunTime:0.000622s ]
[2021-05-26T00:25:53+08:00][sql] SELECT * FROM `carver_site` [ RunTime:0.000301s ]
[2021-05-26T00:51:28+08:00][sql] CONNECT:[ UseTime:0.000681s ] mysql:host=127.0.0.1;port=3306;dbname=carver;charset=utf8
[2021-05-26T00:51:28+08:00][sql] SHOW FULL COLUMNS FROM `carver_article` [ RunTime:0.000987s ]
[2021-05-26T00:51:28+08:00][sql] SELECT `article_id`,`article_title`,`article_desc`,`article_content`,`article_img`,`article_guide`,`article_label`,`click_num`,`is_show`,`add_time`,`article_author` FROM `carver_article` WHERE  `article_id` = 17'A=0 LIMIT 1 [ RunTime:0.000556s ]
[2021-05-26T00:51:28+08:00][sql] SELECT `article_id`,`article_title`,`article_desc`,`article_content`,`article_img`,`article_guide`,`article_label`,`click_num`,`is_show`,`add_time`,`article_author` FROM `carver_article` WHERE  `article_id` > 17'A=0 LIMIT 1 [ RunTime:0.000437s ]
[2021-05-26T00:51:28+08:00][sql] SELECT `article_id`,`article_title`,`article_desc`,`article_content`,`article_img`,`article_guide`,`article_label`,`click_num`,`is_show`,`add_time`,`article_author` FROM `carver_article` WHERE  `article_id` < 17'A=0 ORDER BY `article_id` DESC LIMIT 1 [ RunTime:0.000369s ]
[2021-05-26T00:51:28+08:00][sql] SHOW FULL COLUMNS FROM `carver_link` [ RunTime:0.000633s ]
[2021-05-26T00:51:28+08:00][sql] SELECT * FROM `carver_link` WHERE  ( is_confirm=2 ) LIMIT 20 [ RunTime:0.000294s ]
[2021-05-26T00:51:28+08:00][sql] SELECT article_id,article_title,click_num,FROM_UNIXTIME(add_time,'%Y-%m-%d') as add_time FROM `carver_article` ORDER BY `click_num` DESC LIMIT 3 [ RunTime:0.000378s ]
[2021-05-26T00:51:28+08:00][sql] SHOW FULL COLUMNS FROM `carver_comment` [ RunTime:0.000605s ]
[2021-05-26T00:51:28+08:00][sql] SELECT `a`.*,`b`.`user_name` FROM `carver_comment` `a` INNER JOIN `carver_user` `b` ON `a`.`user_id`=`b`.`user_id` WHERE  `article_id` = 17'A=0 ORDER BY `create_time` DESC [ RunTime:0.000363s ]
[2021-05-26T00:51:28+08:00][sql] SHOW FULL COLUMNS FROM `carver_comment_to_others` [ RunTime:0.000587s ]
[2021-05-26T00:51:28+08:00][sql] SELECT * FROM `carver_comment_to_others` [ RunTime:0.000267s ]
[2021-05-26T00:51:28+08:00][sql] SHOW FULL COLUMNS FROM `carver_user` [ RunTime:0.000555s ]
[2021-05-26T00:51:28+08:00][sql] SELECT `user_name` FROM `carver_user` WHERE  `user_id` = 4 LIMIT 1 [ RunTime:0.000242s ]
[2021-05-26T00:51:28+08:00][sql] SELECT `user_name` FROM `carver_user` WHERE  `user_id` = 4 LIMIT 1 [ RunTime:0.000247s ]
[2021-05-26T00:51:28+08:00][sql] SELECT `user_name` FROM `carver_user` WHERE  `user_id` = 5 LIMIT 1 [ RunTime:0.000243s ]
[2021-05-26T00:51:28+08:00][sql] SELECT `user_name` FROM `carver_user` WHERE  `user_id` = 5 LIMIT 1 [ RunTime:0.000222s ]
[2021-05-26T00:51:28+08:00][sql] SELECT `user_name` FROM `carver_user` WHERE  `user_id` = 37 LIMIT 1 [ RunTime:0.000242s ]
[2021-05-26T00:51:28+08:00][sql] SELECT `user_name`,`user_id` FROM `carver_user` [ RunTime:0.000277s ]
[2021-05-26T00:51:28+08:00][sql] SHOW FULL COLUMNS FROM `carver_navigation` [ RunTime:0.000540s ]
[2021-05-26T00:51:28+08:00][sql] SELECT * FROM `carver_navigation` [ RunTime:0.000237s ]
[2021-05-26T00:51:28+08:00][sql] SELECT `article_label` FROM `carver_article` [ RunTime:0.000296s ]
[2021-05-26T01:04:32+08:00][sql] CONNECT:[ UseTime:0.000521s ] mysql:host=127.0.0.1;port=3306;dbname=carver;charset=utf8
[2021-05-26T01:04:32+08:00][sql] SHOW FULL COLUMNS FROM `carver_article` [ RunTime:0.000836s ]
[2021-05-26T01:04:32+08:00][sql] SELECT `article_id`,`article_title`,`article_desc`,`article_content`,`article_img`,`article_guide`,`article_label`,`click_num`,`is_show`,`add_time`,`article_author` FROM `carver_article` WHERE  `article_id` = 17'A=0 LIMIT 1 [ RunTime:0.000548s ]
[2021-05-26T01:04:32+08:00][sql] SELECT `article_id`,`article_title`,`article_desc`,`article_content`,`article_img`,`article_guide`,`article_label`,`click_num`,`is_show`,`add_time`,`article_author` FROM `carver_article` WHERE  `article_id` > 17'A=0 LIMIT 1 [ RunTime:0.000444s ]
[2021-05-26T01:04:32+08:00][sql] SELECT `article_id`,`article_title`,`article_desc`,`article_content`,`article_img`,`article_guide`,`article_label`,`click_num`,`is_show`,`add_time`,`article_author` FROM `carver_article` WHERE  `article_id` < 17'A=0 ORDER BY `article_id` DESC LIMIT 1 [ RunTime:0.000359s ]
[2021-05-26T01:04:32+08:00][sql] SHOW FULL COLUMNS FROM `carver_link` [ RunTime:0.000518s ]
[2021-05-26T01:04:32+08:00][sql] SELECT * FROM `carver_link` WHERE  ( is_confirm=2 ) LIMIT 20 [ RunTime:0.000301s ]
[2021-05-26T01:04:32+08:00][sql] SELECT article_id,article_title,click_num,FROM_UNIXTIME(add_time,'%Y-%m-%d') as add_time FROM `carver_article` ORDER BY `click_num` DESC LIMIT 3 [ RunTime:0.000339s ]
[2021-05-26T01:04:32+08:00][sql] SHOW FULL COLUMNS FROM `carver_comment` [ RunTime:0.000610s ]
[2021-05-26T01:04:32+08:00][sql] SELECT `a`.*,`b`.`user_name` FROM `carver_comment` `a` INNER JOIN `carver_user` `b` ON `a`.`user_id`=`b`.`user_id` WHERE  `article_id` = 17'A=0 ORDER BY `create_time` DESC [ RunTime:0.000337s ]
[2021-05-26T01:04:32+08:00][sql] SHOW FULL COLUMNS FROM `carver_comment_to_others` [ RunTime:0.000545s ]
[2021-05-26T01:04:32+08:00][sql] SELECT * FROM `carver_comment_to_others` [ RunTime:0.000230s ]
[2021-05-26T01:04:32+08:00][sql] SHOW FULL COLUMNS FROM `carver_user` [ RunTime:0.000435s ]
[2021-05-26T01:04:32+08:00][sql] SELECT `user_name` FROM `carver_user` WHERE  `user_id` = 4 LIMIT 1 [ RunTime:0.000228s ]
[2021-05-26T01:04:32+08:00][sql] SELECT `user_name` FROM `carver_user` WHERE  `user_id` = 4 LIMIT 1 [ RunTime:0.000218s ]
[2021-05-26T01:04:32+08:00][sql] SELECT `user_name` FROM `carver_user` WHERE  `user_id` = 5 LIMIT 1 [ RunTime:0.000235s ]
[2021-05-26T01:04:32+08:00][sql] SELECT `user_name` FROM `carver_user` WHERE  `user_id` = 5 LIMIT 1 [ RunTime:0.000214s ]
[2021-05-26T01:04:32+08:00][sql] SELECT `user_name` FROM `carver_user` WHERE  `user_id` = 37 LIMIT 1 [ RunTime:0.000216s ]
[2021-05-26T01:04:32+08:00][sql] SELECT `user_name`,`user_id` FROM `carver_user` [ RunTime:0.000231s ]
[2021-05-26T01:04:32+08:00][sql] SHOW FULL COLUMNS FROM `carver_navigation` [ RunTime:0.000573s ]
[2021-05-26T01:04:32+08:00][sql] SELECT * FROM `carver_navigation` [ RunTime:0.000239s ]
[2021-05-26T01:04:32+08:00][sql] SELECT `article_label` FROM `carver_article` [ RunTime:0.000240s ]
[2021-05-26T01:17:21+08:00][sql] CONNECT:[ UseTime:0.007146s ] mysql:host=127.0.0.1;port=3306;dbname=carver;charset=utf8
[2021-05-26T01:17:21+08:00][sql] SHOW FULL COLUMNS FROM `carver_user` [ RunTime:0.002008s ]
[2021-05-26T01:17:21+08:00][sql] SHOW FULL COLUMNS FROM `carver_article` [ RunTime:0.001178s ]
[2021-05-26T01:17:21+08:00][sql] SELECT COUNT(*) AS think_count FROM `carver_article` WHERE  `delete_time` = 0  AND `is_show` = 1 [ RunTime:0.001262s ]
[2021-05-26T01:17:21+08:00][sql] SELECT `article_id`,`article_title`,`article_desc`,`article_content`,`article_img`,`article_guide`,`article_label`,`click_num`,`is_show`,`add_time`,`article_author`,`is_top_show` FROM `carver_article` WHERE  `delete_time` = 0  AND `is_show` = 1 ORDER BY `article_id` DESC LIMIT 0,6 [ RunTime:0.000755s ]
[2021-05-26T01:17:21+08:00][sql] SELECT article_id,article_title,click_num,FROM_UNIXTIME(add_time,'%Y-%m-%d') as add_time FROM `carver_article` WHERE  `is_show` = 1  AND `delete_time` = 0 ORDER BY `click_num` DESC LIMIT 3 [ RunTime:0.003410s ]
[2021-05-26T01:17:21+08:00][sql] SHOW FULL COLUMNS FROM `carver_notice` [ RunTime:0.000811s ]
[2021-05-26T01:17:21+08:00][sql] SELECT * FROM `carver_notice` ORDER BY `create_time` DESC LIMIT 3 [ RunTime:0.000648s ]
[2021-05-26T01:17:21+08:00][sql] SHOW FULL COLUMNS FROM `carver_navigation` [ RunTime:0.000856s ]
[2021-05-26T01:17:21+08:00][sql] SELECT * FROM `carver_navigation` [ RunTime:0.000714s ]
[2021-05-26T01:17:21+08:00][sql] SHOW FULL COLUMNS FROM `carver_link` [ RunTime:0.001631s ]
[2021-05-26T01:17:21+08:00][sql] SELECT * FROM `carver_link` WHERE  ( is_confirm=2 ) LIMIT 20 [ RunTime:0.000285s ]
[2021-05-26T01:17:21+08:00][sql] SELECT `article_label` FROM `carver_article` [ RunTime:0.001192s ]
[2021-05-26T01:17:21+08:00][sql] SHOW FULL COLUMNS FROM `carver_carouse` [ RunTime:0.000488s ]
[2021-05-26T01:17:21+08:00][sql] SELECT `carouse_img`,`carouse_desc` FROM `carver_carouse` WHERE  `is_show` = 1 ORDER BY `carouse_sort` DESC LIMIT 3 [ RunTime:0.000527s ]
[2021-05-26T01:17:21+08:00][sql] SHOW FULL COLUMNS FROM `carver_site` [ RunTime:0.000479s ]
[2021-05-26T01:17:21+08:00][sql] SELECT * FROM `carver_site` [ RunTime:0.000478s ]
[2021-05-26T01:28:29+08:00][sql] CONNECT:[ UseTime:0.000582s ] mysql:host=127.0.0.1;port=3306;dbname=carver;charset=utf8
[2021-05-26T01:28:29+08:00][sql] SHOW FULL COLUMNS FROM `carver_article` [ RunTime:0.001066s ]
[2021-05-26T01:28:29+08:00][sql] SELECT COUNT(*) AS think_count FROM `carver_article` WHERE  `article_label` LIKE '%angerjs%'  AND `delete_time` = 0  AND `is_show` = 1 [ RunTime:0.000457s ]
[2021-05-26T01:28:29+08:00][sql] SELECT * FROM `carver_article` WHERE  `article_label` LIKE '%angerjs%'  AND `delete_time` = 0  AND `is_show` = 1 LIMIT 0,6 [ RunTime:0.000931s ]
[2021-05-26T01:28:29+08:00][sql] SELECT article_id,article_title,click_num,FROM_UNIXTIME(add_time,'%Y-%m-%d') as add_time FROM `carver_article` WHERE  `is_show` = 1  AND `delete_time` = 0 ORDER BY `click_num` DESC LIMIT 3 [ RunTime:0.000492s ]
[2021-05-26T01:28:29+08:00][sql] SHOW FULL COLUMNS FROM `carver_notice` [ RunTime:0.000652s ]
[2021-05-26T01:28:29+08:00][sql] SELECT * FROM `carver_notice` ORDER BY `create_time` DESC LIMIT 3 [ RunTime:0.000322s ]
[2021-05-26T01:28:29+08:00][sql] SHOW FULL COLUMNS FROM `carver_navigation` [ RunTime:0.000641s ]
[2021-05-26T01:28:29+08:00][sql] SELECT * FROM `carver_navigation` [ RunTime:0.000294s ]
[2021-05-26T01:28:29+08:00][sql] SHOW FULL COLUMNS FROM `carver_link` [ RunTime:0.000587s ]
[2021-05-26T01:28:29+08:00][sql] SELECT * FROM `carver_link` WHERE  ( is_confirm=2 ) LIMIT 20 [ RunTime:0.000371s ]
[2021-05-26T01:28:29+08:00][sql] SELECT `article_label` FROM `carver_article` [ RunTime:0.000323s ]
[2021-05-26T01:28:29+08:00][sql] SHOW FULL COLUMNS FROM `carver_carouse` [ RunTime:0.000590s ]
[2021-05-26T01:28:29+08:00][sql] SELECT `carouse_img`,`carouse_desc` FROM `carver_carouse` WHERE  `is_show` = 1 ORDER BY `carouse_sort` DESC LIMIT 3 [ RunTime:0.000323s ]
[2021-05-26T01:28:29+08:00][sql] SHOW FULL COLUMNS FROM `carver_site` [ RunTime:0.000567s ]
[2021-05-26T01:28:29+08:00][sql] SELECT * FROM `carver_site` [ RunTime:0.000284s ]
[2021-05-26T02:46:09+08:00][sql] CONNECT:[ UseTime:0.000482s ] mysql:host=127.0.0.1;port=3306;dbname=carver;charset=utf8
[2021-05-26T02:46:09+08:00][sql] SHOW FULL COLUMNS FROM `carver_article` [ RunTime:0.000866s ]
[2021-05-26T02:46:09+08:00][sql] SELECT COUNT(*) AS think_count FROM `carver_article` WHERE  `article_label` LIKE '%php;网络安全//%'  AND `delete_time` = 0  AND `is_show` = 1 [ RunTime:0.000403s ]
[2021-05-26T02:46:09+08:00][sql] SELECT * FROM `carver_article` WHERE  `article_label` LIKE '%php;网络安全//%'  AND `delete_time` = 0  AND `is_show` = 1 LIMIT 0,6 [ RunTime:0.000955s ]
[2021-05-26T02:46:09+08:00][sql] SELECT article_id,article_title,click_num,FROM_UNIXTIME(add_time,'%Y-%m-%d') as add_time FROM `carver_article` WHERE  `is_show` = 1  AND `delete_time` = 0 ORDER BY `click_num` DESC LIMIT 3 [ RunTime:0.000847s ]
[2021-05-26T02:46:09+08:00][sql] SHOW FULL COLUMNS FROM `carver_notice` [ RunTime:0.000690s ]
[2021-05-26T02:46:09+08:00][sql] SELECT * FROM `carver_notice` ORDER BY `create_time` DESC LIMIT 3 [ RunTime:0.000302s ]
[2021-05-26T02:46:09+08:00][sql] SHOW FULL COLUMNS FROM `carver_navigation` [ RunTime:0.000598s ]
[2021-05-26T02:46:09+08:00][sql] SELECT * FROM `carver_navigation` [ RunTime:0.000301s ]
[2021-05-26T02:46:09+08:00][sql] SHOW FULL COLUMNS FROM `carver_link` [ RunTime:0.000573s ]
[2021-05-26T02:46:09+08:00][sql] SELECT * FROM `carver_link` WHERE  ( is_confirm=2 ) LIMIT 20 [ RunTime:0.000331s ]
[2021-05-26T02:46:09+08:00][sql] SELECT `article_label` FROM `carver_article` [ RunTime:0.000274s ]
[2021-05-26T02:46:09+08:00][sql] SHOW FULL COLUMNS FROM `carver_carouse` [ RunTime:0.000525s ]
[2021-05-26T02:46:09+08:00][sql] SELECT `carouse_img`,`carouse_desc` FROM `carver_carouse` WHERE  `is_show` = 1 ORDER BY `carouse_sort` DESC LIMIT 3 [ RunTime:0.000303s ]
[2021-05-26T02:46:09+08:00][sql] SHOW FULL COLUMNS FROM `carver_site` [ RunTime:0.000544s ]
[2021-05-26T02:46:09+08:00][sql] SELECT * FROM `carver_site` [ RunTime:0.000284s ]
[2021-05-26T02:46:17+08:00][sql] CONNECT:[ UseTime:0.000515s ] mysql:host=127.0.0.1;port=3306;dbname=carver;charset=utf8
[2021-05-26T02:46:17+08:00][sql] SHOW FULL COLUMNS FROM `carver_article` [ RunTime:0.000972s ]
[2021-05-26T02:46:17+08:00][sql] SELECT COUNT(*) AS think_count FROM `carver_article` WHERE  `article_label` LIKE '%php;设计模式//%'  AND `delete_time` = 0  AND `is_show` = 1 [ RunTime:0.000461s ]
[2021-05-26T02:46:17+08:00][sql] SELECT * FROM `carver_article` WHERE  `article_label` LIKE '%php;设计模式//%'  AND `delete_time` = 0  AND `is_show` = 1 LIMIT 0,6 [ RunTime:0.001221s ]
[2021-05-26T02:46:17+08:00][sql] SELECT article_id,article_title,click_num,FROM_UNIXTIME(add_time,'%Y-%m-%d') as add_time FROM `carver_article` WHERE  `is_show` = 1  AND `delete_time` = 0 ORDER BY `click_num` DESC LIMIT 3 [ RunTime:0.000480s ]
[2021-05-26T02:46:17+08:00][sql] SHOW FULL COLUMNS FROM `carver_notice` [ RunTime:0.000748s ]
[2021-05-26T02:46:17+08:00][sql] SELECT * FROM `carver_notice` ORDER BY `create_time` DESC LIMIT 3 [ RunTime:0.000305s ]
[2021-05-26T02:46:17+08:00][sql] SHOW FULL COLUMNS FROM `carver_navigation` [ RunTime:0.001005s ]
[2021-05-26T02:46:17+08:00][sql] SELECT * FROM `carver_navigation` [ RunTime:0.000310s ]
[2021-05-26T02:46:17+08:00][sql] SHOW FULL COLUMNS FROM `carver_link` [ RunTime:0.000557s ]
[2021-05-26T02:46:17+08:00][sql] SELECT * FROM `carver_link` WHERE  ( is_confirm=2 ) LIMIT 20 [ RunTime:0.000398s ]
[2021-05-26T02:46:17+08:00][sql] SELECT `article_label` FROM `carver_article` [ RunTime:0.000376s ]
[2021-05-26T02:46:17+08:00][sql] SHOW FULL COLUMNS FROM `carver_carouse` [ RunTime:0.000522s ]
[2021-05-26T02:46:17+08:00][sql] SELECT `carouse_img`,`carouse_desc` FROM `carver_carouse` WHERE  `is_show` = 1 ORDER BY `carouse_sort` DESC LIMIT 3 [ RunTime:0.000366s ]
[2021-05-26T02:46:17+08:00][sql] SHOW FULL COLUMNS FROM `carver_site` [ RunTime:0.000521s ]
[2021-05-26T02:46:17+08:00][sql] SELECT * FROM `carver_site` [ RunTime:0.000338s ]
[2021-05-26T04:20:35+08:00][sql] CONNECT:[ UseTime:0.000566s ] mysql:host=127.0.0.1;port=3306;dbname=carver;charset=utf8
[2021-05-26T04:20:35+08:00][sql] SHOW FULL COLUMNS FROM `carver_user` [ RunTime:0.000768s ]
[2021-05-26T04:20:35+08:00][sql] SHOW FULL COLUMNS FROM `carver_article` [ RunTime:0.000692s ]
[2021-05-26T04:20:35+08:00][sql] SELECT COUNT(*) AS think_count FROM `carver_article` WHERE  `delete_time` = 0  AND `is_show` = 1 [ RunTime:0.000397s ]
[2021-05-26T04:20:35+08:00][sql] SELECT `article_id`,`article_title`,`article_desc`,`article_content`,`article_img`,`article_guide`,`article_label`,`click_num`,`is_show`,`add_time`,`article_author`,`is_top_show` FROM `carver_article` WHERE  `delete_time` = 0  AND `is_show` = 1 ORDER BY `article_id` DESC LIMIT 0,6 [ RunTime:0.000641s ]
[2021-05-26T04:20:35+08:00][sql] SELECT article_id,article_title,click_num,FROM_UNIXTIME(add_time,'%Y-%m-%d') as add_time FROM `carver_article` WHERE  `is_show` = 1  AND `delete_time` = 0 ORDER BY `click_num` DESC LIMIT 3 [ RunTime:0.000547s ]
[2021-05-26T04:20:35+08:00][sql] SHOW FULL COLUMNS FROM `carver_notice` [ RunTime:0.000586s ]
[2021-05-26T04:20:35+08:00][sql] SELECT * FROM `carver_notice` ORDER BY `create_time` DESC LIMIT 3 [ RunTime:0.000281s ]
[2021-05-26T04:20:35+08:00][sql] SHOW FULL COLUMNS FROM `carver_navigation` [ RunTime:0.000530s ]
[2021-05-26T04:20:35+08:00][sql] SELECT * FROM `carver_navigation` [ RunTime:0.000251s ]
[2021-05-26T04:20:35+08:00][sql] SHOW FULL COLUMNS FROM `carver_link` [ RunTime:0.000538s ]
[2021-05-26T04:20:35+08:00][sql] SELECT * FROM `carver_link` WHERE  ( is_confirm=2 ) LIMIT 20 [ RunTime:0.000438s ]
[2021-05-26T04:20:35+08:00][sql] SELECT `article_label` FROM `carver_article` [ RunTime:0.000340s ]
[2021-05-26T04:20:35+08:00][sql] SHOW FULL COLUMNS FROM `carver_carouse` [ RunTime:0.000500s ]
[2021-05-26T04:20:35+08:00][sql] SELECT `carouse_img`,`carouse_desc` FROM `carver_carouse` WHERE  `is_show` = 1 ORDER BY `carouse_sort` DESC LIMIT 3 [ RunTime:0.000313s ]
[2021-05-26T04:20:35+08:00][sql] SHOW FULL COLUMNS FROM `carver_site` [ RunTime:0.000512s ]
[2021-05-26T04:20:35+08:00][sql] SELECT * FROM `carver_site` [ RunTime:0.000271s ]
[2021-05-26T04:35:26+08:00][sql] CONNECT:[ UseTime:0.000647s ] mysql:host=127.0.0.1;port=3306;dbname=carver;charset=utf8
[2021-05-26T04:35:26+08:00][sql] SHOW FULL COLUMNS FROM `carver_article` [ RunTime:0.001130s ]
[2021-05-26T04:35:26+08:00][sql] SELECT COUNT(*) AS think_count FROM `carver_article` WHERE  `article_guide` = 54  AND `delete_time` = 0  AND `is_show` = 1 [ RunTime:0.000383s ]
[2021-05-26T04:35:26+08:00][sql] SELECT * FROM `carver_article` WHERE  `article_guide` = 54  AND `delete_time` = 0  AND `is_show` = 1 ORDER BY `add_time` DESC LIMIT 0,6 [ RunTime:0.000471s ]
[2021-05-26T04:35:26+08:00][sql] SELECT article_id,article_title,click_num,FROM_UNIXTIME(add_time,'%Y-%m-%d') as add_time FROM `carver_article` WHERE  `is_show` = 1  AND `delete_time` = 0 ORDER BY `click_num` DESC LIMIT 3 [ RunTime:0.000414s ]
[2021-05-26T04:35:26+08:00][sql] SHOW FULL COLUMNS FROM `carver_notice` [ RunTime:0.000549s ]
[2021-05-26T04:35:26+08:00][sql] SELECT * FROM `carver_notice` ORDER BY `create_time` DESC LIMIT 3 [ RunTime:0.000311s ]
[2021-05-26T04:35:26+08:00][sql] SHOW FULL COLUMNS FROM `carver_navigation` [ RunTime:0.000560s ]
[2021-05-26T04:35:26+08:00][sql] SELECT * FROM `carver_navigation` [ RunTime:0.000281s ]
[2021-05-26T04:35:26+08:00][sql] SELECT `article_label` FROM `carver_article` [ RunTime:0.000287s ]
[2021-05-26T04:35:26+08:00][sql] SHOW FULL COLUMNS FROM `carver_carouse` [ RunTime:0.000527s ]
[2021-05-26T04:35:26+08:00][sql] SELECT `carouse_img`,`carouse_desc` FROM `carver_carouse` WHERE  `is_show` = 1 ORDER BY `carouse_sort` DESC LIMIT 3 [ RunTime:0.000324s ]
[2021-05-26T04:35:26+08:00][sql] SHOW FULL COLUMNS FROM `carver_link` [ RunTime:0.000565s ]
[2021-05-26T04:35:26+08:00][sql] SELECT * FROM `carver_link` WHERE  ( is_confirm=2 ) LIMIT 20 [ RunTime:0.000319s ]
[2021-05-26T04:35:26+08:00][sql] SHOW FULL COLUMNS FROM `carver_site` [ RunTime:0.000542s ]
[2021-05-26T04:35:26+08:00][sql] SELECT * FROM `carver_site` [ RunTime:0.000276s ]
[2021-05-26T05:54:02+08:00][sql] CONNECT:[ UseTime:0.000557s ] mysql:host=127.0.0.1;port=3306;dbname=carver;charset=utf8
[2021-05-26T05:54:02+08:00][sql] SHOW FULL COLUMNS FROM `carver_user` [ RunTime:0.000786s ]
[2021-05-26T05:54:02+08:00][sql] SHOW FULL COLUMNS FROM `carver_article` [ RunTime:0.000723s ]
[2021-05-26T05:54:02+08:00][sql] SELECT COUNT(*) AS think_count FROM `carver_article` WHERE  `delete_time` = 0  AND `is_show` = 1 [ RunTime:0.000374s ]
[2021-05-26T05:54:02+08:00][sql] SELECT `article_id`,`article_title`,`article_desc`,`article_content`,`article_img`,`article_guide`,`article_label`,`click_num`,`is_show`,`add_time`,`article_author`,`is_top_show` FROM `carver_article` WHERE  `delete_time` = 0  AND `is_show` = 1 ORDER BY `article_id` DESC LIMIT 0,6 [ RunTime:0.000763s ]
[2021-05-26T05:54:02+08:00][sql] SELECT article_id,article_title,click_num,FROM_UNIXTIME(add_time,'%Y-%m-%d') as add_time FROM `carver_article` WHERE  `is_show` = 1  AND `delete_time` = 0 ORDER BY `click_num` DESC LIMIT 3 [ RunTime:0.000410s ]
[2021-05-26T05:54:02+08:00][sql] SHOW FULL COLUMNS FROM `carver_notice` [ RunTime:0.000498s ]
[2021-05-26T05:54:02+08:00][sql] SELECT * FROM `carver_notice` ORDER BY `create_time` DESC LIMIT 3 [ RunTime:0.000272s ]
[2021-05-26T05:54:02+08:00][sql] SHOW FULL COLUMNS FROM `carver_navigation` [ RunTime:0.000523s ]
[2021-05-26T05:54:02+08:00][sql] SELECT * FROM `carver_navigation` [ RunTime:0.000233s ]
[2021-05-26T05:54:02+08:00][sql] SHOW FULL COLUMNS FROM `carver_link` [ RunTime:0.000496s ]
[2021-05-26T05:54:02+08:00][sql] SELECT * FROM `carver_link` WHERE  ( is_confirm=2 ) LIMIT 20 [ RunTime:0.000308s ]
[2021-05-26T05:54:02+08:00][sql] SELECT `article_label` FROM `carver_article` [ RunTime:0.000295s ]
[2021-05-26T05:54:02+08:00][sql] SHOW FULL COLUMNS FROM `carver_carouse` [ RunTime:0.000452s ]
[2021-05-26T05:54:02+08:00][sql] SELECT `carouse_img`,`carouse_desc` FROM `carver_carouse` WHERE  `is_show` = 1 ORDER BY `carouse_sort` DESC LIMIT 3 [ RunTime:0.000284s ]
[2021-05-26T05:54:02+08:00][sql] SHOW FULL COLUMNS FROM `carver_site` [ RunTime:0.000460s ]
[2021-05-26T05:54:02+08:00][sql] SELECT * FROM `carver_site` [ RunTime:0.000234s ]
[2021-05-26T05:55:52+08:00][sql] CONNECT:[ UseTime:0.000547s ] mysql:host=127.0.0.1;port=3306;dbname=carver;charset=utf8
[2021-05-26T05:55:52+08:00][sql] SHOW FULL COLUMNS FROM `carver_article` [ RunTime:0.000921s ]
[2021-05-26T05:55:52+08:00][sql] SELECT COUNT(*) AS think_count FROM `carver_article` WHERE  `article_label` LIKE '%excel%'  AND `delete_time` = 0  AND `is_show` = 1 [ RunTime:0.000455s ]
[2021-05-26T05:55:52+08:00][sql] SELECT * FROM `carver_article` WHERE  `article_label` LIKE '%excel%'  AND `delete_time` = 0  AND `is_show` = 1 LIMIT 0,6 [ RunTime:0.001218s ]
[2021-05-26T05:55:52+08:00][sql] SELECT article_id,article_title,click_num,FROM_UNIXTIME(add_time,'%Y-%m-%d') as add_time FROM `carver_article` WHERE  `is_show` = 1  AND `delete_time` = 0 ORDER BY `click_num` DESC LIMIT 3 [ RunTime:0.000464s ]
[2021-05-26T05:55:52+08:00][sql] SHOW FULL COLUMNS FROM `carver_notice` [ RunTime:0.000595s ]
[2021-05-26T05:55:52+08:00][sql] SELECT * FROM `carver_notice` ORDER BY `create_time` DESC LIMIT 3 [ RunTime:0.000319s ]
[2021-05-26T05:55:52+08:00][sql] SHOW FULL COLUMNS FROM `carver_navigation` [ RunTime:0.000528s ]
[2021-05-26T05:55:52+08:00][sql] SELECT * FROM `carver_navigation` [ RunTime:0.000254s ]
[2021-05-26T05:55:52+08:00][sql] SHOW FULL COLUMNS FROM `carver_link` [ RunTime:0.000508s ]
[2021-05-26T05:55:52+08:00][sql] SELECT * FROM `carver_link` WHERE  ( is_confirm=2 ) LIMIT 20 [ RunTime:0.000301s ]
[2021-05-26T05:55:52+08:00][sql] SELECT `article_label` FROM `carver_article` [ RunTime:0.000380s ]
[2021-05-26T05:55:52+08:00][sql] SHOW FULL COLUMNS FROM `carver_carouse` [ RunTime:0.000498s ]
[2021-05-26T05:55:52+08:00][sql] SELECT `carouse_img`,`carouse_desc` FROM `carver_carouse` WHERE  `is_show` = 1 ORDER BY `carouse_sort` DESC LIMIT 3 [ RunTime:0.000307s ]
[2021-05-26T05:55:52+08:00][sql] SHOW FULL COLUMNS FROM `carver_site` [ RunTime:0.000517s ]
[2021-05-26T05:55:52+08:00][sql] SELECT * FROM `carver_site` [ RunTime:0.000250s ]
[2021-05-26T06:06:53+08:00][sql] CONNECT:[ UseTime:0.000537s ] mysql:host=127.0.0.1;port=3306;dbname=carver;charset=utf8
[2021-05-26T06:06:53+08:00][sql] SHOW FULL COLUMNS FROM `carver_user` [ RunTime:0.000785s ]
[2021-05-26T06:06:53+08:00][sql] SHOW FULL COLUMNS FROM `carver_article` [ RunTime:0.000668s ]
[2021-05-26T06:06:53+08:00][sql] SELECT COUNT(*) AS think_count FROM `carver_article` WHERE  `delete_time` = 0  AND `is_show` = 1 [ RunTime:0.000370s ]
[2021-05-26T06:06:53+08:00][sql] SELECT `article_id`,`article_title`,`article_desc`,`article_content`,`article_img`,`article_guide`,`article_label`,`click_num`,`is_show`,`add_time`,`article_author`,`is_top_show` FROM `carver_article` WHERE  `delete_time` = 0  AND `is_show` = 1 ORDER BY `article_id` DESC LIMIT 0,6 [ RunTime:0.000689s ]
[2021-05-26T06:06:53+08:00][sql] SELECT article_id,article_title,click_num,FROM_UNIXTIME(add_time,'%Y-%m-%d') as add_time FROM `carver_article` WHERE  `is_show` = 1  AND `delete_time` = 0 ORDER BY `click_num` DESC LIMIT 3 [ RunTime:0.000389s ]
[2021-05-26T06:06:53+08:00][sql] SHOW FULL COLUMNS FROM `carver_notice` [ RunTime:0.000490s ]
[2021-05-26T06:06:53+08:00][sql] SELECT * FROM `carver_notice` ORDER BY `create_time` DESC LIMIT 3 [ RunTime:0.000265s ]
[2021-05-26T06:06:53+08:00][sql] SHOW FULL COLUMNS FROM `carver_navigation` [ RunTime:0.000531s ]
[2021-05-26T06:06:53+08:00][sql] SELECT * FROM `carver_navigation` [ RunTime:0.000247s ]
[2021-05-26T06:06:53+08:00][sql] SHOW FULL COLUMNS FROM `carver_link` [ RunTime:0.000489s ]
[2021-05-26T06:06:53+08:00][sql] SELECT * FROM `carver_link` WHERE  ( is_confirm=2 ) LIMIT 20 [ RunTime:0.000269s ]
[2021-05-26T06:06:53+08:00][sql] SELECT `article_label` FROM `carver_article` [ RunTime:0.000272s ]
[2021-05-26T06:06:53+08:00][sql] SHOW FULL COLUMNS FROM `carver_carouse` [ RunTime:0.000485s ]
[2021-05-26T06:06:53+08:00][sql] SELECT `carouse_img`,`carouse_desc` FROM `carver_carouse` WHERE  `is_show` = 1 ORDER BY `carouse_sort` DESC LIMIT 3 [ RunTime:0.000260s ]
[2021-05-26T06:06:53+08:00][sql] SHOW FULL COLUMNS FROM `carver_site` [ RunTime:0.000454s ]
[2021-05-26T06:06:53+08:00][sql] SELECT * FROM `carver_site` [ RunTime:0.000231s ]
[2021-05-26T06:21:37+08:00][sql] CONNECT:[ UseTime:0.029715s ] mysql:host=127.0.0.1;port=3306;dbname=carver;charset=utf8
[2021-05-26T06:21:37+08:00][sql] SHOW FULL COLUMNS FROM `carver_article` [ RunTime:0.001378s ]
[2021-05-26T06:21:37+08:00][sql] SELECT COUNT(*) AS think_count FROM `carver_article` WHERE  `article_label` LIKE '%php%'  AND `delete_time` = 0  AND `is_show` = 1 [ RunTime:0.000456s ]
[2021-05-26T06:21:37+08:00][sql] SELECT * FROM `carver_article` WHERE  `article_label` LIKE '%php%'  AND `delete_time` = 0  AND `is_show` = 1 LIMIT 0,6 [ RunTime:0.001202s ]
[2021-05-26T06:21:37+08:00][sql] SELECT article_id,article_title,click_num,FROM_UNIXTIME(add_time,'%Y-%m-%d') as add_time FROM `carver_article` WHERE  `is_show` = 1  AND `delete_time` = 0 ORDER BY `click_num` DESC LIMIT 3 [ RunTime:0.004394s ]
[2021-05-26T06:21:37+08:00][sql] SHOW FULL COLUMNS FROM `carver_notice` [ RunTime:0.001521s ]
[2021-05-26T06:21:37+08:00][sql] SELECT * FROM `carver_notice` ORDER BY `create_time` DESC LIMIT 3 [ RunTime:0.000322s ]
[2021-05-26T06:21:37+08:00][sql] SHOW FULL COLUMNS FROM `carver_navigation` [ RunTime:0.001428s ]
[2021-05-26T06:21:37+08:00][sql] SELECT * FROM `carver_navigation` [ RunTime:0.000614s ]
[2021-05-26T06:21:37+08:00][sql] SHOW FULL COLUMNS FROM `carver_link` [ RunTime:0.001536s ]
[2021-05-26T06:21:37+08:00][sql] SELECT * FROM `carver_link` WHERE  ( is_confirm=2 ) LIMIT 20 [ RunTime:0.000359s ]
[2021-05-26T06:21:37+08:00][sql] SELECT `article_label` FROM `carver_article` [ RunTime:0.001658s ]
[2021-05-26T06:21:37+08:00][sql] SHOW FULL COLUMNS FROM `carver_carouse` [ RunTime:0.000579s ]
[2021-05-26T06:21:37+08:00][sql] SELECT `carouse_img`,`carouse_desc` FROM `carver_carouse` WHERE  `is_show` = 1 ORDER BY `carouse_sort` DESC LIMIT 3 [ RunTime:0.000355s ]
[2021-05-26T06:21:37+08:00][sql] SHOW FULL COLUMNS FROM `carver_site` [ RunTime:0.000697s ]
[2021-05-26T06:21:37+08:00][sql] SELECT * FROM `carver_site` [ RunTime:0.000731s ]
[2021-05-26T07:05:44+08:00][sql] CONNECT:[ UseTime:0.000754s ] mysql:host=127.0.0.1;port=3306;dbname=carver;charset=utf8
[2021-05-26T07:05:44+08:00][sql] SHOW FULL COLUMNS FROM `carver_user` [ RunTime:0.000784s ]
[2021-05-26T07:05:44+08:00][sql] SHOW FULL COLUMNS FROM `carver_article` [ RunTime:0.000790s ]
[2021-05-26T07:05:44+08:00][sql] SELECT COUNT(*) AS think_count FROM `carver_article` WHERE  `delete_time` = 0  AND `is_show` = 1 [ RunTime:0.000374s ]
[2021-05-26T07:05:44+08:00][sql] SELECT `article_id`,`article_title`,`article_desc`,`article_content`,`article_img`,`article_guide`,`article_label`,`click_num`,`is_show`,`add_time`,`article_author`,`is_top_show` FROM `carver_article` WHERE  `delete_time` = 0  AND `is_show` = 1 ORDER BY `article_id` DESC LIMIT 0,6 [ RunTime:0.000598s ]
[2021-05-26T07:05:44+08:00][sql] SELECT article_id,article_title,click_num,FROM_UNIXTIME(add_time,'%Y-%m-%d') as add_time FROM `carver_article` WHERE  `is_show` = 1  AND `delete_time` = 0 ORDER BY `click_num` DESC LIMIT 3 [ RunTime:0.000402s ]
[2021-05-26T07:05:44+08:00][sql] SHOW FULL COLUMNS FROM `carver_notice` [ RunTime:0.000574s ]
[2021-05-26T07:05:44+08:00][sql] SELECT * FROM `carver_notice` ORDER BY `create_time` DESC LIMIT 3 [ RunTime:0.000270s ]
[2021-05-26T07:05:44+08:00][sql] SHOW FULL COLUMNS FROM `carver_navigation` [ RunTime:0.000492s ]
[2021-05-26T07:05:44+08:00][sql] SELECT * FROM `carver_navigation` [ RunTime:0.000246s ]
[2021-05-26T07:05:44+08:00][sql] SHOW FULL COLUMNS FROM `carver_link` [ RunTime:0.000531s ]
[2021-05-26T07:05:44+08:00][sql] SELECT * FROM `carver_link` WHERE  ( is_confirm=2 ) LIMIT 20 [ RunTime:0.000277s ]
[2021-05-26T07:05:44+08:00][sql] SELECT `article_label` FROM `carver_article` [ RunTime:0.000261s ]
[2021-05-26T07:05:44+08:00][sql] SHOW FULL COLUMNS FROM `carver_carouse` [ RunTime:0.000493s ]
[2021-05-26T07:05:44+08:00][sql] SELECT `carouse_img`,`carouse_desc` FROM `carver_carouse` WHERE  `is_show` = 1 ORDER BY `carouse_sort` DESC LIMIT 3 [ RunTime:0.000302s ]
[2021-05-26T07:05:44+08:00][sql] SHOW FULL COLUMNS FROM `carver_site` [ RunTime:0.000538s ]
[2021-05-26T07:05:44+08:00][sql] SELECT * FROM `carver_site` [ RunTime:0.000257s ]
[2021-05-26T09:13:02+08:00][sql] CONNECT:[ UseTime:0.000712s ] mysql:host=127.0.0.1;port=3306;dbname=carver;charset=utf8
[2021-05-26T09:13:02+08:00][sql] SHOW FULL COLUMNS FROM `carver_user` [ RunTime:0.000815s ]
[2021-05-26T09:13:02+08:00][sql] SHOW FULL COLUMNS FROM `carver_article` [ RunTime:0.000709s ]
[2021-05-26T09:13:02+08:00][sql] SELECT COUNT(*) AS think_count FROM `carver_article` WHERE  `delete_time` = 0  AND `is_show` = 1 [ RunTime:0.000386s ]
[2021-05-26T09:13:02+08:00][sql] SELECT `article_id`,`article_title`,`article_desc`,`article_content`,`article_img`,`article_guide`,`article_label`,`click_num`,`is_show`,`add_time`,`article_author`,`is_top_show` FROM `carver_article` WHERE  `delete_time` = 0  AND `is_show` = 1 ORDER BY `article_id` DESC LIMIT 12,6 [ RunTime:0.001153s ]
[2021-05-26T09:13:02+08:00][sql] SELECT article_id,article_title,click_num,FROM_UNIXTIME(add_time,'%Y-%m-%d') as add_time FROM `carver_article` WHERE  `is_show` = 1  AND `delete_time` = 0 ORDER BY `click_num` DESC LIMIT 3 [ RunTime:0.000526s ]
[2021-05-26T09:13:02+08:00][sql] SHOW FULL COLUMNS FROM `carver_notice` [ RunTime:0.000597s ]
[2021-05-26T09:13:02+08:00][sql] SELECT * FROM `carver_notice` ORDER BY `create_time` DESC LIMIT 3 [ RunTime:0.000293s ]
[2021-05-26T09:13:02+08:00][sql] SHOW FULL COLUMNS FROM `carver_navigation` [ RunTime:0.000567s ]
[2021-05-26T09:13:02+08:00][sql] SELECT * FROM `carver_navigation` [ RunTime:0.000263s ]
[2021-05-26T09:13:02+08:00][sql] SHOW FULL COLUMNS FROM `carver_link` [ RunTime:0.000499s ]
[2021-05-26T09:13:02+08:00][sql] SELECT * FROM `carver_link` WHERE  ( is_confirm=2 ) LIMIT 20 [ RunTime:0.000316s ]
[2021-05-26T09:13:02+08:00][sql] SELECT `article_label` FROM `carver_article` [ RunTime:0.000271s ]
[2021-05-26T09:13:02+08:00][sql] SHOW FULL COLUMNS FROM `carver_carouse` [ RunTime:0.000579s ]
[2021-05-26T09:13:02+08:00][sql] SELECT `carouse_img`,`carouse_desc` FROM `carver_carouse` WHERE  `is_show` = 1 ORDER BY `carouse_sort` DESC LIMIT 3 [ RunTime:0.000286s ]
[2021-05-26T09:13:02+08:00][sql] SHOW FULL COLUMNS FROM `carver_site` [ RunTime:0.000589s ]
[2021-05-26T09:13:02+08:00][sql] SELECT * FROM `carver_site` [ RunTime:0.000232s ]
[2021-05-26T10:06:55+08:00][sql] CONNECT:[ UseTime:0.000971s ] mysql:host=127.0.0.1;port=3306;dbname=carver;charset=utf8
[2021-05-26T10:06:55+08:00][sql] SHOW FULL COLUMNS FROM `carver_user` [ RunTime:0.000789s ]
[2021-05-26T10:06:55+08:00][sql] SHOW FULL COLUMNS FROM `carver_article` [ RunTime:0.000713s ]
[2021-05-26T10:06:55+08:00][sql] SELECT COUNT(*) AS think_count FROM `carver_article` WHERE  `delete_time` = 0  AND `is_show` = 1 [ RunTime:0.000385s ]
[2021-05-26T10:06:55+08:00][sql] SELECT `article_id`,`article_title`,`article_desc`,`article_content`,`article_img`,`article_guide`,`article_label`,`click_num`,`is_show`,`add_time`,`article_author`,`is_top_show` FROM `carver_article` WHERE  `delete_time` = 0  AND `is_show` = 1 ORDER BY `article_id` DESC LIMIT 0,6 [ RunTime:0.000610s ]
[2021-05-26T10:06:55+08:00][sql] SELECT article_id,article_title,click_num,FROM_UNIXTIME(add_time,'%Y-%m-%d') as add_time FROM `carver_article` WHERE  `is_show` = 1  AND `delete_time` = 0 ORDER BY `click_num` DESC LIMIT 3 [ RunTime:0.000518s ]
[2021-05-26T10:06:55+08:00][sql] SHOW FULL COLUMNS FROM `carver_notice` [ RunTime:0.000554s ]
[2021-05-26T10:06:55+08:00][sql] SELECT * FROM `carver_notice` ORDER BY `create_time` DESC LIMIT 3 [ RunTime:0.000264s ]
[2021-05-26T10:06:55+08:00][sql] SHOW FULL COLUMNS FROM `carver_navigation` [ RunTime:0.000510s ]
[2021-05-26T10:06:55+08:00][sql] SELECT * FROM `carver_navigation` [ RunTime:0.000235s ]
[2021-05-26T10:06:55+08:00][sql] SHOW FULL COLUMNS FROM `carver_link` [ RunTime:0.000485s ]
[2021-05-26T10:06:55+08:00][sql] SELECT * FROM `carver_link` WHERE  ( is_confirm=2 ) LIMIT 20 [ RunTime:0.000287s ]
[2021-05-26T10:06:55+08:00][sql] SELECT `article_label` FROM `carver_article` [ RunTime:0.000317s ]
[2021-05-26T10:06:55+08:00][sql] SHOW FULL COLUMNS FROM `carver_carouse` [ RunTime:0.000496s ]
[2021-05-26T10:06:55+08:00][sql] SELECT `carouse_img`,`carouse_desc` FROM `carver_carouse` WHERE  `is_show` = 1 ORDER BY `carouse_sort` DESC LIMIT 3 [ RunTime:0.000300s ]
[2021-05-26T10:06:55+08:00][sql] SHOW FULL COLUMNS FROM `carver_site` [ RunTime:0.000490s ]
[2021-05-26T10:06:55+08:00][sql] SELECT * FROM `carver_site` [ RunTime:0.000260s ]
[2021-05-26T10:45:42+08:00][sql] CONNECT:[ UseTime:0.000567s ] mysql:host=127.0.0.1;port=3306;dbname=carver;charset=utf8
[2021-05-26T10:45:42+08:00][sql] SHOW FULL COLUMNS FROM `carver_article` [ RunTime:0.000934s ]
[2021-05-26T10:45:42+08:00][sql] SELECT `article_id`,`article_title`,`article_desc`,`article_content`,`article_img`,`article_guide`,`article_label`,`click_num`,`is_show`,`add_time`,`article_author` FROM `carver_article` WHERE  `article_id` = 17'A=0 LIMIT 1 [ RunTime:0.000531s ]
[2021-05-26T10:45:42+08:00][sql] SELECT `article_id`,`article_title`,`article_desc`,`article_content`,`article_img`,`article_guide`,`article_label`,`click_num`,`is_show`,`add_time`,`article_author` FROM `carver_article` WHERE  `article_id` > 17'A=0 LIMIT 1 [ RunTime:0.000476s ]
[2021-05-26T10:45:42+08:00][sql] SELECT `article_id`,`article_title`,`article_desc`,`article_content`,`article_img`,`article_guide`,`article_label`,`click_num`,`is_show`,`add_time`,`article_author` FROM `carver_article` WHERE  `article_id` < 17'A=0 ORDER BY `article_id` DESC LIMIT 1 [ RunTime:0.000371s ]
[2021-05-26T10:45:42+08:00][sql] SHOW FULL COLUMNS FROM `carver_link` [ RunTime:0.000548s ]
[2021-05-26T10:45:42+08:00][sql] SELECT * FROM `carver_link` WHERE  ( is_confirm=2 ) LIMIT 20 [ RunTime:0.000291s ]
[2021-05-26T10:45:42+08:00][sql] SELECT article_id,article_title,click_num,FROM_UNIXTIME(add_time,'%Y-%m-%d') as add_time FROM `carver_article` ORDER BY `click_num` DESC LIMIT 3 [ RunTime:0.000431s ]
[2021-05-26T10:45:42+08:00][sql] SHOW FULL COLUMNS FROM `carver_comment` [ RunTime:0.000624s ]
[2021-05-26T10:45:42+08:00][sql] SELECT `a`.*,`b`.`user_name` FROM `carver_comment` `a` INNER JOIN `carver_user` `b` ON `a`.`user_id`=`b`.`user_id` WHERE  `article_id` = 17'A=0 ORDER BY `create_time` DESC [ RunTime:0.000365s ]
[2021-05-26T10:45:42+08:00][sql] SHOW FULL COLUMNS FROM `carver_comment_to_others` [ RunTime:0.000505s ]
[2021-05-26T10:45:42+08:00][sql] SELECT * FROM `carver_comment_to_others` [ RunTime:0.000230s ]
[2021-05-26T10:45:42+08:00][sql] SHOW FULL COLUMNS FROM `carver_user` [ RunTime:0.000460s ]
[2021-05-26T10:45:42+08:00][sql] SELECT `user_name` FROM `carver_user` WHERE  `user_id` = 4 LIMIT 1 [ RunTime:0.000248s ]
[2021-05-26T10:45:42+08:00][sql] SELECT `user_name` FROM `carver_user` WHERE  `user_id` = 4 LIMIT 1 [ RunTime:0.000253s ]
[2021-05-26T10:45:42+08:00][sql] SELECT `user_name` FROM `carver_user` WHERE  `user_id` = 5 LIMIT 1 [ RunTime:0.000391s ]
[2021-05-26T10:45:42+08:00][sql] SELECT `user_name` FROM `carver_user` WHERE  `user_id` = 5 LIMIT 1 [ RunTime:0.000258s ]
[2021-05-26T10:45:42+08:00][sql] SELECT `user_name` FROM `carver_user` WHERE  `user_id` = 37 LIMIT 1 [ RunTime:0.000243s ]
[2021-05-26T10:45:42+08:00][sql] SELECT `user_name`,`user_id` FROM `carver_user` [ RunTime:0.000226s ]
[2021-05-26T10:45:42+08:00][sql] SHOW FULL COLUMNS FROM `carver_navigation` [ RunTime:0.000582s ]
[2021-05-26T10:45:42+08:00][sql] SELECT * FROM `carver_navigation` [ RunTime:0.000243s ]
[2021-05-26T10:45:42+08:00][sql] SELECT `article_label` FROM `carver_article` [ RunTime:0.000293s ]
[2021-05-26T13:24:59+08:00][sql] CONNECT:[ UseTime:0.000495s ] mysql:host=127.0.0.1;port=3306;dbname=carver;charset=utf8
[2021-05-26T13:24:59+08:00][sql] SHOW FULL COLUMNS FROM `carver_user` [ RunTime:0.000757s ]
[2021-05-26T13:24:59+08:00][sql] SHOW FULL COLUMNS FROM `carver_article` [ RunTime:0.000675s ]
[2021-05-26T13:24:59+08:00][sql] SELECT COUNT(*) AS think_count FROM `carver_article` WHERE  `delete_time` = 0  AND `is_show` = 1 [ RunTime:0.000370s ]
[2021-05-26T13:24:59+08:00][sql] SELECT `article_id`,`article_title`,`article_desc`,`article_content`,`article_img`,`article_guide`,`article_label`,`click_num`,`is_show`,`add_time`,`article_author`,`is_top_show` FROM `carver_article` WHERE  `delete_time` = 0  AND `is_show` = 1 ORDER BY `article_id` DESC LIMIT 24,6 [ RunTime:0.001009s ]
[2021-05-26T13:24:59+08:00][sql] SELECT article_id,article_title,click_num,FROM_UNIXTIME(add_time,'%Y-%m-%d') as add_time FROM `carver_article` WHERE  `is_show` = 1  AND `delete_time` = 0 ORDER BY `click_num` DESC LIMIT 3 [ RunTime:0.000444s ]
[2021-05-26T13:24:59+08:00][sql] SHOW FULL COLUMNS FROM `carver_notice` [ RunTime:0.000618s ]
[2021-05-26T13:24:59+08:00][sql] SELECT * FROM `carver_notice` ORDER BY `create_time` DESC LIMIT 3 [ RunTime:0.000252s ]
[2021-05-26T13:24:59+08:00][sql] SHOW FULL COLUMNS FROM `carver_navigation` [ RunTime:0.000492s ]
[2021-05-26T13:24:59+08:00][sql] SELECT * FROM `carver_navigation` [ RunTime:0.000239s ]
[2021-05-26T13:24:59+08:00][sql] SHOW FULL COLUMNS FROM `carver_link` [ RunTime:0.000491s ]
[2021-05-26T13:24:59+08:00][sql] SELECT * FROM `carver_link` WHERE  ( is_confirm=2 ) LIMIT 20 [ RunTime:0.000277s ]
[2021-05-26T13:24:59+08:00][sql] SELECT `article_label` FROM `carver_article` [ RunTime:0.000263s ]
[2021-05-26T13:24:59+08:00][sql] SHOW FULL COLUMNS FROM `carver_carouse` [ RunTime:0.000496s ]
[2021-05-26T13:24:59+08:00][sql] SELECT `carouse_img`,`carouse_desc` FROM `carver_carouse` WHERE  `is_show` = 1 ORDER BY `carouse_sort` DESC LIMIT 3 [ RunTime:0.000288s ]
[2021-05-26T13:24:59+08:00][sql] SHOW FULL COLUMNS FROM `carver_site` [ RunTime:0.000441s ]
[2021-05-26T13:24:59+08:00][sql] SELECT * FROM `carver_site` [ RunTime:0.000217s ]
[2021-05-26T13:25:59+08:00][sql] CONNECT:[ UseTime:0.000958s ] mysql:host=127.0.0.1;port=3306;dbname=carver;charset=utf8
[2021-05-26T13:25:59+08:00][sql] SHOW FULL COLUMNS FROM `carver_user` [ RunTime:0.000819s ]
[2021-05-26T14:28:55+08:00][sql] CONNECT:[ UseTime:0.000591s ] mysql:host=127.0.0.1;port=3306;dbname=carver;charset=utf8
[2021-05-26T14:28:55+08:00][sql] SHOW FULL COLUMNS FROM `carver_article` [ RunTime:0.000893s ]
[2021-05-26T14:28:55+08:00][sql] SELECT COUNT(*) AS think_count FROM `carver_article` WHERE  `article_guide` = 7  AND `delete_time` = 0  AND `is_show` = 1 [ RunTime:0.000407s ]
[2021-05-26T14:28:55+08:00][sql] SELECT * FROM `carver_article` WHERE  `article_guide` = 7  AND `delete_time` = 0  AND `is_show` = 1 ORDER BY `add_time` DESC LIMIT 0,6 [ RunTime:0.000404s ]
[2021-05-26T14:28:55+08:00][sql] SELECT article_id,article_title,click_num,FROM_UNIXTIME(add_time,'%Y-%m-%d') as add_time FROM `carver_article` WHERE  `is_show` = 1  AND `delete_time` = 0 ORDER BY `click_num` DESC LIMIT 3 [ RunTime:0.000397s ]
[2021-05-26T14:28:55+08:00][sql] SHOW FULL COLUMNS FROM `carver_notice` [ RunTime:0.000530s ]
[2021-05-26T14:28:55+08:00][sql] SELECT * FROM `carver_notice` ORDER BY `create_time` DESC LIMIT 3 [ RunTime:0.000272s ]
[2021-05-26T14:28:55+08:00][sql] SHOW FULL COLUMNS FROM `carver_navigation` [ RunTime:0.000514s ]
[2021-05-26T14:28:55+08:00][sql] SELECT * FROM `carver_navigation` [ RunTime:0.000232s ]
[2021-05-26T14:28:55+08:00][sql] SELECT `article_label` FROM `carver_article` [ RunTime:0.000259s ]
[2021-05-26T14:28:55+08:00][sql] SHOW FULL COLUMNS FROM `carver_carouse` [ RunTime:0.000459s ]
[2021-05-26T14:28:55+08:00][sql] SELECT `carouse_img`,`carouse_desc` FROM `carver_carouse` WHERE  `is_show` = 1 ORDER BY `carouse_sort` DESC LIMIT 3 [ RunTime:0.000295s ]
[2021-05-26T14:28:55+08:00][sql] SHOW FULL COLUMNS FROM `carver_link` [ RunTime:0.000491s ]
[2021-05-26T14:28:55+08:00][sql] SELECT * FROM `carver_link` WHERE  ( is_confirm=2 ) LIMIT 20 [ RunTime:0.000302s ]
[2021-05-26T14:28:55+08:00][sql] SHOW FULL COLUMNS FROM `carver_site` [ RunTime:0.000502s ]
[2021-05-26T14:28:55+08:00][sql] SELECT * FROM `carver_site` [ RunTime:0.000230s ]
[2021-05-26T18:16:08+08:00][sql] CONNECT:[ UseTime:0.000636s ] mysql:host=127.0.0.1;port=3306;dbname=carver;charset=utf8
[2021-05-26T18:16:08+08:00][sql] SHOW FULL COLUMNS FROM `carver_user` [ RunTime:0.000848s ]
[2021-05-26T18:16:08+08:00][sql] SHOW FULL COLUMNS FROM `carver_article` [ RunTime:0.001139s ]
[2021-05-26T18:16:08+08:00][sql] SELECT COUNT(*) AS think_count FROM `carver_article` WHERE  `delete_time` = 0  AND `is_show` = 1 [ RunTime:0.000416s ]
[2021-05-26T18:16:08+08:00][sql] SELECT `article_id`,`article_title`,`article_desc`,`article_content`,`article_img`,`article_guide`,`article_label`,`click_num`,`is_show`,`add_time`,`article_author`,`is_top_show` FROM `carver_article` WHERE  `delete_time` = 0  AND `is_show` = 1 ORDER BY `article_id` DESC LIMIT 0,6 [ RunTime:0.000728s ]
[2021-05-26T18:16:08+08:00][sql] SELECT article_id,article_title,click_num,FROM_UNIXTIME(add_time,'%Y-%m-%d') as add_time FROM `carver_article` WHERE  `is_show` = 1  AND `delete_time` = 0 ORDER BY `click_num` DESC LIMIT 3 [ RunTime:0.000427s ]
[2021-05-26T18:16:08+08:00][sql] SHOW FULL COLUMNS FROM `carver_notice` [ RunTime:0.000589s ]
[2021-05-26T18:16:08+08:00][sql] SELECT * FROM `carver_notice` ORDER BY `create_time` DESC LIMIT 3 [ RunTime:0.000273s ]
[2021-05-26T18:16:08+08:00][sql] SHOW FULL COLUMNS FROM `carver_navigation` [ RunTime:0.000545s ]
[2021-05-26T18:16:08+08:00][sql] SELECT * FROM `carver_navigation` [ RunTime:0.000273s ]
[2021-05-26T18:16:08+08:00][sql] SHOW FULL COLUMNS FROM `carver_link` [ RunTime:0.000577s ]
[2021-05-26T18:16:08+08:00][sql] SELECT * FROM `carver_link` WHERE  ( is_confirm=2 ) LIMIT 20 [ RunTime:0.000297s ]
[2021-05-26T18:16:08+08:00][sql] SELECT `article_label` FROM `carver_article` [ RunTime:0.000291s ]
[2021-05-26T18:16:08+08:00][sql] SHOW FULL COLUMNS FROM `carver_carouse` [ RunTime:0.000541s ]
[2021-05-26T18:16:08+08:00][sql] SELECT `carouse_img`,`carouse_desc` FROM `carver_carouse` WHERE  `is_show` = 1 ORDER BY `carouse_sort` DESC LIMIT 3 [ RunTime:0.000356s ]
[2021-05-26T18:16:08+08:00][sql] SHOW FULL COLUMNS FROM `carver_site` [ RunTime:0.000889s ]
[2021-05-26T18:16:08+08:00][sql] SELECT * FROM `carver_site` [ RunTime:0.000245s ]
[2021-05-26T20:12:39+08:00][sql] CONNECT:[ UseTime:0.000532s ] mysql:host=127.0.0.1;port=3306;dbname=carver;charset=utf8
[2021-05-26T20:12:39+08:00][sql] SHOW FULL COLUMNS FROM `carver_user` [ RunTime:0.000874s ]
[2021-05-26T20:12:39+08:00][sql] SHOW FULL COLUMNS FROM `carver_article` [ RunTime:0.000769s ]
[2021-05-26T20:12:39+08:00][sql] SELECT COUNT(*) AS think_count FROM `carver_article` WHERE  `delete_time` = 0  AND `is_show` = 1 [ RunTime:0.000408s ]
[2021-05-26T20:12:39+08:00][sql] SELECT `article_id`,`article_title`,`article_desc`,`article_content`,`article_img`,`article_guide`,`article_label`,`click_num`,`is_show`,`add_time`,`article_author`,`is_top_show` FROM `carver_article` WHERE  `delete_time` = 0  AND `is_show` = 1 ORDER BY `article_id` DESC LIMIT 0,6 [ RunTime:0.000646s ]
[2021-05-26T20:12:39+08:00][sql] SELECT article_id,article_title,click_num,FROM_UNIXTIME(add_time,'%Y-%m-%d') as add_time FROM `carver_article` WHERE  `is_show` = 1  AND `delete_time` = 0 ORDER BY `click_num` DESC LIMIT 3 [ RunTime:0.000611s ]
[2021-05-26T20:12:39+08:00][sql] SHOW FULL COLUMNS FROM `carver_notice` [ RunTime:0.000707s ]
[2021-05-26T20:12:39+08:00][sql] SELECT * FROM `carver_notice` ORDER BY `create_time` DESC LIMIT 3 [ RunTime:0.000337s ]
[2021-05-26T20:12:39+08:00][sql] SHOW FULL COLUMNS FROM `carver_navigation` [ RunTime:0.000571s ]
[2021-05-26T20:12:39+08:00][sql] SELECT * FROM `carver_navigation` [ RunTime:0.000270s ]
[2021-05-26T20:12:39+08:00][sql] SHOW FULL COLUMNS FROM `carver_link` [ RunTime:0.000525s ]
[2021-05-26T20:12:39+08:00][sql] SELECT * FROM `carver_link` WHERE  ( is_confirm=2 ) LIMIT 20 [ RunTime:0.000366s ]
[2021-05-26T20:12:39+08:00][sql] SELECT `article_label` FROM `carver_article` [ RunTime:0.000350s ]
[2021-05-26T20:12:39+08:00][sql] SHOW FULL COLUMNS FROM `carver_carouse` [ RunTime:0.000498s ]
[2021-05-26T20:12:39+08:00][sql] SELECT `carouse_img`,`carouse_desc` FROM `carver_carouse` WHERE  `is_show` = 1 ORDER BY `carouse_sort` DESC LIMIT 3 [ RunTime:0.000306s ]
[2021-05-26T20:12:39+08:00][sql] SHOW FULL COLUMNS FROM `carver_site` [ RunTime:0.000499s ]
[2021-05-26T20:12:39+08:00][sql] SELECT * FROM `carver_site` [ RunTime:0.000302s ]
[2021-05-26T20:48:31+08:00][sql] CONNECT:[ UseTime:0.000574s ] mysql:host=127.0.0.1;port=3306;dbname=carver;charset=utf8
[2021-05-26T20:48:31+08:00][sql] SHOW FULL COLUMNS FROM `carver_article` [ RunTime:0.000967s ]
[2021-05-26T20:48:31+08:00][sql] SELECT `article_id`,`article_title`,`article_desc`,`article_content`,`article_img`,`article_guide`,`article_label`,`click_num`,`is_show`,`add_time`,`article_author` FROM `carver_article` WHERE  `article_id` = 18 LIMIT 1 [ RunTime:0.000514s ]
[2021-05-26T20:48:31+08:00][sql] SELECT `article_id`,`article_title`,`article_desc`,`article_content`,`article_img`,`article_guide`,`article_label`,`click_num`,`is_show`,`add_time`,`article_author` FROM `carver_article` WHERE  `article_id` > 18 LIMIT 1 [ RunTime:0.002736s ]
[2021-05-26T20:48:31+08:00][sql] SELECT `article_id`,`article_title`,`article_desc`,`article_content`,`article_img`,`article_guide`,`article_label`,`click_num`,`is_show`,`add_time`,`article_author` FROM `carver_article` WHERE  `article_id` < 18 ORDER BY `article_id` DESC LIMIT 1 [ RunTime:0.000671s ]
[2021-05-26T20:48:31+08:00][sql] SHOW FULL COLUMNS FROM `carver_link` [ RunTime:0.000668s ]
[2021-05-26T20:48:31+08:00][sql] SELECT * FROM `carver_link` WHERE  ( is_confirm=2 ) LIMIT 20 [ RunTime:0.000431s ]
[2021-05-26T20:48:31+08:00][sql] SELECT article_id,article_title,click_num,FROM_UNIXTIME(add_time,'%Y-%m-%d') as add_time FROM `carver_article` ORDER BY `click_num` DESC LIMIT 3 [ RunTime:0.000460s ]
[2021-05-26T20:48:31+08:00][sql] SHOW FULL COLUMNS FROM `carver_comment` [ RunTime:0.000633s ]
[2021-05-26T20:48:31+08:00][sql] SELECT `a`.*,`b`.`user_name` FROM `carver_comment` `a` INNER JOIN `carver_user` `b` ON `a`.`user_id`=`b`.`user_id` WHERE  `article_id` = 18 ORDER BY `create_time` DESC [ RunTime:0.000418s ]
[2021-05-26T20:48:31+08:00][sql] SHOW FULL COLUMNS FROM `carver_comment_to_others` [ RunTime:0.000547s ]
[2021-05-26T20:48:31+08:00][sql] SELECT * FROM `carver_comment_to_others` [ RunTime:0.000283s ]
[2021-05-26T20:48:31+08:00][sql] SHOW FULL COLUMNS FROM `carver_user` [ RunTime:0.000451s ]
[2021-05-26T20:48:31+08:00][sql] SELECT `user_name` FROM `carver_user` WHERE  `user_id` = 4 LIMIT 1 [ RunTime:0.000274s ]
[2021-05-26T20:48:31+08:00][sql] SELECT `user_name` FROM `carver_user` WHERE  `user_id` = 4 LIMIT 1 [ RunTime:0.000250s ]
[2021-05-26T20:48:31+08:00][sql] SELECT `user_name` FROM `carver_user` WHERE  `user_id` = 5 LIMIT 1 [ RunTime:0.000220s ]
[2021-05-26T20:48:31+08:00][sql] SELECT `user_name` FROM `carver_user` WHERE  `user_id` = 5 LIMIT 1 [ RunTime:0.000272s ]
[2021-05-26T20:48:31+08:00][sql] SELECT `user_name` FROM `carver_user` WHERE  `user_id` = 37 LIMIT 1 [ RunTime:0.000229s ]
[2021-05-26T20:48:31+08:00][sql] SELECT `user_name`,`user_id` FROM `carver_user` [ RunTime:0.000240s ]
[2021-05-26T20:48:31+08:00][sql] SHOW FULL COLUMNS FROM `carver_navigation` [ RunTime:0.000623s ]
[2021-05-26T20:48:31+08:00][sql] SELECT * FROM `carver_navigation` [ RunTime:0.000250s ]
[2021-05-26T20:48:31+08:00][sql] SELECT `article_label` FROM `carver_article` [ RunTime:0.000258s ]
[2021-05-26T21:16:41+08:00][sql] CONNECT:[ UseTime:0.000538s ] mysql:host=127.0.0.1;port=3306;dbname=carver;charset=utf8
[2021-05-26T21:16:41+08:00][sql] SHOW FULL COLUMNS FROM `carver_article` [ RunTime:0.000825s ]
[2021-05-26T21:16:41+08:00][sql] SELECT COUNT(*) AS think_count FROM `carver_article` WHERE  `article_label` LIKE '%excel%'  AND `delete_time` = 0  AND `is_show` = 1 [ RunTime:0.000420s ]
[2021-05-26T21:16:41+08:00][sql] SELECT * FROM `carver_article` WHERE  `article_label` LIKE '%excel%'  AND `delete_time` = 0  AND `is_show` = 1 LIMIT 0,6 [ RunTime:0.001247s ]
[2021-05-26T21:16:41+08:00][sql] SELECT article_id,article_title,click_num,FROM_UNIXTIME(add_time,'%Y-%m-%d') as add_time FROM `carver_article` WHERE  `is_show` = 1  AND `delete_time` = 0 ORDER BY `click_num` DESC LIMIT 3 [ RunTime:0.023698s ]
[2021-05-26T21:16:41+08:00][sql] SHOW FULL COLUMNS FROM `carver_notice` [ RunTime:0.000927s ]
[2021-05-26T21:16:41+08:00][sql] SELECT * FROM `carver_notice` ORDER BY `create_time` DESC LIMIT 3 [ RunTime:0.000437s ]
[2021-05-26T21:16:41+08:00][sql] SHOW FULL COLUMNS FROM `carver_navigation` [ RunTime:0.000548s ]
[2021-05-26T21:16:41+08:00][sql] SELECT * FROM `carver_navigation` [ RunTime:0.000240s ]
[2021-05-26T21:16:41+08:00][sql] SHOW FULL COLUMNS FROM `carver_link` [ RunTime:0.000479s ]
[2021-05-26T21:16:41+08:00][sql] SELECT * FROM `carver_link` WHERE  ( is_confirm=2 ) LIMIT 20 [ RunTime:0.000298s ]
[2021-05-26T21:16:41+08:00][sql] SELECT `article_label` FROM `carver_article` [ RunTime:0.000326s ]
[2021-05-26T21:16:41+08:00][sql] SHOW FULL COLUMNS FROM `carver_carouse` [ RunTime:0.000559s ]
[2021-05-26T21:16:41+08:00][sql] SELECT `carouse_img`,`carouse_desc` FROM `carver_carouse` WHERE  `is_show` = 1 ORDER BY `carouse_sort` DESC LIMIT 3 [ RunTime:0.000296s ]
[2021-05-26T21:16:41+08:00][sql] SHOW FULL COLUMNS FROM `carver_site` [ RunTime:0.000489s ]
[2021-05-26T21:16:41+08:00][sql] SELECT * FROM `carver_site` [ RunTime:0.000229s ]
[2021-05-26T22:14:49+08:00][sql] CONNECT:[ UseTime:0.000533s ] mysql:host=127.0.0.1;port=3306;dbname=carver;charset=utf8
[2021-05-26T22:14:49+08:00][sql] SHOW FULL COLUMNS FROM `carver_article` [ RunTime:0.000930s ]
[2021-05-26T22:14:49+08:00][sql] SELECT `article_id`,`article_title`,`article_desc`,`article_content`,`article_img`,`article_guide`,`article_label`,`click_num`,`is_show`,`add_time`,`article_author` FROM `carver_article` WHERE  `article_id` = 17 LIMIT 1 [ RunTime:0.000563s ]
[2021-05-26T22:14:49+08:00][sql] SELECT `article_id`,`article_title`,`article_desc`,`article_content`,`article_img`,`article_guide`,`article_label`,`click_num`,`is_show`,`add_time`,`article_author` FROM `carver_article` WHERE  `article_id` > 17 LIMIT 1 [ RunTime:0.000434s ]
[2021-05-26T22:14:49+08:00][sql] SELECT `article_id`,`article_title`,`article_desc`,`article_content`,`article_img`,`article_guide`,`article_label`,`click_num`,`is_show`,`add_time`,`article_author` FROM `carver_article` WHERE  `article_id` < 17 ORDER BY `article_id` DESC LIMIT 1 [ RunTime:0.000369s ]
[2021-05-26T22:14:49+08:00][sql] SHOW FULL COLUMNS FROM `carver_link` [ RunTime:0.000580s ]
[2021-05-26T22:14:49+08:00][sql] SELECT * FROM `carver_link` WHERE  ( is_confirm=2 ) LIMIT 20 [ RunTime:0.000666s ]
[2021-05-26T22:14:49+08:00][sql] SELECT article_id,article_title,click_num,FROM_UNIXTIME(add_time,'%Y-%m-%d') as add_time FROM `carver_article` ORDER BY `click_num` DESC LIMIT 3 [ RunTime:0.000387s ]
[2021-05-26T22:14:49+08:00][sql] SHOW FULL COLUMNS FROM `carver_comment` [ RunTime:0.000557s ]
[2021-05-26T22:14:49+08:00][sql] SELECT `a`.*,`b`.`user_name` FROM `carver_comment` `a` INNER JOIN `carver_user` `b` ON `a`.`user_id`=`b`.`user_id` WHERE  `article_id` = 17 ORDER BY `create_time` DESC [ RunTime:0.000387s ]
[2021-05-26T22:14:49+08:00][sql] SHOW FULL COLUMNS FROM `carver_comment_to_others` [ RunTime:0.000528s ]
[2021-05-26T22:14:49+08:00][sql] SELECT * FROM `carver_comment_to_others` [ RunTime:0.000302s ]
[2021-05-26T22:14:49+08:00][sql] SHOW FULL COLUMNS FROM `carver_user` [ RunTime:0.000445s ]
[2021-05-26T22:14:49+08:00][sql] SELECT `user_name` FROM `carver_user` WHERE  `user_id` = 4 LIMIT 1 [ RunTime:0.000316s ]
[2021-05-26T22:14:49+08:00][sql] SELECT `user_name` FROM `carver_user` WHERE  `user_id` = 4 LIMIT 1 [ RunTime:0.000255s ]
[2021-05-26T22:14:49+08:00][sql] SELECT `user_name` FROM `carver_user` WHERE  `user_id` = 5 LIMIT 1 [ RunTime:0.000236s ]
[2021-05-26T22:14:49+08:00][sql] SELECT `user_name` FROM `carver_user` WHERE  `user_id` = 5 LIMIT 1 [ RunTime:0.000226s ]
[2021-05-26T22:14:49+08:00][sql] SELECT `user_name` FROM `carver_user` WHERE  `user_id` = 37 LIMIT 1 [ RunTime:0.000267s ]
[2021-05-26T22:14:49+08:00][sql] SELECT `user_name`,`user_id` FROM `carver_user` [ RunTime:0.000260s ]
[2021-05-26T22:14:49+08:00][sql] SHOW FULL COLUMNS FROM `carver_navigation` [ RunTime:0.000574s ]
[2021-05-26T22:14:49+08:00][sql] SELECT * FROM `carver_navigation` [ RunTime:0.000253s ]
[2021-05-26T22:14:49+08:00][sql] SELECT `article_label` FROM `carver_article` [ RunTime:0.000326s ]
[2021-05-26T22:14:51+08:00][sql] CONNECT:[ UseTime:0.000646s ] mysql:host=127.0.0.1;port=3306;dbname=carver;charset=utf8
[2021-05-26T22:14:51+08:00][sql] SHOW FULL COLUMNS FROM `carver_article` [ RunTime:0.000924s ]
[2021-05-26T22:14:51+08:00][sql] SELECT `article_id`,`article_title`,`article_desc`,`article_content`,`article_img`,`article_guide`,`article_label`,`click_num`,`is_show`,`add_time`,`article_author` FROM `carver_article` WHERE  `article_id` = 17'A=0 LIMIT 1 [ RunTime:0.000554s ]
[2021-05-26T22:14:51+08:00][sql] SELECT `article_id`,`article_title`,`article_desc`,`article_content`,`article_img`,`article_guide`,`article_label`,`click_num`,`is_show`,`add_time`,`article_author` FROM `carver_article` WHERE  `article_id` > 17'A=0 LIMIT 1 [ RunTime:0.000442s ]
[2021-05-26T22:14:51+08:00][sql] SELECT `article_id`,`article_title`,`article_desc`,`article_content`,`article_img`,`article_guide`,`article_label`,`click_num`,`is_show`,`add_time`,`article_author` FROM `carver_article` WHERE  `article_id` < 17'A=0 ORDER BY `article_id` DESC LIMIT 1 [ RunTime:0.000433s ]
[2021-05-26T22:14:51+08:00][sql] SHOW FULL COLUMNS FROM `carver_link` [ RunTime:0.000603s ]
[2021-05-26T22:14:51+08:00][sql] SELECT * FROM `carver_link` WHERE  ( is_confirm=2 ) LIMIT 20 [ RunTime:0.000286s ]
[2021-05-26T22:14:51+08:00][sql] SELECT article_id,article_title,click_num,FROM_UNIXTIME(add_time,'%Y-%m-%d') as add_time FROM `carver_article` ORDER BY `click_num` DESC LIMIT 3 [ RunTime:0.000351s ]
[2021-05-26T22:14:51+08:00][sql] SHOW FULL COLUMNS FROM `carver_comment` [ RunTime:0.000624s ]
[2021-05-26T22:14:51+08:00][sql] SELECT `a`.*,`b`.`user_name` FROM `carver_comment` `a` INNER JOIN `carver_user` `b` ON `a`.`user_id`=`b`.`user_id` WHERE  `article_id` = 17'A=0 ORDER BY `create_time` DESC [ RunTime:0.000434s ]
[2021-05-26T22:14:51+08:00][sql] SHOW FULL COLUMNS FROM `carver_comment_to_others` [ RunTime:0.000614s ]
[2021-05-26T22:14:51+08:00][sql] SELECT * FROM `carver_comment_to_others` [ RunTime:0.000231s ]
[2021-05-26T22:14:51+08:00][sql] SHOW FULL COLUMNS FROM `carver_user` [ RunTime:0.000449s ]
[2021-05-26T22:14:51+08:00][sql] SELECT `user_name` FROM `carver_user` WHERE  `user_id` = 4 LIMIT 1 [ RunTime:0.000244s ]
[2021-05-26T22:14:51+08:00][sql] SELECT `user_name` FROM `carver_user` WHERE  `user_id` = 4 LIMIT 1 [ RunTime:0.000269s ]
[2021-05-26T22:14:51+08:00][sql] SELECT `user_name` FROM `carver_user` WHERE  `user_id` = 5 LIMIT 1 [ RunTime:0.000210s ]
[2021-05-26T22:14:51+08:00][sql] SELECT `user_name` FROM `carver_user` WHERE  `user_id` = 5 LIMIT 1 [ RunTime:0.000217s ]
[2021-05-26T22:14:51+08:00][sql] SELECT `user_name` FROM `carver_user` WHERE  `user_id` = 37 LIMIT 1 [ RunTime:0.000224s ]
[2021-05-26T22:14:51+08:00][sql] SHOW FULL COLUMNS FROM `carver_navigation` [ RunTime:0.000566s ]
[2021-05-26T22:14:51+08:00][sql] SELECT * FROM `carver_navigation` [ RunTime:0.000249s ]
[2021-05-26T22:14:51+08:00][sql] SELECT `article_label` FROM `carver_article` [ RunTime:0.000256s ]
[2021-05-26T23:08:50+08:00][sql] CONNECT:[ UseTime:0.000539s ] mysql:host=127.0.0.1;port=3306;dbname=carver;charset=utf8
[2021-05-26T23:08:50+08:00][sql] SHOW FULL COLUMNS FROM `carver_user` [ RunTime:0.000795s ]
[2021-05-26T23:08:50+08:00][sql] SHOW FULL COLUMNS FROM `carver_article` [ RunTime:0.000720s ]
[2021-05-26T23:08:50+08:00][sql] SELECT COUNT(*) AS think_count FROM `carver_article` WHERE  `delete_time` = 0  AND `is_show` = 1 [ RunTime:0.000400s ]
[2021-05-26T23:08:50+08:00][sql] SELECT `article_id`,`article_title`,`article_desc`,`article_content`,`article_img`,`article_guide`,`article_label`,`click_num`,`is_show`,`add_time`,`article_author`,`is_top_show` FROM `carver_article` WHERE  `delete_time` = 0  AND `is_show` = 1 ORDER BY `article_id` DESC LIMIT 12,6 [ RunTime:0.001466s ]
[2021-05-26T23:08:50+08:00][sql] SELECT article_id,article_title,click_num,FROM_UNIXTIME(add_time,'%Y-%m-%d') as add_time FROM `carver_article` WHERE  `is_show` = 1  AND `delete_time` = 0 ORDER BY `click_num` DESC LIMIT 3 [ RunTime:0.000414s ]
[2021-05-26T23:08:50+08:00][sql] SHOW FULL COLUMNS FROM `carver_notice` [ RunTime:0.000524s ]
[2021-05-26T23:08:50+08:00][sql] SELECT * FROM `carver_notice` ORDER BY `create_time` DESC LIMIT 3 [ RunTime:0.000274s ]
[2021-05-26T23:08:50+08:00][sql] SHOW FULL COLUMNS FROM `carver_navigation` [ RunTime:0.000527s ]
[2021-05-26T23:08:50+08:00][sql] SELECT * FROM `carver_navigation` [ RunTime:0.000233s ]
[2021-05-26T23:08:50+08:00][sql] SHOW FULL COLUMNS FROM `carver_link` [ RunTime:0.000485s ]
[2021-05-26T23:08:50+08:00][sql] SELECT * FROM `carver_link` WHERE  ( is_confirm=2 ) LIMIT 20 [ RunTime:0.000290s ]
[2021-05-26T23:08:50+08:00][sql] SELECT `article_label` FROM `carver_article` [ RunTime:0.000493s ]
[2021-05-26T23:08:50+08:00][sql] SHOW FULL COLUMNS FROM `carver_carouse` [ RunTime:0.000472s ]
[2021-05-26T23:08:50+08:00][sql] SELECT `carouse_img`,`carouse_desc` FROM `carver_carouse` WHERE  `is_show` = 1 ORDER BY `carouse_sort` DESC LIMIT 3 [ RunTime:0.000286s ]
[2021-05-26T23:08:50+08:00][sql] SHOW FULL COLUMNS FROM `carver_site` [ RunTime:0.000515s ]
[2021-05-26T23:08:50+08:00][sql] SELECT * FROM `carver_site` [ RunTime:0.000237s ]
[2021-05-26T23:54:22+08:00][sql] CONNECT:[ UseTime:0.000639s ] mysql:host=127.0.0.1;port=3306;dbname=carver;charset=utf8
[2021-05-26T23:54:22+08:00][sql] SHOW FULL COLUMNS FROM `carver_article` [ RunTime:0.000856s ]
[2021-05-26T23:54:22+08:00][sql] SELECT `article_id`,`article_title`,`article_desc`,`article_content`,`article_img`,`article_guide`,`article_label`,`click_num`,`is_show`,`add_time`,`article_author` FROM `carver_article` WHERE  `article_id` = 17'A=0 LIMIT 1 [ RunTime:0.000515s ]
[2021-05-26T23:54:22+08:00][sql] SELECT `article_id`,`article_title`,`article_desc`,`article_content`,`article_img`,`article_guide`,`article_label`,`click_num`,`is_show`,`add_time`,`article_author` FROM `carver_article` WHERE  `article_id` > 17'A=0 LIMIT 1 [ RunTime:0.000454s ]
[2021-05-26T23:54:22+08:00][sql] SELECT `article_id`,`article_title`,`article_desc`,`article_content`,`article_img`,`article_guide`,`article_label`,`click_num`,`is_show`,`add_time`,`article_author` FROM `carver_article` WHERE  `article_id` < 17'A=0 ORDER BY `article_id` DESC LIMIT 1 [ RunTime:0.000362s ]
[2021-05-26T23:54:22+08:00][sql] SHOW FULL COLUMNS FROM `carver_link` [ RunTime:0.000573s ]
[2021-05-26T23:54:22+08:00][sql] SELECT * FROM `carver_link` WHERE  ( is_confirm=2 ) LIMIT 20 [ RunTime:0.000345s ]
[2021-05-26T23:54:22+08:00][sql] SELECT article_id,article_title,click_num,FROM_UNIXTIME(add_time,'%Y-%m-%d') as add_time FROM `carver_article` ORDER BY `click_num` DESC LIMIT 3 [ RunTime:0.000352s ]
[2021-05-26T23:54:22+08:00][sql] SHOW FULL COLUMNS FROM `carver_comment` [ RunTime:0.000568s ]
[2021-05-26T23:54:22+08:00][sql] SELECT `a`.*,`b`.`user_name` FROM `carver_comment` `a` INNER JOIN `carver_user` `b` ON `a`.`user_id`=`b`.`user_id` WHERE  `article_id` = 17'A=0 ORDER BY `create_time` DESC [ RunTime:0.000362s ]
[2021-05-26T23:54:22+08:00][sql] SHOW FULL COLUMNS FROM `carver_comment_to_others` [ RunTime:0.000520s ]
[2021-05-26T23:54:22+08:00][sql] SELECT * FROM `carver_comment_to_others` [ RunTime:0.000277s ]
[2021-05-26T23:54:22+08:00][sql] SHOW FULL COLUMNS FROM `carver_user` [ RunTime:0.000499s ]
[2021-05-26T23:54:22+08:00][sql] SELECT `user_name` FROM `carver_user` WHERE  `user_id` = 4 LIMIT 1 [ RunTime:0.000230s ]
[2021-05-26T23:54:22+08:00][sql] SELECT `user_name` FROM `carver_user` WHERE  `user_id` = 4 LIMIT 1 [ RunTime:0.000212s ]
[2021-05-26T23:54:22+08:00][sql] SELECT `user_name` FROM `carver_user` WHERE  `user_id` = 5 LIMIT 1 [ RunTime:0.000216s ]
[2021-05-26T23:54:22+08:00][sql] SELECT `user_name` FROM `carver_user` WHERE  `user_id` = 5 LIMIT 1 [ RunTime:0.000202s ]
[2021-05-26T23:54:22+08:00][sql] SELECT `user_name` FROM `carver_user` WHERE  `user_id` = 37 LIMIT 1 [ RunTime:0.000219s ]
[2021-05-26T23:54:22+08:00][sql] SELECT `user_name`,`user_id` FROM `carver_user` [ RunTime:0.000241s ]
[2021-05-26T23:54:22+08:00][sql] SHOW FULL COLUMNS FROM `carver_navigation` [ RunTime:0.000497s ]
[2021-05-26T23:54:22+08:00][sql] SELECT * FROM `carver_navigation` [ RunTime:0.000233s ]
[2021-05-26T23:54:22+08:00][sql] SELECT `article_label` FROM `carver_article` [ RunTime:0.000292s ]
