[2021-05-27T02:06:09+08:00][sql] CONNECT:[ UseTime:0.000596s ] mysql:host=127.0.0.1;port=3306;dbname=carver;charset=utf8
[2021-05-27T02:06:09+08:00][sql] SHOW FULL COLUMNS FROM `carver_article` [ RunTime:0.001151s ]
[2021-05-27T02:06:09+08:00][sql] SELECT COUNT(*) AS think_count FROM `carver_article` WHERE  `article_label` LIKE '%mysql%'  AND `delete_time` = 0  AND `is_show` = 1 [ RunTime:0.001025s ]
[2021-05-27T02:06:09+08:00][sql] SELECT * FROM `carver_article` WHERE  `article_label` LIKE '%mysql%'  AND `delete_time` = 0  AND `is_show` = 1 LIMIT 0,6 [ RunTime:0.001227s ]
[2021-05-27T02:06:09+08:00][sql] SELECT article_id,article_title,click_num,FROM_UNIXTIME(add_time,'%Y-%m-%d') as add_time FROM `carver_article` WHERE  `is_show` = 1  AND `delete_time` = 0 ORDER BY `click_num` DESC LIMIT 3 [ RunTime:0.000513s ]
[2021-05-27T02:06:09+08:00][sql] SHOW FULL COLUMNS FROM `carver_notice` [ RunTime:0.000781s ]
[2021-05-27T02:06:09+08:00][sql] SELECT * FROM `carver_notice` ORDER BY `create_time` DESC LIMIT 3 [ RunTime:0.000323s ]
[2021-05-27T02:06:09+08:00][sql] SHOW FULL COLUMNS FROM `carver_navigation` [ RunTime:0.000634s ]
[2021-05-27T02:06:09+08:00][sql] SELECT * FROM `carver_navigation` [ RunTime:0.000280s ]
[2021-05-27T02:06:09+08:00][sql] SHOW FULL COLUMNS FROM `carver_link` [ RunTime:0.000658s ]
[2021-05-27T02:06:09+08:00][sql] SELECT * FROM `carver_link` WHERE  ( is_confirm=2 ) LIMIT 20 [ RunTime:0.000335s ]
[2021-05-27T02:06:09+08:00][sql] SELECT `article_label` FROM `carver_article` [ RunTime:0.000330s ]
[2021-05-27T02:06:09+08:00][sql] SHOW FULL COLUMNS FROM `carver_carouse` [ RunTime:0.000618s ]
[2021-05-27T02:06:09+08:00][sql] SELECT `carouse_img`,`carouse_desc` FROM `carver_carouse` WHERE  `is_show` = 1 ORDER BY `carouse_sort` DESC LIMIT 3 [ RunTime:0.000353s ]
[2021-05-27T02:06:09+08:00][sql] SHOW FULL COLUMNS FROM `carver_site` [ RunTime:0.000626s ]
[2021-05-27T02:06:09+08:00][sql] SELECT * FROM `carver_site` [ RunTime:0.000267s ]
[2021-05-27T02:33:53+08:00][sql] CONNECT:[ UseTime:0.000889s ] mysql:host=127.0.0.1;port=3306;dbname=carver;charset=utf8
[2021-05-27T02:33:53+08:00][sql] SHOW FULL COLUMNS FROM `carver_user` [ RunTime:0.000825s ]
[2021-05-27T02:33:53+08:00][sql] SHOW FULL COLUMNS FROM `carver_article` [ RunTime:0.000742s ]
[2021-05-27T02:33:53+08:00][sql] SELECT COUNT(*) AS think_count FROM `carver_article` WHERE  `delete_time` = 0  AND `is_show` = 1 [ RunTime:0.000410s ]
[2021-05-27T02:33:53+08:00][sql] SELECT `article_id`,`article_title`,`article_desc`,`article_content`,`article_img`,`article_guide`,`article_label`,`click_num`,`is_show`,`add_time`,`article_author`,`is_top_show` FROM `carver_article` WHERE  `delete_time` = 0  AND `is_show` = 1 ORDER BY `article_id` DESC LIMIT 0,6 [ RunTime:0.000625s ]
[2021-05-27T02:33:53+08:00][sql] SELECT article_id,article_title,click_num,FROM_UNIXTIME(add_time,'%Y-%m-%d') as add_time FROM `carver_article` WHERE  `is_show` = 1  AND `delete_time` = 0 ORDER BY `click_num` DESC LIMIT 3 [ RunTime:0.000465s ]
[2021-05-27T02:33:53+08:00][sql] SHOW FULL COLUMNS FROM `carver_notice` [ RunTime:0.000557s ]
[2021-05-27T02:33:53+08:00][sql] SELECT * FROM `carver_notice` ORDER BY `create_time` DESC LIMIT 3 [ RunTime:0.000301s ]
[2021-05-27T02:33:53+08:00][sql] SHOW FULL COLUMNS FROM `carver_navigation` [ RunTime:0.000547s ]
[2021-05-27T02:33:53+08:00][sql] SELECT * FROM `carver_navigation` [ RunTime:0.000257s ]
[2021-05-27T02:33:53+08:00][sql] SHOW FULL COLUMNS FROM `carver_link` [ RunTime:0.000537s ]
[2021-05-27T02:33:53+08:00][sql] SELECT * FROM `carver_link` WHERE  ( is_confirm=2 ) LIMIT 20 [ RunTime:0.000314s ]
[2021-05-27T02:33:53+08:00][sql] SELECT `article_label` FROM `carver_article` [ RunTime:0.000304s ]
[2021-05-27T02:33:53+08:00][sql] SHOW FULL COLUMNS FROM `carver_carouse` [ RunTime:0.000486s ]
[2021-05-27T02:33:53+08:00][sql] SELECT `carouse_img`,`carouse_desc` FROM `carver_carouse` WHERE  `is_show` = 1 ORDER BY `carouse_sort` DESC LIMIT 3 [ RunTime:0.000325s ]
[2021-05-27T02:33:53+08:00][sql] SHOW FULL COLUMNS FROM `carver_site` [ RunTime:0.000486s ]
[2021-05-27T02:33:53+08:00][sql] SELECT * FROM `carver_site` [ RunTime:0.000314s ]
[2021-05-27T06:29:23+08:00][sql] CONNECT:[ UseTime:0.000575s ] mysql:host=127.0.0.1;port=3306;dbname=carver;charset=utf8
[2021-05-27T06:29:23+08:00][sql] SHOW FULL COLUMNS FROM `carver_article` [ RunTime:0.000913s ]
[2021-05-27T06:29:23+08:00][sql] SELECT COUNT(*) AS think_count FROM `carver_article` WHERE  `article_label` LIKE '%excel%'  AND `delete_time` = 0  AND `is_show` = 1 [ RunTime:0.000420s ]
[2021-05-27T06:29:23+08:00][sql] SELECT * FROM `carver_article` WHERE  `article_label` LIKE '%excel%'  AND `delete_time` = 0  AND `is_show` = 1 LIMIT 0,6 [ RunTime:0.001252s ]
[2021-05-27T06:29:23+08:00][sql] SELECT article_id,article_title,click_num,FROM_UNIXTIME(add_time,'%Y-%m-%d') as add_time FROM `carver_article` WHERE  `is_show` = 1  AND `delete_time` = 0 ORDER BY `click_num` DESC LIMIT 3 [ RunTime:0.000409s ]
[2021-05-27T06:29:23+08:00][sql] SHOW FULL COLUMNS FROM `carver_notice` [ RunTime:0.000556s ]
[2021-05-27T06:29:23+08:00][sql] SELECT * FROM `carver_notice` ORDER BY `create_time` DESC LIMIT 3 [ RunTime:0.000276s ]
[2021-05-27T06:29:23+08:00][sql] SHOW FULL COLUMNS FROM `carver_navigation` [ RunTime:0.000498s ]
[2021-05-27T06:29:23+08:00][sql] SELECT * FROM `carver_navigation` [ RunTime:0.000237s ]
[2021-05-27T06:29:23+08:00][sql] SHOW FULL COLUMNS FROM `carver_link` [ RunTime:0.000498s ]
[2021-05-27T06:29:23+08:00][sql] SELECT * FROM `carver_link` WHERE  ( is_confirm=2 ) LIMIT 20 [ RunTime:0.000268s ]
[2021-05-27T06:29:23+08:00][sql] SELECT `article_label` FROM `carver_article` [ RunTime:0.000273s ]
[2021-05-27T06:29:23+08:00][sql] SHOW FULL COLUMNS FROM `carver_carouse` [ RunTime:0.000470s ]
[2021-05-27T06:29:23+08:00][sql] SELECT `carouse_img`,`carouse_desc` FROM `carver_carouse` WHERE  `is_show` = 1 ORDER BY `carouse_sort` DESC LIMIT 3 [ RunTime:0.000330s ]
[2021-05-27T06:29:23+08:00][sql] SHOW FULL COLUMNS FROM `carver_site` [ RunTime:0.000469s ]
[2021-05-27T06:29:23+08:00][sql] SELECT * FROM `carver_site` [ RunTime:0.000243s ]
[2021-05-27T07:48:10+08:00][sql] CONNECT:[ UseTime:0.000567s ] mysql:host=127.0.0.1;port=3306;dbname=carver;charset=utf8
[2021-05-27T07:48:10+08:00][sql] SHOW FULL COLUMNS FROM `carver_article` [ RunTime:0.000878s ]
[2021-05-27T07:48:10+08:00][sql] SELECT `article_id`,`article_title`,`article_desc`,`article_content`,`article_img`,`article_guide`,`article_label`,`click_num`,`is_show`,`add_time`,`article_author` FROM `carver_article` WHERE  `article_id` = 17'A=0 LIMIT 1 [ RunTime:0.000524s ]
[2021-05-27T07:48:10+08:00][sql] SELECT `article_id`,`article_title`,`article_desc`,`article_content`,`article_img`,`article_guide`,`article_label`,`click_num`,`is_show`,`add_time`,`article_author` FROM `carver_article` WHERE  `article_id` > 17'A=0 LIMIT 1 [ RunTime:0.000433s ]
[2021-05-27T07:48:10+08:00][sql] SELECT `article_id`,`article_title`,`article_desc`,`article_content`,`article_img`,`article_guide`,`article_label`,`click_num`,`is_show`,`add_time`,`article_author` FROM `carver_article` WHERE  `article_id` < 17'A=0 ORDER BY `article_id` DESC LIMIT 1 [ RunTime:0.000352s ]
[2021-05-27T07:48:10+08:00][sql] SHOW FULL COLUMNS FROM `carver_link` [ RunTime:0.000573s ]
[2021-05-27T07:48:10+08:00][sql] SELECT * FROM `carver_link` WHERE  ( is_confirm=2 ) LIMIT 20 [ RunTime:0.000331s ]
[2021-05-27T07:48:10+08:00][sql] SELECT article_id,article_title,click_num,FROM_UNIXTIME(add_time,'%Y-%m-%d') as add_time FROM `carver_article` ORDER BY `click_num` DESC LIMIT 3 [ RunTime:0.000365s ]
[2021-05-27T07:48:10+08:00][sql] SHOW FULL COLUMNS FROM `carver_comment` [ RunTime:0.000609s ]
[2021-05-27T07:48:10+08:00][sql] SELECT `a`.*,`b`.`user_name` FROM `carver_comment` `a` INNER JOIN `carver_user` `b` ON `a`.`user_id`=`b`.`user_id` WHERE  `article_id` = 17'A=0 ORDER BY `create_time` DESC [ RunTime:0.000378s ]
[2021-05-27T07:48:10+08:00][sql] SHOW FULL COLUMNS FROM `carver_comment_to_others` [ RunTime:0.000548s ]
[2021-05-27T07:48:10+08:00][sql] SELECT * FROM `carver_comment_to_others` [ RunTime:0.000231s ]
[2021-05-27T07:48:10+08:00][sql] SHOW FULL COLUMNS FROM `carver_user` [ RunTime:0.000537s ]
[2021-05-27T07:48:10+08:00][sql] SELECT `user_name` FROM `carver_user` WHERE  `user_id` = 4 LIMIT 1 [ RunTime:0.000242s ]
[2021-05-27T07:48:10+08:00][sql] SELECT `user_name` FROM `carver_user` WHERE  `user_id` = 4 LIMIT 1 [ RunTime:0.000221s ]
[2021-05-27T07:48:10+08:00][sql] SELECT `user_name` FROM `carver_user` WHERE  `user_id` = 5 LIMIT 1 [ RunTime:0.000225s ]
[2021-05-27T07:48:10+08:00][sql] SELECT `user_name` FROM `carver_user` WHERE  `user_id` = 5 LIMIT 1 [ RunTime:0.000220s ]
[2021-05-27T07:48:10+08:00][sql] SELECT `user_name` FROM `carver_user` WHERE  `user_id` = 37 LIMIT 1 [ RunTime:0.000222s ]
[2021-05-27T07:48:10+08:00][sql] SELECT `user_name`,`user_id` FROM `carver_user` [ RunTime:0.000244s ]
[2021-05-27T07:48:10+08:00][sql] SHOW FULL COLUMNS FROM `carver_navigation` [ RunTime:0.000506s ]
[2021-05-27T07:48:10+08:00][sql] SELECT * FROM `carver_navigation` [ RunTime:0.000249s ]
[2021-05-27T07:48:10+08:00][sql] SELECT `article_label` FROM `carver_article` [ RunTime:0.000247s ]
[2021-05-27T07:51:25+08:00][sql] CONNECT:[ UseTime:0.000603s ] mysql:host=127.0.0.1;port=3306;dbname=carver;charset=utf8
[2021-05-27T07:51:25+08:00][sql] SHOW FULL COLUMNS FROM `carver_user` [ RunTime:0.000765s ]
[2021-05-27T07:51:25+08:00][sql] SHOW FULL COLUMNS FROM `carver_article` [ RunTime:0.000735s ]
[2021-05-27T07:51:25+08:00][sql] SELECT COUNT(*) AS think_count FROM `carver_article` WHERE  `delete_time` = 0  AND `is_show` = 1 [ RunTime:0.000366s ]
[2021-05-27T07:51:25+08:00][sql] SELECT `article_id`,`article_title`,`article_desc`,`article_content`,`article_img`,`article_guide`,`article_label`,`click_num`,`is_show`,`add_time`,`article_author`,`is_top_show` FROM `carver_article` WHERE  `delete_time` = 0  AND `is_show` = 1 ORDER BY `article_id` DESC LIMIT 0,6 [ RunTime:0.000671s ]
[2021-05-27T07:51:25+08:00][sql] SELECT article_id,article_title,click_num,FROM_UNIXTIME(add_time,'%Y-%m-%d') as add_time FROM `carver_article` WHERE  `is_show` = 1  AND `delete_time` = 0 ORDER BY `click_num` DESC LIMIT 3 [ RunTime:0.000522s ]
[2021-05-27T07:51:25+08:00][sql] SHOW FULL COLUMNS FROM `carver_notice` [ RunTime:0.000483s ]
[2021-05-27T07:51:25+08:00][sql] SELECT * FROM `carver_notice` ORDER BY `create_time` DESC LIMIT 3 [ RunTime:0.000253s ]
[2021-05-27T07:51:25+08:00][sql] SHOW FULL COLUMNS FROM `carver_navigation` [ RunTime:0.000499s ]
[2021-05-27T07:51:25+08:00][sql] SELECT * FROM `carver_navigation` [ RunTime:0.000239s ]
[2021-05-27T07:51:25+08:00][sql] SHOW FULL COLUMNS FROM `carver_link` [ RunTime:0.000473s ]
[2021-05-27T07:51:25+08:00][sql] SELECT * FROM `carver_link` WHERE  ( is_confirm=2 ) LIMIT 20 [ RunTime:0.000280s ]
[2021-05-27T07:51:25+08:00][sql] SELECT `article_label` FROM `carver_article` [ RunTime:0.000283s ]
[2021-05-27T07:51:25+08:00][sql] SHOW FULL COLUMNS FROM `carver_carouse` [ RunTime:0.000468s ]
[2021-05-27T07:51:25+08:00][sql] SELECT `carouse_img`,`carouse_desc` FROM `carver_carouse` WHERE  `is_show` = 1 ORDER BY `carouse_sort` DESC LIMIT 3 [ RunTime:0.000275s ]
[2021-05-27T07:51:25+08:00][sql] SHOW FULL COLUMNS FROM `carver_site` [ RunTime:0.000455s ]
[2021-05-27T07:51:25+08:00][sql] SELECT * FROM `carver_site` [ RunTime:0.000220s ]
[2021-05-27T08:47:48+08:00][sql] CONNECT:[ UseTime:0.000626s ] mysql:host=127.0.0.1;port=3306;dbname=carver;charset=utf8
[2021-05-27T08:47:48+08:00][sql] SHOW FULL COLUMNS FROM `carver_user` [ RunTime:0.000789s ]
[2021-05-27T08:47:48+08:00][sql] SHOW FULL COLUMNS FROM `carver_article` [ RunTime:0.000725s ]
[2021-05-27T08:47:48+08:00][sql] SELECT COUNT(*) AS think_count FROM `carver_article` WHERE  `delete_time` = 0  AND `is_show` = 1 [ RunTime:0.000367s ]
[2021-05-27T08:47:48+08:00][sql] SELECT `article_id`,`article_title`,`article_desc`,`article_content`,`article_img`,`article_guide`,`article_label`,`click_num`,`is_show`,`add_time`,`article_author`,`is_top_show` FROM `carver_article` WHERE  `delete_time` = 0  AND `is_show` = 1 ORDER BY `article_id` DESC LIMIT 0,6 [ RunTime:0.000633s ]
[2021-05-27T08:47:48+08:00][sql] SELECT article_id,article_title,click_num,FROM_UNIXTIME(add_time,'%Y-%m-%d') as add_time FROM `carver_article` WHERE  `is_show` = 1  AND `delete_time` = 0 ORDER BY `click_num` DESC LIMIT 3 [ RunTime:0.000385s ]
[2021-05-27T08:47:48+08:00][sql] SHOW FULL COLUMNS FROM `carver_notice` [ RunTime:0.000505s ]
[2021-05-27T08:47:48+08:00][sql] SELECT * FROM `carver_notice` ORDER BY `create_time` DESC LIMIT 3 [ RunTime:0.000269s ]
[2021-05-27T08:47:48+08:00][sql] SHOW FULL COLUMNS FROM `carver_navigation` [ RunTime:0.000534s ]
[2021-05-27T08:47:48+08:00][sql] SELECT * FROM `carver_navigation` [ RunTime:0.000229s ]
[2021-05-27T08:47:48+08:00][sql] SHOW FULL COLUMNS FROM `carver_link` [ RunTime:0.000477s ]
[2021-05-27T08:47:48+08:00][sql] SELECT * FROM `carver_link` WHERE  ( is_confirm=2 ) LIMIT 20 [ RunTime:0.000278s ]
[2021-05-27T08:47:48+08:00][sql] SELECT `article_label` FROM `carver_article` [ RunTime:0.000332s ]
[2021-05-27T08:47:48+08:00][sql] SHOW FULL COLUMNS FROM `carver_carouse` [ RunTime:0.000466s ]
[2021-05-27T08:47:48+08:00][sql] SELECT `carouse_img`,`carouse_desc` FROM `carver_carouse` WHERE  `is_show` = 1 ORDER BY `carouse_sort` DESC LIMIT 3 [ RunTime:0.000260s ]
[2021-05-27T08:47:48+08:00][sql] SHOW FULL COLUMNS FROM `carver_site` [ RunTime:0.000458s ]
[2021-05-27T08:47:48+08:00][sql] SELECT * FROM `carver_site` [ RunTime:0.000222s ]
[2021-05-27T10:40:02+08:00][sql] CONNECT:[ UseTime:0.000518s ] mysql:host=127.0.0.1;port=3306;dbname=carver;charset=utf8
[2021-05-27T10:40:02+08:00][sql] SHOW FULL COLUMNS FROM `carver_user` [ RunTime:0.000826s ]
[2021-05-27T10:40:02+08:00][sql] SHOW FULL COLUMNS FROM `carver_article` [ RunTime:0.000702s ]
[2021-05-27T10:40:02+08:00][sql] SELECT COUNT(*) AS think_count FROM `carver_article` WHERE  `delete_time` = 0  AND `is_show` = 1 [ RunTime:0.000393s ]
[2021-05-27T10:40:02+08:00][sql] SELECT `article_id`,`article_title`,`article_desc`,`article_content`,`article_img`,`article_guide`,`article_label`,`click_num`,`is_show`,`add_time`,`article_author`,`is_top_show` FROM `carver_article` WHERE  `delete_time` = 0  AND `is_show` = 1 ORDER BY `article_id` DESC LIMIT 0,6 [ RunTime:0.000653s ]
[2021-05-27T10:40:02+08:00][sql] SELECT article_id,article_title,click_num,FROM_UNIXTIME(add_time,'%Y-%m-%d') as add_time FROM `carver_article` WHERE  `is_show` = 1  AND `delete_time` = 0 ORDER BY `click_num` DESC LIMIT 3 [ RunTime:0.000411s ]
[2021-05-27T10:40:02+08:00][sql] SHOW FULL COLUMNS FROM `carver_notice` [ RunTime:0.000565s ]
[2021-05-27T10:40:02+08:00][sql] SELECT * FROM `carver_notice` ORDER BY `create_time` DESC LIMIT 3 [ RunTime:0.000291s ]
[2021-05-27T10:40:02+08:00][sql] SHOW FULL COLUMNS FROM `carver_navigation` [ RunTime:0.000512s ]
[2021-05-27T10:40:02+08:00][sql] SELECT * FROM `carver_navigation` [ RunTime:0.000261s ]
[2021-05-27T10:40:02+08:00][sql] SHOW FULL COLUMNS FROM `carver_link` [ RunTime:0.000546s ]
[2021-05-27T10:40:02+08:00][sql] SELECT * FROM `carver_link` WHERE  ( is_confirm=2 ) LIMIT 20 [ RunTime:0.000288s ]
[2021-05-27T10:40:02+08:00][sql] SELECT `article_label` FROM `carver_article` [ RunTime:0.000292s ]
[2021-05-27T10:40:02+08:00][sql] SHOW FULL COLUMNS FROM `carver_carouse` [ RunTime:0.000545s ]
[2021-05-27T10:40:02+08:00][sql] SELECT `carouse_img`,`carouse_desc` FROM `carver_carouse` WHERE  `is_show` = 1 ORDER BY `carouse_sort` DESC LIMIT 3 [ RunTime:0.000309s ]
[2021-05-27T10:40:02+08:00][sql] SHOW FULL COLUMNS FROM `carver_site` [ RunTime:0.000510s ]
[2021-05-27T10:40:02+08:00][sql] SELECT * FROM `carver_site` [ RunTime:0.000264s ]
[2021-05-27T13:21:32+08:00][sql] CONNECT:[ UseTime:0.000574s ] mysql:host=127.0.0.1;port=3306;dbname=carver;charset=utf8
[2021-05-27T13:21:32+08:00][sql] SHOW FULL COLUMNS FROM `carver_user` [ RunTime:0.000781s ]
[2021-05-27T13:21:32+08:00][sql] SHOW FULL COLUMNS FROM `carver_article` [ RunTime:0.000795s ]
[2021-05-27T13:21:32+08:00][sql] SELECT COUNT(*) AS think_count FROM `carver_article` WHERE  `delete_time` = 0  AND `is_show` = 1 [ RunTime:0.000405s ]
[2021-05-27T13:21:32+08:00][sql] SELECT `article_id`,`article_title`,`article_desc`,`article_content`,`article_img`,`article_guide`,`article_label`,`click_num`,`is_show`,`add_time`,`article_author`,`is_top_show` FROM `carver_article` WHERE  `delete_time` = 0  AND `is_show` = 1 ORDER BY `article_id` DESC LIMIT 6,6 [ RunTime:0.002566s ]
[2021-05-27T13:21:32+08:00][sql] SELECT article_id,article_title,click_num,FROM_UNIXTIME(add_time,'%Y-%m-%d') as add_time FROM `carver_article` WHERE  `is_show` = 1  AND `delete_time` = 0 ORDER BY `click_num` DESC LIMIT 3 [ RunTime:0.000650s ]
[2021-05-27T13:21:32+08:00][sql] SHOW FULL COLUMNS FROM `carver_notice` [ RunTime:0.000622s ]
[2021-05-27T13:21:32+08:00][sql] SELECT * FROM `carver_notice` ORDER BY `create_time` DESC LIMIT 3 [ RunTime:0.000270s ]
[2021-05-27T13:21:32+08:00][sql] SHOW FULL COLUMNS FROM `carver_navigation` [ RunTime:0.000542s ]
[2021-05-27T13:21:32+08:00][sql] SELECT * FROM `carver_navigation` [ RunTime:0.000246s ]
[2021-05-27T13:21:32+08:00][sql] SHOW FULL COLUMNS FROM `carver_link` [ RunTime:0.000497s ]
[2021-05-27T13:21:32+08:00][sql] SELECT * FROM `carver_link` WHERE  ( is_confirm=2 ) LIMIT 20 [ RunTime:0.000280s ]
[2021-05-27T13:21:32+08:00][sql] SELECT `article_label` FROM `carver_article` [ RunTime:0.000280s ]
[2021-05-27T13:21:32+08:00][sql] SHOW FULL COLUMNS FROM `carver_carouse` [ RunTime:0.000494s ]
[2021-05-27T13:21:32+08:00][sql] SELECT `carouse_img`,`carouse_desc` FROM `carver_carouse` WHERE  `is_show` = 1 ORDER BY `carouse_sort` DESC LIMIT 3 [ RunTime:0.000305s ]
[2021-05-27T13:21:32+08:00][sql] SHOW FULL COLUMNS FROM `carver_site` [ RunTime:0.000483s ]
[2021-05-27T13:21:32+08:00][sql] SELECT * FROM `carver_site` [ RunTime:0.000242s ]
[2021-05-27T14:42:58+08:00][sql] CONNECT:[ UseTime:0.000598s ] mysql:host=127.0.0.1;port=3306;dbname=carver;charset=utf8
[2021-05-27T14:42:58+08:00][sql] SHOW FULL COLUMNS FROM `carver_user` [ RunTime:0.000869s ]
[2021-05-27T14:42:58+08:00][sql] SHOW FULL COLUMNS FROM `carver_article` [ RunTime:0.000778s ]
[2021-05-27T14:42:58+08:00][sql] SELECT COUNT(*) AS think_count FROM `carver_article` WHERE  `delete_time` = 0  AND `is_show` = 1 [ RunTime:0.000394s ]
[2021-05-27T14:42:58+08:00][sql] SELECT `article_id`,`article_title`,`article_desc`,`article_content`,`article_img`,`article_guide`,`article_label`,`click_num`,`is_show`,`add_time`,`article_author`,`is_top_show` FROM `carver_article` WHERE  `delete_time` = 0  AND `is_show` = 1 ORDER BY `article_id` DESC LIMIT 0,6 [ RunTime:0.000634s ]
[2021-05-27T14:42:58+08:00][sql] SELECT article_id,article_title,click_num,FROM_UNIXTIME(add_time,'%Y-%m-%d') as add_time FROM `carver_article` WHERE  `is_show` = 1  AND `delete_time` = 0 ORDER BY `click_num` DESC LIMIT 3 [ RunTime:0.000667s ]
[2021-05-27T14:42:58+08:00][sql] SHOW FULL COLUMNS FROM `carver_notice` [ RunTime:0.000649s ]
[2021-05-27T14:42:58+08:00][sql] SELECT * FROM `carver_notice` ORDER BY `create_time` DESC LIMIT 3 [ RunTime:0.000284s ]
[2021-05-27T14:42:58+08:00][sql] SHOW FULL COLUMNS FROM `carver_navigation` [ RunTime:0.000583s ]
[2021-05-27T14:42:58+08:00][sql] SELECT * FROM `carver_navigation` [ RunTime:0.000361s ]
[2021-05-27T14:42:58+08:00][sql] SHOW FULL COLUMNS FROM `carver_link` [ RunTime:0.000561s ]
[2021-05-27T14:42:58+08:00][sql] SELECT * FROM `carver_link` WHERE  ( is_confirm=2 ) LIMIT 20 [ RunTime:0.000323s ]
[2021-05-27T14:42:58+08:00][sql] SELECT `article_label` FROM `carver_article` [ RunTime:0.000289s ]
[2021-05-27T14:42:58+08:00][sql] SHOW FULL COLUMNS FROM `carver_carouse` [ RunTime:0.000534s ]
[2021-05-27T14:42:58+08:00][sql] SELECT `carouse_img`,`carouse_desc` FROM `carver_carouse` WHERE  `is_show` = 1 ORDER BY `carouse_sort` DESC LIMIT 3 [ RunTime:0.000329s ]
[2021-05-27T14:42:58+08:00][sql] SHOW FULL COLUMNS FROM `carver_site` [ RunTime:0.000473s ]
[2021-05-27T14:42:58+08:00][sql] SELECT * FROM `carver_site` [ RunTime:0.000251s ]
[2021-05-27T14:53:36+08:00][sql] CONNECT:[ UseTime:0.000697s ] mysql:host=127.0.0.1;port=3306;dbname=carver;charset=utf8
[2021-05-27T14:53:36+08:00][sql] SHOW FULL COLUMNS FROM `carver_article` [ RunTime:0.001075s ]
[2021-05-27T14:53:36+08:00][sql] SELECT `article_id`,`article_title`,`article_desc`,`article_content`,`article_img`,`article_guide`,`article_label`,`click_num`,`is_show`,`add_time`,`article_author` FROM `carver_article` WHERE  `article_id` = 24 LIMIT 1 [ RunTime:0.000624s ]
[2021-05-27T14:53:36+08:00][sql] SELECT `article_id`,`article_title`,`article_desc`,`article_content`,`article_img`,`article_guide`,`article_label`,`click_num`,`is_show`,`add_time`,`article_author` FROM `carver_article` WHERE  `article_id` > 24 LIMIT 1 [ RunTime:0.000833s ]
[2021-05-27T14:53:36+08:00][sql] SELECT `article_id`,`article_title`,`article_desc`,`article_content`,`article_img`,`article_guide`,`article_label`,`click_num`,`is_show`,`add_time`,`article_author` FROM `carver_article` WHERE  `article_id` < 24 ORDER BY `article_id` DESC LIMIT 1 [ RunTime:0.000448s ]
[2021-05-27T14:53:36+08:00][sql] SHOW FULL COLUMNS FROM `carver_link` [ RunTime:0.000622s ]
[2021-05-27T14:53:36+08:00][sql] SELECT * FROM `carver_link` WHERE  ( is_confirm=2 ) LIMIT 20 [ RunTime:0.000319s ]
[2021-05-27T14:53:36+08:00][sql] SELECT article_id,article_title,click_num,FROM_UNIXTIME(add_time,'%Y-%m-%d') as add_time FROM `carver_article` ORDER BY `click_num` DESC LIMIT 3 [ RunTime:0.000365s ]
[2021-05-27T14:53:36+08:00][sql] SHOW FULL COLUMNS FROM `carver_comment` [ RunTime:0.000591s ]
[2021-05-27T14:53:36+08:00][sql] SELECT `a`.*,`b`.`user_name` FROM `carver_comment` `a` INNER JOIN `carver_user` `b` ON `a`.`user_id`=`b`.`user_id` WHERE  `article_id` = 24 ORDER BY `create_time` DESC [ RunTime:0.000409s ]
[2021-05-27T14:53:36+08:00][sql] SHOW FULL COLUMNS FROM `carver_comment_to_others` [ RunTime:0.000535s ]
[2021-05-27T14:53:36+08:00][sql] SELECT * FROM `carver_comment_to_others` [ RunTime:0.000241s ]
[2021-05-27T14:53:36+08:00][sql] SHOW FULL COLUMNS FROM `carver_user` [ RunTime:0.000493s ]
[2021-05-27T14:53:36+08:00][sql] SELECT `user_name` FROM `carver_user` WHERE  `user_id` = 4 LIMIT 1 [ RunTime:0.000251s ]
[2021-05-27T14:53:36+08:00][sql] SELECT `user_name` FROM `carver_user` WHERE  `user_id` = 4 LIMIT 1 [ RunTime:0.000212s ]
[2021-05-27T14:53:36+08:00][sql] SELECT `user_name` FROM `carver_user` WHERE  `user_id` = 5 LIMIT 1 [ RunTime:0.000273s ]
[2021-05-27T14:53:36+08:00][sql] SELECT `user_name` FROM `carver_user` WHERE  `user_id` = 5 LIMIT 1 [ RunTime:0.000218s ]
[2021-05-27T14:53:36+08:00][sql] SELECT `user_name` FROM `carver_user` WHERE  `user_id` = 37 LIMIT 1 [ RunTime:0.000217s ]
[2021-05-27T14:53:36+08:00][sql] SELECT `user_name`,`user_id` FROM `carver_user` [ RunTime:0.000252s ]
[2021-05-27T14:53:36+08:00][sql] SHOW FULL COLUMNS FROM `carver_navigation` [ RunTime:0.000655s ]
[2021-05-27T14:53:36+08:00][sql] SELECT * FROM `carver_navigation` [ RunTime:0.000302s ]
[2021-05-27T14:53:36+08:00][sql] SELECT `article_label` FROM `carver_article` [ RunTime:0.000304s ]
[2021-05-27T15:10:22+08:00][sql] CONNECT:[ UseTime:0.000600s ] mysql:host=127.0.0.1;port=3306;dbname=carver;charset=utf8
[2021-05-27T15:10:22+08:00][sql] SHOW FULL COLUMNS FROM `carver_user` [ RunTime:0.000809s ]
[2021-05-27T15:10:22+08:00][sql] SHOW FULL COLUMNS FROM `carver_article` [ RunTime:0.000794s ]
[2021-05-27T15:10:22+08:00][sql] SELECT COUNT(*) AS think_count FROM `carver_article` WHERE  `delete_time` = 0  AND `is_show` = 1 [ RunTime:0.000396s ]
[2021-05-27T15:10:22+08:00][sql] SELECT `article_id`,`article_title`,`article_desc`,`article_content`,`article_img`,`article_guide`,`article_label`,`click_num`,`is_show`,`add_time`,`article_author`,`is_top_show` FROM `carver_article` WHERE  `delete_time` = 0  AND `is_show` = 1 ORDER BY `article_id` DESC LIMIT 0,6 [ RunTime:0.000623s ]
[2021-05-27T15:10:22+08:00][sql] SELECT article_id,article_title,click_num,FROM_UNIXTIME(add_time,'%Y-%m-%d') as add_time FROM `carver_article` WHERE  `is_show` = 1  AND `delete_time` = 0 ORDER BY `click_num` DESC LIMIT 3 [ RunTime:0.000416s ]
[2021-05-27T15:10:22+08:00][sql] SHOW FULL COLUMNS FROM `carver_notice` [ RunTime:0.000576s ]
[2021-05-27T15:10:22+08:00][sql] SELECT * FROM `carver_notice` ORDER BY `create_time` DESC LIMIT 3 [ RunTime:0.000262s ]
[2021-05-27T15:10:22+08:00][sql] SHOW FULL COLUMNS FROM `carver_navigation` [ RunTime:0.000509s ]
[2021-05-27T15:10:22+08:00][sql] SELECT * FROM `carver_navigation` [ RunTime:0.000248s ]
[2021-05-27T15:10:22+08:00][sql] SHOW FULL COLUMNS FROM `carver_link` [ RunTime:0.000504s ]
[2021-05-27T15:10:22+08:00][sql] SELECT * FROM `carver_link` WHERE  ( is_confirm=2 ) LIMIT 20 [ RunTime:0.000287s ]
[2021-05-27T15:10:22+08:00][sql] SELECT `article_label` FROM `carver_article` [ RunTime:0.000281s ]
[2021-05-27T15:10:22+08:00][sql] SHOW FULL COLUMNS FROM `carver_carouse` [ RunTime:0.000473s ]
[2021-05-27T15:10:22+08:00][sql] SELECT `carouse_img`,`carouse_desc` FROM `carver_carouse` WHERE  `is_show` = 1 ORDER BY `carouse_sort` DESC LIMIT 3 [ RunTime:0.000295s ]
[2021-05-27T15:10:22+08:00][sql] SHOW FULL COLUMNS FROM `carver_site` [ RunTime:0.000467s ]
[2021-05-27T15:10:22+08:00][sql] SELECT * FROM `carver_site` [ RunTime:0.000232s ]
[2021-05-27T15:18:02+08:00][sql] CONNECT:[ UseTime:0.000558s ] mysql:host=127.0.0.1;port=3306;dbname=carver;charset=utf8
[2021-05-27T15:18:02+08:00][sql] SHOW FULL COLUMNS FROM `carver_user` [ RunTime:0.000941s ]
[2021-05-27T15:18:02+08:00][sql] SHOW FULL COLUMNS FROM `carver_article` [ RunTime:0.000768s ]
[2021-05-27T15:18:02+08:00][sql] SELECT COUNT(*) AS think_count FROM `carver_article` WHERE  `delete_time` = 0  AND `is_show` = 1 [ RunTime:0.000407s ]
[2021-05-27T15:18:02+08:00][sql] SELECT `article_id`,`article_title`,`article_desc`,`article_content`,`article_img`,`article_guide`,`article_label`,`click_num`,`is_show`,`add_time`,`article_author`,`is_top_show` FROM `carver_article` WHERE  `delete_time` = 0  AND `is_show` = 1 ORDER BY `article_id` DESC LIMIT 0,6 [ RunTime:0.000706s ]
[2021-05-27T15:18:02+08:00][sql] SELECT article_id,article_title,click_num,FROM_UNIXTIME(add_time,'%Y-%m-%d') as add_time FROM `carver_article` WHERE  `is_show` = 1  AND `delete_time` = 0 ORDER BY `click_num` DESC LIMIT 3 [ RunTime:0.000542s ]
[2021-05-27T15:18:02+08:00][sql] SHOW FULL COLUMNS FROM `carver_notice` [ RunTime:0.000619s ]
[2021-05-27T15:18:02+08:00][sql] SELECT * FROM `carver_notice` ORDER BY `create_time` DESC LIMIT 3 [ RunTime:0.000311s ]
[2021-05-27T15:18:02+08:00][sql] SHOW FULL COLUMNS FROM `carver_navigation` [ RunTime:0.000570s ]
[2021-05-27T15:18:02+08:00][sql] SELECT * FROM `carver_navigation` [ RunTime:0.000240s ]
[2021-05-27T15:18:02+08:00][sql] SHOW FULL COLUMNS FROM `carver_link` [ RunTime:0.000543s ]
[2021-05-27T15:18:02+08:00][sql] SELECT * FROM `carver_link` WHERE  ( is_confirm=2 ) LIMIT 20 [ RunTime:0.000311s ]
[2021-05-27T15:18:02+08:00][sql] SELECT `article_label` FROM `carver_article` [ RunTime:0.000300s ]
[2021-05-27T15:18:02+08:00][sql] SHOW FULL COLUMNS FROM `carver_carouse` [ RunTime:0.000585s ]
[2021-05-27T15:18:02+08:00][sql] SELECT `carouse_img`,`carouse_desc` FROM `carver_carouse` WHERE  `is_show` = 1 ORDER BY `carouse_sort` DESC LIMIT 3 [ RunTime:0.000295s ]
[2021-05-27T15:18:02+08:00][sql] SHOW FULL COLUMNS FROM `carver_site` [ RunTime:0.000525s ]
[2021-05-27T15:18:02+08:00][sql] SELECT * FROM `carver_site` [ RunTime:0.000249s ]
[2021-05-27T15:38:45+08:00][sql] CONNECT:[ UseTime:0.000664s ] mysql:host=127.0.0.1;port=3306;dbname=carver;charset=utf8
[2021-05-27T15:38:45+08:00][sql] SHOW FULL COLUMNS FROM `carver_article` [ RunTime:0.000948s ]
[2021-05-27T15:38:45+08:00][sql] SELECT `article_id`,`article_title`,`article_desc`,`article_content`,`article_img`,`article_guide`,`article_label`,`click_num`,`is_show`,`add_time`,`article_author` FROM `carver_article` WHERE  `article_id` = 17'A=0 LIMIT 1 [ RunTime:0.000821s ]
[2021-05-27T15:38:45+08:00][sql] SELECT `article_id`,`article_title`,`article_desc`,`article_content`,`article_img`,`article_guide`,`article_label`,`click_num`,`is_show`,`add_time`,`article_author` FROM `carver_article` WHERE  `article_id` > 17'A=0 LIMIT 1 [ RunTime:0.000447s ]
[2021-05-27T15:38:45+08:00][sql] SELECT `article_id`,`article_title`,`article_desc`,`article_content`,`article_img`,`article_guide`,`article_label`,`click_num`,`is_show`,`add_time`,`article_author` FROM `carver_article` WHERE  `article_id` < 17'A=0 ORDER BY `article_id` DESC LIMIT 1 [ RunTime:0.000413s ]
[2021-05-27T15:38:45+08:00][sql] SHOW FULL COLUMNS FROM `carver_link` [ RunTime:0.000572s ]
[2021-05-27T15:38:45+08:00][sql] SELECT * FROM `carver_link` WHERE  ( is_confirm=2 ) LIMIT 20 [ RunTime:0.000301s ]
[2021-05-27T15:38:45+08:00][sql] SELECT article_id,article_title,click_num,FROM_UNIXTIME(add_time,'%Y-%m-%d') as add_time FROM `carver_article` ORDER BY `click_num` DESC LIMIT 3 [ RunTime:0.000382s ]
[2021-05-27T15:38:45+08:00][sql] SHOW FULL COLUMNS FROM `carver_comment` [ RunTime:0.000575s ]
[2021-05-27T15:38:45+08:00][sql] SELECT `a`.*,`b`.`user_name` FROM `carver_comment` `a` INNER JOIN `carver_user` `b` ON `a`.`user_id`=`b`.`user_id` WHERE  `article_id` = 17'A=0 ORDER BY `create_time` DESC [ RunTime:0.000379s ]
[2021-05-27T15:38:45+08:00][sql] SHOW FULL COLUMNS FROM `carver_comment_to_others` [ RunTime:0.000595s ]
[2021-05-27T15:38:45+08:00][sql] SELECT * FROM `carver_comment_to_others` [ RunTime:0.000248s ]
[2021-05-27T15:38:45+08:00][sql] SHOW FULL COLUMNS FROM `carver_user` [ RunTime:0.000462s ]
[2021-05-27T15:38:45+08:00][sql] SELECT `user_name` FROM `carver_user` WHERE  `user_id` = 4 LIMIT 1 [ RunTime:0.000258s ]
[2021-05-27T15:38:45+08:00][sql] SELECT `user_name` FROM `carver_user` WHERE  `user_id` = 4 LIMIT 1 [ RunTime:0.000220s ]
[2021-05-27T15:38:45+08:00][sql] SELECT `user_name` FROM `carver_user` WHERE  `user_id` = 5 LIMIT 1 [ RunTime:0.000244s ]
[2021-05-27T15:38:45+08:00][sql] SELECT `user_name` FROM `carver_user` WHERE  `user_id` = 5 LIMIT 1 [ RunTime:0.000220s ]
[2021-05-27T15:38:45+08:00][sql] SELECT `user_name` FROM `carver_user` WHERE  `user_id` = 37 LIMIT 1 [ RunTime:0.000226s ]
[2021-05-27T15:38:45+08:00][sql] SELECT `user_name`,`user_id` FROM `carver_user` [ RunTime:0.000226s ]
[2021-05-27T15:38:45+08:00][sql] SHOW FULL COLUMNS FROM `carver_navigation` [ RunTime:0.000547s ]
[2021-05-27T15:38:45+08:00][sql] SELECT * FROM `carver_navigation` [ RunTime:0.000240s ]
[2021-05-27T15:38:45+08:00][sql] SELECT `article_label` FROM `carver_article` [ RunTime:0.000272s ]
[2021-05-27T16:11:34+08:00][sql] CONNECT:[ UseTime:0.000605s ] mysql:host=127.0.0.1;port=3306;dbname=carver;charset=utf8
[2021-05-27T16:11:34+08:00][sql] SHOW FULL COLUMNS FROM `carver_article` [ RunTime:0.000836s ]
[2021-05-27T16:11:34+08:00][sql] SELECT COUNT(*) AS think_count FROM `carver_article` WHERE  `article_label` LIKE '%excel%'  AND `delete_time` = 0  AND `is_show` = 1 [ RunTime:0.000397s ]
[2021-05-27T16:11:34+08:00][sql] SELECT * FROM `carver_article` WHERE  `article_label` LIKE '%excel%'  AND `delete_time` = 0  AND `is_show` = 1 LIMIT 0,6 [ RunTime:0.001208s ]
[2021-05-27T16:11:34+08:00][sql] SELECT article_id,article_title,click_num,FROM_UNIXTIME(add_time,'%Y-%m-%d') as add_time FROM `carver_article` WHERE  `is_show` = 1  AND `delete_time` = 0 ORDER BY `click_num` DESC LIMIT 3 [ RunTime:0.000436s ]
[2021-05-27T16:11:34+08:00][sql] SHOW FULL COLUMNS FROM `carver_notice` [ RunTime:0.000555s ]
[2021-05-27T16:11:34+08:00][sql] SELECT * FROM `carver_notice` ORDER BY `create_time` DESC LIMIT 3 [ RunTime:0.000258s ]
[2021-05-27T16:11:34+08:00][sql] SHOW FULL COLUMNS FROM `carver_navigation` [ RunTime:0.000561s ]
[2021-05-27T16:11:34+08:00][sql] SELECT * FROM `carver_navigation` [ RunTime:0.000237s ]
[2021-05-27T16:11:34+08:00][sql] SHOW FULL COLUMNS FROM `carver_link` [ RunTime:0.000507s ]
[2021-05-27T16:11:34+08:00][sql] SELECT * FROM `carver_link` WHERE  ( is_confirm=2 ) LIMIT 20 [ RunTime:0.000278s ]
[2021-05-27T16:11:34+08:00][sql] SELECT `article_label` FROM `carver_article` [ RunTime:0.000270s ]
[2021-05-27T16:11:34+08:00][sql] SHOW FULL COLUMNS FROM `carver_carouse` [ RunTime:0.000469s ]
[2021-05-27T16:11:34+08:00][sql] SELECT `carouse_img`,`carouse_desc` FROM `carver_carouse` WHERE  `is_show` = 1 ORDER BY `carouse_sort` DESC LIMIT 3 [ RunTime:0.000323s ]
[2021-05-27T16:11:34+08:00][sql] SHOW FULL COLUMNS FROM `carver_site` [ RunTime:0.000462s ]
[2021-05-27T16:11:34+08:00][sql] SELECT * FROM `carver_site` [ RunTime:0.000220s ]
[2021-05-27T16:32:14+08:00][sql] CONNECT:[ UseTime:0.000554s ] mysql:host=127.0.0.1;port=3306;dbname=carver;charset=utf8
[2021-05-27T16:32:14+08:00][sql] SHOW FULL COLUMNS FROM `carver_user` [ RunTime:0.000861s ]
[2021-05-27T16:32:14+08:00][sql] SHOW FULL COLUMNS FROM `carver_article` [ RunTime:0.000744s ]
[2021-05-27T16:32:14+08:00][sql] SELECT COUNT(*) AS think_count FROM `carver_article` WHERE  `delete_time` = 0  AND `is_show` = 1 [ RunTime:0.000414s ]
[2021-05-27T16:32:14+08:00][sql] SELECT `article_id`,`article_title`,`article_desc`,`article_content`,`article_img`,`article_guide`,`article_label`,`click_num`,`is_show`,`add_time`,`article_author`,`is_top_show` FROM `carver_article` WHERE  `delete_time` = 0  AND `is_show` = 1 ORDER BY `article_id` DESC LIMIT 0,6 [ RunTime:0.000714s ]
[2021-05-27T16:32:14+08:00][sql] SELECT article_id,article_title,click_num,FROM_UNIXTIME(add_time,'%Y-%m-%d') as add_time FROM `carver_article` WHERE  `is_show` = 1  AND `delete_time` = 0 ORDER BY `click_num` DESC LIMIT 3 [ RunTime:0.000536s ]
[2021-05-27T16:32:14+08:00][sql] SHOW FULL COLUMNS FROM `carver_notice` [ RunTime:0.000623s ]
[2021-05-27T16:32:14+08:00][sql] SELECT * FROM `carver_notice` ORDER BY `create_time` DESC LIMIT 3 [ RunTime:0.000356s ]
[2021-05-27T16:32:14+08:00][sql] SHOW FULL COLUMNS FROM `carver_navigation` [ RunTime:0.000611s ]
[2021-05-27T16:32:14+08:00][sql] SELECT * FROM `carver_navigation` [ RunTime:0.000261s ]
[2021-05-27T16:32:14+08:00][sql] SHOW FULL COLUMNS FROM `carver_link` [ RunTime:0.000568s ]
[2021-05-27T16:32:14+08:00][sql] SELECT * FROM `carver_link` WHERE  ( is_confirm=2 ) LIMIT 20 [ RunTime:0.000344s ]
[2021-05-27T16:32:14+08:00][sql] SELECT `article_label` FROM `carver_article` [ RunTime:0.000291s ]
[2021-05-27T16:32:14+08:00][sql] SHOW FULL COLUMNS FROM `carver_carouse` [ RunTime:0.000610s ]
[2021-05-27T16:32:14+08:00][sql] SELECT `carouse_img`,`carouse_desc` FROM `carver_carouse` WHERE  `is_show` = 1 ORDER BY `carouse_sort` DESC LIMIT 3 [ RunTime:0.000323s ]
[2021-05-27T16:32:14+08:00][sql] SHOW FULL COLUMNS FROM `carver_site` [ RunTime:0.000548s ]
[2021-05-27T16:32:14+08:00][sql] SELECT * FROM `carver_site` [ RunTime:0.000260s ]
[2021-05-27T16:45:35+08:00][sql] CONNECT:[ UseTime:0.000566s ] mysql:host=127.0.0.1;port=3306;dbname=carver;charset=utf8
[2021-05-27T16:45:35+08:00][sql] SHOW FULL COLUMNS FROM `carver_user` [ RunTime:0.000864s ]
[2021-05-27T16:45:35+08:00][sql] SHOW FULL COLUMNS FROM `carver_article` [ RunTime:0.000706s ]
[2021-05-27T16:45:35+08:00][sql] SELECT COUNT(*) AS think_count FROM `carver_article` WHERE  `delete_time` = 0  AND `is_show` = 1 [ RunTime:0.000394s ]
[2021-05-27T16:45:35+08:00][sql] SELECT `article_id`,`article_title`,`article_desc`,`article_content`,`article_img`,`article_guide`,`article_label`,`click_num`,`is_show`,`add_time`,`article_author`,`is_top_show` FROM `carver_article` WHERE  `delete_time` = 0  AND `is_show` = 1 ORDER BY `article_id` DESC LIMIT 0,6 [ RunTime:0.000632s ]
[2021-05-27T16:45:35+08:00][sql] SELECT article_id,article_title,click_num,FROM_UNIXTIME(add_time,'%Y-%m-%d') as add_time FROM `carver_article` WHERE  `is_show` = 1  AND `delete_time` = 0 ORDER BY `click_num` DESC LIMIT 3 [ RunTime:0.000437s ]
[2021-05-27T16:45:35+08:00][sql] SHOW FULL COLUMNS FROM `carver_notice` [ RunTime:0.000588s ]
[2021-05-27T16:45:35+08:00][sql] SELECT * FROM `carver_notice` ORDER BY `create_time` DESC LIMIT 3 [ RunTime:0.000308s ]
[2021-05-27T16:45:35+08:00][sql] SHOW FULL COLUMNS FROM `carver_navigation` [ RunTime:0.000548s ]
[2021-05-27T16:45:35+08:00][sql] SELECT * FROM `carver_navigation` [ RunTime:0.000239s ]
[2021-05-27T16:45:35+08:00][sql] SHOW FULL COLUMNS FROM `carver_link` [ RunTime:0.000479s ]
[2021-05-27T16:45:35+08:00][sql] SELECT * FROM `carver_link` WHERE  ( is_confirm=2 ) LIMIT 20 [ RunTime:0.000305s ]
[2021-05-27T16:45:35+08:00][sql] SELECT `article_label` FROM `carver_article` [ RunTime:0.000314s ]
[2021-05-27T16:45:35+08:00][sql] SHOW FULL COLUMNS FROM `carver_carouse` [ RunTime:0.000525s ]
[2021-05-27T16:45:35+08:00][sql] SELECT `carouse_img`,`carouse_desc` FROM `carver_carouse` WHERE  `is_show` = 1 ORDER BY `carouse_sort` DESC LIMIT 3 [ RunTime:0.000311s ]
[2021-05-27T16:45:35+08:00][sql] SHOW FULL COLUMNS FROM `carver_site` [ RunTime:0.000557s ]
[2021-05-27T16:45:35+08:00][sql] SELECT * FROM `carver_site` [ RunTime:0.000245s ]
[2021-05-27T17:36:48+08:00][sql] CONNECT:[ UseTime:0.000545s ] mysql:host=127.0.0.1;port=3306;dbname=carver;charset=utf8
[2021-05-27T17:36:48+08:00][sql] SHOW FULL COLUMNS FROM `carver_article` [ RunTime:0.000887s ]
[2021-05-27T17:36:48+08:00][sql] SELECT `article_id`,`article_title`,`article_desc`,`article_content`,`article_img`,`article_guide`,`article_label`,`click_num`,`is_show`,`add_time`,`article_author` FROM `carver_article` WHERE  `article_id` = 26 LIMIT 1 [ RunTime:0.000573s ]
[2021-05-27T17:36:48+08:00][sql] SELECT `article_id`,`article_title`,`article_desc`,`article_content`,`article_img`,`article_guide`,`article_label`,`click_num`,`is_show`,`add_time`,`article_author` FROM `carver_article` WHERE  `article_id` > 26 LIMIT 1 [ RunTime:0.000382s ]
[2021-05-27T17:36:48+08:00][sql] SELECT `article_id`,`article_title`,`article_desc`,`article_content`,`article_img`,`article_guide`,`article_label`,`click_num`,`is_show`,`add_time`,`article_author` FROM `carver_article` WHERE  `article_id` < 26 ORDER BY `article_id` DESC LIMIT 1 [ RunTime:0.000337s ]
[2021-05-27T17:36:48+08:00][sql] SHOW FULL COLUMNS FROM `carver_link` [ RunTime:0.000541s ]
[2021-05-27T17:36:48+08:00][sql] SELECT * FROM `carver_link` WHERE  ( is_confirm=2 ) LIMIT 20 [ RunTime:0.000298s ]
[2021-05-27T17:36:48+08:00][sql] SELECT article_id,article_title,click_num,FROM_UNIXTIME(add_time,'%Y-%m-%d') as add_time FROM `carver_article` ORDER BY `click_num` DESC LIMIT 3 [ RunTime:0.000416s ]
[2021-05-27T17:36:48+08:00][sql] SHOW FULL COLUMNS FROM `carver_comment` [ RunTime:0.000556s ]
[2021-05-27T17:36:48+08:00][sql] SELECT `a`.*,`b`.`user_name` FROM `carver_comment` `a` INNER JOIN `carver_user` `b` ON `a`.`user_id`=`b`.`user_id` WHERE  `article_id` = 26 ORDER BY `create_time` DESC [ RunTime:0.000335s ]
[2021-05-27T17:36:48+08:00][sql] SHOW FULL COLUMNS FROM `carver_comment_to_others` [ RunTime:0.000536s ]
[2021-05-27T17:36:48+08:00][sql] SELECT * FROM `carver_comment_to_others` [ RunTime:0.000230s ]
[2021-05-27T17:36:48+08:00][sql] SHOW FULL COLUMNS FROM `carver_user` [ RunTime:0.000479s ]
[2021-05-27T17:36:48+08:00][sql] SELECT `user_name` FROM `carver_user` WHERE  `user_id` = 4 LIMIT 1 [ RunTime:0.000231s ]
[2021-05-27T17:36:48+08:00][sql] SELECT `user_name` FROM `carver_user` WHERE  `user_id` = 4 LIMIT 1 [ RunTime:0.000211s ]
[2021-05-27T17:36:48+08:00][sql] SELECT `user_name` FROM `carver_user` WHERE  `user_id` = 5 LIMIT 1 [ RunTime:0.000242s ]
[2021-05-27T17:36:48+08:00][sql] SELECT `user_name` FROM `carver_user` WHERE  `user_id` = 5 LIMIT 1 [ RunTime:0.000210s ]
[2021-05-27T17:36:48+08:00][sql] SELECT `user_name` FROM `carver_user` WHERE  `user_id` = 37 LIMIT 1 [ RunTime:0.000213s ]
[2021-05-27T17:36:48+08:00][sql] SELECT `user_name`,`user_id` FROM `carver_user` [ RunTime:0.000253s ]
[2021-05-27T17:36:48+08:00][sql] SHOW FULL COLUMNS FROM `carver_navigation` [ RunTime:0.000547s ]
[2021-05-27T17:36:48+08:00][sql] SELECT * FROM `carver_navigation` [ RunTime:0.000247s ]
[2021-05-27T17:36:48+08:00][sql] SELECT `article_label` FROM `carver_article` [ RunTime:0.000302s ]
[2021-05-27T17:44:14+08:00][sql] CONNECT:[ UseTime:0.000519s ] mysql:host=127.0.0.1;port=3306;dbname=carver;charset=utf8
[2021-05-27T17:44:14+08:00][sql] SHOW FULL COLUMNS FROM `carver_article` [ RunTime:0.000932s ]
[2021-05-27T17:44:14+08:00][sql] SELECT `article_id`,`article_title`,`article_desc`,`article_content`,`article_img`,`article_guide`,`article_label`,`click_num`,`is_show`,`add_time`,`article_author` FROM `carver_article` WHERE  `article_id` = 1 LIMIT 1 [ RunTime:0.000527s ]
[2021-05-27T17:44:14+08:00][sql] SELECT `article_id`,`article_title`,`article_desc`,`article_content`,`article_img`,`article_guide`,`article_label`,`click_num`,`is_show`,`add_time`,`article_author` FROM `carver_article` WHERE  `article_id` > 1 LIMIT 1 [ RunTime:0.000370s ]
[2021-05-27T17:44:14+08:00][sql] SELECT `article_id`,`article_title`,`article_desc`,`article_content`,`article_img`,`article_guide`,`article_label`,`click_num`,`is_show`,`add_time`,`article_author` FROM `carver_article` WHERE  `article_id` < 1 ORDER BY `article_id` DESC LIMIT 1 [ RunTime:0.000348s ]
[2021-05-27T17:44:14+08:00][sql] SHOW FULL COLUMNS FROM `carver_link` [ RunTime:0.000586s ]
[2021-05-27T17:44:14+08:00][sql] SELECT * FROM `carver_link` WHERE  ( is_confirm=2 ) LIMIT 20 [ RunTime:0.000305s ]
[2021-05-27T17:44:14+08:00][sql] SELECT article_id,article_title,click_num,FROM_UNIXTIME(add_time,'%Y-%m-%d') as add_time FROM `carver_article` ORDER BY `click_num` DESC LIMIT 3 [ RunTime:0.000346s ]
[2021-05-27T17:44:14+08:00][sql] SHOW FULL COLUMNS FROM `carver_comment` [ RunTime:0.000550s ]
[2021-05-27T17:44:14+08:00][sql] SELECT `a`.*,`b`.`user_name` FROM `carver_comment` `a` INNER JOIN `carver_user` `b` ON `a`.`user_id`=`b`.`user_id` WHERE  `article_id` = 1 ORDER BY `create_time` DESC [ RunTime:0.000385s ]
[2021-05-27T17:44:14+08:00][sql] SHOW FULL COLUMNS FROM `carver_comment_to_others` [ RunTime:0.000500s ]
[2021-05-27T17:44:14+08:00][sql] SELECT * FROM `carver_comment_to_others` [ RunTime:0.000245s ]
[2021-05-27T17:44:14+08:00][sql] SHOW FULL COLUMNS FROM `carver_user` [ RunTime:0.000467s ]
[2021-05-27T17:44:14+08:00][sql] SELECT `user_name` FROM `carver_user` WHERE  `user_id` = 4 LIMIT 1 [ RunTime:0.000248s ]
[2021-05-27T17:44:14+08:00][sql] SELECT `user_name` FROM `carver_user` WHERE  `user_id` = 4 LIMIT 1 [ RunTime:0.000234s ]
[2021-05-27T17:44:14+08:00][sql] SELECT `user_name` FROM `carver_user` WHERE  `user_id` = 5 LIMIT 1 [ RunTime:0.000206s ]
[2021-05-27T17:44:14+08:00][sql] SELECT `user_name` FROM `carver_user` WHERE  `user_id` = 5 LIMIT 1 [ RunTime:0.000233s ]
[2021-05-27T17:44:14+08:00][sql] SELECT `user_name` FROM `carver_user` WHERE  `user_id` = 37 LIMIT 1 [ RunTime:0.000273s ]
[2021-05-27T17:44:14+08:00][sql] SELECT `user_name`,`user_id` FROM `carver_user` [ RunTime:0.000253s ]
[2021-05-27T17:44:14+08:00][sql] SHOW FULL COLUMNS FROM `carver_navigation` [ RunTime:0.000515s ]
[2021-05-27T17:44:14+08:00][sql] SELECT * FROM `carver_navigation` [ RunTime:0.000257s ]
[2021-05-27T17:44:14+08:00][sql] SELECT `article_label` FROM `carver_article` [ RunTime:0.000267s ]
[2021-05-27T19:05:15+08:00][sql] CONNECT:[ UseTime:0.000589s ] mysql:host=127.0.0.1;port=3306;dbname=carver;charset=utf8
[2021-05-27T19:05:15+08:00][sql] SHOW FULL COLUMNS FROM `carver_article` [ RunTime:0.000883s ]
[2021-05-27T19:05:15+08:00][sql] SELECT COUNT(*) AS think_count FROM `carver_article` WHERE  `article_label` LIKE '%c  %'  AND `delete_time` = 0  AND `is_show` = 1 [ RunTime:0.000451s ]
[2021-05-27T19:05:15+08:00][sql] SELECT * FROM `carver_article` WHERE  `article_label` LIKE '%c  %'  AND `delete_time` = 0  AND `is_show` = 1 LIMIT 0,6 [ RunTime:0.000932s ]
[2021-05-27T19:05:15+08:00][sql] SELECT article_id,article_title,click_num,FROM_UNIXTIME(add_time,'%Y-%m-%d') as add_time FROM `carver_article` WHERE  `is_show` = 1  AND `delete_time` = 0 ORDER BY `click_num` DESC LIMIT 3 [ RunTime:0.000507s ]
[2021-05-27T19:05:15+08:00][sql] SHOW FULL COLUMNS FROM `carver_notice` [ RunTime:0.000679s ]
[2021-05-27T19:05:15+08:00][sql] SELECT * FROM `carver_notice` ORDER BY `create_time` DESC LIMIT 3 [ RunTime:0.000359s ]
[2021-05-27T19:05:15+08:00][sql] SHOW FULL COLUMNS FROM `carver_navigation` [ RunTime:0.000644s ]
[2021-05-27T19:05:15+08:00][sql] SELECT * FROM `carver_navigation` [ RunTime:0.000318s ]
[2021-05-27T19:05:15+08:00][sql] SHOW FULL COLUMNS FROM `carver_link` [ RunTime:0.000608s ]
[2021-05-27T19:05:15+08:00][sql] SELECT * FROM `carver_link` WHERE  ( is_confirm=2 ) LIMIT 20 [ RunTime:0.000394s ]
[2021-05-27T19:05:15+08:00][sql] SELECT `article_label` FROM `carver_article` [ RunTime:0.000340s ]
[2021-05-27T19:05:15+08:00][sql] SHOW FULL COLUMNS FROM `carver_carouse` [ RunTime:0.000608s ]
[2021-05-27T19:05:15+08:00][sql] SELECT `carouse_img`,`carouse_desc` FROM `carver_carouse` WHERE  `is_show` = 1 ORDER BY `carouse_sort` DESC LIMIT 3 [ RunTime:0.000349s ]
[2021-05-27T19:05:15+08:00][sql] SHOW FULL COLUMNS FROM `carver_site` [ RunTime:0.000540s ]
[2021-05-27T19:05:15+08:00][sql] SELECT * FROM `carver_site` [ RunTime:0.000258s ]
[2021-05-27T19:41:51+08:00][sql] CONNECT:[ UseTime:0.000486s ] mysql:host=127.0.0.1;port=3306;dbname=carver;charset=utf8
[2021-05-27T19:41:51+08:00][sql] SHOW FULL COLUMNS FROM `carver_article` [ RunTime:0.000879s ]
[2021-05-27T19:41:51+08:00][sql] SELECT COUNT(*) AS think_count FROM `carver_article` WHERE  `article_guide` = 8  AND `delete_time` = 0  AND `is_show` = 1 [ RunTime:0.000419s ]
[2021-05-27T19:41:51+08:00][sql] SELECT * FROM `carver_article` WHERE  `article_guide` = 8  AND `delete_time` = 0  AND `is_show` = 1 ORDER BY `add_time` DESC LIMIT 0,6 [ RunTime:0.000652s ]
[2021-05-27T19:41:51+08:00][sql] SELECT article_id,article_title,click_num,FROM_UNIXTIME(add_time,'%Y-%m-%d') as add_time FROM `carver_article` WHERE  `is_show` = 1  AND `delete_time` = 0 ORDER BY `click_num` DESC LIMIT 3 [ RunTime:0.000403s ]
[2021-05-27T19:41:51+08:00][sql] SHOW FULL COLUMNS FROM `carver_notice` [ RunTime:0.000528s ]
[2021-05-27T19:41:51+08:00][sql] SELECT * FROM `carver_notice` ORDER BY `create_time` DESC LIMIT 3 [ RunTime:0.000248s ]
[2021-05-27T19:41:51+08:00][sql] SHOW FULL COLUMNS FROM `carver_navigation` [ RunTime:0.000481s ]
[2021-05-27T19:41:51+08:00][sql] SELECT * FROM `carver_navigation` [ RunTime:0.000245s ]
[2021-05-27T19:41:51+08:00][sql] SELECT `article_label` FROM `carver_article` [ RunTime:0.000239s ]
[2021-05-27T19:41:51+08:00][sql] SHOW FULL COLUMNS FROM `carver_carouse` [ RunTime:0.000467s ]
[2021-05-27T19:41:51+08:00][sql] SELECT `carouse_img`,`carouse_desc` FROM `carver_carouse` WHERE  `is_show` = 1 ORDER BY `carouse_sort` DESC LIMIT 3 [ RunTime:0.000275s ]
[2021-05-27T19:41:51+08:00][sql] SHOW FULL COLUMNS FROM `carver_link` [ RunTime:0.000537s ]
[2021-05-27T19:41:51+08:00][sql] SELECT * FROM `carver_link` WHERE  ( is_confirm=2 ) LIMIT 20 [ RunTime:0.000286s ]
[2021-05-27T19:41:51+08:00][sql] SHOW FULL COLUMNS FROM `carver_site` [ RunTime:0.000467s ]
[2021-05-27T19:41:51+08:00][sql] SELECT * FROM `carver_site` [ RunTime:0.000280s ]
[2021-05-27T21:06:52+08:00][sql] CONNECT:[ UseTime:0.000998s ] mysql:host=127.0.0.1;port=3306;dbname=carver;charset=utf8
[2021-05-27T21:06:52+08:00][sql] SHOW FULL COLUMNS FROM `carver_article` [ RunTime:0.001502s ]
[2021-05-27T21:06:52+08:00][sql] SELECT `article_id`,`article_title`,`article_desc`,`article_content`,`article_img`,`article_guide`,`article_label`,`click_num`,`is_show`,`add_time`,`article_author` FROM `carver_article` WHERE  `article_id` = 22 LIMIT 1 [ RunTime:0.001224s ]
[2021-05-27T21:06:52+08:00][sql] SELECT `article_id`,`article_title`,`article_desc`,`article_content`,`article_img`,`article_guide`,`article_label`,`click_num`,`is_show`,`add_time`,`article_author` FROM `carver_article` WHERE  `article_id` > 22 LIMIT 1 [ RunTime:0.000399s ]
[2021-05-27T21:06:52+08:00][sql] SELECT `article_id`,`article_title`,`article_desc`,`article_content`,`article_img`,`article_guide`,`article_label`,`click_num`,`is_show`,`add_time`,`article_author` FROM `carver_article` WHERE  `article_id` < 22 ORDER BY `article_id` DESC LIMIT 1 [ RunTime:0.000407s ]
[2021-05-27T21:06:52+08:00][sql] SHOW FULL COLUMNS FROM `carver_link` [ RunTime:0.001090s ]
[2021-05-27T21:06:52+08:00][sql] SELECT * FROM `carver_link` WHERE  ( is_confirm=2 ) LIMIT 20 [ RunTime:0.000356s ]
[2021-05-27T21:06:52+08:00][sql] SELECT article_id,article_title,click_num,FROM_UNIXTIME(add_time,'%Y-%m-%d') as add_time FROM `carver_article` ORDER BY `click_num` DESC LIMIT 3 [ RunTime:0.000817s ]
[2021-05-27T21:06:52+08:00][sql] SHOW FULL COLUMNS FROM `carver_comment` [ RunTime:0.000840s ]
[2021-05-27T21:06:52+08:00][sql] SELECT `a`.*,`b`.`user_name` FROM `carver_comment` `a` INNER JOIN `carver_user` `b` ON `a`.`user_id`=`b`.`user_id` WHERE  `article_id` = 22 ORDER BY `create_time` DESC [ RunTime:0.000516s ]
[2021-05-27T21:06:52+08:00][sql] SHOW FULL COLUMNS FROM `carver_comment_to_others` [ RunTime:0.000736s ]
[2021-05-27T21:06:52+08:00][sql] SELECT * FROM `carver_comment_to_others` [ RunTime:0.000374s ]
[2021-05-27T21:06:52+08:00][sql] SHOW FULL COLUMNS FROM `carver_user` [ RunTime:0.000503s ]
[2021-05-27T21:06:52+08:00][sql] SELECT `user_name` FROM `carver_user` WHERE  `user_id` = 4 LIMIT 1 [ RunTime:0.000426s ]
[2021-05-27T21:06:52+08:00][sql] SELECT `user_name` FROM `carver_user` WHERE  `user_id` = 4 LIMIT 1 [ RunTime:0.000362s ]
[2021-05-27T21:06:52+08:00][sql] SELECT `user_name` FROM `carver_user` WHERE  `user_id` = 5 LIMIT 1 [ RunTime:0.000320s ]
[2021-05-27T21:06:52+08:00][sql] SELECT `user_name` FROM `carver_user` WHERE  `user_id` = 5 LIMIT 1 [ RunTime:0.000373s ]
[2021-05-27T21:06:52+08:00][sql] SELECT `user_name` FROM `carver_user` WHERE  `user_id` = 37 LIMIT 1 [ RunTime:0.000459s ]
[2021-05-27T21:06:52+08:00][sql] SELECT `user_name`,`user_id` FROM `carver_user` [ RunTime:0.000713s ]
[2021-05-27T21:06:52+08:00][sql] SHOW FULL COLUMNS FROM `carver_navigation` [ RunTime:0.000655s ]
[2021-05-27T21:06:52+08:00][sql] SELECT * FROM `carver_navigation` [ RunTime:0.000388s ]
[2021-05-27T21:06:52+08:00][sql] SELECT `article_label` FROM `carver_article` [ RunTime:0.000455s ]
[2021-05-27T22:53:37+08:00][sql] CONNECT:[ UseTime:0.000564s ] mysql:host=127.0.0.1;port=3306;dbname=carver;charset=utf8
[2021-05-27T22:53:37+08:00][sql] SHOW FULL COLUMNS FROM `carver_user` [ RunTime:0.000926s ]
[2021-05-27T22:53:37+08:00][sql] SHOW FULL COLUMNS FROM `carver_article` [ RunTime:0.000775s ]
[2021-05-27T22:53:37+08:00][sql] SELECT COUNT(*) AS think_count FROM `carver_article` WHERE  `delete_time` = 0  AND `is_show` = 1 [ RunTime:0.000402s ]
[2021-05-27T22:53:37+08:00][sql] SELECT `article_id`,`article_title`,`article_desc`,`article_content`,`article_img`,`article_guide`,`article_label`,`click_num`,`is_show`,`add_time`,`article_author`,`is_top_show` FROM `carver_article` WHERE  `delete_time` = 0  AND `is_show` = 1 ORDER BY `article_id` DESC LIMIT 0,6 [ RunTime:0.000674s ]
[2021-05-27T22:53:37+08:00][sql] SELECT article_id,article_title,click_num,FROM_UNIXTIME(add_time,'%Y-%m-%d') as add_time FROM `carver_article` WHERE  `is_show` = 1  AND `delete_time` = 0 ORDER BY `click_num` DESC LIMIT 3 [ RunTime:0.000538s ]
[2021-05-27T22:53:37+08:00][sql] SHOW FULL COLUMNS FROM `carver_notice` [ RunTime:0.000632s ]
[2021-05-27T22:53:37+08:00][sql] SELECT * FROM `carver_notice` ORDER BY `create_time` DESC LIMIT 3 [ RunTime:0.000292s ]
[2021-05-27T22:53:37+08:00][sql] SHOW FULL COLUMNS FROM `carver_navigation` [ RunTime:0.000541s ]
[2021-05-27T22:53:37+08:00][sql] SELECT * FROM `carver_navigation` [ RunTime:0.000233s ]
[2021-05-27T22:53:37+08:00][sql] SHOW FULL COLUMNS FROM `carver_link` [ RunTime:0.000578s ]
[2021-05-27T22:53:37+08:00][sql] SELECT * FROM `carver_link` WHERE  ( is_confirm=2 ) LIMIT 20 [ RunTime:0.000314s ]
[2021-05-27T22:53:37+08:00][sql] SELECT `article_label` FROM `carver_article` [ RunTime:0.000309s ]
[2021-05-27T22:53:37+08:00][sql] SHOW FULL COLUMNS FROM `carver_carouse` [ RunTime:0.000511s ]
[2021-05-27T22:53:37+08:00][sql] SELECT `carouse_img`,`carouse_desc` FROM `carver_carouse` WHERE  `is_show` = 1 ORDER BY `carouse_sort` DESC LIMIT 3 [ RunTime:0.000366s ]
[2021-05-27T22:53:37+08:00][sql] SHOW FULL COLUMNS FROM `carver_site` [ RunTime:0.000517s ]
[2021-05-27T22:53:37+08:00][sql] SELECT * FROM `carver_site` [ RunTime:0.000267s ]
