[2021-05-29T00:50:47+08:00][sql] CONNECT:[ UseTime:0.000547s ] mysql:host=127.0.0.1;port=3306;dbname=carver;charset=utf8
[2021-05-29T00:50:47+08:00][sql] SHOW FULL COLUMNS FROM `carver_article` [ RunTime:0.000930s ]
[2021-05-29T00:50:47+08:00][sql] SELECT COUNT(*) AS think_count FROM `carver_article` WHERE  `article_guide` = 51  AND `delete_time` = 0  AND `is_show` = 1 [ RunTime:0.000454s ]
[2021-05-29T00:50:47+08:00][sql] SELECT * FROM `carver_article` WHERE  `article_guide` = 51  AND `delete_time` = 0  AND `is_show` = 1 ORDER BY `add_time` DESC LIMIT 0,6 [ RunTime:0.000396s ]
[2021-05-29T00:50:47+08:00][sql] SELECT article_id,article_title,click_num,FROM_UNIXTIME(add_time,'%Y-%m-%d') as add_time FROM `carver_article` WHERE  `is_show` = 1  AND `delete_time` = 0 ORDER BY `click_num` DESC LIMIT 3 [ RunTime:0.000531s ]
[2021-05-29T00:50:47+08:00][sql] SHOW FULL COLUMNS FROM `carver_notice` [ RunTime:0.000720s ]
[2021-05-29T00:50:47+08:00][sql] SELECT * FROM `carver_notice` ORDER BY `create_time` DESC LIMIT 3 [ RunTime:0.000367s ]
[2021-05-29T00:50:47+08:00][sql] SHOW FULL COLUMNS FROM `carver_navigation` [ RunTime:0.000717s ]
[2021-05-29T00:50:47+08:00][sql] SELECT * FROM `carver_navigation` [ RunTime:0.001918s ]
[2021-05-29T00:50:47+08:00][sql] SELECT `article_label` FROM `carver_article` [ RunTime:0.000301s ]
[2021-05-29T00:50:47+08:00][sql] SHOW FULL COLUMNS FROM `carver_carouse` [ RunTime:0.000680s ]
[2021-05-29T00:50:47+08:00][sql] SELECT `carouse_img`,`carouse_desc` FROM `carver_carouse` WHERE  `is_show` = 1 ORDER BY `carouse_sort` DESC LIMIT 3 [ RunTime:0.000378s ]
[2021-05-29T00:50:47+08:00][sql] SHOW FULL COLUMNS FROM `carver_link` [ RunTime:0.000607s ]
[2021-05-29T00:50:47+08:00][sql] SELECT * FROM `carver_link` WHERE  ( is_confirm=2 ) LIMIT 20 [ RunTime:0.000337s ]
[2021-05-29T00:50:47+08:00][sql] SHOW FULL COLUMNS FROM `carver_site` [ RunTime:0.000626s ]
[2021-05-29T00:50:47+08:00][sql] SELECT * FROM `carver_site` [ RunTime:0.000320s ]
[2021-05-29T01:14:38+08:00][sql] CONNECT:[ UseTime:0.000701s ] mysql:host=127.0.0.1;port=3306;dbname=carver;charset=utf8
[2021-05-29T01:14:38+08:00][sql] SHOW FULL COLUMNS FROM `carver_article` [ RunTime:0.000962s ]
[2021-05-29T01:14:38+08:00][sql] SELECT COUNT(*) AS think_count FROM `carver_article` WHERE  `article_label` LIKE '%nginx%'  AND `delete_time` = 0  AND `is_show` = 1 [ RunTime:0.000803s ]
[2021-05-29T01:14:38+08:00][sql] SELECT * FROM `carver_article` WHERE  `article_label` LIKE '%nginx%'  AND `delete_time` = 0  AND `is_show` = 1 LIMIT 0,6 [ RunTime:0.001084s ]
[2021-05-29T01:14:38+08:00][sql] SELECT article_id,article_title,click_num,FROM_UNIXTIME(add_time,'%Y-%m-%d') as add_time FROM `carver_article` WHERE  `is_show` = 1  AND `delete_time` = 0 ORDER BY `click_num` DESC LIMIT 3 [ RunTime:0.000452s ]
[2021-05-29T01:14:38+08:00][sql] SHOW FULL COLUMNS FROM `carver_notice` [ RunTime:0.000581s ]
[2021-05-29T01:14:38+08:00][sql] SELECT * FROM `carver_notice` ORDER BY `create_time` DESC LIMIT 3 [ RunTime:0.000296s ]
[2021-05-29T01:14:38+08:00][sql] SHOW FULL COLUMNS FROM `carver_navigation` [ RunTime:0.000510s ]
[2021-05-29T01:14:38+08:00][sql] SELECT * FROM `carver_navigation` [ RunTime:0.000234s ]
[2021-05-29T01:14:38+08:00][sql] SHOW FULL COLUMNS FROM `carver_link` [ RunTime:0.000530s ]
[2021-05-29T01:14:38+08:00][sql] SELECT * FROM `carver_link` WHERE  ( is_confirm=2 ) LIMIT 20 [ RunTime:0.000287s ]
[2021-05-29T01:14:38+08:00][sql] SELECT `article_label` FROM `carver_article` [ RunTime:0.000275s ]
[2021-05-29T01:14:38+08:00][sql] SHOW FULL COLUMNS FROM `carver_carouse` [ RunTime:0.000492s ]
[2021-05-29T01:14:38+08:00][sql] SELECT `carouse_img`,`carouse_desc` FROM `carver_carouse` WHERE  `is_show` = 1 ORDER BY `carouse_sort` DESC LIMIT 3 [ RunTime:0.000289s ]
[2021-05-29T01:14:38+08:00][sql] SHOW FULL COLUMNS FROM `carver_site` [ RunTime:0.000488s ]
[2021-05-29T01:14:38+08:00][sql] SELECT * FROM `carver_site` [ RunTime:0.000228s ]
[2021-05-29T01:27:21+08:00][sql] CONNECT:[ UseTime:0.000580s ] mysql:host=127.0.0.1;port=3306;dbname=carver;charset=utf8
[2021-05-29T01:27:21+08:00][sql] SHOW FULL COLUMNS FROM `carver_article` [ RunTime:0.000939s ]
[2021-05-29T01:27:21+08:00][sql] SELECT `article_id`,`article_title`,`article_desc`,`article_content`,`article_img`,`article_guide`,`article_label`,`click_num`,`is_show`,`add_time`,`article_author` FROM `carver_article` WHERE  `article_id` = 17'A=0 LIMIT 1 [ RunTime:0.000515s ]
[2021-05-29T01:27:21+08:00][sql] SELECT `article_id`,`article_title`,`article_desc`,`article_content`,`article_img`,`article_guide`,`article_label`,`click_num`,`is_show`,`add_time`,`article_author` FROM `carver_article` WHERE  `article_id` > 17'A=0 LIMIT 1 [ RunTime:0.000421s ]
[2021-05-29T01:27:21+08:00][sql] SELECT `article_id`,`article_title`,`article_desc`,`article_content`,`article_img`,`article_guide`,`article_label`,`click_num`,`is_show`,`add_time`,`article_author` FROM `carver_article` WHERE  `article_id` < 17'A=0 ORDER BY `article_id` DESC LIMIT 1 [ RunTime:0.000364s ]
[2021-05-29T01:27:21+08:00][sql] SHOW FULL COLUMNS FROM `carver_link` [ RunTime:0.000514s ]
[2021-05-29T01:27:21+08:00][sql] SELECT * FROM `carver_link` WHERE  ( is_confirm=2 ) LIMIT 20 [ RunTime:0.000301s ]
[2021-05-29T01:27:21+08:00][sql] SELECT article_id,article_title,click_num,FROM_UNIXTIME(add_time,'%Y-%m-%d') as add_time FROM `carver_article` ORDER BY `click_num` DESC LIMIT 3 [ RunTime:0.000349s ]
[2021-05-29T01:27:21+08:00][sql] SHOW FULL COLUMNS FROM `carver_comment` [ RunTime:0.000541s ]
[2021-05-29T01:27:21+08:00][sql] SELECT `a`.*,`b`.`user_name` FROM `carver_comment` `a` INNER JOIN `carver_user` `b` ON `a`.`user_id`=`b`.`user_id` WHERE  `article_id` = 17'A=0 ORDER BY `create_time` DESC [ RunTime:0.000344s ]
[2021-05-29T01:27:21+08:00][sql] SHOW FULL COLUMNS FROM `carver_comment_to_others` [ RunTime:0.000514s ]
[2021-05-29T01:27:21+08:00][sql] SELECT * FROM `carver_comment_to_others` [ RunTime:0.000231s ]
[2021-05-29T01:27:21+08:00][sql] SHOW FULL COLUMNS FROM `carver_user` [ RunTime:0.000434s ]
[2021-05-29T01:27:21+08:00][sql] SELECT `user_name` FROM `carver_user` WHERE  `user_id` = 4 LIMIT 1 [ RunTime:0.000273s ]
[2021-05-29T01:27:21+08:00][sql] SELECT `user_name` FROM `carver_user` WHERE  `user_id` = 4 LIMIT 1 [ RunTime:0.000223s ]
[2021-05-29T01:27:21+08:00][sql] SELECT `user_name` FROM `carver_user` WHERE  `user_id` = 5 LIMIT 1 [ RunTime:0.000221s ]
[2021-05-29T01:27:21+08:00][sql] SELECT `user_name` FROM `carver_user` WHERE  `user_id` = 5 LIMIT 1 [ RunTime:0.000222s ]
[2021-05-29T01:27:21+08:00][sql] SELECT `user_name` FROM `carver_user` WHERE  `user_id` = 37 LIMIT 1 [ RunTime:0.000224s ]
[2021-05-29T01:27:21+08:00][sql] SELECT `user_name`,`user_id` FROM `carver_user` [ RunTime:0.000244s ]
[2021-05-29T01:27:21+08:00][sql] SHOW FULL COLUMNS FROM `carver_navigation` [ RunTime:0.000477s ]
[2021-05-29T01:27:21+08:00][sql] SELECT * FROM `carver_navigation` [ RunTime:0.000256s ]
[2021-05-29T01:27:21+08:00][sql] SELECT `article_label` FROM `carver_article` [ RunTime:0.000238s ]
[2021-05-29T01:51:02+08:00][sql] CONNECT:[ UseTime:0.000599s ] mysql:host=127.0.0.1;port=3306;dbname=carver;charset=utf8
[2021-05-29T01:51:02+08:00][sql] SHOW FULL COLUMNS FROM `carver_article` [ RunTime:0.000979s ]
[2021-05-29T01:51:02+08:00][sql] SELECT `article_id`,`article_title`,`article_desc`,`article_content`,`article_img`,`article_guide`,`article_label`,`click_num`,`is_show`,`add_time`,`article_author` FROM `carver_article` WHERE  `article_id` = 23 LIMIT 1 [ RunTime:0.000499s ]
[2021-05-29T01:51:02+08:00][sql] SELECT `article_id`,`article_title`,`article_desc`,`article_content`,`article_img`,`article_guide`,`article_label`,`click_num`,`is_show`,`add_time`,`article_author` FROM `carver_article` WHERE  `article_id` > 23 LIMIT 1 [ RunTime:0.000502s ]
[2021-05-29T01:51:02+08:00][sql] SELECT `article_id`,`article_title`,`article_desc`,`article_content`,`article_img`,`article_guide`,`article_label`,`click_num`,`is_show`,`add_time`,`article_author` FROM `carver_article` WHERE  `article_id` < 23 ORDER BY `article_id` DESC LIMIT 1 [ RunTime:0.000428s ]
[2021-05-29T01:51:02+08:00][sql] SHOW FULL COLUMNS FROM `carver_link` [ RunTime:0.000777s ]
[2021-05-29T01:51:02+08:00][sql] SELECT * FROM `carver_link` WHERE  ( is_confirm=2 ) LIMIT 20 [ RunTime:0.000383s ]
[2021-05-29T01:51:02+08:00][sql] SELECT article_id,article_title,click_num,FROM_UNIXTIME(add_time,'%Y-%m-%d') as add_time FROM `carver_article` ORDER BY `click_num` DESC LIMIT 3 [ RunTime:0.000422s ]
[2021-05-29T01:51:02+08:00][sql] SHOW FULL COLUMNS FROM `carver_comment` [ RunTime:0.000671s ]
[2021-05-29T01:51:02+08:00][sql] SELECT `a`.*,`b`.`user_name` FROM `carver_comment` `a` INNER JOIN `carver_user` `b` ON `a`.`user_id`=`b`.`user_id` WHERE  `article_id` = 23 ORDER BY `create_time` DESC [ RunTime:0.000385s ]
[2021-05-29T01:51:02+08:00][sql] SHOW FULL COLUMNS FROM `carver_comment_to_others` [ RunTime:0.000571s ]
[2021-05-29T01:51:02+08:00][sql] SELECT * FROM `carver_comment_to_others` [ RunTime:0.000259s ]
[2021-05-29T01:51:02+08:00][sql] SHOW FULL COLUMNS FROM `carver_user` [ RunTime:0.000525s ]
[2021-05-29T01:51:02+08:00][sql] SELECT `user_name` FROM `carver_user` WHERE  `user_id` = 4 LIMIT 1 [ RunTime:0.000262s ]
[2021-05-29T01:51:02+08:00][sql] SELECT `user_name` FROM `carver_user` WHERE  `user_id` = 4 LIMIT 1 [ RunTime:0.000260s ]
[2021-05-29T01:51:02+08:00][sql] SELECT `user_name` FROM `carver_user` WHERE  `user_id` = 5 LIMIT 1 [ RunTime:0.000222s ]
[2021-05-29T01:51:02+08:00][sql] SELECT `user_name` FROM `carver_user` WHERE  `user_id` = 5 LIMIT 1 [ RunTime:0.000225s ]
[2021-05-29T01:51:02+08:00][sql] SELECT `user_name` FROM `carver_user` WHERE  `user_id` = 37 LIMIT 1 [ RunTime:0.000275s ]
[2021-05-29T01:51:02+08:00][sql] SELECT `user_name`,`user_id` FROM `carver_user` [ RunTime:0.000282s ]
[2021-05-29T01:51:02+08:00][sql] SHOW FULL COLUMNS FROM `carver_navigation` [ RunTime:0.000686s ]
[2021-05-29T01:51:02+08:00][sql] SELECT * FROM `carver_navigation` [ RunTime:0.000240s ]
[2021-05-29T01:51:02+08:00][sql] SELECT `article_label` FROM `carver_article` [ RunTime:0.000297s ]
[2021-05-29T01:55:46+08:00][sql] CONNECT:[ UseTime:0.000592s ] mysql:host=127.0.0.1;port=3306;dbname=carver;charset=utf8
[2021-05-29T01:55:46+08:00][sql] SHOW FULL COLUMNS FROM `carver_user` [ RunTime:0.000816s ]
[2021-05-29T01:55:46+08:00][sql] SHOW FULL COLUMNS FROM `carver_article` [ RunTime:0.000721s ]
[2021-05-29T01:55:46+08:00][sql] SELECT COUNT(*) AS think_count FROM `carver_article` WHERE  `delete_time` = 0  AND `is_show` = 1 [ RunTime:0.000392s ]
[2021-05-29T01:55:46+08:00][sql] SELECT `article_id`,`article_title`,`article_desc`,`article_content`,`article_img`,`article_guide`,`article_label`,`click_num`,`is_show`,`add_time`,`article_author`,`is_top_show` FROM `carver_article` WHERE  `delete_time` = 0  AND `is_show` = 1 ORDER BY `article_id` DESC LIMIT 0,6 [ RunTime:0.000643s ]
[2021-05-29T01:55:46+08:00][sql] SELECT article_id,article_title,click_num,FROM_UNIXTIME(add_time,'%Y-%m-%d') as add_time FROM `carver_article` WHERE  `is_show` = 1  AND `delete_time` = 0 ORDER BY `click_num` DESC LIMIT 3 [ RunTime:0.000521s ]
[2021-05-29T01:55:46+08:00][sql] SHOW FULL COLUMNS FROM `carver_notice` [ RunTime:0.000667s ]
[2021-05-29T01:55:46+08:00][sql] SELECT * FROM `carver_notice` ORDER BY `create_time` DESC LIMIT 3 [ RunTime:0.000288s ]
[2021-05-29T01:55:46+08:00][sql] SHOW FULL COLUMNS FROM `carver_navigation` [ RunTime:0.000524s ]
[2021-05-29T01:55:46+08:00][sql] SELECT * FROM `carver_navigation` [ RunTime:0.000266s ]
[2021-05-29T01:55:46+08:00][sql] SHOW FULL COLUMNS FROM `carver_link` [ RunTime:0.000488s ]
[2021-05-29T01:55:46+08:00][sql] SELECT * FROM `carver_link` WHERE  ( is_confirm=2 ) LIMIT 20 [ RunTime:0.000313s ]
[2021-05-29T01:55:46+08:00][sql] SELECT `article_label` FROM `carver_article` [ RunTime:0.000301s ]
[2021-05-29T01:55:46+08:00][sql] SHOW FULL COLUMNS FROM `carver_carouse` [ RunTime:0.000500s ]
[2021-05-29T01:55:46+08:00][sql] SELECT `carouse_img`,`carouse_desc` FROM `carver_carouse` WHERE  `is_show` = 1 ORDER BY `carouse_sort` DESC LIMIT 3 [ RunTime:0.000299s ]
[2021-05-29T01:55:46+08:00][sql] SHOW FULL COLUMNS FROM `carver_site` [ RunTime:0.000464s ]
[2021-05-29T01:55:46+08:00][sql] SELECT * FROM `carver_site` [ RunTime:0.000259s ]
[2021-05-29T02:36:29+08:00][sql] CONNECT:[ UseTime:0.000564s ] mysql:host=127.0.0.1;port=3306;dbname=carver;charset=utf8
[2021-05-29T02:36:29+08:00][sql] SHOW FULL COLUMNS FROM `carver_user` [ RunTime:0.000846s ]
[2021-05-29T02:36:29+08:00][sql] SHOW FULL COLUMNS FROM `carver_article` [ RunTime:0.000730s ]
[2021-05-29T02:36:29+08:00][sql] SELECT COUNT(*) AS think_count FROM `carver_article` WHERE  `delete_time` = 0  AND `is_show` = 1 [ RunTime:0.000397s ]
[2021-05-29T02:36:29+08:00][sql] SELECT `article_id`,`article_title`,`article_desc`,`article_content`,`article_img`,`article_guide`,`article_label`,`click_num`,`is_show`,`add_time`,`article_author`,`is_top_show` FROM `carver_article` WHERE  `delete_time` = 0  AND `is_show` = 1 ORDER BY `article_id` DESC LIMIT 24,6 [ RunTime:0.001155s ]
[2021-05-29T02:36:29+08:00][sql] SELECT article_id,article_title,click_num,FROM_UNIXTIME(add_time,'%Y-%m-%d') as add_time FROM `carver_article` WHERE  `is_show` = 1  AND `delete_time` = 0 ORDER BY `click_num` DESC LIMIT 3 [ RunTime:0.000531s ]
[2021-05-29T02:36:29+08:00][sql] SHOW FULL COLUMNS FROM `carver_notice` [ RunTime:0.001135s ]
[2021-05-29T02:36:29+08:00][sql] SELECT * FROM `carver_notice` ORDER BY `create_time` DESC LIMIT 3 [ RunTime:0.000319s ]
[2021-05-29T02:36:29+08:00][sql] SHOW FULL COLUMNS FROM `carver_navigation` [ RunTime:0.000570s ]
[2021-05-29T02:36:29+08:00][sql] SELECT * FROM `carver_navigation` [ RunTime:0.000290s ]
[2021-05-29T02:36:29+08:00][sql] SHOW FULL COLUMNS FROM `carver_link` [ RunTime:0.000558s ]
[2021-05-29T02:36:29+08:00][sql] SELECT * FROM `carver_link` WHERE  ( is_confirm=2 ) LIMIT 20 [ RunTime:0.000291s ]
[2021-05-29T02:36:29+08:00][sql] SELECT `article_label` FROM `carver_article` [ RunTime:0.000270s ]
[2021-05-29T02:36:29+08:00][sql] SHOW FULL COLUMNS FROM `carver_carouse` [ RunTime:0.000536s ]
[2021-05-29T02:36:29+08:00][sql] SELECT `carouse_img`,`carouse_desc` FROM `carver_carouse` WHERE  `is_show` = 1 ORDER BY `carouse_sort` DESC LIMIT 3 [ RunTime:0.000321s ]
[2021-05-29T02:36:29+08:00][sql] SHOW FULL COLUMNS FROM `carver_site` [ RunTime:0.000533s ]
[2021-05-29T02:36:29+08:00][sql] SELECT * FROM `carver_site` [ RunTime:0.000275s ]
[2021-05-29T03:21:24+08:00][sql] CONNECT:[ UseTime:0.000536s ] mysql:host=127.0.0.1;port=3306;dbname=carver;charset=utf8
[2021-05-29T03:21:24+08:00][sql] SHOW FULL COLUMNS FROM `carver_user` [ RunTime:0.000833s ]
[2021-05-29T03:21:24+08:00][sql] SHOW FULL COLUMNS FROM `carver_article` [ RunTime:0.000750s ]
[2021-05-29T03:21:24+08:00][sql] SELECT COUNT(*) AS think_count FROM `carver_article` WHERE  `delete_time` = 0  AND `is_show` = 1 [ RunTime:0.000376s ]
[2021-05-29T03:21:24+08:00][sql] SELECT `article_id`,`article_title`,`article_desc`,`article_content`,`article_img`,`article_guide`,`article_label`,`click_num`,`is_show`,`add_time`,`article_author`,`is_top_show` FROM `carver_article` WHERE  `delete_time` = 0  AND `is_show` = 1 ORDER BY `article_id` DESC LIMIT 6,6 [ RunTime:0.002616s ]
[2021-05-29T03:21:24+08:00][sql] SELECT article_id,article_title,click_num,FROM_UNIXTIME(add_time,'%Y-%m-%d') as add_time FROM `carver_article` WHERE  `is_show` = 1  AND `delete_time` = 0 ORDER BY `click_num` DESC LIMIT 3 [ RunTime:0.000867s ]
[2021-05-29T03:21:24+08:00][sql] SHOW FULL COLUMNS FROM `carver_notice` [ RunTime:0.000551s ]
[2021-05-29T03:21:24+08:00][sql] SELECT * FROM `carver_notice` ORDER BY `create_time` DESC LIMIT 3 [ RunTime:0.000273s ]
[2021-05-29T03:21:24+08:00][sql] SHOW FULL COLUMNS FROM `carver_navigation` [ RunTime:0.000506s ]
[2021-05-29T03:21:24+08:00][sql] SELECT * FROM `carver_navigation` [ RunTime:0.000268s ]
[2021-05-29T03:21:24+08:00][sql] SHOW FULL COLUMNS FROM `carver_link` [ RunTime:0.000516s ]
[2021-05-29T03:21:24+08:00][sql] SELECT * FROM `carver_link` WHERE  ( is_confirm=2 ) LIMIT 20 [ RunTime:0.000315s ]
[2021-05-29T03:21:24+08:00][sql] SELECT `article_label` FROM `carver_article` [ RunTime:0.000333s ]
[2021-05-29T03:21:24+08:00][sql] SHOW FULL COLUMNS FROM `carver_carouse` [ RunTime:0.000576s ]
[2021-05-29T03:21:24+08:00][sql] SELECT `carouse_img`,`carouse_desc` FROM `carver_carouse` WHERE  `is_show` = 1 ORDER BY `carouse_sort` DESC LIMIT 3 [ RunTime:0.000297s ]
[2021-05-29T03:21:24+08:00][sql] SHOW FULL COLUMNS FROM `carver_site` [ RunTime:0.000476s ]
[2021-05-29T03:21:24+08:00][sql] SELECT * FROM `carver_site` [ RunTime:0.000242s ]
[2021-05-29T04:06:08+08:00][sql] CONNECT:[ UseTime:0.000513s ] mysql:host=127.0.0.1;port=3306;dbname=carver;charset=utf8
[2021-05-29T04:06:08+08:00][sql] SHOW FULL COLUMNS FROM `carver_article` [ RunTime:0.000922s ]
[2021-05-29T04:06:08+08:00][sql] SELECT `article_id`,`article_title`,`article_desc`,`article_content`,`article_img`,`article_guide`,`article_label`,`click_num`,`is_show`,`add_time`,`article_author` FROM `carver_article` WHERE  `article_id` = 25 LIMIT 1 [ RunTime:0.000445s ]
[2021-05-29T04:06:08+08:00][sql] SELECT `article_id`,`article_title`,`article_desc`,`article_content`,`article_img`,`article_guide`,`article_label`,`click_num`,`is_show`,`add_time`,`article_author` FROM `carver_article` WHERE  `article_id` > 25 LIMIT 1 [ RunTime:0.000474s ]
[2021-05-29T04:06:08+08:00][sql] SELECT `article_id`,`article_title`,`article_desc`,`article_content`,`article_img`,`article_guide`,`article_label`,`click_num`,`is_show`,`add_time`,`article_author` FROM `carver_article` WHERE  `article_id` < 25 ORDER BY `article_id` DESC LIMIT 1 [ RunTime:0.000414s ]
[2021-05-29T04:06:08+08:00][sql] SHOW FULL COLUMNS FROM `carver_link` [ RunTime:0.000534s ]
[2021-05-29T04:06:08+08:00][sql] SELECT * FROM `carver_link` WHERE  ( is_confirm=2 ) LIMIT 20 [ RunTime:0.000350s ]
[2021-05-29T04:06:08+08:00][sql] SELECT article_id,article_title,click_num,FROM_UNIXTIME(add_time,'%Y-%m-%d') as add_time FROM `carver_article` ORDER BY `click_num` DESC LIMIT 3 [ RunTime:0.000386s ]
[2021-05-29T04:06:08+08:00][sql] SHOW FULL COLUMNS FROM `carver_comment` [ RunTime:0.000570s ]
[2021-05-29T04:06:08+08:00][sql] SELECT `a`.*,`b`.`user_name` FROM `carver_comment` `a` INNER JOIN `carver_user` `b` ON `a`.`user_id`=`b`.`user_id` WHERE  `article_id` = 25 ORDER BY `create_time` DESC [ RunTime:0.000360s ]
[2021-05-29T04:06:08+08:00][sql] SHOW FULL COLUMNS FROM `carver_comment_to_others` [ RunTime:0.000529s ]
[2021-05-29T04:06:08+08:00][sql] SELECT * FROM `carver_comment_to_others` [ RunTime:0.000233s ]
[2021-05-29T04:06:08+08:00][sql] SHOW FULL COLUMNS FROM `carver_user` [ RunTime:0.000429s ]
[2021-05-29T04:06:08+08:00][sql] SELECT `user_name` FROM `carver_user` WHERE  `user_id` = 4 LIMIT 1 [ RunTime:0.000257s ]
[2021-05-29T04:06:08+08:00][sql] SELECT `user_name` FROM `carver_user` WHERE  `user_id` = 4 LIMIT 1 [ RunTime:0.000224s ]
[2021-05-29T04:06:08+08:00][sql] SELECT `user_name` FROM `carver_user` WHERE  `user_id` = 5 LIMIT 1 [ RunTime:0.000229s ]
[2021-05-29T04:06:08+08:00][sql] SELECT `user_name` FROM `carver_user` WHERE  `user_id` = 5 LIMIT 1 [ RunTime:0.000240s ]
[2021-05-29T04:06:08+08:00][sql] SELECT `user_name` FROM `carver_user` WHERE  `user_id` = 37 LIMIT 1 [ RunTime:0.000231s ]
[2021-05-29T04:06:08+08:00][sql] SELECT `user_name`,`user_id` FROM `carver_user` [ RunTime:0.000366s ]
[2021-05-29T04:06:08+08:00][sql] SHOW FULL COLUMNS FROM `carver_navigation` [ RunTime:0.000587s ]
[2021-05-29T04:06:08+08:00][sql] SELECT * FROM `carver_navigation` [ RunTime:0.000250s ]
[2021-05-29T04:06:08+08:00][sql] SELECT `article_label` FROM `carver_article` [ RunTime:0.000302s ]
[2021-05-29T04:32:24+08:00][sql] CONNECT:[ UseTime:0.000502s ] mysql:host=127.0.0.1;port=3306;dbname=carver;charset=utf8
[2021-05-29T04:32:24+08:00][sql] SHOW FULL COLUMNS FROM `carver_user` [ RunTime:0.000860s ]
[2021-05-29T04:32:24+08:00][sql] SHOW FULL COLUMNS FROM `carver_article` [ RunTime:0.000850s ]
[2021-05-29T04:32:24+08:00][sql] SELECT COUNT(*) AS think_count FROM `carver_article` WHERE  `delete_time` = 0  AND `is_show` = 1 [ RunTime:0.000401s ]
[2021-05-29T04:32:24+08:00][sql] SELECT `article_id`,`article_title`,`article_desc`,`article_content`,`article_img`,`article_guide`,`article_label`,`click_num`,`is_show`,`add_time`,`article_author`,`is_top_show` FROM `carver_article` WHERE  `delete_time` = 0  AND `is_show` = 1 ORDER BY `article_id` DESC LIMIT 0,6 [ RunTime:0.000653s ]
[2021-05-29T04:32:24+08:00][sql] SELECT article_id,article_title,click_num,FROM_UNIXTIME(add_time,'%Y-%m-%d') as add_time FROM `carver_article` WHERE  `is_show` = 1  AND `delete_time` = 0 ORDER BY `click_num` DESC LIMIT 3 [ RunTime:0.000488s ]
[2021-05-29T04:32:24+08:00][sql] SHOW FULL COLUMNS FROM `carver_notice` [ RunTime:0.000643s ]
[2021-05-29T04:32:24+08:00][sql] SELECT * FROM `carver_notice` ORDER BY `create_time` DESC LIMIT 3 [ RunTime:0.000283s ]
[2021-05-29T04:32:24+08:00][sql] SHOW FULL COLUMNS FROM `carver_navigation` [ RunTime:0.000550s ]
[2021-05-29T04:32:24+08:00][sql] SELECT * FROM `carver_navigation` [ RunTime:0.000268s ]
[2021-05-29T04:32:24+08:00][sql] SHOW FULL COLUMNS FROM `carver_link` [ RunTime:0.000521s ]
[2021-05-29T04:32:24+08:00][sql] SELECT * FROM `carver_link` WHERE  ( is_confirm=2 ) LIMIT 20 [ RunTime:0.000308s ]
[2021-05-29T04:32:24+08:00][sql] SELECT `article_label` FROM `carver_article` [ RunTime:0.000299s ]
[2021-05-29T04:32:24+08:00][sql] SHOW FULL COLUMNS FROM `carver_carouse` [ RunTime:0.000838s ]
[2021-05-29T04:32:24+08:00][sql] SELECT `carouse_img`,`carouse_desc` FROM `carver_carouse` WHERE  `is_show` = 1 ORDER BY `carouse_sort` DESC LIMIT 3 [ RunTime:0.000309s ]
[2021-05-29T04:32:24+08:00][sql] SHOW FULL COLUMNS FROM `carver_site` [ RunTime:0.000498s ]
[2021-05-29T04:32:24+08:00][sql] SELECT * FROM `carver_site` [ RunTime:0.000258s ]
[2021-05-29T04:34:53+08:00][sql] CONNECT:[ UseTime:0.001146s ] mysql:host=127.0.0.1;port=3306;dbname=carver;charset=utf8
[2021-05-29T04:34:53+08:00][sql] SHOW FULL COLUMNS FROM `carver_user` [ RunTime:0.000942s ]
[2021-05-29T04:34:53+08:00][sql] SHOW FULL COLUMNS FROM `carver_article` [ RunTime:0.001073s ]
[2021-05-29T04:34:53+08:00][sql] SELECT COUNT(*) AS think_count FROM `carver_article` WHERE  `delete_time` = 0  AND `is_show` = 1 [ RunTime:0.000442s ]
[2021-05-29T04:34:53+08:00][sql] SELECT `article_id`,`article_title`,`article_desc`,`article_content`,`article_img`,`article_guide`,`article_label`,`click_num`,`is_show`,`add_time`,`article_author`,`is_top_show` FROM `carver_article` WHERE  `delete_time` = 0  AND `is_show` = 1 ORDER BY `article_id` DESC LIMIT 0,6 [ RunTime:0.000722s ]
[2021-05-29T04:34:53+08:00][sql] SELECT article_id,article_title,click_num,FROM_UNIXTIME(add_time,'%Y-%m-%d') as add_time FROM `carver_article` WHERE  `is_show` = 1  AND `delete_time` = 0 ORDER BY `click_num` DESC LIMIT 3 [ RunTime:0.000568s ]
[2021-05-29T04:34:53+08:00][sql] SHOW FULL COLUMNS FROM `carver_notice` [ RunTime:0.000647s ]
[2021-05-29T04:34:53+08:00][sql] SELECT * FROM `carver_notice` ORDER BY `create_time` DESC LIMIT 3 [ RunTime:0.000334s ]
[2021-05-29T04:34:53+08:00][sql] SHOW FULL COLUMNS FROM `carver_navigation` [ RunTime:0.000606s ]
[2021-05-29T04:34:53+08:00][sql] SELECT * FROM `carver_navigation` [ RunTime:0.000271s ]
[2021-05-29T04:34:53+08:00][sql] SHOW FULL COLUMNS FROM `carver_link` [ RunTime:0.000576s ]
[2021-05-29T04:34:53+08:00][sql] SELECT * FROM `carver_link` WHERE  ( is_confirm=2 ) LIMIT 20 [ RunTime:0.000382s ]
[2021-05-29T04:34:53+08:00][sql] SELECT `article_label` FROM `carver_article` [ RunTime:0.000297s ]
[2021-05-29T04:34:53+08:00][sql] SHOW FULL COLUMNS FROM `carver_carouse` [ RunTime:0.000596s ]
[2021-05-29T04:34:53+08:00][sql] SELECT `carouse_img`,`carouse_desc` FROM `carver_carouse` WHERE  `is_show` = 1 ORDER BY `carouse_sort` DESC LIMIT 3 [ RunTime:0.000309s ]
[2021-05-29T04:34:53+08:00][sql] SHOW FULL COLUMNS FROM `carver_site` [ RunTime:0.000546s ]
[2021-05-29T04:34:53+08:00][sql] SELECT * FROM `carver_site` [ RunTime:0.000243s ]
[2021-05-29T04:48:48+08:00][sql] CONNECT:[ UseTime:0.000486s ] mysql:host=127.0.0.1;port=3306;dbname=carver;charset=utf8
[2021-05-29T04:48:48+08:00][sql] SHOW FULL COLUMNS FROM `carver_article` [ RunTime:0.000829s ]
[2021-05-29T04:48:48+08:00][sql] SELECT COUNT(*) AS think_count FROM `carver_article` WHERE  `article_label` LIKE '%mysql%'  AND `delete_time` = 0  AND `is_show` = 1 [ RunTime:0.000487s ]
[2021-05-29T04:48:48+08:00][sql] SELECT * FROM `carver_article` WHERE  `article_label` LIKE '%mysql%'  AND `delete_time` = 0  AND `is_show` = 1 LIMIT 0,6 [ RunTime:0.001458s ]
[2021-05-29T04:48:48+08:00][sql] SELECT article_id,article_title,click_num,FROM_UNIXTIME(add_time,'%Y-%m-%d') as add_time FROM `carver_article` WHERE  `is_show` = 1  AND `delete_time` = 0 ORDER BY `click_num` DESC LIMIT 3 [ RunTime:0.000390s ]
[2021-05-29T04:48:48+08:00][sql] SHOW FULL COLUMNS FROM `carver_notice` [ RunTime:0.000499s ]
[2021-05-29T04:48:48+08:00][sql] SELECT * FROM `carver_notice` ORDER BY `create_time` DESC LIMIT 3 [ RunTime:0.000271s ]
[2021-05-29T04:48:48+08:00][sql] SHOW FULL COLUMNS FROM `carver_navigation` [ RunTime:0.000498s ]
[2021-05-29T04:48:48+08:00][sql] SELECT * FROM `carver_navigation` [ RunTime:0.000233s ]
[2021-05-29T04:48:48+08:00][sql] SHOW FULL COLUMNS FROM `carver_link` [ RunTime:0.000499s ]
[2021-05-29T04:48:48+08:00][sql] SELECT * FROM `carver_link` WHERE  ( is_confirm=2 ) LIMIT 20 [ RunTime:0.000297s ]
[2021-05-29T04:48:48+08:00][sql] SELECT `article_label` FROM `carver_article` [ RunTime:0.000247s ]
[2021-05-29T04:48:48+08:00][sql] SHOW FULL COLUMNS FROM `carver_carouse` [ RunTime:0.000466s ]
[2021-05-29T04:48:48+08:00][sql] SELECT `carouse_img`,`carouse_desc` FROM `carver_carouse` WHERE  `is_show` = 1 ORDER BY `carouse_sort` DESC LIMIT 3 [ RunTime:0.000261s ]
[2021-05-29T04:48:48+08:00][sql] SHOW FULL COLUMNS FROM `carver_site` [ RunTime:0.000504s ]
[2021-05-29T04:48:48+08:00][sql] SELECT * FROM `carver_site` [ RunTime:0.000219s ]
[2021-05-29T05:15:38+08:00][sql] CONNECT:[ UseTime:0.000496s ] mysql:host=127.0.0.1;port=3306;dbname=carver;charset=utf8
[2021-05-29T05:15:38+08:00][sql] SHOW FULL COLUMNS FROM `carver_article` [ RunTime:0.000977s ]
[2021-05-29T05:15:38+08:00][sql] SELECT COUNT(*) AS think_count FROM `carver_article` WHERE  `article_label` LIKE '%php;网络安全//%'  AND `delete_time` = 0  AND `is_show` = 1 [ RunTime:0.000440s ]
[2021-05-29T05:15:38+08:00][sql] SELECT * FROM `carver_article` WHERE  `article_label` LIKE '%php;网络安全//%'  AND `delete_time` = 0  AND `is_show` = 1 LIMIT 0,6 [ RunTime:0.001045s ]
[2021-05-29T05:15:38+08:00][sql] SELECT article_id,article_title,click_num,FROM_UNIXTIME(add_time,'%Y-%m-%d') as add_time FROM `carver_article` WHERE  `is_show` = 1  AND `delete_time` = 0 ORDER BY `click_num` DESC LIMIT 3 [ RunTime:0.000515s ]
[2021-05-29T05:15:38+08:00][sql] SHOW FULL COLUMNS FROM `carver_notice` [ RunTime:0.000661s ]
[2021-05-29T05:15:38+08:00][sql] SELECT * FROM `carver_notice` ORDER BY `create_time` DESC LIMIT 3 [ RunTime:0.000353s ]
[2021-05-29T05:15:38+08:00][sql] SHOW FULL COLUMNS FROM `carver_navigation` [ RunTime:0.000656s ]
[2021-05-29T05:15:38+08:00][sql] SELECT * FROM `carver_navigation` [ RunTime:0.000292s ]
[2021-05-29T05:15:38+08:00][sql] SHOW FULL COLUMNS FROM `carver_link` [ RunTime:0.000588s ]
[2021-05-29T05:15:38+08:00][sql] SELECT * FROM `carver_link` WHERE  ( is_confirm=2 ) LIMIT 20 [ RunTime:0.000376s ]
[2021-05-29T05:15:38+08:00][sql] SELECT `article_label` FROM `carver_article` [ RunTime:0.000303s ]
[2021-05-29T05:15:38+08:00][sql] SHOW FULL COLUMNS FROM `carver_carouse` [ RunTime:0.000551s ]
[2021-05-29T05:15:38+08:00][sql] SELECT `carouse_img`,`carouse_desc` FROM `carver_carouse` WHERE  `is_show` = 1 ORDER BY `carouse_sort` DESC LIMIT 3 [ RunTime:0.000328s ]
[2021-05-29T05:15:38+08:00][sql] SHOW FULL COLUMNS FROM `carver_site` [ RunTime:0.000564s ]
[2021-05-29T05:15:38+08:00][sql] SELECT * FROM `carver_site` [ RunTime:0.000273s ]
[2021-05-29T05:15:40+08:00][sql] CONNECT:[ UseTime:0.000613s ] mysql:host=127.0.0.1;port=3306;dbname=carver;charset=utf8
[2021-05-29T05:15:40+08:00][sql] SHOW FULL COLUMNS FROM `carver_article` [ RunTime:0.000998s ]
[2021-05-29T05:15:40+08:00][sql] SELECT COUNT(*) AS think_count FROM `carver_article` WHERE  `article_label` LIKE '%php;设计模式//%'  AND `delete_time` = 0  AND `is_show` = 1 [ RunTime:0.000481s ]
[2021-05-29T05:15:40+08:00][sql] SELECT * FROM `carver_article` WHERE  `article_label` LIKE '%php;设计模式//%'  AND `delete_time` = 0  AND `is_show` = 1 LIMIT 0,6 [ RunTime:0.001149s ]
[2021-05-29T05:15:40+08:00][sql] SELECT article_id,article_title,click_num,FROM_UNIXTIME(add_time,'%Y-%m-%d') as add_time FROM `carver_article` WHERE  `is_show` = 1  AND `delete_time` = 0 ORDER BY `click_num` DESC LIMIT 3 [ RunTime:0.000570s ]
[2021-05-29T05:15:40+08:00][sql] SHOW FULL COLUMNS FROM `carver_notice` [ RunTime:0.000679s ]
[2021-05-29T05:15:40+08:00][sql] SELECT * FROM `carver_notice` ORDER BY `create_time` DESC LIMIT 3 [ RunTime:0.000413s ]
[2021-05-29T05:15:40+08:00][sql] SHOW FULL COLUMNS FROM `carver_navigation` [ RunTime:0.000662s ]
[2021-05-29T05:15:40+08:00][sql] SELECT * FROM `carver_navigation` [ RunTime:0.000310s ]
[2021-05-29T05:15:40+08:00][sql] SHOW FULL COLUMNS FROM `carver_link` [ RunTime:0.000720s ]
[2021-05-29T05:15:40+08:00][sql] SELECT * FROM `carver_link` WHERE  ( is_confirm=2 ) LIMIT 20 [ RunTime:0.000378s ]
[2021-05-29T05:15:40+08:00][sql] SELECT `article_label` FROM `carver_article` [ RunTime:0.000396s ]
[2021-05-29T05:15:40+08:00][sql] SHOW FULL COLUMNS FROM `carver_carouse` [ RunTime:0.000738s ]
[2021-05-29T05:15:40+08:00][sql] SELECT `carouse_img`,`carouse_desc` FROM `carver_carouse` WHERE  `is_show` = 1 ORDER BY `carouse_sort` DESC LIMIT 3 [ RunTime:0.000381s ]
[2021-05-29T05:15:40+08:00][sql] SHOW FULL COLUMNS FROM `carver_site` [ RunTime:0.000775s ]
[2021-05-29T05:15:40+08:00][sql] SELECT * FROM `carver_site` [ RunTime:0.000427s ]
[2021-05-29T05:28:11+08:00][sql] CONNECT:[ UseTime:0.000648s ] mysql:host=127.0.0.1;port=3306;dbname=carver;charset=utf8
[2021-05-29T05:28:11+08:00][sql] SHOW FULL COLUMNS FROM `carver_article` [ RunTime:0.000936s ]
[2021-05-29T05:28:11+08:00][sql] SELECT `article_id`,`article_title`,`article_desc`,`article_content`,`article_img`,`article_guide`,`article_label`,`click_num`,`is_show`,`add_time`,`article_author` FROM `carver_article` WHERE  `article_id` = 28 LIMIT 1 [ RunTime:0.000488s ]
[2021-05-29T05:28:11+08:00][sql] SELECT `article_id`,`article_title`,`article_desc`,`article_content`,`article_img`,`article_guide`,`article_label`,`click_num`,`is_show`,`add_time`,`article_author` FROM `carver_article` WHERE  `article_id` > 28 LIMIT 1 [ RunTime:0.000403s ]
[2021-05-29T05:28:11+08:00][sql] SELECT `article_id`,`article_title`,`article_desc`,`article_content`,`article_img`,`article_guide`,`article_label`,`click_num`,`is_show`,`add_time`,`article_author` FROM `carver_article` WHERE  `article_id` < 28 ORDER BY `article_id` DESC LIMIT 1 [ RunTime:0.000530s ]
[2021-05-29T05:28:11+08:00][sql] SHOW FULL COLUMNS FROM `carver_link` [ RunTime:0.000673s ]
[2021-05-29T05:28:11+08:00][sql] SELECT * FROM `carver_link` WHERE  ( is_confirm=2 ) LIMIT 20 [ RunTime:0.000473s ]
[2021-05-29T05:28:11+08:00][sql] SELECT article_id,article_title,click_num,FROM_UNIXTIME(add_time,'%Y-%m-%d') as add_time FROM `carver_article` ORDER BY `click_num` DESC LIMIT 3 [ RunTime:0.000403s ]
[2021-05-29T05:28:11+08:00][sql] SHOW FULL COLUMNS FROM `carver_comment` [ RunTime:0.000714s ]
[2021-05-29T05:28:11+08:00][sql] SELECT `a`.*,`b`.`user_name` FROM `carver_comment` `a` INNER JOIN `carver_user` `b` ON `a`.`user_id`=`b`.`user_id` WHERE  `article_id` = 28 ORDER BY `create_time` DESC [ RunTime:0.000473s ]
[2021-05-29T05:28:11+08:00][sql] SHOW FULL COLUMNS FROM `carver_comment_to_others` [ RunTime:0.000642s ]
[2021-05-29T05:28:11+08:00][sql] SELECT * FROM `carver_comment_to_others` [ RunTime:0.000277s ]
[2021-05-29T05:28:11+08:00][sql] SHOW FULL COLUMNS FROM `carver_user` [ RunTime:0.000526s ]
[2021-05-29T05:28:11+08:00][sql] SELECT `user_name` FROM `carver_user` WHERE  `user_id` = 4 LIMIT 1 [ RunTime:0.000269s ]
[2021-05-29T05:28:11+08:00][sql] SELECT `user_name` FROM `carver_user` WHERE  `user_id` = 4 LIMIT 1 [ RunTime:0.000268s ]
[2021-05-29T05:28:11+08:00][sql] SELECT `user_name` FROM `carver_user` WHERE  `user_id` = 5 LIMIT 1 [ RunTime:0.000251s ]
[2021-05-29T05:28:11+08:00][sql] SELECT `user_name` FROM `carver_user` WHERE  `user_id` = 5 LIMIT 1 [ RunTime:0.000222s ]
[2021-05-29T05:28:11+08:00][sql] SELECT `user_name` FROM `carver_user` WHERE  `user_id` = 37 LIMIT 1 [ RunTime:0.000297s ]
[2021-05-29T05:28:11+08:00][sql] SELECT `user_name`,`user_id` FROM `carver_user` [ RunTime:0.000284s ]
[2021-05-29T05:28:11+08:00][sql] SHOW FULL COLUMNS FROM `carver_navigation` [ RunTime:0.000659s ]
[2021-05-29T05:28:11+08:00][sql] SELECT * FROM `carver_navigation` [ RunTime:0.000283s ]
[2021-05-29T05:28:11+08:00][sql] SELECT `article_label` FROM `carver_article` [ RunTime:0.000309s ]
[2021-05-29T06:08:18+08:00][sql] CONNECT:[ UseTime:0.000597s ] mysql:host=127.0.0.1;port=3306;dbname=carver;charset=utf8
[2021-05-29T06:08:18+08:00][sql] SHOW FULL COLUMNS FROM `carver_article` [ RunTime:0.000882s ]
[2021-05-29T06:08:18+08:00][sql] SELECT COUNT(*) AS think_count FROM `carver_article` WHERE  `article_label` LIKE '%linux%'  AND `delete_time` = 0  AND `is_show` = 1 [ RunTime:0.000455s ]
[2021-05-29T06:08:18+08:00][sql] SELECT * FROM `carver_article` WHERE  `article_label` LIKE '%linux%'  AND `delete_time` = 0  AND `is_show` = 1 LIMIT 0,6 [ RunTime:0.001451s ]
[2021-05-29T06:08:18+08:00][sql] SELECT article_id,article_title,click_num,FROM_UNIXTIME(add_time,'%Y-%m-%d') as add_time FROM `carver_article` WHERE  `is_show` = 1  AND `delete_time` = 0 ORDER BY `click_num` DESC LIMIT 3 [ RunTime:0.000403s ]
[2021-05-29T06:08:18+08:00][sql] SHOW FULL COLUMNS FROM `carver_notice` [ RunTime:0.000581s ]
[2021-05-29T06:08:18+08:00][sql] SELECT * FROM `carver_notice` ORDER BY `create_time` DESC LIMIT 3 [ RunTime:0.000290s ]
[2021-05-29T06:08:18+08:00][sql] SHOW FULL COLUMNS FROM `carver_navigation` [ RunTime:0.000500s ]
[2021-05-29T06:08:18+08:00][sql] SELECT * FROM `carver_navigation` [ RunTime:0.000236s ]
[2021-05-29T06:08:18+08:00][sql] SHOW FULL COLUMNS FROM `carver_link` [ RunTime:0.000498s ]
[2021-05-29T06:08:18+08:00][sql] SELECT * FROM `carver_link` WHERE  ( is_confirm=2 ) LIMIT 20 [ RunTime:0.000264s ]
[2021-05-29T06:08:18+08:00][sql] SELECT `article_label` FROM `carver_article` [ RunTime:0.000259s ]
[2021-05-29T06:08:18+08:00][sql] SHOW FULL COLUMNS FROM `carver_carouse` [ RunTime:0.000473s ]
[2021-05-29T06:08:18+08:00][sql] SELECT `carouse_img`,`carouse_desc` FROM `carver_carouse` WHERE  `is_show` = 1 ORDER BY `carouse_sort` DESC LIMIT 3 [ RunTime:0.000287s ]
[2021-05-29T06:08:18+08:00][sql] SHOW FULL COLUMNS FROM `carver_site` [ RunTime:0.000470s ]
[2021-05-29T06:08:18+08:00][sql] SELECT * FROM `carver_site` [ RunTime:0.000224s ]
[2021-05-29T07:19:34+08:00][sql] CONNECT:[ UseTime:0.000512s ] mysql:host=127.0.0.1;port=3306;dbname=carver;charset=utf8
[2021-05-29T07:19:34+08:00][sql] SHOW FULL COLUMNS FROM `carver_user` [ RunTime:0.000824s ]
[2021-05-29T07:19:34+08:00][sql] SHOW FULL COLUMNS FROM `carver_article` [ RunTime:0.000727s ]
[2021-05-29T07:19:34+08:00][sql] SELECT COUNT(*) AS think_count FROM `carver_article` WHERE  `delete_time` = 0  AND `is_show` = 1 [ RunTime:0.000429s ]
[2021-05-29T07:19:34+08:00][sql] SELECT `article_id`,`article_title`,`article_desc`,`article_content`,`article_img`,`article_guide`,`article_label`,`click_num`,`is_show`,`add_time`,`article_author`,`is_top_show` FROM `carver_article` WHERE  `delete_time` = 0  AND `is_show` = 1 ORDER BY `article_id` DESC LIMIT 0,6 [ RunTime:0.000628s ]
[2021-05-29T07:19:34+08:00][sql] SELECT article_id,article_title,click_num,FROM_UNIXTIME(add_time,'%Y-%m-%d') as add_time FROM `carver_article` WHERE  `is_show` = 1  AND `delete_time` = 0 ORDER BY `click_num` DESC LIMIT 3 [ RunTime:0.000393s ]
[2021-05-29T07:19:34+08:00][sql] SHOW FULL COLUMNS FROM `carver_notice` [ RunTime:0.000582s ]
[2021-05-29T07:19:34+08:00][sql] SELECT * FROM `carver_notice` ORDER BY `create_time` DESC LIMIT 3 [ RunTime:0.000306s ]
[2021-05-29T07:19:34+08:00][sql] SHOW FULL COLUMNS FROM `carver_navigation` [ RunTime:0.000502s ]
[2021-05-29T07:19:34+08:00][sql] SELECT * FROM `carver_navigation` [ RunTime:0.000273s ]
[2021-05-29T07:19:34+08:00][sql] SHOW FULL COLUMNS FROM `carver_link` [ RunTime:0.000637s ]
[2021-05-29T07:19:34+08:00][sql] SELECT * FROM `carver_link` WHERE  ( is_confirm=2 ) LIMIT 20 [ RunTime:0.000288s ]
[2021-05-29T07:19:34+08:00][sql] SELECT `article_label` FROM `carver_article` [ RunTime:0.000275s ]
[2021-05-29T07:19:34+08:00][sql] SHOW FULL COLUMNS FROM `carver_carouse` [ RunTime:0.000549s ]
[2021-05-29T07:19:34+08:00][sql] SELECT `carouse_img`,`carouse_desc` FROM `carver_carouse` WHERE  `is_show` = 1 ORDER BY `carouse_sort` DESC LIMIT 3 [ RunTime:0.000317s ]
[2021-05-29T07:19:34+08:00][sql] SHOW FULL COLUMNS FROM `carver_site` [ RunTime:0.000481s ]
[2021-05-29T07:19:34+08:00][sql] SELECT * FROM `carver_site` [ RunTime:0.000273s ]
[2021-05-29T08:17:36+08:00][sql] CONNECT:[ UseTime:0.000577s ] mysql:host=127.0.0.1;port=3306;dbname=carver;charset=utf8
[2021-05-29T08:17:36+08:00][sql] SHOW FULL COLUMNS FROM `carver_article` [ RunTime:0.000877s ]
[2021-05-29T08:17:36+08:00][sql] SELECT COUNT(*) AS think_count FROM `carver_article` WHERE  `article_label` LIKE '%javascript%'  AND `delete_time` = 0  AND `is_show` = 1 [ RunTime:0.000510s ]
[2021-05-29T08:17:36+08:00][sql] SELECT * FROM `carver_article` WHERE  `article_label` LIKE '%javascript%'  AND `delete_time` = 0  AND `is_show` = 1 LIMIT 0,6 [ RunTime:0.000764s ]
[2021-05-29T08:17:36+08:00][sql] SELECT article_id,article_title,click_num,FROM_UNIXTIME(add_time,'%Y-%m-%d') as add_time FROM `carver_article` WHERE  `is_show` = 1  AND `delete_time` = 0 ORDER BY `click_num` DESC LIMIT 3 [ RunTime:0.000547s ]
[2021-05-29T08:17:36+08:00][sql] SHOW FULL COLUMNS FROM `carver_notice` [ RunTime:0.000658s ]
[2021-05-29T08:17:36+08:00][sql] SELECT * FROM `carver_notice` ORDER BY `create_time` DESC LIMIT 3 [ RunTime:0.000302s ]
[2021-05-29T08:17:36+08:00][sql] SHOW FULL COLUMNS FROM `carver_navigation` [ RunTime:0.000514s ]
[2021-05-29T08:17:36+08:00][sql] SELECT * FROM `carver_navigation` [ RunTime:0.000410s ]
[2021-05-29T08:17:36+08:00][sql] SHOW FULL COLUMNS FROM `carver_link` [ RunTime:0.000571s ]
[2021-05-29T08:17:36+08:00][sql] SELECT * FROM `carver_link` WHERE  ( is_confirm=2 ) LIMIT 20 [ RunTime:0.000309s ]
[2021-05-29T08:17:36+08:00][sql] SELECT `article_label` FROM `carver_article` [ RunTime:0.000259s ]
[2021-05-29T08:17:36+08:00][sql] SHOW FULL COLUMNS FROM `carver_carouse` [ RunTime:0.000554s ]
[2021-05-29T08:17:36+08:00][sql] SELECT `carouse_img`,`carouse_desc` FROM `carver_carouse` WHERE  `is_show` = 1 ORDER BY `carouse_sort` DESC LIMIT 3 [ RunTime:0.000302s ]
[2021-05-29T08:17:36+08:00][sql] SHOW FULL COLUMNS FROM `carver_site` [ RunTime:0.000543s ]
[2021-05-29T08:17:36+08:00][sql] SELECT * FROM `carver_site` [ RunTime:0.000245s ]
[2021-05-29T08:53:15+08:00][sql] CONNECT:[ UseTime:0.010333s ] mysql:host=127.0.0.1;port=3306;dbname=carver;charset=utf8
[2021-05-29T08:53:15+08:00][sql] SHOW FULL COLUMNS FROM `carver_user` [ RunTime:0.001017s ]
[2021-05-29T08:53:15+08:00][sql] SHOW FULL COLUMNS FROM `carver_article` [ RunTime:0.001399s ]
[2021-05-29T08:53:15+08:00][sql] SELECT COUNT(*) AS think_count FROM `carver_article` WHERE  `delete_time` = 0  AND `is_show` = 1 [ RunTime:0.001089s ]
[2021-05-29T08:53:15+08:00][sql] SELECT `article_id`,`article_title`,`article_desc`,`article_content`,`article_img`,`article_guide`,`article_label`,`click_num`,`is_show`,`add_time`,`article_author`,`is_top_show` FROM `carver_article` WHERE  `delete_time` = 0  AND `is_show` = 1 ORDER BY `article_id` DESC LIMIT 0,6 [ RunTime:0.000609s ]
[2021-05-29T08:53:15+08:00][sql] SELECT article_id,article_title,click_num,FROM_UNIXTIME(add_time,'%Y-%m-%d') as add_time FROM `carver_article` WHERE  `is_show` = 1  AND `delete_time` = 0 ORDER BY `click_num` DESC LIMIT 3 [ RunTime:0.003245s ]
[2021-05-29T08:53:15+08:00][sql] SHOW FULL COLUMNS FROM `carver_notice` [ RunTime:0.001424s ]
[2021-05-29T08:53:15+08:00][sql] SELECT * FROM `carver_notice` ORDER BY `create_time` DESC LIMIT 3 [ RunTime:0.000283s ]
[2021-05-29T08:53:15+08:00][sql] SHOW FULL COLUMNS FROM `carver_navigation` [ RunTime:0.001254s ]
[2021-05-29T08:53:15+08:00][sql] SELECT * FROM `carver_navigation` [ RunTime:0.000242s ]
[2021-05-29T08:53:15+08:00][sql] SHOW FULL COLUMNS FROM `carver_link` [ RunTime:0.001278s ]
[2021-05-29T08:53:15+08:00][sql] SELECT * FROM `carver_link` WHERE  ( is_confirm=2 ) LIMIT 20 [ RunTime:0.000293s ]
[2021-05-29T08:53:15+08:00][sql] SELECT `article_label` FROM `carver_article` [ RunTime:0.001463s ]
[2021-05-29T08:53:15+08:00][sql] SHOW FULL COLUMNS FROM `carver_carouse` [ RunTime:0.000511s ]
[2021-05-29T08:53:15+08:00][sql] SELECT `carouse_img`,`carouse_desc` FROM `carver_carouse` WHERE  `is_show` = 1 ORDER BY `carouse_sort` DESC LIMIT 3 [ RunTime:0.000570s ]
[2021-05-29T08:53:15+08:00][sql] SHOW FULL COLUMNS FROM `carver_site` [ RunTime:0.000877s ]
[2021-05-29T08:53:15+08:00][sql] SELECT * FROM `carver_site` [ RunTime:0.000239s ]
[2021-05-29T09:11:45+08:00][sql] CONNECT:[ UseTime:0.000539s ] mysql:host=127.0.0.1;port=3306;dbname=carver;charset=utf8
[2021-05-29T09:11:45+08:00][sql] SHOW FULL COLUMNS FROM `carver_user` [ RunTime:0.000868s ]
[2021-05-29T09:11:45+08:00][sql] SHOW FULL COLUMNS FROM `carver_article` [ RunTime:0.000711s ]
[2021-05-29T09:11:45+08:00][sql] SELECT COUNT(*) AS think_count FROM `carver_article` WHERE  `delete_time` = 0  AND `is_show` = 1 [ RunTime:0.000393s ]
[2021-05-29T09:11:45+08:00][sql] SELECT `article_id`,`article_title`,`article_desc`,`article_content`,`article_img`,`article_guide`,`article_label`,`click_num`,`is_show`,`add_time`,`article_author`,`is_top_show` FROM `carver_article` WHERE  `delete_time` = 0  AND `is_show` = 1 ORDER BY `article_id` DESC LIMIT 0,6 [ RunTime:0.000641s ]
[2021-05-29T09:11:45+08:00][sql] SELECT article_id,article_title,click_num,FROM_UNIXTIME(add_time,'%Y-%m-%d') as add_time FROM `carver_article` WHERE  `is_show` = 1  AND `delete_time` = 0 ORDER BY `click_num` DESC LIMIT 3 [ RunTime:0.000512s ]
[2021-05-29T09:11:45+08:00][sql] SHOW FULL COLUMNS FROM `carver_notice` [ RunTime:0.000570s ]
[2021-05-29T09:11:45+08:00][sql] SELECT * FROM `carver_notice` ORDER BY `create_time` DESC LIMIT 3 [ RunTime:0.000288s ]
[2021-05-29T09:11:45+08:00][sql] SHOW FULL COLUMNS FROM `carver_navigation` [ RunTime:0.000563s ]
[2021-05-29T09:11:45+08:00][sql] SELECT * FROM `carver_navigation` [ RunTime:0.000236s ]
[2021-05-29T09:11:45+08:00][sql] SHOW FULL COLUMNS FROM `carver_link` [ RunTime:0.000474s ]
[2021-05-29T09:11:45+08:00][sql] SELECT * FROM `carver_link` WHERE  ( is_confirm=2 ) LIMIT 20 [ RunTime:0.000434s ]
[2021-05-29T09:11:45+08:00][sql] SELECT `article_label` FROM `carver_article` [ RunTime:0.000295s ]
[2021-05-29T09:11:45+08:00][sql] SHOW FULL COLUMNS FROM `carver_carouse` [ RunTime:0.000581s ]
[2021-05-29T09:11:45+08:00][sql] SELECT `carouse_img`,`carouse_desc` FROM `carver_carouse` WHERE  `is_show` = 1 ORDER BY `carouse_sort` DESC LIMIT 3 [ RunTime:0.000295s ]
[2021-05-29T09:11:45+08:00][sql] SHOW FULL COLUMNS FROM `carver_site` [ RunTime:0.000508s ]
[2021-05-29T09:11:45+08:00][sql] SELECT * FROM `carver_site` [ RunTime:0.000242s ]
[2021-05-29T09:58:28+08:00][sql] CONNECT:[ UseTime:0.001005s ] mysql:host=127.0.0.1;port=3306;dbname=carver;charset=utf8
[2021-05-29T09:58:28+08:00][sql] SHOW FULL COLUMNS FROM `carver_user` [ RunTime:0.000783s ]
[2021-05-29T11:16:24+08:00][sql] CONNECT:[ UseTime:0.000707s ] mysql:host=127.0.0.1;port=3306;dbname=carver;charset=utf8
[2021-05-29T11:16:24+08:00][sql] SHOW FULL COLUMNS FROM `carver_user` [ RunTime:0.000865s ]
[2021-05-29T11:16:24+08:00][sql] SHOW FULL COLUMNS FROM `carver_article` [ RunTime:0.000825s ]
[2021-05-29T11:16:24+08:00][sql] SELECT COUNT(*) AS think_count FROM `carver_article` WHERE  `delete_time` = 0  AND `is_show` = 1 [ RunTime:0.000429s ]
[2021-05-29T11:16:24+08:00][sql] SELECT `article_id`,`article_title`,`article_desc`,`article_content`,`article_img`,`article_guide`,`article_label`,`click_num`,`is_show`,`add_time`,`article_author`,`is_top_show` FROM `carver_article` WHERE  `delete_time` = 0  AND `is_show` = 1 ORDER BY `article_id` DESC LIMIT 0,6 [ RunTime:0.000688s ]
[2021-05-29T11:16:24+08:00][sql] SELECT article_id,article_title,click_num,FROM_UNIXTIME(add_time,'%Y-%m-%d') as add_time FROM `carver_article` WHERE  `is_show` = 1  AND `delete_time` = 0 ORDER BY `click_num` DESC LIMIT 3 [ RunTime:0.000577s ]
[2021-05-29T11:16:24+08:00][sql] SHOW FULL COLUMNS FROM `carver_notice` [ RunTime:0.000685s ]
[2021-05-29T11:16:24+08:00][sql] SELECT * FROM `carver_notice` ORDER BY `create_time` DESC LIMIT 3 [ RunTime:0.000319s ]
[2021-05-29T11:16:24+08:00][sql] SHOW FULL COLUMNS FROM `carver_navigation` [ RunTime:0.000556s ]
[2021-05-29T11:16:24+08:00][sql] SELECT * FROM `carver_navigation` [ RunTime:0.000259s ]
[2021-05-29T11:16:24+08:00][sql] SHOW FULL COLUMNS FROM `carver_link` [ RunTime:0.000581s ]
[2021-05-29T11:16:24+08:00][sql] SELECT * FROM `carver_link` WHERE  ( is_confirm=2 ) LIMIT 20 [ RunTime:0.000375s ]
[2021-05-29T11:16:24+08:00][sql] SELECT `article_label` FROM `carver_article` [ RunTime:0.000283s ]
[2021-05-29T11:16:24+08:00][sql] SHOW FULL COLUMNS FROM `carver_carouse` [ RunTime:0.000559s ]
[2021-05-29T11:16:24+08:00][sql] SELECT `carouse_img`,`carouse_desc` FROM `carver_carouse` WHERE  `is_show` = 1 ORDER BY `carouse_sort` DESC LIMIT 3 [ RunTime:0.000316s ]
[2021-05-29T11:16:24+08:00][sql] SHOW FULL COLUMNS FROM `carver_site` [ RunTime:0.000529s ]
[2021-05-29T11:16:24+08:00][sql] SELECT * FROM `carver_site` [ RunTime:0.000315s ]
[2021-05-29T11:28:09+08:00][sql] CONNECT:[ UseTime:0.000567s ] mysql:host=127.0.0.1;port=3306;dbname=carver;charset=utf8
[2021-05-29T11:28:09+08:00][sql] SHOW FULL COLUMNS FROM `carver_user` [ RunTime:0.000837s ]
[2021-05-29T11:28:09+08:00][sql] SHOW FULL COLUMNS FROM `carver_article` [ RunTime:0.000662s ]
[2021-05-29T11:28:09+08:00][sql] SELECT COUNT(*) AS think_count FROM `carver_article` WHERE  `delete_time` = 0  AND `is_show` = 1 [ RunTime:0.000685s ]
[2021-05-29T11:28:09+08:00][sql] SELECT `article_id`,`article_title`,`article_desc`,`article_content`,`article_img`,`article_guide`,`article_label`,`click_num`,`is_show`,`add_time`,`article_author`,`is_top_show` FROM `carver_article` WHERE  `delete_time` = 0  AND `is_show` = 1 ORDER BY `article_id` DESC LIMIT 0,6 [ RunTime:0.000620s ]
[2021-05-29T11:28:09+08:00][sql] SELECT article_id,article_title,click_num,FROM_UNIXTIME(add_time,'%Y-%m-%d') as add_time FROM `carver_article` WHERE  `is_show` = 1  AND `delete_time` = 0 ORDER BY `click_num` DESC LIMIT 3 [ RunTime:0.000437s ]
[2021-05-29T11:28:09+08:00][sql] SHOW FULL COLUMNS FROM `carver_notice` [ RunTime:0.000569s ]
[2021-05-29T11:28:09+08:00][sql] SELECT * FROM `carver_notice` ORDER BY `create_time` DESC LIMIT 3 [ RunTime:0.000266s ]
[2021-05-29T11:28:09+08:00][sql] SHOW FULL COLUMNS FROM `carver_navigation` [ RunTime:0.000499s ]
[2021-05-29T11:28:09+08:00][sql] SELECT * FROM `carver_navigation` [ RunTime:0.000244s ]
[2021-05-29T11:28:09+08:00][sql] SHOW FULL COLUMNS FROM `carver_link` [ RunTime:0.000531s ]
[2021-05-29T11:28:09+08:00][sql] SELECT * FROM `carver_link` WHERE  ( is_confirm=2 ) LIMIT 20 [ RunTime:0.000291s ]
[2021-05-29T11:28:09+08:00][sql] SELECT `article_label` FROM `carver_article` [ RunTime:0.000402s ]
[2021-05-29T11:28:09+08:00][sql] SHOW FULL COLUMNS FROM `carver_carouse` [ RunTime:0.000497s ]
[2021-05-29T11:28:09+08:00][sql] SELECT `carouse_img`,`carouse_desc` FROM `carver_carouse` WHERE  `is_show` = 1 ORDER BY `carouse_sort` DESC LIMIT 3 [ RunTime:0.000320s ]
[2021-05-29T11:28:09+08:00][sql] SHOW FULL COLUMNS FROM `carver_site` [ RunTime:0.000535s ]
[2021-05-29T11:28:09+08:00][sql] SELECT * FROM `carver_site` [ RunTime:0.000631s ]
[2021-05-29T11:41:03+08:00][sql] CONNECT:[ UseTime:0.000704s ] mysql:host=127.0.0.1;port=3306;dbname=carver;charset=utf8
[2021-05-29T11:41:03+08:00][sql] SHOW FULL COLUMNS FROM `carver_user` [ RunTime:0.000781s ]
[2021-05-29T11:41:03+08:00][sql] SHOW FULL COLUMNS FROM `carver_article` [ RunTime:0.000664s ]
[2021-05-29T11:41:03+08:00][sql] SELECT COUNT(*) AS think_count FROM `carver_article` WHERE  `delete_time` = 0  AND `is_show` = 1 [ RunTime:0.000373s ]
[2021-05-29T11:41:03+08:00][sql] SELECT `article_id`,`article_title`,`article_desc`,`article_content`,`article_img`,`article_guide`,`article_label`,`click_num`,`is_show`,`add_time`,`article_author`,`is_top_show` FROM `carver_article` WHERE  `delete_time` = 0  AND `is_show` = 1 ORDER BY `article_id` DESC LIMIT 18,6 [ RunTime:0.001381s ]
[2021-05-29T11:41:03+08:00][sql] SELECT article_id,article_title,click_num,FROM_UNIXTIME(add_time,'%Y-%m-%d') as add_time FROM `carver_article` WHERE  `is_show` = 1  AND `delete_time` = 0 ORDER BY `click_num` DESC LIMIT 3 [ RunTime:0.000448s ]
[2021-05-29T11:41:03+08:00][sql] SHOW FULL COLUMNS FROM `carver_notice` [ RunTime:0.000575s ]
[2021-05-29T11:41:03+08:00][sql] SELECT * FROM `carver_notice` ORDER BY `create_time` DESC LIMIT 3 [ RunTime:0.000260s ]
[2021-05-29T11:41:03+08:00][sql] SHOW FULL COLUMNS FROM `carver_navigation` [ RunTime:0.000538s ]
[2021-05-29T11:41:03+08:00][sql] SELECT * FROM `carver_navigation` [ RunTime:0.000269s ]
[2021-05-29T11:41:03+08:00][sql] SHOW FULL COLUMNS FROM `carver_link` [ RunTime:0.000503s ]
[2021-05-29T11:41:03+08:00][sql] SELECT * FROM `carver_link` WHERE  ( is_confirm=2 ) LIMIT 20 [ RunTime:0.000288s ]
[2021-05-29T11:41:03+08:00][sql] SELECT `article_label` FROM `carver_article` [ RunTime:0.000282s ]
[2021-05-29T11:41:03+08:00][sql] SHOW FULL COLUMNS FROM `carver_carouse` [ RunTime:0.000490s ]
[2021-05-29T11:41:03+08:00][sql] SELECT `carouse_img`,`carouse_desc` FROM `carver_carouse` WHERE  `is_show` = 1 ORDER BY `carouse_sort` DESC LIMIT 3 [ RunTime:0.000298s ]
[2021-05-29T11:41:03+08:00][sql] SHOW FULL COLUMNS FROM `carver_site` [ RunTime:0.000484s ]
[2021-05-29T11:41:03+08:00][sql] SELECT * FROM `carver_site` [ RunTime:0.000238s ]
[2021-05-29T11:56:19+08:00][sql] CONNECT:[ UseTime:0.000994s ] mysql:host=127.0.0.1;port=3306;dbname=carver;charset=utf8
[2021-05-29T11:56:19+08:00][sql] SHOW FULL COLUMNS FROM `carver_user` [ RunTime:0.001025s ]
[2021-05-29T11:56:19+08:00][sql] SHOW FULL COLUMNS FROM `carver_article` [ RunTime:0.000917s ]
[2021-05-29T11:56:19+08:00][sql] SELECT COUNT(*) AS think_count FROM `carver_article` WHERE  `delete_time` = 0  AND `is_show` = 1 [ RunTime:0.000520s ]
[2021-05-29T11:56:19+08:00][sql] SELECT `article_id`,`article_title`,`article_desc`,`article_content`,`article_img`,`article_guide`,`article_label`,`click_num`,`is_show`,`add_time`,`article_author`,`is_top_show` FROM `carver_article` WHERE  `delete_time` = 0  AND `is_show` = 1 ORDER BY `article_id` DESC LIMIT 0,6 [ RunTime:0.000892s ]
[2021-05-29T11:56:19+08:00][sql] SELECT article_id,article_title,click_num,FROM_UNIXTIME(add_time,'%Y-%m-%d') as add_time FROM `carver_article` WHERE  `is_show` = 1  AND `delete_time` = 0 ORDER BY `click_num` DESC LIMIT 3 [ RunTime:0.000737s ]
[2021-05-29T11:56:19+08:00][sql] SHOW FULL COLUMNS FROM `carver_notice` [ RunTime:0.000759s ]
[2021-05-29T11:56:19+08:00][sql] SELECT * FROM `carver_notice` ORDER BY `create_time` DESC LIMIT 3 [ RunTime:0.000369s ]
[2021-05-29T11:56:19+08:00][sql] SHOW FULL COLUMNS FROM `carver_navigation` [ RunTime:0.000684s ]
[2021-05-29T11:56:19+08:00][sql] SELECT * FROM `carver_navigation` [ RunTime:0.000329s ]
[2021-05-29T11:56:19+08:00][sql] SHOW FULL COLUMNS FROM `carver_link` [ RunTime:0.000631s ]
[2021-05-29T11:56:19+08:00][sql] SELECT * FROM `carver_link` WHERE  ( is_confirm=2 ) LIMIT 20 [ RunTime:0.000428s ]
[2021-05-29T11:56:19+08:00][sql] SELECT `article_label` FROM `carver_article` [ RunTime:0.000483s ]
[2021-05-29T11:56:19+08:00][sql] SHOW FULL COLUMNS FROM `carver_carouse` [ RunTime:0.000656s ]
[2021-05-29T11:56:19+08:00][sql] SELECT `carouse_img`,`carouse_desc` FROM `carver_carouse` WHERE  `is_show` = 1 ORDER BY `carouse_sort` DESC LIMIT 3 [ RunTime:0.000365s ]
[2021-05-29T11:56:19+08:00][sql] SHOW FULL COLUMNS FROM `carver_site` [ RunTime:0.000669s ]
[2021-05-29T11:56:19+08:00][sql] SELECT * FROM `carver_site` [ RunTime:0.000293s ]
[2021-05-29T14:29:15+08:00][sql] CONNECT:[ UseTime:0.000834s ] mysql:host=127.0.0.1;port=3306;dbname=carver;charset=utf8
[2021-05-29T14:29:15+08:00][sql] SHOW FULL COLUMNS FROM `carver_article` [ RunTime:0.000880s ]
[2021-05-29T14:29:15+08:00][sql] SELECT `article_id`,`article_title`,`article_desc`,`article_content`,`article_img`,`article_guide`,`article_label`,`click_num`,`is_show`,`add_time`,`article_author` FROM `carver_article` WHERE  `article_id` = 17' LIMIT 1 [ RunTime:0.000517s ]
[2021-05-29T14:29:15+08:00][sql] SELECT `article_id`,`article_title`,`article_desc`,`article_content`,`article_img`,`article_guide`,`article_label`,`click_num`,`is_show`,`add_time`,`article_author` FROM `carver_article` WHERE  `article_id` > 17' LIMIT 1 [ RunTime:0.000402s ]
[2021-05-29T14:29:15+08:00][sql] SELECT `article_id`,`article_title`,`article_desc`,`article_content`,`article_img`,`article_guide`,`article_label`,`click_num`,`is_show`,`add_time`,`article_author` FROM `carver_article` WHERE  `article_id` < 17' ORDER BY `article_id` DESC LIMIT 1 [ RunTime:0.000353s ]
[2021-05-29T14:29:15+08:00][sql] SHOW FULL COLUMNS FROM `carver_link` [ RunTime:0.000542s ]
[2021-05-29T14:29:15+08:00][sql] SELECT * FROM `carver_link` WHERE  ( is_confirm=2 ) LIMIT 20 [ RunTime:0.000278s ]
[2021-05-29T14:29:15+08:00][sql] SELECT article_id,article_title,click_num,FROM_UNIXTIME(add_time,'%Y-%m-%d') as add_time FROM `carver_article` ORDER BY `click_num` DESC LIMIT 3 [ RunTime:0.000339s ]
[2021-05-29T14:29:15+08:00][sql] SHOW FULL COLUMNS FROM `carver_comment` [ RunTime:0.000595s ]
[2021-05-29T14:29:15+08:00][sql] SELECT `a`.*,`b`.`user_name` FROM `carver_comment` `a` INNER JOIN `carver_user` `b` ON `a`.`user_id`=`b`.`user_id` WHERE  `article_id` = 17' ORDER BY `create_time` DESC [ RunTime:0.000329s ]
[2021-05-29T14:29:15+08:00][sql] SHOW FULL COLUMNS FROM `carver_comment_to_others` [ RunTime:0.000512s ]
[2021-05-29T14:29:15+08:00][sql] SELECT * FROM `carver_comment_to_others` [ RunTime:0.000227s ]
[2021-05-29T14:29:15+08:00][sql] SHOW FULL COLUMNS FROM `carver_user` [ RunTime:0.000453s ]
[2021-05-29T14:29:15+08:00][sql] SELECT `user_name` FROM `carver_user` WHERE  `user_id` = 4 LIMIT 1 [ RunTime:0.000241s ]
[2021-05-29T14:29:15+08:00][sql] SELECT `user_name` FROM `carver_user` WHERE  `user_id` = 4 LIMIT 1 [ RunTime:0.000207s ]
[2021-05-29T14:29:15+08:00][sql] SELECT `user_name` FROM `carver_user` WHERE  `user_id` = 5 LIMIT 1 [ RunTime:0.000205s ]
[2021-05-29T14:29:15+08:00][sql] SELECT `user_name` FROM `carver_user` WHERE  `user_id` = 5 LIMIT 1 [ RunTime:0.000221s ]
[2021-05-29T14:29:15+08:00][sql] SELECT `user_name` FROM `carver_user` WHERE  `user_id` = 37 LIMIT 1 [ RunTime:0.000211s ]
[2021-05-29T14:29:15+08:00][sql] SELECT `user_name`,`user_id` FROM `carver_user` [ RunTime:0.000231s ]
[2021-05-29T14:29:15+08:00][sql] SHOW FULL COLUMNS FROM `carver_navigation` [ RunTime:0.000492s ]
[2021-05-29T14:29:15+08:00][sql] SELECT * FROM `carver_navigation` [ RunTime:0.000227s ]
[2021-05-29T14:29:15+08:00][sql] SELECT `article_label` FROM `carver_article` [ RunTime:0.000255s ]
[2021-05-29T15:16:55+08:00][sql] CONNECT:[ UseTime:0.001361s ] mysql:host=127.0.0.1;port=3306;dbname=carver;charset=utf8
[2021-05-29T15:16:55+08:00][sql] SHOW FULL COLUMNS FROM `carver_article` [ RunTime:0.000830s ]
[2021-05-29T15:16:55+08:00][sql] SELECT `article_id`,`article_title`,`article_desc`,`article_content`,`article_img`,`article_guide`,`article_label`,`click_num`,`is_show`,`add_time`,`article_author` FROM `carver_article` WHERE  `article_id` = 17'A=0 LIMIT 1 [ RunTime:0.000519s ]
[2021-05-29T15:16:55+08:00][sql] SELECT `article_id`,`article_title`,`article_desc`,`article_content`,`article_img`,`article_guide`,`article_label`,`click_num`,`is_show`,`add_time`,`article_author` FROM `carver_article` WHERE  `article_id` > 17'A=0 LIMIT 1 [ RunTime:0.000403s ]
[2021-05-29T15:16:55+08:00][sql] SELECT `article_id`,`article_title`,`article_desc`,`article_content`,`article_img`,`article_guide`,`article_label`,`click_num`,`is_show`,`add_time`,`article_author` FROM `carver_article` WHERE  `article_id` < 17'A=0 ORDER BY `article_id` DESC LIMIT 1 [ RunTime:0.000349s ]
[2021-05-29T15:16:55+08:00][sql] SHOW FULL COLUMNS FROM `carver_link` [ RunTime:0.000533s ]
[2021-05-29T15:16:55+08:00][sql] SELECT * FROM `carver_link` WHERE  ( is_confirm=2 ) LIMIT 20 [ RunTime:0.000288s ]
[2021-05-29T15:16:55+08:00][sql] SELECT article_id,article_title,click_num,FROM_UNIXTIME(add_time,'%Y-%m-%d') as add_time FROM `carver_article` ORDER BY `click_num` DESC LIMIT 3 [ RunTime:0.000361s ]
[2021-05-29T15:16:55+08:00][sql] SHOW FULL COLUMNS FROM `carver_comment` [ RunTime:0.000486s ]
[2021-05-29T15:16:55+08:00][sql] SELECT `a`.*,`b`.`user_name` FROM `carver_comment` `a` INNER JOIN `carver_user` `b` ON `a`.`user_id`=`b`.`user_id` WHERE  `article_id` = 17'A=0 ORDER BY `create_time` DESC [ RunTime:0.000330s ]
[2021-05-29T15:16:55+08:00][sql] SHOW FULL COLUMNS FROM `carver_comment_to_others` [ RunTime:0.000452s ]
[2021-05-29T15:16:55+08:00][sql] SELECT * FROM `carver_comment_to_others` [ RunTime:0.000237s ]
[2021-05-29T15:16:55+08:00][sql] SHOW FULL COLUMNS FROM `carver_user` [ RunTime:0.000501s ]
[2021-05-29T15:16:55+08:00][sql] SELECT `user_name` FROM `carver_user` WHERE  `user_id` = 4 LIMIT 1 [ RunTime:0.000244s ]
[2021-05-29T15:16:55+08:00][sql] SELECT `user_name` FROM `carver_user` WHERE  `user_id` = 4 LIMIT 1 [ RunTime:0.000224s ]
[2021-05-29T15:16:55+08:00][sql] SELECT `user_name` FROM `carver_user` WHERE  `user_id` = 5 LIMIT 1 [ RunTime:0.000205s ]
[2021-05-29T15:16:55+08:00][sql] SELECT `user_name` FROM `carver_user` WHERE  `user_id` = 5 LIMIT 1 [ RunTime:0.000213s ]
[2021-05-29T15:16:55+08:00][sql] SELECT `user_name` FROM `carver_user` WHERE  `user_id` = 37 LIMIT 1 [ RunTime:0.000222s ]
[2021-05-29T15:16:55+08:00][sql] SELECT `user_name`,`user_id` FROM `carver_user` [ RunTime:0.000236s ]
[2021-05-29T15:16:55+08:00][sql] SHOW FULL COLUMNS FROM `carver_navigation` [ RunTime:0.000458s ]
[2021-05-29T15:16:55+08:00][sql] SELECT * FROM `carver_navigation` [ RunTime:0.000237s ]
[2021-05-29T15:16:55+08:00][sql] SELECT `article_label` FROM `carver_article` [ RunTime:0.000237s ]
[2021-05-29T15:18:19+08:00][sql] CONNECT:[ UseTime:0.000514s ] mysql:host=127.0.0.1;port=3306;dbname=carver;charset=utf8
[2021-05-29T15:18:19+08:00][sql] SHOW FULL COLUMNS FROM `carver_user` [ RunTime:0.005798s ]
[2021-05-29T15:18:19+08:00][sql] SHOW FULL COLUMNS FROM `carver_article` [ RunTime:0.000787s ]
[2021-05-29T15:18:19+08:00][sql] SELECT COUNT(*) AS think_count FROM `carver_article` WHERE  `delete_time` = 0  AND `is_show` = 1 [ RunTime:0.000401s ]
[2021-05-29T15:18:19+08:00][sql] SELECT `article_id`,`article_title`,`article_desc`,`article_content`,`article_img`,`article_guide`,`article_label`,`click_num`,`is_show`,`add_time`,`article_author`,`is_top_show` FROM `carver_article` WHERE  `delete_time` = 0  AND `is_show` = 1 ORDER BY `article_id` DESC LIMIT 0,6 [ RunTime:0.000666s ]
[2021-05-29T15:18:19+08:00][sql] SELECT article_id,article_title,click_num,FROM_UNIXTIME(add_time,'%Y-%m-%d') as add_time FROM `carver_article` WHERE  `is_show` = 1  AND `delete_time` = 0 ORDER BY `click_num` DESC LIMIT 3 [ RunTime:0.000525s ]
[2021-05-29T15:18:19+08:00][sql] SHOW FULL COLUMNS FROM `carver_notice` [ RunTime:0.000593s ]
[2021-05-29T15:18:19+08:00][sql] SELECT * FROM `carver_notice` ORDER BY `create_time` DESC LIMIT 3 [ RunTime:0.000293s ]
[2021-05-29T15:18:19+08:00][sql] SHOW FULL COLUMNS FROM `carver_navigation` [ RunTime:0.000593s ]
[2021-05-29T15:18:19+08:00][sql] SELECT * FROM `carver_navigation` [ RunTime:0.000251s ]
[2021-05-29T15:18:19+08:00][sql] SHOW FULL COLUMNS FROM `carver_link` [ RunTime:0.000562s ]
[2021-05-29T15:18:19+08:00][sql] SELECT * FROM `carver_link` WHERE  ( is_confirm=2 ) LIMIT 20 [ RunTime:0.000307s ]
[2021-05-29T15:18:19+08:00][sql] SELECT `article_label` FROM `carver_article` [ RunTime:0.000291s ]
[2021-05-29T15:18:19+08:00][sql] SHOW FULL COLUMNS FROM `carver_carouse` [ RunTime:0.000505s ]
[2021-05-29T15:18:19+08:00][sql] SELECT `carouse_img`,`carouse_desc` FROM `carver_carouse` WHERE  `is_show` = 1 ORDER BY `carouse_sort` DESC LIMIT 3 [ RunTime:0.000305s ]
[2021-05-29T15:18:19+08:00][sql] SHOW FULL COLUMNS FROM `carver_site` [ RunTime:0.000490s ]
[2021-05-29T15:18:19+08:00][sql] SELECT * FROM `carver_site` [ RunTime:0.000245s ]
[2021-05-29T18:48:09+08:00][sql] CONNECT:[ UseTime:0.000988s ] mysql:host=127.0.0.1;port=3306;dbname=carver;charset=utf8
[2021-05-29T18:48:09+08:00][sql] SHOW FULL COLUMNS FROM `carver_article` [ RunTime:0.001158s ]
[2021-05-29T18:48:09+08:00][sql] SELECT COUNT(*) AS think_count FROM `carver_article` WHERE  `article_guide` = 5  AND `delete_time` = 0  AND `is_show` = 1 [ RunTime:0.000512s ]
[2021-05-29T18:48:09+08:00][sql] SELECT * FROM `carver_article` WHERE  `article_guide` = 5  AND `delete_time` = 0  AND `is_show` = 1 ORDER BY `add_time` DESC LIMIT 0,6 [ RunTime:0.003021s ]
[2021-05-29T18:48:09+08:00][sql] SELECT article_id,article_title,click_num,FROM_UNIXTIME(add_time,'%Y-%m-%d') as add_time FROM `carver_article` WHERE  `is_show` = 1  AND `delete_time` = 0 ORDER BY `click_num` DESC LIMIT 3 [ RunTime:0.000477s ]
[2021-05-29T18:48:09+08:00][sql] SHOW FULL COLUMNS FROM `carver_notice` [ RunTime:0.000697s ]
[2021-05-29T18:48:09+08:00][sql] SELECT * FROM `carver_notice` ORDER BY `create_time` DESC LIMIT 3 [ RunTime:0.000352s ]
[2021-05-29T18:48:09+08:00][sql] SHOW FULL COLUMNS FROM `carver_navigation` [ RunTime:0.000648s ]
[2021-05-29T18:48:09+08:00][sql] SELECT * FROM `carver_navigation` [ RunTime:0.000302s ]
[2021-05-29T18:48:09+08:00][sql] SELECT `article_label` FROM `carver_article` [ RunTime:0.000253s ]
[2021-05-29T18:48:09+08:00][sql] SHOW FULL COLUMNS FROM `carver_carouse` [ RunTime:0.000465s ]
[2021-05-29T18:48:09+08:00][sql] SELECT `carouse_img`,`carouse_desc` FROM `carver_carouse` WHERE  `is_show` = 1 ORDER BY `carouse_sort` DESC LIMIT 3 [ RunTime:0.000325s ]
[2021-05-29T18:48:09+08:00][sql] SHOW FULL COLUMNS FROM `carver_link` [ RunTime:0.000598s ]
[2021-05-29T18:48:09+08:00][sql] SELECT * FROM `carver_link` WHERE  ( is_confirm=2 ) LIMIT 20 [ RunTime:0.000368s ]
[2021-05-29T18:48:09+08:00][sql] SHOW FULL COLUMNS FROM `carver_site` [ RunTime:0.000885s ]
[2021-05-29T18:48:09+08:00][sql] SELECT * FROM `carver_site` [ RunTime:0.000305s ]
[2021-05-29T21:33:25+08:00][sql] CONNECT:[ UseTime:0.000628s ] mysql:host=127.0.0.1;port=3306;dbname=carver;charset=utf8
[2021-05-29T21:33:25+08:00][sql] SHOW FULL COLUMNS FROM `carver_user` [ RunTime:0.000827s ]
[2021-05-29T21:57:33+08:00][sql] CONNECT:[ UseTime:0.000486s ] mysql:host=127.0.0.1;port=3306;dbname=carver;charset=utf8
[2021-05-29T21:57:33+08:00][sql] SHOW FULL COLUMNS FROM `carver_article` [ RunTime:0.000971s ]
[2021-05-29T21:57:33+08:00][sql] SELECT COUNT(*) AS think_count FROM `carver_article` WHERE  `article_guide` = 37  AND `delete_time` = 0  AND `is_show` = 1 [ RunTime:0.000528s ]
[2021-05-29T21:57:33+08:00][sql] SELECT * FROM `carver_article` WHERE  `article_guide` = 37  AND `delete_time` = 0  AND `is_show` = 1 ORDER BY `add_time` DESC LIMIT 0,6 [ RunTime:0.000413s ]
[2021-05-29T21:57:33+08:00][sql] SELECT article_id,article_title,click_num,FROM_UNIXTIME(add_time,'%Y-%m-%d') as add_time FROM `carver_article` WHERE  `is_show` = 1  AND `delete_time` = 0 ORDER BY `click_num` DESC LIMIT 3 [ RunTime:0.000504s ]
[2021-05-29T21:57:33+08:00][sql] SHOW FULL COLUMNS FROM `carver_notice` [ RunTime:0.000676s ]
[2021-05-29T21:57:33+08:00][sql] SELECT * FROM `carver_notice` ORDER BY `create_time` DESC LIMIT 3 [ RunTime:0.000370s ]
[2021-05-29T21:57:33+08:00][sql] SHOW FULL COLUMNS FROM `carver_navigation` [ RunTime:0.000728s ]
[2021-05-29T21:57:33+08:00][sql] SELECT * FROM `carver_navigation` [ RunTime:0.000299s ]
[2021-05-29T21:57:33+08:00][sql] SELECT `article_label` FROM `carver_article` [ RunTime:0.000275s ]
[2021-05-29T21:57:33+08:00][sql] SHOW FULL COLUMNS FROM `carver_carouse` [ RunTime:0.000618s ]
[2021-05-29T21:57:33+08:00][sql] SELECT `carouse_img`,`carouse_desc` FROM `carver_carouse` WHERE  `is_show` = 1 ORDER BY `carouse_sort` DESC LIMIT 3 [ RunTime:0.000323s ]
[2021-05-29T21:57:33+08:00][sql] SHOW FULL COLUMNS FROM `carver_link` [ RunTime:0.000622s ]
[2021-05-29T21:57:33+08:00][sql] SELECT * FROM `carver_link` WHERE  ( is_confirm=2 ) LIMIT 20 [ RunTime:0.000751s ]
[2021-05-29T21:57:33+08:00][sql] SHOW FULL COLUMNS FROM `carver_site` [ RunTime:0.000587s ]
[2021-05-29T21:57:33+08:00][sql] SELECT * FROM `carver_site` [ RunTime:0.000321s ]
[2021-05-29T22:13:38+08:00][sql] CONNECT:[ UseTime:0.000492s ] mysql:host=127.0.0.1;port=3306;dbname=carver;charset=utf8
[2021-05-29T22:13:38+08:00][sql] SHOW FULL COLUMNS FROM `carver_user` [ RunTime:0.000807s ]
[2021-05-29T22:13:38+08:00][sql] SHOW FULL COLUMNS FROM `carver_article` [ RunTime:0.000712s ]
[2021-05-29T22:13:38+08:00][sql] SELECT COUNT(*) AS think_count FROM `carver_article` WHERE  `delete_time` = 0  AND `is_show` = 1 [ RunTime:0.000386s ]
[2021-05-29T22:13:38+08:00][sql] SELECT `article_id`,`article_title`,`article_desc`,`article_content`,`article_img`,`article_guide`,`article_label`,`click_num`,`is_show`,`add_time`,`article_author`,`is_top_show` FROM `carver_article` WHERE  `delete_time` = 0  AND `is_show` = 1 ORDER BY `article_id` DESC LIMIT 0,6 [ RunTime:0.000635s ]
[2021-05-29T22:13:38+08:00][sql] SELECT article_id,article_title,click_num,FROM_UNIXTIME(add_time,'%Y-%m-%d') as add_time FROM `carver_article` WHERE  `is_show` = 1  AND `delete_time` = 0 ORDER BY `click_num` DESC LIMIT 3 [ RunTime:0.000439s ]
[2021-05-29T22:13:38+08:00][sql] SHOW FULL COLUMNS FROM `carver_notice` [ RunTime:0.000605s ]
[2021-05-29T22:13:38+08:00][sql] SELECT * FROM `carver_notice` ORDER BY `create_time` DESC LIMIT 3 [ RunTime:0.000281s ]
[2021-05-29T22:13:38+08:00][sql] SHOW FULL COLUMNS FROM `carver_navigation` [ RunTime:0.000534s ]
[2021-05-29T22:13:38+08:00][sql] SELECT * FROM `carver_navigation` [ RunTime:0.000239s ]
[2021-05-29T22:13:38+08:00][sql] SHOW FULL COLUMNS FROM `carver_link` [ RunTime:0.000553s ]
[2021-05-29T22:13:38+08:00][sql] SELECT * FROM `carver_link` WHERE  ( is_confirm=2 ) LIMIT 20 [ RunTime:0.000310s ]
[2021-05-29T22:13:38+08:00][sql] SELECT `article_label` FROM `carver_article` [ RunTime:0.000255s ]
[2021-05-29T22:13:38+08:00][sql] SHOW FULL COLUMNS FROM `carver_carouse` [ RunTime:0.000520s ]
[2021-05-29T22:13:38+08:00][sql] SELECT `carouse_img`,`carouse_desc` FROM `carver_carouse` WHERE  `is_show` = 1 ORDER BY `carouse_sort` DESC LIMIT 3 [ RunTime:0.000335s ]
[2021-05-29T22:13:38+08:00][sql] SHOW FULL COLUMNS FROM `carver_site` [ RunTime:0.000522s ]
[2021-05-29T22:13:38+08:00][sql] SELECT * FROM `carver_site` [ RunTime:0.000227s ]
[2021-05-29T22:52:02+08:00][sql] CONNECT:[ UseTime:0.000585s ] mysql:host=127.0.0.1;port=3306;dbname=carver;charset=utf8
[2021-05-29T22:52:02+08:00][sql] SHOW FULL COLUMNS FROM `carver_user` [ RunTime:0.000839s ]
[2021-05-29T22:52:02+08:00][sql] SHOW FULL COLUMNS FROM `carver_article` [ RunTime:0.000650s ]
[2021-05-29T22:52:02+08:00][sql] SELECT COUNT(*) AS think_count FROM `carver_article` WHERE  `delete_time` = 0  AND `is_show` = 1 [ RunTime:0.000365s ]
[2021-05-29T22:52:02+08:00][sql] SELECT `article_id`,`article_title`,`article_desc`,`article_content`,`article_img`,`article_guide`,`article_label`,`click_num`,`is_show`,`add_time`,`article_author`,`is_top_show` FROM `carver_article` WHERE  `delete_time` = 0  AND `is_show` = 1 ORDER BY `article_id` DESC LIMIT 0,6 [ RunTime:0.000613s ]
[2021-05-29T22:52:02+08:00][sql] SELECT article_id,article_title,click_num,FROM_UNIXTIME(add_time,'%Y-%m-%d') as add_time FROM `carver_article` WHERE  `is_show` = 1  AND `delete_time` = 0 ORDER BY `click_num` DESC LIMIT 3 [ RunTime:0.000408s ]
[2021-05-29T22:52:02+08:00][sql] SHOW FULL COLUMNS FROM `carver_notice` [ RunTime:0.000498s ]
[2021-05-29T22:52:02+08:00][sql] SELECT * FROM `carver_notice` ORDER BY `create_time` DESC LIMIT 3 [ RunTime:0.000258s ]
[2021-05-29T22:52:02+08:00][sql] SHOW FULL COLUMNS FROM `carver_navigation` [ RunTime:0.000533s ]
[2021-05-29T22:52:02+08:00][sql] SELECT * FROM `carver_navigation` [ RunTime:0.000250s ]
[2021-05-29T22:52:02+08:00][sql] SHOW FULL COLUMNS FROM `carver_link` [ RunTime:0.000874s ]
[2021-05-29T22:52:02+08:00][sql] SELECT * FROM `carver_link` WHERE  ( is_confirm=2 ) LIMIT 20 [ RunTime:0.000292s ]
[2021-05-29T22:52:02+08:00][sql] SELECT `article_label` FROM `carver_article` [ RunTime:0.000288s ]
[2021-05-29T22:52:02+08:00][sql] SHOW FULL COLUMNS FROM `carver_carouse` [ RunTime:0.000464s ]
[2021-05-29T22:52:02+08:00][sql] SELECT `carouse_img`,`carouse_desc` FROM `carver_carouse` WHERE  `is_show` = 1 ORDER BY `carouse_sort` DESC LIMIT 3 [ RunTime:0.000297s ]
[2021-05-29T22:52:02+08:00][sql] SHOW FULL COLUMNS FROM `carver_site` [ RunTime:0.000467s ]
[2021-05-29T22:52:02+08:00][sql] SELECT * FROM `carver_site` [ RunTime:0.000238s ]
