[2021-05-30T00:27:03+08:00][sql] CONNECT:[ UseTime:0.000511s ] mysql:host=127.0.0.1;port=3306;dbname=carver;charset=utf8
[2021-05-30T00:27:03+08:00][sql] SHOW FULL COLUMNS FROM `carver_user` [ RunTime:0.000817s ]
[2021-05-30T00:27:03+08:00][sql] SHOW FULL COLUMNS FROM `carver_article` [ RunTime:0.000676s ]
[2021-05-30T00:27:03+08:00][sql] SELECT COUNT(*) AS think_count FROM `carver_article` WHERE  `delete_time` = 0  AND `is_show` = 1 [ RunTime:0.000348s ]
[2021-05-30T00:27:03+08:00][sql] SELECT `article_id`,`article_title`,`article_desc`,`article_content`,`article_img`,`article_guide`,`article_label`,`click_num`,`is_show`,`add_time`,`article_author`,`is_top_show` FROM `carver_article` WHERE  `delete_time` = 0  AND `is_show` = 1 ORDER BY `article_id` DESC LIMIT 0,6 [ RunTime:0.000639s ]
[2021-05-30T00:27:03+08:00][sql] SELECT article_id,article_title,click_num,FROM_UNIXTIME(add_time,'%Y-%m-%d') as add_time FROM `carver_article` WHERE  `is_show` = 1  AND `delete_time` = 0 ORDER BY `click_num` DESC LIMIT 3 [ RunTime:0.000419s ]
[2021-05-30T00:27:03+08:00][sql] SHOW FULL COLUMNS FROM `carver_notice` [ RunTime:0.000510s ]
[2021-05-30T00:27:03+08:00][sql] SELECT * FROM `carver_notice` ORDER BY `create_time` DESC LIMIT 3 [ RunTime:0.000273s ]
[2021-05-30T00:27:03+08:00][sql] SHOW FULL COLUMNS FROM `carver_navigation` [ RunTime:0.000500s ]
[2021-05-30T00:27:03+08:00][sql] SELECT * FROM `carver_navigation` [ RunTime:0.000233s ]
[2021-05-30T00:27:03+08:00][sql] SHOW FULL COLUMNS FROM `carver_link` [ RunTime:0.000536s ]
[2021-05-30T00:27:03+08:00][sql] SELECT * FROM `carver_link` WHERE  ( is_confirm=2 ) LIMIT 20 [ RunTime:0.000288s ]
[2021-05-30T00:27:03+08:00][sql] SELECT `article_label` FROM `carver_article` [ RunTime:0.000264s ]
[2021-05-30T00:27:03+08:00][sql] SHOW FULL COLUMNS FROM `carver_carouse` [ RunTime:0.000457s ]
[2021-05-30T00:27:03+08:00][sql] SELECT `carouse_img`,`carouse_desc` FROM `carver_carouse` WHERE  `is_show` = 1 ORDER BY `carouse_sort` DESC LIMIT 3 [ RunTime:0.000289s ]
[2021-05-30T00:27:03+08:00][sql] SHOW FULL COLUMNS FROM `carver_site` [ RunTime:0.000461s ]
[2021-05-30T00:27:03+08:00][sql] SELECT * FROM `carver_site` [ RunTime:0.000228s ]
[2021-05-30T00:45:36+08:00][sql] CONNECT:[ UseTime:0.000476s ] mysql:host=127.0.0.1;port=3306;dbname=carver;charset=utf8
[2021-05-30T00:45:36+08:00][sql] SHOW FULL COLUMNS FROM `carver_article` [ RunTime:0.000856s ]
[2021-05-30T00:45:36+08:00][sql] SELECT `article_id`,`article_title`,`article_desc`,`article_content`,`article_img`,`article_guide`,`article_label`,`click_num`,`is_show`,`add_time`,`article_author` FROM `carver_article` WHERE  `article_id` = 17'A=0 LIMIT 1 [ RunTime:0.000534s ]
[2021-05-30T00:45:36+08:00][sql] SELECT `article_id`,`article_title`,`article_desc`,`article_content`,`article_img`,`article_guide`,`article_label`,`click_num`,`is_show`,`add_time`,`article_author` FROM `carver_article` WHERE  `article_id` > 17'A=0 LIMIT 1 [ RunTime:0.000398s ]
[2021-05-30T00:45:36+08:00][sql] SELECT `article_id`,`article_title`,`article_desc`,`article_content`,`article_img`,`article_guide`,`article_label`,`click_num`,`is_show`,`add_time`,`article_author` FROM `carver_article` WHERE  `article_id` < 17'A=0 ORDER BY `article_id` DESC LIMIT 1 [ RunTime:0.000369s ]
[2021-05-30T00:45:36+08:00][sql] SHOW FULL COLUMNS FROM `carver_link` [ RunTime:0.000536s ]
[2021-05-30T00:45:36+08:00][sql] SELECT * FROM `carver_link` WHERE  ( is_confirm=2 ) LIMIT 20 [ RunTime:0.000293s ]
[2021-05-30T00:45:36+08:00][sql] SELECT article_id,article_title,click_num,FROM_UNIXTIME(add_time,'%Y-%m-%d') as add_time FROM `carver_article` ORDER BY `click_num` DESC LIMIT 3 [ RunTime:0.000325s ]
[2021-05-30T00:45:36+08:00][sql] SHOW FULL COLUMNS FROM `carver_comment` [ RunTime:0.000523s ]
[2021-05-30T00:45:36+08:00][sql] SELECT `a`.*,`b`.`user_name` FROM `carver_comment` `a` INNER JOIN `carver_user` `b` ON `a`.`user_id`=`b`.`user_id` WHERE  `article_id` = 17'A=0 ORDER BY `create_time` DESC [ RunTime:0.000337s ]
[2021-05-30T00:45:36+08:00][sql] SHOW FULL COLUMNS FROM `carver_comment_to_others` [ RunTime:0.000527s ]
[2021-05-30T00:45:36+08:00][sql] SELECT * FROM `carver_comment_to_others` [ RunTime:0.000241s ]
[2021-05-30T00:45:36+08:00][sql] SHOW FULL COLUMNS FROM `carver_user` [ RunTime:0.000461s ]
[2021-05-30T00:45:36+08:00][sql] SELECT `user_name` FROM `carver_user` WHERE  `user_id` = 4 LIMIT 1 [ RunTime:0.000251s ]
[2021-05-30T00:45:36+08:00][sql] SELECT `user_name` FROM `carver_user` WHERE  `user_id` = 4 LIMIT 1 [ RunTime:0.000246s ]
[2021-05-30T00:45:36+08:00][sql] SELECT `user_name` FROM `carver_user` WHERE  `user_id` = 5 LIMIT 1 [ RunTime:0.000210s ]
[2021-05-30T00:45:36+08:00][sql] SELECT `user_name` FROM `carver_user` WHERE  `user_id` = 5 LIMIT 1 [ RunTime:0.000222s ]
[2021-05-30T00:45:36+08:00][sql] SELECT `user_name` FROM `carver_user` WHERE  `user_id` = 37 LIMIT 1 [ RunTime:0.000214s ]
[2021-05-30T00:45:36+08:00][sql] SELECT `user_name`,`user_id` FROM `carver_user` [ RunTime:0.000239s ]
[2021-05-30T00:45:36+08:00][sql] SHOW FULL COLUMNS FROM `carver_navigation` [ RunTime:0.000487s ]
[2021-05-30T00:45:36+08:00][sql] SELECT * FROM `carver_navigation` [ RunTime:0.000246s ]
[2021-05-30T00:45:36+08:00][sql] SELECT `article_label` FROM `carver_article` [ RunTime:0.000238s ]
[2021-05-30T01:23:02+08:00][sql] CONNECT:[ UseTime:0.000531s ] mysql:host=127.0.0.1;port=3306;dbname=carver;charset=utf8
[2021-05-30T01:23:02+08:00][sql] SHOW FULL COLUMNS FROM `carver_user` [ RunTime:0.000827s ]
[2021-05-30T01:23:02+08:00][sql] SHOW FULL COLUMNS FROM `carver_article` [ RunTime:0.000777s ]
[2021-05-30T01:23:02+08:00][sql] SELECT COUNT(*) AS think_count FROM `carver_article` WHERE  `delete_time` = 0  AND `is_show` = 1 [ RunTime:0.000511s ]
[2021-05-30T01:23:02+08:00][sql] SELECT `article_id`,`article_title`,`article_desc`,`article_content`,`article_img`,`article_guide`,`article_label`,`click_num`,`is_show`,`add_time`,`article_author`,`is_top_show` FROM `carver_article` WHERE  `delete_time` = 0  AND `is_show` = 1 ORDER BY `article_id` DESC LIMIT 0,6 [ RunTime:0.000738s ]
[2021-05-30T01:23:02+08:00][sql] SELECT article_id,article_title,click_num,FROM_UNIXTIME(add_time,'%Y-%m-%d') as add_time FROM `carver_article` WHERE  `is_show` = 1  AND `delete_time` = 0 ORDER BY `click_num` DESC LIMIT 3 [ RunTime:0.000611s ]
[2021-05-30T01:23:02+08:00][sql] SHOW FULL COLUMNS FROM `carver_notice` [ RunTime:0.000578s ]
[2021-05-30T01:23:02+08:00][sql] SELECT * FROM `carver_notice` ORDER BY `create_time` DESC LIMIT 3 [ RunTime:0.000282s ]
[2021-05-30T01:23:02+08:00][sql] SHOW FULL COLUMNS FROM `carver_navigation` [ RunTime:0.000557s ]
[2021-05-30T01:23:02+08:00][sql] SELECT * FROM `carver_navigation` [ RunTime:0.000260s ]
[2021-05-30T01:23:02+08:00][sql] SHOW FULL COLUMNS FROM `carver_link` [ RunTime:0.000516s ]
[2021-05-30T01:23:02+08:00][sql] SELECT * FROM `carver_link` WHERE  ( is_confirm=2 ) LIMIT 20 [ RunTime:0.000306s ]
[2021-05-30T01:23:02+08:00][sql] SELECT `article_label` FROM `carver_article` [ RunTime:0.000257s ]
[2021-05-30T01:23:02+08:00][sql] SHOW FULL COLUMNS FROM `carver_carouse` [ RunTime:0.000507s ]
[2021-05-30T01:23:02+08:00][sql] SELECT `carouse_img`,`carouse_desc` FROM `carver_carouse` WHERE  `is_show` = 1 ORDER BY `carouse_sort` DESC LIMIT 3 [ RunTime:0.000302s ]
[2021-05-30T01:23:02+08:00][sql] SHOW FULL COLUMNS FROM `carver_site` [ RunTime:0.000535s ]
[2021-05-30T01:23:02+08:00][sql] SELECT * FROM `carver_site` [ RunTime:0.000264s ]
[2021-05-30T01:47:25+08:00][sql] CONNECT:[ UseTime:0.000540s ] mysql:host=127.0.0.1;port=3306;dbname=carver;charset=utf8
[2021-05-30T01:47:25+08:00][sql] SHOW FULL COLUMNS FROM `carver_article` [ RunTime:0.000955s ]
[2021-05-30T01:47:25+08:00][sql] SELECT `article_id`,`article_title`,`article_desc`,`article_content`,`article_img`,`article_guide`,`article_label`,`click_num`,`is_show`,`add_time`,`article_author` FROM `carver_article` WHERE  `article_id` = 25 LIMIT 1 [ RunTime:0.000459s ]
[2021-05-30T01:47:25+08:00][sql] SELECT `article_id`,`article_title`,`article_desc`,`article_content`,`article_img`,`article_guide`,`article_label`,`click_num`,`is_show`,`add_time`,`article_author` FROM `carver_article` WHERE  `article_id` > 25 LIMIT 1 [ RunTime:0.000465s ]
[2021-05-30T01:47:25+08:00][sql] SELECT `article_id`,`article_title`,`article_desc`,`article_content`,`article_img`,`article_guide`,`article_label`,`click_num`,`is_show`,`add_time`,`article_author` FROM `carver_article` WHERE  `article_id` < 25 ORDER BY `article_id` DESC LIMIT 1 [ RunTime:0.000402s ]
[2021-05-30T01:47:25+08:00][sql] SHOW FULL COLUMNS FROM `carver_link` [ RunTime:0.000569s ]
[2021-05-30T01:47:25+08:00][sql] SELECT * FROM `carver_link` WHERE  ( is_confirm=2 ) LIMIT 20 [ RunTime:0.000362s ]
[2021-05-30T01:47:25+08:00][sql] SELECT article_id,article_title,click_num,FROM_UNIXTIME(add_time,'%Y-%m-%d') as add_time FROM `carver_article` ORDER BY `click_num` DESC LIMIT 3 [ RunTime:0.000340s ]
[2021-05-30T01:47:25+08:00][sql] SHOW FULL COLUMNS FROM `carver_comment` [ RunTime:0.000527s ]
[2021-05-30T01:47:25+08:00][sql] SELECT `a`.*,`b`.`user_name` FROM `carver_comment` `a` INNER JOIN `carver_user` `b` ON `a`.`user_id`=`b`.`user_id` WHERE  `article_id` = 25 ORDER BY `create_time` DESC [ RunTime:0.000342s ]
[2021-05-30T01:47:25+08:00][sql] SHOW FULL COLUMNS FROM `carver_comment_to_others` [ RunTime:0.000508s ]
[2021-05-30T01:47:25+08:00][sql] SELECT * FROM `carver_comment_to_others` [ RunTime:0.000241s ]
[2021-05-30T01:47:25+08:00][sql] SHOW FULL COLUMNS FROM `carver_user` [ RunTime:0.000474s ]
[2021-05-30T01:47:25+08:00][sql] SELECT `user_name` FROM `carver_user` WHERE  `user_id` = 4 LIMIT 1 [ RunTime:0.000254s ]
[2021-05-30T01:47:25+08:00][sql] SELECT `user_name` FROM `carver_user` WHERE  `user_id` = 4 LIMIT 1 [ RunTime:0.000210s ]
[2021-05-30T01:47:25+08:00][sql] SELECT `user_name` FROM `carver_user` WHERE  `user_id` = 5 LIMIT 1 [ RunTime:0.000214s ]
[2021-05-30T01:47:25+08:00][sql] SELECT `user_name` FROM `carver_user` WHERE  `user_id` = 5 LIMIT 1 [ RunTime:0.000217s ]
[2021-05-30T01:47:25+08:00][sql] SELECT `user_name` FROM `carver_user` WHERE  `user_id` = 37 LIMIT 1 [ RunTime:0.000212s ]
[2021-05-30T01:47:25+08:00][sql] SELECT `user_name`,`user_id` FROM `carver_user` [ RunTime:0.000239s ]
[2021-05-30T01:47:25+08:00][sql] SHOW FULL COLUMNS FROM `carver_navigation` [ RunTime:0.000473s ]
[2021-05-30T01:47:25+08:00][sql] SELECT * FROM `carver_navigation` [ RunTime:0.000259s ]
[2021-05-30T01:47:25+08:00][sql] SELECT `article_label` FROM `carver_article` [ RunTime:0.000269s ]
[2021-05-30T02:23:48+08:00][sql] CONNECT:[ UseTime:0.000579s ] mysql:host=127.0.0.1;port=3306;dbname=carver;charset=utf8
[2021-05-30T02:23:48+08:00][sql] SHOW FULL COLUMNS FROM `carver_user` [ RunTime:0.000796s ]
[2021-05-30T02:23:48+08:00][sql] SHOW FULL COLUMNS FROM `carver_article` [ RunTime:0.000724s ]
[2021-05-30T02:23:48+08:00][sql] SELECT COUNT(*) AS think_count FROM `carver_article` WHERE  `delete_time` = 0  AND `is_show` = 1 [ RunTime:0.000364s ]
[2021-05-30T02:23:48+08:00][sql] SELECT `article_id`,`article_title`,`article_desc`,`article_content`,`article_img`,`article_guide`,`article_label`,`click_num`,`is_show`,`add_time`,`article_author`,`is_top_show` FROM `carver_article` WHERE  `delete_time` = 0  AND `is_show` = 1 ORDER BY `article_id` DESC LIMIT 0,6 [ RunTime:0.000639s ]
[2021-05-30T02:23:48+08:00][sql] SELECT article_id,article_title,click_num,FROM_UNIXTIME(add_time,'%Y-%m-%d') as add_time FROM `carver_article` WHERE  `is_show` = 1  AND `delete_time` = 0 ORDER BY `click_num` DESC LIMIT 3 [ RunTime:0.000520s ]
[2021-05-30T02:23:48+08:00][sql] SHOW FULL COLUMNS FROM `carver_notice` [ RunTime:0.000591s ]
[2021-05-30T02:23:48+08:00][sql] SELECT * FROM `carver_notice` ORDER BY `create_time` DESC LIMIT 3 [ RunTime:0.000298s ]
[2021-05-30T02:23:48+08:00][sql] SHOW FULL COLUMNS FROM `carver_navigation` [ RunTime:0.000527s ]
[2021-05-30T02:23:48+08:00][sql] SELECT * FROM `carver_navigation` [ RunTime:0.000262s ]
[2021-05-30T02:23:48+08:00][sql] SHOW FULL COLUMNS FROM `carver_link` [ RunTime:0.000510s ]
[2021-05-30T02:23:48+08:00][sql] SELECT * FROM `carver_link` WHERE  ( is_confirm=2 ) LIMIT 20 [ RunTime:0.000320s ]
[2021-05-30T02:23:48+08:00][sql] SELECT `article_label` FROM `carver_article` [ RunTime:0.000305s ]
[2021-05-30T02:23:48+08:00][sql] SHOW FULL COLUMNS FROM `carver_carouse` [ RunTime:0.000489s ]
[2021-05-30T02:23:48+08:00][sql] SELECT `carouse_img`,`carouse_desc` FROM `carver_carouse` WHERE  `is_show` = 1 ORDER BY `carouse_sort` DESC LIMIT 3 [ RunTime:0.000314s ]
[2021-05-30T02:23:48+08:00][sql] SHOW FULL COLUMNS FROM `carver_site` [ RunTime:0.000459s ]
[2021-05-30T02:23:48+08:00][sql] SELECT * FROM `carver_site` [ RunTime:0.000230s ]
[2021-05-30T02:25:05+08:00][sql] CONNECT:[ UseTime:0.000581s ] mysql:host=127.0.0.1;port=3306;dbname=carver;charset=utf8
[2021-05-30T02:25:05+08:00][sql] SHOW FULL COLUMNS FROM `carver_user` [ RunTime:0.000942s ]
[2021-05-30T02:25:05+08:00][sql] SHOW FULL COLUMNS FROM `carver_article` [ RunTime:0.001081s ]
[2021-05-30T02:25:05+08:00][sql] SELECT COUNT(*) AS think_count FROM `carver_article` WHERE  `delete_time` = 0  AND `is_show` = 1 [ RunTime:0.000367s ]
[2021-05-30T02:25:05+08:00][sql] SELECT `article_id`,`article_title`,`article_desc`,`article_content`,`article_img`,`article_guide`,`article_label`,`click_num`,`is_show`,`add_time`,`article_author`,`is_top_show` FROM `carver_article` WHERE  `delete_time` = 0  AND `is_show` = 1 ORDER BY `article_id` DESC LIMIT 0,6 [ RunTime:0.000623s ]
[2021-05-30T02:25:05+08:00][sql] SELECT article_id,article_title,click_num,FROM_UNIXTIME(add_time,'%Y-%m-%d') as add_time FROM `carver_article` WHERE  `is_show` = 1  AND `delete_time` = 0 ORDER BY `click_num` DESC LIMIT 3 [ RunTime:0.000400s ]
[2021-05-30T02:25:05+08:00][sql] SHOW FULL COLUMNS FROM `carver_notice` [ RunTime:0.000501s ]
[2021-05-30T02:25:05+08:00][sql] SELECT * FROM `carver_notice` ORDER BY `create_time` DESC LIMIT 3 [ RunTime:0.000280s ]
[2021-05-30T02:25:05+08:00][sql] SHOW FULL COLUMNS FROM `carver_navigation` [ RunTime:0.000502s ]
[2021-05-30T02:25:05+08:00][sql] SELECT * FROM `carver_navigation` [ RunTime:0.000236s ]
[2021-05-30T02:25:05+08:00][sql] SHOW FULL COLUMNS FROM `carver_link` [ RunTime:0.000496s ]
[2021-05-30T02:25:05+08:00][sql] SELECT * FROM `carver_link` WHERE  ( is_confirm=2 ) LIMIT 20 [ RunTime:0.000278s ]
[2021-05-30T02:25:05+08:00][sql] SELECT `article_label` FROM `carver_article` [ RunTime:0.000287s ]
[2021-05-30T02:25:05+08:00][sql] SHOW FULL COLUMNS FROM `carver_carouse` [ RunTime:0.000466s ]
[2021-05-30T02:25:05+08:00][sql] SELECT `carouse_img`,`carouse_desc` FROM `carver_carouse` WHERE  `is_show` = 1 ORDER BY `carouse_sort` DESC LIMIT 3 [ RunTime:0.000293s ]
[2021-05-30T02:25:05+08:00][sql] SHOW FULL COLUMNS FROM `carver_site` [ RunTime:0.000467s ]
[2021-05-30T02:25:05+08:00][sql] SELECT * FROM `carver_site` [ RunTime:0.000220s ]
[2021-05-30T02:35:09+08:00][sql] CONNECT:[ UseTime:0.000677s ] mysql:host=127.0.0.1;port=3306;dbname=carver;charset=utf8
[2021-05-30T02:35:09+08:00][sql] SHOW FULL COLUMNS FROM `carver_user` [ RunTime:0.000837s ]
[2021-05-30T02:35:09+08:00][sql] SHOW FULL COLUMNS FROM `carver_article` [ RunTime:0.000713s ]
[2021-05-30T02:35:09+08:00][sql] SELECT COUNT(*) AS think_count FROM `carver_article` WHERE  `delete_time` = 0  AND `is_show` = 1 [ RunTime:0.000440s ]
[2021-05-30T02:35:09+08:00][sql] SELECT `article_id`,`article_title`,`article_desc`,`article_content`,`article_img`,`article_guide`,`article_label`,`click_num`,`is_show`,`add_time`,`article_author`,`is_top_show` FROM `carver_article` WHERE  `delete_time` = 0  AND `is_show` = 1 ORDER BY `article_id` DESC LIMIT 0,6 [ RunTime:0.000631s ]
[2021-05-30T02:35:09+08:00][sql] SELECT article_id,article_title,click_num,FROM_UNIXTIME(add_time,'%Y-%m-%d') as add_time FROM `carver_article` WHERE  `is_show` = 1  AND `delete_time` = 0 ORDER BY `click_num` DESC LIMIT 3 [ RunTime:0.000843s ]
[2021-05-30T02:35:09+08:00][sql] SHOW FULL COLUMNS FROM `carver_notice` [ RunTime:0.000519s ]
[2021-05-30T02:35:09+08:00][sql] SELECT * FROM `carver_notice` ORDER BY `create_time` DESC LIMIT 3 [ RunTime:0.000327s ]
[2021-05-30T02:35:09+08:00][sql] SHOW FULL COLUMNS FROM `carver_navigation` [ RunTime:0.000499s ]
[2021-05-30T02:35:09+08:00][sql] SELECT * FROM `carver_navigation` [ RunTime:0.000242s ]
[2021-05-30T02:35:09+08:00][sql] SHOW FULL COLUMNS FROM `carver_link` [ RunTime:0.000581s ]
[2021-05-30T02:35:09+08:00][sql] SELECT * FROM `carver_link` WHERE  ( is_confirm=2 ) LIMIT 20 [ RunTime:0.000282s ]
[2021-05-30T02:35:09+08:00][sql] SELECT `article_label` FROM `carver_article` [ RunTime:0.000271s ]
[2021-05-30T02:35:09+08:00][sql] SHOW FULL COLUMNS FROM `carver_carouse` [ RunTime:0.000481s ]
[2021-05-30T02:35:09+08:00][sql] SELECT `carouse_img`,`carouse_desc` FROM `carver_carouse` WHERE  `is_show` = 1 ORDER BY `carouse_sort` DESC LIMIT 3 [ RunTime:0.000277s ]
[2021-05-30T02:35:09+08:00][sql] SHOW FULL COLUMNS FROM `carver_site` [ RunTime:0.000485s ]
[2021-05-30T02:35:09+08:00][sql] SELECT * FROM `carver_site` [ RunTime:0.000223s ]
[2021-05-30T03:05:04+08:00][sql] CONNECT:[ UseTime:0.000468s ] mysql:host=127.0.0.1;port=3306;dbname=carver;charset=utf8
[2021-05-30T03:05:04+08:00][sql] SHOW FULL COLUMNS FROM `carver_article` [ RunTime:0.000857s ]
[2021-05-30T03:05:04+08:00][sql] SELECT COUNT(*) AS think_count FROM `carver_article` WHERE  `article_label` LIKE '%javascript%'  AND `delete_time` = 0  AND `is_show` = 1 [ RunTime:0.000406s ]
[2021-05-30T03:05:04+08:00][sql] SELECT * FROM `carver_article` WHERE  `article_label` LIKE '%javascript%'  AND `delete_time` = 0  AND `is_show` = 1 LIMIT 0,6 [ RunTime:0.000777s ]
[2021-05-30T03:05:04+08:00][sql] SELECT article_id,article_title,click_num,FROM_UNIXTIME(add_time,'%Y-%m-%d') as add_time FROM `carver_article` WHERE  `is_show` = 1  AND `delete_time` = 0 ORDER BY `click_num` DESC LIMIT 3 [ RunTime:0.000460s ]
[2021-05-30T03:05:04+08:00][sql] SHOW FULL COLUMNS FROM `carver_notice` [ RunTime:0.000583s ]
[2021-05-30T03:05:04+08:00][sql] SELECT * FROM `carver_notice` ORDER BY `create_time` DESC LIMIT 3 [ RunTime:0.000263s ]
[2021-05-30T03:05:04+08:00][sql] SHOW FULL COLUMNS FROM `carver_navigation` [ RunTime:0.000547s ]
[2021-05-30T03:05:04+08:00][sql] SELECT * FROM `carver_navigation` [ RunTime:0.000249s ]
[2021-05-30T03:05:04+08:00][sql] SHOW FULL COLUMNS FROM `carver_link` [ RunTime:0.000485s ]
[2021-05-30T03:05:04+08:00][sql] SELECT * FROM `carver_link` WHERE  ( is_confirm=2 ) LIMIT 20 [ RunTime:0.000291s ]
[2021-05-30T03:05:04+08:00][sql] SELECT `article_label` FROM `carver_article` [ RunTime:0.000274s ]
[2021-05-30T03:05:04+08:00][sql] SHOW FULL COLUMNS FROM `carver_carouse` [ RunTime:0.000495s ]
[2021-05-30T03:05:04+08:00][sql] SELECT `carouse_img`,`carouse_desc` FROM `carver_carouse` WHERE  `is_show` = 1 ORDER BY `carouse_sort` DESC LIMIT 3 [ RunTime:0.000293s ]
[2021-05-30T03:05:04+08:00][sql] SHOW FULL COLUMNS FROM `carver_site` [ RunTime:0.000492s ]
[2021-05-30T03:05:04+08:00][sql] SELECT * FROM `carver_site` [ RunTime:0.000239s ]
[2021-05-30T03:16:30+08:00][sql] CONNECT:[ UseTime:0.000553s ] mysql:host=127.0.0.1;port=3306;dbname=carver;charset=utf8
[2021-05-30T03:16:30+08:00][sql] SHOW FULL COLUMNS FROM `carver_user` [ RunTime:0.000876s ]
[2021-05-30T03:16:30+08:00][sql] SHOW FULL COLUMNS FROM `carver_article` [ RunTime:0.000805s ]
[2021-05-30T03:16:30+08:00][sql] SELECT COUNT(*) AS think_count FROM `carver_article` WHERE  `delete_time` = 0  AND `is_show` = 1 [ RunTime:0.000445s ]
[2021-05-30T03:16:30+08:00][sql] SELECT `article_id`,`article_title`,`article_desc`,`article_content`,`article_img`,`article_guide`,`article_label`,`click_num`,`is_show`,`add_time`,`article_author`,`is_top_show` FROM `carver_article` WHERE  `delete_time` = 0  AND `is_show` = 1 ORDER BY `article_id` DESC LIMIT 0,6 [ RunTime:0.000627s ]
[2021-05-30T03:16:30+08:00][sql] SELECT article_id,article_title,click_num,FROM_UNIXTIME(add_time,'%Y-%m-%d') as add_time FROM `carver_article` WHERE  `is_show` = 1  AND `delete_time` = 0 ORDER BY `click_num` DESC LIMIT 3 [ RunTime:0.000472s ]
[2021-05-30T03:16:30+08:00][sql] SHOW FULL COLUMNS FROM `carver_notice` [ RunTime:0.000565s ]
[2021-05-30T03:16:30+08:00][sql] SELECT * FROM `carver_notice` ORDER BY `create_time` DESC LIMIT 3 [ RunTime:0.000272s ]
[2021-05-30T03:16:30+08:00][sql] SHOW FULL COLUMNS FROM `carver_navigation` [ RunTime:0.000522s ]
[2021-05-30T03:16:30+08:00][sql] SELECT * FROM `carver_navigation` [ RunTime:0.000232s ]
[2021-05-30T03:16:30+08:00][sql] SHOW FULL COLUMNS FROM `carver_link` [ RunTime:0.000471s ]
[2021-05-30T03:16:30+08:00][sql] SELECT * FROM `carver_link` WHERE  ( is_confirm=2 ) LIMIT 20 [ RunTime:0.000292s ]
[2021-05-30T03:16:30+08:00][sql] SELECT `article_label` FROM `carver_article` [ RunTime:0.000295s ]
[2021-05-30T03:16:30+08:00][sql] SHOW FULL COLUMNS FROM `carver_carouse` [ RunTime:0.000459s ]
[2021-05-30T03:16:30+08:00][sql] SELECT `carouse_img`,`carouse_desc` FROM `carver_carouse` WHERE  `is_show` = 1 ORDER BY `carouse_sort` DESC LIMIT 3 [ RunTime:0.000305s ]
[2021-05-30T03:16:30+08:00][sql] SHOW FULL COLUMNS FROM `carver_site` [ RunTime:0.000444s ]
[2021-05-30T03:16:30+08:00][sql] SELECT * FROM `carver_site` [ RunTime:0.000243s ]
[2021-05-30T04:39:21+08:00][sql] CONNECT:[ UseTime:0.000572s ] mysql:host=127.0.0.1;port=3306;dbname=carver;charset=utf8
[2021-05-30T04:39:21+08:00][sql] SHOW FULL COLUMNS FROM `carver_article` [ RunTime:0.000893s ]
[2021-05-30T04:39:21+08:00][sql] SELECT COUNT(*) AS think_count FROM `carver_article` WHERE  `article_guide` = 5  AND `delete_time` = 0  AND `is_show` = 1 [ RunTime:0.000400s ]
[2021-05-30T04:39:21+08:00][sql] SELECT * FROM `carver_article` WHERE  `article_guide` = 5  AND `delete_time` = 0  AND `is_show` = 1 ORDER BY `add_time` DESC LIMIT 0,6 [ RunTime:0.002639s ]
[2021-05-30T04:39:21+08:00][sql] SELECT article_id,article_title,click_num,FROM_UNIXTIME(add_time,'%Y-%m-%d') as add_time FROM `carver_article` WHERE  `is_show` = 1  AND `delete_time` = 0 ORDER BY `click_num` DESC LIMIT 3 [ RunTime:0.000413s ]
[2021-05-30T04:39:21+08:00][sql] SHOW FULL COLUMNS FROM `carver_notice` [ RunTime:0.000600s ]
[2021-05-30T04:39:21+08:00][sql] SELECT * FROM `carver_notice` ORDER BY `create_time` DESC LIMIT 3 [ RunTime:0.000260s ]
[2021-05-30T04:39:21+08:00][sql] SHOW FULL COLUMNS FROM `carver_navigation` [ RunTime:0.000498s ]
[2021-05-30T04:39:21+08:00][sql] SELECT * FROM `carver_navigation` [ RunTime:0.000248s ]
[2021-05-30T04:39:21+08:00][sql] SELECT `article_label` FROM `carver_article` [ RunTime:0.000237s ]
[2021-05-30T04:39:21+08:00][sql] SHOW FULL COLUMNS FROM `carver_carouse` [ RunTime:0.000513s ]
[2021-05-30T04:39:21+08:00][sql] SELECT `carouse_img`,`carouse_desc` FROM `carver_carouse` WHERE  `is_show` = 1 ORDER BY `carouse_sort` DESC LIMIT 3 [ RunTime:0.000269s ]
[2021-05-30T04:39:21+08:00][sql] SHOW FULL COLUMNS FROM `carver_link` [ RunTime:0.000559s ]
[2021-05-30T04:39:21+08:00][sql] SELECT * FROM `carver_link` WHERE  ( is_confirm=2 ) LIMIT 20 [ RunTime:0.000282s ]
[2021-05-30T04:39:21+08:00][sql] SHOW FULL COLUMNS FROM `carver_site` [ RunTime:0.000884s ]
[2021-05-30T04:39:21+08:00][sql] SELECT * FROM `carver_site` [ RunTime:0.000231s ]
[2021-05-30T05:04:53+08:00][sql] CONNECT:[ UseTime:0.000510s ] mysql:host=127.0.0.1;port=3306;dbname=carver;charset=utf8
[2021-05-30T05:04:53+08:00][sql] SHOW FULL COLUMNS FROM `carver_user` [ RunTime:0.000848s ]
[2021-05-30T05:04:53+08:00][sql] SHOW FULL COLUMNS FROM `carver_article` [ RunTime:0.000713s ]
[2021-05-30T05:04:53+08:00][sql] SELECT COUNT(*) AS think_count FROM `carver_article` WHERE  `delete_time` = 0  AND `is_show` = 1 [ RunTime:0.000434s ]
[2021-05-30T05:04:53+08:00][sql] SELECT `article_id`,`article_title`,`article_desc`,`article_content`,`article_img`,`article_guide`,`article_label`,`click_num`,`is_show`,`add_time`,`article_author`,`is_top_show` FROM `carver_article` WHERE  `delete_time` = 0  AND `is_show` = 1 ORDER BY `article_id` DESC LIMIT 0,6 [ RunTime:0.000649s ]
[2021-05-30T05:04:53+08:00][sql] SELECT article_id,article_title,click_num,FROM_UNIXTIME(add_time,'%Y-%m-%d') as add_time FROM `carver_article` WHERE  `is_show` = 1  AND `delete_time` = 0 ORDER BY `click_num` DESC LIMIT 3 [ RunTime:0.000510s ]
[2021-05-30T05:04:53+08:00][sql] SHOW FULL COLUMNS FROM `carver_notice` [ RunTime:0.000611s ]
[2021-05-30T05:04:53+08:00][sql] SELECT * FROM `carver_notice` ORDER BY `create_time` DESC LIMIT 3 [ RunTime:0.000302s ]
[2021-05-30T05:04:53+08:00][sql] SHOW FULL COLUMNS FROM `carver_navigation` [ RunTime:0.000513s ]
[2021-05-30T05:04:53+08:00][sql] SELECT * FROM `carver_navigation` [ RunTime:0.000278s ]
[2021-05-30T05:04:53+08:00][sql] SHOW FULL COLUMNS FROM `carver_link` [ RunTime:0.000547s ]
[2021-05-30T05:04:53+08:00][sql] SELECT * FROM `carver_link` WHERE  ( is_confirm=2 ) LIMIT 20 [ RunTime:0.000284s ]
[2021-05-30T05:04:53+08:00][sql] SELECT `article_label` FROM `carver_article` [ RunTime:0.000262s ]
[2021-05-30T05:04:53+08:00][sql] SHOW FULL COLUMNS FROM `carver_carouse` [ RunTime:0.000529s ]
[2021-05-30T05:04:53+08:00][sql] SELECT `carouse_img`,`carouse_desc` FROM `carver_carouse` WHERE  `is_show` = 1 ORDER BY `carouse_sort` DESC LIMIT 3 [ RunTime:0.000339s ]
[2021-05-30T05:04:53+08:00][sql] SHOW FULL COLUMNS FROM `carver_site` [ RunTime:0.000493s ]
[2021-05-30T05:04:53+08:00][sql] SELECT * FROM `carver_site` [ RunTime:0.000239s ]
[2021-05-30T05:35:39+08:00][sql] CONNECT:[ UseTime:0.000601s ] mysql:host=127.0.0.1;port=3306;dbname=carver;charset=utf8
[2021-05-30T05:35:39+08:00][sql] SHOW FULL COLUMNS FROM `carver_article` [ RunTime:0.001360s ]
[2021-05-30T05:35:39+08:00][sql] SELECT COUNT(*) AS think_count FROM `carver_article` WHERE  `article_label` LIKE '%swoole%'  AND `delete_time` = 0  AND `is_show` = 1 [ RunTime:0.000443s ]
[2021-05-30T05:35:39+08:00][sql] SELECT * FROM `carver_article` WHERE  `article_label` LIKE '%swoole%'  AND `delete_time` = 0  AND `is_show` = 1 LIMIT 0,6 [ RunTime:0.001230s ]
[2021-05-30T05:35:39+08:00][sql] SELECT article_id,article_title,click_num,FROM_UNIXTIME(add_time,'%Y-%m-%d') as add_time FROM `carver_article` WHERE  `is_show` = 1  AND `delete_time` = 0 ORDER BY `click_num` DESC LIMIT 3 [ RunTime:0.000492s ]
[2021-05-30T05:35:39+08:00][sql] SHOW FULL COLUMNS FROM `carver_notice` [ RunTime:0.000710s ]
[2021-05-30T05:35:39+08:00][sql] SELECT * FROM `carver_notice` ORDER BY `create_time` DESC LIMIT 3 [ RunTime:0.000308s ]
[2021-05-30T05:35:39+08:00][sql] SHOW FULL COLUMNS FROM `carver_navigation` [ RunTime:0.000506s ]
[2021-05-30T05:35:39+08:00][sql] SELECT * FROM `carver_navigation` [ RunTime:0.000285s ]
[2021-05-30T05:35:39+08:00][sql] SHOW FULL COLUMNS FROM `carver_link` [ RunTime:0.000553s ]
[2021-05-30T05:35:39+08:00][sql] SELECT * FROM `carver_link` WHERE  ( is_confirm=2 ) LIMIT 20 [ RunTime:0.000281s ]
[2021-05-30T05:35:39+08:00][sql] SELECT `article_label` FROM `carver_article` [ RunTime:0.000263s ]
[2021-05-30T05:35:39+08:00][sql] SHOW FULL COLUMNS FROM `carver_carouse` [ RunTime:0.000596s ]
[2021-05-30T05:35:39+08:00][sql] SELECT `carouse_img`,`carouse_desc` FROM `carver_carouse` WHERE  `is_show` = 1 ORDER BY `carouse_sort` DESC LIMIT 3 [ RunTime:0.000292s ]
[2021-05-30T05:35:39+08:00][sql] SHOW FULL COLUMNS FROM `carver_site` [ RunTime:0.000508s ]
[2021-05-30T05:35:39+08:00][sql] SELECT * FROM `carver_site` [ RunTime:0.000242s ]
[2021-05-30T05:45:39+08:00][sql] CONNECT:[ UseTime:0.000684s ] mysql:host=127.0.0.1;port=3306;dbname=carver;charset=utf8
[2021-05-30T05:45:39+08:00][sql] SHOW FULL COLUMNS FROM `carver_user` [ RunTime:0.000757s ]
[2021-05-30T05:45:39+08:00][sql] SHOW FULL COLUMNS FROM `carver_article` [ RunTime:0.000655s ]
[2021-05-30T05:45:39+08:00][sql] SELECT COUNT(*) AS think_count FROM `carver_article` WHERE  `delete_time` = 0  AND `is_show` = 1 [ RunTime:0.000375s ]
[2021-05-30T05:45:39+08:00][sql] SELECT `article_id`,`article_title`,`article_desc`,`article_content`,`article_img`,`article_guide`,`article_label`,`click_num`,`is_show`,`add_time`,`article_author`,`is_top_show` FROM `carver_article` WHERE  `delete_time` = 0  AND `is_show` = 1 ORDER BY `article_id` DESC LIMIT 0,6 [ RunTime:0.000732s ]
[2021-05-30T05:45:39+08:00][sql] SELECT article_id,article_title,click_num,FROM_UNIXTIME(add_time,'%Y-%m-%d') as add_time FROM `carver_article` WHERE  `is_show` = 1  AND `delete_time` = 0 ORDER BY `click_num` DESC LIMIT 3 [ RunTime:0.000538s ]
[2021-05-30T05:45:39+08:00][sql] SHOW FULL COLUMNS FROM `carver_notice` [ RunTime:0.000504s ]
[2021-05-30T05:45:39+08:00][sql] SELECT * FROM `carver_notice` ORDER BY `create_time` DESC LIMIT 3 [ RunTime:0.000265s ]
[2021-05-30T05:45:39+08:00][sql] SHOW FULL COLUMNS FROM `carver_navigation` [ RunTime:0.000476s ]
[2021-05-30T05:45:39+08:00][sql] SELECT * FROM `carver_navigation` [ RunTime:0.000230s ]
[2021-05-30T05:45:39+08:00][sql] SHOW FULL COLUMNS FROM `carver_link` [ RunTime:0.000487s ]
[2021-05-30T05:45:39+08:00][sql] SELECT * FROM `carver_link` WHERE  ( is_confirm=2 ) LIMIT 20 [ RunTime:0.000287s ]
[2021-05-30T05:45:39+08:00][sql] SELECT `article_label` FROM `carver_article` [ RunTime:0.000267s ]
[2021-05-30T05:45:39+08:00][sql] SHOW FULL COLUMNS FROM `carver_carouse` [ RunTime:0.000500s ]
[2021-05-30T05:45:39+08:00][sql] SELECT `carouse_img`,`carouse_desc` FROM `carver_carouse` WHERE  `is_show` = 1 ORDER BY `carouse_sort` DESC LIMIT 3 [ RunTime:0.000262s ]
[2021-05-30T05:45:39+08:00][sql] SHOW FULL COLUMNS FROM `carver_site` [ RunTime:0.000470s ]
[2021-05-30T05:45:39+08:00][sql] SELECT * FROM `carver_site` [ RunTime:0.000233s ]
[2021-05-30T06:57:56+08:00][sql] CONNECT:[ UseTime:0.000588s ] mysql:host=127.0.0.1;port=3306;dbname=carver;charset=utf8
[2021-05-30T06:57:56+08:00][sql] SHOW FULL COLUMNS FROM `carver_user` [ RunTime:0.000831s ]
[2021-05-30T06:57:56+08:00][sql] SHOW FULL COLUMNS FROM `carver_article` [ RunTime:0.000682s ]
[2021-05-30T06:57:56+08:00][sql] SELECT COUNT(*) AS think_count FROM `carver_article` WHERE  `delete_time` = 0  AND `is_show` = 1 [ RunTime:0.000378s ]
[2021-05-30T06:57:56+08:00][sql] SELECT `article_id`,`article_title`,`article_desc`,`article_content`,`article_img`,`article_guide`,`article_label`,`click_num`,`is_show`,`add_time`,`article_author`,`is_top_show` FROM `carver_article` WHERE  `delete_time` = 0  AND `is_show` = 1 ORDER BY `article_id` DESC LIMIT 0,6 [ RunTime:0.000737s ]
[2021-05-30T06:57:56+08:00][sql] SELECT article_id,article_title,click_num,FROM_UNIXTIME(add_time,'%Y-%m-%d') as add_time FROM `carver_article` WHERE  `is_show` = 1  AND `delete_time` = 0 ORDER BY `click_num` DESC LIMIT 3 [ RunTime:0.000628s ]
[2021-05-30T06:57:56+08:00][sql] SHOW FULL COLUMNS FROM `carver_notice` [ RunTime:0.000572s ]
[2021-05-30T06:57:56+08:00][sql] SELECT * FROM `carver_notice` ORDER BY `create_time` DESC LIMIT 3 [ RunTime:0.000280s ]
[2021-05-30T06:57:56+08:00][sql] SHOW FULL COLUMNS FROM `carver_navigation` [ RunTime:0.000504s ]
[2021-05-30T06:57:56+08:00][sql] SELECT * FROM `carver_navigation` [ RunTime:0.000234s ]
[2021-05-30T06:57:56+08:00][sql] SHOW FULL COLUMNS FROM `carver_link` [ RunTime:0.000477s ]
[2021-05-30T06:57:56+08:00][sql] SELECT * FROM `carver_link` WHERE  ( is_confirm=2 ) LIMIT 20 [ RunTime:0.000294s ]
[2021-05-30T06:57:56+08:00][sql] SELECT `article_label` FROM `carver_article` [ RunTime:0.000279s ]
[2021-05-30T06:57:56+08:00][sql] SHOW FULL COLUMNS FROM `carver_carouse` [ RunTime:0.000497s ]
[2021-05-30T06:57:56+08:00][sql] SELECT `carouse_img`,`carouse_desc` FROM `carver_carouse` WHERE  `is_show` = 1 ORDER BY `carouse_sort` DESC LIMIT 3 [ RunTime:0.000293s ]
[2021-05-30T06:57:56+08:00][sql] SHOW FULL COLUMNS FROM `carver_site` [ RunTime:0.000475s ]
[2021-05-30T06:57:56+08:00][sql] SELECT * FROM `carver_site` [ RunTime:0.000219s ]
[2021-05-30T10:05:49+08:00][sql] CONNECT:[ UseTime:0.000525s ] mysql:host=127.0.0.1;port=3306;dbname=carver;charset=utf8
[2021-05-30T10:05:49+08:00][sql] SHOW FULL COLUMNS FROM `carver_article` [ RunTime:0.000841s ]
[2021-05-30T10:05:49+08:00][sql] SELECT `article_id`,`article_title`,`article_desc`,`article_content`,`article_img`,`article_guide`,`article_label`,`click_num`,`is_show`,`add_time`,`article_author` FROM `carver_article` WHERE  `article_id` = 18' LIMIT 1 [ RunTime:0.000505s ]
[2021-05-30T10:05:49+08:00][sql] SELECT `article_id`,`article_title`,`article_desc`,`article_content`,`article_img`,`article_guide`,`article_label`,`click_num`,`is_show`,`add_time`,`article_author` FROM `carver_article` WHERE  `article_id` > 18' LIMIT 1 [ RunTime:0.003076s ]
[2021-05-30T10:05:49+08:00][sql] SELECT `article_id`,`article_title`,`article_desc`,`article_content`,`article_img`,`article_guide`,`article_label`,`click_num`,`is_show`,`add_time`,`article_author` FROM `carver_article` WHERE  `article_id` < 18' ORDER BY `article_id` DESC LIMIT 1 [ RunTime:0.000483s ]
[2021-05-30T10:05:49+08:00][sql] SHOW FULL COLUMNS FROM `carver_link` [ RunTime:0.000694s ]
[2021-05-30T10:05:49+08:00][sql] SELECT * FROM `carver_link` WHERE  ( is_confirm=2 ) LIMIT 20 [ RunTime:0.000825s ]
[2021-05-30T10:05:49+08:00][sql] SELECT article_id,article_title,click_num,FROM_UNIXTIME(add_time,'%Y-%m-%d') as add_time FROM `carver_article` ORDER BY `click_num` DESC LIMIT 3 [ RunTime:0.000345s ]
[2021-05-30T10:05:49+08:00][sql] SHOW FULL COLUMNS FROM `carver_comment` [ RunTime:0.000585s ]
[2021-05-30T10:05:49+08:00][sql] SELECT `a`.*,`b`.`user_name` FROM `carver_comment` `a` INNER JOIN `carver_user` `b` ON `a`.`user_id`=`b`.`user_id` WHERE  `article_id` = 18' ORDER BY `create_time` DESC [ RunTime:0.000351s ]
[2021-05-30T10:05:49+08:00][sql] SHOW FULL COLUMNS FROM `carver_comment_to_others` [ RunTime:0.000517s ]
[2021-05-30T10:05:49+08:00][sql] SELECT * FROM `carver_comment_to_others` [ RunTime:0.000229s ]
[2021-05-30T10:05:49+08:00][sql] SHOW FULL COLUMNS FROM `carver_user` [ RunTime:0.000460s ]
[2021-05-30T10:05:49+08:00][sql] SELECT `user_name` FROM `carver_user` WHERE  `user_id` = 4 LIMIT 1 [ RunTime:0.000226s ]
[2021-05-30T10:05:49+08:00][sql] SELECT `user_name` FROM `carver_user` WHERE  `user_id` = 4 LIMIT 1 [ RunTime:0.000226s ]
[2021-05-30T10:05:49+08:00][sql] SELECT `user_name` FROM `carver_user` WHERE  `user_id` = 5 LIMIT 1 [ RunTime:0.000223s ]
[2021-05-30T10:05:49+08:00][sql] SELECT `user_name` FROM `carver_user` WHERE  `user_id` = 5 LIMIT 1 [ RunTime:0.000203s ]
[2021-05-30T10:05:49+08:00][sql] SELECT `user_name` FROM `carver_user` WHERE  `user_id` = 37 LIMIT 1 [ RunTime:0.000223s ]
[2021-05-30T10:05:49+08:00][sql] SELECT `user_name`,`user_id` FROM `carver_user` [ RunTime:0.000228s ]
[2021-05-30T10:05:49+08:00][sql] SHOW FULL COLUMNS FROM `carver_navigation` [ RunTime:0.000520s ]
[2021-05-30T10:05:49+08:00][sql] SELECT * FROM `carver_navigation` [ RunTime:0.000242s ]
[2021-05-30T10:05:49+08:00][sql] SELECT `article_label` FROM `carver_article` [ RunTime:0.000241s ]
[2021-05-30T11:57:15+08:00][sql] CONNECT:[ UseTime:0.000551s ] mysql:host=127.0.0.1;port=3306;dbname=carver;charset=utf8
[2021-05-30T11:57:15+08:00][sql] SHOW FULL COLUMNS FROM `carver_user` [ RunTime:0.000908s ]
[2021-05-30T17:35:35+08:00][sql] CONNECT:[ UseTime:0.000504s ] mysql:host=127.0.0.1;port=3306;dbname=carver;charset=utf8
[2021-05-30T17:35:35+08:00][sql] SHOW FULL COLUMNS FROM `carver_user` [ RunTime:0.000817s ]
[2021-05-30T17:35:35+08:00][sql] SHOW FULL COLUMNS FROM `carver_article` [ RunTime:0.000663s ]
[2021-05-30T17:35:35+08:00][sql] SELECT COUNT(*) AS think_count FROM `carver_article` WHERE  `delete_time` = 0  AND `is_show` = 1 [ RunTime:0.000386s ]
[2021-05-30T17:35:35+08:00][sql] SELECT `article_id`,`article_title`,`article_desc`,`article_content`,`article_img`,`article_guide`,`article_label`,`click_num`,`is_show`,`add_time`,`article_author`,`is_top_show` FROM `carver_article` WHERE  `delete_time` = 0  AND `is_show` = 1 ORDER BY `article_id` DESC LIMIT 0,6 [ RunTime:0.000648s ]
[2021-05-30T17:35:35+08:00][sql] SELECT article_id,article_title,click_num,FROM_UNIXTIME(add_time,'%Y-%m-%d') as add_time FROM `carver_article` WHERE  `is_show` = 1  AND `delete_time` = 0 ORDER BY `click_num` DESC LIMIT 3 [ RunTime:0.000413s ]
[2021-05-30T17:35:35+08:00][sql] SHOW FULL COLUMNS FROM `carver_notice` [ RunTime:0.000490s ]
[2021-05-30T17:35:35+08:00][sql] SELECT * FROM `carver_notice` ORDER BY `create_time` DESC LIMIT 3 [ RunTime:0.000269s ]
[2021-05-30T17:35:35+08:00][sql] SHOW FULL COLUMNS FROM `carver_navigation` [ RunTime:0.000503s ]
[2021-05-30T17:35:35+08:00][sql] SELECT * FROM `carver_navigation` [ RunTime:0.000247s ]
[2021-05-30T17:35:35+08:00][sql] SHOW FULL COLUMNS FROM `carver_link` [ RunTime:0.000523s ]
[2021-05-30T17:35:35+08:00][sql] SELECT * FROM `carver_link` WHERE  ( is_confirm=2 ) LIMIT 20 [ RunTime:0.000277s ]
[2021-05-30T17:35:35+08:00][sql] SELECT `article_label` FROM `carver_article` [ RunTime:0.000257s ]
[2021-05-30T17:35:35+08:00][sql] SHOW FULL COLUMNS FROM `carver_carouse` [ RunTime:0.000461s ]
[2021-05-30T17:35:35+08:00][sql] SELECT `carouse_img`,`carouse_desc` FROM `carver_carouse` WHERE  `is_show` = 1 ORDER BY `carouse_sort` DESC LIMIT 3 [ RunTime:0.000271s ]
[2021-05-30T17:35:35+08:00][sql] SHOW FULL COLUMNS FROM `carver_site` [ RunTime:0.000483s ]
[2021-05-30T17:35:35+08:00][sql] SELECT * FROM `carver_site` [ RunTime:0.000229s ]
[2021-05-30T18:35:38+08:00][sql] CONNECT:[ UseTime:0.000515s ] mysql:host=127.0.0.1;port=3306;dbname=carver;charset=utf8
[2021-05-30T18:35:38+08:00][sql] SHOW FULL COLUMNS FROM `carver_article` [ RunTime:0.000906s ]
[2021-05-30T18:35:38+08:00][sql] SELECT `article_id`,`article_title`,`article_desc`,`article_content`,`article_img`,`article_guide`,`article_label`,`click_num`,`is_show`,`add_time`,`article_author` FROM `carver_article` WHERE  `article_id` = 18'A=0 LIMIT 1 [ RunTime:0.000482s ]
[2021-05-30T18:35:38+08:00][sql] SELECT `article_id`,`article_title`,`article_desc`,`article_content`,`article_img`,`article_guide`,`article_label`,`click_num`,`is_show`,`add_time`,`article_author` FROM `carver_article` WHERE  `article_id` > 18'A=0 LIMIT 1 [ RunTime:0.002052s ]
[2021-05-30T18:35:38+08:00][sql] SELECT `article_id`,`article_title`,`article_desc`,`article_content`,`article_img`,`article_guide`,`article_label`,`click_num`,`is_show`,`add_time`,`article_author` FROM `carver_article` WHERE  `article_id` < 18'A=0 ORDER BY `article_id` DESC LIMIT 1 [ RunTime:0.000486s ]
[2021-05-30T18:35:38+08:00][sql] SHOW FULL COLUMNS FROM `carver_link` [ RunTime:0.000541s ]
[2021-05-30T18:35:38+08:00][sql] SELECT * FROM `carver_link` WHERE  ( is_confirm=2 ) LIMIT 20 [ RunTime:0.000300s ]
[2021-05-30T18:35:38+08:00][sql] SELECT article_id,article_title,click_num,FROM_UNIXTIME(add_time,'%Y-%m-%d') as add_time FROM `carver_article` ORDER BY `click_num` DESC LIMIT 3 [ RunTime:0.000330s ]
[2021-05-30T18:35:38+08:00][sql] SHOW FULL COLUMNS FROM `carver_comment` [ RunTime:0.000534s ]
[2021-05-30T18:35:38+08:00][sql] SELECT `a`.*,`b`.`user_name` FROM `carver_comment` `a` INNER JOIN `carver_user` `b` ON `a`.`user_id`=`b`.`user_id` WHERE  `article_id` = 18'A=0 ORDER BY `create_time` DESC [ RunTime:0.000351s ]
[2021-05-30T18:35:38+08:00][sql] SHOW FULL COLUMNS FROM `carver_comment_to_others` [ RunTime:0.000560s ]
[2021-05-30T18:35:38+08:00][sql] SELECT * FROM `carver_comment_to_others` [ RunTime:0.000248s ]
[2021-05-30T18:35:38+08:00][sql] SHOW FULL COLUMNS FROM `carver_user` [ RunTime:0.000453s ]
[2021-05-30T18:35:38+08:00][sql] SELECT `user_name` FROM `carver_user` WHERE  `user_id` = 4 LIMIT 1 [ RunTime:0.000239s ]
[2021-05-30T18:35:38+08:00][sql] SELECT `user_name` FROM `carver_user` WHERE  `user_id` = 4 LIMIT 1 [ RunTime:0.000209s ]
[2021-05-30T18:35:38+08:00][sql] SELECT `user_name` FROM `carver_user` WHERE  `user_id` = 5 LIMIT 1 [ RunTime:0.000208s ]
[2021-05-30T18:35:38+08:00][sql] SELECT `user_name` FROM `carver_user` WHERE  `user_id` = 5 LIMIT 1 [ RunTime:0.000217s ]
[2021-05-30T18:35:38+08:00][sql] SELECT `user_name` FROM `carver_user` WHERE  `user_id` = 37 LIMIT 1 [ RunTime:0.000216s ]
[2021-05-30T18:35:38+08:00][sql] SELECT `user_name`,`user_id` FROM `carver_user` [ RunTime:0.000244s ]
[2021-05-30T18:35:38+08:00][sql] SHOW FULL COLUMNS FROM `carver_navigation` [ RunTime:0.000496s ]
[2021-05-30T18:35:38+08:00][sql] SELECT * FROM `carver_navigation` [ RunTime:0.000234s ]
[2021-05-30T18:35:38+08:00][sql] SELECT `article_label` FROM `carver_article` [ RunTime:0.000272s ]
[2021-05-30T18:43:05+08:00][sql] CONNECT:[ UseTime:0.000596s ] mysql:host=127.0.0.1;port=3306;dbname=carver;charset=utf8
[2021-05-30T18:43:05+08:00][sql] SHOW FULL COLUMNS FROM `carver_user` [ RunTime:0.000808s ]
[2021-05-30T18:43:05+08:00][sql] SHOW FULL COLUMNS FROM `carver_article` [ RunTime:0.000728s ]
[2021-05-30T18:43:05+08:00][sql] SELECT COUNT(*) AS think_count FROM `carver_article` WHERE  `delete_time` = 0  AND `is_show` = 1 [ RunTime:0.000388s ]
[2021-05-30T18:43:05+08:00][sql] SELECT `article_id`,`article_title`,`article_desc`,`article_content`,`article_img`,`article_guide`,`article_label`,`click_num`,`is_show`,`add_time`,`article_author`,`is_top_show` FROM `carver_article` WHERE  `delete_time` = 0  AND `is_show` = 1 ORDER BY `article_id` DESC LIMIT 0,6 [ RunTime:0.000792s ]
[2021-05-30T18:43:05+08:00][sql] SELECT article_id,article_title,click_num,FROM_UNIXTIME(add_time,'%Y-%m-%d') as add_time FROM `carver_article` WHERE  `is_show` = 1  AND `delete_time` = 0 ORDER BY `click_num` DESC LIMIT 3 [ RunTime:0.000482s ]
[2021-05-30T18:43:05+08:00][sql] SHOW FULL COLUMNS FROM `carver_notice` [ RunTime:0.000555s ]
[2021-05-30T18:43:05+08:00][sql] SELECT * FROM `carver_notice` ORDER BY `create_time` DESC LIMIT 3 [ RunTime:0.000299s ]
[2021-05-30T18:43:05+08:00][sql] SHOW FULL COLUMNS FROM `carver_navigation` [ RunTime:0.000532s ]
[2021-05-30T18:43:05+08:00][sql] SELECT * FROM `carver_navigation` [ RunTime:0.000267s ]
[2021-05-30T18:43:05+08:00][sql] SHOW FULL COLUMNS FROM `carver_link` [ RunTime:0.000507s ]
[2021-05-30T18:43:05+08:00][sql] SELECT * FROM `carver_link` WHERE  ( is_confirm=2 ) LIMIT 20 [ RunTime:0.000287s ]
[2021-05-30T18:43:05+08:00][sql] SELECT `article_label` FROM `carver_article` [ RunTime:0.000309s ]
[2021-05-30T18:43:05+08:00][sql] SHOW FULL COLUMNS FROM `carver_carouse` [ RunTime:0.000469s ]
[2021-05-30T18:43:05+08:00][sql] SELECT `carouse_img`,`carouse_desc` FROM `carver_carouse` WHERE  `is_show` = 1 ORDER BY `carouse_sort` DESC LIMIT 3 [ RunTime:0.000306s ]
[2021-05-30T18:43:05+08:00][sql] SHOW FULL COLUMNS FROM `carver_site` [ RunTime:0.000473s ]
[2021-05-30T18:43:05+08:00][sql] SELECT * FROM `carver_site` [ RunTime:0.000233s ]
[2021-05-30T19:39:53+08:00][sql] CONNECT:[ UseTime:0.001144s ] mysql:host=127.0.0.1;port=3306;dbname=carver;charset=utf8
[2021-05-30T19:39:53+08:00][sql] SHOW FULL COLUMNS FROM `carver_user` [ RunTime:0.000891s ]
[2021-05-30T19:39:53+08:00][sql] SHOW FULL COLUMNS FROM `carver_article` [ RunTime:0.000884s ]
[2021-05-30T19:39:53+08:00][sql] SELECT COUNT(*) AS think_count FROM `carver_article` WHERE  `delete_time` = 0  AND `is_show` = 1 [ RunTime:0.000486s ]
[2021-05-30T19:39:53+08:00][sql] SELECT `article_id`,`article_title`,`article_desc`,`article_content`,`article_img`,`article_guide`,`article_label`,`click_num`,`is_show`,`add_time`,`article_author`,`is_top_show` FROM `carver_article` WHERE  `delete_time` = 0  AND `is_show` = 1 ORDER BY `article_id` DESC LIMIT 0,6 [ RunTime:0.000828s ]
[2021-05-30T19:39:53+08:00][sql] SELECT article_id,article_title,click_num,FROM_UNIXTIME(add_time,'%Y-%m-%d') as add_time FROM `carver_article` WHERE  `is_show` = 1  AND `delete_time` = 0 ORDER BY `click_num` DESC LIMIT 3 [ RunTime:0.000587s ]
[2021-05-30T19:39:53+08:00][sql] SHOW FULL COLUMNS FROM `carver_notice` [ RunTime:0.000654s ]
[2021-05-30T19:39:53+08:00][sql] SELECT * FROM `carver_notice` ORDER BY `create_time` DESC LIMIT 3 [ RunTime:0.000367s ]
[2021-05-30T19:39:53+08:00][sql] SHOW FULL COLUMNS FROM `carver_navigation` [ RunTime:0.000521s ]
[2021-05-30T19:39:53+08:00][sql] SELECT * FROM `carver_navigation` [ RunTime:0.010817s ]
[2021-05-30T19:39:53+08:00][sql] SHOW FULL COLUMNS FROM `carver_link` [ RunTime:0.000732s ]
[2021-05-30T19:39:53+08:00][sql] SELECT * FROM `carver_link` WHERE  ( is_confirm=2 ) LIMIT 20 [ RunTime:0.000354s ]
[2021-05-30T19:39:53+08:00][sql] SELECT `article_label` FROM `carver_article` [ RunTime:0.000301s ]
[2021-05-30T19:39:53+08:00][sql] SHOW FULL COLUMNS FROM `carver_carouse` [ RunTime:0.000594s ]
[2021-05-30T19:39:53+08:00][sql] SELECT `carouse_img`,`carouse_desc` FROM `carver_carouse` WHERE  `is_show` = 1 ORDER BY `carouse_sort` DESC LIMIT 3 [ RunTime:0.000333s ]
[2021-05-30T19:39:53+08:00][sql] SHOW FULL COLUMNS FROM `carver_site` [ RunTime:0.000543s ]
[2021-05-30T19:39:53+08:00][sql] SELECT * FROM `carver_site` [ RunTime:0.000257s ]
[2021-05-30T20:45:03+08:00][sql] CONNECT:[ UseTime:0.000776s ] mysql:host=127.0.0.1;port=3306;dbname=carver;charset=utf8
[2021-05-30T20:45:03+08:00][sql] SHOW FULL COLUMNS FROM `carver_user` [ RunTime:0.000828s ]
[2021-05-30T20:45:03+08:00][sql] SHOW FULL COLUMNS FROM `carver_article` [ RunTime:0.000704s ]
[2021-05-30T20:45:03+08:00][sql] SELECT COUNT(*) AS think_count FROM `carver_article` WHERE  `delete_time` = 0  AND `is_show` = 1 [ RunTime:0.000473s ]
[2021-05-30T20:45:03+08:00][sql] SELECT `article_id`,`article_title`,`article_desc`,`article_content`,`article_img`,`article_guide`,`article_label`,`click_num`,`is_show`,`add_time`,`article_author`,`is_top_show` FROM `carver_article` WHERE  `delete_time` = 0  AND `is_show` = 1 ORDER BY `article_id` DESC LIMIT 0,6 [ RunTime:0.001066s ]
[2021-05-30T20:45:03+08:00][sql] SELECT article_id,article_title,click_num,FROM_UNIXTIME(add_time,'%Y-%m-%d') as add_time FROM `carver_article` WHERE  `is_show` = 1  AND `delete_time` = 0 ORDER BY `click_num` DESC LIMIT 3 [ RunTime:0.001062s ]
[2021-05-30T20:45:03+08:00][sql] SHOW FULL COLUMNS FROM `carver_notice` [ RunTime:0.000824s ]
[2021-05-30T20:45:03+08:00][sql] SELECT * FROM `carver_notice` ORDER BY `create_time` DESC LIMIT 3 [ RunTime:0.000525s ]
[2021-05-30T20:45:03+08:00][sql] SHOW FULL COLUMNS FROM `carver_navigation` [ RunTime:0.000699s ]
[2021-05-30T20:45:03+08:00][sql] SELECT * FROM `carver_navigation` [ RunTime:0.000399s ]
[2021-05-30T20:45:03+08:00][sql] SHOW FULL COLUMNS FROM `carver_link` [ RunTime:0.000627s ]
[2021-05-30T20:45:03+08:00][sql] SELECT * FROM `carver_link` WHERE  ( is_confirm=2 ) LIMIT 20 [ RunTime:0.000323s ]
[2021-05-30T20:45:03+08:00][sql] SELECT `article_label` FROM `carver_article` [ RunTime:0.000331s ]
[2021-05-30T20:45:03+08:00][sql] SHOW FULL COLUMNS FROM `carver_carouse` [ RunTime:0.000496s ]
[2021-05-30T20:45:03+08:00][sql] SELECT `carouse_img`,`carouse_desc` FROM `carver_carouse` WHERE  `is_show` = 1 ORDER BY `carouse_sort` DESC LIMIT 3 [ RunTime:0.000361s ]
[2021-05-30T20:45:03+08:00][sql] SHOW FULL COLUMNS FROM `carver_site` [ RunTime:0.000599s ]
[2021-05-30T20:45:03+08:00][sql] SELECT * FROM `carver_site` [ RunTime:0.000254s ]
[2021-05-30T21:06:29+08:00][sql] CONNECT:[ UseTime:0.002052s ] mysql:host=127.0.0.1;port=3306;dbname=carver;charset=utf8
[2021-05-30T21:06:29+08:00][sql] SHOW FULL COLUMNS FROM `carver_article` [ RunTime:0.001059s ]
[2021-05-30T21:06:29+08:00][sql] SELECT `article_id`,`article_title`,`article_desc`,`article_content`,`article_img`,`article_guide`,`article_label`,`click_num`,`is_show`,`add_time`,`article_author` FROM `carver_article` WHERE  `article_id` = 12 LIMIT 1 [ RunTime:0.000427s ]
[2021-05-30T21:06:29+08:00][sql] SELECT `article_id`,`article_title`,`article_desc`,`article_content`,`article_img`,`article_guide`,`article_label`,`click_num`,`is_show`,`add_time`,`article_author` FROM `carver_article` WHERE  `article_id` > 12 LIMIT 1 [ RunTime:0.000402s ]
[2021-05-30T21:06:29+08:00][sql] SELECT `article_id`,`article_title`,`article_desc`,`article_content`,`article_img`,`article_guide`,`article_label`,`click_num`,`is_show`,`add_time`,`article_author` FROM `carver_article` WHERE  `article_id` < 12 ORDER BY `article_id` DESC LIMIT 1 [ RunTime:0.000327s ]
[2021-05-30T21:06:29+08:00][sql] SHOW FULL COLUMNS FROM `carver_link` [ RunTime:0.000535s ]
[2021-05-30T21:06:29+08:00][sql] SELECT * FROM `carver_link` WHERE  ( is_confirm=2 ) LIMIT 20 [ RunTime:0.000305s ]
[2021-05-30T21:06:29+08:00][sql] SELECT article_id,article_title,click_num,FROM_UNIXTIME(add_time,'%Y-%m-%d') as add_time FROM `carver_article` ORDER BY `click_num` DESC LIMIT 3 [ RunTime:0.004661s ]
[2021-05-30T21:06:29+08:00][sql] SHOW FULL COLUMNS FROM `carver_comment` [ RunTime:0.000758s ]
[2021-05-30T21:06:29+08:00][sql] SELECT `a`.*,`b`.`user_name` FROM `carver_comment` `a` INNER JOIN `carver_user` `b` ON `a`.`user_id`=`b`.`user_id` WHERE  `article_id` = 12 ORDER BY `create_time` DESC [ RunTime:0.000456s ]
[2021-05-30T21:06:29+08:00][sql] SHOW FULL COLUMNS FROM `carver_comment_to_others` [ RunTime:0.000537s ]
[2021-05-30T21:06:29+08:00][sql] SELECT * FROM `carver_comment_to_others` [ RunTime:0.000262s ]
[2021-05-30T21:06:29+08:00][sql] SHOW FULL COLUMNS FROM `carver_user` [ RunTime:0.000436s ]
[2021-05-30T21:06:29+08:00][sql] SELECT `user_name` FROM `carver_user` WHERE  `user_id` = 4 LIMIT 1 [ RunTime:0.000278s ]
[2021-05-30T21:06:29+08:00][sql] SELECT `user_name` FROM `carver_user` WHERE  `user_id` = 4 LIMIT 1 [ RunTime:0.000214s ]
[2021-05-30T21:06:29+08:00][sql] SELECT `user_name` FROM `carver_user` WHERE  `user_id` = 5 LIMIT 1 [ RunTime:0.000242s ]
[2021-05-30T21:06:29+08:00][sql] SELECT `user_name` FROM `carver_user` WHERE  `user_id` = 5 LIMIT 1 [ RunTime:0.000217s ]
[2021-05-30T21:06:29+08:00][sql] SELECT `user_name` FROM `carver_user` WHERE  `user_id` = 37 LIMIT 1 [ RunTime:0.000217s ]
[2021-05-30T21:06:29+08:00][sql] SELECT `user_name`,`user_id` FROM `carver_user` [ RunTime:0.000238s ]
[2021-05-30T21:06:29+08:00][sql] SHOW FULL COLUMNS FROM `carver_navigation` [ RunTime:0.000530s ]
[2021-05-30T21:06:29+08:00][sql] SELECT * FROM `carver_navigation` [ RunTime:0.000231s ]
[2021-05-30T21:06:29+08:00][sql] SELECT `article_label` FROM `carver_article` [ RunTime:0.000266s ]
[2021-05-30T23:29:48+08:00][sql] CONNECT:[ UseTime:0.000507s ] mysql:host=127.0.0.1;port=3306;dbname=carver;charset=utf8
[2021-05-30T23:29:48+08:00][sql] SHOW FULL COLUMNS FROM `carver_user` [ RunTime:0.000783s ]
[2021-05-30T23:29:48+08:00][sql] SHOW FULL COLUMNS FROM `carver_article` [ RunTime:0.000691s ]
[2021-05-30T23:29:48+08:00][sql] SELECT COUNT(*) AS think_count FROM `carver_article` WHERE  `delete_time` = 0  AND `is_show` = 1 [ RunTime:0.000368s ]
[2021-05-30T23:29:48+08:00][sql] SELECT `article_id`,`article_title`,`article_desc`,`article_content`,`article_img`,`article_guide`,`article_label`,`click_num`,`is_show`,`add_time`,`article_author`,`is_top_show` FROM `carver_article` WHERE  `delete_time` = 0  AND `is_show` = 1 ORDER BY `article_id` DESC LIMIT 18,6 [ RunTime:0.001324s ]
[2021-05-30T23:29:48+08:00][sql] SELECT article_id,article_title,click_num,FROM_UNIXTIME(add_time,'%Y-%m-%d') as add_time FROM `carver_article` WHERE  `is_show` = 1  AND `delete_time` = 0 ORDER BY `click_num` DESC LIMIT 3 [ RunTime:0.000445s ]
[2021-05-30T23:29:48+08:00][sql] SHOW FULL COLUMNS FROM `carver_notice` [ RunTime:0.000498s ]
[2021-05-30T23:29:48+08:00][sql] SELECT * FROM `carver_notice` ORDER BY `create_time` DESC LIMIT 3 [ RunTime:0.000299s ]
[2021-05-30T23:29:48+08:00][sql] SHOW FULL COLUMNS FROM `carver_navigation` [ RunTime:0.000509s ]
[2021-05-30T23:29:48+08:00][sql] SELECT * FROM `carver_navigation` [ RunTime:0.000253s ]
[2021-05-30T23:29:48+08:00][sql] SHOW FULL COLUMNS FROM `carver_link` [ RunTime:0.000593s ]
[2021-05-30T23:29:48+08:00][sql] SELECT * FROM `carver_link` WHERE  ( is_confirm=2 ) LIMIT 20 [ RunTime:0.000319s ]
[2021-05-30T23:29:48+08:00][sql] SELECT `article_label` FROM `carver_article` [ RunTime:0.000280s ]
[2021-05-30T23:29:48+08:00][sql] SHOW FULL COLUMNS FROM `carver_carouse` [ RunTime:0.000478s ]
[2021-05-30T23:29:48+08:00][sql] SELECT `carouse_img`,`carouse_desc` FROM `carver_carouse` WHERE  `is_show` = 1 ORDER BY `carouse_sort` DESC LIMIT 3 [ RunTime:0.000298s ]
[2021-05-30T23:29:48+08:00][sql] SHOW FULL COLUMNS FROM `carver_site` [ RunTime:0.000475s ]
[2021-05-30T23:29:48+08:00][sql] SELECT * FROM `carver_site` [ RunTime:0.000240s ]
